1.655708253383636475e-02
1.655708253383636475e-02
1.502763107419013977e-02
1.473914738744497299e-02
1.499542687088251114e-02
1.471885852515697479e-02
1.389423664659261703e-02
1.353310234844684601e-02
1.317491382360458374e-02
1.262537669390439987e-02
1.202491577714681625e-02
1.119272969663143158e-02
1.020458247512578964e-02
9.196618571877479553e-03
8.308497257530689240e-03
7.402656599879264832e-03
6.717253010720014572e-03
6.013155914843082428e-03
5.493460223078727722e-03
5.044777877628803253e-03
