1.655710302293300629e-02
1.666269265115261078e-02
1.740184240043163300e-02
1.832789927721023560e-02
1.921898312866687775e-02
2.003758586943149567e-02
2.061402983963489532e-02
2.116972766816616058e-02
2.163707278668880463e-02
2.187493257224559784e-02
2.171259745955467224e-02
2.168318629264831543e-02
2.155957557260990143e-02
2.144313044846057892e-02
2.146626077592372894e-02
2.144064381718635559e-02
2.125776931643486023e-02
2.111587300896644592e-02
2.083395794034004211e-02
2.050729282200336456e-02
2.011396363377571106e-02
1.960243843495845795e-02
1.929136738181114197e-02
1.901441812515258789e-02
1.889507099986076355e-02
1.879423670470714569e-02
1.871985383331775665e-02
1.852633617818355560e-02
1.822019740939140320e-02
1.782133989036083221e-02
1.770793832838535309e-02
1.756946742534637451e-02
1.740288361907005310e-02
1.714065670967102051e-02
1.707497797906398773e-02
1.673291623592376709e-02
1.709590852260589600e-02
1.746526733040809631e-02
1.780430972576141357e-02
1.806730218231678009e-02
1.823359727859497070e-02
1.836691610515117645e-02
1.839662343263626099e-02
1.834384351968765259e-02
1.832075044512748718e-02
1.828025840222835541e-02
1.819085516035556793e-02
1.811919547617435455e-02
1.800054498016834259e-02
1.788105256855487823e-02
1.786150038242340088e-02
1.783596165478229523e-02
1.778123527765274048e-02
1.769416779279708862e-02
1.761516928672790527e-02
1.754884235560894012e-02
1.746115274727344513e-02
1.731703430414199829e-02
1.716559194028377533e-02
1.700240746140480042e-02
1.686544716358184814e-02
1.672118715941905975e-02
1.656828634440898895e-02
1.642697304487228394e-02
1.627067662775516510e-02
1.613066904246807098e-02
1.588350906968116760e-02
1.556075364351272583e-02
1.525887288153171539e-02
1.479497645050287247e-02
1.431300770491361618e-02
1.386596169322729111e-02
1.340091694146394730e-02
1.301418244838714600e-02
1.253862679004669189e-02
1.209778059273958206e-02
1.172661688178777695e-02
1.182310935109853745e-02
1.197358500212430954e-02
1.217533741146326065e-02
1.236815936863422394e-02
1.247974019497632980e-02
1.272164843976497650e-02
1.296579930931329727e-02
1.318359095603227615e-02
1.337726693600416183e-02
1.347379852086305618e-02
1.359406858682632446e-02
1.367151364684104919e-02
1.375344581902027130e-02
1.381483860313892365e-02
1.387601718306541443e-02
1.391084864735603333e-02
1.394092198461294174e-02
1.401931606233119965e-02
1.389181893318891525e-02
1.377727184444665909e-02
1.355589553713798523e-02
1.328610535711050034e-02
1.300578564405441284e-02
1.279470603913068771e-02
1.250459253787994385e-02
1.222184952348470688e-02
1.182274241000413895e-02
1.142639014869928360e-02
1.106140483170747757e-02
1.074333861470222473e-02
1.044637616723775864e-02
1.017150096595287323e-02
9.871111251413822174e-03
9.540783241391181946e-03
9.239052422344684601e-03
8.906624279916286469e-03
8.621556684374809265e-03
8.288765326142311096e-03
7.988322526216506958e-03
7.713573053479194641e-03
7.480774074792861938e-03
7.292330265045166016e-03
7.141921203583478928e-03
7.050897926092147827e-03
6.914393510669469833e-03
6.799688562750816345e-03
6.756697315722703934e-03
6.689276080578565598e-03
6.667647976428270340e-03
6.684709340333938599e-03
6.932252086699008942e-03
7.103144191205501556e-03
7.260660640895366669e-03
7.465641014277935028e-03
7.704441435635089874e-03
7.903330028057098389e-03
8.087531663477420807e-03
8.179924450814723969e-03
8.297955617308616638e-03
8.270578458905220032e-03
8.289969526231288910e-03
8.265239186584949493e-03
8.315483108162879944e-03
8.344515226781368256e-03
8.388252928853034973e-03
8.414168842136859894e-03
8.506782352924346924e-03
8.646865375339984894e-03
8.792880922555923462e-03
8.964071050286293030e-03
9.037297219038009644e-03
9.040118195116519928e-03
9.085812605917453766e-03
9.072427637875080109e-03
9.003112092614173889e-03
8.946352638304233551e-03
8.866868913173675537e-03
8.804037235677242279e-03
8.752799592912197113e-03
8.671839721500873566e-03
8.694411255419254303e-03
8.763855323195457458e-03
8.820708841085433960e-03
8.864293806254863739e-03
8.859124965965747833e-03
8.853504434227943420e-03
8.782188408076763153e-03
8.683038875460624695e-03
8.586525917053222656e-03
8.460597135126590729e-03
8.361658081412315369e-03
8.251760154962539673e-03
8.139012381434440613e-03
8.056359365582466125e-03
7.951825857162475586e-03
7.888025604188442230e-03
7.913832552731037140e-03
7.950980216264724731e-03
7.965574041008949280e-03
7.963554002344608307e-03
7.937085814774036407e-03
7.924901321530342102e-03
7.905462756752967834e-03
7.905488833785057068e-03
7.874750532209873199e-03
7.871002890169620514e-03
7.845531217753887177e-03
7.761960383504629135e-03
7.627150043845176697e-03
7.317037787288427353e-03
7.098507136106491089e-03
6.850350182503461838e-03
6.674449425190687180e-03
6.569865625351667404e-03
6.447398103773593903e-03
6.355002056807279587e-03
6.257914006710052490e-03
6.170467473566532135e-03
6.037665531039237976e-03
5.932610016316175461e-03
5.872213747352361679e-03
5.816308315843343735e-03
5.743010900914669037e-03
5.633687600493431091e-03
5.536991637200117111e-03
5.468375049531459808e-03
5.433251149952411652e-03
5.479136947542428970e-03
5.583803169429302216e-03
5.788189359009265900e-03
6.041278596967458725e-03
6.276368629187345505e-03
6.524363532662391663e-03
6.765488069504499435e-03
6.982520222663879395e-03
7.134305778890848160e-03
7.235413882881402969e-03
7.268240209668874741e-03
7.276289630681276321e-03
7.216671481728553772e-03
7.129670120775699615e-03
7.004760205745697021e-03
6.846530828624963760e-03
6.688877940177917480e-03
6.469202693551778793e-03
6.224578712135553360e-03
6.111656781286001205e-03
6.001300644129514694e-03
5.806951783597469330e-03
5.577924195677042007e-03
5.446884315460920334e-03
5.304404068738222122e-03
5.234557203948497772e-03
5.145181901752948761e-03
5.161348730325698853e-03
5.276565439999103546e-03
5.388609599322080612e-03
5.510496441274881363e-03
5.645444151014089584e-03
5.710502155125141144e-03
5.822996143251657486e-03
5.917843431234359741e-03
6.010184064507484436e-03
6.104647647589445114e-03
6.104647647589445114e-03
6.104647647589445114e-03
6.247143261134624481e-03
6.342851091176271439e-03
6.408000830560922623e-03
6.408484186977148056e-03
6.334985606372356415e-03
6.245759315788745880e-03
6.228936370462179184e-03
6.153769325464963913e-03
6.095383316278457642e-03
6.031747907400131226e-03
5.892011802643537521e-03
5.785790737718343735e-03
5.575450602918863297e-03
5.377581343054771423e-03
5.179008934646844864e-03
4.987584892660379410e-03
4.836098290979862213e-03
4.747072700411081314e-03
4.597447812557220459e-03
4.518114961683750153e-03
4.489765502512454987e-03
4.574556834995746613e-03
4.675738047808408737e-03
4.800378344953060150e-03
4.996487870812416077e-03
5.177578423172235489e-03
5.299545358866453171e-03
5.348379258066415787e-03
5.405460484325885773e-03
5.397184751927852631e-03
5.267636850476264954e-03
5.106305237859487534e-03
4.977089818567037582e-03
4.852824844419956207e-03
4.755940288305282593e-03
4.663669038563966751e-03
4.586274269968271255e-03
4.562202841043472290e-03
4.522549919784069061e-03
4.420603625476360321e-03
4.326988942921161652e-03
4.291910212486982346e-03
4.256148822605609894e-03
4.251168109476566315e-03
4.256424028426408768e-03
4.297557286918163300e-03
4.269573837518692017e-03
4.282505717128515244e-03
4.316650331020355225e-03
4.354509990662336349e-03
4.431368317455053329e-03
4.496937617659568787e-03
4.580620210617780685e-03
4.638866987079381943e-03
4.733798094093799591e-03
4.832716658711433411e-03
4.876807332038879395e-03
4.964529536664485931e-03
5.040354561060667038e-03
5.095694679766893387e-03
5.129818804562091827e-03
5.111034493893384933e-03
5.027981940656900406e-03
4.915945697575807571e-03
4.763964097946882248e-03
4.590515047311782837e-03
4.388505592942237854e-03
4.229152109473943710e-03
4.057278390973806381e-03
3.925489727407693863e-03
3.864116733893752098e-03
3.836686490103602409e-03
3.861655015498399734e-03
3.891210304573178291e-03
3.922793082892894745e-03
3.952927887439727783e-03
3.999534994363784790e-03
4.030049778521060944e-03
4.042560234665870667e-03
4.019017796963453293e-03
3.992745652794837952e-03
3.940875642001628876e-03
3.854864975437521935e-03
3.801336279138922691e-03
3.967914264649152756e-03
4.174698144197463989e-03
4.360157530754804611e-03
4.511432722210884094e-03
4.583348054438829422e-03
4.656191915273666382e-03
4.738469608128070831e-03
4.715883638709783554e-03
4.658479243516921997e-03
4.556741099804639816e-03
4.403557628393173218e-03
4.253724124282598495e-03
4.119026940315961838e-03
3.892947454005479813e-03
3.692990401759743690e-03
3.499672980979084969e-03
3.332903375849127769e-03
3.193274838849902153e-03
3.214473370462656021e-03
3.289350541308522224e-03
3.372010076418519020e-03
3.432624973356723785e-03
3.464566078037023544e-03
3.499223850667476654e-03
3.495764685794711113e-03
3.421150380745530128e-03
3.313736058771610260e-03
3.156697843223810196e-03
2.982256235554814339e-03
2.732100198045372963e-03
2.501763869076967239e-03
2.341287909075617790e-03
2.248826203867793083e-03
2.164586447179317474e-03
2.127537271007895470e-03
2.107344334945082664e-03
2.103302860632538795e-03
2.131208078935742378e-03
2.192890038713812828e-03
2.242727437987923622e-03
2.384552033618092537e-03
2.454949542880058289e-03
2.487929770722985268e-03
2.670132787898182869e-03
2.816307358443737030e-03
2.863845787942409515e-03
2.866980154067277908e-03
2.552944468334317207e-03
2.547455485910177231e-03
2.722937846556305885e-03
3.034046618267893791e-03
3.389021847397089005e-03
3.679111367091536522e-03
4.008302930742502213e-03
4.332507029175758362e-03
4.685312043875455856e-03
5.025821272283792496e-03
5.299208220094442368e-03
5.514401942491531372e-03
5.681091453880071640e-03
5.841691978275775909e-03
5.986131727695465088e-03
6.160841789096593857e-03
6.299224682152271271e-03
6.399403791874647141e-03
6.566245574504137039e-03
6.731258239597082138e-03
6.897736340761184692e-03
7.023605983704328537e-03
7.104316260665655136e-03
7.121061440557241440e-03
7.078093476593494415e-03
7.073669694364070892e-03
7.105037569999694824e-03
7.168414071202278137e-03
7.193684112280607224e-03
7.167082745581865311e-03
7.064749952405691147e-03
6.967866793274879456e-03
6.871031597256660461e-03
6.780868861824274063e-03
6.689593195915222168e-03
6.625943817198276520e-03
6.536255590617656708e-03
6.435764022171497345e-03
6.357518956065177917e-03
6.264274939894676208e-03
6.166478618979454041e-03
6.181068252772092819e-03
6.189165171235799789e-03
6.201567593961954117e-03
6.193110253661870956e-03
6.177972536534070969e-03
6.156109739094972610e-03
6.147526204586029053e-03
6.117394659668207169e-03
6.072452757507562637e-03
6.044109351933002472e-03
6.001634523272514343e-03
5.953803658485412598e-03
5.901990924030542374e-03
5.821568891406059265e-03
5.766113288700580597e-03
5.717513151466846466e-03
5.644508171826601028e-03
5.587358027696609497e-03
5.511200521141290665e-03
5.428131669759750366e-03
5.320338066667318344e-03
5.206748377531766891e-03
5.108910612761974335e-03
5.016705486923456192e-03
4.922409541904926300e-03
4.803698044270277023e-03
4.694954492151737213e-03
4.567763302475214005e-03
4.456427413970232010e-03
4.328862298280000687e-03
4.240936599671840668e-03
4.194199573248624802e-03
4.129191860556602478e-03
4.075693432241678238e-03
4.024483729153871536e-03
3.983696922659873962e-03
3.951840102672576904e-03
3.927369136363267899e-03
3.876863280311226845e-03
3.841309575363993645e-03
3.813872113823890686e-03
3.795696655288338661e-03
3.789697308093309402e-03
3.784735687077045441e-03
3.792164148762822151e-03
3.805792424827814102e-03
3.922909963876008987e-03
4.038209561258554459e-03
4.144882783293724060e-03
4.245793912559747696e-03
4.380923230201005936e-03
4.517578519880771637e-03
4.616037476807832718e-03
4.681545309722423553e-03
4.680887795984745026e-03
4.639581311494112015e-03
4.553520586341619492e-03
4.553520586341619492e-03
4.440511576831340790e-03
4.350842442363500595e-03
4.240223206579685211e-03
4.138744436204433441e-03
4.030744545161724091e-03
3.920464776456356049e-03
3.831798909232020378e-03
3.769843373447656631e-03
3.652906976640224457e-03
3.577516879886388779e-03
3.525970736518502235e-03
3.488602582365274429e-03
3.497405210509896278e-03
3.531344234943389893e-03
3.590225009247660637e-03
3.641902934759855270e-03
3.685118397697806358e-03
3.731630742549896240e-03
3.733198856934905052e-03
3.755268175154924393e-03
3.764290828257799149e-03
3.784743370488286018e-03
3.826439147815108299e-03
3.877519862726330757e-03
3.939208574593067169e-03
3.980916924774646759e-03
4.037176724523305893e-03
4.037176724523305893e-03
4.087503533810377121e-03
4.128473345190286636e-03
4.166973754763603210e-03
4.202663432806730270e-03
4.152810666710138321e-03
4.099247511476278305e-03
4.006918985396623611e-03
3.942079376429319382e-03
3.880244446918368340e-03
3.821432124823331833e-03
3.788799978792667389e-03
3.722465131431818008e-03
3.647392615675926208e-03
3.552518086507916451e-03
3.458556719124317169e-03
3.370712976902723312e-03
3.301997436210513115e-03
3.268801141530275345e-03
3.274777671322226524e-03
3.295500995591282845e-03
3.328162711113691330e-03
3.389945952221751213e-03
3.431637771427631378e-03
3.444303525611758232e-03
3.362006973475217819e-03
3.274625167250633240e-03
3.226915840059518814e-03
3.208199283108115196e-03
3.216414712369441986e-03
3.242121776565909386e-03
3.285610349848866463e-03
3.352629253640770912e-03
3.403028007596731186e-03
3.423541551455855370e-03
3.396538551896810532e-03
3.330850973725318909e-03
3.217224497348070145e-03
3.091555554419755936e-03
2.997335046529769897e-03
2.926868619397282600e-03
2.873659133911132812e-03
2.856939798220992088e-03
2.846209332346916199e-03
2.865739632397890091e-03
2.874817466363310814e-03
2.890878124162554741e-03
2.900755032896995544e-03
2.916865749284625053e-03
2.929011126980185509e-03
2.938029123470187187e-03
2.930394373834133148e-03
2.904894296079874039e-03
2.838954096660017967e-03
2.792670391499996185e-03
2.739078830927610397e-03
2.692026551812887192e-03
2.693051937967538834e-03
2.735480898991227150e-03
2.787749515846371651e-03
2.842684276401996613e-03
2.877014456316828728e-03
2.911240328103303909e-03
2.981233643367886543e-03
2.886379603296518326e-03
2.776299137622117996e-03
2.666417742148041725e-03
2.605273621156811714e-03
2.547800540924072266e-03
2.524949377402663231e-03
2.519240370020270348e-03
2.480433089658617973e-03
2.428873674944043159e-03
2.400396391749382019e-03
2.372387796640396118e-03
2.344038570299744606e-03
2.343335188925266266e-03
2.336158417165279388e-03
2.333146985620260239e-03
2.363086212426424026e-03
2.357614226639270782e-03
2.340172184631228447e-03
2.347159199416637421e-03
2.323935274034738541e-03
2.330590272322297096e-03
2.264980692416429520e-03
2.178573515266180038e-03
2.136961556971073151e-03
2.131305634975433350e-03
2.175668487325310707e-03
2.239426597952842712e-03
2.335338620468974113e-03
2.472845138981938362e-03
2.627262379974126816e-03
2.756679430603981018e-03
2.835159422829747200e-03
2.939420286566019058e-03
2.976355142891407013e-03
2.964022103697061539e-03
2.960078651085495949e-03
2.951167989522218704e-03
2.971109002828598022e-03
2.979028271511197090e-03
2.999520162120461464e-03
3.052774583920836449e-03
3.069072728976607323e-03
3.066473640501499176e-03
3.018067218363285065e-03
3.016434609889984131e-03
2.966694999486207962e-03
2.898128004744648933e-03
2.826648764312267303e-03
2.765150973573327065e-03
2.725235186517238617e-03
2.712300978600978851e-03
2.706727711483836174e-03
2.722758101299405098e-03
2.716065850108861923e-03
2.645741682499647141e-03
2.580124186351895332e-03
2.462577773258090019e-03
2.363256877288222313e-03
2.257562475278973579e-03
2.224311931058764458e-03
2.196626737713813782e-03
2.194256056100130081e-03
2.179483883082866669e-03
2.209772123023867607e-03
2.234812360256910324e-03
2.256796462461352348e-03
2.294530393555760384e-03
2.299702959135174751e-03
2.280556829646229744e-03
2.264178125187754631e-03
2.289843978360295296e-03
2.321441657841205597e-03
2.365156775340437889e-03
2.390839159488677979e-03
2.415949944406747818e-03
2.466865815222263336e-03
2.570409094914793968e-03
2.645060187205672264e-03
2.687681932002305984e-03
2.729238476604223251e-03
2.760387724265456200e-03
2.757854526862502098e-03
2.744351746514439583e-03
2.705186372622847557e-03
2.660863334313035011e-03
2.658509416505694389e-03
2.650220878422260284e-03
2.657050266861915588e-03
2.637186320498585701e-03
2.606485038995742798e-03
2.587219001725316048e-03
2.552732592448592186e-03
2.487765392288565636e-03
2.411514753475785255e-03
2.320371801033616066e-03
2.241546753793954849e-03
2.215010812506079674e-03
2.183205448091030121e-03
2.166398568078875542e-03
2.151152119040489197e-03
2.155081368982791901e-03
2.174424706026911736e-03
2.172645414248108864e-03
2.152993809431791306e-03
2.130007138475775719e-03
2.131074899807572365e-03
2.116691553965210915e-03
2.088962588459253311e-03
2.083792118355631828e-03
2.087753266096115112e-03
2.095526317134499550e-03
2.115084324032068253e-03
2.155573107302188873e-03
2.164921490475535393e-03
2.171186031773686409e-03
2.163971075788140297e-03
2.142696408554911613e-03
2.139793476089835167e-03
2.122311387211084366e-03
2.108903601765632629e-03
2.109777415171265602e-03
2.130128908902406693e-03
2.086830791085958481e-03
2.043447224423289299e-03
1.991767203435301781e-03
1.934573403559625149e-03
1.917724148370325565e-03
1.893504173494875431e-03
1.875056652352213860e-03
1.869230763986706734e-03
1.870365114882588387e-03
1.882234937511384487e-03
1.881744130514562130e-03
1.868647872470319271e-03
1.871903426945209503e-03
1.940170419402420521e-03
2.031836193054914474e-03
2.118134405463933945e-03
2.176404697820544243e-03
2.253592945635318756e-03
2.286435570567846298e-03
2.279483247548341751e-03
2.236637752503156662e-03
2.212017308920621872e-03
2.190401079133152962e-03
2.132747089490294456e-03
2.088307868689298630e-03
2.082381630316376686e-03
2.075046533718705177e-03
2.091954462230205536e-03
2.096207113936543465e-03
2.104841871187090874e-03
2.122223842889070511e-03
2.143060090020298958e-03
2.129334025084972382e-03
2.101512392982840538e-03
2.023525070399045944e-03
1.909081824123859406e-03
1.780336955562233925e-03
1.653793267905712128e-03
1.580621348693966866e-03
1.471108524128794670e-03
1.382318791002035141e-03
1.361781498417258263e-03
1.395484199747443199e-03
1.487260451540350914e-03
1.593495602719485760e-03
1.705412869341671467e-03
1.789346104487776756e-03
1.792905968613922596e-03
1.715173129923641682e-03
1.609117956832051277e-03
1.471045776270329952e-03
1.308900769799947739e-03
1.201708451844751835e-03
1.122505054809153080e-03
1.114913960918784142e-03
1.184937427751719952e-03
1.291037304326891899e-03
1.423593843355774879e-03
1.559847267344594002e-03
1.707242219708859921e-03
1.847234205342829227e-03
1.979010878130793571e-03
2.058644779026508331e-03
2.044526161625981331e-03
2.030157716944813728e-03
1.983004389330744743e-03
1.966604730114340782e-03
1.962842885404825211e-03
1.963224960491061211e-03
1.989329466596245766e-03
2.029036637395620346e-03
2.126405248418450356e-03
2.240211237221956253e-03
2.321209991350769997e-03
2.398940967395901680e-03
2.452681772410869598e-03
2.467469079419970512e-03
2.454042434692382812e-03
2.400192432105541229e-03
2.394958166405558586e-03
2.426521386951208115e-03
2.441033255308866501e-03
2.464862773194909096e-03
2.466367091983556747e-03
2.459666226059198380e-03
2.387545537203550339e-03
2.324227942153811455e-03
2.263195812702178955e-03
2.199759241193532944e-03
2.152610570192337036e-03
2.150082495063543320e-03
2.170043531805276871e-03
2.161577111110091209e-03
2.169503131881356239e-03
2.192355692386627197e-03
2.160722389817237854e-03
2.082365332171320915e-03
1.998751889914274216e-03
1.917323912493884563e-03
1.834440161474049091e-03
1.752563868649303913e-03
1.683857874013483524e-03
1.641060342080891132e-03
1.617898698896169662e-03
1.617245259694755077e-03
1.637287670746445656e-03
1.650796853937208652e-03
1.655627274885773659e-03
1.656382577493786812e-03
1.664587180130183697e-03
1.659273169934749603e-03
1.642156625166535378e-03
1.625381060875952244e-03
1.589670311659574509e-03
1.528777065686881542e-03
1.475755707360804081e-03
1.450384617783129215e-03
1.442715409211814404e-03
1.419220003299415112e-03
1.406629336997866631e-03
1.387150492519140244e-03
1.371871097944676876e-03
1.351417275145649910e-03
1.336991670541465282e-03
1.293470850214362144e-03
1.330506289377808571e-03
1.402389025315642357e-03
1.468883478082716465e-03
1.508953282609581947e-03
1.527412328869104385e-03
1.531664049252867699e-03
1.529274391941726208e-03
1.533749978989362717e-03
1.552278408780694008e-03
1.612853724509477615e-03
1.683631446212530136e-03
1.782881678082048893e-03
1.801900682039558887e-03
1.820135861635208130e-03
1.831307075917720795e-03
1.833553658798336983e-03
1.797392731532454491e-03
1.784770167432725430e-03
1.751685049384832382e-03
1.719307852908968925e-03
1.704577007330954075e-03
1.687328447587788105e-03
1.651418977417051792e-03
1.630198559723794460e-03
1.594838453456759453e-03
1.561358221806585789e-03
1.535988762043416500e-03
1.382244401611387730e-03
1.248883199878036976e-03
1.141133368946611881e-03
1.076482934877276421e-03
1.029478153213858604e-03
9.693850879557430744e-04
9.125194046646356583e-04
8.702934719622135162e-04
8.283408242277801037e-04
7.981876842677593231e-04
7.234642980620265007e-04
6.992315757088363171e-04
7.247830508276820183e-04
7.459867047145962715e-04
7.192741613835096359e-04
6.838743574917316437e-04
5.613974644802510738e-04
4.529677680693566799e-04
3.888511855620890856e-04
3.557410964276641607e-04
3.486292844172567129e-04
3.647458215709775686e-04
4.081467923242598772e-04
4.089583817403763533e-04
3.914344415534287691e-04
3.725787973962724209e-04
3.360520931892096996e-04
2.412303583696484566e-04
1.692506193649023771e-04
1.927451667143031955e-04
2.232551050838083029e-04
2.737428585533052683e-04
3.081845643464475870e-04
3.502101462800055742e-04
4.114630573894828558e-04
4.789139202330261469e-04
5.316523602232336998e-04
5.569675122387707233e-04
5.579253192991018295e-04
5.732454010285437107e-04
5.903798155486583710e-04
5.915171932429075241e-04
5.937871173955500126e-04
6.101910257712006569e-04
6.200889474712312222e-04
6.179552874527871609e-04
6.383165018633008003e-04
6.688667926937341690e-04
6.792751373723149300e-04
7.051711436361074448e-04
7.329896907322108746e-04
7.507249247282743454e-04
8.042657864280045033e-04
8.355350000783801079e-04
8.582818554714322090e-04
8.619225700385868549e-04
8.805695106275379658e-04
9.011744987219572067e-04
9.097037254832684994e-04
9.055828559212386608e-04
8.790487190708518028e-04
8.992631337605416775e-04
8.849018486216664314e-04
8.591453661210834980e-04
8.337759063579142094e-04
8.212513639591634274e-04
8.200358715839684010e-04
8.329099509865045547e-04
8.574387175031006336e-04
9.005332831293344498e-04
9.677550406195223331e-04
1.036666915751993656e-03
1.095505198463797569e-03
1.147244707681238651e-03
1.222584629431366920e-03
1.272884663194417953e-03
1.282341661863029003e-03
1.281467149965465069e-03
1.297266804613173008e-03
1.339321024715900421e-03
1.378526678308844566e-03
1.426581759005784988e-03
1.461071777157485485e-03
1.512869843281805515e-03
1.571636181324720383e-03
1.632272731512784958e-03
1.692528254352509975e-03
1.775308628566563129e-03
1.837441814132034779e-03
1.903750118799507618e-03
1.955984625965356827e-03
2.014141064137220383e-03
2.057380508631467819e-03
2.074936637654900551e-03
2.106968080624938011e-03
2.145728329196572304e-03
2.192211337387561798e-03
2.267340896651148796e-03
2.358754631131887436e-03
2.414225134998559952e-03
2.494043903425335884e-03
2.552039921283721924e-03
2.631697105243802071e-03
2.712407149374485016e-03
2.775788307189941406e-03
2.854751888662576675e-03
2.892899559810757637e-03
2.884345827624201775e-03
2.882864326238632202e-03
2.870843280106782913e-03
2.883836161345243454e-03
2.895626006647944450e-03
2.933409530669450760e-03
2.979296725243330002e-03
3.034929046407341957e-03
3.079838817939162254e-03
3.129811258986592293e-03
3.187829162925481796e-03
3.252723487094044685e-03
3.260261844843626022e-03
3.255123971030116081e-03
3.246131353080272675e-03
3.225969383493065834e-03
3.188813803717494011e-03
3.154105274006724358e-03
3.118265885859727859e-03
3.080859780311584473e-03
3.041896270588040352e-03
3.018135437741875648e-03
3.000841010361909866e-03
3.002821933478116989e-03
3.019788302481174469e-03
3.019190859049558640e-03
3.021403914317488670e-03
3.012688364833593369e-03
2.983355661854147911e-03
2.960704965516924858e-03
2.899982035160064697e-03
2.839940832927823067e-03
2.763618249446153641e-03
2.696357667446136475e-03
2.630465896800160408e-03
2.588662318885326385e-03
2.545472234487533569e-03
2.519159112125635147e-03
2.486376557499170303e-03
2.459492068737745285e-03
2.413491485640406609e-03
2.342271385714411736e-03
2.290101023390889168e-03
2.234491752460598946e-03
2.199028152972459793e-03
2.207669429481029510e-03
2.224329393357038498e-03
2.274806844070553780e-03
2.246192190796136856e-03
2.227991120889782906e-03
2.202005358412861824e-03
2.181109506636857986e-03
2.162400167435407639e-03
2.152889035642147064e-03
2.170927356928586960e-03
