7.615149021148681641e-02,-1.170766353607177734e-02,-1.170684397220611572e-02
7.715147733688354492e-02,-1.070767641067504883e-02,-1.270684599876403809e-02
7.735556364059448242e-02,-1.014831662178039551e-02,-1.303564012050628662e-02
7.722485065460205078e-02,-9.852051734924316406e-03,-1.363426446914672852e-02
7.693377137184143066e-02,-9.498089551925659180e-03,-1.387032866477966309e-02
7.653334736824035645e-02,-9.404182434082031250e-03,-1.366278529167175293e-02
7.602182030677795410e-02,-9.520888328552246094e-03,-1.364648342132568359e-02
7.543045282363891602e-02,-9.787380695343017578e-03,-1.353840529918670654e-02
7.473388314247131348e-02,-9.972065687179565430e-03,-1.326528191566467285e-02
7.404705882072448730e-02,-1.030614972114562988e-02,-1.326069235801696777e-02
7.335808873176574707e-02,-1.060885190963745117e-02,-1.322394609451293945e-02
7.259696722030639648e-02,-1.097783446311950684e-02,-1.325432956218719482e-02
7.181280851364135742e-02,-1.137146353721618652e-02,-1.337072253227233887e-02
7.101082801818847656e-02,-1.172241568565368652e-02,-1.337581872940063477e-02
7.018476724624633789e-02,-1.201930642127990723e-02,-1.326262950897216797e-02
6.951048970222473145e-02,-1.233044266700744629e-02,-1.323856413364410400e-02
6.883203983306884766e-02,-1.267930865287780762e-02,-1.334394514560699463e-02
6.812030076980590820e-02,-1.305896043777465820e-02,-1.343129575252532959e-02
6.757140159606933594e-02,-1.342669129371643066e-02,-1.366770267486572266e-02
6.699943542480468750e-02,-1.380735635757446289e-02,-1.404459774494171143e-02
6.651955842971801758e-02,-1.417931914329528809e-02,-1.438890397548675537e-02
6.607481837272644043e-02,-1.434230804443359375e-02,-1.475736498832702637e-02
6.556949019432067871e-02,-1.436144113540649414e-02,-1.504145562648773193e-02
6.498828530311584473e-02,-1.421946287155151367e-02,-1.509758830070495605e-02
6.438848376274108887e-02,-1.407599449157714844e-02,-1.520726084709167480e-02
6.378015875816345215e-02,-1.391890645027160645e-02,-1.528301835060119629e-02
6.321236491203308105e-02,-1.384004950523376465e-02,-1.521241664886474609e-02
6.272226572036743164e-02,-1.369309425354003906e-02,-1.525698602199554443e-02
6.208193302154541016e-02,-1.355528831481933594e-02,-1.544690132141113281e-02
6.146788597106933594e-02,-1.354610919952392578e-02,-1.565836369991302490e-02
6.084135174751281738e-02,-1.342579722404479980e-02,-1.577533781528472900e-02
6.018501520156860352e-02,-1.334938406944274902e-02,-1.589703559875488281e-02
5.946758389472961426e-02,-1.320981979370117188e-02,-1.594418287277221680e-02
5.873945355415344238e-02,-1.304599642753601074e-02,-1.600648462772369385e-02
5.815458297729492188e-02,-1.287928223609924316e-02,-1.614452898502349854e-02
5.760490894317626953e-02,-1.265758275985717773e-02,-1.627658307552337646e-02
5.769386887550354004e-02,-1.212716102600097656e-02,-1.649972796440124512e-02
5.774563550949096680e-02,-1.163238286972045898e-02,-1.671493053436279297e-02
5.781874060630798340e-02,-1.126915216445922852e-02,-1.692974567413330078e-02
5.782687664031982422e-02,-1.105302572250366211e-02,-1.711161434650421143e-02
5.780920386314392090e-02,-1.090228557586669922e-02,-1.713286340236663818e-02
5.782037973403930664e-02,-1.069501042366027832e-02,-1.717472076416015625e-02
5.787134170532226562e-02,-1.052516698837280273e-02,-1.730273663997650146e-02
5.790048837661743164e-02,-1.033702492713928223e-02,-1.757048070430755615e-02
5.783107876777648926e-02,-1.014754176139831543e-02,-1.785799860954284668e-02
5.781409144401550293e-02,-9.914487600326538086e-03,-1.818487048149108887e-02
5.774250626564025879e-02,-9.649068117141723633e-03,-1.850466430187225342e-02
5.767339468002319336e-02,-9.387344121932983398e-03,-1.879416406154632568e-02
5.764874815940856934e-02,-9.214937686920166016e-03,-1.902972161769866943e-02
5.761170387268066406e-02,-8.955508470535278320e-03,-1.936091482639312744e-02
5.744937062263488770e-02,-8.770138025283813477e-03,-1.968044042587280273e-02
5.731618404388427734e-02,-8.553385734558105469e-03,-2.004453539848327637e-02
5.716022849082946777e-02,-8.481115102767944336e-03,-2.040824294090270996e-02
5.703160166740417480e-02,-8.356958627700805664e-03,-2.074685692787170410e-02
5.688440799713134766e-02,-8.305788040161132812e-03,-2.101981639862060547e-02
5.674049258232116699e-02,-8.241295814514160156e-03,-2.121359109878540039e-02
5.654209852218627930e-02,-8.262068033218383789e-03,-2.140752971172332764e-02
5.641832947731018066e-02,-8.280754089355468750e-03,-2.173225581645965576e-02
5.625998973846435547e-02,-8.228540420532226562e-03,-2.195228636264801025e-02
5.607479810714721680e-02,-8.074194192886352539e-03,-2.207933366298675537e-02
5.579787492752075195e-02,-7.980555295944213867e-03,-2.214482426643371582e-02
5.555155873298645020e-02,-7.920116186141967773e-03,-2.219560742378234863e-02
5.534932017326354980e-02,-7.684290409088134766e-03,-2.239651978015899658e-02
5.509626865386962891e-02,-7.469862699508666992e-03,-2.262292802333831787e-02
5.484509468078613281e-02,-7.226139307022094727e-03,-2.284555137157440186e-02
5.451247096061706543e-02,-7.323235273361206055e-03,-2.305351197719573975e-02
5.419391393661499023e-02,-7.413953542709350586e-03,-2.344369888305664062e-02
5.368289351463317871e-02,-7.354944944381713867e-03,-2.348192036151885986e-02
5.329558253288269043e-02,-7.221609354019165039e-03,-2.360953390598297119e-02
5.302271246910095215e-02,-7.190585136413574219e-03,-2.368539571762084961e-02
5.271610617637634277e-02,-7.056623697280883789e-03,-2.381268143653869629e-02
5.234402418136596680e-02,-7.017254829406738281e-03,-2.380219101905822754e-02
5.195710062980651855e-02,-7.000386714935302734e-03,-2.372695505619049072e-02
5.161967873573303223e-02,-6.955713033676147461e-03,-2.363476157188415527e-02
5.117946863174438477e-02,-6.916254758834838867e-03,-2.347615361213684082e-02
5.071210861206054688e-02,-6.934255361557006836e-03,-2.341128885746002197e-02
5.023929476737976074e-02,-6.997704505920410156e-03,-2.336461842060089111e-02
4.976934194564819336e-02,-7.045775651931762695e-03,-2.300858497619628906e-02
4.950863122940063477e-02,-7.079809904098510742e-03,-2.271009981632232666e-02
4.916238784790039062e-02,-7.095694541931152344e-03,-2.239078283309936523e-02
4.875817894935607910e-02,-7.182478904724121094e-03,-2.210772037506103516e-02
4.831719398498535156e-02,-7.348001003265380859e-03,-2.177734673023223877e-02
4.780793190002441406e-02,-7.767379283905029297e-03,-2.151757478713989258e-02
4.732114076614379883e-02,-8.135765790939331055e-03,-2.130350470542907715e-02
4.683211445808410645e-02,-8.423864841461181641e-03,-2.109074592590332031e-02
4.638248682022094727e-02,-8.609145879745483398e-03,-2.093873918056488037e-02
4.601365327835083008e-02,-8.760035037994384766e-03,-2.083857357501983643e-02
4.548811912536621094e-02,-8.878856897354125977e-03,-2.074259519577026367e-02
4.488447308540344238e-02,-8.824765682220458984e-03,-2.079740166664123535e-02
4.435041546821594238e-02,-8.780717849731445312e-03,-2.082575857639312744e-02
4.392740130424499512e-02,-8.791565895080566406e-03,-2.085502445697784424e-02
4.355713725090026855e-02,-8.791863918304443359e-03,-2.071668207645416260e-02
4.312556982040405273e-02,-8.867919445037841797e-03,-2.055791020393371582e-02
4.268166422843933105e-02,-9.141206741333007812e-03,-2.044110000133514404e-02
4.224625229835510254e-02,-9.230524301528930664e-03,-2.021113038063049316e-02
4.181870818138122559e-02,-9.347438812255859375e-03,-2.002471685409545898e-02
4.140388965606689453e-02,-9.453147649765014648e-03,-1.975630223751068115e-02
4.094830155372619629e-02,-9.550094604492187500e-03,-1.946449279785156250e-02
4.044362902641296387e-02,-9.614706039428710938e-03,-1.912958920001983643e-02
3.991562128067016602e-02,-9.743630886077880859e-03,-1.890714466571807861e-02
3.930872678756713867e-02,-9.915232658386230469e-03,-1.863394677639007568e-02
3.864526748657226562e-02,-1.009792089462280273e-02,-1.841841638088226318e-02
3.809151053428649902e-02,-1.030620932579040527e-02,-1.820176839828491211e-02
3.761467337608337402e-02,-1.037076115608215332e-02,-1.811404526233673096e-02
3.806328773498535156e-02,-1.102441549301147461e-02,-1.868626475334167480e-02
3.843373060226440430e-02,-1.156660914421081543e-02,-1.922062039375305176e-02
3.881883621215820312e-02,-1.211610436439514160e-02,-1.969625055789947510e-02
3.914594650268554688e-02,-1.260137557983398438e-02,-2.013280987739562988e-02
3.940632939338684082e-02,-1.299595832824707031e-02,-2.059790492057800293e-02
3.964459896087646484e-02,-1.332873106002807617e-02,-2.105736732482910156e-02
3.986114263534545898e-02,-1.367506384849548340e-02,-2.149003744125366211e-02
4.005703330039978027e-02,-1.397868990898132324e-02,-2.184532582759857178e-02
4.026964306831359863e-02,-1.424446702003479004e-02,-2.224959433078765869e-02
4.044279456138610840e-02,-1.437246799468994141e-02,-2.254202961921691895e-02
4.053986072540283203e-02,-1.448121666908264160e-02,-2.268183231353759766e-02
4.068937897682189941e-02,-1.461008191108703613e-02,-2.275820076465606689e-02
4.081490635871887207e-02,-1.462489366531372070e-02,-2.295523881912231445e-02
4.089647531509399414e-02,-1.461672782897949219e-02,-2.311931550502777100e-02
4.091048240661621094e-02,-1.461076736450195312e-02,-2.322737872600555420e-02
4.085835814476013184e-02,-1.460632681846618652e-02,-2.347497642040252686e-02
4.075807332992553711e-02,-1.458406448364257812e-02,-2.367031574249267578e-02
4.067927598953247070e-02,-1.456731557846069336e-02,-2.383513748645782471e-02
4.055342078208923340e-02,-1.457670331001281738e-02,-2.378915250301361084e-02
4.047137498855590820e-02,-1.459613442420959473e-02,-2.374392747879028320e-02
4.036638140678405762e-02,-1.461252570152282715e-02,-2.373786270618438721e-02
4.023802280426025391e-02,-1.461324095726013184e-02,-2.370494604110717773e-02
3.998887538909912109e-02,-1.462236046791076660e-02,-2.349537611007690430e-02
3.972095251083374023e-02,-1.463383436203002930e-02,-2.324604988098144531e-02
3.946250677108764648e-02,-1.470699906349182129e-02,-2.298428118228912354e-02
3.916645050048828125e-02,-1.478290557861328125e-02,-2.263836562633514404e-02
3.884842991828918457e-02,-1.471623778343200684e-02,-2.224302291870117188e-02
3.854617476463317871e-02,-1.463562250137329102e-02,-2.174723148345947266e-02
3.826674818992614746e-02,-1.453381776809692383e-02,-2.138805389404296875e-02
3.799894452095031738e-02,-1.453068852424621582e-02,-2.110248804092407227e-02
3.774073719978332520e-02,-1.465821266174316406e-02,-2.074451744556427002e-02
3.745377063751220703e-02,-1.482173800468444824e-02,-2.043300867080688477e-02
3.720119595527648926e-02,-1.526314020156860352e-02,-2.001027762889862061e-02
3.692176938056945801e-02,-1.567640900611877441e-02,-1.957537233829498291e-02
3.674545884132385254e-02,-1.606744527816772461e-02,-1.917682588100433350e-02
3.659582138061523438e-02,-1.638057827949523926e-02,-1.874768733978271484e-02
3.643593192100524902e-02,-1.664260029792785645e-02,-1.839710772037506104e-02
3.626015782356262207e-02,-1.690575480461120605e-02,-1.808665692806243896e-02
3.609859943389892578e-02,-1.704886555671691895e-02,-1.784324645996093750e-02
3.591054677963256836e-02,-1.720741391181945801e-02,-1.745685935020446777e-02
3.569075465202331543e-02,-1.733168959617614746e-02,-1.704880595207214355e-02
3.552034497261047363e-02,-1.741847395896911621e-02,-1.667593419551849365e-02
3.531044721603393555e-02,-1.751792430877685547e-02,-1.636378467082977295e-02
3.513845801353454590e-02,-1.761451363563537598e-02,-1.613306999206542969e-02
3.497532010078430176e-02,-1.780101656913757324e-02,-1.590661704540252686e-02
3.483292460441589355e-02,-1.793557405471801758e-02,-1.573716104030609131e-02
3.464549779891967773e-02,-1.808771491050720215e-02,-1.563060283660888672e-02
3.441411256790161133e-02,-1.822155714035034180e-02,-1.561598479747772217e-02
3.420302271842956543e-02,-1.827058196067810059e-02,-1.560658216476440430e-02
3.408232331275939941e-02,-1.820099353790283203e-02,-1.574878394603729248e-02
3.393340110778808594e-02,-1.812130212783813477e-02,-1.572620868682861328e-02
3.375592827796936035e-02,-1.809227466583251953e-02,-1.559558510780334473e-02
3.363290429115295410e-02,-1.811119914054870605e-02,-1.543632149696350098e-02
3.346359729766845703e-02,-1.815214753150939941e-02,-1.523226499557495117e-02
3.328248858451843262e-02,-1.816484332084655762e-02,-1.490528881549835205e-02
3.303942084312438965e-02,-1.821705698966979980e-02,-1.456290483474731445e-02
3.279498219490051270e-02,-1.824498176574707031e-02,-1.428477466106414795e-02
3.260844945907592773e-02,-1.832810044288635254e-02,-1.404196023941040039e-02
3.240722417831420898e-02,-1.840862631797790527e-02,-1.379781961441040039e-02
3.222689032554626465e-02,-1.849952340126037598e-02,-1.360450685024261475e-02
3.198507428169250488e-02,-1.848638057708740234e-02,-1.352338492870330811e-02
3.168773651123046875e-02,-1.849499344825744629e-02,-1.347403228282928467e-02
3.146365284919738770e-02,-1.848998665809631348e-02,-1.343448460102081299e-02
3.124824166297912598e-02,-1.845538616180419922e-02,-1.343429088592529297e-02
3.109797835350036621e-02,-1.841220259666442871e-02,-1.346278190612792969e-02
3.097328543663024902e-02,-1.846435666084289551e-02,-1.353594660758972168e-02
3.080150485038757324e-02,-1.844206452369689941e-02,-1.365244388580322266e-02
3.054639697074890137e-02,-1.837643980979919434e-02,-1.383797824382781982e-02
3.025233745574951172e-02,-1.819893717765808105e-02,-1.399183273315429688e-02
2.994695305824279785e-02,-1.802128553390502930e-02,-1.401337981224060059e-02
2.964577078819274902e-02,-1.779285073280334473e-02,-1.395766437053680420e-02
2.936699986457824707e-02,-1.761654019355773926e-02,-1.381136476993560791e-02
2.912864089012145996e-02,-1.748600602149963379e-02,-1.354761421680450439e-02
2.883362770080566406e-02,-1.742252707481384277e-02,-1.327697932720184326e-02
2.859091758728027344e-02,-1.738828420639038086e-02,-1.306417584419250488e-02
2.825850248336791992e-02,-1.737880706787109375e-02,-1.277980208396911621e-02
2.793458104133605957e-02,-1.740685105323791504e-02,-1.262435317039489746e-02
2.764379978179931641e-02,-1.745882630348205566e-02,-1.241347193717956543e-02
2.732074260711669922e-02,-1.747491955757141113e-02,-1.212012767791748047e-02
2.698501944541931152e-02,-1.754373311996459961e-02,-1.183316111564636230e-02
2.660539746284484863e-02,-1.761752367019653320e-02,-1.150578260421752930e-02
2.621060609817504883e-02,-1.768496632575988770e-02,-1.118783652782440186e-02
2.601799368858337402e-02,-1.787021756172180176e-02,-1.107810437679290771e-02
2.576422691345214844e-02,-1.798677444458007812e-02,-1.093956828117370605e-02
2.541917562484741211e-02,-1.819676160812377930e-02,-1.091088354587554932e-02
2.509224414825439453e-02,-1.840248703956604004e-02,-1.090931892395019531e-02
2.475559711456298828e-02,-1.849681138992309570e-02,-1.081447303295135498e-02
2.441212534904479980e-02,-1.862737536430358887e-02,-1.079963147640228271e-02
2.402523159980773926e-02,-1.876527070999145508e-02,-1.073479652404785156e-02
2.362796664237976074e-02,-1.889461278915405273e-02,-1.079876720905303955e-02
2.312991023063659668e-02,-1.907482743263244629e-02,-1.086048781871795654e-02
2.260529994964599609e-02,-1.937344670295715332e-02,-1.094201207160949707e-02
2.215564250946044922e-02,-1.962819695472717285e-02,-1.115125417709350586e-02
2.170702815055847168e-02,-1.981747150421142578e-02,-1.127073168754577637e-02
2.133238315582275391e-02,-1.994556188583374023e-02,-1.134574413299560547e-02
2.095136046409606934e-02,-1.997640728950500488e-02,-1.146054267883300781e-02
2.066838741302490234e-02,-1.997086405754089355e-02,-1.157164573669433594e-02
2.036088705062866211e-02,-1.991510391235351562e-02,-1.171454787254333496e-02
2.001857757568359375e-02,-1.980653405189514160e-02,-1.183710992336273193e-02
1.960325241088867188e-02,-1.968911290168762207e-02,-1.193457841873168945e-02
1.909363269805908203e-02,-1.947727799415588379e-02,-1.201586425304412842e-02
1.855427026748657227e-02,-1.920831203460693359e-02,-1.206512749195098877e-02
1.798152923583984375e-02,-1.883360743522644043e-02,-1.203639805316925049e-02
1.733174920082092285e-02,-1.842221617698669434e-02,-1.197205483913421631e-02
1.669093966484069824e-02,-1.818573474884033203e-02,-1.205067336559295654e-02
1.611161231994628906e-02,-1.795119047164916992e-02,-1.212491095066070557e-02
1.553609967231750488e-02,-1.783287525177001953e-02,-1.219893991947174072e-02
1.491287350654602051e-02,-1.772528886795043945e-02,-1.223306357860565186e-02
1.433575153350830078e-02,-1.763832569122314453e-02,-1.215672492980957031e-02
1.373654603958129883e-02,-1.760235428810119629e-02,-1.213811337947845459e-02
1.323029398918151855e-02,-1.760500669479370117e-02,-1.210542023181915283e-02
1.273864507675170898e-02,-1.766219735145568848e-02,-1.209850609302520752e-02
1.225650310516357422e-02,-1.775690913200378418e-02,-1.204422116279602051e-02
1.177960634231567383e-02,-1.787155866622924805e-02,-1.198892295360565186e-02
1.134270429611206055e-02,-1.797699928283691406e-02,-1.196275651454925537e-02
1.096031069755554199e-02,-1.812243461608886719e-02,-1.196239888668060303e-02
1.064252853393554688e-02,-1.807421445846557617e-02,-1.195807754993438721e-02
1.035737991333007812e-02,-1.805025339126586914e-02,-1.194904744625091553e-02
1.004597544670104980e-02,-1.796990633010864258e-02,-1.193237304687500000e-02
9.826242923736572266e-03,-1.788660883903503418e-02,-1.200962066650390625e-02
9.621173143386840820e-03,-1.780244708061218262e-02,-1.205877959728240967e-02
9.495496749877929688e-03,-1.782676577568054199e-02,-1.211583614349365234e-02
9.450286626815795898e-03,-1.783630251884460449e-02,-1.214553415775299072e-02
9.421706199645996094e-03,-1.783818006515502930e-02,-1.218050718307495117e-02
9.427309036254882812e-03,-1.778888702392578125e-02,-1.213300228118896484e-02
9.532958269119262695e-03,-1.767763495445251465e-02,-1.214462518692016602e-02
9.698033332824707031e-03,-1.751086115837097168e-02,-1.225070655345916748e-02
9.806007146835327148e-03,-1.715040206909179688e-02,-1.230742037296295166e-02
9.872883558273315430e-03,-1.668116450309753418e-02,-1.240591704845428467e-02
9.887188673019409180e-03,-1.623120903968811035e-02,-1.249691843986511230e-02
9.986340999603271484e-03,-1.574689149856567383e-02,-1.255409419536590576e-02
1.003387570381164551e-02,-1.525905728340148926e-02,-1.261630654335021973e-02
1.008453965187072754e-02,-1.479247212409973145e-02,-1.268073916435241699e-02
1.017144322395324707e-02,-1.431712508201599121e-02,-1.276852190494537354e-02
1.046618819236755371e-02,-1.389029622077941895e-02,-1.313842833042144775e-02
1.078709959983825684e-02,-1.352429389953613281e-02,-1.345290243625640869e-02
1.115560531616210938e-02,-1.315471529960632324e-02,-1.381754875183105469e-02
1.115560531616210938e-02,-1.315471529960632324e-02,-1.381754875183105469e-02
1.115560531616210938e-02,-1.315471529960632324e-02,-1.381754875183105469e-02
1.136854290962219238e-02,-1.282760500907897949e-02,-1.399636268615722656e-02
1.151144504547119141e-02,-1.257556676864624023e-02,-1.411063969135284424e-02
1.156985759735107422e-02,-1.242685317993164062e-02,-1.408243179321289062e-02
1.159495115280151367e-02,-1.239928603172302246e-02,-1.404413580894470215e-02
1.162514090538024902e-02,-1.248708367347717285e-02,-1.402619481086730957e-02
1.161053776741027832e-02,-1.250976324081420898e-02,-1.400671899318695068e-02
1.155722141265869141e-02,-1.246932148933410645e-02,-1.408705115318298340e-02
1.155766844749450684e-02,-1.248186826705932617e-02,-1.411901414394378662e-02
1.152011752128601074e-02,-1.243850588798522949e-02,-1.417855918407440186e-02
1.141369342803955078e-02,-1.242983341217041016e-02,-1.416219770908355713e-02
1.130405068397521973e-02,-1.243439316749572754e-02,-1.420298218727111816e-02
1.119053363800048828e-02,-1.239401102066040039e-02,-1.446181535720825195e-02
1.108586788177490234e-02,-1.236760616302490234e-02,-1.471793651580810547e-02
1.101818680763244629e-02,-1.228120923042297363e-02,-1.497139036655426025e-02
1.097205281257629395e-02,-1.214218139648437500e-02,-1.533325016498565674e-02
1.094040274620056152e-02,-1.199644804000854492e-02,-1.561021804809570312e-02
1.097273826599121094e-02,-1.181200146675109863e-02,-1.567517220973968506e-02
1.095867156982421875e-02,-1.157858967781066895e-02,-1.574768126010894775e-02
1.098984479904174805e-02,-1.138079166412353516e-02,-1.585474610328674316e-02
1.103466749191284180e-02,-1.109090447425842285e-02,-1.594161987304687500e-02
1.107010245323181152e-02,-1.082602143287658691e-02,-1.601509749889373779e-02
1.105159521102905273e-02,-1.055887341499328613e-02,-1.602236926555633545e-02
1.094350218772888184e-02,-1.030063629150390625e-02,-1.602406799793243408e-02
1.077863574028015137e-02,-1.012215018272399902e-02,-1.594612002372741699e-02
1.057663559913635254e-02,-1.004266738891601562e-02,-1.578024029731750488e-02
1.031297445297241211e-02,-9.961068630218505859e-03,-1.560729742050170898e-02
1.002648472785949707e-02,-9.918928146362304688e-03,-1.540395617485046387e-02
9.668886661529541016e-03,-9.925276041030883789e-03,-1.522050797939300537e-02
9.245127439498901367e-03,-9.931474924087524414e-03,-1.499697566032409668e-02
8.913785219192504883e-03,-9.948194026947021484e-03,-1.477845013141632080e-02
8.577257394790649414e-03,-1.007306575775146484e-02,-1.452654600143432617e-02
8.307039737701416016e-03,-1.025485992431640625e-02,-1.427152752876281738e-02
8.090108633041381836e-03,-1.045343279838562012e-02,-1.409457623958587646e-02
7.839679718017578125e-03,-1.069152355194091797e-02,-1.394318044185638428e-02
7.651984691619873047e-03,-1.092609763145446777e-02,-1.380297541618347168e-02
7.511734962463378906e-03,-1.109209656715393066e-02,-1.373520493507385254e-02
7.421463727951049805e-03,-1.120120286941528320e-02,-1.373596489429473877e-02
7.410347461700439453e-03,-1.127111911773681641e-02,-1.376946270465850830e-02
7.503479719161987305e-03,-1.129573583602905273e-02,-1.386632025241851807e-02
7.603496313095092773e-03,-1.142060756683349609e-02,-1.385097205638885498e-02
7.768899202346801758e-03,-1.147827506065368652e-02,-1.390440762042999268e-02
7.894843816757202148e-03,-1.146847009658813477e-02,-1.400110125541687012e-02
8.030802011489868164e-03,-1.144176721572875977e-02,-1.410119235515594482e-02
8.168458938598632812e-03,-1.134824752807617188e-02,-1.427297294139862061e-02
8.350133895874023438e-03,-1.120460033416748047e-02,-1.447750627994537354e-02
8.530348539352416992e-03,-1.107078790664672852e-02,-1.473526656627655029e-02
8.740454912185668945e-03,-1.102405786514282227e-02,-1.508025825023651123e-02
8.921891450881958008e-03,-1.095318794250488281e-02,-1.536326110363006592e-02
9.130120277404785156e-03,-1.085057854652404785e-02,-1.567082107067108154e-02
9.273290634155273438e-03,-1.078701019287109375e-02,-1.588229835033416748e-02
9.452342987060546875e-03,-1.067695021629333496e-02,-1.602356135845184326e-02
9.719014167785644531e-03,-1.056468486785888672e-02,-1.616372168064117432e-02
9.962707757949829102e-03,-1.031863689422607422e-02,-1.624235510826110840e-02
1.030674576759338379e-02,-1.000323891639709473e-02,-1.629857718944549561e-02
1.064720749855041504e-02,-9.646177291870117188e-03,-1.619905233383178711e-02
1.092115044593811035e-02,-9.235858917236328125e-03,-1.610791683197021484e-02
1.107165217399597168e-02,-8.842498064041137695e-03,-1.586394011974334717e-02
1.116231083869934082e-02,-8.474290370941162109e-03,-1.572325825691223145e-02
1.128590106964111328e-02,-8.273512125015258789e-03,-1.558692753314971924e-02
1.134636998176574707e-02,-8.100777864456176758e-03,-1.550361514091491699e-02
1.141056418418884277e-02,-7.934689521789550781e-03,-1.549212634563446045e-02
1.135107874870300293e-02,-7.832407951354980469e-03,-1.535995304584503174e-02
1.125776767730712891e-02,-7.837682962417602539e-03,-1.522473990917205811e-02
1.113134622573852539e-02,-7.956504821777343750e-03,-1.510120928287506104e-02
1.093721389770507812e-02,-8.088260889053344727e-03,-1.490817964076995850e-02
1.067629456520080566e-02,-8.236795663833618164e-03,-1.486517488956451416e-02
1.041892170906066895e-02,-8.437871932983398438e-03,-1.473239064216613770e-02
1.008823513984680176e-02,-8.634626865386962891e-03,-1.455029845237731934e-02
9.775668382644653320e-03,-8.870601654052734375e-03,-1.437115669250488281e-02
9.563058614730834961e-03,-9.062588214874267578e-03,-1.410223543643951416e-02
9.326368570327758789e-03,-9.188562631607055664e-03,-1.388169825077056885e-02
9.193271398544311523e-03,-9.231299161911010742e-03,-1.370520889759063721e-02
9.073287248611450195e-03,-9.238600730895996094e-03,-1.357690989971160889e-02
8.938759565353393555e-03,-9.273529052734375000e-03,-1.342742145061492920e-02
8.930981159210205078e-03,-9.248435497283935547e-03,-1.325327157974243164e-02
8.983880281448364258e-03,-9.209722280502319336e-03,-1.303358376026153564e-02
9.036302566528320312e-03,-9.152501821517944336e-03,-1.282647252082824707e-02
9.077817201614379883e-03,-9.122937917709350586e-03,-1.259592175483703613e-02
9.081989526748657227e-03,-9.017825126647949219e-03,-1.234421133995056152e-02
9.183228015899658203e-03,-8.840799331665039062e-03,-1.210674643516540527e-02
9.274154901504516602e-03,-8.634418249130249023e-03,-1.191166043281555176e-02
9.495139122009277344e-03,-8.345335721969604492e-03,-1.173201203346252441e-02
9.687960147857666016e-03,-7.972180843353271484e-03,-1.151433587074279785e-02
9.854525327682495117e-03,-7.578670978546142578e-03,-1.130965352058410645e-02
9.654492139816284180e-03,-6.874233484268188477e-03,-1.105733215808868408e-02
9.451061487197875977e-03,-6.237953901290893555e-03,-1.083178818225860596e-02
9.221047163009643555e-03,-5.643159151077270508e-03,-1.068995893001556396e-02
9.010314941406250000e-03,-5.153685808181762695e-03,-1.053822040557861328e-02
8.846580982208251953e-03,-4.812002182006835938e-03,-1.044024527072906494e-02
8.729070425033569336e-03,-4.481703042984008789e-03,-1.047149300575256348e-02
8.623331785202026367e-03,-4.183173179626464844e-03,-1.054741442203521729e-02
8.508831262588500977e-03,-4.007488489151000977e-03,-1.067031919956207275e-02
8.421391248703002930e-03,-3.884494304656982422e-03,-1.082940399646759033e-02
8.343905210494995117e-03,-3.833651542663574219e-03,-1.096494495868682861e-02
8.273750543594360352e-03,-3.838896751403808594e-03,-1.118533313274383545e-02
8.291423320770263672e-03,-3.859430551528930664e-03,-1.150088012218475342e-02
8.341878652572631836e-03,-3.872185945510864258e-03,-1.187145709991455078e-02
8.485883474349975586e-03,-3.980308771133422852e-03,-1.229539513587951660e-02
8.630186319351196289e-03,-4.081368446350097656e-03,-1.270660758018493652e-02
8.772432804107666016e-03,-4.172742366790771484e-03,-1.303192973136901855e-02
8.951753377914428711e-03,-4.217803478240966797e-03,-1.335816085338592529e-02
9.103477001190185547e-03,-4.190653562545776367e-03,-1.345472037792205811e-02
9.341150522232055664e-03,-4.232823848724365234e-03,-1.337118446826934814e-02
9.577184915542602539e-03,-4.225760698318481445e-03,-1.339612901210784912e-02
9.801626205444335938e-03,-4.204958677291870117e-03,-1.347209513187408447e-02
1.002120971679687500e-02,-3.981202840805053711e-03,-1.351168751716613770e-02
1.029852032661437988e-02,-3.700196743011474609e-03,-1.362250745296478271e-02
1.060634851455688477e-02,-3.392189741134643555e-03,-1.369598507881164551e-02
1.089671254158020020e-02,-3.049165010452270508e-03,-1.380488276481628418e-02
1.122781634330749512e-02,-2.705961465835571289e-03,-1.406612992286682129e-02
1.160094141960144043e-02,-2.476930618286132812e-03,-1.441942155361175537e-02
1.198387145996093750e-02,-2.321302890777587891e-03,-1.480294764041900635e-02
1.232072710990905762e-02,-2.193242311477661133e-03,-1.527902483940124512e-02
1.266643404960632324e-02,-2.038180828094482422e-03,-1.580908894538879395e-02
1.292487978935241699e-02,-1.960754394531250000e-03,-1.633931696414947510e-02
1.309269666671752930e-02,-1.872003078460693359e-03,-1.679982244968414307e-02
1.319929957389831543e-02,-1.785755157470703125e-03,-1.714585721492767334e-02
1.330122351646423340e-02,-1.682311296463012695e-03,-1.742935180664062500e-02
1.333618164062500000e-02,-1.682311296463012695e-03,-1.760609447956085205e-02
1.330515742301940918e-02,-1.671969890594482422e-03,-1.774996519088745117e-02
1.318362355232238770e-02,-1.710385084152221680e-03,-1.785455644130706787e-02
1.287627220153808594e-02,-1.724243164062500000e-03,-1.778995990753173828e-02
1.246005296707153320e-02,-1.790910959243774414e-03,-1.770289242267608643e-02
1.198071241378784180e-02,-1.799315214157104492e-03,-1.760350167751312256e-02
1.151758432388305664e-02,-1.780509948730468750e-03,-1.748026907444000244e-02
1.121991872787475586e-02,-1.912862062454223633e-03,-1.738661527633666992e-02
1.092475652694702148e-02,-2.040505409240722656e-03,-1.729747653007507324e-02
1.062172651290893555e-02,-2.078443765640258789e-03,-1.705038547515869141e-02
1.035088300704956055e-02,-2.108335494995117188e-03,-1.683376729488372803e-02
1.010546088218688965e-02,-2.211153507232666016e-03,-1.669226586818695068e-02
9.926706552505493164e-03,-2.256482839584350586e-03,-1.652708649635314941e-02
9.739339351654052734e-03,-2.310931682586669922e-03,-1.631352305412292480e-02
9.545534849166870117e-03,-2.320110797882080078e-03,-1.610983908176422119e-02
9.332537651062011719e-03,-2.248406410217285156e-03,-1.596456766128540039e-02
9.101778268814086914e-03,-2.163231372833251953e-03,-1.584146916866302490e-02
8.922070264816284180e-03,-2.060145139694213867e-03,-1.572407782077789307e-02
8.934229612350463867e-03,-1.995831727981567383e-03,-1.571550965309143066e-02
8.956819772720336914e-03,-1.893401145935058594e-03,-1.573343575000762939e-02
8.989721536636352539e-03,-1.732856035232543945e-03,-1.573608815670013428e-02
9.022802114486694336e-03,-1.603960990905761719e-03,-1.578097045421600342e-02
9.040623903274536133e-03,-1.576542854309082031e-03,-1.576730608940124512e-02
8.990824222564697266e-03,-1.557797193527221680e-03,-1.570251584053039551e-02
8.918434381484985352e-03,-1.550495624542236328e-03,-1.560606062412261963e-02
8.834451436996459961e-03,-1.534521579742431641e-03,-1.548521220684051514e-02
8.783072233200073242e-03,-1.556307077407836914e-03,-1.527644693851470947e-02
8.726179599761962891e-03,-1.551240682601928711e-03,-1.497739553451538086e-02
8.705377578735351562e-03,-1.546204090118408203e-03,-1.463773846626281738e-02
8.642017841339111328e-03,-1.571804285049438477e-03,-1.429970562458038330e-02
8.598327636718750000e-03,-1.602709293365478516e-03,-1.402772963047027588e-02
8.515030145645141602e-03,-1.689672470092773438e-03,-1.379489898681640625e-02
8.455485105514526367e-03,-1.769423484802246094e-03,-1.363308727741241455e-02
8.430868387222290039e-03,-1.848220825195312500e-03,-1.351290941238403320e-02
8.422613143920898438e-03,-1.928776502609252930e-03,-1.334682106971740723e-02
8.459329605102539062e-03,-1.957952976226806641e-03,-1.329956948757171631e-02
8.545219898223876953e-03,-1.990556716918945312e-03,-1.328754425048828125e-02
8.650779724121093750e-03,-2.046227455139160156e-03,-1.325236260890960693e-02
8.731693029403686523e-03,-1.960813999176025391e-03,-1.312792301177978516e-02
8.852243423461914062e-03,-1.920938491821289062e-03,-1.303991675376892090e-02
9.061276912689208984e-03,-1.895070075988769531e-03,-1.313248276710510254e-02
9.292691946029663086e-03,-1.872032880783081055e-03,-1.334224641323089600e-02
9.563118219375610352e-03,-1.901328563690185547e-03,-1.353999972343444824e-02
9.864509105682373047e-03,-1.974254846572875977e-03,-1.369394361972808838e-02
1.019200682640075684e-02,-2.065867185592651367e-03,-1.385183632373809814e-02
1.052778959274291992e-02,-2.146601676940917969e-03,-1.402050256729125977e-02
1.079347729682922363e-02,-2.232491970062255859e-03,-1.419174671173095703e-02
1.097771525382995605e-02,-2.342700958251953125e-03,-1.437011361122131348e-02
1.126974821090698242e-02,-2.357423305511474609e-03,-1.456117630004882812e-02
1.162508130073547363e-02,-2.445280551910400391e-03,-1.483473181724548340e-02
1.193001866340637207e-02,-2.533555030822753906e-03,-1.514177024364471436e-02
1.219755411148071289e-02,-2.653509378433227539e-03,-1.549914479255676270e-02
1.240247488021850586e-02,-2.799302339553833008e-03,-1.587419211864471436e-02
1.259961724281311035e-02,-2.941668033599853516e-03,-1.625137031078338623e-02
1.272878050804138184e-02,-2.989739179611206055e-03,-1.648113131523132324e-02
1.281344890594482422e-02,-2.997606992721557617e-03,-1.664587855339050293e-02
1.283657550811767578e-02,-3.067523241043090820e-03,-1.678869128227233887e-02
1.286411285400390625e-02,-3.101915121078491211e-03,-1.672680675983428955e-02
1.284906268119812012e-02,-3.126829862594604492e-03,-1.667755842208862305e-02
1.282891631126403809e-02,-3.156065940856933594e-03,-1.665650308132171631e-02
1.282590627670288086e-02,-3.093898296356201172e-03,-1.665560901165008545e-02
1.280191540718078613e-02,-3.009021282196044922e-03,-1.666390895843505859e-02
1.272505521774291992e-02,-2.968013286590576172e-03,-1.668678224086761475e-02
1.259475946426391602e-02,-2.909988164901733398e-03,-1.669238507747650146e-02
1.249921321868896484e-02,-2.821803092956542969e-03,-1.668779551982879639e-02
1.232007145881652832e-02,-2.745479345321655273e-03,-1.669101417064666748e-02
1.210165023803710938e-02,-2.711802721023559570e-03,-1.667538285255432129e-02
1.187506318092346191e-02,-2.682119607925415039e-03,-1.660175621509552002e-02
1.160445809364318848e-02,-2.711564302444458008e-03,-1.656419038772583008e-02
1.128873229026794434e-02,-2.762764692306518555e-03,-1.655188202857971191e-02
1.089626550674438477e-02,-2.790898084640502930e-03,-1.643259823322296143e-02
1.054459810256958008e-02,-2.895504236221313477e-03,-1.626671850681304932e-02
1.014026999473571777e-02,-3.004163503646850586e-03,-1.612181961536407471e-02
9.845018386840820312e-03,-3.041535615921020508e-03,-1.601649820804595947e-02
9.597927331924438477e-03,-3.111481666564941406e-03,-1.595543324947357178e-02
9.419590234756469727e-03,-3.142327070236206055e-03,-1.599851250648498535e-02
9.169489145278930664e-03,-3.145515918731689453e-03,-1.602430641651153564e-02
8.931308984756469727e-03,-3.105878829956054688e-03,-1.603882014751434326e-02
8.717983961105346680e-03,-3.008008003234863281e-03,-1.604719460010528564e-02
8.537560701370239258e-03,-2.926856279373168945e-03,-1.604519784450531006e-02
8.360475301742553711e-03,-2.804905176162719727e-03,-1.601313054561614990e-02
8.297502994537353516e-03,-2.690672874450683594e-03,-1.603551208972930908e-02
8.252441883087158203e-03,-2.536207437515258789e-03,-1.603369414806365967e-02
8.277148008346557617e-03,-2.432674169540405273e-03,-1.604168117046356201e-02
8.342802524566650391e-03,-2.251982688903808594e-03,-1.605136692523956299e-02
8.411407470703125000e-03,-2.147257328033447266e-03,-1.597622036933898926e-02
8.485585451126098633e-03,-2.038836479187011719e-03,-1.588881015777587891e-02
8.548796176910400391e-03,-2.019554376602172852e-03,-1.585063338279724121e-02
8.532851934432983398e-03,-1.952439546585083008e-03,-1.578915119171142578e-02
8.513242006301879883e-03,-1.898586750030517578e-03,-1.581959426403045654e-02
8.503198623657226562e-03,-1.850128173828125000e-03,-1.589697599411010742e-02
8.581995964050292969e-03,-1.840174198150634766e-03,-1.596617698669433594e-02
8.645087480545043945e-03,-1.785844564437866211e-03,-1.604039967060089111e-02
8.717447519302368164e-03,-1.698225736618041992e-03,-1.606322824954986572e-02
8.856445550918579102e-03,-1.586079597473144531e-03,-1.611301302909851074e-02
9.027332067489624023e-03,-1.415699720382690430e-03,-1.618835330009460449e-02
9.133458137512207031e-03,-1.285821199417114258e-03,-1.625663042068481445e-02
9.204059839248657227e-03,-1.109510660171508789e-03,-1.626956462860107422e-02
9.284466505050659180e-03,-9.660124778747558594e-04,-1.626078784465789795e-02
9.338647127151489258e-03,-8.726716041564941406e-04,-1.619790494441986084e-02
9.396970272064208984e-03,-7.864534854888916016e-04,-1.612176001071929932e-02
9.410738945007324219e-03,-7.318854331970214844e-04,-1.611770689487457275e-02
9.373933076858520508e-03,-6.663203239440917969e-04,-1.599307358264923096e-02
9.313315153121948242e-03,-6.592273712158203125e-04,-1.587878167629241943e-02
9.250760078430175781e-03,-6.037652492523193359e-04,-1.575933396816253662e-02
9.269654750823974609e-03,-5.776584148406982422e-04,-1.572550833225250244e-02
9.272247552871704102e-03,-5.993247032165527344e-04,-1.563742756843566895e-02
9.355932474136352539e-03,-6.195604801177978516e-04,-1.556566357612609863e-02
9.410232305526733398e-03,-7.494986057281494141e-04,-1.546496152877807617e-02
9.377717971801757812e-03,-8.739531040191650391e-04,-1.552924513816833496e-02
9.357959032058715820e-03,-1.011580228805541992e-03,-1.556172966957092285e-02
9.357959032058715820e-03,-1.011580228805541992e-03,-1.556172966957092285e-02
9.362280368804931641e-03,-1.216650009155273438e-03,-1.562456786632537842e-02
9.341657161712646484e-03,-1.530140638351440430e-03,-1.576007902622222900e-02
9.339332580566406250e-03,-1.849353313446044922e-03,-1.592622697353363037e-02
9.347170591354370117e-03,-2.164930105209350586e-03,-1.610539853572845459e-02
9.389549493789672852e-03,-2.453595399856567383e-03,-1.630319654941558838e-02
9.474217891693115234e-03,-2.691000699996948242e-03,-1.653805375099182129e-02
9.546011686325073242e-03,-2.891719341278076172e-03,-1.680754125118255615e-02
9.594410657882690430e-03,-3.057062625885009766e-03,-1.700116693973541260e-02
9.619355201721191406e-03,-3.122001886367797852e-03,-1.717767119407653809e-02
9.633392095565795898e-03,-3.162652254104614258e-03,-1.730084419250488281e-02
9.670376777648925781e-03,-3.180980682373046875e-03,-1.741963624954223633e-02
9.786218404769897461e-03,-3.221303224563598633e-03,-1.753155887126922607e-02
9.855628013610839844e-03,-3.256261348724365234e-03,-1.755055785179138184e-02
9.915024042129516602e-03,-3.388822078704833984e-03,-1.751816272735595703e-02
9.900778532028198242e-03,-3.486573696136474609e-03,-1.748509705066680908e-02
9.832471609115600586e-03,-3.473371267318725586e-03,-1.731085777282714844e-02
9.729415178298950195e-03,-3.488749265670776367e-03,-1.710376143455505371e-02
9.650498628616333008e-03,-3.560155630111694336e-03,-1.694031059741973877e-02
9.601533412933349609e-03,-3.707021474838256836e-03,-1.674723625183105469e-02
9.528905153274536133e-03,-3.771513700485229492e-03,-1.651211082935333252e-02
9.482443332672119141e-03,-3.822654485702514648e-03,-1.630201935768127441e-02
9.396255016326904297e-03,-3.830671310424804688e-03,-1.608535647392272949e-02
9.305983781814575195e-03,-3.831893205642700195e-03,-1.585648953914642334e-02
9.234935045242309570e-03,-3.855913877487182617e-03,-1.566243171691894531e-02
9.157925844192504883e-03,-3.871589899063110352e-03,-1.544548571109771729e-02
9.078860282897949219e-03,-3.937542438507080078e-03,-1.533612608909606934e-02
8.981466293334960938e-03,-4.111766815185546875e-03,-1.519523561000823975e-02
8.981466293334960938e-03,-4.111766815185546875e-03,-1.519523561000823975e-02
8.852332830429077148e-03,-4.271030426025390625e-03,-1.509059965610504150e-02
8.710503578186035156e-03,-4.419714212417602539e-03,-1.504521071910858154e-02
8.604466915130615234e-03,-4.532843828201293945e-03,-1.497831940650939941e-02
8.500576019287109375e-03,-4.684388637542724609e-03,-1.490955054759979248e-02
8.376687765121459961e-03,-4.819244146347045898e-03,-1.478259265422821045e-02
8.261114358901977539e-03,-4.946619272232055664e-03,-1.468303799629211426e-02
8.199125528335571289e-03,-5.082309246063232422e-03,-1.464420557022094727e-02
8.170723915100097656e-03,-5.187302827835083008e-03,-1.463337242603302002e-02
8.204162120819091797e-03,-5.306333303451538086e-03,-1.463922858238220215e-02
8.327007293701171875e-03,-5.428284406661987305e-03,-1.465101540088653564e-02
8.437126874923706055e-03,-5.552947521209716797e-03,-1.472163200378417969e-02
8.524149656295776367e-03,-5.682766437530517578e-03,-1.484392583370208740e-02
8.630156517028808594e-03,-5.845308303833007812e-03,-1.495936512947082520e-02
8.804678916931152344e-03,-6.041288375854492188e-03,-1.506499946117401123e-02
8.993625640869140625e-03,-6.230533123016357422e-03,-1.521359384059906006e-02
9.187370538711547852e-03,-6.351649761199951172e-03,-1.534876227378845215e-02
9.339809417724609375e-03,-6.440103054046630859e-03,-1.544706523418426514e-02
9.450256824493408203e-03,-6.469815969467163086e-03,-1.546528935432434082e-02
9.535491466522216797e-03,-6.489485502243041992e-03,-1.544065773487091064e-02
9.556353092193603516e-03,-6.503343582153320312e-03,-1.529642939567565918e-02
9.567081928253173828e-03,-6.507188081741333008e-03,-1.503080129623413086e-02
9.499251842498779297e-03,-6.543606519699096680e-03,-1.471750438213348389e-02
9.351551532745361328e-03,-6.663024425506591797e-03,-1.435039937496185303e-02
9.175091981887817383e-03,-6.771981716156005859e-03,-1.398158073425292969e-02
9.015917778015136719e-03,-6.958305835723876953e-03,-1.358461380004882812e-02
8.941560983657836914e-03,-7.138490676879882812e-03,-1.325431466102600098e-02
8.912146091461181641e-03,-7.287710905075073242e-03,-1.301619410514831543e-02
8.949935436248779297e-03,-7.330596446990966797e-03,-1.282727718353271484e-02
9.056091308593750000e-03,-7.251620292663574219e-03,-1.269771158695220947e-02
9.210795164108276367e-03,-7.103115320205688477e-03,-1.259194314479827881e-02
9.389311075210571289e-03,-6.960093975067138672e-03,-1.259016990661621094e-02
9.518563747406005859e-03,-6.804227828979492188e-03,-1.259069144725799561e-02
9.642481803894042969e-03,-6.668061017990112305e-03,-1.254741847515106201e-02
9.725540876388549805e-03,-6.587326526641845703e-03,-1.254469156265258789e-02
9.718596935272216797e-03,-6.564170122146606445e-03,-1.254503428936004639e-02
9.662866592407226562e-03,-6.582319736480712891e-03,-1.255564391613006592e-02
9.545445442199707031e-03,-6.688088178634643555e-03,-1.252619922161102295e-02
9.391754865646362305e-03,-6.822407245635986328e-03,-1.249517500400543213e-02
9.275645017623901367e-03,-6.953477859497070312e-03,-1.249723136425018311e-02
9.199887514114379883e-03,-7.016092538833618164e-03,-1.249627768993377686e-02
9.175121784210205078e-03,-7.018953561782836914e-03,-1.252153515815734863e-02
9.185284376144409180e-03,-6.956458091735839844e-03,-1.255485415458679199e-02
9.212523698806762695e-03,-6.887704133987426758e-03,-1.257492601871490479e-02
9.233564138412475586e-03,-6.777703762054443359e-03,-1.255649328231811523e-02
9.263664484024047852e-03,-6.714820861816406250e-03,-1.252438127994537354e-02
9.246766567230224609e-03,-6.613135337829589844e-03,-1.246282458305358887e-02
9.165734052658081055e-03,-6.487309932708740234e-03,-1.239153742790222168e-02
9.015738964080810547e-03,-6.388545036315917969e-03,-1.227955520153045654e-02
8.880764245986938477e-03,-6.341606378555297852e-03,-1.214291155338287354e-02
8.702546358108520508e-03,-6.301134824752807617e-03,-1.199750602245330811e-02
8.501976728439331055e-03,-6.307303905487060547e-03,-1.185595989227294922e-02
8.279502391815185547e-03,-6.325244903564453125e-03,-1.175469160079956055e-02
8.109301328659057617e-03,-6.421625614166259766e-03,-1.171921193599700928e-02
7.970035076141357422e-03,-6.460547447204589844e-03,-1.169833540916442871e-02
7.914453744888305664e-03,-6.498783826828002930e-03,-1.169246435165405273e-02
7.922828197479248047e-03,-6.505757570266723633e-03,-1.169352233409881592e-02
8.004724979400634766e-03,-6.458967924118041992e-03,-1.177471876144409180e-02
8.118867874145507812e-03,-6.372749805450439453e-03,-1.184441149234771729e-02
8.230358362197875977e-03,-6.265819072723388672e-03,-1.190400123596191406e-02
8.318096399307250977e-03,-6.170123815536499023e-03,-1.193824410438537598e-02
8.368670940399169922e-03,-6.092727184295654297e-03,-1.194648444652557373e-02
8.379459381103515625e-03,-6.052404642105102539e-03,-1.188288629055023193e-02
8.422762155532836914e-03,-6.092190742492675781e-03,-1.186108589172363281e-02
8.369326591491699219e-03,-6.166607141494750977e-03,-1.181028783321380615e-02
8.263796567916870117e-03,-6.241917610168457031e-03,-1.175464689731597900e-02
8.122175931930541992e-03,-6.321877241134643555e-03,-1.167802512645721436e-02
7.989436388015747070e-03,-6.378144025802612305e-03,-1.158459484577178955e-02
7.887989282608032227e-03,-6.394594907760620117e-03,-1.155197620391845703e-02
7.849305868148803711e-03,-6.390303373336791992e-03,-1.155133545398712158e-02
7.899820804595947266e-03,-6.357789039611816406e-03,-1.158593595027923584e-02
7.966876029968261719e-03,-6.374806165695190430e-03,-1.167626678943634033e-02
8.032143115997314453e-03,-6.428003311157226562e-03,-1.180127263069152832e-02
8.133709430694580078e-03,-6.459534168243408203e-03,-1.193195581436157227e-02
8.300811052322387695e-03,-6.467461585998535156e-03,-1.213859021663665771e-02
8.527457714080810547e-03,-6.437569856643676758e-03,-1.230837404727935791e-02
8.772462606430053711e-03,-6.345719099044799805e-03,-1.249125599861145020e-02
9.006470441818237305e-03,-6.281644105911254883e-03,-1.264290511608123779e-02
9.161740541458129883e-03,-6.213277578353881836e-03,-1.272286474704742432e-02
9.255766868591308594e-03,-6.170779466629028320e-03,-1.266692578792572021e-02
9.317159652709960938e-03,-6.153255701065063477e-03,-1.258414983749389648e-02
9.295254945755004883e-03,-6.120145320892333984e-03,-1.241177320480346680e-02
9.237080812454223633e-03,-6.075173616409301758e-03,-1.220540702342987061e-02
9.148329496383666992e-03,-6.066888570785522461e-03,-1.197418570518493652e-02
9.014785289764404297e-03,-6.066948175430297852e-03,-1.178286969661712646e-02
8.895188570022583008e-03,-6.084680557250976562e-03,-1.165778934955596924e-02
8.725464344024658203e-03,-6.108582019805908203e-03,-1.158860325813293457e-02
8.585065603256225586e-03,-6.079435348510742188e-03,-1.154837012290954590e-02
8.465826511383056641e-03,-6.026923656463623047e-03,-1.154363155364990234e-02
8.388400077819824219e-03,-5.928367376327514648e-03,-1.159164309501647949e-02
8.334875106811523438e-03,-5.823850631713867188e-03,-1.162897050380706787e-02
8.226126432418823242e-03,-5.756914615631103516e-03,-1.161430776119232178e-02
8.175104856491088867e-03,-5.686372518539428711e-03,-1.160821318626403809e-02
8.100092411041259766e-03,-5.597144365310668945e-03,-1.159833371639251709e-02
7.998436689376831055e-03,-5.532205104827880859e-03,-1.157476007938385010e-02
7.894307374954223633e-03,-5.462259054183959961e-03,-1.156026124954223633e-02
7.785081863403320312e-03,-5.381494760513305664e-03,-1.157410442829132080e-02
7.684558629989624023e-03,-5.386531352996826172e-03,-1.160041987895965576e-02
7.604897022247314453e-03,-5.370914936065673828e-03,-1.162868738174438477e-02
7.539093494415283203e-03,-5.353718996047973633e-03,-1.162610948085784912e-02
7.453501224517822266e-03,-5.336016416549682617e-03,-1.163356006145477295e-02
7.362931966781616211e-03,-5.342632532119750977e-03,-1.161056756973266602e-02
7.334470748901367188e-03,-5.335479974746704102e-03,-1.155589520931243896e-02
7.304519414901733398e-03,-5.299508571624755859e-03,-1.153585314750671387e-02
7.264494895935058594e-03,-5.231052637100219727e-03,-1.154077053070068359e-02
7.231682538986206055e-03,-5.157351493835449219e-03,-1.157027482986450195e-02
7.188409566879272461e-03,-5.081444978713989258e-03,-1.159523427486419678e-02
7.158637046813964844e-03,-5.007892847061157227e-03,-1.162937283515930176e-02
7.133305072784423828e-03,-4.865199327468872070e-03,-1.166424155235290527e-02
7.111102342605590820e-03,-4.792660474777221680e-03,-1.172140240669250488e-02
7.085382938385009766e-03,-4.745393991470336914e-03,-1.177577674388885498e-02
7.086277008056640625e-03,-4.709541797637939453e-03,-1.176495850086212158e-02
7.151782512664794922e-03,-4.687160253524780273e-03,-1.178841292858123779e-02
7.216811180114746094e-03,-4.617959260940551758e-03,-1.181232929229736328e-02
7.287770509719848633e-03,-4.493594169616699219e-03,-1.184707880020141602e-02
7.371157407760620117e-03,-4.365533590316772461e-03,-1.186917722225189209e-02
7.436543703079223633e-03,-4.238575696945190430e-03,-1.185759902000427246e-02
7.487148046493530273e-03,-4.129022359848022461e-03,-1.183158159255981445e-02
7.514625787734985352e-03,-4.070073366165161133e-03,-1.178066432476043701e-02
7.544815540313720703e-03,-4.045397043228149414e-03,-1.172013580799102783e-02
7.579922676086425781e-03,-4.068285226821899414e-03,-1.165296137332916260e-02
7.612347602844238281e-03,-4.053562879562377930e-03,-1.162011921405792236e-02
7.663130760192871094e-03,-4.004597663879394531e-03,-1.162900030612945557e-02
7.728844881057739258e-03,-3.923058509826660156e-03,-1.170134544372558594e-02
7.781565189361572266e-03,-3.842353820800781250e-03,-1.183125376701354980e-02
7.838785648345947266e-03,-3.832787275314331055e-03,-1.195912063121795654e-02
7.852941751480102539e-03,-3.846973180770874023e-03,-1.206238567829132080e-02
7.796466350555419922e-03,-3.847002983093261719e-03,-1.208548247814178467e-02
7.700711488723754883e-03,-3.872573375701904297e-03,-1.204304397106170654e-02
7.582157850265502930e-03,-3.894746303558349609e-03,-1.201915740966796875e-02
7.444798946380615234e-03,-3.925710916519165039e-03,-1.201011240482330322e-02
7.298380136489868164e-03,-3.937005996704101562e-03,-1.198579370975494385e-02
7.157176733016967773e-03,-3.982186317443847656e-03,-1.195676624774932861e-02
7.012963294982910156e-03,-4.009455442428588867e-03,-1.192738115787506104e-02
6.923526525497436523e-03,-4.052847623825073242e-03,-1.192292571067810059e-02
6.863236427307128906e-03,-4.078537225723266602e-03,-1.194477081298828125e-02
6.890475749969482422e-03,-4.086494445800781250e-03,-1.202513277530670166e-02
6.955265998840332031e-03,-4.114776849746704102e-03,-1.211678981781005859e-02
7.026553153991699219e-03,-4.147619009017944336e-03,-1.222842931747436523e-02
7.131516933441162109e-03,-4.119306802749633789e-03,-1.230345666408538818e-02
7.228881120681762695e-03,-4.042446613311767578e-03,-1.237617433071136475e-02
7.325917482376098633e-03,-3.972321748733520508e-03,-1.239016652107238770e-02
7.442742586135864258e-03,-3.933250904083251953e-03,-1.236899197101593018e-02
7.534444332122802734e-03,-3.951519727706909180e-03,-1.230059564113616943e-02
7.555574178695678711e-03,-4.002213478088378906e-03,-1.217438280582427979e-02
7.591277360916137695e-03,-4.065543413162231445e-03,-1.201564073562622070e-02
7.630854845046997070e-03,-4.103869199752807617e-03,-1.185636222362518311e-02
7.659137248992919922e-03,-4.147827625274658203e-03,-1.172988116741180420e-02
7.656753063201904297e-03,-4.190415143966674805e-03,-1.162192225456237793e-02
7.686346769332885742e-03,-4.206418991088867188e-03,-1.154629886150360107e-02
7.744729518890380859e-03,-4.202187061309814453e-03,-1.157307624816894531e-02
7.799118757247924805e-03,-4.144370555877685547e-03,-1.161567866802215576e-02
7.870048284530639648e-03,-4.060447216033935547e-03,-1.169416308403015137e-02
7.852494716644287109e-03,-4.019170999526977539e-03,-1.180243492126464844e-02
7.867783308029174805e-03,-3.980875015258789062e-03,-1.196719706058502197e-02
7.903069257736206055e-03,-3.951638936996459961e-03,-1.220428943634033203e-02
7.924854755401611328e-03,-3.961592912673950195e-03,-1.249395310878753662e-02
7.968008518218994141e-03,-3.992259502410888672e-03,-1.279363036155700684e-02
7.986217737197875977e-03,-3.998935222625732422e-03,-1.308336853981018066e-02
8.026212453842163086e-03,-3.974229097366333008e-03,-1.331248879432678223e-02
8.064448833465576172e-03,-3.908097743988037109e-03,-1.349011063575744629e-02
8.095175027847290039e-03,-3.848105669021606445e-03,-1.361812651157379150e-02
8.108079433441162109e-03,-3.784686326980590820e-03,-1.370771229267120361e-02
8.148759603500366211e-03,-3.656148910522460938e-03,-1.371020078659057617e-02
8.173733949661254883e-03,-3.543913364410400391e-03,-1.370280981063842773e-02
8.096545934677124023e-03,-3.430008888244628906e-03,-1.365591585636138916e-02
8.017987012863159180e-03,-3.375560045242309570e-03,-1.357908546924591064e-02
7.923901081085205078e-03,-3.376454114913940430e-03,-1.350125670433044434e-02
7.861584424972534180e-03,-3.355354070663452148e-03,-1.344683766365051270e-02
7.757663726806640625e-03,-3.363430500030517578e-03,-1.340632140636444092e-02
7.652699947357177734e-03,-3.440350294113159180e-03,-1.338465511798858643e-02
7.513523101806640625e-03,-3.520369529724121094e-03,-1.333871483802795410e-02
7.374912500381469727e-03,-3.594368696212768555e-03,-1.328930258750915527e-02
7.258772850036621094e-03,-3.689110279083251953e-03,-1.325282454490661621e-02
7.179379463195800781e-03,-3.744810819625854492e-03,-1.321418583393096924e-02
7.094085216522216797e-03,-3.724038600921630859e-03,-1.315885782241821289e-02
7.013171911239624023e-03,-3.695994615554809570e-03,-1.311419904232025146e-02
6.937235593795776367e-03,-3.664195537567138672e-03,-1.300048828125000000e-02
6.856769323348999023e-03,-3.607124090194702148e-03,-1.287931203842163086e-02
6.816327571868896484e-03,-3.538697957992553711e-03,-1.277115941047668457e-02
6.831884384155273438e-03,-3.483682870864868164e-03,-1.265968382358551025e-02
6.869852542877197266e-03,-3.426134586334228516e-03,-1.256896555423736572e-02
6.902009248733520508e-03,-3.363847732543945312e-03,-1.246404647827148438e-02
6.933540105819702148e-03,-3.273695707321166992e-03,-1.237231492996215820e-02
6.970256567001342773e-03,-3.194570541381835938e-03,-1.233379542827606201e-02
7.044851779937744141e-03,-3.109097480773925781e-03,-1.232218742370605469e-02
7.124125957489013672e-03,-3.114640712738037109e-03,-1.234015822410583496e-02
7.225751876831054688e-03,-3.111660480499267578e-03,-1.236005127429962158e-02
7.328927516937255859e-03,-3.121435642242431641e-03,-1.244956254959106445e-02
7.431060075759887695e-03,-3.137946128845214844e-03,-1.258806884288787842e-02
7.509082555770874023e-03,-3.137081861495971680e-03,-1.275014877319335938e-02
7.566839456558227539e-03,-3.136157989501953125e-03,-1.289209723472595215e-02
7.625758647918701172e-03,-3.115206956863403320e-03,-1.304267346858978271e-02
7.690250873565673828e-03,-3.080040216445922852e-03,-1.315408945083618164e-02
7.736742496490478516e-03,-3.010213375091552734e-03,-1.325029134750366211e-02
7.729858160018920898e-03,-2.929061651229858398e-03,-1.328316330909729004e-02
7.749706506729125977e-03,-2.852946519851684570e-03,-1.324276626110076904e-02
7.660925388336181641e-03,-2.772957086563110352e-03,-1.313500106334686279e-02
7.539272308349609375e-03,-2.700328826904296875e-03,-1.299324631690979004e-02
7.443666458129882812e-03,-2.654135227203369141e-03,-1.287119090557098389e-02
7.346600294113159180e-03,-2.641886472702026367e-03,-1.278579235076904297e-02
7.227659225463867188e-03,-2.680003643035888672e-03,-1.267541944980621338e-02
7.120043039321899414e-03,-2.762317657470703125e-03,-1.255497336387634277e-02
7.036179304122924805e-03,-2.883791923522949219e-03,-1.249551773071289062e-02
6.933510303497314453e-03,-3.081232309341430664e-03,-1.243320107460021973e-02
6.869763135910034180e-03,-3.325849771499633789e-03,-1.235929131507873535e-02
6.825059652328491211e-03,-3.582388162612915039e-03,-1.228968799114227295e-02
6.795465946197509766e-03,-3.833830356597900391e-03,-1.225893199443817139e-02
6.772130727767944336e-03,-4.050970077514648438e-03,-1.222313940525054932e-02
6.800621747970581055e-03,-4.193991422653198242e-03,-1.220822334289550781e-02
6.867915391921997070e-03,-4.257053136825561523e-03,-1.221668720245361328e-02
6.952106952667236328e-03,-4.230141639709472656e-03,-1.222808659076690674e-02
7.007330656051635742e-03,-4.153162240982055664e-03,-1.218511164188385010e-02
7.079422473907470703e-03,-4.032999277114868164e-03,-1.210455596446990967e-02
7.126063108444213867e-03,-3.827512264251708984e-03,-1.203140616416931152e-02
7.187604904174804688e-03,-3.638982772827148438e-03,-1.195295155048370361e-02
7.254362106323242188e-03,-3.515690565109252930e-03,-1.180636882781982422e-02
7.269263267517089844e-03,-3.440350294113159180e-03,-1.163472235202789307e-02
7.297754287719726562e-03,-3.426998853683471680e-03,-1.145410537719726562e-02
7.332444190979003906e-03,-3.477275371551513672e-03,-1.127839088439941406e-02
7.322788238525390625e-03,-3.611832857131958008e-03,-1.113685965538024902e-02
7.309645414352416992e-03,-3.850132226943969727e-03,-1.099228858947753906e-02
7.337868213653564453e-03,-4.104286432266235352e-03,-1.089644432067871094e-02
7.376998662948608398e-03,-4.308104515075683594e-03,-1.082935929298400879e-02
7.463723421096801758e-03,-4.464983940124511719e-03,-1.082126796245574951e-02
7.621675729751586914e-03,-4.511266946792602539e-03,-1.087076961994171143e-02
7.789701223373413086e-03,-4.482150077819824219e-03,-1.087035238742828369e-02
7.933825254440307617e-03,-4.311829805374145508e-03,-1.082324981689453125e-02
8.102774620056152344e-03,-4.115104675292968750e-03,-1.085701584815979004e-02
8.233696222305297852e-03,-3.877788782119750977e-03,-1.087312400341033936e-02
8.311957120895385742e-03,-3.674536943435668945e-03,-1.088503003120422363e-02
8.376538753509521484e-03,-3.508448600769042969e-03,-1.091960072517395020e-02
8.347243070602416992e-03,-3.468304872512817383e-03,-1.089163124561309814e-02
8.316993713378906250e-03,-3.461748361587524414e-03,-1.085622608661651611e-02
8.232027292251586914e-03,-3.558129072189331055e-03,-1.082439720630645752e-02
8.103340864181518555e-03,-3.713488578796386719e-03,-1.079206168651580811e-02
7.951796054840087891e-03,-3.892123699188232422e-03,-1.072454452514648438e-02
7.761090993881225586e-03,-4.093229770660400391e-03,-1.066704094409942627e-02
7.602363824844360352e-03,-4.256814718246459961e-03,-1.063844561576843262e-02
7.444947957992553711e-03,-4.390805959701538086e-03,-1.059795916080474854e-02
7.304191589355468750e-03,-4.458189010620117188e-03,-1.060202717781066895e-02
7.226556539535522461e-03,-4.414975643157958984e-03,-1.059727370738983154e-02
7.179170846939086914e-03,-4.274606704711914062e-03,-1.062233746051788330e-02
7.190883159637451172e-03,-4.113346338272094727e-03,-1.068292558193206787e-02
7.233560085296630859e-03,-3.961086273193359375e-03,-1.079770922660827637e-02
7.284879684448242188e-03,-3.808259963989257812e-03,-1.095539331436157227e-02
7.335931062698364258e-03,-3.680646419525146484e-03,-1.109571754932403564e-02
7.412075996398925781e-03,-3.578752279281616211e-03,-1.123887300491333008e-02
7.454186677932739258e-03,-3.546476364135742188e-03,-1.138426363468170166e-02
7.507026195526123047e-03,-3.591865301132202148e-03,-1.150102913379669189e-02
7.544577121734619141e-03,-3.669619560241699219e-03,-1.161515712738037109e-02
7.493644952774047852e-03,-3.767967224121093750e-03,-1.165667176246643066e-02
7.444679737091064453e-03,-3.871172666549682617e-03,-1.166346669197082520e-02
7.375568151473999023e-03,-3.973662853240966797e-03,-1.170697808265686035e-02
7.315039634704589844e-03,-4.033863544464111328e-03,-1.177151501178741455e-02
7.268935441970825195e-03,-4.045128822326660156e-03,-1.181907951831817627e-02
7.225990295410156250e-03,-3.977835178375244141e-03,-1.183837652206420898e-02
7.191807031631469727e-03,-3.893256187438964844e-03,-1.190766692161560059e-02
7.163077592849731445e-03,-3.794044256210327148e-03,-1.196272671222686768e-02
7.131993770599365234e-03,-3.695338964462280273e-03,-1.202555000782012939e-02
7.105767726898193359e-03,-3.631174564361572266e-03,-1.205915212631225586e-02
7.096052169799804688e-03,-3.587007522583007812e-03,-1.208597421646118164e-02
7.103472948074340820e-03,-3.563523292541503906e-03,-1.211895048618316650e-02
7.122308015823364258e-03,-3.571540117263793945e-03,-1.221282780170440674e-02
7.191389799118041992e-03,-3.617882728576660156e-03,-1.233133673667907715e-02
7.196694612503051758e-03,-3.543943166732788086e-03,-1.245264708995819092e-02
7.204592227935791016e-03,-3.482073545455932617e-03,-1.257000863552093506e-02
7.245838642120361328e-03,-3.432303667068481445e-03,-1.268468797206878662e-02
7.335394620895385742e-03,-3.404825925827026367e-03,-1.282799243927001953e-02
7.431775331497192383e-03,-3.404021263122558594e-03,-1.300443708896636963e-02
7.542341947555541992e-03,-3.445684909820556641e-03,-1.321931183338165283e-02
7.655829191207885742e-03,-3.556370735168457031e-03,-1.342006027698516846e-02
7.684737443923950195e-03,-3.567963838577270508e-03,-1.360438764095306396e-02
7.697612047195434570e-03,-3.578901290893554688e-03,-1.374030113220214844e-02
7.674694061279296875e-03,-3.560692071914672852e-03,-1.387457549571990967e-02
7.657200098037719727e-03,-3.524661064147949219e-03,-1.395699381828308105e-02
7.646620273590087891e-03,-3.436803817749023438e-03,-1.403282582759857178e-02
7.653295993804931641e-03,-3.339469432830810547e-03,-1.413464546203613281e-02
7.639646530151367188e-03,-3.230273723602294922e-03,-1.421491801738739014e-02
7.570952177047729492e-03,-3.130406141281127930e-03,-1.427836716175079346e-02
7.515072822570800781e-03,-3.046870231628417969e-03,-1.431606709957122803e-02
7.503688335418701172e-03,-3.017306327819824219e-03,-1.435825228691101074e-02
7.512360811233520508e-03,-3.060638904571533203e-03,-1.439523696899414062e-02
7.513016462326049805e-03,-3.124445676803588867e-03,-1.440547406673431396e-02
7.525682449340820312e-03,-3.133147954940795898e-03,-1.438786089420318604e-02
7.546126842498779297e-03,-3.130376338958740234e-03,-1.440353691577911377e-02
7.524043321609497070e-03,-3.190338611602783203e-03,-1.438987255096435547e-02
7.519781589508056641e-03,-3.185242414474487305e-03,-1.430764794349670410e-02
7.515341043472290039e-03,-3.126412630081176758e-03,-1.424536108970642090e-02
7.520616054534912109e-03,-3.023654222488403320e-03,-1.420751214027404785e-02
7.529407739639282227e-03,-2.906858921051025391e-03,-1.413054764270782471e-02
7.520526647567749023e-03,-2.746284008026123047e-03,-1.400347054004669189e-02
7.494509220123291016e-03,-2.591341733932495117e-03,-1.390318572521209717e-02
7.480442523956298828e-03,-2.410441637039184570e-03,-1.386006176471710205e-02
7.473826408386230469e-03,-2.230048179626464844e-03,-1.387125253677368164e-02
7.437258958816528320e-03,-2.061039209365844727e-03,-1.385834813117980957e-02
7.397770881652832031e-03,-1.974195241928100586e-03,-1.387384533882141113e-02
7.379204034805297852e-03,-1.936703920364379883e-03,-1.386782526969909668e-02
7.374107837677001953e-03,-1.916438341140747070e-03,-1.386739313602447510e-02
7.388651371002197266e-03,-1.928120851516723633e-03,-1.386314630508422852e-02
7.421195507049560547e-03,-1.968920230865478516e-03,-1.385468244552612305e-02
7.448732852935791016e-03,-2.002477645874023438e-03,-1.384355127811431885e-02
7.481873035430908203e-03,-2.009063959121704102e-03,-1.381172239780426025e-02
7.468342781066894531e-03,-2.007603645324707031e-03,-1.376330852508544922e-02
7.475674152374267578e-03,-2.021491527557373047e-03,-1.370505988597869873e-02
7.456332445144653320e-03,-1.968145370483398438e-03,-1.364602148532867432e-02
7.401794195175170898e-03,-1.869976520538330078e-03,-1.358610391616821289e-02
7.344573736190795898e-03,-1.771241426467895508e-03,-1.352332532405853271e-02
7.299572229385375977e-03,-1.681417226791381836e-03,-1.346892118453979492e-02
7.265448570251464844e-03,-1.606017351150512695e-03,-1.340693235397338867e-02
7.202148437500000000e-03,-1.605212688446044922e-03,-1.338763535022735596e-02
7.116526365280151367e-03,-1.630276441574096680e-03,-1.332947611808776855e-02
7.035881280899047852e-03,-1.668900251388549805e-03,-1.328329741954803467e-02
6.955504417419433594e-03,-1.736134290695190430e-03,-1.322206854820251465e-02
6.865292787551879883e-03,-1.846879720687866211e-03,-1.313614845275878906e-02
6.805181503295898438e-03,-2.043813467025756836e-03,-1.306445896625518799e-02
6.748408079147338867e-03,-2.235054969787597656e-03,-1.298739016056060791e-02
6.699293851852416992e-03,-2.404183149337768555e-03,-1.289081573486328125e-02
6.682783365249633789e-03,-2.489089965820312500e-03,-1.278416812419891357e-02
6.669014692306518555e-03,-2.543240785598754883e-03,-1.267103850841522217e-02
6.718665361404418945e-03,-2.534121274948120117e-03,-1.261799037456512451e-02
6.754696369171142578e-03,-2.501964569091796875e-03,-1.256972551345825195e-02
6.785392761230468750e-03,-2.470046281814575195e-03,-1.258276402950286865e-02
6.932348012924194336e-03,-2.441108226776123047e-03,-1.277768611907958984e-02
7.069975137710571289e-03,-2.419501543045043945e-03,-1.294733583927154541e-02
7.191240787506103516e-03,-2.409875392913818359e-03,-1.307418942451477051e-02
7.240623235702514648e-03,-2.395570278167724609e-03,-1.314388215541839600e-02
7.245093584060668945e-03,-2.419471740722656250e-03,-1.313161849975585938e-02
7.202893495559692383e-03,-2.452343702316284180e-03,-1.308804750442504883e-02
7.089942693710327148e-03,-2.448171377182006836e-03,-1.298020780086517334e-02
6.955146789550781250e-03,-2.455949783325195312e-03,-1.282151043415069580e-02
6.820082664489746094e-03,-2.420932054519653320e-03,-1.262614130973815918e-02
6.666511297225952148e-03,-2.391308546066284180e-03,-1.239767670631408691e-02
6.490319967269897461e-03,-2.360492944717407227e-03,-1.216211915016174316e-02
6.335228681564331055e-03,-2.326726913452148438e-03,-1.195266842842102051e-02
6.184875965118408203e-03,-2.309083938598632812e-03,-1.174992322921752930e-02
6.059348583221435547e-03,-2.288609743118286133e-03,-1.153412461280822754e-02
6.001561880111694336e-03,-2.278774976730346680e-03,-1.133930683135986328e-02
5.772054195404052734e-03,-2.271473407745361328e-03,-1.121275126934051514e-02
5.623489618301391602e-03,-2.280116081237792969e-03,-1.114486157894134521e-02
5.549997091293334961e-03,-2.272099256515502930e-03,-1.114372909069061279e-02
5.530416965484619141e-03,-2.232939004898071289e-03,-1.118980348110198975e-02
5.564332008361816406e-03,-2.150624990463256836e-03,-1.125267148017883301e-02
5.679070949554443359e-03,-2.017796039581298828e-03,-1.137478649616241455e-02
5.883067846298217773e-03,-1.866310834884643555e-03,-1.159034669399261475e-02
6.125330924987792969e-03,-1.716226339340209961e-03,-1.185287535190582275e-02
6.403774023056030273e-03,-1.582950353622436523e-03,-1.209673285484313965e-02
6.666421890258789062e-03,-1.445800065994262695e-03,-1.232697069644927979e-02
6.924062967300415039e-03,-1.333802938461303711e-03,-1.256953179836273193e-02
7.122576236724853516e-03,-1.188546419143676758e-03,-1.273480057716369629e-02
7.290542125701904297e-03,-1.033127307891845703e-03,-1.286008954048156738e-02
7.364600896835327148e-03,-8.797347545623779297e-04,-1.288196444511413574e-02
7.387429475784301758e-03,-7.389187812805175781e-04,-1.280681788921356201e-02
7.347673177719116211e-03,-6.445944309234619141e-04,-1.271744072437286377e-02
7.228940725326538086e-03,-5.856454372406005859e-04,-1.260115206241607666e-02
7.046490907669067383e-03,-5.592405796051025391e-04,-1.241831481456756592e-02
6.837666034698486328e-03,-5.179345607757568359e-04,-1.224862039089202881e-02
6.639182567596435547e-03,-4.652440547943115234e-04,-1.206964254379272461e-02
6.427824497222900391e-03,-3.955662250518798828e-04,-1.186335086822509766e-02
6.291091442108154297e-03,-3.316700458526611328e-04,-1.169125735759735107e-02
6.126582622528076172e-03,-3.047585487365722656e-04,-1.153767108917236328e-02
5.960643291473388672e-03,-3.098547458648681641e-04,-1.148232817649841309e-02
5.874156951904296875e-03,-3.526508808135986328e-04,-1.155938208103179932e-02
5.826145410537719727e-03,-4.422068595886230469e-04,-1.165613532066345215e-02
5.838721990585327148e-03,-5.434751510620117188e-04,-1.185315847396850586e-02
5.914330482482910156e-03,-6.089806556701660156e-04,-1.208049058914184570e-02
6.051689386367797852e-03,-6.448328495025634766e-04,-1.222194731235504150e-02
6.193220615386962891e-03,-6.553232669830322266e-04,-1.227462291717529297e-02
6.308227777481079102e-03,-6.868839263916015625e-04,-1.232235133647918701e-02
6.425440311431884766e-03,-6.786584854125976562e-04,-1.237566769123077393e-02
6.552398204803466797e-03,-6.681978702545166016e-04,-1.239626109600067139e-02
6.688416004180908203e-03,-6.388127803802490234e-04,-1.238657534122467041e-02
6.841957569122314453e-03,-6.001889705657958984e-04,-1.235856115818023682e-02
6.972610950469970703e-03,-5.736351013183593750e-04,-1.231379806995391846e-02
7.090151309967041016e-03,-5.627572536468505859e-04,-1.227280497550964355e-02
7.177710533142089844e-03,-5.381107330322265625e-04,-1.220250129699707031e-02
7.264614105224609375e-03,-5.526244640350341797e-04,-1.215586066246032715e-02
7.330626249313354492e-03,-6.075501441955566406e-04,-1.212860643863677979e-02
7.371515035629272461e-03,-6.670951843261718750e-04,-1.208581030368804932e-02
7.403343915939331055e-03,-7.496476173400878906e-04,-1.207982003688812256e-02
7.399231195449829102e-03,-8.297264575958251953e-04,-1.208063960075378418e-02
7.365822792053222656e-03,-9.142458438873291016e-04,-1.208561658859252930e-02
7.311761379241943359e-03,-9.822547435760498047e-04,-1.205119490623474121e-02
7.258385419845581055e-03,-1.055717468261718750e-03,-1.204018294811248779e-02
7.194042205810546875e-03,-1.121342182159423828e-03,-1.207241415977478027e-02
7.124722003936767578e-03,-1.202493906021118164e-03,-1.210708916187286377e-02
7.087647914886474609e-03,-1.272588968276977539e-03,-1.212494075298309326e-02
7.033467292785644531e-03,-1.307070255279541016e-03,-1.215985417366027832e-02
6.956666707992553711e-03,-1.331895589828491211e-03,-1.218363642692565918e-02
6.895810365676879883e-03,-1.378953456878662109e-03,-1.219134032726287842e-02
6.818294525146484375e-03,-1.400858163833618164e-03,-1.217631995677947998e-02
6.733298301696777344e-03,-1.454234123229980469e-03,-1.219789683818817139e-02
6.663173437118530273e-03,-1.544654369354248047e-03,-1.216882467269897461e-02
6.620824337005615234e-03,-1.672357320785522461e-03,-1.215119659900665283e-02
6.584703922271728516e-03,-1.804500818252563477e-03,-1.214173436164855957e-02
6.554275751113891602e-03,-1.943022012710571289e-03,-1.215970516204833984e-02
6.509572267532348633e-03,-2.039253711700439453e-03,-1.212806999683380127e-02
6.446629762649536133e-03,-2.153456211090087891e-03,-1.206818222999572754e-02
6.378859281539916992e-03,-2.261489629745483398e-03,-1.197941601276397705e-02
6.325811147689819336e-03,-2.305805683135986328e-03,-1.190450787544250488e-02
6.307125091552734375e-03,-2.357214689254760742e-03,-1.187120378017425537e-02
6.287604570388793945e-03,-2.413362264633178711e-03,-1.186572015285491943e-02
6.234049797058105469e-03,-2.417862415313720703e-03,-1.181767880916595459e-02
6.199419498443603516e-03,-2.401649951934814453e-03,-1.175522804260253906e-02
6.180197000503540039e-03,-2.363950014114379883e-03,-1.166342198848724365e-02
6.176859140396118164e-03,-2.328634262084960938e-03,-1.160143315792083740e-02
6.224274635314941406e-03,-2.270519733428955078e-03,-1.157978177070617676e-02
6.284743547439575195e-03,-2.208203077316284180e-03,-1.154956221580505371e-02
6.362020969390869141e-03,-2.174019813537597656e-03,-1.155403256416320801e-02
6.487816572189331055e-03,-2.157986164093017578e-03,-1.157784461975097656e-02
6.559729576110839844e-03,-2.155572175979614258e-03,-1.161491870880126953e-02
6.605029106140136719e-03,-2.160876989364624023e-03,-1.165165007114410400e-02
6.646096706390380859e-03,-2.163320779800415039e-03,-1.173736155033111572e-02
6.657600402832031250e-03,-2.188533544540405273e-03,-1.184192299842834473e-02
6.660938262939453125e-03,-2.248793840408325195e-03,-1.197068393230438232e-02
6.693661212921142578e-03,-2.307355403900146484e-03,-1.211880147457122803e-02
6.734877824783325195e-03,-2.388119697570800781e-03,-1.225966215133666992e-02
6.829231977462768555e-03,-2.436429262161254883e-03,-1.239863038063049316e-02
6.924450397491455078e-03,-2.475380897521972656e-03,-1.252974569797515869e-02
7.001608610153198242e-03,-2.472162246704101562e-03,-1.265439391136169434e-02
7.096081972122192383e-03,-2.518147230148315430e-03,-1.277220249176025391e-02
7.170677185058593750e-03,-2.545088529586791992e-03,-1.289039850234985352e-02
7.204085588455200195e-03,-2.589672803878784180e-03,-1.295109093189239502e-02
7.199347019195556641e-03,-2.649933099746704102e-03,-1.295499503612518311e-02
7.203817367553710938e-03,-2.707034349441528320e-03,-1.291647553443908691e-02
7.203936576843261719e-03,-2.741515636444091797e-03,-1.287750899791717529e-02
7.216483354568481445e-03,-2.767264842987060547e-03,-1.290108263492584229e-02
7.230758666992187500e-03,-2.796649932861328125e-03,-1.292978227138519287e-02
7.223993539810180664e-03,-2.870172262191772461e-03,-1.292815804481506348e-02
7.227480411529541016e-03,-2.934366464614868164e-03,-1.295672357082366943e-02
7.195264101028442383e-03,-3.015935420989990234e-03,-1.297654211521148682e-02
7.142603397369384766e-03,-3.122121095657348633e-03,-1.299431920051574707e-02
7.057636976242065430e-03,-3.218054771423339844e-03,-1.293849945068359375e-02
7.040590047836303711e-03,-3.329545259475708008e-03,-1.290112733840942383e-02
7.036000490188598633e-03,-3.436505794525146484e-03,-1.286369562149047852e-02
6.999611854553222656e-03,-3.523290157318115234e-03,-1.283133029937744141e-02
6.955862045288085938e-03,-3.555804491043090820e-03,-1.281604170799255371e-02
6.924271583557128906e-03,-3.567576408386230469e-03,-1.278269290924072266e-02
6.959319114685058594e-03,-3.598600625991821289e-03,-1.282094419002532959e-02
6.981879472732543945e-03,-3.625124692916870117e-03,-1.283808052539825439e-02
6.962716579437255859e-03,-3.636717796325683594e-03,-1.285453140735626221e-02
6.922066211700439453e-03,-3.647267818450927734e-03,-1.285527646541595459e-02
6.877303123474121094e-03,-3.686994314193725586e-03,-1.284992694854736328e-02
6.887972354888916016e-03,-3.733098506927490234e-03,-1.285341382026672363e-02
6.879299879074096680e-03,-3.820598125457763672e-03,-1.287342607975006104e-02
6.873250007629394531e-03,-3.914862871170043945e-03,-1.286421716213226318e-02
6.841540336608886719e-03,-4.002392292022705078e-03,-1.283930242061614990e-02
6.810218095779418945e-03,-4.083275794982910156e-03,-1.280905306339263916e-02
6.798475980758666992e-03,-4.119336605072021484e-03,-1.273192465305328369e-02
6.810039281845092773e-03,-4.108428955078125000e-03,-1.266485452651977539e-02
6.816297769546508789e-03,-4.070729017257690430e-03,-1.260587573051452637e-02
6.836354732513427734e-03,-4.006505012512207031e-03,-1.251141726970672607e-02
6.907224655151367188e-03,-3.923475742340087891e-03,-1.245637238025665283e-02
7.070481777191162109e-03,-3.890395164489746094e-03,-1.245306432247161865e-02
7.254600524902343750e-03,-3.843814134597778320e-03,-1.245206594467163086e-02
7.494568824768066406e-03,-3.776669502258300781e-03,-1.254492998123168945e-02
7.729470729827880859e-03,-3.735125064849853516e-03,-1.264496147632598877e-02
7.932275533676147461e-03,-3.726959228515625000e-03,-1.273536682128906250e-02
8.126139640808105469e-03,-3.731042146682739258e-03,-1.280665397644042969e-02
8.270680904388427734e-03,-3.741741180419921875e-03,-1.286043226718902588e-02
8.414447307586669922e-03,-3.765136003494262695e-03,-1.290668547153472900e-02
8.518189191818237305e-03,-3.820449113845825195e-03,-1.297965645790100098e-02
8.602589368820190430e-03,-3.855973482131958008e-03,-1.305320858955383301e-02
8.621305227279663086e-03,-3.898084163665771484e-03,-1.308038830757141113e-02
8.620887994766235352e-03,-3.925442695617675781e-03,-1.308923959732055664e-02
8.612662553787231445e-03,-3.953307867050170898e-03,-1.313427090644836426e-02
8.603662252426147461e-03,-3.964364528656005859e-03,-1.319117844104766846e-02
8.560329675674438477e-03,-3.970831632614135742e-03,-1.323918998241424561e-02
8.497059345245361328e-03,-3.933787345886230469e-03,-1.323057711124420166e-02
8.426815271377563477e-03,-3.883510828018188477e-03,-1.319353282451629639e-02
8.328109979629516602e-03,-3.843843936920166016e-03,-1.312276721000671387e-02
8.197456598281860352e-03,-3.837913274765014648e-03,-1.305055618286132812e-02
8.052021265029907227e-03,-3.841340541839599609e-03,-1.294860243797302246e-02
7.892757654190063477e-03,-3.844618797302246094e-03,-1.285260915756225586e-02
7.752239704132080078e-03,-3.846734762191772461e-03,-1.279647648334503174e-02
7.632404565811157227e-03,-3.896683454513549805e-03,-1.280869543552398682e-02
7.513642311096191406e-03,-3.942072391510009766e-03,-1.283442974090576172e-02
7.449746131896972656e-03,-4.005581140518188477e-03,-1.287965476512908936e-02
7.407128810882568359e-03,-4.050105810165405273e-03,-1.294963061809539795e-02
7.367044687271118164e-03,-4.064500331878662109e-03,-1.304900646209716797e-02
7.344186305999755859e-03,-4.075139760971069336e-03,-1.314188539981842041e-02
7.354080677032470703e-03,-4.055410623550415039e-03,-1.323150098323822021e-02
7.360965013504028320e-03,-4.042565822601318359e-03,-1.329639554023742676e-02
7.376551628112792969e-03,-3.989547491073608398e-03,-1.335629820823669434e-02
7.407844066619873047e-03,-3.946006298065185547e-03,-1.337987184524536133e-02
7.416069507598876953e-03,-3.920882940292358398e-03,-1.337350904941558838e-02
7.399797439575195312e-03,-3.924578428268432617e-03,-1.334789395332336426e-02
7.341772317886352539e-03,-3.927350044250488281e-03,-1.327005028724670410e-02
7.299214601516723633e-03,-3.904283046722412109e-03,-1.316022872924804688e-02
7.267862558364868164e-03,-3.881573677062988281e-03,-1.302544772624969482e-02
7.251054048538208008e-03,-3.825694322586059570e-03,-1.291197538375854492e-02
7.240384817123413086e-03,-3.783464431762695312e-03,-1.281420886516571045e-02
7.224857807159423828e-03,-3.746926784515380859e-03,-1.271644234657287598e-02
7.294505834579467773e-03,-3.753155469894409180e-03,-1.262740790843963623e-02
7.408142089843750000e-03,-3.768295049667358398e-03,-1.262895762920379639e-02
7.520318031311035156e-03,-3.821969032287597656e-03,-1.267436146736145020e-02
7.645845413208007812e-03,-3.892242908477783203e-03,-1.275959610939025879e-02
7.785081863403320312e-03,-3.916293382644653320e-03,-1.290446519851684570e-02
7.915526628494262695e-03,-3.935754299163818359e-03,-1.304711401462554932e-02
8.023738861083984375e-03,-3.953278064727783203e-03,-1.311518251895904541e-02
