3.634976968169212341e-02
3.634976968169212341e-02
3.534437343478202820e-02
3.545022755861282349e-02
3.509373590350151062e-02
3.458969295024871826e-02
3.453588858246803284e-02
3.464443981647491455e-02
3.463773056864738464e-02
3.470432013273239136e-02
3.483770415186882019e-02
3.505157306790351868e-02
3.531291708350181580e-02
3.540804237127304077e-02
3.549707680940628052e-02
3.554017469286918640e-02
3.544655442237854004e-02
3.522840887308120728e-02
3.505446016788482666e-02
3.488874435424804688e-02
