3.634978830814361572e-02
3.634978830814361572e-02
3.790728375315666199e-02
3.787994012236595154e-02
3.789159283041954041e-02
3.785100206732749939e-02
3.775375336408615112e-02
3.755135089159011841e-02
3.729477152228355408e-02
3.707269579172134399e-02
3.691798821091651917e-02
3.656421229243278503e-02
3.646359220147132874e-02
3.635754808783531189e-02
3.617064654827117920e-02
3.598846495151519775e-02
3.565175086259841919e-02
3.525725007057189941e-02
3.494723513722419739e-02
3.458102419972419739e-02
3.415157273411750793e-02
3.366457670927047729e-02
3.311130404472351074e-02
3.247079253196716309e-02
3.192199766635894775e-02
3.134265542030334473e-02
3.065725415945053101e-02
2.991359122097492218e-02
2.912076190114021301e-02
2.835647016763687134e-02
2.754705771803855896e-02
2.663919702172279358e-02
2.583467960357666016e-02
2.512031607329845428e-02
2.560739777982234955e-02
2.601313032209873199e-02
2.627884969115257263e-02
2.643230743706226349e-02
2.648413367569446564e-02
2.648573368787765503e-02
2.653940953314304352e-02
2.656182460486888885e-02
2.654636465013027191e-02
2.665520086884498596e-02
2.667405456304550171e-02
2.679887227714061737e-02
2.685600891709327698e-02
2.688554488122463226e-02
2.678249776363372803e-02
2.665033936500549316e-02
2.653396129608154297e-02
2.641474269330501556e-02
2.609862387180328369e-02
2.602160349488258362e-02
2.621663361787796021e-02
2.632757090032100677e-02
2.653686702251434326e-02
2.667158097028732300e-02
2.687294036149978638e-02
2.694248966872692108e-02
2.702772244811058044e-02
2.811684645712375641e-02
2.914035320281982422e-02
3.003094531595706940e-02
3.086912818253040314e-02
3.161844983696937561e-02
3.226995468139648438e-02
3.283291682600975037e-02
3.319005295634269714e-02
3.346587345004081726e-02
3.374754264950752258e-02
3.395006805658340454e-02
3.413798287510871887e-02
3.428752720355987549e-02
3.442300856113433838e-02
3.461299091577529907e-02
3.487821295857429504e-02
3.501969948410987854e-02
3.508828952908515930e-02
3.515309840440750122e-02
3.520051017403602600e-02
3.522611781954765320e-02
3.541547432541847229e-02
3.557226806879043579e-02
3.569652512669563293e-02
3.577502444386482239e-02
3.582167997956275940e-02
3.580226376652717590e-02
3.576790913939476013e-02
3.565976396203041077e-02
3.553457930684089661e-02
3.523380681872367859e-02
3.495712950825691223e-02
3.471206873655319214e-02
3.448213264346122742e-02
3.419219702482223511e-02
3.393264487385749817e-02
3.367724269628524780e-02
3.340014442801475525e-02
3.307079523801803589e-02
3.274571523070335388e-02
3.240345790982246399e-02
3.209769353270530701e-02
3.182166069746017456e-02
3.153717145323753357e-02
3.129102662205696106e-02
3.106577694416046143e-02
3.086589835584163666e-02
3.070953860878944397e-02
3.056364879012107849e-02
3.039021976292133331e-02
3.020732104778289795e-02
3.002110682427883148e-02
2.985295094549655914e-02
2.960092946887016296e-02
2.936381660401821136e-02
2.916620299220085144e-02
2.898453734815120697e-02
2.885863371193408966e-02
2.874358184635639191e-02
2.865062467753887177e-02
2.857906371355056763e-02
2.851366251707077026e-02
2.851707302033901215e-02
2.849888615310192108e-02
2.846128679811954498e-02
2.843079715967178345e-02
2.840749360620975494e-02
2.837004326283931732e-02
2.833056077361106873e-02
2.823831327259540558e-02
2.809914574027061462e-02
2.796497195959091187e-02
2.783753164112567902e-02
2.769438363611698151e-02
2.759304456412792206e-02
2.748734690248966217e-02
2.738943323493003845e-02
2.734838053584098816e-02
2.728696912527084351e-02
2.719326317310333252e-02
2.709193527698516846e-02
2.699078992009162903e-02
2.688837796449661255e-02
2.681580930948257446e-02
2.673570066690444946e-02
2.665408886969089508e-02
2.657950296998023987e-02
2.651078812777996063e-02
2.637721784412860870e-02
2.624790556728839874e-02
2.614180557429790497e-02
2.592489868402481079e-02
2.573145180940628052e-02
2.543475292623043060e-02
2.515720576047897339e-02
2.494132518768310547e-02
2.473439835011959076e-02
2.452883310616016388e-02
2.471684105694293976e-02
2.486789226531982422e-02
2.498121000826358795e-02
2.499261870980262756e-02
2.498903311789035797e-02
2.496474049985408783e-02
2.497988380491733551e-02
2.499240078032016754e-02
2.501952089369297028e-02
2.510194666683673859e-02
2.524475753307342529e-02
2.535415813326835632e-02
2.545981295406818390e-02
2.553309500217437744e-02
2.563243359327316284e-02
2.602399513125419617e-02
2.642176486551761627e-02
2.677861042320728302e-02
2.711130864918231964e-02
2.737748250365257263e-02
2.755299769341945648e-02
2.774419635534286499e-02
2.792066335678100586e-02
2.801994793117046356e-02
2.812165021896362305e-02
2.822682075202465057e-02
2.829220704734325409e-02
2.833771333098411560e-02
2.836524508893489838e-02
2.839427627623081207e-02
2.839616872370243073e-02
2.857342734932899475e-02
2.872392907738685608e-02
2.894346415996551514e-02
2.910728752613067627e-02
2.925185300409793854e-02
2.937482297420501709e-02
2.944860234856605530e-02
2.964802831411361694e-02
2.981254458427429199e-02
2.991460822522640228e-02
2.999115176498889923e-02
3.016235493123531342e-02
3.024946153163909912e-02
3.030384890735149384e-02
3.031549230217933655e-02
3.030860982835292816e-02
3.030439652502536774e-02
3.032777644693851471e-02
3.035247139632701874e-02
3.034203499555587769e-02
3.016442432999610901e-02
3.001219034194946289e-02
2.987631969153881073e-02
2.976184710860252380e-02
2.971607819199562073e-02
2.971501834690570831e-02
2.969412691891193390e-02
2.960027940571308136e-02
2.946135029196739197e-02
2.933150902390480042e-02
2.913835458457469940e-02
2.904125861823558807e-02
2.898510731756687164e-02
2.875233255326747894e-02
2.876423671841621399e-02
2.884939499199390411e-02
2.894260361790657043e-02
2.907728031277656555e-02
2.921896241605281830e-02
2.938121370971202850e-02
2.952176146209239960e-02
2.965754456818103790e-02
2.978214249014854431e-02
2.989625744521617889e-02
3.001393191516399384e-02
3.015501797199249268e-02
3.024168126285076141e-02
3.031730651855468750e-02
3.041798248887062073e-02
3.050678223371505737e-02
3.054893389344215393e-02
3.056886233389377594e-02
3.058373369276523590e-02
3.061378002166748047e-02
3.066504932940006256e-02
3.077769838273525238e-02
3.085964918136596680e-02
3.093303181231021881e-02
3.098151832818984985e-02
3.105256706476211548e-02
3.109221532940864563e-02
3.110808134078979492e-02
3.111842088401317596e-02
3.111783973872661591e-02
3.109744004905223846e-02
3.100603818893432617e-02
3.091416880488395691e-02
3.084222972393035889e-02
3.076999261975288391e-02
3.137707337737083435e-02
3.192817792296409607e-02
3.243248537182807922e-02
3.327616676688194275e-02
3.402177616953849792e-02
3.468016907572746277e-02
3.529229760169982910e-02
3.580237552523612976e-02
3.622502088546752930e-02
3.655888140201568604e-02
3.679097816348075867e-02
3.692994266748428345e-02
3.704213351011276245e-02
3.714143112301826477e-02
3.723218291997909546e-02
3.730852901935577393e-02
3.737701848149299622e-02
3.741038963198661804e-02
3.781302273273468018e-02
3.818218782544136047e-02
3.859575092792510986e-02
3.896568715572357178e-02
3.929141536355018616e-02
3.956872597336769104e-02
4.019505530595779419e-02
4.075128212571144104e-02
4.120535403490066528e-02
4.158985987305641174e-02
4.193028062582015991e-02
4.222774878144264221e-02
4.248716309666633606e-02
4.273113235831260681e-02
4.294256493449211121e-02
4.308772832155227661e-02
4.314066469669342041e-02
4.315348342061042786e-02
4.315162822604179382e-02
4.309013858437538147e-02
4.302297532558441162e-02
4.292220994830131531e-02
4.283501952886581421e-02
4.274062439799308777e-02
4.270324856042861938e-02
4.265288636088371277e-02
4.260496422648429871e-02
4.257536679506301880e-02
4.255566745996475220e-02
4.253701493144035339e-02
4.247891157865524292e-02
4.241670668125152588e-02
4.234143719077110291e-02
4.226009920239448547e-02
4.209889099001884460e-02
4.207208007574081421e-02
4.203770309686660767e-02
4.193101823329925537e-02
4.183412343263626099e-02
4.172586277127265930e-02
4.161877185106277466e-02
4.154006391763687134e-02
4.148389399051666260e-02
4.143679141998291016e-02
4.139407351613044739e-02
4.135023429989814758e-02
4.134062677621841431e-02
4.133011400699615479e-02
4.137957468628883362e-02
4.116549715399742126e-02
4.098463058471679688e-02
4.045639559626579285e-02
3.998927026987075806e-02
3.952491283416748047e-02
3.914065286517143250e-02
3.878258168697357178e-02
3.846015408635139465e-02
3.816504403948783875e-02
3.788512200117111206e-02
3.762973845005035400e-02
3.741024062037467957e-02
3.717996180057525635e-02
3.697196021676063538e-02
3.674054518342018127e-02
3.654284030199050903e-02
3.635891526937484741e-02
3.620373085141181946e-02
3.606998547911643982e-02
3.597050905227661133e-02
3.588616847991943359e-02
3.582116588950157166e-02
3.575659543275833130e-02
3.569134697318077087e-02
3.565339371562004089e-02
3.562176227569580078e-02
3.559136390686035156e-02
3.571474924683570862e-02
3.583625704050064087e-02
3.580957278609275818e-02
3.576821461319923401e-02
3.572478517889976501e-02
3.568021953105926514e-02
3.564671054482460022e-02
3.563656285405158997e-02
3.562777861952781677e-02
3.561048209667205811e-02
3.558249771595001221e-02
3.555176034569740295e-02
3.553816303610801697e-02
3.546345606446266174e-02
3.522249311208724976e-02
3.499381989240646362e-02
3.477733582258224487e-02
3.456404432654380798e-02
3.436772152781486511e-02
3.418640792369842529e-02
3.404757380485534668e-02
3.391331434249877930e-02
3.380203247070312500e-02
3.368390724062919617e-02
3.360155597329139709e-02
3.352610021829605103e-02
3.330798819661140442e-02
3.312832117080688477e-02
3.307835012674331665e-02
3.302368894219398499e-02
3.317281976342201233e-02
3.330672532320022583e-02
3.342642262578010559e-02
3.353247418999671936e-02
3.363206237554550171e-02
3.371313959360122681e-02
3.378406167030334473e-02
3.384163603186607361e-02
3.389032557606697083e-02
3.399635851383209229e-02
3.411294147372245789e-02
3.412503749132156372e-02
3.413756191730499268e-02
3.415610641241073608e-02
3.409926593303680420e-02
3.404270857572555542e-02
3.399501368403434753e-02
3.395200148224830627e-02
3.391741961240768433e-02
3.388760611414909363e-02
3.386502340435981750e-02
3.383735567331314087e-02
3.380258381366729736e-02
3.373007476329803467e-02
3.392999619245529175e-02
3.412966802716255188e-02
3.423355147242546082e-02
3.432831913232803345e-02
3.437914326786994934e-02
3.443148732185363770e-02
3.445842489600181580e-02
3.448853641748428345e-02
3.451171517372131348e-02
3.453138470649719238e-02
3.454662859439849854e-02
3.456367924809455872e-02
3.456049039959907532e-02
3.453477844595909119e-02
3.451443463563919067e-02
3.449237719178199768e-02
3.444773703813552856e-02
3.440402075648307800e-02
3.435712680220603943e-02
3.430540114641189575e-02
3.425851836800575256e-02
3.420901671051979065e-02
3.412908688187599182e-02
3.397066146135330200e-02
3.385088592767715454e-02
3.372687846422195435e-02
3.360434994101524353e-02
3.349348530173301697e-02
3.337041661143302917e-02
3.325564041733741760e-02
3.314850106835365295e-02
3.302272409200668335e-02
3.291196003556251526e-02
3.282875567674636841e-02
3.276920691132545471e-02
3.272746503353118896e-02
3.269715607166290283e-02
3.266629204154014587e-02
3.264814242720603943e-02
3.262381628155708313e-02
3.259523585438728333e-02
3.255806490778923035e-02
3.254830464720726013e-02
3.256130591034889221e-02
3.253722935914993286e-02
3.251488134264945984e-02
3.248696401715278625e-02
3.245548903942108154e-02
3.241438418626785278e-02
3.238354623317718506e-02
3.223430737853050232e-02
3.212421387434005737e-02
3.201489150524139404e-02
3.192296996712684631e-02
3.183106705546379089e-02
3.174595162272453308e-02
3.168346732854843140e-02
3.162013739347457886e-02
3.156442195177078247e-02
3.152234479784965515e-02
3.149482607841491699e-02
3.148289769887924194e-02
3.147039189934730530e-02
3.146439418196678162e-02
3.145080432295799255e-02
3.143209964036941528e-02
3.137855976819992065e-02
3.132358938455581665e-02
3.126578032970428467e-02
3.122029453516006470e-02
3.118677251040935516e-02
3.116887807846069336e-02
3.125181794166564941e-02
3.132166713476181030e-02
3.139166161417961121e-02
3.200969099998474121e-02
3.255884349346160889e-02
3.306241706013679504e-02
3.351817280054092407e-02
3.391704335808753967e-02
3.427162766456604004e-02
3.457079082727432251e-02
3.483454883098602295e-02
3.487784415483474731e-02
3.491763025522232056e-02
3.496722131967544556e-02
3.499772027134895325e-02
3.502775356173515320e-02
3.504689410328865051e-02
3.504156693816184998e-02
3.503081947565078735e-02
3.532549738883972168e-02
3.559239208698272705e-02
3.583840653300285339e-02
3.606691956520080566e-02
3.627622127532958984e-02
3.648614138364791870e-02
3.667014092206954956e-02
3.681464120745658875e-02
3.693836927413940430e-02
3.708516806364059448e-02
3.720812126994132996e-02
3.730311244726181030e-02
3.737422451376914978e-02
3.741703927516937256e-02
3.743047639727592468e-02
3.740694001317024231e-02
3.736140951514244080e-02
3.731223940849304199e-02
3.726412728428840637e-02
3.719610348343849182e-02
3.697101026773452759e-02
3.676266968250274658e-02
3.657570481300354004e-02
3.643270209431648254e-02
3.630202636122703552e-02
3.618302941322326660e-02
3.609006106853485107e-02
3.599886223673820496e-02
3.589547798037528992e-02
3.578984737396240234e-02
3.569545969367027283e-02
3.560455888509750366e-02
3.551749885082244873e-02
3.542995080351829529e-02
3.533419594168663025e-02
3.520587086677551270e-02
3.508230671286582947e-02
3.496386855840682983e-02
3.487346693873405457e-02
3.476243093609809875e-02
3.464628383517265320e-02
3.454577550292015076e-02
3.444435074925422668e-02
3.435006365180015564e-02
3.424661979079246521e-02
3.414928913116455078e-02
3.406120836734771729e-02
3.396072611212730408e-02
3.387452289462089539e-02
3.369962424039840698e-02
3.354092314839363098e-02
3.355944529175758362e-02
3.356337547302246094e-02
3.355390951037406921e-02
3.353915736079216003e-02
3.351037949323654175e-02
3.347445651888847351e-02
3.345195204019546509e-02
3.344769403338432312e-02
3.345802053809165955e-02
3.347540646791458130e-02
3.350528329610824585e-02
3.349829837679862976e-02
3.349497541785240173e-02
3.348909318447113037e-02
3.339657187461853027e-02
3.331159055233001709e-02
3.321633860468864441e-02
3.311913087964057922e-02
3.296394273638725281e-02
3.283313661813735962e-02
3.274245932698249817e-02
3.250091150403022766e-02
3.227687999606132507e-02
3.208502754569053650e-02
3.192654624581336975e-02
3.177289292216300964e-02
3.162506222724914551e-02
3.149510174989700317e-02
3.137347474694252014e-02
3.126543760299682617e-02
3.116567991673946381e-02
3.108972311019897461e-02
3.101883083581924438e-02
3.096513822674751282e-02
3.091203793883323669e-02
3.086193837225437164e-02
3.080632537603378296e-02
3.075626492500305176e-02
3.070742823183536530e-02
3.064522147178649902e-02
3.058400936424732208e-02
3.053450398147106171e-02
3.049126639962196350e-02
3.044269792735576630e-02
3.040427528321743011e-02
3.036703541874885559e-02
3.029756061732769012e-02
3.022047132253646851e-02
3.015807084739208221e-02
3.010247647762298584e-02
3.006700985133647919e-02
3.003077395260334015e-02
3.000131994485855103e-02
3.005877882242202759e-02
3.012265451252460480e-02
3.018320724368095398e-02
3.023526631295681000e-02
3.028627671301364899e-02
3.032509423792362213e-02
3.035518154501914978e-02
3.037591837346553802e-02
3.041148930788040161e-02
3.046707995235919952e-02
3.051377832889556885e-02
3.042354434728622437e-02
3.033902868628501892e-02
3.026320412755012512e-02
3.018602170050144196e-02
3.011887520551681519e-02
3.005861118435859680e-02
2.999970130622386932e-02
2.992410026490688324e-02
2.985246852040290833e-02
2.978056110441684723e-02
2.971748821437358856e-02
2.966168895363807678e-02
2.960434369742870331e-02
2.954724803566932678e-02
2.942862175405025482e-02
2.932669781148433685e-02
2.923843823373317719e-02
2.915795519948005676e-02
2.908686734735965729e-02
2.902025170624256134e-02
2.896707132458686829e-02
2.919865399599075317e-02
2.941291034221649170e-02
2.960002794861793518e-02
2.978985011577606201e-02
2.996119484305381775e-02
3.011480160057544708e-02
3.014736808836460114e-02
3.018199466168880463e-02
3.021709248423576355e-02
3.025123663246631622e-02
3.040700219571590424e-02
3.059026785194873810e-02
3.075283765792846680e-02
3.090077266097068787e-02
3.103601559996604919e-02
3.115974739193916321e-02
3.124971874058246613e-02
3.132681921124458313e-02
3.139287605881690979e-02
3.144876286387443542e-02
3.147729486227035522e-02
3.149682655930519104e-02
3.150859102606773376e-02
3.150786831974983215e-02
3.151147812604904175e-02
3.150917962193489075e-02
3.148546814918518066e-02
3.189719840884208679e-02
3.228973597288131714e-02
3.263862431049346924e-02
3.293975815176963806e-02
3.320532664656639099e-02
3.346245363354682922e-02
3.367935866117477417e-02
3.386074304580688477e-02
3.401856496930122375e-02
3.414428979158401489e-02
3.427118435502052307e-02
3.439455479383468628e-02
3.450346365571022034e-02
3.459770232439041138e-02
3.467620536684989929e-02
3.481966629624366760e-02
3.493346646428108215e-02
3.502122685313224792e-02
3.509216383099555969e-02
3.518399223685264587e-02
3.525437787175178528e-02
3.531816601753234863e-02
3.538664430379867554e-02
3.544791042804718018e-02
3.550550341606140137e-02
3.555312380194664001e-02
3.558739274740219116e-02
3.563240170478820801e-02
3.567202389240264893e-02
3.570795431733131409e-02
3.573758155107498169e-02
3.576365113258361816e-02
3.578042611479759216e-02
3.578042611479759216e-02
3.578042611479759216e-02
3.579063713550567627e-02
3.578013181686401367e-02
3.577545657753944397e-02
3.577231243252754211e-02
3.576391935348510742e-02
3.576291352510452271e-02
3.572063148021697998e-02
3.568445518612861633e-02
3.565106168389320374e-02
3.562334552407264709e-02
3.559441119432449341e-02
3.556540235877037048e-02
3.553587570786476135e-02
3.550156950950622559e-02
3.491742536425590515e-02
3.439576923847198486e-02
3.393178060650825500e-02
3.352826088666915894e-02
3.318544104695320129e-02
3.289118409156799316e-02
3.263235837221145630e-02
3.239842876791954041e-02
3.219530358910560608e-02
3.200995549559593201e-02
3.181638196110725403e-02
3.164875879883766174e-02
3.150296956300735474e-02
3.137271851301193237e-02
3.127255290746688843e-02
3.117530979216098785e-02
3.107318840920925140e-02
3.100642561912536621e-02
3.094727545976638794e-02
3.089906461536884308e-02
3.083469346165657043e-02
3.077603317797183990e-02
3.068180195987224579e-02
3.059252724051475525e-02
3.055262938141822815e-02
3.052149899303913116e-02
3.072815202176570892e-02
3.092047572135925293e-02
3.108406998217105865e-02
3.122343122959136963e-02
3.135463595390319824e-02
3.147369250655174255e-02
3.158133849501609802e-02
3.184543922543525696e-02
3.207856789231300354e-02
3.226355835795402527e-02
3.243873268365859985e-02
3.259548917412757874e-02
3.265405818819999695e-02
3.269000351428985596e-02
3.271013870835304260e-02
3.272253647446632385e-02
3.272835165262222290e-02
3.271751478314399719e-02
3.264791890978813171e-02
3.258726745843887329e-02
3.253367543220520020e-02
3.248371183872222900e-02
3.239493444561958313e-02
3.265925869345664978e-02
3.292083367705345154e-02
3.315214440226554871e-02
3.336002305150032043e-02
3.354546427726745605e-02
3.370724990963935852e-02
3.384265676140785217e-02
3.346080332994461060e-02
3.312537074089050293e-02
3.281945735216140747e-02
3.255648538470268250e-02
3.232159465551376343e-02
3.213581070303916931e-02
3.196936100721359253e-02
3.183044865727424622e-02
3.170204162597656250e-02
3.158898651599884033e-02
3.151271864771842957e-02
3.144217655062675476e-02
3.137370198965072632e-02
3.130536526441574097e-02
3.123950213193893433e-02
3.117954544723033905e-02
3.113839589059352875e-02
3.108812868595123291e-02
3.098776936531066895e-02
3.088960796594619751e-02
3.076426126062870026e-02
3.064612112939357758e-02
3.053772076964378357e-02
3.043965436518192291e-02
3.036249056458473206e-02
3.029280714690685272e-02
3.019707091152667999e-02
3.011311404407024384e-02
3.051356971263885498e-02
3.087345883250236511e-02
3.119757771492004395e-02
3.149175643920898438e-02
3.175432980060577393e-02
3.198899328708648682e-02
3.220092505216598511e-02
3.238130360841751099e-02
3.253893926739692688e-02
3.267259150743484497e-02
3.279085829854011536e-02
3.289317339658737183e-02
3.298349305987358093e-02
3.306055441498756409e-02
3.312428668141365051e-02
3.318203985691070557e-02
3.322639688849449158e-02
3.325816243886947632e-02
3.327975422143936157e-02
3.327756002545356750e-02
3.327657282352447510e-02
3.327023983001708984e-02
3.325984999537467957e-02
3.325309231877326965e-02
3.324830904603004456e-02
3.324283286929130554e-02
3.325420990586280823e-02
3.326419740915298462e-02
3.326639160513877869e-02
3.326945006847381592e-02
3.326985239982604980e-02
3.327339515089988708e-02
3.327585384249687195e-02
3.330663591623306274e-02
3.333199024200439453e-02
3.335431590676307678e-02
3.336440026760101318e-02
3.336761146783828735e-02
3.336982801556587219e-02
3.336853533983230591e-02
3.336078301072120667e-02
3.335388749837875366e-02
3.335214406251907349e-02
3.336029872298240662e-02
3.337608650326728821e-02
3.338907659053802490e-02
3.340141475200653076e-02
3.340470790863037109e-02
3.341683372855186462e-02
3.342510387301445007e-02
3.343188762664794922e-02
3.343113884329795837e-02
3.342856466770172119e-02
3.342391178011894226e-02
3.342305123805999756e-02
3.341426327824592590e-02
3.342575207352638245e-02
3.343836218118667603e-02
3.345663845539093018e-02
3.348699957132339478e-02
3.348719328641891479e-02
3.348326310515403748e-02
3.347568213939666748e-02
3.347449749708175659e-02
3.342565149068832397e-02
3.338242694735527039e-02
3.334288299083709717e-02
3.331017121672630310e-02
3.328150138258934021e-02
3.324969857931137085e-02
3.321779891848564148e-02
3.318470716476440430e-02
3.315197303891181946e-02
3.312158212065696716e-02
3.309516608715057373e-02
3.307168185710906982e-02
3.304885700345039368e-02
3.303066268563270569e-02
3.301237523555755615e-02
3.299356624484062195e-02
3.297287598252296448e-02
3.294634073972702026e-02
3.292004019021987915e-02
3.288627043366432190e-02
3.284433484077453613e-02
3.279880806803703308e-02
3.275074064731597900e-02
3.271183371543884277e-02
3.267337754368782043e-02
3.263768553733825684e-02
3.260787203907966614e-02
3.257574141025543213e-02
3.254369646310806274e-02
3.251258656382560730e-02
3.248071298003196716e-02
3.245045617222785950e-02
3.241988644003868103e-02
3.238992020487785339e-02
3.236273303627967834e-02
3.233778849244117737e-02
3.231630474328994751e-02
3.228786215186119080e-02
3.227332606911659241e-02
3.227598592638969421e-02
3.226561471819877625e-02
3.225488588213920593e-02
3.225660696625709534e-02
3.227839246392250061e-02
3.229039534926414490e-02
3.230419754981994629e-02
3.231214731931686401e-02
3.231403231620788574e-02
3.231729567050933838e-02
3.232749551534652710e-02
3.233859315514564514e-02
3.234793618321418762e-02
3.235101699829101562e-02
3.235215321183204651e-02
3.235344588756561279e-02
3.236068785190582275e-02
3.235801681876182556e-02
3.236028552055358887e-02
3.235993534326553345e-02
3.235811740159988403e-02
3.234168142080307007e-02
3.229470178484916687e-02
3.224362060427665710e-02
3.219043090939521790e-02
3.214077278971672058e-02
3.208618238568305969e-02
3.197622299194335938e-02
3.191830590367317200e-02
3.189468383789062500e-02
3.187181055545806885e-02
3.184726834297180176e-02
3.178158774971961975e-02
3.171249479055404663e-02
3.164675459265708923e-02
3.159023076295852661e-02
3.155020996928215027e-02
3.151313215494155884e-02
3.147934004664421082e-02
3.145034611225128174e-02
3.142505884170532227e-02
3.140597790479660034e-02
3.139353543519973755e-02
3.140588104724884033e-02
3.141685947775840759e-02
3.142897039651870728e-02
3.143325075507164001e-02
3.128063306212425232e-02
3.111111186444759369e-02
3.095762990415096283e-02
3.081850521266460419e-02
3.069130517542362213e-02
3.057808987796306610e-02
3.047744370996952057e-02
3.038555942475795746e-02
3.030546382069587708e-02
3.022351302206516266e-02
3.014923259615898132e-02
3.008413873612880707e-02
3.002732060849666595e-02
2.997190319001674652e-02
3.009266220033168793e-02
3.019910492002964020e-02
3.029159083962440491e-02
3.037215955555438995e-02
3.044508956372737885e-02
3.051123395562171936e-02
3.050570748746395111e-02
3.049884736537933350e-02
3.050119057297706604e-02
3.050048649311065674e-02
3.049767203629016876e-02
3.049382567405700684e-02
3.055738098919391632e-02
3.061404451727867126e-02
3.066585212945938110e-02
3.070503845810890198e-02
3.073826991021633148e-02
3.076685033738613129e-02
3.079544752836227417e-02
3.083258494734764099e-02
3.084160760045051575e-02
3.094248659908771515e-02
3.103886730968952179e-02
3.112447448074817657e-02
3.120092675089836121e-02
3.126329556107521057e-02
3.132095932960510254e-02
3.137282282114028931e-02
3.141683340072631836e-02
3.143496066331863403e-02
3.143982961773872375e-02
3.143639490008354187e-02
3.142975270748138428e-02
3.141453117132186890e-02
3.123189881443977356e-02
3.107625618577003479e-02
3.095322847366333008e-02
3.083225525915622711e-02
3.071983158588409424e-02
3.061845339834690094e-02
3.053259290754795074e-02
3.045377507805824280e-02
3.039020858705043793e-02
3.032879903912544250e-02
3.028345108032226562e-02
3.024496138095855713e-02
3.020945191383361816e-02
3.017215617001056671e-02
3.014038130640983582e-02
3.008060716092586517e-02
3.002095408737659454e-02
2.994689345359802246e-02
2.987916767597198486e-02
2.987916767597198486e-02
2.987916767597198486e-02
2.987916767597198486e-02
2.981806732714176178e-02
2.975964546203613281e-02
2.970294281840324402e-02
2.965095080435276031e-02
2.960077859461307526e-02
2.955662272870540619e-02
2.953589707612991333e-02
2.951465174555778503e-02
2.949203737080097198e-02
2.946786582469940186e-02
2.944753691554069519e-02
2.943583391606807709e-02
2.942075207829475403e-02
2.940588630735874176e-02
2.938812598586082458e-02
2.938491106033325195e-02
2.937595918774604797e-02
2.937040105462074280e-02
2.935121022164821625e-02
2.932957373559474945e-02
2.930507995188236237e-02
2.927902154624462128e-02
2.925314567983150482e-02
2.922400832176208496e-02
2.919867821037769318e-02
2.917895279824733734e-02
2.915409021079540253e-02
2.912867069244384766e-02
2.904312498867511749e-02
2.895788848400115967e-02
2.887410484254360199e-02
2.879590541124343872e-02
2.874883078038692474e-02
2.870970405638217926e-02
2.867268584668636322e-02
2.863091975450515747e-02
2.860704250633716583e-02
2.859693020582199097e-02
2.858787402510643005e-02
2.858231775462627411e-02
2.858357317745685577e-02
2.858969382941722870e-02
2.860850468277931213e-02
2.862172760069370270e-02
2.863129414618015289e-02
2.864230051636695862e-02
2.865153364837169647e-02
2.866180427372455597e-02
2.866979688405990601e-02
2.868332900106906891e-02
2.865233644843101501e-02
2.862781472504138947e-02
2.862556464970111847e-02
2.862184867262840271e-02
2.861443348228931427e-02
2.860354073345661163e-02
2.859639376401901245e-02
2.859992720186710358e-02
2.859306894242763519e-02
2.857722714543342590e-02
2.854737639427185059e-02
2.851409278810024261e-02
2.848664671182632446e-02
2.846235223114490509e-02
2.843523584306240082e-02
2.840672247111797333e-02
2.837718836963176727e-02
2.834395505487918854e-02
2.831344120204448700e-02
2.828678302466869354e-02
2.825989015400409698e-02
2.823889255523681641e-02
2.822003327310085297e-02
2.818838693201541901e-02
2.816308848559856415e-02
2.813676744699478149e-02
2.812509052455425262e-02
2.811678685247898102e-02
2.810437604784965515e-02
2.808965370059013367e-02
2.807609923183917999e-02
2.806514501571655273e-02
2.804835699498653412e-02
2.802539430558681488e-02
2.799955010414123535e-02
2.796884626150131226e-02
2.794483862817287445e-02
2.791309915482997894e-02
2.800400927662849426e-02
2.808430045843124390e-02
2.815127372741699219e-02
2.819122374057769775e-02
2.822716534137725830e-02
2.822538465261459351e-02
2.821990102529525757e-02
2.821354940533638000e-02
2.821008674800395966e-02
2.820891700685024261e-02
2.820570580661296844e-02
2.820670045912265778e-02
2.818579785525798798e-02
2.816653624176979065e-02
2.815247885882854462e-02
2.814426459372043610e-02
2.813312970101833344e-02
2.811978198587894440e-02
2.810397744178771973e-02
2.809418737888336182e-02
2.808784134685993195e-02
2.808030880987644196e-02
2.806573174893856049e-02
2.804225496947765350e-02
2.801675908267498016e-02
2.799153886735439301e-02
2.797452546656131744e-02
2.795916981995105743e-02
2.793461829423904419e-02
2.790986187756061554e-02
2.785183116793632507e-02
2.779616415500640869e-02
2.774759940803050995e-02
2.770134434103965759e-02
2.765378914773464203e-02
2.761500328779220581e-02
2.758141607046127319e-02
2.755434252321720123e-02
2.753580920398235321e-02
2.751770429313182831e-02
2.750126086175441742e-02
2.748648263514041901e-02
2.745930850505828857e-02
2.743498235940933228e-02
2.741513587534427643e-02
2.739967592060565948e-02
2.741385251283645630e-02
2.740344591438770294e-02
2.739257365465164185e-02
2.737232111394405365e-02
2.734891138970851898e-02
2.731847576797008514e-02
2.729392983019351959e-02
2.727187983691692352e-02
2.724758721888065338e-02
2.720625326037406921e-02
2.717052027583122253e-02
2.713488414883613586e-02
2.709775045514106750e-02
2.706914395093917847e-02
2.704052254557609558e-02
2.701247110962867737e-02
2.698592655360698700e-02
2.696228958666324615e-02
2.693445794284343719e-02
2.690936811268329620e-02
2.688493579626083374e-02
2.686477638781070709e-02
2.684436552226543427e-02
2.682321704924106598e-02
2.680497244000434875e-02
2.679393254220485687e-02
2.678738720715045929e-02
2.678703516721725464e-02
2.678327262401580811e-02
2.677251771092414856e-02
2.676014602184295654e-02
2.674596942961215973e-02
2.669484727084636688e-02
2.664651162922382355e-02
2.660498581826686859e-02
2.656660601496696472e-02
2.650383673608303070e-02
2.642880752682685852e-02
2.636197023093700409e-02
2.630212157964706421e-02
2.624430879950523376e-02
2.619508095085620880e-02
2.615649253129959106e-02
2.611660398542881012e-02
2.607674337923526764e-02
2.603550069034099579e-02
2.598630823194980621e-02
2.593875490128993988e-02
2.589708007872104645e-02
2.585495449602603912e-02
2.585819922387599945e-02
2.585725300014019012e-02
2.585293538868427277e-02
2.584062330424785614e-02
2.582738734781742096e-02
2.581425383687019348e-02
2.584300190210342407e-02
2.602199092507362366e-02
2.617726102471351624e-02
2.631900086998939514e-02
2.643223293125629425e-02
2.653348445892333984e-02
2.662810310721397400e-02
2.670810930430889130e-02
2.677906677126884460e-02
2.684470638632774353e-02
2.690034732222557068e-02
2.695237286388874054e-02
2.699328213930130005e-02
2.703471295535564423e-02
2.706711925566196442e-02
2.709067240357398987e-02
2.710724063217639923e-02
2.712167613208293915e-02
2.712881006300449371e-02
2.713450789451599121e-02
2.713189646601676941e-02
2.712901495397090912e-02
2.712759189307689667e-02
2.712674997746944427e-02
2.712189406156539917e-02
2.711465395987033844e-02
2.710440196096897125e-02
2.708910778164863586e-02
2.707242220640182495e-02
2.705688960850238800e-02
2.704897150397300720e-02
2.704433538019657135e-02
2.703969366848468781e-02
2.704119682312011719e-02
2.704291045665740967e-02
2.702230215072631836e-02
2.700066380202770233e-02
2.697945199906826019e-02
2.695625275373458862e-02
2.693567611277103424e-02
2.691724523901939392e-02
2.688676863908767700e-02
2.684814110398292542e-02
2.681652829051017761e-02
2.678821049630641937e-02
2.676947228610515594e-02
2.674826234579086304e-02
2.672044187784194946e-02
2.669449150562286377e-02
2.667629159986972809e-02
2.665999159216880798e-02
2.664386294782161713e-02
2.663545310497283936e-02
2.662616781890392303e-02
2.661503851413726807e-02
2.660469897091388702e-02
2.659916505217552185e-02
2.659994363784790039e-02
2.660047076642513275e-02
2.660410292446613312e-02
2.660901285707950592e-02
2.660865709185600281e-02
2.661086805164813995e-02
2.661650441586971283e-02
2.662515081465244293e-02
2.663467265665531158e-02
2.664452046155929565e-02
2.665105648338794708e-02
2.665692940354347229e-02
2.665740251541137695e-02
2.665613219141960144e-02
2.665898576378822327e-02
2.665145322680473328e-02
2.664400078356266022e-02
2.664267830550670624e-02
2.664112672209739685e-02
2.662822417914867401e-02
2.661802619695663452e-02
2.659527398645877838e-02
2.657480724155902863e-02
2.655683085322380066e-02
2.653937786817550659e-02
2.652529999613761902e-02
2.651232481002807617e-02
2.649798989295959473e-02
2.648459561169147491e-02
2.653367817401885986e-02
2.657838165760040283e-02
2.660429850220680237e-02
2.662884071469306946e-02
2.652188763022422791e-02
2.642188221216201782e-02
2.632956579327583313e-02
2.624203264713287354e-02
2.616324089467525482e-02
2.608740702271461487e-02
2.600888535380363464e-02
2.594032138586044312e-02
2.584008872509002686e-02
2.574843354523181915e-02
2.565996907651424408e-02
2.557431720197200775e-02
2.550618164241313934e-02
2.543176710605621338e-02
2.536431513726711273e-02
2.530681714415550232e-02
2.525768429040908813e-02
2.521427907049655914e-02
2.517382614314556122e-02
2.513680793344974518e-02
2.509907074272632599e-02
2.506217546761035919e-02
2.502499520778656006e-02
2.501238323748111725e-02
2.497654780745506287e-02
2.494452148675918579e-02
2.493576332926750183e-02
2.493069879710674286e-02
2.492460422217845917e-02
2.492040023207664490e-02
2.491547353565692902e-02
2.490500360727310181e-02
2.489353530108928680e-02
2.488276176154613495e-02
2.487145736813545227e-02
2.486059255897998810e-02
2.484468184411525726e-02
2.483608387410640717e-02
2.482388913631439209e-02
2.481728978455066681e-02
2.481363341212272644e-02
2.481199614703655243e-02
2.481253817677497864e-02
2.480999007821083069e-02
2.480514347553253174e-02
2.483233809471130371e-02
2.485886588692665100e-02
2.488504722714424133e-02
2.490884996950626373e-02
2.492117509245872498e-02
2.499544434249401093e-02
2.506138198077678680e-02
2.513043023645877838e-02
2.519426681101322174e-02
2.525581419467926025e-02
2.531085349619388580e-02
2.536043524742126465e-02
2.540848404169082642e-02
2.545300684869289398e-02
2.549614198505878448e-02
2.553019858896732330e-02
2.556273154914379120e-02
2.558751031756401062e-02
2.560952678322792053e-02
2.562906593084335327e-02
2.563458122313022614e-02
2.562909387052059174e-02
2.562016248703002930e-02
2.560722641646862030e-02
2.559772878885269165e-02
2.557799406349658966e-02
2.555515989661216736e-02
2.552375569939613342e-02
2.548767626285552979e-02
2.545578218996524811e-02
2.542932331562042236e-02
2.540811896324157715e-02
2.538596838712692261e-02
2.536163851618766785e-02
2.534282021224498749e-02
2.532495558261871338e-02
2.530703507363796234e-02
2.528493851423263550e-02
2.526614256203174591e-02
2.524787932634353638e-02
2.523298934102058411e-02
2.521312050521373749e-02
2.519299462437629700e-02
2.514280751347541809e-02
2.508515864610671997e-02
2.503793314099311829e-02
2.499511837959289551e-02
2.496265061199665070e-02
2.493261545896530151e-02
2.490677312016487122e-02
2.494366094470024109e-02
2.500643953680992126e-02
2.506453543901443481e-02
2.507032454013824463e-02
2.512733079493045807e-02
2.518100850284099579e-02
2.523169852793216705e-02
2.527528628706932068e-02
2.531478181481361389e-02
2.533772028982639313e-02
2.546134404838085175e-02
2.556047402322292328e-02
2.564080245792865753e-02
2.570895478129386902e-02
2.576921135187149048e-02
2.582152374088764191e-02
2.586799673736095428e-02
2.590866945683956146e-02
2.594143711030483246e-02
2.596214786171913147e-02
2.597959898412227631e-02
2.598962374031543732e-02
2.600065805017948151e-02
2.601008489727973938e-02
2.603208646178245544e-02
2.605485916137695312e-02
2.607204578816890717e-02
2.607689984142780304e-02
2.606550045311450958e-02
2.605222351849079132e-02
2.604044415056705475e-02
2.601978741586208344e-02
2.598939649760723114e-02
2.595883049070835114e-02
2.592645958065986633e-02
2.590766549110412598e-02
2.588956989347934723e-02
2.585916407406330109e-02
2.582730725407600403e-02
2.579657919704914093e-02
2.576555497944355011e-02
2.579616941511631012e-02
2.582503110170364380e-02
2.584917098283767700e-02
2.587052248418331146e-02
2.588605880737304688e-02
2.589992061257362366e-02
2.590994723141193390e-02
2.591531910002231598e-02
2.591878920793533325e-02
2.592341229319572449e-02
2.593080699443817139e-02
2.593611180782318115e-02
2.593702450394630432e-02
2.594221383333206177e-02
2.598009258508682251e-02
2.601562812924385071e-02
2.604496479034423828e-02
2.606497704982757568e-02
2.608214132487773895e-02
2.609793469309806824e-02
2.611289918422698975e-02
2.608839608728885651e-02
2.604578249156475067e-02
2.599812112748622894e-02
2.595443837344646454e-02
2.591738849878311157e-02
2.589226514101028442e-02
2.587358839809894562e-02
2.585650607943534851e-02
2.583961933851242065e-02
2.582874335348606110e-02
2.581523358821868896e-02
2.579952031373977661e-02
2.579687535762786865e-02
2.579282969236373901e-02
2.578807808458805084e-02
2.578146196901798248e-02
2.576903812587261200e-02
2.579183131456375122e-02
2.581304311752319336e-02
2.582899481058120728e-02
2.583096921443939209e-02
2.585725672543048859e-02
2.598568797111511230e-02
2.610202319920063019e-02
2.620397508144378662e-02
2.630071900784969330e-02
2.638587728142738342e-02
2.643629163503646851e-02
2.647936902940273285e-02
2.652426809072494507e-02
2.655512653291225433e-02
2.656905353069305420e-02
2.658004686236381531e-02
2.657804824411869049e-02
2.657631598412990570e-02
2.657338045537471771e-02
2.657007984817028046e-02
2.656581439077854156e-02
2.658541500568389893e-02
2.660294994711875916e-02
2.661793678998947144e-02
2.665533311665058136e-02
2.668057568371295929e-02
2.673007920384407043e-02
2.677409909665584564e-02
2.680977433919906616e-02
2.683978900313377380e-02
2.688151784241199493e-02
2.691763080656528473e-02
2.695045247673988342e-02
2.697836048901081085e-02
2.700597792863845825e-02
2.702899463474750519e-02
2.704644016921520233e-02
2.706239372491836548e-02
2.707392536103725433e-02
2.708256803452968597e-02
2.709262259304523468e-02
2.705890126526355743e-02
2.702402137219905853e-02
2.700230479240417480e-02
2.698206901550292969e-02
2.695425041019916534e-02
2.692848443984985352e-02
2.690652385354042053e-02
2.688506990671157837e-02
2.686208672821521759e-02
2.684010751545429230e-02
2.682097256183624268e-02
2.680213935673236847e-02
2.678455971181392670e-02
2.676589600741863251e-02
2.675239369273185730e-02
2.673526294529438019e-02
2.671811729669570923e-02
2.670474722981452942e-02
2.669581584632396698e-02
2.667471952736377716e-02
2.665741741657257080e-02
2.663781307637691498e-02
2.662263996899127960e-02
2.661148644983768463e-02
2.660068497061729431e-02
2.658709324896335602e-02
2.657224982976913452e-02
2.655762620270252228e-02
2.654482424259185791e-02
2.653137408196926117e-02
2.651768550276756287e-02
2.650872617959976196e-02
2.650105580687522888e-02
2.648761309683322906e-02
2.647274173796176910e-02
2.645916305482387543e-02
2.644090540707111359e-02
2.642022259533405304e-02
2.640584297478199005e-02
2.638785913586616516e-02
2.637147344648838043e-02
2.635611966252326965e-02
2.634916454553604126e-02
2.634266018867492676e-02
2.634042315185070038e-02
2.636777050793170929e-02
2.646409161388874054e-02
2.655529603362083435e-02
2.663583122193813324e-02
2.670276351273059845e-02
2.676957473158836365e-02
2.682676911354064941e-02
2.687691338360309601e-02
2.692065201699733734e-02
2.696201391518115997e-02
2.702614292502403259e-02
2.708207070827484131e-02
2.712945081293582916e-02
2.716960757970809937e-02
2.720361575484275818e-02
2.723377197980880737e-02
2.726519480347633362e-02
2.728897891938686371e-02
2.731116488575935364e-02
2.733072079718112946e-02
2.734719961881637573e-02
2.735860459506511688e-02
2.736979909241199493e-02
2.737999334931373596e-02
2.738998271524906158e-02
2.739949524402618408e-02
2.740630134940147400e-02
2.741170860826969147e-02
2.741342596709728241e-02
2.741495892405509949e-02
2.741781063377857208e-02
2.741775289177894592e-02
2.741564624011516571e-02
2.741460874676704407e-02
2.741696685552597046e-02
2.752905525267124176e-02
2.763126417994499207e-02
2.770461514592170715e-02
2.776794508099555969e-02
2.782490104436874390e-02
2.788018621504306793e-02
2.793071977794170380e-02
2.797498553991317749e-02
2.801639772951602936e-02
2.805056236684322357e-02
2.808114700019359589e-02
2.819244936108589172e-02
2.829237282276153564e-02
2.829113788902759552e-02
2.828699722886085510e-02
2.827900648117065430e-02
2.827001549303531647e-02
2.826528623700141907e-02
2.825745195150375366e-02
2.824789285659790039e-02
2.823294885456562042e-02
2.821869216859340668e-02
2.820742875337600708e-02
2.819957584142684937e-02
2.819114923477172852e-02
2.818258851766586304e-02
2.817706577479839325e-02
2.817523106932640076e-02
2.817336283624172211e-02
2.817125059664249420e-02
2.816371805965900421e-02
2.816053666174411774e-02
2.817901968955993652e-02
2.819239720702171326e-02
2.820178307592868805e-02
2.819239161908626556e-02
2.818562462925910950e-02
2.817813679575920105e-02
2.816779725253582001e-02
2.818283624947071075e-02
2.819185331463813782e-02
2.820050716400146484e-02
2.820973657071590424e-02
2.821828797459602356e-02
2.822442539036273956e-02
2.822800166904926300e-02
2.823647670447826385e-02
2.821990661323070526e-02
2.820280380547046661e-02
2.818554826080799103e-02
2.817151136696338654e-02
2.815457619726657867e-02
2.813697233796119690e-02
2.811654470860958099e-02
2.809700183570384979e-02
2.807457745075225830e-02
2.805277518928050995e-02
2.803502976894378662e-02
2.801776677370071411e-02
2.800267562270164490e-02
2.798992022871971130e-02
2.797594852745532990e-02
2.796328626573085785e-02
2.795075438916683197e-02
2.794406190514564514e-02
2.793712168931961060e-02
2.793058194220066071e-02
2.792502567172050476e-02
2.791917696595191956e-02
2.791313454508781433e-02
2.790567651391029358e-02
2.789784222841262817e-02
2.787937223911285400e-02
2.785980887711048126e-02
2.783997170627117157e-02
2.782061323523521423e-02
2.779535949230194092e-02
2.777273394167423248e-02
2.774803340435028076e-02
2.772501297295093536e-02
2.770732156932353973e-02
2.769085392355918884e-02
2.767727151513099670e-02
2.766154706478118896e-02
2.764866501092910767e-02
2.763566188514232635e-02
2.766668051481246948e-02
2.769601531326770782e-02
2.768508531153202057e-02
2.767399139702320099e-02
2.766452729701995850e-02
2.765198610723018646e-02
2.763804979622364044e-02
2.762702293694019318e-02
2.761384285986423492e-02
2.760258130729198456e-02
2.759237587451934814e-02
2.758067660033702850e-02
2.756891585886478424e-02
2.756031788885593414e-02
2.755424566566944122e-02
2.755344845354557037e-02
2.755253948271274567e-02
2.754659019410610199e-02
2.754027023911476135e-02
2.757233940064907074e-02
2.760123647749423981e-02
2.762568555772304535e-02
2.764605358242988586e-02
2.766271866858005524e-02
2.767458185553550720e-02
2.768533118069171906e-02
2.769665233790874481e-02
2.770365588366985321e-02
2.771076373755931854e-02
2.772096171975135803e-02
2.772860601544380188e-02
2.773352898657321930e-02
2.774741686880588531e-02
2.776021137833595276e-02
2.775995805859565735e-02
2.776003442704677582e-02
2.776077017188072205e-02
2.775860577821731567e-02
2.775972709059715271e-02
2.776265516877174377e-02
2.776475623250007629e-02
2.776558324694633484e-02
2.776007540524005890e-02
2.775549888610839844e-02
2.774816565215587616e-02
2.770331874489784241e-02
2.766383811831474304e-02
2.762553654611110687e-02
2.760023251175880432e-02
2.757880836725234985e-02
2.756131999194622040e-02
2.754583768546581268e-02
2.752809040248394012e-02
2.750565297901630402e-02
2.749154157936573029e-02
2.760958112776279449e-02
2.771413512527942657e-02
2.771413512527942657e-02
2.780736237764358521e-02
2.790534868836402893e-02
2.799308113753795624e-02
2.807402797043323517e-02
2.814430370926856995e-02
2.820722758769989014e-02
2.826218120753765106e-02
2.835513465106487274e-02
2.843522652983665466e-02
2.850427292287349701e-02
2.856171131134033203e-02
2.862091921269893646e-02
2.870123833417892456e-02
2.877460420131683350e-02
2.884216420352458954e-02
2.890051715075969696e-02
2.895590476691722870e-02
2.898416481912136078e-02
2.900867350399494171e-02
2.902511507272720337e-02
2.903652377426624298e-02
2.904387935996055603e-02
2.904839627444744110e-02
2.905259095132350922e-02
2.906037680804729462e-02
2.906534820795059204e-02
2.905044704675674438e-02
2.903520874679088593e-02
2.902871184051036835e-02
2.902644872665405273e-02
2.901955321431159973e-02
2.901183441281318665e-02
2.900244481861591339e-02
2.899272181093692780e-02
2.898145839571952820e-02
2.897238731384277344e-02
2.896750904619693756e-02
2.896282076835632324e-02
2.896165847778320312e-02
2.896012552082538605e-02
2.895794622600078583e-02
2.895616181194782257e-02
2.894549258053302765e-02
2.893636934459209442e-02
2.892656996846199036e-02
2.891465090215206146e-02
2.890413068234920502e-02
2.889517694711685181e-02
2.888593450188636780e-02
2.887585386633872986e-02
2.887827903032302856e-02
2.887889742851257324e-02
2.886712364852428436e-02
2.885499596595764160e-02
2.884192205965518951e-02
2.883364446461200714e-02
2.882924675941467285e-02
2.881218865513801575e-02
2.879553288221359253e-02
2.878040447831153870e-02
2.876931987702846527e-02
2.875251136720180511e-02
2.869387529790401459e-02
2.864566259086132050e-02
2.860401757061481476e-02
2.856506593525409698e-02
2.852963656187057495e-02
2.849771268665790558e-02
2.846783399581909180e-02
2.843972109258174896e-02
2.841459400951862335e-02
2.839097194373607635e-02
2.836973965167999268e-02
2.835027500987052917e-02
2.833069674670696259e-02
2.831005491316318512e-02
2.828683890402317047e-02
2.825362794101238251e-02
2.823330648243427277e-02
2.821544557809829712e-02
2.822744287550449371e-02
2.824301086366176605e-02
2.825772203505039215e-02
2.827047370374202728e-02
2.827526628971099854e-02
2.827671170234680176e-02
2.827886864542961121e-02
2.827883325517177582e-02
2.827810309827327728e-02
2.827512472867965698e-02
2.826230414211750031e-02
2.825317159295082092e-02
2.824757620692253113e-02
2.824151515960693359e-02
2.822143584489822388e-02
2.820204012095928192e-02
2.818385139107704163e-02
2.817769162356853485e-02
2.815539576113224030e-02
2.813209220767021179e-02
2.810980752110481262e-02
2.808425948023796082e-02
2.805268205702304840e-02
2.802270278334617615e-02
2.798381634056568146e-02
2.799590863287448883e-02
2.800431475043296814e-02
2.801060676574707031e-02
2.802484668791294098e-02
2.803721837699413300e-02
2.804588153958320618e-02
2.805178239941596985e-02
2.805822156369686127e-02
2.806192077696323395e-02
2.806684747338294983e-02
2.806684747338294983e-02
2.806684747338294983e-02
2.806684747338294983e-02
2.806684747338294983e-02
2.806978113949298859e-02
2.807108312845230103e-02
2.806900069117546082e-02
2.806998975574970245e-02
2.806815505027770996e-02
2.807063423097133636e-02
2.807733975350856781e-02
2.808095701038837433e-02
2.803817950189113617e-02
2.800121903419494629e-02
2.796791493892669678e-02
2.793578803539276123e-02
2.790513075888156891e-02
2.787876874208450317e-02
2.785841748118400574e-02
2.784672379493713379e-02
2.783510461449623108e-02
2.782419510185718536e-02
2.780883200466632843e-02
2.778608724474906921e-02
2.776473574340343475e-02
2.775239013135433197e-02
2.774093858897686005e-02
2.773308008909225464e-02
2.772700972855091095e-02
2.771460637450218201e-02
2.769701555371284485e-02
2.768419869244098663e-02
2.767581306397914886e-02
2.767259068787097931e-02
2.766179107129573822e-02
2.766668796539306641e-02
2.767060510814189911e-02
2.767605520784854889e-02
2.768252231180667877e-02
2.773160301148891449e-02
2.777435444295406342e-02
2.780016884207725525e-02
2.781972289085388184e-02
2.783574908971786499e-02
2.784781903028488159e-02
2.785676904022693634e-02
2.785582095384597778e-02
2.785301208496093750e-02
2.785179950296878815e-02
2.785289846360683441e-02
2.785416319966316223e-02
2.785509452223777771e-02
2.786074765026569366e-02
2.786841616034507751e-02
2.787586674094200134e-02
2.788477763533592224e-02
2.788786217570304871e-02
2.789165452122688293e-02
2.789993956685066223e-02
2.791331708431243896e-02
2.792618423700332642e-02
2.793517336249351501e-02
2.794118411839008331e-02
2.794619090855121613e-02
2.795124985277652740e-02
2.795302681624889374e-02
2.798237092792987823e-02
2.801493555307388306e-02
2.805393375456333160e-02
2.809154056012630463e-02
2.811430208384990692e-02
2.812016941606998444e-02
2.812878228724002838e-02
2.813524194061756134e-02
2.814016863703727722e-02
2.814309112727642059e-02
2.813925780355930328e-02
2.813670970499515533e-02
2.810489945113658905e-02
2.807023562490940094e-02
2.803698368370532990e-02
2.800479531288146973e-02
2.796941809356212616e-02
2.793554030358791351e-02
2.787320874631404877e-02
2.781301923096179962e-02
2.775570563971996307e-02
2.770567685365676880e-02
2.765925973653793335e-02
2.762071788311004639e-02
2.763044647872447968e-02
2.763995900750160217e-02
2.764734998345375061e-02
2.764881029725074768e-02
2.764698304235935211e-02
2.764558419585227966e-02
2.764441072940826416e-02
2.764501422643661499e-02
2.765264362096786499e-02
2.766069211065769196e-02
2.766369655728340149e-02
2.766723185777664185e-02
2.767111174762248993e-02
2.767760120332241058e-02
2.768561616539955139e-02
2.766544185578823090e-02
2.764849737286567688e-02
2.764157205820083618e-02
2.763472124934196472e-02
2.761631831526756287e-02
2.758889086544513702e-02
2.756753191351890564e-02
2.755174040794372559e-02
2.753566578030586243e-02
2.749465033411979675e-02
2.745422534644603729e-02
2.740769274532794952e-02
2.736502327024936676e-02
2.730814926326274872e-02
2.726072445511817932e-02
2.727300673723220825e-02
2.728347480297088623e-02
2.729408256709575653e-02
2.730348333716392517e-02
2.731327712535858154e-02
2.732044085860252380e-02
2.732691913843154907e-02
2.733269520103931427e-02
2.734152972698211670e-02
2.734672091901302338e-02
2.735000103712081909e-02
2.735247462987899780e-02
2.735496312379837036e-02
2.735931053757667542e-02
2.735511027276515961e-02
2.734732814133167267e-02
2.733764611184597015e-02
2.732850424945354462e-02
2.731674909591674805e-02
2.728809230029582977e-02
2.725477144122123718e-02
2.720457315444946289e-02
2.716653607785701752e-02
2.713495120406150818e-02
2.710725925862789154e-02
2.706849202513694763e-02
2.703511342406272888e-02
2.700492553412914276e-02
2.697885222733020782e-02
2.695200033485889435e-02
2.692079916596412659e-02
2.688584849238395691e-02
