3.488696366548538208e-02
3.488696366548538208e-02
3.437885642051696777e-02
3.419131785631179810e-02
3.402290865778923035e-02
3.429311141371726990e-02
3.464399650692939758e-02
3.533214703202247620e-02
3.583139926195144653e-02
3.622929379343986511e-02
3.649388253688812256e-02
3.670470416545867920e-02
3.672754764556884766e-02
3.676062077283859253e-02
3.669604659080505371e-02
3.654345870018005371e-02
3.636666759848594666e-02
3.627669066190719604e-02
3.626302257180213928e-02
3.646764159202575684e-02
