3.026592917740345001e-02
3.026592917740345001e-02
3.115682862699031830e-02
3.064713627099990845e-02
3.074369393289089203e-02
3.127558529376983643e-02
3.162595629692077637e-02
3.207430988550186157e-02
3.236271813511848450e-02
3.247880935668945312e-02
3.258634731173515320e-02
3.300104290246963501e-02
3.307140991091728210e-02
3.304812684655189514e-02
3.306782245635986328e-02
3.324818983674049377e-02
3.350763767957687378e-02
3.362945467233657837e-02
3.370620682835578918e-02
3.358601778745651245e-02
3.348933532834053040e-02
3.324625268578529358e-02
3.308441489934921265e-02
3.300937265157699585e-02
3.286499157547950745e-02
3.270760551095008850e-02
3.262282162904739380e-02
3.256468102335929871e-02
3.248250856995582581e-02
3.220708295702934265e-02
3.208433836698532104e-02
3.204517066478729248e-02
3.204186260700225830e-02
3.204376623034477234e-02
3.209249675273895264e-02
3.228655457496643066e-02
3.234880045056343079e-02
3.236434981226921082e-02
3.225265443325042725e-02
3.162902221083641052e-02
3.104941546916961670e-02
3.052409738302230835e-02
3.015210479497909546e-02
2.984339371323585510e-02
2.945561893284320831e-02
2.899003215134143829e-02
2.846441231667995453e-02
2.788051962852478027e-02
2.731938473880290985e-02
2.673259563744068146e-02
2.620778419077396393e-02
2.572562173008918762e-02
2.506958693265914917e-02
2.437151223421096802e-02
2.369195781648159027e-02
2.301279455423355103e-02
2.240457013249397278e-02
2.188656479120254517e-02
2.134982310235500336e-02
2.083374187350273132e-02
2.056193910539150238e-02
2.036713622510433197e-02
2.019130252301692963e-02
1.997896283864974976e-02
1.985114812850952148e-02
1.976827718317508698e-02
1.967141963541507721e-02
1.965834200382232666e-02
1.970447227358818054e-02
1.965976692736148834e-02
1.965251192450523376e-02
1.957361213862895966e-02
1.963709667325019836e-02
1.976097747683525085e-02
1.974867098033428192e-02
1.969897560775279999e-02
1.974149979650974274e-02
1.960179209709167480e-02
1.958100870251655579e-02
1.953106746077537537e-02
1.936908625066280365e-02
1.909126527607440948e-02
1.901295594871044159e-02
1.889586262404918671e-02
1.875313743948936462e-02
1.857364922761917114e-02
1.852758228778839111e-02
1.853135414421558380e-02
1.863873004913330078e-02
1.864434778690338135e-02
1.867597363889217377e-02
1.879465207457542419e-02
1.889564655721187592e-02
1.892047002911567688e-02
1.871505007147789001e-02
1.843868009746074677e-02
1.818240806460380554e-02
1.781610772013664246e-02
1.748603023588657379e-02
1.713863760232925415e-02
1.693623885512351990e-02
1.657002605497837067e-02
1.629256643354892731e-02
1.594829931855201721e-02
1.559712737798690796e-02
1.518105622380971909e-02
1.462626084685325623e-02
1.405255030840635300e-02
1.355914399027824402e-02
1.319775264710187912e-02
1.300575304776430130e-02
1.288847066462039948e-02
1.275475788861513138e-02
1.255261991173028946e-02
1.231452636420726776e-02
1.201698835939168930e-02
1.177735719829797745e-02
1.146878581494092941e-02
1.115728821605443954e-02
1.083019003272056580e-02
1.069441717118024826e-02
1.063597481697797775e-02
1.074419450014829636e-02
1.086223218590021133e-02
1.102491747587919235e-02
1.118177454918622971e-02
1.137146353721618652e-02
1.137850899249315262e-02
1.130983233451843262e-02
1.121429540216922760e-02
1.116563566029071808e-02
1.112583931535482407e-02
1.115696504712104797e-02
1.117203570902347565e-02
1.125591807067394257e-02
1.139761600643396378e-02
1.153193414211273193e-02
1.154373865574598312e-02
1.161269377917051315e-02
1.156421843916177750e-02
1.140558440238237381e-02
1.115875970572233200e-02
1.113304868340492249e-02
1.119442563503980637e-02
1.138771884143352509e-02
1.168534718453884125e-02
1.213212125003337860e-02
1.241683028638362885e-02
1.265600044280290604e-02
1.280555501580238342e-02
1.257165335118770599e-02
1.228492800146341324e-02
1.201044209301471710e-02
1.179540529847145081e-02
1.167348306626081467e-02
1.128863357007503510e-02
1.091456227004528046e-02
1.069911662489175797e-02
1.051563583314418793e-02
1.052056066691875458e-02
1.049769669771194458e-02
1.060391589999198914e-02
1.070791948586702347e-02
1.084799598902463913e-02
1.099788211286067963e-02
1.109478063881397247e-02
1.110676117241382599e-02
1.106817089021205902e-02
1.096363924443721771e-02
1.081258803606033325e-02
1.058116648346185684e-02
1.050191652029752731e-02
1.040220819413661957e-02
1.029341295361518860e-02
1.016572024673223495e-02
1.014858856797218323e-02
1.013525761663913727e-02
1.018757652491331100e-02
1.028764713555574417e-02
1.030385214835405350e-02
1.022535562515258789e-02
1.015316136181354523e-02
9.862623177468776703e-03
9.657856076955795288e-03
9.506440721452236176e-03
9.433938190340995789e-03
9.535391815006732941e-03
9.661823511123657227e-03
9.843133389949798584e-03
1.014003250747919083e-02
1.030148565769195557e-02
1.040421146899461746e-02
1.040649507194757462e-02
1.037402451038360596e-02
1.033719908446073532e-02
1.035889331251382828e-02
1.054937019944190979e-02
1.075823884457349777e-02
1.079389732331037521e-02
1.087465044111013412e-02
1.098086312413215637e-02
1.101307198405265808e-02
1.096984185278415680e-02
1.086204964667558670e-02
1.069719716906547546e-02
1.027964521199464798e-02
9.867189452052116394e-03
9.674075990915298462e-03
9.626173414289951324e-03
9.711240418255329132e-03
9.902542456984519958e-03
1.015324052423238754e-02
1.033119577914476395e-02
1.041292119771242142e-02
1.049711368978023529e-02
1.041324436664581299e-02
1.020868215709924698e-02
9.968840517103672028e-03
9.810852818191051483e-03
9.891699068248271942e-03
9.886778891086578369e-03
9.895488619804382324e-03
9.968845173716545105e-03
1.009603310376405716e-02
1.022733934223651886e-02
1.014032494276762009e-02
1.010417006909847260e-02
1.016929652541875839e-02
1.030648965388536453e-02
1.042747683823108673e-02
1.044814940541982651e-02
1.038908679038286209e-02
1.024755369871854782e-02
1.013308484107255936e-02
9.972287341952323914e-03
9.781080298125743866e-03
9.616716764867305756e-03
9.466625750064849854e-03
9.344924241304397583e-03
9.246801957488059998e-03
9.163082577288150787e-03
9.059702046215534210e-03
9.106764569878578186e-03
9.133040904998779297e-03
9.226415306329727173e-03
9.226766414940357208e-03
9.387692436575889587e-03
9.479473344981670380e-03
9.605200961232185364e-03
9.515549987554550171e-03
9.525611065328121185e-03
9.487322531640529633e-03
9.382029995322227478e-03
9.286293759942054749e-03
9.200752712786197662e-03
9.245052002370357513e-03
9.381968528032302856e-03
9.356328286230564117e-03
8.638876490294933319e-03
8.104637265205383301e-03
8.023207075893878937e-03
8.133070543408393860e-03
8.302343077957630157e-03
8.520547300577163696e-03
8.691018447279930115e-03
8.764906786382198334e-03
8.766475133597850800e-03
8.726580999791622162e-03
8.538762107491493225e-03
8.280820213258266449e-03
8.108811452984809875e-03
7.934870198369026184e-03
7.839543744921684265e-03
7.808994036167860031e-03
7.934592664241790771e-03
8.172268047928810120e-03
8.467912673950195312e-03
8.612162433564662933e-03
8.709046058356761932e-03
8.735412731766700745e-03
8.731863461434841156e-03
8.633867837488651276e-03
8.465799503028392792e-03
8.302049711346626282e-03
8.202863857150077820e-03
8.027509786188602448e-03
8.005855605006217957e-03
8.156019262969493866e-03
8.327360264956951141e-03
8.487510494887828827e-03
8.509305305778980255e-03
8.547890000045299530e-03
8.488681167364120483e-03
8.327639661729335785e-03
8.043762296438217163e-03
7.822225801646709442e-03
7.584713399410247803e-03
7.338659837841987610e-03
7.193262688815593719e-03
7.200374733656644821e-03
7.300402503460645676e-03
7.395453751087188721e-03
7.579778786748647690e-03
7.764811627566814423e-03
7.977046072483062744e-03
8.173137903213500977e-03
8.255363442003726959e-03
8.243304677307605743e-03
8.191778324544429779e-03
8.225842379033565521e-03
8.221189491450786591e-03
8.241040632128715515e-03
8.322105742990970612e-03
8.476066403090953827e-03
8.683098480105400085e-03
8.893004618585109711e-03
9.160334244370460510e-03
9.446475654840469360e-03
9.718224406242370605e-03
9.991392493247985840e-03
1.021722145378589630e-02
1.039214339107275009e-02
1.050385646522045135e-02
1.049011014401912689e-02
1.045416295528411865e-02
1.040202844887971878e-02
1.034357026219367981e-02
1.042379438877105713e-02
1.054360903799533844e-02
1.069591008126735687e-02
1.082730852067470551e-02
1.092706900089979172e-02
1.098502241075038910e-02
1.102404110133647919e-02
1.106672361493110657e-02
1.095589995384216309e-02
1.078971009701490402e-02
1.063030492514371872e-02
1.042725797742605209e-02
1.023466885089874268e-02
1.012003514915704727e-02
1.005066372454166412e-02
1.008126791566610336e-02
1.017894688993692398e-02
1.026568468660116196e-02
1.039532292634248734e-02
1.047994475811719894e-02
1.051493454724550247e-02
1.050520595163106918e-02
1.050941087305545807e-02
1.045403629541397095e-02
1.034179050475358963e-02
1.013797614723443985e-02
1.000141911208629608e-02
9.866650216281414032e-03
9.737731888890266418e-03
9.611496701836585999e-03
9.482866153120994568e-03
9.390574879944324493e-03
9.003422223031520844e-03
8.721364662051200867e-03
8.622176013886928558e-03
8.578504435718059540e-03
8.618728257715702057e-03
8.671489544212818146e-03
8.638970553874969482e-03
8.581954054534435272e-03
8.532586507499217987e-03
8.616202510893344879e-03
8.689530193805694580e-03
8.733806200325489044e-03
8.758929558098316193e-03
8.748199790716171265e-03
8.722599595785140991e-03
8.551679551601409912e-03
8.359008468687534332e-03
8.108724839985370636e-03
7.903348654508590698e-03
7.768993731588125229e-03
7.720719091594219208e-03
7.792770396918058395e-03
7.880178280174732208e-03
8.127510547637939453e-03
8.358670398592948914e-03
8.671086281538009644e-03
9.025787934660911560e-03
9.282572194933891296e-03
9.464570321142673492e-03
9.512702934443950653e-03
9.496194310486316681e-03
9.546108543872833252e-03
9.516402147710323334e-03
9.453142993152141571e-03
9.383851662278175354e-03
9.270209819078445435e-03
9.245929308235645294e-03
9.296717122197151184e-03
9.412862360477447510e-03
9.575000032782554626e-03
9.832571260631084442e-03
1.008854247629642487e-02
1.030198112130165100e-02
1.055933441966772079e-02
1.074940524995326996e-02
1.090464182198047638e-02
1.100496388971805573e-02
1.115609798580408096e-02
1.123420801013708115e-02
1.137886289507150650e-02
1.139256637543439865e-02
1.134208869189023972e-02
1.125303469598293304e-02
1.115546189248561859e-02
1.104151364415884018e-02
1.089072227478027344e-02
1.070577371865510941e-02
1.060976553708314896e-02
1.062599662691354752e-02
1.055786386132240295e-02
1.038886886090040207e-02
1.020264066755771637e-02
1.010821480304002762e-02
1.002020668238401413e-02
9.901941753923892975e-03
9.757290594279766083e-03
9.643249213695526123e-03
9.531078860163688660e-03
9.471623227000236511e-03
9.424361400306224823e-03
9.337306953966617584e-03
9.268244728446006775e-03
9.210797958076000214e-03
9.184037335216999054e-03
9.233172982931137085e-03
9.403627365827560425e-03
9.553533978760242462e-03
9.678520262241363525e-03
9.896810166537761688e-03
9.989961981773376465e-03
1.019754819571971893e-02
1.034320890903472900e-02
1.036128215491771698e-02
1.039777323603630066e-02
1.045731827616691589e-02
1.046021468937397003e-02
1.041984744369983673e-02
1.043910253793001175e-02
1.055906154215335846e-02
1.070338953286409378e-02
1.091416832059621811e-02
1.109625864773988724e-02
1.121552847325801849e-02
1.124851871281862259e-02
1.128887385129928589e-02
1.131889410316944122e-02
1.135151833295822144e-02
1.123478170484304428e-02
1.121717412024736404e-02
1.127086672931909561e-02
1.134318578988313675e-02
1.076702401041984558e-02
1.028599590063095093e-02
1.002567261457443237e-02
9.870221838355064392e-03
9.833991527557373047e-03
9.838719852268695831e-03
9.832138195633888245e-03
9.918818250298500061e-03
1.004916988313198090e-02
1.017824467271566391e-02
1.021598279476165771e-02
1.020852383226156235e-02
1.023413613438606262e-02
1.022319495677947998e-02
1.027422584593296051e-02
1.034336164593696594e-02
1.035130582749843597e-02
1.035977341234683990e-02
1.033754460513591766e-02
1.031814329326152802e-02
1.031839940696954727e-02
1.031331252306699753e-02
1.032849308103322983e-02
1.031624060124158859e-02
1.022184267640113831e-02
1.009672135114669800e-02
9.939278475940227509e-03
9.840666316449642181e-03
9.735655039548873901e-03
9.723714552819728851e-03
9.669395163655281067e-03
9.646216407418251038e-03
9.650552645325660706e-03
9.674034081399440765e-03
9.605410508811473846e-03
9.593550115823745728e-03
9.692941792309284210e-03
9.804036468267440796e-03
9.952320717275142670e-03
1.013736799359321594e-02
1.030465774238109589e-02
1.050451863557100296e-02
1.070402283221483231e-02
1.078067533671855927e-02
1.078303065150976181e-02
1.077058166265487671e-02
1.071905437856912613e-02
1.056198030710220337e-02
1.044038869440555573e-02
1.033914089202880859e-02
1.021871063858270645e-02
1.012404914945363998e-02
1.003183145076036453e-02
1.000574417412281036e-02
1.003724988549947739e-02
1.005604770034551620e-02
1.007838174700737000e-02
1.014845632016658783e-02
1.020381972193717957e-02
1.027613691985607147e-02
1.033850852400064468e-02
1.037893071770668030e-02
1.046306453645229340e-02
1.044292282313108444e-02
1.034912187606096268e-02
1.022625155746936798e-02
1.011194102466106415e-02
9.992982260882854462e-03
9.975409135222434998e-03
9.963506832718849182e-03
9.947541169822216034e-03
1.008779648691415787e-02
1.019018609076738358e-02
1.026950124651193619e-02
1.039528939872980118e-02
1.047350186854600906e-02
1.057623513042926788e-02
1.070261280983686447e-02
1.074738614261150360e-02
1.079344376921653748e-02
1.086698751896619797e-02
1.095438748598098755e-02
1.098021119832992554e-02
1.105162966996431351e-02
1.111136097460985184e-02
1.114297285676002502e-02
1.110236812382936478e-02
1.109865773469209671e-02
1.111126784235239029e-02
1.118178106844425201e-02
1.121920254081487656e-02
1.119928900152444839e-02
1.125785522162914276e-02
1.144434977322816849e-02
1.159836351871490479e-02
1.171624381095170975e-02
1.176928076893091202e-02
1.184645108878612518e-02
1.176786050200462341e-02
1.167223881930112839e-02
1.160343177616596222e-02
1.155165489763021469e-02
1.154845487326383591e-02
1.152567099779844284e-02
1.152611710131168365e-02
1.157143618911504745e-02
1.162825338542461395e-02
1.161904167383909225e-02
1.159579120576381683e-02
1.164499856531620026e-02
1.162800937891006470e-02
1.162538584321737289e-02
1.163110788911581039e-02
1.157900970429182053e-02
1.154198776930570602e-02
1.153199933469295502e-02
1.154398638755083084e-02
1.148842647671699524e-02
1.147086918354034424e-02
1.144838333129882812e-02
1.139159500598907471e-02
1.133275032043457031e-02
1.125791575759649277e-02
1.122718956321477890e-02
1.119919680058956146e-02
1.121223811060190201e-02
1.130132749676704407e-02
1.136725768446922302e-02
1.140048261731863022e-02
1.143155153840780258e-02
1.143521629273891449e-02
1.145835220813751221e-02
1.141596585512161255e-02
1.137966383248567581e-02
1.138970814645290375e-02
1.143600326031446457e-02
1.145303715020418167e-02
1.146304421126842499e-02
1.142748724669218063e-02
1.135237794369459152e-02
1.128511875867843628e-02
1.118259318172931671e-02
1.107694767415523529e-02
1.101368851959705353e-02
1.090014632791280746e-02
1.080949045717716217e-02
1.075053401291370392e-02
1.066860556602478027e-02
1.056576427072286606e-02
1.059402804821729660e-02
1.066017895936965942e-02
1.076643448323011398e-02
1.085052639245986938e-02
1.090746931731700897e-02
1.097621209919452667e-02
1.104271039366722107e-02
1.100779231637716293e-02
1.100927684456110001e-02
1.090474519878625870e-02
1.074562594294548035e-02
1.058660075068473816e-02
1.030330359935760498e-02
1.010811701416969299e-02
1.002553477883338928e-02
9.882561862468719482e-03
9.797992184758186340e-03
9.684939868748188019e-03
9.590079076588153839e-03
9.536555036902427673e-03
9.514690376818180084e-03
9.496971964836120605e-03
9.528383612632751465e-03
9.588364511728286743e-03
9.635151363909244537e-03
9.689481928944587708e-03
9.719509631395339966e-03
9.736321866512298584e-03
9.768000803887844086e-03
9.811079129576683044e-03
9.794182144105434418e-03
9.750850498676300049e-03
9.727317839860916138e-03
9.679176844656467438e-03
9.644184261560440063e-03
9.732214733958244324e-03
9.840193204581737518e-03
9.898321703076362610e-03
9.896318428218364716e-03
9.926548227667808533e-03
9.954120032489299774e-03
1.001262757927179337e-02
1.009779423475265503e-02
1.020396873354911804e-02
1.027987245470285416e-02
1.036707311868667603e-02
1.050251815468072891e-02
1.059372350573539734e-02
1.068200916051864624e-02
1.073838304728269577e-02
1.073702331632375717e-02
1.069733127951622009e-02
1.063258480280637741e-02
1.055976096540689468e-02
1.050407066941261292e-02
1.048239320516586304e-02
1.052208058536052704e-02
1.052275113761425018e-02
1.056589651852846146e-02
1.064621843397617340e-02
1.073474250733852386e-02
1.075404137372970581e-02
1.073408033698797226e-02
1.073181349784135818e-02
1.070081163197755814e-02
1.067009568214416504e-02
1.059157308191061020e-02
1.053638476878404617e-02
1.047690398991107941e-02
1.041196566075086594e-02
1.041625998914241791e-02
1.057527493685483932e-02
1.067971624433994293e-02
1.076028402894735336e-02
1.083564106374979019e-02
1.091208774596452713e-02
1.097079925239086151e-02
1.101007591933012009e-02
1.112236827611923218e-02
1.138188224285840988e-02
1.165023352950811386e-02
1.189430523663759232e-02
1.203153468668460846e-02
1.215867605060338974e-02
1.226889993995428085e-02
1.239766553044319153e-02
1.249414682388305664e-02
1.258370280265808105e-02
1.268645189702510834e-02
1.273291930556297302e-02
1.281840074807405472e-02
1.291568577289581299e-02
1.299712155014276505e-02
1.311913970857858658e-02
1.314323022961616516e-02
1.313310582190752029e-02
1.315651927143335342e-02
1.316682156175374985e-02
1.315567642450332642e-02
1.323499903082847595e-02
1.335541997104883194e-02
1.345914602279663086e-02
1.355375815182924271e-02
1.368114445358514786e-02
1.383883319795131683e-02
1.395927369594573975e-02
1.408114563673734665e-02
1.414523832499980927e-02
1.421929709613323212e-02
1.423042640089988708e-02
1.417888049036264420e-02
1.410665549337863922e-02
1.400448847562074661e-02
1.386907137930393219e-02
1.372640859335660934e-02
1.362901832908391953e-02
1.357743609696626663e-02
1.349390391260385513e-02
1.342825591564178467e-02
1.335277594625949860e-02
1.327672228217124939e-02
1.316230092197656631e-02
1.305843982845544815e-02
1.294404920190572739e-02
1.284012198448181152e-02
1.274178456515073776e-02
1.255952846258878708e-02
1.238266844302415848e-02
1.221856102347373962e-02
1.210747379809617996e-02
1.203992404043674469e-02
1.200433820486068726e-02
1.199222728610038757e-02
1.197905093431472778e-02
1.200688630342483521e-02
1.207241136580705643e-02
1.209614612162113190e-02
1.216605957597494125e-02
1.224672142416238785e-02
1.236277259886264801e-02
1.247072219848632812e-02
1.259992364794015884e-02
1.268552150577306747e-02
1.272417325526475906e-02
1.273395307362079620e-02
1.278089638799428940e-02
1.281108614057302475e-02
1.284275203943252563e-02
1.291500963270664215e-02
1.295030675828456879e-02
1.302909012883901596e-02
1.304415054619312286e-02
1.302393525838851929e-02
1.301045063883066177e-02
1.307849027216434479e-02
1.316198520362377167e-02
1.322026830166578293e-02
1.327155157923698425e-02
1.336508709937334061e-02
1.348543819040060043e-02
1.362294610589742661e-02
1.376346405595541000e-02
1.389968674629926682e-02
1.401072274893522263e-02
1.412393897771835327e-02
1.416674815118312836e-02
1.420890819281339645e-02
1.424697786569595337e-02
1.427311170846223831e-02
1.424842979758977890e-02
1.428826060146093369e-02
1.429278030991554260e-02
1.422504708170890808e-02
1.418140158057212830e-02
1.414316613227128983e-02
1.415057387202978134e-02
1.414133235812187195e-02
1.414252165704965591e-02
1.409188657999038696e-02
1.405973825603723526e-02
1.405186485499143600e-02
1.400439441204071045e-02
1.398080121725797653e-02
1.402671821415424347e-02
1.402706839144229889e-02
1.400246657431125641e-02
1.400650385767221451e-02
1.395094767212867737e-02
1.381257921457290649e-02
1.366678532212972641e-02
1.353382412344217300e-02
1.344086229801177979e-02
1.338465139269828796e-02
1.342593319714069366e-02
1.345966663211584091e-02
1.351446285843849182e-02
1.360732223838567734e-02
1.369505748152732849e-02
1.374232117086648941e-02
1.376241073012351990e-02
1.380184479057788849e-02
1.380272116512060165e-02
1.381909288465976715e-02
1.385890692472457886e-02
1.391701400279998779e-02
1.397471409291028976e-02
1.399778760969638824e-02
1.406810060143470764e-02
1.412369869649410248e-02
1.413139328360557556e-02
1.406187471002340317e-02
1.394577324390411377e-02
1.382614485919475555e-02
1.367729622870683670e-02
1.360928639769554138e-02
1.360392756760120392e-02
1.359924487769603729e-02
1.367255672812461853e-02
1.373800728470087051e-02
1.379229873418807983e-02
1.382764428853988647e-02
1.382653601467609406e-02
1.381880976259708405e-02
1.385983452200889587e-02
1.397128123790025711e-02
1.401610858738422394e-02
1.410405617207288742e-02
1.418823096901178360e-02
1.438355911523103714e-02
1.456050761044025421e-02
1.474035158753395081e-02
1.490708719938993454e-02
1.501098088920116425e-02
1.508499123156070709e-02
1.513883657753467560e-02
1.515527535229921341e-02
1.513260044157505035e-02
1.514982245862483978e-02
1.517515350133180618e-02
1.516935043036937714e-02
1.521183364093303680e-02
1.523471530526876450e-02
1.523608993738889694e-02
1.517228316515684128e-02
1.512675359845161438e-02
1.511379983276128769e-02
1.510527450591325760e-02
1.504965685307979584e-02
1.497175917029380798e-02
1.487007737159729004e-02
1.479480881243944168e-02
1.476646121591329575e-02
1.468497794121503830e-02
1.457791868597269058e-02
1.445563603192567825e-02
1.429686974734067917e-02
1.414595264941453934e-02
1.404959801584482193e-02
1.388610340654850006e-02
1.373994909226894379e-02
1.363311242312192917e-02
1.359685417264699936e-02
1.353639923036098480e-02
1.347344182431697845e-02
1.343335211277008057e-02
1.345197483897209167e-02
1.349067036062479019e-02
1.353190373629331589e-02
1.359251607209444046e-02
1.358751486986875534e-02
1.363570429384708405e-02
1.360467728227376938e-02
1.352477259933948517e-02
1.348575018346309662e-02
1.350055355578660965e-02
1.355410739779472351e-02
1.353369839489459991e-02
1.348313782364130020e-02
1.343967299908399582e-02
1.333027239888906479e-02
1.328469626605510712e-02
1.323455478996038437e-02
1.320079248398542404e-02
1.314453687518835068e-02
1.314234174787998199e-02
1.321395300328731537e-02
1.324333250522613525e-02
1.327663473784923553e-02
1.334051974117755890e-02
1.344614196568727493e-02
1.354892924427986145e-02
1.366874203085899353e-02
1.380851119756698608e-02
1.389539707452058792e-02
1.396488863974809647e-02
1.404411531984806061e-02
1.408485043793916702e-02
1.410830207169055939e-02
1.412678789347410202e-02
1.408727094531059265e-02
1.404971722513437271e-02
1.397361978888511658e-02
1.386400405317544937e-02
1.376828923821449280e-02
1.368566602468490601e-02
1.358724944293498993e-02
1.348865311592817307e-02
1.338238269090652466e-02
1.329472288489341736e-02
1.323617715388536453e-02
1.322225108742713928e-02
1.320432312786579132e-02
1.323049329221248627e-02
1.325916592031717300e-02
1.329136546701192856e-02
1.331873517483472824e-02
1.334380917251110077e-02
1.337888836860656738e-02
1.343352906405925751e-02
1.348025817424058914e-02
1.351719256490468979e-02
1.357636600732803345e-02
1.365749631077051163e-02
1.374693401157855988e-02
1.382807269692420959e-02
1.387181784957647324e-02
1.385899540036916733e-02
1.384201552718877792e-02
1.382329221814870834e-02
1.383469719439744949e-02
1.386462431401014328e-02
1.392043568193912506e-02
1.400113198906183243e-02
1.406074874103069305e-02
1.412332430481910706e-02
1.419811323285102844e-02
1.422378420829772949e-02
1.424511894583702087e-02
1.426654309034347534e-02
1.424472592771053314e-02
1.420611143112182617e-02
1.414827629923820496e-02
1.409049145877361298e-02
1.407849695533514023e-02
1.410070527344942093e-02
1.421530824154615402e-02
1.431286707520484924e-02
1.441966556012630463e-02
1.457188837230205536e-02
1.468696258962154388e-02
1.477480027824640274e-02
1.486248616129159927e-02
1.493746321648359299e-02
1.504676043987274170e-02
1.518085598945617676e-02
1.530703157186508179e-02
1.542975101619958878e-02
1.551214419305324554e-02
1.557090599089860916e-02
1.563475839793682098e-02
1.563354395329952240e-02
1.562941074371337891e-02
1.582185178995132446e-02
1.595325209200382233e-02
1.611691154539585114e-02
1.623541489243507385e-02
1.628249138593673706e-02
1.631274446845054626e-02
1.632652617990970612e-02
1.630298048257827759e-02
1.630368269979953766e-02
1.621884293854236603e-02
1.609510928392410278e-02
1.599805615842342377e-02
1.593853533267974854e-02
1.586885936558246613e-02
1.581923477351665497e-02
1.574834622442722321e-02
1.565778441727161407e-02
1.554779522120952606e-02
1.548929978162050247e-02
1.541837956756353378e-02
1.541899703443050385e-02
1.539109274744987488e-02
1.540713198482990265e-02
1.544235739856958389e-02
1.549002807587385178e-02
1.554271485656499863e-02
1.565681770443916321e-02
1.579797826707363129e-02
1.587937213480472565e-02
