5.174769461154937744e-02
5.174769461154937744e-02
5.025538429617881775e-02
4.899134486913681030e-02
4.770708084106445312e-02
4.718990623950958252e-02
4.684522375464439392e-02
4.624571651220321655e-02
4.581449180841445923e-02
4.531590640544891357e-02
4.486468806862831116e-02
4.448170214891433716e-02
4.409527406096458435e-02
4.383591189980506897e-02
4.365811124444007874e-02
4.336648806929588318e-02
4.304112866520881653e-02
4.292499646544456482e-02
4.284952953457832336e-02
4.289333522319793701e-02
4.300657659769058228e-02
4.312074184417724609e-02
4.331792145967483521e-02
4.344839975237846375e-02
4.343855381011962891e-02
4.352956265211105347e-02
4.360064864158630371e-02
4.361054673790931702e-02
4.352011159062385559e-02
4.351285472512245178e-02
4.348733648657798767e-02
4.336863756179809570e-02
4.331884905695915222e-02
4.325354471802711487e-02
4.311759024858474731e-02
4.303952679038047791e-02
4.298719391226768494e-02
4.296531528234481812e-02
4.306450113654136658e-02
4.303439706563949585e-02
4.300899803638458252e-02
4.287163913249969482e-02
4.277995973825454712e-02
4.265242815017700195e-02
4.249835386872291565e-02
4.238887131214141846e-02
4.228088632225990295e-02
4.207982867956161499e-02
4.179069399833679199e-02
4.155188798904418945e-02
4.112725704908370972e-02
4.077598080039024353e-02
4.061668366193771362e-02
4.056620225310325623e-02
4.050418734550476074e-02
4.037931561470031738e-02
4.015557467937469482e-02
3.987973928451538086e-02
3.971373662352561951e-02
3.952127695083618164e-02
3.948032110929489136e-02
3.954244777560234070e-02
3.971099853515625000e-02
3.971070051193237305e-02
3.945399448275566101e-02
3.918353840708732605e-02
3.888053819537162781e-02
3.863812610507011414e-02
3.807702660560607910e-02
3.763717040419578552e-02
3.740300610661506653e-02
3.721884265542030334e-02
3.707080706954002380e-02
3.692717105150222778e-02
3.684679418802261353e-02
3.678194060921669006e-02
3.673352673649787903e-02
3.665228560566902161e-02
3.654875978827476501e-02
3.659487888216972351e-02
3.677424415946006775e-02
3.691935911774635315e-02
3.686725720763206482e-02
3.673916682600975037e-02
3.656208515167236328e-02
3.646915778517723083e-02
3.624833747744560242e-02
3.604573383927345276e-02
3.596712276339530945e-02
3.595669567584991455e-02
3.560183942317962646e-02
3.526058793067932129e-02
3.492208942770957947e-02
3.470355272293090820e-02
3.446181118488311768e-02
3.425036370754241943e-02
3.397403657436370850e-02
3.360936790704727173e-02
3.330294787883758545e-02
3.312822431325912476e-02
3.304349258542060852e-02
3.306700661778450012e-02
3.298391029238700867e-02
3.286039456725120544e-02
3.269656747579574585e-02
3.257224708795547485e-02
3.252597525715827942e-02
3.243957087397575378e-02
3.229755535721778870e-02
3.226623684167861938e-02
3.224115446209907532e-02
3.237600997090339661e-02
3.250668570399284363e-02
3.253703191876411438e-02
3.252135589718818665e-02
3.248119354248046875e-02
3.239822760224342346e-02
3.232885897159576416e-02
3.230836242437362671e-02
3.227357193827629089e-02
3.221897408366203308e-02
3.220561519265174866e-02
3.227875754237174988e-02
3.225122764706611633e-02
3.218397125601768494e-02
3.224857151508331299e-02
3.222010284662246704e-02
3.201678395271301270e-02
3.173428401350975037e-02
3.147695958614349365e-02
3.108101710677146912e-02
3.067666664719581604e-02
3.022260218858718872e-02
2.973506040871143341e-02
2.924404852092266083e-02
2.879993431270122528e-02
2.839568257331848145e-02
2.803868055343627930e-02
2.764359675347805023e-02
2.730629406869411469e-02
2.702754549682140350e-02
2.682237140834331512e-02
2.657127752900123596e-02
2.628381364047527313e-02
2.602376602590084076e-02
2.569210156798362732e-02
2.536358498036861420e-02
2.503729984164237976e-02
2.473476901650428772e-02
2.440531924366950989e-02
2.420621737837791443e-02
2.401388995349407196e-02
2.392428740859031677e-02
2.387220412492752075e-02
2.380436100065708160e-02
2.374499477446079254e-02
2.361678704619407654e-02
2.347415685653686523e-02
2.327103167772293091e-02
2.310978621244430542e-02
2.304993756115436554e-02
2.311479859054088593e-02
2.321558818221092224e-02
2.326951362192630768e-02
2.328848280012607574e-02
2.333421073853969574e-02
2.340450696647167206e-02
2.335640043020248413e-02
2.325511910021305084e-02
2.319345436990261078e-02
2.304665558040142059e-02
2.279227413237094879e-02
2.248417027294635773e-02
2.216407842934131622e-02
2.181457355618476868e-02
2.140833437442779541e-02
2.115122787654399872e-02
2.093953266739845276e-02
2.072036266326904297e-02
2.050825022161006927e-02
2.039226144552230835e-02
2.025504782795906067e-02
2.006348595023155212e-02
1.994381472468376160e-02
1.983241364359855652e-02
1.972673833370208740e-02
1.978891715407371521e-02
1.978953741490840912e-02
1.978831551969051361e-02
1.974085718393325806e-02
1.963986083865165710e-02
1.953247748315334320e-02
1.942160539329051971e-02
1.925534382462501526e-02
1.916863583028316498e-02
1.912468113005161285e-02
1.911261491477489471e-02
1.907413825392723083e-02
1.902649551630020142e-02
1.896480843424797058e-02
1.885678805410861969e-02
1.873852685093879700e-02
1.863289251923561096e-02
1.857704296708106995e-02
1.837818138301372528e-02
1.820786856114864349e-02
1.801530458033084869e-02
1.778762601315975189e-02
1.754680648446083069e-02
1.731744781136512756e-02
1.711033284664154053e-02
1.689586602151393890e-02
1.672029495239257812e-02
1.650738902390003204e-02
1.629095524549484253e-02
1.613452844321727753e-02
1.595646888017654419e-02
1.579094491899013519e-02
1.563541591167449951e-02
1.544926501810550690e-02
1.518446672707796097e-02
1.496091298758983612e-02
1.465454977005720139e-02
1.431926526129245758e-02
1.403086073696613312e-02
1.375747285783290863e-02
1.328633073717355728e-02
1.283865235745906830e-02
1.242377888411283493e-02
1.198315992951393127e-02
1.153066102415323257e-02
1.110032200813293457e-02
1.068739499896764755e-02
1.030600443482398987e-02
1.004891470074653625e-02
9.869212284684181213e-03
9.747470729053020477e-03
9.623934514820575714e-03
9.553589858114719391e-03
9.445229545235633850e-03
9.365979582071304321e-03
9.293694049119949341e-03
9.119410067796707153e-03
8.934595622122287750e-03
8.728005923330783844e-03
8.504207246005535126e-03
8.231656625866889954e-03
8.006799034774303436e-03
7.884071208536624908e-03
7.873096503317356110e-03
7.903374731540679932e-03
7.939331233501434326e-03
8.009736426174640656e-03
8.105306886136531830e-03
8.329358883202075958e-03
8.407208137214183807e-03
8.324655704200267792e-03
8.127368055284023285e-03
7.899677380919456482e-03
7.620648946613073349e-03
7.370265200734138489e-03
7.073244545608758926e-03
6.885616574436426163e-03
6.818898487836122513e-03
6.924923043698072433e-03
7.061831653118133545e-03
7.289625704288482666e-03
7.549277972429990768e-03
7.917246781289577484e-03
8.190252818167209625e-03
8.344965055584907532e-03
8.508481085300445557e-03
8.461180143058300018e-03
8.215263485908508301e-03
7.922094315290451050e-03
7.591397967189550400e-03
7.201740052551031113e-03
6.736063864082098007e-03
6.348151247948408127e-03
5.992516409605741501e-03
5.748022813349962234e-03
5.621402990072965622e-03
5.574281793087720871e-03
5.513234529644250870e-03
5.418567452579736710e-03
4.368332214653491974e-03
3.775264602154493332e-03
3.622442251071333885e-03
3.670513164252042770e-03
3.834538860246539116e-03
4.101791419088840485e-03
4.335683770477771759e-03
4.474695306271314621e-03
4.534866660833358765e-03
4.550317302346229553e-03
4.578922409564256668e-03
4.583559930324554443e-03
4.556338768452405930e-03
4.524503834545612335e-03
4.492447711527347565e-03
4.323308821767568588e-03
4.080437589436769485e-03
3.894262248650193214e-03
3.627501893788576126e-03
3.351822961121797562e-03
3.090560436248779297e-03
2.815768122673034668e-03
2.594479592517018318e-03
2.388470340520143509e-03
2.225904492661356926e-03
1.846884144470095634e-03
1.533369533717632294e-03
1.323831034824252129e-03
1.169050228781998158e-03
1.169050228781998158e-03
1.169050228781998158e-03
1.000572694465517998e-03
9.300560923293232918e-04
9.429104393348097801e-04
8.699764730408787727e-04
8.709618123248219490e-04
9.102562908083200455e-04
1.007420942187309265e-03
1.139006577432155609e-03
1.235254458151757717e-03
1.182424137368798256e-03
1.162886153906583786e-03
1.209874637424945831e-03
1.304585719481110573e-03
1.377606648020446301e-03
1.431851764209568501e-03
1.455503399483859539e-03
1.469481969252228737e-03
1.509102876298129559e-03
1.631229300983250141e-03
1.811147667467594147e-03
2.022315515205264091e-03
2.213146071881055832e-03
2.394287614151835442e-03
2.510590711608529091e-03
2.520226640626788139e-03
2.495375461876392365e-03
2.495375461876392365e-03
2.450034953653812408e-03
2.453394467011094093e-03
2.456194022670388222e-03
2.480786060914397240e-03
2.490850165486335754e-03
2.531253965571522713e-03
2.478745067492127419e-03
2.468437654897570610e-03
2.527174539864063263e-03
2.578257350251078606e-03
2.615262288600206375e-03
2.699583768844604492e-03
2.751611871644854546e-03
2.802921226248145103e-03
2.847576979547739029e-03
2.863998757675290108e-03
2.812974387779831886e-03
2.755168592557311058e-03
2.693111309781670570e-03
2.743728226050734520e-03
2.800552640110254288e-03
2.840331289917230606e-03
2.839427441358566284e-03
2.795071573927998543e-03
2.736410358920693398e-03
2.662508282810449600e-03
2.611120231449604034e-03
2.609049435704946518e-03
2.663306193426251411e-03
2.732718829065561295e-03
2.797522582113742828e-03
2.858499297872185707e-03
2.858499297872185707e-03
2.947660861536860466e-03
3.004059428349137306e-03
3.090639365836977959e-03
3.175492631271481514e-03
3.258499084040522575e-03
3.276362549513578415e-03
3.213167423382401466e-03
3.064837539568543434e-03
2.910424256697297096e-03
2.821617992594838142e-03
2.722313394770026207e-03
2.636870602145791054e-03
2.636870602145791054e-03
2.547348383814096451e-03
2.504386240616440773e-03
2.522841328755021095e-03
2.548529533669352531e-03
2.561613451689481735e-03
2.515527885407209396e-03
2.476234454661607742e-03
2.422644523903727531e-03
2.331016818061470985e-03
2.182961441576480865e-03
1.967098331078886986e-03
1.789523055776953697e-03
1.735358266159892082e-03
1.672736136242747307e-03
1.656143926084041595e-03
1.638425281271338463e-03
1.607571262866258621e-03
1.602671225555241108e-03
1.634847722016274929e-03
1.775898505002260208e-03
1.979448832571506500e-03
2.141684293746948242e-03
2.336655044928193092e-03
2.530070487409830093e-03
2.674640621989965439e-03
2.794923726469278336e-03
2.943792613223195076e-03
3.056037472561001778e-03
3.207646077498793602e-03
3.432768397033214569e-03
3.610440762713551521e-03
3.731085918843746185e-03
3.832224290817975998e-03
3.897928399965167046e-03
3.955947235226631165e-03
4.032719414681196213e-03
4.049190785735845566e-03
4.080181475728750229e-03
4.111662507057189941e-03
4.117048811167478561e-03
4.134306218475103378e-03
4.213123116642236710e-03
4.366823937743902206e-03
4.508984740823507309e-03
4.623779095709323883e-03
4.675931297242641449e-03
4.646667279303073883e-03
4.565835930407047272e-03
4.447815939784049988e-03
4.268020391464233398e-03
4.039457999169826508e-03
3.833554685115814209e-03
3.665990661829710007e-03
3.535482799634337425e-03
3.436013357713818550e-03
3.368673846125602722e-03
3.312558634206652641e-03
3.315342357382178307e-03
3.310122992843389511e-03
3.348940750584006310e-03
3.307614941149950027e-03
2.891988726332783699e-03
2.575688529759645462e-03
2.342947060242295265e-03
2.202060539275407791e-03
2.143126446753740311e-03
2.157649258151650429e-03
2.189267193898558617e-03
2.252911217510700226e-03
2.303699729964137077e-03
2.344129839912056923e-03
2.364231972023844719e-03
2.409124746918678284e-03
2.428797772154211998e-03
2.443855861201882362e-03
2.452596323564648628e-03
2.484497614204883575e-03
2.478874055668711662e-03
2.472419757395982742e-03
2.447261242195963860e-03
2.421256853267550468e-03
2.328668953850865364e-03
2.208887599408626556e-03
2.091434318572282791e-03
2.063339576125144958e-03
2.102448139339685440e-03
2.199355047196149826e-03
2.357251010835170746e-03
2.565946197137236595e-03
2.809352241456508636e-03
3.072605701163411140e-03
3.244469640776515007e-03
3.434760263189673424e-03
3.593473928049206734e-03
3.717965912073850632e-03
3.865935606881976128e-03
4.020846448838710785e-03
4.238550085574388504e-03
4.506297875195741653e-03
4.719687160104513168e-03
4.825026262551546097e-03
4.860121291130781174e-03
4.939233418554067612e-03
5.025835242122411728e-03
5.099331494420766830e-03
5.156029015779495239e-03
5.197449587285518646e-03
5.249394569545984268e-03
5.204043816775083542e-03
5.117913242429494858e-03
5.061751697212457657e-03
4.962319042533636093e-03
4.868538118898868561e-03
4.685790278017520905e-03
4.541405010968446732e-03
4.454982466995716095e-03
4.430630244314670563e-03
4.419275093823671341e-03
4.396985284984111786e-03
4.367173649370670319e-03
4.391614813357591629e-03
4.453150089830160141e-03
4.514960572123527527e-03
4.565915092825889587e-03
4.599737003445625305e-03
4.586697090417146683e-03
4.697609227150678635e-03
4.783948417752981186e-03
4.814943764358758926e-03
4.760466050356626511e-03
4.619462415575981140e-03
4.475965164601802826e-03
4.348359536379575729e-03
4.238958470523357391e-03
4.196518100798130035e-03
4.153067246079444885e-03
4.110193345695734024e-03
4.127158783376216888e-03
4.185168072581291199e-03
4.274188540875911713e-03
4.367935005575418472e-03
4.455748945474624634e-03
4.539000801742076874e-03
4.600530955940485001e-03
4.646680783480405807e-03
4.599638748914003372e-03
4.633590113371610641e-03
4.704197868704795837e-03
4.760587122291326523e-03
4.800609778612852097e-03
4.926522262394428253e-03
5.013898480683565140e-03
5.059010349214076996e-03
5.007692147046327591e-03
4.990161862224340439e-03
4.934264346957206726e-03
4.877669271081686020e-03
4.671811126172542572e-03
4.517913796007633209e-03
4.437358584254980087e-03
4.386369604617357254e-03
4.340824671089649200e-03
4.316240549087524414e-03
4.325558897107839584e-03
4.337923601269721985e-03
4.383963067084550858e-03
4.424355458468198776e-03
4.435796756297349930e-03
4.438202362507581711e-03
4.451364744454622269e-03
4.512283019721508026e-03
4.552705213427543640e-03
4.536841530352830887e-03
4.540647845715284348e-03
4.582587163895368576e-03
4.622514359652996063e-03
4.610531497746706009e-03
4.620070569217205048e-03
4.671601112931966782e-03
4.656359087675809860e-03
4.804837983101606369e-03
4.920342005789279938e-03
5.020990036427974701e-03
4.979532212018966675e-03
4.938462283462285995e-03
5.050995852798223495e-03
5.173827055841684341e-03
5.251873284578323364e-03
5.252686794847249985e-03
5.206290632486343384e-03
5.078921094536781311e-03
4.927353933453559875e-03
4.752839449793100357e-03
4.581151995807886124e-03
4.407878965139389038e-03
4.245007876306772232e-03
4.109739325940608978e-03
4.013993311673402786e-03
3.976358566433191299e-03
4.005734808743000031e-03
4.049990326166152954e-03
4.119778517633676529e-03
4.184111487120389938e-03
4.241314250975847244e-03
4.276724532246589661e-03
4.299701191484928131e-03
4.273802973330020905e-03
4.245031625032424927e-03
4.200326744467020035e-03
4.162118304520845413e-03
4.092891234904527664e-03
3.996078390628099442e-03
3.950379788875579834e-03
3.937933128327131271e-03
3.856832394376397133e-03
3.812270704656839371e-03
3.758435603231191635e-03
3.701446112245321274e-03
3.684512805193662643e-03
3.706763498485088348e-03
3.721985965967178345e-03
3.734412835910916328e-03
3.738957457244396210e-03
3.757427446544170380e-03
3.749466734007000923e-03
3.770086215808987617e-03
3.748804097995162010e-03
3.754613688215613365e-03
3.777762874960899353e-03
3.902112832292914391e-03
3.951964434236288071e-03
3.966626245528459549e-03
3.923760261386632919e-03
3.922587726265192032e-03
3.937448840588331223e-03
3.999648150056600571e-03
4.081586375832557678e-03
4.220956936478614807e-03
4.367301240563392639e-03
4.474130459129810333e-03
4.566754214465618134e-03
4.637575708329677582e-03
4.700863268226385117e-03
4.791369196027517319e-03
4.907961003482341766e-03
5.000319331884384155e-03
5.087052937597036362e-03
5.176202394068241119e-03
5.203854292631149292e-03
5.177693441510200500e-03
5.197700113058090210e-03
5.160454660654067993e-03
5.159111693501472473e-03
5.115543492138385773e-03
5.106177646666765213e-03
5.043941549956798553e-03
4.977196920663118362e-03
4.927333444356918335e-03
4.788037389516830444e-03
4.728744272142648697e-03
4.706312902271747589e-03
4.681475460529327393e-03
4.622393287718296051e-03
4.539535380899906158e-03
4.450458567589521408e-03
4.366004839539527893e-03
4.281641915440559387e-03
4.209680482745170593e-03
4.169374238699674606e-03
4.128150641918182373e-03
4.113793838769197464e-03
4.060269799083471298e-03
4.018291831016540527e-03
4.025740083307027817e-03
4.058990627527236938e-03
4.119836259633302689e-03
4.172067157924175262e-03
4.164749290794134140e-03
4.066630266606807709e-03
4.002002533525228500e-03
3.970705904066562653e-03
3.957172390073537827e-03
3.946278709918260574e-03
3.961865790188312531e-03
3.949108533561229706e-03
3.956409171223640442e-03
4.015611950308084488e-03
4.069696180522441864e-03
4.082346335053443909e-03
4.097646102309226990e-03
4.087832756340503693e-03
4.063786473125219345e-03
4.061599262058734894e-03
4.096234217286109924e-03
4.144865553826093674e-03
4.177275113761425018e-03
4.177151247859001160e-03
4.204926546663045883e-03
4.172892775386571884e-03
4.150090273469686508e-03
4.134770017117261887e-03
4.150960594415664673e-03
4.093499388545751572e-03
4.010223317891359329e-03
3.952953033149242401e-03
3.923768177628517151e-03
3.934231586754322052e-03
3.963424824178218842e-03
4.005829337984323502e-03
4.029657226055860519e-03
4.061007406562566757e-03
4.104141611605882645e-03
4.130210727453231812e-03
4.163405857980251312e-03
4.213862121105194092e-03
4.254631232470273972e-03
4.298573825508356094e-03
4.381491802632808685e-03
4.502895753830671310e-03
4.598605446517467499e-03
4.729660227894783020e-03
4.884830676019191742e-03
5.008855368942022324e-03
5.142604000866413116e-03
5.179700441658496857e-03
5.180283449590206146e-03
5.904464516788721085e-03
6.555680185556411743e-03
7.120840251445770264e-03
7.594884838908910751e-03
7.994785904884338379e-03
8.458307944238185883e-03
8.825088851153850555e-03
9.130552411079406738e-03
9.410728700459003448e-03
9.669410996139049530e-03
9.884574450552463531e-03
1.005139108747243881e-02
1.018280256539583206e-02
1.026906259357929230e-02
1.033686660230159760e-02
1.041434053331613541e-02
1.049106381833553314e-02
1.054590847343206406e-02
1.059825439006090164e-02
1.062306854873895645e-02
1.063537597656250000e-02
1.061808876693248749e-02
1.062359288334846497e-02
1.060091331601142883e-02
1.056114770472049713e-02
1.052373927086591721e-02
1.049812324345111847e-02
1.040104124695062637e-02
1.028811093419790268e-02
1.014797296375036240e-02
1.003728900104761124e-02
9.959667921066284180e-03
9.867031127214431763e-03
9.766899049282073975e-03
9.656458161771297455e-03
9.551417082548141479e-03
9.419634006917476654e-03
9.314801543951034546e-03
9.246599860489368439e-03
9.171768091619014740e-03
9.080121293663978577e-03
8.992700837552547455e-03
8.881093934178352356e-03
8.751506917178630829e-03
8.610866963863372803e-03
8.480257354676723480e-03
8.333872072398662567e-03
8.193684741854667664e-03
8.023121394217014313e-03
7.819104939699172974e-03
7.581653539091348648e-03
7.334355264902114868e-03
7.077960763126611710e-03
6.838113069534301758e-03
6.611846387386322021e-03
6.353395059704780579e-03
6.137512624263763428e-03
5.942889023572206497e-03
5.753323901444673538e-03
5.581954028457403183e-03
5.439518485218286514e-03
5.318420939147472382e-03
5.229053087532520294e-03
5.143480841070413589e-03
5.070250481367111206e-03
5.039018578827381134e-03
5.029188934713602066e-03
5.047298967838287354e-03
5.048749502748250961e-03
5.041317082941532135e-03
5.030972883105278015e-03
5.064344499260187149e-03
5.108731333166360855e-03
5.161521025002002716e-03
5.218261387199163437e-03
5.187354516237974167e-03
5.176483187824487686e-03
5.138266831636428833e-03
5.106623284518718719e-03
5.104889161884784698e-03
5.143329966813325882e-03
5.217877216637134552e-03
5.285998340696096420e-03
5.370312370359897614e-03
5.492184311151504517e-03
5.624258425086736679e-03
5.765323061496019363e-03
5.930560640990734100e-03
6.077578756958246231e-03
6.211670115590095520e-03
6.359476596117019653e-03
6.444256287068128586e-03
6.464400328695774078e-03
6.475312169641256332e-03
6.476256065070629120e-03
6.425529252737760544e-03
6.348044145852327347e-03
6.208162289112806320e-03
6.049758289009332657e-03
5.890954751521348953e-03
5.702512804418802261e-03
5.481242202222347260e-03
5.230660550296306610e-03
4.903961904346942902e-03
4.622227046638727188e-03
4.348841030150651932e-03
4.129793960601091385e-03
3.916449844837188721e-03
3.737266408279538155e-03
3.585941856727004051e-03
3.414610633626580238e-03
3.271992783993482590e-03
3.157303668558597565e-03
3.102578921243548393e-03
3.091873135417699814e-03
3.140714718028903008e-03
3.208203474059700966e-03
3.333600005134940147e-03
3.441963577643036842e-03
3.557005664333701134e-03
3.651661565527319908e-03
3.725411370396614075e-03
3.781934734433889389e-03
3.825611900538206100e-03
3.802498569712042809e-03
3.754851175472140312e-03
3.711162367835640907e-03
3.673085244372487068e-03
3.660515882074832916e-03
3.654078347608447075e-03
3.653082065284252167e-03
3.694773651659488678e-03
3.746963106095790863e-03
3.800565144047141075e-03
3.864404745399951935e-03
3.950048703700304031e-03
4.056413192301988602e-03
4.139816388487815857e-03
4.203392192721366882e-03
4.291818477213382721e-03
4.393217619508504868e-03
4.395268391817808151e-03
4.399655852466821671e-03
4.372709896415472031e-03
4.309440031647682190e-03
4.281733650714159012e-03
4.268540535122156143e-03
4.264334216713905334e-03
4.316422622650861740e-03
4.327567759901285172e-03
4.313126206398010254e-03
4.302817396819591522e-03
4.321553744375705719e-03
4.301197826862335205e-03
4.335498902946710587e-03
4.375678021460771561e-03
4.415671341121196747e-03
4.470186308026313782e-03
4.409426823258399963e-03
4.375616088509559631e-03
4.367350600659847260e-03
4.339863546192646027e-03
4.322024527937173843e-03
4.343927372246980667e-03
4.359566606581211090e-03
4.382404964417219162e-03
4.412344191223382950e-03
4.444086458534002304e-03
4.485440440475940704e-03
4.522298928350210190e-03
4.534858744591474533e-03
4.776095505803823471e-03
4.959925543516874313e-03
5.096360109746456146e-03
5.174402147531509399e-03
5.245584994554519653e-03
5.252153147011995316e-03
5.228338297456502914e-03
5.173140205442905426e-03
5.044347140938043594e-03
4.884697496891021729e-03
4.683837760239839554e-03
4.482372198253870010e-03
4.295330494642257690e-03
4.192427732050418854e-03
4.125136416405439377e-03
4.043538123369216919e-03
3.953642211854457855e-03
3.896444803103804588e-03
3.901400836184620857e-03
3.926420584321022034e-03
3.980875946581363678e-03
4.005833063274621964e-03
4.029363393783569336e-03
4.065862391144037247e-03
4.106122534722089767e-03
4.155204631388187408e-03
4.208331461995840073e-03
4.235291853547096252e-03
4.238545894622802734e-03
4.186784382909536362e-03
4.152851644903421402e-03
4.141204990446567535e-03
4.138827789574861526e-03
4.125371575355529785e-03
4.114883486181497574e-03
4.064666107296943665e-03
4.043049179017543793e-03
4.042785614728927612e-03
4.068666137754917145e-03
4.099719692021608353e-03
4.120241384953260422e-03
4.159507341682910919e-03
4.189968109130859375e-03
4.175009671598672867e-03
4.147545900195837021e-03
4.143719561398029327e-03
4.110762849450111389e-03
4.102278500795364380e-03
4.117707256227731705e-03
4.176625516265630722e-03
4.229768645018339157e-03
4.238835535943508148e-03
4.265257623046636581e-03
4.306694492697715759e-03
4.345342982560396194e-03
4.475651774555444717e-03
4.606908652931451797e-03
4.691192414611577988e-03
4.780828021466732025e-03
4.795945249497890472e-03
4.788431338965892792e-03
4.763069562613964081e-03
4.787366371601819992e-03
4.828568547964096069e-03
4.850680939853191376e-03
4.882960114628076553e-03
4.953016526997089386e-03
4.999415017664432526e-03
5.065181758254766464e-03
5.139191169291734695e-03
5.185366608202457428e-03
5.210488568991422653e-03
5.166417453438043594e-03
5.131396465003490448e-03
5.084813106805086136e-03
5.038780160248279572e-03
4.959530197083950043e-03
4.875102080404758453e-03
4.755640868097543716e-03
4.649167880415916443e-03
4.614387173205614090e-03
4.614690784364938736e-03
4.633446689695119858e-03
4.674603696912527084e-03
4.730451386421918869e-03
4.762894008308649063e-03
4.778698552399873734e-03
4.802973475307226181e-03
4.828774835914373398e-03
4.826960619539022446e-03
4.807693418115377426e-03
4.821819253265857697e-03
4.783455282449722290e-03
4.740786738693714142e-03
4.695274401456117630e-03
4.645786248147487640e-03
4.623027518391609192e-03
4.592908546328544617e-03
4.549224395304918289e-03
4.498095251619815826e-03
4.450366366654634476e-03
4.489427432417869568e-03
4.537715110927820206e-03
4.577852319926023483e-03
4.620044957846403122e-03
4.693177528679370880e-03
4.779712762683629990e-03
4.829851910471916199e-03
4.884579218924045563e-03
4.935973323881626129e-03
5.033469758927822113e-03
5.122473463416099548e-03
5.169110372662544250e-03
5.171240307390689850e-03
