2.556122839450836182e-02
2.556122839450836182e-02
2.699309401214122772e-02
2.681052498519420624e-02
2.745161764323711395e-02
2.830991707742214203e-02
2.935862541198730469e-02
2.998127974569797516e-02
3.050233051180839539e-02
3.111473098397254944e-02
3.144522756338119507e-02
3.160164877772331238e-02
3.152986615896224976e-02
3.136645257472991943e-02
3.106508776545524597e-02
3.077524155378341675e-02
3.046558052301406860e-02
3.032316453754901886e-02
3.002055548131465912e-02
2.971178665757179260e-02
2.941067516803741455e-02
2.921262569725513458e-02
2.922389842569828033e-02
2.916164137423038483e-02
2.907452359795570374e-02
2.900888584554195404e-02
2.897811867296695709e-02
2.896225824952125549e-02
2.904449217021465302e-02
2.900983393192291260e-02
2.903718315064907074e-02
2.904227934777736664e-02
2.906429022550582886e-02
2.899952046573162079e-02
2.897926606237888336e-02
2.902164123952388763e-02
2.914764732122421265e-02
2.926279418170452118e-02
2.939976193010807037e-02
2.951014041900634766e-02
2.955182269215583801e-02
2.953911758959293365e-02
2.967986650764942169e-02
2.992181666195392609e-02
3.017370030283927917e-02
3.044524230062961578e-02
3.075698949396610260e-02
3.110292367637157440e-02
3.142107650637626648e-02
3.165359050035476685e-02
3.179564699530601501e-02
3.163868561387062073e-02
3.142463043332099915e-02
3.106437809765338898e-02
3.055407479405403137e-02
3.024928085505962372e-02
2.991045638918876648e-02
2.965751476585865021e-02
2.945866249501705170e-02
2.954462915658950806e-02
2.967259101569652557e-02
2.963813021779060364e-02
2.967658266425132751e-02
2.977116592228412628e-02
2.980698458850383759e-02
2.977566793560981750e-02
2.973319590091705322e-02
2.970606461167335510e-02
2.960962243378162384e-02
2.946603111922740936e-02
2.919353730976581573e-02
2.881224267184734344e-02
2.847948297858238220e-02
2.810330316424369812e-02
2.788304351270198822e-02
2.763942629098892212e-02
2.739862538874149323e-02
2.717352844774723053e-02
2.690197527408599854e-02
2.664800733327865601e-02
2.645316347479820251e-02
2.620378881692886353e-02
2.584845572710037231e-02
2.544094808399677277e-02
2.503340132534503937e-02
2.454515174031257629e-02
2.394358627498149872e-02
2.341085299849510193e-02
2.278177253901958466e-02
2.227544784545898438e-02
2.179250121116638184e-02
2.137255482375621796e-02
2.103970758616924286e-02
2.070044167339801788e-02
2.044750377535820007e-02
2.022106759250164032e-02
2.006267383694648743e-02
1.980764232575893402e-02
1.966336928308010101e-02
1.943663321435451508e-02
1.930798962712287903e-02
1.922600530087947845e-02
1.927888765931129456e-02
1.941870898008346558e-02
1.969086378812789917e-02
1.999740675091743469e-02
2.021960541605949402e-02
2.007779665291309357e-02
1.992020756006240845e-02
1.969236694276332855e-02
1.963385380804538727e-02
1.949978806078433990e-02
1.933506131172180176e-02
1.923933066427707672e-02
1.910849101841449738e-02
1.905133202672004700e-02
1.884780451655387878e-02
1.863985136151313782e-02
1.857517100870609283e-02
1.849759183824062347e-02
1.837886497378349304e-02
1.825258694589138031e-02
1.806243695318698883e-02
1.786705479025840759e-02
1.769118197262287140e-02
1.757768169045448303e-02
1.741570048034191132e-02
1.735977828502655029e-02
1.728690043091773987e-02
1.715211011469364166e-02
1.698203384876251221e-02
1.677005738019943237e-02
1.644509658217430115e-02
1.610713452100753784e-02
1.587299630045890808e-02
1.566093787550926208e-02
1.550080720335245132e-02
1.541588734835386276e-02
1.538243610411882401e-02
1.534256897866725922e-02
1.523203868418931961e-02
1.502874027937650681e-02
1.482981722801923752e-02
1.477351505309343338e-02
1.451884210109710693e-02
1.423193421214818954e-02
1.404342148452997208e-02
1.386910863220691681e-02
1.373857259750366211e-02
1.369228120893239975e-02
1.361848320811986923e-02
1.347133889794349670e-02
1.323180459439754486e-02
1.308898627758026123e-02
1.265797019004821777e-02
1.257586106657981873e-02
1.263640727847814560e-02
1.273721735924482346e-02
1.277105603367090225e-02
1.284470688551664352e-02
1.296284329146146774e-02
1.309249456971883774e-02
1.318626757711172104e-02
1.346166990697383881e-02
1.359723787754774094e-02
1.351084560155868530e-02
1.328070927411317825e-02
1.287651155143976212e-02
1.242806669324636459e-02
1.196353696286678314e-02
1.159673649817705154e-02
1.156237162649631500e-02
1.154801994562149048e-02
1.173900533467531204e-02
1.207183022052049637e-02
1.247948035597801208e-02
1.281386148184537888e-02
1.329843793064355850e-02
1.365139242261648178e-02
1.386512350291013718e-02
1.396250165998935699e-02
1.404666621237993240e-02
1.411052513867616653e-02
1.414753403514623642e-02
1.415160950273275375e-02
1.409631315618753433e-02
1.405208557844161987e-02
1.400236412882804871e-02
1.384384464472532272e-02
1.363708730787038803e-02
1.347444858402013779e-02
1.326793525367975235e-02
1.317664328962564468e-02
1.311797462403774261e-02
1.310837175697088242e-02
1.324049849063158035e-02
1.336569711565971375e-02
1.352512184530496597e-02
1.367398072034120560e-02
1.380878780037164688e-02
1.386649161577224731e-02
1.392942201346158981e-02
1.394840795546770096e-02
1.389836706221103668e-02
1.377931423485279083e-02
1.362927444279193878e-02
1.345645636320114136e-02
1.336427778005599976e-02
1.322499755769968033e-02
1.315490715205669403e-02
1.304550096392631531e-02
1.296601258218288422e-02
1.293282303959131241e-02
1.285829860717058182e-02
1.277976669371128082e-02
1.264186482876539230e-02
1.240189559757709503e-02
1.221711840480566025e-02
1.209291908890008926e-02
1.207211893051862717e-02
1.220117229968309402e-02
1.239645853638648987e-02
1.261558849364519119e-02
1.290059089660644531e-02
1.305210776627063751e-02
1.314556505531072617e-02
1.306282635778188705e-02
1.288328785449266434e-02
1.269418001174926758e-02
1.255056541413068771e-02
1.255960483103990555e-02
1.254657749086618423e-02
1.260326243937015533e-02
1.256885565817356110e-02
1.258743554353713989e-02
1.236965134739875793e-02
1.217313669621944427e-02
1.209848280996084213e-02
1.211536116898059845e-02
1.229366101324558258e-02
1.249068789184093475e-02
1.267431955784559250e-02
1.287488639354705811e-02
1.304299011826515198e-02
1.322105899453163147e-02
1.329654920846223831e-02
1.335636619478464127e-02
1.328987721353769302e-02
1.325081102550029755e-02
1.315929926931858063e-02
1.308656297624111176e-02
1.294167619198560715e-02
1.272313296794891357e-02
1.258618477731943130e-02
1.255682669579982758e-02
1.257369667291641235e-02
1.266353111714124680e-02
1.273028273135423660e-02
1.276251021772623062e-02
1.277638971805572510e-02
1.273525319993495941e-02
1.265710406005382538e-02
1.255377195775508881e-02
1.251776050776243210e-02
1.242804899811744690e-02
1.235450431704521179e-02
1.228677108883857727e-02
1.235987804830074310e-02
1.237885933369398117e-02
1.240442879498004913e-02
1.249608397483825684e-02
1.262042485177516937e-02
1.270206831395626068e-02
1.267203968018293381e-02
1.256961748003959656e-02
1.243130210787057877e-02
1.228989660739898682e-02
1.222039479762315750e-02
1.221920363605022430e-02
1.225667633116245270e-02
1.236067060381174088e-02
1.248084288090467453e-02
1.263851020485162735e-02
1.278473995625972748e-02
1.291188504546880722e-02
1.299820095300674438e-02
1.311084907501935959e-02
1.315087731927633286e-02
1.307995710521936417e-02
1.314608845859766006e-02
1.323573663830757141e-02
1.341967564076185226e-02
1.343578845262527466e-02
1.336548291146755219e-02
1.328824833035469055e-02
1.323630288243293762e-02
1.314999721944332123e-02
1.304107345640659332e-02
1.293238345533609390e-02
1.290719676762819290e-02
1.277058292180299759e-02
1.275963149964809418e-02
1.284439582377672195e-02
1.290029473602771759e-02
1.301226858049631119e-02
1.320645399391651154e-02
1.343081519007682800e-02
1.354556623846292496e-02
1.372957415878772736e-02
1.400599535554647446e-02
1.422082632780075073e-02
1.437494531273841858e-02
1.445831451565027237e-02
1.436945237219333649e-02
1.419440470635890961e-02
1.396601740270853043e-02
1.369971875101327896e-02
1.349986158311367035e-02
1.346167828887701035e-02
1.346663944423198700e-02
1.352124288678169250e-02
1.373926550149917603e-02
1.392431091517210007e-02
1.412376202642917633e-02
1.421157270669937134e-02
1.427012775093317032e-02
1.427558623254299164e-02
1.423202548176050186e-02
1.420126762241125107e-02
1.418074592947959900e-02
1.411721296608448029e-02
1.400878839194774628e-02
1.392429787665605545e-02
1.371991634368896484e-02
1.359774265438318253e-02
1.354073546826839447e-02
1.356145646423101425e-02
1.357112638652324677e-02
1.375522371381521225e-02
1.401687785983085632e-02
1.412804890424013138e-02
1.419034600257873535e-02
1.415922492742538452e-02
1.414632610976696014e-02
1.415349822491407394e-02
1.423738710582256317e-02
1.433313917368650436e-02
1.434000767767429352e-02
1.431089080870151520e-02
1.396615244448184967e-02
1.367812044918537140e-02
1.323483977466821671e-02
1.283590868115425110e-02
1.258197333663702011e-02
1.244529429823160172e-02
1.244013383984565735e-02
1.261748373508453369e-02
1.283387560397386551e-02
1.305036153644323349e-02
1.325882226228713989e-02
1.346132904291152954e-02
1.350134983658790588e-02
1.346490625292062759e-02
1.340518519282341003e-02
1.334317494183778763e-02
1.329554896801710129e-02
1.320967357605695724e-02
1.305387727916240692e-02
1.294612046331167221e-02
1.289113704115152359e-02
1.283873710781335831e-02
1.285809464752674103e-02
1.297016814351081848e-02
1.300844457000494003e-02
1.298940554261207581e-02
1.294786762446165085e-02
1.287181396037340164e-02
1.274362113326787949e-02
1.256457157433032990e-02
1.241412013769149780e-02
1.235938072204589844e-02
1.238163746893405914e-02
1.252332609146833420e-02
1.267229858785867691e-02
1.276409998536109924e-02
1.277618948370218277e-02
1.276130229234695435e-02
1.276698056608438492e-02
1.275319512933492661e-02
1.268671639263629913e-02
1.268669683486223221e-02
1.262279320508241653e-02
1.248789299279451370e-02
1.234149467200040817e-02
1.224207505583763123e-02
1.221946347504854202e-02
1.221920456737279892e-02
1.226523239165544510e-02
1.239837892353534698e-02
1.247265469282865524e-02
1.246799714863300323e-02
1.244600117206573486e-02
1.246680878102779388e-02
1.254389900714159012e-02
1.267293374985456467e-02
1.276205014437437057e-02
1.285975892096757889e-02
1.299081649631261826e-02
1.307758968323469162e-02
1.300536189228296280e-02
1.285042986273765564e-02
1.274853944778442383e-02
1.264226343482732773e-02
1.256759837269783020e-02
1.252726092934608459e-02
1.249511726200580597e-02
1.249039079993963242e-02
1.257255114614963531e-02
1.279361825436353683e-02
1.306705549359321594e-02
1.336339488625526428e-02
1.361983083188533783e-02
1.378703210502862930e-02
1.388098020106554031e-02
1.394453272223472595e-02
1.395958010107278824e-02
1.385852973908185959e-02
1.372750755399465561e-02
1.351694390177726746e-02
1.334822177886962891e-02
1.315121632069349289e-02
1.311753876507282257e-02
1.304646581411361694e-02
1.299028471112251282e-02
1.291259750723838806e-02
1.288996729999780655e-02
1.292959321290254593e-02
1.296410709619522095e-02
1.304942741990089417e-02
1.318653486669063568e-02
1.334199588745832443e-02
1.346028316766023636e-02
1.353792194277048111e-02
1.370261143893003464e-02
1.376430131494998932e-02
1.374267041683197021e-02
1.366381347179412842e-02
1.357654854655265808e-02
1.349108666181564331e-02
1.331413350999355316e-02
1.315138209611177444e-02
1.299708243459463120e-02
1.292800623923540115e-02
1.284387242048978806e-02
1.282141450792551041e-02
1.273504365235567093e-02
1.266184914857149124e-02
1.261897571384906769e-02
1.272922195494174957e-02
1.291318982839584351e-02
1.310773938894271851e-02
1.324524171650409698e-02
1.330326590687036514e-02
1.322942879050970078e-02
1.309742126613855362e-02
1.299329567700624466e-02
1.302773412317037582e-02
1.304777991026639938e-02
1.307083666324615479e-02
1.309537794440984726e-02
1.316266413778066635e-02
1.329594105482101440e-02
1.344764139503240585e-02
1.360883750021457672e-02
1.372297480702400208e-02
1.383277494460344315e-02
1.389736402779817581e-02
1.394954230636358261e-02
1.400003395974636078e-02
1.397224236279726028e-02
1.394698489457368851e-02
1.380794961005449295e-02
1.374846510589122772e-02
1.370768249034881592e-02
1.366105116903781891e-02
1.360750105232000351e-02
1.371995359659194946e-02
1.389845088124275208e-02
1.411205064505338669e-02
1.429183129221200943e-02
1.444910187274217606e-02
1.464739162474870682e-02
1.483270712196826935e-02
1.498558092862367630e-02
1.509466767311096191e-02
1.507140975445508957e-02
1.502656470984220505e-02
1.486976165324449539e-02
1.469331700354814529e-02
1.463436987251043320e-02
1.456754840910434723e-02
1.453944575041532516e-02
1.458646822720766068e-02
1.465083193033933640e-02
1.478600688278675079e-02
1.491997018456459045e-02
1.505532860755920410e-02
1.510961726307868958e-02
1.515352446585893631e-02
1.520591601729393005e-02
1.525701861828565598e-02
1.533906441181898117e-02
1.537944003939628601e-02
1.535798516124486923e-02
1.529026031494140625e-02
1.522903889417648315e-02
1.509635057300329208e-02
1.497095916420221329e-02
1.478344947099685669e-02
1.469504740089178085e-02
1.464868709444999695e-02
1.461993996053934097e-02
1.464978232979774475e-02
1.464745867997407913e-02
1.460056938230991364e-02
1.456963829696178436e-02
1.456952188163995743e-02
1.458327099680900574e-02
1.458348054438829422e-02
1.451934035867452621e-02
1.439755875617265701e-02
1.419510506093502045e-02
1.404909417033195496e-02
1.396223064512014389e-02
1.389892399311065674e-02
1.391247659921646118e-02
1.400266308337450027e-02
1.408143434673547745e-02
1.412694063037633896e-02
1.416198443621397018e-02
1.422634720802307129e-02
1.416727993637323380e-02
1.404685433954000473e-02
1.386768836528062820e-02
1.359234098345041275e-02
1.343906857073307037e-02
1.333137601613998413e-02
1.327126659452915192e-02
1.322374213486909866e-02
1.329952664673328400e-02
1.331447530537843704e-02
1.341187022626399994e-02
1.353267394006252289e-02
1.361958030611276627e-02
1.360802445560693741e-02
1.354585867375135422e-02
1.348301116377115250e-02
1.345138996839523315e-02
1.344659551978111267e-02
1.342220418155193329e-02
1.352064590901136398e-02
1.348144747316837311e-02
1.340150274336338043e-02
1.333298720419406891e-02
1.330224890261888504e-02
1.324843149632215500e-02
1.314825005829334259e-02
1.298607140779495239e-02
1.286769006401300430e-02
1.276248320937156677e-02
1.261452306061983109e-02
1.250468939542770386e-02
1.241808757185935974e-02
1.237788051366806030e-02
1.244033873081207275e-02
1.256535202264785767e-02
1.268482301384210587e-02
1.274664327502250671e-02
1.282784901559352875e-02
1.297017652541399002e-02
1.309676375240087509e-02
1.311749499291181564e-02
1.311963796615600586e-02
1.309677306562662125e-02
1.306190714240074158e-02
1.293090637773275375e-02
1.279829256236553192e-02
1.272946689277887344e-02
1.272826921194791794e-02
1.275453157722949982e-02
1.276397239416837692e-02
1.283308956772089005e-02
1.294778008013963699e-02
1.305140554904937744e-02
1.312553323805332184e-02
1.319989841431379318e-02
1.323418878018856049e-02
1.324614509940147400e-02
1.318604778498411179e-02
1.315966248512268066e-02
1.310290768742561340e-02
1.311275735497474670e-02
1.318211760371923447e-02
1.325668115168809891e-02
1.330286730080842972e-02
1.334412116557359695e-02
1.329381950199604034e-02
1.327217556536197662e-02
1.329517550766468048e-02
1.334080379456281662e-02
1.342545356601476669e-02
1.366477552801370621e-02
1.385223027318716049e-02
1.406886707991361618e-02
1.433935761451721191e-02
1.448121294379234314e-02
1.459667738527059555e-02
1.457668561488389969e-02
1.456163171678781509e-02
1.454853266477584839e-02
1.444970071315765381e-02
1.432796008884906769e-02
1.418424490839242935e-02
1.408288255333900452e-02
1.402217242866754532e-02
1.404427830129861832e-02
1.443617139011621475e-02
1.472338661551475525e-02
1.490424666553735733e-02
1.503093168139457703e-02
1.507858373224735260e-02
1.507469266653060913e-02
1.509378571063280106e-02
1.515396125614643097e-02
1.516966894268989563e-02
1.515440735965967178e-02
1.515102759003639221e-02
1.511361356824636459e-02
1.507171802222728729e-02
1.513455528765916824e-02
1.513237599283456802e-02
1.510662026703357697e-02
1.505986228585243225e-02
1.503284089267253876e-02
1.501670293509960175e-02
1.507675740867853165e-02
1.513618417084217072e-02
1.514087524265050888e-02
1.519860140979290009e-02
1.515475753694772720e-02
1.506578922271728516e-02
1.505054626613855362e-02
1.504670735448598862e-02
1.503811217844486237e-02
1.502782199531793594e-02
1.505239587277173996e-02
1.508757006376981735e-02
1.507872343063354492e-02
1.513141952455043793e-02
1.507798489183187485e-02
1.492234878242015839e-02
1.477727852761745453e-02
1.456926297396421432e-02
1.436462625861167908e-02
1.421789266169071198e-02
1.407701522111892700e-02
1.398796588182449341e-02
1.389356050640344620e-02
1.384805981069803238e-02
1.376750133931636810e-02
1.367791369557380676e-02
1.368099730461835861e-02
1.365383714437484741e-02
1.367062143981456757e-02
1.371491514146327972e-02
1.370522473007440567e-02
1.369524560868740082e-02
1.372402068227529526e-02
1.374047435820102692e-02
1.374629605561494827e-02
1.369780488312244415e-02
1.364810205996036530e-02
1.352050155401229858e-02
1.337052322924137115e-02
1.330017019063234329e-02
1.328668370842933655e-02
1.331828441470861435e-02
1.335652731359004974e-02
1.349692791700363159e-02
1.363731361925601959e-02
1.380854006856679916e-02
1.399383507668972015e-02
1.407805923372507095e-02
1.410310622304677963e-02
1.407162472605705261e-02
1.400394365191459656e-02
1.385353878140449524e-02
1.373740937560796738e-02
1.360774505883455276e-02
1.343382615596055984e-02
1.324082724750041962e-02
1.303962338715791702e-02
1.285655703395605087e-02
1.276855170726776123e-02
1.269965525716543198e-02
1.268216129392385483e-02
1.264632493257522583e-02
1.265773829072713852e-02
1.266299281269311905e-02
1.267839502543210983e-02
1.269990857690572739e-02
1.270861737430095673e-02
1.276358775794506073e-02
1.281234808266162872e-02
1.281090173870325089e-02
1.273051742464303970e-02
1.259566377848386765e-02
1.240199897438287735e-02
1.219433546066284180e-02
1.198795810341835022e-02
1.181333418935537338e-02
1.161031424999237061e-02
1.146739441901445389e-02
1.138613373041152954e-02
1.137988083064556122e-02
1.139204017817974091e-02
1.145425159484148026e-02
1.159677188843488693e-02
1.172415073961019516e-02
1.181498728692531586e-02
1.193732395768165588e-02
1.208715699613094330e-02
1.225552242249250412e-02
1.238966081291437149e-02
1.252543367445468903e-02
1.260224170982837677e-02
1.271978579461574554e-02
1.269363798201084137e-02
1.262156199663877487e-02
1.251523941755294800e-02
1.244708709418773651e-02
1.236148178577423096e-02
1.235926989465951920e-02
1.234392262995243073e-02
1.229915209114551544e-02
1.226163096725940704e-02
1.222670730203390121e-02
1.221057772636413574e-02
1.222860254347324371e-02
1.222912874072790146e-02
1.225093286484479904e-02
1.230652444064617157e-02
1.236479077488183975e-02
1.250065118074417114e-02
1.265003066509962082e-02
1.284259092062711716e-02
1.299005001783370972e-02
1.311295013874769211e-02
1.323929894715547562e-02
1.335885655134916306e-02
1.349727343767881393e-02
1.358885783702135086e-02
1.363791991025209427e-02
1.356594730168581009e-02
1.352224778383970261e-02
1.332865003496408463e-02
1.316084247082471848e-02
1.300232019275426865e-02
1.291891001164913177e-02
1.289343461394309998e-02
1.288716681301593781e-02
1.289707515388727188e-02
1.293667498975992203e-02
1.302017923444509506e-02
1.307962555438280106e-02
1.311340648680925369e-02
1.315337046980857849e-02
1.312728133052587509e-02
1.307775359600782394e-02
1.302549242973327637e-02
1.297351904213428497e-02
1.294086221605539322e-02
1.295939274132251740e-02
1.294516306370496750e-02
1.293963845819234848e-02
1.300587598234415054e-02
1.303238887339830399e-02
1.304797641932964325e-02
1.307038031518459320e-02
1.307724136859178543e-02
1.303173322230577469e-02
1.300698332488536835e-02
1.296063698828220367e-02
1.298059336841106415e-02
1.297807600349187851e-02
1.300810091197490692e-02
1.301079895347356796e-02
1.302861049771308899e-02
1.307070907205343246e-02
1.316648069769144058e-02
1.319642551243305206e-02
1.317963749170303345e-02
1.315196417272090912e-02
1.317782141268253326e-02
1.324794068932533264e-02
1.322019472718238831e-02
1.321540772914886475e-02
1.319804601371288300e-02
1.314923912286758423e-02
1.299905776977539062e-02
1.290163211524486542e-02
1.282139495015144348e-02
1.276996359229087830e-02
1.275374647229909897e-02
1.278597861528396606e-02
1.284129824489355087e-02
1.293615996837615967e-02
1.298565603792667389e-02
1.302064768970012665e-02
1.311874669045209885e-02
1.316260360181331635e-02
1.320742815732955933e-02
1.322110928595066071e-02
1.335526444017887115e-02
1.340816263109445572e-02
1.342224329710006714e-02
1.346701756119728088e-02
1.347035262733697891e-02
1.343776285648345947e-02
1.332483068108558655e-02
1.323617249727249146e-02
1.312613766640424728e-02
1.301082316786050797e-02
1.286289002746343613e-02
1.273358613252639771e-02
1.266090571880340576e-02
1.263808738440275192e-02
1.269765384495258331e-02
1.281774230301380157e-02
1.306182891130447388e-02
1.329047419130802155e-02
1.347055286169052124e-02
1.365387253463268280e-02
1.388400234282016754e-02
1.414943486452102661e-02
1.430713199079036713e-02
1.439620368182659149e-02
1.446898840367794037e-02
1.442241482436656952e-02
1.436416618525981903e-02
1.434287428855895996e-02
1.425936073064804077e-02
1.417523249983787537e-02
1.409005559980869293e-02
1.398384384810924530e-02
1.389525085687637329e-02
1.380921993404626846e-02
1.372786704450845718e-02
1.366097666323184967e-02
1.368970796465873718e-02
1.378723699599504471e-02
1.388840004801750183e-02
1.399458106607198715e-02
1.411211024969816208e-02
1.425622589886188507e-02
1.434661168605089188e-02
1.440505404025316238e-02
1.446632854640483856e-02
1.449093967676162720e-02
1.448501925915479660e-02
1.447714027017354965e-02
1.449474319815635681e-02
1.447083987295627594e-02
1.439038664102554321e-02
1.427752710878849030e-02
1.414012815803289413e-02
1.396359410136938095e-02
1.375718321651220322e-02
1.359503343701362610e-02
1.348236203193664551e-02
1.341341808438301086e-02
1.340670324862003326e-02
1.346422731876373291e-02
1.356303133070468903e-02
1.367459166795015335e-02
1.377132721245288849e-02
1.387861184775829315e-02
1.392811164259910583e-02
1.395833585411310196e-02
1.395984366536140442e-02
1.399309840053319931e-02
1.401397213339805603e-02
1.403978280723094940e-02
1.402878761291503906e-02
1.400666590780019760e-02
1.398637332022190094e-02
1.392427459359169006e-02
1.385056693106889725e-02
1.382984127849340439e-02
1.378584094345569611e-02
1.379606500267982483e-02
1.379293762147426605e-02
1.379476487636566162e-02
1.383989304304122925e-02
1.383179239928722382e-02
1.381365861743688583e-02
1.379918213933706284e-02
1.384101528674364090e-02
1.384459435939788818e-02
1.379938144236803055e-02
1.377745252102613449e-02
1.378148421645164490e-02
1.379771158099174500e-02
1.376128662377595901e-02
1.367124915122985840e-02
1.354110520333051682e-02
1.346920244395732880e-02
1.342660561203956604e-02
1.347591076046228409e-02
1.350900717079639435e-02
1.355108618736267090e-02
1.359167415648698807e-02
1.360094267874956131e-02
1.361736934632062912e-02
1.358126942068338394e-02
1.353763416409492493e-02
1.347131840884685516e-02
1.343389321118593216e-02
1.350310165435075760e-02
1.356490701436996460e-02
1.364654954522848129e-02
1.372795179486274719e-02
1.378124952316284180e-02
1.383908651769161224e-02
1.393523439764976501e-02
1.404086593538522720e-02
1.409237831830978394e-02
1.410339493304491043e-02
1.414104830473661423e-02
1.414806302636861801e-02
1.416498143225908279e-02
1.413151714950799942e-02
1.406720932573080063e-02
1.390492450445890427e-02
1.373541262000799179e-02
1.362078357487916946e-02
1.356604415923357010e-02
1.353244110941886902e-02
1.352518424391746521e-02
1.354931294918060303e-02
1.346771325916051865e-02
1.337664853781461716e-02
1.328894030302762985e-02
1.319516077637672424e-02
1.312538422644138336e-02
1.311714388430118561e-02
1.315549388527870178e-02
1.323498785495758057e-02
1.334366202354431152e-02
1.344335451722145081e-02
1.356114074587821960e-02
1.365595124661922455e-02
1.378197502344846725e-02
1.386411208659410477e-02
1.392713468521833420e-02
1.393715478479862213e-02
1.380359567701816559e-02
1.367316395044326782e-02
1.356807164847850800e-02
1.350371818989515305e-02
1.346818078309297562e-02
1.335509866476058960e-02
1.332179550081491470e-02
1.331818662583827972e-02
1.332501415163278580e-02
1.336097996681928635e-02
1.341616734862327576e-02
1.349904481321573257e-02
1.357601955533027649e-02
1.364302728325128555e-02
1.364669948816299438e-02
1.363090425729751587e-02
1.360434945672750473e-02
1.357130706310272217e-02
1.352900918573141098e-02
1.347770728170871735e-02
1.341172307729721069e-02
1.333366148173809052e-02
1.327240839600563049e-02
1.322180405259132385e-02
1.321209967136383057e-02
1.318940334022045135e-02
1.316098403185606003e-02
1.312462612986564636e-02
1.294867508113384247e-02
1.284317485988140106e-02
1.276058237999677658e-02
1.269951928406953812e-02
1.269748527556657791e-02
1.274041086435317993e-02
