1.878499984741210938e-02,-3.003191947937011719e-02,-1.458469033241271973e-02
1.878499984741210938e-02,-3.003191947937011719e-02,-1.458469033241271973e-02
1.778483390808105469e-02,-2.903199195861816406e-02,-1.358468830585479736e-02
1.816248893737792969e-02,-2.816164493560791016e-02,-1.306581497192382812e-02
1.836204528808593750e-02,-2.746367454528808594e-02,-1.257686316967010498e-02
1.832842826843261719e-02,-2.766919136047363281e-02,-1.189655065536499023e-02
1.810789108276367188e-02,-2.782845497131347656e-02,-1.110790669918060303e-02
1.790094375610351562e-02,-2.804946899414062500e-02,-1.083251833915710449e-02
1.787900924682617188e-02,-2.822732925415039062e-02,-1.028895378112792969e-02
1.791667938232421875e-02,-2.837216854095458984e-02,-9.997427463531494141e-03
1.786303520202636719e-02,-2.850341796875000000e-02,-9.491384029388427734e-03
1.807308197021484375e-02,-2.872550487518310547e-02,-8.990630507469177246e-03
1.804590225219726562e-02,-2.879655361175537109e-02,-8.374720811843872070e-03
1.786994934082031250e-02,-2.866697311401367188e-02,-7.752716541290283203e-03
1.785182952880859375e-02,-2.849972248077392578e-02,-7.117405533790588379e-03
1.773524284362792969e-02,-2.828609943389892578e-02,-6.388157606124877930e-03
1.755166053771972656e-02,-2.796673774719238281e-02,-5.666092038154602051e-03
1.754736900329589844e-02,-2.766621112823486328e-02,-5.186513066291809082e-03
1.769852638244628906e-02,-2.718460559844970703e-02,-4.745095968246459961e-03
1.788258552551269531e-02,-2.665591239929199219e-02,-4.332095384597778320e-03
1.813316345214843750e-02,-2.642381191253662109e-02,-4.082933068275451660e-03
1.828551292419433594e-02,-2.615773677825927734e-02,-4.094317555427551270e-03
1.835775375366210938e-02,-2.595400810241699219e-02,-4.083365201950073242e-03
1.885032653808593750e-02,-2.579736709594726562e-02,-4.238322377204895020e-03
1.926231384277343750e-02,-2.568280696868896484e-02,-4.445210099220275879e-03
1.966834068298339844e-02,-2.553665637969970703e-02,-4.823654890060424805e-03
2.010130882263183594e-02,-2.551174163818359375e-02,-5.365341901779174805e-03
2.050709724426269531e-02,-2.541112899780273438e-02,-5.970656871795654297e-03
2.077364921569824219e-02,-2.534174919128417969e-02,-6.405904889106750488e-03
2.101087570190429688e-02,-2.527320384979248047e-02,-6.835550069808959961e-03
2.125215530395507812e-02,-2.517604827880859375e-02,-7.366418838500976562e-03
2.145504951477050781e-02,-2.530288696289062500e-02,-7.769718766212463379e-03
2.165579795837402344e-02,-2.540016174316406250e-02,-8.211329579353332520e-03
2.183413505554199219e-02,-2.545881271362304688e-02,-8.573815226554870605e-03
2.198696136474609375e-02,-2.551734447479248047e-02,-8.978500962257385254e-03
2.209401130676269531e-02,-2.552890777587890625e-02,-9.330630302429199219e-03
2.216625213623046875e-02,-2.546894550323486328e-02,-9.599119424819946289e-03
2.228498458862304688e-02,-2.523040771484375000e-02,-1.002240180969238281e-02
2.229118347167968750e-02,-2.511250972747802734e-02,-1.041899621486663818e-02
2.229571342468261719e-02,-2.514564990997314453e-02,-1.095837354660034180e-02
2.231812477111816406e-02,-2.513754367828369141e-02,-1.123614609241485596e-02
2.233266830444335938e-02,-2.506482601165771484e-02,-1.136237382888793945e-02
2.233481407165527344e-02,-2.505254745483398438e-02,-1.135377585887908936e-02
2.235555648803710938e-02,-2.492773532867431641e-02,-1.137286424636840820e-02
2.231025695800781250e-02,-2.481818199157714844e-02,-1.133562624454498291e-02
2.221322059631347656e-02,-2.487742900848388672e-02,-1.123042404651641846e-02
2.216720581054687500e-02,-2.495920658111572266e-02,-1.112410426139831543e-02
2.209448814392089844e-02,-2.508640289306640625e-02,-1.118375360965728760e-02
2.206492424011230469e-02,-2.518928050994873047e-02,-1.134063303470611572e-02
2.221345901489257812e-02,-2.523076534271240234e-02,-1.164336502552032471e-02
2.241134643554687500e-02,-2.518689632415771484e-02,-1.187592744827270508e-02
2.262711524963378906e-02,-2.523279190063476562e-02,-1.207156479358673096e-02
2.291154861450195312e-02,-2.534008026123046875e-02,-1.220878958702087402e-02
2.326250076293945312e-02,-2.553522586822509766e-02,-1.231913268566131592e-02
2.356386184692382812e-02,-2.584910392761230469e-02,-1.239667832851409912e-02
2.393960952758789062e-02,-2.611851692199707031e-02,-1.242011785507202148e-02
2.431797981262207031e-02,-2.638947963714599609e-02,-1.247756183147430420e-02
2.464771270751953125e-02,-2.666950225830078125e-02,-1.249495148658752441e-02
2.489781379699707031e-02,-2.687692642211914062e-02,-1.255054771900177002e-02
2.512836456298828125e-02,-2.719950675964355469e-02,-1.278328895568847656e-02
2.536869049072265625e-02,-2.761447429656982422e-02,-1.297914981842041016e-02
2.559447288513183594e-02,-2.793419361114501953e-02,-1.327037811279296875e-02
2.588677406311035156e-02,-2.803945541381835938e-02,-1.347072422504425049e-02
2.625727653503417969e-02,-2.819168567657470703e-02,-1.342746615409851074e-02
2.661061286926269531e-02,-2.849173545837402344e-02,-1.317974925041198730e-02
2.693319320678710938e-02,-2.881157398223876953e-02,-1.277109980583190918e-02
2.730703353881835938e-02,-2.903759479522705078e-02,-1.217608153820037842e-02
2.760863304138183594e-02,-2.911984920501708984e-02,-1.163345575332641602e-02
2.796697616577148438e-02,-2.924036979675292969e-02,-1.092447340488433838e-02
2.826786041259765625e-02,-2.933430671691894531e-02,-9.950026869773864746e-03
2.854299545288085938e-02,-2.933931350708007812e-02,-9.073168039321899414e-03
2.890276908874511719e-02,-2.929782867431640625e-02,-8.272796869277954102e-03
2.919006347656250000e-02,-2.916646003723144531e-02,-7.474705576896667480e-03
2.944159507751464844e-02,-2.896022796630859375e-02,-6.805375218391418457e-03
2.960062026977539062e-02,-2.865707874298095703e-02,-6.123259663581848145e-03
2.977657318115234375e-02,-2.830326557159423828e-02,-5.520358681678771973e-03
2.985763549804687500e-02,-2.799355983734130859e-02,-4.976183176040649414e-03
2.994370460510253906e-02,-2.763164043426513672e-02,-4.662603139877319336e-03
2.999281883239746094e-02,-2.715897560119628906e-02,-4.461169242858886719e-03
2.995729446411132812e-02,-2.660775184631347656e-02,-4.263117909431457520e-03
2.993369102478027344e-02,-2.611470222473144531e-02,-4.115015268325805664e-03
2.993035316467285156e-02,-2.572333812713623047e-02,-4.028752446174621582e-03
2.999830245971679688e-02,-2.535080909729003906e-02,-3.983184695243835449e-03
3.008246421813964844e-02,-2.489399909973144531e-02,-3.914743661880493164e-03
3.018450736999511719e-02,-2.454030513763427734e-02,-3.858640789985656738e-03
3.027820587158203125e-02,-2.418148517608642578e-02,-3.784194588661193848e-03
3.037309646606445312e-02,-2.380585670471191406e-02,-3.700926899909973145e-03
3.061604499816894531e-02,-2.357637882232666016e-02,-3.607317805290222168e-03
3.077197074890136719e-02,-2.320873737335205078e-02,-3.513008356094360352e-03
3.090620040893554688e-02,-2.286088466644287109e-02,-3.474116325378417969e-03
3.103852272033691406e-02,-2.249777317047119141e-02,-3.416225314140319824e-03
3.106164932250976562e-02,-2.218163013458251953e-02,-3.312513232231140137e-03
3.095960617065429688e-02,-2.192747592926025391e-02,-3.285124897956848145e-03
3.080725669860839844e-02,-2.170515060424804688e-02,-3.271982073783874512e-03
3.067493438720703125e-02,-2.164936065673828125e-02,-3.224834799766540527e-03
3.053951263427734375e-02,-2.165615558624267578e-02,-3.131523728370666504e-03
3.042531013488769531e-02,-2.177226543426513672e-02,-2.917230129241943359e-03
3.035497665405273438e-02,-2.182662487030029297e-02,-2.601563930511474609e-03
3.023195266723632812e-02,-2.199316024780273438e-02,-2.509072422981262207e-03
3.006649017333984375e-02,-2.222025394439697266e-02,-2.321958541870117188e-03
2.989840507507324219e-02,-2.235960960388183594e-02,-2.023324370384216309e-03
2.962160110473632812e-02,-2.258527278900146484e-02,-1.743778586387634277e-03
2.931261062622070312e-02,-2.295672893524169922e-02,-1.481622457504272461e-03
2.897882461547851562e-02,-2.338528633117675781e-02,-1.270771026611328125e-03
2.860975265502929688e-02,-2.380001544952392578e-02,-1.029476523399353027e-03
2.822136878967285156e-02,-2.434647083282470703e-02,-7.907897233963012695e-04
2.782320976257324219e-02,-2.515244483947753906e-02,-5.823820829391479492e-04
2.739262580871582031e-02,-2.598142623901367188e-02,-4.988759756088256836e-04
2.695655822753906250e-02,-2.667772769927978516e-02,-3.817975521087646484e-04
2.661609649658203125e-02,-2.724111080169677734e-02,-2.701878547668457031e-04
2.622389793395996094e-02,-2.771437168121337891e-02,-2.651363611221313477e-04
2.583646774291992188e-02,-2.802395820617675781e-02,-1.540929079055786133e-04
2.545356750488281250e-02,-2.825748920440673828e-02,-8.463859558105468750e-05
2.507901191711425781e-02,-2.843141555786132812e-02,1.794099807739257812e-05
2.460837364196777344e-02,-2.849078178405761719e-02,1.996606588363647461e-04
2.409744262695312500e-02,-2.832388877868652344e-02,4.868656396865844727e-04
2.368617057800292969e-02,-2.817809581756591797e-02,8.132904767990112305e-04
2.332615852355957031e-02,-2.804052829742431641e-02,1.076802611351013184e-03
2.293586730957031250e-02,-2.783584594726562500e-02,1.407980918884277344e-03
2.265715599060058594e-02,-2.751946449279785156e-02,1.512140035629272461e-03
2.239894866943359375e-02,-2.718472480773925781e-02,1.638546586036682129e-03
2.212691307067871094e-02,-2.686262130737304688e-02,1.690283417701721191e-03
2.188277244567871094e-02,-2.648210525512695312e-02,1.740157604217529297e-03
2.161741256713867188e-02,-2.600240707397460938e-02,1.832619309425354004e-03
2.144694328308105469e-02,-2.547001838684082031e-02,1.937016844749450684e-03
2.131938934326171875e-02,-2.480530738830566406e-02,2.097576856613159180e-03
2.125811576843261719e-02,-2.410471439361572266e-02,2.157181501388549805e-03
2.119326591491699219e-02,-2.336788177490234375e-02,2.178281545639038086e-03
2.119374275207519531e-02,-2.292299270629882812e-02,2.135872840881347656e-03
2.135515213012695312e-02,-2.250015735626220703e-02,2.172306180000305176e-03
2.152562141418457031e-02,-2.212023735046386719e-02,2.155765891075134277e-03
2.169084548950195312e-02,-2.160680294036865234e-02,2.073794603347778320e-03
2.191948890686035156e-02,-2.110958099365234375e-02,2.001821994781494141e-03
2.209782600402832031e-02,-2.046191692352294922e-02,1.869842410087585449e-03
2.223467826843261719e-02,-1.970958709716796875e-02,1.723870635032653809e-03
2.236795425415039062e-02,-1.890671253204345703e-02,1.462355256080627441e-03
2.244710922241210938e-02,-1.805329322814941406e-02,1.253053545951843262e-03
2.250027656555175781e-02,-1.710617542266845703e-02,1.040637493133544922e-03
2.243280410766601562e-02,-1.616072654724121094e-02,8.271038532257080078e-04
2.235841751098632812e-02,-1.534688472747802734e-02,6.089508533477783203e-04
2.223086357116699219e-02,-1.447963714599609375e-02,3.963559865951538086e-04
2.209019660949707031e-02,-1.360225677490234375e-02,2.757012844085693359e-04
2.204275131225585938e-02,-1.286458969116210938e-02,1.969933509826660156e-04
2.197027206420898438e-02,-1.223254203796386719e-02,1.106262207031250000e-04
2.179908752441406250e-02,-1.160943508148193359e-02,1.735538244247436523e-04
2.174448966979980469e-02,-1.092910766601562500e-02,3.426373004913330078e-04
2.162790298461914062e-02,-1.029109954833984375e-02,4.202276468276977539e-04
2.147674560546875000e-02,-9.675979614257812500e-03,7.573068141937255859e-04
2.135229110717773438e-02,-9.068727493286132812e-03,1.053839921951293945e-03
2.109026908874511719e-02,-8.639693260192871094e-03,1.304060220718383789e-03
2.095103263854980469e-02,-8.341789245605468750e-03,1.558572053909301758e-03
2.080392837524414062e-02,-8.003354072570800781e-03,1.794964075088500977e-03
2.059006690979003906e-02,-7.558941841125488281e-03,2.027302980422973633e-03
2.019834518432617188e-02,-7.036089897155761719e-03,2.249881625175476074e-03
1.971840858459472656e-02,-6.582260131835937500e-03,2.656042575836181641e-03
1.922559738159179688e-02,-6.144285202026367188e-03,2.788230776786804199e-03
1.869177818298339844e-02,-5.628466606140136719e-03,2.759143710136413574e-03
1.811480522155761719e-02,-5.214095115661621094e-03,2.421036362648010254e-03
1.765727996826171875e-02,-4.869699478149414062e-03,2.021074295043945312e-03
1.723766326904296875e-02,-4.586458206176757812e-03,1.575857400894165039e-03
1.689171791076660156e-02,-4.248023033142089844e-03,1.247256994247436523e-03
1.644110679626464844e-02,-3.904938697814941406e-03,9.480118751525878906e-04
1.595830917358398438e-02,-3.567337989807128906e-03,7.054060697555541992e-04
1.532745361328125000e-02,-3.623247146606445312e-03,3.582090139389038086e-04
1.474356651306152344e-02,-3.697633743286132812e-03,2.019703388214111328e-04
1.462769508361816406e-02,-3.885507583618164062e-03,3.151148557662963867e-04
1.454019546508789062e-02,-4.067301750183105469e-03,5.764812231063842773e-04
1.449751853942871094e-02,-4.224061965942382812e-03,8.476376533508300781e-04
1.444125175476074219e-02,-4.387497901916503906e-03,1.262754201889038086e-03
1.433038711547851562e-02,-4.452109336853027344e-03,1.698374748229980469e-03
1.414299011230468750e-02,-4.450917243957519531e-03,2.058446407318115234e-03
1.387190818786621094e-02,-4.571557044982910156e-03,2.250537276268005371e-03
1.355552673339843750e-02,-4.629492759704589844e-03,2.354875206947326660e-03
1.316952705383300781e-02,-4.744648933410644531e-03,2.372726798057556152e-03
1.274037361145019531e-02,-4.884839057922363281e-03,2.133652567863464355e-03
1.226568222045898438e-02,-4.950523376464843750e-03,1.790761947631835938e-03
1.179122924804687500e-02,-5.080580711364746094e-03,1.540720462799072266e-03
1.107835769653320312e-02,-4.958987236022949219e-03,1.447886228561401367e-03
1.038217544555664062e-02,-4.919409751892089844e-03,1.396209001541137695e-03
9.893417358398437500e-03,-4.920363426208496094e-03,1.432195305824279785e-03
9.462594985961914062e-03,-5.017518997192382812e-03,1.581430435180664062e-03
9.152173995971679688e-03,-5.136013031005859375e-03,1.748904585838317871e-03
8.903026580810546875e-03,-5.290150642395019531e-03,2.029508352279663086e-03
8.782625198364257812e-03,-5.519151687622070312e-03,2.248436212539672852e-03
8.732318878173828125e-03,-5.735397338867187500e-03,2.415463328361511230e-03
8.787393569946289062e-03,-6.070852279663085938e-03,2.537369728088378906e-03
8.884191513061523438e-03,-6.399035453796386719e-03,2.636045217514038086e-03
9.037733078002929688e-03,-6.644964218139648438e-03,2.697408199310302734e-03
9.211540222167968750e-03,-6.930589675903320312e-03,2.810671925544738770e-03
9.459018707275390625e-03,-7.151365280151367188e-03,3.034099936485290527e-03
9.753227233886718750e-03,-7.282733917236328125e-03,3.184974193572998047e-03
1.006269454956054688e-02,-7.448792457580566406e-03,3.343552350997924805e-03
1.035261154174804688e-02,-7.591605186462402344e-03,3.582820296287536621e-03
1.054859161376953125e-02,-7.720232009887695312e-03,3.852516412734985352e-03
1.084995269775390625e-02,-7.870912551879882812e-03,4.127949476242065430e-03
1.098632812500000000e-02,-7.963061332702636719e-03,4.259318113327026367e-03
1.102089881896972656e-02,-8.001685142517089844e-03,4.316419363021850586e-03
1.090955734252929688e-02,-8.019804954528808594e-03,4.378750920295715332e-03
1.079702377319335938e-02,-8.013844490051269531e-03,4.467278718948364258e-03
1.058483123779296875e-02,-7.810115814208984375e-03,4.624903202056884766e-03
1.043534278869628906e-02,-7.608294486999511719e-03,4.703924059867858887e-03
1.025176048278808594e-02,-7.459282875061035156e-03,4.734903573989868164e-03
1.008391380310058594e-02,-7.239103317260742188e-03,4.898548126220703125e-03
9.979248046875000000e-03,-7.056355476379394531e-03,5.097597837448120117e-03
9.930610656738281250e-03,-6.940960884094238281e-03,5.318790674209594727e-03
9.903430938720703125e-03,-6.761550903320312500e-03,5.519583821296691895e-03
9.912967681884765625e-03,-6.612896919250488281e-03,5.548104643821716309e-03
9.956359863281250000e-03,-6.368279457092285156e-03,5.491539835929870605e-03
1.017165184020996094e-02,-6.202459335327148438e-03,5.399152636528015137e-03
1.057410240173339844e-02,-6.063818931579589844e-03,5.192533135414123535e-03
1.100206375122070312e-02,-5.871415138244628906e-03,4.943370819091796875e-03
1.145720481872558594e-02,-5.642890930175781250e-03,4.588782787322998047e-03
1.181244850158691406e-02,-5.401492118835449219e-03,4.310980439186096191e-03
1.207923889160156250e-02,-5.112051963806152344e-03,4.085659980773925781e-03
1.223182678222656250e-02,-4.729509353637695312e-03,3.892019391059875488e-03
1.225137710571289062e-02,-4.346728324890136719e-03,3.674864768981933594e-03
1.221704483032226562e-02,-4.170894622802734375e-03,3.625318408012390137e-03
1.213645935058593750e-02,-3.922224044799804688e-03,3.498405218124389648e-03
1.199126243591308594e-02,-3.598690032958984375e-03,3.364816308021545410e-03
1.185226440429687500e-02,-3.375411033630371094e-03,3.218322992324829102e-03
1.171207427978515625e-02,-3.139495849609375000e-03,2.939984202384948730e-03
1.169419288635253906e-02,-3.044605255126953125e-03,2.612099051475524902e-03
1.169013977050781250e-02,-2.949237823486328125e-03,2.262383699417114258e-03
1.159572601318359375e-02,-2.916693687438964844e-03,2.090349793434143066e-03
1.148700714111328125e-02,-2.869129180908203125e-03,2.108946442604064941e-03
1.138758659362792969e-02,-2.808809280395507812e-03,2.215519547462463379e-03
1.141500473022460938e-02,-2.768993377685546875e-03,2.425879240036010742e-03
1.145815849304199219e-02,-2.760291099548339844e-03,2.750515937805175781e-03
1.142954826354980469e-02,-2.732157707214355469e-03,3.055423498153686523e-03
1.151037216186523438e-02,-2.817749977111816406e-03,3.177672624588012695e-03
1.150918006896972656e-02,-2.776026725769042969e-03,3.157973289489746094e-03
1.160764694213867188e-02,-2.660989761352539062e-03,3.193333745002746582e-03
1.165938377380371094e-02,-2.552270889282226562e-03,3.266051411628723145e-03
1.166296005249023438e-02,-2.361416816711425781e-03,3.360375761985778809e-03
1.170468330383300781e-02,-2.177357673645019531e-03,3.491252660751342773e-03
1.161003112792968750e-02,-2.090096473693847656e-03,3.607228398323059082e-03
1.147103309631347656e-02,-1.974821090698242188e-03,3.662139177322387695e-03
1.128172874450683594e-02,-1.972436904907226562e-03,3.622382879257202148e-03
1.113367080688476562e-02,-2.101540565490722656e-03,3.516584634780883789e-03
1.091551780700683594e-02,-2.223610877990722656e-03,3.347262740135192871e-03
1.077723503112792969e-02,-2.168178558349609375e-03,3.248170018196105957e-03
1.061773300170898438e-02,-2.188086509704589844e-03,3.135964274406433105e-03
1.047682762145996094e-02,-2.234697341918945312e-03,3.054171800613403320e-03
1.039457321166992188e-02,-2.253413200378417969e-03,3.002703189849853516e-03
1.027441024780273438e-02,-2.353906631469726562e-03,2.977147698402404785e-03
1.017093658447265625e-02,-2.786278724670410156e-03,3.015846014022827148e-03
1.015329360961914062e-02,-3.185868263244628906e-03,3.017544746398925781e-03
1.015591621398925781e-02,-3.584980964660644531e-03,3.092631697654724121e-03
1.016807556152343750e-02,-3.960132598876953125e-03,3.222227096557617188e-03
1.019334793090820312e-02,-4.304528236389160156e-03,3.490492701530456543e-03
1.016211509704589844e-02,-4.632115364074707031e-03,3.715857863426208496e-03
1.016402244567871094e-02,-4.776239395141601562e-03,4.039853811264038086e-03
1.020359992980957031e-02,-4.888534545898437500e-03,4.299908876419067383e-03
1.015996932983398438e-02,-4.950404167175292969e-03,4.403784871101379395e-03
1.004266738891601562e-02,-4.999279975891113281e-03,4.252225160598754883e-03
9.968519210815429688e-03,-4.992008209228515625e-03,4.007205367088317871e-03
9.906768798828125000e-03,-4.994034767150878906e-03,3.680765628814697266e-03
9.880304336547851562e-03,-4.964351654052734375e-03,3.352850675582885742e-03
9.809255599975585938e-03,-4.959702491760253906e-03,3.092348575592041016e-03
9.750604629516601562e-03,-5.007505416870117188e-03,2.858713269233703613e-03
9.783506393432617188e-03,-5.077123641967773438e-03,2.675890922546386719e-03
9.803295135498046875e-03,-5.066514015197753906e-03,2.537623047828674316e-03
9.746074676513671875e-03,-5.026936531066894531e-03,2.400219440460205078e-03
9.601831436157226562e-03,-4.929184913635253906e-03,2.359375357627868652e-03
9.390115737915039062e-03,-4.829525947570800781e-03,2.394616603851318359e-03
9.120941162109375000e-03,-4.604101181030273438e-03,2.435550093650817871e-03
8.927822113037109375e-03,-4.349589347839355469e-03,2.417981624603271484e-03
8.793830871582031250e-03,-4.316449165344238281e-03,2.330556511878967285e-03
8.726358413696289062e-03,-4.253387451171875000e-03,2.327099442481994629e-03
8.670091629028320312e-03,-4.257440567016601562e-03,2.291515469551086426e-03
8.662939071655273438e-03,-4.273772239685058594e-03,2.240553498268127441e-03
8.676290512084960938e-03,-4.329919815063476562e-03,2.247631549835205078e-03
8.655786514282226562e-03,-4.354715347290039062e-03,2.335682511329650879e-03
8.805513381958007812e-03,-4.400491714477539062e-03,2.493053674697875977e-03
8.908033370971679688e-03,-4.393339157104492188e-03,2.694398164749145508e-03
9.150266647338867188e-03,-4.339814186096191406e-03,2.918049693107604980e-03
9.328603744506835938e-03,-4.312276840209960938e-03,3.178641200065612793e-03
9.335517883300781250e-03,-4.454731941223144531e-03,3.398925065994262695e-03
9.327411651611328125e-03,-4.627704620361328125e-03,3.564760088920593262e-03
9.267807006835937500e-03,-4.770517349243164062e-03,3.646761178970336914e-03
9.146213531494140625e-03,-4.892706871032714844e-03,3.633424639701843262e-03
9.021520614624023438e-03,-4.902482032775878906e-03,3.670454025268554688e-03
8.936166763305664062e-03,-4.922389984130859375e-03,3.639876842498779297e-03
8.921861648559570312e-03,-4.904985427856445312e-03,3.567382693290710449e-03
8.811950683593750000e-03,-5.751490592956542969e-03,3.479018807411193848e-03
8.678436279296875000e-03,-6.440162658691406250e-03,3.406941890716552734e-03
8.560180664062500000e-03,-7.050514221191406250e-03,3.418922424316406250e-03
8.503198623657226562e-03,-7.566213607788085938e-03,3.391593694686889648e-03
8.502244949340820312e-03,-7.992506027221679688e-03,3.417268395423889160e-03
8.563041687011718750e-03,-8.388519287109375000e-03,3.604561090469360352e-03
8.593082427978515625e-03,-8.698463439941406250e-03,3.831863403320312500e-03
8.561372756958007812e-03,-8.784651756286621094e-03,4.031360149383544922e-03
8.304595947265625000e-03,-8.798718452453613281e-03,4.288092255592346191e-03
8.001565933227539062e-03,-8.790612220764160156e-03,4.521980881690979004e-03
7.686376571655273438e-03,-8.760452270507812500e-03,4.661142826080322266e-03
7.432222366333007812e-03,-8.747577667236328125e-03,4.784122109413146973e-03
7.187843322753906250e-03,-8.715152740478515625e-03,4.865825176239013672e-03
7.082939147949218750e-03,-8.609414100646972656e-03,4.874289035797119141e-03
7.015466690063476562e-03,-8.421659469604492188e-03,5.037441849708557129e-03
6.996393203735351562e-03,-8.203387260437011719e-03,5.074024200439453125e-03
7.120847702026367188e-03,-7.938742637634277344e-03,5.101069808006286621e-03
7.233381271362304688e-03,-7.649540901184082031e-03,4.995957016944885254e-03
7.302999496459960938e-03,-7.379055023193359375e-03,4.861682653427124023e-03
7.461547851562500000e-03,-7.145762443542480469e-03,4.606530070304870605e-03
7.613658905029296875e-03,-6.888628005981445312e-03,4.348129034042358398e-03
7.810354232788085938e-03,-6.625533103942871094e-03,4.094555974006652832e-03
8.054018020629882812e-03,-6.404638290405273438e-03,3.845646977424621582e-03
8.207321166992187500e-03,-6.234407424926757812e-03,3.646224737167358398e-03
8.280754089355468750e-03,-6.089568138122558594e-03,3.412932157516479492e-03
8.316040039062500000e-03,-5.953431129455566406e-03,3.229871392250061035e-03
8.270502090454101562e-03,-5.827784538269042969e-03,3.205478191375732422e-03
8.197546005249023438e-03,-5.756020545959472656e-03,3.329366445541381836e-03
8.215665817260742188e-03,-5.725026130676269531e-03,3.550857305526733398e-03
8.185386657714843750e-03,-5.702853202819824219e-03,3.866404294967651367e-03
8.170843124389648438e-03,-5.713820457458496094e-03,4.157423973083496094e-03
8.218288421630859375e-03,-5.723953247070312500e-03,4.452064633369445801e-03
8.321046829223632812e-03,-5.619764328002929688e-03,5.025550723075866699e-03
8.454799652099609375e-03,-5.482316017150878906e-03,5.456969141960144043e-03
8.607625961303710938e-03,-5.381464958190917969e-03,5.766451358795166016e-03
8.844852447509765625e-03,-5.307674407958984375e-03,5.915239453315734863e-03
9.055852890014648438e-03,-5.236864089965820312e-03,5.965977907180786133e-03
9.307622909545898438e-03,-5.177736282348632812e-03,5.897313356399536133e-03
9.577989578247070312e-03,-5.139589309692382812e-03,5.822762846946716309e-03
9.835958480834960938e-03,-5.162596702575683594e-03,5.728140473365783691e-03
1.008129119873046875e-02,-5.143404006958007812e-03,5.680963397026062012e-03
1.026272773742675781e-02,-5.152583122253417969e-03,5.599349737167358398e-03
1.034832000732421875e-02,-5.111217498779296875e-03,5.605295300483703613e-03
1.039028167724609375e-02,-5.057573318481445312e-03,5.695790052413940430e-03
1.044297218322753906e-02,-5.091786384582519531e-03,5.736023187637329102e-03
1.035237312316894531e-02,-5.097746849060058594e-03,5.780845880508422852e-03
1.016640663146972656e-02,-5.100607872009277344e-03,5.955755710601806641e-03
9.923696517944335938e-03,-5.070924758911132812e-03,6.165459752082824707e-03
9.670019149780273438e-03,-5.033016204833984375e-03,6.436482071876525879e-03
9.452581405639648438e-03,-4.995703697204589844e-03,6.645843386650085449e-03
9.261131286621093750e-03,-4.985213279724121094e-03,6.776243448257446289e-03
9.075164794921875000e-03,-4.949808120727539062e-03,6.827011704444885254e-03
8.945226669311523438e-03,-4.887819290161132812e-03,6.830900907516479492e-03
9.040832519531250000e-03,-4.843354225158691406e-03,6.732940673828125000e-03
9.155750274658203125e-03,-4.789948463439941406e-03,6.573349237442016602e-03
9.212970733642578125e-03,-4.705786705017089844e-03,6.310448050498962402e-03
9.293079376220703125e-03,-4.560232162475585938e-03,6.064951419830322266e-03
9.397506713867187500e-03,-4.364609718322753906e-03,5.821287631988525391e-03
9.381771087646484375e-03,-4.150032997131347656e-03,5.656093358993530273e-03
9.374856948852539062e-03,-3.988862037658691406e-03,5.426555871963500977e-03
9.337425231933593750e-03,-3.841996192932128906e-03,5.263909697532653809e-03
9.194850921630859375e-03,-3.635048866271972656e-03,5.163133144378662109e-03
9.072542190551757812e-03,-3.434658050537109375e-03,4.998713731765747070e-03
8.921861648559570312e-03,-3.276705741882324219e-03,4.890173673629760742e-03
8.873224258422851562e-03,-3.173947334289550781e-03,4.899337887763977051e-03
8.910417556762695312e-03,-3.165364265441894531e-03,5.033686757087707520e-03
8.962631225585937500e-03,-3.171205520629882812e-03,5.105420947074890137e-03
9.039878845214843750e-03,-3.193616867065429688e-03,5.248144268989562988e-03
9.047269821166992188e-03,-3.203868865966796875e-03,5.328372120857238770e-03
9.110450744628906250e-03,-3.260254859924316406e-03,5.336761474609375000e-03
9.173631668090820312e-03,-3.319382667541503906e-03,5.314350128173828125e-03
9.203195571899414062e-03,-3.428936004638671875e-03,5.178332328796386719e-03
9.089946746826171875e-03,-3.529787063598632812e-03,4.939690232276916504e-03
8.984088897705078125e-03,-3.635764122009277344e-03,4.642412066459655762e-03
8.827924728393554688e-03,-3.738880157470703125e-03,4.387959837913513184e-03
8.661985397338867188e-03,-3.811120986938476562e-03,4.184216260910034180e-03
8.446693420410156250e-03,-3.858923912048339844e-03,4.012733697891235352e-03
8.300304412841796875e-03,-3.944158554077148438e-03,3.934323787689208984e-03
8.293390274047851562e-03,-4.037380218505859375e-03,3.942370414733886719e-03
8.248329162597656250e-03,-4.105210304260253906e-03,3.967717289924621582e-03
8.185625076293945312e-03,-4.239439964294433594e-03,4.022181034088134766e-03
8.111238479614257812e-03,-4.344344139099121094e-03,4.142448306083679199e-03
8.035898208618164062e-03,-4.395246505737304688e-03,4.301011562347412109e-03
7.956981658935546875e-03,-4.353642463684082031e-03,4.466354846954345703e-03
8.103370666503906250e-03,-4.238009452819824219e-03,4.509881138801574707e-03
8.226156234741210938e-03,-4.143714904785156250e-03,4.484340548515319824e-03
8.324861526489257812e-03,-4.146933555603027344e-03,4.438817501068115234e-03
8.350849151611328125e-03,-4.121422767639160156e-03,4.361122846603393555e-03
8.374452590942382812e-03,-4.068136215209960938e-03,4.303008317947387695e-03
8.382081985473632812e-03,-4.007577896118164062e-03,4.219040274620056152e-03
8.390903472900390625e-03,-3.926873207092285156e-03,4.149198532104492188e-03
8.401155471801757812e-03,-3.825426101684570312e-03,4.136830568313598633e-03
8.460044860839843750e-03,-3.762841224670410156e-03,4.144951701164245605e-03
8.492946624755859375e-03,-3.731727600097656250e-03,4.171416163444519043e-03
8.559226989746093750e-03,-3.669261932373046875e-03,4.239097237586975098e-03
8.538484573364257812e-03,-3.675818443298339844e-03,4.306659102439880371e-03
8.550882339477539062e-03,-3.715753555297851562e-03,4.327237606048583984e-03
8.386611938476562500e-03,-3.773927688598632812e-03,4.259735345840454102e-03
8.239984512329101562e-03,-3.837227821350097656e-03,4.146516323089599609e-03
8.100271224975585938e-03,-3.890872001647949219e-03,4.006370902061462402e-03
7.967472076416015625e-03,-3.993034362792968750e-03,3.878653049468994141e-03
7.880210876464843750e-03,-4.067301750183105469e-03,3.742352128028869629e-03
7.744312286376953125e-03,-4.095673561096191406e-03,3.641456365585327148e-03
7.620096206665039062e-03,-4.127860069274902344e-03,3.509640693664550781e-03
7.543325424194335938e-03,-4.149079322814941406e-03,3.444507718086242676e-03
7.530450820922851562e-03,-4.096746444702148438e-03,3.381565213203430176e-03
7.523536682128906250e-03,-4.023909568786621094e-03,3.316521644592285156e-03
7.530212402343750000e-03,-3.948688507080078125e-03,3.335714340209960938e-03
7.542133331298828125e-03,-3.877758979797363281e-03,3.337398171424865723e-03
7.511138916015625000e-03,-3.818869590759277344e-03,3.391683101654052734e-03
7.514238357543945312e-03,-3.701567649841308594e-03,3.425255417823791504e-03
7.462978363037109375e-03,-3.633975982666015625e-03,3.485769033432006836e-03
7.445573806762695312e-03,-3.473997116088867188e-03,3.548949956893920898e-03
7.450819015502929688e-03,-3.362894058227539062e-03,3.554016351699829102e-03
7.452249526977539062e-03,-3.258705139160156250e-03,3.530949354171752930e-03
7.466316223144531250e-03,-3.179788589477539062e-03,3.442242741584777832e-03
7.467269897460937500e-03,-3.131508827209472656e-03,3.413796424865722656e-03
7.448911666870117188e-03,-3.142356872558593750e-03,3.452271223068237305e-03
7.408618927001953125e-03,-3.207564353942871094e-03,3.498941659927368164e-03
7.401227951049804688e-03,-3.292918205261230469e-03,3.488183021545410156e-03
7.423162460327148438e-03,-3.329873085021972656e-03,3.489241003990173340e-03
7.442951202392578125e-03,-3.432273864746093750e-03,3.483921289443969727e-03
7.456779479980468750e-03,-3.496408462524414062e-03,3.497883677482604980e-03
7.453918457031250000e-03,-3.596663475036621094e-03,3.510132431983947754e-03
7.374763488769531250e-03,-3.707528114318847656e-03,3.611877560615539551e-03
7.308483123779296875e-03,-3.777861595153808594e-03,3.801539540290832520e-03
7.281780242919921875e-03,-3.816366195678710938e-03,4.070460796356201172e-03
7.225036621093750000e-03,-3.793597221374511719e-03,4.299446940422058105e-03
7.162332534790039062e-03,-3.704547882080078125e-03,4.514679312705993652e-03
7.137775421142578125e-03,-3.631830215454101562e-03,4.712462425231933594e-03
7.093667984008789062e-03,-3.593683242797851562e-03,4.912063479423522949e-03
6.991624832153320312e-03,-3.594756126403808594e-03,5.031988024711608887e-03
6.928443908691406250e-03,-3.655314445495605469e-03,5.069643259048461914e-03
6.798267364501953125e-03,-3.749966621398925781e-03,5.025178194046020508e-03
6.707191467285156250e-03,-3.752946853637695312e-03,5.003824830055236816e-03
6.584644317626953125e-03,-3.746271133422851562e-03,4.943758249282836914e-03
6.443977355957031250e-03,-3.769636154174804688e-03,4.819363355636596680e-03
6.349086761474609375e-03,-3.781914710998535156e-03,4.701584577560424805e-03
6.259679794311523438e-03,-3.832578659057617188e-03,4.611477255821228027e-03
6.224632263183593750e-03,-3.873109817504882812e-03,4.483968019485473633e-03
6.177663803100585938e-03,-3.874421119689941406e-03,4.408046603202819824e-03
6.209135055541992188e-03,-3.883481025695800781e-03,4.391565918922424316e-03
6.238460540771484375e-03,-3.868699073791503906e-03,4.415765404701232910e-03
6.217241287231445312e-03,-3.894209861755371094e-03,4.545867443084716797e-03
6.227254867553710938e-03,-3.982901573181152344e-03,4.701063036918640137e-03
6.309509277343750000e-03,-4.027128219604492188e-03,4.848197102546691895e-03
6.371498107910156250e-03,-4.083395004272460938e-03,4.958808422088623047e-03
6.475210189819335938e-03,-4.138588905334472656e-03,4.991069436073303223e-03
6.625175476074218750e-03,-4.166841506958007812e-03,5.021661520004272461e-03
6.680965423583984375e-03,-4.225254058837890625e-03,5.099371075630187988e-03
6.683588027954101562e-03,-4.227161407470703125e-03,5.212143063545227051e-03
6.519794464111328125e-03,-4.233360290527343750e-03,5.321651697158813477e-03
6.269454956054687500e-03,-4.145026206970214844e-03,5.372613668441772461e-03
6.016492843627929688e-03,-4.092693328857421875e-03,5.391642451286315918e-03
5.744695663452148438e-03,-4.076361656188964844e-03,5.389630794525146484e-03
5.467414855957031250e-03,-4.106521606445312500e-03,5.320087075233459473e-03
5.073308944702148438e-03,-4.151940345764160156e-03,5.192726850509643555e-03
4.686594009399414062e-03,-4.216670989990234375e-03,5.030289292335510254e-03
4.351615905761718750e-03,-4.333972930908203125e-03,4.911944270133972168e-03
4.088401794433593750e-03,-4.441857337951660156e-03,4.790171980857849121e-03
3.905534744262695312e-03,-4.504323005676269531e-03,4.639312624931335449e-03
3.661394119262695312e-03,-4.534125328063964844e-03,4.530966281890869141e-03
3.475666046142578125e-03,-4.539132118225097656e-03,4.452690482139587402e-03
3.312587738037109375e-03,-4.505276679992675781e-03,4.398822784423828125e-03
3.176450729370117188e-03,-4.492282867431640625e-03,4.388839006423950195e-03
3.083944320678710938e-03,-4.496693611145019531e-03,4.450842738151550293e-03
3.054380416870117188e-03,-4.506468772888183594e-03,4.523620009422302246e-03
3.139019012451171875e-03,-4.493117332458496094e-03,4.573911428451538086e-03
3.212690353393554688e-03,-4.451751708984375000e-03,4.653081297874450684e-03
3.272056579589843750e-03,-4.405140876770019531e-03,4.679307341575622559e-03
3.293275833129882812e-03,-4.352331161499023438e-03,4.647120833396911621e-03
3.309965133666992188e-03,-4.286527633666992188e-03,4.632487893104553223e-03
3.277301788330078125e-03,-4.243016242980957031e-03,4.607513546943664551e-03
3.228187561035156250e-03,-4.320859909057617188e-03,4.582673311233520508e-03
3.222465515136718750e-03,-4.409909248352050781e-03,4.537492990493774414e-03
3.082036972045898438e-03,-4.468798637390136719e-03,4.446595907211303711e-03
2.873897552490234375e-03,-4.466176033020019531e-03,4.407674074172973633e-03
2.717971801757812500e-03,-4.467129707336425781e-03,4.451930522918701172e-03
2.512454986572265625e-03,-4.419684410095214844e-03,4.576385021209716797e-03
2.239942550659179688e-03,-4.382014274597167969e-03,4.729107022285461426e-03
1.924037933349609375e-03,-4.305481910705566406e-03,4.887521266937255859e-03
1.550436019897460938e-03,-4.231452941894531250e-03,5.045935511589050293e-03
1.164913177490234375e-03,-4.103899002075195312e-03,5.178168416023254395e-03
8.327960968017578125e-04,-3.957033157348632812e-03,5.615040659904479980e-03
5.204677581787109375e-04,-3.838539123535156250e-03,6.041139364242553711e-03
2.617835998535156250e-04,-3.697156906127929688e-03,6.456404924392700195e-03
4.005432128906250000e-05,-3.515481948852539062e-03,6.752789020538330078e-03
-1.409053802490234375e-04,-3.324866294860839844e-03,6.949365139007568359e-03
-2.007484436035156250e-04,-3.131628036499023438e-03,7.024928927421569824e-03
-1.800060272216796875e-04,-3.140211105346679688e-03,7.062867283821105957e-03
-8.583068847656250000e-05,-3.200411796569824219e-03,7.114470005035400391e-03
1.215934753417968750e-05,-3.230690956115722656e-03,7.227182388305664062e-03
9.632110595703125000e-05,-3.210544586181640625e-03,7.293075323104858398e-03
7.176399230957031250e-05,-3.160953521728515625e-03,7.352322340011596680e-03
7.152557373046875000e-06,-3.062129020690917969e-03,7.480144500732421875e-03
-9.942054748535156250e-05,-2.964735031127929688e-03,7.580533623695373535e-03
-2.164840698242187500e-04,-2.836585044860839844e-03,7.657900452613830566e-03
-4.439353942871093750e-04,-2.770066261291503906e-03,7.783636450767517090e-03
-7.004737854003906250e-04,-2.712965011596679688e-03,7.769942283630371094e-03
-1.008987426757812500e-03,-2.636313438415527344e-03,7.805123925209045410e-03
-1.263380050659179688e-03,-2.543330192565917969e-03,7.822319865226745605e-03
-1.527070999145507812e-03,-2.468228340148925781e-03,7.833257317543029785e-03
-1.483678817749023438e-03,-2.333164215087890625e-03,7.784232497215270996e-03
-1.448392868041992188e-03,-2.239942550659179688e-03,7.709115743637084961e-03
-1.408338546752929688e-03,-2.161502838134765625e-03,7.666811347007751465e-03
-1.324892044067382812e-03,-2.100348472595214844e-03,7.686808705329895020e-03
-1.359939575195312500e-03,-2.007126808166503906e-03,7.674470543861389160e-03
-1.488447189331054688e-03,-2.058506011962890625e-03,7.637441158294677734e-03
-1.669406890869140625e-03,-2.125740051269531250e-03,7.618993520736694336e-03
-1.889944076538085938e-03,-2.194762229919433594e-03,7.642254233360290527e-03
-2.142190933227539062e-03,-2.278804779052734375e-03,7.686033844947814941e-03
-2.438068389892578125e-03,-2.419114112854003906e-03,7.759988307952880859e-03
-2.746343612670898438e-03,-2.562403678894042969e-03,7.889881730079650879e-03
-3.074645996093750000e-03,-2.700090408325195312e-03,8.120283484458923340e-03
-3.376483917236328125e-03,-2.790093421936035156e-03,8.374512195587158203e-03
-3.700494766235351562e-03,-2.911567687988281250e-03,8.596554398536682129e-03
-4.031181335449218750e-03,-3.004789352416992188e-03,8.800715208053588867e-03
-4.332065582275390625e-03,-3.081202507019042969e-03,8.977249264717102051e-03
-4.599332809448242188e-03,-3.141164779663085938e-03,9.130001068115234375e-03
-4.820823669433593750e-03,-3.121972084045410156e-03,9.282454848289489746e-03
-4.992246627807617188e-03,-3.047704696655273438e-03,9.373620152473449707e-03
-5.082845687866210938e-03,-2.928972244262695312e-03,9.377941489219665527e-03
-5.109548568725585938e-03,-2.839565277099609375e-03,9.337916970252990723e-03
-5.077123641967773438e-03,-2.685785293579101562e-03,9.320318698883056641e-03
-5.024194717407226562e-03,-2.512216567993164062e-03,9.282663464546203613e-03
-4.878997802734375000e-03,-2.314209938049316406e-03,9.242683649063110352e-03
-4.695653915405273438e-03,-2.177119255065917969e-03,9.155601263046264648e-03
-4.480123519897460938e-03,-2.021431922912597656e-03,9.121477603912353516e-03
-4.217624664306640625e-03,-1.917481422424316406e-03,9.147033095359802246e-03
-3.988981246948242188e-03,-1.834511756896972656e-03,9.158343076705932617e-03
-3.770351409912109375e-03,-1.716613769531250000e-03,9.176194667816162109e-03
-3.586292266845703125e-03,-1.603603363037109375e-03,9.195700287818908691e-03
-3.459692001342773438e-03,-1.478552818298339844e-03,9.250640869140625000e-03
-3.407001495361328125e-03,-1.319885253906250000e-03,9.339526295661926270e-03
-3.440141677856445312e-03,-1.148462295532226562e-03,9.473323822021484375e-03
-3.534317016601562500e-03,-9.745359420776367188e-04,9.518593549728393555e-03
-3.654241561889648438e-03,-8.289813995361328125e-04,9.532541036605834961e-03
-3.851175308227539062e-03,-6.649494171142578125e-04,9.504765272140502930e-03
-4.078388214111328125e-03,-5.086660385131835938e-04,9.401887655258178711e-03
-4.432916641235351562e-03,-3.091096878051757812e-04,9.331881999969482422e-03
-4.796028137207031250e-03,-1.271963119506835938e-04,9.301051497459411621e-03
-5.095481872558593750e-03,1.026391983032226562e-04,9.158745408058166504e-03
-5.358219146728515625e-03,3.578662872314453125e-04,9.006410837173461914e-03
-5.658864974975585938e-03,6.000995635986328125e-04,8.879631757736206055e-03
-5.899190902709960938e-03,8.182525634765625000e-04,8.753627538681030273e-03
-5.993127822875976562e-03,1.043438911437988281e-03,8.692294359207153320e-03
-6.084918975830078125e-03,1.285672187805175781e-03,8.657887578010559082e-03
-6.157636642456054688e-03,1.506924629211425781e-03,8.670598268508911133e-03
-6.178617477416992188e-03,1.722455024719238281e-03,8.537054061889648438e-03
-6.216526031494140625e-03,1.888513565063476562e-03,8.411601185798645020e-03
-6.205081939697265625e-03,1.980662345886230469e-03,8.224651217460632324e-03
-6.185054779052734375e-03,2.065181732177734375e-03,8.010983467102050781e-03
-6.095170974731445312e-03,2.153992652893066406e-03,7.747977972030639648e-03
-5.829572677612304688e-03,2.187132835388183594e-03,7.503211498260498047e-03
-5.454301834106445312e-03,2.055525779724121094e-03,7.255882024765014648e-03
-5.133628845214843750e-03,1.938223838806152344e-03,7.073760032653808594e-03
-4.870653152465820312e-03,1.793026924133300781e-03,6.996244192123413086e-03
-4.667043685913085938e-03,1.646876335144042969e-03,7.018059492111206055e-03
-4.528999328613281250e-03,1.457810401916503906e-03,7.054135203361511230e-03
-4.430532455444335938e-03,1.231193542480468750e-03,7.121652364730834961e-03
-4.409790039062500000e-03,9.883642196655273438e-04,7.202073931694030762e-03
-4.367828369140625000e-03,7.634162902832031250e-04,7.262900471687316895e-03
-4.343032836914062500e-03,5.580186843872070312e-04,7.305994629859924316e-03
-4.342555999755859375e-03,3.482103347778320312e-04,7.329344749450683594e-03
-4.355907440185546875e-03,1.444816589355468750e-04,7.344782352447509766e-03
-4.341363906860351562e-03,-5.912780761718750000e-05,7.280066609382629395e-03
-4.383563995361328125e-03,-2.985000610351562500e-04,7.165804505348205566e-03
-4.445791244506835938e-03,-4.842281341552734375e-04,7.048308849334716797e-03
-4.502296447753906250e-03,-6.122589111328125000e-04,6.895482540130615234e-03
-4.520654678344726562e-03,-8.436441421508789062e-04,6.686642765998840332e-03
-4.483938217163085938e-03,-1.008868217468261719e-03,6.612166762351989746e-03
-4.396438598632812500e-03,-1.166582107543945312e-03,6.608545780181884766e-03
-4.339456558227539062e-03,-1.265883445739746094e-03,6.604433059692382812e-03
-4.196166992187500000e-03,-1.295447349548339844e-03,6.517872214317321777e-03
-4.101991653442382812e-03,-1.293301582336425781e-03,6.389275193214416504e-03
-3.985404968261718750e-03,-1.295208930969238281e-03,6.231382489204406738e-03
-3.927230834960937500e-03,-1.279354095458984375e-03,6.083831191062927246e-03
-3.826379776000976562e-03,-1.238226890563964844e-03,5.967587232589721680e-03
-3.677606582641601562e-03,-1.248240470886230469e-03,5.864039063453674316e-03
-3.493547439575195312e-03,-1.233935356140136719e-03,5.795165896415710449e-03
-3.290414810180664062e-03,-1.209259033203125000e-03,5.764901638031005859e-03
-3.074169158935546875e-03,-1.142144203186035156e-03,5.673557519912719727e-03
-2.825260162353515625e-03,-1.011490821838378906e-03,5.612939596176147461e-03
-2.603530883789062500e-03,-9.293556213378906250e-04,5.578741431236267090e-03
-2.428770065307617188e-03,-8.908510208129882812e-04,5.550488829612731934e-03
-2.269744873046875000e-03,-8.234977722167968750e-04,5.566775798797607422e-03
-2.167701721191406250e-03,-7.731914520263671875e-04,5.609184503555297852e-03
-2.163410186767578125e-03,-7.327795028686523438e-04,5.647540092468261719e-03
-2.150297164916992188e-03,-6.988048553466796875e-04,5.648821592330932617e-03
-2.130985260009765625e-03,-6.703138351440429688e-04,5.563035607337951660e-03
-2.084493637084960938e-03,-6.352663040161132812e-04,5.407780408859252930e-03
-2.066850662231445312e-03,-6.976127624511718750e-04,5.193993449211120605e-03
-2.038002014160156250e-03,-7.439851760864257812e-04,5.010172724723815918e-03
-1.973867416381835938e-03,-8.364915847778320312e-04,4.835754632949829102e-03
-1.907587051391601562e-03,-9.449720382690429688e-04,4.672154784202575684e-03
-1.828193664550781250e-03,-1.102447509765625000e-03,4.570230841636657715e-03
-1.796483993530273438e-03,-1.221895217895507812e-03,4.549711942672729492e-03
-1.797914505004882812e-03,-1.344680786132812500e-03,4.625275731086730957e-03
-1.830101013183593750e-03,-1.446485519409179688e-03,4.741609096527099609e-03
-1.900911331176757812e-03,-1.500010490417480469e-03,4.952266812324523926e-03
-1.960277557373046875e-03,-1.520991325378417969e-03,5.150407552719116211e-03
-2.017259597778320312e-03,-1.503467559814453125e-03,5.388185381889343262e-03
-2.099037170410156250e-03,-1.493453979492187500e-03,5.618378520011901855e-03
-2.145767211914062500e-03,-1.507520675659179688e-03,5.750164389610290527e-03
-2.152442932128906250e-03,-1.672506332397460938e-03,5.748197436332702637e-03
-2.053976058959960938e-03,-1.839399337768554688e-03,5.701020359992980957e-03
-1.888036727905273438e-03,-1.964807510375976562e-03,5.645617842674255371e-03
-1.662492752075195312e-03,-2.021074295043945312e-03,5.587279796600341797e-03
-1.346349716186523438e-03,-2.074360847473144531e-03,5.464300513267517090e-03
-1.040220260620117188e-03,-2.161860466003417969e-03,5.318403244018554688e-03
-7.481575012207031250e-04,-2.239465713500976562e-03,5.222693085670471191e-03
-5.357265472412109375e-04,-2.300381660461425781e-03,5.185171961784362793e-03
-3.664493560791015625e-04,-2.377748489379882812e-03,5.186647176742553711e-03
-2.155303955078125000e-04,-2.459883689880371094e-03,5.170911550521850586e-03
-9.083747863769531250e-05,-2.558588981628417969e-03,5.193561315536499023e-03
-3.933906555175781250e-05,-2.692580223083496094e-03,5.241543054580688477e-03
4.410743713378906250e-05,-2.347469329833984375e-03,5.308553576469421387e-03
1.065731048583984375e-04,-2.043724060058593750e-03,5.366802215576171875e-03
2.055168151855468750e-04,-1.750349998474121094e-03,5.462065339088439941e-03
3.175735473632812500e-04,-1.477003097534179688e-03,5.579411983489990234e-03
4.613399505615234375e-04,-1.200437545776367188e-03,5.718737840652465820e-03
6.027221679687500000e-04,-9.200572967529296875e-04,5.884528160095214844e-03
7.314682006835937500e-04,-6.626844406127929688e-04,6.058722734451293945e-03
8.494853973388671875e-04,-4.582405090332031250e-04,6.237700581550598145e-03
8.618831634521484375e-04,-2.971887588500976562e-04,6.400734186172485352e-03
8.463859558105468750e-04,-2.146959304809570312e-04,6.440311670303344727e-03
8.258819580078125000e-04,-1.348257064819335938e-04,6.481707096099853516e-03
7.960796356201171875e-04,-1.353025436401367188e-04,6.494387984275817871e-03
7.438659667968750000e-04,-1.745223999023437500e-04,6.520852446556091309e-03
7.359981536865234375e-04,-2.192258834838867188e-04,6.606981158256530762e-03
7.615089416503906250e-04,-2.243518829345703125e-04,6.674706935882568359e-03
7.932186126708984375e-04,-2.319812774658203125e-04,6.834357976913452148e-03
8.144378662109375000e-04,-2.062320709228515625e-04,7.005989551544189453e-03
8.537769317626953125e-04,-1.829862594604492188e-04,7.250964641571044922e-03
9.124279022216796875e-04,-1.846551895141601562e-04,7.566675543785095215e-03
9.567737579345703125e-04,-2.107620239257812500e-04,7.877603173255920410e-03
9.367465972900390625e-04,-1.521110534667968750e-04,8.150741457939147949e-03
9.338855743408203125e-04,-1.316070556640625000e-04,8.466184139251708984e-03
9.586811065673828125e-04,-4.780292510986328125e-05,8.753836154937744141e-03
9.799003601074218750e-04,3.540515899658203125e-05,8.949741721153259277e-03
9.980201721191406250e-04,1.724958419799804688e-04,9.094446897506713867e-03
8.945465087890625000e-04,3.244876861572265625e-04,9.198471903800964355e-03
8.165836334228515625e-04,4.318952560424804688e-04,9.299680590629577637e-03
8.502006530761718750e-04,5.172491073608398438e-04,9.409487247467041016e-03
8.354187011718750000e-04,6.126165390014648438e-04,9.561955928802490234e-03
8.516311645507812500e-04,7.045269012451171875e-04,9.788930416107177734e-03
8.845329284667968750e-04,7.803440093994140625e-04,9.986162185668945312e-03
9.014606475830078125e-04,8.926391601562500000e-04,1.017363369464874268e-02
9.262561798095703125e-04,9.961128234863281250e-04,1.034392416477203369e-02
9.658336639404296875e-04,1.056313514709472656e-03,1.043875515460968018e-02
9.515285491943359375e-04,1.121878623962402344e-03,1.057204604148864746e-02
9.334087371826171875e-04,1.181721687316894531e-03,1.068039238452911377e-02
9.613037109375000000e-04,1.220464706420898438e-03,1.077970862388610840e-02
9.772777557373046875e-04,1.253962516784667969e-03,1.089997589588165283e-02
9.906291961669921875e-04,1.278758049011230469e-03,1.099172234535217285e-02
1.024723052978515625e-03,1.294374465942382812e-03,1.102797687053680420e-02
9.717941284179687500e-04,1.310467720031738281e-03,1.106835901737213135e-02
9.825229644775390625e-04,1.287102699279785156e-03,1.114910840988159180e-02
9.994506835937500000e-04,1.466631889343261719e-03,1.121421158313751221e-02
1.010894775390625000e-03,1.559376716613769531e-03,1.128013432025909424e-02
1.009941101074218750e-03,1.637458801269531250e-03,1.136824488639831543e-02
9.601116180419921875e-04,1.754879951477050781e-03,1.141728460788726807e-02
9.734630584716796875e-04,1.891851425170898438e-03,1.140655577182769775e-02
1.006126403808593750e-03,2.020120620727539062e-03,1.145234704017639160e-02
1.090049743652343750e-03,2.049326896667480469e-03,1.141166687011718750e-02
1.240015029907226562e-03,2.075910568237304688e-03,1.144278049468994141e-02
1.374959945678710938e-03,2.102017402648925781e-03,1.151236891746520996e-02
1.490592956542968750e-03,2.110600471496582031e-03,1.151354610919952393e-02
1.649618148803710938e-03,2.113103866577148438e-03,1.146319508552551270e-02
1.802682876586914062e-03,2.089142799377441406e-03,1.140922307968139648e-02
1.939296722412109375e-03,2.109885215759277344e-03,1.133768260478973389e-02
2.067089080810546875e-03,2.141356468200683594e-03,1.125584542751312256e-02
1.998186111450195312e-03,2.174139022827148438e-03,1.107668876647949219e-02
1.938819885253906250e-03,2.196550369262695312e-03,1.093181967735290527e-02
1.899003982543945312e-03,2.175331115722656250e-03,1.078267395496368408e-02
1.870632171630859375e-03,2.152681350708007812e-03,1.066114008426666260e-02
1.792430877685546875e-03,2.168655395507812500e-03,1.059347391128540039e-02
1.704216003417968750e-03,2.162218093872070312e-03,1.046313345432281494e-02
1.641273498535156250e-03,2.097249031066894531e-03,1.037329435348510742e-02
1.607418060302734375e-03,2.077341079711914062e-03,1.026611030101776123e-02
1.616239547729492188e-03,2.059936523437500000e-03,1.012168824672698975e-02
1.609802246093750000e-03,2.003073692321777344e-03,9.909063577651977539e-03
1.613140106201171875e-03,1.932501792907714844e-03,9.655863046646118164e-03
1.632928848266601562e-03,1.893758773803710938e-03,9.407609701156616211e-03
1.680850982666015625e-03,1.828551292419433594e-03,9.190008044242858887e-03
1.675128936767578125e-03,1.823544502258300781e-03,9.006708860397338867e-03
1.682043075561523438e-03,1.875042915344238281e-03,8.847162127494812012e-03
1.736640930175781250e-03,1.907229423522949219e-03,8.665785193443298340e-03
1.800298690795898438e-03,1.941204071044921875e-03,8.488297462463378906e-03
1.834630966186523438e-03,1.988887786865234375e-03,8.200928568840026855e-03
1.881361007690429688e-03,1.997470855712890625e-03,7.885262370109558105e-03
1.897573471069335938e-03,1.949071884155273438e-03,7.679447531700134277e-03
1.868724822998046875e-03,1.923799514770507812e-03,7.495880126953125000e-03
1.916885375976562500e-03,1.848340034484863281e-03,7.354155182838439941e-03
1.979351043701171875e-03,1.752614974975585938e-03,7.266283035278320312e-03
2.025365829467773438e-03,1.634716987609863281e-03,7.154256105422973633e-03
2.105712890625000000e-03,1.494050025939941406e-03,7.066950201988220215e-03
2.125740051269531250e-03,1.360297203063964844e-03,7.005468010902404785e-03
2.156257629394531250e-03,1.201510429382324219e-03,6.990835070610046387e-03
2.169609069824218750e-03,1.015543937683105469e-03,7.035002112388610840e-03
2.161979675292968750e-03,8.271932601928710938e-04,7.116883993148803711e-03
2.167701721191406250e-03,6.507635116577148438e-04,7.173135876655578613e-03
2.188444137573242188e-03,4.532337188720703125e-04,7.178917527198791504e-03
2.198457717895507812e-03,2.410411834716796875e-04,7.154434919357299805e-03
2.230644226074218750e-03,8.225440979003906250e-06,7.065534591674804688e-03
2.271413803100585938e-03,-2.250671386718750000e-04,6.942555308341979980e-03
2.329111099243164062e-03,-4.192590713500976562e-04,6.813481450080871582e-03
2.400636672973632812e-03,-5.562305450439453125e-04,6.681501865386962891e-03
2.474784851074218750e-03,-7.047653198242187500e-04,6.621971726417541504e-03
2.499580383300781250e-03,-8.533000946044921875e-04,6.596386432647705078e-03
2.502441406250000000e-03,-9.539127349853515625e-04,6.623193621635437012e-03
2.487659454345703125e-03,-1.056551933288574219e-03,6.673991680145263672e-03
2.448081970214843750e-03,-1.154780387878417969e-03,6.827995181083679199e-03
2.363681793212890625e-03,-1.278758049011230469e-03,6.983116269111633301e-03
2.297401428222656250e-03,-1.411795616149902344e-03,7.091432809829711914e-03
2.246379852294921875e-03,-1.543998718261718750e-03,7.211029529571533203e-03
1.935720443725585938e-03,-1.806259155273437500e-03,6.985172629356384277e-03
1.611709594726562500e-03,-2.021789550781250000e-03,6.749510765075683594e-03
1.329898834228515625e-03,-2.235770225524902344e-03,6.486043334007263184e-03
1.034975051879882812e-03,-2.448797225952148438e-03,6.223738193511962891e-03
7.956027984619140625e-04,-2.624869346618652344e-03,5.947425961494445801e-03
6.387233734130859375e-04,-2.803444862365722656e-03,5.584716796875000000e-03
4.620552062988281250e-04,-2.963185310363769531e-03,5.259096622467041016e-03
2.391338348388671875e-04,-3.105401992797851562e-03,4.967823624610900879e-03
4.458427429199218750e-05,-3.217101097106933594e-03,4.713043570518493652e-03
-1.029968261718750000e-04,-3.309130668640136719e-03,4.450365900993347168e-03
-2.267360687255859375e-04,-3.372669219970703125e-03,4.246950149536132812e-03
-3.001689910888671875e-04,-3.433465957641601562e-03,4.038631916046142578e-03
-3.125667572021484375e-04,-3.471136093139648438e-03,3.827363252639770508e-03
-3.187656402587890625e-04,-3.514051437377929688e-03,3.622815012931823730e-03
-3.399848937988281250e-04,-3.524780273437500000e-03,3.469303250312805176e-03
-3.695487976074218750e-04,-3.531813621520996094e-03,3.360524773597717285e-03
-4.143714904785156250e-04,-3.548264503479003906e-03,3.313392400741577148e-03
-4.305839538574218750e-04,-3.566384315490722656e-03,3.294900059700012207e-03
-4.911422729492187500e-04,-3.629326820373535156e-03,3.313526511192321777e-03
-5.760192871093750000e-04,-3.643751144409179688e-03,3.359720110893249512e-03
-6.022453308105468750e-04,-3.674983978271484375e-03,3.372386097908020020e-03
-6.477832794189453125e-04,-3.679394721984863281e-03,3.356605768203735352e-03
-7.002353668212890625e-04,-3.701925277709960938e-03,3.329798579216003418e-03
-7.302761077880859375e-04,-3.673434257507324219e-03,3.247082233428955078e-03
-7.519721984863281250e-04,-3.694534301757812500e-03,3.162458539009094238e-03
-6.079673767089843750e-04,-3.663539886474609375e-03,3.052875399589538574e-03
-4.696846008300781250e-04,-3.666758537292480469e-03,2.916753292083740234e-03
-3.652572631835937500e-04,-3.636837005615234375e-03,2.777993679046630859e-03
-3.068447113037109375e-04,-3.644943237304687500e-03,2.661183476448059082e-03
-2.734661102294921875e-04,-3.644108772277832031e-03,2.558618783950805664e-03
-2.703666687011718750e-04,-3.653764724731445312e-03,2.448707818984985352e-03
-3.285408020019531250e-04,-3.670334815979003906e-03,2.356946468353271484e-03
-4.518032073974609375e-04,-3.724336624145507812e-03,2.227604389190673828e-03
-5.593299865722656250e-04,-3.769040107727050781e-03,2.173349261283874512e-03
-6.144046783447265625e-04,-3.767490386962890625e-03,2.165794372558593750e-03
-6.191730499267578125e-04,-3.760576248168945312e-03,2.234950661659240723e-03
-6.201267242431640625e-04,-3.788113594055175781e-03,2.302080392837524414e-03
-6.148815155029296875e-04,-3.808617591857910156e-03,2.468630671501159668e-03
-6.246566772460937500e-04,-3.870248794555664062e-03,2.671003341674804688e-03
-6.110668182373046875e-04,-3.928542137145996094e-03,2.972051501274108887e-03
-6.265640258789062500e-04,-3.959178924560546875e-03,3.259330987930297852e-03
-6.415843963623046875e-04,-3.929018974304199219e-03,3.512129187583923340e-03
-6.306171417236328125e-04,-3.879189491271972656e-03,3.712847828865051270e-03
-6.511211395263671875e-04,-3.816366195678710938e-03,3.953486680984497070e-03
-6.785392761230468750e-04,-3.756284713745117188e-03,4.158243536949157715e-03
-7.073879241943359375e-04,-3.665804862976074219e-03,4.319816827774047852e-03
-7.691383361816406250e-04,-3.602504730224609375e-03,4.492521286010742188e-03
-8.239746093750000000e-04,-3.563523292541503906e-03,4.640847444534301758e-03
-9.169578552246093750e-04,-3.540515899658203125e-03,4.763916134834289551e-03
-9.965896606445312500e-04,-3.536939620971679688e-03,4.830867052078247070e-03
-1.039743423461914062e-03,-3.518462181091308594e-03,4.863336682319641113e-03
-1.129150390625000000e-03,-3.502011299133300781e-03,4.911541938781738281e-03
-1.165151596069335938e-03,-3.455638885498046875e-03,4.978522658348083496e-03
-1.146554946899414062e-03,-3.419756889343261719e-03,4.989415407180786133e-03
-1.150369644165039062e-03,-3.443598747253417969e-03,4.936784505844116211e-03
-1.111984252929687500e-03,-3.448128700256347656e-03,4.872098565101623535e-03
-1.063823699951171875e-03,-3.433942794799804688e-03,4.846513271331787109e-03
-1.004219055175781250e-03,-3.421068191528320312e-03,4.839956760406494141e-03
-9.651184082031250000e-04,-3.370165824890136719e-03,4.832804203033447266e-03
-1.001834869384765625e-03,-3.278732299804687500e-03,4.859298467636108398e-03
-9.996891021728515625e-04,-3.188014030456542969e-03,4.880174994468688965e-03
-9.911060333251953125e-04,-3.081321716308593750e-03,4.868328571319580078e-03
-1.036643981933593750e-03,-2.976417541503906250e-03,4.857018589973449707e-03
-1.181602478027343750e-03,-2.875208854675292969e-03,4.876613616943359375e-03
-1.359701156616210938e-03,-2.821326255798339844e-03,4.901796579360961914e-03
-1.529455184936523438e-03,-2.717256546020507812e-03,5.010887980461120605e-03
-1.891613006591796875e-03,-2.586841583251953125e-03,5.123347043991088867e-03
-2.304553985595703125e-03,-2.489566802978515625e-03,5.246490240097045898e-03
-2.637863159179687500e-03,-2.395749092102050781e-03,5.361363291740417480e-03
-2.940416336059570312e-03,-2.281308174133300781e-03,5.433693528175354004e-03
-3.178358078002929688e-03,-2.134203910827636719e-03,5.492284893989562988e-03
-3.368854522705078125e-03,-2.003550529479980469e-03,5.530536174774169922e-03
-3.559350967407226562e-03,-1.850247383117675781e-03,5.539402365684509277e-03
-3.651380538940429688e-03,-1.720190048217773438e-03,5.556806921958923340e-03
-3.722190856933593750e-03,-1.582980155944824219e-03,5.560368299484252930e-03
-3.745079040527343750e-03,-1.486182212829589844e-03,5.445614457130432129e-03
-3.764629364013671875e-03,-1.406550407409667969e-03,5.344927310943603516e-03
-3.786802291870117188e-03,-1.347899436950683594e-03,5.256220698356628418e-03
-3.791332244873046875e-03,-1.320838928222656250e-03,5.201518535614013672e-03
-3.769636154174804688e-03,-1.302599906921386719e-03,5.184128880500793457e-03
-3.718137741088867188e-03,-1.279234886169433594e-03,5.166307091712951660e-03
-3.616094589233398438e-03,-1.279950141906738281e-03,5.124926567077636719e-03
-3.530263900756835938e-03,-1.285910606384277344e-03,5.099296569824218750e-03
-3.485441207885742188e-03,-1.312136650085449219e-03,5.077898502349853516e-03
-3.495216369628906250e-03,-1.350283622741699219e-03,5.059495568275451660e-03
-3.439664840698242188e-03,-1.461744308471679688e-03,5.015969276428222656e-03
-3.399848937988281250e-03,-1.518607139587402344e-03,4.983961582183837891e-03
-3.374338150024414062e-03,-1.603484153747558594e-03,4.981115460395812988e-03
-3.381729125976562500e-03,-1.656293869018554688e-03,4.951283335685729980e-03
-3.433227539062500000e-03,-1.689076423645019531e-03,4.928827285766601562e-03
-3.587484359741210938e-03,-1.688241958618164062e-03,4.931285977363586426e-03
-3.641843795776367188e-03,-1.727700233459472656e-03,4.862472414970397949e-03
-3.690004348754882812e-03,-1.721739768981933594e-03,4.880011081695556641e-03
-3.824949264526367188e-03,-1.723170280456542969e-03,4.898771643638610840e-03
-3.906250000000000000e-03,-1.685380935668945312e-03,4.960402846336364746e-03
-3.962755203247070312e-03,-1.649141311645507812e-03,5.020573735237121582e-03
-3.994703292846679688e-03,-1.638412475585937500e-03,5.068197846412658691e-03
-3.987312316894531250e-03,-1.643419265747070312e-03,5.122333765029907227e-03
-3.949880599975585938e-03,-1.597404479980468750e-03,5.157768726348876953e-03
-3.854036331176757812e-03,-1.566529273986816406e-03,5.248352885246276855e-03
-3.738641738891601562e-03,-1.463294029235839844e-03,5.234807729721069336e-03
-3.612518310546875000e-03,-1.366138458251953125e-03,5.265861749649047852e-03
-3.454923629760742188e-03,-1.295924186706542969e-03,5.275517702102661133e-03
-3.273725509643554688e-03,-1.253366470336914062e-03,5.286082625389099121e-03
-3.104209899902343750e-03,-1.212000846862792969e-03,5.283996462821960449e-03
-2.934217453002929688e-03,-1.239061355590820312e-03,5.350023508071899414e-03
-2.800464630126953125e-03,-1.276612281799316406e-03,5.420744419097900391e-03
-2.728462219238281250e-03,-1.356720924377441406e-03,5.498871207237243652e-03
-2.712726593017578125e-03,-1.428365707397460938e-03,5.543261766433715820e-03
-2.721548080444335938e-03,-1.507997512817382812e-03,5.609139800071716309e-03
-2.656936645507812500e-03,-1.621246337890625000e-03,5.652353167533874512e-03
-2.610206604003906250e-03,-1.771688461303710938e-03,5.648717284202575684e-03
-2.610206604003906250e-03,-1.883149147033691406e-03,5.643323063850402832e-03
-2.627134323120117188e-03,-1.974344253540039062e-03,5.603879690170288086e-03
-2.673387527465820312e-03,-2.064228057861328125e-03,5.591705441474914551e-03
-2.749443054199218750e-03,-2.162933349609375000e-03,5.525201559066772461e-03
-2.830982208251953125e-03,-2.271413803100585938e-03,5.428776144981384277e-03
-2.923488616943359375e-03,-2.352833747863769531e-03,5.380362272262573242e-03
-3.008604049682617188e-03,-2.388358116149902344e-03,5.327522754669189453e-03
-3.078699111938476562e-03,-2.438664436340332031e-03,5.247473716735839844e-03
-3.155469894409179688e-03,-2.491593360900878906e-03,5.194336175918579102e-03
-3.175258636474609375e-03,-2.567768096923828125e-03,5.190983414649963379e-03
-3.165721893310546875e-03,-2.622246742248535156e-03,5.185872316360473633e-03
-3.179788589477539062e-03,-2.684354782104492188e-03,5.204841494560241699e-03
-3.135919570922851562e-03,-2.713441848754882812e-03,5.254179239273071289e-03
-3.038883209228515625e-03,-2.734184265136718750e-03,5.291074514389038086e-03
-2.926111221313476562e-03,-2.714633941650390625e-03,5.362823605537414551e-03
-2.831220626831054688e-03,-2.675175666809082031e-03,5.519077181816101074e-03
-2.717018127441406250e-03,-2.602815628051757812e-03,5.677714943885803223e-03
-2.624273300170898438e-03,-2.507925033569335938e-03,5.834028124809265137e-03
-2.545356750488281250e-03,-2.420425415039062500e-03,5.992263555526733398e-03
-2.469539642333984375e-03,-2.310991287231445312e-03,6.114557385444641113e-03
-2.397298812866210938e-03,-2.178072929382324219e-03,6.214484572410583496e-03
-2.417087554931640625e-03,-2.064824104309082031e-03,6.293088197708129883e-03
-2.480268478393554688e-03,-1.969933509826660156e-03,6.346836686134338379e-03
-2.547264099121093750e-03,-1.913905143737792969e-03,6.341367959976196289e-03
-2.640247344970703125e-03,-1.842975616455078125e-03,6.319224834442138672e-03
-2.652168273925781250e-03,-1.758813858032226562e-03,6.311461329460144043e-03
-2.652406692504882812e-03,-1.664876937866210938e-03,6.254166364669799805e-03
-2.690076828002929688e-03,-1.598954200744628906e-03,6.119623780250549316e-03
-2.739906311035156250e-03,-1.521229743957519531e-03,5.975738167762756348e-03
-2.849578857421875000e-03,-1.459360122680664062e-03,5.894392728805541992e-03
-2.876520156860351562e-03,-1.444101333618164062e-03,5.805715918540954590e-03
-2.875328063964843750e-03,-1.521706581115722656e-03,5.690962076187133789e-03
-2.877473831176757812e-03,-1.563668251037597656e-03,5.628749728202819824e-03
-2.911806106567382812e-03,-1.606345176696777344e-03,5.626976490020751953e-03
-2.945184707641601562e-03,-1.651883125305175781e-03,5.659192800521850586e-03
-2.995252609252929688e-03,-1.687645912170410156e-03,5.757898092269897461e-03
-3.012657165527343750e-03,-1.684546470642089844e-03,5.933985114097595215e-03
-3.036737442016601562e-03,-1.685142517089843750e-03,6.103426218032836914e-03
-3.038883209228515625e-03,-1.702189445495605469e-03,6.292626261711120605e-03
-3.023624420166015625e-03,-1.781463623046875000e-03,6.523251533508300781e-03
-2.982139587402343750e-03,-1.861572265625000000e-03,6.760090589523315430e-03
-2.954959869384765625e-03,-1.895904541015625000e-03,6.983906030654907227e-03
-2.855300903320312500e-03,-1.919150352478027344e-03,7.263615727424621582e-03
-2.743005752563476562e-03,-1.952171325683593750e-03,7.521077990531921387e-03
-2.606391906738281250e-03,-2.005457878112792969e-03,7.743999361991882324e-03
-2.508878707885742188e-03,-2.034306526184082031e-03,7.935017347335815430e-03
-2.437591552734375000e-03,-2.090215682983398438e-03,8.061870932579040527e-03
-2.412557601928710938e-03,-2.186059951782226562e-03,8.121341466903686523e-03
-2.365350723266601562e-03,-2.396106719970703125e-03,8.094400167465209961e-03
-2.316236495971679688e-03,-2.621293067932128906e-03,8.083164691925048828e-03
-2.289056777954101562e-03,-2.813339233398437500e-03,8.051007986068725586e-03
-2.267122268676757812e-03,-2.973794937133789062e-03,7.997497916221618652e-03
-2.255201339721679688e-03,-3.084063529968261719e-03,7.925003767013549805e-03
-2.289772033691406250e-03,-3.186583518981933594e-03,7.868140935897827148e-03
-2.355337142944335938e-03,-3.275513648986816406e-03,7.804542779922485352e-03
-2.394437789916992188e-03,-3.346204757690429688e-03,7.754802703857421875e-03
-2.438783645629882812e-03,-3.383517265319824219e-03,7.700964808464050293e-03
-2.470731735229492188e-03,-3.415703773498535156e-03,7.692292332649230957e-03
-2.493619918823242188e-03,-3.411531448364257812e-03,7.699266076087951660e-03
-2.518653869628906250e-03,-3.380894660949707031e-03,7.731392979621887207e-03
-2.480506896972656250e-03,-3.341794013977050781e-03,7.767185568809509277e-03
-2.460002899169921875e-03,-3.223299980163574219e-03,7.848232984542846680e-03
-2.416372299194335938e-03,-3.097653388977050781e-03,7.973387837409973145e-03
-2.389669418334960938e-03,-2.947211265563964844e-03,8.098125457763671875e-03
-2.390861511230468750e-03,-2.784132957458496094e-03,8.210092782974243164e-03
-2.389192581176757812e-03,-2.625226974487304688e-03,8.342459797859191895e-03
-2.398252487182617188e-03,-2.444028854370117188e-03,8.443892002105712891e-03
-2.420425415039062500e-03,-2.291321754455566406e-03,8.463978767395019531e-03
-2.434253692626953125e-03,-2.164363861083984375e-03,8.429497480392456055e-03
-2.466678619384765625e-03,-2.057075500488281250e-03,8.324176073074340820e-03
-2.461910247802734375e-03,-1.928925514221191406e-03,8.113175630569458008e-03
-2.453088760375976562e-03,-1.846194267272949219e-03,7.923156023025512695e-03
-2.478837966918945312e-03,-1.799941062927246094e-03,7.748886942863464355e-03
-2.593755722045898438e-03,-1.687407493591308594e-03,7.620453834533691406e-03
-2.711534500122070312e-03,-1.534581184387207031e-03,7.514804601669311523e-03
-2.774477005004882812e-03,-1.398205757141113281e-03,7.420882582664489746e-03
-2.831697463989257812e-03,-1.271009445190429688e-03,7.378637790679931641e-03
-2.897739410400390625e-03,-1.174211502075195312e-03,7.350131869316101074e-03
-2.968311309814453125e-03,-1.090645790100097656e-03,7.327273488044738770e-03
-3.021240234375000000e-03,-1.018404960632324219e-03,7.302030920982360840e-03
-3.026008605957031250e-03,-9.344816207885742188e-04,7.289052009582519531e-03
-3.002882003784179688e-03,-8.643865585327148438e-04,7.264912128448486328e-03
-2.873420715332031250e-03,-7.967948913574218750e-04,7.260084152221679688e-03
-2.725839614868164062e-03,-7.244348526000976562e-04,7.253527641296386719e-03
-2.608060836791992188e-03,-6.430149078369140625e-04,7.246434688568115234e-03
-2.536773681640625000e-03,-5.927085876464843750e-04,7.264852523803710938e-03
-2.467155456542968750e-03,-5.528926849365234375e-04,7.254481315612792969e-03
-2.318143844604492188e-03,-4.858970642089843750e-04,7.268026471138000488e-03
-2.186059951782226562e-03,-4.190206527709960938e-04,7.244840264320373535e-03
-2.113342285156250000e-03,-4.116296768188476562e-04,7.221639156341552734e-03
-2.028465270996093750e-03,-4.045963287353515625e-04,7.193431258201599121e-03
-2.017736434936523438e-03,-4.196166992187500000e-04,7.114723324775695801e-03
-2.047300338745117188e-03,-4.353523254394531250e-04,7.049202919006347656e-03
-2.112865447998046875e-03,-4.680156707763671875e-04,7.034212350845336914e-03
-2.186298370361328125e-03,-5.302429199218750000e-04,6.996497511863708496e-03
-2.241373062133789062e-03,-5.592107772827148438e-04,6.955385208129882812e-03
-2.301454544067382812e-03,-5.658864974975585938e-04,6.949380040168762207e-03
-2.392530441284179688e-03,-5.944967269897460938e-04,6.935909390449523926e-03
-2.469301223754882812e-03,-6.202459335327148438e-04,6.921172142028808594e-03
-2.496719360351562500e-03,-6.109476089477539062e-04,6.894007325172424316e-03
-2.532720565795898438e-03,-5.855560302734375000e-04,6.875649094581604004e-03
-2.517461776733398438e-03,-5.550384521484375000e-04,6.913751363754272461e-03
-2.478361129760742188e-03,-5.204677581787109375e-04,6.937965750694274902e-03
-2.420425415039062500e-03,-4.899501800537109375e-04,6.942197680473327637e-03
-2.353668212890625000e-03,-4.452466964721679688e-04,6.926015019416809082e-03
-2.251625061035156250e-03,-3.933906555175781250e-04,6.876409053802490234e-03
-2.196073532104492188e-03,-2.443790435791015625e-04,6.790146231651306152e-03
-2.126455307006835938e-03,-1.479387283325195312e-04,6.678700447082519531e-03
-2.037525177001953125e-03,-8.153915405273437500e-05,6.555527448654174805e-03
-1.923799514770507812e-03,-2.694129943847656250e-05,6.445646286010742188e-03
-1.790046691894531250e-03,2.050399780273437500e-05,6.311982870101928711e-03
-1.639604568481445312e-03,7.152557373046875000e-05,6.198450922966003418e-03
-1.953601837158203125e-03,4.547834396362304688e-04,6.040528416633605957e-03
-2.139806747436523438e-03,7.671117782592773438e-04,5.920976400375366211e-03
-2.299547195434570312e-03,1.012563705444335938e-03,5.829513072967529297e-03
-2.396106719970703125e-03,1.181125640869140625e-03,5.703732371330261230e-03
-2.439022064208984375e-03,1.308441162109375000e-03,5.548611283302307129e-03
-2.445220947265625000e-03,1.388072967529296875e-03,5.424559116363525391e-03
-2.406358718872070312e-03,1.395583152770996094e-03,5.280986428260803223e-03
-2.343177795410156250e-03,1.416444778442382812e-03,5.174860358238220215e-03
-2.307653427124023438e-03,1.413345336914062500e-03,5.134806036949157715e-03
-2.277374267578125000e-03,1.443505287170410156e-03,5.152300000190734863e-03
-2.231121063232421875e-03,1.478791236877441406e-03,5.137607455253601074e-03
-2.190589904785156250e-03,1.481652259826660156e-03,5.108937621116638184e-03
-2.133369445800781250e-03,1.453399658203125000e-03,5.104184150695800781e-03
-2.084970474243164062e-03,1.425623893737792969e-03,5.147233605384826660e-03
-2.060174942016601562e-03,1.377701759338378906e-03,5.168929696083068848e-03
-2.029180526733398438e-03,1.307249069213867188e-03,5.220338702201843262e-03
-1.983404159545898438e-03,1.203298568725585938e-03,5.262583494186401367e-03
-1.941442489624023438e-03,1.037597656250000000e-03,5.352467298507690430e-03
-1.905441284179687500e-03,8.586645126342773438e-04,5.430445075035095215e-03
-1.926183700561523438e-03,6.601810455322265625e-04,5.536004900932312012e-03
-1.970291137695312500e-03,4.745721817016601562e-04,5.670875310897827148e-03
-1.989603042602539062e-03,2.515316009521484375e-04,5.738660693168640137e-03
-2.022981643676757812e-03,5.125999450683593750e-06,5.776599049568176270e-03
-2.057313919067382812e-03,-2.329349517822265625e-04,5.775496363639831543e-03
-2.088785171508789062e-03,-4.822015762329101562e-04,5.760088562965393066e-03
-2.125740051269531250e-03,-7.638931274414062500e-04,5.739599466323852539e-03
-2.044439315795898438e-03,-1.016139984130859375e-03,5.723983049392700195e-03
-1.924037933349609375e-03,-1.158595085144042969e-03,5.755826830863952637e-03
-1.838922500610351562e-03,-1.327037811279296875e-03,5.795121192932128906e-03
-1.787662506103515625e-03,-1.444578170776367188e-03,5.919858813285827637e-03
-1.793146133422851562e-03,-1.562595367431640625e-03,6.044253706932067871e-03
-1.746416091918945312e-03,-1.632452011108398438e-03,6.083235144615173340e-03
-1.738309860229492188e-03,-1.718401908874511719e-03,6.102919578552246094e-03
-1.754283905029296875e-03,-1.816987991333007812e-03,6.076768040657043457e-03
-1.751899719238281250e-03,-1.947879791259765625e-03,6.046608090400695801e-03
-1.824617385864257812e-03,-2.072453498840332031e-03,6.005421280860900879e-03
-1.898288726806640625e-03,-2.190232276916503906e-03,5.997166037559509277e-03
-2.006292343139648438e-03,-2.326250076293945312e-03,5.992636084556579590e-03
-2.083539962768554688e-03,-2.464652061462402344e-03,5.967989563941955566e-03
-2.132892608642578125e-03,-2.612352371215820312e-03,5.964457988739013672e-03
-2.112388610839843750e-03,-2.724409103393554688e-03,5.992323160171508789e-03
-2.080678939819335938e-03,-2.883315086364746094e-03,6.065279245376586914e-03
-2.064943313598632812e-03,-3.111004829406738281e-03,6.260558962821960449e-03
-2.056598663330078125e-03,-3.300547599792480469e-03,6.484463810920715332e-03
-2.019643783569335938e-03,-3.461837768554687500e-03,6.688117980957031250e-03
-1.945972442626953125e-03,-3.686785697937011719e-03,6.818532943725585938e-03
-1.858949661254882812e-03,-3.894209861755371094e-03,6.890565156936645508e-03
-1.765727996826171875e-03,-4.062891006469726562e-03,6.876453757286071777e-03
-1.682043075561523438e-03,-4.220008850097656250e-03,6.834745407104492188e-03
-1.597404479980468750e-03,-4.347920417785644531e-03,6.737500429153442383e-03
-1.491069793701171875e-03,-4.442811012268066406e-03,6.591558456420898438e-03
-1.363039016723632812e-03,-4.510641098022460938e-03,6.441041827201843262e-03
-1.229524612426757812e-03,-4.544973373413085938e-03,6.257310509681701660e-03
-1.102209091186523438e-03,-4.539012908935546875e-03,6.083875894546508789e-03
-1.010656356811523438e-03,-4.512906074523925781e-03,5.932763218879699707e-03
-9.810924530029296875e-04,-4.495859146118164062e-03,5.810827016830444336e-03
-9.551048278808593750e-04,-4.473328590393066406e-03,5.744576454162597656e-03
-9.438991546630859375e-04,-4.433631896972656250e-03,5.715489387512207031e-03
-9.872913360595703125e-04,-4.358887672424316406e-03,5.699485540390014648e-03
-1.030206680297851562e-03,-4.262208938598632812e-03,5.690023303031921387e-03
-1.081228256225585938e-03,-4.171848297119140625e-03,5.732625722885131836e-03
-1.138925552368164062e-03,-4.133820533752441406e-03,5.763977766036987305e-03
-1.256942749023437500e-03,-4.068970680236816406e-03,5.835041403770446777e-03
-1.374006271362304688e-03,-3.994822502136230469e-03,5.881309509277343750e-03
-1.460552215576171875e-03,-3.851175308227539062e-03,5.905300378799438477e-03
-1.564741134643554688e-03,-3.713846206665039062e-03,5.935922265052795410e-03
-1.648426055908203125e-03,-3.585100173950195312e-03,5.957186222076416016e-03
-1.825809478759765625e-03,-3.465890884399414062e-03,5.975991487503051758e-03
-1.992225646972656250e-03,-3.342628479003906250e-03,5.994215607643127441e-03
-2.143144607543945312e-03,-3.233551979064941406e-03,6.016835570335388184e-03
-2.219438552856445312e-03,-3.083825111389160156e-03,6.132483482360839844e-03
-2.291440963745117188e-03,-2.929449081420898438e-03,6.214842200279235840e-03
-2.335548400878906250e-03,-2.766013145446777344e-03,6.222695112228393555e-03
-2.358198165893554688e-03,-2.608299255371093750e-03,6.227836012840270996e-03
-2.388477325439453125e-03,-2.452492713928222656e-03,6.195023655891418457e-03
-2.369880676269531250e-03,-2.298593521118164062e-03,6.112575531005859375e-03
