9.843111038208007812e-03,3.692333400249481201e-02,8.568406105041503906e-03
9.843111038208007812e-03,3.692333400249481201e-02,8.568406105041503906e-03
8.843183517456054688e-03,3.792332112789154053e-02,7.568418979644775391e-03
8.225440979003906250e-03,3.891915082931518555e-02,6.660997867584228516e-03
8.771896362304687500e-03,3.990228474140167236e-02,5.868732929229736328e-03
9.190320968627929688e-03,4.086515307426452637e-02,5.524933338165283203e-03
8.943557739257812500e-03,4.166495800018310547e-02,5.369156599044799805e-03
8.929252624511718750e-03,4.247021675109863281e-02,5.276948213577270508e-03
9.066104888916015625e-03,4.330968856811523438e-02,5.143105983734130859e-03
9.196043014526367188e-03,4.396724700927734375e-02,5.148857831954956055e-03
8.996486663818359375e-03,4.450935125350952148e-02,5.135923624038696289e-03
9.058952331542968750e-03,4.499436914920806885e-02,4.959821701049804688e-03
8.907794952392578125e-03,4.553620517253875732e-02,4.612088203430175781e-03
8.569955825805664062e-03,4.571975767612457275e-02,4.293829202651977539e-03
8.214473724365234375e-03,4.585328698158264160e-02,4.045039415359497070e-03
7.844686508178710938e-03,4.600234329700469971e-02,3.743439912796020508e-03
7.315158843994140625e-03,4.619246721267700195e-02,3.437250852584838867e-03
6.846904754638671875e-03,4.645127058029174805e-02,3.082633018493652344e-03
6.303548812866210938e-03,4.660567641258239746e-02,2.560675144195556641e-03
5.744934082031250000e-03,4.675838351249694824e-02,2.037912607192993164e-03
5.238533020019531250e-03,4.680939018726348877e-02,1.607298851013183594e-03
4.634618759155273438e-03,4.686367511749267578e-02,1.441895961761474609e-03
3.942489624023437500e-03,4.684616625308990479e-02,1.040667295455932617e-03
3.221988677978515625e-03,4.676224291324615479e-02,5.874037742614746094e-04
2.515792846679687500e-03,4.672770202159881592e-02,1.438856124877929688e-04
1.697540283203125000e-03,4.656304419040679932e-02,-2.325475215911865234e-04
8.933544158935546875e-04,4.637356102466583252e-02,-5.794465541839599609e-04
2.017021179199218750e-04,4.626987874507904053e-02,-9.385049343109130859e-04
-5.667209625244140625e-04,4.605250060558319092e-02,-1.313596963882446289e-03
-1.249313354492187500e-03,4.582963883876800537e-02,-1.742869615554809570e-03
-1.818180084228515625e-03,4.560695588588714600e-02,-2.060174942016601562e-03
-2.348661422729492188e-03,4.542648792266845703e-02,-2.489775419235229492e-03
-2.662897109985351562e-03,4.521830379962921143e-02,-2.856522798538208008e-03
-2.929687500000000000e-03,4.504124820232391357e-02,-3.226965665817260742e-03
-3.403186798095703125e-03,4.460643231868743896e-02,-3.347456455230712891e-03
-3.896236419677734375e-03,4.421107470989227295e-02,-3.463745117187500000e-03
-4.540681838989257812e-03,4.379551112651824951e-02,-3.598034381866455078e-03
-5.182266235351562500e-03,4.340648651123046875e-02,-3.730028867721557617e-03
-5.680561065673828125e-03,4.320017993450164795e-02,-3.867954015731811523e-03
-6.132602691650390625e-03,4.294818639755249023e-02,-4.033327102661132812e-03
-6.585597991943359375e-03,4.277423024177551270e-02,-4.015833139419555664e-03
-6.927728652954101562e-03,4.262721538543701172e-02,-4.094034433364868164e-03
-7.235050201416015625e-03,4.241085052490234375e-02,-4.145950078964233398e-03
-7.422447204589843750e-03,4.217961430549621582e-02,-4.210293292999267578e-03
-7.597446441650390625e-03,4.197463393211364746e-02,-4.271805286407470703e-03
-7.876157760620117188e-03,4.171888530254364014e-02,-4.362463951110839844e-03
-8.119583129882812500e-03,4.137919843196868896e-02,-4.546999931335449219e-03
-8.388042449951171875e-03,4.104891419410705566e-02,-4.845052957534790039e-03
-8.598327636718750000e-03,4.079058766365051270e-02,-5.201429128646850586e-03
-8.456468582153320312e-03,4.067799448966979980e-02,-5.324006080627441406e-03
-8.270025253295898438e-03,4.056903719902038574e-02,-5.331397056579589844e-03
-8.087158203125000000e-03,4.051664471626281738e-02,-5.341142416000366211e-03
-7.914066314697265625e-03,4.054091870784759521e-02,-5.379736423492431641e-03
-7.714033126831054688e-03,4.056759178638458252e-02,-5.462706089019775391e-03
-7.583618164062500000e-03,4.073907434940338135e-02,-5.743235349655151367e-03
-7.523536682128906250e-03,4.088009893894195557e-02,-5.982041358947753906e-03
-7.593870162963867188e-03,4.092821478843688965e-02,-6.305158138275146484e-03
-7.772684097290039062e-03,4.095123708248138428e-02,-6.527423858642578125e-03
-7.939338684082031250e-03,4.104769229888916016e-02,-6.612926721572875977e-03
-7.897138595581054688e-03,4.112568497657775879e-02,-6.729930639266967773e-03
-7.995367050170898438e-03,4.107204079627990723e-02,-6.948947906494140625e-03
-7.973432540893554688e-03,4.095241427421569824e-02,-7.275968790054321289e-03
-7.905483245849609375e-03,4.086098074913024902e-02,-7.804334163665771484e-03
-7.665157318115234375e-03,4.095549881458282471e-02,-8.371859788894653320e-03
-7.494211196899414062e-03,4.098488390445709229e-02,-9.041547775268554688e-03
-7.279634475708007812e-03,4.082898795604705811e-02,-9.652942419052124023e-03
-7.065534591674804688e-03,4.078537225723266602e-02,-1.032298803329467773e-02
-6.888389587402343750e-03,4.079727828502655029e-02,-1.091325283050537109e-02
-6.665229797363281250e-03,4.081560671329498291e-02,-1.163125038146972656e-02
-6.331443786621093750e-03,4.081799089908599854e-02,-1.232343912124633789e-02
-6.034374237060546875e-03,4.081779718399047852e-02,-1.313099265098571777e-02
-5.669593811035156250e-03,4.073537886142730713e-02,-1.366877555847167969e-02
-5.370378494262695312e-03,4.064349830150604248e-02,-1.396602392196655273e-02
-5.013227462768554688e-03,4.060427844524383545e-02,-1.417261362075805664e-02
-4.793405532836914062e-03,4.049801826477050781e-02,-1.412069797515869141e-02
-4.658937454223632812e-03,4.036025702953338623e-02,-1.405754685401916504e-02
-4.561901092529296875e-03,4.015190899372100830e-02,-1.395753026008605957e-02
-4.434585571289062500e-03,3.985613584518432617e-02,-1.378634572029113770e-02
-4.431247711181640625e-03,3.966739773750305176e-02,-1.356336474418640137e-02
-4.466295242309570312e-03,3.943137824535369873e-02,-1.345804333686828613e-02
-4.497528076171875000e-03,3.927859663963317871e-02,-1.349109411239624023e-02
-4.571437835693359375e-03,3.897908329963684082e-02,-1.352241635322570801e-02
-4.773855209350585938e-03,3.875041007995605469e-02,-1.361411809921264648e-02
-5.079984664916992188e-03,3.854773938655853271e-02,-1.354920864105224609e-02
-5.079984664916992188e-03,3.854773938655853271e-02,-1.354920864105224609e-02
-5.276679992675781250e-03,3.834064304828643799e-02,-1.352983713150024414e-02
-5.276679992675781250e-03,3.834064304828643799e-02,-1.352983713150024414e-02
-5.383253097534179688e-03,3.814464807510375977e-02,-1.342597603797912598e-02
-5.590438842773437500e-03,3.789909183979034424e-02,-1.345354318618774414e-02
-5.832910537719726562e-03,3.756709396839141846e-02,-1.365712285041809082e-02
-6.115198135375976562e-03,3.724797070026397705e-02,-1.383277773857116699e-02
-6.865024566650390625e-03,3.697770833969116211e-02,-1.409471035003662109e-02
-7.531404495239257812e-03,3.680498898029327393e-02,-1.429417729377746582e-02
-7.814645767211914062e-03,3.669041395187377930e-02,-1.452493667602539062e-02
-7.807493209838867188e-03,3.674148023128509521e-02,-1.459485292434692383e-02
-7.771015167236328125e-03,3.700108826160430908e-02,-1.479318737983703613e-02
-7.615566253662109375e-03,3.727857768535614014e-02,-1.496711373329162598e-02
-7.433652877807617188e-03,3.750227391719818115e-02,-1.529633998870849609e-02
-7.210731506347656250e-03,3.765726089477539062e-02,-1.559838652610778809e-02
-7.028341293334960938e-03,3.774385154247283936e-02,-1.576355099678039551e-02
-6.807804107666015625e-03,3.773812949657440186e-02,-1.563042402267456055e-02
-6.635189056396484375e-03,3.764750063419342041e-02,-1.561364531517028809e-02
-6.458044052124023438e-03,3.756643831729888916e-02,-1.566040515899658203e-02
-6.278038024902343750e-03,3.770434856414794922e-02,-1.568230986595153809e-02
-6.108283996582031250e-03,3.775648772716522217e-02,-1.564157009124755859e-02
-6.048679351806640625e-03,3.777219355106353760e-02,-1.571780443191528320e-02
-6.059408187866210938e-03,3.772789239883422852e-02,-1.594692468643188477e-02
-6.103992462158203125e-03,3.769722580909729004e-02,-1.622259616851806641e-02
-6.081581115722656250e-03,3.789493441581726074e-02,-1.649484038352966309e-02
-5.911111831665039062e-03,3.812605142593383789e-02,-1.671284437179565430e-02
-5.426168441772460938e-03,3.853616118431091309e-02,-1.714053750038146973e-02
-5.000591278076171875e-03,3.886434435844421387e-02,-1.758462190628051758e-02
-4.579544067382812500e-03,3.909219801425933838e-02,-1.800349354743957520e-02
-4.229545593261718750e-03,3.923963010311126709e-02,-1.847168803215026855e-02
-3.928422927856445312e-03,3.947196900844573975e-02,-1.902705430984497070e-02
-3.636121749877929688e-03,3.975337743759155273e-02,-1.956519484519958496e-02
-3.384113311767578125e-03,4.011508822441101074e-02,-2.000877261161804199e-02
-3.153800964355468750e-03,4.045188426971435547e-02,-2.036628127098083496e-02
-2.928972244262695312e-03,4.068475961685180664e-02,-2.068573236465454102e-02
-2.747297286987304688e-03,4.093381762504577637e-02,-2.090930938720703125e-02
-2.590417861938476562e-03,4.121708869934082031e-02,-2.108630537986755371e-02
-2.501487731933593750e-03,4.146063327789306641e-02,-2.123817801475524902e-02
-2.407073974609375000e-03,4.162269830703735352e-02,-2.131828665733337402e-02
-2.337932586669921875e-03,4.172100126743316650e-02,-2.136048674583435059e-02
-2.427577972412109375e-03,4.174862802028656006e-02,-2.124556899070739746e-02
-2.611398696899414062e-03,4.167874157428741455e-02,-2.106529474258422852e-02
-2.676963806152343750e-03,4.176774621009826660e-02,-2.099013328552246094e-02
-2.695798873901367188e-03,4.199095070362091064e-02,-2.074968814849853516e-02
-2.714395523071289062e-03,4.213394224643707275e-02,-2.047061920166015625e-02
-2.676010131835937500e-03,4.211479425430297852e-02,-2.018523216247558594e-02
-2.641916275024414062e-03,4.220402240753173828e-02,-1.990908384323120117e-02
-2.567291259765625000e-03,4.226981103420257568e-02,-1.961356401443481445e-02
-2.544641494750976562e-03,4.240337014198303223e-02,-1.911434531211853027e-02
-2.554893493652343750e-03,4.243864119052886963e-02,-1.869714260101318359e-02
-2.568006515502929688e-03,4.249124228954315186e-02,-1.831716299057006836e-02
-2.645730972290039062e-03,4.255658388137817383e-02,-1.793450117111206055e-02
-2.714395523071289062e-03,4.260501265525817871e-02,-1.765581965446472168e-02
-2.739429473876953125e-03,4.277350008487701416e-02,-1.744151115417480469e-02
-2.894401550292968750e-03,4.313984513282775879e-02,-1.713356375694274902e-02
-3.036499023437500000e-03,4.357850551605224609e-02,-1.686996221542358398e-02
-3.162384033203125000e-03,4.387672245502471924e-02,-1.678490638732910156e-02
-3.287076950073242188e-03,4.424424469470977783e-02,-1.665890216827392578e-02
-3.392457962036132812e-03,4.451259970664978027e-02,-1.651835441589355469e-02
-3.408432006835937500e-03,4.473546147346496582e-02,-1.648139953613281250e-02
-3.415584564208984375e-03,4.492580890655517578e-02,-1.639693975448608398e-02
-3.447294235229492188e-03,4.507000744342803955e-02,-1.626148819923400879e-02
-3.510236740112304688e-03,4.525226354598999023e-02,-1.613390445709228516e-02
-3.638744354248046875e-03,4.538887739181518555e-02,-1.597082614898681641e-02
-3.755807876586914062e-03,4.526364803314208984e-02,-1.588702201843261719e-02
-3.837585449218750000e-03,4.514838755130767822e-02,-1.589259505271911621e-02
-3.959417343139648438e-03,4.483099281787872314e-02,-1.600506901741027832e-02
-4.099607467651367188e-03,4.457776248455047607e-02,-1.617658138275146484e-02
-4.290580749511718750e-03,4.434780776500701904e-02,-1.631712913513183594e-02
-4.547595977783203125e-03,4.410324990749359131e-02,-1.648896932601928711e-02
-4.814863204956054688e-03,4.378856718540191650e-02,-1.672473549842834473e-02
-5.163669586181640625e-03,4.347120225429534912e-02,-1.701122522354125977e-02
-5.385875701904296875e-03,4.320792853832244873e-02,-1.750016212463378906e-02
-5.548477172851562500e-03,4.298585653305053711e-02,-1.799139380455017090e-02
-5.705356597900390625e-03,4.287037253379821777e-02,-1.838421821594238281e-02
-5.729675292968750000e-03,4.257166385650634766e-02,-1.874747872352600098e-02
-5.811691284179687500e-03,4.228611290454864502e-02,-1.911136507987976074e-02
-5.814790725708007812e-03,4.193238914012908936e-02,-1.939004659652709961e-02
-5.815505981445312500e-03,4.167959094047546387e-02,-1.954409480094909668e-02
-5.852699279785156250e-03,4.137860238552093506e-02,-1.960915327072143555e-02
-5.966424942016601562e-03,4.105271399021148682e-02,-1.958137750625610352e-02
-6.060123443603515625e-03,4.076433181762695312e-02,-1.961350440979003906e-02
-6.236791610717773438e-03,4.041627049446105957e-02,-1.969420909881591797e-02
-6.376266479492187500e-03,3.990392386913299561e-02,-1.969569921493530273e-02
-6.471395492553710938e-03,3.933241963386535645e-02,-1.972967386245727539e-02
-6.690740585327148438e-03,3.887046873569488525e-02,-1.979607343673706055e-02
-6.871461868286132812e-03,3.846585750579833984e-02,-1.984483003616333008e-02
-7.080078125000000000e-03,3.817038238048553467e-02,-1.989972591400146484e-02
-7.300376892089843750e-03,3.784659504890441895e-02,-1.986959576606750488e-02
-7.512807846069335938e-03,3.776900470256805420e-02,-1.982969045639038086e-02
-7.755041122436523438e-03,3.767071664333343506e-02,-1.979836821556091309e-02
-7.995128631591796875e-03,3.748442232608795166e-02,-1.979860663414001465e-02
-8.269071578979492188e-03,3.720450401306152344e-02,-1.977595686912536621e-02
-8.512496948242187500e-03,3.692986071109771729e-02,-1.973617076873779297e-02
-8.801698684692382812e-03,3.665991127490997314e-02,-1.959013938903808594e-02
-9.123802185058593750e-03,3.639250993728637695e-02,-1.944869756698608398e-02
-9.362936019897460938e-03,3.604377806186676025e-02,-1.932847499847412109e-02
-9.608745574951171875e-03,3.568997979164123535e-02,-1.931026577949523926e-02
-9.874105453491210938e-03,3.536020219326019287e-02,-1.935780048370361328e-02
-1.019620895385742188e-02,3.501108288764953613e-02,-1.937139034271240234e-02
-1.055169105529785156e-02,3.460095822811126709e-02,-1.939007639884948730e-02
-1.098656654357910156e-02,3.408499062061309814e-02,-1.948979496955871582e-02
-1.137661933898925781e-02,3.364695608615875244e-02,-1.964533329010009766e-02
-1.170492172241210938e-02,3.332741558551788330e-02,-1.978716254234313965e-02
-1.198816299438476562e-02,3.313131630420684814e-02,-1.981568336486816406e-02
-1.219105720520019531e-02,3.297801315784454346e-02,-1.977330446243286133e-02
-1.243329048156738281e-02,3.268611431121826172e-02,-1.964497566223144531e-02
-1.261305809020996094e-02,3.246544301509857178e-02,-1.951265335083007812e-02
-1.275992393493652344e-02,3.228539228439331055e-02,-1.947414875030517578e-02
-1.295495033264160156e-02,3.189282119274139404e-02,-1.936659216880798340e-02
-1.307177543640136719e-02,3.149041533470153809e-02,-1.934212446212768555e-02
-1.314067840576171875e-02,3.112646937370300293e-02,-1.943296194076538086e-02
-1.312398910522460938e-02,3.082902729511260986e-02,-1.957461237907409668e-02
-1.292777061462402344e-02,3.053648769855499268e-02,-1.966631412506103516e-02
-1.269340515136718750e-02,3.031530976295471191e-02,-1.976206898689270020e-02
-1.238918304443359375e-02,3.031376004219055176e-02,-1.991319656372070312e-02
-1.232242584228515625e-02,3.053803741931915283e-02,-2.027019858360290527e-02
-1.233935356140136719e-02,3.081001341342926025e-02,-2.054330706596374512e-02
-1.246333122253417969e-02,3.098952770233154297e-02,-2.078458666801452637e-02
-1.256465911865234375e-02,3.113053739070892334e-02,-2.095603942871093750e-02
-1.263093948364257812e-02,3.127476572990417480e-02,-2.096414566040039062e-02
-1.281404495239257812e-02,3.136178851127624512e-02,-2.092123031616210938e-02
-1.307916641235351562e-02,3.118944168090820312e-02,-2.076750993728637695e-02
-1.327896118164062500e-02,3.094343841075897217e-02,-2.057525515556335449e-02
-1.348114013671875000e-02,3.069293498992919922e-02,-2.033594250679016113e-02
-1.373076438903808594e-02,3.039342164993286133e-02,-2.007088065147399902e-02
-1.403427124023437500e-02,2.995964884757995605e-02,-1.972833275794982910e-02
-1.429605484008789062e-02,2.946089208126068115e-02,-1.935988664627075195e-02
-1.461553573608398438e-02,2.882684767246246338e-02,-1.890850067138671875e-02
-1.491260528564453125e-02,2.824676036834716797e-02,-1.835763454437255859e-02
-1.526761054992675781e-02,2.761754393577575684e-02,-1.776096224784851074e-02
-1.559662818908691406e-02,2.700610458850860596e-02,-1.711603999137878418e-02
-1.596474647521972656e-02,2.640296518802642822e-02,-1.659914851188659668e-02
-1.636242866516113281e-02,2.588157355785369873e-02,-1.611164212226867676e-02
-1.663327217102050781e-02,2.546015381813049316e-02,-1.543420553207397461e-02
-1.682519912719726562e-02,2.519884705543518066e-02,-1.471421122550964355e-02
-1.694059371948242188e-02,2.506299316883087158e-02,-1.406893134117126465e-02
-1.697039604187011719e-02,2.494575083255767822e-02,-1.355612277984619141e-02
-1.701092720031738281e-02,2.467016875743865967e-02,-1.313906908035278320e-02
-1.699805259704589844e-02,2.431838214397430420e-02,-1.282215118408203125e-02
-1.698160171508789062e-02,2.401928603649139404e-02,-1.247924566268920898e-02
-1.689910888671875000e-02,2.374276518821716309e-02,-1.226022839546203613e-02
-1.674175262451171875e-02,2.354212105274200439e-02,-1.218441128730773926e-02
-1.654076576232910156e-02,2.342966198921203613e-02,-1.227885484695434570e-02
-1.628375053405761719e-02,2.332243323326110840e-02,-1.246383786201477051e-02
-1.606225967407226562e-02,2.322691679000854492e-02,-1.260703802108764648e-02
-1.589345932006835938e-02,2.308036386966705322e-02,-1.271164417266845703e-02
-1.573443412780761719e-02,2.291347086429595947e-02,-1.280793547630310059e-02
-1.554679870605468750e-02,2.269890904426574707e-02,-1.293316483497619629e-02
-1.530170440673828125e-02,2.246718108654022217e-02,-1.309782266616821289e-02
-1.488924026489257812e-02,2.221766114234924316e-02,-1.336881518363952637e-02
-1.457047462463378906e-02,2.179004251956939697e-02,-1.363965868949890137e-02
-1.414847373962402344e-02,2.130368351936340332e-02,-1.387494802474975586e-02
-1.371955871582031250e-02,2.091851830482482910e-02,-1.408410072326660156e-02
-1.325464248657226562e-02,2.044226229190826416e-02,-1.436403393745422363e-02
-1.271390914916992188e-02,2.006530761718750000e-02,-1.465210318565368652e-02
-1.225423812866210938e-02,1.950046420097351074e-02,-1.494979858398437500e-02
-1.178574562072753906e-02,1.897637546062469482e-02,-1.519575715065002441e-02
-1.124644279479980469e-02,1.857805252075195312e-02,-1.531302928924560547e-02
-1.069760322570800781e-02,1.834955811500549316e-02,-1.530414819717407227e-02
-1.018404960632324219e-02,1.822742819786071777e-02,-1.511830091476440430e-02
-9.749174118041992188e-03,1.817975938320159912e-02,-1.484632492065429688e-02
-9.388923645019531250e-03,1.804344356060028076e-02,-1.467704772949218750e-02
-9.006977081298828125e-03,1.791630685329437256e-02,-1.461580395698547363e-02
-8.569717407226562500e-03,1.781798899173736572e-02,-1.460584998130798340e-02
-8.295536041259765625e-03,1.784099638462066650e-02,-1.459419727325439453e-02
-8.137464523315429688e-03,1.770836114883422852e-02,-1.451864838600158691e-02
-7.932424545288085938e-03,1.753528416156768799e-02,-1.441553235054016113e-02
-7.752180099487304688e-03,1.726785302162170410e-02,-1.432421803474426270e-02
-7.606506347656250000e-03,1.693589985370635986e-02,-1.422011852264404297e-02
-7.530689239501953125e-03,1.656079292297363281e-02,-1.404914259910583496e-02
-7.522821426391601562e-03,1.590593159198760986e-02,-1.389104127883911133e-02
-7.551193237304687500e-03,1.538440585136413574e-02,-1.371666789054870605e-02
-7.543087005615234375e-03,1.499979197978973389e-02,-1.350253820419311523e-02
-7.539987564086914062e-03,1.455953717231750488e-02,-1.328450441360473633e-02
-7.463455200195312500e-03,1.427112519741058350e-02,-1.299515366554260254e-02
-7.294893264770507812e-03,1.394963264465332031e-02,-1.274725794792175293e-02
-7.060527801513671875e-03,1.370291411876678467e-02,-1.245912909507751465e-02
-6.877660751342773438e-03,1.342079043388366699e-02,-1.221019029617309570e-02
-6.675720214843750000e-03,1.327893137931823730e-02,-1.190111041069030762e-02
-6.507396697998046875e-03,1.314738392829895020e-02,-1.164016127586364746e-02
-6.112337112426757812e-03,1.315803825855255127e-02,-1.146355271339416504e-02
-5.725860595703125000e-03,1.322312653064727783e-02,-1.140153408050537109e-02
-5.408763885498046875e-03,1.337648928165435791e-02,-1.131269335746765137e-02
-5.011081695556640625e-03,1.358976960182189941e-02,-1.126340031623840332e-02
-4.674673080444335938e-03,1.371426880359649658e-02,-1.132714748382568359e-02
-4.446029663085937500e-03,1.385509967803955078e-02,-1.135027408599853516e-02
-4.112720489501953125e-03,1.406201720237731934e-02,-1.138043403625488281e-02
-3.887891769409179688e-03,1.417270302772521973e-02,-1.150462031364440918e-02
-3.729820251464843750e-03,1.430730521678924561e-02,-1.168131828308105469e-02
-3.534555435180664062e-03,1.450349390506744385e-02,-1.177826523780822754e-02
-3.195762634277343750e-03,1.473005115985870361e-02,-1.199162006378173828e-02
-2.941846847534179688e-03,1.487249135971069336e-02,-1.229366660118103027e-02
-2.796649932861328125e-03,1.502846181392669678e-02,-1.253911852836608887e-02
-2.705574035644531250e-03,1.498660445213317871e-02,-1.276767253875732422e-02
-2.636432647705078125e-03,1.499186456203460693e-02,-1.303118467330932617e-02
-2.590894699096679688e-03,1.490581035614013672e-02,-1.324814558029174805e-02
-2.548933029174804688e-03,1.485703885555267334e-02,-1.338309049606323242e-02
-2.496957778930664062e-03,1.481379568576812744e-02,-1.342386007308959961e-02
-2.449035644531250000e-03,1.475001871585845947e-02,-1.354292035102844238e-02
-2.485036849975585938e-03,1.445741951465606689e-02,-1.359426975250244141e-02
-2.628087997436523438e-03,1.416383683681488037e-02,-1.360705494880676270e-02
-2.807378768920898438e-03,1.381428539752960205e-02,-1.355659961700439453e-02
-3.079414367675781250e-03,1.340693235397338867e-02,-1.340007781982421875e-02
-3.376007080078125000e-03,1.297482848167419434e-02,-1.312249898910522461e-02
-3.867387771606445312e-03,1.259811222553253174e-02,-1.283311843872070312e-02
-4.264116287231445312e-03,1.223492622375488281e-02,-1.258462667465209961e-02
-4.741430282592773438e-03,1.178297400474548340e-02,-1.237595081329345703e-02
-5.130529403686523438e-03,1.159831881523132324e-02,-1.232776045799255371e-02
-5.488157272338867188e-03,1.151028275489807129e-02,-1.237726211547851562e-02
-5.745887756347656250e-03,1.140476763248443604e-02,-1.255226135253906250e-02
-5.926132202148437500e-03,1.135313510894775391e-02,-1.286736130714416504e-02
-6.031274795532226562e-03,1.138648390769958496e-02,-1.319685578346252441e-02
-5.981683731079101562e-03,1.149603724479675293e-02,-1.374137401580810547e-02
-5.895853042602539062e-03,1.159967482089996338e-02,-1.418736577033996582e-02
-5.806446075439453125e-03,1.177579164505004883e-02,-1.463627815246582031e-02
-5.710840225219726562e-03,1.190859079360961914e-02,-1.490342617034912109e-02
-5.778789520263671875e-03,1.204085350036621094e-02,-1.512020826339721680e-02
-5.822896957397460938e-03,1.217429339885711670e-02,-1.532849669456481934e-02
-5.808830261230468750e-03,1.232083141803741455e-02,-1.535761356353759766e-02
-5.793571472167968750e-03,1.249124109745025635e-02,-1.531276106834411621e-02
-5.750656127929687500e-03,1.263642311096191406e-02,-1.525050401687622070e-02
-5.856990814208984375e-03,1.253135502338409424e-02,-1.507186889648437500e-02
-5.967617034912109375e-03,1.237718760967254639e-02,-1.489296555519104004e-02
-5.911350250244140625e-03,1.220570504665374756e-02,-1.467582583427429199e-02
-5.530834197998046875e-03,1.198881864547729492e-02,-1.449283957481384277e-02
-5.159378051757812500e-03,1.176792383193969727e-02,-1.418495178222656250e-02
-4.813671112060546875e-03,1.157651841640472412e-02,-1.371300220489501953e-02
-4.489183425903320312e-03,1.138575375080108643e-02,-1.328584551811218262e-02
-4.079580307006835938e-03,1.113590598106384277e-02,-1.285058259963989258e-02
-3.692150115966796875e-03,1.093971729278564453e-02,-1.252457499504089355e-02
-3.338575363159179688e-03,1.080590486526489258e-02,-1.218959689140319824e-02
-3.000974655151367188e-03,1.079490780830383301e-02,-1.189887523651123047e-02
-2.627134323120117188e-03,1.080954074859619141e-02,-1.170057058334350586e-02
-2.388000488281250000e-03,1.065447926521301270e-02,-1.162478327751159668e-02
-2.141952514648437500e-03,1.052804291248321533e-02,-1.147601008415222168e-02
-1.847743988037109375e-03,1.042550802230834961e-02,-1.128354668617248535e-02
-1.491069793701171875e-03,1.039300858974456787e-02,-1.122847199440002441e-02
-1.128911972045898438e-03,1.034452021121978760e-02,-1.119801402091979980e-02
-8.127689361572265625e-04,1.024924218654632568e-02,-1.115685701370239258e-02
-5.066394805908203125e-04,1.010458171367645264e-02,-1.132872700691223145e-02
-3.614425659179687500e-04,9.825468063354492188e-03,-1.157218217849731445e-02
-2.424716949462890625e-04,9.550198912620544434e-03,-1.178947091102600098e-02
-2.400875091552734375e-04,9.303227066993713379e-03,-1.191484928131103516e-02
-2.670288085937500000e-04,9.117871522903442383e-03,-1.202058792114257812e-02
-3.161430358886718750e-04,8.941084146499633789e-03,-1.205259561538696289e-02
-4.043579101562500000e-04,8.729636669158935547e-03,-1.209515333175659180e-02
-5.075931549072265625e-04,8.601158857345581055e-03,-1.201158761978149414e-02
-5.073547363281250000e-04,8.538618683815002441e-03,-1.188710331916809082e-02
-4.665851593017578125e-04,8.500814437866210938e-03,-1.173406839370727539e-02
-4.570484161376953125e-04,8.612826466560363770e-03,-1.162680983543395996e-02
-3.893375396728515625e-04,8.853510022163391113e-03,-1.144546270370483398e-02
-3.380775451660156250e-04,8.937850594520568848e-03,-1.125368475914001465e-02
-3.266334533691406250e-04,8.901312947273254395e-03,-1.102292537689208984e-02
-2.992153167724609375e-04,8.730426430702209473e-03,-1.073861122131347656e-02
-2.300739288330078125e-04,8.600130677223205566e-03,-1.046404242515563965e-02
-1.878738403320312500e-04,8.469283580780029297e-03,-1.019489765167236328e-02
-2.450942993164062500e-04,8.163735270500183105e-03,-9.989827871322631836e-03
-4.656314849853515625e-04,7.866919040679931641e-03,-9.867310523986816406e-03
-7.796287536621093750e-04,7.551968097686767578e-03,-9.742021560668945312e-03
-1.167058944702148438e-03,7.152929902076721191e-03,-9.958177804946899414e-03
-1.522779464721679688e-03,6.662249565124511719e-03,-1.013168692588806152e-02
-1.903295516967773438e-03,6.136894226074218750e-03,-1.039183139801025391e-02
-2.138614654541015625e-03,5.575656890869140625e-03,-1.069530844688415527e-02
-2.396583557128906250e-03,5.046531558036804199e-03,-1.098224520683288574e-02
-2.625942230224609375e-03,4.655256867408752441e-03,-1.125586032867431641e-02
-2.762556076049804688e-03,4.303172230720520020e-03,-1.141315698623657227e-02
-2.819538116455078125e-03,4.011496901512145996e-03,-1.157107949256896973e-02
-2.775907516479492188e-03,3.820076584815979004e-03,-1.156988739967346191e-02
-2.689123153686523438e-03,3.709197044372558594e-03,-1.150614023208618164e-02
-2.614736557006835938e-03,3.659650683403015137e-03,-1.143342256546020508e-02
-2.474308013916015625e-03,3.629282116889953613e-03,-1.138305664062500000e-02
-2.306699752807617188e-03,3.651946783065795898e-03,-1.130571961402893066e-02
-2.147912979125976562e-03,3.699943423271179199e-03,-1.118102669715881348e-02
-2.221822738647460938e-03,3.562510013580322266e-03,-1.094353199005126953e-02
-2.275466918945312500e-03,3.432482481002807617e-03,-1.066428422927856445e-02
-2.388000488281250000e-03,3.144770860671997070e-03,-1.033037900924682617e-02
-2.502441406250000000e-03,2.827420830726623535e-03,-1.007035374641418457e-02
-2.661228179931640625e-03,2.286955714225769043e-03,-9.875535964965820312e-03
-2.814292907714843750e-03,1.732423901557922363e-03,-9.771436452865600586e-03
-2.919435501098632812e-03,1.268893480300903320e-03,-9.769171476364135742e-03
-2.936124801635742188e-03,8.505582809448242188e-04,-9.873837232589721680e-03
-2.780914306640625000e-03,4.989057779312133789e-04,-1.004669070243835449e-02
-2.342224121093750000e-03,3.675520420074462891e-04,-1.015684008598327637e-02
-1.899719238281250000e-03,2.717971801757812500e-04,-1.025840640068054199e-02
-1.492261886596679688e-03,2.101361751556396484e-04,-1.040148735046386719e-02
-1.182317733764648438e-03,6.246566772460937500e-05,-1.037013530731201172e-02
-9.391307830810546875e-04,-7.949769496917724609e-05,-1.031672954559326172e-02
-6.582736968994140625e-04,-1.605451107025146484e-04,-1.024082303047180176e-02
-3.280639648437500000e-04,-1.872181892395019531e-04,-1.015949249267578125e-02
-2.098083496093750000e-05,-2.631396055221557617e-04,-1.003289222717285156e-02
2.462863922119140625e-04,-4.036128520965576172e-04,-9.840965270996093750e-03
4.920959472656250000e-04,-6.054788827896118164e-04,-9.612232446670532227e-03
7.033348083496093750e-04,-8.538812398910522461e-04,-9.364992380142211914e-03
8.614063262939453125e-04,-1.093447208404541016e-03,-8.950233459472656250e-03
9.832382202148437500e-04,-1.357272267341613770e-03,-8.557140827178955078e-03
1.022815704345703125e-03,-1.573979854583740234e-03,-8.281379938125610352e-03
1.045465469360351562e-03,-1.731500029563903809e-03,-7.933884859085083008e-03
1.055717468261718750e-03,-2.164587378501892090e-03,-7.675677537918090820e-03
1.136541366577148438e-03,-2.467408776283264160e-03,-7.399797439575195312e-03
1.260280609130859375e-03,-2.713456749916076660e-03,-7.191181182861328125e-03
1.549959182739257812e-03,-2.799630165100097656e-03,-7.066756486892700195e-03
1.873731613159179688e-03,-2.857804298400878906e-03,-6.982296705245971680e-03
2.204418182373046875e-03,-2.810433506965637207e-03,-6.917387247085571289e-03
2.526760101318359375e-03,-2.714440226554870605e-03,-6.838232278823852539e-03
2.812147140502929688e-03,-2.490445971488952637e-03,-6.877958774566650391e-03
3.089189529418945312e-03,-2.256706357002258301e-03,-7.038742303848266602e-03
3.142595291137695312e-03,-2.069786190986633301e-03,-7.204025983810424805e-03
3.036499023437500000e-03,-2.039983868598937988e-03,-7.196933031082153320e-03
2.944946289062500000e-03,-2.004474401473999023e-03,-7.156014442443847656e-03
2.762317657470703125e-03,-2.110853791236877441e-03,-7.055640220642089844e-03
2.637147903442382812e-03,-2.257347106933593750e-03,-6.994575262069702148e-03
2.472162246704101562e-03,-2.424418926239013672e-03,-6.776809692382812500e-03
2.302408218383789062e-03,-2.647519111633300781e-03,-6.503164768218994141e-03
1.955986022949218750e-03,-3.012508153915405273e-03,-6.191551685333251953e-03
1.645088195800781250e-03,-3.427445888519287109e-03,-5.843698978424072266e-03
1.266002655029296875e-03,-3.817737102508544922e-03,-5.527645349502563477e-03
9.138584136962890625e-04,-4.137888550758361816e-03,-5.236953496932983398e-03
7.138252258300781250e-04,-4.307851195335388184e-03,-4.967480897903442383e-03
6.656646728515625000e-04,-4.306003451347351074e-03,-4.701226949691772461e-03
6.446838378906250000e-04,-4.209190607070922852e-03,-4.551261663436889648e-03
7.092952728271484375e-04,-4.105865955352783203e-03,-4.488229751586914062e-03
8.354187011718750000e-04,-4.112109541893005371e-03,-4.446119070053100586e-03
1.033782958984375000e-03,-4.373639822006225586e-03,-4.425942897796630859e-03
1.170635223388671875e-03,-4.727885127067565918e-03,-4.380017518997192383e-03
1.389741897583007812e-03,-5.134135484695434570e-03,-4.204779863357543945e-03
1.520395278930664062e-03,-5.500778555870056152e-03,-4.007905721664428711e-03
1.681327819824218750e-03,-5.850717425346374512e-03,-3.688901662826538086e-03
1.774787902832031250e-03,-6.275936961174011230e-03,-3.276228904724121094e-03
1.809358596801757812e-03,-6.610780954360961914e-03,-2.821534872055053711e-03
1.765727996826171875e-03,-6.849408149719238281e-03,-2.368539571762084961e-03
1.785039901733398438e-03,-7.028684020042419434e-03,-2.009898424148559570e-03
1.878023147583007812e-03,-7.161140441894531250e-03,-1.725405454635620117e-03
2.063751220703125000e-03,-7.270425558090209961e-03,-1.445889472961425781e-03
2.228736877441406250e-03,-7.313862442970275879e-03,-1.301616430282592773e-03
2.381324768066406250e-03,-7.426843047142028809e-03,-1.137346029281616211e-03
2.535581588745117188e-03,-7.490247488021850586e-03,-1.068562269210815430e-03
2.727031707763671875e-03,-7.520020008087158203e-03,-1.136839389801025391e-03
3.025054931640625000e-03,-7.415235042572021484e-03,-1.300334930419921875e-03
3.350973129272460938e-03,-7.206588983535766602e-03,-1.577317714691162109e-03
3.702402114868164062e-03,-6.954744458198547363e-03,-1.837402582168579102e-03
3.987550735473632812e-03,-6.554797291755676270e-03,-2.109616994857788086e-03
4.130125045776367188e-03,-6.381258368492126465e-03,-2.224832773208618164e-03
4.196405410766601562e-03,-6.328597664833068848e-03,-2.266973257064819336e-03
4.141330718994140625e-03,-6.285145878791809082e-03,-2.249032258987426758e-03
4.037141799926757812e-03,-6.270140409469604492e-03,-2.126336097717285156e-03
3.795862197875976562e-03,-6.315723061561584473e-03,-1.946538686752319336e-03
3.453016281127929688e-03,-6.452471017837524414e-03,-1.830846071243286133e-03
3.013372421264648438e-03,-6.521478295326232910e-03,-1.732558012008666992e-03
2.577781677246093750e-03,-6.651088595390319824e-03,-1.629054546356201172e-03
2.129077911376953125e-03,-6.829082965850830078e-03,-1.532793045043945312e-03
1.760244369506835938e-03,-6.998389959335327148e-03,-1.510590314865112305e-03
1.467227935791015625e-03,-7.161170244216918945e-03,-1.543790102005004883e-03
1.128435134887695312e-03,-7.310226559638977051e-03,-1.628339290618896484e-03
9.226799011230468750e-04,-7.273271679878234863e-03,-1.850575208663940430e-03
7.832050323486328125e-04,-7.191419601440429688e-03,-2.106249332427978516e-03
6.980895996093750000e-04,-7.124722003936767578e-03,-2.353370189666748047e-03
6.842613220214843750e-04,-6.933331489562988281e-03,-2.555280923843383789e-03
9.021759033203125000e-04,-6.620034575462341309e-03,-2.812892198562622070e-03
1.110553741455078125e-03,-6.400927901268005371e-03,-3.075242042541503906e-03
1.439809799194335938e-03,-6.203219294548034668e-03,-3.337711095809936523e-03
1.809597015380859375e-03,-6.109744310379028320e-03,-3.427654504776000977e-03
2.102851867675781250e-03,-6.112188100814819336e-03,-3.462523221969604492e-03
2.342939376831054688e-03,-6.136387586593627930e-03,-3.481239080429077148e-03
2.553462982177734375e-03,-6.149753928184509277e-03,-3.508806228637695312e-03
2.721548080444335938e-03,-6.172344088554382324e-03,-3.536999225616455078e-03
2.887725830078125000e-03,-6.194323301315307617e-03,-3.510922193527221680e-03
3.045320510864257812e-03,-6.255120038986206055e-03,-3.356695175170898438e-03
3.166198730468750000e-03,-6.309449672698974609e-03,-3.094971179962158203e-03
3.335475921630859375e-03,-6.339654326438903809e-03,-2.788335084915161133e-03
3.528356552124023438e-03,-6.313815712928771973e-03,-2.470374107360839844e-03
3.739833831787109375e-03,-6.298169493675231934e-03,-2.225488424301147461e-03
3.970623016357421875e-03,-6.291747093200683594e-03,-2.196609973907470703e-03
4.185199737548828125e-03,-6.326586008071899414e-03,-2.217411994934082031e-03
4.335880279541015625e-03,-6.411224603652954102e-03,-2.254903316497802734e-03
4.427194595336914062e-03,-6.493255496025085449e-03,-2.280980348587036133e-03
4.440069198608398438e-03,-6.651967763900756836e-03,-2.329528331756591797e-03
4.444599151611328125e-03,-6.801143288612365723e-03,-2.395272254943847656e-03
4.435300827026367188e-03,-6.906166672706604004e-03,-2.421468496322631836e-03
4.366874694824218750e-03,-7.008016109466552734e-03,-2.414226531982421875e-03
4.306077957153320312e-03,-7.055580615997314453e-03,-2.361714839935302734e-03
4.275798797607421875e-03,-7.135346531867980957e-03,-2.316266298294067383e-03
4.233598709106445312e-03,-7.196187973022460938e-03,-2.094358205795288086e-03
4.149913787841796875e-03,-7.225260138511657715e-03,-1.902341842651367188e-03
4.158735275268554688e-03,-7.185131311416625977e-03,-1.710355281829833984e-03
4.228353500366210938e-03,-7.069528102874755859e-03,-1.541763544082641602e-03
4.337787628173828125e-03,-6.944835186004638672e-03,-1.276165246963500977e-03
4.456281661987304688e-03,-6.798669695854187012e-03,-1.021623611450195312e-03
4.574060440063476562e-03,-6.645888090133666992e-03,-7.129013538360595703e-04
4.627704620361328125e-03,-6.543621420860290527e-03,-4.762709140777587891e-04
4.636287689208984375e-03,-6.501421332359313965e-03,-2.846121788024902344e-04
4.636049270629882812e-03,-6.472945213317871094e-03,-1.300275325775146484e-04
4.676818847656250000e-03,-6.475165486335754395e-03,-7.832050323486328125e-05
4.749298095703125000e-03,-6.434798240661621094e-03,-7.665157318115234375e-05
4.714488983154296875e-03,-6.473153829574584961e-03,-2.741813659667968750e-04
4.696607589721679688e-03,-6.504818797111511230e-03,-4.874169826507568359e-04
4.694461822509765625e-03,-6.506189703941345215e-03,-6.316900253295898438e-04
4.590511322021484375e-03,-6.491348147392272949e-03,-7.013082504272460938e-04
4.533052444458007812e-03,-6.495803594589233398e-03,-6.508827209472656250e-04
4.465818405151367188e-03,-6.553962826728820801e-03,-6.500482559204101562e-04
4.485845565795898438e-03,-6.535947322845458984e-03,-5.406141281127929688e-04
4.486322402954101562e-03,-6.552755832672119141e-03,-4.445612430572509766e-04
4.445791244506835938e-03,-6.565511226654052734e-03,-3.679394721984863281e-04
4.338741302490234375e-03,-6.622165441513061523e-03,-2.833604812622070312e-04
4.156112670898437500e-03,-6.769165396690368652e-03,-2.242624759674072266e-04
3.970384597778320312e-03,-6.905332207679748535e-03,-1.621544361114501953e-04
3.781795501708984375e-03,-7.075026631355285645e-03,-7.799267768859863281e-05
3.614664077758789062e-03,-7.217913866043090820e-03,-5.781650543212890625e-06
3.474473953247070312e-03,-7.308229804039001465e-03,3.167986869812011719e-05
3.369808197021484375e-03,-7.363229990005493164e-03,1.701712608337402344e-05
3.291845321655273438e-03,-7.360681891441345215e-03,1.308321952819824219e-05
3.266811370849609375e-03,-7.319450378417968750e-03,7.480382919311523438e-06
3.288745880126953125e-03,-7.254421710968017578e-03,4.440546035766601562e-06
3.275156021118164062e-03,-7.226571440696716309e-03,2.187490463256835938e-05
3.248691558837890625e-03,-7.269427180290222168e-03,6.392598152160644531e-05
3.184795379638671875e-03,-7.304355502128601074e-03,1.219809055328369141e-04
3.135204315185546875e-03,-7.376477122306823730e-03,1.087188720703125000e-04
3.036737442016601562e-03,-7.470890879631042480e-03,3.379583358764648438e-05
3.245115280151367188e-03,-7.537037134170532227e-03,1.317262649536132812e-05
3.465175628662109375e-03,-7.559701800346374512e-03,-3.564357757568359375e-05
3.664970397949218750e-03,-7.601872086524963379e-03,-6.529688835144042969e-05
3.873348236083984375e-03,-7.645621895790100098e-03,-1.040697097778320312e-04
4.073381423950195312e-03,-7.696092128753662109e-03,-1.361072063446044922e-04
4.267930984497070312e-03,-7.713839411735534668e-03,-1.368224620819091797e-04
4.356622695922851562e-03,-7.770910859107971191e-03,-5.012750625610351562e-05
4.440546035766601562e-03,-7.804632186889648438e-03,2.413988113403320312e-05
4.539489746093750000e-03,-7.780641317367553711e-03,-6.094574928283691406e-05
4.680395126342773438e-03,-7.749229669570922852e-03,-1.860260963439941406e-04
4.835367202758789062e-03,-7.704362273216247559e-03,-3.450512886047363281e-04
4.992485046386718750e-03,-7.612913846969604492e-03,-5.224049091339111328e-04
5.171298980712890625e-03,-7.444992661476135254e-03,-7.432997226715087891e-04
5.368947982788085938e-03,-7.252499461174011230e-03,-1.054912805557250977e-03
5.503177642822265625e-03,-7.055789232254028320e-03,-1.371085643768310547e-03
5.566120147705078125e-03,-6.888270378112792969e-03,-1.670151948928833008e-03
5.599975585937500000e-03,-6.729677319526672363e-03,-1.908123493194580078e-03
5.644798278808593750e-03,-6.548687815666198730e-03,-2.064555883407592773e-03
5.652904510498046875e-03,-6.378337740898132324e-03,-2.057731151580810547e-03
5.604505538940429688e-03,-6.278529763221740723e-03,-2.020359039306640625e-03
5.512237548828125000e-03,-6.239324808120727539e-03,-1.848280429840087891e-03
5.272626876831054688e-03,-6.284818053245544434e-03,-1.598298549652099609e-03
5.006074905395507812e-03,-6.355166435241699219e-03,-1.304984092712402344e-03
4.679679870605468750e-03,-6.471678614616394043e-03,-9.440779685974121094e-04
4.313468933105468750e-03,-6.628185510635375977e-03,-5.126595497131347656e-04
4.035949707031250000e-03,-6.776064634323120117e-03,-9.074807167053222656e-05
3.819465637207031250e-03,-6.923228502273559570e-03,2.342164516448974609e-04
3.676891326904296875e-03,-7.001936435699462891e-03,4.373788833618164062e-04
3.615856170654296875e-03,-7.082611322402954102e-03,5.512535572052001953e-04
3.602981567382812500e-03,-7.112443447113037109e-03,5.955398082733154297e-04
3.651142120361328125e-03,-6.945684552192687988e-03,4.781186580657958984e-04
3.980398178100585938e-03,-6.223753094673156738e-03,-1.593828201293945312e-04
4.210233688354492188e-03,-5.655676126480102539e-03,-7.219612598419189453e-04
4.372358322143554688e-03,-5.212694406509399414e-03,-1.158028841018676758e-03
4.435300827026367188e-03,-4.949361085891723633e-03,-1.526385545730590820e-03
4.395008087158203125e-03,-4.740893840789794922e-03,-1.831769943237304688e-03
4.327058792114257812e-03,-4.632562398910522461e-03,-2.029418945312500000e-03
4.214048385620117188e-03,-4.597052931785583496e-03,-2.224862575531005859e-03
4.076004028320312500e-03,-4.612356424331665039e-03,-2.343773841857910156e-03
3.959417343139648438e-03,-4.679366946220397949e-03,-2.413153648376464844e-03
3.775596618652343750e-03,-4.781901836395263672e-03,-2.427369356155395508e-03
3.484725952148437500e-03,-4.920259118080139160e-03,-2.408504486083984375e-03
3.208875656127929688e-03,-5.100682377815246582e-03,-2.351403236389160156e-03
2.944707870483398438e-03,-5.251854658126831055e-03,-2.276271581649780273e-03
2.586364746093750000e-03,-5.421251058578491211e-03,-2.126157283782958984e-03
2.206325531005859375e-03,-5.633041262626647949e-03,-1.922667026519775391e-03
1.873016357421875000e-03,-5.875438451766967773e-03,-1.681864261627197266e-03
1.542091369628906250e-03,-6.147548556327819824e-03,-1.445442438125610352e-03
1.149892807006835938e-03,-6.429463624954223633e-03,-1.098662614822387695e-03
8.001327514648437500e-04,-6.716161966323852539e-03,-7.261633872985839844e-04
4.110336303710937500e-04,-7.070690393447875977e-03,-3.086924552917480469e-04
4.339218139648437500e-05,-7.450684905052185059e-03,1.284778118133544922e-04
4.339218139648437500e-05,-7.450684905052185059e-03,1.284778118133544922e-04
-2.539157867431640625e-04,-7.790833711624145508e-03,6.352961063385009766e-04
-6.153583526611328125e-04,-8.188888430595397949e-03,1.200824975967407227e-03
-9.655952453613281250e-04,-8.579388260841369629e-03,1.749634742736816406e-03
-1.354217529296875000e-03,-9.066298604011535645e-03,2.215147018432617188e-03
-1.751661300659179688e-03,-9.509131312370300293e-03,2.578109502792358398e-03
-2.110242843627929688e-03,-9.940311312675476074e-03,2.811759710311889648e-03
-2.435684204101562500e-03,-1.040580868721008301e-02,2.964645624160766602e-03
-2.673387527465820312e-03,-1.083512604236602783e-02,3.111451864242553711e-03
-2.846717834472656250e-03,-1.123623549938201904e-02,3.208518028259277344e-03
-2.905845642089843750e-03,-1.155999302864074707e-02,3.214299678802490234e-03
-2.919435501098632812e-03,-1.185305416584014893e-02,3.133893013000488281e-03
-2.879142761230468750e-03,-1.208637654781341553e-02,3.054678440093994141e-03
-2.810478210449218750e-03,-1.226207613945007324e-02,2.965271472930908203e-03
-2.743005752563476562e-03,-1.236075162887573242e-02,2.861112356185913086e-03
-2.623558044433593750e-03,-1.244539022445678711e-02,2.746224403381347656e-03
-2.464771270751953125e-03,-1.246573030948638916e-02,2.656280994415283203e-03
-2.311468124389648438e-03,-1.244762539863586426e-02,2.532154321670532227e-03
-2.084255218505859375e-03,-1.237469911575317383e-02,2.336621284484863281e-03
-1.804828643798828125e-03,-1.228213310241699219e-02,2.165347337722778320e-03
-1.363277435302734375e-03,-1.212556660175323486e-02,2.065658569335937500e-03
-9.138584136962890625e-04,-1.193700730800628662e-02,1.995056867599487305e-03
-3.700256347656250000e-04,-1.167644560337066650e-02,1.894921064376831055e-03
2.090930938720703125e-04,-1.141652464866638184e-02,1.732826232910156250e-03
8.542537689208984375e-04,-1.109173893928527832e-02,1.581877470016479492e-03
1.480102539062500000e-03,-1.079604029655456543e-02,1.445889472961425781e-03
1.986742019653320312e-03,-1.063302159309387207e-02,1.367688179016113281e-03
2.394437789916992188e-03,-1.059234142303466797e-02,1.322954893112182617e-03
2.646923065185546875e-03,-1.065774261951446533e-02,1.374632120132446289e-03
2.803325653076171875e-03,-1.076768338680267334e-02,1.529425382614135742e-03
2.984523773193359375e-03,-1.087026298046112061e-02,1.727342605590820312e-03
3.143787384033203125e-03,-1.100558042526245117e-02,1.923203468322753906e-03
3.235340118408203125e-03,-1.117940247058868408e-02,2.108931541442871094e-03
3.273010253906250000e-03,-1.140172779560089111e-02,2.252191305160522461e-03
3.271818161010742188e-03,-1.163901388645172119e-02,2.396643161773681641e-03
3.252029418945312500e-03,-1.190648972988128662e-02,2.497375011444091797e-03
3.256082534790039062e-03,-1.211634278297424316e-02,2.593904733657836914e-03
3.244638442993164062e-03,-1.228167116641998291e-02,2.662777900695800781e-03
3.232479095458984375e-03,-1.246286928653717041e-02,2.556383609771728516e-03
3.162860870361328125e-03,-1.260787248611450195e-02,2.492040395736694336e-03
3.165006637573242188e-03,-1.266853511333465576e-02,2.437561750411987305e-03
3.155469894409179688e-03,-1.270386576652526855e-02,2.391576766967773438e-03
3.187894821166992188e-03,-1.269808411598205566e-02,2.240270376205444336e-03
3.252029418945312500e-03,-1.269137859344482422e-02,2.051442861557006836e-03
3.322601318359375000e-03,-1.267316937446594238e-02,1.917153596878051758e-03
3.399848937988281250e-03,-1.264214515686035156e-02,1.791805028915405273e-03
3.525257110595703125e-03,-1.256473362445831299e-02,1.705527305603027344e-03
3.642082214355468750e-03,-1.252645254135131836e-02,1.644283533096313477e-03
3.774404525756835938e-03,-1.249095797538757324e-02,1.574814319610595703e-03
3.889560699462890625e-03,-1.243302226066589355e-02,1.457840204238891602e-03
3.946304321289062500e-03,-1.232612133026123047e-02,1.436591148376464844e-03
4.047155380249023438e-03,-1.218420267105102539e-02,1.462727785110473633e-03
4.183292388916015625e-03,-1.203292608261108398e-02,1.486182212829589844e-03
4.228353500366210938e-03,-1.190300285816192627e-02,1.524329185485839844e-03
4.207611083984375000e-03,-1.184622943401336670e-02,1.469671726226806641e-03
4.146337509155273438e-03,-1.178951561450958252e-02,1.380562782287597656e-03
4.137516021728515625e-03,-1.174251735210418701e-02,1.286864280700683594e-03
4.154920578002929688e-03,-1.169121265411376953e-02,1.167029142379760742e-03
4.184722900390625000e-03,-1.165385544300079346e-02,9.954571723937988281e-04
4.214048385620117188e-03,-1.164022088050842285e-02,8.102059364318847656e-04
4.150629043579101562e-03,-1.166690886020660400e-02,6.500482559204101562e-04
4.027605056762695312e-03,-1.174263656139373779e-02,5.021989345550537109e-04
3.927469253540039062e-03,-1.181454956531524658e-02,3.757476806640625000e-04
3.868341445922851562e-03,-1.181258261203765869e-02,2.630650997161865234e-04
3.809690475463867188e-03,-1.185773313045501709e-02,1.758337020874023438e-04
3.732204437255859375e-03,-1.188051700592041016e-02,1.480877399444580078e-04
3.658771514892578125e-03,-1.187708973884582520e-02,1.503825187683105469e-04
3.568649291992187500e-03,-1.182027161121368408e-02,2.208948135375976562e-04
3.515958786010742188e-03,-1.170918345451354980e-02,3.241598606109619141e-04
3.402471542358398438e-03,-1.161576807498931885e-02,3.705024719238281250e-04
3.298282623291015625e-03,-1.154011487960815430e-02,3.586113452911376953e-04
3.236293792724609375e-03,-1.147642731666564941e-02,3.104209899902343750e-04
3.190040588378906250e-03,-1.138372719287872314e-02,2.958476543426513672e-04
3.166913986206054688e-03,-1.124718785285949707e-02,2.634823322296142578e-04
3.176689147949218750e-03,-1.111823320388793945e-02,2.016723155975341797e-04
3.231525421142578125e-03,-1.095043122768402100e-02,1.284778118133544922e-04
3.386497497558593750e-03,-1.077628135681152344e-02,1.321136951446533203e-04
3.583431243896484375e-03,-1.059819757938385010e-02,1.222193241119384766e-04
3.781318664550781250e-03,-1.042973995208740234e-02,1.332461833953857422e-04
3.978252410888671875e-03,-1.031984388828277588e-02,1.504719257354736328e-04
4.116773605346679688e-03,-1.020839810371398926e-02,1.804530620574951172e-04
4.188299179077148438e-03,-1.012429594993591309e-02,2.408027648925781250e-04
4.325866699218750000e-03,-1.002286374568939209e-02,3.429949283599853516e-04
4.423141479492187500e-03,-9.916633367538452148e-03,4.752576351165771484e-04
4.427671432495117188e-03,-9.859830141067504883e-03,6.063878536224365234e-04
4.364490509033203125e-03,-9.844139218330383301e-03,7.276535034179687500e-04
4.216194152832031250e-03,-9.871959686279296875e-03,7.827579975128173828e-04
4.101514816284179688e-03,-9.878814220428466797e-03,8.264183998107910156e-04
3.981113433837890625e-03,-9.943604469299316406e-03,8.986890316009521484e-04
3.882408142089843750e-03,-9.990572929382324219e-03,8.910000324249267578e-04
3.811120986938476562e-03,-9.994000196456909180e-03,8.754134178161621094e-04
3.740072250366210938e-03,-9.983181953430175781e-03,8.936226367950439453e-04
3.688097000122070312e-03,-9.954184293746948242e-03,9.000301361083984375e-04
3.687620162963867188e-03,-9.906440973281860352e-03,9.266138076782226562e-04
3.763675689697265625e-03,-9.796515107154846191e-03,9.289681911468505859e-04
3.813028335571289062e-03,-9.674742817878723145e-03,9.175539016723632812e-04
3.882408142089843750e-03,-9.501561522483825684e-03,9.234547615051269531e-04
3.925085067749023438e-03,-9.335130453109741211e-03,9.363591670989990234e-04
3.984451293945312500e-03,-9.125739336013793945e-03,9.641945362091064453e-04
4.034757614135742188e-03,-8.944049477577209473e-03,9.828805923461914062e-04
4.062414169311523438e-03,-8.764922618865966797e-03,9.662508964538574219e-04
4.075527191162109375e-03,-8.587524294853210449e-03,9.616315364837646484e-04
4.069805145263671875e-03,-8.468121290206909180e-03,9.745359420776367188e-04
4.062414169311523438e-03,-8.362352848052978516e-03,9.763240814208984375e-04
3.993749618530273438e-03,-8.311375975608825684e-03,9.921491146087646484e-04
3.861427307128906250e-03,-8.294850587844848633e-03,9.491741657257080078e-04
3.746986389160156250e-03,-8.311778306961059570e-03,9.020864963531494141e-04
3.616333007812500000e-03,-8.310228586196899414e-03,8.912384510040283203e-04
3.405570983886718750e-03,-8.336201310157775879e-03,8.754432201385498047e-04
3.247022628784179688e-03,-8.346453309059143066e-03,8.495748043060302734e-04
3.061294555664062500e-03,-8.419200778007507324e-03,8.369982242584228516e-04
2.907514572143554688e-03,-8.451968431472778320e-03,7.926523685455322266e-04
2.803564071655273438e-03,-8.468061685562133789e-03,7.025301456451416016e-04
2.879142761230468750e-03,-8.482769131660461426e-03,6.103813648223876953e-04
3.003358840942382812e-03,-8.431568741798400879e-03,5.580782890319824219e-04
3.072738647460937500e-03,-8.377701044082641602e-03,5.012750625610351562e-04
3.094673156738281250e-03,-8.428066968917846680e-03,4.636347293853759766e-04
3.129720687866210938e-03,-8.471235632896423340e-03,4.189312458038330078e-04
3.147125244140625000e-03,-8.552983403205871582e-03,3.827810287475585938e-04
3.126859664916992188e-03,-8.660390973091125488e-03,3.564059734344482422e-04
3.091573715209960938e-03,-8.800297975540161133e-03,3.492236137390136719e-04
3.005266189575195312e-03,-8.945092558860778809e-03,4.041492938995361328e-04
2.946853637695312500e-03,-9.002268314361572266e-03,4.603266716003417969e-04
2.911806106567382812e-03,-9.084776043891906738e-03,5.199611186981201172e-04
2.866983413696289062e-03,-9.169772267341613770e-03,5.812942981719970703e-04
2.809286117553710938e-03,-9.258583188056945801e-03,5.989372730255126953e-04
2.799272537231445312e-03,-9.317398071289062500e-03,5.902647972106933594e-04
2.804994583129882812e-03,-9.340360760688781738e-03,6.096363067626953125e-04
2.873897552490234375e-03,-9.311720728874206543e-03,6.140470504760742188e-04
2.994775772094726562e-03,-9.227529168128967285e-03,6.345510482788085938e-04
3.123760223388671875e-03,-9.111091494560241699e-03,6.416440010070800781e-04
3.260612487792968750e-03,-9.019240736961364746e-03,6.305277347564697266e-04
3.394603729248046875e-03,-8.974000811576843262e-03,6.513893604278564453e-04
3.542184829711914062e-03,-8.911147713661193848e-03,6.672441959381103516e-04
3.661632537841796875e-03,-8.900806307792663574e-03,6.537735462188720703e-04
3.746986389160156250e-03,-8.932530879974365234e-03,6.457269191741943359e-04
3.789901733398437500e-03,-9.004697203636169434e-03,6.071329116821289062e-04
3.820657730102539062e-03,-9.045645594596862793e-03,5.333423614501953125e-04
3.820180892944335938e-03,-9.074896574020385742e-03,4.535913467407226562e-04
3.874301910400390625e-03,-9.058013558387756348e-03,3.795027732849121094e-04
3.990411758422851562e-03,-8.998572826385498047e-03,3.446638584136962891e-04
4.108905792236328125e-03,-8.928477764129638672e-03,3.068149089813232422e-04
4.246711730957031250e-03,-8.896112442016601562e-03,3.058612346649169922e-04
4.380702972412109375e-03,-8.837744593620300293e-03,2.802908420562744141e-04
4.464864730834960938e-03,-8.747369050979614258e-03,2.244710922241210938e-04
4.561185836791992188e-03,-8.654609322547912598e-03,1.742243766784667969e-04
4.637956619262695312e-03,-8.527562022209167480e-03,1.318752765655517578e-04
4.719257354736328125e-03,-8.398801088333129883e-03,1.079142093658447266e-04
4.745721817016601562e-03,-8.317843079566955566e-03,9.408593177795410156e-05
4.733324050903320312e-03,-8.227080106735229492e-03,8.204579353332519531e-05
4.730224609375000000e-03,-8.178368210792541504e-03,4.461407661437988281e-05
4.696846008300781250e-03,-8.160009980201721191e-03,2.044439315795898438e-05
4.643201828002929688e-03,-8.200436830520629883e-03,7.954239845275878906e-05
4.589557647705078125e-03,-8.236154913902282715e-03,1.513957977294921875e-04
4.456996917724609375e-03,-8.279234170913696289e-03,2.906322479248046875e-04
4.266738891601562500e-03,-8.342251181602478027e-03,4.560351371765136719e-04
4.153013229370117188e-03,-8.319661021232604980e-03,6.276667118072509766e-04
4.052400588989257812e-03,-8.282497525215148926e-03,7.427334785461425781e-04
4.018306732177734375e-03,-8.182376623153686523e-03,8.815526962280273438e-04
3.977060317993164062e-03,-8.083090186119079590e-03,9.788274765014648438e-04
3.969430923461914062e-03,-7.983222603797912598e-03,9.622275829315185547e-04
4.022836685180664062e-03,-7.883653044700622559e-03,8.686482906341552734e-04
4.050254821777343750e-03,-7.766231894493103027e-03,7.383823394775390625e-04
4.070281982421875000e-03,-7.681041955947875977e-03,6.133019924163818359e-04
4.082918167114257812e-03,-7.560923695564270020e-03,5.069077014923095703e-04
4.150152206420898438e-03,-7.440805435180664062e-03,3.515779972076416016e-04
4.257678985595703125e-03,-7.322773337364196777e-03,2.121031284332275391e-04
4.342317581176757812e-03,-7.225528359413146973e-03,9.608268737792968750e-05
4.362821578979492188e-03,-7.088586688041687012e-03,-6.705522537231445312e-06
4.362344741821289062e-03,-7.049858570098876953e-03,-3.692507743835449219e-05
4.344940185546875000e-03,-7.122337818145751953e-03,-4.047155380249023438e-05
4.315614700317382812e-03,-7.239222526550292969e-03,-2.089142799377441406e-05
4.206418991088867188e-03,-7.396280765533447266e-03,4.380941390991210938e-05
4.098892211914062500e-03,-7.544964551925659180e-03,1.042783260345458984e-04
3.978967666625976562e-03,-7.687687873840332031e-03,1.747012138366699219e-04
3.828048706054687500e-03,-7.854625582695007324e-03,2.010464668273925781e-04
3.655433654785156250e-03,-7.982820272445678711e-03,2.180933952331542969e-04
3.504991531372070312e-03,-8.051663637161254883e-03,1.994967460632324219e-04
3.370523452758789062e-03,-8.133694529533386230e-03,2.219378948211669922e-04
3.250122070312500000e-03,-8.242353796958923340e-03,2.531707286834716797e-04
3.165960311889648438e-03,-8.297860622406005859e-03,2.703666687011718750e-04
3.054857254028320312e-03,-8.398741483688354492e-03,1.913011074066162109e-04
2.969980239868164062e-03,-8.457913994789123535e-03,9.506940841674804688e-05
2.914667129516601562e-03,-8.498057723045349121e-03,-6.854534149169921875e-07
2.878665924072265625e-03,-8.498311042785644531e-03,-6.973743438720703125e-05
2.856016159057617188e-03,-8.454293012619018555e-03,-1.129806041717529297e-04
2.893209457397460938e-03,-8.376702666282653809e-03,-1.686811447143554688e-04
2.923965454101562500e-03,-8.301660418510437012e-03,-1.890361309051513672e-04
2.956628799438476562e-03,-8.291721343994140625e-03,-1.604557037353515625e-04
2.959966659545898438e-03,-8.324146270751953125e-03,-1.002848148345947266e-04
2.934217453002929688e-03,-8.366823196411132812e-03,-3.767013549804687500e-05
2.883434295654296875e-03,-8.472323417663574219e-03,-6.854534149169921875e-06
2.837896347045898438e-03,-8.578658103942871094e-03,2.041459083557128906e-05
2.809286117553710938e-03,-8.718892931938171387e-03,5.045533180236816406e-05
2.771139144897460938e-03,-8.819609880447387695e-03,8.329749107360839844e-05
2.779483795166015625e-03,-8.972600102424621582e-03,1.051425933837890625e-04
2.819538116455078125e-03,-9.108930826187133789e-03,8.034706115722656250e-05
2.913951873779296875e-03,-9.235173463821411133e-03,5.361437797546386719e-05
3.005981445312500000e-03,-9.258508682250976562e-03,1.510977745056152344e-05
3.119230270385742188e-03,-9.239882230758666992e-03,-3.713369369506835938e-05
3.225803375244140625e-03,-9.227111935615539551e-03,-1.131296157836914062e-04
3.303289413452148438e-03,-9.243831038475036621e-03,-1.864433288574218750e-04
3.428936004638671875e-03,-9.265542030334472656e-03,-1.910328865051269531e-04
3.545045852661132812e-03,-9.334862232208251953e-03,-1.617670059204101562e-04
3.596544265747070312e-03,-9.385585784912109375e-03,-9.617209434509277344e-05
3.678560256958007812e-03,-9.427875280380249023e-03,-5.388259887695312500e-05
3.733158111572265625e-03,-9.467616677284240723e-03,-1.507997512817382812e-05
3.814458847045898438e-03,-9.461328387260437012e-03,1.764297485351562500e-05
3.919363021850585938e-03,-9.418696165084838867e-03,1.350045204162597656e-05
4.031658172607421875e-03,-9.350985288619995117e-03,6.586313247680664062e-06
4.144906997680664062e-03,-9.270235896110534668e-03,6.616115570068359375e-06
4.276752471923828125e-03,-9.209886193275451660e-03,6.616115570068359375e-06
4.406929016113281250e-03,-9.135082364082336426e-03,-5.653500556945800781e-05
4.558563232421875000e-03,-9.088948369026184082e-03,-8.964538574218750000e-05
4.656553268432617188e-03,-9.064540266990661621e-03,-8.296966552734375000e-05
4.716157913208007812e-03,-9.035408496856689453e-03,-6.398558616638183594e-05
4.715681076049804688e-03,-9.024173021316528320e-03,-1.180171966552734375e-04
4.711389541625976562e-03,-9.037882089614868164e-03,-1.651644706726074219e-04
4.700183868408203125e-03,-9.075641632080078125e-03,-2.171099185943603516e-04
4.656791687011718750e-03,-9.098976850509643555e-03,-2.417862415313720703e-04
4.584074020385742188e-03,-9.124115109443664551e-03,-2.765953540802001953e-04
4.474401473999023438e-03,-9.139895439147949219e-03,-3.187954425811767578e-04
4.385471343994140625e-03,-9.124264121055603027e-03,-3.397762775421142578e-04
4.281759262084960938e-03,-9.120896458625793457e-03,-3.140866756439208984e-04
4.214763641357421875e-03,-9.071767330169677734e-03,-2.655684947967529297e-04
4.180908203125000000e-03,-9.048357605934143066e-03,-2.181231975555419922e-04
4.158258438110351562e-03,-9.034797549247741699e-03,-1.628696918487548828e-04
4.091978073120117188e-03,-9.024515748023986816e-03,-1.404881477355957031e-04
4.018545150756835938e-03,-9.032577276229858398e-03,-1.360177993774414062e-04
3.923416137695312500e-03,-9.030267596244812012e-03,-1.526176929473876953e-04
3.812551498413085938e-03,-9.080916643142700195e-03,-9.021162986755371094e-05
3.714323043823242188e-03,-9.124755859375000000e-03,-2.235174179077148438e-06
3.728389739990234375e-03,-9.089812636375427246e-03,2.123415470123291016e-04
3.746986389160156250e-03,-9.029537439346313477e-03,4.300773143768310547e-04
3.714323043823242188e-03,-8.958503603935241699e-03,5.327761173248291016e-04
3.671884536743164062e-03,-8.882567286491394043e-03,5.856454372406005859e-04
3.629207611083984375e-03,-8.810684084892272949e-03,5.924999713897705078e-04
3.624439239501953125e-03,-8.713439106941223145e-03,5.543828010559082031e-04
3.624200820922851562e-03,-8.634284138679504395e-03,4.710853099822998047e-04
3.626823425292968750e-03,-8.551046252250671387e-03,3.577470779418945312e-04
3.603696823120117188e-03,-8.461430668830871582e-03,2.303421497344970703e-04
3.556489944458007812e-03,-8.371904492378234863e-03,1.300871372222900391e-04
3.511428833007812500e-03,-8.319914340972900391e-03,-1.445412635803222656e-05
3.503322601318359375e-03,-8.240669965744018555e-03,-1.302659511566162109e-04
3.512620925903320312e-03,-8.069038391113281250e-03,-1.590847969055175781e-04
3.516197204589843750e-03,-7.907480001449584961e-03,-1.866817474365234375e-04
3.480195999145507812e-03,-7.783755660057067871e-03,-1.573264598846435547e-04
3.451347351074218750e-03,-7.713451981544494629e-03,-1.266002655029296875e-04
3.383159637451171875e-03,-7.647112011909484863e-03,-1.376867294311523438e-04
3.318071365356445312e-03,-7.566496729850769043e-03,-1.339316368103027344e-04
3.297328948974609375e-03,-7.507815957069396973e-03,-1.152753829956054688e-04
3.278017044067382812e-03,-7.474198937416076660e-03,-7.367134094238281250e-05
3.225564956665039062e-03,-7.463440299034118652e-03,-1.776218414306640625e-05
3.064870834350585938e-03,-7.453337311744689941e-03,2.735853195190429688e-05
2.903938293457031250e-03,-7.485941052436828613e-03,6.753206253051757812e-05
2.783060073852539062e-03,-7.506355643272399902e-03,4.789233207702636719e-05
2.685308456420898438e-03,-7.535487413406372070e-03,5.355477333068847656e-05
2.638816833496093750e-03,-7.592946290969848633e-03,6.118416786193847656e-05
2.657651901245117188e-03,-7.586091756820678711e-03,6.830692291259765625e-05
2.503156661987304688e-03,-7.622867822647094727e-03,3.838539123535156250e-05
2.405405044555664062e-03,-7.666394114494323730e-03,-3.790855407714843750e-05
2.275466918945312500e-03,-7.748171687126159668e-03,-1.728236675262451172e-04
2.188682556152343750e-03,-7.819071412086486816e-03,-2.820789813995361328e-04
2.106904983520507812e-03,-7.826820015907287598e-03,-4.321932792663574219e-04
2.094268798828125000e-03,-7.759422063827514648e-03,-6.331205368041992188e-04
2.090930938720703125e-03,-7.710516452789306641e-03,-8.095204830169677734e-04
2.145051956176757812e-03,-7.619559764862060547e-03,-9.625554084777832031e-04
2.205371856689453125e-03,-7.535070180892944336e-03,-1.074612140655517578e-03
2.285957336425781250e-03,-7.448211312294006348e-03,-1.133143901824951172e-03
2.342462539672851562e-03,-7.358133792877197266e-03,-1.112282276153564453e-03
2.335548400878906250e-03,-7.246956229209899902e-03,-1.058250665664672852e-03
2.331972122192382812e-03,-7.155299186706542969e-03,-9.407401084899902344e-04
2.330541610717773438e-03,-7.068693637847900391e-03,-7.911920547485351562e-04
2.325296401977539062e-03,-7.021158933639526367e-03,-6.670951843261718750e-04
2.324342727661132812e-03,-6.995201110839843750e-03,-5.464553833007812500e-04
2.302646636962890625e-03,-6.995692849159240723e-03,-4.288852214813232422e-04
2.257585525512695312e-03,-7.046967744827270508e-03,-3.328025341033935547e-04
2.216100692749023438e-03,-7.086187601089477539e-03,-2.442896366119384766e-04
2.242326736450195312e-03,-7.071584463119506836e-03,-2.044439315795898438e-04
2.309560775756835938e-03,-7.049486041069030762e-03,-1.874566078186035156e-04
2.412319183349609375e-03,-6.995633244514465332e-03,-1.981854438781738281e-04
2.484798431396484375e-03,-6.915569305419921875e-03,-2.779960632324218750e-04
2.515554428100585938e-03,-6.827116012573242188e-03,-4.315376281738281250e-04
2.557277679443359375e-03,-6.761118769645690918e-03,-5.616247653961181641e-04
2.612590789794921875e-03,-6.725490093231201172e-03,-6.929337978363037109e-04
2.707481384277343750e-03,-6.706893444061279297e-03,-8.012354373931884766e-04
2.893209457397460938e-03,-6.693333387374877930e-03,-9.216070175170898438e-04
3.013610839843750000e-03,-6.693854928016662598e-03,-9.884238243103027344e-04
3.126382827758789062e-03,-6.688505411148071289e-03,-1.028716564178466797e-03
3.210544586181640625e-03,-6.675198674201965332e-03,-1.012891530990600586e-03
3.273725509643554688e-03,-6.692603230476379395e-03,-9.686052799224853516e-04
3.312110900878906250e-03,-6.738767027854919434e-03,-8.789300918579101562e-04
3.357887268066406250e-03,-6.749793887138366699e-03,-7.383227348327636719e-04
3.410577774047851562e-03,-6.777524948120117188e-03,-6.101727485656738281e-04
3.366470336914062500e-03,-6.824493408203125000e-03,-4.937350749969482422e-04
3.329753875732421875e-03,-6.874665617942810059e-03,-3.656148910522460938e-04
3.392696380615234375e-03,-6.926044821739196777e-03,-3.423094749450683594e-04
3.430366516113281250e-03,-6.998792290687561035e-03,-3.145337104797363281e-04
3.460645675659179688e-03,-7.079020142555236816e-03,-3.038942813873291016e-04
3.479957580566406250e-03,-7.127538323402404785e-03,-3.021657466888427734e-04
3.505468368530273438e-03,-7.150679826736450195e-03,-3.314614295959472656e-04
3.506422042846679688e-03,-7.136255502700805664e-03,-3.519952297210693359e-04
3.525733947753906250e-03,-7.083266973495483398e-03,-3.861486911773681641e-04
3.576755523681640625e-03,-7.046416401863098145e-03,-4.336833953857421875e-04
3.665924072265625000e-03,-6.995394825935363770e-03,-4.638433456420898438e-04
3.757238388061523438e-03,-6.927356123924255371e-03,-4.785358905792236328e-04
3.806829452514648438e-03,-6.893396377563476562e-03,-4.896521568298339844e-04
3.823995590209960938e-03,-6.848350167274475098e-03,-5.475282669067382812e-04
3.716468811035156250e-03,-6.870299577713012695e-03,-5.642473697662353516e-04
3.595590591430664062e-03,-6.935358047485351562e-03,-5.866587162017822266e-04
3.472328186035156250e-03,-7.039308547973632812e-03,-5.937814712524414062e-04
3.357172012329101562e-03,-7.084608078002929688e-03,-5.909502506256103516e-04
3.231763839721679688e-03,-7.108628749847412109e-03,-5.648434162139892578e-04
3.157138824462890625e-03,-7.102251052856445312e-03,-5.470812320709228516e-04
3.117561340332031250e-03,-7.059171795845031738e-03,-5.581378936767578125e-04
3.096818923950195312e-03,-6.978094577789306641e-03,-5.442202091217041016e-04
3.089189529418945312e-03,-6.907999515533447266e-03,-5.478560924530029297e-04
3.077268600463867188e-03,-6.801158189773559570e-03,-5.748569965362548828e-04
3.054618835449218750e-03,-6.709873676300048828e-03,-5.988180637359619141e-04
2.975702285766601562e-03,-6.639778614044189453e-03,-5.685389041900634766e-04
2.834081649780273438e-03,-6.622493267059326172e-03,-5.350708961486816406e-04
2.717733383178710938e-03,-6.615638732910156250e-03,-5.012750625610351562e-04
2.610683441162109375e-03,-6.630256772041320801e-03,-4.499554634094238281e-04
2.556562423706054688e-03,-6.614148616790771484e-03,-4.101693630218505859e-04
2.530574798583984375e-03,-6.586283445358276367e-03,-3.861784934997558594e-04
2.507209777832031250e-03,-6.583631038665771484e-03,-3.508925437927246094e-04
2.486705780029296875e-03,-6.585836410522460938e-03,-3.387928009033203125e-04
2.500772476196289062e-03,-6.596177816390991211e-03,-3.056228160858154297e-04
2.597808837890625000e-03,-6.531596183776855469e-03,-3.261566162109375000e-04
2.668380737304687500e-03,-6.457701325416564941e-03,-3.671050071716308594e-04
2.854108810424804688e-03,-6.349325180053710938e-03,-3.344118595123291016e-04
3.024101257324218750e-03,-6.254568696022033691e-03,-3.089010715484619141e-04
3.154516220092773438e-03,-6.160244345664978027e-03,-2.450048923492431641e-04
3.274917602539062500e-03,-6.110668182373046875e-03,-1.238882541656494141e-04
3.364324569702148438e-03,-6.089985370635986328e-03,6.347894668579101562e-06
3.425836563110351562e-03,-6.094500422477722168e-03,1.445114612579345703e-04
3.482580184936523438e-03,-6.162986159324645996e-03,2.897679805755615234e-04
3.519773483276367188e-03,-6.223499774932861328e-03,3.965795040130615234e-04
3.505229949951171875e-03,-6.325155496597290039e-03,4.831254482269287109e-04
3.472566604614257812e-03,-6.389617919921875000e-03,5.111098289489746094e-04
3.435134887695312500e-03,-6.441354751586914062e-03,5.333125591278076172e-04
3.408432006835937500e-03,-6.479695439338684082e-03,4.977583885192871094e-04
3.404140472412109375e-03,-6.508871912956237793e-03,4.538297653198242188e-04
3.351688385009765625e-03,-6.519749760627746582e-03,3.950893878936767578e-04
3.315925598144531250e-03,-6.485924124717712402e-03,3.025233745574951172e-04
3.260850906372070312e-03,-6.469190120697021484e-03,1.703798770904541016e-04
3.220319747924804688e-03,-6.399005651473999023e-03,-6.237626075744628906e-05
3.120899200439453125e-03,-6.350815296173095703e-03,-2.616345882415771484e-04
2.959012985229492188e-03,-6.345242261886596680e-03,-4.182159900665283203e-04
2.780914306640625000e-03,-6.362348794937133789e-03,-5.677938461303710938e-04
2.629518508911132812e-03,-6.388396024703979492e-03,-6.388127803802490234e-04
2.470493316650390625e-03,-6.421774625778198242e-03,-7.209777832031250000e-04
2.329826354980468750e-03,-6.459012627601623535e-03,-7.262229919433593750e-04
2.179861068725585938e-03,-6.535083055496215820e-03,-7.080435752868652344e-04
2.066135406494140625e-03,-6.541281938552856445e-03,-6.144642829895019531e-04
1.943588256835937500e-03,-6.554946303367614746e-03,-5.008876323699951172e-04
1.836538314819335938e-03,-6.563961505889892578e-03,-3.525018692016601562e-04
1.770496368408203125e-03,-6.588205695152282715e-03,-2.030432224273681641e-04
1.733541488647460938e-03,-6.631001830101013184e-03,-7.969141006469726562e-05
1.711130142211914062e-03,-6.691604852676391602e-03,-3.963708877563476562e-06
1.725196838378906250e-03,-6.699651479721069336e-03,3.880262374877929688e-05
1.780509948730468750e-03,-6.676465272903442383e-03,1.022517681121826172e-04
1.823186874389648438e-03,-6.652265787124633789e-03,1.602470874786376953e-04
1.915931701660156250e-03,-6.629228591918945312e-03,1.979470252990722656e-04
2.013206481933593750e-03,-6.621807813644409180e-03,1.610815525054931641e-04
2.119064331054687500e-03,-6.620764732360839844e-03,1.163482666015625000e-04
2.237796783447265625e-03,-6.616309285163879395e-03,4.297494888305664062e-05
2.382516860961914062e-03,-6.613120436668395996e-03,-4.184246063232421875e-05
2.492189407348632812e-03,-6.607413291931152344e-03,-9.292364120483398438e-05
2.597570419311523438e-03,-6.598740816116333008e-03,-1.323223114013671875e-04
2.700328826904296875e-03,-6.571918725967407227e-03,-3.045499324798583984e-04
2.772331237792968750e-03,-6.550341844558715820e-03,-4.425644874572753906e-04
2.798557281494140625e-03,-6.563618779182434082e-03,-5.698800086975097656e-04
2.821683883666992188e-03,-6.586447358131408691e-03,-6.576478481292724609e-04
2.796888351440429688e-03,-6.646946072578430176e-03,-7.011592388153076172e-04
2.709627151489257812e-03,-6.711974740028381348e-03,-7.179975509643554688e-04
2.644300460815429688e-03,-6.775975227355957031e-03,-6.789267063140869141e-04
2.567291259765625000e-03,-6.881058216094970703e-03,-5.231201648712158203e-04
2.511501312255859375e-03,-7.002890110015869141e-03,-3.452599048614501953e-04
2.479314804077148438e-03,-7.113292813301086426e-03,-1.678168773651123047e-04
2.454042434692382812e-03,-7.230550050735473633e-03,-2.202391624450683594e-05
2.419233322143554688e-03,-7.361665368080139160e-03,1.237094402313232422e-04
2.400398254394531250e-03,-7.487475872039794922e-03,2.125203609466552734e-04
2.411127090454101562e-03,-7.558777928352355957e-03,2.265870571136474609e-04
2.439022064208984375e-03,-7.614761590957641602e-03,1.887679100036621094e-04
2.488136291503906250e-03,-7.675647735595703125e-03,1.321434974670410156e-04
2.522230148315429688e-03,-7.725656032562255859e-03,4.881620407104492188e-05
2.537965774536132812e-03,-7.715523242950439453e-03,-4.938244819641113281e-05
2.557754516601562500e-03,-7.695347070693969727e-03,-1.377165317535400391e-04
2.603530883789062500e-03,-7.667720317840576172e-03,-2.264976501464843750e-04
2.672195434570312500e-03,-7.634237408638000488e-03,-3.122687339782714844e-04
2.766370773315429688e-03,-7.614910602569580078e-03,-3.866255283355712891e-04
2.836942672729492188e-03,-7.626026868820190430e-03,-4.326999187469482422e-04
2.866506576538085938e-03,-7.628142833709716797e-03,-4.509985446929931641e-04
2.904653549194335938e-03,-7.642969489097595215e-03,-4.321932792663574219e-04
2.956151962280273438e-03,-7.688105106353759766e-03,-3.860294818878173828e-04
2.989530563354492188e-03,-7.727473974227905273e-03,-2.697706222534179688e-04
3.011226654052734375e-03,-7.766872644424438477e-03,-1.683235168457031250e-04
3.045558929443359375e-03,-7.809951901435852051e-03,-3.251433372497558594e-05
3.085136413574218750e-03,-7.854640483856201172e-03,7.483363151550292969e-05
3.105401992797851562e-03,-7.890120148658752441e-03,1.235604286193847656e-04
3.157615661621093750e-03,-7.946103811264038086e-03,1.634955406188964844e-04
3.221511840820312500e-03,-7.960811257362365723e-03,1.861155033111572266e-04
3.325223922729492188e-03,-7.966205477714538574e-03,2.034306526184082031e-04
3.443241119384765625e-03,-7.959380745887756348e-03,1.938045024871826172e-04
3.542661666870117188e-03,-7.974877953529357910e-03,2.362132072448730469e-04
3.631353378295898438e-03,-8.026361465454101562e-03,2.775788307189941406e-04
3.685474395751953125e-03,-8.108928799629211426e-03,2.799630165100097656e-04
3.678321838378906250e-03,-8.173942565917968750e-03,2.653300762176513672e-04
3.638505935668945312e-03,-8.195102214813232422e-03,2.651810646057128906e-04
3.624677658081054688e-03,-8.200064301490783691e-03,2.385675907135009766e-04
3.569602966308593750e-03,-8.197173476219177246e-03,1.856982707977294922e-04
3.549575805664062500e-03,-8.168727159500122070e-03,1.046061515808105469e-04
3.525733947753906250e-03,-7.858365774154663086e-03,7.450580596923828125e-06
3.542661666870117188e-03,-7.589012384414672852e-03,-1.165270805358886719e-04
3.559827804565429688e-03,-7.371634244918823242e-03,-2.279877662658691406e-04
3.526687622070312500e-03,-7.155746221542358398e-03,-3.122985363006591797e-04
3.502130508422851562e-03,-6.959408521652221680e-03,-3.306567668914794922e-04
3.443479537963867188e-03,-6.847724318504333496e-03,-2.969205379486083984e-04
3.367424011230468750e-03,-6.778210401535034180e-03,-2.510249614715576172e-04
3.237009048461914062e-03,-6.753221154212951660e-03,-2.158582210540771484e-04
3.131628036499023438e-03,-6.780847907066345215e-03,-1.934468746185302734e-04
3.047227859497070312e-03,-6.788313388824462891e-03,-1.642107963562011719e-04
2.953529357910156250e-03,-6.784945726394653320e-03,-1.275837421417236328e-04
2.900123596191406250e-03,-6.752371788024902344e-03,-8.875131607055664062e-05
2.829313278198242188e-03,-6.720349192619323730e-03,-4.699826240539550781e-05
2.820730209350585938e-03,-6.633013486862182617e-03,2.470612525939941406e-05
2.803087234497070312e-03,-6.557807326316833496e-03,1.555979251861572266e-04
2.820730209350585938e-03,-6.444618105888366699e-03,2.897083759307861328e-04
2.845048904418945312e-03,-6.325274705886840820e-03,4.015266895294189453e-04
2.880573272705078125e-03,-6.223782896995544434e-03,4.784166812896728516e-04
2.929925918579101562e-03,-6.130456924438476562e-03,5.390942096710205078e-04
2.976894378662109375e-03,-6.072402000427246094e-03,5.688071250915527344e-04
3.013134002685546875e-03,-6.050333380699157715e-03,5.525052547454833984e-04
3.024101257324218750e-03,-6.057173013687133789e-03,5.408227443695068359e-04
3.035068511962890625e-03,-6.034329533576965332e-03,5.587339401245117188e-04
3.059625625610351562e-03,-6.018087267875671387e-03,5.657672882080078125e-04
3.083705902099609375e-03,-6.007522344589233398e-03,5.483031272888183594e-04
3.078937530517578125e-03,-6.045326590538024902e-03,5.481541156768798828e-04
3.051757812500000000e-03,-6.079643964767456055e-03,5.461871623992919922e-04
3.003358840942382812e-03,-6.124854087829589844e-03,5.400478839874267578e-04
2.964258193969726562e-03,-6.177812814712524414e-03,5.478560924530029297e-04
2.940654754638671875e-03,-6.218001246452331543e-03,5.587041378021240234e-04
2.926826477050781250e-03,-6.266221404075622559e-03,6.112158298492431641e-04
2.914190292358398438e-03,-6.328880786895751953e-03,6.785094738006591797e-04
2.899646759033203125e-03,-6.409481167793273926e-03,7.302761077880859375e-04
