1.945576816797256470e-02
1.945576816797256470e-02
1.907013915479183197e-02
1.879289187490940094e-02
1.877729780972003937e-02
1.840894296765327454e-02
1.801281049847602844e-02
1.729631982743740082e-02
1.686066575348377228e-02
1.630670204758644104e-02
1.578451320528984070e-02
1.548793725669384003e-02
1.531206723302602768e-02
1.525390055030584335e-02
1.527097728103399277e-02
1.557599660009145737e-02
1.595576852560043335e-02
1.643503084778785706e-02
1.687764376401901245e-02
1.732107810676097870e-02
1.763049885630607605e-02
1.800220645964145660e-02
1.801401004195213318e-02
1.798844523727893829e-02
1.772308722138404846e-02
1.739786937832832336e-02
1.710939593613147736e-02
1.643342524766921997e-02
1.601660437881946564e-02
1.564450189471244812e-02
1.525468658655881882e-02
1.486634835600852966e-02
1.454046461731195450e-02
1.426372490823268890e-02
1.413457840681076050e-02
1.406743004918098450e-02
1.403181813657283783e-02
1.395942177623510361e-02
1.384964399039745331e-02
1.375848613679409027e-02
1.376989576965570450e-02
1.371621247380971909e-02
1.362707465887069702e-02
1.337364502251148224e-02
1.306914910674095154e-02
1.260529365390539169e-02
1.213879417628049850e-02
1.147558446973562241e-02
1.086923759430646896e-02
1.033054105937480927e-02
9.936091490089893341e-03
9.610296227037906647e-03
9.299577213823795319e-03
8.948476985096931458e-03
8.668873459100723267e-03
8.545799180865287781e-03
8.523826487362384796e-03
8.995369076728820801e-03
9.556369855999946594e-03
1.021153293550014496e-02
1.087051816284656525e-02
1.135337911546230316e-02
1.180362049490213394e-02
1.232500374317169189e-02
1.276885531842708588e-02
1.313264854252338409e-02
1.345687545835971832e-02
1.378432847559452057e-02
1.410343870520591736e-02
1.432677730917930603e-02
1.449247822165489197e-02
1.456168480217456818e-02
1.462873257696628571e-02
1.467491127550601959e-02
1.473145559430122375e-02
1.473985705524682999e-02
1.476649008691310883e-02
1.482868101447820663e-02
1.487413886934518814e-02
1.489896979182958603e-02
1.486795209348201752e-02
1.473248749971389771e-02
1.461343932896852493e-02
1.453574746847152710e-02
1.451487187296152115e-02
1.444917079061269760e-02
1.435255911201238632e-02
1.427429728209972382e-02
1.423562318086624146e-02
1.417163107544183731e-02
1.412373129278421402e-02
1.412373129278421402e-02
1.412373129278421402e-02
1.405850797891616821e-02
1.398463919758796692e-02
1.388534065335988998e-02
1.377173978835344315e-02
1.366162393242120743e-02
1.356849353760480881e-02
1.351722516119480133e-02
1.348380371928215027e-02
1.349158864468336105e-02
1.349924877285957336e-02
1.352672651410102844e-02
1.360446587204933167e-02
1.367124915122985840e-02
1.373415160924196243e-02
1.376874838024377823e-02
1.375828776508569717e-02
1.363416202366352081e-02
1.354172825813293457e-02
1.338195521384477615e-02
1.338195521384477615e-02
1.332352682948112488e-02
1.321173273026943207e-02
1.309860590845346451e-02
1.298053469508886337e-02
1.284482982009649277e-02
1.273912284523248672e-02
1.266230084002017975e-02
1.259061414748430252e-02
1.249785628169775009e-02
1.246274635195732117e-02
1.242710836231708527e-02
1.242072880268096924e-02
1.246513053774833679e-02
1.266450434923171997e-02
1.283388677984476089e-02
1.299957465380430222e-02
1.311978790909051895e-02
1.324471738189458847e-02
1.331847440451383591e-02
1.335895899683237076e-02
1.337352674454450607e-02
1.338313240557909012e-02
1.339039299637079239e-02
1.351875998079776764e-02
1.361533161252737045e-02
1.367257628589868546e-02
1.375856902450323105e-02
1.377016678452491760e-02
1.382052246481180191e-02
1.380631793290376663e-02
1.380015164613723755e-02
1.377813518047332764e-02
1.372941490262746811e-02
1.366538647562265396e-02
1.353558152914047241e-02
1.342592015862464905e-02
1.329943817108869553e-02
1.317482907325029373e-02
1.307623926550149918e-02
1.303569599986076355e-02
1.304394938051700592e-02
1.305493153631687164e-02
1.302635576575994492e-02
1.299753133207559586e-02
1.307614240795373917e-02
1.316606812179088593e-02
1.326225977391004562e-02
1.352273393422365189e-02
1.371825393289327621e-02
1.392554026097059250e-02
1.404252462089061737e-02
1.414847373962402344e-02
1.431347709149122238e-02
1.442785933613777161e-02
1.443919911980628967e-02
1.441087573766708374e-02
1.432205270975828171e-02
1.414459943771362305e-02
1.396330725401639938e-02
1.383818034082651138e-02
1.366583630442619324e-02
1.355834119021892548e-02
1.349802408367395401e-02
1.349007897078990936e-02
1.359470374882221222e-02
1.387039292603731155e-02
1.403524912893772125e-02
1.421144325286149979e-02
1.427840813994407654e-02
1.437542680650949478e-02
1.445647887885570526e-02
1.439513918012380600e-02
1.425276324152946472e-02
1.404698844999074936e-02
1.382366381585597992e-02
1.358102913945913315e-02
1.334022358059883118e-02
1.308792084455490112e-02
1.295789610594511032e-02
1.299880538135766983e-02
1.302375458180904388e-02
1.309237908571958542e-02
1.318742893636226654e-02
1.329179015010595322e-02
1.314507331699132919e-02
1.304893195629119873e-02
1.297610066831111908e-02
1.296820957213640213e-02
1.298723835498094559e-02
1.304718852043151855e-02
1.309803314507007599e-02
1.307131815701723099e-02
1.303445920348167419e-02
1.301741972565650940e-02
1.299215853214263916e-02
1.290890295058488846e-02
1.283135451376438141e-02
1.270196773111820221e-02
1.258251350373029709e-02
1.246128510683774948e-02
1.231494545936584473e-02
1.208270341157913208e-02
1.190728321671485901e-02
1.177988201379776001e-02
1.167925633490085602e-02
1.148088090121746063e-02
1.121938973665237427e-02
1.099645439535379410e-02
1.085001975297927856e-02
1.075706537812948227e-02
1.066147256642580032e-02
1.090542785823345184e-02
1.117397844791412354e-02
1.154448650777339935e-02
1.197662856429815292e-02
1.224625855684280396e-02
1.248071435838937759e-02
1.257740333676338196e-02
1.269359514117240906e-02
1.268234662711620331e-02
1.253421884030103683e-02
1.224838104099035263e-02
1.194464694708585739e-02
1.162036601454019547e-02
1.129852607846260071e-02
1.100371964275836945e-02
1.078291703015565872e-02
1.070468220859766006e-02
1.074283849447965622e-02
1.079610083252191544e-02
1.096974220126867294e-02
1.114825718104839325e-02
1.128696464002132416e-02
1.142903510481119156e-02
1.153858099132776260e-02
1.161250472068786621e-02
1.157934591174125671e-02
1.144347898662090302e-02
1.124932151287794113e-02
1.106221508234739304e-02
1.072018593549728394e-02
1.047275774180889130e-02
1.020615641027688980e-02
1.009260769933462143e-02
1.009149476885795593e-02
1.015661098062992096e-02
1.026265788823366165e-02
1.044725347310304642e-02
1.068225596100091934e-02
1.096919644623994827e-02
1.128390710800886154e-02
1.152555085718631744e-02
1.166598964482545853e-02
1.156562101095914841e-02
1.138899847865104675e-02
1.114249788224697113e-02
1.092725433409214020e-02
1.074623223394155502e-02
1.058147754520177841e-02
1.043205428868532181e-02
1.042038667947053909e-02
1.044483575969934464e-02
1.052368059754371643e-02
1.065023522824048996e-02
1.087652426213026047e-02
1.104678399860858917e-02
1.109852455556392670e-02
1.112946029752492905e-02
1.111066155135631561e-02
1.102532353252172470e-02
1.103307493031024933e-02
1.094281300902366638e-02
1.091316156089305878e-02
1.090177427977323532e-02
1.096490211784839630e-02
1.106354780495166779e-02
1.123103220015764236e-02
1.147112809121608734e-02
1.167301647365093231e-02
1.183557882905006409e-02
1.189764775335788727e-02
1.189866196364164352e-02
1.160807162523269653e-02
1.131329685449600220e-02
1.113717723637819290e-02
1.111919526010751724e-02
1.120205596089363098e-02
1.129957847297191620e-02
1.139599923044443130e-02
1.147292461246252060e-02
1.159140933305025101e-02
1.188126765191555023e-02
1.211213972419500351e-02
1.222567074000835419e-02
1.235582958906888962e-02
1.232842169702053070e-02
1.216620765626430511e-02
1.199761684983968735e-02
1.180114597082138062e-02
1.170869730412960052e-02
1.159558724611997604e-02
1.152724213898181915e-02
1.149661280214786530e-02
1.138076093047857285e-02
1.131260860711336136e-02
1.133371051400899887e-02
1.128520909696817398e-02
1.133888959884643555e-02
1.147435791790485382e-02
1.160445995628833771e-02
1.167628448456525803e-02
1.171760167926549911e-02
1.171570923179388046e-02
1.163757685571908951e-02
1.150031201541423798e-02
1.136123202741146088e-02
1.121018826961517334e-02
1.107527222484350204e-02
1.089749298989772797e-02
1.081176009029150009e-02
1.082669850438833237e-02
1.083873677998781204e-02
1.090985350310802460e-02
1.102964300662279129e-02
1.111791841685771942e-02
1.118911243975162506e-02
1.120230089873075485e-02
1.114174164831638336e-02
1.109603513032197952e-02
1.101952232420444489e-02
1.094534248113632202e-02
1.087013352662324905e-02
1.077861245721578598e-02
1.073062326759099960e-02
1.076859701424837112e-02
1.090758293867111206e-02
1.101174857467412949e-02
1.105930190533399582e-02
1.105204597115516663e-02
1.103462465107440948e-02
1.098227314651012421e-02
1.086320355534553528e-02
1.072663441300392151e-02
1.063427049666643143e-02
1.050767116248607635e-02
1.043234858661890030e-02
1.043946482241153717e-02
1.059560012072324753e-02
1.078643742948770523e-02
1.100473012775182724e-02
1.123247481882572174e-02
1.138327922672033310e-02
1.142697501927614212e-02
1.143317483365535736e-02
1.139142923057079315e-02
1.124414335936307907e-02
1.117731630802154541e-02
1.105438265949487686e-02
1.094819512218236923e-02
1.080830954015254974e-02
1.065100915729999542e-02
1.058470830321311951e-02
1.052430458366870880e-02
1.056847441941499710e-02
1.069595944136381149e-02
1.088936626911163330e-02
1.104871928691864014e-02
1.121466234326362610e-02
1.131016854196786880e-02
1.132774818688631058e-02
1.130869518965482712e-02
1.116171944886445999e-02
1.098706014454364777e-02
1.073989085853099823e-02
1.052816119045019150e-02
1.037422288209199905e-02
1.028177980333566666e-02
1.025855168700218201e-02
1.023126114159822464e-02
9.979849681258201599e-03
9.842739440500736237e-03
9.782346896827220917e-03
9.754010476171970367e-03
9.750055149197578430e-03
9.789166972041130066e-03
9.819608181715011597e-03
9.868367575109004974e-03
9.911266155540943146e-03
9.932493790984153748e-03
1.003880612552165985e-02
1.016385015100240707e-02
1.023638434708118439e-02
1.029666140675544739e-02
1.047839689999818802e-02
1.059846114367246628e-02
1.061510108411312103e-02
1.080053299665451050e-02
1.084822043776512146e-02
1.079133525490760803e-02
1.057044137269258499e-02
1.029190327972173691e-02
1.003274880349636078e-02
9.764203801751136780e-03
9.515482001006603241e-03
9.381661191582679749e-03
9.376548230648040771e-03
9.441675618290901184e-03
9.543140418827533722e-03
9.705728851258754730e-03
9.910392574965953827e-03
1.013615075498819351e-02
1.026834174990653992e-02
1.034669112414121628e-02
1.035188604146242142e-02
1.029285509139299393e-02
1.026441343128681183e-02
1.017906796187162399e-02
1.009779516607522964e-02
1.003173086792230606e-02
1.001977920532226562e-02
1.003348920494318008e-02
1.004038844257593155e-02
1.019825693219900131e-02
1.019825693219900131e-02
1.030247751623392105e-02
1.035515964031219482e-02
1.037039794027805328e-02
1.037634629756212234e-02
1.036155130714178085e-02
1.029349211603403091e-02
1.015540864318609238e-02
1.002772711217403412e-02
9.800971485674381256e-03
9.657688438892364502e-03
9.545383974909782410e-03
9.539392776787281036e-03
9.534494020044803619e-03
9.541076608002185822e-03
9.578162804245948792e-03
9.604593738913536072e-03
9.681388735771179199e-03
9.769740514457225800e-03
9.840233251452445984e-03
9.894307702779769897e-03
1.002258434891700745e-02
1.007075048983097076e-02
1.010304130613803864e-02
1.009283494204282761e-02
1.003962289541959763e-02
1.001528557389974594e-02
9.957056492567062378e-03
9.935572743415832520e-03
9.898633696138858795e-03
9.822282008826732635e-03
9.714038111269474030e-03
9.608876891434192657e-03
9.608876891434192657e-03
9.608876891434192657e-03
9.608876891434192657e-03
9.608876891434192657e-03
9.608876891434192657e-03
9.608876891434192657e-03
9.608876891434192657e-03
9.571984410285949707e-03
9.510987438261508942e-03
9.510987438261508942e-03
9.574860334396362305e-03
9.569968096911907196e-03
9.535168297588825226e-03
9.530453942716121674e-03
9.551471099257469177e-03
9.568946436047554016e-03
9.529422968626022339e-03
9.484643116593360901e-03
9.456438012421131134e-03
9.359703399240970612e-03
9.150305762887001038e-03
8.931266143918037415e-03
8.720004931092262268e-03
8.629080839455127716e-03
8.623131550848484039e-03
8.716170676052570343e-03
8.898948319256305695e-03
9.236840531229972839e-03
9.657721035182476044e-03
1.012345310300588608e-02
1.052713859826326370e-02
1.089779939502477646e-02
1.117462292313575745e-02
1.138624362647533417e-02
1.160954125225543976e-02
1.175818964838981628e-02
1.186271291226148605e-02
1.192332990467548370e-02
1.181636936962604523e-02
1.163986884057521820e-02
1.136800739914178848e-02
1.107168756425380707e-02
1.083541195839643478e-02
1.069864816963672638e-02
1.064449548721313477e-02
1.064506266266107559e-02
1.069855690002441406e-02
1.073212269693613052e-02
1.080820709466934204e-02
1.085646450519561768e-02
1.097735203802585602e-02
1.115668099373579025e-02
1.128643658012151718e-02
1.141874585300683975e-02
1.152260228991508484e-02
1.163428556174039841e-02
1.166842877864837646e-02
1.159169338643550873e-02
1.146650686860084534e-02
1.130062062293291092e-02
1.110413856804370880e-02
1.098308525979518890e-02
1.080595050007104874e-02
1.073844730854034424e-02
1.081685721874237061e-02
1.092667412012815475e-02
1.106543559581041336e-02
1.119730435311794281e-02
1.131225097924470901e-02
1.141905039548873901e-02
1.149895321577787399e-02
1.182669308036565781e-02
1.210248656570911407e-02
1.227002963423728943e-02
1.242961082607507706e-02
1.254500821232795715e-02
1.256046257913112640e-02
1.253668311983346939e-02
1.244143117219209671e-02
1.229390501976013184e-02
1.211366243660449982e-02
1.195954810827970505e-02
1.177286542952060699e-02
1.163894776254892349e-02
1.152491103857755661e-02
1.139872800558805466e-02
1.132129598408937454e-02
1.122732367366552353e-02
1.114569883793592453e-02
1.100690849125385284e-02
1.086672581732273102e-02
1.078839506953954697e-02
1.073201745748519897e-02
1.068175677210092545e-02
1.066611520946025848e-02
1.072159502655267715e-02
1.083401311188936234e-02
1.105615776032209396e-02
1.132259890437126160e-02
1.158647332340478897e-02
1.187663897871971130e-02
1.206502970308065414e-02
1.211639679968357086e-02
1.217927038669586182e-02
1.214510109275579453e-02
1.203972380608320236e-02
1.185751613229513168e-02
1.168865337967872620e-02
1.150943990796804428e-02
1.133977621793746948e-02
1.119143608957529068e-02
1.105902437120676041e-02
1.096768677234649658e-02
1.086032390594482422e-02
1.079182233661413193e-02
1.076312828809022903e-02
1.078165415674448013e-02
1.086757332086563110e-02
1.095443870872259140e-02
1.104847807437181473e-02
1.120077073574066162e-02
1.136807911098003387e-02
1.156781055033206940e-02
1.171363983303308487e-02
1.181022636592388153e-02
1.187736634165048599e-02
1.188178919255733490e-02
1.182754617184400558e-02
1.170200947672128677e-02
1.156341098248958588e-02
1.143660396337509155e-02
1.130313612520694733e-02
1.115727983415126801e-02
1.104956492781639099e-02
1.098303217440843582e-02
1.094136293977499008e-02
1.100426912307739258e-02
1.109683327376842499e-02
1.115788985043764114e-02
1.121455524116754532e-02
1.124114822596311569e-02
1.126370020210742950e-02
1.126304548233747482e-02
1.129121519625186920e-02
1.131317578256130219e-02
1.135330554097890854e-02
1.133554428815841675e-02
1.121525000780820847e-02
1.108966581523418427e-02
1.094759255647659302e-02
1.081726513803005219e-02
1.070336438715457916e-02
1.066569052636623383e-02
1.073429081588983536e-02
1.071086805313825607e-02
1.071527507156133652e-02
1.087922789156436920e-02
1.101285871118307114e-02
1.108857057988643646e-02
1.109514851123094559e-02
1.104739122092723846e-02
1.104305963963270187e-02
1.095712929964065552e-02
1.083688437938690186e-02
1.062208786606788635e-02
1.042042020708322525e-02
1.021942403167486191e-02
1.008678600192070007e-02
1.002371404320001602e-02
1.003186404705047607e-02
1.002817880362272263e-02
1.005929615348577499e-02
1.011817622929811478e-02
1.028741989284753799e-02
1.045054476708173752e-02
1.063094194978475571e-02
1.079622842371463776e-02
1.091482024639844894e-02
1.099005248397588730e-02
1.097860932350158691e-02
1.096369419246912003e-02
1.075619831681251526e-02
1.048366259783506393e-02
1.025559008121490479e-02
1.005708891898393631e-02
9.947794489562511444e-03
9.887119755148887634e-03
9.881176985800266266e-03
9.626389481127262115e-03
9.461554698646068573e-03
9.386831894516944885e-03
9.335884824395179749e-03
9.376745671033859253e-03
9.501649066805839539e-03
9.670516476035118103e-03
9.863829240202903748e-03
1.004450488835573196e-02
1.024752017110586166e-02
1.038368046283721924e-02
1.046318002045154572e-02
1.049096323549747467e-02
1.046008430421352386e-02
1.039507146924734116e-02
1.033077482134103775e-02
1.022799219936132431e-02
1.012319792062044144e-02
1.010749489068984985e-02
1.004696916788816452e-02
9.970119222998619080e-03
9.853850118815898895e-03
1.026765629649162292e-02
1.061492413282394409e-02
1.089140586555004120e-02
1.106869988143444061e-02
1.115818135440349579e-02
1.117427833378314972e-02
1.114487648010253906e-02
1.114487648010253906e-02
1.114487648010253906e-02
1.099483948200941086e-02
1.081721577793359756e-02
1.057670637965202332e-02
1.043624989688396454e-02
1.027064118534326553e-02
1.009114086627960205e-02
9.888160973787307739e-03
9.728772565722465515e-03
9.654039517045021057e-03
9.577563963830471039e-03
9.452970698475837708e-03
9.386966004967689514e-03
9.390334598720073700e-03
9.406904689967632294e-03
9.495262987911701202e-03
9.604305028915405273e-03
9.725012816488742828e-03
9.725012816488742828e-03
9.725012816488742828e-03
9.725012816488742828e-03
9.840441867709159851e-03
9.936938993632793427e-03
1.003754045814275742e-02
1.014956552535295486e-02
1.023986283689737320e-02
1.029830705374479294e-02
1.034107152372598648e-02
1.036774646490812302e-02
1.035701017826795578e-02
1.033828780055046082e-02
1.027891412377357483e-02
1.020701508969068527e-02
1.011064928025007248e-02
1.000131946057081223e-02
9.868098422884941101e-03
9.349822998046875000e-03
8.937775157392024994e-03
8.627467788755893707e-03
8.368535898625850677e-03
8.194262161850929260e-03
8.067135699093341827e-03
7.989995181560516357e-03
7.919081486761569977e-03
7.888447493314743042e-03
7.857475429773330688e-03
7.861345075070858002e-03
7.879367098212242126e-03
7.934418506920337677e-03
8.005328476428985596e-03
8.074385114014148712e-03
8.118916302919387817e-03
8.223462849855422974e-03
8.331636898219585419e-03
8.459220640361309052e-03
8.675936609506607056e-03
8.897118270397186279e-03
9.102646261453628540e-03
9.273465722799301147e-03
9.413380175828933716e-03
9.493967518210411072e-03
9.541469626128673553e-03
9.519251063466072083e-03
9.456692263484001160e-03
9.359597228467464447e-03
9.236240759491920471e-03
9.111373685300350189e-03
8.975059725344181061e-03
8.845600299537181854e-03
8.735352195799350739e-03
8.634272031486034393e-03
8.591320365667343140e-03
8.569792844355106354e-03
8.586963638663291931e-03
8.622907102108001709e-03
8.700625039637088776e-03
8.780657313764095306e-03
8.914828300476074219e-03
9.045480750501155853e-03
9.178040549159049988e-03
9.256557561457157135e-03
9.296370670199394226e-03
9.429419413208961487e-03
9.518171660602092743e-03
9.523428045213222504e-03
9.444865398108959198e-03
9.327319450676441193e-03
9.153873659670352936e-03
8.966500870883464813e-03
8.789942599833011627e-03
8.598114363849163055e-03
8.476089686155319214e-03
8.421062491834163666e-03
8.403963409364223480e-03
8.425247855484485626e-03
8.472031913697719574e-03
8.514571934938430786e-03
8.532358333468437195e-03
8.546551689505577087e-03
8.569072932004928589e-03
8.593717589974403381e-03
8.592263795435428619e-03
8.648781105875968933e-03
8.695370517671108246e-03
8.689078502357006073e-03
8.648421615362167358e-03
8.597228676080703735e-03
8.269493468105792999e-03
8.042829111218452454e-03
7.914220914244651794e-03
7.829032838344573975e-03
7.823987863957881927e-03
7.836319506168365479e-03
7.842267863452434540e-03
7.815490476787090302e-03
7.767351344227790833e-03
7.704023737460374832e-03
7.620300166308879852e-03
7.548099849373102188e-03
7.456873077899217606e-03
7.393224630504846573e-03
7.308220025151968002e-03
7.206078153103590012e-03
7.120200432837009430e-03
7.009278051555156708e-03
6.912879645824432373e-03
6.856107618659734726e-03
6.809622514992952347e-03
6.765929516404867172e-03
6.738893687725067139e-03
6.745467893779277802e-03
6.788850761950016022e-03
6.866044830530881882e-03
6.946795154362916946e-03
7.023158017545938492e-03
7.103467360138893127e-03
7.168838288635015488e-03
7.229451555758714676e-03
7.278867997229099274e-03
7.323371246457099915e-03
7.378752343356609344e-03
7.438687141984701157e-03
7.500858046114444733e-03
7.561922539025545120e-03
7.611429784446954727e-03
7.662767078727483749e-03
7.609050720930099487e-03
7.549663539975881577e-03
7.488920819014310837e-03
7.393775042146444321e-03
7.292054127901792526e-03
7.181823719292879105e-03
7.097055669873952866e-03
7.019597571343183517e-03
6.962545681744813919e-03
6.920901127159595490e-03
6.911706645041704178e-03
6.924270652234554291e-03
6.911984644830226898e-03
6.893916521221399307e-03
6.859489716589450836e-03
6.816343870013952255e-03
6.780996918678283691e-03
6.743473466485738754e-03
6.706063635647296906e-03
6.655757781118154526e-03
6.611285265535116196e-03
6.583126727491617203e-03
6.578568834811449051e-03
6.552929524332284927e-03
6.552693434059619904e-03
6.571741309016942978e-03
6.563681643456220627e-03
6.559766363352537155e-03
6.584750954061746597e-03
6.586919538676738739e-03
6.618783809244632721e-03
6.643629632890224457e-03
6.685909815132617950e-03
6.723282393068075180e-03
6.763396784663200378e-03
6.798392161726951599e-03
6.825334858149290085e-03
6.833225023001432419e-03
6.834522355347871780e-03
6.840843241661787033e-03
6.859542336314916611e-03
6.818517111241817474e-03
6.776585709303617477e-03
6.698155775666236877e-03
6.602629087865352631e-03
6.506670266389846802e-03
6.423644255846738815e-03
6.351609714329242706e-03
6.315505132079124451e-03
6.312437355518341064e-03
6.289056967943906784e-03
6.223972421139478683e-03
6.185533478856086731e-03
6.184202153235673904e-03
6.186543032526969910e-03
6.193513050675392151e-03
6.179227028042078018e-03
6.190062966197729111e-03
6.184476893395185471e-03
6.181596312671899796e-03
6.183838471770286560e-03
6.197591312229633331e-03
6.237733643501996994e-03
6.244320888072252274e-03
6.229182705283164978e-03
6.182108540087938309e-03
6.150084082037210464e-03
6.137216929346323013e-03
6.123527418822050095e-03
6.117673590779304504e-03
6.107796914875507355e-03
6.083334330469369888e-03
6.048885639756917953e-03
6.029220763593912125e-03
5.996173713356256485e-03
5.943864118307828903e-03
5.913001950830221176e-03
5.908682011067867279e-03
5.879529286175966263e-03
5.862551741302013397e-03
5.862551741302013397e-03
5.862551741302013397e-03
5.854634102433919907e-03
5.852724425494670868e-03
5.887115839868783951e-03
5.914221517741680145e-03
5.946152843534946442e-03
5.990977864712476730e-03
6.038201041519641876e-03
6.067429203540086746e-03
6.087813526391983032e-03
6.144758313894271851e-03
6.259955465793609619e-03
6.345864851027727127e-03
6.347362883388996124e-03
6.327230483293533325e-03
6.327744573354721069e-03
6.347981747239828110e-03
6.371467839926481247e-03
6.381283514201641083e-03
6.377138663083314896e-03
6.391766481101512909e-03
6.452125497162342072e-03
6.511163432151079178e-03
6.604723632335662842e-03
6.711385212838649750e-03
6.791006773710250854e-03
6.837456021457910538e-03
6.875615566968917847e-03
6.928813643753528595e-03
6.974304560571908951e-03
7.033638656139373779e-03
7.064745761454105377e-03
7.092132698744535446e-03
7.093249820172786713e-03
7.108720019459724426e-03
7.116172928363084793e-03
7.127885241061449051e-03
7.147522643208503723e-03
7.177534513175487518e-03
7.227646186947822571e-03
7.264826912432909012e-03
7.322550751268863678e-03
7.390042766928672791e-03
7.449409458786249161e-03
7.496858481317758560e-03
7.555704098194837570e-03
7.603960111737251282e-03
7.636129856109619141e-03
7.650911808013916016e-03
7.671282161027193069e-03
7.769856601953506470e-03
7.862290367484092712e-03
7.949916645884513855e-03
8.012812584638595581e-03
8.068533614277839661e-03
8.108113892376422882e-03
8.100396953523159027e-03
8.079942315816879272e-03
8.044768124818801880e-03
7.997377775609493256e-03
7.940626703202724457e-03
7.907195948064327240e-03
7.875672541558742523e-03
7.854667492210865021e-03
7.888814434409141541e-03
7.908728905022144318e-03
7.965862751007080078e-03
7.962106727063655853e-03
7.991891354322433472e-03
8.051096461713314056e-03
8.132912218570709229e-03
8.204407058656215668e-03
8.269573561847209930e-03
8.350502699613571167e-03
8.397255092859268188e-03
8.426796644926071167e-03
8.422459475696086884e-03
8.395593613386154175e-03
8.333818055689334869e-03
8.291924372315406799e-03
8.271439932286739349e-03
8.259183727204799652e-03
8.515507914125919342e-03
8.722944185137748718e-03
8.916638791561126709e-03
9.068336337804794312e-03
9.178500622510910034e-03
9.212761186063289642e-03
9.191650897264480591e-03
9.118911810219287872e-03
9.004481136798858643e-03
8.860334753990173340e-03
8.708497509360313416e-03
8.567561395466327667e-03
8.437152951955795288e-03
8.309052325785160065e-03
8.238194510340690613e-03
8.211901411414146423e-03
8.198767900466918945e-03
8.200167678296566010e-03
8.274554274976253510e-03
8.342765271663665771e-03
8.423606865108013153e-03
8.522285148501396179e-03
8.647809736430644989e-03
8.773070760071277618e-03
8.855513297021389008e-03
8.902487345039844513e-03
8.891532197594642639e-03
8.850342594087123871e-03
8.791773580014705658e-03
8.714301511645317078e-03
8.618674241006374359e-03
8.532109670341014862e-03
8.452236652374267578e-03
8.382183499634265900e-03
8.369865827262401581e-03
8.386599831283092499e-03
8.447502739727497101e-03
8.524425327777862549e-03
8.600329048931598663e-03
8.682908490300178528e-03
8.727489970624446869e-03
8.738457225263118744e-03
8.743052370846271515e-03
8.755403570830821991e-03
8.782309480011463165e-03
8.800147101283073425e-03
8.780065923929214478e-03
8.711290545761585236e-03
8.636909537017345428e-03
8.543654344975948334e-03
8.509933017194271088e-03
8.457930758595466614e-03
8.446675725281238556e-03
8.450792171061038971e-03
8.445763960480690002e-03
8.436829783022403717e-03
8.434290997684001923e-03
8.429108187556266785e-03
8.382257074117660522e-03
8.349713869392871857e-03
8.326539769768714905e-03
8.301702328026294708e-03
8.283362723886966705e-03
8.257510140538215637e-03
8.255952969193458557e-03
8.254727348685264587e-03
8.241591043770313263e-03
8.214247412979602814e-03
8.188194595277309418e-03
8.169983513653278351e-03
8.181094191968441010e-03
8.184608072042465210e-03
8.198115043342113495e-03
8.154187351465225220e-03
8.151392452418804169e-03
8.161870762705802917e-03
8.164535276591777802e-03
8.181801065802574158e-03
8.181219920516014099e-03
8.180909790098667145e-03
8.170816116034984589e-03
8.183608762919902802e-03
8.202882483601570129e-03
8.214287459850311279e-03
8.231246843934059143e-03
8.257505483925342560e-03
8.274030871689319611e-03
8.303693495690822601e-03
8.327320218086242676e-03
8.334087207913398743e-03
8.348532021045684814e-03
8.355863392353057861e-03
8.317983709275722504e-03
8.272330276668071747e-03
8.229078724980354309e-03
8.219231851398944855e-03
8.225095458328723907e-03
8.205195888876914978e-03
8.189900778234004974e-03
8.193928748369216919e-03
8.204574696719646454e-03
8.210618048906326294e-03
8.211866021156311035e-03
8.204972371459007263e-03
8.207930251955986023e-03
8.213803172111511230e-03
8.235881105065345764e-03
8.252766914665699005e-03
8.316417224705219269e-03
8.343046531081199646e-03
8.348384872078895569e-03
8.400830440223217010e-03
8.448058739304542542e-03
8.499456569552421570e-03
8.539281785488128662e-03
8.570728823542594910e-03
8.579142391681671143e-03
8.592544123530387878e-03
8.592239581048488617e-03
8.578992448747158051e-03
8.584164083003997803e-03
8.565742522478103638e-03
8.544532582163810730e-03
8.505570702254772186e-03
8.481455035507678986e-03
8.468345738947391510e-03
8.447051979601383209e-03
8.446666412055492401e-03
8.452213369309902191e-03
8.452331647276878357e-03
8.424186147749423981e-03
8.382452651858329773e-03
8.364508859813213348e-03
8.339703083038330078e-03
8.334252052009105682e-03
8.329289034008979797e-03
8.347894065082073212e-03
8.392362855374813080e-03
8.305484429001808167e-03
8.218119852244853973e-03
8.159571327269077301e-03
8.090740069746971130e-03
8.046062663197517395e-03
8.012488484382629395e-03
8.037823252379894257e-03
8.061611093580722809e-03
8.108508773148059845e-03
8.152234368026256561e-03
8.187819272279739380e-03
8.233662694692611694e-03
8.314000442624092102e-03
8.435864932835102081e-03
8.559535257518291473e-03
8.661107160151004791e-03
8.737890049815177917e-03
8.743358775973320007e-03
8.733014576137065887e-03
8.705026470124721527e-03
8.646986447274684906e-03
8.566330187022686005e-03
8.477775380015373230e-03
8.389069698750972748e-03
8.314333856105804443e-03
8.332315832376480103e-03
8.366545662283897400e-03
8.429858833551406860e-03
8.499202318489551544e-03
8.558663539588451385e-03
8.629538118839263916e-03
8.616359904408454895e-03
8.581335656344890594e-03
8.576660417020320892e-03
8.583222515881061554e-03
8.613733574748039246e-03
8.643008768558502197e-03
8.670902810990810394e-03
8.696589618921279907e-03
8.698030374944210052e-03
8.699046447873115540e-03
8.594026789069175720e-03
8.537393994629383087e-03
8.503672666847705841e-03
8.461738936603069305e-03
8.261488750576972961e-03
8.043390698730945587e-03
7.841054350137710571e-03
7.663675583899021149e-03
7.493514567613601685e-03
7.376320660114288330e-03
7.286709267646074295e-03
7.253371644765138626e-03
7.247840054333209991e-03
7.260411512106657028e-03
7.295417133718729019e-03
7.347451522946357727e-03
7.446036674082279205e-03
7.577478419989347458e-03
7.711300160735845566e-03
7.843053899705410004e-03
7.971077226102352142e-03
8.104427717626094818e-03
8.251179009675979614e-03
8.367572911083698273e-03
8.456447161734104156e-03
8.498335257172584534e-03
8.510801009833812714e-03
8.501936681568622589e-03
8.498388342559337616e-03
8.483425714075565338e-03
8.440396748483181000e-03
8.348247036337852478e-03
8.271927013993263245e-03
7.680029142647981644e-03
7.271717302501201630e-03
6.979064084589481354e-03
6.768792867660522461e-03
6.672102492302656174e-03
6.600744090974330902e-03
6.536506582051515579e-03
6.478596944361925125e-03
6.431751418858766556e-03
6.385315675288438797e-03
6.346903275698423386e-03
6.295773666352033615e-03
6.254463456571102142e-03
6.214060820639133453e-03
6.181811448186635971e-03
6.151182577013969421e-03
6.143826059997081757e-03
6.146966945379972458e-03
6.153991911560297012e-03
6.156974006444215775e-03
6.166466046124696732e-03
6.183732766658067703e-03
6.211778614670038223e-03
6.240200717002153397e-03
6.259335670620203018e-03
6.266045849770307541e-03
6.271597463637590408e-03
6.297060754150152206e-03
6.323786918073892593e-03
6.343969609588384628e-03
6.366067100316286087e-03
6.382445804774761200e-03
6.398929283022880554e-03
6.418746430426836014e-03
6.445717066526412964e-03
6.459091790020465851e-03
6.459912285208702087e-03
6.465517915785312653e-03
6.470860913395881653e-03
6.475046742707490921e-03
6.475046742707490921e-03
6.451312918215990067e-03
6.433184724301099777e-03
6.417769473046064377e-03
6.395431701093912125e-03
6.372989621013402939e-03
6.337026134133338928e-03
6.314989645034074783e-03
6.307969335466623306e-03
6.006806157529354095e-03
5.741973407566547394e-03
5.511162802577018738e-03
5.294171161949634552e-03
5.105549003928899765e-03
4.950311034917831421e-03
4.832572303712368011e-03
4.737492185086011887e-03
4.660087171941995621e-03
4.608244169503450394e-03
4.569479264318943024e-03
4.548721481114625931e-03
4.543251357972621918e-03
4.553334787487983704e-03
4.567719530314207077e-03
4.585771355777978897e-03
4.622284788638353348e-03
4.655480850487947464e-03
4.699080251157283783e-03
4.758129362016916275e-03
4.829690326005220413e-03
4.911730997264385223e-03
4.988509695976972580e-03
5.047689191997051239e-03
5.099329631775617599e-03
5.150640849024057388e-03
5.202667322009801865e-03
5.249536130577325821e-03
5.296926945447921753e-03
5.351324565708637238e-03
5.396047141402959824e-03
5.432118661701679230e-03
5.428653210401535034e-03
5.423713475465774536e-03
5.412904545664787292e-03
5.385393276810646057e-03
5.369095597416162491e-03
5.353794898837804794e-03
5.341003648936748505e-03
5.330078303813934326e-03
5.309405270963907242e-03
5.302222911268472672e-03
5.301251541823148727e-03
5.304074846208095551e-03
5.303206853568553925e-03
5.306059494614601135e-03
5.305193830281496048e-03
5.296433344483375549e-03
5.288428161293268204e-03
5.282274913042783737e-03
5.268645938485860825e-03
5.258575081825256348e-03
5.268322769552469254e-03
5.352205596864223480e-03
5.399971269071102142e-03
5.457620136439800262e-03
5.498657934367656708e-03
5.535206291824579239e-03
5.561727564781904221e-03
5.584304686635732651e-03
5.617999471724033356e-03
5.648490041494369507e-03
5.676365923136472702e-03
5.675855558365583420e-03
5.668549798429012299e-03
5.670025479048490524e-03
5.672680214047431946e-03
5.665352568030357361e-03
5.656555294990539551e-03
5.655623506754636765e-03
5.656315013766288757e-03
5.656948313117027283e-03
5.663220304995775223e-03
5.668408703058958054e-03
5.683918017894029617e-03
5.698411259800195694e-03
5.727814976125955582e-03
5.749686155468225479e-03
5.768928211182355881e-03
5.779515951871871948e-03
5.790910683572292328e-03
5.799532402306795120e-03
5.804615560919046402e-03
5.802424624562263489e-03
5.797148682177066803e-03
5.782898515462875366e-03
5.760790314525365829e-03
5.725354887545108795e-03
5.686633288860321045e-03
5.650952924042940140e-03
5.637794267386198044e-03
5.631169304251670837e-03
5.621124524623155594e-03
5.607950966805219650e-03
5.601340439170598984e-03
5.581532139331102371e-03
5.560327786952257156e-03
5.545693915337324142e-03
5.538170225918292999e-03
5.532538983970880508e-03
5.520697217434644699e-03
5.510156042873859406e-03
5.504727829247713089e-03
5.489297676831483841e-03
5.466103553771972656e-03
5.410386715084314346e-03
5.369869526475667953e-03
5.326799582690000534e-03
5.288280081003904343e-03
5.246288143098354340e-03
5.211003590375185013e-03
5.174932535737752914e-03
5.139682907611131668e-03
5.111942067742347717e-03
5.095534957945346832e-03
5.083015654236078262e-03
5.094126798212528229e-03
5.116470623761415482e-03
5.147004500031471252e-03
5.180747248232364655e-03
5.211407318711280823e-03
5.241752136498689651e-03
5.271886475384235382e-03
5.301016848534345627e-03
5.326330196112394333e-03
5.350994877517223358e-03
5.372420419007539749e-03
5.405860487371683121e-03
5.426913499832153320e-03
5.443269386887550354e-03
5.467299837619066238e-03
5.497856996953487396e-03
5.518654361367225647e-03
5.528304260224103928e-03
5.532996263355016708e-03
5.530172958970069885e-03
5.520280450582504272e-03
5.513534881174564362e-03
5.626995116472244263e-03
5.725008901208639145e-03
5.810061935335397720e-03
5.882417783141136169e-03
5.933649372309446335e-03
5.961742717772722244e-03
5.977662745863199234e-03
5.961535032838582993e-03
5.943418946117162704e-03
5.909560713917016983e-03
5.874132271856069565e-03
5.829368252307176590e-03
5.780981853604316711e-03
5.724558606743812561e-03
5.669353995472192764e-03
5.612534005194902420e-03
5.570864304900169373e-03
5.520413164049386978e-03
5.472113844007253647e-03
5.432209931313991547e-03
5.389395169913768768e-03
5.350521299988031387e-03
5.310965236276388168e-03
5.296153016388416290e-03
5.282501690089702606e-03
5.276114679872989655e-03
5.270306020975112915e-03
5.265350919216871262e-03
5.261270795017480850e-03
5.254809744656085968e-03
5.250454414635896683e-03
5.250795744359493256e-03
5.231892224401235580e-03
5.215838551521301270e-03
5.210745148360729218e-03
5.201897583901882172e-03
5.169817246496677399e-03
5.139493383467197418e-03
5.111885722726583481e-03
5.108895711600780487e-03
5.103875882923603058e-03
5.111829377710819244e-03
5.117579363286495209e-03
5.110833793878555298e-03
5.106296390295028687e-03
5.115524865686893463e-03
5.120655987411737442e-03
5.123831331729888916e-03
5.123058799654245377e-03
5.124794319272041321e-03
5.124905612319707870e-03
5.129139404743909836e-03
5.128360353410243988e-03
5.126349162310361862e-03
5.120201501995325089e-03
5.111651495099067688e-03
5.105509888380765915e-03
5.087658297270536423e-03
5.070406012237071991e-03
5.049808882176876068e-03
5.026633851230144501e-03
5.010117776691913605e-03
4.994248971343040466e-03
4.885864444077014923e-03
4.798246081918478012e-03
4.721549339592456818e-03
4.655922297388315201e-03
4.618030972778797150e-03
4.581560846418142319e-03
4.556532949209213257e-03
4.527440760284662247e-03
4.500312265008687973e-03
4.475324414670467377e-03
4.467346705496311188e-03
4.464743193238973618e-03
4.465556237846612930e-03
4.472469445317983627e-03
4.479322582483291626e-03
4.503935575485229492e-03
4.528643563389778137e-03
4.556259140372276306e-03
4.582494962960481644e-03
4.621973261237144470e-03
4.655430559068918228e-03
4.678547848016023636e-03
4.699273966252803802e-03
4.720243159681558609e-03
4.741219338029623032e-03
4.756657872349023819e-03
4.771766718477010727e-03
4.778575617820024490e-03
4.783660639077425003e-03
4.775513429194688797e-03
4.767903592437505722e-03
4.762624856084585190e-03
4.759349860250949860e-03
4.746647551655769348e-03
4.734882153570652008e-03
4.724837373942136765e-03
4.718692507594823837e-03
4.717545583844184875e-03
4.724359605461359024e-03
4.737216047942638397e-03
4.750589374452829361e-03
4.761845339089632034e-03
4.758857656270265579e-03
4.745850805193185806e-03
4.733448382467031479e-03
4.725638777017593384e-03
4.728454165160655975e-03
4.728569183498620987e-03
4.708094056695699692e-03
4.693975206464529037e-03
4.652685020118951797e-03
4.623546730726957321e-03
4.594100173562765121e-03
4.569839686155319214e-03
4.549325443804264069e-03
4.544916562736034393e-03
4.536482505500316620e-03
4.529958590865135193e-03
4.522461444139480591e-03
4.520779475569725037e-03
4.522238858044147491e-03
4.524948075413703918e-03
4.528834018856287003e-03
4.523163195699453354e-03
4.507508594542741776e-03
4.502175841480493546e-03
4.495171830058097839e-03
4.506981000304222107e-03
4.511961713433265686e-03
4.509365186095237732e-03
4.502594470977783203e-03
4.482911434024572372e-03
4.472167231142520905e-03
4.460269119590520859e-03
4.441705066710710526e-03
4.419412929564714432e-03
4.398117773234844208e-03
4.377389792352914810e-03
4.345082212239503860e-03
4.324628505855798721e-03
4.307835362851619720e-03
4.295286722481250763e-03
4.297587554901838303e-03
4.299938678741455078e-03
4.301893990486860275e-03
4.295600112527608871e-03
4.275225102901458740e-03
4.257649183273315430e-03
4.245231393724679947e-03
4.242015071213245392e-03
4.242275841534137726e-03
4.250508733093738556e-03
4.255319945514202118e-03
4.244681913405656815e-03
4.238005261868238449e-03
4.217212554067373276e-03
4.192173015326261520e-03
4.167314153164625168e-03
4.128635860979557037e-03
4.093823023140430450e-03
4.069749731570482254e-03
4.059602506458759308e-03
4.059184342622756958e-03
4.057810176163911819e-03
4.068077541887760162e-03
4.084960091859102249e-03
4.094328265637159348e-03
4.098577424883842468e-03
4.105599597096443176e-03
4.107909277081489563e-03
4.110109526664018631e-03
4.109759815037250519e-03
4.113631322979927063e-03
4.113062284886837006e-03
4.114301409572362900e-03
4.120338242501020432e-03
4.124881234019994736e-03
4.140153992921113968e-03
4.146215971559286118e-03
4.149709828197956085e-03
4.157625138759613037e-03
4.176792688667774200e-03
4.189843777567148209e-03
4.200767725706100464e-03
4.210594110190868378e-03
4.236709792166948318e-03
4.256590735167264938e-03
4.267355892807245255e-03
4.280772060155868530e-03
4.285772796720266342e-03
4.288271535187959671e-03
4.293875768780708313e-03
4.297789651900529861e-03
4.302958026528358459e-03
4.304682370275259018e-03
4.304700996726751328e-03
4.305075854063034058e-03
4.302810411900281906e-03
4.291439894586801529e-03
4.275306127965450287e-03
4.265812225639820099e-03
4.255747888237237930e-03
4.283855203539133072e-03
4.317329265177249908e-03
4.338291008025407791e-03
4.349469207227230072e-03
4.346972797065973282e-03
4.350924864411354065e-03
4.352753050625324249e-03
4.359325859695672989e-03
4.373800475150346756e-03
4.388225730508565903e-03
4.397699609398841858e-03
4.401530604809522629e-03
4.428735934197902679e-03
4.447275307029485703e-03
4.458423238247632980e-03
4.459213465452194214e-03
4.562884103506803513e-03
4.662282299250364304e-03
4.753865301609039307e-03
4.836275707930326462e-03
4.901211243122816086e-03
4.946410655975341797e-03
4.976710304617881775e-03
4.991128109395503998e-03
4.993073176592588425e-03
4.989304579794406891e-03
4.979168996214866638e-03
4.932959098368883133e-03
4.883334506303071976e-03
4.838767927139997482e-03
4.792696330696344376e-03
4.746044520288705826e-03
4.701366648077964783e-03
4.654550459235906601e-03
4.600807558745145798e-03
4.537777043879032135e-03
4.486144054681062698e-03
4.439523443579673767e-03
4.395283292979001999e-03
4.343571607023477554e-03
4.288370721042156219e-03
4.244552459567785263e-03
4.213701002299785614e-03
4.191597457975149155e-03
4.169196821749210358e-03
4.144405946135520935e-03
4.112934693694114685e-03
4.087409004569053650e-03
4.071714356541633606e-03
4.061896819621324539e-03
4.062082618474960327e-03
4.062348976731300354e-03
4.053612705320119858e-03
4.075412172824144363e-03
4.095111973583698273e-03
4.122727084904909134e-03
4.148567095398902893e-03
4.175637848675251007e-03
4.211231600493192673e-03
4.242647904902696609e-03
4.272416234016418457e-03
4.297850653529167175e-03
4.310917109251022339e-03
4.316546022891998291e-03
4.312980454415082932e-03
4.302524495869874954e-03
4.295363090932369232e-03
4.284892231225967407e-03
4.278101492673158646e-03
4.266252741217613220e-03
4.265819676220417023e-03
4.265865776687860489e-03
4.256019834429025650e-03
4.246849101036787033e-03
4.263074137270450592e-03
4.279485438019037247e-03
4.301560111343860626e-03
4.320855718106031418e-03
4.330574069172143936e-03
4.328764975070953369e-03
4.322057589888572693e-03
4.316274076700210571e-03
4.311671946197748184e-03
4.308936651796102524e-03
4.306123591959476471e-03
4.304269794374704361e-03
4.290095530450344086e-03
4.279524553567171097e-03
4.266457166522741318e-03
4.245266318321228027e-03
4.224931355565786362e-03
4.204319790005683899e-03
4.183934070169925690e-03
4.158654250204563141e-03
4.131177440285682678e-03
4.114640410989522934e-03
4.109808243811130524e-03
4.112595692276954651e-03
4.111562855541706085e-03
4.121571779251098633e-03
4.131226800382137299e-03
4.146786406636238098e-03
4.159411881119012833e-03
4.169337451457977295e-03
4.178229253739118576e-03
4.191145300865173340e-03
4.201547242701053619e-03
4.213682841509580612e-03
4.213561303913593292e-03
4.208963830024003983e-03
4.201600793749094009e-03
4.196904599666595459e-03
4.185983911156654358e-03
4.173713736236095428e-03
4.184425342828035355e-03
4.194090608507394791e-03
4.216218367218971252e-03
4.245012067258358002e-03
4.277347121387720108e-03
4.313494544476270676e-03
4.348021931946277618e-03
4.377177916467189789e-03
4.394963849335908890e-03
4.415227565914392471e-03
4.431796260178089142e-03
4.446529783308506012e-03
4.460122901946306229e-03
4.462097305804491043e-03
4.456665832549333572e-03
4.445740487426519394e-03
4.428224172443151474e-03
4.411024041473865509e-03
4.386375192552804947e-03
4.368463996797800064e-03
4.352577030658721924e-03
4.353559575974941254e-03
4.349475260823965073e-03
4.342897795140743256e-03
4.332586657255887985e-03
4.320641979575157166e-03
4.306261427700519562e-03
4.292245954275131226e-03
4.285014700144529343e-03
4.271451383829116821e-03
4.264324437826871872e-03
4.259602632373571396e-03
4.259350243955850601e-03
4.254191648215055466e-03
4.248608835041522980e-03
4.246104042977094650e-03
4.238402470946311951e-03
4.228970501571893692e-03
4.222583025693893433e-03
4.223667085170745850e-03
4.217133857309818268e-03
4.205600824207067490e-03
4.197103902697563171e-03
4.189455416053533554e-03
4.180538468062877655e-03
4.177914466708898544e-03
4.176802933216094971e-03
4.177067428827285767e-03
4.179960116744041443e-03
4.178919829428195953e-03
4.188184160739183426e-03
4.199942108243703842e-03
4.205031320452690125e-03
4.209431819617748260e-03
4.206797108054161072e-03
4.205922596156597137e-03
4.202111158519983292e-03
4.202711395919322968e-03
4.210085142403841019e-03
4.219065420329570770e-03
4.224085714668035507e-03
4.227980971336364746e-03
4.231721628457307816e-03
4.232661332935094833e-03
4.230802878737449646e-03
4.225156269967556000e-03
4.220455419272184372e-03
4.220109898597002029e-03
4.219998605549335480e-03
4.219574853777885437e-03
4.213753622025251389e-03
4.205072298645973206e-03
4.197872709482908249e-03
4.199023358523845673e-03
4.199826624244451523e-03
4.196741152554750443e-03
4.192165099084377289e-03
4.181382246315479279e-03
4.167768638581037521e-03
4.160976968705654144e-03
4.159819800406694412e-03
4.167177248746156693e-03
4.175543319433927536e-03
4.188155289739370346e-03
4.203922115266323090e-03
4.223966505378484726e-03
4.245006479322910309e-03
4.261498805135488510e-03
4.291712772101163864e-03
4.319081548601388931e-03
4.334437195211648941e-03
4.347546491771936417e-03
4.357160534709692001e-03
4.369257483631372452e-03
4.368381574749946594e-03
4.370855633169412613e-03
4.379329271614551544e-03
4.386354237794876099e-03
4.385949578136205673e-03
4.389058798551559448e-03
4.371010232716798782e-03
4.362892825156450272e-03
4.351973067969083786e-03
4.335982259362936020e-03
4.324476700276136398e-03
4.310930613428354263e-03
4.295469261705875397e-03
4.286990035325288773e-03
4.284949973225593567e-03
4.279423505067825317e-03
4.269830416887998581e-03
4.267368000000715256e-03
4.261133726686239243e-03
4.249702673405408859e-03
4.237433895468711853e-03
4.226692952215671539e-03
4.211122635751962662e-03
4.187895916402339935e-03
4.167438484728336334e-03
4.155088681727647781e-03
4.145906772464513779e-03
4.146551713347434998e-03
4.139944911003112793e-03
4.131281282752752304e-03
4.115664400160312653e-03
4.105224739760160446e-03
4.094208125025033951e-03
4.081136547029018402e-03
4.075100645422935486e-03
4.069206770509481430e-03
4.068792331963777542e-03
4.069636575877666473e-03
4.072463605552911758e-03
4.074831958860158920e-03
4.072059877216815948e-03
4.065557848662137985e-03
4.059415776282548904e-03
4.052443895488977432e-03
4.048773087561130524e-03
4.042827524244785309e-03
4.046246409416198730e-03
4.045549314469099045e-03
4.050890449434518814e-03
4.058893769979476929e-03
4.066331777721643448e-03
4.072347655892372131e-03
4.073975607752799988e-03
4.071915056556463242e-03
4.110220354050397873e-03
4.141187760978937149e-03
4.169110674411058426e-03
4.187705926597118378e-03
4.198981914669275284e-03
4.208559170365333557e-03
4.209198057651519775e-03
4.211205057799816132e-03
4.212318453937768936e-03
4.211629740893840790e-03
4.204749595373868942e-03
4.196777939796447754e-03
4.190672188997268677e-03
4.180444870144128799e-03
4.160748329013586044e-03
4.142439924180507660e-03
4.107430577278137207e-03
4.073645919561386108e-03
4.044441971927881241e-03
4.022717941552400589e-03
4.004578571766614914e-03
3.988801501691341400e-03
3.979981411248445511e-03
3.968219738453626633e-03
3.962292335927486420e-03
3.956424072384834290e-03
3.950970713049173355e-03
3.948878962546586990e-03
3.954513929784297943e-03
3.961485810577869415e-03
3.966602031141519547e-03
3.972376231104135513e-03
3.988159820437431335e-03
4.003438167273998260e-03
4.014621023088693619e-03
4.023659974336624146e-03
4.023820161819458008e-03
4.023597575724124908e-03
4.021148663014173508e-03
4.017333034425973892e-03
4.013450816273689270e-03
4.008434247225522995e-03
3.995453473180532455e-03
3.982455004006624222e-03
3.974793478846549988e-03
3.969597164541482925e-03
3.965304698795080185e-03
3.964057192206382751e-03
3.964721690863370895e-03
3.964622970670461655e-03
3.966710530221462250e-03
3.977269399911165237e-03
3.982015885412693024e-03
3.982003778219223022e-03
3.978226333856582642e-03
3.975388593971729279e-03
3.972890786826610565e-03
3.972399514168500900e-03
3.977809567004442215e-03
3.975357860326766968e-03
3.968809731304645538e-03
3.963476978242397308e-03
3.964932635426521301e-03
3.967497963458299637e-03
3.966070711612701416e-03
3.962707240134477615e-03
3.951208200305700302e-03
3.941528964787721634e-03
3.929933067411184311e-03
3.917192108929157257e-03
3.903875593096017838e-03
3.895133733749389648e-03
3.893004264682531357e-03
3.882357850670814514e-03
3.870663931593298912e-03
3.856053110212087631e-03
3.830963978543877602e-03
3.805448533967137337e-03
3.776481142267584801e-03
3.750108182430267334e-03
3.724361769855022430e-03
3.702148329466581345e-03
3.683580784127116203e-03
3.668879624456167221e-03
3.654172178357839584e-03
3.635258413851261139e-03
3.617687849327921867e-03
3.600101452320814133e-03
3.582181641831994057e-03
3.571266774088144302e-03
3.562014317139983177e-03
3.554988186806440353e-03
3.546525724232196808e-03
3.545766230672597885e-03
3.539904719218611717e-03
3.530991030856966972e-03
3.500300925225019455e-03
3.474074881523847580e-03
3.451267257332801819e-03
3.492409829050302505e-03
3.531248541548848152e-03
3.566096769645810127e-03
3.597629489377140999e-03
3.626964753493666649e-03
3.658337984234094620e-03
3.685336792841553688e-03
3.703585825860500336e-03
3.721565240994095802e-03
3.738254774361848831e-03
3.753288881853222847e-03
3.761935746297240257e-03
3.773442469537258148e-03
3.792667295783758163e-03
3.804155159741640091e-03
3.813072573393583298e-03
3.820047015324234962e-03
3.823844483122229576e-03
3.829666646197438240e-03
3.828625660389661789e-03
3.827025415375828743e-03
3.826858010143041611e-03
3.818901721388101578e-03
3.804936539381742477e-03
3.792434232309460640e-03
3.779071616008877754e-03
3.779127029702067375e-03
3.770893439650535583e-03
3.759254701435565948e-03
3.749117022380232811e-03
3.738605417311191559e-03
3.729053540155291557e-03
3.722787369042634964e-03
3.725077491253614426e-03
3.726324066519737244e-03
3.723902394995093346e-03
3.726683324202895164e-03
3.722167341038584709e-03
3.715372644364833832e-03
3.702810266986489296e-03
3.691320307552814484e-03
3.683374961838126183e-03
3.674291772767901421e-03
3.665147349238395691e-03
3.659519134089350700e-03
3.650917904451489449e-03
3.641548100858926773e-03
3.627890022471547127e-03
3.616733010858297348e-03
3.608392784371972084e-03
3.596949623897671700e-03
3.584803780540823936e-03
3.570829750970005989e-03
3.563017351552844048e-03
3.557702526450157166e-03
3.553911577910184860e-03
3.561247838661074638e-03
3.570066764950752258e-03
3.584887832403182983e-03
3.598530078306794167e-03
3.615064080804586411e-03
3.630426712334156036e-03
3.642894094809889793e-03
3.649901831522583961e-03
3.654746338725090027e-03
3.663901239633560181e-03
3.677487606182694435e-03
3.690522396937012672e-03
3.696543630212545395e-03
3.694177372381091118e-03
3.685579868033528328e-03
3.675096202641725540e-03
3.666083561256527901e-03
3.658127039670944214e-03
3.655566601082682610e-03
3.655303036794066429e-03
3.655203850939869881e-03
3.655776148661971092e-03
3.663596231490373611e-03
3.680148860439658165e-03
3.694882616400718689e-03
3.703105496242642403e-03
3.703794209286570549e-03
3.704976290464401245e-03
3.702272893860936165e-03
3.700549015775322914e-03
3.697493579238653183e-03
3.696852363646030426e-03
3.706540679559111595e-03
3.716264152899384499e-03
3.717277199029922485e-03
3.716579638421535492e-03
3.715775208547711372e-03
3.715418046340346336e-03
3.718960797414183617e-03
3.722285619005560875e-03
3.726802766323089600e-03
3.732275217771530151e-03
3.733784193173050880e-03
3.737639170140028000e-03
3.735091770067811012e-03
3.725802991539239883e-03
3.710882505401968956e-03
3.709691809490323067e-03
3.708451054990291595e-03
3.713475773110985756e-03
3.715619444847106934e-03
3.722578752785921097e-03
3.730829339474439621e-03
3.737887600436806679e-03
3.745150519534945488e-03
3.755190176889300346e-03
3.763537621125578880e-03
3.769226372241973877e-03
3.772808937355875969e-03
3.773738862946629524e-03
3.772203810513019562e-03
3.770353971049189568e-03
3.771923948079347610e-03
3.771263407543301582e-03
3.763217944651842117e-03
3.753331722691655159e-03
3.744761692360043526e-03
3.737654769793152809e-03
3.734008176252245903e-03
3.736502025276422501e-03
3.739613573998212814e-03
3.741135355085134506e-03
3.736002137884497643e-03
3.725319169461727142e-03
3.718524938449263573e-03
3.705471055582165718e-03
3.693819744512438774e-03
3.683813847601413727e-03
3.667911980301141739e-03
3.651971463114023209e-03
3.639874747022986412e-03
3.632431849837303162e-03
3.665450960397720337e-03
3.698131302371621132e-03
3.728141076862812042e-03
3.749793861061334610e-03
3.766796085983514786e-03
3.784104017540812492e-03
3.799544647336006165e-03
3.814190626144409180e-03
3.824614454060792923e-03
3.818959463387727737e-03
3.827595151960849762e-03
3.831968409940600395e-03
3.835019888356328011e-03
3.838743083178997040e-03
3.838868578895926476e-03
3.840320277959108353e-03
3.844765247777104378e-03
3.846635809168219566e-03
3.845916828140616417e-03
3.844808787107467651e-03
3.848448861390352249e-03
3.855645889416337013e-03
3.860946279019117355e-03
3.863625694066286087e-03
3.868508851155638695e-03
3.868309082463383675e-03
3.871926106512546539e-03
3.879539901390671730e-03
3.883578581735491753e-03
3.879194846376776695e-03
3.858977928757667542e-03
3.845166414976119995e-03
3.825146239250898361e-03
3.808580338954925537e-03
3.796068951487541199e-03
3.790383925661444664e-03
3.786594839766621590e-03
3.781819948926568031e-03
3.765102708712220192e-03
3.751051612198352814e-03
3.739815205335617065e-03
3.729362972080707550e-03
3.718372667208313942e-03
3.701830049976706505e-03
3.688010619953274727e-03
3.686006180942058563e-03
3.679716726765036583e-03
3.679492976516485214e-03
3.677356988191604614e-03
3.674705745652318001e-03
3.672163235023617744e-03
3.675929270684719086e-03
3.688132157549262047e-03
3.697044216096401215e-03
3.714900929480791092e-03
3.738149069249629974e-03
3.762214211747050285e-03
3.783540800213813782e-03
3.800867358222603798e-03
3.818717785179615021e-03
3.826284548267722130e-03
3.831456182524561882e-03
3.829914378002285957e-03
3.828471992164850235e-03
3.832446876913309097e-03
3.827194683253765106e-03
3.825036576017737389e-03
3.823243314400315285e-03
3.819732926785945892e-03
3.818575525656342506e-03
3.817659802734851837e-03
3.814925672486424446e-03
3.807914676144719124e-03
3.807208035141229630e-03
3.807891393080353737e-03
3.805438755080103874e-03
3.803793573752045631e-03
3.794162999838590622e-03
3.784834407269954681e-03
3.779828315600752831e-03
3.778506768867373466e-03
3.775254357606172562e-03
3.773891134187579155e-03
3.784056752920150757e-03
3.789694514125585556e-03
3.792820498347282410e-03
3.798092016950249672e-03
3.806151915341615677e-03
3.809746121987700462e-03
3.815623233094811440e-03
3.814380383118987083e-03
3.816684009507298470e-03
3.825856139883399010e-03
3.836376359686255455e-03
3.847633721306920052e-03
3.855848452076315880e-03
3.858590964227914810e-03
3.859986085444688797e-03
3.868086962029337883e-03
3.873301437124609947e-03
3.878512652590870857e-03
3.882218152284622192e-03
3.915973473340272903e-03
3.942342940717935562e-03
3.964448347687721252e-03
3.983893431723117828e-03
3.990555647760629654e-03
3.992468584328889847e-03
3.989638760685920715e-03
3.981525544077157974e-03
3.969831392168998718e-03
3.956319298595190048e-03
3.939194139093160629e-03
3.923015668988227844e-03
3.895860631018877029e-03
3.865081351250410080e-03
3.835070412606000900e-03
3.806876949965953827e-03
3.776695346459746361e-03
3.752151736989617348e-03
3.707509487867355347e-03
3.669372759759426117e-03
3.633716609328985214e-03
3.618398681282997131e-03
3.603370860219001770e-03
3.593064611777663231e-03
3.581766039133071899e-03
3.570782486349344254e-03
3.563408041372895241e-03
3.560395678505301476e-03
3.562305355444550514e-03
3.561071585863828659e-03
3.563327249139547348e-03
3.574733622372150421e-03
3.585461759939789772e-03
3.537032520398497581e-03
3.496061312034726143e-03
3.471859497949481010e-03
3.456369042396545410e-03
3.444440197199583054e-03
3.436882281675934792e-03
3.431176301091909409e-03
3.432816127315163612e-03
3.438310930505394936e-03
3.444014582782983780e-03
3.442146582528948784e-03
3.439820138737559319e-03
3.437428502365946770e-03
3.435818944126367569e-03
3.435673192143440247e-03
3.434843616560101509e-03
3.441648092120885849e-03
3.449971554800868034e-03
3.459943924099206924e-03
3.468136303126811981e-03
3.471275325864553452e-03
3.469951217994093895e-03
3.468679497018456459e-03
3.476471407338976860e-03
3.488674759864807129e-03
3.503197571262717247e-03
3.511425107717514038e-03
3.519308054819703102e-03
3.519215155392885208e-03
3.515467513352632523e-03
3.511952934786677361e-03
3.509789239615201950e-03
3.506092121824622154e-03
3.505755681544542313e-03
3.505427157506346703e-03
3.513948293402791023e-03
3.518894081935286522e-03
3.516024444252252579e-03
3.514329669997096062e-03
3.508226247504353523e-03
3.502744948491454124e-03
3.496288787573575974e-03
3.491465467959642410e-03
3.483716398477554321e-03
3.477623220533132553e-03
3.478216705843806267e-03
3.475186182186007500e-03
3.470447845757007599e-03
3.461356740444898605e-03
3.457510145381093025e-03
3.463716013357043266e-03
3.473029937595129013e-03
3.480740822851657867e-03
3.484263783320784569e-03
3.488445188850164413e-03
3.489299444481730461e-03
3.490795847028493881e-03
3.496307879686355591e-03
3.501891158521175385e-03
3.505244851112365723e-03
3.505943110212683678e-03
3.506724024191498756e-03
3.503807354718446732e-03
3.499222453683614731e-03
3.490793984383344650e-03
3.484193468466401100e-03
3.480501472949981689e-03
3.473641816526651382e-03
3.468200098723173141e-03
3.465922316536307335e-03
3.462902968749403954e-03
3.459603758528828621e-03
3.452476346865296364e-03
3.442805726081132889e-03
3.432180965319275856e-03
3.423937363550066948e-03
3.416042774915695190e-03
3.408015705645084381e-03
3.397001884877681732e-03
3.388172714039683342e-03
3.383669070899486542e-03
3.383983625099062920e-03
3.391235135495662689e-03
3.396640764549374580e-03
3.403013804927468300e-03
3.411130746826529503e-03
3.418833948671817780e-03
3.424116177484393120e-03
3.430020762607455254e-03
3.432410070672631264e-03
3.431275021284818649e-03
3.426061477512121201e-03
3.424526657909154892e-03
3.425196977332234383e-03
3.426325973123311996e-03
3.432007739320397377e-03
3.432816592976450920e-03
3.433049190789461136e-03
3.428756259381771088e-03
3.421410452574491501e-03
3.416629508137702942e-03
3.410000819712877274e-03
3.405495081096887589e-03
3.400889225304126740e-03
3.394189989194273949e-03
3.388703102245926857e-03
3.389220451936125755e-03
3.389782039448618889e-03
3.385755233466625214e-03
3.381555667147040367e-03
3.373466199263930321e-03
3.367981640622019768e-03
3.360921517014503479e-03
3.354230895638465881e-03
3.346153767779469490e-03
3.338765352964401245e-03
3.331257728859782219e-03
3.321209456771612167e-03
3.315142588689923286e-03
3.305194666609168053e-03
3.290831809863448143e-03
3.276467556133866310e-03
3.270119195803999901e-03
3.261509351432323456e-03
3.260371508076786995e-03
3.262294689193367958e-03
3.326178994029760361e-03
3.386372234672307968e-03
3.439194988459348679e-03
3.482768312096595764e-03
3.520234022289514542e-03
3.553038462996482849e-03
3.581479424610733986e-03
3.602206939831376076e-03
3.619056893512606621e-03
3.632738953456282616e-03
3.647454781457781792e-03
3.658255795016884804e-03
3.664550837129354477e-03
3.668231656774878502e-03
3.669251687824726105e-03
3.664287272840738297e-03
3.662709146738052368e-03
3.661861876025795937e-03
3.659998066723346710e-03
3.657852532342076302e-03
3.654649015516042709e-03
3.646607277914881706e-03
3.639547852799296379e-03
3.637795802205801010e-03
3.632113570347428322e-03
3.624265315011143684e-03
3.620298346504569054e-03
3.616481320932507515e-03
3.606790443882346153e-03
3.601519623771309853e-03
3.596900729462504387e-03
3.592477180063724518e-03
3.585304599255323410e-03
3.580910852178931236e-03
3.575887763872742653e-03
3.576464019715785980e-03
3.576949005946516991e-03
3.575556445866823196e-03
3.569184103980660439e-03
3.563562408089637756e-03
3.555283648893237114e-03
3.546386025846004486e-03
3.543207887560129166e-03
3.544904990121722221e-03
3.544186009094119072e-03
3.543330822139978409e-03
3.542898688465356827e-03
3.541709389537572861e-03
3.537669777870178223e-03
3.529800102114677429e-03
3.526901127770543098e-03
3.522678976878523827e-03
3.519373014569282532e-03
3.515507327392697334e-03
3.503611311316490173e-03
3.494533477351069450e-03
3.486609552055597305e-03
3.476310754194855690e-03
3.464210545644164085e-03
3.454736201092600822e-03
3.444683272391557693e-03
3.437142586335539818e-03
3.428916214033961296e-03
3.420414403080940247e-03
3.411495359614491463e-03
3.408804768696427345e-03
3.405607538297772408e-03
3.401495283469557762e-03
3.397532971575856209e-03
3.392815124243497849e-03
3.391350852325558662e-03
3.388924524188041687e-03
3.387278644368052483e-03
3.384930314496159554e-03
3.378360997885465622e-03
3.373976796865463257e-03
3.371365834027528763e-03
3.369501791894435883e-03
3.369408659636974335e-03
3.366902004927396774e-03
3.367875237017869949e-03
3.370265709236264229e-03
3.372383536770939827e-03
3.372728126123547554e-03
3.372568637132644653e-03
3.368448466062545776e-03
3.370478749275207520e-03
3.371785627678036690e-03
3.372279461473226547e-03
3.371522529050707817e-03
3.370583523064851761e-03
3.372369566932320595e-03
3.371737431734800339e-03
3.369305748492479324e-03
3.364004427567124367e-03
3.357989713549613953e-03
3.348943078890442848e-03
3.335921792313456535e-03
3.324994817376136780e-03
3.314696718007326126e-03
3.304201411083340645e-03
3.294219262897968292e-03
3.288163803517818451e-03
3.283230355009436607e-03
3.277081530541181564e-03
3.266627434641122818e-03
3.262762911617755890e-03
3.261648816987872124e-03
3.265223000198602676e-03
3.268904285505414009e-03
3.271765308454632759e-03
3.277893643826246262e-03
3.282283432781696320e-03
3.286989871412515640e-03
3.291540313512086868e-03
3.292208537459373474e-03
3.283924423158168793e-03
3.276004455983638763e-03
3.267801832407712936e-03
3.257974050939083099e-03
3.249762812629342079e-03
3.239626763388514519e-03
3.233977127820253372e-03
3.227292792871594429e-03
3.219698090106248856e-03
3.211172297596931458e-03
3.204097971320152283e-03
3.196448087692260742e-03
3.190400544553995132e-03
3.186323679983615875e-03
3.188152331858873367e-03
3.191262716427445412e-03
3.195591270923614502e-03
3.196720266714692116e-03
3.199872560799121857e-03
3.197350772097706795e-03
3.192321630194783211e-03
3.183492459356784821e-03
3.177275182679295540e-03
3.171987365931272507e-03
3.167653223499655724e-03
3.160889260470867157e-03
3.153774188831448555e-03
3.152876626700162888e-03
3.157397964969277382e-03
3.158392151817679405e-03
3.152393270283937454e-03
3.147500101476907730e-03
3.143587615340948105e-03
3.143642330542206764e-03
3.146117087453603745e-03
3.146485658362507820e-03
3.147404640913009644e-03
3.143255598843097687e-03
3.143360372632741928e-03
3.147653304040431976e-03
3.152452409267425537e-03
3.157404717057943344e-03
3.160495776683092117e-03
3.161814296618103981e-03
3.163458080962300301e-03
3.176179248839616776e-03
3.185999114066362381e-03
3.198390360921621323e-03
3.208956914022564888e-03
3.216660814359784126e-03
3.222437808290123940e-03
3.224984044209122658e-03
3.226175671443343163e-03
3.225023392587900162e-03
3.222175640985369682e-03
3.219865495339035988e-03
3.214842872694134712e-03
3.207890782505273819e-03
3.198319580405950546e-03
3.187006106600165367e-03
3.171706572175025940e-03
3.157483413815498352e-03
3.141167107969522476e-03
3.123996546491980553e-03
3.095346037298440933e-03
3.068148391321301460e-03
3.041368210688233376e-03
3.017543116584420204e-03
2.998689422383904457e-03
2.983364975079894066e-03
2.979810815304517746e-03
2.980567282065749168e-03
2.982731442898511887e-03
2.985795028507709503e-03
2.991520101204514503e-03
3.002533921971917152e-03
3.013951936736702919e-03
3.023955738171935081e-03
3.055906854569911957e-03
3.089811420068144798e-03
3.119961358606815338e-03
3.148110583424568176e-03
3.175707999616861343e-03
3.198342630639672279e-03
3.222334897145628929e-03
3.230943577364087105e-03
3.241034690290689468e-03
3.248584456741809845e-03
3.255296498537063599e-03
3.259666496887803078e-03
3.264190629124641418e-03
3.269721055403351784e-03
3.273632843047380447e-03
3.278450807556509972e-03
3.313944675028324127e-03
3.348953789100050926e-03
3.382205497473478317e-03
3.410462522879242897e-03
3.430725773796439171e-03
3.451436059549450874e-03
3.466347698122262955e-03
3.476219717413187027e-03
3.485355060547590256e-03
3.492109710350632668e-03
3.494889475405216217e-03
3.497501136735081673e-03
3.501098835840821266e-03
3.503130748867988586e-03
3.498083446174860001e-03
3.491184208542108536e-03
3.485198365524411201e-03
3.482348052784800529e-03
3.480809042230248451e-03
3.475334495306015015e-03
3.466796362772583961e-03
3.458189079537987709e-03
3.449720330536365509e-03
3.442855784669518471e-03
3.431993070989847183e-03
3.416174091398715973e-03
3.397942287847399712e-03
3.381744492799043655e-03
3.366395132616162300e-03
3.354989225044846535e-03
3.343315562233328819e-03
3.333504777401685715e-03
3.324280725792050362e-03
3.316959831863641739e-03
3.312306944280862808e-03
3.301923628896474838e-03
3.294507740065455437e-03
3.284509060904383659e-03
3.277839161455631256e-03
3.269408363848924637e-03
3.264332190155982971e-03
3.254634095355868340e-03
3.243122249841690063e-03
3.232415532693266869e-03
3.223873209208250046e-03
3.219685051590204239e-03
3.215853590518236160e-03
3.218024969100952148e-03
3.222352359443902969e-03
3.228060668334364891e-03
3.232044400647282600e-03
3.236959222704172134e-03
3.239721758291125298e-03
3.242396982386708260e-03
3.248662687838077545e-03
3.259317483752965927e-03
3.275413531810045242e-03
3.286266699433326721e-03
3.297792514786124229e-03
3.309940686449408531e-03
3.322641830891370773e-03
3.334007691591978073e-03
3.346869722008705139e-03
3.356045810505747795e-03
3.361439798027276993e-03
3.391327336430549622e-03
3.417663276195526123e-03
3.443858353421092033e-03
3.462652442976832390e-03
3.477485617622733116e-03
3.481105202808976173e-03
3.497869009152054787e-03
3.509272122755646706e-03
3.516772529110312462e-03
3.520487342029809952e-03
3.526700660586357117e-03
3.531203838065266609e-03
3.535398980602622032e-03
3.538675606250762939e-03
3.541288664564490318e-03
3.536958713084459305e-03
3.533021779730916023e-03
3.529355395585298538e-03
3.525194711983203888e-03
3.522318322211503983e-03
3.518177429214119911e-03
3.511758754029870033e-03
3.509311238303780556e-03
3.507150802761316299e-03
3.503184067085385323e-03
3.501229453831911087e-03
3.497361205518245697e-03
3.495482029393315315e-03
3.492893651127815247e-03
3.486003261059522629e-03
3.506595734506845474e-03
3.521711332723498344e-03
3.522325772792100906e-03
3.518646350130438805e-03
3.514997195452451706e-03
3.508284222334623337e-03
3.501560306176543236e-03
3.490895265713334084e-03
3.477773163467645645e-03
3.464451292529702187e-03
3.452257951721549034e-03
3.439312335103750229e-03
3.426724579185247421e-03
3.415371524170041084e-03
3.404625458642840385e-03
3.393679624423384666e-03
3.384722862392663956e-03
3.374529303982853889e-03
3.367536002770066261e-03
3.361026057973504066e-03
3.356190863996744156e-03
3.351010615006089211e-03
3.346801269799470901e-03
3.343977732583880424e-03
3.338704351335763931e-03
3.333752276375889778e-03
3.330516628921031952e-03
3.327248850837349892e-03
3.322057658806443214e-03
3.321591299027204514e-03
3.322484670206904411e-03
3.320642514154314995e-03
3.317572176456451416e-03
3.315483452752232552e-03
3.310913452878594398e-03
3.305022139102220535e-03
3.299197880551218987e-03
3.291625995188951492e-03
3.284078091382980347e-03
3.276158589869737625e-03
3.269836772233247757e-03
3.261046716943383217e-03
3.252762835472822189e-03
3.243462881073355675e-03
3.232990391552448273e-03
3.225154476240277290e-03
3.214753465726971626e-03
3.204626031219959259e-03
3.190788440406322479e-03
3.174497047439217567e-03
3.161132801324129105e-03
3.152610035613179207e-03
3.153769997879862785e-03
3.155537648126482964e-03
3.157782601192593575e-03
3.157221712172031403e-03
3.155338112264871597e-03
3.153643803671002388e-03
3.151489188894629478e-03
3.148509655147790909e-03
3.144250018522143364e-03
3.140036249533295631e-03
3.126525320112705231e-03
3.113662125542759895e-03
3.100001486018300056e-03
3.089971141889691353e-03
3.084619063884019852e-03
3.080927766859531403e-03
3.080410417169332504e-03
3.079865593463182449e-03
3.079070011153817177e-03
3.080875147134065628e-03
3.051577135920524597e-03
3.029912943020462990e-03
3.012311644852161407e-03
3.001144621521234512e-03
2.994518028572201729e-03
2.995383925735950470e-03
2.996050287038087845e-03
2.999754855409264565e-03
3.007847815752029419e-03
3.018440678715705872e-03
3.026640973985195160e-03
3.039722330868244171e-03
3.053624648600816727e-03
3.068436169996857643e-03
3.081697272136807442e-03
3.097038250416517258e-03
3.111039986833930016e-03
3.126454306766390800e-03
3.141617169603705406e-03
3.156309947371482849e-03
3.169930772855877876e-03
3.184313420206308365e-03
3.195341676473617554e-03
3.204157343134284019e-03
3.212118055671453476e-03
3.218608209863305092e-03
3.225421765819191933e-03
3.230043221265077591e-03
3.234365954995155334e-03
3.239246550947427750e-03
3.241105936467647552e-03
3.241134807467460632e-03
3.238677745684981346e-03
3.234607866033911705e-03
3.229585476219654083e-03
3.223281120881438255e-03
3.219106234610080719e-03
3.214657772332429886e-03
3.210967639461159706e-03
3.208182286471128464e-03
3.207480302080512047e-03
3.205030458047986031e-03
3.202327294275164604e-03
3.199430881068110466e-03
3.197616199031472206e-03
3.199393860995769501e-03
3.202005522325634956e-03
3.205163404345512390e-03
3.209611168131232262e-03
3.215719712898135185e-03
3.219246864318847656e-03
3.219960955902934074e-03
3.221438266336917877e-03
3.221016842871904373e-03
3.221049206331372261e-03
3.221305320039391518e-03
3.219854552298784256e-03
3.217161400243639946e-03
3.216575598344206810e-03
3.215928561985492706e-03
3.217701567336916924e-03
3.219573758542537689e-03
3.224660875275731087e-03
3.229084424674510956e-03
3.231356386095285416e-03
3.233376657590270042e-03
3.236758522689342499e-03
3.237867495045065880e-03
3.239984158426523209e-03
3.241431433707475662e-03
3.242013044655323029e-03
3.245159517973661423e-03
3.247955115512013435e-03
3.250926034525036812e-03
3.252709051594138145e-03
3.254522103816270828e-03
3.258152864873409271e-03
3.261703765019774437e-03
3.263732418417930603e-03
3.264737315475940704e-03
3.264468861743807793e-03
3.267543390393257141e-03
3.269341075792908669e-03
3.271022811532020569e-03
3.274126676842570305e-03
3.276510862633585930e-03
3.278702730312943459e-03
3.282301127910614014e-03
3.283683909103274345e-03
3.283415688201785088e-03
3.280394012108445168e-03
3.276524599641561508e-03
3.272073110565543175e-03
3.268838860094547272e-03
3.268115455284714699e-03
3.269089618697762489e-03
3.269888693466782570e-03
3.269519424065947533e-03
3.272154135629534721e-03
3.271646564826369286e-03
3.272903617471456528e-03
3.275165101513266563e-03
3.277016337960958481e-03
3.278858028352260590e-03
3.281094366684556007e-03
3.281875513494014740e-03
3.280634758993983269e-03
3.278734395280480385e-03
3.275408409535884857e-03
3.271135967224836349e-03
3.265813924372196198e-03
3.262176178395748138e-03
3.258970566093921661e-03
3.254827577620744705e-03
3.248849650844931602e-03
3.244340186938643456e-03
3.241633530706167221e-03
3.240358084440231323e-03
3.234750591218471527e-03
3.227926325052976608e-03
3.223138628527522087e-03
3.220242913812398911e-03
3.216553712263703346e-03
3.212527139112353325e-03
3.208657726645469666e-03
3.206327557563781738e-03
3.206078195944428444e-03
3.204438602551817894e-03
3.201381536200642586e-03
3.198534715920686722e-03
3.195695579051971436e-03
3.193197539076209068e-03
3.188521368429064751e-03
3.181746229529380798e-03
3.174138255417346954e-03
3.165696049109101295e-03
3.156349295750260353e-03
3.143346402794122696e-03
3.133654128760099411e-03
3.126214025542140007e-03
3.124266397207975388e-03
3.123928327113389969e-03
3.122735302895307541e-03
3.121362300589680672e-03
3.119842847809195518e-03
3.118999768048524857e-03
3.116379259154200554e-03
3.112900070846080780e-03
3.110917517915368080e-03
3.111782949417829514e-03
3.114710794761776924e-03
3.116783685982227325e-03
3.119624918326735497e-03
3.123489208519458771e-03
3.126963973045349121e-03
3.132284618914127350e-03
3.140888176858425140e-03
3.151018405333161354e-03
3.159459447488188744e-03
3.165953559800982475e-03
3.170774318277835846e-03
3.173866309225559235e-03
3.173991804942488670e-03
3.173291217535734177e-03
3.173432080075144768e-03
3.176141763105988503e-03
3.179374849423766136e-03
3.182986518368124962e-03
3.190806834027171135e-03
3.198647871613502502e-03
3.207875182852149010e-03
3.211150411516427994e-03
3.212781855836510658e-03
3.213315038010478020e-03
3.211340168491005898e-03
3.210400929674506187e-03
3.209973219782114029e-03
3.209688700735569000e-03
3.207351779565215111e-03
3.204666543751955032e-03
3.202340565621852875e-03
3.200772218406200409e-03
3.198889782652258873e-03
3.195263678207993507e-03
3.189546987414360046e-03
3.185681765899062157e-03
3.181281732395291328e-03
3.177793696522712708e-03
3.174243262037634850e-03
3.172436496242880821e-03
3.168828552588820457e-03
3.165189642459154129e-03
3.162909997627139091e-03
3.158241743221879005e-03
3.153690369799733162e-03
3.148467745631933212e-03
3.142343135550618172e-03
3.145666327327489853e-03
3.145780880004167557e-03
3.144181100651621819e-03
3.141328226774930954e-03
3.140313317999243736e-03
3.138710046187043190e-03
3.135928884148597717e-03
3.133684163913130760e-03
3.132294630631804466e-03
3.131964709609746933e-03
3.130987519398331642e-03
3.130703000351786613e-03
3.129675984382629395e-03
3.130020340904593468e-03
3.132124664261937141e-03
3.136222483590245247e-03
3.141019260510802269e-03
3.140929387882351875e-03
3.142014611512422562e-03
3.141769440844655037e-03
3.142465837299823761e-03
3.145580179989337921e-03
3.145273542031645775e-03
3.147915937006473541e-03
3.155554644763469696e-03
3.162340959534049034e-03
3.167688148096203804e-03
3.172849304974079132e-03
3.175861900672316551e-03
3.177791368216276169e-03
3.180039115250110626e-03
3.181058913469314575e-03
3.180879168212413788e-03
3.181660315021872520e-03
3.181495005264878273e-03
3.181224223226308823e-03
3.179145976901054382e-03
3.176045138388872147e-03
3.175036050379276276e-03
3.175388555973768234e-03
3.174448153004050255e-03
3.173563163727521896e-03
3.171388292685151100e-03
3.169052302837371826e-03
3.166362177580595016e-03
3.162838285788893700e-03
3.157932776957750320e-03
3.151556244120001793e-03
3.147196955978870392e-03
3.143287729471921921e-03
3.143508685752749443e-03
3.146319650113582611e-03
3.149172756820917130e-03
3.149936906993389130e-03
3.149157622829079628e-03
3.148376476019620895e-03
3.150213742628693581e-03
3.152220975607633591e-03
3.154838224872946739e-03
3.158893901854753494e-03
3.162955632433295250e-03
3.168481867760419846e-03
3.173891222104430199e-03
3.179164836183190346e-03
3.181628184393048286e-03
3.184708068147301674e-03
