2.412366867065429688e-02,-1.117312908172607422e-02,3.570002317428588867e-02
2.412366867065429688e-02,-1.117312908172607422e-02,3.570002317428588867e-02
2.512359619140625000e-02,-1.217305660247802734e-02,3.670001029968261719e-02
2.595067024230957031e-02,-1.156485080718994141e-02,3.769367933273315430e-02
2.669262886047363281e-02,-1.198732852935791016e-02,3.868210315704345703e-02
2.752709388732910156e-02,-1.241767406463623047e-02,3.943881392478942871e-02
2.787446975708007812e-02,-1.274502277374267578e-02,3.924998641014099121e-02
2.806282043457031250e-02,-1.306784152984619141e-02,3.878301382064819336e-02
2.819228172302246094e-02,-1.304376125335693359e-02,3.858593106269836426e-02
2.833414077758789062e-02,-1.300251483917236328e-02,3.863888978958129883e-02
2.850174903869628906e-02,-1.293063163757324219e-02,3.869161009788513184e-02
2.884197235107421875e-02,-1.309549808502197266e-02,3.865596652030944824e-02
2.897763252258300781e-02,-1.310384273529052734e-02,3.861922025680541992e-02
2.906036376953125000e-02,-1.307940483093261719e-02,3.832817077636718750e-02
2.917003631591796875e-02,-1.324403285980224609e-02,3.791597485542297363e-02
2.923440933227539062e-02,-1.335382461547851562e-02,3.749886155128479004e-02
2.936172485351562500e-02,-1.354455947875976562e-02,3.705093264579772949e-02
2.938127517700195312e-02,-1.374757289886474609e-02,3.666478395462036133e-02
2.951264381408691406e-02,-1.393771171569824219e-02,3.625196218490600586e-02
2.966523170471191406e-02,-1.416480541229248047e-02,3.588297963142395020e-02
2.974820137023925781e-02,-1.463973522186279297e-02,3.536221385002136230e-02
2.991461753845214844e-02,-1.511168479919433594e-02,3.485709428787231445e-02
3.016185760498046875e-02,-1.574718952178955078e-02,3.437969088554382324e-02
3.053855895996093750e-02,-1.646399497985839844e-02,3.398349881172180176e-02
3.091144561767578125e-02,-1.705479621887207031e-02,3.352969884872436523e-02
3.126072883605957031e-02,-1.755917072296142578e-02,3.306797146797180176e-02
3.145813941955566406e-02,-1.797175407409667969e-02,3.253358602523803711e-02
3.171515464782714844e-02,-1.836574077606201172e-02,3.204751014709472656e-02
3.204870223999023438e-02,-1.867377758026123047e-02,3.141680359840393066e-02
3.229308128356933594e-02,-1.879107952117919922e-02,3.088018298149108887e-02
3.252911567687988281e-02,-1.900458335876464844e-02,3.036382794380187988e-02
3.272771835327148438e-02,-1.912641525268554688e-02,2.986368536949157715e-02
3.285145759582519531e-02,-1.922738552093505859e-02,2.933043241500854492e-02
3.301477432250976562e-02,-1.930260658264160156e-02,2.879661321640014648e-02
3.300476074218750000e-02,-1.949262619018554688e-02,2.823060750961303711e-02
3.303623199462890625e-02,-1.937937736511230469e-02,2.783662080764770508e-02
3.297472000122070312e-02,-1.920282840728759766e-02,2.767074108123779297e-02
3.290390968322753906e-02,-1.909196376800537109e-02,2.758595347404479980e-02
3.280329704284667969e-02,-1.901483535766601562e-02,2.744609117507934570e-02
3.254699707031250000e-02,-1.884245872497558594e-02,2.724695205688476562e-02
3.222918510437011719e-02,-1.849985122680664062e-02,2.713623642921447754e-02
3.185653686523437500e-02,-1.807713508605957031e-02,2.690872550010681152e-02
3.150105476379394531e-02,-1.761579513549804688e-02,2.674597501754760742e-02
3.113794326782226562e-02,-1.734733581542968750e-02,2.666604518890380859e-02
3.074193000793457031e-02,-1.723384857177734375e-02,2.678334712982177734e-02
3.023862838745117188e-02,-1.716697216033935547e-02,2.679452300071716309e-02
2.990317344665527344e-02,-1.721525192260742188e-02,2.684348821640014648e-02
2.965903282165527344e-02,-1.759386062622070312e-02,2.672925591468811035e-02
2.945947647094726562e-02,-1.787459850311279297e-02,2.660316228866577148e-02
2.931237220764160156e-02,-1.819407939910888672e-02,2.638727426528930664e-02
2.909040451049804688e-02,-1.847183704376220703e-02,2.607363462448120117e-02
2.889370918273925781e-02,-1.875972747802734375e-02,2.580690383911132812e-02
2.852392196655273438e-02,-1.904475688934326172e-02,2.537101507186889648e-02
2.829003334045410156e-02,-1.944112777709960938e-02,2.496808767318725586e-02
2.797245979309082031e-02,-1.981079578399658203e-02,2.450636029243469238e-02
2.754163742065429688e-02,-2.004492282867431641e-02,2.452105283737182617e-02
2.723336219787597656e-02,-2.026450634002685547e-02,2.445152401924133301e-02
2.700138092041015625e-02,-2.050662040710449219e-02,2.437025308609008789e-02
2.673506736755371094e-02,-2.079248428344726562e-02,2.432236075401306152e-02
2.647233009338378906e-02,-2.090644836425781250e-02,2.431550621986389160e-02
2.617168426513671875e-02,-2.099573612213134766e-02,2.429643273353576660e-02
2.583146095275878906e-02,-2.113926410675048828e-02,2.407321333885192871e-02
2.559113502502441406e-02,-2.129137516021728516e-02,2.379497885704040527e-02
2.539968490600585938e-02,-2.144539356231689453e-02,2.343600988388061523e-02
2.501893043518066406e-02,-2.152228355407714844e-02,2.293536067008972168e-02
2.461218833923339844e-02,-2.159845829010009766e-02,2.241900563240051270e-02
2.422428131103515625e-02,-2.164638042449951172e-02,2.188864350318908691e-02
2.388381958007812500e-02,-2.162122726440429688e-02,2.137750387191772461e-02
2.352118492126464844e-02,-2.158296108245849609e-02,2.083119750022888184e-02
2.318620681762695312e-02,-2.152097225189208984e-02,2.035155892372131348e-02
2.286171913146972656e-02,-2.143073081970214844e-02,1.990544795989990234e-02
2.269840240478515625e-02,-2.141642570495605469e-02,1.937770843505859375e-02
2.254152297973632812e-02,-2.152550220489501953e-02,1.893055438995361328e-02
2.240777015686035156e-02,-2.164566516876220703e-02,1.854547858238220215e-02
2.221250534057617188e-02,-2.175736427307128906e-02,1.827049255371093750e-02
2.220749855041503906e-02,-2.188873291015625000e-02,1.803147792816162109e-02
2.231287956237792969e-02,-2.213871479034423828e-02,1.774331927299499512e-02
2.250790596008300781e-02,-2.242636680603027344e-02,1.738977432250976562e-02
2.266454696655273438e-02,-2.250981330871582031e-02,1.707333326339721680e-02
2.286577224731445312e-02,-2.257859706878662109e-02,1.673045754432678223e-02
2.304196357727050781e-02,-2.263295650482177734e-02,1.651975512504577637e-02
2.308702468872070312e-02,-2.265059947967529297e-02,1.632088422775268555e-02
2.317571640014648438e-02,-2.267241477966308594e-02,1.612266898155212402e-02
2.326846122741699219e-02,-2.263939380645751953e-02,1.600247621536254883e-02
2.338814735412597656e-02,-2.263891696929931641e-02,1.582744717597961426e-02
2.354073524475097656e-02,-2.270734310150146484e-02,1.566749811172485352e-02
2.367615699768066406e-02,-2.272486686706542969e-02,1.548370718955993652e-02
2.376961708068847656e-02,-2.281129360198974609e-02,1.531580090522766113e-02
2.373337745666503906e-02,-2.283227443695068359e-02,1.512750983238220215e-02
2.367520332336425781e-02,-2.305233478546142578e-02,1.484090089797973633e-02
2.350735664367675781e-02,-2.308547496795654297e-02,1.467588543891906738e-02
2.335810661315917969e-02,-2.318859100341796875e-02,1.448944211006164551e-02
2.331829071044921875e-02,-2.339208126068115234e-02,1.417958736419677734e-02
2.318954467773437500e-02,-2.351748943328857422e-02,1.368200778961181641e-02
2.314090728759765625e-02,-2.372288703918457031e-02,1.314058899879455566e-02
2.298355102539062500e-02,-2.397894859313964844e-02,1.256045699119567871e-02
2.275872230529785156e-02,-2.423477172851562500e-02,1.197543740272521973e-02
2.243757247924804688e-02,-2.435970306396484375e-02,1.144945621490478516e-02
2.205896377563476562e-02,-2.456748485565185547e-02,1.084244251251220703e-02
2.154970169067382812e-02,-2.461993694305419922e-02,1.025450229644775391e-02
2.123236656188964844e-02,-2.480411529541015625e-02,9.652286767959594727e-03
2.093625068664550781e-02,-2.507972717285156250e-02,9.005755186080932617e-03
2.061390876770019531e-02,-2.538073062896728516e-02,8.224010467529296875e-03
2.059841156005859375e-02,-2.570855617523193359e-02,7.613748311996459961e-03
2.061200141906738281e-02,-2.600669860839843750e-02,7.038414478302001953e-03
2.052044868469238281e-02,-2.635693550109863281e-02,6.316453218460083008e-03
2.043032646179199219e-02,-2.666497230529785156e-02,5.628019571304321289e-03
2.028059959411621094e-02,-2.691268920898437500e-02,5.066931247711181641e-03
2.012133598327636719e-02,-2.705883979797363281e-02,4.529803991317749023e-03
1.991438865661621094e-02,-2.712976932525634766e-02,4.068851470947265625e-03
1.969170570373535156e-02,-2.719247341156005859e-02,3.677546977996826172e-03
1.936841011047363281e-02,-2.708697319030761719e-02,3.370463848114013672e-03
1.892113685607910156e-02,-2.693700790405273438e-02,3.297209739685058594e-03
1.847219467163085938e-02,-2.684712409973144531e-02,3.146946430206298828e-03
1.799321174621582031e-02,-2.667248249053955078e-02,3.021389245986938477e-03
1.752209663391113281e-02,-2.658951282501220703e-02,2.960264682769775391e-03
1.689171791076660156e-02,-2.656328678131103516e-02,2.915054559707641602e-03
1.640415191650390625e-02,-2.670931816101074219e-02,2.880185842514038086e-03
1.590824127197265625e-02,-2.674031257629394531e-02,2.943068742752075195e-03
1.548409461975097656e-02,-2.675497531890869141e-02,3.064990043640136719e-03
1.499509811401367188e-02,-2.674508094787597656e-02,3.214120864868164062e-03
1.432228088378906250e-02,-2.659368515014648438e-02,3.364413976669311523e-03
1.368427276611328125e-02,-2.633714675903320312e-02,3.582060337066650391e-03
1.299285888671875000e-02,-2.601277828216552734e-02,3.869026899337768555e-03
1.233816146850585938e-02,-2.579450607299804688e-02,4.168987274169921875e-03
1.160621643066406250e-02,-2.546322345733642578e-02,4.438728094100952148e-03
1.088166236877441406e-02,-2.505707740783691406e-02,4.883378744125366211e-03
1.014328002929687500e-02,-2.465403079986572266e-02,5.221724510192871094e-03
9.449720382690429688e-03,-2.432036399841308594e-02,5.524516105651855469e-03
8.646965026855468750e-03,-2.393138408660888672e-02,5.761325359344482422e-03
7.858514785766601562e-03,-2.358078956604003906e-02,5.948990583419799805e-03
7.222414016723632812e-03,-2.334153652191162109e-02,6.141901016235351562e-03
6.776809692382812500e-03,-2.313017845153808594e-02,6.287217140197753906e-03
6.386756896972656250e-03,-2.286994457244873047e-02,6.385207176208496094e-03
6.114959716796875000e-03,-2.257800102233886719e-02,6.415754556655883789e-03
5.636215209960937500e-03,-2.231180667877197266e-02,6.305307149887084961e-03
5.271673202514648438e-03,-2.221500873565673828e-02,6.117343902587890625e-03
5.065202713012695312e-03,-2.217507362365722656e-02,5.949735641479492188e-03
4.987001419067382812e-03,-2.224254608154296875e-02,5.776613950729370117e-03
4.968404769897460938e-03,-2.233827114105224609e-02,5.543708801269531250e-03
5.136489868164062500e-03,-2.248728275299072266e-02,5.222469568252563477e-03
5.345344543457031250e-03,-2.269434928894042969e-02,4.944592714309692383e-03
5.624771118164062500e-03,-2.292966842651367188e-02,4.618436098098754883e-03
6.031990051269531250e-03,-2.319443225860595703e-02,4.362165927886962891e-03
6.365537643432617188e-03,-2.334284782409667969e-02,4.136562347412109375e-03
6.703615188598632812e-03,-2.350378036499023438e-02,4.136949777603149414e-03
7.019758224487304688e-03,-2.369058132171630859e-02,4.087954759597778320e-03
7.441759109497070312e-03,-2.374315261840820312e-02,4.029840230941772461e-03
7.859230041503906250e-03,-2.384603023529052734e-02,4.027217626571655273e-03
7.479429244995117188e-03,-2.379989624023437500e-02,4.284322261810302734e-03
7.285118103027343750e-03,-2.386486530303955078e-02,4.564017057418823242e-03
7.194995880126953125e-03,-2.395200729370117188e-02,4.817724227905273438e-03
7.223844528198242188e-03,-2.417123317718505859e-02,5.049943923950195312e-03
7.213354110717773438e-03,-2.447533607482910156e-02,5.250781774520874023e-03
7.183074951171875000e-03,-2.475965023040771484e-02,5.390226840972900391e-03
7.180213928222656250e-03,-2.502906322479248047e-02,5.477964878082275391e-03
7.230043411254882812e-03,-2.530086040496826172e-02,5.538612604141235352e-03
7.253885269165039062e-03,-2.564287185668945312e-02,5.550026893615722656e-03
7.219314575195312500e-03,-2.591395378112792969e-02,5.420595407485961914e-03
7.201433181762695312e-03,-2.613914012908935547e-02,5.262941122055053711e-03
7.188796997070312500e-03,-2.641057968139648438e-02,4.870325326919555664e-03
7.220745086669921875e-03,-2.668762207031250000e-02,4.385083913803100586e-03
7.201671600341796875e-03,-2.657806873321533203e-02,3.559410572052001953e-03
7.138013839721679688e-03,-2.646553516387939453e-02,2.844363451004028320e-03
7.071495056152343750e-03,-2.623784542083740234e-02,2.275615930557250977e-03
7.133483886718750000e-03,-2.607798576354980469e-02,1.719743013381958008e-03
7.277488708496093750e-03,-2.597665786743164062e-02,1.169621944427490234e-03
7.444620132446289062e-03,-2.593851089477539062e-02,6.785690784454345703e-04
7.653474807739257812e-03,-2.590310573577880859e-02,3.316700458526611328e-04
7.834911346435546875e-03,-2.588558197021484375e-02,-9.092688560485839844e-05
8.059263229370117188e-03,-2.590942382812500000e-02,-4.940032958984375000e-04
8.263111114501953125e-03,-2.575802803039550781e-02,-8.478164672851562500e-04
8.463859558105468750e-03,-2.566719055175781250e-02,-1.187235116958618164e-03
8.503437042236328125e-03,-2.541434764862060547e-02,-1.398414373397827148e-03
8.515357971191406250e-03,-2.521431446075439453e-02,-1.694023609161376953e-03
8.540630340576171875e-03,-2.504634857177734375e-02,-1.939624547958374023e-03
8.636713027954101562e-03,-2.497780323028564453e-02,-2.029210329055786133e-03
8.694648742675781250e-03,-2.497601509094238281e-02,-2.196490764617919922e-03
8.785486221313476562e-03,-2.495014667510986328e-02,-2.409458160400390625e-03
8.893013000488281250e-03,-2.508378028869628906e-02,-2.614736557006835938e-03
8.893013000488281250e-03,-2.508378028869628906e-02,-2.614736557006835938e-03
8.893013000488281250e-03,-2.508378028869628906e-02,-2.614736557006835938e-03
8.892059326171875000e-03,-2.508425712585449219e-02,-2.766847610473632812e-03
8.841514587402343750e-03,-2.502429485321044922e-02,-3.014624118804931641e-03
8.891105651855468750e-03,-2.494680881500244141e-02,-3.269493579864501953e-03
8.955001831054687500e-03,-2.481496334075927734e-02,-3.575325012207031250e-03
8.959054946899414062e-03,-2.472162246704101562e-02,-3.829181194305419922e-03
9.050846099853515625e-03,-2.466332912445068359e-02,-4.074335098266601562e-03
9.107589721679687500e-03,-2.460813522338867188e-02,-4.290223121643066406e-03
9.141445159912109375e-03,-2.450215816497802734e-02,-4.420220851898193359e-03
9.158849716186523438e-03,-2.454459667205810547e-02,-4.460334777832031250e-03
9.237289428710937500e-03,-2.451598644256591797e-02,-4.491746425628662109e-03
9.324789047241210938e-03,-2.446603775024414062e-02,-4.533618688583374023e-03
9.334087371826171875e-03,-2.443528175354003906e-02,-4.647761583328247070e-03
9.260892868041992188e-03,-2.437961101531982422e-02,-4.661202430725097656e-03
9.219408035278320312e-03,-2.431368827819824219e-02,-4.681318998336791992e-03
9.262084960937500000e-03,-2.419090270996093750e-02,-4.613310098648071289e-03
9.315252304077148438e-03,-2.389919757843017578e-02,-4.522949457168579102e-03
9.407281875610351562e-03,-2.359616756439208984e-02,-4.387229681015014648e-03
9.444236755371093750e-03,-2.324724197387695312e-02,-4.193335771560668945e-03
9.443521499633789062e-03,-2.288353443145751953e-02,-4.024893045425415039e-03
9.306907653808593750e-03,-2.250730991363525391e-02,-3.703832626342773438e-03
9.172201156616210938e-03,-2.216148376464843750e-02,-3.314971923828125000e-03
9.179592132568359375e-03,-2.179980278015136719e-02,-2.878427505493164062e-03
9.042263031005859375e-03,-2.140390872955322266e-02,-2.484649419784545898e-03
8.996248245239257812e-03,-2.095031738281250000e-02,-2.052813768386840820e-03
8.786916732788085938e-03,-2.048075199127197266e-02,-1.624017953872680664e-03
8.615732192993164062e-03,-1.999592781066894531e-02,-1.096248626708984375e-03
8.505105972290039062e-03,-1.955533027648925781e-02,-5.855858325958251953e-04
8.517026901245117188e-03,-1.909160614013671875e-02,-5.462765693664550781e-05
8.507013320922851562e-03,-1.867783069610595703e-02,3.530979156494140625e-04
8.556365966796875000e-03,-1.827752590179443359e-02,7.205307483673095703e-04
8.847713470458984375e-03,-1.813340187072753906e-02,9.156465530395507812e-04
9.178638458251953125e-03,-1.816594600677490234e-02,1.054376363754272461e-03
9.601593017578125000e-03,-1.831889152526855469e-02,1.136064529418945312e-03
1.008892059326171875e-02,-1.856756210327148438e-02,1.156300306320190430e-03
1.055407524108886719e-02,-1.883637905120849609e-02,1.255035400390625000e-03
1.119256019592285156e-02,-1.932489871978759766e-02,1.376837491989135742e-03
1.167273521423339844e-02,-1.970827579498291016e-02,1.399874687194824219e-03
1.212453842163085938e-02,-2.009189128875732422e-02,1.419514417648315430e-03
1.265764236450195312e-02,-2.044308185577392578e-02,1.486331224441528320e-03
1.311278343200683594e-02,-2.070319652557373047e-02,1.596719026565551758e-03
1.348996162414550781e-02,-2.092921733856201172e-02,1.766264438629150391e-03
1.400160789489746094e-02,-2.122044563293457031e-02,2.002298831939697266e-03
1.435184478759765625e-02,-2.136445045471191406e-02,2.431124448776245117e-03
1.477074623107910156e-02,-2.151226997375488281e-02,2.870798110961914062e-03
1.514530181884765625e-02,-2.153646945953369141e-02,3.344804048538208008e-03
1.555728912353515625e-02,-2.148151397705078125e-02,3.865659236907958984e-03
1.600098609924316406e-02,-2.149033546447753906e-02,4.313975572586059570e-03
1.631879806518554688e-02,-2.149319648742675781e-02,4.615902900695800781e-03
1.667833328247070312e-02,-2.153682708740234375e-02,4.834413528442382812e-03
1.719141006469726562e-02,-2.165901660919189453e-02,5.050301551818847656e-03
1.772212982177734375e-02,-2.193534374237060547e-02,5.106061697006225586e-03
1.825833320617675781e-02,-2.222013473510742188e-02,4.994481801986694336e-03
1.872992515563964844e-02,-2.254819869995117188e-02,4.769474267959594727e-03
1.908421516418457031e-02,-2.268815040588378906e-02,4.582405090332031250e-03
1.929593086242675781e-02,-2.271187305450439453e-02,4.412561655044555664e-03
1.936674118041992188e-02,-2.255213260650634766e-02,4.237025976181030273e-03
1.934719085693359375e-02,-2.242577075958251953e-02,4.170000553131103516e-03
1.926350593566894531e-02,-2.234637737274169922e-02,4.126816987991333008e-03
1.919484138488769531e-02,-2.225124835968017578e-02,4.129618406295776367e-03
1.902651786804199219e-02,-2.216839790344238281e-02,4.088848829269409180e-03
1.880049705505371094e-02,-2.203285694122314453e-02,3.967076539993286133e-03
1.856756210327148438e-02,-2.189373970031738281e-02,3.770679235458374023e-03
1.834726333618164062e-02,-2.170813083648681641e-02,3.623723983764648438e-03
1.814937591552734375e-02,-2.162957191467285156e-02,3.369688987731933594e-03
1.803278923034667969e-02,-2.167296409606933594e-02,3.189802169799804688e-03
1.789188385009765625e-02,-2.181899547576904297e-02,2.974480390548706055e-03
1.772260665893554688e-02,-2.191519737243652344e-02,2.717196941375732422e-03
1.764392852783203125e-02,-2.208590507507324219e-02,2.432703971862792969e-03
1.762700080871582031e-02,-2.236211299896240234e-02,2.077311277389526367e-03
1.759600639343261719e-02,-2.264273166656494141e-02,1.741379499435424805e-03
1.750302314758300781e-02,-2.288603782653808594e-02,1.432001590728759766e-03
1.739859580993652344e-02,-2.305078506469726562e-02,1.156181097030639648e-03
1.739430427551269531e-02,-2.327132225036621094e-02,8.041858673095703125e-04
1.732730865478515625e-02,-2.339196205139160156e-02,4.666745662689208984e-04
1.735234260559082031e-02,-2.350437641143798828e-02,1.379549503326416016e-04
1.726245880126953125e-02,-2.348423004150390625e-02,-1.143515110015869141e-04
1.700258255004882812e-02,-2.315902709960937500e-02,5.364418029785156250e-07
1.693511009216308594e-02,-2.268385887145996094e-02,3.339648246765136719e-04
1.681971549987792969e-02,-2.221858501434326172e-02,7.045567035675048828e-04
1.663017272949218750e-02,-2.175652980804443359e-02,9.564757347106933594e-04
1.649928092956542969e-02,-2.133977413177490234e-02,1.087397336959838867e-03
1.632833480834960938e-02,-2.093517780303955078e-02,1.108497381210327148e-03
1.615500450134277344e-02,-2.067506313323974609e-02,1.105666160583496094e-03
1.595616340637207031e-02,-2.046620845794677734e-02,1.084983348846435547e-03
1.576399803161621094e-02,-2.030384540557861328e-02,9.624063968658447266e-04
1.553297042846679688e-02,-2.032268047332763672e-02,5.715191364288330078e-04
1.524353027343750000e-02,-2.042102813720703125e-02,1.851618289947509766e-04
1.493096351623535156e-02,-2.044260501861572266e-02,-1.830756664276123047e-04
1.474452018737792969e-02,-2.050220966339111328e-02,-3.387928009033203125e-04
1.459956169128417969e-02,-2.057039737701416016e-02,-3.000497817993164062e-04
1.450777053833007812e-02,-2.061831951141357422e-02,-1.875460147857666016e-04
1.442098617553710938e-02,-2.051687240600585938e-02,5.421042442321777344e-05
1.436901092529296875e-02,-2.037560939788818359e-02,3.815293312072753906e-04
1.433730125427246094e-02,-2.033615112304687500e-02,6.771683692932128906e-04
1.439452171325683594e-02,-2.042639255523681641e-02,9.169578552246093750e-04
1.458644866943359375e-02,-2.050733566284179688e-02,1.445293426513671875e-03
1.490736007690429688e-02,-2.071976661682128906e-02,1.810938119888305664e-03
1.524233818054199219e-02,-2.099537849426269531e-02,2.034932374954223633e-03
1.564073562622070312e-02,-2.120947837829589844e-02,2.318948507308959961e-03
1.603698730468750000e-02,-2.139854431152343750e-02,2.564817667007446289e-03
1.643919944763183594e-02,-2.151060104370117188e-02,2.795130014419555664e-03
1.675438880920410156e-02,-2.152359485626220703e-02,2.991378307342529297e-03
1.680588722229003906e-02,-2.142739295959472656e-02,3.035545349121093750e-03
1.679491996765136719e-02,-2.126622200012207031e-02,3.109931945800781250e-03
1.666331291198730469e-02,-2.110087871551513672e-02,3.193467855453491211e-03
1.644039154052734375e-02,-2.093517780303955078e-02,3.290891647338867188e-03
1.613855361938476562e-02,-2.065956592559814453e-02,3.400832414627075195e-03
1.572489738464355469e-02,-2.039897441864013672e-02,3.373473882675170898e-03
1.530766487121582031e-02,-2.005684375762939453e-02,3.458589315414428711e-03
1.493906974792480469e-02,-1.974666118621826172e-02,3.572940826416015625e-03
1.468300819396972656e-02,-1.938199996948242188e-02,3.821134567260742188e-03
1.442074775695800781e-02,-1.890063285827636719e-02,4.148066043853759766e-03
1.419234275817871094e-02,-1.846623420715332031e-02,4.490643739700317383e-03
1.403856277465820312e-02,-1.799976825714111328e-02,4.886537790298461914e-03
1.398205757141113281e-02,-1.753938198089599609e-02,5.270719528198242188e-03
1.390767097473144531e-02,-1.702582836151123047e-02,5.663365125656127930e-03
1.382589340209960938e-02,-1.658010482788085938e-02,5.967795848846435547e-03
1.376366615295410156e-02,-1.615953445434570312e-02,6.229430437088012695e-03
1.370000839233398438e-02,-1.571285724639892578e-02,6.287813186645507812e-03
1.364612579345703125e-02,-1.532554626464843750e-02,6.228923797607421875e-03
1.354074478149414062e-02,-1.500475406646728516e-02,5.988717079162597656e-03
1.354026794433593750e-02,-1.473832130432128906e-02,5.863219499588012695e-03
1.338839530944824219e-02,-1.448655128479003906e-02,5.698561668395996094e-03
1.324605941772460938e-02,-1.421093940734863281e-02,5.536824464797973633e-03
1.323485374450683594e-02,-1.402461528778076172e-02,5.405545234680175781e-03
1.319241523742675781e-02,-1.374721527099609375e-02,5.391150712966918945e-03
1.318430900573730469e-02,-1.350057125091552734e-02,5.462467670440673828e-03
1.327443122863769531e-02,-1.331329345703125000e-02,5.567461252212524414e-03
1.345658302307128906e-02,-1.320385932922363281e-02,5.623698234558105469e-03
1.359605789184570312e-02,-1.314616203308105469e-02,5.704373121261596680e-03
1.376819610595703125e-02,-1.310300827026367188e-02,5.872279405593872070e-03
1.371645927429199219e-02,-1.315259933471679688e-02,5.974084138870239258e-03
1.368665695190429688e-02,-1.319873332977294922e-02,6.123811006546020508e-03
1.383876800537109375e-02,-1.346504688262939453e-02,6.236106157302856445e-03
1.396512985229492188e-02,-1.360738277435302734e-02,6.448537111282348633e-03
1.409339904785156250e-02,-1.369392871856689453e-02,6.647050380706787109e-03
1.420664787292480469e-02,-1.370620727539062500e-02,6.875038146972656250e-03
1.426482200622558594e-02,-1.363599300384521484e-02,7.271289825439453125e-03
1.435303688049316406e-02,-1.348066329956054688e-02,7.708311080932617188e-03
1.441884040832519531e-02,-1.325714588165283203e-02,8.156716823577880859e-03
1.445722579956054688e-02,-1.301646232604980469e-02,8.595883846282958984e-03
1.433134078979492188e-02,-1.267266273498535156e-02,9.016126394271850586e-03
1.413154602050781250e-02,-1.220560073852539062e-02,9.504795074462890625e-03
1.403117179870605469e-02,-1.177465915679931641e-02,9.927064180374145508e-03
1.388621330261230469e-02,-1.135718822479248047e-02,1.042836904525756836e-02
1.377201080322265625e-02,-1.104021072387695312e-02,1.088950037956237793e-02
1.372289657592773438e-02,-1.076471805572509766e-02,1.131731271743774414e-02
1.375389099121093750e-02,-1.051020622253417969e-02,1.167845726013183594e-02
1.380443572998046875e-02,-1.030707359313964844e-02,1.208102703094482422e-02
1.388025283813476562e-02,-1.005780696868896484e-02,1.241809129714965820e-02
1.397871971130371094e-02,-9.701490402221679688e-03,1.273152232170104980e-02
1.406812667846679688e-02,-9.473800659179687500e-03,1.296609640121459961e-02
1.410365104675292969e-02,-9.113192558288574219e-03,1.323512196540832520e-02
1.423859596252441406e-02,-8.813261985778808594e-03,1.344564557075500488e-02
1.443195343017578125e-02,-8.586168289184570312e-03,1.362943649291992188e-02
1.458978652954101562e-02,-8.370041847229003906e-03,1.377543807029724121e-02
1.486206054687500000e-02,-8.274316787719726562e-03,1.393306255340576172e-02
1.508641242980957031e-02,-8.269786834716796875e-03,1.401436328887939453e-02
1.521682739257812500e-02,-8.187294006347656250e-03,1.412525773048400879e-02
1.529479026794433594e-02,-8.056282997131347656e-03,1.424652338027954102e-02
1.532959938049316406e-02,-8.037447929382324219e-03,1.428115367889404297e-02
1.521110534667968750e-02,-7.971525192260742188e-03,1.419195532798767090e-02
1.504278182983398438e-02,-7.956266403198242188e-03,1.396718621253967285e-02
1.479411125183105469e-02,-7.938385009765625000e-03,1.370149850845336914e-02
1.441144943237304688e-02,-7.863521575927734375e-03,1.346838474273681641e-02
1.401686668395996094e-02,-7.750034332275390625e-03,1.329228281974792480e-02
1.361274719238281250e-02,-7.591128349304199219e-03,1.308903098106384277e-02
1.319622993469238281e-02,-7.472157478332519531e-03,1.294785737991333008e-02
1.278090476989746094e-02,-7.309079170227050781e-03,1.293793320655822754e-02
1.230311393737792969e-02,-7.013797760009765625e-03,1.299306750297546387e-02
1.188993453979492188e-02,-6.794214248657226562e-03,1.310607790946960449e-02
1.152253150939941406e-02,-6.653189659118652344e-03,1.314914226531982422e-02
1.112532615661621094e-02,-6.405115127563476562e-03,1.346123218536376953e-02
1.072835922241210938e-02,-6.232619285583496094e-03,1.367557048797607422e-02
1.037120819091796875e-02,-6.046056747436523438e-03,1.386067271232604980e-02
1.012277603149414062e-02,-6.010651588439941406e-03,1.385366916656494141e-02
1.001524925231933594e-02,-6.135940551757812500e-03,1.362672448158264160e-02
9.876728057861328125e-03,-6.215691566467285156e-03,1.343908905982971191e-02
9.830474853515625000e-03,-6.338477134704589844e-03,1.316139101982116699e-02
9.839773178100585938e-03,-6.523609161376953125e-03,1.286599040031433105e-02
9.833574295043945312e-03,-6.599545478820800781e-03,1.252245903015136719e-02
9.867429733276367188e-03,-6.745219230651855469e-03,1.214179396629333496e-02
9.870052337646484375e-03,-6.867408752441406250e-03,1.172077655792236328e-02
9.943962097167968750e-03,-6.985902786254882812e-03,1.131460070610046387e-02
1.001262664794921875e-02,-7.152438163757324219e-03,1.093399524688720703e-02
1.004910469055175781e-02,-7.307052612304687500e-03,1.054319739341735840e-02
1.000952720642089844e-02,-7.403969764709472656e-03,1.022872328758239746e-02
1.001596450805664062e-02,-7.410883903503417969e-03,9.894311428070068359e-03
9.892463684082031250e-03,-7.249474525451660156e-03,9.626060724258422852e-03
9.826898574829101562e-03,-7.079601287841796875e-03,9.401440620422363281e-03
9.838342666625976562e-03,-6.884694099426269531e-03,9.254157543182373047e-03
9.963035583496093750e-03,-6.724596023559570312e-03,9.130924940109252930e-03
1.007628440856933594e-02,-6.502032279968261719e-03,9.060025215148925781e-03
1.006770133972167969e-02,-6.336569786071777344e-03,9.054780006408691406e-03
1.033449172973632812e-02,-6.189346313476562500e-03,9.136646986007690430e-03
1.072168350219726562e-02,-6.097555160522460938e-03,9.255349636077880859e-03
1.107311248779296875e-02,-5.986928939819335938e-03,9.437382221221923828e-03
1.137065887451171875e-02,-5.797266960144042969e-03,9.576529264450073242e-03
1.159143447875976562e-02,-5.523204803466796875e-03,9.655863046646118164e-03
1.189398765563964844e-02,-5.356311798095703125e-03,9.609669446945190430e-03
1.198577880859375000e-02,-5.139112472534179688e-03,9.541720151901245117e-03
1.199555397033691406e-02,-4.955291748046875000e-03,9.391427040100097656e-03
1.200890541076660156e-02,-4.754900932312011719e-03,9.238690137863159180e-03
1.198458671569824219e-02,-4.700660705566406250e-03,8.933275938034057617e-03
1.189351081848144531e-02,-4.567503929138183594e-03,8.578836917877197266e-03
1.167821884155273438e-02,-4.466295242309570312e-03,8.272111415863037109e-03
1.149916648864746094e-02,-4.372477531433105469e-03,8.020579814910888672e-03
1.134061813354492188e-02,-4.218459129333496094e-03,7.726579904556274414e-03
1.108431816101074219e-02,-3.997683525085449219e-03,7.541537284851074219e-03
1.087021827697753906e-02,-3.748297691345214844e-03,7.485151290893554688e-03
1.063346862792968750e-02,-3.474712371826171875e-03,7.510721683502197266e-03
1.033473014831542969e-02,-3.124117851257324219e-03,7.516950368881225586e-03
1.001024246215820312e-02,-2.740383148193359375e-03,7.527470588684082031e-03
9.643316268920898438e-03,-2.341985702514648438e-03,7.497727870941162109e-03
9.171962738037109375e-03,-1.938581466674804688e-03,7.480055093765258789e-03
8.670330047607421875e-03,-1.471638679504394531e-03,7.396936416625976562e-03
8.132934570312500000e-03,-1.007795333862304688e-03,7.311791181564331055e-03
7.504224777221679688e-03,-5.066394805908203125e-04,7.177084684371948242e-03
6.813764572143554688e-03,-1.978874206542968750e-05,7.037371397018432617e-03
6.122827529907226562e-03,4.094839096069335938e-04,6.930857896804809570e-03
5.487680435180664062e-03,7.925033569335937500e-04,6.836622953414916992e-03
4.926919937133789062e-03,1.110196113586425781e-03,6.704241037368774414e-03
4.416465759277343750e-03,1.344680786132812500e-03,6.513297557830810547e-03
3.971576690673828125e-03,1.559257507324218750e-03,6.400257349014282227e-03
3.589868545532226562e-03,1.724481582641601562e-03,6.321221590042114258e-03
3.226518630981445312e-03,1.884460449218750000e-03,6.299018859863281250e-03
2.968311309814453125e-03,1.996040344238281250e-03,6.337553262710571289e-03
2.762556076049804688e-03,2.107262611389160156e-03,6.433755159378051758e-03
2.594232559204101562e-03,2.103805541992187500e-03,6.466448307037353516e-03
2.584934234619140625e-03,1.947641372680664062e-03,6.456345319747924805e-03
2.818346023559570312e-03,1.551389694213867188e-03,6.461977958679199219e-03
3.010272979736328125e-03,1.180648803710937500e-03,6.544888019561767578e-03
3.185510635375976562e-03,9.156465530395507812e-04,6.689280271530151367e-03
3.308057785034179688e-03,6.080865859985351562e-04,6.767421960830688477e-03
3.480195999145507812e-03,3.198385238647460938e-04,6.877601146697998047e-03
3.619194030761718750e-03,1.783370971679687500e-04,7.001698017120361328e-03
3.681898117065429688e-03,1.132488250732421875e-04,7.053703069686889648e-03
3.607988357543945312e-03,6.055831909179687500e-05,7.024675607681274414e-03
3.458023071289062500e-03,1.213550567626953125e-04,7.041424512863159180e-03
3.273010253906250000e-03,2.847909927368164062e-04,7.038235664367675781e-03
3.022432327270507812e-03,6.128549575805664062e-04,7.136821746826171875e-03
2.972841262817382812e-03,1.024127006530761719e-03,7.284134626388549805e-03
2.919912338256835938e-03,1.474261283874511719e-03,7.486850023269653320e-03
2.912759780883789062e-03,1.994013786315917969e-03,7.779926061630249023e-03
2.959012985229492188e-03,2.484440803527832031e-03,8.174419403076171875e-03
3.049612045288085938e-03,2.879023551940917969e-03,8.502364158630371094e-03
3.087997436523437500e-03,3.241181373596191406e-03,8.813172578811645508e-03
3.133535385131835938e-03,3.568530082702636719e-03,9.100258350372314453e-03
3.201723098754882812e-03,3.723502159118652344e-03,9.296447038650512695e-03
3.262758255004882812e-03,3.888607025146484375e-03,9.582966566085815430e-03
3.289461135864257812e-03,4.004955291748046875e-03,9.725689888000488281e-03
3.225803375244140625e-03,4.127860069274902344e-03,9.709984064102172852e-03
3.161907196044921875e-03,4.311800003051757812e-03,9.668171405792236328e-03
3.132820129394531250e-03,4.530906677246093750e-03,9.649574756622314453e-03
3.114700317382812500e-03,4.730224609375000000e-03,9.755641222000122070e-03
3.074645996093750000e-03,4.878520965576171875e-03,9.790420532226562500e-03
2.994298934936523438e-03,5.042910575866699219e-03,9.928345680236816406e-03
2.916812896728515625e-03,5.150198936462402344e-03,1.005554199218750000e-02
2.824068069458007812e-03,5.269289016723632812e-03,1.024067401885986328e-02
2.724885940551757812e-03,5.332827568054199219e-03,1.042562723159790039e-02
2.635002136230468750e-03,5.360960960388183594e-03,1.056838035583496094e-02
2.551794052124023438e-03,5.408525466918945312e-03,1.073709130287170410e-02
2.459526062011718750e-03,5.368590354919433594e-03,1.079171895980834961e-02
2.329111099243164062e-03,5.383729934692382812e-03,1.085940003395080566e-02
2.243041992187500000e-03,5.339384078979492188e-03,1.083478331565856934e-02
2.102851867675781250e-03,5.241394042968750000e-03,1.080483198165893555e-02
2.019166946411132812e-03,4.987239837646484375e-03,1.067394018173217773e-02
1.843690872192382812e-03,4.841208457946777344e-03,1.057425141334533691e-02
1.719713211059570312e-03,4.679322242736816406e-03,1.047471165657043457e-02
1.681327819824218750e-03,4.424095153808593750e-03,1.038452982902526855e-02
1.631021499633789062e-03,4.118323326110839844e-03,1.026862859725952148e-02
1.602172851562500000e-03,3.849387168884277344e-03,1.015859842300415039e-02
1.592397689819335938e-03,3.579497337341308594e-03,1.011568307876586914e-02
1.621961593627929688e-03,3.392457962036132812e-03,1.013049483299255371e-02
1.547813415527343750e-03,3.312468528747558594e-03,1.022168993949890137e-02
1.362085342407226562e-03,3.298640251159667969e-03,1.032429933547973633e-02
1.195192337036132812e-03,3.262400627136230469e-03,1.038581132888793945e-02
9.069442749023437500e-04,3.482937812805175781e-03,1.038694381713867188e-02
6.542205810546875000e-04,3.742218017578125000e-03,1.036483049392700195e-02
4.367828369140625000e-04,3.994226455688476562e-03,1.036173105239868164e-02
3.874301910400390625e-04,4.187822341918945312e-03,1.036742329597473145e-02
4.401206970214843750e-04,4.305958747863769531e-03,1.037299633026123047e-02
5.662441253662109375e-04,4.320263862609863281e-03,1.036211848258972168e-02
6.628036499023437500e-04,4.397153854370117188e-03,1.034808158874511719e-02
8.075237274169921875e-04,4.392623901367187500e-03,1.033344864845275879e-02
9.446144104003906250e-04,4.474639892578125000e-03,1.039361953735351562e-02
1.139879226684570312e-03,4.511713981628417969e-03,1.040163636207580566e-02
1.431465148925781250e-03,4.465937614440917969e-03,1.037389039993286133e-02
1.732826232910156250e-03,4.438161849975585938e-03,1.035133004188537598e-02
2.019405364990234375e-03,4.455208778381347656e-03,1.040270924568176270e-02
2.316236495971679688e-03,4.475593566894531250e-03,1.051598787307739258e-02
2.532482147216796875e-03,4.551529884338378906e-03,1.059168577194213867e-02
2.689838409423828125e-03,4.624247550964355469e-03,1.072973012924194336e-02
2.715349197387695312e-03,4.902482032775878906e-03,1.091304421424865723e-02
2.737522125244140625e-03,5.185961723327636719e-03,1.111704111099243164e-02
2.717256546020507812e-03,5.413651466369628906e-03,1.132360100746154785e-02
2.758026123046875000e-03,5.563735961914062500e-03,1.158952713012695312e-02
2.811431884765625000e-03,5.751013755798339844e-03,1.182755827903747559e-02
2.829074859619140625e-03,5.893588066101074219e-03,1.202169060707092285e-02
2.897977828979492188e-03,5.875825881958007812e-03,1.211744546890258789e-02
2.974510192871093750e-03,5.789756774902343750e-03,1.218178868293762207e-02
3.118515014648437500e-03,5.731701850891113281e-03,1.231846213340759277e-02
3.266334533691406250e-03,5.580306053161621094e-03,1.244115829467773438e-02
3.448247909545898438e-03,5.348324775695800781e-03,1.248484849929809570e-02
3.540754318237304688e-03,5.124211311340332031e-03,1.252928376197814941e-02
3.585100173950195312e-03,4.899859428405761719e-03,1.249140501022338867e-02
3.648042678833007812e-03,4.639983177185058594e-03,1.248672604560852051e-02
3.640413284301757812e-03,4.420042037963867188e-03,1.240605115890502930e-02
3.615379333496093750e-03,4.206895828247070312e-03,1.231813430786132812e-02
3.547191619873046875e-03,4.005551338195800781e-03,1.223149895668029785e-02
3.448724746704101562e-03,3.812074661254882812e-03,1.221880316734313965e-02
3.418922424316406250e-03,3.520488739013671875e-03,1.223292946815490723e-02
3.387212753295898438e-03,3.283619880676269531e-03,1.227319240570068359e-02
3.334999084472656250e-03,3.116011619567871094e-03,1.234251260757446289e-02
3.285408020019531250e-03,2.941846847534179688e-03,1.243793964385986328e-02
3.259658813476562500e-03,2.780199050903320312e-03,1.256334781646728516e-02
3.170728683471679688e-03,2.718925476074218750e-03,1.273652911186218262e-02
3.198385238647460938e-03,2.617001533508300781e-03,1.296061277389526367e-02
3.300666809082031250e-03,2.504706382751464844e-03,1.316210627555847168e-02
3.468275070190429688e-03,2.388238906860351562e-03,1.337456703186035156e-02
3.676891326904296875e-03,2.155303955078125000e-03,1.346391439437866211e-02
3.893375396728515625e-03,1.912832260131835938e-03,1.355111598968505859e-02
4.036188125610351562e-03,1.587390899658203125e-03,1.351198554039001465e-02
4.092216491699218750e-03,1.328229904174804688e-03,1.343610882759094238e-02
4.044771194458007812e-03,1.153469085693359375e-03,1.332360506057739258e-02
3.918647766113281250e-03,1.008510589599609375e-03,1.316657662391662598e-02
3.726482391357421875e-03,8.890628814697265625e-04,1.295837759971618652e-02
3.493785858154296875e-03,8.039474487304687500e-04,1.269942522048950195e-02
3.277540206909179688e-03,7.897615432739257812e-04,1.243454217910766602e-02
3.046989440917968750e-03,7.311105728149414062e-04,1.203760504722595215e-02
2.889394760131835938e-03,6.271600723266601562e-04,1.172462105751037598e-02
2.720594406127929688e-03,5.275011062622070312e-04,1.137617230415344238e-02
2.583980560302734375e-03,4.588365554809570312e-04,1.102751493453979492e-02
2.478361129760742188e-03,3.721714019775390625e-04,1.068761944770812988e-02
2.472400665283203125e-03,2.808570861816406250e-04,1.046594977378845215e-02
2.428531646728515625e-03,2.475976943969726562e-04,1.031497120857238770e-02
2.426862716674804688e-03,2.031326293945312500e-04,1.026698946952819824e-02
2.363204956054687500e-03,2.285242080688476562e-04,1.027223467826843262e-02
2.367973327636718750e-03,3.567934036254882812e-04,1.036226749420166016e-02
2.379894256591796875e-03,4.411935806274414062e-04,1.041203737258911133e-02
2.436161041259765625e-03,5.147457122802734375e-04,1.042631268501281738e-02
2.402544021606445312e-03,6.072521209716796875e-04,1.034152507781982422e-02
2.377986907958984375e-03,7.356405258178710938e-04,1.027810573577880859e-02
2.352476119995117188e-03,9.188652038574218750e-04,1.023691892623901367e-02
2.403736114501953125e-03,1.187562942504882812e-03,1.024565100669860840e-02
2.524137496948242188e-03,1.382946968078613281e-03,1.026815176010131836e-02
2.684354782104492188e-03,1.502990722656250000e-03,1.023679971694946289e-02
2.953052520751953125e-03,1.577138900756835938e-03,1.023277640342712402e-02
3.168106079101562500e-03,1.550912857055664062e-03,1.015624403953552246e-02
3.455162048339843750e-03,1.531958580017089844e-03,1.005566120147705078e-02
3.758430480957031250e-03,1.494407653808593750e-03,9.934663772583007812e-03
4.028320312500000000e-03,1.463770866394042969e-03,9.826213121414184570e-03
4.232883453369140625e-03,1.500368118286132812e-03,9.681701660156250000e-03
4.431009292602539062e-03,1.487493515014648438e-03,9.520679712295532227e-03
4.562616348266601562e-03,1.457333564758300781e-03,9.350895881652832031e-03
4.575967788696289062e-03,1.441240310668945312e-03,9.137332439422607422e-03
4.509687423706054688e-03,1.376628875732421875e-03,8.832097053527832031e-03
4.391670227050781250e-03,1.299023628234863281e-03,8.527517318725585938e-03
4.206657409667968750e-03,1.224398612976074219e-03,8.187115192413330078e-03
3.997087478637695312e-03,1.092433929443359375e-03,7.896065711975097656e-03
3.678083419799804688e-03,1.027464866638183594e-03,7.673472166061401367e-03
3.373861312866210938e-03,1.014947891235351562e-03,7.510811090469360352e-03
2.998828887939453125e-03,1.018881797790527344e-03,7.450640201568603516e-03
2.656698226928710938e-03,1.105427742004394531e-03,7.352381944656372070e-03
2.448081970214843750e-03,1.171350479125976562e-03,7.337093353271484375e-03
2.189159393310546875e-03,1.319169998168945312e-03,7.226198911666870117e-03
2.027988433837890625e-03,1.382708549499511719e-03,7.057547569274902344e-03
1.885652542114257812e-03,1.374840736389160156e-03,6.803572177886962891e-03
1.748561859130859375e-03,1.285791397094726562e-03,6.501674652099609375e-03
1.663446426391601562e-03,1.171708106994628906e-03,6.223022937774658203e-03
1.747369766235351562e-03,9.523630142211914062e-04,5.918055772781372070e-03
1.877069473266601562e-03,7.342100143432617188e-04,5.641937255859375000e-03
2.012014389038085938e-03,5.471706390380859375e-04,5.411893129348754883e-03
2.132892608642578125e-03,3.901720046997070312e-04,5.212962627410888672e-03
2.296209335327148438e-03,2.325773239135742188e-04,5.042940378189086914e-03
2.437829971313476562e-03,1.388788223266601562e-04,5.000650882720947266e-03
2.529859542846679688e-03,1.815557479858398438e-04,5.027681589126586914e-03
2.637863159179687500e-03,3.097057342529296875e-04,5.129754543304443359e-03
2.771854400634765625e-03,4.272460937500000000e-04,5.275487899780273438e-03
2.830266952514648438e-03,7.220506668090820312e-04,5.418300628662109375e-03
2.876520156860351562e-03,9.371042251586914062e-04,5.408346652984619141e-03
2.942800521850585938e-03,1.076459884643554688e-03,5.373865365982055664e-03
3.027439117431640625e-03,1.233696937561035156e-03,5.297243595123291016e-03
3.159999847412109375e-03,1.367926597595214844e-03,5.215942859649658203e-03
3.442525863647460938e-03,1.577615737915039062e-03,5.183786153793334961e-03
3.774404525756835938e-03,1.736283302307128906e-03,5.253344774246215820e-03
4.109859466552734375e-03,2.048850059509277344e-03,5.569815635681152344e-03
4.395723342895507812e-03,2.378463745117187500e-03,5.916118621826171875e-03
4.627227783203125000e-03,2.701282501220703125e-03,6.234109401702880859e-03
4.878997802734375000e-03,2.976894378662109375e-03,6.562173366546630859e-03
5.131959915161132812e-03,3.113508224487304688e-03,6.901055574417114258e-03
5.444288253784179688e-03,3.285646438598632812e-03,7.244020700454711914e-03
5.734920501708984375e-03,3.448724746704101562e-03,7.631003856658935547e-03
5.999803543090820312e-03,3.585577011108398438e-03,8.011519908905029297e-03
6.177425384521484375e-03,3.779530525207519531e-03,8.337229490280151367e-03
6.301164627075195312e-03,3.909349441528320312e-03,8.677393198013305664e-03
6.355524063110351562e-03,4.017710685729980469e-03,8.986651897430419922e-03
6.364583969116210938e-03,4.186868667602539062e-03,9.239882230758666992e-03
6.401777267456054688e-03,4.342555999755859375e-03,9.396135807037353516e-03
6.379842758178710938e-03,4.452943801879882812e-03,9.495377540588378906e-03
6.280899047851562500e-03,4.574894905090332031e-03,9.530097246170043945e-03
6.171226501464843750e-03,4.662752151489257812e-03,9.549736976623535156e-03
6.057977676391601562e-03,4.677176475524902344e-03,9.510666131973266602e-03
5.948543548583984375e-03,4.730343818664550781e-03,9.510308504104614258e-03
5.798816680908203125e-03,4.759788513183593750e-03,9.461522102355957031e-03
5.511045455932617188e-03,4.997968673706054688e-03,9.528458118438720703e-03
5.254983901977539062e-03,5.151987075805664062e-03,9.560078382492065430e-03
5.176305770874023438e-03,5.136609077453613281e-03,9.636551141738891602e-03
5.167245864868164062e-03,5.046606063842773438e-03,9.644865989685058594e-03
5.232334136962890625e-03,4.879355430603027344e-03,9.600818157196044922e-03
5.350351333618164062e-03,4.593491554260253906e-03,9.530246257781982422e-03
5.506038665771484375e-03,4.257440567016601562e-03,9.488612413406372070e-03
5.687236785888671875e-03,3.831863403320312500e-03,9.420394897460937500e-03
5.869865417480468750e-03,3.397226333618164062e-03,9.408921003341674805e-03
6.071805953979492188e-03,2.987265586853027344e-03,9.386867284774780273e-03
6.175994873046875000e-03,2.610325813293457031e-03,9.343594312667846680e-03
6.286621093750000000e-03,2.258658409118652344e-03,9.364098310470581055e-03
6.371974945068359375e-03,2.002120018005371094e-03,9.396970272064208984e-03
6.426334381103515625e-03,1.814126968383789062e-03,9.476244449615478516e-03
6.415605545043945312e-03,1.741290092468261719e-03,9.613782167434692383e-03
6.291866302490234375e-03,1.805305480957031250e-03,9.786784648895263672e-03
6.260156631469726562e-03,1.812458038330078125e-03,9.988129138946533203e-03
6.268978118896484375e-03,1.831650733947753906e-03,1.026588678359985352e-02
6.240844726562500000e-03,1.859307289123535156e-03,1.060363650321960449e-02
6.177902221679687500e-03,1.969814300537109375e-03,1.097944378852844238e-02
6.057500839233398438e-03,2.144575119018554688e-03,1.136699318885803223e-02
5.903482437133789062e-03,2.318978309631347656e-03,1.176264882087707520e-02
5.721330642700195312e-03,2.520561218261718750e-03,1.215845346450805664e-02
5.596876144409179688e-03,2.759814262390136719e-03,1.251763105392456055e-02
5.427598953247070312e-03,2.969026565551757812e-03,1.287424564361572266e-02
5.260944366455078125e-03,3.125905990600585938e-03,1.326245069503784180e-02
5.095005035400390625e-03,3.265738487243652344e-03,1.359578967094421387e-02
4.931688308715820312e-03,3.378272056579589844e-03,1.383185386657714844e-02
4.773855209350585938e-03,3.448963165283203125e-03,1.391369104385375977e-02
4.637241363525390625e-03,3.584027290344238281e-03,1.404431462287902832e-02
4.488468170166015625e-03,3.778696060180664062e-03,1.417711377143859863e-02
4.404783248901367188e-03,3.838896751403808594e-03,1.415702700614929199e-02
4.354238510131835938e-03,3.850340843200683594e-03,1.409095525741577148e-02
4.364728927612304688e-03,3.745079040527343750e-03,1.390725374221801758e-02
4.411458969116210938e-03,3.593802452087402344e-03,1.359358429908752441e-02
4.501819610595703125e-03,3.378629684448242188e-03,1.323720812797546387e-02
4.568576812744140625e-03,3.192186355590820312e-03,1.282835006713867188e-02
4.601478576660156250e-03,2.995371818542480469e-03,1.238918304443359375e-02
4.565000534057617188e-03,2.775788307189941406e-03,1.188966631889343262e-02
4.516839981079101562e-03,2.488970756530761719e-03,1.134932041168212891e-02
4.535198211669921875e-03,2.155780792236328125e-03,1.088482141494750977e-02
4.462003707885742188e-03,1.820206642150878906e-03,1.042270660400390625e-02
4.414558410644531250e-03,1.488447189331054688e-03,9.970039129257202148e-03
4.313707351684570312e-03,1.205801963806152344e-03,9.660422801971435547e-03
4.154443740844726562e-03,9.924173355102539062e-04,9.421855211257934570e-03
4.043579101562500000e-03,8.696317672729492188e-04,9.236246347427368164e-03
3.923892974853515625e-03,7.702112197875976562e-04,9.076148271560668945e-03
3.833293914794921875e-03,7.021427154541015625e-04,8.925348520278930664e-03
3.700494766235351562e-03,6.195306777954101562e-04,8.792757987976074219e-03
3.591775894165039062e-03,5.745887756347656250e-04,8.705675601959228516e-03
3.498792648315429688e-03,5.800724029541015625e-04,8.737534284591674805e-03
3.381252288818359375e-03,6.723403930664062500e-04,8.768349885940551758e-03
3.347635269165039062e-03,6.926059722900390625e-04,8.797764778137207031e-03
3.391265869140625000e-03,7.814168930053710938e-04,8.844047784805297852e-03
3.504276275634765625e-03,8.572340011596679688e-04,8.883565664291381836e-03
3.608226776123046875e-03,8.870363235473632812e-04,8.908450603485107422e-03
3.686904907226562500e-03,9.493827819824218750e-04,8.918642997741699219e-03
3.836870193481445312e-03,9.775161743164062500e-04,8.840084075927734375e-03
3.995180130004882812e-03,9.024143218994140625e-04,8.703202009201049805e-03
4.140377044677734375e-03,8.014440536499023438e-04,8.565396070480346680e-03
4.395723342895507812e-03,6.370544433593750000e-04,8.418500423431396484e-03
4.620790481567382812e-03,4.891157150268554688e-04,8.261322975158691406e-03
4.746437072753906250e-03,3.936290740966796875e-04,8.123993873596191406e-03
4.814624786376953125e-03,3.911256790161132812e-04,8.047759532928466797e-03
4.853248596191406250e-03,3.418922424316406250e-04,7.976859807968139648e-03
4.846811294555664062e-03,3.402233123779296875e-04,7.967144250869750977e-03
4.772424697875976562e-03,3.864765167236328125e-04,7.930427789688110352e-03
4.663705825805664062e-03,4.047155380249023438e-04,7.865577936172485352e-03
4.555225372314453125e-03,3.908872604370117188e-04,7.833510637283325195e-03
4.426002502441406250e-03,3.676414489746093750e-04,7.790058851242065430e-03
4.333496093750000000e-03,3.873109817504882812e-04,7.764518260955810547e-03
4.266262054443359375e-03,4.103183746337890625e-04,7.756322622299194336e-03
4.187583923339843750e-03,5.080699920654296875e-04,7.789880037307739258e-03
4.038572311401367188e-03,6.794929504394531250e-04,7.801294326782226562e-03
3.965616226196289062e-03,8.808374404907226562e-04,7.787734270095825195e-03
3.996849060058593750e-03,1.060009002685546875e-03,7.829070091247558594e-03
4.005670547485351562e-03,1.244902610778808594e-03,7.861971855163574219e-03
3.978490829467773438e-03,1.465439796447753906e-03,7.884323596954345703e-03
3.947734832763671875e-03,1.647591590881347656e-03,7.907986640930175781e-03
3.949403762817382812e-03,1.817107200622558594e-03,7.936775684356689453e-03
4.057407379150390625e-03,1.889348030090332031e-03,7.977128028869628906e-03
4.217624664306640625e-03,1.889467239379882812e-03,7.999122142791748047e-03
4.364252090454101562e-03,1.834273338317871094e-03,8.040219545364379883e-03
4.502296447753906250e-03,1.720547676086425781e-03,8.060276508331298828e-03
4.536628723144531250e-03,1.639127731323242188e-03,8.097082376480102539e-03
4.462242126464843750e-03,1.603841781616210938e-03,8.035182952880859375e-03
4.237890243530273438e-03,1.619696617126464844e-03,7.985323667526245117e-03
3.996849060058593750e-03,1.647233963012695312e-03,7.942765951156616211e-03
3.810882568359375000e-03,1.665234565734863281e-03,7.930666208267211914e-03
3.614664077758789062e-03,1.720428466796875000e-03,7.934451103210449219e-03
3.454208374023437500e-03,1.728653907775878906e-03,7.938474416732788086e-03
3.251314163208007812e-03,1.795291900634765625e-03,8.007377386093139648e-03
3.064632415771484375e-03,1.892328262329101562e-03,8.107453584671020508e-03
2.951145172119140625e-03,1.989960670471191406e-03,8.301526308059692383e-03
2.857685089111328125e-03,2.050876617431640625e-03,8.409082889556884766e-03
2.780437469482421875e-03,2.052187919616699219e-03,8.448213338851928711e-03
2.656936645507812500e-03,2.046227455139160156e-03,8.470743894577026367e-03
2.553701400756835938e-03,2.059221267700195312e-03,8.516311645507812500e-03
2.552747726440429688e-03,2.000212669372558594e-03,8.534371852874755859e-03
2.555131912231445312e-03,1.881837844848632812e-03,8.525222539901733398e-03
2.551555633544921875e-03,1.800060272216796875e-03,8.523792028427124023e-03
2.565622329711914062e-03,1.707911491394042969e-03,8.471697568893432617e-03
2.595663070678710938e-03,1.623749732971191406e-03,8.382707834243774414e-03
2.698659896850585938e-03,1.511693000793457031e-03,8.288711309432983398e-03
2.794504165649414062e-03,1.445412635803222656e-03,8.222401142120361328e-03
2.866983413696289062e-03,1.404881477355957031e-03,8.144348859786987305e-03
2.955913543701171875e-03,1.399397850036621094e-03,8.121967315673828125e-03
3.021478652954101562e-03,1.406311988830566406e-03,8.128374814987182617e-03
3.087997436523437500e-03,1.413106918334960938e-03,8.168905973434448242e-03
3.201246261596679688e-03,1.418590545654296875e-03,8.228957653045654297e-03
3.267765045166015625e-03,1.432418823242187500e-03,8.287400007247924805e-03
3.328323364257812500e-03,1.461267471313476562e-03,8.381038904190063477e-03
3.339529037475585938e-03,1.523375511169433594e-03,8.491694927215576172e-03
3.322601318359375000e-03,1.572012901306152344e-03,8.566528558731079102e-03
3.308057785034179688e-03,1.618981361389160156e-03,8.650869131088256836e-03
3.287553787231445312e-03,1.677513122558593750e-03,8.687764406204223633e-03
3.264904022216796875e-03,1.775979995727539062e-03,8.699923753738403320e-03
3.244161605834960938e-03,1.897454261779785156e-03,8.705079555511474609e-03
3.283500671386718750e-03,1.970052719116210938e-03,8.640348911285400391e-03
3.302335739135742188e-03,2.127528190612792969e-03,8.566170930862426758e-03
3.356218338012695312e-03,2.253174781799316406e-03,8.530974388122558594e-03
3.384351730346679688e-03,2.324819564819335938e-03,8.428901433944702148e-03
3.435850143432617188e-03,2.423644065856933594e-03,8.370369672775268555e-03
3.519535064697265625e-03,2.462625503540039062e-03,8.291810750961303711e-03
3.656148910522460938e-03,2.499699592590332031e-03,8.185684680938720703e-03
3.830671310424804688e-03,2.467155456542968750e-03,8.055835962295532227e-03
4.002571105957031250e-03,2.437591552734375000e-03,7.928937673568725586e-03
4.474639892578125000e-03,2.378702163696289062e-03,7.876753807067871094e-03
4.874944686889648438e-03,2.316236495971679688e-03,7.786095142364501953e-03
5.236864089965820312e-03,2.240300178527832031e-03,7.679402828216552734e-03
5.538225173950195312e-03,2.151489257812500000e-03,7.573902606964111328e-03
5.835056304931640625e-03,2.034544944763183594e-03,7.387995719909667969e-03
6.084680557250976562e-03,1.905798912048339844e-03,7.199347019195556641e-03
6.264209747314453125e-03,1.786470413208007812e-03,7.040739059448242188e-03
6.365060806274414062e-03,1.731872558593750000e-03,6.932526826858520508e-03
6.219863891601562500e-03,2.602934837341308594e-03,5.954265594482421875e-03
6.146430969238281250e-03,3.365278244018554688e-03,5.122840404510498047e-03
6.143808364868164062e-03,4.018545150756835938e-03,4.382371902465820312e-03
6.151199340820312500e-03,4.624128341674804688e-03,3.689050674438476562e-03
6.776332855224609375e-03,5.112171173095703125e-03,3.113150596618652344e-03
7.360696792602539062e-03,5.572080612182617188e-03,2.619862556457519531e-03
7.884740829467773438e-03,6.011724472045898438e-03,2.210706472396850586e-03
8.384943008422851562e-03,6.381750106811523438e-03,1.856595277786254883e-03
8.844375610351562500e-03,6.768345832824707031e-03,1.562952995300292969e-03
9.233236312866210938e-03,7.161736488342285156e-03,1.301795244216918945e-03
9.603500366210937500e-03,7.495880126953125000e-03,1.078099012374877930e-03
9.983062744140625000e-03,7.816433906555175781e-03,9.390413761138916016e-04
1.033329963684082031e-02,8.125662803649902344e-03,8.600354194641113281e-04
1.069903373718261719e-02,8.419394493103027344e-03,8.407533168792724609e-04
1.105999946594238281e-02,8.694410324096679688e-03,8.492767810821533203e-04
1.137995719909667969e-02,8.942127227783203125e-03,8.611977100372314453e-04
1.169776916503906250e-02,9.168863296508789062e-03,9.089708328247070312e-04
1.200413703918457031e-02,9.389281272888183594e-03,9.974837303161621094e-04
1.230835914611816406e-02,9.590148925781250000e-03,1.103311777114868164e-03
1.230835914611816406e-02,9.590148925781250000e-03,1.103311777114868164e-03
1.258063316345214844e-02,9.776353836059570312e-03,1.224160194396972656e-03
1.283168792724609375e-02,9.938955307006835938e-03,1.363217830657958984e-03
1.312828063964843750e-02,1.009976863861083984e-02,1.506716012954711914e-03
1.341104507446289062e-02,1.025044918060302734e-02,1.680970191955566406e-03
1.368331909179687500e-02,1.040363311767578125e-02,1.875162124633789062e-03
1.404500007629394531e-02,1.051485538482666016e-02,2.083331346511840820e-03
1.442742347717285156e-02,1.058852672576904297e-02,2.328634262084960938e-03
1.476931571960449219e-02,1.065742969512939453e-02,2.593964338302612305e-03
1.510524749755859375e-02,1.072013378143310547e-02,2.881735563278198242e-03
1.545166969299316406e-02,1.076555252075195312e-02,3.184437751770019531e-03
1.577925682067871094e-02,1.082384586334228516e-02,3.479450941085815430e-03
1.608729362487792969e-02,1.089489459991455078e-02,3.780066967010498047e-03
1.637482643127441406e-02,1.097202301025390625e-02,4.076659679412841797e-03
1.665639877319335938e-02,1.102030277252197266e-02,4.343241453170776367e-03
1.698374748229980469e-02,1.105237007141113281e-02,4.598170518875122070e-03
1.734566688537597656e-02,1.106667518615722656e-02,4.822134971618652344e-03
1.771640777587890625e-02,1.107752323150634766e-02,5.016446113586425781e-03
1.807522773742675781e-02,1.106321811676025391e-02,5.185723304748535156e-03
1.842093467712402344e-02,1.101696491241455078e-02,5.306899547576904297e-03
1.872563362121582031e-02,1.098740100860595703e-02,5.412220954895019531e-03
1.900577545166015625e-02,1.095235347747802734e-02,5.489766597747802734e-03
1.924276351928710938e-02,1.090967655181884766e-02,5.535602569580078125e-03
1.944589614868164062e-02,1.087629795074462891e-02,5.569130182266235352e-03
1.961088180541992188e-02,1.084721088409423828e-02,5.602359771728515625e-03
1.974916458129882812e-02,1.080501079559326172e-02,5.624592304229736328e-03
1.985287666320800781e-02,1.076936721801757812e-02,5.646556615829467773e-03
1.992034912109375000e-02,1.076734066009521484e-02,5.690902471542358398e-03
1.996541023254394531e-02,1.077747344970703125e-02,5.726903676986694336e-03
1.993370056152343750e-02,1.081395149230957031e-02,5.753964185714721680e-03
1.989889144897460938e-02,1.086640357971191406e-02,5.778282880783081055e-03
1.987290382385253906e-02,1.093685626983642578e-02,5.807816982269287109e-03
1.977729797363281250e-02,1.099669933319091797e-02,5.813300609588623047e-03
1.966786384582519531e-02,1.106119155883789062e-02,5.822062492370605469e-03
1.951384544372558594e-02,1.117122173309326172e-02,5.831599235534667969e-03
1.930761337280273438e-02,1.128554344177246094e-02,5.851566791534423828e-03
1.907253265380859375e-02,1.137340068817138672e-02,5.843728780746459961e-03
1.882553100585937500e-02,1.146376132965087891e-02,5.838781595230102539e-03
1.861214637756347656e-02,1.154804229736328125e-02,5.827486515045166016e-03
1.840472221374511719e-02,1.165366172790527344e-02,5.823045969009399414e-03
1.815128326416015625e-02,1.180505752563476562e-02,5.827337503433227539e-03
1.794004440307617188e-02,1.192772388458251953e-02,5.828082561492919922e-03
1.775336265563964844e-02,1.200747489929199219e-02,5.832731723785400391e-03
1.760387420654296875e-02,1.205945014953613281e-02,5.853444337844848633e-03
1.752018928527832031e-02,1.208019256591796875e-02,5.867898464202880859e-03
1.747846603393554688e-02,1.207876205444335938e-02,5.873173475265502930e-03
1.743865013122558594e-02,1.203560829162597656e-02,5.852460861206054688e-03
1.742839813232421875e-02,1.195609569549560547e-02,5.846410989761352539e-03
1.742720603942871094e-02,1.186442375183105469e-02,5.848705768585205078e-03
1.743936538696289062e-02,1.177966594696044922e-02,5.845546722412109375e-03
1.737475395202636719e-02,1.172780990600585938e-02,5.845755338668823242e-03
1.727652549743652344e-02,1.168620586395263672e-02,5.867272615432739258e-03
1.723718643188476562e-02,1.160895824432373047e-02,5.888372659683227539e-03
1.714992523193359375e-02,1.155030727386474609e-02,5.904346704483032227e-03
1.703286170959472656e-02,1.145696640014648438e-02,5.903601646423339844e-03
1.689791679382324219e-02,1.133513450622558594e-02,5.906313657760620117e-03
1.678705215454101562e-02,1.123189926147460938e-02,5.937039852142333984e-03
1.668691635131835938e-02,1.114451885223388672e-02,5.968809127807617188e-03
1.662445068359375000e-02,1.101374626159667969e-02,5.969136953353881836e-03
1.657319068908691406e-02,1.086139678955078125e-02,5.971491336822509766e-03
1.648736000061035156e-02,1.071298122406005859e-02,5.972981452941894531e-03
1.645469665527343750e-02,1.052725315093994141e-02,5.967259407043457031e-03
1.641011238098144531e-02,1.036667823791503906e-02,5.968421697616577148e-03
1.638746261596679688e-02,1.016342639923095703e-02,5.945444107055664062e-03
1.635622978210449219e-02,9.957551956176757812e-03,5.913197994232177734e-03
1.632094383239746094e-02,9.737253189086914062e-03,5.861461162567138672e-03
1.623463630676269531e-02,9.478330612182617188e-03,5.759418010711669922e-03
1.612615585327148438e-02,9.259223937988281250e-03,5.652397871017456055e-03
1.604533195495605469e-02,9.024620056152343750e-03,5.530744791030883789e-03
1.597547531127929688e-02,8.810281753540039062e-03,5.420118570327758789e-03
1.589417457580566406e-02,8.603811264038085938e-03,5.279749631881713867e-03
1.583027839660644531e-02,8.382916450500488281e-03,5.143821239471435547e-03
1.581430435180664062e-02,8.060812950134277344e-03,4.993677139282226562e-03
1.579904556274414062e-02,7.750868797302246094e-03,4.865020513534545898e-03
1.573777198791503906e-02,7.479071617126464844e-03,4.761189222335815430e-03
1.563882827758789062e-02,7.194876670837402344e-03,4.637181758880615234e-03
1.552248001098632812e-02,6.908178329467773438e-03,4.502356052398681641e-03
1.539039611816406250e-02,6.694078445434570312e-03,4.359602928161621094e-03
1.525259017944335938e-02,6.505966186523437500e-03,4.229068756103515625e-03
1.513838768005371094e-02,6.312966346740722656e-03,4.083901643753051758e-03
1.503181457519531250e-02,6.149768829345703125e-03,3.970772027969360352e-03
1.491427421569824219e-02,5.993127822875976562e-03,3.841280937194824219e-03
1.476740837097167969e-02,5.836009979248046875e-03,3.719866275787353516e-03
1.459813117980957031e-02,5.729675292968750000e-03,3.600627183914184570e-03
1.444911956787109375e-02,5.610466003417968750e-03,3.470361232757568359e-03
1.428747177124023438e-02,5.520701408386230469e-03,3.375440835952758789e-03
1.415896415710449219e-02,5.433201789855957031e-03,3.304481506347656250e-03
1.409316062927246094e-02,5.335688591003417969e-03,3.221869468688964844e-03
1.401209831237792969e-02,5.244612693786621094e-03,3.131210803985595703e-03
1.395320892333984375e-02,5.143046379089355469e-03,3.041446208953857422e-03
1.391005516052246094e-02,5.031108856201171875e-03,2.959728240966796875e-03
1.387667655944824219e-02,4.924535751342773438e-03,2.923041582107543945e-03
1.384973526000976562e-02,4.823923110961914062e-03,2.903968095779418945e-03
1.377058029174804688e-02,4.747033119201660156e-03,2.869695425033569336e-03
1.365256309509277344e-02,4.659891128540039062e-03,2.823531627655029297e-03
1.353240013122558594e-02,4.600524902343750000e-03,2.793490886688232422e-03
1.341724395751953125e-02,4.576206207275390625e-03,2.798944711685180664e-03
1.334261894226074219e-02,4.556059837341308594e-03,2.805620431900024414e-03
1.326870918273925781e-02,4.545211791992187500e-03,2.816408872604370117e-03
1.318621635437011719e-02,4.551649093627929688e-03,2.818763256072998047e-03
1.311683654785156250e-02,4.578232765197753906e-03,2.826869487762451172e-03
1.304888725280761719e-02,4.600644111633300781e-03,2.807229757308959961e-03
1.294803619384765625e-02,4.648447036743164062e-03,2.774059772491455078e-03
1.285338401794433594e-02,4.695534706115722656e-03,2.722293138504028320e-03
1.279163360595703125e-02,4.737854003906250000e-03,2.688944339752197266e-03
1.271128654479980469e-02,4.792213439941406250e-03,2.650022506713867188e-03
1.265597343444824219e-02,4.834771156311035156e-03,2.624183893203735352e-03
1.261401176452636719e-02,4.874110221862792969e-03,2.615094184875488281e-03
1.259112358093261719e-02,4.914999008178710938e-03,2.618551254272460938e-03
1.257324218750000000e-02,4.948854446411132812e-03,2.616733312606811523e-03
1.257228851318359375e-02,4.950165748596191406e-03,2.611875534057617188e-03
1.262879371643066406e-02,4.957556724548339844e-03,2.599269151687622070e-03
1.270365715026855469e-02,4.971861839294433594e-03,2.578496932983398438e-03
1.281714439392089844e-02,4.963040351867675781e-03,2.562701702117919922e-03
1.292538642883300781e-02,4.942059516906738281e-03,2.529501914978027344e-03
1.304197311401367188e-02,4.913806915283203125e-03,2.509444952011108398e-03
1.314496994018554688e-02,4.891514778137207031e-03,2.501755952835083008e-03
1.324033737182617188e-02,4.885792732238769531e-03,2.498626708984375000e-03
1.331114768981933594e-02,4.889488220214843750e-03,2.488970756530761719e-03
1.333975791931152344e-02,4.900217056274414062e-03,2.468436956405639648e-03
1.332712173461914062e-02,4.939436912536621094e-03,2.464532852172851562e-03
1.334738731384277344e-02,4.975199699401855469e-03,2.489805221557617188e-03
1.334810256958007812e-02,4.985213279724121094e-03,2.528280019760131836e-03
1.333951950073242188e-02,4.993677139282226562e-03,2.572000026702880859e-03
1.331591606140136719e-02,5.004167556762695312e-03,2.621382474899291992e-03
1.328539848327636719e-02,5.006432533264160156e-03,2.667486667633056641e-03
1.328635215759277344e-02,4.989027976989746094e-03,2.710193395614624023e-03
1.328635215759277344e-02,4.989027976989746094e-03,2.710193395614624023e-03
1.328635215759277344e-02,4.989027976989746094e-03,2.710193395614624023e-03
1.328635215759277344e-02,4.989027976989746094e-03,2.710193395614624023e-03
1.329898834228515625e-02,4.974722862243652344e-03,2.735018730163574219e-03
1.327419281005859375e-02,4.985451698303222656e-03,2.757519483566284180e-03
1.322293281555175781e-02,5.019664764404296875e-03,2.789884805679321289e-03
1.316428184509277344e-02,5.027532577514648438e-03,2.782464027404785156e-03
1.314926147460937500e-02,5.010962486267089844e-03,2.780586481094360352e-03
1.307010650634765625e-02,5.053877830505371094e-03,2.828836441040039062e-03
1.301479339599609375e-02,5.076169967651367188e-03,2.866148948669433594e-03
1.292371749877929688e-02,5.086064338684082031e-03,2.885639667510986328e-03
1.285171508789062500e-02,5.083084106445312500e-03,2.876847982406616211e-03
1.276993751525878906e-02,5.092978477478027344e-03,2.844482660293579102e-03
1.272749900817871094e-02,5.059599876403808594e-03,2.757698297500610352e-03
1.266717910766601562e-02,5.014777183532714844e-03,2.671599388122558594e-03
1.263713836669921875e-02,4.959702491760253906e-03,2.613186836242675781e-03
1.257491111755371094e-02,4.930019378662109375e-03,2.562046051025390625e-03
1.255583763122558594e-02,4.894137382507324219e-03,2.533584833145141602e-03
1.251840591430664062e-02,4.911541938781738281e-03,2.493053674697875977e-03
1.250338554382324219e-02,4.920363426208496094e-03,2.434670925140380859e-03
1.252961158752441406e-02,4.947304725646972656e-03,2.391248941421508789e-03
1.252436637878417969e-02,4.991412162780761719e-03,2.358943223953247070e-03
1.250600814819335938e-02,5.046367645263671875e-03,2.338826656341552734e-03
1.249313354492187500e-02,5.102038383483886719e-03,2.321362495422363281e-03
1.247286796569824219e-02,5.087375640869140625e-03,2.346873283386230469e-03
1.246547698974609375e-02,5.054354667663574219e-03,2.377510070800781250e-03
1.245331764221191406e-02,5.031347274780273438e-03,2.428650856018066406e-03
1.246786117553710938e-02,5.004048347473144531e-03,2.490520477294921875e-03
1.250481605529785156e-02,4.977345466613769531e-03,2.560466527938842773e-03
1.253485679626464844e-02,4.976272583007812500e-03,2.638816833496093750e-03
1.255488395690917969e-02,4.974365234375000000e-03,2.714037895202636719e-03
1.256871223449707031e-02,4.992008209228515625e-03,2.787530422210693359e-03
1.255822181701660156e-02,5.028009414672851562e-03,2.876371145248413086e-03
1.257085800170898438e-02,5.097508430480957031e-03,2.981364727020263672e-03
1.261186599731445312e-02,5.175113677978515625e-03,3.107547760009765625e-03
1.265239715576171875e-02,5.213260650634765625e-03,3.189235925674438477e-03
1.271486282348632812e-02,5.217552185058593750e-03,3.238379955291748047e-03
1.278710365295410156e-02,5.188703536987304688e-03,3.293365240097045898e-03
1.288557052612304688e-02,5.159258842468261719e-03,3.347635269165039062e-03
1.294064521789550781e-02,5.186200141906738281e-03,3.465026617050170898e-03
1.294684410095214844e-02,5.234718322753906250e-03,3.541320562362670898e-03
1.293802261352539062e-02,5.254268646240234375e-03,3.587216138839721680e-03
1.295232772827148438e-02,5.270600318908691406e-03,3.634601831436157227e-03
1.296734809875488281e-02,5.275487899780273438e-03,3.670006990432739258e-03
1.296210289001464844e-02,5.249142646789550781e-03,3.677159547805786133e-03
1.295399665832519531e-02,5.231499671936035156e-03,3.703087568283081055e-03
1.293349266052246094e-02,5.202889442443847656e-03,3.730654716491699219e-03
1.293373107910156250e-02,5.161285400390625000e-03,3.734529018402099609e-03
1.292586326599121094e-02,5.132675170898437500e-03,3.709584474563598633e-03
1.292061805725097656e-02,5.117177963256835938e-03,3.697663545608520508e-03
1.287698745727539062e-02,5.123496055603027344e-03,3.684192895889282227e-03
1.282811164855957031e-02,5.114436149597167969e-03,3.659725189208984375e-03
1.279973983764648438e-02,5.113959312438964844e-03,3.622561693191528320e-03
1.278853416442871094e-02,5.110979080200195312e-03,3.590703010559082031e-03
1.277565956115722656e-02,5.128622055053710938e-03,3.589630126953125000e-03
1.274156570434570312e-02,5.173087120056152344e-03,3.586053848266601562e-03
1.269149780273437500e-02,5.195140838623046875e-03,3.581255674362182617e-03
1.260209083557128906e-02,5.258679389953613281e-03,3.602057695388793945e-03
1.251673698425292969e-02,5.317687988281250000e-03,3.630548715591430664e-03
1.241707801818847656e-02,5.393981933593750000e-03,3.640025854110717773e-03
1.232647895812988281e-02,5.472302436828613281e-03,3.646820783615112305e-03
1.227116584777832031e-02,5.530118942260742188e-03,3.657668828964233398e-03
1.224088668823242188e-02,5.577206611633300781e-03,3.665298223495483398e-03
1.218628883361816406e-02,5.626201629638671875e-03,3.674238920211791992e-03
1.216244697570800781e-02,5.661725997924804688e-03,3.681629896163940430e-03
1.218318939208984375e-02,5.672693252563476562e-03,3.688722848892211914e-03
1.221203804016113281e-02,5.702853202819824219e-03,3.719151020050048828e-03
1.229333877563476562e-02,5.712866783142089844e-03,3.747463226318359375e-03
1.240181922912597656e-02,5.726337432861328125e-03,3.780066967010498047e-03
1.252388954162597656e-02,5.750656127929687500e-03,3.810852766036987305e-03
1.263856887817382812e-02,5.771636962890625000e-03,3.844738006591796875e-03
1.272130012512207031e-02,5.802750587463378906e-03,3.867357969284057617e-03
1.272559165954589844e-02,5.848526954650878906e-03,3.860443830490112305e-03
1.271963119506835938e-02,5.885124206542968750e-03,3.852874040603637695e-03
1.270222663879394531e-02,5.941629409790039062e-03,3.866940736770629883e-03
1.264476776123046875e-02,6.052017211914062500e-03,3.902465105056762695e-03
1.257896423339843750e-02,6.142973899841308594e-03,3.920853137969970703e-03
1.252365112304687500e-02,6.229996681213378906e-03,3.941088914871215820e-03
1.246428489685058594e-02,6.321430206298828125e-03,3.985583782196044922e-03
1.241540908813476562e-02,6.397724151611328125e-03,4.032492637634277344e-03
1.236677169799804688e-02,6.471991539001464844e-03,4.107624292373657227e-03
1.236748695373535156e-02,6.519675254821777344e-03,4.178971052169799805e-03
1.237583160400390625e-02,6.582975387573242188e-03,4.274636507034301758e-03
1.240062713623046875e-02,6.621718406677246094e-03,4.357069730758666992e-03
1.244592666625976562e-02,6.651043891906738281e-03,4.446268081665039062e-03
1.247620582580566406e-02,6.674170494079589844e-03,4.516512155532836914e-03
1.250171661376953125e-02,6.694793701171875000e-03,4.557520151138305664e-03
1.252794265747070312e-02,6.707429885864257812e-03,4.552781581878662109e-03
1.254415512084960938e-02,6.707549095153808594e-03,4.526853561401367188e-03
1.258349418640136719e-02,6.689786911010742188e-03,4.495441913604736328e-03
1.260375976562500000e-02,6.686091423034667969e-03,4.462778568267822266e-03
1.261639595031738281e-02,6.684660911560058594e-03,4.439949989318847656e-03
1.259732246398925781e-02,6.696105003356933594e-03,4.396349191665649414e-03
1.254510879516601562e-02,6.713271141052246094e-03,4.335641860961914062e-03
1.253056526184082031e-02,6.692409515380859375e-03,4.265725612640380859e-03
1.253151893615722656e-02,6.629943847656250000e-03,4.189878702163696289e-03
1.253652572631835938e-02,6.593704223632812500e-03,4.101574420928955078e-03
1.253437995910644531e-02,6.528854370117187500e-03,4.008084535598754883e-03
1.250195503234863281e-02,6.493926048278808594e-03,3.921419382095336914e-03
1.244306564331054688e-02,6.487131118774414062e-03,3.855973482131958008e-03
1.238751411437988281e-02,6.495952606201171875e-03,3.805190324783325195e-03
1.235461235046386719e-02,6.527185440063476562e-03,3.751277923583984375e-03
1.235055923461914062e-02,6.545424461364746094e-03,3.700196743011474609e-03
1.234507560729980469e-02,6.591677665710449219e-03,3.654181957244873047e-03
1.231980323791503906e-02,6.632566452026367188e-03,3.627479076385498047e-03
1.230669021606445312e-02,6.669402122497558594e-03,3.605306148529052734e-03
1.230812072753906250e-02,6.707429885864257812e-03,3.586411476135253906e-03
1.234555244445800781e-02,6.730914115905761719e-03,3.572523593902587891e-03
1.239752769470214844e-02,6.742477416992187500e-03,3.564924001693725586e-03
1.244330406188964844e-02,6.739139556884765625e-03,3.552466630935668945e-03
1.248669624328613281e-02,6.742596626281738281e-03,3.541857004165649414e-03
1.253366470336914062e-02,6.736636161804199219e-03,3.534555435180664062e-03
1.256561279296875000e-02,6.746053695678710938e-03,3.533840179443359375e-03
1.255035400390625000e-02,6.762742996215820312e-03,3.534734249114990234e-03
1.254248619079589844e-02,6.777763366699218750e-03,3.543823957443237305e-03
1.257514953613281250e-02,6.755113601684570312e-03,3.562480211257934570e-03
1.262950897216796875e-02,6.729602813720703125e-03,3.570467233657836914e-03
1.268792152404785156e-02,6.682157516479492188e-03,3.589272499084472656e-03
1.278734207153320312e-02,6.645083427429199219e-03,3.630816936492919922e-03
1.288938522338867188e-02,6.619215011596679688e-03,3.683477640151977539e-03
1.296925544738769531e-02,6.655097007751464844e-03,3.717124462127685547e-03
1.298499107360839844e-02,6.683826446533203125e-03,3.758490085601806641e-03
1.295471191406250000e-02,6.695508956909179688e-03,3.798931837081909180e-03
1.307749748229980469e-02,6.246089935302734375e-03,4.204541444778442383e-03
1.315307617187500000e-02,5.838036537170410156e-03,4.568845033645629883e-03
1.321220397949218750e-02,5.470514297485351562e-03,4.904597997665405273e-03
1.326656341552734375e-02,5.140781402587890625e-03,5.205333232879638672e-03
1.327967643737792969e-02,4.855513572692871094e-03,5.478054285049438477e-03
1.327657699584960938e-02,4.626750946044921875e-03,5.718827247619628906e-03
1.324582099914550781e-02,4.420161247253417969e-03,5.929172039031982422e-03
1.320028305053710938e-02,4.238128662109375000e-03,6.115734577178955078e-03
1.311755180358886719e-02,4.079937934875488281e-03,6.254702806472778320e-03
