6.278330110944807529e-04
6.278330110944807529e-04
1.971642486751079559e-03
3.083336632698774338e-03
3.532678820192813873e-03
3.463885281234979630e-03
3.186240093782544136e-03
2.962175523862242699e-03
3.038957249373197556e-03
2.951115602627396584e-03
2.870926167815923691e-03
2.853722311556339264e-03
2.780310111120343208e-03
2.711194567382335663e-03
2.552236430346965790e-03
2.447757171466946602e-03
2.512862905859947205e-03
2.675141440704464912e-03
2.930814167484641075e-03
3.265782725065946579e-03
3.648936515673995018e-03
4.053382668644189835e-03
4.445258527994155884e-03
4.846074618399143219e-03
5.231112707406282425e-03
5.649800412356853485e-03
6.016596686094999313e-03
6.402382161468267441e-03
6.760680116713047028e-03
7.120057474821805954e-03
7.410764228552579880e-03
7.615044247359037399e-03
7.699335459619760513e-03
7.685314863920211792e-03
7.585711311548948288e-03
7.511351257562637329e-03
7.518018130213022232e-03
7.501715794205665588e-03
7.508011534810066223e-03
7.449031807482242584e-03
7.363447453826665878e-03
7.281144149601459503e-03
7.262222003191709518e-03
7.192023564130067825e-03
7.117753848433494568e-03
7.026687264442443848e-03
6.898685358464717865e-03
6.882404908537864685e-03
6.860056426376104355e-03
6.859293207526206970e-03
6.900950800627470016e-03
7.015682756900787354e-03
7.210336625576019287e-03
7.384441327303647995e-03
7.536930032074451447e-03
7.658987771719694138e-03
7.726423908025026321e-03
7.801277562975883484e-03
7.855051197111606598e-03
7.927534170448780060e-03
7.978328503668308258e-03
7.939006201922893524e-03
7.912954315543174744e-03
7.813779637217521667e-03
7.790808565914630890e-03
7.641810923814773560e-03
7.470491807907819748e-03
7.259343750774860382e-03
7.058007642626762390e-03
6.905348971486091614e-03
6.743570789694786072e-03
6.666825618594884872e-03
6.628233473747968674e-03
6.668385118246078491e-03
6.810924503952264786e-03
6.749133113771677017e-03
6.763800047338008881e-03
6.823174189776182175e-03
6.892689038068056107e-03
7.014425471425056458e-03
7.170004770159721375e-03
7.295768707990646362e-03
7.489627227187156677e-03
7.668338250368833542e-03
7.819354534149169922e-03
7.947677746415138245e-03
8.017505519092082977e-03
8.124853484332561493e-03
8.243486285209655762e-03
8.159983903169631958e-03
8.037524297833442688e-03
7.846088148653507233e-03
7.719723507761955261e-03
7.648910395801067352e-03
7.580853067338466644e-03
7.560548838227987289e-03
7.603085134178400040e-03
7.635503541678190231e-03
7.752121426165103912e-03
7.927919737994670868e-03
8.111078292131423950e-03
8.317334577441215515e-03
8.493001572787761688e-03
8.641506545245647430e-03
8.637327700853347778e-03
8.560965768992900848e-03
8.452706038951873779e-03
8.338572457432746887e-03
8.221239782869815826e-03
8.154449053108692169e-03
8.186320774257183075e-03
8.320615626871585846e-03
8.469510823488235474e-03
8.794556371867656708e-03
9.109437465667724609e-03
9.414614178240299225e-03
9.687935933470726013e-03
9.910200722515583038e-03
1.011487841606140137e-02
1.027795113623142242e-02
1.037819497287273407e-02
1.043771393597126007e-02
1.045402791351079941e-02
1.023788005113601685e-02
1.001043617725372314e-02
9.714819490909576416e-03
9.363003075122833252e-03
9.123577736318111420e-03
8.961738087236881256e-03
8.822704665362834930e-03
8.766706101596355438e-03
8.799195289611816406e-03
8.846684359014034271e-03
8.971119299530982971e-03
9.045802056789398193e-03
9.148877114057540894e-03
9.197464212775230408e-03
9.141344577074050903e-03
9.088621474802494049e-03
8.992988616228103638e-03
8.842920884490013123e-03
8.651328273117542267e-03
8.533897809684276581e-03
8.376567624509334564e-03
8.328530937433242798e-03
8.458198048174381256e-03
8.586517535150051117e-03
8.720465935766696930e-03
8.896493352949619293e-03
9.048643521964550018e-03
9.072155691683292389e-03
9.026518091559410095e-03
8.965391665697097778e-03
8.914366364479064941e-03
8.897252380847930908e-03
8.903108537197113037e-03
8.950876072049140930e-03
9.057555347681045532e-03
9.291546419262886047e-03
9.419614449143409729e-03
9.649264626204967499e-03
9.884447790682315826e-03
1.001035515218973160e-02
1.003746874630451202e-02
1.009012199938297272e-02
1.011602208018302917e-02
1.006225217133760452e-02
1.014994643628597260e-02
1.022747345268726349e-02
1.022998988628387451e-02
1.018617767840623856e-02
1.015677023679018021e-02
1.016222592443227768e-02
1.020514685660600662e-02
1.023356709629297256e-02
1.022271253168582916e-02
1.006499398499727249e-02
9.852648712694644928e-03
9.760991670191287994e-03
9.797411970794200897e-03
9.849382564425468445e-03
9.909221902489662170e-03
9.910288266837596893e-03
9.956113994121551514e-03
1.007995661348104477e-02
1.021843124181032181e-02
1.028467994183301926e-02
1.029822323471307755e-02
1.026950776576995850e-02
1.019484456628561020e-02
1.006380934268236160e-02
9.975995868444442749e-03
9.929004125297069550e-03
9.863862767815589905e-03
9.834165684878826141e-03
9.820771403610706329e-03
9.807226248085498810e-03
9.840379469096660614e-03
9.945135563611984253e-03
1.004098821431398392e-02
1.010632608085870743e-02
1.011291332542896271e-02
1.000812835991382599e-02
9.973831474781036377e-03
9.953950531780719757e-03
9.929707273840904236e-03
9.952619671821594238e-03
1.008055545389652252e-02
1.017604023218154907e-02
1.027890574187040329e-02
1.025031693279743195e-02
1.026034075766801834e-02
1.027754321694374084e-02
1.030245609581470490e-02
1.051874831318855286e-02
1.087992917746305466e-02
1.118867378681898117e-02
1.145437359809875488e-02
1.178681105375289917e-02
1.196560636162757874e-02
1.204625982791185379e-02
1.216260809451341629e-02
1.217509340494871140e-02
1.208704803138971329e-02
1.195343956351280212e-02
1.182691194117069244e-02
1.175853703171014786e-02
1.165891066193580627e-02
1.140374969691038132e-02
1.118192169815301895e-02
1.090795639902353287e-02
1.071116235107183456e-02
1.102607324719429016e-02
1.137926336377859116e-02
1.171518675982952118e-02
1.199693419039249420e-02
1.212514564394950867e-02
1.220858003944158554e-02
1.223502960056066513e-02
1.213112659752368927e-02
1.196533348411321640e-02
1.168723683804273605e-02
1.136631332337856293e-02
1.111405342817306519e-02
1.096264179795980453e-02
1.093600131571292877e-02
1.112303696572780609e-02
1.137862261384725571e-02
1.171690411865711212e-02
1.208604406565427780e-02
1.248306315392255783e-02
1.285560615360736847e-02
1.313827838748693466e-02
1.328099425882101059e-02
1.335769146680831909e-02
1.333850901573896408e-02
1.328065805137157440e-02
1.318831555545330048e-02
1.308765541762113571e-02
1.302086375653743744e-02
1.297419704496860504e-02
1.287862937897443771e-02
1.274840347468852997e-02
1.257700473070144653e-02
1.248181145638227463e-02
1.245293486863374710e-02
1.244748104363679886e-02
1.241861097514629364e-02
1.240780390799045563e-02
1.242889463901519775e-02
1.236866600811481476e-02
1.227422337979078293e-02
1.219015382230281830e-02
1.216165814548730850e-02
1.174749992787837982e-02
1.157405041158199310e-02
1.165208593010902405e-02
1.180167123675346375e-02
1.207649894058704376e-02
1.238353829830884933e-02
1.274019014090299606e-02
1.303426641970872879e-02
1.331440545618534088e-02
1.344629283994436264e-02
1.342046260833740234e-02
1.326081994920969009e-02
1.306515000760555267e-02
1.281036902219057083e-02
1.241158042103052139e-02
1.200553774833679199e-02
1.165184751152992249e-02
1.135987415909767151e-02
1.114084757864475250e-02
1.102589350193738937e-02
1.090433821082115173e-02
1.079992298036813736e-02
1.068959571421146393e-02
1.059210952371358871e-02
1.048700604587793350e-02
1.037213765084743500e-02
1.030014175921678543e-02
1.027097646147012711e-02
1.020028721541166306e-02
1.017741579562425613e-02
1.022701337933540344e-02
1.029694452881813049e-02
1.036609988659620285e-02
1.045236177742481232e-02
1.055401004850864410e-02
1.061710808426141739e-02
1.070227660238742828e-02
1.073820982128381729e-02
1.076839584857225418e-02
1.080676261335611343e-02
1.082320325076580048e-02
1.082279160618782043e-02
1.080821268260478973e-02
1.077245455235242844e-02
1.077916007488965988e-02
1.078198011964559555e-02
1.070252805948257446e-02
1.067198440432548523e-02
1.059805881232023239e-02
1.056045759469270706e-02
1.052505802363157272e-02
1.053905021399259567e-02
1.054858416318893433e-02
1.064147148281335831e-02
1.080183405429124832e-02
1.094806008040904999e-02
1.104558445513248444e-02
1.104554068297147751e-02
1.095888018608093262e-02
1.086074300110340118e-02
1.077658403664827347e-02
1.068549230694770813e-02
1.064585521817207336e-02
1.072374172508716583e-02
1.083680707961320877e-02
1.094619370996952057e-02
1.110566500574350357e-02
1.122517231851816177e-02
1.120422035455703735e-02
1.113295741379261017e-02
1.101624220609664917e-02
1.091422978788614273e-02
1.073642726987600327e-02
1.053093187510967255e-02
1.041263714432716370e-02
1.030151173472404480e-02
1.019232906401157379e-02
1.023857574909925461e-02
1.026167813688516617e-02
1.032916642725467682e-02
1.034410577267408371e-02
1.042229216545820236e-02
1.056678406894207001e-02
1.075722090899944305e-02
1.097800955176353455e-02
1.117683108896017075e-02
1.137875672429800034e-02
1.157729700207710266e-02
1.167130470275878906e-02
1.178783271461725235e-02
1.187124196439981461e-02
1.192874833941459656e-02
1.203641388565301895e-02
1.206894032657146454e-02
1.205215044319629669e-02
1.202202867716550827e-02
1.159934606403112411e-02
1.124542485922574997e-02
1.094112079590559006e-02
1.071229763329029083e-02
1.048638205975294113e-02
1.027732715010643005e-02
1.013184431940317154e-02
1.007259357720613480e-02
9.964222088456153870e-03
9.956573136150836945e-03
1.000748388469219208e-02
1.012054271996021271e-02
1.024954672902822495e-02
1.028193347156047821e-02
1.017379947006702423e-02
9.987989440560340881e-03
9.710047394037246704e-03
9.470050223171710968e-03
9.210837073624134064e-03
8.982666768133640289e-03
8.771156892180442810e-03
8.654336445033550262e-03
8.644355461001396179e-03
8.686454966664314270e-03
8.779124356806278229e-03
8.905157446861267090e-03
9.098890237510204315e-03
9.365313686430454254e-03
9.810128249228000641e-03
1.024667080491781235e-02
1.059688348323106766e-02
1.089854259043931961e-02
1.100173778831958771e-02
1.091812830418348312e-02
1.079203747212886810e-02
1.068561524152755737e-02
1.056633982807397842e-02
1.046783477067947388e-02
1.037782430648803711e-02
1.025983691215515137e-02
1.024869550019502640e-02
1.026305183768272400e-02
1.026939321309328079e-02
1.028110180050134659e-02
1.032148394733667374e-02
1.030619349330663681e-02
1.027357485145330429e-02
1.023614872246980667e-02
1.021832693368196487e-02
1.021041627973318100e-02
1.020750869065523148e-02
1.016367040574550629e-02
1.009640283882617950e-02
1.004612445831298828e-02
1.000766176730394363e-02
1.008176524192094803e-02
1.015420351177453995e-02
1.025532372295856476e-02
1.039680652320384979e-02
1.058579050004482269e-02
1.078097801655530930e-02
1.097853947430849075e-02
1.110937539488077164e-02
1.118716690689325333e-02
1.128608360886573792e-02
1.130789238959550858e-02
1.130348257720470428e-02
1.131681911647319794e-02
1.133652403950691223e-02
1.129487715661525726e-02
1.128750387579202652e-02
1.124707888811826706e-02
1.124249771237373352e-02
1.123633980751037598e-02
1.123856846243143082e-02
1.124369259923696518e-02
1.128747873008251190e-02
1.134922914206981659e-02
1.142169907689094543e-02
1.152017991989850998e-02
1.157183200120925903e-02
1.163835637271404266e-02
1.167567539960145950e-02
1.167250610888004303e-02
1.165293902158737183e-02
1.163673028349876404e-02
1.150185987353324890e-02
1.133150421082973480e-02
1.126558985561132431e-02
1.122288592159748077e-02
1.122028194367885590e-02
1.128886081278324127e-02
1.138696633279323578e-02
1.155436132103204727e-02
1.171363331377506256e-02
1.181356143206357956e-02
1.184606365859508514e-02
1.186435203999280930e-02
1.186008099466562271e-02
1.176784094423055649e-02
1.165828108787536621e-02
1.149515341967344284e-02
1.135360728949308395e-02
1.155036780983209610e-02
1.176483742892742157e-02
1.196200586855411530e-02
1.209076680243015289e-02
1.221114117652177811e-02
1.239595375955104828e-02
1.245598960667848587e-02
1.242959871888160706e-02
1.231850590556859970e-02
1.217984687536954880e-02
1.202825922518968582e-02
1.190350297838449478e-02
1.181764807552099228e-02
1.171990577131509781e-02
1.167839951813220978e-02
1.164307445287704468e-02
1.148376055061817169e-02
1.132775191217660904e-02
1.127391494810581207e-02
1.124809309840202332e-02
1.127606723457574844e-02
1.131600141525268555e-02
1.136051211506128311e-02
1.135880220681428909e-02
1.135022565722465515e-02
1.136783510446548462e-02
1.135943084955215454e-02
1.131713297218084335e-02
1.114052161574363708e-02
1.082997862249612808e-02
1.059701479971408844e-02
1.038768514990806580e-02
1.023554336279630661e-02
9.999512694776058197e-03
9.825123474001884460e-03
9.735649451613426208e-03
9.653742425143718719e-03
9.642693214118480682e-03
9.677187539637088776e-03
9.748124517500400543e-03
9.876335039734840393e-03
1.001499127596616745e-02
1.017293520271778107e-02
1.034847460687160492e-02
1.051035057753324509e-02
1.065937615931034088e-02
1.077449042350053787e-02
1.089593302458524704e-02
1.097598299384117126e-02
1.104136835783720016e-02
1.110358629375696182e-02
1.118194777518510818e-02
1.116380933672189713e-02
1.111894380301237106e-02
1.099152117967605591e-02
1.094833482056856155e-02
1.088480837643146515e-02
1.084783300757408142e-02
1.087294798344373703e-02
1.087217964231967926e-02
1.088009215891361237e-02
1.088221091777086258e-02
1.086263172328472137e-02
1.096283178776502609e-02
1.103192660957574844e-02
1.108896639198064804e-02
1.112372800707817078e-02
1.111929491162300110e-02
1.123441290110349655e-02
1.131043769419193268e-02
1.138129085302352905e-02
1.138706225901842117e-02
1.141116768121719360e-02
1.137419231235980988e-02
1.132092904299497604e-02
1.126699615269899368e-02
1.120810210704803467e-02
1.117052137851715088e-02
1.113613136112689972e-02
1.113866455852985382e-02
1.111967302858829498e-02
1.110982615500688553e-02
1.108754519373178482e-02
1.108568906784057617e-02
1.108838524669408798e-02
1.114837545901536942e-02
1.127574965357780457e-02
1.140638347715139389e-02
1.151202712208032608e-02
1.159043889492750168e-02
1.163118612021207809e-02
1.175367925316095352e-02
1.179514639079570770e-02
1.182971335947513580e-02
1.180357951670885086e-02
1.175435818731784821e-02
1.170727331191301346e-02
1.171508710831403732e-02
1.170026231557130814e-02
1.167251635342836380e-02
1.161814574152231216e-02
1.155261974781751633e-02
1.148783881217241287e-02
1.143710408359766006e-02
1.145912893116474152e-02
1.151574403047561646e-02
1.164356619119644165e-02
1.174972765147686005e-02
1.186799537390470505e-02
1.203596219420433044e-02
1.221678778529167175e-02
1.230523176491260529e-02
1.242110319435596466e-02
1.252518687397241592e-02
1.258887443691492081e-02
1.265230029821395874e-02
1.272411644458770752e-02
1.272516697645187378e-02
1.273751538246870041e-02
1.270279753953218460e-02
1.270822063088417053e-02
1.271462999284267426e-02
1.273806113749742508e-02
1.274554431438446045e-02
1.274090074002742767e-02
1.277557574212551117e-02
1.283903513103723526e-02
1.288560032844543457e-02
1.297867856919765472e-02
1.310944277793169022e-02
1.310944277793169022e-02
1.322859525680541992e-02
1.336418464779853821e-02
1.350708864629268646e-02
1.364978030323982239e-02
1.372344326227903366e-02
1.380838267505168915e-02
1.382730063050985336e-02
1.388407777994871140e-02
1.400333084166049957e-02
1.422189455479383469e-02
1.443312596529722214e-02
1.528724189847707748e-02
1.612068153917789459e-02
1.686566136777400970e-02
1.748509146273136139e-02
1.799516193568706512e-02
1.834366843104362488e-02
1.860645413398742676e-02
1.881362497806549072e-02
1.895818114280700684e-02
1.901842094957828522e-02
1.903306692838668823e-02
1.896305941045284271e-02
1.880035549402236938e-02
1.865634508430957794e-02
1.843495480716228485e-02
1.823944970965385437e-02
1.800492592155933380e-02
1.782079227268695831e-02
1.764931902289390564e-02
1.752546243369579315e-02
1.734092831611633301e-02
1.717012375593185425e-02
1.698281802237033844e-02
1.675539091229438782e-02
1.659226231276988983e-02
1.640524715185165405e-02
1.605989411473274231e-02
1.571782119572162628e-02
1.539344340562820435e-02
1.491583697497844696e-02
1.447336934506893158e-02
1.415683422237634659e-02
1.393977086991071701e-02
1.380744948983192444e-02
1.370661612600088120e-02
1.374778524041175842e-02
1.382817607372999191e-02
1.393224205821752548e-02
1.404629088938236237e-02
1.385539118200540543e-02
1.371629536151885986e-02
1.370600424706935883e-02
1.372198294848203659e-02
1.377403829246759415e-02
1.383388973772525787e-02
1.395228598266839981e-02
1.406378485262393951e-02
1.416005101054906845e-02
1.428815722465515137e-02
1.442285999655723572e-02
1.450653746724128723e-02
1.458684820681810379e-02
1.455392874777317047e-02
1.448335777968168259e-02
1.432702504098415375e-02
1.412503514438867569e-02
1.386065501719713211e-02
1.359109207987785339e-02
1.335551775991916656e-02
1.310686580836772919e-02
1.289359293878078461e-02
1.268500555306673050e-02
1.250893529504537582e-02
1.237962488085031509e-02
1.228744350373744965e-02
1.223401539027690887e-02
1.226362306624650955e-02
1.231013983488082886e-02
1.232282165437936783e-02
1.231708377599716187e-02
1.224297843873500824e-02
1.216998137533664703e-02
1.202379539608955383e-02
1.189847663044929504e-02
1.173232775181531906e-02
1.153018698096275330e-02
1.137584447860717773e-02
1.125179417431354523e-02
1.112984959036111832e-02
1.104696281254291534e-02
1.104260515421628952e-02
1.105504389852285385e-02
1.115521602332592010e-02
1.127502135932445526e-02
1.140354759991168976e-02
1.152500510215759277e-02
1.162391435354948044e-02
1.168477162718772888e-02
1.233958173543214798e-02
1.291756704449653625e-02
1.339056435972452164e-02
1.371833588927984238e-02
1.401416771113872528e-02
1.421284116804599762e-02
1.424682140350341797e-02
1.424845308065414429e-02
1.415796298533678055e-02
1.396162342280149460e-02
1.379296835511922836e-02
1.354720536619424820e-02
1.324201188981533051e-02
1.288322731852531433e-02
1.255298964679241180e-02
1.226758304983377457e-02
1.204292289912700653e-02
1.186250615864992142e-02
1.174522005021572113e-02
1.174183469265699387e-02
1.178128737956285477e-02
1.179303321987390518e-02
1.184348389506340027e-02
1.190198399126529694e-02
1.191470120102167130e-02
1.187463290989398956e-02
1.186271384358406067e-02
1.181720849126577377e-02
1.173848938196897507e-02
1.168432366102933884e-02
1.164881046861410141e-02
1.157462969422340393e-02
1.149813365191221237e-02
1.143844146281480789e-02
1.137868687510490417e-02
1.133867818862199783e-02
1.134705450385808945e-02
1.130415964871644974e-02
1.120512839406728745e-02
1.107682753354310989e-02
1.096649374812841415e-02
1.086677797138690948e-02
1.068967208266258240e-02
1.051535923033952713e-02
1.043726783245801926e-02
1.041270419955253601e-02
1.041920855641365051e-02
1.001733727753162384e-02
9.660063311457633972e-03
9.396610781550407410e-03
9.159970097243785858e-03
8.965959772467613220e-03
8.825134485960006714e-03
8.731346577405929565e-03
8.663368411362171173e-03
8.615690283477306366e-03
8.593768812716007233e-03
8.605534210801124573e-03
8.653626777231693268e-03
8.736960589885711670e-03
8.761330507695674896e-03
8.814425207674503326e-03
8.889851160347461700e-03
8.967475965619087219e-03
9.067927487194538116e-03
9.143236093223094940e-03
9.217630140483379364e-03
9.260254912078380585e-03
9.297316893935203552e-03
9.342086501419544220e-03
9.341211058199405670e-03
9.371092543005943298e-03
9.360107593238353729e-03
9.353116154670715332e-03
9.366053156554698944e-03
9.386514313519001007e-03
9.451149962842464447e-03
9.521480649709701538e-03
9.606937877833843231e-03
9.730326011776924133e-03
9.811375290155410767e-03
9.895448572933673859e-03
1.000938192009925842e-02
1.009957306087017059e-02
1.020058244466781616e-02
1.031961012631654739e-02
1.041621435433626175e-02
1.049100700765848160e-02
1.051667146384716034e-02
1.053087320178747177e-02
1.059305015951395035e-02
1.064309757202863693e-02
1.068250183016061783e-02
1.068713981658220291e-02
1.067576929926872253e-02
1.068931911140680313e-02
1.072942931205034256e-02
1.075426395982503891e-02
1.075662393122911453e-02
1.075776759535074234e-02
1.076770946383476257e-02
1.078965701162815094e-02
1.077400334179401398e-02
1.070943195372819901e-02
1.063941512256860733e-02
1.063178479671478271e-02
1.064537744969129562e-02
1.065830979496240616e-02
1.066813338547945023e-02
1.073935255408287048e-02
1.077765040099620819e-02
1.068200729787349701e-02
1.056504622101783752e-02
1.047249976545572281e-02
1.038555987179279327e-02
1.038001477718353271e-02
1.037052646279335022e-02
1.039696298539638519e-02
1.045690570026636124e-02
1.051841583102941513e-02
1.053603179752826691e-02
1.058610528707504272e-02
1.070413738489151001e-02
1.099362038075923920e-02
1.120035629719495773e-02
1.141644176095724106e-02
1.160031836479902267e-02
1.170685887336730957e-02
1.176399365067481995e-02
1.177163515239953995e-02
1.178603619337081909e-02
1.174636371433734894e-02
1.160538569092750549e-02
1.146587822586297989e-02
1.133756805211305618e-02
1.118764188140630722e-02
1.104308944195508957e-02
1.094288565218448639e-02
1.084823440760374069e-02
1.076719351112842560e-02
1.069212611764669418e-02
1.059202942997217178e-02
1.052315533161163330e-02
1.043766457587480545e-02
1.041932217776775360e-02
1.043107546865940094e-02
1.045731734484434128e-02
1.051577087491750717e-02
1.062147598713636398e-02
1.073316857218742371e-02
1.090163178741931915e-02
1.104853674769401550e-02
1.118271984159946442e-02
1.128645427525043488e-02
1.129384059458971024e-02
1.120738778263330460e-02
1.116242259740829468e-02
1.104437652975320816e-02
1.079919934272766113e-02
1.054594945162534714e-02
1.032416801899671555e-02
1.012977212667465210e-02
9.973251260817050934e-03
9.843289852142333984e-03
9.754732251167297363e-03
9.722151793539524078e-03
9.754577651619911194e-03
9.842168539762496948e-03
9.996825829148292542e-03
1.016755495220422745e-02
1.036091521382331848e-02
1.056135445833206177e-02
1.065204944461584091e-02
1.074841991066932678e-02
1.084954477846622467e-02
1.095953956246376038e-02
1.109867636114358902e-02
1.119903568178415298e-02
1.126098912209272385e-02
1.128862425684928894e-02
1.128999050706624985e-02
1.130394916981458664e-02
1.129294745624065399e-02
1.124462485313415527e-02
1.117685250937938690e-02
1.112928986549377441e-02
1.109846774488687515e-02
1.105598360300064087e-02
1.104474160820245743e-02
1.103982049971818924e-02
1.102453377097845078e-02
1.096693798899650574e-02
1.091231778264045715e-02
1.092437654733657837e-02
1.096444018185138702e-02
1.099407300353050232e-02
1.100164093077182770e-02
1.094479952007532120e-02
1.085730921477079391e-02
1.077896822243928909e-02
1.073796302080154419e-02
1.069426815956830978e-02
1.064716465771198273e-02
1.061752811074256897e-02
1.057979185134172440e-02
1.056580711156129837e-02
1.060869637876749039e-02
1.061700005084276199e-02
1.066370774060487747e-02
1.076386123895645142e-02
1.086060144007205963e-02
1.099503319710493088e-02
1.113506034016609192e-02
1.128838863223791122e-02
1.140844263136386871e-02
1.149571500718593597e-02
1.155982352793216705e-02
1.158483512699604034e-02
1.157385110855102539e-02
1.153575535863637924e-02
1.149742491543292999e-02
1.146647147834300995e-02
1.144805178046226501e-02
1.147773023694753647e-02
1.148087065666913986e-02
1.148010883480310440e-02
1.144411787390708923e-02
1.146451383829116821e-02
1.148361247032880783e-02
1.153119374066591263e-02
1.152255106717348099e-02
1.152758020907640457e-02
1.152879465371370316e-02
1.155803445726633072e-02
1.161586306989192963e-02
1.171109359711408615e-02
1.182777527719736099e-02
1.191699411720037460e-02
1.199414022266864777e-02
1.202960405498743057e-02
1.205821149051189423e-02
1.202184148132801056e-02
1.194696407765150070e-02
1.189402118325233459e-02
1.182813663035631180e-02
1.181475166231393814e-02
1.183946710079908371e-02
1.184726879000663757e-02
1.184242218732833862e-02
1.184621825814247131e-02
1.185527257621288300e-02
1.186897698789834976e-02
1.185599062591791153e-02
1.175863016396760941e-02
1.161865703761577606e-02
1.149592455476522446e-02
1.146208867430686951e-02
1.142725162208080292e-02
1.140967197716236115e-02
1.141678448766469955e-02
1.160497218370437622e-02
1.174118462949991226e-02
1.188341062515974045e-02
1.203459408134222031e-02
1.208983734250068665e-02
1.208884641528129578e-02
1.202996447682380676e-02
1.193749625235795975e-02
1.185180433094501495e-02
1.174856908619403839e-02
1.162505149841308594e-02
1.151737757027149200e-02
1.145157590508460999e-02
1.141390204429626465e-02
1.138009130954742432e-02
1.133718062192201614e-02
1.127287652343511581e-02
1.119385473430156708e-02
1.110887527465820312e-02
1.101765688508749008e-02
1.099492236971855164e-02
1.098502986133098602e-02
1.100329495966434479e-02
1.099392771720886230e-02
1.078887935727834702e-02
1.061270199716091156e-02
1.047122105956077576e-02
1.037924736738204956e-02
1.030957978218793869e-02
1.031184475868940353e-02
1.033522654324769974e-02
1.043373532593250275e-02
1.053502503782510757e-02
1.063435245305299759e-02
1.071092765778303146e-02
1.079327706247568130e-02
1.089237816631793976e-02
1.102391909807920456e-02
1.109749730676412582e-02
1.116887014359235764e-02
1.120900921523571014e-02
1.122765429317951202e-02
1.122758630663156509e-02
1.123787835240364075e-02
1.125056669116020203e-02
1.121257152408361435e-02
1.112815737724304199e-02
1.106170844286680222e-02
1.104013528674840927e-02
1.099969074130058289e-02
1.100543700158596039e-02
1.098550669848918915e-02
1.098358724266290665e-02
1.119776070117950439e-02
1.138625852763652802e-02
1.158729940652847290e-02
1.177429780364036560e-02
1.191674824804067612e-02
1.203966978937387466e-02
1.211018953472375870e-02
1.212652400135993958e-02
1.211663242429494858e-02
1.207508053630590439e-02
1.204065512865781784e-02
1.196295674890279770e-02
1.192534621804952621e-02
1.184539683163166046e-02
1.185959670692682266e-02
1.187853235751390457e-02
1.184910628944635391e-02
1.180403027683496475e-02
1.171468291431665421e-02
1.170172262936830521e-02
1.167375221848487854e-02
1.168838609009981155e-02
1.169868465512990952e-02
1.172767579555511475e-02
1.186232455074787140e-02
1.193919032812118530e-02
1.196562219411134720e-02
1.199342589825391769e-02
1.195457018911838531e-02
1.187899708747863770e-02
1.161896064877510071e-02
1.146934367716312408e-02
1.124428957700729370e-02
1.102782879024744034e-02
1.087477989494800568e-02
1.071210950613021851e-02
1.059291604906320572e-02
1.053143572062253952e-02
1.052268967032432556e-02
1.059048995375633240e-02
1.075479015707969666e-02
1.099344808608293533e-02
1.125158276408910751e-02
1.148039568215608597e-02
1.168536301702260971e-02
1.187728438526391983e-02
1.204550918191671371e-02
1.220313180238008499e-02
1.231433730572462082e-02
1.240857783704996109e-02
1.246535871177911758e-02
1.250115595757961273e-02
1.249217893928289413e-02
1.247198693454265594e-02
1.243067625910043716e-02
1.238879468291997910e-02
1.237345021218061447e-02
1.231941953301429749e-02
1.237896736711263657e-02
1.246692053973674774e-02
1.253779605031013489e-02
1.261320337653160095e-02
1.269899029284715652e-02
1.276296377182006836e-02
1.275518070906400681e-02
1.271031890064477921e-02
1.267181243747472763e-02
1.257534045726060867e-02
1.250101532787084579e-02
1.248713769018650055e-02
1.246127393096685410e-02
1.242035720497369766e-02
1.240956690162420273e-02
1.241553481668233871e-02
1.240916643291711807e-02
1.237868890166282654e-02
1.232027914375066757e-02
1.226926594972610474e-02
1.223565544933080673e-02
1.220295205712318420e-02
1.222077570855617523e-02
1.224766671657562256e-02
1.226709038019180298e-02
1.229391805827617645e-02
1.222496200352907181e-02
1.214653160423040390e-02
1.203239709138870239e-02
1.196687389165163040e-02
1.186954043805599213e-02
1.180791389197111130e-02
1.175110321491956711e-02
1.172942295670509338e-02
1.172723993659019470e-02
1.172968652099370956e-02
1.175573840737342834e-02
1.176481973379850388e-02
1.178157236427068710e-02
1.182921696454286575e-02
1.188758574426174164e-02
1.206992845982313156e-02
1.222503092139959335e-02
1.236428413540124893e-02
1.251662243157625198e-02
1.261604670435190201e-02
1.265722792595624924e-02
1.269502006471157074e-02
1.268681138753890991e-02
1.263412646949291229e-02
1.257757656276226044e-02
1.258796174079179764e-02
1.259433757513761520e-02
1.247687358409166336e-02
1.239454839378595352e-02
1.233290042728185654e-02
1.223104819655418396e-02
1.210187096148729324e-02
1.198023278266191483e-02
1.189233176410198212e-02
1.179134566336870193e-02
1.168460678309202194e-02
1.157920435070991516e-02
1.145218405872583389e-02
1.131063140928745270e-02
1.116508990526199341e-02
1.100517995655536652e-02
1.085524354130029678e-02
1.074906066060066223e-02
1.064896676689386368e-02
1.057252567261457443e-02
1.051087304949760437e-02
1.049485523253679276e-02
1.045242417603731155e-02
1.040343940258026123e-02
1.042137946933507919e-02
1.049255486577749252e-02
1.058136019855737686e-02
1.066869683563709259e-02
1.075207442045211792e-02
1.085212640464305878e-02
1.096290349960327148e-02
1.104411669075489044e-02
1.111544668674468994e-02
1.116881426423788071e-02
1.117037050426006317e-02
1.111744251102209091e-02
1.104137394577264786e-02
1.095977239310741425e-02
1.089041680097579956e-02
1.082059834152460098e-02
1.075008790940046310e-02
1.071690395474433899e-02
1.070648524910211563e-02
1.072016544640064240e-02
1.071622874587774277e-02
1.075419038534164429e-02
1.083166897296905518e-02
1.090028230100870132e-02
1.094183139503002167e-02
1.093986909836530685e-02
1.087171025574207306e-02
1.081898063421249390e-02
1.081221643835306168e-02
1.080956775695085526e-02
1.081882789731025696e-02
1.081776805222034454e-02
1.084202527999877930e-02
1.086763292551040649e-02
1.092661544680595398e-02
1.095300540328025818e-02
1.094441488385200500e-02
1.096201222389936447e-02
1.098932791501283646e-02
1.102379988878965378e-02
1.106292940676212311e-02
1.114870514720678329e-02
1.120798196643590927e-02
1.125907618552446365e-02
1.129548251628875732e-02
1.131640095263719559e-02
1.139480527490377426e-02
1.147658843547105789e-02
1.152359135448932648e-02
1.158261299133300781e-02
1.169306412339210510e-02
1.177405286580324173e-02
1.178863830864429474e-02
1.177249569445848465e-02
1.177036575973033905e-02
1.175272744148969650e-02
1.172013022005558014e-02
1.168981194496154785e-02
1.165094505995512009e-02
1.162808388471603394e-02
1.164485327899456024e-02
1.165015064179897308e-02
1.166743692010641098e-02
1.165211200714111328e-02
1.162086986005306244e-02
1.157463714480400085e-02
1.155428867787122726e-02
1.153643336147069931e-02
1.151271909475326538e-02
1.149060204625129700e-02
1.146607380360364914e-02
1.141513511538505554e-02
1.126044429838657379e-02
1.107178628444671631e-02
1.088383048772811890e-02
1.073518209159374237e-02
1.063414197415113449e-02
1.046382077038288116e-02
1.028675958514213562e-02
1.012951321899890900e-02
1.003922987729310989e-02
9.981599636375904083e-03
1.000649109482765198e-02
1.010031718760728836e-02
1.023296173661947250e-02
1.037997007369995117e-02
1.046285312622785568e-02
1.055896561592817307e-02
1.064762193709611893e-02
1.068169996142387390e-02
1.067523378878831863e-02
1.060698367655277252e-02
1.055257488042116165e-02
1.043957006186246872e-02
1.031353976577520370e-02
1.018386427313089371e-02
1.005638670176267624e-02
9.957297705113887787e-03
9.923172183334827423e-03
9.913215413689613342e-03
1.000641565769910812e-02
1.147204637527465820e-02
1.284193061292171478e-02
1.406871806830167770e-02
1.517178583890199661e-02
1.612039096653461456e-02
1.695357449352741241e-02
1.767131313681602478e-02
1.830156520009040833e-02
1.885199546813964844e-02
1.935937069356441498e-02
1.980511099100112915e-02
2.021300233900547028e-02
2.057969383895397186e-02
2.088093943893909454e-02
2.113990299403667450e-02
2.136299014091491699e-02
2.155064046382904053e-02
2.171029523015022278e-02
2.184201218187808990e-02
2.196554653346538544e-02
2.204006910324096680e-02
2.205728739500045776e-02
2.206754311919212341e-02
2.207504771649837494e-02
2.204137854278087616e-02
2.199637144804000854e-02
2.190463431179523468e-02
2.180677838623523712e-02
2.169195003807544708e-02
2.157954685389995575e-02
2.144783176481723785e-02
2.132517099380493164e-02
2.117924951016902924e-02
2.101698145270347595e-02
2.086706459522247314e-02
2.071350812911987305e-02
2.055505476891994476e-02
2.035608515143394470e-02
2.017680741846561432e-02
1.996986567974090576e-02
1.976535283029079437e-02
1.955441571772098541e-02
1.933730579912662506e-02
1.914226822555065155e-02
1.895473524928092957e-02
1.878321357071399689e-02
1.858000829815864563e-02
1.839522086083889008e-02
1.819789595901966095e-02
1.797353848814964294e-02
1.775638386607170105e-02
1.755176298320293427e-02
1.734716817736625671e-02
1.715291477739810944e-02
1.691788248717784882e-02
1.666792295873165131e-02
1.643677800893783569e-02
1.617844775319099426e-02
1.589848287403583527e-02
1.563965901732444763e-02
1.533711142838001251e-02
1.501587964594364166e-02
1.469825766980648041e-02
1.439547073096036911e-02
1.409661862999200821e-02
1.380254235118627548e-02
1.349859032779932022e-02
1.319098845124244690e-02
1.290647685527801514e-02
1.267733424901962280e-02
1.245428435504436493e-02
1.225657388567924500e-02
1.176265440881252289e-02
1.132656354457139969e-02
1.094275712966918945e-02
1.059317030012607574e-02
1.029414497315883636e-02
1.001895777881145477e-02
9.779936634004116058e-03
9.612713940441608429e-03
9.462624788284301758e-03
9.373824112117290497e-03
9.312761947512626648e-03
9.289522655308246613e-03
9.316063486039638519e-03
9.346850216388702393e-03
9.385531768202781677e-03
9.475583210587501526e-03
9.591263718903064728e-03
9.727037511765956879e-03
9.861468337476253510e-03
1.000522915273904800e-02
1.015476696193218231e-02
1.030154246836900711e-02
1.041752658784389496e-02
1.055983360856771469e-02
1.071161404252052307e-02
1.082102395594120026e-02
1.091810781508684158e-02
1.101810298860073090e-02
1.108682807534933090e-02
1.114077586680650711e-02
1.136117614805698395e-02
1.156575605273246765e-02
1.171858515590429306e-02
1.184269506484270096e-02
1.191972475498914719e-02
1.197077333927154541e-02
1.196776423603296280e-02
1.193857565522193909e-02
1.189019344747066498e-02
1.185052376240491867e-02
1.180628500878810883e-02
1.174790784716606140e-02
1.168417651206254959e-02
1.160180941224098206e-02
1.151649560779333115e-02
1.144256070256233215e-02
1.137321069836616516e-02
1.131995115429162979e-02
1.127290911972522736e-02
1.126457192003726959e-02
1.126876939088106155e-02
1.127442996948957443e-02
1.124806236475706100e-02
1.125559303909540176e-02
1.126092858612537384e-02
1.125514693558216095e-02
1.122227590531110764e-02
1.120572537183761597e-02
1.119145192205905914e-02
1.115732640027999878e-02
1.113111339509487152e-02
1.112904772162437439e-02
1.116841938346624374e-02
1.122924312949180603e-02
1.130632404237985611e-02
1.137200929224491119e-02
1.141473464667797089e-02
1.142824720591306686e-02
1.141953188925981522e-02
1.139600761234760284e-02
1.133304648101329803e-02
1.124768331646919250e-02
1.114142313599586487e-02
1.102504041045904160e-02
1.092795189470052719e-02
1.086865272372961044e-02
1.081863138824701309e-02
1.076315157115459442e-02
1.072962302714586258e-02
1.067732274532318115e-02
1.061027776449918747e-02
1.054489519447088242e-02
1.045865193009376526e-02
1.040432788431644440e-02
1.033758930861949921e-02
1.028976123780012131e-02
1.027071662247180939e-02
1.026048231869935989e-02
1.026159804314374924e-02
1.026210747659206390e-02
1.025564502924680710e-02
1.027272734791040421e-02
1.029269210994243622e-02
1.031742803752422333e-02
1.032640971243381500e-02
1.034020818769931793e-02
1.035049557685852051e-02
1.036256644874811172e-02
1.038573682308197021e-02
1.042142417281866074e-02
1.045590173453092575e-02
1.046794094145298004e-02
1.048003789037466049e-02
1.050394866615533829e-02
1.050530653446912766e-02
1.050716172903776169e-02
1.048753503710031509e-02
1.044153608381748199e-02
1.038926187902688980e-02
1.035455986857414246e-02
1.033417694270610809e-02
1.030990388244390488e-02
1.029072143137454987e-02
1.025750394910573959e-02
1.023636478930711746e-02
1.024607755243778229e-02
1.027143280953168869e-02
1.028677728027105331e-02
1.030458882451057434e-02
1.034336350858211517e-02
1.036947965621948242e-02
1.041654031723737717e-02
1.043557189404964447e-02
1.046109199523925781e-02
1.051836833357810974e-02
1.058075390756130219e-02
1.066629309207201004e-02
1.078639272600412369e-02
1.090630609542131424e-02
1.101487223058938980e-02
1.111531909555196762e-02
1.120400801301002502e-02
1.128763798624277115e-02
1.135343778878450394e-02
1.138600520789623260e-02
1.142189558595418930e-02
1.143659371882677078e-02
1.144484803080558777e-02
1.146619860082864761e-02
1.148645486682653427e-02
1.148773450404405594e-02
1.146838627755641937e-02
1.143562793731689453e-02
1.142013724893331528e-02
1.138487830758094788e-02
1.133528444916009903e-02
1.130157615989446640e-02
1.127163879573345184e-02
1.121747959405183792e-02
1.115419529378414154e-02
1.106065325438976288e-02
1.096517220139503479e-02
1.086895540356636047e-02
1.078373193740844727e-02
1.069017127156257629e-02
1.055951695889234543e-02
1.040962804108858109e-02
1.029185671359300613e-02
1.018606685101985931e-02
1.009665708988904953e-02
1.005735062062740326e-02
1.004241779446601868e-02
1.006389874964952469e-02
1.009634882211685181e-02
1.012612227350473404e-02
1.014419365674257278e-02
1.013131160289049149e-02
1.013068575412034988e-02
1.012177392840385437e-02
1.009528152644634247e-02
1.006590202450752258e-02
9.999641217291355133e-03
9.937815368175506592e-03
9.892608039081096649e-03
9.829781949520111084e-03
9.771235287189483643e-03
9.717012755572795868e-03
9.679492563009262085e-03
9.653848595917224884e-03
9.619819000363349915e-03
9.583210572600364685e-03
9.560402482748031616e-03
9.576203301548957825e-03
9.610477834939956665e-03
9.621180593967437744e-03
9.633503854274749756e-03
9.643269702792167664e-03
9.660002775490283966e-03
9.681463241577148438e-03
9.725190699100494385e-03
9.827468544244766235e-03
9.920081123709678650e-03
9.965470060706138611e-03
1.001423690468072891e-02
1.006622519344091415e-02
1.010171789675951004e-02
1.011911686509847641e-02
1.012043189257383347e-02
1.011880300939083099e-02
1.006071828305721283e-02
1.000271085649728775e-02
9.962705895304679871e-03
9.921997785568237305e-03
9.901426732540130615e-03
9.882465936243534088e-03
9.877241216599941254e-03
9.892846457660198212e-03
9.916461072862148285e-03
9.922052733600139618e-03
9.965139441192150116e-03
1.000487338751554489e-02
1.005902793258428574e-02
1.012847386300563812e-02
1.018611434847116470e-02
1.023046672344207764e-02
1.026393938809633255e-02
1.028295420110225677e-02
1.030576881021261215e-02
1.032543554902076721e-02
1.034283731132745743e-02
1.035103201866149902e-02
1.036276202648878098e-02
1.036932040005922318e-02
1.036361791193485260e-02
1.040359586477279663e-02
1.045806240290403366e-02
1.051786914467811584e-02
1.059762667864561081e-02
1.066305674612522125e-02
1.071535144001245499e-02
1.074318401515483856e-02
1.078399550169706345e-02
1.083114836364984512e-02
1.086303498595952988e-02
1.089962199330329895e-02
1.089839078485965729e-02
1.088504586368799210e-02
1.085959840565919876e-02
1.082972716540098190e-02
1.079542282968759537e-02
1.075726468116044998e-02
1.073645520955324173e-02
1.073158252984285355e-02
1.072164624929428101e-02
1.071916613727807999e-02
1.072874106466770172e-02
1.073363050818443298e-02
1.074325293302536011e-02
1.075331680476665497e-02
1.076551713049411774e-02
1.077661477029323578e-02
1.078735385090112686e-02
1.079926453530788422e-02
1.080950535833835602e-02
1.079156156629323959e-02
1.075291447341442108e-02
1.072705257683992386e-02
1.068838126957416534e-02
1.066030748188495636e-02
1.063584908843040466e-02
1.061906851828098297e-02
1.062333118170499802e-02
1.062525622546672821e-02
1.065161172300577164e-02
1.065947581082582474e-02
1.065013092011213303e-02
1.061478164047002792e-02
1.059651188552379608e-02
1.061381399631500244e-02
1.062429789453744888e-02
1.064086332917213440e-02
1.066950708627700806e-02
1.069217734038829803e-02
1.069752778857946396e-02
1.069469004869461060e-02
1.066915690898895264e-02
1.062130462378263474e-02
1.057404465973377228e-02
1.052521355450153351e-02
1.051901746541261673e-02
1.053199078887701035e-02
1.053398661315441132e-02
1.055908016860485077e-02
1.056298706680536270e-02
1.126296538859605789e-02
1.189517974853515625e-02
1.244423259049654007e-02
1.292151026427745819e-02
1.332019455730915070e-02
1.361646689474582672e-02
1.387062668800354004e-02
1.410771533846855164e-02
1.429708674550056458e-02
1.443525403738021851e-02
1.448653265833854675e-02
1.450748182833194733e-02
1.449107099324464798e-02
1.444308552891016006e-02
1.439905166625976562e-02
1.431693322956562042e-02
1.422693114727735519e-02
1.411373820155858994e-02
1.400414481759071350e-02
1.386471372097730637e-02
1.371921505779027939e-02
1.354481372982263565e-02
1.337740011513233185e-02
1.322205923497676849e-02
1.324561052024364471e-02
1.326433196663856506e-02
1.329746562987565994e-02
1.325303222984075546e-02
1.322023104876279831e-02
1.321009546518325806e-02
1.319907233119010925e-02
1.319450605660676956e-02
1.319060754030942917e-02
1.319304201751947403e-02
1.321318559348583221e-02
1.318822614848613739e-02
1.315717771649360657e-02
1.314924564212560654e-02
1.313487440347671509e-02
1.313797105103731155e-02
1.313715334981679916e-02
1.313864812254905701e-02
1.311512198299169540e-02
1.312733720988035202e-02
1.312595233321189880e-02
1.311639882624149323e-02
1.311485655605792999e-02
1.311342976987361908e-02
1.309150457382202148e-02
1.307557895779609680e-02
1.305013708770275116e-02
1.303218211978673935e-02
1.301486045122146606e-02
1.299469172954559326e-02
1.297994982451200485e-02
1.295662112534046173e-02
1.292922813445329666e-02
1.290240138769149780e-02
1.287226099520921707e-02
1.283812522888183594e-02
1.280247140675783157e-02
1.276430580765008926e-02
1.272126566618680954e-02
1.268217433243989944e-02
1.260562799870967865e-02
1.252634916454553604e-02
1.242624502629041672e-02
1.231989637017250061e-02
1.220892742276191711e-02
1.210884563624858856e-02
1.201305817812681198e-02
1.183624844998121262e-02
1.166943460702896118e-02
1.151567045599222183e-02
1.141158398240804672e-02
1.133263949304819107e-02
1.126778870820999146e-02
1.121135801076889038e-02
1.118353661149740219e-02
1.117901783436536789e-02
1.119198091328144073e-02
1.119508128613233566e-02
1.121184322983026505e-02
1.123476307839155197e-02
1.127306278795003891e-02
1.131072733551263809e-02
1.133202668279409409e-02
1.135320961475372314e-02
1.137366518378257751e-02
1.141597051173448563e-02
1.148121058940887451e-02
1.153292134404182434e-02
1.155955716967582703e-02
1.158155314624309540e-02
1.159535441547632217e-02
1.161108724772930145e-02
1.161682698875665665e-02
1.162648480385541916e-02
1.162275485694408417e-02
1.157845649868249893e-02
1.154768560081720352e-02
1.153992116451263428e-02
1.153328828513622284e-02
1.152589917182922363e-02
1.152339484542608261e-02
1.153910998255014420e-02
1.156731043010950089e-02
1.159735210239887238e-02
1.161972247064113617e-02
1.162465661764144897e-02
1.162494532763957977e-02
1.160840783268213272e-02
1.162537932395935059e-02
1.164148841053247452e-02
1.164750102907419205e-02
1.160592027008533478e-02
1.156384125351905823e-02
1.153730601072311401e-02
1.154824160039424896e-02
1.157494261860847473e-02
1.160781923681497574e-02
1.166133955121040344e-02
1.171573158353567123e-02
1.176444441080093384e-02
1.181764993816614151e-02
1.185985840857028961e-02
1.190327387303113937e-02
1.195499673485755920e-02
1.200899202376604080e-02
1.203616894781589508e-02
1.204348262399435043e-02
1.204879395663738251e-02
1.204537879675626755e-02
1.203938201069831848e-02
1.203834917396306992e-02
1.204772107303142548e-02
1.205615699291229248e-02
1.205303892493247986e-02
1.202915143221616745e-02
1.201978977769613266e-02
1.202859263867139816e-02
1.204098109155893326e-02
1.205607689917087555e-02
1.208221632987260818e-02
1.210648007690906525e-02
1.211945991963148117e-02
1.208013202995061874e-02
1.204278320074081421e-02
1.200198847800493240e-02
1.197374518960714340e-02
1.195470988750457764e-02
1.180642284452915192e-02
1.170194894075393677e-02
1.160698104649782181e-02
1.152495574206113815e-02
1.145791076123714447e-02
1.137911994010210037e-02
1.131964102387428284e-02
1.127706188708543777e-02
1.125238556414842606e-02
1.124775316566228867e-02
1.125832833349704742e-02
1.128737349063158035e-02
1.133427955210208893e-02
1.142125017940998077e-02
1.151435170322656631e-02
1.162763126194477081e-02
1.173541322350502014e-02
1.184766367077827454e-02
1.194939389824867249e-02
1.167218014597892761e-02
1.144088618457317352e-02
1.124145928770303726e-02
1.103222649544477463e-02
1.085296832025051117e-02
1.068881805986166000e-02
1.056169625371694565e-02
1.046696119010448456e-02
1.040822919458150864e-02
1.038145739585161209e-02
1.040063891559839249e-02
1.044824533164501190e-02
1.050243154168128967e-02
1.060280483216047287e-02
1.071961130946874619e-02
1.085387822240591049e-02
1.100532710552215576e-02
1.116297673434019089e-02
1.132856588810682297e-02
1.147435326129198074e-02
1.161001436412334442e-02
1.171267125755548477e-02
1.180240418761968613e-02
1.188947819173336029e-02
1.198484562337398529e-02
1.206030789762735367e-02
1.210124231874942780e-02
1.212081592530012131e-02
1.211326755583286285e-02
1.211478933691978455e-02
1.209977548569440842e-02
1.208715979009866714e-02
1.207423582673072815e-02
1.208151038736104965e-02
1.207746285945177078e-02
1.207266096025705338e-02
1.211041212081909180e-02
1.214024610817432404e-02
1.217396650463342667e-02
1.219866983592510223e-02
1.221218705177307129e-02
1.221207529306411743e-02
1.220801007002592087e-02
1.220157463103532791e-02
1.219085790216922760e-02
1.215476542711257935e-02
1.212060078978538513e-02
1.208203844726085663e-02
1.203236635774374008e-02
1.198183093219995499e-02
1.195711921900510788e-02
1.193060353398323059e-02
1.189719792455434799e-02
1.185061503201723099e-02
1.181568950414657593e-02
1.178247015923261642e-02
1.176513731479644775e-02
1.175796054303646088e-02
1.177523098886013031e-02
1.179280038923025131e-02
1.182357035577297211e-02
1.185991056263446808e-02
1.191283203661441803e-02
1.197730842977762222e-02
1.204127166420221329e-02
1.213025581091642380e-02
1.219107769429683685e-02
1.222397107630968094e-02
1.226165238767862320e-02
1.224147621542215347e-02
1.221803948283195496e-02
1.221443340182304382e-02
1.221921760588884354e-02
1.223279535770416260e-02
1.226390525698661804e-02
1.229104306548833847e-02
1.232308056205511093e-02
1.233513560146093369e-02
1.234853081405162811e-02
1.242925226688385010e-02
1.249920483678579330e-02
1.255477126687765121e-02
1.260701753199100494e-02
1.262932736426591873e-02
1.264572609215974808e-02
1.265200041234493256e-02
1.265613827854394913e-02
1.263503916561603546e-02
1.261035259813070297e-02
1.257754769176244736e-02
1.254221610724925995e-02
1.250620558857917786e-02
1.247297320514917374e-02
1.242061983793973923e-02
1.245085801929235458e-02
1.248938683420419693e-02
1.251862850040197372e-02
1.254060771316289902e-02
1.255837082862854004e-02
1.257906202226877213e-02
1.259362418204545975e-02
1.259808987379074097e-02
1.258222013711929321e-02
1.257357932627201080e-02
1.256431639194488525e-02
1.254432462155818939e-02
1.253501884639263153e-02
1.251668389886617661e-02
1.247374154627323151e-02
1.247749570757150650e-02
1.248282566666603088e-02
1.251169480383396149e-02
1.252125389873981476e-02
1.253364328294992447e-02
1.254740729928016663e-02
1.255357079207897186e-02
1.256446540355682373e-02
1.255255192518234253e-02
1.254282891750335693e-02
1.253382395952939987e-02
1.252064015716314316e-02
1.249402202665805817e-02
1.249364390969276428e-02
1.248522568494081497e-02
1.250517368316650391e-02
1.252468768507242203e-02
1.253595668822526932e-02
1.254081912338733673e-02
1.255380921065807343e-02
1.255042012780904770e-02
1.254202146083116531e-02
1.253391057252883911e-02
1.252479571849107742e-02
1.252266764640808105e-02
1.252416055649518967e-02
1.253890153020620346e-02
1.253900490701198578e-02
1.253781560808420181e-02
1.253817789256572723e-02
1.255009230226278305e-02
1.256850175559520721e-02
1.259186491370201111e-02
1.260728109627962112e-02
1.262607239186763763e-02
1.265902444720268250e-02
1.269762124866247177e-02
1.273191813379526138e-02
1.276206877082586288e-02
1.278416905552148819e-02
1.280445419251918793e-02
1.279647927731275558e-02
1.278387662023305893e-02
1.276340894401073456e-02
1.274430193006992340e-02
1.272248104214668274e-02
1.271005999296903610e-02
1.268518157303333282e-02
1.264255680143833160e-02
1.260585431009531021e-02
1.258445996791124344e-02
1.258080545812845230e-02
1.261074841022491455e-02
1.263684872537851334e-02
1.264156028628349304e-02
1.265473663806915283e-02
1.265884004533290863e-02
1.265797391533851624e-02
1.264238543808460236e-02
1.263672672212123871e-02
1.261888723820447922e-02
1.258715987205505371e-02
1.255866233259439468e-02
1.253007631748914719e-02
1.249832939356565475e-02
1.248562242835760117e-02
1.243571657687425613e-02
1.240046322345733643e-02
1.238430198282003403e-02
1.237473823130130768e-02
1.235857512801885605e-02
1.234794408082962036e-02
1.233112718909978867e-02
1.231620553880929947e-02
1.231600344181060791e-02
1.232822146266698837e-02
1.234166696667671204e-02
1.236446294933557510e-02
1.237103622406721115e-02
1.239418052136898041e-02
1.242233719676733017e-02
1.244284585118293762e-02
1.245227642357349396e-02
1.244703214615583420e-02
1.245221309363842010e-02
1.246404554694890976e-02
1.246875058859586716e-02
1.248816959559917450e-02
1.249485649168491364e-02
1.248899847269058228e-02
1.248184870928525925e-02
1.248572394251823425e-02
1.249108742922544479e-02
1.247804239392280579e-02
1.245350483804941177e-02
1.242664270102977753e-02
1.239391602575778961e-02
1.248016860336065292e-02
1.256234105676412582e-02
1.262728590518236160e-02
1.269225124269723892e-02
1.273920014500617981e-02
1.276501081883907318e-02
1.278080046176910400e-02
1.276770420372486115e-02
1.273253187537193298e-02
1.271398924291133881e-02
1.266905944794416428e-02
1.262736972421407700e-02
1.258432865142822266e-02
1.255341526120901108e-02
1.254609599709510803e-02
1.253187935799360275e-02
1.252206228673458099e-02
1.253761537373065948e-02
