-7.150697708129882812e-02,-2.200222015380859375e-02,6.537020206451416016e-03
-7.150697708129882812e-02,-2.200222015380859375e-02,6.537020206451416016e-03
-7.050704956054687500e-02,-2.300137281417846680e-02,5.537033081054687500e-03
-6.951475143432617188e-02,-2.374404668807983398e-02,4.601597785949707031e-03
-6.873273849487304688e-02,-2.406150102615356445e-02,4.453659057617187500e-03
-6.844568252563476562e-02,-2.466213703155517578e-02,4.032552242279052734e-03
-6.811189651489257812e-02,-2.539891004562377930e-02,3.970265388488769531e-03
-6.751918792724609375e-02,-2.611219882965087891e-02,4.135072231292724609e-03
-6.691455841064453125e-02,-2.664691209793090820e-02,4.356086254119873047e-03
-6.665611267089843750e-02,-2.732700109481811523e-02,4.733622074127197266e-03
-6.638765335083007812e-02,-2.804553508758544922e-02,4.964768886566162109e-03
-6.601381301879882812e-02,-2.870047092437744141e-02,5.102813243865966797e-03
-6.563568115234375000e-02,-2.901953458786010742e-02,4.889369010925292969e-03
-6.531429290771484375e-02,-2.934730052947998047e-02,4.595279693603515625e-03
-6.508111953735351562e-02,-2.967393398284912109e-02,4.285991191864013672e-03
-6.497001647949218750e-02,-3.007137775421142578e-02,3.987550735473632812e-03
-6.479310989379882812e-02,-3.060752153396606445e-02,3.707051277160644531e-03
-6.454086303710937500e-02,-3.119671344757080078e-02,3.421664237976074219e-03
-6.432199478149414062e-02,-3.181153535842895508e-02,3.313541412353515625e-03
-6.425619125366210938e-02,-3.242534399032592773e-02,3.188788890838623047e-03
-6.443834304809570312e-02,-3.309297561645507812e-02,3.087282180786132812e-03
-6.433105468750000000e-02,-3.359913825988769531e-02,2.898752689361572266e-03
-6.399726867675781250e-02,-3.404873609542846680e-02,2.669632434844970703e-03
-6.359672546386718750e-02,-3.443741798400878906e-02,2.278983592987060547e-03
-6.313419342041015625e-02,-3.489834070205688477e-02,1.744210720062255859e-03
-6.279897689819335938e-02,-3.544598817825317383e-02,1.264810562133789062e-03
-6.265449523925781250e-02,-3.610676527023315430e-02,9.043812751770019531e-04
-6.266450881958007812e-02,-3.659504652023315430e-02,5.199909210205078125e-04
-6.259346008300781250e-02,-3.717321157455444336e-02,9.256601333618164062e-05
-6.270647048950195312e-02,-3.760081529617309570e-02,-3.781318664550781250e-04
-6.282424926757812500e-02,-3.798818588256835938e-02,-8.787512779235839844e-04
-6.306076049804687500e-02,-3.839385509490966797e-02,-1.452744007110595703e-03
-6.321477890014648438e-02,-3.866231441497802734e-02,-2.020895481109619141e-03
-6.321430206298828125e-02,-3.898519277572631836e-02,-2.399682998657226562e-03
-6.303405761718750000e-02,-3.939598798751831055e-02,-2.746045589447021484e-03
-6.284236907958984375e-02,-3.986644744873046875e-02,-2.797782421112060547e-03
-6.255388259887695312e-02,-4.044193029403686523e-02,-2.737939357757568359e-03
-6.226634979248046875e-02,-4.107117652893066406e-02,-2.692043781280517578e-03
-6.203842163085937500e-02,-4.156500101089477539e-02,-2.549290657043457031e-03
-6.192302703857421875e-02,-4.180276393890380859e-02,-2.557754516601562500e-03
-6.171894073486328125e-02,-4.191362857818603516e-02,-2.647161483764648438e-03
-6.146049499511718750e-02,-4.206943511962890625e-02,-2.860367298126220703e-03
-6.110811233520507812e-02,-4.216051101684570312e-02,-3.068625926971435547e-03
-6.081008911132812500e-02,-4.231470823287963867e-02,-3.342747688293457031e-03
-6.057453155517578125e-02,-4.245817661285400391e-02,-3.660440444946289062e-03
-6.033563613891601562e-02,-4.272663593292236328e-02,-3.982961177825927734e-03
-6.044387817382812500e-02,-4.292607307434082031e-02,-4.353940486907958984e-03
-6.043481826782226562e-02,-4.310303926467895508e-02,-4.596769809722900391e-03
-6.050109863281250000e-02,-4.319316148757934570e-02,-4.651367664337158203e-03
-6.047391891479492188e-02,-4.330068826675415039e-02,-4.546463489532470703e-03
-6.040716171264648438e-02,-4.348200559616088867e-02,-4.387617111206054688e-03
-6.032466888427734375e-02,-4.358685016632080078e-02,-4.174411296844482422e-03
-6.028461456298828125e-02,-4.380881786346435547e-02,-3.982186317443847656e-03
-6.017303466796875000e-02,-4.393416643142700195e-02,-3.809928894042968750e-03
-6.013727188110351562e-02,-4.381293058395385742e-02,-3.642737865447998047e-03
-5.995845794677734375e-02,-4.375511407852172852e-02,-3.387212753295898438e-03
-5.973815917968750000e-02,-4.368132352828979492e-02,-3.160357475280761719e-03
-5.961465835571289062e-02,-4.363882541656494141e-02,-3.073632717132568359e-03
-5.958271026611328125e-02,-4.365658760070800781e-02,-3.079533576965332031e-03
-5.971860885620117188e-02,-4.365229606628417969e-02,-3.074705600738525391e-03
-5.984163284301757812e-02,-4.371839761734008789e-02,-3.300249576568603516e-03
-6.006383895874023438e-02,-4.350459575653076172e-02,-3.622114658355712891e-03
-6.021070480346679688e-02,-4.328262805938720703e-02,-3.795742988586425781e-03
-6.022691726684570312e-02,-4.318177700042724609e-02,-3.869831562042236328e-03
-6.023311614990234375e-02,-4.301857948303222656e-02,-3.802180290222167969e-03
-6.000089645385742188e-02,-4.289025068283081055e-02,-3.498315811157226562e-03
-5.973434448242187500e-02,-4.272341728210449219e-02,-3.110826015472412109e-03
-5.957841873168945312e-02,-4.279422760009765625e-02,-2.792418003082275391e-03
-5.955553054809570312e-02,-4.288923740386962891e-02,-2.496898174285888672e-03
-5.962467193603515625e-02,-4.294168949127197266e-02,-2.334833145141601562e-03
-5.960321426391601562e-02,-4.298681020736694336e-02,-2.279698848724365234e-03
-5.951833724975585938e-02,-4.311585426330566406e-02,-2.308607101440429688e-03
-5.939340591430664062e-02,-4.315495491027832031e-02,-2.476215362548828125e-03
-5.917024612426757812e-02,-4.319196939468383789e-02,-2.580702304840087891e-03
-5.903720855712890625e-02,-4.322773218154907227e-02,-2.697765827178955078e-03
-5.910825729370117188e-02,-4.322510957717895508e-02,-2.767920494079589844e-03
-5.907106399536132812e-02,-4.336720705032348633e-02,-2.715945243835449219e-03
-5.886459350585937500e-02,-4.359090328216552734e-02,-2.670288085937500000e-03
-5.859518051147460938e-02,-4.385441541671752930e-02,-2.549767494201660156e-03
-5.819988250732421875e-02,-4.421967267990112305e-02,-2.427637577056884766e-03
-5.782365798950195312e-02,-4.459512233734130859e-02,-2.344250679016113281e-03
-5.750703811645507812e-02,-4.497992992401123047e-02,-2.284944057464599609e-03
-5.724334716796875000e-02,-4.518491029739379883e-02,-2.362370491027832031e-03
-5.697298049926757812e-02,-4.530584812164306641e-02,-2.412915229797363281e-03
-5.670499801635742188e-02,-4.539066553115844727e-02,-2.464711666107177734e-03
-5.641603469848632812e-02,-4.544705152511596680e-02,-2.474844455718994141e-03
-5.615234375000000000e-02,-4.554289579391479492e-02,-2.454817295074462891e-03
-5.578279495239257812e-02,-4.561948776245117188e-02,-2.455770969390869141e-03
-5.546569824218750000e-02,-4.567492008209228516e-02,-2.535760402679443359e-03
-5.543947219848632812e-02,-4.585248231887817383e-02,-2.680540084838867188e-03
-5.526924133300781250e-02,-4.599326848983764648e-02,-2.832293510437011719e-03
-5.509185791015625000e-02,-4.611676931381225586e-02,-2.964198589324951172e-03
-5.495262145996093750e-02,-4.608619213104248047e-02,-3.011524677276611328e-03
-5.470418930053710938e-02,-4.614514112472534180e-02,-2.831935882568359375e-03
-5.446863174438476562e-02,-4.610037803649902344e-02,-2.639651298522949219e-03
-5.432176589965820312e-02,-4.586648941040039062e-02,-2.407371997833251953e-03
-5.419206619262695312e-02,-4.561358690261840820e-02,-2.177774906158447266e-03
-5.415821075439453125e-02,-4.529231786727905273e-02,-1.885652542114257812e-03
-5.414533615112304688e-02,-4.507702589035034180e-02,-1.752614974975585938e-03
-5.382108688354492188e-02,-4.473203420639038086e-02,-1.760065555572509766e-03
-5.347919464111328125e-02,-4.430586099624633789e-02,-1.883566379547119141e-03
-5.332565307617187500e-02,-4.384052753448486328e-02,-2.081274986267089844e-03
-5.317306518554687500e-02,-4.321968555450439453e-02,-2.398550510406494141e-03
-5.296897888183593750e-02,-4.249876737594604492e-02,-2.755343914031982422e-03
-5.275917053222656250e-02,-4.182004928588867188e-02,-2.967953681945800781e-03
-5.256795883178710938e-02,-4.133075475692749023e-02,-3.153562545776367188e-03
-5.241727828979492188e-02,-4.100370407104492188e-02,-3.285408020019531250e-03
-5.212736129760742188e-02,-4.067832231521606445e-02,-3.253817558288574219e-03
-5.172491073608398438e-02,-4.054868221282958984e-02,-3.214120864868164062e-03
-5.120801925659179688e-02,-4.040926694869995117e-02,-3.070235252380371094e-03
-5.049753189086914062e-02,-4.044318199157714844e-02,-2.756297588348388672e-03
-5.001211166381835938e-02,-4.041206836700439453e-02,-2.532482147216796875e-03
-4.958391189575195312e-02,-4.035717248916625977e-02,-2.454757690429687500e-03
-4.921388626098632812e-02,-4.022169113159179688e-02,-2.483963966369628906e-03
-4.896450042724609375e-02,-4.014247655868530273e-02,-2.631962299346923828e-03
-4.884433746337890625e-02,-4.007303714752197266e-02,-2.875685691833496094e-03
-4.882001876831054688e-02,-3.999537229537963867e-02,-3.163993358612060547e-03
-4.877185821533203125e-02,-3.987807035446166992e-02,-3.470361232757568359e-03
-4.871320724487304688e-02,-3.959995508193969727e-02,-3.733575344085693359e-03
-4.874324798583984375e-02,-3.939342498779296875e-02,-3.904461860656738281e-03
-4.875707626342773438e-02,-3.916215896606445312e-02,-3.903985023498535156e-03
-4.874944686889648438e-02,-3.903061151504516602e-02,-3.763556480407714844e-03
-4.877948760986328125e-02,-3.888124227523803711e-02,-3.520965576171875000e-03
-4.867315292358398438e-02,-3.874099254608154297e-02,-3.167748451232910156e-03
-4.850196838378906250e-02,-3.869640827178955078e-02,-2.860248088836669922e-03
-4.828405380249023438e-02,-3.832888603210449219e-02,-2.546787261962890625e-03
-4.826116561889648438e-02,-3.795915842056274414e-02,-2.299547195434570312e-03
-4.823160171508789062e-02,-3.756463527679443359e-02,-2.113044261932373047e-03
-4.818201065063476562e-02,-3.716981410980224609e-02,-1.943528652191162109e-03
-4.811859130859375000e-02,-3.678005933761596680e-02,-1.796603202819824219e-03
-4.814100265502929688e-02,-3.649914264678955078e-02,-1.636981964111328125e-03
-4.830551147460937500e-02,-3.640258312225341797e-02,-1.594007015228271484e-03
-4.852437973022460938e-02,-3.633546829223632812e-02,-1.740276813507080078e-03
-4.877662658691406250e-02,-3.625315427780151367e-02,-1.968026161193847656e-03
-4.896879196166992188e-02,-3.609895706176757812e-02,-2.309083938598632812e-03
-4.916906356811523438e-02,-3.593915700912475586e-02,-2.642869949340820312e-03
-4.923629760742187500e-02,-3.568220138549804688e-02,-2.950251102447509766e-03
-4.949426651000976562e-02,-3.545147180557250977e-02,-3.355860710144042969e-03
-4.989862442016601562e-02,-3.517019748687744141e-02,-3.819227218627929688e-03
-5.022478103637695312e-02,-3.494399785995483398e-02,-4.241049289703369141e-03
-5.042171478271484375e-02,-3.470307588577270508e-02,-4.511296749114990234e-03
-5.042695999145507812e-02,-3.445959091186523438e-02,-4.835844039916992188e-03
-5.029439926147460938e-02,-3.426510095596313477e-02,-5.035817623138427734e-03
-5.006885528564453125e-02,-3.405833244323730469e-02,-5.056917667388916016e-03
-4.980230331420898438e-02,-3.392934799194335938e-02,-4.952788352966308594e-03
-4.986000061035156250e-02,-3.351640701293945312e-02,-4.662573337554931641e-03
-4.994869232177734375e-02,-3.313493728637695312e-02,-4.139661788940429688e-03
-4.998016357421875000e-02,-3.291094303131103516e-02,-3.528833389282226562e-03
-4.987907409667968750e-02,-3.215199708938598633e-02,-2.913892269134521484e-03
-4.970216751098632812e-02,-3.138697147369384766e-02,-2.339601516723632812e-03
-4.963111877441406250e-02,-3.075009584426879883e-02,-1.861333847045898438e-03
-4.960155487060546875e-02,-2.997708320617675781e-02,-1.467823982238769531e-03
-4.958200454711914062e-02,-2.928835153579711914e-02,-1.232504844665527344e-03
-4.958295822143554688e-02,-2.866369485855102539e-02,-1.123368740081787109e-03
-4.957008361816406250e-02,-2.810513973236083984e-02,-1.065850257873535156e-03
-4.957342147827148438e-02,-2.760636806488037109e-02,-1.015067100524902344e-03
-4.963254928588867188e-02,-2.713251113891601562e-02,-1.109361648559570312e-03
-4.971027374267578125e-02,-2.666682004928588867e-02,-1.299738883972167969e-03
-4.980230331420898438e-02,-2.625292539596557617e-02,-1.498818397521972656e-03
-5.001068115234375000e-02,-2.592074871063232422e-02,-1.639544963836669922e-03
-5.018424987792968750e-02,-2.572804689407348633e-02,-1.678526401519775391e-03
-5.019474029541015625e-02,-2.568531036376953125e-02,-1.494944095611572266e-03
-5.018568038940429688e-02,-2.567785978317260742e-02,-1.263439655303955078e-03
-5.007362365722656250e-02,-2.565890550613403320e-02,-8.841753005981445312e-04
-4.992580413818359375e-02,-2.573245763778686523e-02,-4.305839538574218750e-04
-4.976987838745117188e-02,-2.579706907272338867e-02,4.541873931884765625e-05
-4.950428009033203125e-02,-2.589076757431030273e-02,5.667805671691894531e-04
-4.936552047729492188e-02,-2.596753835678100586e-02,9.537339210510253906e-04
-4.929876327514648438e-02,-2.616941928863525391e-02,1.343250274658203125e-03
-4.923725128173828125e-02,-2.639400959014892578e-02,1.694500446319580078e-03
-4.915523529052734375e-02,-2.663350105285644531e-02,1.920580863952636719e-03
-4.909086227416992188e-02,-2.689301967620849609e-02,2.070546150207519531e-03
-4.909038543701171875e-02,-2.708321809768676758e-02,2.235651016235351562e-03
-4.906034469604492188e-02,-2.708137035369873047e-02,2.376496791839599609e-03
-4.921293258666992188e-02,-2.723789215087890625e-02,2.505421638488769531e-03
-4.931545257568359375e-02,-2.744424343109130859e-02,2.605497837066650391e-03
-4.937458038330078125e-02,-2.771568298339843750e-02,2.702414989471435547e-03
-4.947853088378906250e-02,-2.790743112564086914e-02,2.850651741027832031e-03
-5.046558380126953125e-02,-2.847743034362792969e-02,2.276241779327392578e-03
-5.134105682373046875e-02,-2.902537584304809570e-02,1.783549785614013672e-03
-5.213689804077148438e-02,-2.959001064300537109e-02,1.322090625762939453e-03
-5.285167694091796875e-02,-3.012895584106445312e-02,1.003205776214599609e-03
-5.349731445312500000e-02,-3.056651353836059570e-02,7.576346397399902344e-04
-5.404710769653320312e-02,-3.095585107803344727e-02,4.467964172363281250e-04
-5.457544326782226562e-02,-3.112196922302246094e-02,2.752542495727539062e-04
-5.519199371337890625e-02,-3.123897314071655273e-02,5.853176116943359375e-05
-5.575513839721679688e-02,-3.134793043136596680e-02,-8.231401443481445312e-05
-5.624580383300781250e-02,-3.148329257965087891e-02,-1.779198646545410156e-04
-5.669784545898437500e-02,-3.165715932846069336e-02,-2.691149711608886719e-04
-5.706024169921875000e-02,-3.184306621551513672e-02,-3.734827041625976562e-04
-5.737686157226562500e-02,-3.206485509872436523e-02,-4.666447639465332031e-04
-5.763244628906250000e-02,-3.226304054260253906e-02,-5.633831024169921875e-04
-5.782461166381835938e-02,-3.241676092147827148e-02,-6.673336029052734375e-04
-5.798292160034179688e-02,-3.259348869323730469e-02,-8.121132850646972656e-04
-5.811977386474609375e-02,-3.276067972183227539e-02,-9.826421737670898438e-04
-5.822324752807617188e-02,-3.299599885940551758e-02,-1.143693923950195312e-03
-5.827283859252929688e-02,-3.324848413467407227e-02,-1.244306564331054688e-03
-5.829668045043945312e-02,-3.346514701843261719e-02,-1.318573951721191406e-03
-5.835103988647460938e-02,-3.365319967269897461e-02,-1.352846622467041016e-03
-5.833244323730468750e-02,-3.389251232147216797e-02,-1.373827457427978516e-03
-5.827713012695312500e-02,-3.406500816345214844e-02,-1.330018043518066406e-03
-5.822181701660156250e-02,-3.424906730651855469e-02,-1.272797584533691406e-03
-5.815458297729492188e-02,-3.434604406356811523e-02,-1.237452030181884766e-03
-5.800390243530273438e-02,-3.442966938018798828e-02,-1.228928565979003906e-03
-5.788707733154296875e-02,-3.441256284713745117e-02,-1.227736473083496094e-03
-5.776166915893554688e-02,-3.444039821624755859e-02,-1.222968101501464844e-03
-5.762434005737304688e-02,-3.439801931381225586e-02,-1.258909702301025391e-03
-5.745887756347656250e-02,-3.437286615371704102e-02,-1.253962516784667969e-03
-5.733823776245117188e-02,-3.433960676193237305e-02,-1.256644725799560547e-03
-5.720043182373046875e-02,-3.430664539337158203e-02,-1.277863979339599609e-03
-5.710220336914062500e-02,-3.427433967590332031e-02,-1.367390155792236328e-03
-5.699825286865234375e-02,-3.424483537673950195e-02,-1.335978507995605469e-03
-5.684804916381835938e-02,-3.436583280563354492e-02,-1.252353191375732422e-03
-5.675315856933593750e-02,-3.448480367660522461e-02,-1.112878322601318359e-03
-5.666875839233398438e-02,-3.463304042816162109e-02,-9.248852729797363281e-04
-5.666875839233398438e-02,-3.471893072128295898e-02,-7.855296134948730469e-04
-5.670213699340820312e-02,-3.475379943847656250e-02,-6.815195083618164062e-04
-5.676698684692382812e-02,-3.479015827178955078e-02,-5.808472633361816406e-04
-5.683851242065429688e-02,-3.475552797317504883e-02,-4.700422286987304688e-04
-5.692005157470703125e-02,-3.478932380676269531e-02,-3.751516342163085938e-04
-5.698823928833007812e-02,-3.488487005233764648e-02,-2.804994583129882812e-04
-5.705165863037109375e-02,-3.500431776046752930e-02,-2.277493476867675781e-04
-5.704259872436523438e-02,-3.504151105880737305e-02,-2.149343490600585938e-04
-5.702924728393554688e-02,-3.506261110305786133e-02,-1.729726791381835938e-04
-5.698204040527343750e-02,-3.505355119705200195e-02,-1.024603843688964844e-04
-5.693960189819335938e-02,-3.512728214263916016e-02,-4.267692565917968750e-05
-5.688571929931640625e-02,-3.517115116119384766e-02,4.935264587402343750e-05
-5.688762664794921875e-02,-3.519725799560546875e-02,1.038908958435058594e-04
-5.685329437255859375e-02,-3.513187170028686523e-02,1.706480979919433594e-04
-5.679512023925781250e-02,-3.502714633941650391e-02,2.490282058715820312e-04
-5.672883987426757812e-02,-3.494197130203247070e-02,3.530979156494140625e-04
-5.664014816284179688e-02,-3.486204147338867188e-02,4.121065139770507812e-04
-5.654191970825195312e-02,-3.481853008270263672e-02,4.127025604248046875e-04
-5.642461776733398438e-02,-3.473544120788574219e-02,4.432797431945800781e-04
-5.630493164062500000e-02,-3.473210334777832031e-02,5.238652229309082031e-04
-5.618858337402343750e-02,-3.480410575866699219e-02,6.146430969238281250e-04
-5.604648590087890625e-02,-3.493362665176391602e-02,8.070468902587890625e-04
-5.593252182006835938e-02,-3.504639863967895508e-02,9.759664535522460938e-04
-5.581760406494140625e-02,-3.513109683990478516e-02,1.118719577789306641e-03
-5.574846267700195312e-02,-3.511875867843627930e-02,1.182258129119873047e-03
-5.570745468139648438e-02,-3.506046533584594727e-02,1.165986061096191406e-03
-5.570030212402343750e-02,-3.504985570907592773e-02,1.055419445037841797e-03
-5.566453933715820312e-02,-3.503119945526123047e-02,9.395480155944824219e-04
-5.548429489135742188e-02,-3.496783971786499023e-02,9.772777557373046875e-04
-5.532503128051757812e-02,-3.488814830780029297e-02,9.824633598327636719e-04
-5.518960952758789062e-02,-3.477174043655395508e-02,9.827613830566406250e-04
-5.506706237792968750e-02,-3.473216295242309570e-02,9.686350822448730469e-04
-5.495977401733398438e-02,-3.470373153686523438e-02,1.017153263092041016e-03
-5.490684509277343750e-02,-3.460133075714111328e-02,1.007974147796630859e-03
-5.487155914306640625e-02,-3.447461128234863281e-02,9.188055992126464844e-04
-5.483818054199218750e-02,-3.437155485153198242e-02,8.170008659362792969e-04
-5.484533309936523438e-02,-3.403204679489135742e-02,5.952119827270507812e-04
-5.486869812011718750e-02,-3.376638889312744141e-02,3.242492675781250000e-04
-5.491495132446289062e-02,-3.349918127059936523e-02,2.932548522949218750e-05
-5.499792098999023438e-02,-3.328585624694824219e-02,-2.857446670532226562e-04
-5.506277084350585938e-02,-3.307104110717773438e-02,-6.134510040283203125e-04
-5.511331558227539062e-02,-3.297847509384155273e-02,-8.841753005981445312e-04
-5.517244338989257812e-02,-3.290003538131713867e-02,-1.126587390899658203e-03
-5.520343780517578125e-02,-3.284060955047607422e-02,-1.418352127075195312e-03
-5.520868301391601562e-02,-3.278183937072753906e-02,-1.693308353424072266e-03
-5.513000488281250000e-02,-3.263372182846069336e-02,-1.816391944885253906e-03
-5.503606796264648438e-02,-3.251612186431884766e-02,-1.813709735870361328e-03
-5.495548248291015625e-02,-3.240913152694702148e-02,-1.767456531524658203e-03
-5.492639541625976562e-02,-3.231346607208251953e-02,-1.653969287872314453e-03
-5.477380752563476562e-02,-3.226202726364135742e-02,-1.482307910919189453e-03
-5.463409423828125000e-02,-3.224945068359375000e-02,-1.321434974670410156e-03
-5.445814132690429688e-02,-3.216612339019775391e-02,-1.110851764678955078e-03
-5.436229705810546875e-02,-3.203153610229492188e-02,-9.275078773498535156e-04
-5.424165725708007812e-02,-3.189831972122192383e-02,-7.769465446472167969e-04
-5.414438247680664062e-02,-3.179234266281127930e-02,-6.810426712036132812e-04
-5.411624908447265625e-02,-3.165227174758911133e-02,-6.867647171020507812e-04
-5.414295196533203125e-02,-3.150945901870727539e-02,-7.840991020202636719e-04
-5.419492721557617188e-02,-3.140938282012939453e-02,-8.704066276550292969e-04
-5.425786972045898438e-02,-3.134149312973022461e-02,-1.013517379760742188e-03
-5.437564849853515625e-02,-3.118717670440673828e-02,-1.221299171447753906e-03
-5.448150634765625000e-02,-3.100758790969848633e-02,-1.327812671661376953e-03
-5.456781387329101562e-02,-3.079825639724731445e-02,-1.440763473510742188e-03
-5.460357666015625000e-02,-3.056842088699340820e-02,-1.542985439300537109e-03
-5.462646484375000000e-02,-3.039360046386718750e-02,-1.659631729125976562e-03
-5.467319488525390625e-02,-3.020095825195312500e-02,-1.786053180694580078e-03
-5.471515655517578125e-02,-3.002399206161499023e-02,-1.894474029541015625e-03
-5.471563339233398438e-02,-2.992355823516845703e-02,-1.964092254638671875e-03
-5.475473403930664062e-02,-2.980536222457885742e-02,-2.055108547210693359e-03
-5.479907989501953125e-02,-2.968662977218627930e-02,-2.142190933227539062e-03
-5.476665496826171875e-02,-2.958613634109497070e-02,-2.235293388366699219e-03
-5.464363098144531250e-02,-2.951377630233764648e-02,-2.272844314575195312e-03
-5.455827713012695312e-02,-2.936154603958129883e-02,-2.263784408569335938e-03
-5.445241928100585938e-02,-2.921789884567260742e-02,-2.259492874145507812e-03
-5.430698394775390625e-02,-2.917355298995971680e-02,-2.230286598205566406e-03
-5.414962768554687500e-02,-2.911609411239624023e-02,-2.101659774780273438e-03
-5.399942398071289062e-02,-2.906996011734008789e-02,-1.913309097290039062e-03
-5.386114120483398438e-02,-2.907049655914306641e-02,-1.799643039703369141e-03
-5.367612838745117188e-02,-2.906066179275512695e-02,-1.749753952026367188e-03
-5.350732803344726562e-02,-2.902251482009887695e-02,-1.737236976623535156e-03
-5.336904525756835938e-02,-2.896779775619506836e-02,-1.738727092742919922e-03
-5.319690704345703125e-02,-2.892643213272094727e-02,-1.768350601196289062e-03
-5.302286148071289062e-02,-2.886456251144409180e-02,-1.814782619476318359e-03
-5.291223526000976562e-02,-2.872020006179809570e-02,-1.909971237182617188e-03
-5.273866653442382812e-02,-2.854061126708984375e-02,-2.022802829742431641e-03
-5.257320404052734375e-02,-2.840554714202880859e-02,-2.073109149932861328e-03
-5.244445800781250000e-02,-2.826964855194091797e-02,-2.147376537322998047e-03
-5.230951309204101562e-02,-2.825838327407836914e-02,-2.172291278839111328e-03
-5.208206176757812500e-02,-2.821701765060424805e-02,-2.110421657562255859e-03
-5.187177658081054688e-02,-2.821153402328491211e-02,-2.049028873443603516e-03
-5.164432525634765625e-02,-2.833586931228637695e-02,-1.944363117218017578e-03
-5.143022537231445312e-02,-2.840936183929443359e-02,-1.821637153625488281e-03
-5.129718780517578125e-02,-2.844524383544921875e-02,-1.687645912170410156e-03
-5.118370056152343750e-02,-2.837914228439331055e-02,-1.585245132446289062e-03
-5.109310150146484375e-02,-2.838951349258422852e-02,-1.494884490966796875e-03
-5.102872848510742188e-02,-2.848654985427856445e-02,-1.379549503326416016e-03
-5.098581314086914062e-02,-2.851909399032592773e-02,-1.254022121429443359e-03
-5.080556869506835938e-02,-2.854955196380615234e-02,-1.183986663818359375e-03
-5.064582824707031250e-02,-2.855741977691650391e-02,-1.109540462493896484e-03
-5.052995681762695312e-02,-2.859413623809814453e-02,-1.059114933013916016e-03
-5.041027069091796875e-02,-2.866989374160766602e-02,-9.710788726806640625e-04
-5.028533935546875000e-02,-2.875995635986328125e-02,-9.407401084899902344e-04
-5.014896392822265625e-02,-2.890318632125854492e-02,-8.876323699951171875e-04
-5.001688003540039062e-02,-2.909022569656372070e-02,-9.157061576843261719e-04
-4.991674423217773438e-02,-2.931141853332519531e-02,-9.610652923583984375e-04
-4.989957809448242188e-02,-2.949345111846923828e-02,-1.021623611450195312e-03
-4.987096786499023438e-02,-2.972966432571411133e-02,-1.069307327270507812e-03
-4.982757568359375000e-02,-2.990448474884033203e-02,-1.133143901824951172e-03
-4.985094070434570312e-02,-3.006225824356079102e-02,-1.151323318481445312e-03
-4.986095428466796875e-02,-3.010559082031250000e-02,-1.070141792297363281e-03
-4.989862442016601562e-02,-3.010469675064086914e-02,-9.241700172424316406e-04
-4.973411560058593750e-02,-3.030562400817871094e-02,-8.125901222229003906e-04
-4.962539672851562500e-02,-3.050869703292846680e-02,-7.427334785461425781e-04
-4.951906204223632812e-02,-3.066885471343994141e-02,-6.828904151916503906e-04
-4.944276809692382812e-02,-3.081035614013671875e-02,-6.331801414489746094e-04
-4.937934875488281250e-02,-3.096944093704223633e-02,-6.223917007446289062e-04
-4.929637908935546875e-02,-3.108507394790649414e-02,-6.648302078247070312e-04
-4.923534393310546875e-02,-3.117007017135620117e-02,-7.047653198242187500e-04
-4.914903640747070312e-02,-3.127104043960571289e-02,-7.063746452331542969e-04
-4.907798767089843750e-02,-3.127461671829223633e-02,-7.129311561584472656e-04
-4.905223846435546875e-02,-3.113067150115966797e-02,-8.507370948791503906e-04
-4.901742935180664062e-02,-3.100156784057617188e-02,-9.717345237731933594e-04
-4.909372329711914062e-02,-3.080439567565917969e-02,-1.089751720428466797e-03
-4.917669296264648438e-02,-3.054553270339965820e-02,-1.167535781860351562e-03
-4.927301406860351562e-02,-3.029453754425048828e-02,-1.220107078552246094e-03
-4.938888549804687500e-02,-3.006261587142944336e-02,-1.265943050384521484e-03
-4.953718185424804688e-02,-2.994406223297119141e-02,-1.281142234802246094e-03
-4.968786239624023438e-02,-2.994424104690551758e-02,-1.467287540435791016e-03
-4.979038238525390625e-02,-3.002166748046875000e-02,-1.640558242797851562e-03
-4.990720748901367188e-02,-3.004652261734008789e-02,-1.746773719787597656e-03
-4.997444152832031250e-02,-3.002250194549560547e-02,-1.828670501708984375e-03
-5.000162124633789062e-02,-3.000777959823608398e-02,-1.844227313995361328e-03
-5.001258850097656250e-02,-2.993804216384887695e-02,-1.858532428741455078e-03
-5.004930496215820312e-02,-2.987360954284667969e-02,-1.890003681182861328e-03
-5.006456375122070312e-02,-2.979886531829833984e-02,-1.913368701934814453e-03
-5.007076263427734375e-02,-2.985155582427978516e-02,-1.972377300262451172e-03
-5.003547668457031250e-02,-2.998340129852294922e-02,-1.984953880310058594e-03
-5.002403259277343750e-02,-3.015351295471191406e-02,-2.014458179473876953e-03
-4.999685287475585938e-02,-3.027576208114624023e-02,-2.046287059783935547e-03
-5.000162124633789062e-02,-3.042703866958618164e-02,-2.080798149108886719e-03
-4.998159408569335938e-02,-3.056401014328002930e-02,-2.070426940917968750e-03
-4.999208450317382812e-02,-3.065407276153564453e-02,-2.075731754302978516e-03
-5.010843276977539062e-02,-3.059494495391845703e-02,-2.015233039855957031e-03
-5.028295516967773438e-02,-3.044521808624267578e-02,-1.967072486877441406e-03
-5.040121078491210938e-02,-3.035521507263183594e-02,-1.933038234710693359e-03
-5.052185058593750000e-02,-3.020846843719482422e-02,-1.876771450042724609e-03
-5.069446563720703125e-02,-3.009516000747680664e-02,-1.946926116943359375e-03
-5.088949203491210938e-02,-2.989941835403442383e-02,-2.046525478363037109e-03
-5.106163024902343750e-02,-2.966284751892089844e-02,-2.161204814910888672e-03
-5.119705200195312500e-02,-2.938926219940185547e-02,-2.277970314025878906e-03
-5.131578445434570312e-02,-2.912372350692749023e-02,-2.435207366943359375e-03
-5.146789550781250000e-02,-2.885848283767700195e-02,-2.477347850799560547e-03
-5.173873901367187500e-02,-2.864396572113037109e-02,-2.499341964721679688e-03
-5.193424224853515625e-02,-2.842891216278076172e-02,-2.465069293975830078e-03
-5.205297470092773438e-02,-2.827095985412597656e-02,-2.372145652770996094e-03
-5.207109451293945312e-02,-2.817177772521972656e-02,-2.204120159149169922e-03
-5.210304260253906250e-02,-2.808523178100585938e-02,-1.989901065826416016e-03
-5.207681655883789062e-02,-2.806615829467773438e-02,-1.709043979644775391e-03
-5.197048187255859375e-02,-2.812910079956054688e-02,-1.482427120208740234e-03
-5.183267593383789062e-02,-2.811068296432495117e-02,-1.312553882598876953e-03
-5.169534683227539062e-02,-2.802515029907226562e-02,-1.179039478302001953e-03
-5.154085159301757812e-02,-2.795720100402832031e-02,-1.057684421539306641e-03
-5.140972137451171875e-02,-2.788072824478149414e-02,-1.043021678924560547e-03
-5.126237869262695312e-02,-2.777075767517089844e-02,-1.008808612823486328e-03
-5.109977722167968750e-02,-2.762997150421142578e-02,-1.060843467712402344e-03
-5.095386505126953125e-02,-2.747291326522827148e-02,-1.177728176116943359e-03
-5.077409744262695312e-02,-2.736991643905639648e-02,-1.281857490539550781e-03
-5.067062377929687500e-02,-2.723735570907592773e-02,-1.426577568054199219e-03
-5.056095123291015625e-02,-2.715933322906494141e-02,-1.514315605163574219e-03
-5.044746398925781250e-02,-2.703380584716796875e-02,-1.613140106201171875e-03
-5.036640167236328125e-02,-2.691859006881713867e-02,-1.715838909149169922e-03
-5.027866363525390625e-02,-2.691459655761718750e-02,-1.803696155548095703e-03
-5.008935928344726562e-02,-2.691757678985595703e-02,-1.787364482879638672e-03
-4.992389678955078125e-02,-2.693551778793334961e-02,-1.739501953125000000e-03
-4.977369308471679688e-02,-2.689319849014282227e-02,-1.643538475036621094e-03
-4.953384399414062500e-02,-2.685934305191040039e-02,-1.468300819396972656e-03
-4.931402206420898438e-02,-2.683210372924804688e-02,-1.285433769226074219e-03
-4.911327362060546875e-02,-2.684521675109863281e-02,-1.146316528320312500e-03
-4.897880554199218750e-02,-2.687638998031616211e-02,-9.969472885131835938e-04
-4.888534545898437500e-02,-2.691322565078735352e-02,-1.010358333587646484e-03
-4.885387420654296875e-02,-2.690947055816650391e-02,-1.052021980285644531e-03
-4.879808425903320312e-02,-2.693694829940795898e-02,-1.043379306793212891e-03
-4.865837097167968750e-02,-2.713149785995483398e-02,-1.097202301025390625e-03
-4.859590530395507812e-02,-2.731716632843017578e-02,-1.168608665466308594e-03
-4.849481582641601562e-02,-2.750164270401000977e-02,-1.234114170074462891e-03
-4.840564727783203125e-02,-2.764987945556640625e-02,-1.332640647888183594e-03
-4.824542999267578125e-02,-2.778559923171997070e-02,-1.446485519409179688e-03
-4.810810089111328125e-02,-2.779215574264526367e-02,-1.569569110870361328e-03
-4.800605773925781250e-02,-2.811431884765625000e-02,-1.686811447143554688e-03
-4.787731170654296875e-02,-2.844595909118652344e-02,-1.798868179321289062e-03
-4.777002334594726562e-02,-2.870863676071166992e-02,-1.912355422973632812e-03
-4.771280288696289062e-02,-2.890169620513916016e-02,-1.942336559295654297e-03
-4.764842987060546875e-02,-2.903413772583007812e-02,-1.946985721588134766e-03
-4.761314392089843750e-02,-2.915859222412109375e-02,-1.970946788787841797e-03
-4.756021499633789062e-02,-2.921748161315917969e-02,-1.986324787139892578e-03
-4.751157760620117188e-02,-2.931797504425048828e-02,-2.057552337646484375e-03
-4.745197296142578125e-02,-2.939718961715698242e-02,-2.144336700439453125e-03
-4.739093780517578125e-02,-2.946233749389648438e-02,-2.221584320068359375e-03
-4.729270935058593750e-02,-2.944737672805786133e-02,-2.289354801177978516e-03
-4.728889465332031250e-02,-2.941685914993286133e-02,-2.409517765045166016e-03
-4.722976684570312500e-02,-2.936226129531860352e-02,-2.493143081665039062e-03
-4.715347290039062500e-02,-2.927750349044799805e-02,-2.501606941223144531e-03
-4.701519012451171875e-02,-2.926868200302124023e-02,-2.508401870727539062e-03
-4.685592651367187500e-02,-2.921795845031738281e-02,-2.502620220184326172e-03
-4.666662216186523438e-02,-2.907854318618774414e-02,-2.467632293701171875e-03
-4.647827148437500000e-02,-2.895236015319824219e-02,-2.433359622955322266e-03
-4.623556137084960938e-02,-2.879887819290161133e-02,-2.424836158752441406e-03
-4.595327377319335938e-02,-2.873122692108154297e-02,-2.399504184722900391e-03
-4.567670822143554688e-02,-2.861016988754272461e-02,-2.292931079864501953e-03
-4.543447494506835938e-02,-2.846246957778930664e-02,-2.210736274719238281e-03
-4.530143737792968750e-02,-2.825516462326049805e-02,-2.147316932678222656e-03
-4.519224166870117188e-02,-2.799785137176513672e-02,-2.080261707305908203e-03
-4.499387741088867188e-02,-2.778398990631103516e-02,-1.997351646423339844e-03
-4.480600357055664062e-02,-2.755570411682128906e-02,-2.003669738769531250e-03
-4.459190368652343750e-02,-2.728050947189331055e-02,-2.072513103485107422e-03
-4.437208175659179688e-02,-2.705663442611694336e-02,-2.093732357025146484e-03
-4.422807693481445312e-02,-2.697652578353881836e-02,-2.108871936798095703e-03
-4.401254653930664062e-02,-2.687174081802368164e-02,-2.088606357574462891e-03
-4.379892349243164062e-02,-2.673220634460449219e-02,-2.032756805419921875e-03
-4.357671737670898438e-02,-2.658021450042724609e-02,-1.955270767211914062e-03
-4.343461990356445312e-02,-2.642488479614257812e-02,-1.932680606842041016e-03
-4.326152801513671875e-02,-2.627760171890258789e-02,-1.881599426269531250e-03
-4.308366775512695312e-02,-2.608370780944824219e-02,-1.801908016204833984e-03
-4.291152954101562500e-02,-2.595531940460205078e-02,-1.741349697113037109e-03
-4.268455505371093750e-02,-2.583426237106323242e-02,-1.633822917938232422e-03
-4.242563247680664062e-02,-2.579122781753540039e-02,-1.477897167205810547e-03
-4.219198226928710938e-02,-2.577716112136840820e-02,-1.385807991027832031e-03
-4.194259643554687500e-02,-2.601343393325805664e-02,-1.336395740509033203e-03
-4.169988632202148438e-02,-2.621996402740478516e-02,-1.319050788879394531e-03
-4.144477844238281250e-02,-2.640867233276367188e-02,-1.319050788879394531e-03
-4.121351242065429688e-02,-2.658069133758544922e-02,-1.370429992675781250e-03
-4.104185104370117188e-02,-2.676242589950561523e-02,-1.439273357391357422e-03
-4.090309143066406250e-02,-2.695930004119873047e-02,-1.542568206787109375e-03
-4.081583023071289062e-02,-2.709770202636718750e-02,-1.692056655883789062e-03
-4.081010818481445312e-02,-2.731621265411376953e-02,-1.941382884979248047e-03
-4.084062576293945312e-02,-2.744972705841064453e-02,-2.199411392211914062e-03
-4.089975357055664062e-02,-2.743816375732421875e-02,-2.522051334381103516e-03
-4.093074798583984375e-02,-2.738016843795776367e-02,-2.867758274078369141e-03
-4.097461700439453125e-02,-2.730798721313476562e-02,-3.122687339782714844e-03
-4.090499877929687500e-02,-2.723604440689086914e-02,-3.285884857177734375e-03
-4.079008102416992188e-02,-2.724510431289672852e-02,-3.518342971801757812e-03
-4.067516326904296875e-02,-2.715504169464111328e-02,-3.749787807464599609e-03
-4.054212570190429688e-02,-2.701491117477416992e-02,-4.028141498565673828e-03
-4.040479660034179688e-02,-2.695995569229125977e-02,-4.383683204650878906e-03
-4.028367996215820312e-02,-2.683985233306884766e-02,-4.783451557159423828e-03
-4.013538360595703125e-02,-2.663463354110717773e-02,-5.180895328521728516e-03
-3.996562957763671875e-02,-2.651149034500122070e-02,-5.491197109222412109e-03
-3.980112075805664062e-02,-2.644836902618408203e-02,-5.881369113922119141e-03
-3.963232040405273438e-02,-2.640485763549804688e-02,-6.283819675445556641e-03
-3.946971893310546875e-02,-2.639132738113403320e-02,-6.720542907714843750e-03
-3.930997848510742188e-02,-2.636086940765380859e-02,-7.149398326873779297e-03
-3.922605514526367188e-02,-2.628779411315917969e-02,-7.542550563812255859e-03
-3.914451599121093750e-02,-2.625566720962524414e-02,-7.875680923461914062e-03
-3.906679153442382812e-02,-2.624845504760742188e-02,-8.247494697570800781e-03
-3.893566131591796875e-02,-2.623957395553588867e-02,-8.607327938079833984e-03
-3.879833221435546875e-02,-2.627509832382202148e-02,-8.909642696380615234e-03
-3.861618041992187500e-02,-2.630990743637084961e-02,-9.174823760986328125e-03
-3.843688964843750000e-02,-2.639061212539672852e-02,-9.400963783264160156e-03
-3.823328018188476562e-02,-2.647173404693603516e-02,-9.611189365386962891e-03
-3.803443908691406250e-02,-2.651625871658325195e-02,-9.765446186065673828e-03
-3.782463073730468750e-02,-2.654385566711425781e-02,-9.929299354553222656e-03
-3.758955001831054688e-02,-2.653378248214721680e-02,-1.003849506378173828e-02
-3.731393814086914062e-02,-2.657890319824218750e-02,-1.006114482879638672e-02
-3.701686859130859375e-02,-2.655255794525146484e-02,-1.001423597335815430e-02
-3.671026229858398438e-02,-2.653729915618896484e-02,-9.958803653717041016e-03
-3.643608093261718750e-02,-2.654904127120971680e-02,-9.806454181671142578e-03
-3.623390197753906250e-02,-2.658927440643310547e-02,-9.680211544036865234e-03
-3.602981567382812500e-02,-2.665066719055175781e-02,-9.484708309173583984e-03
-3.587198257446289062e-02,-2.661967277526855469e-02,-9.303808212280273438e-03
-3.579139709472656250e-02,-2.657139301300048828e-02,-9.202063083648681641e-03
-3.570985794067382812e-02,-2.655124664306640625e-02,-9.118676185607910156e-03
-3.569984436035156250e-02,-2.642285823822021484e-02,-9.075045585632324219e-03
-3.578186035156250000e-02,-2.620774507522583008e-02,-9.125947952270507812e-03
-3.587055206298828125e-02,-2.600175142288208008e-02,-9.163558483123779297e-03
-3.595256805419921875e-02,-2.578669786453247070e-02,-9.210407733917236328e-03
-3.603935241699218750e-02,-2.551454305648803711e-02,-9.270727634429931641e-03
-3.609037399291992188e-02,-2.516216039657592773e-02,-9.431719779968261719e-03
-3.613519668579101562e-02,-2.475702762603759766e-02,-9.606063365936279297e-03
-3.614282608032226562e-02,-2.447986602783203125e-02,-9.761393070220947266e-03
-3.619003295898437500e-02,-2.390462160110473633e-02,-9.875833988189697266e-03
-3.622102737426757812e-02,-2.347856760025024414e-02,-1.006084680557250977e-02
-3.629684448242187500e-02,-2.302730083465576172e-02,-1.026314496994018555e-02
-3.644609451293945312e-02,-2.256238460540771484e-02,-1.047539710998535156e-02
-3.655910491943359375e-02,-2.223658561706542969e-02,-1.071262359619140625e-02
-3.653669357299804688e-02,-2.198094129562377930e-02,-1.093333959579467773e-02
-3.647232055664062500e-02,-2.174890041351318359e-02,-1.105976104736328125e-02
-3.638505935668945312e-02,-2.146124839782714844e-02,-1.111698150634765625e-02
-3.625106811523437500e-02,-2.119123935699462891e-02,-1.102876663208007812e-02
-3.603839874267578125e-02,-2.096772193908691406e-02,-1.086628437042236328e-02
-3.583717346191406250e-02,-2.075856924057006836e-02,-1.070368289947509766e-02
-3.565216064453125000e-02,-2.059090137481689453e-02,-1.052677631378173828e-02
-3.546285629272460938e-02,-2.051949501037597656e-02,-1.043421030044555664e-02
-3.527069091796875000e-02,-2.048307657241821289e-02,-1.031172275543212891e-02
-3.511524200439453125e-02,-2.045559883117675781e-02,-1.018619537353515625e-02
-3.494596481323242188e-02,-2.042698860168457031e-02,-1.008713245391845703e-02
-3.476905822753906250e-02,-2.042126655578613281e-02,-1.006299257278442383e-02
-3.461313247680664062e-02,-2.037811279296875000e-02,-1.008665561676025391e-02
-3.444671630859375000e-02,-2.024602890014648438e-02,-1.018595695495605469e-02
-3.425502777099609375e-02,-2.006536722183227539e-02,-1.028764247894287109e-02
-3.408765792846679688e-02,-1.990139484405517578e-02,-1.040011644363403320e-02
-3.392553329467773438e-02,-1.960188150405883789e-02,-1.046872138977050781e-02
-3.379106521606445312e-02,-1.939105987548828125e-02,-1.050031185150146484e-02
-3.360605239868164062e-02,-1.911199092864990234e-02,-1.055330038070678711e-02
-3.342580795288085938e-02,-1.881700754165649414e-02,-1.055771112442016602e-02
-3.327369689941406250e-02,-1.855403184890747070e-02,-1.055955886840820312e-02
-3.315925598144531250e-02,-1.828914880752563477e-02,-1.059442758560180664e-02
-3.303050994873046875e-02,-1.799196004867553711e-02,-1.062095165252685547e-02
-3.292989730834960938e-02,-1.772207021713256836e-02,-1.065909862518310547e-02
-3.284978866577148438e-02,-1.746851205825805664e-02,-1.072418689727783203e-02
-3.279066085815429688e-02,-1.710695028305053711e-02,-1.071494817733764648e-02
-3.271150588989257812e-02,-1.689881086349487305e-02,-1.062190532684326172e-02
-3.255367279052734375e-02,-1.672345399856567383e-02,-1.052492856979370117e-02
-3.243255615234375000e-02,-1.648330688476562500e-02,-1.044362783432006836e-02
-3.230953216552734375e-02,-1.626092195510864258e-02,-1.040244102478027344e-02
-3.217887878417968750e-02,-1.600402593612670898e-02,-1.040035486221313477e-02
-3.207826614379882812e-02,-1.553195714950561523e-02,-1.037818193435668945e-02
-3.193330764770507812e-02,-1.514512300491333008e-02,-1.035815477371215820e-02
-3.176736831665039062e-02,-1.481461524963378906e-02,-1.034247875213623047e-02
-3.162813186645507812e-02,-1.445949077606201172e-02,-1.030200719833374023e-02
-3.147411346435546875e-02,-1.415580511093139648e-02,-1.022034883499145508e-02
-3.134012222290039062e-02,-1.385760307312011719e-02,-1.019394397735595703e-02
-3.123998641967773438e-02,-1.366615295410156250e-02,-1.020854711532592773e-02
-3.109645843505859375e-02,-1.352834701538085938e-02,-1.024693250656127930e-02
-3.094768524169921875e-02,-1.338070631027221680e-02,-1.028746366500854492e-02
-3.082132339477539062e-02,-1.319569349288940430e-02,-1.030945777893066406e-02
-3.071784973144531250e-02,-1.297813653945922852e-02,-1.040297746658325195e-02
-3.057193756103515625e-02,-1.277929544448852539e-02,-1.045328378677368164e-02
-3.043508529663085938e-02,-1.261663436889648438e-02,-1.050853729248046875e-02
-3.029346466064453125e-02,-1.251906156539916992e-02,-1.054978370666503906e-02
-3.018808364868164062e-02,-1.250350475311279297e-02,-1.057344675064086914e-02
-3.012180328369140625e-02,-1.245069503784179688e-02,-1.058757305145263672e-02
-3.005123138427734375e-02,-1.236248016357421875e-02,-1.056802272796630859e-02
-3.002071380615234375e-02,-1.226240396499633789e-02,-1.055735349655151367e-02
-3.002548217773437500e-02,-1.212948560714721680e-02,-1.059174537658691406e-02
-2.999544143676757812e-02,-1.201456785202026367e-02,-1.063185930252075195e-02
-2.998447418212890625e-02,-1.194453239440917969e-02,-1.073950529098510742e-02
-2.999925613403320312e-02,-1.190912723541259766e-02,-1.085245609283447266e-02
-3.001976013183593750e-02,-1.194190979003906250e-02,-1.101052761077880859e-02
-3.000688552856445312e-02,-1.198136806488037109e-02,-1.111990213394165039e-02
-2.999162673950195312e-02,-1.203489303588867188e-02,-1.119065284729003906e-02
-2.999258041381835938e-02,-1.211023330688476562e-02,-1.131016016006469727e-02
-2.995967864990234375e-02,-1.224881410598754883e-02,-1.140618324279785156e-02
-2.980709075927734375e-02,-1.224666833877563477e-02,-1.147300004959106445e-02
-2.970075607299804688e-02,-1.216405630111694336e-02,-1.155829429626464844e-02
-2.953481674194335938e-02,-1.234459877014160156e-02,-1.173710823059082031e-02
-2.940225601196289062e-02,-1.252251863479614258e-02,-1.190018653869628906e-02
-2.927923202514648438e-02,-1.268208026885986328e-02,-1.203179359436035156e-02
-2.919721603393554688e-02,-1.291835308074951172e-02,-1.218074560165405273e-02
-2.912187576293945312e-02,-1.320272684097290039e-02,-1.225823163986206055e-02
-2.903699874877929688e-02,-1.349055767059326172e-02,-1.232832670211791992e-02
-2.894210815429687500e-02,-1.378136873245239258e-02,-1.235824823379516602e-02
-2.884244918823242188e-02,-1.408314704895019531e-02,-1.233810186386108398e-02
-2.872371673583984375e-02,-1.435887813568115234e-02,-1.234740018844604492e-02
-2.861642837524414062e-02,-1.455765962600708008e-02,-1.235085725784301758e-02
-2.851390838623046875e-02,-1.476132869720458984e-02,-1.234418153762817383e-02
-2.808427810668945312e-02,-1.448875665664672852e-02,-1.207524538040161133e-02
-2.770185470581054688e-02,-1.426213979721069336e-02,-1.184684038162231445e-02
-2.717208862304687500e-02,-1.424223184585571289e-02,-1.157039403915405273e-02
-2.668809890747070312e-02,-1.426339149475097656e-02,-1.145428419113159180e-02
-2.627325057983398438e-02,-1.428502798080444336e-02,-1.146399974822998047e-02
-2.587223052978515625e-02,-1.433134078979492188e-02,-1.152211427688598633e-02
-2.553892135620117188e-02,-1.434594392776489258e-02,-1.163977384567260742e-02
-2.520704269409179688e-02,-1.434576511383056641e-02,-1.178526878356933594e-02
-2.490425109863281250e-02,-1.443415880203247070e-02,-1.194989681243896484e-02
-2.467203140258789062e-02,-1.454317569732666016e-02,-1.213932037353515625e-02
-2.449846267700195312e-02,-1.461261510848999023e-02,-1.227837800979614258e-02
-2.437067031860351562e-02,-1.473009586334228516e-02,-1.246321201324462891e-02
-2.422809600830078125e-02,-1.482957601547241211e-02,-1.266467571258544922e-02
-2.411460876464843750e-02,-1.492291688919067383e-02,-1.294440031051635742e-02
-2.399015426635742188e-02,-1.498848199844360352e-02,-1.321929693222045898e-02
-2.383232116699218750e-02,-1.504838466644287109e-02,-1.347410678863525391e-02
-2.366161346435546875e-02,-1.513183116912841797e-02,-1.373118162155151367e-02
-2.348995208740234375e-02,-1.517707109451293945e-02,-1.394659280776977539e-02
-2.329492568969726562e-02,-1.524913311004638672e-02,-1.410293579101562500e-02
-2.314090728759765625e-02,-1.528632640838623047e-02,-1.423013210296630859e-02
-2.282285690307617188e-02,-1.566630601882934570e-02,-1.430201530456542969e-02
-2.250719070434570312e-02,-1.600009202957153320e-02,-1.432156562805175781e-02
-2.228975296020507812e-02,-1.632338762283325195e-02,-1.425367593765258789e-02
-2.207279205322265625e-02,-1.661860942840576172e-02,-1.410496234893798828e-02
-2.185535430908203125e-02,-1.689088344573974609e-02,-1.396900415420532227e-02
-2.166366577148437500e-02,-1.711088418960571289e-02,-1.382392644882202148e-02
-2.144575119018554688e-02,-1.736557483673095703e-02,-1.368850469589233398e-02
-2.118492126464843750e-02,-1.755434274673461914e-02,-1.355069875717163086e-02
-2.093839645385742188e-02,-1.772540807723999023e-02,-1.339459419250488281e-02
-2.066373825073242188e-02,-1.790446043014526367e-02,-1.325321197509765625e-02
-2.040672302246093750e-02,-1.806288957595825195e-02,-1.306074857711791992e-02
-2.015781402587890625e-02,-1.830697059631347656e-02,-1.288747787475585938e-02
-1.987266540527343750e-02,-1.850175857543945312e-02,-1.272386312484741211e-02
-1.955556869506835938e-02,-1.864647865295410156e-02,-1.257669925689697266e-02
-1.926803588867187500e-02,-1.875841617584228516e-02,-1.244878768920898438e-02
-1.895618438720703125e-02,-1.881951093673706055e-02,-1.237118244171142578e-02
-1.869964599609375000e-02,-1.889258623123168945e-02,-1.229465007781982422e-02
-1.850938796997070312e-02,-1.897466182708740234e-02,-1.217353343963623047e-02
-1.831436157226562500e-02,-1.907885074615478516e-02,-1.202201843261718750e-02
-1.810741424560546875e-02,-1.898515224456787109e-02,-1.189506053924560547e-02
-1.796817779541015625e-02,-1.881629228591918945e-02,-1.181668043136596680e-02
-1.781892776489257812e-02,-1.870286464691162109e-02,-1.178860664367675781e-02
-1.768875122070312500e-02,-1.859164237976074219e-02,-1.178413629531860352e-02
-1.752376556396484375e-02,-1.841652393341064453e-02,-1.180344820022583008e-02
-1.733160018920898438e-02,-1.827365159988403320e-02,-1.177155971527099609e-02
-1.716327667236328125e-02,-1.813763380050659180e-02,-1.170200109481811523e-02
-1.694583892822265625e-02,-1.798951625823974609e-02,-1.158595085144042969e-02
-1.663827896118164062e-02,-1.793992519378662109e-02,-1.138466596603393555e-02
-1.634407043457031250e-02,-1.787948608398437500e-02,-1.122927665710449219e-02
-1.604986190795898438e-02,-1.782417297363281250e-02,-1.102578639984130859e-02
-1.579046249389648438e-02,-1.784193515777587891e-02,-1.082748174667358398e-02
-1.560497283935546875e-02,-1.789766550064086914e-02,-1.059526205062866211e-02
-1.541471481323242188e-02,-1.795470714569091797e-02,-1.033043861389160156e-02
-1.523828506469726562e-02,-1.805073022842407227e-02,-1.011085510253906250e-02
-1.515102386474609375e-02,-1.812630891799926758e-02,-1.001083850860595703e-02
-1.506090164184570312e-02,-1.824897527694702148e-02,-9.929478168487548828e-03
-1.494121551513671875e-02,-1.840931177139282227e-02,-9.873270988464355469e-03
-1.487064361572265625e-02,-1.858717203140258789e-02,-9.890377521514892578e-03
-1.476144790649414062e-02,-1.879853010177612305e-02,-9.886860847473144531e-03
-1.465940475463867188e-02,-1.899552345275878906e-02,-9.917676448822021484e-03
-1.457166671752929688e-02,-1.918971538543701172e-02,-9.942233562469482422e-03
-1.449728012084960938e-02,-1.930266618728637695e-02,-9.974360466003417969e-03
-1.432418823242187500e-02,-1.945137977600097656e-02,-9.959340095520019531e-03
-1.419067382812500000e-02,-1.956450939178466797e-02,-9.925544261932373047e-03
-1.403045654296875000e-02,-1.963347196578979492e-02,-9.933054447174072266e-03
-1.386165618896484375e-02,-1.970499753952026367e-02,-9.957075119018554688e-03
-1.392507553100585938e-02,-1.945340633392333984e-02,-1.014518737792968750e-02
-1.397228240966796875e-02,-1.929664611816406250e-02,-1.034462451934814453e-02
-1.397657394409179688e-02,-1.916050910949707031e-02,-1.051926612854003906e-02
-1.402044296264648438e-02,-1.904290914535522461e-02,-1.070523262023925781e-02
-1.401519775390625000e-02,-1.893246173858642578e-02,-1.084154844284057617e-02
-1.405382156372070312e-02,-1.890575885772705078e-02,-1.086598634719848633e-02
-1.400804519653320312e-02,-1.890271902084350586e-02,-1.085317134857177734e-02
-1.392173767089843750e-02,-1.893311738967895508e-02,-1.080441474914550781e-02
-1.382255554199218750e-02,-1.895111799240112305e-02,-1.067924499511718750e-02
-1.365423202514648438e-02,-1.897484064102172852e-02,-1.048719882965087891e-02
-1.348209381103515625e-02,-1.905018091201782227e-02,-1.028728485107421875e-02
-1.333332061767578125e-02,-1.914334297180175781e-02,-1.008057594299316406e-02
-1.317214965820312500e-02,-1.918464899063110352e-02,-9.839832782745361328e-03
-1.303577423095703125e-02,-1.926457881927490234e-02,-9.605169296264648438e-03
-1.290988922119140625e-02,-1.933956146240234375e-02,-9.349524974822998047e-03
-1.278257369995117188e-02,-1.942336559295654297e-02,-9.152889251708984375e-03
-1.263809204101562500e-02,-1.943951845169067383e-02,-8.992075920104980469e-03
-1.249742507934570312e-02,-1.946347951889038086e-02,-8.915662765502929688e-03
-1.236867904663085938e-02,-1.949268579483032227e-02,-8.847415447235107422e-03
-1.227569580078125000e-02,-1.952105760574340820e-02,-8.878052234649658203e-03
-1.208496093750000000e-02,-1.953929662704467773e-02,-8.766531944274902344e-03
-1.191329956054687500e-02,-1.954728364944458008e-02,-8.692920207977294922e-03
-1.173877716064453125e-02,-1.959401369094848633e-02,-8.738338947296142578e-03
-1.159477233886718750e-02,-1.964581012725830078e-02,-8.746981620788574219e-03
-1.153659820556640625e-02,-1.968163251876831055e-02,-8.726656436920166016e-03
-1.150846481323242188e-02,-1.973450183868408203e-02,-8.756995201110839844e-03
-1.154136657714843750e-02,-1.977974176406860352e-02,-8.798122406005859375e-03
-1.158380508422851562e-02,-1.987177133560180664e-02,-8.865833282470703125e-03
-1.163721084594726562e-02,-1.995784044265747070e-02,-8.939921855926513672e-03
-1.165866851806640625e-02,-2.000886201858520508e-02,-8.968532085418701172e-03
-1.164484024047851562e-02,-2.007550001144409180e-02,-8.996546268463134766e-03
-1.168155670166015625e-02,-2.002459764480590820e-02,-8.988440036773681641e-03
-1.165342330932617188e-02,-1.996856927871704102e-02,-9.011805057525634766e-03
-1.163434982299804688e-02,-1.993590593338012695e-02,-8.966386318206787109e-03
-1.155710220336914062e-02,-1.995897293090820312e-02,-8.916914463043212891e-03
-1.152372360229492188e-02,-2.009153366088867188e-02,-8.865833282470703125e-03
-1.148414611816406250e-02,-2.021145820617675781e-02,-8.819580078125000000e-03
-1.144313812255859375e-02,-2.032876014709472656e-02,-8.773028850555419922e-03
-1.138448715209960938e-02,-2.040034532546997070e-02,-8.781313896179199219e-03
-1.129293441772460938e-02,-2.045971155166625977e-02,-8.791863918304443359e-03
-1.114320755004882812e-02,-2.052038908004760742e-02,-8.784413337707519531e-03
-1.100540161132812500e-02,-2.054631710052490234e-02,-8.810877799987792969e-03
-1.089715957641601562e-02,-2.054959535598754883e-02,-8.894443511962890625e-03
-1.078939437866210938e-02,-2.060282230377197266e-02,-8.942425251007080078e-03
-1.066112518310546875e-02,-2.061420679092407227e-02,-8.992552757263183594e-03
-1.054525375366210938e-02,-2.053552865982055664e-02,-9.098529815673828125e-03
-1.045036315917968750e-02,-2.048212289810180664e-02,-9.210824966430664062e-03
-1.032781600952148438e-02,-2.044171094894409180e-02,-9.356260299682617188e-03
-1.018905639648437500e-02,-2.041399478912353516e-02,-9.541392326354980469e-03
-1.005458831787109375e-02,-2.036768198013305664e-02,-9.700834751129150391e-03
-9.859085083007812500e-03,-2.030164003372192383e-02,-9.846150875091552734e-03
-9.707450866699218750e-03,-2.024137973785400391e-02,-1.003378629684448242e-02
-9.542465209960937500e-03,-2.017557621002197266e-02,-1.023328304290771484e-02
-9.415626525878906250e-03,-2.011716365814208984e-02,-1.044696569442749023e-02
-9.294509887695312500e-03,-2.000617980957031250e-02,-1.061695814132690430e-02
-9.184837341308593750e-03,-1.985293626785278320e-02,-1.079106330871582031e-02
-9.037971496582031250e-03,-1.975685358047485352e-02,-1.102435588836669922e-02
-8.880138397216796875e-03,-1.972037553787231445e-02,-1.124924421310424805e-02
-8.743286132812500000e-03,-1.975131034851074219e-02,-1.143622398376464844e-02
-8.545398712158203125e-03,-1.987779140472412109e-02,-1.157206296920776367e-02
-8.392333984375000000e-03,-1.997476816177368164e-02,-1.170623302459716797e-02
-8.231639862060546875e-03,-2.010267972946166992e-02,-1.182842254638671875e-02
-8.070468902587890625e-03,-2.019107341766357422e-02,-1.198875904083251953e-02
-7.951736450195312500e-03,-2.023506164550781250e-02,-1.218879222869873047e-02
-7.881164550781250000e-03,-2.024853229522705078e-02,-1.238852739334106445e-02
-7.820606231689453125e-03,-2.026498317718505859e-02,-1.256012916564941406e-02
-7.792949676513671875e-03,-2.021318674087524414e-02,-1.270902156829833984e-02
-7.727146148681640625e-03,-2.016156911849975586e-02,-1.287245750427246094e-02
-7.627010345458984375e-03,-2.000820636749267578e-02,-1.303666830062866211e-02
-7.528305053710937500e-03,-1.986485719680786133e-02,-1.323032379150390625e-02
-7.437705993652343750e-03,-1.968038082122802734e-02,-1.336294412612915039e-02
-7.335662841796875000e-03,-1.951617002487182617e-02,-1.346796751022338867e-02
-7.214546203613281250e-03,-1.933085918426513672e-02,-1.357203722000122070e-02
-7.084369659423828125e-03,-1.914244890213012695e-02,-1.370829343795776367e-02
-6.953716278076171875e-03,-1.896458864212036133e-02,-1.382166147232055664e-02
-6.845951080322265625e-03,-1.879972219467163086e-02,-1.401144266128540039e-02
-6.735324859619140625e-03,-1.863455772399902344e-02,-1.418650150299072266e-02
-6.637573242187500000e-03,-1.851505041122436523e-02,-1.438707113265991211e-02
-6.562709808349609375e-03,-1.836490631103515625e-02,-1.457029581069946289e-02
-6.502151489257812500e-03,-1.823335886001586914e-02,-1.480180025100708008e-02
-6.490707397460937500e-03,-1.808756589889526367e-02,-1.504194736480712891e-02
-6.510734558105468750e-03,-1.798236370086669922e-02,-1.523876190185546875e-02
-6.523609161376953125e-03,-1.792067289352416992e-02,-1.539808511734008789e-02
-6.561279296875000000e-03,-1.786041259765625000e-02,-1.556503772735595703e-02
-6.543159484863281250e-03,-1.784908771514892578e-02,-1.576381921768188477e-02
-6.482124328613281250e-03,-1.785957813262939453e-02,-1.590114831924438477e-02
-6.412029266357421875e-03,-1.788419485092163086e-02,-1.604115962982177734e-02
-6.343364715576171875e-03,-1.789587736129760742e-02,-1.619637012481689453e-02
-6.256580352783203125e-03,-1.788032054901123047e-02,-1.634186506271362305e-02
-6.160736083984375000e-03,-1.795786619186401367e-02,-1.643729209899902344e-02
-6.020069122314453125e-03,-1.810598373413085938e-02,-1.654273271560668945e-02
-5.862712860107421875e-03,-1.824843883514404297e-02,-1.655089855194091797e-02
-5.709171295166015625e-03,-1.838105916976928711e-02,-1.654309034347534180e-02
-5.539894104003906250e-03,-1.851570606231689453e-02,-1.659524440765380859e-02
-5.334854125976562500e-03,-1.866757869720458984e-02,-1.661092042922973633e-02
-5.130290985107421875e-03,-1.885509490966796875e-02,-1.658374071121215820e-02
-4.920482635498046875e-03,-1.895874738693237305e-02,-1.655089855194091797e-02
-4.755496978759765625e-03,-1.905190944671630859e-02,-1.649504899978637695e-02
-4.597187042236328125e-03,-1.911330223083496094e-02,-1.638728380203247070e-02
-4.440307617187500000e-03,-1.917672157287597656e-02,-1.624894142150878906e-02
-4.317760467529296875e-03,-1.923525333404541016e-02,-1.610797643661499023e-02
-4.203796386718750000e-03,-1.928198337554931641e-02,-1.594603061676025391e-02
-4.082679748535156250e-03,-1.932686567306518555e-02,-1.579248905181884766e-02
-3.953933715820312500e-03,-1.941448450088500977e-02,-1.564925909042358398e-02
-3.800392150878906250e-03,-1.952487230300903320e-02,-1.553028821945190430e-02
-3.671646118164062500e-03,-1.957488059997558594e-02,-1.538699865341186523e-02
-3.569126129150390625e-03,-1.959997415542602539e-02,-1.527184247970581055e-02
-3.389835357666015625e-03,-1.961016654968261719e-02,-1.519632339477539062e-02
-3.153324127197265625e-03,-1.961213350296020508e-02,-1.513642072677612305e-02
-2.978324890136718750e-03,-1.963531970977783203e-02,-1.505732536315917969e-02
-2.786159515380859375e-03,-1.966404914855957031e-02,-1.496195793151855469e-02
-2.614021301269531250e-03,-1.970422267913818359e-02,-1.490384340286254883e-02
-2.413749694824218750e-03,-1.979070901870727539e-02,-1.485443115234375000e-02
-2.239227294921875000e-03,-1.985061168670654297e-02,-1.477497816085815430e-02
-2.059936523437500000e-03,-1.990205049514770508e-02,-1.470965147018432617e-02
-1.904487609863281250e-03,-1.993960142135620117e-02,-1.461744308471679688e-02
-1.607418060302734375e-03,-1.984387636184692383e-02,-1.456993818283081055e-02
-1.271724700927734375e-03,-1.976603269577026367e-02,-1.455330848693847656e-02
-9.527206420898437500e-04,-1.970940828323364258e-02,-1.452070474624633789e-02
-6.690025329589843750e-04,-1.960700750350952148e-02,-1.444536447525024414e-02
-3.991127014160156250e-04,-1.950591802597045898e-02,-1.436311006546020508e-02
-1.206398010253906250e-04,-1.946461200714111328e-02,-1.425313949584960938e-02
9.536743164062500000e-05,-1.945543289184570312e-02,-1.414334774017333984e-02
2.522468566894531250e-04,-1.944577693939208984e-02,-1.406580209732055664e-02
3.914833068847656250e-04,-1.945626735687255859e-02,-1.395684480667114258e-02
5.159378051757812500e-04,-1.954036951065063477e-02,-1.382601261138916016e-02
6.890296936035156250e-04,-1.967579126358032227e-02,-1.371228694915771484e-02
8.101463317871093750e-04,-1.976430416107177734e-02,-1.364183425903320312e-02
1.016616821289062500e-03,-1.968467235565185547e-02,-1.355165243148803711e-02
1.247882843017578125e-03,-1.955330371856689453e-02,-1.346760988235473633e-02
1.421928405761718750e-03,-1.942348480224609375e-02,-1.337629556655883789e-02
1.616477966308593750e-03,-1.932501792907714844e-02,-1.324200630187988281e-02
1.759052276611328125e-03,-1.922857761383056641e-02,-1.308524608612060547e-02
1.889705657958984375e-03,-1.914346218109130859e-02,-1.291161775588989258e-02
2.037048339843750000e-03,-1.909780502319335938e-02,-1.269018650054931641e-02
2.258777618408203125e-03,-1.905560493469238281e-02,-1.244908571243286133e-02
2.516746520996093750e-03,-1.901859045028686523e-02,-1.222002506256103516e-02
2.802848815917968750e-03,-1.902449131011962891e-02,-1.194304227828979492e-02
3.113269805908203125e-03,-1.912581920623779297e-02,-1.171338558197021484e-02
3.394603729248046875e-03,-1.925450563430786133e-02,-1.155644655227661133e-02
3.702640533447265625e-03,-1.939648389816284180e-02,-1.145905256271362305e-02
3.954887390136718750e-03,-1.951360702514648438e-02,-1.139497756958007812e-02
4.229068756103515625e-03,-1.969474554061889648e-02,-1.130235195159912109e-02
4.456996917724609375e-03,-1.990902423858642578e-02,-1.126527786254882812e-02
4.684448242187500000e-03,-2.010637521743774414e-02,-1.122421026229858398e-02
4.937648773193359375e-03,-2.026730775833129883e-02,-1.114535331726074219e-02
5.206108093261718750e-03,-2.040320634841918945e-02,-1.104402542114257812e-02
5.423545837402343750e-03,-2.048796415328979492e-02,-1.094466447830200195e-02
5.600452423095703125e-03,-2.051806449890136719e-02,-1.084947586059570312e-02
5.738735198974609375e-03,-2.043652534484863281e-02,-1.075321435928344727e-02
5.916595458984375000e-03,-2.044433355331420898e-02,-1.062434911727905273e-02
6.065368652343750000e-03,-2.046000957489013672e-02,-1.051670312881469727e-02
6.175041198730468750e-03,-2.044183015823364258e-02,-1.044481992721557617e-02
6.268024444580078125e-03,-2.039784193038940430e-02,-1.034545898437500000e-02
6.344318389892578125e-03,-2.034491300582885742e-02,-1.027798652648925781e-02
6.422042846679687500e-03,-2.028572559356689453e-02,-1.019269227981567383e-02
6.480693817138671875e-03,-2.016264200210571289e-02,-1.014137268066406250e-02
6.525039672851562500e-03,-2.003306150436401367e-02,-1.013708114624023438e-02
6.565093994140625000e-03,-1.988351345062255859e-02,-1.010996103286743164e-02
6.617546081542968750e-03,-1.974493265151977539e-02,-1.003479957580566406e-02
6.649971008300781250e-03,-1.963394880294799805e-02,-1.001310348510742188e-02
6.581306457519531250e-03,-1.948726177215576172e-02,-1.003181934356689453e-02
6.525993347167968750e-03,-1.935386657714843750e-02,-1.005935668945312500e-02
6.473541259765625000e-03,-1.920169591903686523e-02,-1.010483503341674805e-02
6.454944610595703125e-03,-1.909422874450683594e-02,-1.015913486480712891e-02
6.434917449951171875e-03,-1.900023221969604492e-02,-1.016706228256225586e-02
6.409645080566406250e-03,-1.887476444244384766e-02,-1.017981767654418945e-02
6.371974945068359375e-03,-1.874727010726928711e-02,-1.012378931045532227e-02
6.457805633544921875e-03,-1.864188909530639648e-02,-1.014709472656250000e-02
6.557941436767578125e-03,-1.854950189590454102e-02,-1.020336151123046875e-02
6.631374359130859375e-03,-1.851671934127807617e-02,-1.020860671997070312e-02
6.747722625732421875e-03,-1.847630739212036133e-02,-1.022017002105712891e-02
6.870746612548828125e-03,-1.846879720687866211e-02,-1.025247573852539062e-02
7.037162780761718750e-03,-1.851314306259155273e-02,-1.031297445297241211e-02
7.206916809082031250e-03,-1.859015226364135742e-02,-1.035887002944946289e-02
7.387161254882812500e-03,-1.866245269775390625e-02,-1.039892435073852539e-02
7.569313049316406250e-03,-1.874375343322753906e-02,-1.041269302368164062e-02
7.725238800048828125e-03,-1.880818605422973633e-02,-1.043540239334106445e-02
7.846832275390625000e-03,-1.885479688644409180e-02,-1.043957471847534180e-02
7.833480834960937500e-03,-1.884442567825317383e-02,-1.041865348815917969e-02
7.785797119140625000e-03,-1.883947849273681641e-02,-1.037526130676269531e-02
7.807254791259765625e-03,-1.883858442306518555e-02,-1.028263568878173828e-02
7.875442504882812500e-03,-1.887822151184082031e-02,-1.018422842025756836e-02
7.956027984619140625e-03,-1.889908313751220703e-02,-1.009553670883178711e-02
8.065700531005859375e-03,-1.894444227218627930e-02,-9.984254837036132812e-03
8.188724517822265625e-03,-1.897531747817993164e-02,-9.857833385467529297e-03
8.326530456542968750e-03,-1.903688907623291016e-02,-9.761691093444824219e-03
8.440971374511718750e-03,-1.913642883300781250e-02,-9.718179702758789062e-03
8.552551269531250000e-03,-1.920920610427856445e-02,-9.693086147308349609e-03
8.697986602783203125e-03,-1.925653219223022461e-02,-9.694635868072509766e-03
8.837223052978515625e-03,-1.932191848754882812e-02,-9.656608104705810547e-03
8.987903594970703125e-03,-1.943284273147583008e-02,-9.584248065948486328e-03
9.133338928222656250e-03,-1.954251527786254883e-02,-9.519040584564208984e-03
9.280681610107421875e-03,-1.958912611007690430e-02,-9.426832199096679688e-03
9.433269500732421875e-03,-1.958090066909790039e-02,-9.328722953796386719e-03
9.560108184814453125e-03,-1.958686113357543945e-02,-9.250640869140625000e-03
9.706020355224609375e-03,-1.959043741226196289e-02,-9.202837944030761719e-03
9.806156158447265625e-03,-1.958400011062622070e-02,-9.160757064819335938e-03
9.887218475341796875e-03,-1.954936981201171875e-02,-9.136378765106201172e-03
9.967803955078125000e-03,-1.950341463088989258e-02,-9.143829345703125000e-03
1.004934310913085938e-02,-1.942449808120727539e-02,-9.176254272460937500e-03
1.013946533203125000e-02,-1.939415931701660156e-02,-9.189605712890625000e-03
1.020193099975585938e-02,-1.930254697799682617e-02,-9.170830249786376953e-03
1.028919219970703125e-02,-1.918524503707885742e-02,-9.137034416198730469e-03
1.038932800292968750e-02,-1.908403635025024414e-02,-8.990466594696044922e-03
1.044082641601562500e-02,-1.902353763580322266e-02,-8.884966373443603516e-03
1.050138473510742188e-02,-1.904445886611938477e-02,-8.804380893707275391e-03
1.054334640502929688e-02,-1.907688379287719727e-02,-8.753240108489990234e-03
1.054334640502929688e-02,-1.912206411361694336e-02,-8.776903152465820312e-03
1.051139831542968750e-02,-1.920735836029052734e-02,-8.841633796691894531e-03
1.050615310668945312e-02,-1.935130357742309570e-02,-8.882761001586914062e-03
1.049804687500000000e-02,-1.947838068008422852e-02,-8.947312831878662109e-03
1.041793823242187500e-02,-1.962053775787353516e-02,-9.087026119232177734e-03
1.033830642700195312e-02,-1.990777254104614258e-02,-9.216606616973876953e-03
1.025581359863281250e-02,-2.017557621002197266e-02,-9.272873401641845703e-03
1.022815704345703125e-02,-2.043557167053222656e-02,-9.266495704650878906e-03
1.024580001831054688e-02,-2.064710855484008789e-02,-9.253263473510742188e-03
1.025056838989257812e-02,-2.070784568786621094e-02,-9.223759174346923828e-03
1.026296615600585938e-02,-2.076935768127441406e-02,-9.204804897308349609e-03
1.030778884887695312e-02,-2.079659700393676758e-02,-9.159743785858154297e-03
1.040554046630859375e-02,-2.076178789138793945e-02,-9.106457233428955078e-03
1.050233840942382812e-02,-2.067643404006958008e-02,-9.039640426635742188e-03
1.060056686401367188e-02,-2.062463760375976562e-02,-8.942186832427978516e-03
1.068115234375000000e-02,-2.057391405105590820e-02,-8.789837360382080078e-03
1.074409484863281250e-02,-2.051812410354614258e-02,-8.665740489959716797e-03
1.083469390869140625e-02,-2.043855190277099609e-02,-8.548498153686523438e-03
1.100111007690429688e-02,-2.040958404541015625e-02,-8.429348468780517578e-03
1.113939285278320312e-02,-2.034997940063476562e-02,-8.345186710357666016e-03
1.129007339477539062e-02,-2.030068635940551758e-02,-8.287906646728515625e-03
1.146507263183593750e-02,-2.027827501296997070e-02,-8.248746395111083984e-03
1.159191131591796875e-02,-2.024853229522705078e-02,-8.212804794311523438e-03
1.168489456176757812e-02,-2.021819353103637695e-02,-8.149981498718261719e-03
1.176500320434570312e-02,-2.014565467834472656e-02,-8.101463317871093750e-03
1.184511184692382812e-02,-2.011501789093017578e-02,-8.009493350982666016e-03
1.192617416381835938e-02,-2.006512880325317383e-02,-7.945239543914794922e-03
1.200246810913085938e-02,-2.000313997268676758e-02,-7.907509803771972656e-03
1.209354400634765625e-02,-1.991593837738037109e-02,-7.841825485229492188e-03
1.217746734619140625e-02,-1.984941959381103516e-02,-7.718682289123535156e-03
1.228332519531250000e-02,-1.982432603836059570e-02,-7.600784301757812500e-03
1.240158081054687500e-02,-1.978087425231933594e-02,-7.412254810333251953e-03
1.237440109252929688e-02,-1.965475082397460938e-02,-7.260501384735107422e-03
1.233673095703125000e-02,-1.954263448715209961e-02,-7.159829139709472656e-03
1.243209838867187500e-02,-1.954877376556396484e-02,-6.963789463043212891e-03
1.254224777221679688e-02,-1.962769031524658203e-02,-6.789863109588623047e-03
1.264667510986328125e-02,-1.976227760314941406e-02,-6.647825241088867188e-03
1.278305053710937500e-02,-1.988422870635986328e-02,-6.540298461914062500e-03
1.291990280151367188e-02,-1.996302604675292969e-02,-6.473183631896972656e-03
1.302862167358398438e-02,-2.001935243606567383e-02,-6.379544734954833984e-03
1.317071914672851562e-02,-2.004396915435791016e-02,-6.301879882812500000e-03
1.326131820678710938e-02,-2.000844478607177734e-02,-6.262481212615966797e-03
1.337099075317382812e-02,-1.995992660522460938e-02,-6.264448165893554688e-03
1.346063613891601562e-02,-1.990473270416259766e-02,-6.258904933929443359e-03
1.352405548095703125e-02,-1.984429359436035156e-02,-6.272912025451660156e-03
1.360273361206054688e-02,-1.973235607147216797e-02,-6.265580654144287109e-03
1.368713378906250000e-02,-1.960295438766479492e-02,-6.199300289154052734e-03
1.380014419555664062e-02,-1.954787969589233398e-02,-6.107509136199951172e-03
1.386690139770507812e-02,-1.949393749237060547e-02,-6.065249443054199219e-03
1.389503479003906250e-02,-1.945990324020385742e-02,-6.060063838958740234e-03
1.390552520751953125e-02,-1.944947242736816406e-02,-6.045222282409667969e-03
1.393318176269531250e-02,-1.945149898529052734e-02,-6.031513214111328125e-03
1.394796371459960938e-02,-1.948106288909912109e-02,-6.019890308380126953e-03
1.394987106323242188e-02,-1.949870586395263672e-02,-6.020009517669677734e-03
1.395750045776367188e-02,-1.955223083496093750e-02,-6.019771099090576172e-03
1.392316818237304688e-02,-1.964783668518066406e-02,-6.046950817108154297e-03
1.386451721191406250e-02,-1.969134807586669922e-02,-6.102621555328369141e-03
1.380443572998046875e-02,-1.975083351135253906e-02,-6.151437759399414062e-03
1.370763778686523438e-02,-1.980888843536376953e-02,-6.185352802276611328e-03
1.362609863281250000e-02,-1.989871263504028320e-02,-6.234407424926757812e-03
1.352691650390625000e-02,-1.995402574539184570e-02,-6.318509578704833984e-03
1.343679428100585938e-02,-2.008908987045288086e-02,-6.406784057617187500e-03
1.339578628540039062e-02,-2.024072408676147461e-02,-6.522715091705322266e-03
1.334047317504882812e-02,-2.031689882278442383e-02,-6.632626056671142578e-03
1.332139968872070312e-02,-2.039253711700439453e-02,-6.751120090484619141e-03
1.331090927124023438e-02,-2.052545547485351562e-02,-6.885230541229248047e-03
1.333093643188476562e-02,-2.065920829772949219e-02,-6.998658180236816406e-03
1.337909698486328125e-02,-2.080011367797851562e-02,-7.079243659973144531e-03
1.340436935424804688e-02,-2.094638347625732422e-02,-7.147908210754394531e-03
1.335954666137695312e-02,-2.107113599777221680e-02,-7.216215133666992188e-03
1.333141326904296875e-02,-2.118933200836181641e-02,-7.277071475982666016e-03
1.330566406250000000e-02,-2.128440141677856445e-02,-7.334530353546142578e-03
1.326608657836914062e-02,-2.135241031646728516e-02,-7.387697696685791016e-03
1.327466964721679688e-02,-2.144306898117065430e-02,-7.412016391754150391e-03
1.332044601440429688e-02,-2.156889438629150391e-02,-7.407128810882568359e-03
1.337957382202148438e-02,-2.170139551162719727e-02,-7.368028163909912109e-03
1.346302032470703125e-02,-2.183097600936889648e-02,-7.316529750823974609e-03
1.351404190063476562e-02,-2.197271585464477539e-02,-7.285833358764648438e-03
1.353836059570312500e-02,-2.206265926361083984e-02,-7.211506366729736328e-03
1.355743408203125000e-02,-2.214920520782470703e-02,-7.170379161834716797e-03
1.369953155517578125e-02,-2.226239442825317383e-02,-7.105827331542968750e-03
1.383829116821289062e-02,-2.234840393066406250e-02,-7.079839706420898438e-03
1.395988464355468750e-02,-2.239596843719482422e-02,-7.017552852630615234e-03
1.408052444458007812e-02,-2.244901657104492188e-02,-6.972730159759521484e-03
1.422309875488281250e-02,-2.251678705215454102e-02,-6.933331489562988281e-03
1.435184478759765625e-02,-2.256816625595092773e-02,-6.910145282745361328e-03
1.447343826293945312e-02,-2.261930704116821289e-02,-6.892681121826171875e-03
1.460313796997070312e-02,-2.264422178268432617e-02,-6.867110729217529297e-03
1.471090316772460938e-02,-2.261793613433837891e-02,-6.808936595916748047e-03
1.476669311523437500e-02,-2.259415388107299805e-02,-6.739556789398193359e-03
1.483774185180664062e-02,-2.257823944091796875e-02,-6.661295890808105469e-03
1.485729217529296875e-02,-2.260720729827880859e-02,-6.595075130462646484e-03
1.486253738403320312e-02,-2.261292934417724609e-02,-6.477296352386474609e-03
1.487159729003906250e-02,-2.253711223602294922e-02,-6.375730037689208984e-03
1.489830017089843750e-02,-2.248281240463256836e-02,-6.281077861785888672e-03
1.488637924194335938e-02,-2.242553234100341797e-02,-6.207346916198730469e-03
1.486587524414062500e-02,-2.237427234649658203e-02,-6.137073040008544922e-03
1.487731933593750000e-02,-2.231454849243164062e-02,-6.037056446075439453e-03
1.489114761352539062e-02,-2.225643396377563477e-02,-5.959868431091308594e-03
1.490354537963867188e-02,-2.221471071243286133e-02,-5.868136882781982422e-03
1.491641998291015625e-02,-2.220398187637329102e-02,-5.747079849243164062e-03
1.495933532714843750e-02,-2.221578359603881836e-02,-5.675315856933593750e-03
1.501750946044921875e-02,-2.220189571380615234e-02,-5.626440048217773438e-03
1.506900787353515625e-02,-2.217453718185424805e-02,-5.571663379669189453e-03
1.515245437622070312e-02,-2.214628458023071289e-02,-5.527973175048828125e-03
1.523971557617187500e-02,-2.212172746658325195e-02,-5.453109741210937500e-03
1.532649993896484375e-02,-2.210420370101928711e-02,-5.356192588806152344e-03
1.531648635864257812e-02,-2.204054594039916992e-02,-5.276620388031005859e-03
1.531934738159179688e-02,-2.200531959533691406e-02,-5.229115486145019531e-03
1.531028747558593750e-02,-2.201944589614868164e-02,-5.197882652282714844e-03
1.530075073242187500e-02,-2.205258607864379883e-02,-5.184173583984375000e-03
1.532030105590820312e-02,-2.213656902313232422e-02,-5.171060562133789062e-03
1.531267166137695312e-02,-2.223318815231323242e-02,-5.163908004760742188e-03
1.530838012695312500e-02,-2.233058214187622070e-02,-5.180895328521728516e-03
1.533603668212890625e-02,-2.246695756912231445e-02,-5.155622959136962891e-03
1.538419723510742188e-02,-2.261346578598022461e-02,-5.118370056152343750e-03
1.542329788208007812e-02,-2.278196811676025391e-02,-5.136847496032714844e-03
1.547718048095703125e-02,-2.292734384536743164e-02,-5.123078823089599609e-03
1.553535461425781250e-02,-2.309036254882812500e-02,-5.149126052856445312e-03
1.554393768310546875e-02,-2.323782444000244141e-02,-5.239784717559814453e-03
1.555204391479492188e-02,-2.337008714675903320e-02,-5.292654037475585938e-03
1.553821563720703125e-02,-2.343732118606567383e-02,-5.335927009582519531e-03
1.552486419677734375e-02,-2.350175380706787109e-02,-5.404710769653320312e-03
1.553106307983398438e-02,-2.356660366058349609e-02,-5.471646785736083984e-03
1.557397842407226562e-02,-2.360528707504272461e-02,-5.506753921508789062e-03
1.560592651367187500e-02,-2.364069223403930664e-02,-5.572080612182617188e-03
1.562166213989257812e-02,-2.368247509002685547e-02,-5.625247955322265625e-03
1.564073562622070312e-02,-2.372199296951293945e-02,-5.692481994628906250e-03
1.565933227539062500e-02,-2.373480796813964844e-02,-5.734086036682128906e-03
1.564455032348632812e-02,-2.373927831649780273e-02,-5.815505981445312500e-03
1.562452316284179688e-02,-2.377676963806152344e-02,-5.895793437957763672e-03
1.560640335083007812e-02,-2.382034063339233398e-02,-5.961716175079345703e-03
1.557588577270507812e-02,-2.385818958282470703e-02,-6.029546260833740234e-03
1.556825637817382812e-02,-2.386707067489624023e-02,-6.107091903686523438e-03
1.558065414428710938e-02,-2.388244867324829102e-02,-6.128668785095214844e-03
1.557826995849609375e-02,-2.392625808715820312e-02,-6.177961826324462891e-03
1.556158065795898438e-02,-2.398103475570678711e-02,-6.230950355529785156e-03
1.550483703613281250e-02,-2.400869131088256836e-02,-6.417334079742431641e-03
1.545524597167968750e-02,-2.400040626525878906e-02,-6.598353385925292969e-03
1.543807983398437500e-02,-2.398616075515747070e-02,-6.721675395965576172e-03
1.541566848754882812e-02,-2.399915456771850586e-02,-6.862103939056396484e-03
1.532173156738281250e-02,-2.400857210159301758e-02,-6.990849971771240234e-03
1.532173156738281250e-02,-2.400857210159301758e-02,-6.990849971771240234e-03
1.532173156738281250e-02,-2.400857210159301758e-02,-6.990849971771240234e-03
1.532173156738281250e-02,-2.400857210159301758e-02,-6.990849971771240234e-03
1.532173156738281250e-02,-2.400857210159301758e-02,-6.990849971771240234e-03
1.524257659912109375e-02,-2.402120828628540039e-02,-7.114768028259277344e-03
1.520442962646484375e-02,-2.401888370513916016e-02,-7.214903831481933594e-03
1.519060134887695312e-02,-2.400982379913330078e-02,-7.302522659301757812e-03
1.518011093139648438e-02,-2.401638031005859375e-02,-7.356166839599609375e-03
1.521825790405273438e-02,-2.406841516494750977e-02,-7.382094860076904297e-03
1.528167724609375000e-02,-2.414709329605102539e-02,-7.389068603515625000e-03
1.532506942749023438e-02,-2.420371770858764648e-02,-7.414937019348144531e-03
1.531553268432617188e-02,-2.423083782196044922e-02,-7.435977458953857422e-03
1.531791687011718750e-02,-2.423053979873657227e-02,-7.443904876708984375e-03
1.536130905151367188e-02,-2.426171302795410156e-02,-7.456600666046142578e-03
1.538467407226562500e-02,-2.430754899978637695e-02,-7.371604442596435547e-03
