-1.638305187225341797e-02,-1.960539817810058594e-02,-7.317574322223663330e-02
-1.738309860229492188e-02,-2.060544490814208984e-02,-7.217575609683990479e-02
-1.768541336059570312e-02,-2.141153812408447266e-02,-7.123747467994689941e-02
-1.745355129241943359e-02,-2.195155620574951172e-02,-7.028332352638244629e-02
-1.780509948730468750e-02,-2.240478992462158203e-02,-6.937414407730102539e-02
-1.833045482635498047e-02,-2.251172065734863281e-02,-6.845082342624664307e-02
-1.876568794250488281e-02,-2.292144298553466797e-02,-6.781382858753204346e-02
-1.907420158386230469e-02,-2.307724952697753906e-02,-6.741778552532196045e-02
-1.925778388977050781e-02,-2.307939529418945312e-02,-6.688801944255828857e-02
-1.905572414398193359e-02,-2.341234683990478516e-02,-6.622968614101409912e-02
-1.900255680084228516e-02,-2.390325069427490234e-02,-6.557910144329071045e-02
-1.915514469146728516e-02,-2.445232868194580078e-02,-6.490604579448699951e-02
-1.939523220062255859e-02,-2.478969097137451172e-02,-6.432868540287017822e-02
-1.961410045623779297e-02,-2.512824535369873047e-02,-6.362837553024291992e-02
-1.959335803985595703e-02,-2.560603618621826172e-02,-6.298813223838806152e-02
-1.973152160644531250e-02,-2.611744403839111328e-02,-6.229904294013977051e-02
-1.963591575622558594e-02,-2.673351764678955078e-02,-6.161452829837799072e-02
-1.961100101470947266e-02,-2.701330184936523438e-02,-6.090697646141052246e-02
-1.930582523345947266e-02,-2.754080295562744141e-02,-6.018982827663421631e-02
-1.904702186584472656e-02,-2.819693088531494141e-02,-5.946144461631774902e-02
-1.878809928894042969e-02,-2.881515026092529297e-02,-5.894051492214202881e-02
-1.842808723449707031e-02,-2.948331832885742188e-02,-5.879393219947814941e-02
-1.804041862487792969e-02,-3.013348579406738281e-02,-5.870699882507324219e-02
-1.755964756011962891e-02,-3.078472614288330078e-02,-5.843095481395721436e-02
-1.708137989044189453e-02,-3.149139881134033203e-02,-5.809089541435241699e-02
-1.661121845245361328e-02,-3.213262557983398438e-02,-5.807241797447204590e-02
-1.613163948059082031e-02,-3.274393081665039062e-02,-5.808021128177642822e-02
-1.569986343383789062e-02,-3.329896926879882812e-02,-5.807355046272277832e-02
-1.532864570617675781e-02,-3.375089168548583984e-02,-5.790558457374572754e-02
-1.504445075988769531e-02,-3.421425819396972656e-02,-5.767677724361419678e-02
-1.491141319274902344e-02,-3.449273109436035156e-02,-5.740179121494293213e-02
-1.480746269226074219e-02,-3.475499153137207031e-02,-5.706067383289337158e-02
-1.456773281097412109e-02,-3.494501113891601562e-02,-5.680124461650848389e-02
-1.424086093902587891e-02,-3.526842594146728516e-02,-5.644221603870391846e-02
-1.398134231567382812e-02,-3.556108474731445312e-02,-5.601522326469421387e-02
-1.367485523223876953e-02,-3.578698635101318359e-02,-5.572965741157531738e-02
-1.327693462371826172e-02,-3.608179092407226562e-02,-5.547755956649780273e-02
-1.309537887573242188e-02,-3.620970249176025391e-02,-5.520901083946228027e-02
-1.298904418945312500e-02,-3.627443313598632812e-02,-5.496801435947418213e-02
-1.294457912445068359e-02,-3.626644611358642578e-02,-5.481444299221038818e-02
-1.280617713928222656e-02,-3.631103038787841797e-02,-5.475944280624389648e-02
-1.250934600830078125e-02,-3.639483451843261719e-02,-5.465663969516754150e-02
-1.214063167572021484e-02,-3.657531738281250000e-02,-5.454055964946746826e-02
-1.177144050598144531e-02,-3.689527511596679688e-02,-5.447854101657867432e-02
-1.147425174713134766e-02,-3.713011741638183594e-02,-5.435012280941009521e-02
-1.130604743957519531e-02,-3.723406791687011719e-02,-5.407828092575073242e-02
-1.121604442596435547e-02,-3.734016418457031250e-02,-5.374692380428314209e-02
-1.105940341949462891e-02,-3.742885589599609375e-02,-5.341826379299163818e-02
-1.102221012115478516e-02,-3.767669200897216797e-02,-5.305266380310058594e-02
-1.098668575286865234e-02,-3.792297840118408203e-02,-5.269947648048400879e-02
-1.086378097534179688e-02,-3.811240196228027344e-02,-5.241206288337707520e-02
-1.074802875518798828e-02,-3.814971446990966797e-02,-5.224370956420898438e-02
-1.084542274475097656e-02,-3.823506832122802734e-02,-5.209892988204956055e-02
-1.090383529663085938e-02,-3.834557533264160156e-02,-5.193403363227844238e-02
-1.080715656280517578e-02,-3.849768638610839844e-02,-5.156840384006500244e-02
-1.091527938842773438e-02,-3.850841522216796875e-02,-5.120508372783660889e-02
-1.109945774078369141e-02,-3.833687305450439453e-02,-5.089682340621948242e-02
-1.142954826354980469e-02,-3.803932666778564453e-02,-5.044189095497131348e-02
-1.167595386505126953e-02,-3.784167766571044922e-02,-4.982978105545043945e-02
-1.178824901580810547e-02,-3.776264190673828125e-02,-4.914942383766174316e-02
-1.179337501525878906e-02,-3.763043880462646484e-02,-4.855790734291076660e-02
-1.178479194641113281e-02,-3.749024868011474609e-02,-4.801821708679199219e-02
-1.169395446777343750e-02,-3.737521171569824219e-02,-4.761500656604766846e-02
-1.157271862030029297e-02,-3.730165958404541016e-02,-4.730853438377380371e-02
-1.168727874755859375e-02,-3.710007667541503906e-02,-4.706874489784240723e-02
-1.166558265686035156e-02,-3.687524795532226562e-02,-4.679664969444274902e-02
-1.150226593017578125e-02,-3.670275211334228516e-02,-4.656410217285156250e-02
-1.132965087890625000e-02,-3.669285774230957031e-02,-4.634936153888702393e-02
-1.122379302978515625e-02,-3.664731979370117188e-02,-4.611344635486602783e-02
-1.109969615936279297e-02,-3.656733036041259766e-02,-4.593139886856079102e-02
-1.095390319824218750e-02,-3.652477264404296875e-02,-4.577271640300750732e-02
-1.083064079284667969e-02,-3.649389743804931641e-02,-4.570996761322021484e-02
-1.072883605957031250e-02,-3.635609149932861328e-02,-4.581931233406066895e-02
-1.055896282196044922e-02,-3.613185882568359375e-02,-4.585121572017669678e-02
-1.042091846466064453e-02,-3.589355945587158203e-02,-4.584121704101562500e-02
-1.024639606475830078e-02,-3.562569618225097656e-02,-4.578545689582824707e-02
-1.024734973907470703e-02,-3.538286685943603516e-02,-4.503805935382843018e-02
-1.022493839263916016e-02,-3.510928153991699219e-02,-4.435862600803375244e-02
-1.025390625000000000e-02,-3.488171100616455078e-02,-4.373000562191009521e-02
-1.037025451660156250e-02,-3.470635414123535156e-02,-4.316888749599456787e-02
-1.053988933563232422e-02,-3.459644317626953125e-02,-4.265476763248443604e-02
-1.065051555633544922e-02,-3.450858592987060547e-02,-4.222032427787780762e-02
-1.074266433715820312e-02,-3.447175025939941406e-02,-4.186823964118957520e-02
-1.092672348022460938e-02,-3.425955772399902344e-02,-4.161907732486724854e-02
-1.111185550689697266e-02,-3.409481048583984375e-02,-4.141789674758911133e-02
-1.132595539093017578e-02,-3.379535675048828125e-02,-4.120664298534393311e-02
-1.154673099517822266e-02,-3.340184688568115234e-02,-4.105271399021148682e-02
-1.179981231689453125e-02,-3.299987316131591797e-02,-4.091091454029083252e-02
-1.207959651947021484e-02,-3.258776664733886719e-02,-4.084303975105285645e-02
-1.236891746520996094e-02,-3.218555450439453125e-02,-4.085564613342285156e-02
-1.256334781646728516e-02,-3.185296058654785156e-02,-4.092276096343994141e-02
-1.275551319122314453e-02,-3.118419647216796875e-02,-4.108907282352447510e-02
-1.309800148010253906e-02,-3.050959110260009766e-02,-4.124836623668670654e-02
-1.345920562744140625e-02,-2.990734577178955078e-02,-4.135636985301971436e-02
-1.381123065948486328e-02,-2.923786640167236328e-02,-4.147087037563323975e-02
-1.404082775115966797e-02,-2.866625785827636719e-02,-4.158578813076019287e-02
-1.429128646850585938e-02,-2.808189392089843750e-02,-4.172761738300323486e-02
-1.455187797546386719e-02,-2.762770652770996094e-02,-4.190027713775634766e-02
-1.477360725402832031e-02,-2.721524238586425781e-02,-4.206913709640502930e-02
-1.503872871398925781e-02,-2.674663066864013672e-02,-4.222515225410461426e-02
-1.527214050292968750e-02,-2.624189853668212891e-02,-4.242630302906036377e-02
-1.561868190765380859e-02,-2.569758892059326172e-02,-4.266712069511413574e-02
-1.599049568176269531e-02,-2.514958381652832031e-02,-4.302889108657836914e-02
-1.634585857391357422e-02,-2.459919452667236328e-02,-4.331222176551818848e-02
-1.667749881744384766e-02,-2.407073974609375000e-02,-4.418736696243286133e-02
-1.708221435546875000e-02,-2.363240718841552734e-02,-4.498153924942016602e-02
-1.740705966949462891e-02,-2.321529388427734375e-02,-4.569004476070404053e-02
-1.766407489776611328e-02,-2.278399467468261719e-02,-4.631343483924865723e-02
-1.797699928283691406e-02,-2.224135398864746094e-02,-4.687702655792236328e-02
-1.829338073730468750e-02,-2.169990539550781250e-02,-4.735440015792846680e-02
-1.873099803924560547e-02,-2.109301090240478516e-02,-4.778204858303070068e-02
-1.920521259307861328e-02,-2.043747901916503906e-02,-4.820419847965240479e-02
-1.954877376556396484e-02,-1.987111568450927734e-02,-4.859744012355804443e-02
-1.998174190521240234e-02,-1.930153369903564453e-02,-4.900966584682464600e-02
-2.014684677124023438e-02,-1.884460449218750000e-02,-4.934836924076080322e-02
-2.015328407287597656e-02,-1.864159107208251953e-02,-4.963046312332153320e-02
-2.018284797668457031e-02,-1.844811439514160156e-02,-4.986914992332458496e-02
-2.026855945587158203e-02,-1.819717884063720703e-02,-5.008287727832794189e-02
-2.031755447387695312e-02,-1.796281337738037109e-02,-5.031327903270721436e-02
-2.037358283996582031e-02,-1.772999763488769531e-02,-5.054570734500885010e-02
-2.032613754272460938e-02,-1.755833625793457031e-02,-5.076959729194641113e-02
-2.022564411163330078e-02,-1.735794544219970703e-02,-5.094771087169647217e-02
-2.012169361114501953e-02,-1.724720001220703125e-02,-5.111475288867950439e-02
-1.991701126098632812e-02,-1.721966266632080078e-02,-5.127505958080291748e-02
-1.967656612396240234e-02,-1.714813709259033203e-02,-5.142000317573547363e-02
-1.939260959625244141e-02,-1.716125011444091797e-02,-5.156213045120239258e-02
-1.909506320953369141e-02,-1.714038848876953125e-02,-5.168835818767547607e-02
-1.868999004364013672e-02,-1.723062992095947266e-02,-5.183574557304382324e-02
-1.836419105529785156e-02,-1.730811595916748047e-02,-5.197468400001525879e-02
-1.808738708496093750e-02,-1.732349395751953125e-02,-5.210264027118682861e-02
-1.772320270538330078e-02,-1.731741428375244141e-02,-5.223941802978515625e-02
-1.739370822906494141e-02,-1.733779907226562500e-02,-5.238333344459533691e-02
-1.702451705932617188e-02,-1.722216606140136719e-02,-5.250304937362670898e-02
-1.670956611633300781e-02,-1.716470718383789062e-02,-5.263361334800720215e-02
-1.638746261596679688e-02,-1.712298393249511719e-02,-5.273227393627166748e-02
-1.595044136047363281e-02,-1.713085174560546875e-02,-5.284585058689117432e-02
-1.489651203155517578e-02,-1.639389991760253906e-02,-5.371916294097900391e-02
-1.392459869384765625e-02,-1.569807529449462891e-02,-5.452865362167358398e-02
-1.305317878723144531e-02,-1.511967182159423828e-02,-5.526156723499298096e-02
-1.219320297241210938e-02,-1.466989517211914062e-02,-5.592554807662963867e-02
-1.141297817230224609e-02,-1.429998874664306641e-02,-5.653207004070281982e-02
-1.074159145355224609e-02,-1.394963264465332031e-02,-5.708236992359161377e-02
-1.014125347137451172e-02,-1.359415054321289062e-02,-5.756454169750213623e-02
-9.592533111572265625e-03,-1.328480243682861328e-02,-5.799016356468200684e-02
-9.075999259948730469e-03,-1.298701763153076172e-02,-5.836540460586547852e-02
-8.656144142150878906e-03,-1.273953914642333984e-02,-5.868744850158691406e-02
-8.267521858215332031e-03,-1.251065731048583984e-02,-5.897879600524902344e-02
-7.898211479187011719e-03,-1.234102249145507812e-02,-5.922619998455047607e-02
-7.556796073913574219e-03,-1.217007637023925781e-02,-5.943837761878967285e-02
-7.259488105773925781e-03,-1.202273368835449219e-02,-5.960953235626220703e-02
-6.955981254577636719e-03,-1.185488700866699219e-02,-5.975769460201263428e-02
-6.677269935607910156e-03,-1.174426078796386719e-02,-5.990490317344665527e-02
-6.442904472351074219e-03,-1.160502433776855469e-02,-6.004145741462707520e-02
-6.225109100341796875e-03,-1.152014732360839844e-02,-6.014390289783477783e-02
-6.059765815734863281e-03,-1.144075393676757812e-02,-6.023177504539489746e-02
-5.901813507080078125e-03,-1.132559776306152344e-02,-6.030501425266265869e-02
-5.756735801696777344e-03,-1.143372058868408203e-02,-6.034323573112487793e-02
-5.629181861877441406e-03,-1.157796382904052734e-02,-6.033207476139068604e-02
-5.532979965209960938e-03,-1.173543930053710938e-02,-6.029248237609863281e-02
-5.488157272338867188e-03,-1.171553134918212891e-02,-6.024147570133209229e-02
-5.461812019348144531e-03,-1.168131828308105469e-02,-6.017954647541046143e-02
-5.458116531372070312e-03,-1.166403293609619141e-02,-6.010107696056365967e-02
-5.448102951049804688e-03,-1.167213916778564453e-02,-6.003509461879730225e-02
-5.423665046691894531e-03,-1.169621944427490234e-02,-6.001615524291992188e-02
-5.366444587707519531e-03,-1.177704334259033203e-02,-5.999223887920379639e-02
-5.311250686645507812e-03,-1.184225082397460938e-02,-5.995514988899230957e-02
-5.241751670837402344e-03,-1.193857192993164062e-02,-5.992311239242553711e-02
-5.142450332641601562e-03,-1.196789741516113281e-02,-5.986939370632171631e-02
-5.033969879150390625e-03,-1.200735569000244141e-02,-5.982762575149536133e-02
-4.918694496154785156e-03,-1.199316978454589844e-02,-5.979137122631072998e-02
-4.819631576538085938e-03,-1.197481155395507812e-02,-5.975189805030822754e-02
-4.734516143798828125e-03,-1.198089122772216797e-02,-5.969335138797760010e-02
-5.067229270935058594e-03,-1.197052001953125000e-02,-5.973282456398010254e-02
-5.367398262023925781e-03,-1.198220252990722656e-02,-5.975355207920074463e-02
-5.645632743835449219e-03,-1.199722290039062500e-02,-5.977787077426910400e-02
-5.868673324584960938e-03,-1.207363605499267578e-02,-5.980961024761199951e-02
-6.058335304260253906e-03,-1.219916343688964844e-02,-5.982206761837005615e-02
-6.225109100341796875e-03,-1.234185695648193359e-02,-5.981916189193725586e-02
-6.255745887756347656e-03,-1.254916191101074219e-02,-5.979786813259124756e-02
-6.286859512329101562e-03,-1.276278495788574219e-02,-5.975510179996490479e-02
-6.375670433044433594e-03,-1.295256614685058594e-02,-5.972488224506378174e-02
-6.454467773437500000e-03,-1.309967041015625000e-02,-5.967316031455993652e-02
-6.546735763549804688e-03,-1.324164867401123047e-02,-5.959486961364746094e-02
-6.658315658569335938e-03,-1.333117485046386719e-02,-5.952313542366027832e-02
-6.739020347595214844e-03,-1.347565650939941406e-02,-5.944795906543731689e-02
-6.800293922424316406e-03,-1.352834701538085938e-02,-5.936366319656372070e-02
-6.857633590698242188e-03,-1.358973979949951172e-02,-5.928218364715576172e-02
-6.929039955139160156e-03,-1.368820667266845703e-02,-5.920033156871795654e-02
-7.028818130493164062e-03,-1.373684406280517578e-02,-5.912545323371887207e-02
-7.107257843017578125e-03,-1.379275321960449219e-02,-5.905058979988098145e-02
-7.111310958862304688e-03,-1.391506195068359375e-02,-5.896763503551483154e-02
-7.112622261047363281e-03,-1.401698589324951172e-02,-5.891014635562896729e-02
-7.067561149597167969e-03,-1.414704322814941406e-02,-5.895149707794189453e-02
-7.042288780212402344e-03,-1.431262493133544922e-02,-5.897402763366699219e-02
-7.003188133239746094e-03,-1.453280448913574219e-02,-5.900497734546661377e-02
-6.983637809753417969e-03,-1.464104652404785156e-02,-5.894090235233306885e-02
-6.925344467163085938e-03,-1.480054855346679688e-02,-5.886918306350708008e-02
-6.800174713134765625e-03,-1.517498493194580078e-02,-5.875748395919799805e-02
-6.719589233398437500e-03,-1.565039157867431641e-02,-5.864614248275756836e-02
-6.620883941650390625e-03,-1.616358757019042969e-02,-5.853278934955596924e-02
-6.537556648254394531e-03,-1.663124561309814453e-02,-5.840481817722320557e-02
-6.524205207824707031e-03,-1.708805561065673828e-02,-5.823838710784912109e-02
-6.740093231201171875e-03,-1.720333099365234375e-02,-5.816832184791564941e-02
-6.936669349670410156e-03,-1.723468303680419922e-02,-5.807620286941528320e-02
-7.101416587829589844e-03,-1.726007461547851562e-02,-5.798698961734771729e-02
-7.271289825439453125e-03,-1.724290847778320312e-02,-5.787292122840881348e-02
-7.447600364685058594e-03,-1.717698574066162109e-02,-5.774006247520446777e-02
-7.583737373352050781e-03,-1.717746257781982422e-02,-5.763328075408935547e-02
-7.702112197875976562e-03,-1.717698574066162109e-02,-5.753290653228759766e-02
-7.758140563964843750e-03,-1.718688011169433594e-02,-5.743879079818725586e-02
-7.776021957397460938e-03,-1.721799373626708984e-02,-5.732941627502441406e-02
-7.785797119140625000e-03,-1.725864410400390625e-02,-5.721209943294525146e-02
-7.785797119140625000e-03,-1.725864410400390625e-02,-5.721209943294525146e-02
-7.785797119140625000e-03,-1.725864410400390625e-02,-5.721209943294525146e-02
-7.805109024047851562e-03,-1.729476451873779297e-02,-5.711477994918823242e-02
-7.768630981445312500e-03,-1.740694046020507812e-02,-5.703867971897125244e-02
-7.721662521362304688e-03,-1.755487918853759766e-02,-5.694887042045593262e-02
-7.691264152526855469e-03,-1.769387722015380859e-02,-5.685478448867797852e-02
-7.623791694641113281e-03,-1.787400245666503906e-02,-5.676576495170593262e-02
-7.515192031860351562e-03,-1.811063289642333984e-02,-5.669461190700531006e-02
-7.398366928100585938e-03,-1.840186119079589844e-02,-5.661867558956146240e-02
-7.293939590454101562e-03,-1.863718032836914062e-02,-5.655662715435028076e-02
-7.202029228210449219e-03,-1.889979839324951172e-02,-5.648851394653320312e-02
-7.158160209655761719e-03,-1.914632320404052734e-02,-5.643518269062042236e-02
-7.130742073059082031e-03,-1.938652992248535156e-02,-5.639377236366271973e-02
-7.147908210754394531e-03,-1.955354213714599609e-02,-5.634887516498565674e-02
-7.200360298156738281e-03,-1.969921588897705078e-02,-5.628302693367004395e-02
-7.231354713439941406e-03,-1.984322071075439453e-02,-5.621413886547088623e-02
-7.269024848937988281e-03,-1.993203163146972656e-02,-5.614981055259704590e-02
-7.299304008483886719e-03,-1.998531818389892578e-02,-5.609531700611114502e-02
-7.332563400268554688e-03,-2.010405063629150391e-02,-5.601938068866729736e-02
-7.424116134643554688e-03,-2.023160457611083984e-02,-5.590333044528961182e-02
-7.503628730773925781e-03,-2.039563655853271484e-02,-5.579830706119537354e-02
-7.549643516540527344e-03,-2.059900760650634766e-02,-5.568712949752807617e-02
-7.550716400146484375e-03,-2.086460590362548828e-02,-5.555231869220733643e-02
-7.612824440002441406e-03,-2.107679843902587891e-02,-5.542302131652832031e-02
-7.700681686401367188e-03,-2.130579948425292969e-02,-5.527970194816589355e-02
-7.779955863952636719e-03,-2.154707908630371094e-02,-5.512845516204833984e-02
-7.831573486328125000e-03,-2.174794673919677734e-02,-5.496573448181152344e-02
-7.883071899414062500e-03,-2.195250988006591797e-02,-5.481119453907012939e-02
-7.940411567687988281e-03,-2.216613292694091797e-02,-5.469010770320892334e-02
-7.996082305908203125e-03,-2.235710620880126953e-02,-5.458964407444000244e-02
-8.064746856689453125e-03,-2.249956130981445312e-02,-5.448588728904724121e-02
-8.116722106933593750e-03,-2.260434627532958984e-02,-5.439160764217376709e-02
-8.189916610717773438e-03,-2.267122268676757812e-02,-5.430065095424652100e-02
-8.238315582275390625e-03,-2.274632453918457031e-02,-5.421906709671020508e-02
-8.268952369689941406e-03,-2.280700206756591797e-02,-5.414888262748718262e-02
-8.292198181152343750e-03,-2.287077903747558594e-02,-5.410227179527282715e-02
-8.292198181152343750e-03,-2.287077903747558594e-02,-5.410227179527282715e-02
-8.274912834167480469e-03,-2.290177345275878906e-02,-5.407616496086120605e-02
-8.190751075744628906e-03,-2.293121814727783203e-02,-5.403952300548553467e-02
-8.146047592163085938e-03,-2.289652824401855469e-02,-5.401334166526794434e-02
-8.108854293823242188e-03,-2.292561531066894531e-02,-5.397433042526245117e-02
-8.132457733154296875e-03,-2.286195755004882812e-02,-5.393391847610473633e-02
-8.160710334777832031e-03,-2.275228500366210938e-02,-5.388998985290527344e-02
-8.161783218383789062e-03,-2.275395393371582031e-02,-5.383373796939849854e-02
-8.161783218383789062e-03,-2.274727821350097656e-02,-5.378431081771850586e-02
-8.116245269775390625e-03,-2.284371852874755859e-02,-5.372945964336395264e-02
-8.096456527709960938e-03,-2.291882038116455078e-02,-5.367353558540344238e-02
-8.067607879638671875e-03,-2.292501926422119141e-02,-5.361679196357727051e-02
-8.080124855041503906e-03,-2.290868759155273438e-02,-5.353473126888275146e-02
-8.100509643554687500e-03,-2.282822132110595703e-02,-5.345252156257629395e-02
-8.123993873596191406e-03,-2.279412746429443359e-02,-5.334572494029998779e-02
-8.155822753906250000e-03,-2.279448509216308594e-02,-5.323898792266845703e-02
-8.236408233642578125e-03,-2.273774147033691406e-02,-5.312921106815338135e-02
-8.274197578430175781e-03,-2.266788482666015625e-02,-5.303218960762023926e-02
-8.274316787719726562e-03,-2.256679534912109375e-02,-5.289714038372039795e-02
-8.314490318298339844e-03,-2.242374420166015625e-02,-5.277431011199951172e-02
-8.363723754882812500e-03,-2.222311496734619141e-02,-5.264426767826080322e-02
-8.382320404052734375e-03,-2.205443382263183594e-02,-5.252505838871002197e-02
-8.375048637390136719e-03,-2.188205718994140625e-02,-5.241702497005462646e-02
-8.256793022155761719e-03,-2.177000045776367188e-02,-5.232453346252441406e-02
-8.184432983398437500e-03,-2.163124084472656250e-02,-5.224239826202392578e-02
-8.101463317871093750e-03,-2.152860164642333984e-02,-5.216355621814727783e-02
-7.989883422851562500e-03,-2.147305011749267578e-02,-5.210088193416595459e-02
-7.943511009216308594e-03,-2.136766910552978516e-02,-5.203111469745635986e-02
-8.029818534851074219e-03,-2.125394344329833984e-02,-5.194383859634399414e-02
-8.075475692749023438e-03,-2.126288414001464844e-02,-5.183286964893341064e-02
-8.127212524414062500e-03,-2.120661735534667969e-02,-5.173833668231964111e-02
-7.928013801574707031e-03,-2.143561840057373047e-02,-5.164256691932678223e-02
-7.716417312622070312e-03,-2.170646190643310547e-02,-5.155929923057556152e-02
-7.514715194702148438e-03,-2.195763587951660156e-02,-5.146394670009613037e-02
-7.328510284423828125e-03,-2.222681045532226562e-02,-5.137637257575988770e-02
-7.147312164306640625e-03,-2.248692512512207031e-02,-5.129724740982055664e-02
-6.967663764953613281e-03,-2.267682552337646484e-02,-5.122928321361541748e-02
-6.644368171691894531e-03,-2.349364757537841797e-02,-5.099260807037353516e-02
-6.327390670776367188e-03,-2.416896820068359375e-02,-5.078372359275817871e-02
-6.078839302062988281e-03,-2.472460269927978516e-02,-5.057349801063537598e-02
-5.786299705505371094e-03,-2.527666091918945312e-02,-5.039338767528533936e-02
-5.531311035156250000e-03,-2.578675746917724609e-02,-5.021479725837707520e-02
-5.288004875183105469e-03,-2.629196643829345703e-02,-5.004853010177612305e-02
-5.112528800964355469e-03,-2.668404579162597656e-02,-4.989680647850036621e-02
-4.958510398864746094e-03,-2.698469161987304688e-02,-4.977071285247802734e-02
-4.848718643188476562e-03,-2.718353271484375000e-02,-4.964871704578399658e-02
-4.642486572265625000e-03,-2.740108966827392578e-02,-4.954218864440917969e-02
-4.511475563049316406e-03,-2.755653858184814453e-02,-4.946410655975341797e-02
-4.401922225952148438e-03,-2.773892879486083984e-02,-4.937806725502014160e-02
-4.265427589416503906e-03,-2.795910835266113281e-02,-4.929035902023315430e-02
-4.169583320617675781e-03,-2.813160419464111328e-02,-4.924032092094421387e-02
-4.193544387817382812e-03,-2.823531627655029297e-02,-4.918129742145538330e-02
-4.183530807495117188e-03,-2.832031250000000000e-02,-4.912389814853668213e-02
-4.187107086181640625e-03,-2.834820747375488281e-02,-4.908406734466552734e-02
-4.188656806945800781e-03,-2.832770347595214844e-02,-4.904460906982421875e-02
-4.156112670898437500e-03,-2.828025817871093750e-02,-4.902935028076171875e-02
-4.208922386169433594e-03,-2.818834781646728516e-02,-4.901269078254699707e-02
-4.255890846252441406e-03,-2.812671661376953125e-02,-4.900483787059783936e-02
-4.357099533081054688e-03,-2.806329727172851562e-02,-4.898235201835632324e-02
-4.460453987121582031e-03,-2.801167964935302734e-02,-4.898262023925781250e-02
-4.652023315429687500e-03,-2.791774272918701172e-02,-4.895299673080444336e-02
-4.835844039916992188e-03,-2.783942222595214844e-02,-4.894536733627319336e-02
-4.998683929443359375e-03,-2.773892879486083984e-02,-4.895719885826110840e-02
-5.167841911315917969e-03,-2.762460708618164062e-02,-4.898720979690551758e-02
-5.279183387756347656e-03,-2.749550342559814453e-02,-4.900684952735900879e-02
-5.450129508972167969e-03,-2.732682228088378906e-02,-4.903280735015869141e-02
-5.601525306701660156e-03,-2.711129188537597656e-02,-4.908511042594909668e-02
-5.710363388061523438e-03,-2.690410614013671875e-02,-4.920318722724914551e-02
-5.774617195129394531e-03,-2.680134773254394531e-02,-4.930119216442108154e-02
-5.792498588562011719e-03,-2.668786048889160156e-02,-4.941856861114501953e-02
-5.790352821350097656e-03,-2.660453319549560547e-02,-4.953604936599731445e-02
-5.772948265075683594e-03,-2.645123004913330078e-02,-4.967193305492401123e-02
-5.756735801696777344e-03,-2.632868289947509766e-02,-4.978880286216735840e-02
-5.784392356872558594e-03,-2.617752552032470703e-02,-4.990224540233612061e-02
-5.828499794006347656e-03,-2.604436874389648438e-02,-5.002367496490478516e-02
-5.849242210388183594e-03,-2.599954605102539062e-02,-5.017679929733276367e-02
-5.913734436035156250e-03,-2.595329284667968750e-02,-5.029150843620300293e-02
-5.962729454040527344e-03,-2.596843242645263672e-02,-5.037440359592437744e-02
-6.016969680786132812e-03,-2.595531940460205078e-02,-5.043612420558929443e-02
-6.015419960021972656e-03,-2.596127986907958984e-02,-5.048450827598571777e-02
-6.029248237609863281e-03,-2.596998214721679688e-02,-5.052080750465393066e-02
-6.083011627197265625e-03,-2.598237991333007812e-02,-5.054382979869842529e-02
-6.188273429870605469e-03,-2.591335773468017578e-02,-5.057936906814575195e-02
-6.245374679565429688e-03,-2.592837810516357422e-02,-5.063264071941375732e-02
-6.319761276245117188e-03,-2.590942382812500000e-02,-5.067011713981628418e-02
-6.373763084411621094e-03,-2.587032318115234375e-02,-5.068717896938323975e-02
-6.819009780883789062e-03,-2.591276168823242188e-02,-5.068273842334747314e-02
-7.216215133666992188e-03,-2.594411373138427734e-02,-5.068697035312652588e-02
-7.508158683776855469e-03,-2.598989009857177734e-02,-5.067817866802215576e-02
-7.780194282531738281e-03,-2.602362632751464844e-02,-5.067031085491180420e-02
-8.001923561096191406e-03,-2.606582641601562500e-02,-5.065473914146423340e-02
-8.082509040832519531e-03,-2.625489234924316406e-02,-5.059374868869781494e-02
-8.095026016235351562e-03,-2.646052837371826172e-02,-5.057431757450103760e-02
-8.058190345764160156e-03,-2.670347690582275391e-02,-5.056819319725036621e-02
-8.004784584045410156e-03,-2.697384357452392578e-02,-5.054490268230438232e-02
-7.931709289550781250e-03,-2.718877792358398438e-02,-5.051085352897644043e-02
-7.966876029968261719e-03,-2.738344669342041016e-02,-5.044081807136535645e-02
-7.998228073120117188e-03,-2.759134769439697266e-02,-5.036062002182006836e-02
-8.014082908630371094e-03,-2.778375148773193359e-02,-5.028492212295532227e-02
-8.002877235412597656e-03,-2.795922756195068359e-02,-5.020739138126373291e-02
-8.015036582946777344e-03,-2.811646461486816406e-02,-5.011983215808868408e-02
-7.992863655090332031e-03,-2.831697463989257812e-02,-4.999497532844543457e-02
-7.920384407043457031e-03,-2.857124805450439453e-02,-4.988086223602294922e-02
-7.822513580322265625e-03,-2.886688709259033203e-02,-4.977384209632873535e-02
-7.693767547607421875e-03,-2.912724018096923828e-02,-4.964710772037506104e-02
-7.574677467346191406e-03,-2.933502197265625000e-02,-4.953253269195556641e-02
-7.453083992004394531e-03,-2.952325344085693359e-02,-4.943613708019256592e-02
-7.354021072387695312e-03,-2.968025207519531250e-02,-4.935245215892791748e-02
-7.258534431457519531e-03,-2.986502647399902344e-02,-4.926812648773193359e-02
-7.168531417846679688e-03,-3.001284599304199219e-02,-4.917599260807037354e-02
-7.069349288940429688e-03,-3.015291690826416016e-02,-4.909038543701171875e-02
-6.976366043090820312e-03,-3.025865554809570312e-02,-4.902371764183044434e-02
-6.859064102172851562e-03,-3.036952018737792969e-02,-4.897090792655944824e-02
-6.780743598937988281e-03,-3.045225143432617188e-02,-4.894092679023742676e-02
-6.739497184753417969e-03,-3.051030635833740234e-02,-4.889899492263793945e-02
-6.681919097900390625e-03,-3.054618835449218750e-02,-4.887694120407104492e-02
-6.668210029602050781e-03,-3.058111667633056641e-02,-4.883854091167449951e-02
-6.691336631774902344e-03,-3.061556816101074219e-02,-4.880744218826293945e-02
-6.702780723571777344e-03,-3.064250946044921875e-02,-4.876954853534698486e-02
-6.808638572692871094e-03,-3.062379360198974609e-02,-4.875333607196807861e-02
-6.945967674255371094e-03,-3.054630756378173828e-02,-4.874581098556518555e-02
-7.047295570373535156e-03,-3.053271770477294922e-02,-4.871550202369689941e-02
-7.140636444091796875e-03,-3.052306175231933594e-02,-4.867026209831237793e-02
-7.284164428710937500e-03,-3.049826622009277344e-02,-4.860924184322357178e-02
-7.423520088195800781e-03,-3.048515319824218750e-02,-4.857496917247772217e-02
-7.552623748779296875e-03,-3.043842315673828125e-02,-4.855263233184814453e-02
-7.657766342163085938e-03,-3.035712242126464844e-02,-4.854686558246612549e-02
-7.733583450317382812e-03,-3.029704093933105469e-02,-4.855044186115264893e-02
-7.807016372680664062e-03,-3.025066852569580078e-02,-4.854395985603332520e-02
-7.896184921264648438e-03,-3.021275997161865234e-02,-4.854094982147216797e-02
-7.969617843627929688e-03,-3.015041351318359375e-02,-4.853256046772003174e-02
-8.018255233764648438e-03,-3.012919425964355469e-02,-4.852668941020965576e-02
-8.042097091674804688e-03,-3.009510040283203125e-02,-4.852338135242462158e-02
-8.016705513000488281e-03,-3.012323379516601562e-02,-4.848757386207580566e-02
-8.004426956176757812e-03,-3.012716770172119141e-02,-4.844777286052703857e-02
-7.847905158996582031e-03,-3.012645244598388672e-02,-4.841268062591552734e-02
-7.705926895141601562e-03,-3.013896942138671875e-02,-4.839159548282623291e-02
-7.513999938964843750e-03,-3.018319606781005859e-02,-4.834367334842681885e-02
-7.322072982788085938e-03,-3.019511699676513672e-02,-4.822671413421630859e-02
-7.132172584533691406e-03,-3.017187118530273438e-02,-4.808114469051361084e-02
-6.949305534362792969e-03,-3.028523921966552734e-02,-4.791179299354553223e-02
-6.781578063964843750e-03,-3.036677837371826172e-02,-4.775828123092651367e-02
-6.563067436218261719e-03,-3.046703338623046875e-02,-4.762202501296997070e-02
-6.353020668029785156e-03,-3.055250644683837891e-02,-4.748670756816864014e-02
-6.070852279663085938e-03,-3.058290481567382812e-02,-4.734100401401519775e-02
-5.806446075439453125e-03,-3.060936927795410156e-02,-4.719462990760803223e-02
-5.541563034057617188e-03,-3.065228462219238281e-02,-4.705162346363067627e-02
-5.332350730895996094e-03,-3.065001964569091797e-02,-4.690632224082946777e-02
-5.194664001464843750e-03,-3.052854537963867188e-02,-4.675929248332977295e-02
-5.033969879150390625e-03,-3.045475482940673828e-02,-4.662030935287475586e-02
-4.862546920776367188e-03,-3.041207790374755859e-02,-4.650996625423431396e-02
-4.734992980957031250e-03,-3.031909465789794922e-02,-4.634332656860351562e-02
-4.567623138427734375e-03,-3.025817871093750000e-02,-4.618003964424133301e-02
-4.404425621032714844e-03,-3.019404411315917969e-02,-4.604721069335937500e-02
-4.243373870849609375e-03,-3.006982803344726562e-02,-4.594065248966217041e-02
-4.181027412414550781e-03,-2.983772754669189453e-02,-4.584145545959472656e-02
-4.154205322265625000e-03,-2.958226203918457031e-02,-4.576192796230316162e-02
-4.153609275817871094e-03,-2.935004234313964844e-02,-4.567214846611022949e-02
-4.184961318969726562e-03,-2.911317348480224609e-02,-4.555970430374145508e-02
-4.195451736450195312e-03,-2.895200252532958984e-02,-4.545247554779052734e-02
-4.193425178527832031e-03,-2.880191802978515625e-02,-4.537333548069000244e-02
-4.189729690551757812e-03,-2.868723869323730469e-02,-4.530601203441619873e-02
-4.177927970886230469e-03,-2.856290340423583984e-02,-4.523283243179321289e-02
-4.198670387268066406e-03,-2.848410606384277344e-02,-4.516023397445678711e-02
-4.214286804199218750e-03,-2.835190296173095703e-02,-4.509937763214111328e-02
-4.161953926086425781e-03,-2.827501296997070312e-02,-4.505079984664916992e-02
-4.104852676391601562e-03,-2.827167510986328125e-02,-4.508069157600402832e-02
-4.042983055114746094e-03,-2.829992771148681641e-02,-4.511371254920959473e-02
-4.020094871520996094e-03,-2.825379371643066406e-02,-4.514437913894653320e-02
-4.043936729431152344e-03,-2.821719646453857422e-02,-4.517054557800292969e-02
-4.107236862182617188e-03,-2.814412117004394531e-02,-4.520353674888610840e-02
-4.178285598754882812e-03,-2.805244922637939453e-02,-4.523952305316925049e-02
-4.220724105834960938e-03,-2.797746658325195312e-02,-4.525585472583770752e-02
-4.296422004699707031e-03,-2.793264389038085938e-02,-4.524114727973937988e-02
-4.356741905212402344e-03,-2.789580821990966797e-02,-4.521420598030090332e-02
-4.434466361999511719e-03,-2.782797813415527344e-02,-4.517650604248046875e-02
-4.470944404602050781e-03,-2.773690223693847656e-02,-4.511874914169311523e-02
-4.450082778930664062e-03,-2.759540081024169922e-02,-4.505717754364013672e-02
-4.466056823730468750e-03,-2.746152877807617188e-02,-4.498390853404998779e-02
-4.469513893127441406e-03,-2.732861042022705078e-02,-4.490520060062408447e-02
-4.456043243408203125e-03,-2.715551853179931641e-02,-4.483403265476226807e-02
-4.464983940124511719e-03,-2.694261074066162109e-02,-4.475350677967071533e-02
-4.523038864135742188e-03,-2.670538425445556641e-02,-4.467716813087463379e-02
-4.587173461914062500e-03,-2.644646167755126953e-02,-4.458118975162506104e-02
-4.645705223083496094e-03,-2.620565891265869141e-02,-4.449562728404998779e-02
-4.680037498474121094e-03,-2.614021301269531250e-02,-4.439382255077362061e-02
-4.700064659118652344e-03,-2.610945701599121094e-02,-4.430724680423736572e-02
-4.739046096801757812e-03,-2.608084678649902344e-02,-4.421530663967132568e-02
-4.777908325195312500e-03,-2.604508399963378906e-02,-4.410861432552337646e-02
-4.791021347045898438e-03,-2.599573135375976562e-02,-4.401169717311859131e-02
-4.849314689636230469e-03,-2.592396736145019531e-02,-4.393054544925689697e-02
-4.907131195068359375e-03,-2.585947513580322266e-02,-4.386480152606964111e-02
-4.940390586853027344e-03,-2.578127384185791016e-02,-4.379452764987945557e-02
-4.994392395019531250e-03,-2.572369575500488281e-02,-4.370759427547454834e-02
-5.035281181335449219e-03,-2.567672729492187500e-02,-4.363197088241577148e-02
-5.084991455078125000e-03,-2.566659450531005859e-02,-4.356485605239868164e-02
-5.149006843566894531e-03,-2.559149265289306641e-02,-4.351437091827392578e-02
-5.233287811279296875e-03,-2.551662921905517578e-02,-4.344946146011352539e-02
-5.330681800842285156e-03,-2.543783187866210938e-02,-4.340946674346923828e-02
-5.395412445068359375e-03,-2.530944347381591797e-02,-4.337982833385467529e-02
-5.436658859252929688e-03,-2.519249916076660156e-02,-4.335112869739532471e-02
-5.495309829711914062e-03,-2.510046958923339844e-02,-4.332326352596282959e-02
-5.532979965209960938e-03,-2.495777606964111328e-02,-4.330620169639587402e-02
-5.565047264099121094e-03,-2.480101585388183594e-02,-4.329648613929748535e-02
-5.563139915466308594e-03,-2.464342117309570312e-02,-4.328691959381103516e-02
-5.548954010009765625e-03,-2.450335025787353516e-02,-4.328112304210662842e-02
-5.478024482727050781e-03,-2.440321445465087891e-02,-4.327492415904998779e-02
-5.390644073486328125e-03,-2.438652515411376953e-02,-4.330180585384368896e-02
-5.306839942932128906e-03,-2.440440654754638672e-02,-4.331782460212707520e-02
-5.263209342956542969e-03,-2.437007427215576172e-02,-4.335407912731170654e-02
-5.233764648437500000e-03,-2.436470985412597656e-02,-4.339303076267242432e-02
-5.110621452331542969e-03,-2.446031570434570312e-02,-4.341185092926025391e-02
-5.004048347473144531e-03,-2.455174922943115234e-02,-4.341401159763336182e-02
-4.861712455749511719e-03,-2.468371391296386719e-02,-4.342763125896453857e-02
-4.682779312133789062e-03,-2.481877803802490234e-02,-4.345272481441497803e-02
-4.535555839538574219e-03,-2.494609355926513672e-02,-4.346032440662384033e-02
-4.375696182250976562e-03,-2.498495578765869141e-02,-4.349346458911895752e-02
-4.154324531555175781e-03,-2.504181861877441406e-02,-4.352481663227081299e-02
-3.898739814758300781e-03,-2.511620521545410156e-02,-4.353442788124084473e-02
-3.634095191955566406e-03,-2.514493465423583984e-02,-4.351097345352172852e-02
-3.375768661499023438e-03,-2.519881725311279297e-02,-4.348298907279968262e-02
-3.138780593872070312e-03,-2.524697780609130859e-02,-4.343466460704803467e-02
-2.902865409851074219e-03,-2.529108524322509766e-02,-4.336351156234741211e-02
-2.702355384826660156e-03,-2.532362937927246094e-02,-4.330204427242279053e-02
-2.528548240661621094e-03,-2.529585361480712891e-02,-4.323925077915191650e-02
-2.411007881164550781e-03,-2.522182464599609375e-02,-4.320643842220306396e-02
-2.333641052246093750e-03,-2.517223358154296875e-02,-4.312309622764587402e-02
-2.197623252868652344e-03,-2.511978149414062500e-02,-4.306013882160186768e-02
-2.101540565490722656e-03,-2.508592605590820312e-02,-4.300412535667419434e-02
-2.015948295593261719e-03,-2.506363391876220703e-02,-4.297044873237609863e-02
-1.941442489624023438e-03,-2.501714229583740234e-02,-4.295635223388671875e-02
-1.882672309875488281e-03,-2.493619918823242188e-02,-4.293075203895568848e-02
-1.857161521911621094e-03,-2.486574649810791016e-02,-4.292027652263641357e-02
-1.816987991333007812e-03,-2.478921413421630859e-02,-4.289448261260986328e-02
-1.815795898437500000e-03,-2.478194236755371094e-02,-4.285484552383422852e-02
-1.781344413757324219e-03,-2.489483356475830078e-02,-4.281277954578399658e-02
-1.761674880981445312e-03,-2.496612071990966797e-02,-4.277750849723815918e-02
-1.757621765136718750e-03,-2.503550052642822266e-02,-4.271565377712249756e-02
-1.770257949829101562e-03,-2.505326271057128906e-02,-4.265768826007843018e-02
-1.789450645446777344e-03,-2.515673637390136719e-02,-4.259347915649414062e-02
-1.819372177124023438e-03,-2.522242069244384766e-02,-4.250714182853698730e-02
-1.816034317016601562e-03,-2.525639533996582031e-02,-4.244551062583923340e-02
-1.793980598449707031e-03,-2.527976036071777344e-02,-4.238221049308776855e-02
-1.761317253112792969e-03,-2.530372142791748047e-02,-4.235887527465820312e-02
-1.588344573974609375e-03,-2.516663074493408203e-02,-4.219855368137359619e-02
-1.397252082824707031e-03,-2.505517005920410156e-02,-4.205150902271270752e-02
-1.227021217346191406e-03,-2.491927146911621094e-02,-4.192703962326049805e-02
-1.044511795043945312e-03,-2.461230754852294922e-02,-4.182673990726470947e-02
-8.767843246459960938e-04,-2.435410022735595703e-02,-4.176041483879089355e-02
-6.979703903198242188e-04,-2.414488792419433594e-02,-4.175430536270141602e-02
-5.799531936645507812e-04,-2.391374111175537109e-02,-4.176390171051025391e-02
-3.942251205444335938e-04,-2.367913722991943359e-02,-4.176974296569824219e-02
-3.942251205444335938e-04,-2.367913722991943359e-02,-4.176974296569824219e-02
-2.104043960571289062e-04,-2.344274520874023438e-02,-4.178671538829803467e-02
-5.364418029785156250e-05,-2.320015430450439453e-02,-4.180088639259338379e-02
5.710124969482421875e-05,-2.301025390625000000e-02,-4.182696342468261719e-02
1.685619354248046875e-04,-2.282953262329101562e-02,-4.187622666358947754e-02
2.696514129638671875e-04,-2.262949943542480469e-02,-4.193289577960968018e-02
3.585815429687500000e-04,-2.239143848419189453e-02,-4.200288653373718262e-02
4.463195800781250000e-04,-2.221870422363281250e-02,-4.206959903240203857e-02
5.105733871459960938e-04,-2.201616764068603516e-02,-4.213264584541320801e-02
6.012916564941406250e-04,-2.183067798614501953e-02,-4.220281541347503662e-02
6.924867630004882812e-04,-2.167904376983642578e-02,-4.225756227970123291e-02
7.361173629760742188e-04,-2.155745029449462891e-02,-4.230234026908874512e-02
7.839202880859375000e-04,-2.145302295684814453e-02,-4.233567416667938232e-02
8.366107940673828125e-04,-2.132642269134521484e-02,-4.236270487308502197e-02
8.500814437866210938e-04,-2.116346359252929688e-02,-4.242324829101562500e-02
8.616447448730468750e-04,-2.100884914398193359e-02,-4.249349236488342285e-02
8.631944656372070312e-04,-2.085554599761962891e-02,-4.253105819225311279e-02
8.505582809448242188e-04,-2.067172527313232422e-02,-4.255878925323486328e-02
8.221864700317382812e-04,-2.048945426940917969e-02,-4.256603121757507324e-02
7.916688919067382812e-04,-2.031970024108886719e-02,-4.254986345767974854e-02
7.674694061279296875e-04,-2.016830444335937500e-02,-4.253849387168884277e-02
7.683038711547851562e-04,-2.005517482757568359e-02,-4.255181550979614258e-02
7.729530334472656250e-04,-1.995396614074707031e-02,-4.254122078418731689e-02
7.861852645874023438e-04,-1.986682415008544922e-02,-4.254528880119323730e-02
8.100271224975585938e-04,-1.977956295013427734e-02,-4.254928231239318848e-02
8.203983306884765625e-04,-1.967966556549072266e-02,-4.255615174770355225e-02
8.671283721923828125e-04,-1.967716217041015625e-02,-4.253186285495758057e-02
8.928775787353515625e-04,-1.969730854034423828e-02,-4.248294234275817871e-02
8.863210678100585938e-04,-1.970803737640380859e-02,-4.241253435611724854e-02
8.956193923950195312e-04,-1.973736286163330078e-02,-4.233108460903167725e-02
9.253025054931640625e-04,-1.978683471679687500e-02,-4.224772751331329346e-02
9.186267852783203125e-04,-1.984083652496337891e-02,-4.215739667415618896e-02
8.991956710815429688e-04,-1.987504959106445312e-02,-4.205556213855743408e-02
8.447170257568359375e-04,-1.989006996154785156e-02,-4.197570681571960449e-02
7.758140563964843750e-04,-1.987111568450927734e-02,-4.190537333488464355e-02
7.258653640747070312e-04,-1.979744434356689453e-02,-4.186384379863739014e-02
6.675720214843750000e-04,-1.972687244415283203e-02,-4.181654751300811768e-02
6.173849105834960938e-04,-1.964712142944335938e-02,-4.179379343986511230e-02
5.910396575927734375e-04,-1.959025859832763672e-02,-4.178275167942047119e-02
5.831718444824218750e-04,-1.949667930603027344e-02,-4.174380004405975342e-02
5.745887756347656250e-04,-1.939463615417480469e-02,-4.170697927474975586e-02
5.428791046142578125e-04,-1.926958560943603516e-02,-4.166407883167266846e-02
5.155801773071289062e-04,-1.915240287780761719e-02,-4.161937534809112549e-02
4.782676696777343750e-04,-1.903784275054931641e-02,-4.156796634197235107e-02
4.369020462036132812e-04,-1.893925666809082031e-02,-4.150943458080291748e-02
3.628730773925781250e-04,-1.882064342498779297e-02,-4.143585264682769775e-02
2.881288528442382812e-04,-1.870799064636230469e-02,-4.136979579925537109e-02
2.431869506835937500e-04,-1.868093013763427734e-02,-4.128977656364440918e-02
1.913309097290039062e-04,-1.861214637756347656e-02,-4.122449457645416260e-02
1.564025878906250000e-04,-1.853454113006591797e-02,-4.116564989089965820e-02
1.295804977416992188e-04,-1.846563816070556641e-02,-4.111024737358093262e-02
8.535385131835937500e-05,-1.842117309570312500e-02,-4.103410243988037109e-02
9.763240814208984375e-05,-1.841020584106445312e-02,-4.095488786697387695e-02
9.179115295410156250e-05,-1.834380626678466797e-02,-4.090522229671478271e-02
1.034736633300781250e-04,-1.829898357391357422e-02,-4.086391627788543701e-02
-1.025199890136718750e-05,-1.820683479309082031e-02,-4.082316160202026367e-02
-1.041889190673828125e-04,-1.815831661224365234e-02,-4.078564047813415527e-02
-1.833438873291015625e-04,-1.812112331390380859e-02,-4.075351357460021973e-02
-2.653598785400390625e-04,-1.811003684997558594e-02,-4.072377085685729980e-02
-3.776550292968750000e-04,-1.809978485107421875e-02,-4.067507386207580566e-02
-4.789829254150390625e-04,-1.806366443634033203e-02,-4.064878821372985840e-02
-5.885362625122070312e-04,-1.806843280792236328e-02,-4.062393307685852051e-02
-6.811618804931640625e-04,-1.807856559753417969e-02,-4.061098396778106689e-02
-7.950067520141601562e-04,-1.807820796966552734e-02,-4.060195386409759521e-02
-9.307861328125000000e-04,-1.806366443634033203e-02,-4.059131443500518799e-02
-1.056909561157226562e-03,-1.803386211395263672e-02,-4.058212041854858398e-02
-1.146674156188964844e-03,-1.803195476531982422e-02,-4.056395590305328369e-02
-1.220941543579101562e-03,-1.807117462158203125e-02,-4.053761065006256104e-02
-1.283884048461914062e-03,-1.807093620300292969e-02,-4.050752520561218262e-02
-1.340627670288085938e-03,-1.808428764343261719e-02,-4.047358036041259766e-02
-1.417517662048339844e-03,-1.809287071228027344e-02,-4.045282304286956787e-02
-1.493573188781738281e-03,-1.806724071502685547e-02,-4.043076932430267334e-02
-1.501679420471191406e-03,-1.803946495056152344e-02,-4.037036001682281494e-02
-1.468300819396972656e-03,-1.803112030029296875e-02,-4.031379520893096924e-02
-1.441001892089843750e-03,-1.801979541778564453e-02,-4.025806486606597900e-02
-1.417160034179687500e-03,-1.800298690795898438e-02,-4.019032418727874756e-02
-1.387953758239746094e-03,-1.801443099975585938e-02,-4.012516140937805176e-02
-1.337766647338867188e-03,-1.804065704345703125e-02,-4.004283249378204346e-02
-1.281023025512695312e-03,-1.807641983032226562e-02,-3.997364640235900879e-02
-1.224756240844726562e-03,-1.810395717620849609e-02,-3.989164531230926514e-02
-1.176714897155761719e-03,-1.817107200622558594e-02,-3.979693353176116943e-02
-1.151800155639648438e-03,-1.822006702423095703e-02,-3.970164060592651367e-02
-1.150250434875488281e-03,-1.829457283020019531e-02,-3.961327672004699707e-02
-1.163601875305175781e-03,-1.833283901214599609e-02,-3.955081105232238770e-02
-1.145601272583007812e-03,-1.839208602905273438e-02,-3.947231173515319824e-02
-1.101613044738769531e-03,-1.843154430389404297e-02,-3.940489888191223145e-02
-1.076102256774902344e-03,-1.845419406890869141e-02,-3.932894766330718994e-02
-1.069903373718261719e-03,-1.847434043884277344e-02,-3.924050927162170410e-02
-1.074075698852539062e-03,-1.849389076232910156e-02,-3.916953504085540771e-02
-1.096606254577636719e-03,-1.850628852844238281e-02,-3.910622000694274902e-02
-1.073956489562988281e-03,-1.849997043609619141e-02,-3.902021050453186035e-02
-1.061797142028808594e-03,-1.850545406341552734e-02,-3.895510733127593994e-02
-1.050829887390136719e-03,-1.847684383392333984e-02,-3.887324035167694092e-02
-1.065731048583984375e-03,-1.839232444763183594e-02,-3.878404200077056885e-02
-1.082777976989746094e-03,-1.826715469360351562e-02,-3.868314623832702637e-02
-1.092910766601562500e-03,-1.814377307891845703e-02,-3.859378397464752197e-02
-1.093149185180664062e-03,-1.798868179321289062e-02,-3.849653899669647217e-02
-1.064896583557128906e-03,-1.785922050476074219e-02,-3.838707506656646729e-02
-1.033663749694824219e-03,-1.775062084197998047e-02,-3.826703131198883057e-02
-1.022934913635253906e-03,-1.767587661743164062e-02,-3.814578056335449219e-02
-9.995698928833007812e-04,-1.760852336883544922e-02,-3.803844749927520752e-02
-9.721517562866210938e-04,-1.756370067596435547e-02,-3.794887661933898926e-02
-1.009464263916015625e-03,-1.745736598968505859e-02,-3.784115612506866455e-02
-1.005530357360839844e-03,-1.737344264984130859e-02,-3.774085640907287598e-02
-1.024603843688964844e-03,-1.730322837829589844e-02,-3.762760758399963379e-02
-1.025795936584472656e-03,-1.725327968597412109e-02,-3.752313554286956787e-02
-9.908676147460937500e-04,-1.721215248107910156e-02,-3.742299973964691162e-02
-9.733438491821289062e-04,-1.718127727508544922e-02,-3.734193742275238037e-02
-9.894371032714843750e-04,-1.712143421173095703e-02,-3.727331757545471191e-02
-1.001238822937011719e-03,-1.703739166259765625e-02,-3.722371160984039307e-02
-1.023411750793457031e-03,-1.697778701782226562e-02,-3.715007007122039795e-02
-1.039505004882812500e-03,-1.692056655883789062e-02,-3.708529472351074219e-02
-1.070737838745117188e-03,-1.685285568237304688e-02,-3.699660301208496094e-02
-1.085042953491210938e-03,-1.682341098785400391e-02,-3.689497709274291992e-02
-1.088380813598632812e-03,-1.675760746002197266e-02,-3.680130839347839355e-02
-1.094460487365722656e-03,-1.669597625732421875e-02,-3.673815727233886719e-02
-1.112103462219238281e-03,-1.658034324645996094e-02,-3.668044507503509521e-02
-1.140356063842773438e-03,-1.646971702575683594e-02,-3.661769628524780273e-02
-1.167654991149902344e-03,-1.638686656951904297e-02,-3.655475378036499023e-02
-1.146078109741210938e-03,-1.633608341217041016e-02,-3.652450442314147949e-02
-1.185297966003417969e-03,-1.630246639251708984e-02,-3.649675846099853516e-02
-1.210808753967285156e-03,-1.627063751220703125e-02,-3.647232055664062500e-02
-1.266837120056152344e-03,-1.627171039581298828e-02,-3.643418848514556885e-02
-1.323461532592773438e-03,-1.627254486083984375e-02,-3.639912605285644531e-02
-1.374363899230957031e-03,-1.627242565155029297e-02,-3.636731207370758057e-02
-1.466155052185058594e-03,-1.623392105102539062e-02,-3.633020818233489990e-02
-1.574635505676269531e-03,-1.615130901336669922e-02,-3.631550073623657227e-02
-1.645326614379882812e-03,-1.613092422485351562e-02,-3.631742298603057861e-02
-1.712799072265625000e-03,-1.609373092651367188e-02,-3.633058071136474609e-02
-1.786828041076660156e-03,-1.605916023254394531e-02,-3.637371957302093506e-02
-1.849174499511718750e-03,-1.598191261291503906e-02,-3.641252219676971436e-02
-1.862525939941406250e-03,-1.592028141021728516e-02,-3.644771873950958252e-02
-1.897692680358886719e-03,-1.584780216217041016e-02,-3.649321198463439941e-02
-1.945257186889648438e-03,-1.601612567901611328e-02,-3.651370108127593994e-02
-1.944303512573242188e-03,-1.612162590026855469e-02,-3.653262555599212646e-02
-1.953244209289550781e-03,-1.620638370513916016e-02,-3.653760254383087158e-02
-1.982450485229492188e-03,-1.625192165374755859e-02,-3.654125332832336426e-02
-2.015471458435058594e-03,-1.625406742095947266e-02,-3.655204176902770996e-02
-2.069354057312011719e-03,-1.624488830566406250e-02,-3.654958307743072510e-02
-2.129197120666503906e-03,-1.622784137725830078e-02,-3.655259311199188232e-02
-2.167582511901855469e-03,-1.618194580078125000e-02,-3.655274212360382080e-02
-2.225160598754882812e-03,-1.611745357513427734e-02,-3.653216361999511719e-02
-2.271533012390136719e-03,-1.608467102050781250e-02,-3.649641573429107666e-02
-2.316355705261230469e-03,-1.605749130249023438e-02,-3.646899759769439697e-02
-2.374053001403808594e-03,-1.601076126098632812e-02,-3.644141554832458496e-02
-2.422690391540527344e-03,-1.600027084350585938e-02,-3.641016781330108643e-02
-2.489328384399414062e-03,-1.596283912658691406e-02,-3.637012839317321777e-02
-2.550959587097167969e-03,-1.592946052551269531e-02,-3.630784153938293457e-02
-2.612352371215820312e-03,-1.586890220642089844e-02,-3.625115752220153809e-02
-2.675294876098632812e-03,-1.581871509552001953e-02,-3.617902100086212158e-02
-2.762556076049804688e-03,-1.576113700866699219e-02,-3.608505427837371826e-02
-2.807140350341796875e-03,-1.579368114471435547e-02,-3.596158325672149658e-02
-2.858042716979980469e-03,-1.581752300262451172e-02,-3.585167229175567627e-02
-2.878308296203613281e-03,-1.583445072174072266e-02,-3.575789928436279297e-02
-2.948760986328125000e-03,-1.578676700592041016e-02,-3.567992150783538818e-02
-2.969622611999511719e-03,-1.577603816986083984e-02,-3.561066091060638428e-02
-2.999424934387207031e-03,-1.574373245239257812e-02,-3.555908799171447754e-02
-3.030300140380859375e-03,-1.570582389831542969e-02,-3.553363680839538574e-02
-3.067493438720703125e-03,-1.565814018249511719e-02,-3.552044928073883057e-02
-3.094315528869628906e-03,-1.562726497650146484e-02,-3.547206521034240723e-02
-3.157734870910644531e-03,-1.554226875305175781e-02,-3.542841970920562744e-02
-3.216862678527832031e-03,-1.544880867004394531e-02,-3.539095818996429443e-02
-3.320097923278808594e-03,-1.532328128814697266e-02,-3.536096215248107910e-02
-3.409147262573242188e-03,-1.521241664886474609e-02,-3.531928360462188721e-02
-3.461360931396484375e-03,-1.512551307678222656e-02,-3.526559472084045410e-02
-3.488421440124511719e-03,-1.503562927246093750e-02,-3.523413836956024170e-02
-3.518819808959960938e-03,-1.489472389221191406e-02,-3.521314263343811035e-02
-3.554463386535644531e-03,-1.477634906768798828e-02,-3.518798947334289551e-02
-3.573298454284667969e-03,-1.467943191528320312e-02,-3.516326844692230225e-02
-3.557682037353515625e-03,-1.463365554809570312e-02,-3.514757752418518066e-02
-3.513097763061523438e-03,-1.461577415466308594e-02,-3.513115644454956055e-02
-3.491044044494628906e-03,-1.462662220001220703e-02,-3.509642183780670166e-02
-3.466367721557617188e-03,-1.463818550109863281e-02,-3.507769107818603516e-02
-3.462553024291992188e-03,-1.463377475738525391e-02,-3.507545590400695801e-02
-3.430008888244628906e-03,-1.464831829071044922e-02,-3.506700694561004639e-02
-3.386378288269042969e-03,-1.467061042785644531e-02,-3.505653142929077148e-02
-3.324270248413085938e-03,-1.470172405242919922e-02,-3.503854572772979736e-02
-3.231287002563476562e-03,-1.470899581909179688e-02,-3.501595556735992432e-02
-3.122925758361816406e-03,-1.476192474365234375e-02,-3.501856327056884766e-02
-3.018975257873535156e-03,-1.481533050537109375e-02,-3.501242399215698242e-02
-2.935051918029785156e-03,-1.485955715179443359e-02,-3.498990833759307861e-02
-2.864956855773925781e-03,-1.488888263702392578e-02,-3.497308492660522461e-02
-2.797245979309082031e-03,-1.488626003265380859e-02,-3.496742248535156250e-02
-2.618789672851562500e-03,-1.505148410797119141e-02,-3.494523465633392334e-02
-2.438783645629882812e-03,-1.524734497070312500e-02,-3.496506810188293457e-02
-2.261281013488769531e-03,-1.541924476623535156e-02,-3.498768806457519531e-02
-2.100825309753417969e-03,-1.555073261260986328e-02,-3.499165177345275879e-02
-1.943707466125488281e-03,-1.564991474151611328e-02,-3.498870134353637695e-02
-1.858353614807128906e-03,-1.572561264038085938e-02,-3.494612872600555420e-02
-1.798391342163085938e-03,-1.579809188842773438e-02,-3.490661084651947021e-02
-1.779437065124511719e-03,-1.583039760589599609e-02,-3.489471971988677979e-02
-1.760482788085937500e-03,-1.581788063049316406e-02,-3.487057983875274658e-02
-1.745462417602539062e-03,-1.581490039825439453e-02,-3.485259413719177246e-02
-1.709938049316406250e-03,-1.581621170043945312e-02,-3.485353291034698486e-02
-1.710176467895507812e-03,-1.580274105072021484e-02,-3.486233949661254883e-02
-1.701951026916503906e-03,-1.577198505401611328e-02,-3.486575186252593994e-02
-1.421451568603515625e-03,-1.577150821685791016e-02,-3.488340973854064941e-02
-1.139760017395019531e-03,-1.577937602996826172e-02,-3.493222594261169434e-02
-8.705854415893554688e-04,-1.583099365234375000e-02,-3.497153520584106445e-02
-6.196498870849609375e-04,-1.588225364685058594e-02,-3.499220311641693115e-02
-4.098415374755859375e-04,-1.589906215667724609e-02,-3.501275181770324707e-02
-1.827478408813476562e-04,-1.587128639221191406e-02,-3.501653671264648438e-02
-2.980232238769531250e-06,-1.582574844360351562e-02,-3.498052060604095459e-02
1.497268676757812500e-04,-1.574575901031494141e-02,-3.492423892021179199e-02
2.694129943847656250e-04,-1.564693450927734375e-02,-3.485263884067535400e-02
4.419088363647460938e-04,-1.551055908203125000e-02,-3.480531275272369385e-02
5.580186843872070312e-04,-1.538085937500000000e-02,-3.481554985046386719e-02
6.519556045532226562e-04,-1.526498794555664062e-02,-3.483004868030548096e-02
7.461309432983398438e-04,-1.515269279479980469e-02,-3.485080599784851074e-02
8.214712142944335938e-04,-1.505446434020996094e-02,-3.486557304859161377e-02
8.852481842041015625e-04,-1.495957374572753906e-02,-3.487010300159454346e-02
9.528398513793945312e-04,-1.488685607910156250e-02,-3.487053513526916504e-02
1.031279563903808594e-03,-1.480972766876220703e-02,-3.486156463623046875e-02
1.093387603759765625e-03,-1.472222805023193359e-02,-3.484937548637390137e-02
1.154184341430664062e-03,-1.464331150054931641e-02,-3.482750058174133301e-02
1.233696937561035156e-03,-1.457715034484863281e-02,-3.479790687561035156e-02
1.314520835876464844e-03,-1.453852653503417969e-02,-3.477609157562255859e-02
1.382589340209960938e-03,-1.451754570007324219e-02,-3.472314774990081787e-02
1.432180404663085938e-03,-1.450741291046142578e-02,-3.466840088367462158e-02
1.528501510620117188e-03,-1.451623439788818359e-02,-3.461670875549316406e-02
1.698613166809082031e-03,-1.454854011535644531e-02,-3.457571566104888916e-02
1.856803894042968750e-03,-1.456737518310546875e-02,-3.453117609024047852e-02
1.986503601074218750e-03,-1.458513736724853516e-02,-3.446891903877258301e-02
2.130627632141113281e-03,-1.461207866668701172e-02,-3.439308702945709229e-02
2.259969711303710938e-03,-1.465892791748046875e-02,-3.430016338825225830e-02
2.371788024902343750e-03,-1.470839977264404297e-02,-3.420034050941467285e-02
2.462029457092285156e-03,-1.477777957916259766e-02,-3.408920764923095703e-02
2.527236938476562500e-03,-1.483893394470214844e-02,-3.397381305694580078e-02
2.549767494201660156e-03,-1.487112045288085938e-02,-3.386786580085754395e-02
2.577543258666992188e-03,-1.489269733428955078e-02,-3.376074135303497314e-02
2.596020698547363281e-03,-1.492691040039062500e-02,-3.367631137371063232e-02
2.612829208374023438e-03,-1.494669914245605469e-02,-3.361794352531433105e-02
2.616405487060546875e-03,-1.492905616760253906e-02,-3.358371555805206299e-02
2.640485763549804688e-03,-1.491332054138183594e-02,-3.356660902500152588e-02
2.629399299621582031e-03,-1.484370231628417969e-02,-3.355471789836883545e-02
2.628684043884277344e-03,-1.479601860046386719e-02,-3.351639211177825928e-02
2.609133720397949219e-03,-1.476359367370605469e-02,-3.346836566925048828e-02
2.586483955383300781e-03,-1.470470428466796875e-02,-3.344137966632843018e-02
2.582311630249023438e-03,-1.465237140655517578e-02,-3.341883420944213867e-02
2.572655677795410156e-03,-1.456797122955322266e-02,-3.337851166725158691e-02
2.546072006225585938e-03,-1.448678970336914062e-02,-3.331239521503448486e-02
2.522826194763183594e-03,-1.441383361816406250e-02,-3.324326872825622559e-02
2.524375915527343750e-03,-1.434564590454101562e-02,-3.317789733409881592e-02
2.537608146667480469e-03,-1.430487632751464844e-02,-3.311648964881896973e-02
2.533197402954101562e-03,-1.424300670623779297e-02,-3.306888043880462646e-02
2.498745918273925781e-03,-1.418876647949218750e-02,-3.300952911376953125e-02
2.432465553283691406e-03,-1.416444778442382812e-02,-3.295625746250152588e-02
2.341032028198242188e-03,-1.414310932159423828e-02,-3.287550806999206543e-02
2.256035804748535156e-03,-1.410222053527832031e-02,-3.280635178089141846e-02
2.152085304260253906e-03,-1.408505439758300781e-02,-3.273248672485351562e-02
2.059340476989746094e-03,-1.411342620849609375e-02,-3.265656530857086182e-02
1.971006393432617188e-03,-1.414585113525390625e-02,-3.256051242351531982e-02
1.877784729003906250e-03,-1.419663429260253906e-02,-3.244534134864807129e-02
1.758456230163574219e-03,-1.422655582427978516e-02,-3.234413266181945801e-02
1.628994941711425781e-03,-1.424193382263183594e-02,-3.224600851535797119e-02
1.512050628662109375e-03,-1.424062252044677734e-02,-3.214776515960693359e-02
1.410245895385742188e-03,-1.425480842590332031e-02,-3.203910589218139648e-02
1.333236694335937500e-03,-1.427149772644042969e-02,-3.194166719913482666e-02
1.292347908020019531e-03,-1.428711414337158203e-02,-3.184412419795989990e-02
1.236081123352050781e-03,-1.426088809967041016e-02,-3.176710009574890137e-02
1.170516014099121094e-03,-1.423835754394531250e-02,-3.168861567974090576e-02
1.126885414123535156e-03,-1.416718959808349609e-02,-3.160488605499267578e-02
1.104354858398437500e-03,-1.408421993255615234e-02,-3.154109418392181396e-02
1.116752624511718750e-03,-1.402294635772705078e-02,-3.148832917213439941e-02
1.142978668212890625e-03,-1.394701004028320312e-02,-3.143826127052307129e-02
1.156091690063476562e-03,-1.385533809661865234e-02,-3.139810264110565186e-02
1.182317733764648438e-03,-1.376473903656005859e-02,-3.134985268115997314e-02
1.218199729919433594e-03,-1.366615295410156250e-02,-3.130155801773071289e-02
1.249790191650390625e-03,-1.357495784759521484e-02,-3.124713897705078125e-02
1.307606697082519531e-03,-1.350915431976318359e-02,-3.119017183780670166e-02
1.322150230407714844e-03,-1.327407360076904297e-02,-3.117726743221282959e-02
1.346945762634277344e-03,-1.306140422821044922e-02,-3.117024898529052734e-02
1.380205154418945312e-03,-1.286792755126953125e-02,-3.118847310543060303e-02
1.428365707397460938e-03,-1.269304752349853516e-02,-3.117880225181579590e-02
1.504063606262207031e-03,-1.252710819244384766e-02,-3.117237985134124756e-02
1.404643058776855469e-03,-1.232564449310302734e-02,-3.118656575679779053e-02
1.301169395446777344e-03,-1.214587688446044922e-02,-3.119958937168121338e-02
1.209378242492675781e-03,-1.198494434356689453e-02,-3.118389844894409180e-02
1.127958297729492188e-03,-1.182758808135986328e-02,-3.116850554943084717e-02
1.078248023986816406e-03,-1.173090934753417969e-02,-3.114560246467590332e-02
1.067399978637695312e-03,-1.164674758911132812e-02,-3.109058737754821777e-02
1.090407371520996094e-03,-1.160836219787597656e-02,-3.104160726070404053e-02
1.131176948547363281e-03,-1.160562038421630859e-02,-3.099180757999420166e-02
1.156091690063476562e-03,-1.158738136291503906e-02,-3.093944489955902100e-02
1.175045967102050781e-03,-1.157498359680175781e-02,-3.088065981864929199e-02
1.198053359985351562e-03,-1.158225536346435547e-02,-3.079943358898162842e-02
1.218438148498535156e-03,-1.160216331481933594e-02,-3.071585297584533691e-02
1.237154006958007812e-03,-1.166009902954101562e-02,-3.061889111995697021e-02
1.251935958862304688e-03,-1.172065734863281250e-02,-3.051432967185974121e-02
1.256823539733886719e-03,-1.177823543548583984e-02,-3.039842844009399414e-02
1.257658004760742188e-03,-1.179027557373046875e-02,-3.028193116188049316e-02
1.259684562683105469e-03,-1.178228855133056641e-02,-3.016087412834167480e-02
1.259326934814453125e-03,-1.174914836883544922e-02,-3.002744913101196289e-02
1.250624656677246094e-03,-1.171314716339111328e-02,-2.986416220664978027e-02
1.226186752319335938e-03,-1.146590709686279297e-02,-2.971862256526947021e-02
1.212596893310546875e-03,-1.122987270355224609e-02,-2.956680953502655029e-02
1.212000846862792969e-03,-1.098942756652832031e-02,-2.946558594703674316e-02
1.237750053405761719e-03,-1.077103614807128906e-02,-2.937921881675720215e-02
1.228809356689453125e-03,-1.053559780120849609e-02,-2.931101620197296143e-02
1.218080520629882812e-03,-1.032412052154541016e-02,-2.923017740249633789e-02
1.215577125549316406e-03,-1.012349128723144531e-02,-2.917467057704925537e-02
1.203417778015136719e-03,-9.943246841430664062e-03,-2.913790941238403320e-02
1.209259033203125000e-03,-9.811162948608398438e-03,-2.911394834518432617e-02
1.255869865417480469e-03,-9.700775146484375000e-03,-2.909377217292785645e-02
1.378178596496582031e-03,-9.690880775451660156e-03,-2.906072139739990234e-02
1.467227935791015625e-03,-9.646296501159667969e-03,-2.905803918838500977e-02
1.566529273986816406e-03,-9.604454040527343750e-03,-2.905701100826263428e-02
1.631975173950195312e-03,-9.558558464050292969e-03,-2.905896306037902832e-02
1.663446426391601562e-03,-9.480834007263183594e-03,-2.905692160129547119e-02
1.722097396850585938e-03,-9.331345558166503906e-03,-2.905437350273132324e-02
1.765370368957519531e-03,-9.181261062622070312e-03,-2.903532981872558594e-02
1.829624176025390625e-03,-9.118556976318359375e-03,-2.900438010692596436e-02
1.882910728454589844e-03,-9.028911590576171875e-03,-2.894084155559539795e-02
1.915216445922851562e-03,-8.946061134338378906e-03,-2.886886894702911377e-02
1.958250999450683594e-03,-8.890867233276367188e-03,-2.881744503974914551e-02
2.014636993408203125e-03,-8.835554122924804688e-03,-2.876195311546325684e-02
2.107858657836914062e-03,-8.801817893981933594e-03,-2.869021892547607422e-02
2.179622650146484375e-03,-8.753657341003417969e-03,-2.863542735576629639e-02
2.260684967041015625e-03,-8.765220642089843750e-03,-2.857618033885955811e-02
2.293944358825683594e-03,-8.773088455200195312e-03,-2.849890291690826416e-02
2.351760864257812500e-03,-8.772015571594238281e-03,-2.842387557029724121e-02
2.397894859313964844e-03,-8.764982223510742188e-03,-2.834105491638183594e-02
2.429008483886718750e-03,-8.778095245361328125e-03,-2.825656533241271973e-02
2.468705177307128906e-03,-8.799076080322265625e-03,-2.817127108573913574e-02
2.494573593139648438e-03,-8.830666542053222656e-03,-2.807086706161499023e-02
2.524495124816894531e-03,-8.868813514709472656e-03,-2.795909345149993896e-02
2.575993537902832031e-03,-8.941292762756347656e-03,-2.783793210983276367e-02
2.644538879394531250e-03,-9.020686149597167969e-03,-2.771487832069396973e-02
2.714514732360839844e-03,-9.109973907470703125e-03,-2.759525179862976074e-02
2.778172492980957031e-03,-9.206771850585937500e-03,-2.747586369514465332e-02
2.822637557983398438e-03,-9.299516677856445312e-03,-2.737012505531311035e-02
2.858042716979980469e-03,-9.370923042297363281e-03,-2.727781236171722412e-02
2.865076065063476562e-03,-9.411931037902832031e-03,-2.718797326087951660e-02
2.867341041564941406e-03,-9.451150894165039062e-03,-2.709735929965972900e-02
2.847075462341308594e-03,-9.446501731872558594e-03,-2.701485157012939453e-02
2.839803695678710938e-03,-9.436130523681640625e-03,-2.694751322269439697e-02
2.830505371093750000e-03,-9.422421455383300781e-03,-2.688582241535186768e-02
2.824544906616210938e-03,-9.439706802368164062e-03,-2.682057023048400879e-02
2.811074256896972656e-03,-9.433627128601074219e-03,-2.678231894969940186e-02
2.794742584228515625e-03,-9.399771690368652344e-03,-2.674669027328491211e-02
2.765417098999023438e-03,-9.353041648864746094e-03,-2.669961750507354736e-02
2.682328224182128906e-03,-9.277462959289550781e-03,-2.662014961242675781e-02
2.590060234069824219e-03,-9.185314178466796875e-03,-2.656307816505432129e-02
2.485275268554687500e-03,-9.081721305847167969e-03,-2.652859687805175781e-02
2.399563789367675781e-03,-8.998632431030273438e-03,-2.651132643222808838e-02
2.262115478515625000e-03,-8.856654167175292969e-03,-2.648030221462249756e-02
2.197980880737304688e-03,-8.753538131713867188e-03,-2.643124759197235107e-02
2.112627029418945312e-03,-8.637785911560058594e-03,-2.637168765068054199e-02
2.021551132202148438e-03,-8.564472198486328125e-03,-2.630886435508728027e-02
1.905560493469238281e-03,-8.481383323669433594e-03,-2.624586224555969238e-02
1.807928085327148438e-03,-8.410811424255371094e-03,-2.619883418083190918e-02
1.733303070068359375e-03,-8.323431015014648438e-03,-2.615958452224731445e-02
1.663088798522949219e-03,-8.222103118896484375e-03,-2.611921727657318115e-02
1.608729362487792969e-03,-8.112072944641113281e-03,-2.607958018779754639e-02
1.558184623718261719e-03,-8.036494255065917969e-03,-2.602680027484893799e-02
1.521348953247070312e-03,-7.975220680236816406e-03,-2.598413825035095215e-02
1.505374908447265625e-03,-7.902503013610839844e-03,-2.591852843761444092e-02
1.521825790405273438e-03,-7.825732231140136719e-03,-2.585579454898834229e-02
1.568317413330078125e-03,-7.769584655761718750e-03,-2.581356465816497803e-02
1.622557640075683594e-03,-7.769465446472167969e-03,-2.577657997608184814e-02
1.667976379394531250e-03,-7.755756378173828125e-03,-2.573861181735992432e-02
1.772999763488769531e-03,-7.742524147033691406e-03,-2.568735182285308838e-02
1.871585845947265625e-03,-7.723212242126464844e-03,-2.562136948108673096e-02
1.954197883605957031e-03,-7.698297500610351562e-03,-2.555528283119201660e-02
2.010822296142578125e-03,-7.634282112121582031e-03,-2.550002932548522949e-02
2.045035362243652344e-03,-7.559657096862792969e-03,-2.545672655105590820e-02
2.075195312500000000e-03,-7.500648498535156250e-03,-2.541616559028625488e-02
2.080321311950683594e-03,-7.444381713867187500e-03,-2.536232769489288330e-02
2.080202102661132812e-03,-7.411360740661621094e-03,-2.530404925346374512e-02
2.056121826171875000e-03,-7.339358329772949219e-03,-2.524566650390625000e-02
2.004981040954589844e-03,-7.289409637451171875e-03,-2.517691254615783691e-02
2.001047134399414062e-03,-7.260203361511230469e-03,-2.509973943233489990e-02
1.989841461181640625e-03,-7.243394851684570312e-03,-2.501901984214782715e-02
2.003908157348632812e-03,-7.265686988830566406e-03,-2.493613958358764648e-02
2.011299133300781250e-03,-7.279157638549804688e-03,-2.484668791294097900e-02
2.020001411437988281e-03,-7.301807403564453125e-03,-2.475781738758087158e-02
2.050399780273437500e-03,-7.319211959838867188e-03,-2.466136217117309570e-02
2.077937126159667969e-03,-7.328391075134277344e-03,-2.457551658153533936e-02
2.112627029418945312e-03,-7.376313209533691406e-03,-2.447159588336944580e-02
2.146005630493164062e-03,-7.422089576721191406e-03,-2.437821030616760254e-02
2.195119857788085938e-03,-7.469296455383300781e-03,-2.428725361824035645e-02
2.267718315124511719e-03,-7.519602775573730469e-03,-2.419374883174896240e-02
2.359271049499511719e-03,-7.537484169006347656e-03,-2.410554885864257812e-02
2.442598342895507812e-03,-7.538676261901855469e-03,-2.401371300220489502e-02
2.501487731933593750e-03,-7.541060447692871094e-03,-2.390915155410766602e-02
2.543568611145019531e-03,-7.539868354797363281e-03,-2.381114661693572998e-02
2.578139305114746094e-03,-7.536649703979492188e-03,-2.370540797710418701e-02
2.600073814392089844e-03,-7.526040077209472656e-03,-2.360238134860992432e-02
2.610087394714355469e-03,-7.505655288696289062e-03,-2.350856363773345947e-02
2.603769302368164062e-03,-7.493734359741210938e-03,-2.342037856578826904e-02
2.612233161926269531e-03,-7.450222969055175781e-03,-2.334114909172058105e-02
2.609491348266601562e-03,-7.413864135742187500e-03,-2.329468727111816406e-02
2.604722976684570312e-03,-7.366657257080078125e-03,-2.324789762496948242e-02
2.601265907287597656e-03,-7.320761680603027344e-03,-2.321642637252807617e-02
2.561569213867187500e-03,-7.243037223815917969e-03,-2.319413423538208008e-02
2.569198608398437500e-03,-7.195234298706054688e-03,-2.318991720676422119e-02
2.596020698547363281e-03,-7.119059562683105469e-03,-2.317020297050476074e-02
2.562999725341796875e-03,-7.039308547973632812e-03,-2.314245700836181641e-02
2.534270286560058594e-03,-6.979584693908691406e-03,-2.311313152313232422e-02
2.507686614990234375e-03,-6.918311119079589844e-03,-2.310335636138916016e-02
2.530932426452636719e-03,-6.860375404357910156e-03,-2.311079204082489014e-02
2.570748329162597656e-03,-6.780505180358886719e-03,-2.313426136970520020e-02
2.593636512756347656e-03,-6.724119186401367188e-03,-2.313230931758880615e-02
2.587437629699707031e-03,-6.634831428527832031e-03,-2.313926815986633301e-02
2.594590187072753906e-03,-6.506323814392089844e-03,-2.314783632755279541e-02
2.603173255920410156e-03,-6.397366523742675781e-03,-2.315036952495574951e-02
2.599239349365234375e-03,-6.286740303039550781e-03,-2.313457429409027100e-02
2.588629722595214844e-03,-6.161928176879882812e-03,-2.311471104621887207e-02
2.582788467407226562e-03,-6.077885627746582031e-03,-2.309849858283996582e-02
2.593874931335449219e-03,-6.036639213562011719e-03,-2.305287122726440430e-02
2.610802650451660156e-03,-6.004452705383300781e-03,-2.299340069293975830e-02
2.627968788146972656e-03,-5.982279777526855469e-03,-2.292063832283020020e-02
2.641201019287109375e-03,-5.953431129455566406e-03,-2.282871305942535400e-02
2.665638923645019531e-03,-5.963802337646484375e-03,-2.270913124084472656e-02
2.686262130737304688e-03,-6.003975868225097656e-03,-2.259667217731475830e-02
2.722263336181640625e-03,-6.071567535400390625e-03,-2.247172594070434570e-02
2.764582633972167969e-03,-6.151795387268066406e-03,-2.232825756072998047e-02
2.817273139953613281e-03,-6.240129470825195312e-03,-2.217170596122741699e-02
2.829790115356445312e-03,-6.286621093750000000e-03,-2.201707661151885986e-02
2.864480018615722656e-03,-6.359219551086425781e-03,-2.185194194316864014e-02
2.874135971069335938e-03,-6.418585777282714844e-03,-2.169366180896759033e-02
2.876520156860351562e-03,-6.449222564697265625e-03,-2.152411639690399170e-02
2.893567085266113281e-03,-6.492376327514648438e-03,-2.136911451816558838e-02
2.858519554138183594e-03,-6.508111953735351562e-03,-2.122823894023895264e-02
2.803802490234375000e-03,-6.513595581054687500e-03,-2.109865844249725342e-02
2.743363380432128906e-03,-6.527423858642578125e-03,-2.100102603435516357e-02
2.685308456420898438e-03,-6.525039672851562500e-03,-2.091602981090545654e-02
2.622365951538085938e-03,-6.477475166320800781e-03,-2.084521949291229248e-02
2.535104751586914062e-03,-6.390571594238281250e-03,-2.075894176959991455e-02
2.429842948913574219e-03,-6.312251091003417969e-03,-2.069805562496185303e-02
2.317190170288085938e-03,-6.226181983947753906e-03,-2.065776288509368896e-02
2.198338508605957031e-03,-6.166696548461914062e-03,-2.061903476715087891e-02
2.071619033813476562e-03,-6.109237670898437500e-03,-2.058434486389160156e-02
1.998662948608398438e-03,-6.044387817382812500e-03,-2.053360641002655029e-02
1.898527145385742188e-03,-5.998611450195312500e-03,-2.049164474010467529e-02
1.844763755798339844e-03,-5.958795547485351562e-03,-2.045249938964843750e-02
1.811861991882324219e-03,-5.962491035461425781e-03,-2.041713893413543701e-02
1.792073249816894531e-03,-5.950570106506347656e-03,-2.039071917533874512e-02
1.802921295166015625e-03,-5.936026573181152344e-03,-2.035255730152130127e-02
1.825571060180664062e-03,-5.937695503234863281e-03,-2.032576501369476318e-02
1.844167709350585938e-03,-5.955338478088378906e-03,-2.031402289867401123e-02
1.890540122985839844e-03,-5.982041358947753906e-03,-2.027469873428344727e-02
1.956820487976074219e-03,-5.958795547485351562e-03,-2.024710178375244141e-02
1.993179321289062500e-03,-5.891680717468261719e-03,-2.021303772926330566e-02
2.025365829467773438e-03,-5.817532539367675781e-03,-2.017468214035034180e-02
2.060770988464355469e-03,-5.775809288024902344e-03,-2.010643482208251953e-02
2.103209495544433594e-03,-5.763530731201171875e-03,-2.002698183059692383e-02
2.072572708129882812e-03,-5.704641342163085938e-03,-1.993499696254730225e-02
2.021312713623046875e-03,-5.668640136718750000e-03,-1.983603835105895996e-02
1.950979232788085938e-03,-5.614280700683593750e-03,-1.973861455917358398e-02
1.875042915344238281e-03,-5.537152290344238281e-03,-1.961667835712432861e-02
1.803278923034667969e-03,-5.440831184387207031e-03,-1.949334144592285156e-02
1.733899116516113281e-03,-5.317330360412597656e-03,-1.936973631381988525e-02
1.660943031311035156e-03,-5.174517631530761719e-03,-1.925824582576751709e-02
1.598000526428222656e-03,-5.055427551269531250e-03,-1.912210881710052490e-02
1.526117324829101562e-03,-4.963874816894531250e-03,-1.898080110549926758e-02
1.481294631958007812e-03,-4.922866821289062500e-03,-1.883354783058166504e-02
1.435875892639160156e-03,-4.867076873779296875e-03,-1.869311928749084473e-02
1.409053802490234375e-03,-4.830241203308105469e-03,-1.855655014514923096e-02
1.397252082824707031e-03,-4.778623580932617188e-03,-1.843631267547607422e-02
1.379609107971191406e-03,-4.700303077697753906e-03,-1.831337809562683105e-02
1.362919807434082031e-03,-4.630804061889648438e-03,-1.819247007369995117e-02
1.361846923828125000e-03,-4.535436630249023438e-03,-1.811318099498748779e-02
1.333594322204589844e-03,-4.432320594787597656e-03,-1.803267002105712891e-02
1.256585121154785156e-03,-4.356861114501953125e-03,-1.796950399875640869e-02
1.171946525573730469e-03,-4.301190376281738281e-03,-1.790212094783782959e-02
1.113295555114746094e-03,-4.231333732604980469e-03,-1.784369349479675293e-02
1.057386398315429688e-03,-4.181385040283203125e-03,-1.777750253677368164e-02
1.015424728393554688e-03,-4.121899604797363281e-03,-1.773045957088470459e-02
9.629726409912109375e-04,-4.028916358947753906e-03,-1.767817139625549316e-02
9.485483169555664062e-04,-3.949165344238281250e-03,-1.761144399642944336e-02
9.247064590454101562e-04,-3.871440887451171875e-03,-1.756344735622406006e-02
8.909702301025390625e-04,-3.796815872192382812e-03,-1.751178503036499023e-02
8.562803268432617188e-04,-3.765106201171875000e-03,-1.747612655162811279e-02
8.200407028198242188e-04,-3.699541091918945312e-03,-1.744683086872100830e-02
8.113384246826171875e-04,-3.630876541137695312e-03,-1.743897795677185059e-02
8.053779602050781250e-04,-3.566026687622070312e-03,-1.743161678314208984e-02
8.493661880493164062e-04,-3.518342971801757812e-03,-1.737347245216369629e-02
8.726119995117187500e-04,-3.466367721557617188e-03,-1.732002198696136475e-02
8.788108825683593750e-04,-3.409266471862792969e-03,-1.727698743343353271e-02
8.968114852905273438e-04,-3.388047218322753906e-03,-1.723545789718627930e-02
9.253025054931640625e-04,-3.374576568603515625e-03,-1.723170280456542969e-02
9.529590606689453125e-04,-3.363609313964843750e-03,-1.723375916481018066e-02
9.993314743041992188e-04,-3.401637077331542969e-03,-1.723481714725494385e-02
1.090526580810546875e-03,-3.477334976196289062e-03,-1.723560690879821777e-02
1.155972480773925781e-03,-3.500461578369140625e-03,-1.725988090038299561e-02
1.176357269287109375e-03,-3.506898880004882812e-03,-1.726913452148437500e-02
1.185655593872070312e-03,-3.497958183288574219e-03,-1.728717982769012451e-02
1.211643218994140625e-03,-3.471612930297851562e-03,-1.729989051818847656e-02
1.224637031555175781e-03,-3.408789634704589844e-03,-1.733578741550445557e-02
1.216053962707519531e-03,-3.329515457153320312e-03,-1.734222471714019775e-02
1.216888427734375000e-03,-3.258347511291503906e-03,-1.733449101448059082e-02
1.219511032104492188e-03,-3.211975097656250000e-03,-1.731912791728973389e-02
1.204252243041992188e-03,-3.170609474182128906e-03,-1.729108393192291260e-02
1.187682151794433594e-03,-3.139257431030273438e-03,-1.724247634410858154e-02
1.151680946350097656e-03,-3.075480461120605469e-03,-1.716230809688568115e-02
1.123070716857910156e-03,-3.054022789001464844e-03,-1.707515120506286621e-02
1.110672950744628906e-03,-3.063440322875976562e-03,-1.697456836700439453e-02
1.117825508117675781e-03,-3.089427947998046875e-03,-1.685343682765960693e-02
1.099109649658203125e-03,-3.109693527221679688e-03,-1.671946048736572266e-02
