-1.546072959899902344e-02,1.656317710876464844e-02,4.877725243568420410e-02
-1.646065711975097656e-02,1.756322383880615234e-02,4.977726936340332031e-02
-1.715612411499023438e-02,1.852512359619140625e-02,5.077150464057922363e-02
-1.767110824584960938e-02,1.917481422424316406e-02,5.166217684745788574e-02
-1.756930351257324219e-02,1.994681358337402344e-02,5.255270004272460938e-02
-1.741528511047363281e-02,2.078342437744140625e-02,5.340549349784851074e-02
-1.699995994567871094e-02,2.135980129241943359e-02,5.389037728309631348e-02
-1.665401458740234375e-02,2.194023132324218750e-02,5.439716577529907227e-02
-1.626324653625488281e-02,2.252864837646484375e-02,5.485066771507263184e-02
-1.577806472778320312e-02,2.312421798706054688e-02,5.499839782714843750e-02
-1.538300514221191406e-02,2.359163761138916016e-02,5.489772558212280273e-02
-1.500678062438964844e-02,2.399265766143798828e-02,5.468091368675231934e-02
-1.459670066833496094e-02,2.430629730224609375e-02,5.435964465141296387e-02
-1.408624649047851562e-02,2.453482151031494141e-02,5.397182703018188477e-02
-1.356840133666992188e-02,2.455854415893554688e-02,5.372184514999389648e-02
-1.342177391052246094e-02,2.448952198028564453e-02,5.342543125152587891e-02
-1.330614089965820312e-02,2.447402477264404297e-02,5.317586660385131836e-02
-1.325464248657226562e-02,2.453064918518066406e-02,5.311697721481323242e-02
-1.332902908325195312e-02,2.460837364196777344e-02,5.323544144630432129e-02
-1.348876953125000000e-02,2.457916736602783203e-02,5.343189835548400879e-02
-1.351070404052734375e-02,2.449917793273925781e-02,5.362233519554138184e-02
-1.340460777282714844e-02,2.443814277648925781e-02,5.382651090621948242e-02
-1.322603225708007812e-02,2.432036399841308594e-02,5.400389432907104492e-02
-1.334595680236816406e-02,2.425777912139892578e-02,5.418026447296142578e-02
-1.364278793334960938e-02,2.427220344543457031e-02,5.446264147758483887e-02
-1.377391815185546875e-02,2.435982227325439453e-02,5.480107665061950684e-02
-1.377177238464355469e-02,2.446317672729492188e-02,5.526396632194519043e-02
-1.361608505249023438e-02,2.451372146606445312e-02,5.569872260093688965e-02
-1.361846923828125000e-02,2.462983131408691406e-02,5.618885159492492676e-02
-1.352167129516601562e-02,2.471494674682617188e-02,5.673414468765258789e-02
-1.347541809082031250e-02,2.481329441070556641e-02,5.715471506118774414e-02
-1.331567764282226562e-02,2.476406097412109375e-02,5.750995874404907227e-02
-1.303720474243164062e-02,2.466237545013427734e-02,5.770662426948547363e-02
-1.278352737426757812e-02,2.463877201080322266e-02,5.793124437332153320e-02
-1.237607002258300781e-02,2.450728416442871094e-02,5.808159708976745605e-02
-1.207661628723144531e-02,2.451729774475097656e-02,5.828121304512023926e-02
-1.186275482177734375e-02,2.447021007537841797e-02,5.823653936386108398e-02
-1.164627075195312500e-02,2.427685260772705078e-02,5.826035141944885254e-02
-1.142668724060058594e-02,2.404367923736572266e-02,5.831274390220642090e-02
-1.119804382324218750e-02,2.387011051177978516e-02,5.854681134223937988e-02
-1.082921028137207031e-02,2.367961406707763672e-02,5.865591764450073242e-02
-1.045727729797363281e-02,2.354454994201660156e-02,5.862435698509216309e-02
-9.922027587890625000e-03,2.329957485198974609e-02,5.843749642372131348e-02
-9.361743927001953125e-03,2.306663990020751953e-02,5.820736289024353027e-02
-8.852720260620117188e-03,2.287256717681884766e-02,5.797073245048522949e-02
-8.311271667480468750e-03,2.282798290252685547e-02,5.778881907463073730e-02
-7.763862609863281250e-03,2.280867099761962891e-02,5.771943926811218262e-02
-7.394075393676757812e-03,2.273464202880859375e-02,5.756697058677673340e-02
-7.092237472534179688e-03,2.269399166107177734e-02,5.748382210731506348e-02
-6.895780563354492188e-03,2.276170253753662109e-02,5.756416916847229004e-02
-6.694316864013671875e-03,2.275335788726806641e-02,5.769389867782592773e-02
-6.529569625854492188e-03,2.292406558990478516e-02,5.788901448249816895e-02
-6.277561187744140625e-03,2.306890487670898438e-02,5.814525485038757324e-02
-6.103515625000000000e-03,2.325749397277832031e-02,5.849391222000122070e-02
-5.910396575927734375e-03,2.330803871154785156e-02,5.889570713043212891e-02
-5.665540695190429688e-03,2.323377132415771484e-02,5.916911363601684570e-02
-5.407810211181640625e-03,2.321350574493408203e-02,5.940374732017517090e-02
-5.280733108520507812e-03,2.303719520568847656e-02,5.953374505043029785e-02
-5.030870437622070312e-03,2.280521392822265625e-02,5.977740883827209473e-02
-4.735946655273437500e-03,2.252435684204101562e-02,6.001976132392883301e-02
-4.124879837036132812e-03,2.224981784820556641e-02,6.025099754333496094e-02
-3.509521484375000000e-03,2.202117443084716797e-02,6.051501631736755371e-02
-2.905130386352539062e-03,2.195179462432861328e-02,6.073257327079772949e-02
-2.348661422729492188e-03,2.187705039978027344e-02,6.081011891365051270e-02
-1.914739608764648438e-03,2.190446853637695312e-02,6.103569269180297852e-02
-1.517534255981445312e-03,2.185642719268798828e-02,6.117632985115051270e-02
-1.153707504272460938e-03,2.176213264465332031e-02,6.138211488723754883e-02
-7.588863372802734375e-04,2.162587642669677734e-02,6.158134341239929199e-02
-2.446174621582031250e-04,2.155005931854248047e-02,6.174707412719726562e-02
2.355575561523437500e-04,2.149951457977294922e-02,6.186452507972717285e-02
7.193088531494140625e-04,2.145278453826904297e-02,6.192544102668762207e-02
1.240253448486328125e-03,2.140724658966064453e-02,6.207367777824401855e-02
1.737833023071289062e-03,2.133381366729736328e-02,6.221434473991394043e-02
2.213478088378906250e-03,2.110958099365234375e-02,6.242531538009643555e-02
2.616167068481445312e-03,2.100408077239990234e-02,6.267458200454711914e-02
2.953767776489257812e-03,2.096104621887207031e-02,6.293696165084838867e-02
3.276824951171875000e-03,2.096831798553466797e-02,6.312039494514465332e-02
3.553390502929687500e-03,2.096486091613769531e-02,6.337732076644897461e-02
3.713846206665039062e-03,2.092385292053222656e-02,6.368452310562133789e-02
3.802299499511718750e-03,2.082908153533935547e-02,6.400960683822631836e-02
3.878355026245117188e-03,2.084672451019287109e-02,6.439778208732604980e-02
4.047632217407226562e-03,2.079832553863525391e-02,6.469115614891052246e-02
4.103660583496093750e-03,2.076745033264160156e-02,6.497672200202941895e-02
4.287719726562500000e-03,2.061665058135986328e-02,6.511208415031433105e-02
4.467487335205078125e-03,2.041804790496826172e-02,6.511825323104858398e-02
4.715681076049804688e-03,2.003979682922363281e-02,6.501156091690063477e-02
4.939794540405273438e-03,1.937365531921386719e-02,6.481748819351196289e-02
5.121469497680664062e-03,1.867544651031494141e-02,6.467619538307189941e-02
5.326986312866210938e-03,1.806330680847167969e-02,6.458944082260131836e-02
5.495786666870117188e-03,1.750397682189941406e-02,6.458494067192077637e-02
5.666971206665039062e-03,1.699614524841308594e-02,6.470954418182373047e-02
5.739450454711914062e-03,1.653444766998291016e-02,6.494319438934326172e-02
5.543947219848632812e-03,1.614344120025634766e-02,6.548839807510375977e-02
5.232334136962890625e-03,1.575660705566406250e-02,6.607174873352050781e-02
5.086183547973632812e-03,1.526808738708496094e-02,6.648045778274536133e-02
4.930734634399414062e-03,1.484072208404541016e-02,6.685078144073486328e-02
4.877090454101562500e-03,1.450037956237792969e-02,6.704792380332946777e-02
4.871368408203125000e-03,1.423490047454833984e-02,6.724560260772705078e-02
4.997968673706054688e-03,1.388025283813476562e-02,6.721791625022888184e-02
5.173444747924804688e-03,1.358938217163085938e-02,6.715747714042663574e-02
5.459547042846679688e-03,1.337826251983642578e-02,6.706827878952026367e-02
5.640983581542968750e-03,1.333701610565185547e-02,6.702548265457153320e-02
5.766868591308593750e-03,1.341748237609863281e-02,6.700095534324645996e-02
5.857706069946289062e-03,1.380395889282226562e-02,6.700834631919860840e-02
6.163835525512695312e-03,1.417183876037597656e-02,6.708350777626037598e-02
6.420373916625976562e-03,1.460421085357666016e-02,6.725925207138061523e-02
6.764650344848632812e-03,1.502335071563720703e-02,6.757664680480957031e-02
7.101058959960937500e-03,1.532113552093505859e-02,6.792956590652465820e-02
7.365465164184570312e-03,1.559305191040039062e-02,6.824213266372680664e-02
7.507085800170898438e-03,1.583874225616455078e-02,6.851997971534729004e-02
7.645845413208007812e-03,1.600921154022216797e-02,6.877639889717102051e-02
7.717370986938476562e-03,1.622068881988525391e-02,6.914827227592468262e-02
7.929325103759765625e-03,1.624047756195068359e-02,6.939631700515747070e-02
8.037090301513671875e-03,1.632630825042724609e-02,6.960767507553100586e-02
8.122444152832031250e-03,1.634585857391357422e-02,6.974637508392333984e-02
8.193016052246093750e-03,1.631259918212890625e-02,6.989169120788574219e-02
8.227586746215820312e-03,1.629877090454101562e-02,7.003441452980041504e-02
7.995367050170898438e-03,1.631271839141845703e-02,6.995496153831481934e-02
7.745265960693359375e-03,1.630771160125732422e-02,6.985881924629211426e-02
7.560968399047851562e-03,1.631724834442138672e-02,6.981232762336730957e-02
7.321834564208984375e-03,1.632666587829589844e-02,6.986159086227416992e-02
7.004499435424804688e-03,1.638495922088623047e-02,6.993037462234497070e-02
6.711006164550781250e-03,1.639235019683837891e-02,7.010689377784729004e-02
6.493568420410156250e-03,1.644885540008544922e-02,7.020395994186401367e-02
6.147146224975585938e-03,1.653730869293212891e-02,7.041293382644653320e-02
5.827188491821289062e-03,1.660954952239990234e-02,7.068639993667602539e-02
5.583763122558593750e-03,1.663517951965332031e-02,7.097521424293518066e-02
5.327701568603515625e-03,1.657962799072265625e-02,7.120987772941589355e-02
5.115985870361328125e-03,1.630592346191406250e-02,7.165938615798950195e-02
4.928827285766601562e-03,1.600050926208496094e-02,7.198941707611083984e-02
4.598617553710937500e-03,1.579523086547851562e-02,7.232564687728881836e-02
4.229784011840820312e-03,1.551127433776855469e-02,7.260322570800781250e-02
3.900051116943359375e-03,1.528465747833251953e-02,7.287934422492980957e-02
3.561019897460937500e-03,1.503157615661621094e-02,7.304444909095764160e-02
3.234386444091796875e-03,1.476645469665527344e-02,7.320261001586914062e-02
2.922296524047851562e-03,1.457917690277099609e-02,7.325541973114013672e-02
2.592563629150390625e-03,1.438260078430175781e-02,7.339155673980712891e-02
2.275466918945312500e-03,1.425433158874511719e-02,7.350406050682067871e-02
1.912117004394531250e-03,1.414179801940917969e-02,7.359853386878967285e-02
1.577138900756835938e-03,1.408708095550537109e-02,7.373672723770141602e-02
1.226663589477539062e-03,1.404988765716552734e-02,7.385396957397460938e-02
9.400844573974609375e-04,1.391005516052246094e-02,7.388553023338317871e-02
6.246566772460937500e-04,1.367223262786865234e-02,7.394397258758544922e-02
3.442764282226562500e-04,1.331841945648193359e-02,7.398712635040283203e-02
9.918212890625000000e-05,1.297140121459960938e-02,7.391586899757385254e-02
-6.914138793945312500e-05,1.262664794921875000e-02,7.382908463478088379e-02
-2.665519714355468750e-04,1.241147518157958984e-02,7.385581731796264648e-02
-4.980564117431640625e-04,1.226556301116943359e-02,7.389315962791442871e-02
-7.572174072265625000e-04,1.219904422760009766e-02,7.399296760559082031e-02
-9.834766387939453125e-04,1.214313507080078125e-02,7.403030991554260254e-02
-1.315832138061523438e-03,1.200568675994873047e-02,7.405984401702880859e-02
-1.655817031860351562e-03,1.187336444854736328e-02,7.409420609474182129e-02
-1.812934875488281250e-03,1.177382469177246094e-02,7.409796118736267090e-02
-1.779079437255859375e-03,1.174199581146240234e-02,7.397368550300598145e-02
-1.664876937866210938e-03,1.171970367431640625e-02,7.370048761367797852e-02
-1.445055007934570312e-03,1.168346405029296875e-02,7.342958450317382812e-02
-1.138448715209960938e-03,1.156365871429443359e-02,7.312536239624023438e-02
-8.175373077392578125e-04,1.153767108917236328e-02,7.274606823921203613e-02
-5.073547363281250000e-04,1.164901256561279297e-02,7.246387004852294922e-02
-2.958774566650390625e-04,1.178431510925292969e-02,7.233121991157531738e-02
-1.564025878906250000e-04,1.205694675445556641e-02,7.226556539535522461e-02
-2.861022949218750000e-06,1.233661174774169922e-02,7.216909527778625488e-02
1.382827758789062500e-04,1.262760162353515625e-02,7.219156622886657715e-02
2.145767211914062500e-04,1.284456253051757812e-02,7.219901680946350098e-02
2.958774566650390625e-04,1.305460929870605469e-02,7.203900814056396484e-02
3.414154052734375000e-04,1.328277587890625000e-02,7.186904549598693848e-02
4.549026489257812500e-04,1.343989372253417969e-02,7.171586155891418457e-02
6.070137023925781250e-04,1.351034641265869141e-02,7.154247164726257324e-02
8.347034454345703125e-04,1.355516910552978516e-02,7.141545414924621582e-02
1.104354858398437500e-03,1.356172561645507812e-02,7.135751843452453613e-02
1.443147659301757812e-03,1.354050636291503906e-02,7.123243808746337891e-02
1.726627349853515625e-03,1.356673240661621094e-02,7.107937335968017578e-02
1.965522766113281250e-03,1.354014873504638672e-02,7.101467251777648926e-02
2.200126647949218750e-03,1.353526115417480469e-02,7.088714838027954102e-02
2.557992935180664062e-03,1.360285282135009766e-02,7.078665494918823242e-02
2.920150756835937500e-03,1.369404792785644531e-02,7.077464461326599121e-02
3.272533416748046875e-03,1.375412940979003906e-02,7.080364227294921875e-02
3.551006317138671875e-03,1.380550861358642578e-02,7.092607021331787109e-02
3.630638122558593750e-03,1.383149623870849609e-02,7.125249505043029785e-02
3.684043884277343750e-03,1.396453380584716797e-02,7.157728075981140137e-02
3.546714782714843750e-03,1.401078701019287109e-02,7.191163301467895508e-02
3.413677215576171875e-03,1.395189762115478516e-02,7.225671410560607910e-02
3.268957138061523438e-03,1.388883590698242188e-02,7.252356410026550293e-02
3.207206726074218750e-03,1.375865936279296875e-02,7.262971997261047363e-02
3.116607666015625000e-03,1.350653171539306641e-02,7.266312837600708008e-02
3.090858459472656250e-03,1.324629783630371094e-02,7.264956831932067871e-02
3.123283386230468750e-03,1.298713684082031250e-02,7.264214754104614258e-02
3.187894821166992188e-03,1.272058486938476562e-02,7.265010476112365723e-02
3.242731094360351562e-03,1.244187355041503906e-02,7.276207208633422852e-02
3.241777420043945312e-03,1.223361492156982422e-02,7.307124137878417969e-02
3.238677978515625000e-03,1.222884654998779297e-02,7.340064644813537598e-02
3.267288208007812500e-03,1.225483417510986328e-02,7.370021939277648926e-02
3.279685974121093750e-03,1.227486133575439453e-02,7.405290007591247559e-02
3.269672393798828125e-03,1.227986812591552734e-02,7.448002696037292480e-02
3.255128860473632812e-03,1.229083538055419922e-02,7.489183545112609863e-02
3.253698348999023438e-03,1.223444938659667969e-02,7.522180676460266113e-02
3.192663192749023438e-03,1.225554943084716797e-02,7.546612620353698730e-02
3.157138824462890625e-03,1.220405101776123047e-02,7.548329234123229980e-02
3.146648406982421875e-03,1.203215122222900391e-02,7.544907927513122559e-02
3.159523010253906250e-03,1.185953617095947266e-02,7.535591721534729004e-02
3.169775009155273438e-03,1.177465915679931641e-02,7.523256540298461914e-02
3.136873245239257812e-03,1.169812679290771484e-02,7.504156231880187988e-02
3.050565719604492188e-03,1.178503036499023438e-02,7.485964894294738770e-02
2.992153167724609375e-03,1.184189319610595703e-02,7.479742169380187988e-02
2.809762954711914062e-03,1.192164421081542969e-02,7.486155629158020020e-02
2.570629119873046875e-03,1.204037666320800781e-02,7.502347230911254883e-02
2.308845520019531250e-03,1.224005222320556641e-02,7.525968551635742188e-02
2.008676528930664062e-03,1.242804527282714844e-02,7.544609904289245605e-02
1.641273498535156250e-03,1.255643367767333984e-02,7.558840513229370117e-02
1.332759857177734375e-03,1.257491111755371094e-02,7.561054825782775879e-02
1.059532165527343750e-03,1.262712478637695312e-02,7.555350661277770996e-02
7.195472717285156250e-04,1.278555393218994141e-02,7.556226849555969238e-02
4.267692565917968750e-04,1.288270950317382812e-02,7.548937201499938965e-02
1.680850982666015625e-04,1.298952102661132812e-02,7.537192106246948242e-02
-2.555847167968750000e-04,1.324880123138427734e-02,7.524281740188598633e-02
-6.830692291259765625e-04,1.355814933776855469e-02,7.521176338195800781e-02
-1.042842864990234375e-03,1.383566856384277344e-02,7.517170906066894531e-02
-1.371145248413085938e-03,1.408398151397705078e-02,7.510465383529663086e-02
-1.648426055908203125e-03,1.421165466308593750e-02,7.507163286209106445e-02
-1.899480819702148438e-03,1.431167125701904297e-02,7.495015859603881836e-02
-2.260923385620117188e-03,1.435077190399169922e-02,7.489055395126342773e-02
-2.683639526367187500e-03,1.428973674774169922e-02,7.484185695648193359e-02
-3.026247024536132812e-03,1.415419578552246094e-02,7.477161288261413574e-02
-3.399610519409179688e-03,1.406681537628173828e-02,7.473760843276977539e-02
-3.764390945434570312e-03,1.402044296264648438e-02,7.467535138130187988e-02
-4.112720489501953125e-03,1.395297050476074219e-02,7.478827238082885742e-02
-4.446506500244140625e-03,1.390397548675537109e-02,7.508957386016845703e-02
-4.843235015869140625e-03,1.387977600097656250e-02,7.547095417976379395e-02
-5.158424377441406250e-03,1.380753517150878906e-02,7.587346434593200684e-02
-5.419015884399414062e-03,1.370131969451904297e-02,7.622680068016052246e-02
-5.650043487548828125e-03,1.364839076995849609e-02,7.650515437126159668e-02
-5.874633789062500000e-03,1.360952854156494141e-02,7.661652565002441406e-02
-6.107330322265625000e-03,1.349461078643798828e-02,7.664486765861511230e-02
-6.202459335327148438e-03,1.342511177062988281e-02,7.660576701164245605e-02
-6.112813949584960938e-03,1.334047317504882812e-02,7.643559575080871582e-02
-5.941629409790039062e-03,1.314699649810791016e-02,7.627007365226745605e-02
-5.772113800048828125e-03,1.296699047088623047e-02,7.600662112236022949e-02
-5.689382553100585938e-03,1.287078857421875000e-02,7.586061954498291016e-02
-5.594015121459960938e-03,1.281201839447021484e-02,7.573121786117553711e-02
-5.466222763061523438e-03,1.280891895294189453e-02,7.568201422691345215e-02
-5.378484725952148438e-03,1.288723945617675781e-02,7.567352056503295898e-02
-5.225896835327148438e-03,1.303255558013916016e-02,7.569327950477600098e-02
-5.099773406982421875e-03,1.312994956970214844e-02,7.573193311691284180e-02
-4.932165145874023438e-03,1.327908039093017578e-02,7.581272721290588379e-02
-4.777908325195312500e-03,1.343667507171630859e-02,7.581749558448791504e-02
-4.544973373413085938e-03,1.362299919128417969e-02,7.579040527343750000e-02
-4.303216934204101562e-03,1.369798183441162109e-02,7.565274834632873535e-02
-4.109859466552734375e-03,1.367807388305664062e-02,7.543191313743591309e-02
-3.909349441528320312e-03,1.372551918029785156e-02,7.518893480300903320e-02
-3.676176071166992188e-03,1.370501518249511719e-02,7.500252127647399902e-02
-3.498554229736328125e-03,1.360404491424560547e-02,7.476428151130676270e-02
-3.329277038574218750e-03,1.346600055694580078e-02,7.443106174468994141e-02
-3.253459930419921875e-03,1.337337493896484375e-02,7.416239380836486816e-02
-3.176450729370117188e-03,1.332104206085205078e-02,7.391998171806335449e-02
-3.135442733764648438e-03,1.331913471221923828e-02,7.369095087051391602e-02
-3.173589706420898438e-03,1.329100131988525391e-02,7.363641262054443359e-02
-3.316402435302734375e-03,1.328444480895996094e-02,7.380309700965881348e-02
-3.435134887695312500e-03,1.324093341827392578e-02,7.397159934043884277e-02
-3.460884094238281250e-03,1.318597793579101562e-02,7.408607006072998047e-02
-3.552198410034179688e-03,1.310706138610839844e-02,7.420003414154052734e-02
-3.647565841674804688e-03,1.297056674957275391e-02,7.423210144042968750e-02
-3.639936447143554688e-03,1.289725303649902344e-02,7.426601648330688477e-02
-3.616809844970703125e-03,1.286828517913818359e-02,7.431030273437500000e-02
-3.663539886474609375e-03,1.280725002288818359e-02,7.431572675704956055e-02
-3.708839416503906250e-03,1.272475719451904297e-02,7.446005940437316895e-02
-3.800630569458007812e-03,1.269960403442382812e-02,7.464417815208435059e-02
-4.031419754028320312e-03,1.266789436340332031e-02,7.484048604965209961e-02
-4.216909408569335938e-03,1.267719268798828125e-02,7.509744167327880859e-02
-4.369497299194335938e-03,1.276147365570068359e-02,7.537275552749633789e-02
-4.495620727539062500e-03,1.300942897796630859e-02,7.557383179664611816e-02
-4.696607589721679688e-03,1.324462890625000000e-02,7.568019628524780273e-02
-4.909515380859375000e-03,1.346743106842041016e-02,7.584413886070251465e-02
-5.115509033203125000e-03,1.376426219940185547e-02,7.601377367973327637e-02
-5.366802215576171875e-03,1.412296295166015625e-02,7.618772983551025391e-02
-5.625247955322265625e-03,1.443707942962646484e-02,7.630267739295959473e-02
-5.934476852416992188e-03,1.466107368469238281e-02,7.640585303306579590e-02
-6.283760070800781250e-03,1.481997966766357422e-02,7.646420598030090332e-02
-6.701946258544921875e-03,1.501488685607910156e-02,7.666572928428649902e-02
-7.063150405883789062e-03,1.515090465545654297e-02,7.681205868721008301e-02
-7.314920425415039062e-03,1.518976688385009766e-02,7.695847749710083008e-02
-7.611751556396484375e-03,1.525652408599853516e-02,7.711476087570190430e-02
-7.887363433837890625e-03,1.533544063568115234e-02,7.729551196098327637e-02
-8.089780807495117188e-03,1.539826393127441406e-02,7.764714956283569336e-02
-8.251428604125976562e-03,1.543366909027099609e-02,7.802399992942810059e-02
-8.392810821533203125e-03,1.541066169738769531e-02,7.831048965454101562e-02
-8.405923843383789062e-03,1.523613929748535156e-02,7.851535081863403320e-02
-8.436441421508789062e-03,1.508426666259765625e-02,7.860109210014343262e-02
-7.578372955322265625e-03,1.501071453094482422e-02,7.859316468238830566e-02
-6.822586059570312500e-03,1.493656635284423828e-02,7.857161760330200195e-02
-6.105422973632812500e-03,1.471710205078125000e-02,7.852640748023986816e-02
-5.431175231933593750e-03,1.453411579132080078e-02,7.840114831924438477e-02
-4.835367202758789062e-03,1.437520980834960938e-02,7.827931642532348633e-02
-4.340648651123046875e-03,1.433873176574707031e-02,7.841953635215759277e-02
-3.834486007690429688e-03,1.436507701873779297e-02,7.861644029617309570e-02
-3.435850143432617188e-03,1.453423500061035156e-02,7.890030741691589355e-02
-3.084659576416015625e-03,1.477110385894775391e-02,7.931727170944213867e-02
-2.786874771118164062e-03,1.497185230255126953e-02,7.975879311561584473e-02
-2.533674240112304688e-03,1.519656181335449219e-02,8.014664053916931152e-02
-2.279996871948242188e-03,1.535081863403320312e-02,8.031919598579406738e-02
-2.046346664428710938e-03,1.536417007446289062e-02,8.036726713180541992e-02
-1.777887344360351562e-03,1.529300212860107422e-02,8.032548427581787109e-02
-1.520156860351562500e-03,1.511347293853759766e-02,8.020815253257751465e-02
-1.286506652832031250e-03,1.499843597412109375e-02,8.002507686614990234e-02
-1.061439514160156250e-03,1.491820812225341797e-02,7.983520627021789551e-02
-8.890628814697265625e-04,1.493406295776367188e-02,7.968169450759887695e-02
-8.077621459960937500e-04,1.502454280853271484e-02,7.934355735778808594e-02
-8.018016815185546875e-04,1.503884792327880859e-02,7.913741469383239746e-02
-8.182525634765625000e-04,1.511394977569580078e-02,7.901892066001892090e-02
-1.045942306518554688e-03,1.529765129089355469e-02,7.905921339988708496e-02
-1.382589340209960938e-03,1.549971103668212891e-02,7.922124862670898438e-02
-1.758337020874023438e-03,1.563179492950439453e-02,7.943749427795410156e-02
-2.130031585693359375e-03,1.570212841033935547e-02,7.962068915367126465e-02
-2.526283264160156250e-03,1.580941677093505859e-02,7.987198233604431152e-02
-2.967119216918945312e-03,1.597011089324951172e-02,8.017352223396301270e-02
-3.328323364257812500e-03,1.606214046478271484e-02,8.041405677795410156e-02
-3.624200820922851562e-03,1.603353023529052734e-02,8.052635192871093750e-02
-3.828525543212890625e-03,1.594758033752441406e-02,8.054435253143310547e-02
-3.992319107055664062e-03,1.577019691467285156e-02,8.046597242355346680e-02
-4.143953323364257812e-03,1.558208465576171875e-02,8.035582304000854492e-02
-4.282712936401367188e-03,1.540493965148925781e-02,8.020254969596862793e-02
-4.513502120971679688e-03,1.524150371551513672e-02,8.009740710258483887e-02
-4.733562469482421875e-03,1.510393619537353516e-02,8.013612031936645508e-02
-4.976272583007812500e-03,1.500248908996582031e-02,8.029982447624206543e-02
-5.262613296508789062e-03,1.491439342498779297e-02,8.055183291435241699e-02
-5.547285079956054688e-03,1.489293575286865234e-02,8.088067173957824707e-02
-5.837917327880859375e-03,1.490509510040283203e-02,8.124440908432006836e-02
-6.042480468750000000e-03,1.490688323974609375e-02,8.159959316253662109e-02
-6.243228912353515625e-03,1.496183872222900391e-02,8.191803097724914551e-02
-6.422281265258789062e-03,1.504075527191162109e-02,8.220648765563964844e-02
-6.580114364624023438e-03,1.506626605987548828e-02,8.239835500717163086e-02
-6.754398345947265625e-03,1.504981517791748047e-02,8.249247074127197266e-02
-6.936788558959960938e-03,1.499629020690917969e-02,8.253338932991027832e-02
-7.086277008056640625e-03,1.494824886322021484e-02,8.256071805953979492e-02
-7.224798202514648438e-03,1.490437984466552734e-02,8.254867792129516602e-02
-7.274627685546875000e-03,1.475071907043457031e-02,8.250603079795837402e-02
-7.244586944580078125e-03,1.448881626129150391e-02,8.238556981086730957e-02
-7.129430770874023438e-03,1.434743404388427734e-02,8.223792910575866699e-02
-7.025241851806640625e-03,1.424443721771240234e-02,8.206337690353393555e-02
-6.940841674804687500e-03,1.422476768493652344e-02,8.193752169609069824e-02
-6.857872009277343750e-03,1.393449306488037109e-02,8.177861571311950684e-02
-6.810665130615234375e-03,1.367223262786865234e-02,8.167207241058349609e-02
-6.830930709838867188e-03,1.340138912200927734e-02,8.163872361183166504e-02
-6.841897964477539062e-03,1.333320140838623047e-02,8.157575130462646484e-02
-6.776809692382812500e-03,1.324939727783203125e-02,8.155250549316406250e-02
-6.716251373291015625e-03,1.322972774505615234e-02,8.161973953247070312e-02
-6.746053695678710938e-03,1.329398155212402344e-02,8.185586333274841309e-02
-6.784915924072265625e-03,1.331245899200439453e-02,8.210700750350952148e-02
-6.890773773193359375e-03,1.325309276580810547e-02,8.229893445968627930e-02
-6.998777389526367188e-03,1.320576667785644531e-02,8.248323202133178711e-02
-7.089614868164062500e-03,1.323163509368896484e-02,8.268019556999206543e-02
-7.204055786132812500e-03,1.321661472320556641e-02,8.286806941032409668e-02
-7.321357727050781250e-03,1.314187049865722656e-02,8.298113942146301270e-02
-7.367610931396484375e-03,1.307225227355957031e-02,8.301502466201782227e-02
-7.362365722656250000e-03,1.282942295074462891e-02,8.298709988594055176e-02
-7.337808609008789062e-03,1.264369487762451172e-02,8.287242054939270020e-02
-7.296562194824218750e-03,1.248466968536376953e-02,8.281189203262329102e-02
-7.262706756591796875e-03,1.233947277069091797e-02,8.274963498115539551e-02
-7.277011871337890625e-03,1.218962669372558594e-02,8.279314637184143066e-02
-7.255792617797851562e-03,1.206326484680175781e-02,8.283221721649169922e-02
-7.254600524902343750e-03,1.199519634246826172e-02,8.294939994812011719e-02
-7.268428802490234375e-03,1.198601722717285156e-02,8.311951160430908203e-02
-7.333755493164062500e-03,1.206743717193603516e-02,8.336275815963745117e-02
-7.387399673461914062e-03,1.217520236968994141e-02,8.359432220458984375e-02
-7.442235946655273438e-03,1.260221004486083984e-02,8.387729525566101074e-02
-7.504224777221679688e-03,1.309275627136230469e-02,8.414083719253540039e-02
-7.534027099609375000e-03,1.348221302032470703e-02,8.434996008872985840e-02
-7.503747940063476562e-03,1.384687423706054688e-02,8.448773622512817383e-02
-7.507085800170898438e-03,1.407802104949951172e-02,8.455124497413635254e-02
-7.504463195800781250e-03,1.415920257568359375e-02,8.452135324478149414e-02
-7.525920867919921875e-03,1.426494121551513672e-02,8.441582322120666504e-02
-7.573604583740234375e-03,1.440274715423583984e-02,8.436733484268188477e-02
-7.668733596801757812e-03,1.450002193450927734e-02,8.434185385704040527e-02
-7.785558700561523438e-03,1.465058326721191406e-02,8.441627025604248047e-02
-7.937431335449218750e-03,1.484239101409912109e-02,8.458665013313293457e-02
-8.122444152832031250e-03,1.500415802001953125e-02,8.483755588531494141e-02
-8.267641067504882812e-03,1.509308815002441406e-02,8.511209487915039062e-02
-8.412599563598632812e-03,1.512157917022705078e-02,8.536309003829956055e-02
-8.572578430175781250e-03,1.508772373199462891e-02,8.558961749076843262e-02
-8.635044097900390625e-03,1.498389244079589844e-02,8.576688170433044434e-02
-8.668661117553710938e-03,1.480329036712646484e-02,8.594265580177307129e-02
-8.703470230102539062e-03,1.458787918090820312e-02,8.608970046043395996e-02
-8.653402328491210938e-03,1.437461376190185547e-02,8.621659874916076660e-02
-8.577346801757812500e-03,1.422524452209472656e-02,8.633947372436523438e-02
-8.494377136230468750e-03,1.412129402160644531e-02,8.646246790885925293e-02
-8.437156677246093750e-03,1.417088508605957031e-02,8.661717176437377930e-02
-8.375406265258789062e-03,1.424622535705566406e-02,8.678102493286132812e-02
-8.352756500244140625e-03,1.430928707122802734e-02,8.696696162223815918e-02
-8.324384689331054688e-03,1.445317268371582031e-02,8.711612224578857422e-02
-8.307933807373046875e-03,1.469922065734863281e-02,8.728045225143432617e-02
-8.322238922119140625e-03,1.494276523590087891e-02,8.742186427116394043e-02
-8.313179016113281250e-03,1.516008377075195312e-02,8.756738901138305664e-02
-8.295297622680664062e-03,1.530194282531738281e-02,8.764424920082092285e-02
-8.297920227050781250e-03,1.535201072692871094e-02,8.763626217842102051e-02
-8.259296417236328125e-03,1.537692546844482422e-02,8.758813142776489258e-02
-8.212327957153320312e-03,1.529073715209960938e-02,8.744800090789794922e-02
-8.091926574707031250e-03,1.517570018768310547e-02,8.724665641784667969e-02
-7.925271987915039062e-03,1.499605178833007812e-02,8.701691031455993652e-02
-7.762432098388671875e-03,1.477909088134765625e-02,8.666887879371643066e-02
-7.661581039428710938e-03,1.454806327819824219e-02,8.638277649879455566e-02
-7.623910903930664062e-03,1.441442966461181641e-02,8.622434735298156738e-02
-7.696390151977539062e-03,1.440632343292236328e-02,8.621442317962646484e-02
-7.728815078735351562e-03,1.433765888214111328e-02,8.626392483711242676e-02
-7.740736007690429688e-03,1.428818702697753906e-02,8.634042739868164062e-02
-7.796287536621093750e-03,1.418936252593994141e-02,8.643591403961181641e-02
-7.890462875366210938e-03,1.410388946533203125e-02,8.655318617820739746e-02
-7.884263992309570312e-03,1.383852958679199219e-02,8.661139011383056641e-02
-7.891178131103515625e-03,1.337027549743652344e-02,8.659309148788452148e-02
-7.900476455688476562e-03,1.293349266052246094e-02,8.654677867889404297e-02
-7.897615432739257812e-03,1.258289813995361328e-02,8.655235171318054199e-02
-7.888793945312500000e-03,1.218092441558837891e-02,8.652210235595703125e-02
-7.846355438232421875e-03,1.183474063873291016e-02,8.658510446548461914e-02
-7.847785949707031250e-03,1.154983043670654297e-02,8.668524026870727539e-02
-7.808208465576171875e-03,1.135373115539550781e-02,8.679080009460449219e-02
-7.807493209838867188e-03,1.115512847900390625e-02,8.692970871925354004e-02
-7.779836654663085938e-03,1.096224784851074219e-02,8.703517913818359375e-02
-7.741451263427734375e-03,1.087987422943115234e-02,8.717635273933410645e-02
-7.694482803344726562e-03,1.082134246826171875e-02,8.732026815414428711e-02
-7.628679275512695312e-03,1.080358028411865234e-02,8.738979697227478027e-02
-7.517337799072265625e-03,1.077091693878173828e-02,8.744585514068603516e-02
-7.386684417724609375e-03,1.080942153930664062e-02,8.754155039787292480e-02
-7.233858108520507812e-03,1.089906692504882812e-02,8.763337135314941406e-02
-7.010459899902343750e-03,1.095902919769287109e-02,8.766117691993713379e-02
-6.800889968872070312e-03,1.104295253753662109e-02,8.760511875152587891e-02
-6.610155105590820312e-03,1.115226745605468750e-02,8.754649758338928223e-02
-6.443500518798828125e-03,1.122736930847167969e-02,8.746922016143798828e-02
-6.271839141845703125e-03,1.136398315429687500e-02,8.739462494850158691e-02
-6.211996078491210938e-03,1.153326034545898438e-02,8.733159303665161133e-02
-6.154537200927734375e-03,1.168751716613769531e-02,8.727392554283142090e-02
-6.081342697143554688e-03,1.180064678192138672e-02,8.730688691139221191e-02
-6.018638610839843750e-03,1.193988323211669922e-02,8.735117316246032715e-02
-5.982398986816406250e-03,1.205897331237792969e-02,8.740162849426269531e-02
-5.954742431640625000e-03,1.213073730468750000e-02,8.743026852607727051e-02
-5.913019180297851562e-03,1.218605041503906250e-02,8.740797638893127441e-02
-5.856275558471679688e-03,1.218628883361816406e-02,8.732193708419799805e-02
-5.877733230590820312e-03,1.211452484130859375e-02,8.722412586212158203e-02
-5.860567092895507812e-03,1.198601722717285156e-02,8.711388707160949707e-02
-5.842208862304687500e-03,1.181781291961669922e-02,8.701547980308532715e-02
-5.772113800048828125e-03,1.167869567871093750e-02,8.693817257881164551e-02
-5.711555480957031250e-03,1.163864135742187500e-02,8.683201670646667480e-02
-5.717039108276367188e-03,1.164889335632324219e-02,8.671078085899353027e-02
-5.709171295166015625e-03,1.160490512847900391e-02,8.660039305686950684e-02
-5.685091018676757812e-03,1.157617568969726562e-02,8.647137880325317383e-02
-5.753040313720703125e-03,1.151990890502929688e-02,8.628129959106445312e-02
-5.767583847045898438e-03,1.155436038970947266e-02,8.616602420806884766e-02
-5.794525146484375000e-03,1.159167289733886719e-02,8.606654405593872070e-02
-5.846977233886718750e-03,1.166975498199462891e-02,8.609604835510253906e-02
-5.974531173706054688e-03,1.178824901580810547e-02,8.612975478172302246e-02
-6.087303161621093750e-03,1.192295551300048828e-02,8.621960878372192383e-02
-6.167411804199218750e-03,1.206064224243164062e-02,8.628267049789428711e-02
-6.216287612915039062e-03,1.224493980407714844e-02,8.636054396629333496e-02
-6.209611892700195312e-03,1.246416568756103516e-02,8.641636371612548828e-02
-6.226539611816406250e-03,1.261305809020996094e-02,8.646541833877563477e-02
-6.245851516723632812e-03,1.275908946990966797e-02,8.647939562797546387e-02
-6.258487701416015625e-03,1.291275024414062500e-02,8.646225929260253906e-02
-6.241083145141601562e-03,1.303017139434814453e-02,8.641612529754638672e-02
-6.213188171386718750e-03,1.311838626861572266e-02,8.630332350730895996e-02
-6.224393844604492188e-03,1.319837570190429688e-02,8.616474270820617676e-02
-6.196737289428710938e-03,1.328384876251220703e-02,8.602097630500793457e-02
-6.197452545166015625e-03,1.335191726684570312e-02,8.592534065246582031e-02
-6.214141845703125000e-03,1.337206363677978516e-02,8.577063679695129395e-02
-6.390571594238281250e-03,1.351284980773925781e-02,8.560305833816528320e-02
-6.499528884887695312e-03,1.363039016723632812e-02,8.550721406936645508e-02
-6.664276123046875000e-03,1.379263401031494141e-02,8.550810813903808594e-02
-6.866931915283203125e-03,1.389181613922119141e-02,8.550158143043518066e-02
-6.990909576416015625e-03,1.397526264190673828e-02,8.555373549461364746e-02
-7.094144821166992188e-03,1.406645774841308594e-02,8.558544516563415527e-02
-7.207155227661132812e-03,1.413846015930175781e-02,8.569821715354919434e-02
-7.336139678955078125e-03,1.422810554504394531e-02,8.582133054733276367e-02
-7.453441619873046875e-03,1.427555084228515625e-02,8.596524596214294434e-02
-7.600069046020507812e-03,1.431810855865478516e-02,8.611851930618286133e-02
-7.804870605468750000e-03,1.443195343017578125e-02,8.634474873542785645e-02
-8.085966110229492188e-03,1.458179950714111328e-02,8.665522933006286621e-02
-8.442640304565429688e-03,1.480996608734130859e-02,8.713153004646301270e-02
-8.855342864990234375e-03,1.504242420196533203e-02,8.775863051414489746e-02
-9.281873703002929688e-03,1.527202129364013672e-02,8.843117952346801758e-02
-9.765863418579101562e-03,1.542901992797851562e-02,8.917948603630065918e-02
-1.024603843688964844e-02,1.560151576995849609e-02,9.004899859428405762e-02
-1.067757606506347656e-02,1.573491096496582031e-02,9.093329310417175293e-02
-1.100111007690429688e-02,1.568961143493652344e-02,9.182126820087432861e-02
-1.129913330078125000e-02,1.563394069671630859e-02,9.263092279434204102e-02
-1.158690452575683594e-02,1.551508903503417969e-02,9.333547949790954590e-02
-1.178622245788574219e-02,1.536262035369873047e-02,9.392929077148437500e-02
-1.192736625671386719e-02,1.509726047515869141e-02,9.434655308723449707e-02
-1.199650764465332031e-02,1.475989818572998047e-02,9.459795057773590088e-02
-1.204466819763183594e-02,1.428818702697753906e-02,9.476543962955474854e-02
-1.205372810363769531e-02,1.378107070922851562e-02,9.487289190292358398e-02
-1.199841499328613281e-02,1.329696178436279297e-02,9.485766291618347168e-02
-1.203131675720214844e-02,1.269710063934326172e-02,9.482964873313903809e-02
-1.203227043151855469e-02,1.235246658325195312e-02,9.482634067535400391e-02
-1.203989982604980469e-02,1.198041439056396484e-02,9.485632181167602539e-02
-1.197004318237304688e-02,1.156318187713623047e-02,9.489224851131439209e-02
-1.201915740966796875e-02,1.109015941619873047e-02,9.513680636882781982e-02
-1.215529441833496094e-02,1.075649261474609375e-02,9.548406302928924561e-02
-1.237487792968750000e-02,1.047086715698242188e-02,9.595723450183868408e-02
-1.264619827270507812e-02,1.021146774291992188e-02,9.654691815376281738e-02
-1.296758651733398438e-02,1.002860069274902344e-02,9.724211692810058594e-02
-1.325488090515136719e-02,9.943246841430664062e-03,9.797964990139007568e-02
-1.349663734436035156e-02,9.785413742065429688e-03,9.868793189525604248e-02
-1.373124122619628906e-02,9.641647338867187500e-03,9.936335682868957520e-02
-1.392769813537597656e-02,9.511709213256835938e-03,9.995445609092712402e-02
-1.392769813537597656e-02,9.511709213256835938e-03,9.995445609092712402e-02
-1.408743858337402344e-02,9.354948997497558594e-03,1.004735231399536133e-01
-1.410007476806640625e-02,9.098291397094726562e-03,1.008221507072448730e-01
-1.396131515502929688e-02,8.777976036071777344e-03,1.009721308946609497e-01
-1.380944252014160156e-02,8.412718772888183594e-03,1.009913533926010132e-01
-1.366162300109863281e-02,8.119225502014160156e-03,1.009562462568283081e-01
-1.355862617492675781e-02,7.893681526184082031e-03,1.009433120489120483e-01
-1.345443725585937500e-02,7.707715034484863281e-03,1.009208858013153076e-01
-1.343107223510742188e-02,7.591485977172851562e-03,1.009116768836975098e-01
-1.349520683288574219e-02,7.544517517089843750e-03,1.010016798973083496e-01
-1.366496086120605469e-02,7.639646530151367188e-03,1.011653989553451538e-01
-1.389598846435546875e-02,7.768034934997558594e-03,1.012960970401763916e-01
-1.416897773742675781e-02,7.981657981872558594e-03,1.014496982097625732e-01
-1.439309120178222656e-02,8.190751075744628906e-03,1.015261262655258179e-01
-1.459503173828125000e-02,8.392333984375000000e-03,1.016073077917098999e-01
-1.474499702453613281e-02,8.671522140502929688e-03,1.016127616167068481e-01
-1.488876342773437500e-02,8.912086486816406250e-03,1.015761792659759521e-01
-1.501035690307617188e-02,9.156465530395507812e-03,1.014822274446487427e-01
-1.507115364074707031e-02,9.369611740112304688e-03,1.013279408216476440e-01
-1.512956619262695312e-02,9.545207023620605469e-03,1.011418104171752930e-01
-1.518917083740234375e-02,9.768605232238769531e-03,1.009983122348785400e-01
-1.524209976196289062e-02,9.953618049621582031e-03,1.008472591638565063e-01
-1.534247398376464844e-02,1.015341281890869141e-02,1.007441431283950806e-01
-1.539635658264160156e-02,1.038384437561035156e-02,1.007058322429656982e-01
-1.544141769409179688e-02,1.057970523834228516e-02,1.006893813610076904e-01
-1.550149917602539062e-02,1.078021526336669922e-02,1.006958782672882080e-01
-1.557660102844238281e-02,1.099526882171630859e-02,1.007421910762786865e-01
-1.560330390930175781e-02,1.115369796752929688e-02,1.008159518241882324e-01
-1.561427116394042969e-02,1.124489307403564453e-02,1.008858382701873779e-01
-1.565694808959960938e-02,1.132965087890625000e-02,1.008722782135009766e-01
-1.572489738464355469e-02,1.139700412750244141e-02,1.008135378360748291e-01
-1.579380035400390625e-02,1.141953468322753906e-02,1.007151752710342407e-01
-1.584911346435546875e-02,1.144826412200927734e-02,1.005957424640655518e-01
-1.585459709167480469e-02,1.144158840179443359e-02,1.004837453365325928e-01
-1.583647727966308594e-02,1.137912273406982422e-02,1.003806293010711670e-01
-1.579594612121582031e-02,1.134586334228515625e-02,1.003401875495910645e-01
-1.578664779663085938e-02,1.133084297180175781e-02,1.003277450799942017e-01
-1.581001281738281250e-02,1.130020618438720703e-02,1.003811359405517578e-01
-1.586723327636718750e-02,1.131188869476318359e-02,1.004462987184524536e-01
-1.586937904357910156e-02,1.132786273956298828e-02,1.005363017320632935e-01
-1.585674285888671875e-02,1.136362552642822266e-02,1.005782783031463623e-01
-1.583099365234375000e-02,1.139247417449951172e-02,1.006332784891128540e-01
-1.573991775512695312e-02,1.136374473571777344e-02,1.006197482347488403e-01
-1.560521125793457031e-02,1.130151748657226562e-02,1.005454659461975098e-01
-1.544380187988281250e-02,1.122367382049560547e-02,1.004392057657241821e-01
-1.531672477722167969e-02,1.117193698883056641e-02,1.003082543611526489e-01
-1.521420478820800781e-02,1.112270355224609375e-02,1.002285778522491455e-01
-1.517915725708007812e-02,1.113080978393554688e-02,1.001822799444198608e-01
-1.520395278930664062e-02,1.116061210632324219e-02,1.001830697059631348e-01
-1.520967483520507812e-02,1.124596595764160156e-02,1.002039611339569092e-01
-1.519584655761718750e-02,1.123023033142089844e-02,1.001759916543960571e-01
-1.518654823303222656e-02,1.119852066040039062e-02,1.001495271921157837e-01
-1.513981819152832031e-02,1.112008094787597656e-02,1.000756770372390747e-01
-1.509618759155273438e-02,1.107609272003173828e-02,9.994088113307952881e-02
-1.501655578613281250e-02,1.098299026489257812e-02,9.974904358386993408e-02
-1.493477821350097656e-02,1.090478897094726562e-02,9.960700571537017822e-02
-1.482558250427246094e-02,1.083493232727050781e-02,9.942135214805603027e-02
-1.473426818847656250e-02,1.075530052185058594e-02,9.924240410327911377e-02
-1.467275619506835938e-02,1.071190834045410156e-02,9.907270967960357666e-02
-1.464056968688964844e-02,1.068079471588134766e-02,9.898728132247924805e-02
-1.463818550109863281e-02,1.068556308746337891e-02,9.889395534992218018e-02
-1.467800140380859375e-02,1.075232028961181641e-02,9.883163869380950928e-02
-1.476979255676269531e-02,1.089167594909667969e-02,9.881171584129333496e-02
-1.484870910644531250e-02,1.103472709655761719e-02,9.876513481140136719e-02
-1.490354537963867188e-02,1.114320755004882812e-02,9.870524704456329346e-02
-1.497507095336914062e-02,1.124024391174316406e-02,9.863813221454620361e-02
-1.499295234680175781e-02,1.127445697784423828e-02,9.856224060058593750e-02
-1.504969596862792969e-02,1.129782199859619141e-02,9.844554960727691650e-02
-1.509213447570800781e-02,1.131677627563476562e-02,9.838001430034637451e-02
-1.513648033142089844e-02,1.128494739532470703e-02,9.837990999221801758e-02
-1.516413688659667969e-02,1.125931739807128906e-02,9.837304055690765381e-02
-1.510882377624511719e-02,1.118576526641845703e-02,9.834560751914978027e-02
-1.507472991943359375e-02,1.112627983093261719e-02,9.832470118999481201e-02
-1.502203941345214844e-02,1.101684570312500000e-02,9.827452898025512695e-02
-1.492023468017578125e-02,1.084077358245849609e-02,9.817659854888916016e-02
-1.484370231628417969e-02,1.074528694152832031e-02,9.808303415775299072e-02
-1.477837562561035156e-02,1.057600975036621094e-02,9.800994396209716797e-02
-1.472520828247070312e-02,1.043581962585449219e-02,9.793621301651000977e-02
-1.467061042785644531e-02,1.033282279968261719e-02,9.784784913063049316e-02
-1.466917991638183594e-02,1.027929782867431641e-02,9.778378903865814209e-02
-1.465153694152832031e-02,1.021754741668701172e-02,9.772385656833648682e-02
-1.463961601257324219e-02,1.016068458557128906e-02,9.768764674663543701e-02
-1.463913917541503906e-02,1.011347770690917969e-02,9.766088426113128662e-02
-1.465988159179687500e-02,1.009666919708251953e-02,9.765093028545379639e-02
-1.471447944641113281e-02,1.005768775939941406e-02,9.765799343585968018e-02
-1.472926139831542969e-02,1.001644134521484375e-02,9.765560925006866455e-02
-1.472735404968261719e-02,1.001870632171630859e-02,9.770257771015167236e-02
-1.473641395568847656e-02,1.003205776214599609e-02,9.773105382919311523e-02
-1.476860046386718750e-02,9.999036788940429688e-03,9.773986041545867920e-02
-1.473855972290039062e-02,9.913921356201171875e-03,9.774783253669738770e-02
-1.469278335571289062e-02,9.813308715820312500e-03,9.773746132850646973e-02
-1.465749740600585938e-02,9.694218635559082031e-03,9.766487777233123779e-02
-1.458787918090820312e-02,9.541749954223632812e-03,9.753634035587310791e-02
-1.452851295471191406e-02,9.430766105651855469e-03,9.739749133586883545e-02
-1.454520225524902344e-02,9.339332580566406250e-03,9.728099405765533447e-02
-1.452136039733886719e-02,9.261965751647949219e-03,9.716191887855529785e-02
-1.454329490661621094e-02,9.191870689392089844e-03,9.711699187755584717e-02
-1.460695266723632812e-02,9.110331535339355469e-03,9.710501134395599365e-02
-1.465225219726562500e-02,8.969306945800781250e-03,9.707619249820709229e-02
-1.467561721801757812e-02,8.776068687438964844e-03,9.707325696945190430e-02
-1.473474502563476562e-02,8.617520332336425781e-03,9.698268771171569824e-02
-1.483058929443359375e-02,8.491873741149902344e-03,9.689331054687500000e-02
-1.493811607360839844e-02,8.444666862487792969e-03,9.682708978652954102e-02
-1.500177383422851562e-02,8.495688438415527344e-03,9.674401581287384033e-02
-1.505064964294433594e-02,8.600234985351562500e-03,9.663599729537963867e-02
-1.509642601013183594e-02,8.700609207153320312e-03,9.655068814754486084e-02
-1.515412330627441406e-02,8.792519569396972656e-03,9.644863009452819824e-02
-1.521468162536621094e-02,8.912801742553710938e-03,9.633383154869079590e-02
-1.533746719360351562e-02,8.950233459472656250e-03,9.624870121479034424e-02
-1.539087295532226562e-02,8.966445922851562500e-03,9.618522226810455322e-02
-1.544690132141113281e-02,8.993744850158691406e-03,9.615832567214965820e-02
-1.550936698913574219e-02,9.025692939758300781e-03,9.615327417850494385e-02
-1.558518409729003906e-02,9.016990661621093750e-03,9.615120291709899902e-02
-1.564645767211914062e-02,8.978128433227539062e-03,9.613119065761566162e-02
-1.569080352783203125e-02,8.957982063293457031e-03,9.610332548618316650e-02
-1.572132110595703125e-02,8.928656578063964844e-03,9.611418843269348145e-02
-1.575922966003417969e-02,8.899331092834472656e-03,9.608234465122222900e-02
-1.578760147094726562e-02,8.912444114685058594e-03,9.602728486061096191e-02
-1.581549644470214844e-02,8.883953094482421875e-03,9.601123631000518799e-02
-1.585054397583007812e-02,8.857846260070800781e-03,9.601181745529174805e-02
-1.589584350585937500e-02,8.811473846435546875e-03,9.600333869457244873e-02
-1.595735549926757812e-02,8.740425109863281250e-03,9.599517285823822021e-02
-1.613569259643554688e-02,8.934497833251953125e-03,9.593155980110168457e-02
-1.629638671875000000e-02,9.101986885070800781e-03,9.585051238536834717e-02
-1.641201972961425781e-02,9.228348731994628906e-03,9.579013288021087646e-02
-1.647996902465820312e-02,9.345293045043945312e-03,9.575758874416351318e-02
-1.658201217651367188e-02,9.457707405090332031e-03,9.579372406005859375e-02
-1.665782928466796875e-02,9.563684463500976562e-03,9.585639834403991699e-02
-1.671814918518066406e-02,9.643912315368652344e-03,9.595339000225067139e-02
-1.676273345947265625e-02,9.671211242675781250e-03,9.605334699153900146e-02
-1.679778099060058594e-02,9.703636169433593750e-03,9.613516926765441895e-02
-1.680874824523925781e-02,9.713172912597656250e-03,9.624783694744110107e-02
-1.678800582885742188e-02,9.678602218627929688e-03,9.633214771747589111e-02
-1.678824424743652344e-02,9.638190269470214844e-03,9.643517434597015381e-02
-1.681518554687500000e-02,9.561896324157714844e-03,9.654887020587921143e-02
-1.679563522338867188e-02,9.500265121459960938e-03,9.667292237281799316e-02
-1.680803298950195312e-02,9.463787078857421875e-03,9.677122533321380615e-02
-1.681327819824218750e-02,9.432315826416015625e-03,9.689542651176452637e-02
-1.680231094360351562e-02,9.374380111694335938e-03,9.696510434150695801e-02
-1.683616638183593750e-02,9.320735931396484375e-03,9.701849520206451416e-02
-1.687669754028320312e-02,9.254336357116699219e-03,9.704661369323730469e-02
-1.690030097961425781e-02,9.185671806335449219e-03,9.708166122436523438e-02
-1.692867279052734375e-02,9.118556976318359375e-03,9.710937738418579102e-02
-1.699090003967285156e-02,9.072780609130859375e-03,9.713189303874969482e-02
-1.704311370849609375e-02,9.056329727172851562e-03,9.717899560928344727e-02
-1.708889007568359375e-02,9.127020835876464844e-03,9.727576375007629395e-02
-1.710200309753417969e-02,9.169340133666992188e-03,9.731864929199218750e-02
-1.709055900573730469e-02,9.136319160461425781e-03,9.731517732143402100e-02
-1.706314086914062500e-02,9.083151817321777344e-03,9.725853800773620605e-02
-1.702570915222167969e-02,9.083986282348632812e-03,9.723865985870361328e-02
-1.691722869873046875e-02,9.032964706420898438e-03,9.721451997756958008e-02
-1.676940917968750000e-02,8.962273597717285156e-03,9.716792404651641846e-02
-1.664018630981445312e-02,8.924126625061035156e-03,9.709899127483367920e-02
-1.656794548034667969e-02,8.979201316833496094e-03,9.699504077434539795e-02
-1.622629165649414062e-02,8.901476860046386719e-03,9.729081392288208008e-02
-1.600885391235351562e-02,8.909463882446289062e-03,9.766770899295806885e-02
-1.586771011352539062e-02,9.052991867065429688e-03,9.806902706623077393e-02
-1.576352119445800781e-02,9.282469749450683594e-03,9.842601418495178223e-02
-1.568937301635742188e-02,9.561419486999511719e-03,9.877310693264007568e-02
-1.560235023498535156e-02,9.817719459533691406e-03,9.903837740421295166e-02
-1.555085182189941406e-02,1.004481315612792969e-02,9.924787282943725586e-02
-1.549649238586425781e-02,1.025950908660888672e-02,9.934650361537933350e-02
-1.537752151489257812e-02,1.039898395538330078e-02,9.936417639255523682e-02
-1.526904106140136719e-02,1.055240631103515625e-02,9.936507046222686768e-02
-1.519441604614257812e-02,1.072156429290771484e-02,9.930475056171417236e-02
-1.512050628662109375e-02,1.092553138732910156e-02,9.923706948757171631e-02
-1.501131057739257812e-02,1.114666461944580078e-02,9.919962286949157715e-02
-1.492500305175781250e-02,1.134729385375976562e-02,9.914579987525939941e-02
-1.487064361572265625e-02,1.152992248535156250e-02,9.908685088157653809e-02
-1.486349105834960938e-02,1.175498962402343750e-02,9.908336400985717773e-02
-1.497864723205566406e-02,1.234221458435058594e-02,9.918273985385894775e-02
-1.513004302978515625e-02,1.285767555236816406e-02,9.928470849990844727e-02
-1.528143882751464844e-02,1.329553127288818359e-02,9.939987957477569580e-02
-1.541280746459960938e-02,1.364648342132568359e-02,9.945192933082580566e-02
-1.548480987548828125e-02,1.390945911407470703e-02,9.945230185985565186e-02
-1.554560661315917969e-02,1.409113407135009766e-02,9.941419959068298340e-02
-1.555657386779785156e-02,1.415586471557617188e-02,9.931606054306030273e-02
-1.558256149291992188e-02,1.414573192596435547e-02,9.917762875556945801e-02
-1.554346084594726562e-02,1.404941082000732422e-02,9.900858998298645020e-02
-1.548433303833007812e-02,1.393008232116699219e-02,9.888389706611633301e-02
-1.542091369628906250e-02,1.380312442779541016e-02,9.879158437252044678e-02
-1.541662216186523438e-02,1.369035243988037109e-02,9.878638386726379395e-02
-1.558637619018554688e-02,1.358354091644287109e-02,9.889906644821166992e-02
-1.574349403381347656e-02,1.343977451324462891e-02,9.902603924274444580e-02
-1.585412025451660156e-02,1.323616504669189453e-02,9.921707212924957275e-02
-1.592040061950683594e-02,1.300084590911865234e-02,9.938725829124450684e-02
-1.595258712768554688e-02,1.270437240600585938e-02,9.953376650810241699e-02
-1.596951484680175781e-02,1.236641407012939453e-02,9.963710606098175049e-02
-1.595807075500488281e-02,1.196265220642089844e-02,9.965732693672180176e-02
-1.600599288940429688e-02,1.153838634490966797e-02,9.963890910148620605e-02
-1.601886749267578125e-02,1.108598709106445312e-02,9.955954551696777344e-02
-1.605415344238281250e-02,1.066613197326660156e-02,9.945149719715118408e-02
-1.610755920410156250e-02,1.024913787841796875e-02,9.931476414203643799e-02
-1.614832878112792969e-02,9.903907775878906250e-03,9.921191632747650146e-02
-1.616954803466796875e-02,9.620189666748046875e-03,9.914541244506835938e-02
-1.620578765869140625e-02,9.371161460876464844e-03,9.913970530033111572e-02
-1.631355285644531250e-02,9.172320365905761719e-03,9.913954138755798340e-02
-1.639676094055175781e-02,8.982539176940917969e-03,9.911353886127471924e-02
-1.651787757873535156e-02,8.878111839294433594e-03,9.909805655479431152e-02
-1.660037040710449219e-02,8.822083473205566406e-03,9.909206628799438477e-02
-1.669716835021972656e-02,8.807420730590820312e-03,9.908066689968109131e-02
-1.668548583984375000e-02,8.829474449157714844e-03,9.905314445495605469e-02
-1.662516593933105469e-02,8.833289146423339844e-03,9.903542697429656982e-02
-1.655387878417968750e-02,8.894681930541992188e-03,9.900614619255065918e-02
-1.648926734924316406e-02,8.969545364379882812e-03,9.893646836280822754e-02
-1.638078689575195312e-02,9.032726287841796875e-03,9.880477190017700195e-02
-1.627326011657714844e-02,9.109735488891601562e-03,9.866261482238769531e-02
-1.611900329589843750e-02,9.172558784484863281e-03,9.849219024181365967e-02
-1.602554321289062500e-02,9.260654449462890625e-03,9.831954538822174072e-02
-1.595926284790039062e-02,9.369850158691406250e-03,9.765751659870147705e-02
-1.591610908508300781e-02,9.462833404541015625e-03,9.709724783897399902e-02
-1.592183113098144531e-02,9.575366973876953125e-03,9.661014378070831299e-02
-1.597046852111816406e-02,9.716391563415527344e-03,9.624373912811279297e-02
-1.597261428833007812e-02,9.840726852416992188e-03,9.595413506031036377e-02
-1.603198051452636719e-02,1.003265380859375000e-02,9.575976431369781494e-02
-1.610493659973144531e-02,1.019322872161865234e-02,9.562402963638305664e-02
-1.617217063903808594e-02,1.033079624176025391e-02,9.554328024387359619e-02
-1.620864868164062500e-02,1.044964790344238281e-02,9.552794694900512695e-02
-1.623344421386718750e-02,1.052248477935791016e-02,9.549787640571594238e-02
-1.640605926513671875e-02,1.048398017883300781e-02,9.549948573112487793e-02
-1.654314994812011719e-02,1.044273376464843750e-02,9.550006687641143799e-02
-1.657891273498535156e-02,1.032888889312744141e-02,9.544590115547180176e-02
-1.656508445739746094e-02,1.018357276916503906e-02,9.536187350749969482e-02
-1.653575897216796875e-02,1.001632213592529297e-02,9.525553882122039795e-02
-1.645779609680175781e-02,9.756803512573242188e-03,9.511105716228485107e-02
-1.635694503784179688e-02,9.502649307250976562e-03,9.500920772552490234e-02
-1.628065109252929688e-02,9.272217750549316406e-03,9.490282833576202393e-02
-1.620149612426757812e-02,9.014129638671875000e-03,9.481216967105865479e-02
-1.612257957458496094e-02,8.756637573242187500e-03,9.476731717586517334e-02
-1.605391502380371094e-02,8.526206016540527344e-03,9.472428262233734131e-02
-1.602768898010253906e-02,8.344054222106933594e-03,9.467944502830505371e-02
-1.602387428283691406e-02,8.183479309082031250e-03,9.466561675071716309e-02
-1.606440544128417969e-02,8.094906806945800781e-03,9.470191597938537598e-02
-1.615023612976074219e-02,8.063077926635742188e-03,9.478177130222320557e-02
-1.620125770568847656e-02,8.042812347412109375e-03,9.483045339584350586e-02
-1.626515388488769531e-02,8.010983467102050781e-03,9.486854076385498047e-02
-1.631808280944824219e-02,7.958650588989257812e-03,9.489095211029052734e-02
-1.632356643676757812e-02,7.910251617431640625e-03,9.491889178752899170e-02
-1.629781723022460938e-02,7.835865020751953125e-03,9.495911002159118652e-02
-1.629447937011718750e-02,7.777452468872070312e-03,9.498155117034912109e-02
-1.628184318542480469e-02,7.725834846496582031e-03,9.497018158435821533e-02
-1.624512672424316406e-02,7.690072059631347656e-03,9.497584402561187744e-02
-1.618123054504394531e-02,7.677555084228515625e-03,9.496298432350158691e-02
-1.612234115600585938e-02,7.710099220275878906e-03,9.495893120765686035e-02
-1.606917381286621094e-02,7.726430892944335938e-03,9.502138197422027588e-02
-1.600551605224609375e-02,7.783532142639160156e-03,9.506823122501373291e-02
-1.598143577575683594e-02,7.883071899414062500e-03,9.511917829513549805e-02
-1.593327522277832031e-02,7.965564727783203125e-03,9.515480697154998779e-02
-1.588416099548339844e-02,8.055806159973144531e-03,9.519098699092864990e-02
-1.583719253540039062e-02,8.121848106384277344e-03,9.520107507705688477e-02
-1.582527160644531250e-02,8.175253868103027344e-03,9.519770741462707520e-02
-1.582622528076171875e-02,8.231997489929199219e-03,9.522828459739685059e-02
-1.584196090698242188e-02,8.274197578430175781e-03,9.526564180850982666e-02
-1.585006713867187500e-02,8.294224739074707031e-03,9.530270099639892578e-02
-1.599454879760742188e-02,8.542180061340332031e-03,9.535683691501617432e-02
-1.611614227294921875e-02,8.699536323547363281e-03,9.540106356143951416e-02
-1.622295379638671875e-02,8.842706680297851562e-03,9.541288018226623535e-02
-1.632905006408691406e-02,8.980989456176757812e-03,9.541316330432891846e-02
-1.643180847167968750e-02,9.070277214050292969e-03,9.541320800781250000e-02
-1.650714874267578125e-02,9.140491485595703125e-03,9.543749690055847168e-02
-1.651191711425781250e-02,9.197115898132324219e-03,9.544487297534942627e-02
-1.646351814270019531e-02,9.215474128723144531e-03,9.546300768852233887e-02
-1.637864112854003906e-02,9.262681007385253906e-03,9.548306465148925781e-02
-1.627588272094726562e-02,9.279131889343261719e-03,9.550845623016357422e-02
-1.618027687072753906e-02,9.303331375122070312e-03,9.556256234645843506e-02
-1.607131958007812500e-02,9.309411048889160156e-03,9.563086926937103271e-02
-1.598644256591796875e-02,9.296059608459472656e-03,9.567028284072875977e-02
-1.590132713317871094e-02,9.280681610107421875e-03,9.568093717098236084e-02
-1.580548286437988281e-02,9.266257286071777344e-03,9.568831324577331543e-02
-1.578855514526367188e-02,9.236693382263183594e-03,9.568658471107482910e-02
-1.567029953002929688e-02,9.223103523254394531e-03,9.571176767349243164e-02
-1.556134223937988281e-02,9.204983711242675781e-03,9.572194516658782959e-02
-1.548862457275390625e-02,9.209513664245605469e-03,9.575931727886199951e-02
-1.540160179138183594e-02,9.220719337463378906e-03,9.578149020671844482e-02
-1.533937454223632812e-02,9.238481521606445312e-03,9.579530358314514160e-02
-1.528406143188476562e-02,9.269475936889648438e-03,9.580074250698089600e-02
-1.524615287780761719e-02,9.292364120483398438e-03,9.587085247039794922e-02
-1.524496078491210938e-02,9.319543838500976562e-03,9.595671296119689941e-02
-1.523184776306152344e-02,9.327888488769531250e-03,9.601867198944091797e-02
-1.522564888000488281e-02,9.347558021545410156e-03,9.609442949295043945e-02
-1.523637771606445312e-02,9.386062622070312500e-03,9.619981050491333008e-02
-1.522612571716308594e-02,9.406805038452148438e-03,9.628580510616302490e-02
-1.522040367126464844e-02,9.420394897460937500e-03,9.636802971363067627e-02
-1.519775390625000000e-02,9.483575820922851562e-03,9.647783637046813965e-02
-1.520609855651855469e-02,9.542703628540039062e-03,9.664316475391387939e-02
-1.524662971496582031e-02,9.618878364562988281e-03,9.685388207435607910e-02
-1.532530784606933594e-02,9.680390357971191406e-03,9.707309305667877197e-02
-1.538658142089843750e-02,9.754896163940429688e-03,9.731088578701019287e-02
-1.546478271484375000e-02,9.823322296142578125e-03,9.752897918224334717e-02
-1.550626754760742188e-02,9.875774383544921875e-03,9.774428606033325195e-02
-1.556658744812011719e-02,9.881973266601562500e-03,9.794983267784118652e-02
-1.550793647766113281e-02,9.973645210266113281e-03,9.810915589332580566e-02
-1.542901992797851562e-02,1.003086566925048828e-02,9.820877015590667725e-02
-1.533579826354980469e-02,1.008749008178710938e-02,9.830334782600402832e-02
-1.526355743408203125e-02,1.011323928833007812e-02,9.839817881584167480e-02
-1.516294479370117188e-02,1.011955738067626953e-02,9.846864640712738037e-02
-1.511955261230468750e-02,1.006376743316650391e-02,9.852774441242218018e-02
-1.508903503417968750e-02,9.999513626098632812e-03,9.864236414432525635e-02
-1.507854461669921875e-02,9.930372238159179688e-03,9.877224266529083252e-02
-1.510667800903320312e-02,9.869456291198730469e-03,9.890441596508026123e-02
-1.514983177185058594e-02,9.794354438781738281e-03,9.905691444873809814e-02
-1.520228385925292969e-02,9.773135185241699219e-03,9.921757876873016357e-02
-1.523756980895996094e-02,9.757399559020996094e-03,9.936924278736114502e-02
-1.525115966796875000e-02,9.735345840454101562e-03,9.949284791946411133e-02
-1.527214050292968750e-02,9.704828262329101562e-03,9.957502782344818115e-02
-1.531624794006347656e-02,9.682059288024902344e-03,9.968224167823791504e-02
-1.535892486572265625e-02,9.673118591308593750e-03,9.978607296943664551e-02
-1.539635658264160156e-02,9.696841239929199219e-03,9.989142417907714844e-02
-1.543211936950683594e-02,9.727954864501953125e-03,9.997764229774475098e-02
-1.552891731262207031e-02,9.786844253540039062e-03,1.000573933124542236e-01
-1.562237739562988281e-02,9.831190109252929688e-03,1.001144051551818848e-01
-1.572823524475097656e-02,9.879231452941894531e-03,1.001616418361663818e-01
-1.585197448730468750e-02,9.914159774780273438e-03,1.002416610717773438e-01
-1.595115661621093750e-02,9.920716285705566406e-03,1.003328412771224976e-01
-1.606416702270507812e-02,9.903550148010253906e-03,1.003938466310501099e-01
-1.613759994506835938e-02,9.888887405395507812e-03,1.004589647054672241e-01
-1.620817184448242188e-02,9.866356849670410156e-03,1.005288213491439819e-01
-1.623368263244628906e-02,9.829163551330566406e-03,1.005443483591079712e-01
-1.625800132751464844e-02,9.729743003845214844e-03,1.005248427391052246e-01
-1.623892784118652344e-02,9.612917900085449219e-03,1.004696637392044067e-01
-1.621937751770019531e-02,9.518146514892578125e-03,1.004257500171661377e-01
-1.619052886962890625e-02,9.457468986511230469e-03,1.003972887992858887e-01
-1.619505882263183594e-02,9.394288063049316406e-03,1.003692746162414551e-01
-1.615500450134277344e-02,9.366035461425781250e-03,1.003410667181015015e-01
-1.609396934509277344e-02,9.345173835754394531e-03,1.003578156232833862e-01
-1.606631278991699219e-02,9.333014488220214844e-03,1.003801375627517700e-01
-1.609516143798828125e-02,9.335279464721679688e-03,1.003944873809814453e-01
-1.618742942810058594e-02,9.383320808410644531e-03,1.004246324300765991e-01
-1.629972457885742188e-02,9.446978569030761719e-03,1.004742383956909180e-01
-1.644062995910644531e-02,9.499788284301757812e-03,1.005370318889617920e-01
-1.657462120056152344e-02,9.518504142761230469e-03,1.005838662385940552e-01
-1.663088798522949219e-02,9.534955024719238281e-03,1.006146669387817383e-01
-1.671338081359863281e-02,9.585142135620117188e-03,1.006566286087036133e-01
-1.677703857421875000e-02,9.585261344909667969e-03,1.006848514080047607e-01
-1.685595512390136719e-02,9.598493576049804688e-03,1.007156521081924438e-01
-1.695775985717773438e-02,9.629249572753906250e-03,1.007584184408187866e-01
-1.703381538391113281e-02,9.631752967834472656e-03,1.007905006408691406e-01
-1.712822914123535156e-02,9.615421295166015625e-03,1.008318960666656494e-01
-1.733016967773437500e-02,9.601831436157226562e-03,1.008300334215164185e-01
-1.754474639892578125e-02,9.588003158569335938e-03,1.008039116859436035e-01
-1.774477958679199219e-02,9.564280509948730469e-03,1.007707864046096802e-01
-1.795864105224609375e-02,9.495377540588378906e-03,1.007528603076934814e-01
-1.817035675048828125e-02,9.403824806213378906e-03,1.007228344678878784e-01
-1.838064193725585938e-02,9.309649467468261719e-03,1.007051169872283936e-01
-1.858019828796386719e-02,9.235978126525878906e-03,1.007004082202911377e-01
-1.875805854797363281e-02,9.490966796875000000e-03,1.006960570812225342e-01
-1.894998550415039062e-02,9.718537330627441406e-03,1.007133573293685913e-01
-1.912951469421386719e-02,9.912848472595214844e-03,1.006896495819091797e-01
-1.929020881652832031e-02,1.009154319763183594e-02,1.006796956062316895e-01
-1.941776275634765625e-02,1.022553443908691406e-02,1.006615310907363892e-01
-1.950526237487792969e-02,1.032567024230957031e-02,1.006202697753906250e-01
-1.959300041198730469e-02,1.040530204772949219e-02,1.005757153034210205e-01
-1.963853836059570312e-02,1.048421859741210938e-02,1.005129069089889526e-01
-1.968240737915039062e-02,1.055419445037841797e-02,1.004374623298645020e-01
-1.972460746765136719e-02,1.063394546508789062e-02,1.003530621528625488e-01
-1.976132392883300781e-02,1.071059703826904297e-02,1.002590209245681763e-01
-1.986598968505859375e-02,1.073527336120605469e-02,1.001814901828765869e-01
-1.994848251342773438e-02,1.080048084259033203e-02,1.001221835613250732e-01
-2.001047134399414062e-02,1.086318492889404297e-02,1.000841259956359863e-01
-2.008175849914550781e-02,1.092803478240966797e-02,1.000580340623855591e-01
-2.018189430236816406e-02,1.097786426544189453e-02,1.000623404979705811e-01
-2.027726173400878906e-02,1.105904579162597656e-02,1.000913977622985840e-01
-2.036714553833007812e-02,1.114070415496826172e-02,1.001620590686798096e-01
-2.043652534484863281e-02,1.117849349975585938e-02,1.001986265182495117e-01
-2.046275138854980469e-02,1.120090484619140625e-02,1.002160161733627319e-01
-2.048778533935546875e-02,1.125037670135498047e-02,1.002271622419357300e-01
-2.047181129455566406e-02,1.126289367675781250e-02,1.002246588468551636e-01
-2.046513557434082031e-02,1.128900051116943359e-02,1.002223193645477295e-01
-2.041912078857421875e-02,1.126241683959960938e-02,1.001941412687301636e-01
-2.036595344543457031e-02,1.125955581665039062e-02,1.001238226890563965e-01
-2.029848098754882812e-02,1.127779483795166016e-02,1.000519543886184692e-01
-2.014470100402832031e-02,1.130652427673339844e-02,9.994158148765563965e-02
-1.999306678771972656e-02,1.130044460296630859e-02,9.985549747943878174e-02
-1.993012428283691406e-02,1.131343841552734375e-02,9.980407357215881348e-02
-1.986217498779296875e-02,1.132011413574218750e-02,9.981121122837066650e-02
-1.981782913208007812e-02,1.134657859802246094e-02,9.984175860881805420e-02
-1.981711387634277344e-02,1.138043403625488281e-02,9.991113841533660889e-02
-1.980304718017578125e-02,1.143991947174072266e-02,9.997105598449707031e-02
-1.984739303588867188e-02,1.152455806732177734e-02,1.000460982322692871e-01
-1.984930038452148438e-02,1.160132884979248047e-02,1.001186817884445190e-01
-1.986265182495117188e-02,1.168048381805419922e-02,1.001691818237304688e-01
-1.985788345336914062e-02,1.175725460052490234e-02,1.002237498760223389e-01
-1.986145973205566406e-02,1.180648803710937500e-02,1.002661138772964478e-01
-1.982235908508300781e-02,1.182138919830322266e-02,1.002993583679199219e-01
-1.973819732666015625e-02,1.180005073547363281e-02,1.003089696168899536e-01
-1.969170570373535156e-02,1.176571846008300781e-02,1.003162860870361328e-01
-1.964068412780761719e-02,1.173555850982666016e-02,1.003063917160034180e-01
-1.956200599670410156e-02,1.166045665740966797e-02,1.002795547246932983e-01
-1.950001716613769531e-02,1.162171363830566406e-02,1.002361178398132324e-01
-1.945805549621582031e-02,1.159143447875976562e-02,1.000872999429702759e-01
-1.941132545471191406e-02,1.153743267059326172e-02,9.999033808708190918e-02
-1.939272880554199219e-02,1.146781444549560547e-02,9.990392625331878662e-02
-1.938581466674804688e-02,1.143682003021240234e-02,9.987187385559082031e-02
-1.934933662414550781e-02,1.141571998596191406e-02,9.986308217048645020e-02
-1.935863494873046875e-02,1.139926910400390625e-02,9.987622499465942383e-02
-1.936769485473632812e-02,1.137459278106689453e-02,9.990867972373962402e-02
-1.938867568969726562e-02,1.138448715209960938e-02,9.996619820594787598e-02
-1.939725875854492188e-02,1.137351989746093750e-02,1.000246703624725342e-01
-1.936745643615722656e-02,1.136660575866699219e-02,1.000672727823257446e-01
-1.932358741760253906e-02,1.136815547943115234e-02,1.001046150922775269e-01
-1.926922798156738281e-02,1.138615608215332031e-02,1.001491248607635498e-01
-1.921892166137695312e-02,1.138389110565185547e-02,1.001619696617126465e-01
-1.914978027343750000e-02,1.134860515594482422e-02,1.001658439636230469e-01
-1.907873153686523438e-02,1.132190227508544922e-02,1.001659631729125977e-01
-1.903605461120605469e-02,1.129817962646484375e-02,1.001925766468048096e-01
-1.900196075439453125e-02,1.125550270080566406e-02,1.002138406038284302e-01
-1.892542839050292969e-02,1.122593879699707031e-02,1.002187579870223999e-01
-1.886129379272460938e-02,1.121306419372558594e-02,1.002165377140045166e-01
-1.878213882446289062e-02,1.122260093688964844e-02,1.002070158720016479e-01
-1.867365837097167969e-02,1.124131679534912109e-02,1.001687496900558472e-01
-1.859784126281738281e-02,1.130855083465576172e-02,1.001420468091964722e-01
-1.849174499511718750e-02,1.136505603790283203e-02,1.000747680664062500e-01
-1.838660240173339844e-02,1.144325733184814453e-02,1.000136882066726685e-01
-1.829600334167480469e-02,1.151967048645019531e-02,9.997542202472686768e-02
-1.820397377014160156e-02,1.160013675689697266e-02,9.994183480739593506e-02
-1.815867424011230469e-02,1.170074939727783203e-02,9.994612634181976318e-02
-1.812911033630371094e-02,1.179385185241699219e-02,9.997276961803436279e-02
-1.813197135925292969e-02,1.189684867858886719e-02,9.999658167362213135e-02
-1.813125610351562500e-02,1.200234889984130859e-02,1.000437289476394653e-01
-1.808857917785644531e-02,1.210033893585205078e-02,1.000483930110931396e-01
-1.808238029479980469e-02,1.216578483581542969e-02,1.000683009624481201e-01
-1.805758476257324219e-02,1.221585273742675781e-02,1.000553369522094727e-01
-1.801538467407226562e-02,1.225113868713378906e-02,1.000252962112426758e-01
-1.798653602600097656e-02,1.228201389312744141e-02,9.995678067207336426e-02
-1.797938346862792969e-02,1.232564449310302734e-02,9.989994764328002930e-02
-1.798915863037109375e-02,1.233792304992675781e-02,9.981307387351989746e-02
-1.800727844238281250e-02,1.230406761169433594e-02,9.972672164440155029e-02
-1.800894737243652344e-02,1.226007938385009766e-02,9.964160621166229248e-02
-1.801061630249023438e-02,1.221716403961181641e-02,9.957803785800933838e-02
-1.799178123474121094e-02,1.219546794891357422e-02,9.956303238868713379e-02
-1.797461509704589844e-02,1.219713687896728516e-02,9.955532848834991455e-02
-1.797509193420410156e-02,1.219904422760009766e-02,9.955726563930511475e-02
-1.794219017028808594e-02,1.220881938934326172e-02,9.958054125308990479e-02
-1.793456077575683594e-02,1.221859455108642578e-02,9.962944686412811279e-02
-1.797556877136230469e-02,1.220881938934326172e-02,9.970830380916595459e-02
-1.801180839538574219e-02,1.215672492980957031e-02,9.976266324520111084e-02
-1.804161071777343750e-02,1.211297512054443359e-02,9.984010457992553711e-02
-1.809024810791015625e-02,1.204657554626464844e-02,9.993974864482879639e-02
-1.812791824340820312e-02,1.198601722717285156e-02,1.000355929136276245e-01
-1.815915107727050781e-02,1.190888881683349609e-02,1.001062542200088501e-01
-1.814961433410644531e-02,1.182913780212402344e-02,1.001760214567184448e-01
-1.811218261718750000e-02,1.175081729888916016e-02,1.002097278833389282e-01
-1.806473731994628906e-02,1.163947582244873047e-02,1.001972854137420654e-01
-1.802754402160644531e-02,1.154959201812744141e-02,1.001684218645095825e-01
-1.799559593200683594e-02,1.148831844329833984e-02,1.001782417297363281e-01
-1.792693138122558594e-02,1.144802570343017578e-02,1.001914590597152710e-01
-1.788568496704101562e-02,1.144635677337646484e-02,1.001676619052886963e-01
-1.782059669494628906e-02,1.142811775207519531e-02,1.001542806625366211e-01
-1.777601242065429688e-02,1.141726970672607422e-02,1.001654714345932007e-01
-1.776123046875000000e-02,1.141273975372314453e-02,1.002001166343688965e-01
-1.774978637695312500e-02,1.141679286956787109e-02,1.002510339021682739e-01
-1.774954795837402344e-02,1.141083240509033203e-02,1.003079563379287720e-01
-1.774144172668457031e-02,1.139557361602783203e-02,1.003715842962265015e-01
-1.775884628295898438e-02,1.137936115264892578e-02,1.004303991794586182e-01
-1.778864860534667969e-02,1.134932041168212891e-02,1.004413068294525146e-01
-1.780009269714355469e-02,1.130557060241699219e-02,1.004542410373687744e-01
-1.782894134521484375e-02,1.127600669860839844e-02,1.004558205604553223e-01
-1.785445213317871094e-02,1.126778125762939453e-02,1.004574894905090332e-01
-1.788926124572753906e-02,1.123821735382080078e-02,1.004406660795211792e-01
-1.791357994079589844e-02,1.116430759429931641e-02,1.004003584384918213e-01
-1.794743537902832031e-02,1.109206676483154297e-02,1.003417521715164185e-01
-1.803874969482421875e-02,1.103639602661132812e-02,1.002810597419738770e-01
-1.815414428710937500e-02,1.097393035888671875e-02,1.002580970525741577e-01
-1.824831962585449219e-02,1.093184947967529297e-02,1.002642065286636353e-01
-1.838588714599609375e-02,1.090002059936523438e-02,1.002856642007827759e-01
-1.851081848144531250e-02,1.089680194854736328e-02,1.003275513648986816e-01
-1.863646507263183594e-02,1.090192794799804688e-02,1.003556847572326660e-01
-1.878023147583007812e-02,1.091730594635009766e-02,1.004081070423126221e-01
-1.891875267028808594e-02,1.097190380096435547e-02,1.004482805728912354e-01
-1.904797554016113281e-02,1.103317737579345703e-02,1.004720926284790039e-01
-1.913475990295410156e-02,1.109230518341064453e-02,1.004665791988372803e-01
-1.920366287231445312e-02,1.111268997192382812e-02,1.004124879837036133e-01
-1.921272277832031250e-02,1.113963127136230469e-02,1.003360897302627563e-01
-1.920461654663085938e-02,1.116323471069335938e-02,1.002815067768096924e-01
-1.919555664062500000e-02,1.117575168609619141e-02,1.002167761325836182e-01
-1.917052268981933594e-02,1.118028163909912109e-02,1.001354902982711792e-01
-1.918578147888183594e-02,1.121306419372558594e-02,1.000830978155136108e-01
-1.921868324279785156e-02,1.126158237457275391e-02,1.000373661518096924e-01
-1.925420761108398438e-02,1.128447055816650391e-02,9.997192025184631348e-02
-1.922464370727539062e-02,1.128721237182617188e-02,9.990665316581726074e-02
-1.919412612915039062e-02,1.129078865051269531e-02,9.987545013427734375e-02
-1.917028427124023438e-02,1.128542423248291016e-02,9.983469545841217041e-02
-1.914882659912109375e-02,1.131129264831542969e-02,9.981365501880645752e-02
-1.911067962646484375e-02,1.132845878601074219e-02,9.980446100234985352e-02
-1.906251907348632812e-02,1.133000850677490234e-02,9.977753460407257080e-02
-1.903462409973144531e-02,1.134252548217773438e-02,9.975105524063110352e-02
-1.897716522216796875e-02,1.135909557342529297e-02,9.973268210887908936e-02
-1.892089843750000000e-02,1.134037971496582031e-02,9.969256818294525146e-02
-1.879525184631347656e-02,1.131260395050048828e-02,9.964092075824737549e-02
-1.866340637207031250e-02,1.125955581665039062e-02,9.957550466060638428e-02
-1.855826377868652344e-02,1.116013526916503906e-02,9.949639439582824707e-02
-1.845264434814453125e-02,1.109278202056884766e-02,9.940896928310394287e-02
-1.835513114929199219e-02,1.105546951293945312e-02,9.931409358978271484e-02
-1.826214790344238281e-02,1.106190681457519531e-02,9.922815859317779541e-02
-1.818418502807617188e-02,1.106905937194824219e-02,9.919065237045288086e-02
-1.812362670898437500e-02,1.109588146209716797e-02,9.918867051601409912e-02
-1.807260513305664062e-02,1.115489006042480469e-02,9.918701648712158203e-02
-1.803970336914062500e-02,1.123452186584472656e-02,9.919907152652740479e-02
-1.802301406860351562e-02,1.133191585540771484e-02,9.920118749141693115e-02
-1.801681518554687500e-02,1.143836975097656250e-02,9.921137988567352295e-02
