2.556123211979866028e-02
2.556123211979866028e-02
2.416869439184665680e-02
2.500290237367153168e-02
2.605045773088932037e-02
2.682772278785705566e-02
2.702239342033863068e-02
2.684491686522960663e-02
2.649125270545482635e-02
2.604344300925731659e-02
2.564053796231746674e-02
2.524950541555881500e-02
2.518231049180030823e-02
2.516854926943778992e-02
2.540772780776023865e-02
2.570842765271663666e-02
2.601742744445800781e-02
2.631665766239166260e-02
2.648708969354629517e-02
2.656387165188789368e-02
2.655319496989250183e-02
2.660864219069480896e-02
2.665202692151069641e-02
2.675121650099754333e-02
2.684492804110050201e-02
2.698904275894165039e-02
2.719020098447799683e-02
2.730632387101650238e-02
2.727722562849521637e-02
2.733654156327247620e-02
2.727073803544044495e-02
2.724690176546573639e-02
2.727281674742698669e-02
2.725769206881523132e-02
2.732091583311557770e-02
2.730170823633670807e-02
2.734962105751037598e-02
2.739974483847618103e-02
2.750763855874538422e-02
2.758562192320823669e-02
2.764314599335193634e-02
2.759004570543766022e-02
2.764617837965488434e-02
2.775944955646991730e-02
2.779903635382652283e-02
2.781679108738899231e-02
2.771778777241706848e-02
2.760041877627372742e-02
2.744332328438758850e-02
2.735482901334762573e-02
2.741519361734390259e-02
2.755200117826461792e-02
2.767511084675788879e-02
2.764714322984218597e-02
2.762293629348278046e-02
2.760255709290504456e-02
2.757101692259311676e-02
2.753717638552188873e-02
2.754085324704647064e-02
2.757486887276172638e-02
2.792251110076904297e-02
2.826818637549877167e-02
2.865263633430004120e-02
2.883765101432800293e-02
2.889499254524707794e-02
2.897211350500583649e-02
2.897307835519313812e-02
2.887503430247306824e-02
2.858081832528114319e-02
2.822416275739669800e-02
2.779402397572994232e-02
2.735234424471855164e-02
2.690000273287296295e-02
2.656626701354980469e-02
2.624330297112464905e-02
2.605942077934741974e-02
2.594252303242683411e-02
2.575500495731830597e-02
2.564326860010623932e-02
2.565995976328849792e-02
2.575366385281085968e-02
2.598183229565620422e-02
2.624465338885784149e-02
2.639779075980186462e-02
2.647952735424041748e-02
2.652088738977909088e-02
2.640259265899658203e-02
2.617848664522171021e-02
2.584788948297500610e-02
2.552883327007293701e-02
2.516886591911315918e-02
2.494424954056739807e-02
2.482137456536293030e-02
2.480915561318397522e-02
2.494166046380996704e-02
2.518566697835922241e-02
2.549628727138042450e-02
2.585231885313987732e-02
2.599525079131126404e-02
2.614898048341274261e-02
2.616680972278118134e-02
2.602576464414596558e-02
2.587232552468776703e-02
2.573040500283241272e-02
2.556389756500720978e-02
2.539727836847305298e-02
2.526704408228397369e-02
2.514308504760265350e-02
2.515531703829765320e-02
2.517980895936489105e-02
2.530003711581230164e-02
2.533868886530399323e-02
2.533753588795661926e-02
2.539017423987388611e-02
2.540434896945953369e-02
2.539718523621559143e-02
2.539269626140594482e-02
2.548552490770816803e-02
2.547904290258884430e-02
2.553256414830684662e-02
2.552712149918079376e-02
2.552211657166481018e-02
2.527584321796894073e-02
2.521274797618389130e-02
2.515070140361785889e-02
2.507177181541919708e-02
2.495127543807029724e-02
2.490199543535709381e-02
2.485209517180919647e-02
2.483085915446281433e-02
2.486064657568931580e-02
2.493721060454845428e-02
2.501778118312358856e-02
2.513260021805763245e-02
2.532489411532878876e-02
2.543994039297103882e-02
2.550317533314228058e-02
2.548004128038883209e-02
2.539016865193843842e-02
2.533727139234542847e-02
2.533459477126598358e-02
2.535441517829895020e-02
2.540813013911247253e-02
2.551201730966567993e-02
2.565099485218524933e-02
2.570834010839462280e-02
2.575628645718097687e-02
2.583681792020797729e-02
2.615856006741523743e-02
2.642086334526538849e-02
2.673531882464885712e-02
2.698247507214546204e-02
2.714843861758708954e-02
2.726925723254680634e-02
2.733856067061424255e-02
2.739686705172061920e-02
2.741476707160472870e-02
2.723374962806701660e-02
2.715152688324451447e-02
2.715094760060310364e-02
2.718348987400531769e-02
2.723035216331481934e-02
2.725361660122871399e-02
2.727325819432735443e-02
2.729599364101886749e-02
2.728177048265933990e-02
2.721325121819972992e-02
2.710340544581413269e-02
2.705265209078788757e-02
2.703687548637390137e-02
2.705518715083599091e-02
2.708279341459274292e-02
2.708181925117969513e-02
2.675236389040946960e-02
2.647138759493827820e-02
2.622230350971221924e-02
2.605783194303512573e-02
2.598440647125244141e-02
2.599546685814857483e-02
2.609418705105781555e-02
2.623057924211025238e-02
2.645744942128658295e-02
2.671479247510433197e-02
2.705175429582595825e-02
2.752645872533321381e-02
2.790379896759986877e-02
2.807444147765636444e-02
2.817156538367271423e-02
2.813484705984592438e-02
2.800111100077629089e-02
2.780600823462009430e-02
2.762475237250328064e-02
2.746853977441787720e-02
2.730365283787250519e-02
2.713239192962646484e-02
2.698863297700881958e-02
2.691481448709964752e-02
2.689751982688903809e-02
2.687652781605720520e-02
2.698690630495548248e-02
2.709242701530456543e-02
2.721533365547657013e-02
2.734053879976272583e-02
2.748729288578033447e-02
2.758523635566234589e-02
2.764082141220569611e-02
2.765269763767719269e-02
2.757153846323490143e-02
2.745315432548522949e-02
2.727113850414752960e-02
2.705329842865467072e-02
2.687311545014381409e-02
2.683800645172595978e-02
2.684819512069225311e-02
2.688956819474697113e-02
2.698448114097118378e-02
2.706619165837764740e-02
2.710548043251037598e-02
2.715986035764217377e-02
2.717225439846515656e-02
2.717518620193004608e-02
2.719969116151332855e-02
2.716630510985851288e-02
2.714822627604007721e-02
2.716282382607460022e-02
2.714966237545013428e-02
2.714594081044197083e-02
2.716018445789813995e-02
2.715311758220195770e-02
2.711877971887588501e-02
2.709043957293033600e-02
2.706556953489780426e-02
2.705718204379081726e-02
2.702823467552661896e-02
2.701838128268718719e-02
2.703326009213924408e-02
2.705110982060432434e-02
2.706630341708660126e-02
2.706716582179069519e-02
2.704227901995182037e-02
2.705359086394309998e-02
2.710539475083351135e-02
2.715023234486579895e-02
2.719835750758647919e-02
2.722391299903392792e-02
2.724921703338623047e-02
2.725792489945888519e-02
2.732058614492416382e-02
2.744176611304283142e-02
2.758523449301719666e-02
2.768954820930957794e-02
2.775661647319793701e-02
2.777975425124168396e-02
2.784942463040351868e-02
2.783715166151523590e-02
2.779883891344070435e-02
2.770246751606464386e-02
2.764696814119815826e-02
2.750104106962680817e-02
2.739942073822021484e-02
2.703626453876495361e-02
2.672774530947208405e-02
2.657659538090229034e-02
2.649501897394657135e-02
2.650765329599380493e-02
2.655091695487499237e-02
2.660612948238849640e-02
2.662379108369350433e-02
2.663373202085494995e-02
2.655064500868320465e-02
2.645179070532321930e-02
2.637030556797981262e-02
2.634667977690696716e-02
2.631994895637035370e-02
2.622288651764392853e-02
2.596261538565158844e-02
2.569729834794998169e-02
2.548888139426708221e-02
2.540362067520618439e-02
2.549524605274200439e-02
2.564253285527229309e-02
2.586394362151622772e-02
2.617299742996692657e-02
2.647754922509193420e-02
2.672173082828521729e-02
2.688142843544483185e-02
2.695105597376823425e-02
2.698927745223045349e-02
2.699862420558929443e-02
2.692661061882972717e-02
2.680600620806217194e-02
2.670247480273246765e-02
2.656714059412479401e-02
2.649785764515399933e-02
2.638226002454757690e-02
2.627849020063877106e-02
2.624688670039176941e-02
2.632406353950500488e-02
2.646671235561370850e-02
2.659841813147068024e-02
2.670814283192157745e-02
2.682394348084926605e-02
2.691355347633361816e-02
2.695459872484207153e-02
2.690158784389495850e-02
2.681556716561317444e-02
2.672945894300937653e-02
2.659906260669231415e-02
2.651731669902801514e-02
2.648411691188812256e-02
2.645272389054298401e-02
2.641754038631916046e-02
2.639439143240451813e-02
2.639344334602355957e-02
2.638409100472927094e-02
2.631944045424461365e-02
2.626801282167434692e-02
2.620943821966648102e-02
2.616566978394985199e-02
2.615842409431934357e-02
2.614571340382099152e-02
2.618467994034290314e-02
2.622551098465919495e-02
2.624194696545600891e-02
2.614791318774223328e-02
2.607189118862152100e-02
2.601549401879310608e-02
2.592177875339984894e-02
2.581356652081012726e-02
2.566008269786834717e-02
2.554908767342567444e-02
2.547494135797023773e-02
2.546494267880916595e-02
2.551292069256305695e-02
2.560489065945148468e-02
2.571730688214302063e-02
2.576263248920440674e-02
2.580953389406204224e-02
2.582843787968158722e-02
2.579657733440399170e-02
2.574115619063377380e-02
2.570546045899391174e-02
2.561008557677268982e-02
2.557328715920448303e-02
2.552683465182781219e-02
2.552190423011779785e-02
2.551995776593685150e-02
2.557433769106864929e-02
2.570098452270030975e-02
2.583776973187923431e-02
2.596513740718364716e-02
2.606569416821002960e-02
2.611277438700199127e-02
2.617628686130046844e-02
2.627907320857048035e-02
2.632758207619190216e-02
2.636215649545192719e-02
2.636113949120044708e-02
2.633807994425296783e-02
2.625439502298831940e-02
2.620241045951843262e-02
2.615983039140701294e-02
2.608313784003257751e-02
2.604389749467372894e-02
2.601285278797149658e-02
2.598572708666324615e-02
2.597562409937381744e-02
2.599054016172885895e-02
2.602029033005237579e-02
2.600654214620590210e-02
2.597369812428951263e-02
2.594016119837760925e-02
2.588933520019054413e-02
2.588445320725440979e-02
2.583070844411849976e-02
2.576052956283092499e-02
2.568113990128040314e-02
2.559726499021053314e-02
2.549726516008377075e-02
2.538968250155448914e-02
2.532127127051353455e-02
2.529688924551010132e-02
2.533550187945365906e-02
2.535747364163398743e-02
2.538213320076465607e-02
2.541134878993034363e-02
2.541772834956645966e-02
2.543084323406219482e-02
2.541076950728893280e-02
2.537746354937553406e-02
2.535770088434219360e-02
2.535225264728069305e-02
2.535019628703594208e-02
2.536957897245883942e-02
2.538277022540569305e-02
2.535187825560569763e-02
2.531933411955833435e-02
2.527937479317188263e-02
2.525656484067440033e-02
2.523345127701759338e-02
2.524326555430889130e-02
2.527183666825294495e-02
2.528540045022964478e-02
2.530511282384395599e-02
2.531664445996284485e-02
2.533249929547309875e-02
2.540694363415241241e-02
2.548567391932010651e-02
2.558797039091587067e-02
2.565821819007396698e-02
2.570523135364055634e-02
2.574273943901062012e-02
2.577458508312702179e-02
2.578461542725563049e-02
2.583020552992820740e-02
2.588395774364471436e-02
2.595376409590244293e-02
2.601675130426883698e-02
2.607463113963603973e-02
2.610544674098491669e-02
2.614999748766422272e-02
2.617334201931953430e-02
2.617158181965351105e-02
2.616394497454166412e-02
2.613690681755542755e-02
2.606518566608428955e-02
2.592507563531398773e-02
2.581357397139072418e-02
2.578645758330821991e-02
2.579480409622192383e-02
2.579200640320777893e-02
2.584095485508441925e-02
2.585852518677711487e-02
2.589014172554016113e-02
2.593580260872840881e-02
2.594276145100593567e-02
2.594056352972984314e-02
2.591150440275669098e-02
2.583847567439079285e-02
2.576868981122970581e-02
2.569629997014999390e-02
2.562891505658626556e-02
2.554701268672943115e-02
2.545811794698238373e-02
2.536449022591114044e-02
2.535228803753852844e-02
2.537178248167037964e-02
2.539932914078235626e-02
2.539671026170253754e-02
2.537519671022891998e-02
2.528933994472026825e-02
2.523778378963470459e-02
2.516262978315353394e-02
2.518039382994174957e-02
2.517001703381538391e-02
2.516113966703414917e-02
2.512228675186634064e-02
2.509288862347602844e-02
2.505098842084407806e-02
2.503624930977821350e-02
2.502060681581497192e-02
2.506765723228454590e-02
2.511261776089668274e-02
2.518122270703315735e-02
2.527920156717300415e-02
2.532578445971012115e-02
2.535280399024486542e-02
2.530061081051826477e-02
2.522448822855949402e-02
2.513647451996803284e-02
2.505537122488021851e-02
2.500227466225624084e-02
2.498904615640640259e-02
2.502694912254810333e-02
2.507189847528934479e-02
2.512402273714542389e-02
2.516164444386959076e-02
2.515751682221889496e-02
2.512340433895587921e-02
2.503306604921817780e-02
2.490553632378578186e-02
2.476081252098083496e-02
2.461555041372776031e-02
2.450460009276866913e-02
2.440182305872440338e-02
2.433522604405879974e-02
2.428964525461196899e-02
2.425898611545562744e-02
2.424003742635250092e-02
2.418000623583793640e-02
2.414116449654102325e-02
2.411273121833801270e-02
2.405079081654548645e-02
2.398284152150154114e-02
2.396236173808574677e-02
2.399104461073875427e-02
2.401625365018844604e-02
2.404186129570007324e-02
2.405518107116222382e-02
2.406945265829563141e-02
2.346299588680267334e-02
2.331775426864624023e-02
2.327007614076137543e-02
2.329458482563495636e-02
2.340032532811164856e-02
2.350848540663719177e-02
2.361869625747203827e-02
2.376364357769489288e-02
2.387118898332118988e-02
2.396474219858646393e-02
2.400187961757183075e-02
2.399626374244689941e-02
2.393469773232936859e-02
2.382425963878631592e-02
2.366891503334045410e-02
2.348254062235355377e-02
2.329106628894805908e-02
2.309893630445003510e-02
2.297962829470634460e-02
2.287867479026317596e-02
2.283877693116664886e-02
2.281401865184307098e-02
2.282158657908439636e-02
2.284988574683666229e-02
2.285910025238990784e-02
2.287619374692440033e-02
2.287285029888153076e-02
2.287920191884040833e-02
2.289000153541564941e-02
2.290628291666507721e-02
2.292811311781406403e-02
2.297545038163661957e-02
2.303122542798519135e-02
2.308560349047183990e-02
2.311386726796627045e-02
2.312856167554855347e-02
2.318679727613925934e-02
2.322400547564029694e-02
2.323111332952976227e-02
2.317296527326107025e-02
2.316574193537235260e-02
2.317363396286964417e-02
2.318365871906280518e-02
2.322641387581825256e-02
2.328300476074218750e-02
2.332585304975509644e-02
2.336656115949153900e-02
2.339460514485836029e-02
2.342448383569717407e-02
2.342966198921203613e-02
2.343752048909664154e-02
2.346661686897277832e-02
2.350468002259731293e-02
2.354614622890949249e-02
2.358707785606384277e-02
2.362943999469280243e-02
2.365197613835334778e-02
2.366412244737148285e-02
2.365362085402011871e-02
2.365771494805812836e-02
2.368123643100261688e-02
2.371952682733535767e-02
2.378578670322895050e-02
2.384653501212596893e-02
2.392462641000747681e-02
2.398696914315223694e-02
2.404977940022945404e-02
2.408703602850437164e-02
2.416211366653442383e-02
2.425937168300151825e-02
2.432457916438579559e-02
2.435684204101562500e-02
2.435429207980632782e-02
2.432059310376644135e-02
2.429403178393840790e-02
2.425326406955718994e-02
2.420954219996929169e-02
2.424101158976554871e-02
2.427268400788307190e-02
2.429219894111156464e-02
2.430820837616920471e-02
2.429446950554847717e-02
2.427250891923904419e-02
2.423614822328090668e-02
2.420376427471637726e-02
2.418664842844009399e-02
2.417864650487899780e-02
2.417470328509807587e-02
2.419334650039672852e-02
2.424363046884536743e-02
2.429057285189628601e-02
2.433385886251926422e-02
2.437887899577617645e-02
2.439664490520954132e-02
2.444578520953655243e-02
2.447116561233997345e-02
2.448812685906887054e-02
2.450076118111610413e-02
2.447411417961120605e-02
2.444843947887420654e-02
2.442012354731559753e-02
2.438504621386528015e-02
2.435692772269248962e-02
2.430447936058044434e-02
2.426503039896488190e-02
2.422675304114818573e-02
2.422573044896125793e-02
2.420952916145324707e-02
2.416122891008853912e-02
2.410298399627208710e-02
2.403733879327774048e-02
2.395898103713989258e-02
2.388584055006504059e-02
2.384693920612335205e-02
2.379722334444522858e-02
2.376759052276611328e-02
2.375141344964504242e-02
2.374294959008693695e-02
2.371574193239212036e-02
2.373664639890193939e-02
2.374384924769401550e-02
2.375115081667900085e-02
2.377372793853282928e-02
2.378503419458866119e-02
2.378216572105884552e-02
2.375811152160167694e-02
2.373070642352104187e-02
2.369662374258041382e-02
2.367390133440494537e-02
2.364581823348999023e-02
2.365596406161785126e-02
2.365339733660221100e-02
2.350685559213161469e-02
2.339542098343372345e-02
2.336109429597854614e-02
2.336031571030616760e-02
2.339173667132854462e-02
2.343914844095706940e-02
2.350053191184997559e-02
2.355637773871421814e-02
2.361452952027320862e-02
2.364665642380714417e-02
2.366014383733272552e-02
2.362376265227794647e-02
2.356535568833351135e-02
2.350129932165145874e-02
2.342981100082397461e-02
2.336790598928928375e-02
2.331678569316864014e-02
2.328024245798587799e-02
2.326209284365177155e-02
2.325428090989589691e-02
2.326698973774909973e-02
2.329593524336814880e-02
2.335464395582675934e-02
2.340081334114074707e-02
2.342280372977256775e-02
2.344000898301601410e-02
2.340276166796684265e-02
2.336003258824348450e-02
2.334888651967048645e-02
2.333685755729675293e-02
2.328721992671489716e-02
2.325598336756229401e-02
2.320124395191669464e-02
2.315389178693294525e-02
2.311157807707786560e-02
2.307656966149806976e-02
2.300797961652278900e-02
2.299011684954166412e-02
2.297904528677463531e-02
2.290368638932704926e-02
2.286184951663017273e-02
2.282373234629631042e-02
2.280596084892749786e-02
2.280360646545886993e-02
2.278709784150123596e-02
2.279429323971271515e-02
2.278099581599235535e-02
2.275711670517921448e-02
2.272649854421615601e-02
2.272051386535167694e-02
2.271373756229877472e-02
2.273782342672348022e-02
2.281437441706657410e-02
2.290303260087966919e-02
2.290166169404983521e-02
2.288650721311569214e-02
2.283875830471515656e-02
2.275958843529224396e-02
2.268436364829540253e-02
2.263182774186134338e-02
2.259256690740585327e-02
2.260947600007057190e-02
2.260651811957359314e-02
2.261599339544773102e-02
2.264256775379180908e-02
2.269934490323066711e-02
2.275946177542209625e-02
2.281040325760841370e-02
2.286993712186813354e-02
2.294388972222805023e-02
2.301328815519809723e-02
2.303647436201572418e-02
2.307201735675334930e-02
2.311489731073379517e-02
2.314326353371143341e-02
2.315558306872844696e-02
2.315918728709220886e-02
2.315577305853366852e-02
2.315480262041091919e-02
2.315523661673069000e-02
2.315657772123813629e-02
2.317463979125022888e-02
2.321371622383594513e-02
2.327174693346023560e-02
2.337465621531009674e-02
2.345460839569568634e-02
2.352720126509666443e-02
2.358656749129295349e-02
2.361410669982433319e-02
2.361068874597549438e-02
2.356922812759876251e-02
2.350808866322040558e-02
2.343140915036201477e-02
2.337582223117351532e-02
2.333906665444374084e-02
2.328576892614364624e-02
2.325339801609516144e-02
2.324529178440570831e-02
2.322827838361263275e-02
2.321830019354820251e-02
2.320735529065132141e-02
2.320723421871662140e-02
2.321689389646053314e-02
2.322328835725784302e-02
2.324850298464298248e-02
2.326731756329536438e-02
2.326366305351257324e-02
2.320820093154907227e-02
2.318052388727664948e-02
2.315246313810348511e-02
2.311935089528560638e-02
2.310016937553882599e-02
2.307119779288768768e-02
2.305047772824764252e-02
2.304032817482948303e-02
2.306749857962131500e-02
2.311730757355690002e-02
2.313845604658126831e-02
2.314467355608940125e-02
2.314280532300472260e-02
2.312147617340087891e-02
2.313803508877754211e-02
2.314510382711887360e-02
2.315077558159828186e-02
2.317715063691139221e-02
2.319371514022350311e-02
2.318844199180603027e-02
2.317574433982372284e-02
2.315771020948886871e-02
2.313874103128910065e-02
2.313571050763130188e-02
2.316852100193500519e-02
2.321868389844894409e-02
2.326010540127754211e-02
2.328737080097198486e-02
2.329200133681297302e-02
2.326933853328227997e-02
2.325733564794063568e-02
2.320985868573188782e-02
2.314385958015918732e-02
2.306443080306053162e-02
2.297301031649112701e-02
2.289133332669734955e-02
2.281960658729076385e-02
2.273477800190448761e-02
2.266818657517433167e-02
2.263130061328411102e-02
2.261370234191417694e-02
2.261501736938953400e-02
2.263658866286277771e-02
2.267684787511825562e-02
2.274165302515029907e-02
2.279896289110183716e-02
2.282213978469371796e-02
2.281795255839824677e-02
2.278980612754821777e-02
2.273589558899402618e-02
2.266142331063747406e-02
2.260328084230422974e-02
2.251486480236053467e-02
2.243194170296192169e-02
2.237167023122310638e-02
2.233776636421680450e-02
2.233829349279403687e-02
2.240525372326374054e-02
2.246939390897750854e-02
2.251902222633361816e-02
2.257649600505828857e-02
2.262173593044281006e-02
2.263347245752811432e-02
2.263878658413887024e-02
2.264932915568351746e-02
2.261310629546642303e-02
2.257168106734752655e-02
2.252030186355113983e-02
2.246825397014617920e-02
2.241806685924530029e-02
2.239066921174526215e-02
2.238516695797443390e-02
2.238579280674457550e-02
2.239536121487617493e-02
2.243374288082122803e-02
2.246583998203277588e-02
2.284922823309898376e-02
2.317197062075138092e-02
2.341888472437858582e-02
2.360603027045726776e-02
2.376037836074829102e-02
2.385940961539745331e-02
2.390335686504840851e-02
2.392292581498622894e-02
2.393764071166515350e-02
2.394703216850757599e-02
2.393463812768459320e-02
2.392587438225746155e-02
2.392745390534400940e-02
2.390548959374427795e-02
2.387877181172370911e-02
2.383704297244548798e-02
2.381629683077335358e-02
2.378906309604644775e-02
2.374974824488162994e-02
2.372268214821815491e-02
2.367834188044071198e-02
2.361612953245639801e-02
2.355928532779216766e-02
2.347212284803390503e-02
2.336863987147808075e-02
2.327396534383296967e-02
2.322329953312873840e-02
2.317994460463523865e-02
2.313249744474887848e-02
2.308931201696395874e-02
2.304370515048503876e-02
2.302782610058784485e-02
2.305166423320770264e-02
2.307766303420066833e-02
2.308723330497741699e-02
2.306868508458137512e-02
2.306467480957508087e-02
2.305694855749607086e-02
2.308207191526889801e-02
2.309244871139526367e-02
2.310871705412864685e-02
2.312969416379928589e-02
2.315083891153335571e-02
2.317567914724349976e-02
2.321332506835460663e-02
2.325716987252235413e-02
2.332131750881671906e-02
2.336823381483554840e-02
2.342062257230281830e-02
2.346920035779476166e-02
2.350764162838459015e-02
2.354183606803417206e-02
2.357997559010982513e-02
2.360533550381660461e-02
2.360497787594795227e-02
2.360079064965248108e-02
2.359554916620254517e-02
2.358232066035270691e-02
2.356995642185211182e-02
2.359035424888134003e-02
2.357987500727176666e-02
2.355481684207916260e-02
2.352804876863956451e-02
2.351641841232776642e-02
2.349831536412239075e-02
2.350267395377159119e-02
2.355861477553844452e-02
2.360834740102291107e-02
2.364985458552837372e-02
2.367850765585899353e-02
2.371159568428993225e-02
2.376208081841468811e-02
2.382024377584457397e-02
2.387773059308528900e-02
2.391766570508480072e-02
2.395364455878734589e-02
2.397281676530838013e-02
2.395730651915073395e-02
2.393741905689239502e-02
2.393800765275955200e-02
2.393809892237186432e-02
2.394806221127510071e-02
2.393518202006816864e-02
2.393989823758602142e-02
2.395304478704929352e-02
2.398136816918849945e-02
2.400798164308071136e-02
2.404079400002956390e-02
2.406733296811580658e-02
2.408376522362232208e-02
2.407776564359664917e-02
2.406993694603443146e-02
2.406853809952735901e-02
2.407030761241912842e-02
2.406917884945869446e-02
2.408932521939277649e-02
2.410497702658176422e-02
2.410864830017089844e-02
2.409454062581062317e-02
2.408240549266338348e-02
2.404653467237949371e-02
2.403080277144908905e-02
2.402152866125106812e-02
2.398262917995452881e-02
2.392856590449810028e-02
2.389678172767162323e-02
2.388569153845310211e-02
2.389597706496715546e-02
2.389404177665710449e-02
2.390438504517078400e-02
2.392500080168247223e-02
2.394606918096542358e-02
2.392100170254707336e-02
2.388137765228748322e-02
2.386828511953353882e-02
2.384906448423862457e-02
2.382743172347545624e-02
2.384454570710659027e-02
2.387756668031215668e-02
2.393966354429721832e-02
2.397638931870460510e-02
2.402130700647830963e-02
2.407504618167877197e-02
2.411352843046188354e-02
2.414458617568016052e-02
2.416064590215682983e-02
2.418865822255611420e-02
2.421138621866703033e-02
2.422257699072360992e-02
2.422359399497509003e-02
2.422279119491577148e-02
2.422608807682991028e-02
2.423827163875102997e-02
2.425634302198886871e-02
2.431721799075603485e-02
2.436545863747596741e-02
2.441602386534214020e-02
2.447697147727012634e-02
2.452275715768337250e-02
2.455292828381061554e-02
2.456314675509929657e-02
2.456101402640342712e-02
2.456594817340373993e-02
2.455519698560237885e-02
2.454412356019020081e-02
2.452765032649040222e-02
2.451864257454872131e-02
2.450337260961532593e-02
2.447850629687309265e-02
2.446029707789421082e-02
2.445530146360397339e-02
2.444793097674846649e-02
2.444917336106300354e-02
2.444582432508468628e-02
2.442475408315658569e-02
2.437108941376209259e-02
2.430276013910770416e-02
2.424098551273345947e-02
2.419899031519889832e-02
2.414568141102790833e-02
2.411520294845104218e-02
2.408879250288009644e-02
2.408515103161334991e-02
2.410302311182022095e-02
2.413337305188179016e-02
2.418837882578372955e-02
2.422682195901870728e-02
2.424760535359382629e-02
2.425416558980941772e-02
2.426093630492687225e-02
2.426131814718246460e-02
2.414557151496410370e-02
2.406862005591392517e-02
2.402521483600139618e-02
2.401220239698886871e-02
2.402354218065738678e-02
2.407253161072731018e-02
2.415082417428493500e-02
2.427446842193603516e-02
2.447344362735748291e-02
2.468297258019447327e-02
2.488559298217296600e-02
2.507482469081878662e-02
2.525507844984531403e-02
2.538379468023777008e-02
2.543611451983451843e-02
2.544677816331386566e-02
2.544442005455493927e-02
2.544359862804412842e-02
2.546787075698375702e-02
2.549964375793933868e-02
2.553222700953483582e-02
2.556621097028255463e-02
2.560218051075935364e-02
2.560467272996902466e-02
2.560763433575630188e-02
2.560273185372352600e-02
2.560762874782085419e-02
2.561404928565025330e-02
2.561268955469131470e-02
2.561671473085880280e-02
2.563172951340675354e-02
2.562505751848220825e-02
2.559356018900871277e-02
2.558304928243160248e-02
2.560220286250114441e-02
2.560007572174072266e-02
2.557368017733097076e-02
2.555393613874912262e-02
2.553245052695274353e-02
2.551493421196937561e-02
2.550290897488594055e-02
2.546453289687633514e-02
2.543732523918151855e-02
2.534610591828823090e-02
2.527378313243389130e-02
2.522195875644683838e-02
2.520247735083103180e-02
2.520980872213840485e-02
2.523615956306457520e-02
2.529961988329887390e-02
2.538773417472839355e-02
2.546007372438907623e-02
2.554376982152462006e-02
2.558462135493755341e-02
2.561043202877044678e-02
2.563489787280559540e-02
2.564926445484161377e-02
2.564941532909870148e-02
2.565312758088111877e-02
2.564075030386447906e-02
2.560913003981113434e-02
2.558724209666252136e-02
2.555614896118640900e-02
2.552414126694202423e-02
2.546032704412937164e-02
2.541521377861499786e-02
2.543163113296031952e-02
2.546265535056591034e-02
2.550815977156162262e-02
2.556329593062400818e-02
2.560089901089668274e-02
2.562917396426200867e-02
2.564050629734992981e-02
2.564275264739990234e-02
2.563251741230487823e-02
2.562746778130531311e-02
2.563712932169437408e-02
2.564443834125995636e-02
2.563545294106006622e-02
2.560644969344139099e-02
2.558842487633228302e-02
2.557137794792652130e-02
2.556058764457702637e-02
2.556082978844642639e-02
2.555853128433227539e-02
2.555832453072071075e-02
2.555988170206546783e-02
2.556399814784526825e-02
2.556664124131202698e-02
2.556927502155303955e-02
2.555171959102153778e-02
2.552627772092819214e-02
2.552068419754505157e-02
2.548377029597759247e-02
2.524923346936702728e-02
2.505668066442012787e-02
2.490277215838432312e-02
2.480442449450492859e-02
2.473416924476623535e-02
2.469639852643013000e-02
2.470070496201515198e-02
2.474377490580081940e-02
2.482522092759609222e-02
2.491800859570503235e-02
2.503109164535999298e-02
2.514503709971904755e-02
2.526645362377166748e-02
2.536297589540481567e-02
2.537070587277412415e-02
2.536481246352195740e-02
2.534241974353790283e-02
2.532347477972507477e-02
2.528706006705760956e-02
2.526542730629444122e-02
2.525622956454753876e-02
2.525404654443264008e-02
2.530294470489025116e-02
2.535104937851428986e-02
2.538414113223552704e-02
2.540068514645099640e-02
2.538656070828437805e-02
2.535288594663143158e-02
2.529342845082283020e-02
2.525176107883453369e-02
2.520965412259101868e-02
2.517684362828731537e-02
2.515563555061817169e-02
2.515199594199657440e-02
2.514903247356414795e-02
2.513637207448482513e-02
2.510996162891387939e-02
2.511360123753547668e-02
2.513910084962844849e-02
2.516262978315353394e-02
2.518983930349349976e-02
2.523203194141387939e-02
2.526581287384033203e-02
2.530022896826267242e-02
2.533030696213245392e-02
2.537051960825920105e-02
2.540360763669013977e-02
2.541397325694561005e-02
2.542094886302947998e-02
2.541984431445598602e-02
2.543260529637336731e-02
2.543367817997932434e-02
2.542677335441112518e-02
2.539997920393943787e-02
2.537466585636138916e-02
2.534216456115245819e-02
2.531946264207363129e-02
2.531497366726398468e-02
2.530936338007450104e-02
2.530493400990962982e-02
2.532109618186950684e-02
2.533437497913837433e-02
2.533706463873386383e-02
2.536584809422492981e-02
2.538260444998741150e-02
2.539962716400623322e-02
2.540336549282073975e-02
2.541003376245498657e-02
2.541793137788772583e-02
2.540705911815166473e-02
2.540109120309352875e-02
2.537884004414081573e-02
2.536038495600223541e-02
2.532606758177280426e-02
2.529276348650455475e-02
2.524889819324016571e-02
2.522644586861133575e-02
2.521728910505771637e-02
2.521529421210289001e-02
2.520331926643848419e-02
2.520187757909297943e-02
2.520178817212581635e-02
2.519501559436321259e-02
2.519434690475463867e-02
2.520009875297546387e-02
2.519032172858715057e-02
2.516537718474864960e-02
2.514979615807533264e-02
2.513929083943367004e-02
2.513167634606361389e-02
2.514185942709445953e-02
2.514470554888248444e-02
2.515757270157337189e-02
2.518165856599807739e-02
2.521200291812419891e-02
2.525544911623001099e-02
2.530338056385517120e-02
2.536183409392833710e-02
2.540874667465686798e-02
2.545369975268840790e-02
2.549191378057003021e-02
2.552537247538566589e-02
2.555678412318229675e-02
2.558531053364276886e-02
2.561339549720287323e-02
2.565127611160278320e-02
2.568768896162509918e-02
2.570987679064273834e-02
2.573646977543830872e-02
2.575315907597541809e-02
2.576979063451290131e-02
2.577829174697399139e-02
2.578084543347358704e-02
2.577066235244274139e-02
2.576010674238204956e-02
2.577122673392295837e-02
2.578226663172245026e-02
2.576624415814876556e-02
2.574688382446765900e-02
2.568564563989639282e-02
2.562998980283737183e-02
2.557003498077392578e-02
2.553644403815269470e-02
2.552622184157371521e-02
2.553651109337806702e-02
2.553153969347476959e-02
2.553610876202583313e-02
2.553176879882812500e-02
2.552343159914016724e-02
2.552394010126590729e-02
2.551020868122577667e-02
2.550587430596351624e-02
2.551578171551227570e-02
2.552528679370880127e-02
2.554196491837501526e-02
2.557556889951229095e-02
2.559111826121807098e-02
2.560319192707538605e-02
2.562677487730979919e-02
2.565171010792255402e-02
2.566179446876049042e-02
2.568310685455799103e-02
2.569710277020931244e-02
2.572697959840297699e-02
2.577259950339794159e-02
2.582680247724056244e-02
2.586656063795089722e-02
2.590581029653549194e-02
2.592401579022407532e-02
2.593856863677501678e-02
2.594844996929168701e-02
2.594942785799503326e-02
2.592789940536022186e-02
2.589177712798118591e-02
2.585688605904579163e-02
2.582483552396297455e-02
2.578664012253284454e-02
2.577141672372817993e-02
2.577270753681659698e-02
2.578073926270008087e-02
2.578654326498508453e-02
2.580019831657409668e-02
2.582388743758201599e-02
2.584666386246681213e-02
2.586388587951660156e-02
2.587836422026157379e-02
2.587744966149330139e-02
2.588123455643653870e-02
2.589669264853000641e-02
2.592000924050807953e-02
2.594876475632190704e-02
2.597996219992637634e-02
2.601470053195953369e-02
2.602737583220005035e-02
2.606365829706192017e-02
2.610889635980129242e-02
2.615082822740077972e-02
2.615698985755443573e-02
2.616163529455661774e-02
2.615349180996417999e-02
2.614095434546470642e-02
2.612565457820892334e-02
2.610273100435733795e-02
2.609436772763729095e-02
2.608362585306167603e-02
2.606873214244842529e-02
2.605316787958145142e-02
2.604464255273342133e-02
2.602956444025039673e-02
2.602164633572101593e-02
2.601668983697891235e-02
2.601634711027145386e-02
2.602524310350418091e-02
2.602588757872581482e-02
2.604306675493717194e-02
2.606762945652008057e-02
2.607227303087711334e-02
2.606682665646076202e-02
2.603801339864730835e-02
2.599642425775527954e-02
2.596208639442920685e-02
2.593568898737430573e-02
2.592338249087333679e-02
2.591107226908206940e-02
2.590859495103359222e-02
2.590192295610904694e-02
2.589791268110275269e-02
2.589680440723896027e-02
2.590271830558776855e-02
2.588907070457935333e-02
2.587735280394554138e-02
2.586573176085948944e-02
2.584965527057647705e-02
2.583357319235801697e-02
2.582294680178165436e-02
2.581511996686458588e-02
2.579177916049957275e-02
2.592281810939311981e-02
2.605221420526504517e-02
2.616335079073905945e-02
2.624805457890033722e-02
2.631342783570289612e-02
2.636435627937316895e-02
2.640449814498424530e-02
2.643917314708232880e-02
2.644156105816364288e-02
2.643789350986480713e-02
2.642714232206344604e-02
2.642880007624626160e-02
2.643987163901329041e-02
2.645520679652690887e-02
2.637216635048389435e-02
2.631228044629096985e-02
2.627616003155708313e-02
2.625751867890357971e-02
2.629811875522136688e-02
2.633978798985481262e-02
2.638482674956321716e-02
2.642979100346565247e-02
2.647701650857925415e-02
2.653848193585872650e-02
2.660243958234786987e-02
2.666650526225566864e-02
2.672522328794002533e-02
2.679084613919258118e-02
2.683134749531745911e-02
2.685129456222057343e-02
2.685733884572982788e-02
2.686039730906486511e-02
2.685847692191600800e-02
2.684465982019901276e-02
2.682721428573131561e-02
2.680375985801219940e-02
2.673385106027126312e-02
2.666683681309223175e-02
2.658756449818611145e-02
2.650381252169609070e-02
2.644456364214420319e-02
2.638867124915122986e-02
2.632669918239116669e-02
2.627022378146648407e-02
2.622722461819648743e-02
2.619099989533424377e-02
2.615475654602050781e-02
2.613491937518119812e-02
2.610729262232780457e-02
2.607339620590209961e-02
2.604668401181697845e-02
2.602211944758892059e-02
2.599764615297317505e-02
2.596412599086761475e-02
2.594421617686748505e-02
2.595951966941356659e-02
2.596410363912582397e-02
2.597378380596637726e-02
2.597390301525592804e-02
2.596968598663806915e-02
2.596219070255756378e-02
2.594711631536483765e-02
2.593454904854297638e-02
2.593320608139038086e-02
2.592923305928707123e-02
2.591302618384361267e-02
2.588732168078422546e-02
2.586517855525016785e-02
2.583411335945129395e-02
2.580108307301998138e-02
2.578324452042579651e-02
2.575829066336154938e-02
2.573822252452373505e-02
2.572338096797466278e-02
2.570573054254055023e-02
2.568839304149150848e-02
2.566134743392467499e-02
2.563979849219322205e-02
2.561166696250438690e-02
2.559291571378707886e-02
2.556857652962207794e-02
2.554173395037651062e-02
2.551664784550666809e-02
2.550213038921356201e-02
2.548190206289291382e-02
2.546204626560211182e-02
2.544582448899745941e-02
2.543321996927261353e-02
2.544090338051319122e-02
2.544476464390754700e-02
2.545400895178318024e-02
2.546030096709728241e-02
2.546989545226097107e-02
2.548368275165557861e-02
2.550441771745681763e-02
2.552438899874687195e-02
2.554460614919662476e-02
2.556395530700683594e-02
2.557682991027832031e-02
2.556682750582695007e-02
2.553703822195529938e-02
2.549839019775390625e-02
2.545911818742752075e-02
2.542827837169170380e-02
2.541356720030307770e-02
2.540272288024425507e-02
2.540618367493152618e-02
2.539417706429958344e-02
2.537981234490871429e-02
2.536483108997344971e-02
2.535186894237995148e-02
2.533627487719058990e-02
2.531174384057521820e-02
2.529512345790863037e-02
2.528694644570350647e-02
2.529308572411537170e-02
2.529725059866905212e-02
2.530020847916603088e-02
2.528704144060611725e-02
2.527780830860137939e-02
2.526190131902694702e-02
2.524892613291740417e-02
2.522206492722034454e-02
2.521198615431785583e-02
2.520730718970298767e-02
2.520237304270267487e-02
2.519563585519790649e-02
2.519325911998748779e-02
2.520544826984405518e-02
2.523454651236534119e-02
2.525228261947631836e-02
2.525922842323780060e-02
2.527614124119281769e-02
2.530121989548206329e-02
2.533248998224735260e-02
2.537914924323558807e-02
2.542275562882423401e-02
2.549115195870399475e-02
2.556172199547290802e-02
2.561349421739578247e-02
2.565290406346321106e-02
2.568399533629417419e-02
2.569919452071189880e-02
2.571697160601615906e-02
2.574986033141613007e-02
2.577680535614490509e-02
2.580072358250617981e-02
2.581063657999038696e-02
2.580826357007026672e-02
2.581125870347023010e-02
2.581548132002353668e-02
2.581109292805194855e-02
2.581065148115158081e-02
2.579228766262531281e-02
2.578602358698844910e-02
2.576767094433307648e-02
2.575724013149738312e-02
2.573828026652336121e-02
2.572177723050117493e-02
2.570004947483539581e-02
2.568521723151206970e-02
2.566530369222164154e-02
2.565208077430725098e-02
2.561810240149497986e-02
2.558707632124423981e-02
2.555873058736324310e-02
2.552593685686588287e-02
2.549709752202033997e-02
2.546474337577819824e-02
2.543883770704269409e-02
2.541160769760608673e-02
2.539050951600074768e-02
2.537248283624649048e-02
2.535816282033920288e-02
2.535048127174377441e-02
2.532789483666419983e-02
2.531719394028186798e-02
2.531023696064949036e-02
2.529939450323581696e-02
2.530719898641109467e-02
2.543643862009048462e-02
2.557132951915264130e-02
2.571167424321174622e-02
2.584993839263916016e-02
2.600281685590744019e-02
2.615632675588130951e-02
2.630805224180221558e-02
2.645446918904781342e-02
2.660094574093818665e-02
2.674654684960842133e-02
2.687738649547100067e-02
2.699986658990383148e-02
2.711330913007259369e-02
2.721598558127880096e-02
2.731589041650295258e-02
2.740223519504070282e-02
2.747930027544498444e-02
2.755031734704971313e-02
2.760061994194984436e-02
2.764265984296798706e-02
2.768289484083652496e-02
2.771709114313125610e-02
2.772745117545127869e-02
2.772680297493934631e-02
2.772253192961215973e-02
2.771649509668350220e-02
2.772473543882369995e-02
2.773392014205455780e-02
2.773757465183734894e-02
2.773917838931083679e-02
2.773499302566051483e-02
2.773857302963733673e-02
2.774073556065559387e-02
2.773328870534896851e-02
2.771554701030254364e-02
2.770029008388519287e-02
2.768199518322944641e-02
2.765504643321037292e-02
2.762686274945735931e-02
2.760353684425354004e-02
2.758710645139217377e-02
2.757663838565349579e-02
2.756205759942531586e-02
2.754114940762519836e-02
2.751662768423557281e-02
2.749684080481529236e-02
2.746760658919811249e-02
2.744830399751663208e-02
2.743147127330303192e-02
2.741988189518451691e-02
2.740451693534851074e-02
2.738625742495059967e-02
2.736843749880790710e-02
2.735567651689052582e-02
2.733999863266944885e-02
2.732043527066707611e-02
2.729758061468601227e-02
2.727055922150611877e-02
2.723948471248149872e-02
2.720731496810913086e-02
2.717633731663227081e-02
2.714927680790424347e-02
2.710600197315216064e-02
2.706131711602210999e-02
2.701450325548648834e-02
2.696791104972362518e-02
2.693360857665538788e-02
2.690771594643592834e-02
2.688050456345081329e-02
2.685398794710636139e-02
2.682002261281013489e-02
2.678383328020572662e-02
2.674713917076587677e-02
2.671583741903305054e-02
2.667962200939655304e-02
2.663947828114032745e-02
2.660642750561237335e-02
2.657735906541347504e-02
2.655341476202011108e-02
2.652663365006446838e-02
2.650246210396289825e-02
2.647624164819717407e-02
2.645639516413211823e-02
2.643919736146926880e-02
2.641929499804973602e-02
2.639058046042919159e-02
2.634481526911258698e-02
2.629790641367435455e-02
2.624755725264549255e-02
2.620523795485496521e-02
2.616442553699016571e-02
2.612092345952987671e-02
2.608065679669380188e-02
2.604790776968002319e-02
2.601771615445613861e-02
2.599593251943588257e-02
2.597340941429138184e-02
2.595399320125579834e-02
2.593594789505004883e-02
2.592282928526401520e-02
2.591286413371562958e-02
2.589716389775276184e-02
2.588195540010929108e-02
2.585504204034805298e-02
2.583577297627925873e-02
2.581833302974700928e-02
2.581830136477947235e-02
2.582732588052749634e-02
2.584484219551086426e-02
2.585953846573829651e-02
2.587176114320755005e-02
2.588756941258907318e-02
2.590817213058471680e-02
2.593184821307659149e-02
2.596162632107734680e-02
2.602506801486015320e-02
2.607700601220130920e-02
2.612396888434886932e-02
2.617004327476024628e-02
2.621325105428695679e-02
2.625110745429992676e-02
2.628744393587112427e-02
2.631439268589019775e-02
2.634042128920555115e-02
2.636118046939373016e-02
2.637297660112380981e-02
2.637085132300853729e-02
2.637273073196411133e-02
2.637088298797607422e-02
2.636898122727870941e-02
2.636654861271381378e-02
2.636613138020038605e-02
2.636674419045448303e-02
2.637087181210517883e-02
2.636904641985893250e-02
2.636741660535335541e-02
2.636740170419216156e-02
2.636704221367835999e-02
2.636833675205707550e-02
2.636998891830444336e-02
2.636562101542949677e-02
2.636024914681911469e-02
2.635890431702136993e-02
2.635163813829421997e-02
2.633337303996086121e-02
2.631932124495506287e-02
2.630789205431938171e-02
2.629716694355010986e-02
2.628757804632186890e-02
2.627383731305599213e-02
2.626410685479640961e-02
2.625917457044124603e-02
2.625933848321437836e-02
2.625953406095504761e-02
2.626478113234043121e-02
2.626340091228485107e-02
2.626433596014976501e-02
2.627260796725749969e-02
2.628390677273273468e-02
2.629719115793704987e-02
2.630295604467391968e-02
2.631658688187599182e-02
2.632549963891506195e-02
2.633934654295444489e-02
2.634865790605545044e-02
2.635974250733852386e-02
2.636631391942501068e-02
2.636771276593208313e-02
2.636395767331123352e-02
2.635775320231914520e-02
2.635883353650569916e-02
2.635947242379188538e-02
2.636109851300716400e-02
2.636619843542575836e-02
2.637191303074359894e-02
2.637090347707271576e-02
2.637016028165817261e-02
2.636248245835304260e-02
2.635896578431129456e-02
2.635162137448787689e-02
2.634233608841896057e-02
2.633568830788135529e-02
2.633234858512878418e-02
2.632761187851428986e-02
2.632765844464302063e-02
2.631875686347484589e-02
2.631052583456039429e-02
2.630628459155559540e-02
2.630897797644138336e-02
2.631751634180545807e-02
2.632401883602142334e-02
2.632749453186988831e-02
2.633423358201980591e-02
2.633411064743995667e-02
2.632636204361915588e-02
2.631559222936630249e-02
2.631058171391487122e-02
2.630360610783100128e-02
2.629850618541240692e-02
2.629378996789455414e-02
2.628237754106521606e-02
2.627530694007873535e-02
2.626169845461845398e-02
2.625163830816745758e-02
2.625659108161926270e-02
2.626466937363147736e-02
2.626831829547882080e-02
2.628343924880027771e-02
2.629416435956954956e-02
2.630346454679965973e-02
2.631469257175922394e-02
2.633135393261909485e-02
2.634807117283344269e-02
2.635896392166614532e-02
2.637500315904617310e-02
2.639869973063468933e-02
2.642315626144409180e-02
2.644192054867744446e-02
2.645418792963027954e-02
2.645789086818695068e-02
2.646014839410781860e-02
2.646465413272380829e-02
2.646907977759838104e-02
2.646046876907348633e-02
2.645173110067844391e-02
2.643719315528869629e-02
2.642565220594406128e-02
2.641783654689788818e-02
2.640621177852153778e-02
2.639823965728282928e-02
2.639870904386043549e-02
2.638882584869861603e-02
2.637717686593532562e-02
2.636174857616424561e-02
2.635327726602554321e-02
2.634626440703868866e-02
2.634054794907569885e-02
2.633635327219963074e-02
2.632908150553703308e-02
2.632132731378078461e-02
2.632220089435577393e-02
2.631783671677112579e-02
2.631075307726860046e-02
2.630451880395412445e-02
2.629924565553665161e-02
2.629818953573703766e-02
2.630069665610790253e-02
2.630219981074333191e-02
2.631569840013980865e-02
2.632194198668003082e-02
2.631739340722560883e-02
2.631179988384246826e-02
2.629840746521949768e-02
2.628937177360057831e-02
2.627030201256275177e-02
2.625983953475952148e-02
2.625115215778350830e-02
2.624093927443027496e-02
2.622790075838565826e-02
2.621660195291042328e-02
2.620408497750759125e-02
2.618806622922420502e-02
2.617209218442440033e-02
2.615445479750633240e-02
2.614286169409751892e-02
2.613660506904125214e-02
2.612381055951118469e-02
2.611340954899787903e-02
2.610181272029876709e-02
2.608819678425788879e-02
2.607516571879386902e-02
2.605696395039558411e-02
2.604479528963565826e-02
2.603893913328647614e-02
2.603451162576675415e-02
2.603193372488021851e-02
2.602968923747539520e-02
2.602568082511425018e-02
2.601762861013412476e-02
2.600346505641937256e-02
2.598891034722328186e-02
2.597866952419281006e-02
2.597831562161445618e-02
2.598195895552635193e-02
2.599028870463371277e-02
2.600519545376300812e-02
2.602081187069416046e-02
2.603224106132984161e-02
2.604369260370731354e-02
2.605283819139003754e-02
2.605860307812690735e-02
2.605738677084445953e-02
2.604823932051658630e-02
2.604128234088420868e-02
2.604123763740062714e-02
2.603751234710216522e-02
2.603271976113319397e-02
2.602283656597137451e-02
2.600808814167976379e-02
2.598727680742740631e-02
2.596687711775302887e-02
2.594035491347312927e-02
2.591629885137081146e-02
2.589635550975799561e-02
2.587643451988697052e-02
2.586397901177406311e-02
2.585093304514884949e-02
2.585072256624698639e-02
2.585296519100666046e-02
2.586032450199127197e-02
2.587101981043815613e-02
2.587295696139335632e-02
2.587562985718250275e-02
2.586945332586765289e-02
2.586573362350463867e-02
2.587525174021720886e-02
2.589082904160022736e-02
2.591525018215179443e-02
2.593520656228065491e-02
2.595155499875545502e-02
2.596992440521717072e-02
2.598334290087223053e-02
2.599843777716159821e-02
2.600962854921817780e-02
2.601729147136211395e-02
2.602440305054187775e-02
2.602891623973846436e-02
2.603197470307350159e-02
2.603781782090663910e-02
2.604655548930168152e-02
2.605603262782096863e-02
2.606110274791717529e-02
2.606587111949920654e-02
2.607346698641777039e-02
2.607870288193225861e-02
2.608112245798110962e-02
2.608704566955566406e-02
2.609585970640182495e-02
2.610073611140251160e-02
2.610423043370246887e-02
2.610721625387668610e-02
2.611363865435123444e-02
2.612374909222126007e-02
2.613631449639797211e-02
2.615061216056346893e-02
2.616505324840545654e-02
2.618497796356678009e-02
2.620653435587882996e-02
2.622590027749538422e-02
2.624531276524066925e-02
2.625969238579273224e-02
2.627136372029781342e-02
2.628268487751483917e-02
2.630057744681835175e-02
2.631429955363273621e-02
2.632433176040649414e-02
2.633213438093662262e-02
2.633755281567573547e-02
2.634338103234767914e-02
2.635018154978752136e-02
2.635388262569904327e-02
2.635960653424263000e-02
2.636425569653511047e-02
2.636545710265636444e-02
2.636256441473960876e-02
2.636164799332618713e-02
2.636744081974029541e-02
2.636685408651828766e-02
2.636394836008548737e-02
2.636525966227054596e-02
2.636778727173805237e-02
2.636930532753467560e-02
2.637232095003128052e-02
2.637410350143909454e-02
2.638097107410430908e-02
2.638823166489601135e-02
2.639099396765232086e-02
2.639369666576385498e-02
2.639415860176086426e-02
2.639523707330226898e-02
2.639432065188884735e-02
2.639339864253997803e-02
2.639153786003589630e-02
2.639026567339897156e-02
2.639285475015640259e-02
2.639075182378292084e-02
2.638746052980422974e-02
2.638488821685314178e-02
2.638477832078933716e-02
2.637368068099021912e-02
2.637044712901115417e-02
2.637271210551261902e-02
2.637704834342002869e-02
2.638877741992473602e-02
2.640598453581333160e-02
2.643041498959064484e-02
2.644133009016513824e-02
2.645750343799591064e-02
2.647463604807853699e-02
2.648960240185260773e-02
2.650189213454723358e-02
2.651383914053440094e-02
2.652437984943389893e-02
2.653189189732074738e-02
2.654071711003780365e-02
2.654769830405712128e-02
2.655525319278240204e-02
2.656512334942817688e-02
2.657015062868595123e-02
2.657922357320785522e-02
2.658439427614212036e-02
2.658720314502716064e-02
2.658006921410560608e-02
2.656662836670875549e-02
2.655389532446861267e-02
2.653819322586059570e-02
2.651803754270076752e-02
2.649718895554542542e-02
2.647974342107772827e-02
2.646674960851669312e-02
2.645828761160373688e-02
2.645860053598880768e-02
2.641999348998069763e-02
2.638105861842632294e-02
2.634995058178901672e-02
2.632467634975910187e-02
2.630176767706871033e-02
2.628963813185691833e-02
2.627825736999511719e-02
2.626929245889186859e-02
2.625619806349277496e-02
2.623765729367733002e-02
2.621974982321262360e-02
2.620464935898780823e-02
2.619123458862304688e-02
2.617348730564117432e-02
2.615016698837280273e-02
2.612401358783245087e-02
2.609526738524436951e-02
2.606147713959217072e-02
2.602872252464294434e-02
2.599949017167091370e-02
2.597023546695709229e-02
2.594258822500705719e-02
2.591778710484504700e-02
2.589396573603153229e-02
2.586670406162738800e-02
2.583599835634231567e-02
2.581078745424747467e-02
2.579178474843502045e-02
2.577404491603374481e-02
2.575707808136940002e-02
2.574977464973926544e-02
2.574415132403373718e-02
2.574227564036846161e-02
2.574474550783634186e-02
2.574922703206539154e-02
2.575650438666343689e-02
2.576121687889099121e-02
2.577107399702072144e-02
2.578375115990638733e-02
2.579270303249359131e-02
2.579690515995025635e-02
2.580115944147109985e-02
2.580468729138374329e-02
2.581166103482246399e-02
2.581128291785717010e-02
2.581306919455528259e-02
2.581473067402839661e-02
2.581448294222354889e-02
2.581676840782165527e-02
2.581385709345340729e-02
2.581138163805007935e-02
2.580826170742511749e-02
2.580513805150985718e-02
2.580811828374862671e-02
2.580847777426242828e-02
2.580872178077697754e-02
2.580975741147994995e-02
2.580913342535495758e-02
2.581083960831165314e-02
2.581260725855827332e-02
2.581484615802764893e-02
2.581718750298023224e-02
2.581779658794403076e-02
2.581664174795150757e-02
2.581911161541938782e-02
2.582338452339172363e-02
2.582311071455478668e-02
2.582223899662494659e-02
2.581437490880489349e-02
2.580727078020572662e-02
2.580398134887218475e-02
2.580563351511955261e-02
2.580620907247066498e-02
2.580377273261547089e-02
2.579346485435962677e-02
2.578464336693286896e-02
2.577672339975833893e-02
2.577139437198638916e-02
2.576227672398090363e-02
2.575228922069072723e-02
2.573897130787372589e-02
2.571689896285533905e-02
2.569614350795745850e-02
2.567554637789726257e-02
2.565118297934532166e-02
2.563290856778621674e-02
2.561098337173461914e-02
2.559117227792739868e-02
2.556970715522766113e-02
2.555030770599842072e-02
2.553872764110565186e-02
2.553306333720684052e-02
2.553379721939563751e-02
2.553964965045452118e-02
2.554448693990707397e-02
2.555031701922416687e-02
2.555698715150356293e-02
2.558814920485019684e-02
2.561559528112411499e-02
2.564341947436332703e-02
2.565860189497470856e-02
