2.551625482738018036e-02
2.551625482738018036e-02
2.454814314842224121e-02
2.361634746193885803e-02
2.268677204847335815e-02
2.165235392749309540e-02
2.097859419882297516e-02
2.028372697532176971e-02
1.953793503344058990e-02
1.886555366218090057e-02
1.833842322230339050e-02
1.789197698235511780e-02
1.732557825744152069e-02
1.667843014001846313e-02
1.627968624234199524e-02
1.577912643551826477e-02
1.553091872483491898e-02
1.509154401719570160e-02
1.482101809233427048e-02
1.464510709047317505e-02
