5.613559111952781677e-02
5.613559111952781677e-02
5.708390846848487854e-02
5.740140005946159363e-02
5.813943222165107727e-02
5.863638222217559814e-02
5.883044004440307617e-02
5.883044004440307617e-02
5.883044004440307617e-02
5.932543054223060608e-02
5.927586928009986877e-02
5.921253934502601624e-02
5.909670889377593994e-02
5.896168574690818787e-02
5.884324014186859131e-02
5.862167105078697205e-02
5.806549265980720520e-02
5.768351256847381592e-02
5.748022347688674927e-02
5.739045515656471252e-02
