2.556121163070201874e-02
2.556121163070201874e-02
2.435154654085636139e-02
2.346421033143997192e-02
2.264060638844966888e-02
2.164712548255920410e-02
2.056262269616127014e-02
1.944702491164207458e-02
1.883698441088199615e-02
1.826665736734867096e-02
1.822206377983093262e-02
1.840747520327568054e-02
1.859551668167114258e-02
1.878210343420505524e-02
1.873197592794895172e-02
1.863292604684829712e-02
1.826944947242736816e-02
1.791669428348541260e-02
1.761979609727859497e-02
1.719512231647968292e-02
1.673886366188526154e-02
1.630686223506927490e-02
1.582852564752101898e-02
1.518645323812961578e-02
1.438731700181961060e-02
1.360191963613033295e-02
1.290193106979131699e-02
1.224923040717840195e-02
1.169583294540643692e-02
1.131926756352186203e-02
1.103342324495315552e-02
1.078161131590604782e-02
1.054743397980928421e-02
1.028415933251380920e-02
1.011994108557701111e-02
1.002672594040632248e-02
1.004584413021802902e-02
1.003530621528625488e-02
9.968431666493415833e-03
1.001349836587905884e-02
9.780406020581722260e-03
9.566999040544033051e-03
9.393806569278240204e-03
9.227052330970764160e-03
9.073304012417793274e-03
8.725083433091640472e-03
8.249509148299694061e-03
7.571311667561531067e-03
7.250108290463685989e-03
7.043002173304557800e-03
7.042916957288980484e-03
6.980972830206155777e-03
6.679269019514322281e-03
6.541583221405744553e-03
6.437619682401418686e-03
6.469527259469032288e-03
6.611526478081941605e-03
6.807328667491674423e-03
7.028136402368545532e-03
7.283742539584636688e-03
7.485615555197000504e-03
7.673368789255619049e-03
7.809558883309364319e-03
7.899020798504352570e-03
7.868702523410320282e-03
7.982545532286167145e-03
8.070295676589012146e-03
8.108218200504779816e-03
8.160454221069812775e-03
8.214450441300868988e-03
8.202848955988883972e-03
8.181877434253692627e-03
8.097018115222454071e-03
8.029310032725334167e-03
7.915408350527286530e-03
7.727230433374643326e-03
7.537506055086851120e-03
7.150642573833465576e-03
6.752160843461751938e-03
6.388051435351371765e-03
5.933638196438550949e-03
5.591243505477905273e-03
5.485690664499998093e-03
5.380403716117143631e-03
5.306756589561700821e-03
5.333840381354093552e-03
5.276802927255630493e-03
5.078319460153579712e-03
4.780110437422990799e-03
4.422218538820743561e-03
4.170477390289306641e-03
4.030370619148015976e-03
4.035677760839462280e-03
4.133915528655052185e-03
4.360666964203119278e-03
4.592139273881912231e-03
4.757493734359741211e-03
4.910490009933710098e-03
5.118327680975198746e-03
5.339508876204490662e-03
5.446280352771282196e-03
5.508408416062593460e-03
5.626384634524583817e-03
5.637821275740861893e-03
5.617227405309677124e-03
5.527879577130079269e-03
5.493875127285718918e-03
5.436141043901443481e-03
5.309988278895616531e-03
5.198564380407333374e-03
5.211735144257545471e-03
5.345700774341821671e-03
5.434213671833276749e-03
5.375209730118513107e-03
5.428671836853027344e-03
5.555990152060985565e-03
5.733269732445478439e-03
5.918948445469141006e-03
6.103935185819864273e-03
6.193554028868675232e-03
6.354506593197584152e-03
6.313858553767204285e-03
6.124637555330991745e-03
5.850009620189666748e-03
5.620924290269613266e-03
5.497196689248085022e-03
5.420263390988111496e-03
5.406048148870468140e-03
5.528908222913742065e-03
5.548518151044845581e-03
5.572760943323373795e-03
5.787961184978485107e-03
5.885412450879812241e-03
5.853367038071155548e-03
5.724651739001274109e-03
5.711818113923072815e-03
5.596000701189041138e-03
5.602369084954261780e-03
5.580047611147165298e-03
5.513702519237995148e-03
5.481168627738952637e-03
5.458135623484849930e-03
5.404913797974586487e-03
5.287521518766880035e-03
5.180785898119211197e-03
4.674066323786973953e-03
4.382519051432609558e-03
4.183895420283079147e-03
4.221470560878515244e-03
4.418482538312673569e-03
4.746296908706426620e-03
5.151911638677120209e-03
5.528619978576898575e-03
5.784412845969200134e-03
5.930442363023757935e-03
5.987472832202911377e-03
5.990189965814352036e-03
5.993514787405729294e-03
5.967780482023954391e-03
5.889348220080137253e-03
5.755470134317874908e-03
5.644498858600854874e-03
5.441856570541858673e-03
5.184968002140522003e-03
4.955703392624855042e-03
4.658803809434175491e-03
4.656109493225812912e-03
4.642337094992399216e-03
4.714225418865680695e-03
4.471641499549150467e-03
4.227598663419485092e-03
4.061650019139051437e-03
3.820689162239432335e-03
3.451265394687652588e-03
3.172256983816623688e-03
2.991621382534503937e-03
2.808482386171817780e-03
2.641048515215516090e-03
2.602817490696907043e-03
2.601164160296320915e-03
2.840802539139986038e-03
3.284943522885441780e-03
3.750419942662119865e-03
4.062884487211704254e-03
4.307071678340435028e-03
4.459203220903873444e-03
4.561719484627246857e-03
4.642526619136333466e-03
4.831116180866956711e-03
5.110083613544702530e-03
5.136022344231605530e-03
5.110959056764841080e-03
5.048114340752363205e-03
5.047112703323364258e-03
5.120443180203437805e-03
5.192517302930355072e-03
5.260962527245283127e-03
5.296110641211271286e-03
4.836552310734987259e-03
4.369092173874378204e-03
3.974020015448331833e-03
3.649308811873197556e-03
3.465454326942563057e-03
3.405909752473235130e-03
3.519580699503421783e-03
3.616831963881850243e-03
3.752953140065073967e-03
3.732300596311688423e-03
3.767678746953606606e-03
3.799929283559322357e-03
3.918190952390432358e-03
4.035936668515205383e-03
4.048718139529228210e-03
4.066575784236192703e-03
4.135892260819673538e-03
4.207967780530452728e-03
4.386053420603275299e-03
4.558965563774108887e-03
4.608722869306802750e-03
4.707165528088808060e-03
4.763884469866752625e-03
4.876782651990652084e-03
5.054654553532600403e-03
5.262255668640136719e-03
5.371581297367811203e-03
5.413677077740430832e-03
5.301528610289096832e-03
5.043733865022659302e-03
4.829981364309787750e-03
4.381089005619287491e-03
4.045677836984395981e-03
3.705924376845359802e-03
3.456574864685535431e-03
3.347673919051885605e-03
3.232665592804551125e-03
3.179711755365133286e-03
3.065788652747869492e-03
2.957832999527454376e-03
2.837016014382243156e-03
2.799885347485542297e-03
2.896899590268731117e-03
3.072242951020598412e-03
3.243085462599992752e-03
3.351553110405802727e-03
3.470078343525528908e-03
3.566901898011565208e-03
3.621660638600587845e-03
3.634263994172215462e-03
3.534405492246150970e-03
3.501159604638814926e-03
3.654495812952518463e-03
3.722050925716757774e-03
3.822852857410907745e-03
3.868101164698600769e-03
4.019783809781074524e-03
4.170065745711326599e-03
4.140332806855440140e-03
4.014940001070499420e-03
3.912868443876504898e-03
3.936457447707653046e-03
3.948575351387262344e-03
4.120678640902042389e-03
4.200311377644538879e-03
4.252049140632152557e-03
4.490194376558065414e-03
4.445751663297414780e-03
4.305089358240365982e-03
4.224145784974098206e-03
4.130100365728139877e-03
4.197280388325452805e-03
4.393720068037509918e-03
4.650749731808900833e-03
4.625238012522459030e-03
4.507684614509344101e-03
4.445781465619802475e-03
4.401231650263071060e-03
4.286275245249271393e-03
4.174602683633565903e-03
4.135479684919118881e-03
4.261075519025325775e-03
4.471574444323778152e-03
4.573606420308351517e-03
4.523802548646926880e-03
4.283236805349588394e-03
4.015014506876468658e-03
3.882392076775431633e-03
3.826534142717719078e-03
3.712385892868041992e-03
3.596944967284798622e-03
3.511580871418118477e-03
3.408793592825531960e-03
3.229156369343400002e-03
2.990095410495996475e-03
2.783661475405097008e-03
2.816691994667053223e-03
2.641885308548808098e-03
2.649730769917368889e-03
2.683790400624275208e-03
2.811648417264223099e-03
3.041051793843507767e-03
3.257037140429019928e-03
3.402794478461146355e-03
3.217998892068862915e-03
3.312824526801705360e-03
3.486982313916087151e-03
3.683484857901930809e-03
3.886199090629816055e-03
4.155326168984174728e-03
4.297131672501564026e-03
4.399923607707023621e-03
4.423838108777999878e-03
4.402600228786468506e-03
4.482305608689785004e-03
4.525436088442802429e-03
4.509121179580688477e-03
4.423929378390312195e-03
4.397930111736059189e-03
4.394535440951585770e-03
4.509702324867248535e-03
4.672229290008544922e-03
4.837461281567811966e-03
4.995195195078849792e-03
5.161185748875141144e-03
5.432719364762306213e-03
5.662089213728904724e-03
5.747484974563121796e-03
5.653231870383024216e-03
5.510450806468725204e-03
5.205058958381414413e-03
4.860593471676111221e-03
4.649021197110414505e-03
4.471136257052421570e-03
4.508079495280981064e-03
4.492065403610467911e-03
4.513842519372701645e-03
4.538591019809246063e-03
4.630712326616048813e-03
4.793480969965457916e-03
4.988373257219791412e-03
5.106206983327865601e-03
5.088990554213523865e-03
5.098430439829826355e-03
5.012939218431711197e-03
4.756955429911613464e-03
4.543136805295944214e-03
4.388380795717239380e-03
4.289685282856225967e-03
4.321125335991382599e-03
4.301426932215690613e-03
4.459150601178407669e-03
4.614808131009340286e-03
4.681004676967859268e-03
4.214820452034473419e-03
3.909944556653499603e-03
3.692682599648833275e-03
3.563639009371399879e-03
3.413718659430742264e-03
3.253085538744926453e-03
3.172033466398715973e-03
3.187380731105804443e-03
3.258754499256610870e-03
3.329619532451033592e-03
3.423734800890088081e-03
3.470333991572260857e-03
3.537745913490653038e-03
3.675993997603654861e-03
3.819248173385858536e-03
4.019246902316808701e-03
4.131192341446876526e-03
4.144165664911270142e-03
4.219024442136287689e-03
4.221914801746606827e-03
4.160226788371801376e-03
4.089036025106906891e-03
4.028283525258302689e-03
4.026886075735092163e-03
4.144077189266681671e-03
4.172985441982746124e-03
4.306544549763202667e-03
4.531290847808122635e-03
4.743389319628477097e-03
4.916519392281770706e-03
4.982041660696268082e-03
4.906386137008666992e-03
4.668801557272672653e-03
4.564316011965274811e-03
4.408087115734815598e-03
4.258444998413324356e-03
4.165908321738243103e-03
4.055825062096118927e-03
3.907436970621347427e-03
3.796346951276063919e-03
3.766779089346528053e-03
3.834063187241554260e-03
3.861522534862160683e-03
3.848926629871129990e-03
3.848479362204670906e-03
3.867660649120807648e-03
3.967467229813337326e-03
3.995862789452075958e-03
4.094876814633607864e-03
4.197448957711458206e-03
4.267874639481306076e-03
4.319013096392154694e-03
4.322282969951629639e-03
4.350869450718164444e-03
4.416747484356164932e-03
4.422608297318220139e-03
4.585382528603076935e-03
4.720982629805803299e-03
4.870680160820484161e-03
4.940165672451257706e-03
4.932813812047243118e-03
4.909512586891651154e-03
4.845880903303623199e-03
4.716014955192804337e-03
4.556901287287473679e-03
4.347830545157194138e-03
4.197068512439727783e-03
3.988792654126882553e-03
3.814116818830370903e-03
3.707391675561666489e-03
3.618184477090835571e-03
3.683786606416106224e-03
3.729616524651646614e-03
3.776175901293754578e-03
3.845468163490295410e-03
3.946607932448387146e-03
4.122308455407619476e-03
4.356354475021362305e-03
4.622985143214464188e-03
4.874124191701412201e-03
5.037699360400438309e-03
5.026149097830057144e-03
4.880551714450120926e-03
4.651394207030534744e-03
4.576382692903280258e-03
4.525859374552965164e-03
4.614980891346931458e-03
4.771646577864885330e-03
4.973053000867366791e-03
5.310562439262866974e-03
5.515494383871555328e-03
5.509166512638330460e-03
5.360278766602277756e-03
5.088122095912694931e-03
4.703626967966556549e-03
4.439955577254295349e-03
4.360929597169160843e-03
4.403584171086549759e-03
4.566384013742208481e-03
4.749692510813474655e-03
4.970248322933912277e-03
5.138719454407691956e-03
5.237590055912733078e-03
5.229309666901826859e-03
5.059143994003534317e-03
4.847618751227855682e-03
4.560103174299001694e-03
4.215925000607967377e-03
3.998504485934972763e-03
3.843995276838541031e-03
3.840162418782711029e-03
3.979652188718318939e-03
4.136467818170785904e-03
4.315905738621950150e-03
4.460723605006933212e-03
4.418769385665655136e-03
4.407878033816814423e-03
4.414205905050039291e-03
4.415030125528573990e-03
4.442141391336917877e-03
4.378000274300575256e-03
4.326591268181800842e-03
4.315605852752923965e-03
4.217607434839010239e-03
4.102612845599651337e-03
4.052453208714723587e-03
4.086503759026527405e-03
4.119361750781536102e-03
4.260989371687173843e-03
4.370830953121185303e-03
4.433988127857446671e-03
4.499067086726427078e-03
5.135051906108856201e-03
5.709806922823190689e-03
6.129494868218898773e-03
6.448469124734401703e-03
6.620191968977451324e-03
6.750696804374456406e-03
6.858020089566707611e-03
6.987202446907758713e-03
7.084472104907035828e-03
7.138706278055906296e-03
7.218593265861272812e-03
7.156056817620992661e-03
7.072153501212596893e-03
6.988568231463432312e-03
6.879415363073348999e-03
6.738924887031316757e-03
6.606617476791143417e-03
6.470025982707738876e-03
6.320274434983730316e-03
6.098705809563398361e-03
5.880201701074838638e-03
5.565446801483631134e-03
5.210476927459239960e-03
4.693227820098400116e-03
4.255413077771663666e-03
3.890676423907279968e-03
3.544349921867251396e-03
3.337877569720149040e-03
3.260702360421419144e-03
3.252880182117223740e-03
3.308158135041594505e-03
3.400702029466629028e-03
3.430638229474425316e-03
3.462488297373056412e-03
3.521078266203403473e-03
3.497524885460734367e-03
3.439538646489381790e-03
3.398732515051960945e-03
3.483909880742430687e-03
3.593044821172952652e-03
3.663873067125678062e-03
3.679508110508322716e-03
3.727518487721681595e-03
3.782796440646052361e-03
3.892059670761227608e-03
3.985642455518245697e-03
4.034472163766622543e-03
4.043555818498134613e-03
4.108632914721965790e-03
4.231901373714208603e-03
4.288812633603811264e-03
4.326466005295515060e-03
4.424674902111291885e-03
4.480967298150062561e-03
4.474121145904064178e-03
4.464550409466028214e-03
4.393571987748146057e-03
4.324977751821279526e-03
4.164506215602159500e-03
4.110613372176885605e-03
3.985179588198661804e-03
3.814006457105278969e-03
3.675529500469565392e-03
3.635231172665953636e-03
3.732445882633328438e-03
3.848000662401318550e-03
4.001957830041646957e-03
4.181632772088050842e-03
4.339025355875492096e-03
4.431547597050666809e-03
4.446192644536495209e-03
4.496232140809297562e-03
4.463755525648593903e-03
4.475743975490331650e-03
4.565903916954994202e-03
4.663837607949972153e-03
4.593295976519584656e-03
4.561761394143104553e-03
4.529546014964580536e-03
4.470758140087127686e-03
4.462692886590957642e-03
4.456200171262025833e-03
4.515931941568851471e-03
4.632752854377031326e-03
4.723045974969863892e-03
4.784286022186279297e-03
4.751662723720073700e-03
4.750062711536884308e-03
4.730762913823127747e-03
4.703773651272058487e-03
4.660469479858875275e-03
4.613220691680908203e-03
4.601960536092519760e-03
4.625366535037755966e-03
4.601593129336833954e-03
4.604459740221500397e-03
4.650336690247058868e-03
4.651669878512620926e-03
4.635035991668701172e-03
4.673164803534746170e-03
4.704099148511886597e-03
4.717800300568342209e-03
4.783442243933677673e-03
4.804982338100671768e-03
4.851839039474725723e-03
4.959620069712400436e-03
4.974635783582925797e-03
4.989176057279109955e-03
4.991570021957159042e-03
5.014302674680948257e-03
5.061033647507429123e-03
5.093481391668319702e-03
5.080459173768758774e-03
5.006254650652408600e-03
4.928264766931533813e-03
4.890392534434795380e-03
4.935964941978454590e-03
5.015364848077297211e-03
5.046352278441190720e-03
4.954144358634948730e-03
4.860270768404006958e-03
4.793370142579078674e-03
4.721639677882194519e-03
4.732498433440923691e-03
4.746485967189073563e-03
4.791767336428165436e-03
4.918479360640048981e-03
5.044200457632541656e-03
5.134634207934141159e-03
5.107244011014699936e-03
5.000967066735029221e-03
4.876483231782913208e-03
4.714522976428270340e-03
4.363532178103923798e-03
3.923199605196714401e-03
3.558105090633034706e-03
3.284991485998034477e-03
3.106170566752552986e-03
3.054279135540127754e-03
3.132516052573919296e-03
3.277621464803814888e-03
3.473234595730900764e-03
3.642775118350982666e-03
3.832079470157623291e-03
4.030816722661256790e-03
4.198310431092977524e-03
4.319531377404928207e-03
4.354532808065414429e-03
4.339062143117189407e-03
4.268263000994920731e-03
4.213458858430385590e-03
4.222632385790348053e-03
4.220447503030300140e-03
4.312252625823020935e-03
4.417038522660732269e-03
4.545323085039854050e-03
4.680598154664039612e-03
4.808331374078989029e-03
4.975182469934225082e-03
5.170321092009544373e-03
5.386019591242074966e-03
5.578733049333095551e-03
5.802676547318696976e-03
6.031191442161798477e-03
6.154213100671768188e-03
6.258263252675533295e-03
6.274253595620393753e-03
6.253367755562067032e-03
6.173405330628156662e-03
6.077038589864969254e-03
5.891317967325448990e-03
5.687278229743242264e-03
5.527923814952373505e-03
5.432237405329942703e-03
5.356842651963233948e-03
5.294042639434337616e-03
5.305057857185602188e-03
5.470329895615577698e-03
5.637549329549074173e-03
5.745445378124713898e-03
5.813350435346364975e-03
5.745024420320987701e-03
5.738358944654464722e-03
5.746445618569850922e-03
5.671975202858448029e-03
5.528555717319250107e-03
5.386207718402147293e-03
5.247066263109445572e-03
5.152355413883924484e-03
5.099607165902853012e-03
5.104293581098318100e-03
5.127899348735809326e-03
5.210821516811847687e-03
5.339953582733869553e-03
5.506035406142473221e-03
5.639384035021066666e-03
5.754836369305849075e-03
5.806790664792060852e-03
5.793874152004718781e-03
5.775140132755041122e-03
5.807570181787014008e-03
5.826267879456281662e-03
5.770990625023841858e-03
5.701896734535694122e-03
5.625125486403703690e-03
5.605348851531744003e-03
5.621234886348247528e-03
5.663722753524780273e-03
5.649933125823736191e-03
5.684938747435808182e-03
5.676766391843557358e-03
5.645398050546646118e-03
5.624805577099323273e-03
5.692858714610338211e-03
5.703103262931108475e-03
5.686495918780565262e-03
5.743230227380990982e-03
5.799978040158748627e-03
5.885101389139890671e-03
5.861348938196897507e-03
5.821444559842348099e-03
5.774018354713916779e-03
5.765783600509166718e-03
5.736690945923328400e-03
5.707590375095605850e-03
5.756466183811426163e-03
5.771096795797348022e-03
5.812186747789382935e-03
5.748557392507791519e-03
5.640659015625715256e-03
5.567997228354215622e-03
5.425387993454933167e-03
5.242910701781511307e-03
5.149630829691886902e-03
5.087822675704956055e-03
4.935647826641798019e-03
4.769509658217430115e-03
4.576459527015686035e-03
4.419233184307813644e-03
4.237353801727294922e-03
4.133112728595733643e-03
4.106969572603702545e-03
4.158743657171726227e-03
4.264296498149633408e-03
4.407584667205810547e-03
4.518882371485233307e-03
4.635769873857498169e-03
4.731099121272563934e-03
4.725390113890171051e-03
4.700914490967988968e-03
4.668660461902618408e-03
4.609714262187480927e-03
4.546541254967451096e-03
4.489862825721502304e-03
4.413675516843795776e-03
4.400216508656740189e-03
4.455423913896083832e-03
4.528979305177927017e-03
4.675154574215412140e-03
4.787489306181669235e-03
4.938908852636814117e-03
5.048240534961223602e-03
5.151323974132537842e-03
5.272576119750738144e-03
5.328992381691932678e-03
5.342239979654550552e-03
5.350513383746147156e-03
5.377028603106737137e-03
5.340332165360450745e-03
5.359939765185117722e-03
5.404277238994836807e-03
5.471214186400175095e-03
5.521900020539760590e-03
5.606074817478656769e-03
5.715005099773406982e-03
5.813959054648876190e-03
5.834873765707015991e-03
5.812533665448427200e-03
5.737391766160726547e-03
5.642226897180080414e-03
5.461851600557565689e-03
5.289911758154630661e-03
5.143330432474613190e-03
5.036776419728994370e-03
5.002240184694528580e-03
5.027330480515956879e-03
5.013543181121349335e-03
4.963482730090618134e-03
4.757488146424293518e-03
4.688119981437921524e-03
4.716239869594573975e-03
4.787337966263294220e-03
4.849152639508247375e-03
4.962081555277109146e-03
5.023374222218990326e-03
5.076782777905464172e-03
5.156952887773513794e-03
5.253591109067201614e-03
5.378467962145805359e-03
5.452488083392381668e-03
5.470028147101402283e-03
5.455907434225082397e-03
5.389139056205749512e-03
5.309717264026403427e-03
5.238623823970556259e-03
5.224450025707483292e-03
5.226745270192623138e-03
5.279803648591041565e-03
5.411779973655939102e-03
5.589619278907775879e-03
5.732398480176925659e-03
5.870949011296033859e-03
5.971762351691722870e-03
6.094822660088539124e-03
6.184682250022888184e-03
6.247111596167087555e-03
6.281964015215635300e-03
6.301623303443193436e-03
6.313489284366369247e-03
6.344932131469249725e-03
6.365190260112285614e-03
6.376974284648895264e-03
6.330620497465133667e-03
6.253157276660203934e-03
6.137912627309560776e-03
6.011941935867071152e-03
5.932829808443784714e-03
5.862870253622531891e-03
5.882652010768651962e-03
5.859585478901863098e-03
5.862924735993146896e-03
5.840125493705272675e-03
5.812211893498897552e-03
5.781617946922779083e-03
5.769900977611541748e-03
5.828763823956251144e-03
5.838159006088972092e-03
5.800900515168905258e-03
5.587152205407619476e-03
5.341653712093830109e-03
5.153358448296785355e-03
4.988047294318675995e-03
4.851483739912509918e-03
4.737671464681625366e-03
4.640914499759674072e-03
4.567060153931379318e-03
4.473593086004257202e-03
4.416033159941434860e-03
4.381422884762287140e-03
4.333082586526870728e-03
4.323540255427360535e-03
4.375778604298830032e-03
4.410234745591878891e-03
4.476733971387147903e-03
4.478822927922010422e-03
4.481560550630092621e-03
4.477940034121274948e-03
4.543157760053873062e-03
4.524654708802700043e-03
4.540753550827503204e-03
4.532513208687305450e-03
4.559215158224105835e-03
4.573509562760591507e-03
4.576725419610738754e-03
4.618079401552677155e-03
4.714984446763992310e-03
4.806570243090391159e-03
4.923673812299966812e-03
5.064655561000108719e-03
5.145882256329059601e-03
5.189774557948112488e-03
5.211420822888612747e-03
5.339946597814559937e-03
5.418428219854831696e-03
5.419411696493625641e-03
5.366999655961990356e-03
5.335096735507249832e-03
5.286993924528360367e-03
5.237811245024204254e-03
5.224095657467842102e-03
5.189453251659870148e-03
5.204620771110057831e-03
5.257797427475452423e-03
5.267093889415264130e-03
5.313283763825893402e-03
5.380006972700357437e-03
5.453519988805055618e-03
5.496497731655836105e-03
5.470874719321727753e-03
5.355908069759607315e-03
5.216443445533514023e-03
5.125435069203376770e-03
4.794919397681951523e-03
4.555171355605125427e-03
4.390951711684465408e-03
4.305487032979726791e-03
4.269324243068695068e-03
4.241007845848798752e-03
4.241714719682931900e-03
4.285668954253196716e-03
4.357053898274898529e-03
4.468764644116163254e-03
4.556359257549047470e-03
4.590725991874933243e-03
4.640576429665088654e-03
4.659245721995830536e-03
4.714301321655511856e-03
4.786344710737466812e-03
4.947270266711711884e-03
5.111969541758298874e-03
5.242506042122840881e-03
5.215314216911792755e-03
5.161178763955831528e-03
5.168545991182327271e-03
5.165608134120702744e-03
5.131462588906288147e-03
5.080154631286859512e-03
5.038443952798843384e-03
5.057083908468484879e-03
5.070351529866456985e-03
5.156100727617740631e-03
5.283826962113380432e-03
5.239890422672033310e-03
5.228588823229074478e-03
5.248257424682378769e-03
5.195346660912036896e-03
5.197186488658189774e-03
5.205137189477682114e-03
5.264375824481248856e-03
5.330077372491359711e-03
5.413725972175598145e-03
5.519801750779151917e-03
5.609645973891019821e-03
5.586360115557909012e-03
5.477129481732845306e-03
5.353012122213840485e-03
5.211918149143457413e-03
5.129409488290548325e-03
5.127013195306062698e-03
5.108917132019996643e-03
5.066809710115194321e-03
5.152615252882242203e-03
5.227293353527784348e-03
5.296430550515651703e-03
5.356817971915006638e-03
5.335858557373285294e-03
5.256077740341424942e-03
5.116898100823163986e-03
4.983124788850545883e-03
4.874201025813817978e-03
4.854050930589437485e-03
4.815021529793739319e-03
4.738383926451206207e-03
4.688445944339036942e-03
4.630370065569877625e-03
4.592668265104293823e-03
4.617691505700349808e-03
4.679344128817319870e-03
4.791903775185346603e-03
4.877070896327495575e-03
4.946167115122079849e-03
5.008483771234750748e-03
5.096893757581710815e-03
5.100415088236331940e-03
5.127353128045797348e-03
5.112545564770698547e-03
5.127567797899246216e-03
5.161895416676998138e-03
5.185984540730714798e-03
5.233795382082462311e-03
5.271285306662321091e-03
5.307989194989204407e-03
5.341035313904285431e-03
5.395457614213228226e-03
5.447695031762123108e-03
5.498195532709360123e-03
5.485133733600378036e-03
5.496077705174684525e-03
5.543900188058614731e-03
5.544866435229778290e-03
5.520283244550228119e-03
5.470634903758764267e-03
5.352740176022052765e-03
5.195679608732461929e-03
5.102969240397214890e-03
4.913805983960628510e-03
4.768827464431524277e-03
4.707127343863248825e-03
4.593001678586006165e-03
4.518500529229640961e-03
4.432815127074718475e-03
4.421235062181949615e-03
4.434929229319095612e-03
4.470817744731903076e-03
4.524134099483489990e-03
4.612059332430362701e-03
4.663332831114530563e-03
4.741900600492954254e-03
4.790438804775476456e-03
4.801043774932622910e-03
4.828719422221183777e-03
4.851080942898988724e-03
4.770035389810800552e-03
4.712909925729036331e-03
4.645652137696743011e-03
4.573326092213392258e-03
4.437779076397418976e-03
4.325491376221179962e-03
4.249131307005882263e-03
4.176747519522905350e-03
4.083612933754920959e-03
4.022594541311264038e-03
4.049859475344419479e-03
4.069602582603693008e-03
4.151201341301202774e-03
4.230029415339231491e-03
