3.685662755742669106e-03
3.685662755742669106e-03
3.856480354443192482e-03
4.907320719212293625e-03
5.797436460852622986e-03
6.526042241603136063e-03
7.069088052958250046e-03
7.493298966437578201e-03
7.773162797093391418e-03
8.091079071164131165e-03
8.658778853714466095e-03
9.070894680917263031e-03
9.407403878867626190e-03
9.546326473355293274e-03
9.543487802147865295e-03
9.490061551332473755e-03
9.412011131644248962e-03
9.283867664635181427e-03
8.910631760954856873e-03
8.519881404936313629e-03
8.204529993236064911e-03
7.893012836575508118e-03
7.609767839312553406e-03
7.387101650238037109e-03
7.195714861154556274e-03
7.076724898070096970e-03
7.072139065712690353e-03
7.088847924023866653e-03
7.149239070713520050e-03
7.206217385828495026e-03
7.244297303259372711e-03
7.271319627761840820e-03
7.266163360327482224e-03
7.281334605067968369e-03
7.371949497610330582e-03
7.453653495758771896e-03
7.533550262451171875e-03
7.588321343064308167e-03
7.594114169478416443e-03
7.470495998859405518e-03
7.432127371430397034e-03
7.353461347520351410e-03
7.221609354019165039e-03
7.108609192073345184e-03
6.959067657589912415e-03
6.779423449188470840e-03
6.618462502956390381e-03
6.474836263805627823e-03
6.339264102280139923e-03
6.222960539162158966e-03
6.127536296844482422e-03
6.063141860067844391e-03
6.000614725053310394e-03
5.989219062030315399e-03
6.003077607601881027e-03
5.984167568385601044e-03
6.013535894453525543e-03
6.149170454591512680e-03
6.267964374274015427e-03
6.383299827575683594e-03
6.512098945677280426e-03
6.619995459914207458e-03
6.683965679258108139e-03
6.723669357597827911e-03
6.672285497188568115e-03
6.627828814089298248e-03
6.620502565056085587e-03
6.643932312726974487e-03
6.722044665366411209e-03
6.881613750010728836e-03
7.061933632940053940e-03
7.249338552355766296e-03
7.399244233965873718e-03
7.569198496639728546e-03
7.697160355746746063e-03
7.763733621686697006e-03
7.845425046980381012e-03
7.859875448048114777e-03
7.864576764404773712e-03
7.943120785057544708e-03
8.047863841056823730e-03
8.194806054234504700e-03
8.375330828130245209e-03
8.508853614330291748e-03
8.628817275166511536e-03
8.670388720929622650e-03
8.606947027146816254e-03
8.519821800291538239e-03
8.431160822510719299e-03
8.308023214340209961e-03
8.197066374123096466e-03
8.030151948332786560e-03
7.905986160039901733e-03
7.847613655030727386e-03
7.835198193788528442e-03
7.723660673946142197e-03
7.605313323438167572e-03
7.457201369106769562e-03
7.348136045038700104e-03
7.200143299996852875e-03
7.106126751750707626e-03
7.040761876851320267e-03
6.944999098777770996e-03
6.893425714224576950e-03
6.848280318081378937e-03
6.761225871741771698e-03
6.725891027599573135e-03
6.720100529491901398e-03
6.759378127753734589e-03
6.814238149672746658e-03
6.838789209723472595e-03
6.849257741123437881e-03
6.859563756734132767e-03
6.876569241285324097e-03
6.956802681088447571e-03
6.985436659306287766e-03
7.000114768743515015e-03
7.055882830172777176e-03
7.092612329870462418e-03
7.110231555998325348e-03
7.137782871723175049e-03
7.180905900895595551e-03
7.204971741884946823e-03
7.182718720287084579e-03
7.086197379976511002e-03
6.982545834034681320e-03
6.938005797564983368e-03
6.869975477457046509e-03
6.810414139181375504e-03
6.774517707526683807e-03
6.815914995968341827e-03
6.867554970085620880e-03
6.975424010306596756e-03
7.068609353154897690e-03
7.184610236436128616e-03
7.268670015037059784e-03
7.338898722082376480e-03
7.342314813286066055e-03
7.372292224317789078e-03
7.327988743782043457e-03
7.258904632180929184e-03
7.232110947370529175e-03
7.156881503760814667e-03
7.066833321005105972e-03
7.070048246532678604e-03
7.119976449757814407e-03
7.114260923117399216e-03
7.202482782304286957e-03
7.338855881243944168e-03
7.452834397554397583e-03
7.506912574172019958e-03
7.392433006316423416e-03
7.142978254705667496e-03
6.877796724438667297e-03
6.776405498385429382e-03
6.766029167920351028e-03
6.866117939352989197e-03
6.927989423274993896e-03
6.930954754352569580e-03
7.002302445471286774e-03
7.082170806825160980e-03
7.187150884419679642e-03
7.242623716592788696e-03
7.230933755636215210e-03
7.171742618083953857e-03
7.186389993876218796e-03
7.241754792630672455e-03
7.315985392779111862e-03
7.359175011515617371e-03
7.468543946743011475e-03
7.451064419001340866e-03
7.461333181709051132e-03
7.336709182709455490e-03
7.299161050468683243e-03
7.282339967787265778e-03
7.326324004679918289e-03
7.387394551187753677e-03
7.489948533475399017e-03
7.603920996189117432e-03
7.867371663451194763e-03
8.082160726189613342e-03
8.220160380005836487e-03
8.281256072223186493e-03
8.267130702733993530e-03
8.118527941405773163e-03
8.007580414414405823e-03
7.935030385851860046e-03
7.776692043989896774e-03
7.657977286726236343e-03
7.619636598974466324e-03
7.635727990418672562e-03
7.648230995982885361e-03
7.659830618649721146e-03
8.789639919996261597e-03
9.991199709475040436e-03
1.117889117449522018e-02
1.230976264923810959e-02
1.337260287255048752e-02
1.434764172881841660e-02
1.524194888770580292e-02
1.606202498078346252e-02
1.681223697960376740e-02
1.748888194561004639e-02
1.809413544833660126e-02
1.864315569400787354e-02
1.913759857416152954e-02
1.958335004746913910e-02
1.998583972454071045e-02
2.034236676990985870e-02
2.066157571971416473e-02
2.095016837120056152e-02
2.121010795235633850e-02
2.144563570618629456e-02
2.165021933615207672e-02
2.181004546582698822e-02
2.195352688431739807e-02
2.207935228943824768e-02
2.219465002417564392e-02
2.229032665491104126e-02
2.238060906529426575e-02
2.246091701090335846e-02
2.253595925867557526e-02
2.260044403374195099e-02
2.265278808772563934e-02
2.269619144499301910e-02
2.273692563176155090e-02
2.277927100658416748e-02
2.281890623271465302e-02
2.285526134073734283e-02
2.288882248103618622e-02
2.291857451200485229e-02
2.294174022972583771e-02
2.295841462910175323e-02
2.296635136008262634e-02
2.297116629779338837e-02
2.297814749181270599e-02
2.298331260681152344e-02
2.298826910555362701e-02
2.299228310585021973e-02
2.299668639898300171e-02
2.299881167709827423e-02
2.299818210303783417e-02
2.299250662326812744e-02
2.298601716756820679e-02
2.297865971922874451e-02
2.296897396445274353e-02
2.295691892504692078e-02
2.294424921274185181e-02
2.287884801626205444e-02
2.282194420695304871e-02
2.276776917278766632e-02
2.271860651671886444e-02
2.267069555819034576e-02
2.263031527400016785e-02
2.257827110588550568e-02
2.253369800746440887e-02
2.249668538570404053e-02
2.246277965605258942e-02
2.243187092244625092e-02
2.240537106990814209e-02
2.238078787922859192e-02
2.235794439911842346e-02
2.233738265931606293e-02
2.231585979461669922e-02
2.229527197778224945e-02
2.227781154215335846e-02
2.225778624415397644e-02
2.223977632820606232e-02
2.221602573990821838e-02
2.219374664127826691e-02
2.217140421271324158e-02
2.215352095663547516e-02
2.213258109986782074e-02
2.211628481745719910e-02
2.210613153874874115e-02
2.209423854947090149e-02
2.208061143755912781e-02
2.206737548112869263e-02
2.205991931259632111e-02
2.205002866685390472e-02
2.204265631735324860e-02
2.203765511512756348e-02
2.203213423490524292e-02
2.202494442462921143e-02
2.201838977634906769e-02
2.201174199581146240e-02
2.200397476553916931e-02
2.199797704815864563e-02
2.198309265077114105e-02
2.196805179119110107e-02
2.195162698626518250e-02
2.193076536059379578e-02
2.190484851598739624e-02
2.188351564109325409e-02
2.185978926718235016e-02
2.183721959590911865e-02
2.182075940072536469e-02
2.180355042219161987e-02
2.178563736379146576e-02
2.176993526518344879e-02
2.175588719546794891e-02
2.173388563096523285e-02
2.171458117663860321e-02
2.169915474951267242e-02
2.168358117341995239e-02
2.166273817420005798e-02
2.164491079747676849e-02
2.162685245275497437e-02
2.160518243908882141e-02
2.158926427364349365e-02
2.157436683773994446e-02
2.155978605151176453e-02
2.154353074729442596e-02
2.153169922530651093e-02
2.151584997773170471e-02
2.147694304585456848e-02
2.143928036093711853e-02
2.140511013567447662e-02
2.137053012847900391e-02
2.132588066160678864e-02
2.129153721034526825e-02
2.125857211649417877e-02
2.122722379863262177e-02
2.119352295994758606e-02
2.116592414677143097e-02
2.114408276975154877e-02
2.111690863966941833e-02
2.108832448720932007e-02
2.105832099914550781e-02
2.103599347174167633e-02
2.101788111031055450e-02
2.100181393325328827e-02
2.099031209945678711e-02
2.098011784255504608e-02
2.096524462103843689e-02
2.095401287078857422e-02
2.094608917832374573e-02
2.093742229044437408e-02
2.092730253934860229e-02
2.092309668660163879e-02
2.091703377664089203e-02
2.091612294316291809e-02
2.091302163898944855e-02
2.090425789356231689e-02
2.089789323508739471e-02
2.088740654289722443e-02
2.087575942277908325e-02
2.086271345615386963e-02
2.085804007947444916e-02
2.085490524768829346e-02
2.084183134138584137e-02
2.083889953792095184e-02
2.083769254386425018e-02
2.083340287208557129e-02
2.082023769617080688e-02
2.080337516963481903e-02
2.078970894217491150e-02
2.077039331197738647e-02
2.074915170669555664e-02
2.072511613368988037e-02
2.070028893649578094e-02
2.067374810576438904e-02
2.065330371260643005e-02
2.063185907900333405e-02
2.061380259692668915e-02
2.059365063905715942e-02
2.057599090039730072e-02
2.055809274315834045e-02
2.054130658507347107e-02
2.052633464336395264e-02
2.051055245101451874e-02
2.049821056425571442e-02
2.048253640532493591e-02
2.047103457152843475e-02
2.045840583741664886e-02
2.044713124632835388e-02
2.043880522251129150e-02
2.043040841817855835e-02
2.042026631534099579e-02
2.040796168148517609e-02
2.039510011672973633e-02
2.038199268281459808e-02
2.037403918802738190e-02
2.036554738879203796e-02
2.035423927009105682e-02
2.034256607294082642e-02
2.033020928502082825e-02
2.031732909381389618e-02
2.030528709292411804e-02
2.029177732765674591e-02
2.027586661279201508e-02
2.026065252721309662e-02
2.024689689278602600e-02
2.023016475141048431e-02
2.021412923932075500e-02
2.020100876688957214e-02
2.018498629331588745e-02
2.017062902450561523e-02
2.015659026801586151e-02
2.014361508190631866e-02
2.013151533901691437e-02
2.012337557971477509e-02
2.011231891810894012e-02
2.010093815624713898e-02
2.008946426212787628e-02
2.008018642663955688e-02
2.006870321929454803e-02
2.005725353956222534e-02
2.004572190344333649e-02
2.003529295325279236e-02
2.000108733773231506e-02
1.996961608529090881e-02
1.994141936302185059e-02
1.991149596869945526e-02
1.987853273749351501e-02
1.984907686710357666e-02
1.982322707772254944e-02
1.980436965823173523e-02
1.978791318833827972e-02
1.977816410362720490e-02
1.977514103055000305e-02
1.977334171533584595e-02
1.977025531232357025e-02
1.975382678210735321e-02
1.973809860646724701e-02
1.972811110317707062e-02
1.971572637557983398e-02
1.971191726624965668e-02
1.971001178026199341e-02
1.970836520195007324e-02
1.970962993800640106e-02
1.971453428268432617e-02
1.971803605556488037e-02
1.972070895135402679e-02
1.971976831555366516e-02
1.972855068743228912e-02
1.973504014313220978e-02
1.973967440426349640e-02
1.975177973508834839e-02
1.976058818399906158e-02
1.977203413844108582e-02
1.977859809994697571e-02
1.979726552963256836e-02
1.981007307767868042e-02
1.982331648468971252e-02
1.983805000782012939e-02
1.982893235981464386e-02
1.982218399643898010e-02
1.980739831924438477e-02
1.979184150695800781e-02
1.977829076349735260e-02
1.976443268358707428e-02
1.974393054842948914e-02
1.972793601453304291e-02
1.972747035324573517e-02
1.972952298820018768e-02
1.973264105618000031e-02
1.973662897944450378e-02
1.973659917712211609e-02
1.973840035498142242e-02
1.974016241729259491e-02
1.974136382341384888e-02
1.974884048104286194e-02
1.975430361926555634e-02
1.976411789655685425e-02
1.977387070655822754e-02
1.979555934667587280e-02
1.981379464268684387e-02
1.983219198882579803e-02
1.984939724206924438e-02
1.987357437610626221e-02
1.989534310996532440e-02
1.991322822868824005e-02
1.993907615542411804e-02
1.996900141239166260e-02
1.999154500663280487e-02
2.001310512423515320e-02
2.003587223589420319e-02
2.005707100033760071e-02
2.008753456175327301e-02
2.011385746300220490e-02
2.013034187257289886e-02
2.014246769249439240e-02
2.015774138271808624e-02
2.017160505056381226e-02
2.018554322421550751e-02
2.020116895437240601e-02
2.021211944520473480e-02
2.022570744156837463e-02
2.024089917540550232e-02
2.025119215250015259e-02
2.026674337685108185e-02
2.027644030749797821e-02
2.028343826532363892e-02
2.029138989746570587e-02
2.029581367969512939e-02
2.029768191277980804e-02
2.030304074287414551e-02
2.031008899211883545e-02
2.031735889613628387e-02
2.031963691115379333e-02
2.033001929521560669e-02
2.032786607742309570e-02
2.032480388879776001e-02
2.032550051808357239e-02
2.032565511763095856e-02
2.031905762851238251e-02
2.032331377267837524e-02
2.033368311822414398e-02
2.034351602196693420e-02
2.034053765237331390e-02
2.033679001033306122e-02
2.033519931137561798e-02
2.033939585089683533e-02
2.034612558782100677e-02
2.035199478268623352e-02
2.035566233098506927e-02
2.035505697131156921e-02
2.035080455243587494e-02
2.033897303044795990e-02
2.032656781375408173e-02
2.031471207737922668e-02
2.030372247099876404e-02
2.029391005635261536e-02
2.028387598693370819e-02
2.027988620102405548e-02
2.027492970228195190e-02
2.027024701237678528e-02
2.025962062180042267e-02
2.024599164724349976e-02
2.023973688483238220e-02
2.023773267865180969e-02
2.022972330451011658e-02
2.021833695471286774e-02
2.020730450749397278e-02
2.019301429390907288e-02
2.013785392045974731e-02
2.008516155183315277e-02
2.003576420247554779e-02
1.998084969818592072e-02
1.994026638567447662e-02
1.990411803126335144e-02
1.987426355481147766e-02
1.984754577279090881e-02
1.981944404542446136e-02
1.978729292750358582e-02
1.976009644567966461e-02
1.973803527653217316e-02
1.971178129315376282e-02
1.968497782945632935e-02
1.966382563114166260e-02
1.964467018842697144e-02
1.962325349450111389e-02
1.959932409226894379e-02
1.958136446774005890e-02
1.956490986049175262e-02
1.954259723424911499e-02
1.952344179153442383e-02
1.950943656265735626e-02
1.949849538505077362e-02
1.947990991175174713e-02
1.946144737303256989e-02
1.943532563745975494e-02
1.941389590501785278e-02
1.940486021339893341e-02
1.939469203352928162e-02
1.939129270613193512e-02
1.938373781740665436e-02
1.938517950475215912e-02
1.938414573669433594e-02
1.938502117991447449e-02
1.938202977180480957e-02
1.938139833509922028e-02
1.938633061945438385e-02
1.938655972480773926e-02
1.939072832465171814e-02
1.939301751554012299e-02
1.939620636403560638e-02
1.939826272428035736e-02
1.939853653311729431e-02
1.939708366990089417e-02
1.940081268548965454e-02
1.940630748867988586e-02
1.941253058612346649e-02
1.941760443150997162e-02
1.942027732729911804e-02
1.942072436213493347e-02
1.941766589879989624e-02
1.941127143800258636e-02
1.940229907631874084e-02
1.938460208475589752e-02
1.937015727162361145e-02
1.935841143131256104e-02
1.934531144797801971e-02
1.933578029274940491e-02
1.933041401207447052e-02
1.931529864668846130e-02
1.930530369281768799e-02
1.929299160838127136e-02
1.927565596997737885e-02
1.925953663885593414e-02
1.924499496817588806e-02
1.922738738358020782e-02
1.921470463275909424e-02
1.919844001531600952e-02
1.918459869921207428e-02
1.917945779860019684e-02
1.917896233499050140e-02
1.917093805968761444e-02
1.916450075805187225e-02
1.915365271270275116e-02
1.913962885737419128e-02
1.913219131529331207e-02
1.912432350218296051e-02
1.911589130759239197e-02
1.910124905407428741e-02
1.908637769520282745e-02
1.907168328762054443e-02
1.905907131731510162e-02
1.904486864805221558e-02
1.902705617249011993e-02
1.900654658675193787e-02
1.898545585572719574e-02
1.896357536315917969e-02
1.894849911332130432e-02
1.887045428156852722e-02
1.879966072738170624e-02
1.873087324202060699e-02
1.866785623133182526e-02
1.861834898591041565e-02
1.857394352555274963e-02
1.853890158236026764e-02
1.850583590567111969e-02
1.847589761018753052e-02
1.844908483326435089e-02
1.842327229678630829e-02
1.839850470423698425e-02
1.836990378797054291e-02
1.834121905267238617e-02
1.831649243831634521e-02
1.829349435865879059e-02
1.826798357069492340e-02
1.824448630213737488e-02
1.821512170135974884e-02
1.818936876952648163e-02
1.812515035271644592e-02
1.806215941905975342e-02
1.800112053751945496e-02
1.795534603297710419e-02
1.791216433048248291e-02
1.785970665514469147e-02
1.780506223440170288e-02
1.775876618921756744e-02
1.772272214293479919e-02
1.768776588141918182e-02
1.764425635337829590e-02
1.760880835354328156e-02
1.757147535681724548e-02
1.753501594066619873e-02
1.749636791646480560e-02
1.746119931340217590e-02
1.742524839937686920e-02
1.740451529622077942e-02
1.738991215825080872e-02
1.737484708428382874e-02
1.735892146825790405e-02
1.734803617000579834e-02
1.733396947383880615e-02
1.731995679438114166e-02
1.730950735509395599e-02
1.730896718800067902e-02
1.730013638734817505e-02
1.729341223835945129e-02
1.727974601089954376e-02
1.726667210459709167e-02
1.725373417139053345e-02
1.723886094987392426e-02
1.722647622227668762e-02
1.721853204071521759e-02
1.721254549920558929e-02
1.720751263201236725e-02
1.719861477613449097e-02
1.718630082905292511e-02
1.716852374374866486e-02
1.715400256216526031e-02
1.713284663856029510e-02
1.711849682033061981e-02
1.710271276533603668e-02
1.707706041634082794e-02
1.705308444797992706e-02
1.702524907886981964e-02
1.699508912861347198e-02
1.696663722395896912e-02
1.693714596331119537e-02
1.690781116485595703e-02
1.689348556101322174e-02
1.687736809253692627e-02
1.685948111116886139e-02
1.684678904712200165e-02
1.683473773300647736e-02
1.682469062507152557e-02
1.681120693683624268e-02
1.679256372153759003e-02
1.678026095032691956e-02
1.676875539124011993e-02
1.676203124225139618e-02
1.674631796777248383e-02
1.672950945794582367e-02
1.670893095433712006e-02
1.668231002986431122e-02
1.665617711842060089e-02
1.663412712514400482e-02
1.661032438278198242e-02
1.659692637622356415e-02
1.658205129206180573e-02
1.657473109662532806e-02
1.656505465507507324e-02
1.655587181448936462e-02
1.655027642846107483e-02
1.654396392405033112e-02
1.653629913926124573e-02
1.652599871158599854e-02
1.651142910122871399e-02
1.649643108248710632e-02
1.648086309432983398e-02
1.646130718290805817e-02
1.643831841647624969e-02
1.641567982733249664e-02
1.638878881931304932e-02
1.635951362550258636e-02
1.633533835411071777e-02
1.630976796150207520e-02
1.628206111490726471e-02
1.626638136804103851e-02
1.625522598624229431e-02
1.624751463532447815e-02
1.622902043163776398e-02
1.621055230498313904e-02
1.618744246661663055e-02
1.617459766566753387e-02
1.616038940846920013e-02
1.614172942936420441e-02
1.611871086061000824e-02
1.609513536095619202e-02
1.607687398791313171e-02
1.606342382729053497e-02
1.605204865336418152e-02
1.604232378304004669e-02
1.603527367115020752e-02
1.602756604552268982e-02
1.602001860737800598e-02
1.601482741534709930e-02
1.600742898881435394e-02
1.600322872400283813e-02
1.599651575088500977e-02
1.599390804767608643e-02
1.598770916461944580e-02
1.598403602838516235e-02
1.597551628947257996e-02
1.596841216087341309e-02
1.596229709684848785e-02
1.596549339592456818e-02
1.596904732286930084e-02
1.596370711922645569e-02
1.596670225262641907e-02
1.597241126000881195e-02
1.596030220389366150e-02
1.594918966293334961e-02
1.594350486993789673e-02
1.594257168471813202e-02
1.593874208629131317e-02
1.593060232698917389e-02
1.592560298740863800e-02
1.592345535755157471e-02
1.591530255973339081e-02
1.591314189136028290e-02
1.590214483439922333e-02
1.588769443333148956e-02
1.586582884192466736e-02
1.584881916642189026e-02
1.582625694572925568e-02
1.580265909433364868e-02
1.578150689601898193e-02
1.576028764247894287e-02
1.573912985622882843e-02
1.571528427302837372e-02
1.569035835564136505e-02
1.566174253821372986e-02
1.563144288957118988e-02
1.560575049370527267e-02
1.558503229171037674e-02
1.556658372282981873e-02
1.554689649492502213e-02
1.553191151469945908e-02
1.551049295812845230e-02
1.548512559384107590e-02
1.546426769345998764e-02
1.544264238327741623e-02
1.542257051914930344e-02
1.540300529450178146e-02
1.538173388689756393e-02
1.537022739648818970e-02
1.535110455006361008e-02
1.532893907278776169e-02
1.530616730451583862e-02
1.528076082468032837e-02
1.525701954960823059e-02
1.523866318166255951e-02
1.522301603108644485e-02
1.519437320530414581e-02
1.516405120491981506e-02
1.513516344130039215e-02
1.510581001639366150e-02
1.508236769586801529e-02
1.506770122796297073e-02
1.505268178880214691e-02
1.503475103527307510e-02
1.501640211790800095e-02
1.499901525676250458e-02
1.498357858508825302e-02
1.497104112058877945e-02
1.495898887515068054e-02
1.498797163367271423e-02
1.501147821545600891e-02
1.502849813550710678e-02
1.504520326852798462e-02
1.506152935326099396e-02
1.507488638162612915e-02
1.508602220565080643e-02
1.509447861462831497e-02
1.509715337306261063e-02
1.509323716163635254e-02
1.508679054677486420e-02
1.507825683802366257e-02
1.507818978279829025e-02
1.506959181278944016e-02
1.505734398961067200e-02
1.504254620522260666e-02
1.502639334648847580e-02
1.501244213432073593e-02
1.499702129513025284e-02
1.498205680400133133e-02
1.496070437133312225e-02
1.493940688669681549e-02
1.491764094680547714e-02
1.489293575286865234e-02
1.486652903258800507e-02
1.484875753521919250e-02
1.483566686511039734e-02
1.481797825545072556e-02
1.480343937873840332e-02
1.478658057749271393e-02
1.477299723774194717e-02
1.476683467626571655e-02
1.475549861788749695e-02
1.474058907479047775e-02
1.472992356866598129e-02
1.471172273159027100e-02
1.469373144209384918e-02
1.467855274677276611e-02
1.467040181159973145e-02
1.466487348079681396e-02
1.465493068099021912e-02
1.464997697621583939e-02
1.464627124369144440e-02
1.464745961129665375e-02
1.464309543371200562e-02
1.463657058775424957e-02
1.463923789560794830e-02
1.464567054063081741e-02
1.464645285159349442e-02
1.464622374624013901e-02
1.465155836194753647e-02
1.465422287583351135e-02
1.465826947242021561e-02
1.466058194637298584e-02
1.465969625860452652e-02
1.466114260256290436e-02
1.466257218271493912e-02
1.466402877122163773e-02
1.466301362961530685e-02
1.466520037502050400e-02
1.466555520892143250e-02
1.466729585081338882e-02
1.465979777276515961e-02
1.466254331171512604e-02
1.466216240078210831e-02
1.465766411274671555e-02
1.465262565761804581e-02
1.465190015733242035e-02
1.464577671140432358e-02
1.463538315147161484e-02
1.462274417281150818e-02
1.461904961615800858e-02
1.462052296847105026e-02
1.462522055953741074e-02
1.463834103196859360e-02
1.465153507888317108e-02
1.465736329555511475e-02
1.465987879782915115e-02
1.465955469757318497e-02
1.465957611799240112e-02
1.465222518891096115e-02
1.464620418846607208e-02
1.463900879025459290e-02
1.463502272963523865e-02
1.462931651622056961e-02
1.462446432560682297e-02
1.462371647357940674e-02
1.460534892976284027e-02
1.458146702498197556e-02
1.455894112586975098e-02
1.453801430761814117e-02
1.450198888778686523e-02
1.446691062301397324e-02
1.443141885101795197e-02
1.440214272588491440e-02
1.437242887914180756e-02
1.434731669723987579e-02
1.438578590750694275e-02
1.444532629102468491e-02
1.452498696744441986e-02
1.461818534880876541e-02
1.471576374024152756e-02
1.480034645646810532e-02
1.487291138619184494e-02
1.493232045322656631e-02
1.498592272400856018e-02
1.502905786037445068e-02
1.506342925131320953e-02
1.509535126388072968e-02
1.511995773762464523e-02
1.513723377138376236e-02
1.515230163931846619e-02
1.515611074864864349e-02
1.515190768986940384e-02
1.515085063874721527e-02
1.514515466988086700e-02
1.512365508824586868e-02
1.509752869606018066e-02
1.506804209202528000e-02
1.503594126552343369e-02
1.500664092600345612e-02
1.496566366404294968e-02
1.491699740290641785e-02
1.487067062407732010e-02
1.482699066400527954e-02
1.477526500821113586e-02
1.472343876957893372e-02
1.466437336057424545e-02
1.460679247975349426e-02
1.455170288681983948e-02
1.450189668685197830e-02
1.444692257791757584e-02
1.439924072474241257e-02
1.435054559260606766e-02
1.430860627442598343e-02
1.427286397665739059e-02
1.422924082726240158e-02
1.418267376720905304e-02
1.413546781986951828e-02
1.409380696713924408e-02
1.405933126807212830e-02
1.419053133577108383e-02
1.430713105946779251e-02
1.441046409308910370e-02
1.449617836624383926e-02
1.457662228494882584e-02
1.465327013283967972e-02
1.471737772226333618e-02
1.477562543004751205e-02
1.482660695910453796e-02
1.487468648701906204e-02
1.490856800228357315e-02
1.493780594319105148e-02
1.495861075818538666e-02
1.496933121234178543e-02
1.497073937207460403e-02
1.496767904609441757e-02
1.496258378028869629e-02
1.495839655399322510e-02
1.494885329157114029e-02
1.494279410690069199e-02
1.493754517287015915e-02
1.493015605956315994e-02
1.491960976272821426e-02
1.489842496812343597e-02
1.487489417195320129e-02
1.484823785722255707e-02
1.481876336038112640e-02
1.478333678096532822e-02
1.475390978157520294e-02
1.472813636064529419e-02
1.470359601080417633e-02
1.468268036842346191e-02
1.465584896504878998e-02
1.462716702371835709e-02
1.459888834506273270e-02
1.457127835601568222e-02
1.454066857695579529e-02
1.451488304883241653e-02
1.449136808514595032e-02
1.446668058633804321e-02
1.444353722035884857e-02
1.442004926502704620e-02
1.439525838941335678e-02
1.437181979417800903e-02
1.434455253183841705e-02
1.432010158896446228e-02
1.428960822522640228e-02
1.425838284194469452e-02
1.422475371509790421e-02
1.418980117887258530e-02
1.415903121232986450e-02
1.413113530725240707e-02
1.409804727882146835e-02
1.407311577349901199e-02
1.405121479183435440e-02
1.403724402189254761e-02
1.402783393859863281e-02
1.401655841618776321e-02
1.399946026504039764e-02
1.398836355656385422e-02
1.397270150482654572e-02
1.396212540566921234e-02
1.394870970398187637e-02
1.393818482756614685e-02
1.393277850002050400e-02
1.392743550240993500e-02
1.392452791333198547e-02
1.392366550862789154e-02
1.391962449997663498e-02
1.390744931995868683e-02
1.388980634510517120e-02
1.387469004839658737e-02
1.385670527815818787e-02
1.384129654616117477e-02
1.383675821125507355e-02
1.383654586970806122e-02
1.383751630783081055e-02
1.383562386035919189e-02
1.383270975202322006e-02
1.382766850292682648e-02
1.382315624505281448e-02
1.381600927561521530e-02
1.381159294396638870e-02
1.381408236920833588e-02
1.381735783070325851e-02
1.382502913475036621e-02
1.382303051650524139e-02
1.382833998650312424e-02
1.382577605545520782e-02
1.384225767105817795e-02
1.385504473000764847e-02
1.386358495801687241e-02
1.386548019945621490e-02
1.386354863643646240e-02
1.386541221290826797e-02
1.386115979403257370e-02
1.385513413697481155e-02
1.385150291025638580e-02
1.384571194648742676e-02
1.383847836405038834e-02
1.382911950349807739e-02
1.381385233253240585e-02
1.379897631704807281e-02
1.378204021602869034e-02
1.376111712306737900e-02
1.373470947146415710e-02
1.370297279208898544e-02
1.367515604943037033e-02
1.364339608699083328e-02
1.361619401723146439e-02
1.358836889266967773e-02
1.356286555528640747e-02
1.354030240327119827e-02
1.351485028862953186e-02
1.349344570189714432e-02
1.345940958708524704e-02
1.341969985514879227e-02
1.338860485702753067e-02
1.336024049669504166e-02
1.333462353795766830e-02
1.331128086894750595e-02
1.328954566270112991e-02
1.327035203576087952e-02
1.325416751205921173e-02
1.323890592902898788e-02
1.322378870099782944e-02
1.321429293602705002e-02
1.320955716073513031e-02
1.320529729127883911e-02
1.320062670856714249e-02
1.319227181375026703e-02
1.319147273898124695e-02
1.319206412881612778e-02
1.318857073783874512e-02
1.319039519876241684e-02
1.319144852459430695e-02
1.318744570016860962e-02
1.318137999624013901e-02
1.317237224429845810e-02
1.315463334321975708e-02
1.313802972435951233e-02
1.312146894633769989e-02
1.309931837022304535e-02
1.308031938970088959e-02
1.305908337235450745e-02
1.303345337510108948e-02
1.302011031657457352e-02
1.301751565188169479e-02
1.302321907132863998e-02
1.303065102547407150e-02
1.304967794567346573e-02
1.310454588383436203e-02
1.314981561154127121e-02
1.318734418600797653e-02
1.321695093065500259e-02
1.324605662375688553e-02
1.326799020171165466e-02
1.331839151680469513e-02
1.335954945534467697e-02
1.339322514832019806e-02
1.342242397367954254e-02
1.344350073486566544e-02
1.346309855580329895e-02
1.348386518657207489e-02
1.349688693881034851e-02
1.350459642708301544e-02
1.350659783929586411e-02
1.350951660424470901e-02
1.350570563226938248e-02
1.350011490285396576e-02
1.348394434899091721e-02
1.346064731478691101e-02
1.344025786966085434e-02
1.341646257787942886e-02
1.339519582688808441e-02
1.337180100381374359e-02
1.334608718752861023e-02
1.331571303308010101e-02
1.328163314610719681e-02
1.325645204633474350e-02
1.323038060218095779e-02
1.320905331522226334e-02
1.319849863648414612e-02
1.319079939275979996e-02
1.318333111703395844e-02
1.318352855741977692e-02
1.318547874689102173e-02
1.318446826189756393e-02
1.318577304482460022e-02
1.318895258009433746e-02
1.319493260234594345e-02
1.319797709584236145e-02
1.319597382098436356e-02
1.319288369268178940e-02
1.318912673741579056e-02
1.318456139415502548e-02
1.317871734499931335e-02
1.316499710083007812e-02
1.315284799784421921e-02
1.328977011144161224e-02
1.341105252504348755e-02
1.351439021527767181e-02
1.361204776912927628e-02
1.370220724493265152e-02
1.377937104552984238e-02
1.384842582046985626e-02
1.391515322029590607e-02
1.396898645907640457e-02
1.400592364370822906e-02
1.403003092855215073e-02
1.404715050011873245e-02
1.405496802181005478e-02
1.405729446560144424e-02
1.405390910804271698e-02
1.404390763491392136e-02
1.402853988111019135e-02
1.400591712445020676e-02
1.398242358118295670e-02
1.395519915968179703e-02
1.392348576337099075e-02
1.388859469443559647e-02
1.384935900568962097e-02
1.380412559956312180e-02
1.376245450228452682e-02
1.372309960424900055e-02
1.368176750838756561e-02
1.363823004066944122e-02
1.358618400990962982e-02
1.353555824607610703e-02
1.347998343408107758e-02
1.342886965721845627e-02
1.338140666484832764e-02
1.333663053810596466e-02
1.328775566071271896e-02
1.323726028203964233e-02
1.319503691047430038e-02
1.316820830106735229e-02
1.314503420144319534e-02
1.311872620135545731e-02
1.309295464307069778e-02
1.307081524282693863e-02
1.305043604224920273e-02
1.303338445723056793e-02
1.301070302724838257e-02
1.299560349434614182e-02
1.297910604625940323e-02
1.297473721206188202e-02
1.297614350914955139e-02
1.297933794558048248e-02
1.298015564680099487e-02
1.297685876488685608e-02
1.294762548059225082e-02
1.291976496577262878e-02
1.289572473615407944e-02
1.287644542753696442e-02
1.286441273987293243e-02
1.285150367766618729e-02
1.284254249185323715e-02
1.282779034227132797e-02
1.280685141682624817e-02
1.277996040880680084e-02
1.275085471570491791e-02
1.272169221192598343e-02
1.268961559981107712e-02
1.265359390527009964e-02
1.261532958596944809e-02
1.258014887571334839e-02
1.254566106945276260e-02
1.251532882452011108e-02
1.248579286038875580e-02
1.246172655373811722e-02
1.244049239903688431e-02
1.242230180650949478e-02
1.240444369614124298e-02
1.238990668207406998e-02
1.237167418003082275e-02
1.235509291291236877e-02
1.234223321080207825e-02
1.232831180095672607e-02
1.231453847140073776e-02
1.230081263929605484e-02
1.228745840489864349e-02
1.227064710110425949e-02
1.225611288100481033e-02
1.224649697542190552e-02
1.223647780716419220e-02
1.222550682723522186e-02
1.222315896302461624e-02
1.222064066678285599e-02
1.222005020827054977e-02
1.222143974155187607e-02
1.222456339746713638e-02
1.222833525389432907e-02
1.223081443458795547e-02
1.222237944602966309e-02
1.221064757555723190e-02
1.220067217946052551e-02
1.219330728054046631e-02
1.218627393245697021e-02
1.217353437095880508e-02
1.215862948447465897e-02
1.213662233203649521e-02
1.211342960596084595e-02
1.209392491728067398e-02
1.207478623837232590e-02
1.205440796911716461e-02
1.203022804111242294e-02
1.201283931732177734e-02
1.199394091963768005e-02
1.197641342878341675e-02
1.196127571165561676e-02
1.194894406944513321e-02
1.193619333207607269e-02
1.191533636301755905e-02
1.189833227545022964e-02
1.188413985073566437e-02
1.187368482351303101e-02
1.186279579997062683e-02
1.185308862477540970e-02
1.184970140457153320e-02
1.184543501585721970e-02
1.183986756950616837e-02
1.183533668518066406e-02
1.182756666094064713e-02
1.181520521640777588e-02
1.180248893797397614e-02
1.178648229688405991e-02
1.177237089723348618e-02
1.176111493259668350e-02
1.174981053918600082e-02
1.174097508192062378e-02
1.173809636384248734e-02
1.173311192542314529e-02
1.172142103314399719e-02
1.171056367456912994e-02
1.169903762638568878e-02
1.168632134795188904e-02
1.167093496769666672e-02
1.165935024619102478e-02
1.165462285280227661e-02
1.165080349892377853e-02
1.164712011814117432e-02
1.164156291633844376e-02
1.163021288812160492e-02
1.161922048777341843e-02
1.161062903702259064e-02
1.160618755966424942e-02
1.159507688134908676e-02
1.158894505351781845e-02
1.158641930669546127e-02
1.159290876239538193e-02
1.160570420324802399e-02
1.161721348762512207e-02
1.163527369499206543e-02
1.166128460317850113e-02
1.168255321681499481e-02
1.170197967439889908e-02
1.171900145709514618e-02
1.173765584826469421e-02
1.175391674041748047e-02
1.176443416625261307e-02
1.177943218499422073e-02
1.178860757499933243e-02
1.179613731801509857e-02
1.180085539817810059e-02
1.180107519030570984e-02
1.179827749729156494e-02
1.178721990436315536e-02
1.177708338946104050e-02
1.176883559674024582e-02
1.183188706636428833e-02
1.189391408115625381e-02
1.193915959447622299e-02
1.197416428476572037e-02
1.200925465673208237e-02
1.204124093055725098e-02
1.206892170011997223e-02
1.209436077624559402e-02
1.211036648601293564e-02
1.212447229772806168e-02
1.214187312871217728e-02
1.215356681495904922e-02
1.215648930519819260e-02
1.215551048517227173e-02
1.214893907308578491e-02
1.214061863720417023e-02
1.212272606790065765e-02
1.210183836519718170e-02
1.207534037530422211e-02
1.204671338200569153e-02
1.202158909291028976e-02
1.199431437999010086e-02
1.196665316820144653e-02
1.193196233361959457e-02
1.189769618213176727e-02
1.185906678438186646e-02
1.181240193545818329e-02
1.176648493856191635e-02
1.172580197453498840e-02
1.168322190642356873e-02
1.164652220904827118e-02
1.161275897175073624e-02
1.158453524112701416e-02
1.156193483620882034e-02
1.153696421533823013e-02
1.150752697139978409e-02
1.147979777306318283e-02
1.145845092833042145e-02
1.142918318510055542e-02
1.140079088509082794e-02
1.137163024395704269e-02
1.134401280432939529e-02
1.130599994212388992e-02
1.127787865698337555e-02
1.125747896730899811e-02
1.124258339405059814e-02
1.122035272419452667e-02
1.121247559785842896e-02
1.120721548795700073e-02
1.120227016508579254e-02
1.119109429419040680e-02
1.118055451661348343e-02
1.117460615932941437e-02
1.116709411144256592e-02
1.116052363067865372e-02
1.115482207387685776e-02
1.115633547306060791e-02
1.116030570119619370e-02
1.115945540368556976e-02
1.116290781646966934e-02
1.116670202463865280e-02
1.116949971765279770e-02
1.117469463497400284e-02
1.117644738405942917e-02
1.117701828479766846e-02
1.117440592497587204e-02
1.117706578224897385e-02
1.118015032261610031e-02
1.118175033479928970e-02
1.118012983351945877e-02
1.117614842951297760e-02
1.117118727415800095e-02
1.116868201643228531e-02
1.116195414215326309e-02
1.115252822637557983e-02
1.115285325795412064e-02
1.114914752542972565e-02
1.114809699356555939e-02
1.116549409925937653e-02
1.118295453488826752e-02
1.120832934975624084e-02
1.122764311730861664e-02
1.121180783957242966e-02
1.119134388864040375e-02
1.116951834410429001e-02
1.114694587886333466e-02
1.112496759742498398e-02
1.110222749412059784e-02
1.108023710548877716e-02
1.106360740959644318e-02
1.104783359915018082e-02
1.103583257645368576e-02
1.102026365697383881e-02
1.100210286676883698e-02
1.098166592419147491e-02
1.096341013908386230e-02
1.094683539122343063e-02
1.093294564634561539e-02
1.091830804944038391e-02
1.090707816183567047e-02
1.090288255363702774e-02
1.090392470359802246e-02
1.089691370725631714e-02
1.089215651154518127e-02
1.088257040828466415e-02
1.088046561926603317e-02
1.087985094636678696e-02
1.087644603103399277e-02
1.086977776139974594e-02
1.086147502064704895e-02
1.085085235536098480e-02
1.084012910723686218e-02
1.083498168736696243e-02
1.083417702466249466e-02
1.083759404718875885e-02
1.084218267351388931e-02
1.085012685507535934e-02
1.085918489843606949e-02
1.086967997252941132e-02
1.088231895118951797e-02
1.089154835790395737e-02
1.090085320174694061e-02
1.091457158327102661e-02
1.092632673680782318e-02
1.093533355742692947e-02
1.094557996839284897e-02
1.095999218523502350e-02
1.097498368471860886e-02
1.098613440990447998e-02
1.099787931889295578e-02
1.100348215550184250e-02
1.100595295429229736e-02
1.101122703403234482e-02
1.101546641439199448e-02
1.102237775921821594e-02
1.102254446595907211e-02
1.102368254214525223e-02
1.101844012737274170e-02
1.101573649793863297e-02
1.101280655711889267e-02
1.101226825267076492e-02
1.101185660809278488e-02
1.100832503288984299e-02
1.100052148103713989e-02
1.099272537976503372e-02
1.099635008722543716e-02
1.099801529198884964e-02
1.099650282412767410e-02
1.099642086774110794e-02
1.099094003438949585e-02
1.098733022809028625e-02
1.098419353365898132e-02
1.098211109638214111e-02
1.097435317933559418e-02
1.096490304917097092e-02
1.095402613282203674e-02
1.094176433980464935e-02
1.093140523880720139e-02
1.092053391039371490e-02
1.091100275516510010e-02
1.089905016124248505e-02
1.088558416813611984e-02
1.086860056966543198e-02
1.085054595023393631e-02
1.083469670265913010e-02
1.082057412713766098e-02
1.080665737390518188e-02
1.079703308641910553e-02
1.078898739069700241e-02
1.078092772513628006e-02
1.078093610703945160e-02
1.078034564852714539e-02
1.077785342931747437e-02
1.077602710574865341e-02
1.076993811875581741e-02
1.076633390039205551e-02
1.078257150948047638e-02
1.079630572348833084e-02
1.081128884106874466e-02
1.082643959671258926e-02
1.084734592586755753e-02
1.086075790226459503e-02
1.087441109120845795e-02
1.088377274572849274e-02
1.088946033269166946e-02
1.089827716350555420e-02
1.090090908110141754e-02
1.089575979858636856e-02
1.088609825819730759e-02
1.087539084255695343e-02
1.086398866027593613e-02
1.084970403462648392e-02
1.082225609570741653e-02
1.079614087939262390e-02
1.076399255543947220e-02
1.073315273970365524e-02
1.070659607648849487e-02
1.067706663161516190e-02
1.064991764724254608e-02
1.062608137726783752e-02
1.060066837817430496e-02
1.057389192283153534e-02
1.054712571203708649e-02
1.052004937082529068e-02
1.049831788986921310e-02
1.047453097999095917e-02
1.045471988618373871e-02
1.043563988059759140e-02
1.041719969362020493e-02
1.039900723844766617e-02
1.038712542504072189e-02
1.037417165935039520e-02
1.035638805478811264e-02
1.033996045589447021e-02
1.032864861190319061e-02
1.031300053000450134e-02
1.030217669904232025e-02
1.029274612665176392e-02
1.028583943843841553e-02
1.027868594974279404e-02
1.026747375726699829e-02
1.025541406124830246e-02
1.024524495005607605e-02
1.023553777486085892e-02
1.022995170205831528e-02
1.022440381348133087e-02
1.021702494472265244e-02
1.021115947514772415e-02
1.020749285817146301e-02
1.020528096705675125e-02
1.020059362053871155e-02
1.019733119755983353e-02
1.019241660833358765e-02
1.018759142607450485e-02
1.017768308520317078e-02
1.016936451196670532e-02
1.016197446733713150e-02
1.016032230108976364e-02
1.016352139413356781e-02
1.016308553516864777e-02
1.016277261078357697e-02
1.016020309180021286e-02
1.015958841890096664e-02
1.015801448374986649e-02
1.015157718211412430e-02
1.014804001897573471e-02
1.014541089534759521e-02
1.014423370361328125e-02
1.013941131532192230e-02
1.014225371181964874e-02
1.013889815658330917e-02
1.014302112162113190e-02
1.014943979680538177e-02
1.015187427401542664e-02
1.015428826212882996e-02
1.015369687229394913e-02
1.014967821538448334e-02
1.015056576579809189e-02
1.015463098883628845e-02
1.016049273312091827e-02
1.016831211745738983e-02
1.017289888113737106e-02
1.017690077424049377e-02
1.018823962658643723e-02
1.019670441746711731e-02
1.020636316388845444e-02
1.022027339786291122e-02
1.023188512772321701e-02
1.024125702679157257e-02
1.024894043803215027e-02
1.025226432830095291e-02
1.025699172168970108e-02
1.026065833866596222e-02
1.025716122239828110e-02
1.025551650673151016e-02
1.025680545717477798e-02
1.025895588099956512e-02
1.026073843240737915e-02
1.025844085961580276e-02
1.025524456053972244e-02
1.025183498859405518e-02
1.024735160171985626e-02
1.024750526994466782e-02
1.024254877120256424e-02
1.024370919913053513e-02
1.023752056062221527e-02
1.023124903440475464e-02
1.022637635469436646e-02
1.022488903254270554e-02
1.022605784237384796e-02
1.022607740014791489e-02
1.022562664002180099e-02
1.022327039390802383e-02
1.021938119083642960e-02
1.020167209208011627e-02
1.018361281603574753e-02
1.017357967793941498e-02
1.016544830054044724e-02
1.016634237021207809e-02
1.016862597316503525e-02
1.017128489911556244e-02
1.017502415925264359e-02
1.017949730157852173e-02
1.018858421593904495e-02
1.021155621856451035e-02
1.023458503186702728e-02
1.025029551237821579e-02
1.026589516550302505e-02
1.027553342282772064e-02
1.028383057564496994e-02
1.029186043888330460e-02
1.028855331242084503e-02
1.028415188193321228e-02
1.027668826282024384e-02
1.027173362672328949e-02
1.026185974478721619e-02
1.025530323386192322e-02
1.024302747100591660e-02
1.022913306951522827e-02
1.021499559283256531e-02
1.020056940615177155e-02
1.018968410789966583e-02
1.017747260630130768e-02
1.015708502382040024e-02
1.013672258704900742e-02
1.011930033564567566e-02
1.010202057659626007e-02
1.008206140249967575e-02
1.006298232823610306e-02
1.004223246127367020e-02
1.002480089664459229e-02
1.000979263335466385e-02
9.997505694627761841e-03
9.986529126763343811e-03
9.981622919440269470e-03
9.980486705899238586e-03
9.984137490391731262e-03
9.985357522964477539e-03
9.987743571400642395e-03
9.986885823309421539e-03
9.985427372157573700e-03
9.990212507545948029e-03
9.996568784117698669e-03
1.000168174505233765e-02
1.001356914639472961e-02
1.001978386193513870e-02
1.003217976540327072e-02
1.004644203931093216e-02
1.005724258720874786e-02
1.006822567433118820e-02
1.007499638944864273e-02
1.007802225649356842e-02
1.008044555783271790e-02
1.008356921374797821e-02
1.008372195065021515e-02
1.008161157369613647e-02
1.007959153503179550e-02
1.008141878992319107e-02
1.008241437375545502e-02
1.008630357682704926e-02
1.008851546794176102e-02
1.009619794785976410e-02
1.010736543685197830e-02
1.011626143008470535e-02
1.012312807142734528e-02
1.012833323329687119e-02
1.013636309653520584e-02
1.014258805662393570e-02
1.015047635883092880e-02
1.015155483037233353e-02
1.014787238091230392e-02
1.014803629368543625e-02
1.014951616525650024e-02
1.015593111515045166e-02
1.017138455063104630e-02
1.018825452774763107e-02
1.020124647766351700e-02
1.021064911037683487e-02
1.022784039378166199e-02
1.024197787046432495e-02
1.024759188294410706e-02
1.025033835321664810e-02
1.024732924997806549e-02
1.024259533733129501e-02
1.024323422461748123e-02
1.024386286735534668e-02
1.024604216217994690e-02
1.024778001010417938e-02
1.025085616856813431e-02
1.025589369237422943e-02
1.026285067200660706e-02
1.026877760887145996e-02
1.027589850127696991e-02
1.027813646942377090e-02
1.027419324964284897e-02
1.027182117104530334e-02
1.026938576251268387e-02
1.026713568717241287e-02
1.026284880936145782e-02
1.025911699980497360e-02
1.025651395320892334e-02
1.025409065186977386e-02
1.024996582418680191e-02
1.024454738944768906e-02
1.023644674569368362e-02
1.023293472826480865e-02
1.023063156753778458e-02
1.022917591035366058e-02
1.022413559257984161e-02
1.022107712924480438e-02
1.021657232195138931e-02
1.021155249327421188e-02
1.020662114024162292e-02
1.020623464137315750e-02
1.020429190248250961e-02
1.020145695656538010e-02
1.020369771867990494e-02
1.020712777972221375e-02
1.020856387913227081e-02
1.020669098943471909e-02
1.020431797951459885e-02
1.020411960780620575e-02
1.019679196178913116e-02
1.018988061696290970e-02
1.018165796995162964e-02
1.017401739954948425e-02
1.016399357467889786e-02
1.014335174113512039e-02
1.012517698109149933e-02
1.010662317276000977e-02
1.008993759751319885e-02
1.007383037358522415e-02
1.005159877240657806e-02
1.003183051943778992e-02
1.001494750380516052e-02
1.000121794641017914e-02
9.988926351070404053e-03
9.975533001124858856e-03
9.960106573998928070e-03
9.947389364242553711e-03
9.934541769325733185e-03
9.918853640556335449e-03
9.913064539432525635e-03
9.906948544085025787e-03
9.903077036142349243e-03
9.897414594888687134e-03
9.891915135085582733e-03
9.882980026304721832e-03
9.874433279037475586e-03
9.863946586847305298e-03
9.855636395514011383e-03
9.842420928180217743e-03
9.832123294472694397e-03
9.817324578762054443e-03
9.799707680940628052e-03
9.779646061360836029e-03
9.761278517544269562e-03
9.736211039125919342e-03
9.710430167615413666e-03
9.680544957518577576e-03
9.652442298829555511e-03
9.624442085623741150e-03
9.597799740731716156e-03
9.575605392456054688e-03
9.560354985296726227e-03
9.548380970954895020e-03
9.534848853945732117e-03
9.525068104267120361e-03
9.515864774584770203e-03
9.509915485978126526e-03
9.504419751465320587e-03
9.495459496974945068e-03
9.489695541560649872e-03
9.480698034167289734e-03
9.474115446209907532e-03
9.467599913477897644e-03
9.466911666095256805e-03
9.468843229115009308e-03
9.471602737903594971e-03
9.471070952713489532e-03
9.467611089348793030e-03
9.467908181250095367e-03
9.469556622207164764e-03
9.470750577747821808e-03
9.472344070672988892e-03
9.477663785219192505e-03
9.480404667556285858e-03
9.482967667281627655e-03
9.487804025411605835e-03
9.489517658948898315e-03
9.489943273365497589e-03
9.488089941442012787e-03
9.488940238952636719e-03
9.482424706220626831e-03
9.473120793700218201e-03
9.465141221880912781e-03
9.455653838813304901e-03
9.449671953916549683e-03
9.443871676921844482e-03
9.436115622520446777e-03
9.431630373001098633e-03
9.428465738892555237e-03
9.424079209566116333e-03
9.421430528163909912e-03
9.416255168616771698e-03
9.410030208528041840e-03
9.398918598890304565e-03
9.387458674609661102e-03
9.376676753163337708e-03
9.365565143525600433e-03
9.354050271213054657e-03
9.342213161289691925e-03
9.328145533800125122e-03
9.314805269241333008e-03
9.300500154495239258e-03
9.289199486374855042e-03
9.280432946979999542e-03
9.270653128623962402e-03
9.264945983886718750e-03
9.256987832486629486e-03
9.247619658708572388e-03
9.234354831278324127e-03
9.218482300639152527e-03
9.204371832311153412e-03
9.195154532790184021e-03
9.189656004309654236e-03
9.186766110360622406e-03
9.182405658066272736e-03
9.177046827971935272e-03
9.171324782073497772e-03
9.163757786154747009e-03
9.159221313893795013e-03
9.159955196082592010e-03
9.165926836431026459e-03
9.170622564852237701e-03
9.178504347801208496e-03
9.185354225337505341e-03
9.191634133458137512e-03
9.195737540721893311e-03
9.203275665640830994e-03
9.210480377078056335e-03
9.214149788022041321e-03
9.220239706337451935e-03
9.225472807884216309e-03
9.232800453901290894e-03
9.237591177225112915e-03
9.247832931578159332e-03
9.255765005946159363e-03
9.264187887310981750e-03
9.273422881960868835e-03
9.279751218855381012e-03
9.283951483666896820e-03
9.284921921789646149e-03
9.286998771131038666e-03
9.289223700761795044e-03
9.288813918828964233e-03
9.284888394176959991e-03
9.283892810344696045e-03
9.280462749302387238e-03
9.279003366827964783e-03
9.278390556573867798e-03
9.276198223233222961e-03
9.279437363147735596e-03
9.282685816287994385e-03
9.288175962865352631e-03
9.288826026022434235e-03
9.289289824664592743e-03
9.293614886701107025e-03
9.295655414462089539e-03
9.297335520386695862e-03
9.297373704612255096e-03
9.294708259403705597e-03
9.290436282753944397e-03
9.289107285439968109e-03
9.288911707699298859e-03
9.293480776250362396e-03
9.296578355133533478e-03
9.297672659158706665e-03
9.304112754762172699e-03
9.316259063780307770e-03
9.327310137450695038e-03
9.339174255728721619e-03
9.348310530185699463e-03
9.356049820780754089e-03
9.361438453197479248e-03
9.370409883558750153e-03
9.378617629408836365e-03
9.382834658026695251e-03
9.383511729538440704e-03
9.383688680827617645e-03
9.387549012899398804e-03
9.392945095896720886e-03
9.397506713867187500e-03
9.399849921464920044e-03
9.405692107975482941e-03
9.407431818544864655e-03
9.408968500792980194e-03
9.410467930138111115e-03
9.409351274371147156e-03
9.405615739524364471e-03
9.397598914802074432e-03
9.392462670803070068e-03
9.388805367052555084e-03
9.383616037666797638e-03
9.376075118780136108e-03
9.369555860757827759e-03
9.366947226226329803e-03
9.366012178361415863e-03
9.367289952933788300e-03
9.371315129101276398e-03
9.376783855259418488e-03
9.384180419147014618e-03
9.391075000166893005e-03
9.400148876011371613e-03
9.408160112798213959e-03
9.414261206984519958e-03
9.422142058610916138e-03
9.429818950593471527e-03
9.440674446523189545e-03
9.448976255953311920e-03
9.453866630792617798e-03
9.460120461881160736e-03
9.461199864745140076e-03
9.465355426073074341e-03
9.469456970691680908e-03
9.471232071518898010e-03
9.472307749092578888e-03
9.475497528910636902e-03
9.480948559939861298e-03
9.483142755925655365e-03
9.482476860284805298e-03
9.484050795435905457e-03
9.484439156949520111e-03
9.486282244324684143e-03
9.493703022599220276e-03
9.499870240688323975e-03
9.504268877208232880e-03
9.507091715931892395e-03
9.510253556072711945e-03
9.514194913208484650e-03
9.519269689917564392e-03
9.520350024104118347e-03
9.518471546471118927e-03
9.516223333775997162e-03
9.514533914625644684e-03
9.513359516859054565e-03
9.511208161711692810e-03
9.505975991487503052e-03
9.500881657004356384e-03
9.494230151176452637e-03
9.489174000918865204e-03
9.482215158641338348e-03
9.473742917180061340e-03
9.460351429879665375e-03
9.449683129787445068e-03
9.433106519281864166e-03
9.415433742105960846e-03
9.399081580340862274e-03
9.381889365613460541e-03
9.364786557853221893e-03
9.351677261292934418e-03
9.339603595435619354e-03
9.330482222139835358e-03
9.325355291366577148e-03
9.322214871644973755e-03
9.321804158389568329e-03
9.324388578534126282e-03
