2.556121163070201874e-02
2.556121163070201874e-02
2.435154654085636139e-02
2.361670508980751038e-02
2.359023876488208771e-02
2.331897802650928497e-02
2.306292764842510223e-02
2.269424125552177429e-02
2.252911217510700226e-02
2.237103693187236786e-02
2.195960283279418945e-02
2.151005156338214874e-02
2.096313610672950745e-02
2.064019627869129181e-02
2.029160223901271820e-02
1.989440619945526123e-02
1.980751380324363708e-02
1.998336426913738251e-02
2.030044607818126678e-02
2.070898003876209259e-02
