2.712801098823547363e-02,-2.317082881927490234e-02,-2.328649163246154785e-02
2.812799811363220215e-02,-2.417087554931640625e-02,-2.428649365901947021e-02
2.897897362709045410e-02,-2.516651153564453125e-02,-2.527232468128204346e-02
2.967676520347595215e-02,-2.615928649902343750e-02,-2.623209357261657715e-02
3.043860197067260742e-02,-2.691388130187988281e-02,-2.705298364162445068e-02
3.122839331626892090e-02,-2.720093727111816406e-02,-2.786888182163238525e-02
3.187280893325805664e-02,-2.730607986450195312e-02,-2.874198555946350098e-02
3.261083364486694336e-02,-2.722144126892089844e-02,-2.963268756866455078e-02
3.340125083923339844e-02,-2.688324451446533203e-02,-3.040440380573272705e-02
3.385558724403381348e-02,-2.639770507812500000e-02,-3.100304305553436279e-02
3.402677178382873535e-02,-2.575528621673583984e-02,-3.158691525459289551e-02
3.425747156143188477e-02,-2.515769004821777344e-02,-3.209125995635986328e-02
3.446602821350097656e-02,-2.452063560485839844e-02,-3.261469304561614990e-02
3.485691547393798828e-02,-2.388930320739746094e-02,-3.317467868328094482e-02
3.530299663543701172e-02,-2.339017391204833984e-02,-3.386779129505157471e-02
3.579962253570556641e-02,-2.286088466644287109e-02,-3.454475104808807373e-02
3.643018007278442383e-02,-2.255105972290039062e-02,-3.522878885269165039e-02
3.647148609161376953e-02,-2.230477333068847656e-02,-3.589279949665069580e-02
3.656747937202453613e-02,-2.214169502258300781e-02,-3.655195236206054688e-02
3.660672903060913086e-02,-2.197253704071044922e-02,-3.716340661048889160e-02
3.666552901268005371e-02,-2.184355258941650391e-02,-3.776469826698303223e-02
3.657996654510498047e-02,-2.171468734741210938e-02,-3.832647204399108887e-02
3.630906343460083008e-02,-2.140796184539794922e-02,-3.874100744724273682e-02
3.612190485000610352e-02,-2.123188972473144531e-02,-3.922036290168762207e-02
3.584387898445129395e-02,-2.117943763732910156e-02,-3.924775123596191406e-02
3.554785251617431641e-02,-2.123069763183593750e-02,-3.922609984874725342e-02
3.501319885253906250e-02,-2.132201194763183594e-02,-3.924548625946044922e-02
3.449264168739318848e-02,-2.139890193939208984e-02,-3.924492001533508301e-02
3.399690985679626465e-02,-2.155280113220214844e-02,-3.921735286712646484e-02
3.358533978462219238e-02,-2.177739143371582031e-02,-3.923662006855010986e-02
3.321576118469238281e-02,-2.195143699645996094e-02,-3.929553925991058350e-02
3.293275833129882812e-02,-2.216207981109619141e-02,-3.923501074314117432e-02
3.266856074333190918e-02,-2.246654033660888672e-02,-3.908906877040863037e-02
3.249672055244445801e-02,-2.279329299926757812e-02,-3.914891183376312256e-02
3.218570351600646973e-02,-2.306544780731201172e-02,-3.907644748687744141e-02
3.187972307205200195e-02,-2.333414554595947266e-02,-3.899925947189331055e-02
3.144738078117370605e-02,-2.357661724090576172e-02,-3.874062001705169678e-02
3.106513619422912598e-02,-2.365744113922119141e-02,-3.845189511775970459e-02
3.062331676483154297e-02,-2.362906932830810547e-02,-3.806087374687194824e-02
3.016433119773864746e-02,-2.354323863983154297e-02,-3.774811327457427979e-02
2.969020605087280273e-02,-2.348887920379638672e-02,-3.744015097618103027e-02
2.916806936264038086e-02,-2.339148521423339844e-02,-3.712742030620574951e-02
2.864286303520202637e-02,-2.328467369079589844e-02,-3.680130839347839355e-02
2.817961573600769043e-02,-2.316367626190185547e-02,-3.644721210002899170e-02
2.781400084495544434e-02,-2.298021316528320312e-02,-3.596217930316925049e-02
2.743893861770629883e-02,-2.271080017089843750e-02,-3.543323278427124023e-02
2.720311284065246582e-02,-2.246463298797607422e-02,-3.503189980983734131e-02
2.708637714385986328e-02,-2.215421199798583984e-02,-3.461983799934387207e-02
2.698189020156860352e-02,-2.181279659271240234e-02,-3.436374664306640625e-02
2.693420648574829102e-02,-2.147555351257324219e-02,-3.415744006633758545e-02
2.690806984901428223e-02,-2.116632461547851562e-02,-3.403842449188232422e-02
2.678918838500976562e-02,-2.086627483367919922e-02,-3.398145735263824463e-02
2.655109763145446777e-02,-2.055966854095458984e-02,-3.388406336307525635e-02
2.625736594200134277e-02,-2.031254768371582031e-02,-3.403022885322570801e-02
2.588829398155212402e-02,-2.004730701446533203e-02,-3.411942720413208008e-02
2.551957964897155762e-02,-1.970529556274414062e-02,-3.419691324234008789e-02
2.500790357589721680e-02,-1.939547061920166016e-02,-3.415319323539733887e-02
2.448886632919311523e-02,-1.914393901824951172e-02,-3.422830998897552490e-02
2.391797304153442383e-02,-1.879847049713134766e-02,-3.437222540378570557e-02
2.325594425201416016e-02,-1.839923858642578125e-02,-3.448429703712463379e-02
2.262118458747863770e-02,-1.830530166625976562e-02,-3.449085354804992676e-02
2.226540446281433105e-02,-1.786661148071289062e-02,-3.441575169563293457e-02
2.190995216369628906e-02,-1.747751235961914062e-02,-3.435461223125457764e-02
2.163806557655334473e-02,-1.678860187530517578e-02,-3.429223597049713135e-02
2.131375670433044434e-02,-1.620364189147949219e-02,-3.420299291610717773e-02
2.093181014060974121e-02,-1.564264297485351562e-02,-3.403894603252410889e-02
2.045714855194091797e-02,-1.512765884399414062e-02,-3.382039070129394531e-02
1.998987793922424316e-02,-1.483523845672607422e-02,-3.360284864902496338e-02
1.951661705970764160e-02,-1.447951793670654297e-02,-3.332036733627319336e-02
1.903733611106872559e-02,-1.425087451934814453e-02,-3.302700817584991455e-02
1.847031712532043457e-02,-1.404511928558349609e-02,-3.274506330490112305e-02
1.903188228607177734e-02,-1.387774944305419922e-02,-3.245963156223297119e-02
1.952198147773742676e-02,-1.384615898132324219e-02,-3.210347890853881836e-02
1.995345950126647949e-02,-1.390099525451660156e-02,-3.192721307277679443e-02
2.036383748054504395e-02,-1.405906677246093750e-02,-3.174205124378204346e-02
2.068275213241577148e-02,-1.426374912261962891e-02,-3.170599043369293213e-02
2.089262008666992188e-02,-1.447391510009765625e-02,-3.161273896694183350e-02
2.104315161705017090e-02,-1.473033428192138672e-02,-3.133533895015716553e-02
2.112594246864318848e-02,-1.502990722656250000e-02,-3.087379038333892822e-02
2.114763855934143066e-02,-1.539325714111328125e-02,-3.040860593318939209e-02
2.116110920906066895e-02,-1.589643955230712891e-02,-2.990719676017761230e-02
2.114489674568176270e-02,-1.640999317169189453e-02,-2.944591641426086426e-02
2.111393213272094727e-02,-1.693117618560791016e-02,-2.891927957534790039e-02
2.108728885650634766e-02,-1.739573478698730469e-02,-2.857285737991333008e-02
2.104070782661437988e-02,-1.778244972229003906e-02,-2.830542623996734619e-02
2.090874314308166504e-02,-1.800930500030517578e-02,-2.790474891662597656e-02
2.074530720710754395e-02,-1.828384399414062500e-02,-2.751857042312622070e-02
2.061116695404052734e-02,-1.833152770996093750e-02,-2.717368304729461670e-02
2.044755220413208008e-02,-1.840949058532714844e-02,-2.669942378997802734e-02
2.030050754547119141e-02,-1.855981349945068359e-02,-2.643877267837524414e-02
2.012595534324645996e-02,-1.870155334472656250e-02,-2.614594995975494385e-02
1.996186375617980957e-02,-1.889193058013916016e-02,-2.593599259853363037e-02
1.978313922882080078e-02,-1.910722255706787109e-02,-2.571944892406463623e-02
1.958853006362915039e-02,-1.938724517822265625e-02,-2.561005949974060059e-02
1.937815546989440918e-02,-1.972913742065429688e-02,-2.554322779178619385e-02
1.917597651481628418e-02,-2.002191543579101562e-02,-2.542938292026519775e-02
1.895308494567871094e-02,-2.031266689300537109e-02,-2.529776096343994141e-02
1.876196265220642090e-02,-2.061975002288818359e-02,-2.539061009883880615e-02
1.852697134017944336e-02,-2.089393138885498047e-02,-2.539986371994018555e-02
1.828429102897644043e-02,-2.132654190063476562e-02,-2.541206777095794678e-02
1.803934574127197266e-02,-2.168715000152587891e-02,-2.551913261413574219e-02
1.778739690780639648e-02,-2.201139926910400391e-02,-2.548933029174804688e-02
1.746791601181030273e-02,-2.237403392791748047e-02,-2.536752820014953613e-02
1.719737052917480469e-02,-2.255821228027343750e-02,-2.532303333282470703e-02
1.693767309188842773e-02,-2.257430553436279297e-02,-2.524143457412719727e-02
1.669278740882873535e-02,-2.260959148406982422e-02,-2.523918449878692627e-02
1.649689674377441406e-02,-2.253639698028564453e-02,-2.528800070285797119e-02
1.631581783294677734e-02,-2.247548103332519531e-02,-2.534560859203338623e-02
1.616325974464416504e-02,-2.239561080932617188e-02,-2.547250688076019287e-02
1.605463027954101562e-02,-2.227783203125000000e-02,-2.553136646747589111e-02
1.597589254379272461e-02,-2.217006683349609375e-02,-2.562604844570159912e-02
1.589393615722656250e-02,-2.199673652648925781e-02,-2.565513551235198975e-02
1.583763957023620605e-02,-2.173364162445068359e-02,-2.558070421218872070e-02
1.577329635620117188e-02,-2.137947082519531250e-02,-2.548255026340484619e-02
1.574268937110900879e-02,-2.101325988769531250e-02,-2.535159885883331299e-02
1.572018861770629883e-02,-2.048957347869873047e-02,-2.527734637260437012e-02
1.571941375732421875e-02,-2.001821994781494141e-02,-2.514934539794921875e-02
1.571461558341979980e-02,-1.951849460601806641e-02,-2.500224113464355469e-02
1.565325260162353516e-02,-1.902306079864501953e-02,-2.471776306629180908e-02
1.560041308403015137e-02,-1.852142810821533203e-02,-2.424480020999908447e-02
1.557782292366027832e-02,-1.791918277740478516e-02,-2.381360530853271484e-02
1.550334692001342773e-02,-1.731467247009277344e-02,-2.331058681011199951e-02
1.540574431419372559e-02,-1.669514179229736328e-02,-2.278871834278106689e-02
1.530563831329345703e-02,-1.614642143249511719e-02,-2.221858501434326172e-02
1.517778635025024414e-02,-1.572120189666748047e-02,-2.167975902557373047e-02
1.505985856056213379e-02,-1.542627811431884766e-02,-2.112239599227905273e-02
1.493579149246215820e-02,-1.525366306304931641e-02,-2.065591514110565186e-02
1.482561230659484863e-02,-1.506876945495605469e-02,-2.024333178997039795e-02
1.470458507537841797e-02,-1.494550704956054688e-02,-1.993174850940704346e-02
1.457253098487854004e-02,-1.487839221954345703e-02,-1.980943977832794189e-02
1.443487405776977539e-02,-1.485848426818847656e-02,-1.974917948246002197e-02
1.432073116302490234e-02,-1.491165161132812500e-02,-1.963874697685241699e-02
1.420053839683532715e-02,-1.506423950195312500e-02,-1.984725892543792725e-02
1.411953568458557129e-02,-1.523554325103759766e-02,-2.005107700824737549e-02
1.398110389709472656e-02,-1.532053947448730469e-02,-2.032418549060821533e-02
1.381784677505493164e-02,-1.535630226135253906e-02,-2.055394649505615234e-02
1.366361975669860840e-02,-1.528751850128173828e-02,-2.083265781402587891e-02
1.351925730705261230e-02,-1.550340652465820312e-02,-2.113808691501617432e-02
1.339319348335266113e-02,-1.560962200164794922e-02,-2.138864994049072266e-02
1.328071951866149902e-02,-1.568186283111572266e-02,-2.152612805366516113e-02
1.315024495124816895e-02,-1.568388938903808594e-02,-2.155372500419616699e-02
1.303681731224060059e-02,-1.562130451202392578e-02,-2.156065404415130615e-02
1.289895176887512207e-02,-1.547574996948242188e-02,-2.161608636379241943e-02
1.273360848426818848e-02,-1.529145240783691406e-02,-2.164523303508758545e-02
1.260057091712951660e-02,-1.502835750579833984e-02,-2.172906696796417236e-02
1.243180036544799805e-02,-1.468825340270996094e-02,-2.173134684562683105e-02
1.225242018699645996e-02,-1.425266265869140625e-02,-2.162835001945495605e-02
1.211929321289062500e-02,-1.373434066772460938e-02,-2.133455872535705566e-02
1.196441054344177246e-02,-1.322972774505615234e-02,-2.104333043098449707e-02
1.183781027793884277e-02,-1.267731189727783203e-02,-2.067242562770843506e-02
1.171237230300903320e-02,-1.214945316314697266e-02,-2.035035192966461182e-02
1.161515712738037109e-02,-1.166343688964843750e-02,-2.017670869827270508e-02
1.155170798301696777e-02,-1.126050949096679688e-02,-2.002020180225372314e-02
1.149404048919677734e-02,-1.099812984466552734e-02,-1.995624601840972900e-02
1.147770881652832031e-02,-1.080238819122314453e-02,-2.004481852054595947e-02
1.145350933074951172e-02,-1.070177555084228516e-02,-2.015508711338043213e-02
1.144176721572875977e-02,-1.073479652404785156e-02,-2.039918303489685059e-02
1.142638921737670898e-02,-1.094615459442138672e-02,-2.076667547225952148e-02
1.135283708572387695e-02,-1.113080978393554688e-02,-2.104625105857849121e-02
1.127615571022033691e-02,-1.127219200134277344e-02,-2.127499878406524658e-02
1.120853424072265625e-02,-1.139163970947265625e-02,-2.156414091587066650e-02
1.113840937614440918e-02,-1.132524013519287109e-02,-2.213026583194732666e-02
1.107910275459289551e-02,-1.134192943572998047e-02,-2.262356877326965332e-02
1.110935211181640625e-02,-1.141285896301269531e-02,-2.312511205673217773e-02
1.112446188926696777e-02,-1.148641109466552734e-02,-2.353353798389434814e-02
1.110056042671203613e-02,-1.151323318481445312e-02,-2.378232777118682861e-02
1.109308004379272461e-02,-1.143002510070800781e-02,-2.396751940250396729e-02
1.113778352737426758e-02,-1.123309135437011719e-02,-2.418392896652221680e-02
1.117745041847229004e-02,-1.098704338073730469e-02,-2.440127730369567871e-02
1.119372248649597168e-02,-1.059591770172119141e-02,-2.448372542858123779e-02
1.118138432502746582e-02,-1.016068458557128906e-02,-2.460184693336486816e-02
1.117706298828125000e-02,-9.832978248596191406e-03,-2.461388707160949707e-02
1.109215617179870605e-02,-9.459376335144042969e-03,-2.448868751525878906e-02
1.098123192787170410e-02,-9.103178977966308594e-03,-2.431803941726684570e-02
1.086941361427307129e-02,-8.836746215820312500e-03,-2.405460178852081299e-02
1.075789332389831543e-02,-8.543848991394042969e-03,-2.383828163146972656e-02
1.060926914215087891e-02,-8.243918418884277344e-03,-2.360013127326965332e-02
1.043170690536499023e-02,-7.981181144714355469e-03,-2.331347763538360596e-02
1.026841998100280762e-02,-7.736206054687500000e-03,-2.315653860569000244e-02
1.015645265579223633e-02,-7.583856582641601562e-03,-2.298943698406219482e-02
1.009899377822875977e-02,-7.472395896911621094e-03,-2.285298705101013184e-02
1.007536053657531738e-02,-7.407426834106445312e-03,-2.269567549228668213e-02
9.991675615310668945e-03,-7.405638694763183594e-03,-2.246277034282684326e-02
9.929388761520385742e-03,-7.452011108398437500e-03,-2.228207886219024658e-02
9.874731302261352539e-03,-7.507324218750000000e-03,-2.224300801753997803e-02
9.826511144638061523e-03,-7.532954216003417969e-03,-2.222450077533721924e-02
9.792655706405639648e-03,-7.513880729675292969e-03,-2.226400375366210938e-02
9.725093841552734375e-03,-7.523894309997558594e-03,-2.232353389263153076e-02
9.626328945159912109e-03,-7.551670074462890625e-03,-2.241440117359161377e-02
9.595781564712524414e-03,-7.529497146606445312e-03,-2.256913483142852783e-02
9.566515684127807617e-03,-7.514476776123046875e-03,-2.274228632450103760e-02
9.544730186462402344e-03,-7.441043853759765625e-03,-2.297241985797882080e-02
9.538620710372924805e-03,-7.293224334716796875e-03,-2.313518524169921875e-02
9.531259536743164062e-03,-7.102370262145996094e-03,-2.323934435844421387e-02
9.488940238952636719e-03,-6.873011589050292969e-03,-2.331566810607910156e-02
9.430795907974243164e-03,-6.607890129089355469e-03,-2.328617870807647705e-02
9.361028671264648438e-03,-6.173133850097656250e-03,-2.311000227928161621e-02
9.280771017074584961e-03,-5.772471427917480469e-03,-2.284187078475952148e-02
9.154826402664184570e-03,-5.321145057678222656e-03,-2.251015603542327881e-02
8.971571922302246094e-03,-4.900217056274414062e-03,-2.203312516212463379e-02
8.653402328491210938e-03,-4.450678825378417969e-03,-2.150696516036987305e-02
8.356958627700805664e-03,-4.003167152404785156e-03,-2.086564898490905762e-02
8.062362670898437500e-03,-3.613352775573730469e-03,-2.013973891735076904e-02
7.775545120239257812e-03,-3.219485282897949219e-03,-1.931107044219970703e-02
7.495492696762084961e-03,-2.892732620239257812e-03,-1.852650940418243408e-02
7.203161716461181641e-03,-2.630114555358886719e-03,-1.779565215110778809e-02
6.937474012374877930e-03,-2.407670021057128906e-03,-1.715841889381408691e-02
6.674677133560180664e-03,-2.279162406921386719e-03,-1.655666530132293701e-02
6.373763084411621094e-03,-2.288222312927246094e-03,-1.590885221958160400e-02
6.011933088302612305e-03,-2.351284027099609375e-03,-1.519295573234558105e-02
5.646586418151855469e-03,-2.377033233642578125e-03,-1.451867818832397461e-02
5.314737558364868164e-03,-2.570867538452148438e-03,-1.385961472988128662e-02
4.960864782333374023e-03,-2.791285514831542969e-03,-1.339447498321533203e-02
4.666477441787719727e-03,-3.068804740905761719e-03,-1.304617524147033691e-02
4.438400268554687500e-03,-3.355741500854492188e-03,-1.288114488124847412e-02
4.187792539596557617e-03,-3.438830375671386719e-03,-1.290723681449890137e-02
4.083693027496337891e-03,-3.628134727478027344e-03,-1.299344003200531006e-02
4.058867692947387695e-03,-3.725171089172363281e-03,-1.326730847358703613e-02
4.045039415359497070e-03,-3.116250038146972656e-03,-1.358515024185180664e-02
4.034519195556640625e-03,-2.582073211669921875e-03,-1.388004422187805176e-02
4.050880670547485352e-03,-2.104997634887695312e-03,-1.420690119266510010e-02
4.033952951431274414e-03,-1.740813255310058594e-03,-1.448507606983184814e-02
4.026561975479125977e-03,-1.471757888793945312e-03,-1.470178365707397461e-02
3.998219966888427734e-03,-1.268982887268066406e-03,-1.491832733154296875e-02
3.966718912124633789e-03,-1.113176345825195312e-03,-1.505585014820098877e-02
3.996074199676513672e-03,-1.061081886291503906e-03,-1.514573395252227783e-02
3.940254449844360352e-03,-1.079201698303222656e-03,-1.502297818660736084e-02
3.863483667373657227e-03,-1.217722892761230469e-03,-1.481385529041290283e-02
3.753513097763061523e-03,-1.422762870788574219e-03,-1.447010040283203125e-02
3.621637821197509766e-03,-1.670122146606445312e-03,-1.410689949989318848e-02
3.537654876708984375e-03,-1.888275146484375000e-03,-1.373584568500518799e-02
3.458291292190551758e-03,-2.210855484008789062e-03,-1.335310935974121094e-02
3.433048725128173828e-03,-2.544879913330078125e-03,-1.299922168254852295e-02
3.433674573898315430e-03,-2.822995185852050781e-03,-1.264834403991699219e-02
3.468483686447143555e-03,-3.095746040344238281e-03,-1.237322390079498291e-02
3.549605607986450195e-03,-3.306508064270019531e-03,-1.224039494991302490e-02
3.639638423919677734e-03,-3.513693809509277344e-03,-1.216776669025421143e-02
3.757417201995849609e-03,-3.707170486450195312e-03,-1.225838065147399902e-02
3.907710313796997070e-03,-3.820776939392089844e-03,-1.245053112506866455e-02
4.075378179550170898e-03,-3.884673118591308594e-03,-1.265124976634979248e-02
4.277765750885009766e-03,-3.849744796752929688e-03,-1.286065578460693359e-02
4.476606845855712891e-03,-3.726124763488769531e-03,-1.303875446319580078e-02
4.672169685363769531e-03,-3.429174423217773438e-03,-1.328967511653900146e-02
4.822015762329101562e-03,-3.109574317932128906e-03,-1.348800957202911377e-02
4.982650279998779297e-03,-2.710700035095214844e-03,-1.372966170310974121e-02
5.110055208206176758e-03,-2.330303192138671875e-03,-1.395818591117858887e-02
5.230307579040527344e-03,-2.029299736022949219e-03,-1.411139965057373047e-02
5.288243293762207031e-03,-1.795291900634765625e-03,-1.422074437141418457e-02
5.346328020095825195e-03,-1.608490943908691406e-03,-1.442460715770721436e-02
5.336016416549682617e-03,-1.320958137512207031e-03,-1.453247666358947754e-02
5.289375782012939453e-03,-1.080632209777832031e-03,-1.452766358852386475e-02
5.204111337661743164e-03,-9.088516235351562500e-04,-1.447805762290954590e-02
5.103319883346557617e-03,-7.688999176025390625e-04,-1.449373364448547363e-02
4.987239837646484375e-03,-7.035732269287109375e-04,-1.412531733512878418e-02
4.855781793594360352e-03,-6.688833236694335938e-04,-1.385486125946044922e-02
4.699736833572387695e-03,-7.164478302001953125e-04,-1.366762816905975342e-02
4.580855369567871094e-03,-7.359981536865234375e-04,-1.354697346687316895e-02
4.577934741973876953e-03,-7.747411727905273438e-04,-1.359231770038604736e-02
4.629969596862792969e-03,-8.895397186279296875e-04,-1.365312933921813965e-02
4.735141992568969727e-03,-9.781122207641601562e-04,-1.381677389144897461e-02
4.873067140579223633e-03,-1.055955886840820312e-03,-1.407863199710845947e-02
5.041956901550292969e-03,-1.110672950744628906e-03,-1.441328227519989014e-02
5.184561014175415039e-03,-1.154780387878417969e-03,-1.477263867855072021e-02
5.359679460525512695e-03,-1.107811927795410156e-03,-1.517866551876068115e-02
5.521744489669799805e-03,-1.031875610351562500e-03,-1.558892428874969482e-02
5.657553672790527344e-03,-9.094476699829101562e-04,-1.593114435672760010e-02
5.778282880783081055e-03,-8.138418197631835938e-04,-1.625400781631469727e-02
5.881130695343017578e-03,-6.601810455322265625e-04,-1.651154458522796631e-02
5.982846021652221680e-03,-4.661083221435546875e-04,-1.668655872344970703e-02
6.061404943466186523e-03,-2.745389938354492188e-04,-1.681122183799743652e-02
6.073206663131713867e-03,-9.238719940185546875e-05,-1.691499352455139160e-02
6.030946969985961914e-03,6.210803985595703125e-05,-1.687359809875488281e-02
5.918860435485839844e-03,9.357929229736328125e-05,-1.673024892807006836e-02
5.780458450317382812e-03,1.380443572998046875e-04,-1.651212573051452637e-02
5.543589591979980469e-03,1.168251037597656250e-04,-1.617065072059631348e-02
5.330085754394531250e-03,5.507469177246093750e-05,-1.584115624427795410e-02
5.102932453155517578e-03,-3.635883331298828125e-05,-1.546649634838104248e-02
4.888862371444702148e-03,-1.471042633056640625e-04,-1.515021920204162598e-02
4.668623208999633789e-03,-3.082752227783203125e-04,-1.484254002571105957e-02
4.439741373062133789e-03,-4.647970199584960938e-04,-1.453115046024322510e-02
4.249215126037597656e-03,-6.191730499267578125e-04,-1.434911787509918213e-02
4.141151905059814453e-03,-7.503032684326171875e-04,-1.417808234691619873e-02
4.102259874343872070e-03,-8.352994918823242188e-04,-1.404476165771484375e-02
4.082143306732177734e-03,-8.671283721923828125e-04,-1.397955417633056641e-02
4.114389419555664062e-03,-9.384155273437500000e-04,-1.395986974239349365e-02
4.177361726760864258e-03,-9.704828262329101562e-04,-1.395523548126220703e-02
4.202634096145629883e-03,-9.471178054809570312e-04,-1.388952136039733887e-02
4.224419593811035156e-03,-8.558034896850585938e-04,-1.393724977970123291e-02
4.211872816085815430e-03,-7.642507553100585938e-04,-1.398843526840209961e-02
4.220217466354370117e-03,-6.691217422485351562e-04,-1.407247781753540039e-02
4.275739192962646484e-03,-5.177259445190429688e-04,-1.414138078689575195e-02
4.345417022705078125e-03,-3.939867019653320312e-04,-1.423184573650360107e-02
4.434227943420410156e-03,-2.355575561523437500e-04,-1.428462564945220947e-02
4.498273134231567383e-03,-4.959106445312500000e-05,-1.432238519191741943e-02
4.584640264511108398e-03,1.219511032104492188e-04,-1.431943476200103760e-02
4.611670970916748047e-03,2.642869949340820312e-04,-1.432028412818908691e-02
4.607856273651123047e-03,3.759860992431640625e-04,-1.430664956569671631e-02
4.609972238540649414e-03,4.032850265502929688e-04,-1.426838338375091553e-02
4.613041877746582031e-03,4.029273986816406250e-04,-1.412177085876464844e-02
4.560828208923339844e-03,3.808736801147460938e-04,-1.397243142127990723e-02
4.498869180679321289e-03,3.293752670288085938e-04,-1.378762722015380859e-02
4.429072141647338867e-03,2.239942550659179688e-04,-1.358835399150848389e-02
4.357755184173583984e-03,1.429319381713867188e-04,-1.328705251216888428e-02
4.283905029296875000e-03,5.936622619628906250e-05,-1.306207478046417236e-02
4.168212413787841797e-03,-9.655952453613281250e-06,-1.275490224361419678e-02
4.077345132827758789e-03,-8.094310760498046875e-05,-1.249206066131591797e-02
3.954470157623291016e-03,-1.282691955566406250e-04,-1.227337121963500977e-02
3.866463899612426758e-03,1.021504402160644531e-03,-1.326009631156921387e-02
3.738582134246826172e-03,2.040147781372070312e-03,-1.412868499755859375e-02
3.539472818374633789e-03,2.941608428955078125e-03,-1.489077508449554443e-02
3.354251384735107422e-03,3.732442855834960938e-03,-1.549556851387023926e-02
3.164470195770263672e-03,4.441738128662109375e-03,-1.602926850318908691e-02
3.053873777389526367e-03,5.071640014648437500e-03,-1.651838421821594238e-02
2.977669239044189453e-03,5.629777908325195312e-03,-1.695413887500762939e-02
2.905219793319702148e-03,6.126999855041503906e-03,-1.732707023620605469e-02
2.858519554138183594e-03,6.580114364624023438e-03,-1.766826212406158447e-02
2.834528684616088867e-03,7.016539573669433594e-03,-1.794934272766113281e-02
2.807885408401489258e-03,7.410764694213867188e-03,-1.818268001079559326e-02
2.845644950866699219e-03,7.737278938293457031e-03,-1.836921274662017822e-02
2.856194972991943359e-03,8.027791976928710938e-03,-1.851914823055267334e-02
2.796590328216552734e-03,8.291482925415039062e-03,-1.864956319332122803e-02
2.741813659667968750e-03,8.518576622009277344e-03,-1.876500248908996582e-02
2.668529748916625977e-03,8.721947669982910156e-03,-1.883228123188018799e-02
2.551406621932983398e-03,8.895039558410644531e-03,-1.884090900421142578e-02
2.373009920120239258e-03,9.036898612976074219e-03,-1.879616081714630127e-02
2.184718847274780273e-03,9.155631065368652344e-03,-1.872491836547851562e-02
2.021610736846923828e-03,9.258151054382324219e-03,-1.866215467453002930e-02
1.902639865875244141e-03,9.346723556518554688e-03,-1.861210167407989502e-02
1.855760812759399414e-03,9.429335594177246094e-03,-1.852363348007202148e-02
1.613199710845947266e-03,9.576678276062011719e-03,-1.862284541130065918e-02
1.399040222167968750e-03,9.699821472167968750e-03,-1.870703697204589844e-02
1.256376504898071289e-03,9.803533554077148438e-03,-1.878762245178222656e-02
1.151114702224731445e-03,9.888410568237304688e-03,-1.886774599552154541e-02
1.008361577987670898e-03,9.955286979675292969e-03,-1.889474689960479736e-02
8.956491947174072266e-04,1.000642776489257812e-02,-1.890985667705535889e-02
7.765591144561767578e-04,1.004731655120849609e-02,-1.889041066169738770e-02
6.570518016815185547e-04,1.006305217742919922e-02,-1.885968446731567383e-02
5.178749561309814453e-04,1.006829738616943359e-02,-1.883503794670104980e-02
3.500580787658691406e-04,1.006472110748291016e-02,-1.879006624221801758e-02
1.599788665771484375e-04,1.005041599273681641e-02,-1.874722540378570557e-02
-7.143616676330566406e-05,1.003623008728027344e-02,-1.867970824241638184e-02
-2.575814723968505859e-04,1.001453399658203125e-02,-1.862539350986480713e-02
-3.910958766937255859e-04,9.981274604797363281e-03,-1.854956150054931641e-02
-5.435347557067871094e-04,9.941577911376953125e-03,-1.847633719444274902e-02
-6.523728370666503906e-04,9.891390800476074219e-03,-1.842476427555084229e-02
-7.461905479431152344e-04,9.828209877014160156e-03,-1.838244497776031494e-02
-8.524358272552490234e-04,9.766578674316406250e-03,-1.831674575805664062e-02
-9.716749191284179688e-04,9.712457656860351562e-03,-1.826816797256469727e-02
-1.136809587478637695e-03,9.641528129577636719e-03,-1.820479333400726318e-02
-1.347094774246215820e-03,9.560704231262207031e-03,-1.810935139656066895e-02
-1.580715179443359375e-03,9.482979774475097656e-03,-1.801152527332305908e-02
-1.778900623321533203e-03,9.405493736267089844e-03,-1.792208850383758545e-02
-1.956433057785034180e-03,9.317874908447265625e-03,-1.779878139495849609e-02
-2.144694328308105469e-03,9.229898452758789062e-03,-1.767443120479583740e-02
-2.328693866729736328e-03,9.140849113464355469e-03,-1.753948628902435303e-02
-2.458631992340087891e-03,9.059548377990722656e-03,-1.741990447044372559e-02
-2.594172954559326172e-03,8.973479270935058594e-03,-1.729142665863037109e-02
-2.764970064163208008e-03,8.882641792297363281e-03,-1.717370748519897461e-02
-2.844333648681640625e-03,8.786678314208984375e-03,-1.702575385570526123e-02
-2.886563539505004883e-03,8.692860603332519531e-03,-1.688516139984130859e-02
-2.917647361755371094e-03,8.605480194091796875e-03,-1.675267517566680908e-02
-2.986699342727661133e-03,8.529901504516601562e-03,-1.660545170307159424e-02
-3.041058778762817383e-03,8.448958396911621094e-03,-1.647162437438964844e-02
-3.107756376266479492e-03,8.386135101318359375e-03,-1.629567146301269531e-02
-3.156840801239013672e-03,8.328557014465332031e-03,-1.611463725566864014e-02
-3.149956464767456055e-03,8.267641067504882812e-03,-1.595422625541687012e-02
-3.127127885818481445e-03,8.210539817810058594e-03,-1.580426096916198730e-02
-3.106504678726196289e-03,8.140087127685546875e-03,-1.568958163261413574e-02
-3.144562244415283203e-03,8.070826530456542969e-03,-1.556003093719482422e-02
-3.144294023513793945e-03,7.999300956726074219e-03,-1.544266939163208008e-02
-3.118246793746948242e-03,7.929682731628417969e-03,-1.534543931484222412e-02
-3.142356872558593750e-03,7.840752601623535156e-03,-1.528559625148773193e-02
-3.181248903274536133e-03,7.749319076538085938e-03,-1.523944735527038574e-02
-3.257066011428833008e-03,7.663130760192871094e-03,-1.517049968242645264e-02
-3.387451171875000000e-03,7.574319839477539062e-03,-1.510815322399139404e-02
-3.547430038452148438e-03,7.492065429687500000e-03,-1.501999795436859131e-02
-3.781199455261230469e-03,7.413029670715332031e-03,-1.494549214839935303e-02
-3.936499357223510742e-03,7.336020469665527344e-03,-1.485832035541534424e-02
-4.111170768737792969e-03,7.258772850036621094e-03,-1.474867761135101318e-02
-4.294574260711669922e-03,7.169485092163085938e-03,-1.463274657726287842e-02
-4.514724016189575195e-03,7.082939147949218750e-03,-1.449847221374511719e-02
-4.702001810073852539e-03,7.000565528869628906e-03,-1.434162259101867676e-02
-4.932463169097900391e-03,6.927967071533203125e-03,-1.415179669857025146e-02
-5.152732133865356445e-03,6.855249404907226562e-03,-1.391391456127166748e-02
-5.345195531845092773e-03,6.784319877624511719e-03,-1.369976997375488281e-02
-5.552321672439575195e-03,6.717443466186523438e-03,-1.349139213562011719e-02
-5.758702754974365234e-03,6.652355194091796875e-03,-1.329185068607330322e-02
-6.020963191986083984e-03,6.600856781005859375e-03,-1.307752728462219238e-02
-6.263315677642822266e-03,6.551980972290039062e-03,-1.289135217666625977e-02
-6.442904472351074219e-03,6.509900093078613281e-03,-1.273970305919647217e-02
-6.609559059143066406e-03,6.466627120971679688e-03,-1.259827613830566406e-02
-6.810307502746582031e-03,6.432652473449707031e-03,-1.247075200080871582e-02
-6.991267204284667969e-03,6.396889686584472656e-03,-1.238429546356201172e-02
-7.134318351745605469e-03,6.353497505187988281e-03,-1.229169964790344238e-02
-7.224589586257934570e-03,6.308317184448242188e-03,-1.224200427532196045e-02
-7.348865270614624023e-03,6.276130676269531250e-03,-1.220482587814331055e-02
-7.448136806488037109e-03,6.243228912353515625e-03,-1.214830577373504639e-02
-7.497817277908325195e-03,6.211400032043457031e-03,-1.210023462772369385e-02
-7.495731115341186523e-03,6.174445152282714844e-03,-1.204271614551544189e-02
-7.504284381866455078e-03,6.144523620605468750e-03,-1.202569901943206787e-02
-7.441788911819458008e-03,6.110191345214843750e-03,-1.207567751407623291e-02
-7.321506738662719727e-03,6.097555160522460938e-03,-1.214882731437683105e-02
-7.195383310317993164e-03,6.090402603149414062e-03,-1.220959424972534180e-02
-7.029384374618530273e-03,6.088256835937500000e-03,-1.228368282318115234e-02
-6.831735372543334961e-03,6.088852882385253906e-03,-1.234212517738342285e-02
-6.612271070480346680e-03,6.071686744689941406e-03,-1.239112019538879395e-02
-6.398290395736694336e-03,6.059169769287109375e-03,-1.244875788688659668e-02
-6.146430969238281250e-03,6.048917770385742188e-03,-1.251681149005889893e-02
-5.861043930053710938e-03,6.039500236511230469e-03,-1.258715987205505371e-02
-5.630999803543090820e-03,6.024122238159179688e-03,-1.264107227325439453e-02
-5.330085754394531250e-03,6.011843681335449219e-03,-1.271431148052215576e-02
-5.037516355514526367e-03,6.010532379150390625e-03,-1.281036436557769775e-02
-4.694461822509765625e-03,6.012916564941406250e-03,-1.290215551853179932e-02
-4.384666681289672852e-03,6.011724472045898438e-03,-1.298581063747406006e-02
-4.097670316696166992e-03,6.012439727783203125e-03,-1.306799054145812988e-02
-3.824979066848754883e-03,6.020545959472656250e-03,-1.313914358615875244e-02
-3.634005784988403320e-03,6.014227867126464844e-03,-1.318158209323883057e-02
-3.386378288269042969e-03,6.012439727783203125e-03,-1.327092945575714111e-02
-3.116071224212646484e-03,6.012439727783203125e-03,-1.337330043315887451e-02
-2.822130918502807617e-03,6.002545356750488281e-03,-1.342719793319702148e-02
-2.583622932434082031e-03,5.986571311950683594e-03,-1.348745822906494141e-02
-2.372264862060546875e-03,5.948901176452636719e-03,-1.355309784412384033e-02
-2.243369817733764648e-03,5.908846855163574219e-03,-1.357899606227874756e-02
-2.098530530929565430e-03,5.859851837158203125e-03,-1.361140608787536621e-02
-2.098530530929565430e-03,5.859851837158203125e-03,-1.361140608787536621e-02
-1.988321542739868164e-03,5.805373191833496094e-03,-1.362611353397369385e-02
-1.722544431686401367e-03,5.752086639404296875e-03,-1.363666355609893799e-02
-1.489907503128051758e-03,5.693197250366210938e-03,-1.362119615077972412e-02
-1.295447349548339844e-03,5.630373954772949219e-03,-1.358239352703094482e-02
-1.113682985305786133e-03,5.562305450439453125e-03,-1.354350149631500244e-02
-9.382665157318115234e-04,5.493283271789550781e-03,-1.352371275424957275e-02
-7.531940937042236328e-04,5.422472953796386719e-03,-1.355858147144317627e-02
-6.145536899566650391e-04,5.361914634704589844e-03,-1.357342302799224854e-02
-4.797577857971191406e-04,5.309820175170898438e-03,-1.356859505176544189e-02
-3.390312194824218750e-04,5.255460739135742188e-03,-1.359140872955322266e-02
-1.670718193054199219e-04,5.207538604736328125e-03,-1.362437009811401367e-02
2.226233482360839844e-05,5.160093307495117188e-03,-1.367129385471343994e-02
1.877844333648681641e-04,5.116701126098632812e-03,-1.371496915817260742e-02
3.564655780792236328e-04,5.066275596618652344e-03,-1.370322704315185547e-02
6.195008754730224609e-04,5.015015602111816406e-03,-1.370678842067718506e-02
8.744299411773681641e-04,4.959702491760253906e-03,-1.371188461780548096e-02
1.106113195419311523e-03,4.898071289062500000e-03,-1.369725167751312256e-02
1.332193613052368164e-03,4.835605621337890625e-03,-1.367823779582977295e-02
1.549571752548217773e-03,4.783391952514648438e-03,-1.365388929843902588e-02
1.719474792480468750e-03,4.729032516479492188e-03,-1.360261440277099609e-02
1.868158578872680664e-03,4.673838615417480469e-03,-1.355957984924316406e-02
2.057403326034545898e-03,4.618763923645019531e-03,-1.351121068000793457e-02
2.257347106933593750e-03,4.557013511657714844e-03,-1.348251104354858398e-02
2.420008182525634766e-03,4.498600959777832031e-03,-1.344859600067138672e-02
2.553969621658325195e-03,4.442214965820312500e-03,-1.340830326080322266e-02
2.684682607650756836e-03,4.397511482238769531e-03,-1.333437860012054443e-02
2.839773893356323242e-03,4.347562789916992188e-03,-1.326340436935424805e-02
2.974808216094970703e-03,4.307270050048828125e-03,-1.319031417369842529e-02
3.126919269561767578e-03,4.277229309082031250e-03,-1.313513517379760742e-02
3.276586532592773438e-03,4.219889640808105469e-03,-1.312704384326934814e-02
3.406256437301635742e-03,4.176020622253417969e-03,-1.313023269176483154e-02
3.483533859252929688e-03,4.146337509155273438e-03,-1.311616599559783936e-02
3.566980361938476562e-03,4.116773605346679688e-03,-1.306948065757751465e-02
3.690481185913085938e-03,4.092097282409667969e-03,-1.298955082893371582e-02
3.787875175476074219e-03,4.082202911376953125e-03,-1.293312013149261475e-02
3.888815641403198242e-03,4.081487655639648438e-03,-1.288792490959167480e-02
3.958314657211303711e-03,4.121780395507812500e-03,-1.281934976577758789e-02
3.973990678787231445e-03,4.167318344116210938e-03,-1.274853944778442383e-02
3.975093364715576172e-03,4.202246665954589844e-03,-1.266449689865112305e-02
3.958463668823242188e-03,4.233479499816894531e-03,-1.259005069732666016e-02
3.900557756423950195e-03,4.270911216735839844e-03,-1.252900063991546631e-02
3.838866949081420898e-03,4.305958747863769531e-03,-1.248987019062042236e-02
3.777205944061279297e-03,4.339218139648437500e-03,-1.244784891605377197e-02
3.782063722610473633e-03,4.364252090454101562e-03,-1.248486340045928955e-02
3.806143999099731445e-03,4.383325576782226562e-03,-1.254132390022277832e-02
3.827005624771118164e-03,4.403233528137207031e-03,-1.258821785449981689e-02
3.820836544036865234e-03,4.420518875122070312e-03,-1.262828707695007324e-02
3.884911537170410156e-03,4.438638687133789062e-03,-1.279763877391815186e-02
3.877520561218261719e-03,4.432916641235351562e-03,-1.291786134243011475e-02
3.864586353302001953e-03,4.414319992065429688e-03,-1.301911473274230957e-02
3.858447074890136719e-03,4.386425018310546875e-03,-1.310154795646667480e-02
3.846138715744018555e-03,4.361152648925781250e-03,-1.316949725151062012e-02
3.762751817703247070e-03,4.326224327087402344e-03,-1.301369071006774902e-02
3.663003444671630859e-03,4.301667213439941406e-03,-1.287528872489929199e-02
3.582417964935302734e-03,4.270792007446289062e-03,-1.274308562278747559e-02
3.595083951950073242e-03,4.228591918945312500e-03,-1.262463629245758057e-02
3.637254238128662109e-03,4.184842109680175781e-03,-1.253755390644073486e-02
3.711849451065063477e-03,4.132270812988281250e-03,-1.242874562740325928e-02
3.791749477386474609e-03,4.066824913024902344e-03,-1.233908534049987793e-02
3.902047872543334961e-03,3.998875617980957031e-03,-1.226240396499633789e-02
4.061251878738403320e-03,3.948926925659179688e-03,-1.222817599773406982e-02
4.234492778778076172e-03,3.869891166687011719e-03,-1.221144199371337891e-02
4.433274269104003906e-03,3.799915313720703125e-03,-1.223853230476379395e-02
4.615932703018188477e-03,3.733515739440917969e-03,-1.229022443294525146e-02
4.783987998962402344e-03,3.675341606140136719e-03,-1.236644387245178223e-02
4.974424839019775391e-03,3.617286682128906250e-03,-1.243583858013153076e-02
5.175769329071044922e-03,3.560781478881835938e-03,-1.253929734230041504e-02
5.368620157241821289e-03,3.510713577270507812e-03,-1.264785230159759521e-02
5.527138710021972656e-03,3.454923629760742188e-03,-1.277777552604675293e-02
5.685299634933471680e-03,3.395438194274902344e-03,-1.289220154285430908e-02
5.813062191009521484e-03,3.325581550598144531e-03,-1.301956176757812500e-02
5.932182073593139648e-03,3.262758255004882812e-03,-1.311157643795013428e-02
6.017535924911499023e-03,3.202557563781738281e-03,-1.316802203655242920e-02
6.039708852767944336e-03,3.139495849609375000e-03,-1.319354772567749023e-02
6.007939577102661133e-03,3.086924552917480469e-03,-1.315048336982727051e-02
6.007939577102661133e-03,3.086924552917480469e-03,-1.315048336982727051e-02
5.945146083831787109e-03,3.032326698303222656e-03,-1.311846077442169189e-02
5.895256996154785156e-03,2.983927726745605469e-03,-1.306447386741638184e-02
5.801528692245483398e-03,2.936840057373046875e-03,-1.295904815196990967e-02
5.656033754348754883e-03,2.896070480346679688e-03,-1.279617846012115479e-02
5.422055721282958984e-03,2.863526344299316406e-03,-1.262296736240386963e-02
5.175948143005371094e-03,2.845525741577148438e-03,-1.243898272514343262e-02
4.945099353790283203e-03,2.833724021911621094e-03,-1.225830614566802979e-02
4.736870527267456055e-03,2.822041511535644531e-03,-1.208804547786712646e-02
4.545867443084716797e-03,2.818226814270019531e-03,-1.191300153732299805e-02
4.326730966567993164e-03,2.812623977661132812e-03,-1.173345744609832764e-02
4.087090492248535156e-03,2.809643745422363281e-03,-1.156771183013916016e-02
3.898590803146362305e-03,2.807617187500000000e-03,-1.142096519470214844e-02
3.764122724533081055e-03,2.812027931213378906e-03,-1.130676269531250000e-02
3.689944744110107422e-03,2.819657325744628906e-03,-1.122350990772247314e-02
3.615885972976684570e-03,2.823591232299804688e-03,-1.117497682571411133e-02
3.571093082427978516e-03,2.830743789672851562e-03,-1.113575696945190430e-02
3.567308187484741211e-03,2.850174903869628906e-03,-1.111367344856262207e-02
3.550946712493896484e-03,2.876520156860351562e-03,-1.107670366764068604e-02
3.547489643096923828e-03,2.903819084167480469e-03,-1.105785369873046875e-02
3.511726856231689453e-03,2.928256988525390625e-03,-1.101435720920562744e-02
3.474712371826171875e-03,2.954125404357910156e-03,-1.097393035888671875e-02
3.352820873260498047e-03,2.988576889038085938e-03,-1.092466711997985840e-02
3.212124109268188477e-03,3.003954887390136719e-03,-1.088778674602508545e-02
3.101468086242675781e-03,3.018498420715332031e-03,-1.085439324378967285e-02
2.998381853103637695e-03,3.015160560607910156e-03,-1.082986593246459961e-02
2.919673919677734375e-03,3.005862236022949219e-03,-1.080369949340820312e-02
2.880036830902099609e-03,2.988100051879882812e-03,-1.079297065734863281e-02
2.862095832824707031e-03,2.963304519653320312e-03,-1.078970730304718018e-02
2.837210893630981445e-03,2.927780151367187500e-03,-1.078733801841735840e-02
2.824217081069946289e-03,2.888917922973632812e-03,-1.078143715858459473e-02
2.818644046783447266e-03,2.844810485839843750e-03,-1.077733933925628662e-02
2.789676189422607422e-03,2.790093421936035156e-03,-1.075005531311035156e-02
2.807289361953735352e-03,2.735137939453125000e-03,-1.072198152542114258e-02
2.829223871231079102e-03,2.679228782653808594e-03,-1.066797971725463867e-02
2.848029136657714844e-03,2.614378929138183594e-03,-1.059249043464660645e-02
2.835869789123535156e-03,2.551674842834472656e-03,-1.051639020442962646e-02
2.820312976837158203e-03,2.483129501342773438e-03,-1.043519377708435059e-02
2.816975116729736328e-03,2.415776252746582031e-03,-1.034779846668243408e-02
2.798438072204589844e-03,2.356648445129394531e-03,-1.027171313762664795e-02
2.773731946945190430e-03,2.307176589965820312e-03,-1.017859578132629395e-02
2.745032310485839844e-03,2.261996269226074219e-03,-1.008313894271850586e-02
2.648293972015380859e-03,2.205133438110351562e-03,-9.940803050994873047e-03
2.578228712081909180e-03,2.145290374755859375e-03,-9.791836142539978027e-03
2.557098865509033203e-03,2.079606056213378906e-03,-9.693041443824768066e-03
2.623885869979858398e-03,2.011656761169433594e-03,-9.612962603569030762e-03
2.612203359603881836e-03,1.945972442626953125e-03,-9.564384818077087402e-03
2.606213092803955078e-03,1.878142356872558594e-03,-9.514257311820983887e-03
2.613246440887451172e-03,1.809239387512207031e-03,-9.450048208236694336e-03
2.630770206451416016e-03,1.739144325256347656e-03,-9.382456541061401367e-03
2.665221691131591797e-03,1.691699028015136719e-03,-9.305641055107116699e-03
2.690821886062622070e-03,1.651167869567871094e-03,-9.225070476531982422e-03
2.698004245758056641e-03,1.613020896911621094e-03,-9.136438369750976562e-03
2.722650766372680664e-03,1.582145690917968750e-03,-9.045019745826721191e-03
2.738744020462036133e-03,1.553535461425781250e-03,-8.952587842941284180e-03
2.778410911560058594e-03,1.527190208435058594e-03,-8.859366178512573242e-03
2.815157175064086914e-03,1.505136489868164062e-03,-8.771434426307678223e-03
2.845406532287597656e-03,1.486301422119140625e-03,-8.687093853950500488e-03
2.860069274902343750e-03,1.465320587158203125e-03,-8.597567677497863770e-03
2.843141555786132812e-03,1.446962356567382812e-03,-8.531808853149414062e-03
2.903103828430175781e-03,1.437783241271972656e-03,-8.492648601531982422e-03
2.979516983032226562e-03,1.425981521606445312e-03,-8.471623063087463379e-03
3.065645694732666016e-03,1.409888267517089844e-03,-8.461892604827880859e-03
3.157258033752441406e-03,1.396417617797851562e-03,-8.449658751487731934e-03
3.266036510467529297e-03,1.384377479553222656e-03,-8.435949683189392090e-03
3.384947776794433594e-03,1.377820968627929688e-03,-8.434638381004333496e-03
3.488212823867797852e-03,1.368522644042968750e-03,-8.438408374786376953e-03
3.584355115890502930e-03,1.360654830932617188e-03,-8.453130722045898438e-03
3.701537847518920898e-03,1.346349716186523438e-03,-8.482635021209716797e-03
3.773063421249389648e-03,1.325964927673339844e-03,-8.520275354385375977e-03
3.862649202346801758e-03,1.308321952819824219e-03,-8.564174175262451172e-03
3.907769918441772461e-03,1.291036605834960938e-03,-8.596554398536682129e-03
3.925293684005737305e-03,1.264214515686035156e-03,-8.609011769294738770e-03
3.914624452590942383e-03,1.224637031555175781e-03,-8.589163422584533691e-03
3.765583038330078125e-03,1.174330711364746094e-03,-8.563905954360961914e-03
3.619194030761718750e-03,1.128435134887695312e-03,-8.537307381629943848e-03
3.481924533843994141e-03,1.094698905944824219e-03,-8.534803986549377441e-03
3.347009420394897461e-03,1.068949699401855469e-03,-8.526951074600219727e-03
3.194510936737060547e-03,1.045942306518554688e-03,-8.511558175086975098e-03
3.076523542404174805e-03,1.019358634948730469e-03,-8.496597409248352051e-03
2.990007400512695312e-03,9.870529174804687500e-04,-8.484035730361938477e-03
3.010779619216918945e-03,9.510517120361328125e-04,-8.490681648254394531e-03
3.031790256500244141e-03,9.170770645141601562e-04,-8.520200848579406738e-03
3.043621778488159180e-03,8.825063705444335938e-04,-8.557006716728210449e-03
3.073632717132568359e-03,8.451938629150390625e-04,-8.594840764999389648e-03
3.111869096755981445e-03,8.069276809692382812e-04,-8.629620075225830078e-03
3.111779689788818359e-03,7.630586624145507812e-04,-8.657768368721008301e-03
3.094762563705444336e-03,7.132291793823242188e-04,-8.670687675476074219e-03
3.098398447036743164e-03,6.638765335083007812e-04,-8.674293756484985352e-03
3.076821565628051758e-03,6.184577941894531250e-04,-8.663639426231384277e-03
3.065317869186401367e-03,5.738735198974609375e-04,-8.638054132461547852e-03
3.055691719055175781e-03,5.278587341308593750e-04,-8.588209748268127441e-03
3.049105405807495117e-03,4.920959472656250000e-04,-8.515238761901855469e-03
3.038674592971801758e-03,4.615783691406250000e-04,-8.452862501144409180e-03
3.047943115234375000e-03,4.324913024902343750e-04,-8.447140455245971680e-03
3.065347671508789062e-03,4.078149795532226562e-04,-8.452489972114562988e-03
3.204822540283203125e-03,3.916025161743164062e-04,-8.508905768394470215e-03
3.326952457427978516e-03,3.832578659057617188e-04,-8.558511734008789062e-03
3.475636243820190430e-03,3.801584243774414062e-04,-8.583486080169677734e-03
3.623366355895996094e-03,3.695487976074218750e-04,-8.601188659667968750e-03
3.759652376174926758e-03,3.629922866821289062e-04,-8.630827069282531738e-03
3.835856914520263672e-03,3.578662872314453125e-04,-8.641749620437622070e-03
3.865450620651245117e-03,3.541707992553710938e-04,-8.607685565948486328e-03
3.849327564239501953e-03,3.491640090942382812e-04,-8.562058210372924805e-03
3.826171159744262695e-03,3.565549850463867188e-04,-8.519768714904785156e-03
3.819376230239868164e-03,3.570318222045898438e-04,-8.476033806800842285e-03
3.819078207015991211e-03,3.557205200195312500e-04,-8.460640907287597656e-03
3.825426101684570312e-03,3.612041473388671875e-04,-8.476048707962036133e-03
4.322379827499389648e-03,3.639459609985351562e-04,-8.513808250427246094e-03
4.769533872604370117e-03,3.637075424194335938e-04,-8.549600839614868164e-03
5.150794982910156250e-03,3.638267517089843750e-04,-8.594006299972534180e-03
5.473554134368896484e-03,3.570318222045898438e-04,-8.646756410598754883e-03
5.731761455535888672e-03,3.488063812255859375e-04,-8.703097701072692871e-03
5.922019481658935547e-03,3.304481506347656250e-04,-8.742168545722961426e-03
6.069958209991455078e-03,3.075599670410156250e-04,-8.754581212997436523e-03
6.129473447799682617e-03,2.876520156860351562e-04,-8.751124143600463867e-03
6.160259246826171875e-03,2.522468566894531250e-04,-8.743092417716979980e-03
6.131529808044433594e-03,2.179145812988281250e-04,-8.744105696678161621e-03
6.090968847274780273e-03,2.031326293945312500e-04,-8.745491504669189453e-03
6.021589040756225586e-03,1.884698867797851562e-04,-8.739814162254333496e-03
5.894899368286132812e-03,1.864433288574218750e-04,-8.730456233024597168e-03
5.728691816329956055e-03,1.885890960693359375e-04,-8.743762969970703125e-03
5.593091249465942383e-03,1.988410949707031250e-04,-8.771419525146484375e-03
5.428194999694824219e-03,2.126693725585937500e-04,-8.770540356636047363e-03
5.231827497482299805e-03,2.325773239135742188e-04,-8.792772889137268066e-03
5.014955997467041016e-03,2.652406692504882812e-04,-8.818343281745910645e-03
4.801422357559204102e-03,2.985000610351562500e-04,-8.847191929817199707e-03
4.589974880218505859e-03,3.275871276855468750e-04,-8.896276354789733887e-03
4.385560750961303711e-03,3.473758697509765625e-04,-8.993551135063171387e-03
4.202097654342651367e-03,3.583431243896484375e-04,-9.070098400115966797e-03
4.046827554702758789e-03,3.572702407836914062e-04,-9.125098586082458496e-03
3.940761089324951172e-03,3.452301025390625000e-04,-9.189575910568237305e-03
3.843456506729125977e-03,3.197193145751953125e-04,-9.255155920982360840e-03
3.766477108001708984e-03,2.889633178710937500e-04,-9.304985404014587402e-03
3.696709871292114258e-03,2.555847167968750000e-04,-9.347379207611083984e-03
3.665149211883544922e-03,2.324581146240234375e-04,-9.444698691368103027e-03
3.630429506301879883e-03,1.939535140991210938e-04,-9.523585438728332520e-03
3.583669662475585938e-03,1.556873321533203125e-04,-9.558662772178649902e-03
3.540307283401489258e-03,1.200437545776367188e-04,-9.573012590408325195e-03
3.484904766082763672e-03,9.715557098388671875e-05,-9.581029415130615234e-03
3.408193588256835938e-03,8.332729339599609375e-05,-9.580254554748535156e-03
3.305494785308837891e-03,7.951259613037109375e-05,-9.544149041175842285e-03
3.162324428558349609e-03,9.608268737792968750e-05,-9.475305676460266113e-03
3.010869026184082031e-03,1.044273376464843750e-04,-9.415954351425170898e-03
2.880275249481201172e-03,1.089572906494140625e-04,-9.377077221870422363e-03
2.797812223434448242e-03,1.116991043090820312e-04,-9.329766035079956055e-03
2.749204635620117188e-03,1.164674758911132812e-04,-9.278655052185058594e-03
2.728581428527832031e-03,1.131296157836914062e-04,-9.243577718734741211e-03
2.791017293930053711e-03,1.053810119628906250e-04,-9.223446249961853027e-03
2.880573272705078125e-03,1.004934310913085938e-04,-9.198248386383056641e-03
2.983510494232177734e-03,9.572505950927734375e-05,-9.190201759338378906e-03
3.127187490463256836e-03,9.334087371826171875e-05,-9.197503328323364258e-03
3.259003162384033203e-03,9.334087371826171875e-05,-9.216561913490295410e-03
3.399670124053955078e-03,9.799003601074218750e-05,-9.223639965057373047e-03
3.555536270141601562e-03,1.065731048583984375e-04,-9.233266115188598633e-03
3.680348396301269531e-03,1.258850097656250000e-04,-9.248048067092895508e-03
3.780037164688110352e-03,1.398324966430664062e-04,-9.262695908546447754e-03
3.877580165863037109e-03,1.579523086547851562e-04,-9.264290332794189453e-03
3.958523273468017578e-03,1.783370971679687500e-04,-9.238794445991516113e-03
4.017770290374755859e-03,1.975297927856445312e-04,-9.208247065544128418e-03
4.043012857437133789e-03,2.144575119018554688e-04,-9.174615144729614258e-03
4.040747880935668945e-03,2.317428588867187500e-04,-9.142309427261352539e-03
4.003822803497314453e-03,2.460479736328125000e-04,-9.088695049285888672e-03
3.906071186065673828e-03,2.499818801879882812e-04,-9.020686149597167969e-03
3.791034221649169922e-03,2.530813217163085938e-04,-8.913755416870117188e-03
3.658890724182128906e-03,2.511739730834960938e-04,-8.782520890235900879e-03
3.506571054458618164e-03,2.453327178955078125e-04,-8.642628788948059082e-03
3.353685140609741211e-03,2.396106719970703125e-04,-8.526235818862915039e-03
3.272026777267456055e-03,2.380609512329101562e-04,-8.422806859016418457e-03
3.219008445739746094e-03,2.309083938598632812e-04,-8.343309164047241211e-03
3.199011087417602539e-03,2.191066741943359375e-04,-8.296012878417968750e-03
3.218621015548706055e-03,2.083778381347656250e-04,-8.254259824752807617e-03
3.275036811828613281e-03,2.032518386840820312e-04,-8.256375789642333984e-03
3.338932991027832031e-03,1.945495605468750000e-04,-8.284538984298706055e-03
3.397196531295776367e-03,1.873970031738281250e-04,-8.306890726089477539e-03
3.449916839599609375e-03,1.775026321411132812e-04,-8.351504802703857422e-03
3.515779972076416016e-03,1.677274703979492188e-04,-8.390888571739196777e-03
3.568768501281738281e-03,1.552104949951171875e-04,-8.430883288383483887e-03
3.610908985137939453e-03,1.404285430908203125e-04,-8.475020527839660645e-03
3.633975982666015625e-03,1.252889633178710938e-04,-8.518949151039123535e-03
3.654032945632934570e-03,1.078844070434570312e-04,-8.554294705390930176e-03
3.646284341812133789e-03,9.262561798095703125e-05,-8.558854460716247559e-03
3.607392311096191406e-03,8.106231689453125000e-05,-8.545562624931335449e-03
3.571927547454833984e-03,6.866455078125000000e-05,-8.539706468582153320e-03
3.535985946655273438e-03,5.257129669189453125e-05,-8.529722690582275391e-03
3.505885601043701172e-03,4.088878631591796875e-05,-8.512124419212341309e-03
3.463417291641235352e-03,3.218650817871093750e-05,-8.475378155708312988e-03
3.409117460250854492e-03,1.978874206542968750e-05,-8.436426520347595215e-03
3.373920917510986328e-03,1.084804534912109375e-05,-8.414521813392639160e-03
3.345221281051635742e-03,2.980232238769531250e-06,-8.400037884712219238e-03
3.362864255905151367e-03,2.384185791015625000e-07,-8.417800068855285645e-03
3.407239913940429688e-03,3.576278686523437500e-07,-8.458375930786132812e-03
3.467500209808349609e-03,8.225440979003906250e-06,-8.533239364624023438e-03
3.530979156494140625e-03,2.014636993408203125e-05,-8.628442883491516113e-03
3.569126129150390625e-03,3.528594970703125000e-05,-8.735746145248413086e-03
3.604203462600708008e-03,5.435943603515625000e-05,-8.819952607154846191e-03
3.631532192230224609e-03,7.843971252441406250e-05,-8.905068039894104004e-03
3.730624914169311523e-03,1.015663146972656250e-04,-8.985564112663269043e-03
3.826767206192016602e-03,1.220703125000000000e-04,-9.055420756340026855e-03
3.945618867874145508e-03,1.360177993774414062e-04,-9.128749370574951172e-03
4.050970077514648438e-03,1.535415649414062500e-04,-9.189069271087646484e-03
4.143506288528442383e-03,1.646280288696289062e-04,-9.262129664421081543e-03
4.211276769638061523e-03,1.759529113769531250e-04,-9.320631623268127441e-03
4.246413707733154297e-03,1.890659332275390625e-04,-9.361490607261657715e-03
4.235744476318359375e-03,2.032518386840820312e-04,-9.392186999320983887e-03
4.214882850646972656e-03,2.110004425048828125e-04,-9.425237774848937988e-03
4.211217164993286133e-03,2.219676971435546875e-04,-9.464859962463378906e-03
4.259377717971801758e-03,2.453327178955078125e-04,-9.501293301582336426e-03
4.275798797607421875e-03,2.657175064086914062e-04,-9.505599737167358398e-03
4.286319017410278320e-03,2.784729003906250000e-04,-9.501159191131591797e-03
4.243373870849609375e-03,2.871751785278320312e-04,-9.479999542236328125e-03
4.215508699417114258e-03,2.880096435546875000e-04,-9.444996714591979980e-03
4.167795181274414062e-03,2.899169921875000000e-04,-9.399801492691040039e-03
4.115313291549682617e-03,2.877712249755859375e-04,-9.359747171401977539e-03
4.071831703186035156e-03,2.876520156860351562e-04,-9.342238306999206543e-03
4.022866487503051758e-03,2.905130386352539062e-04,-9.320631623268127441e-03
3.987640142440795898e-03,2.923011779785156250e-04,-9.322434663772583008e-03
3.961533308029174805e-03,2.937316894531250000e-04,-9.329274296760559082e-03
3.909528255462646484e-03,2.850294113159179688e-04,-9.314134716987609863e-03
3.868341445922851562e-03,2.721548080444335938e-04,-9.287014603614807129e-03
3.813713788986206055e-03,2.574920654296875000e-04,-9.257704019546508789e-03
3.786385059356689453e-03,2.434253692626953125e-04,-9.249746799468994141e-03
3.756195306777954102e-03,2.273321151733398438e-04,-9.253993630409240723e-03
3.712236881256103516e-03,2.100467681884765625e-04,-9.240344166755676270e-03
3.639042377471923828e-03,1.952648162841796875e-04,-9.236380457878112793e-03
3.569573163986206055e-03,1.908540725708007812e-04,-9.230017662048339844e-03
3.482252359390258789e-03,1.900196075439453125e-04,-9.211823344230651855e-03
3.389358520507812500e-03,1.947879791259765625e-04,-9.178593754768371582e-03
3.317922353744506836e-03,1.901388168334960938e-04,-9.121775627136230469e-03
3.282189369201660156e-03,1.888275146484375000e-04,-9.089276194572448730e-03
3.286182880401611328e-03,1.878738403320312500e-04,-9.072139859199523926e-03
3.301590681076049805e-03,1.859664916992187500e-04,-9.083047509193420410e-03
3.301590681076049805e-03,1.859664916992187500e-04,-9.083047509193420410e-03
3.325015306472778320e-03,1.862049102783203125e-04,-9.088844060897827148e-03
3.339439630508422852e-03,1.893043518066406250e-04,-9.104251861572265625e-03
3.364264965057373047e-03,1.877546310424804688e-04,-9.113967418670654297e-03
3.384768962860107422e-03,1.860857009887695312e-04,-9.120956063270568848e-03
3.420561552047729492e-03,1.884698867797851562e-04,-9.114146232604980469e-03
3.428846597671508789e-03,1.947879791259765625e-04,-9.097546339035034180e-03
3.441691398620605469e-03,2.009868621826171875e-04,-9.110003709793090820e-03
3.457486629486083984e-03,2.095699310302734375e-04,-9.118556976318359375e-03
3.469377756118774414e-03,2.235174179077148438e-04,-9.120136499404907227e-03
3.469586372375488281e-03,2.260208129882812500e-04,-9.136229753494262695e-03
3.483146429061889648e-03,2.309083938598632812e-04,-9.155526757240295410e-03
3.466188907623291016e-03,2.366304397583007812e-04,-9.160667657852172852e-03
3.456592559814453125e-03,2.460479736328125000e-04,-9.167492389678955078e-03
3.468632698059082031e-03,2.604722976684570312e-04,-9.193405508995056152e-03
3.491312265396118164e-03,2.820491790771484375e-04,-9.233340620994567871e-03
3.512859344482421875e-03,3.026723861694335938e-04,-9.269192814826965332e-03
3.538519144058227539e-03,3.247261047363281250e-04,-9.298890829086303711e-03
3.533363342285156250e-03,3.415346145629882812e-04,-9.333387017250061035e-03
3.512531518936157227e-03,3.556013107299804688e-04,-9.399086236953735352e-03
3.534078598022460938e-03,3.694295883178710938e-04,-9.467259049415588379e-03
3.543347120285034180e-03,3.803968429565429688e-04,-9.542211890220642090e-03
3.528624773025512695e-03,3.904104232788085938e-04,-9.601175785064697266e-03
3.493726253509521484e-03,3.983974456787109375e-04,-9.650036692619323730e-03
3.456979990005493164e-03,4.048347473144531250e-04,-9.687677025794982910e-03
3.399878740310668945e-03,4.128217697143554688e-04,-9.729489684104919434e-03
3.348588943481445312e-03,4.155635833740234375e-04,-9.773522615432739258e-03
3.263890743255615234e-03,4.152059555053710938e-04,-9.786516427993774414e-03
3.238081932067871094e-03,4.125833511352539062e-04,-9.796664118766784668e-03
3.219395875930786133e-03,4.122257232666015625e-04,-9.922385215759277344e-03
3.208518028259277344e-03,4.248619079589843750e-04,-1.003409922122955322e-02
3.189206123352050781e-03,4.431009292602539062e-04,-1.012314856052398682e-02
3.178477287292480469e-03,4.663467407226562500e-04,-1.023687422275543213e-02
3.185212612152099609e-03,4.984140396118164062e-04,-1.033213734626770020e-02
3.172665834426879883e-03,5.309581756591796875e-04,-1.038831472396850586e-02
3.200173377990722656e-03,5.736351013183593750e-04,-1.046644151210784912e-02
3.187716007232666016e-03,6.160736083984375000e-04,-1.046705245971679688e-02
3.129184246063232422e-03,6.545782089233398438e-04,-1.042132079601287842e-02
3.059118986129760742e-03,6.836652755737304688e-04,-1.032924652099609375e-02
2.971738576889038086e-03,7.061958312988281250e-04,-1.023505628108978271e-02
2.897500991821289062e-03,7.269382476806640625e-04,-1.012574136257171631e-02
2.815365791320800781e-03,7.456541061401367188e-04,-1.001650094985961914e-02
2.769470214843750000e-03,7.642507553100585938e-04,-9.937793016433715820e-03
2.747893333435058594e-03,7.818937301635742188e-04,-9.870663285255432129e-03
2.737104892730712891e-03,7.899999618530273438e-04,-9.810656309127807617e-03
2.780884504318237305e-03,7.898807525634765625e-04,-9.765714406967163086e-03
2.840816974639892578e-03,7.895231246948242188e-04,-9.720906615257263184e-03
2.911120653152465820e-03,7.891654968261718750e-04,-9.703636169433593750e-03
2.977550029754638672e-03,7.803440093994140625e-04,-9.703934192657470703e-03
3.069519996643066406e-03,7.735490798950195312e-04,-9.690627455711364746e-03
3.183484077453613281e-03,7.588863372802734375e-04,-9.704619646072387695e-03
3.296643495559692383e-03,7.488727569580078125e-04,-9.741127490997314453e-03
3.413677215576171875e-03,7.433891296386718750e-04,-9.774550795555114746e-03
3.530263900756835938e-03,7.414817810058593750e-04,-9.808570146560668945e-03
3.598868846893310547e-03,7.447004318237304688e-04,-9.818434715270996094e-03
3.638863563537597656e-03,7.525682449340820312e-04,-9.827822446823120117e-03
3.647655248641967773e-03,7.662773132324218750e-04,-9.787991642951965332e-03
3.603994846343994141e-03,7.908344268798828125e-04,-9.716510772705078125e-03
3.549486398696899414e-03,8.152723312377929688e-04,-9.630873799324035645e-03
3.393113613128662109e-03,8.510351181030273438e-04,-9.533271193504333496e-03
3.235787153244018555e-03,8.829832077026367188e-04,-9.444385766983032227e-03
3.061473369598388672e-03,9.002685546875000000e-04,-9.340673685073852539e-03
2.923429012298583984e-03,9.207725524902343750e-04,-9.250566363334655762e-03
2.792149782180786133e-03,9.330511093139648438e-04,-9.167402982711791992e-03
2.707660198211669922e-03,9.394884109497070312e-04,-9.093701839447021484e-03
2.645194530487060547e-03,9.335279464721679688e-04,-9.056255221366882324e-03
2.617776393890380859e-03,9.200572967529296875e-04,-9.022742509841918945e-03
2.624183893203735352e-03,8.982419967651367188e-04,-8.991211652755737305e-03
2.676546573638916016e-03,8.766651153564453125e-04,-8.986160159111022949e-03
2.739965915679931641e-03,8.540153503417968750e-04,-9.023055434226989746e-03
2.847790718078613281e-03,8.276700973510742188e-04,-9.064927697181701660e-03
2.971440553665161133e-03,8.076429367065429688e-04,-9.122312068939208984e-03
3.097653388977050781e-03,7.933378219604492188e-04,-9.171858429908752441e-03
3.218829631805419922e-03,7.877349853515625000e-04,-9.214848279953002930e-03
3.339916467666625977e-03,7.902383804321289062e-04,-9.249001741409301758e-03
3.200560808181762695e-03,8.006095886230468750e-04,-9.264618158340454102e-03
3.060162067413330078e-03,8.223056793212890625e-04,-9.249866008758544922e-03
2.918720245361328125e-03,8.430480957031250000e-04,-9.234145283699035645e-03
2.772867679595947266e-03,8.648633956909179688e-04,-9.196490049362182617e-03
2.635657787322998047e-03,8.751153945922851562e-04,-9.138524532318115234e-03
2.569794654846191406e-03,8.729696273803710938e-04,-9.076386690139770508e-03
2.518832683563232422e-03,8.575916290283203125e-04,-9.018480777740478516e-03
2.506464719772338867e-03,8.380413055419921875e-04,-8.963868021965026855e-03
2.528071403503417969e-03,8.144378662109375000e-04,-8.909925818443298340e-03
2.593696117401123047e-03,7.870197296142578125e-04,-8.865341544151306152e-03
2.702116966247558594e-03,7.617473602294921875e-04,-8.859276771545410156e-03
2.837598323822021484e-03,7.404088973999023438e-04,-8.864969015121459961e-03
2.990812063217163086e-03,7.206201553344726562e-04,-8.883148431777954102e-03
3.153562545776367188e-03,7.047653198242187500e-04,-8.911401033401489258e-03
3.313124179840087891e-03,6.902217864990234375e-04,-8.933275938034057617e-03
3.423184156417846680e-03,6.905794143676757812e-04,-8.917540311813354492e-03
3.507435321807861328e-03,6.889104843139648438e-04,-8.896932005882263184e-03
3.577351570129394531e-03,6.941556930541992188e-04,-8.864045143127441406e-03
3.630995750427246094e-03,6.946325302124023438e-04,-8.807778358459472656e-03
3.676205873489379883e-03,6.905794143676757812e-04,-8.743628859519958496e-03
3.717213869094848633e-03,6.810426712036132812e-04,-8.689075708389282227e-03
3.724932670593261719e-03,6.698369979858398438e-04,-8.642897009849548340e-03
3.738909959793090820e-03,6.603002548217773438e-04,-8.617803454399108887e-03
3.754347562789916992e-03,6.479024887084960938e-04,-8.588194847106933594e-03
3.783881664276123047e-03,6.340742111206054688e-04,-8.559823036193847656e-03
3.835499286651611328e-03,6.150007247924804688e-04,-8.556902408599853516e-03
3.864884376525878906e-03,5.853176116943359375e-04,-8.534967899322509766e-03
3.913342952728271484e-03,5.564689636230468750e-04,-8.562549948692321777e-03
3.941893577575683594e-03,5.308389663696289062e-04,-8.561268448829650879e-03
3.971368074417114258e-03,5.054473876953125000e-04,-8.568331599235534668e-03
4.002183675765991211e-03,4.787445068359375000e-04,-8.567184209823608398e-03
3.989934921264648438e-03,4.606246948242187500e-04,-8.555307984352111816e-03
3.963321447372436523e-03,4.462003707885742188e-04,-8.547633886337280273e-03
3.913938999176025391e-03,4.264116287231445312e-04,-8.531227707862854004e-03
3.865331411361694336e-03,4.124641418457031250e-04,-8.519470691680908203e-03
3.818273544311523438e-03,4.084110260009765625e-04,-8.508458733558654785e-03
3.757715225219726562e-03,4.035234451293945312e-04,-8.527234196662902832e-03
3.695756196975708008e-03,4.000663757324218750e-04,-8.551985025405883789e-03
3.646939992904663086e-03,3.955364227294921875e-04,-8.584529161453247070e-03
3.596156835556030273e-03,3.927946090698242188e-04,-8.621916174888610840e-03
3.549963235855102539e-03,3.910064697265625000e-04,-8.639082312583923340e-03
3.498315811157226562e-03,3.836154937744140625e-04,-8.645832538604736328e-03
3.453582525253295898e-03,3.712177276611328125e-04,-8.675485849380493164e-03
3.414094448089599609e-03,3.544092178344726562e-04,-8.685946464538574219e-03
3.381162881851196289e-03,3.389120101928710938e-04,-8.720189332962036133e-03
3.337591886520385742e-03,3.268718719482421875e-04,-8.758798241615295410e-03
3.318369388580322266e-03,3.061294555664062500e-04,-8.788973093032836914e-03
3.350406885147094727e-03,2.932548522949218750e-04,-8.847266435623168945e-03
3.386586904525756836e-03,2.710819244384765625e-04,-8.889734745025634766e-03
3.397583961486816406e-03,2.478361129760742188e-04,-8.916482329368591309e-03
3.397643566131591797e-03,2.264976501464843750e-04,-8.918777108192443848e-03
3.369480371475219727e-03,2.056360244750976562e-04,-8.944243192672729492e-03
3.329128026962280273e-03,1.995563507080078125e-04,-8.940801024436950684e-03
3.273218870162963867e-03,1.925230026245117188e-04,-8.931070566177368164e-03
3.197759389877319336e-03,1.897811889648437500e-04,-8.917376399040222168e-03
3.135532140731811523e-03,1.926422119140625000e-04,-8.906453847885131836e-03
3.077924251556396484e-03,1.937150955200195312e-04,-8.894249796867370605e-03
3.019392490386962891e-03,1.986026763916015625e-04,-8.859962224960327148e-03
2.964854240417480469e-03,2.024173736572265625e-04,-8.817136287689208984e-03
2.938657999038696289e-03,2.065896987915039062e-04,-8.774489164352416992e-03
2.934664487838745117e-03,2.163648605346679688e-04,-8.728832006454467773e-03
2.939462661743164062e-03,2.251863479614257812e-04,-8.697628974914550781e-03
2.937763929367065430e-03,2.369880676269531250e-04,-8.653968572616577148e-03
2.971887588500976562e-03,2.440214157104492188e-04,-8.627071976661682129e-03
3.038346767425537109e-03,2.501010894775390625e-04,-8.613541722297668457e-03
3.132194280624389648e-03,2.566576004028320312e-04,-8.624181151390075684e-03
3.233522176742553711e-03,2.617835998535156250e-04,-8.636862039566040039e-03
3.375530242919921875e-03,2.741813659667968750e-04,-8.667692542076110840e-03
3.501206636428833008e-03,2.868175506591796875e-04,-8.704409003257751465e-03
3.618866205215454102e-03,3.029108047485351562e-04,-8.773237466812133789e-03
3.728687763214111328e-03,3.163814544677734375e-04,-8.850812911987304688e-03
3.819942474365234375e-03,3.398656845092773438e-04,-8.926436305046081543e-03
3.896653652191162109e-03,3.659725189208984375e-04,-8.999675512313842773e-03
3.946930170059204102e-03,3.992319107055664062e-04,-9.057849645614624023e-03
3.960698843002319336e-03,4.352331161499023438e-04,-9.103834629058837891e-03
3.973186016082763672e-03,4.681348800659179688e-04,-9.138658642768859863e-03
3.960609436035156250e-03,4.947185516357421875e-04,-9.156867861747741699e-03
3.920763731002807617e-03,5.168914794921875000e-04,-9.154140949249267578e-03
3.881573677062988281e-03,5.385875701904296875e-04,-9.152740240097045898e-03
3.838777542114257812e-03,5.580186843872070312e-04,-9.156435728073120117e-03
3.821879625320434570e-03,5.701780319213867188e-04,-9.183689951896667480e-03
3.826290369033813477e-03,5.825757980346679688e-04,-9.224757552146911621e-03
3.846138715744018555e-03,5.925893783569335938e-04,-9.244948625564575195e-03
3.860652446746826172e-03,6.011724472045898438e-04,-9.272292256355285645e-03
3.880709409713745117e-03,6.014108657836914062e-04,-9.311139583587646484e-03
3.882974386215209961e-03,6.005764007568359375e-04,-9.343028068542480469e-03
3.879964351654052734e-03,5.973577499389648438e-04,-9.360015392303466797e-03
3.885954618453979492e-03,5.909204483032226562e-04,-9.378582239151000977e-03
3.914922475814819336e-03,5.879402160644531250e-04,-9.394228458404541016e-03
3.923863172531127930e-03,5.766153335571289062e-04,-9.422034025192260742e-03
3.907352685928344727e-03,5.613565444946289062e-04,-9.442955255508422852e-03
3.865420818328857422e-03,5.491971969604492188e-04,-9.443208575248718262e-03
3.989219665527343750e-03,4.923343658447265625e-04,-9.948223829269409180e-03
4.055380821228027344e-03,4.423856735229492188e-04,-1.033891737461090088e-02
4.056274890899658203e-03,3.882646560668945312e-04,-1.062361896038055420e-02
3.970921039581298828e-03,3.288984298706054688e-04,-1.080264151096343994e-02
3.859758377075195312e-03,2.723932266235351562e-04,-1.094020903110504150e-02
3.685414791107177734e-03,2.224445343017578125e-04,-1.099151372909545898e-02
3.452032804489135742e-03,1.652240753173828125e-04,-1.098889112472534180e-02
3.230929374694824219e-03,1.025199890136718750e-04,-1.095342636108398438e-02
2.976179122924804688e-03,3.349781036376953125e-05,-1.086990535259246826e-02
2.688109874725341797e-03,-3.767013549804687500e-05,-1.072126626968383789e-02
2.402514219284057617e-03,-1.182556152343750000e-04,-1.055708527565002441e-02
2.077341079711914062e-03,-1.958608627319335938e-04,-1.037490367889404297e-02
1.746326684951782227e-03,-2.745389938354492188e-04,-1.020406186580657959e-02
1.387804746627807617e-03,-3.607273101806640625e-04,-1.001869142055511475e-02
1.040458679199218750e-03,-4.575252532958984375e-04,-9.805858135223388672e-03
6.699562072753906250e-04,-5.594491958618164062e-04,-9.550496935844421387e-03
2.663433551788330078e-04,-6.577968597412109375e-04,-9.266346693038940430e-03
-1.323223114013671875e-04,-7.591247558593750000e-04,-8.953064680099487305e-03
-5.323290824890136719e-04,-8.709430694580078125e-04,-8.628204464912414551e-03
-9.489059448242187500e-04,-9.845495223999023438e-04,-8.294209837913513184e-03
-1.343727111816406250e-03,-1.098036766052246094e-03,-7.963612675666809082e-03
-1.725196838378906250e-03,-1.205563545227050781e-03,-7.625862956047058105e-03
-2.073019742965698242e-03,-1.312375068664550781e-03,-7.283687591552734375e-03
-2.399712800979614258e-03,-1.413464546203613281e-03,-6.937548518180847168e-03
-2.710998058319091797e-03,-1.501321792602539062e-03,-6.601080298423767090e-03
-2.953290939331054688e-03,-1.580476760864257812e-03,-6.305232644081115723e-03
-3.139495849609375000e-03,-1.649975776672363281e-03,-6.029143929481506348e-03
-3.227889537811279297e-03,-1.719951629638671875e-03,-5.787611007690429688e-03
-3.288418054580688477e-03,-1.778960227966308594e-03,-5.563154816627502441e-03
-3.298759460449218750e-03,-1.836299896240234375e-03,-5.356013774871826172e-03
-3.238499164581298828e-03,-1.885414123535156250e-03,-5.176112055778503418e-03
-3.157466650009155273e-03,-1.935601234436035156e-03,-5.014613270759582520e-03
-3.034204244613647461e-03,-1.976490020751953125e-03,-4.876151680946350098e-03
-2.845555543899536133e-03,-2.020359039306640625e-03,-4.751592874526977539e-03
-2.617239952087402344e-03,-2.054691314697265625e-03,-4.659369587898254395e-03
-2.352088689804077148e-03,-2.082586288452148438e-03,-4.594504833221435547e-03
-2.068400382995605469e-03,-2.109408378601074219e-03,-4.545673727989196777e-03
-1.775085926055908203e-03,-2.129197120666503906e-03,-4.506662487983703613e-03
-1.440674066543579102e-03,-2.140998840332031250e-03,-4.476428031921386719e-03
-1.081913709640502930e-03,-2.151966094970703125e-03,-4.435911774635314941e-03
-7.347464561462402344e-04,-2.152681350708007812e-03,-4.413008689880371094e-03
-4.263520240783691406e-04,-2.148032188415527344e-03,-4.377722740173339844e-03
-1.161098480224609375e-04,-2.134561538696289062e-03,-4.358544945716857910e-03
1.443326473236083984e-04,-2.113938331604003906e-03,-4.326149821281433105e-03
3.819465637207031250e-04,-2.089738845825195312e-03,-4.306957125663757324e-03
6.002187728881835938e-04,-2.053499221801757812e-03,-4.286140203475952148e-03
8.095502853393554688e-04,-2.017855644226074219e-03,-4.256606101989746094e-03
9.846091270446777344e-04,-1.974225044250488281e-03,-4.221498966217041016e-03
1.149863004684448242e-03,-1.925706863403320312e-03,-4.193767905235290527e-03
1.313924789428710938e-03,-1.873373985290527344e-03,-4.186868667602539062e-03
1.443237066268920898e-03,-1.819252967834472656e-03,-4.174858331680297852e-03
1.548498868942260742e-03,-1.765370368957519531e-03,-4.144176840782165527e-03
1.610428094863891602e-03,-1.730084419250488281e-03,-4.111617803573608398e-03
1.648306846618652344e-03,-1.697659492492675781e-03,-4.067912697792053223e-03
1.702815294265747070e-03,-1.668214797973632812e-03,-4.044160246849060059e-03
1.758456230163574219e-03,-1.635551452636718750e-03,-4.019647836685180664e-03
1.855462789535522461e-03,-1.598715782165527344e-03,-3.999426960945129395e-03
1.961141824722290039e-03,-1.561164855957031250e-03,-3.986999392509460449e-03
2.091199159622192383e-03,-1.529216766357421875e-03,-4.006862640380859375e-03
2.205789089202880859e-03,-1.502394676208496094e-03,-4.027277231216430664e-03
2.305090427398681641e-03,-1.474618911743164062e-03,-4.064589738845825195e-03
2.381086349487304688e-03,-1.449108123779296875e-03,-4.111409187316894531e-03
2.461254596710205078e-03,-1.423478126525878906e-03,-4.160106182098388672e-03
2.538830041885375977e-03,-1.405358314514160156e-03,-4.189342260360717773e-03
2.602577209472656250e-03,-1.384615898132324219e-03,-4.223242402076721191e-03
2.657622098922729492e-03,-1.365542411804199219e-03,-4.254981875419616699e-03
2.716958522796630859e-03,-1.343727111816406250e-03,-4.275575280189514160e-03
2.790689468383789062e-03,-1.327157020568847656e-03,-4.306986927986145020e-03
2.857238054275512695e-03,-1.316189765930175781e-03,-4.353433847427368164e-03
2.900302410125732422e-03,-1.299023628234863281e-03,-4.400059580802917480e-03
2.958416938781738281e-03,-1.275539398193359375e-03,-4.452958703041076660e-03
3.021866083145141602e-03,-1.260638236999511719e-03,-4.531592130661010742e-03
3.068268299102783203e-03,-1.245141029357910156e-03,-4.598706960678100586e-03
3.107786178588867188e-03,-1.216173171997070312e-03,-4.679858684539794922e-03
3.138065338134765625e-03,-1.193523406982421875e-03,-4.756331443786621094e-03
3.148764371871948242e-03,-1.174449920654296875e-03,-4.835113883018493652e-03
3.118634223937988281e-03,-1.155018806457519531e-03,-4.909753799438476562e-03
3.059029579162597656e-03,-1.140117645263671875e-03,-4.972338676452636719e-03
3.018707036972045898e-03,-1.129269599914550781e-03,-5.040511488914489746e-03
2.973347902297973633e-03,-1.121759414672851562e-03,-5.110532045364379883e-03
2.941906452178955078e-03,-1.119017601013183594e-03,-5.161300301551818848e-03
2.942353487014770508e-03,-1.113176345825195312e-03,-5.211323499679565430e-03
2.915829420089721680e-03,-1.100778579711914062e-03,-5.257055163383483887e-03
2.887010574340820312e-03,-1.092076301574707031e-03,-5.293101072311401367e-03
2.856433391571044922e-03,-1.074075698852539062e-03,-5.337938666343688965e-03
2.832680940628051758e-03,-1.052260398864746094e-03,-5.387052893638610840e-03
2.828121185302734375e-03,-1.036405563354492188e-03,-5.451232194900512695e-03
2.813428640365600586e-03,-1.013755798339843750e-03,-5.513876676559448242e-03
2.834796905517578125e-03,-9.853839874267578125e-04,-5.586639046669006348e-03
2.843022346496582031e-03,-9.670257568359375000e-04,-5.664020776748657227e-03
2.868533134460449219e-03,-9.340047836303710938e-04,-5.745843052864074707e-03
2.899646759033203125e-03,-9.006261825561523438e-04,-5.822807550430297852e-03
2.927988767623901367e-03,-1.009464263916015625e-03,-5.967915058135986328e-03
2.947926521301269531e-03,-1.102328300476074219e-03,-6.099641323089599609e-03
2.961754798889160156e-03,-1.176476478576660156e-03,-6.237998604774475098e-03
2.955943346023559570e-03,-1.234531402587890625e-03,-6.352543830871582031e-03
2.952337265014648438e-03,-1.282811164855957031e-03,-6.468355655670166016e-03
2.937406301498413086e-03,-1.316785812377929688e-03,-6.586581468582153320e-03
2.936601638793945312e-03,-1.342058181762695312e-03,-6.697967648506164551e-03
2.963155508041381836e-03,-1.350283622741699219e-03,-6.801247596740722656e-03
2.986520528793334961e-03,-1.349449157714843750e-03,-6.894558668136596680e-03
