1.428318116813898087e-02
1.428318116813898087e-02
1.457236334681510925e-02
1.507136132568120956e-02
1.543075311928987503e-02
1.585107482969760895e-02
1.601085625588893890e-02
1.613726094365119934e-02
1.636306382715702057e-02
1.672877185046672821e-02
1.680828630924224854e-02
1.677609607577323914e-02
1.657379418611526489e-02
1.627795584499835968e-02
1.590983383357524872e-02
1.557758077979087830e-02
1.519393641501665115e-02
1.482991408556699753e-02
1.460515335202217102e-02
1.446971297264099121e-02
