2.990186214447021484e-03
3.402779111638665199e-03
4.453439265489578247e-03
4.190342035144567490e-03
4.635949153453111649e-03
5.113394465297460556e-03
5.837516859173774719e-03
6.391193717718124390e-03
6.894714199006557465e-03
7.402608171105384827e-03
7.642063777893781662e-03
7.875219918787479401e-03
7.645048666745424271e-03
7.270016241818666458e-03
6.849711760878562927e-03
6.487714592367410660e-03
6.130041554570198059e-03
5.968145094811916351e-03
5.778558086603879929e-03
5.552805960178375244e-03
5.450130440294742584e-03
5.400264635682106018e-03
5.276446696370840073e-03
5.316024646162986755e-03
5.469836294651031494e-03
5.735899321734905243e-03
5.878362338989973068e-03
5.968084558844566345e-03
6.049421615898609161e-03
5.915633868426084518e-03
5.808439105749130249e-03
5.661977455019950867e-03
5.561793223023414612e-03
5.547431297600269318e-03
5.513980053365230560e-03
5.459038075059652328e-03
5.343617405742406845e-03
5.194399040192365646e-03
5.029831547290086746e-03
4.970481619238853455e-03
4.889311734586954117e-03
4.768420010805130005e-03
4.652378614991903305e-03
4.675945732742547989e-03
4.754895344376564026e-03
4.837745334953069687e-03
4.970289301127195358e-03
5.084512755274772644e-03
5.187983624637126923e-03
5.303089506924152374e-03
5.329180043190717697e-03
5.340488161891698837e-03
5.387256853282451630e-03
5.436631850898265839e-03
5.548293236643075943e-03
5.569329485297203064e-03
5.710480269044637680e-03
5.771353840827941895e-03
5.885898135602474213e-03
5.855861119925975800e-03
5.837765522301197052e-03
5.865340121090412140e-03
5.897090770304203033e-03
5.842901300638914108e-03
5.726604722440242767e-03
5.504163913428783417e-03
5.325638689100742340e-03
5.174255464226007462e-03
5.236248485743999481e-03
5.279550328850746155e-03
5.283614620566368103e-03
5.241448525339365005e-03
5.444852169603109360e-03
5.721542052924633026e-03
5.899865645915269852e-03
6.007259245961904526e-03
5.989842116832733154e-03
5.966348107904195786e-03
5.933333188295364380e-03
5.847288761287927628e-03
5.702682770788669586e-03
5.548527929931879044e-03
5.352687556296586990e-03
5.171393044292926788e-03
4.977047443389892578e-03
4.920152947306632996e-03
4.834591876715421677e-03
4.827998578548431396e-03
4.951562266796827316e-03
5.129160359501838684e-03
5.360849201679229736e-03
5.616712849587202072e-03
5.582171957939863205e-03
5.523927509784698486e-03
5.605587270110845566e-03
5.636829417198896408e-03
5.529185757040977478e-03
5.415149498730897903e-03
5.352988839149475098e-03
5.205854773521423340e-03
5.050195846706628799e-03
5.077817477285861969e-03
4.972459748387336731e-03
4.946259316056966782e-03
4.727737512439489365e-03
4.589457996189594269e-03
4.539852961897850037e-03
4.560138098895549774e-03
4.516465123742818832e-03
4.356892313808202744e-03
4.297001753002405167e-03
4.249677527695894241e-03
3.948047291487455368e-03
3.710085991770029068e-03
3.474281635135412216e-03
3.227383596822619438e-03
3.025303594768047333e-03
2.944096690043807030e-03
2.892357762902975082e-03
2.845036098733544350e-03
2.786005614325404167e-03
2.681742655113339424e-03
2.614005235955119133e-03
2.522338414564728737e-03
2.401986159384250641e-03
2.252960577607154846e-03
2.176981652155518532e-03
2.083643572404980659e-03
1.878347597084939480e-03
1.787893474102020264e-03
1.684883958660066128e-03
1.596964430063962936e-03
1.594652305357158184e-03
1.522081787697970867e-03
1.499091973528265953e-03
1.648037228733301163e-03
1.782046514563262463e-03
1.856628339737653732e-03
1.940515940077602863e-03
2.045780187472701073e-03
2.159325173124670982e-03
2.199558075517416000e-03
2.247678581625223160e-03
2.315337304025888443e-03
2.308217110112309456e-03
2.230311045423150063e-03
2.147241495549678802e-03
1.931560342200100422e-03
1.751683303155004978e-03
1.590301515534520149e-03
1.486799563281238079e-03
1.470020273700356483e-03
1.401454792357981205e-03
1.492619747295975685e-03
1.665592659264802933e-03
1.886488171294331551e-03
2.071181777864694595e-03
2.253360114991664886e-03
2.520550042390823364e-03
2.767941216006875038e-03
3.022450720891356468e-03
3.217522520571947098e-03
3.444777103140950203e-03
3.656040411442518234e-03
4.041750915348529816e-03
4.428317304700613022e-03
4.765403456985950470e-03
5.128892138600349426e-03
5.533792078495025635e-03
5.750089883804321289e-03
5.881923250854015350e-03
5.882726982235908508e-03
5.872160661965608597e-03
5.821358412504196167e-03
5.802308209240436554e-03
5.720785353332757950e-03
5.566970445215702057e-03
5.434358492493629456e-03
5.319871008396148682e-03
5.184691399335861206e-03
5.056254565715789795e-03
4.895353689789772034e-03
4.665900487452745438e-03
4.567439202219247818e-03
4.410498309880495071e-03
4.196458496153354645e-03
4.353970754891633987e-03
4.728711675852537155e-03
5.162358749657869339e-03
5.575702060014009476e-03
6.109645124524831772e-03
6.563714705407619476e-03
6.997380871325731277e-03
7.361399941146373749e-03
7.692619226872920990e-03
7.994157262146472931e-03
8.234719745814800262e-03
8.417560718953609467e-03
8.435145020484924316e-03
8.373166434466838837e-03
8.257189765572547913e-03
8.139373734593391418e-03
8.083770051598548889e-03
8.024785667657852173e-03
7.879237644374370575e-03
7.639649789780378342e-03
7.337411399930715561e-03
6.987693253904581070e-03
6.752859335392713547e-03
6.507269572466611862e-03
6.345286499708890915e-03
6.170851644128561020e-03
5.931248422712087631e-03
5.761570297181606293e-03
5.551134701818227768e-03
5.307052750140428543e-03
5.097911693155765533e-03
4.858474247157573700e-03
4.566441290080547333e-03
4.345297813415527344e-03
4.129902925342321396e-03
3.873207140713930130e-03
3.644386306405067444e-03
3.424348542466759682e-03
3.201773855835199356e-03
3.044971730560064316e-03
2.952624810859560966e-03
2.949454588815569878e-03
3.074065549299120903e-03
3.226077882573008537e-03
3.311022417619824409e-03
3.465012647211551666e-03
3.644740208983421326e-03
3.855806542560458183e-03
4.113775677978992462e-03
4.373044706881046295e-03
4.606247413903474808e-03
4.680090583860874176e-03
4.750253167003393173e-03
4.880066029727458954e-03
4.908962640911340714e-03
4.970015492290258408e-03
5.032274406403303146e-03
5.148320924490690231e-03
5.247346591204404831e-03
5.247044377028942108e-03
5.324171856045722961e-03
5.373148713260889053e-03
5.317054223269224167e-03
5.242700688540935516e-03
5.218896083533763885e-03
5.209438037127256393e-03
5.157210398465394974e-03
5.046603735536336899e-03
5.011597648262977600e-03
5.069273989647626877e-03
5.201864056289196014e-03
5.335663910955190659e-03
5.494244862347841263e-03
5.657117348164319992e-03
5.807698238641023636e-03
5.986771546304225922e-03
6.173517089337110519e-03
6.374802440404891968e-03
6.502613890916109085e-03
6.614988204091787338e-03
6.590213160961866379e-03
6.591936107724905014e-03
6.620359141379594803e-03
6.584950257092714310e-03
6.474016699939966202e-03
6.342726759612560272e-03
6.179015617817640305e-03
6.190249230712652206e-03
6.248499732464551926e-03
6.414153147488832474e-03
6.557372864335775375e-03
6.662377156317234039e-03
6.700326222926378250e-03
6.457416340708732605e-03
6.265067961066961288e-03
6.155148148536682129e-03
6.076537072658538818e-03
5.983033683151006699e-03
5.919181741774082184e-03
5.876954179257154465e-03
5.733657628297805786e-03
5.614874418824911118e-03
5.514593794941902161e-03
5.404330790042877197e-03
5.237983074039220810e-03
5.130625329911708832e-03
5.027888342738151550e-03
4.986348096281290054e-03
4.956854041665792465e-03
4.899573978036642075e-03
4.845295567065477371e-03
4.816430155187845230e-03
4.892718512564897537e-03
5.029484629631042480e-03
5.152068100869655609e-03
5.181686487048864365e-03
5.194569006562232971e-03
5.373733118176460266e-03
5.533722694963216782e-03
5.673582199960947037e-03
5.808318499475717545e-03
6.026149727404117584e-03
6.293572485446929932e-03
6.530815269798040390e-03
6.768422666937112808e-03
6.985429674386978149e-03
7.205836009234189987e-03
7.435176521539688110e-03
7.620344404131174088e-03
7.768345065414905548e-03
7.938131690025329590e-03
7.975989952683448792e-03
8.004802279174327850e-03
8.074358105659484863e-03
8.071472868323326111e-03
8.027745410799980164e-03
7.899981923401355743e-03
7.830070331692695618e-03
7.758110761642456055e-03
7.725297939032316208e-03
7.701030466705560684e-03
7.738524116575717926e-03
7.741199340671300888e-03
7.727022282779216766e-03
7.655001711100339890e-03
7.647291291505098343e-03
7.573093753308057785e-03
7.535547018051147461e-03
7.497503887861967087e-03
7.450358010828495026e-03
7.376232650130987167e-03
7.349409162998199463e-03
7.367199752479791641e-03
7.372017949819564819e-03
7.431065663695335388e-03
7.471174933016300201e-03
7.554661016911268234e-03
7.625362835824489594e-03
7.746387738734483719e-03
7.850515656173229218e-03
7.884811609983444214e-03
7.886303588747978210e-03
7.829050533473491669e-03
7.708570919930934906e-03
7.573432754725217819e-03
7.466632407158613205e-03
7.390107959508895874e-03
7.342780940234661102e-03
7.338839583098888397e-03
7.276076823472976685e-03
7.230187300592660904e-03
7.021659985184669495e-03
6.856293417513370514e-03
6.693959701806306839e-03
6.547521334141492844e-03
6.510537117719650269e-03
6.440069060772657394e-03
6.366049870848655701e-03
6.335985846817493439e-03
6.335062906146049500e-03
6.392219103872776031e-03
6.468705367296934128e-03
6.535307504236698151e-03
6.509609054774045944e-03
6.482020020484924316e-03
6.416946649551391602e-03
6.283584516495466232e-03
6.228808779269456863e-03
6.228713318705558777e-03
6.213260348886251450e-03
6.169460248202085495e-03
6.132535636425018311e-03
6.087840069085359573e-03
6.085686385631561279e-03
6.024639122188091278e-03
5.882795434445142746e-03
5.735387094318866730e-03
5.662005860358476639e-03
5.670459475368261337e-03
5.677412264049053192e-03
5.696480628103017807e-03
5.656132940202951431e-03
5.620056763291358948e-03
5.614683032035827637e-03
5.617660470306873322e-03
5.576928611844778061e-03
5.525451619178056717e-03
5.492747295647859573e-03
5.582999903708696365e-03
5.627467762678861618e-03
5.611404776573181152e-03
5.600262898951768875e-03
5.681633483618497849e-03
5.827568937093019485e-03
6.046350114047527313e-03
6.317372899502515793e-03
6.620891392230987549e-03
6.950811482965946198e-03
7.277097087353467941e-03
7.586516905575990677e-03
7.829646579921245575e-03
7.989629171788692474e-03
8.088828995823860168e-03
8.108868263661861420e-03
8.059548214077949524e-03
7.930343039333820343e-03
7.877838797867298126e-03
7.743271067738533020e-03
7.634397596120834351e-03
7.592431269586086273e-03
7.574979681521654129e-03
7.563925813883543015e-03
7.595498580485582352e-03
7.597399409860372543e-03
7.569499779492616653e-03
7.514285854995250702e-03
7.397118955850601196e-03
7.286907173693180084e-03
7.203285582363605499e-03
7.155164144933223724e-03
7.096183486282825470e-03
7.058808114379644394e-03
7.069787941873073578e-03
7.061930373311042786e-03
7.011029869318008423e-03
6.936316378414630890e-03
6.908024195581674576e-03
6.905763410031795502e-03
6.870733574032783508e-03
6.818767637014389038e-03
6.786762736737728119e-03
6.662012543529272079e-03
6.575770210474729538e-03
6.407968234270811081e-03
6.190720014274120331e-03
5.903200246393680573e-03
5.647017154842615128e-03
5.487895105034112930e-03
5.316582042723894119e-03
5.129208322614431381e-03
4.977719392627477646e-03
4.783605691045522690e-03
4.609945695847272873e-03
4.434190690517425537e-03
4.286440089344978333e-03
4.152763634920120239e-03
4.029103554785251617e-03
3.899236675351858139e-03
3.777329111471772194e-03
3.653904190286993980e-03
3.558572614565491676e-03
3.462850116193294525e-03
3.454110352322459221e-03
3.441826673224568367e-03
3.477891907095909119e-03
3.554794471710920334e-03
3.605256322771310806e-03
3.695786697790026665e-03
3.786405548453330994e-03
3.792701754719018936e-03
3.777828300371766090e-03
3.804965643212199211e-03
3.769009606912732124e-03
3.706965362653136253e-03
3.607809776440262794e-03
3.538426710292696953e-03
3.487304318696260452e-03
3.408923512324690819e-03
3.303208388388156891e-03
3.206654451787471771e-03
3.148023504763841629e-03
3.164995927363634109e-03
3.098826389759778976e-03
3.177547594532370567e-03
3.290721913799643517e-03
3.388784825801849365e-03
3.469333518296480179e-03
3.561757039278745651e-03
3.487945068627595901e-03
3.463350236415863037e-03
3.453331999480724335e-03
3.439559834077954292e-03
3.395434003323316574e-03
3.361185314133763313e-03
3.338207956403493881e-03
3.287697210907936096e-03
3.190640127286314964e-03
3.168930532410740852e-03
3.173131262883543968e-03
3.154938807711005211e-03
3.231544513255357742e-03
3.325616009533405304e-03
3.475894918665289879e-03
3.645288292318582535e-03
3.888816805556416512e-03
4.073548596352338791e-03
4.190573003143072128e-03
4.336866550147533417e-03
4.511033184826374054e-03
4.625500179827213287e-03
4.755997098982334137e-03
4.885727539658546448e-03
5.001874174922704697e-03
5.015341565012931824e-03
5.019673611968755722e-03
5.043937824666500092e-03
5.052851978689432144e-03
4.974521696567535400e-03
4.879237152636051178e-03
4.723134916275739670e-03
4.617814440280199051e-03
4.533229395747184753e-03
4.473346285521984100e-03
4.417074378579854965e-03
4.336077254265546799e-03
4.130554385483264923e-03
4.010210279375314713e-03
3.901352174580097198e-03
3.832724876701831818e-03
3.784211352467536926e-03
3.794804681092500687e-03
3.855074755847454071e-03
3.919499460607767105e-03
3.963316790759563446e-03
3.938842099159955978e-03
3.890118794515728951e-03
3.824851009994745255e-03
3.741034539416432381e-03
3.645753255113959312e-03
3.592281602323055267e-03
3.541461657732725143e-03
3.500283462926745415e-03
3.503446234390139580e-03
3.539010183885693550e-03
3.562322119250893593e-03
3.600600641220808029e-03
3.580111311748623848e-03
3.602561773732304573e-03
3.596956608816981316e-03
3.599842078983783722e-03
3.608863800764083862e-03
3.636559005826711655e-03
3.704234957695007324e-03
3.754872595891356468e-03
3.690110985189676285e-03
3.673996543511748314e-03
2.673172159120440483e-03
2.332263626158237457e-03
2.605358604341745377e-03
3.192524192854762077e-03
3.872654633596539497e-03
4.551176447421312332e-03
5.185186862945556641e-03
5.741865374147891998e-03
6.261402275413274765e-03
6.747619714587926865e-03
7.158913183957338333e-03
7.545934990048408508e-03
7.873076945543289185e-03
8.094171062111854553e-03
8.299767039716243744e-03
8.491205982863903046e-03
8.681721985340118408e-03
8.821840398013591766e-03
8.944944478571414948e-03
9.041654877364635468e-03
9.054440073668956757e-03
9.073013439774513245e-03
9.102129377424716949e-03
9.122647345066070557e-03
9.140593931078910828e-03
9.155089035630226135e-03
9.169936180114746094e-03
9.191244840621948242e-03
9.209926240146160126e-03
9.224995970726013184e-03
9.274183772504329681e-03
9.317234158515930176e-03
9.340506047010421753e-03
9.344968013465404510e-03
9.363051503896713257e-03
9.383233264088630676e-03
9.372825734317302704e-03
9.364816360175609589e-03
9.371851570904254913e-03
9.350950829684734344e-03
9.350970387458801270e-03
9.341050870716571808e-03
9.375364519655704498e-03
9.416201151907444000e-03
9.429584257304668427e-03
9.493141435086727142e-03
9.555185213685035706e-03
9.606520645320415497e-03
9.678077884018421173e-03
9.680662304162979126e-03
9.656991809606552124e-03
9.617861360311508179e-03
9.577273391187191010e-03
9.472584351897239685e-03
9.349527768790721893e-03
9.235508739948272705e-03
9.147039614617824554e-03
9.060803800821304321e-03
8.998118340969085693e-03
8.971257135272026062e-03
8.924213238060474396e-03
9.010918438434600830e-03
9.041074663400650024e-03
9.087963961064815521e-03
9.154600091278553009e-03
9.207827039062976837e-03
9.252438321709632874e-03
9.306962601840496063e-03
9.388173930346965790e-03
9.473057463765144348e-03
9.521088562905788422e-03
9.535072371363639832e-03
9.510532021522521973e-03
9.493432007730007172e-03
9.494057856500148773e-03
9.485678747296333313e-03
9.450010955333709717e-03
9.440660476684570312e-03
9.401701390743255615e-03
9.338542819023132324e-03
9.257246740162372589e-03
9.147085249423980713e-03
8.986222557723522186e-03
8.853310719132423401e-03
8.733458817005157471e-03
8.554738946259021759e-03
8.375832810997962952e-03
8.226250298321247101e-03
8.103525266051292419e-03
8.000177331268787384e-03
7.931056432425975800e-03
7.870850153267383575e-03
7.850418798625469208e-03
7.866393774747848511e-03
7.857905700802803040e-03
7.822226732969284058e-03
7.802260108292102814e-03
7.798227481544017792e-03
7.850290276110172272e-03
7.905108854174613953e-03
7.841993123292922974e-03
7.786674890667200089e-03
7.794149219989776611e-03
7.795597426593303680e-03
7.777506019920110703e-03
7.777849212288856506e-03
7.778561208397150040e-03
7.813246920704841614e-03
7.860021665692329407e-03
7.905367761850357056e-03
7.920696400105953217e-03
7.941273041069507599e-03
7.943792268633842468e-03
7.943890988826751709e-03
7.934710942208766937e-03
7.884913124144077301e-03
7.829068228602409363e-03
7.728362455964088440e-03
7.659499067813158035e-03
7.593840360641479492e-03
7.565839216113090515e-03
7.513128686696290970e-03
7.417865563184022903e-03
7.344428449869155884e-03
7.266582921147346497e-03
7.290644571185112000e-03
7.279627490788698196e-03
7.245061919093132019e-03
7.193143013864755630e-03
7.146599702537059784e-03
7.069175131618976593e-03
6.907721050083637238e-03
6.772250402718782425e-03
6.673654075711965561e-03
6.564783863723278046e-03
6.501167081296443939e-03
6.466776598244905472e-03
6.416697520762681961e-03
6.380415055900812149e-03
6.309831980615854263e-03
6.230964791029691696e-03
6.172472145408391953e-03
6.151876412332057953e-03
6.160731427371501923e-03
6.156475748866796494e-03
6.191116757690906525e-03
6.253301631659269333e-03
6.285267416387796402e-03
6.265453528612852097e-03
6.263193208724260330e-03
6.264607422053813934e-03
6.252549588680267334e-03
6.246554199606180191e-03
6.233520805835723877e-03
6.258530542254447937e-03
6.234511733055114746e-03
6.202601827681064606e-03
6.206467282027006149e-03
6.159402430057525635e-03
6.109441164880990982e-03
6.049696356058120728e-03
5.996099207550287247e-03
5.969294812530279160e-03
5.919441115111112595e-03
5.879673641175031662e-03
5.885931197553873062e-03
5.916134454309940338e-03
5.954775027930736542e-03
6.002767011523246765e-03
6.077342201024293900e-03
6.190031301230192184e-03
6.271336693316698074e-03
6.361308973282575607e-03
6.427451036870479584e-03
6.497382186353206635e-03
6.562601309269666672e-03
6.679964251816272736e-03
6.759862415492534637e-03
6.822564173489809036e-03
6.834998726844787598e-03
6.833013147115707397e-03
6.813090760260820389e-03
6.810183171182870865e-03
6.860889028757810593e-03
6.920724175870418549e-03
6.920129060745239258e-03
6.873505190014839172e-03
6.819002330303192139e-03
6.701360456645488739e-03
6.576379761099815369e-03
6.406003143638372421e-03
6.269638892263174057e-03
6.113183684647083282e-03
5.983710289001464844e-03
5.905518773943185806e-03
5.891491193324327469e-03
5.873904097825288773e-03
5.860390607267618179e-03
5.859832279384136200e-03
5.854652263224124908e-03
5.843704566359519958e-03
5.822487175464630127e-03
5.797870457172393799e-03
5.773882381618022919e-03
5.747803021222352982e-03
5.765062291175127029e-03
5.765287671238183975e-03
5.757774226367473602e-03
5.732808262109756470e-03
5.579841323196887970e-03
5.440114997327327728e-03
5.379896610975265503e-03
5.329060833901166916e-03
5.293779540807008743e-03
5.303260404616594315e-03
5.273662973195314407e-03
5.242564249783754349e-03
5.193866789340972900e-03
5.191562697291374207e-03
5.197787657380104065e-03
5.221176892518997192e-03
5.260509904474020004e-03
5.261859856545925140e-03
5.277621559798717499e-03
5.311628337949514389e-03
5.348674952983856201e-03
5.386501085013151169e-03
5.432951729744672775e-03
5.520849023014307022e-03
5.556172691285610199e-03
5.611897446215152740e-03
5.701743531972169876e-03
5.809458903968334198e-03
5.876769311726093292e-03
5.956056062132120132e-03
6.025562994182109833e-03
6.084600463509559631e-03
6.148910615593194962e-03
6.194976624101400375e-03
6.252089980989694595e-03
6.362137850373983383e-03
6.459406111389398575e-03
6.585782393813133240e-03
6.693619769066572189e-03
6.746876053512096405e-03
6.798391230404376984e-03
6.813967600464820862e-03
6.850244011729955673e-03
6.863582879304885864e-03
6.881215609610080719e-03
6.851453334093093872e-03
6.828620564192533493e-03
6.794360931962728500e-03
6.754045840352773666e-03
6.666765548288822174e-03
6.601604633033275604e-03
6.546951830387115479e-03
6.540918257087469101e-03
6.579806096851825714e-03
6.642469204962253571e-03
6.774921901524066925e-03
6.933704484254121780e-03
7.061546202749013901e-03
7.197243627160787582e-03
7.313517387956380844e-03
7.381456438452005386e-03
7.433034479618072510e-03
7.481632754206657410e-03
7.501714397221803665e-03
7.508245296776294708e-03
7.516292389482259750e-03
7.496916688978672028e-03
7.480330765247344971e-03
7.456694263964891434e-03
7.381788454949855804e-03
7.298209704458713531e-03
7.271092385053634644e-03
7.246938534080982208e-03
7.248821202665567398e-03
7.227574009448289871e-03
7.230581715703010559e-03
7.750213146209716797e-03
8.149571716785430908e-03
8.504412136971950531e-03
8.833278901875019073e-03
9.142710827291011810e-03
9.370431303977966309e-03
9.590101428329944611e-03
9.758534841239452362e-03
9.884187020361423492e-03
9.947109967470169067e-03
9.967071935534477234e-03
9.979347698390483856e-03
9.974488057196140289e-03
9.898993186652660370e-03
9.772821329534053802e-03
9.633908979594707489e-03
9.486877359449863434e-03
9.347639977931976318e-03
9.224262088537216187e-03
9.136816486716270447e-03
9.066365659236907959e-03
9.015101939439773560e-03
8.966849185526371002e-03
8.885652758181095123e-03
8.844984695315361023e-03
8.778444491326808929e-03
8.776967413723468781e-03
8.763033896684646606e-03
8.743273094296455383e-03
8.763027377426624298e-03
8.753445930778980255e-03
8.746848441660404205e-03
8.741288445889949799e-03
8.780682459473609924e-03
8.809665217995643616e-03
8.850689977407455444e-03
8.865291252732276917e-03
8.873222395777702332e-03
8.874991908669471741e-03
8.883781731128692627e-03
8.915354497730731964e-03
8.943497203290462494e-03
8.924983441829681396e-03
8.858149871230125427e-03
8.756160736083984375e-03
8.654261007905006409e-03
8.587323129177093506e-03
8.528095670044422150e-03
8.484521880745887756e-03
8.477489463984966278e-03
8.489649742841720581e-03
8.524252101778984070e-03
8.559782058000564575e-03
8.570654317736625671e-03
8.594935759902000427e-03
8.636556565761566162e-03
8.672219701111316681e-03
8.705157786607742310e-03
8.706377819180488586e-03
8.692845702171325684e-03
8.638522587716579437e-03
8.530134335160255432e-03
8.435954339802265167e-03
8.381201885640621185e-03
8.328545838594436646e-03
8.253824897110462189e-03
8.221761323511600494e-03
8.191784843802452087e-03
8.164987899363040924e-03
8.167569525539875031e-03
8.184370584785938263e-03
8.187003433704376221e-03
8.136940188705921173e-03
8.032232522964477539e-03
7.963719777762889862e-03
7.903688587248325348e-03
7.831159979104995728e-03
7.772656623274087906e-03
7.758124731481075287e-03
7.777350023388862610e-03
7.809219416230916977e-03
7.862772792577743530e-03
7.898517884314060211e-03
7.938232272863388062e-03
7.964495569467544556e-03
7.947804406285285950e-03
7.937982678413391113e-03
7.907096296548843384e-03
7.895743474364280701e-03
7.896233350038528442e-03
7.891841232776641846e-03
7.914197631180286407e-03
7.931964471936225891e-03
7.994571700692176819e-03
7.896143011748790741e-03
7.865009829401969910e-03
7.854796946048736572e-03
7.861180230975151062e-03
7.892155088484287262e-03
7.937964983284473419e-03
7.989127188920974731e-03
8.031336590647697449e-03
8.081544190645217896e-03
8.115125820040702820e-03
8.057797327637672424e-03
8.007694967091083527e-03
7.985044270753860474e-03
7.969800382852554321e-03
7.934528402984142303e-03
7.874706760048866272e-03
7.836289703845977783e-03
7.804218679666519165e-03
7.726666983217000961e-03
7.677967194467782974e-03
7.571782451122999191e-03
7.491271011531352997e-03
7.426280993968248367e-03
7.362986914813518524e-03
7.295461371541023254e-03
7.263242732733488083e-03
7.212778553366661072e-03
7.153403479605913162e-03
7.135471794754266739e-03
7.085532415658235550e-03
7.073983084410429001e-03
7.116095628589391708e-03
7.135487161576747894e-03
7.153582293540239334e-03
7.168360054492950439e-03
7.171008735895156860e-03
7.183792535215616226e-03
7.181411609053611755e-03
7.188921328634023666e-03
7.200266700237989426e-03
7.214999757707118988e-03
7.217137143015861511e-03
7.220862433314323425e-03
7.255871780216693878e-03
7.284561172127723694e-03
7.315300405025482178e-03
7.347236387431621552e-03
7.396359927952289581e-03
7.407590281218290329e-03
7.401619106531143188e-03
7.373064756393432617e-03
7.331729400902986526e-03
7.309125270694494247e-03
7.283120881766080856e-03
7.261193823069334030e-03
7.195550017058849335e-03
7.137199863791465759e-03
7.056289818137884140e-03
7.020928896963596344e-03
6.996370851993560791e-03
6.969079375267028809e-03
6.940636783838272095e-03
6.899223662912845612e-03
6.859039887785911560e-03
6.814600434154272079e-03
6.789656821638345718e-03
6.775149609893560410e-03
6.750276312232017517e-03
6.743604317307472229e-03
6.747783161699771881e-03
6.732568610459566116e-03
6.718555931001901627e-03
6.689133588224649429e-03
6.646513473242521286e-03
6.646513473242521286e-03
6.596718449145555496e-03
6.560205481946468353e-03
6.552045233547687531e-03
6.540313828736543655e-03
6.553658284246921539e-03
6.564034614711999893e-03
6.577392574399709702e-03
6.603566929697990417e-03
6.622745655477046967e-03
6.645088549703359604e-03
6.671144627034664154e-03
6.681695580482482910e-03
6.702682934701442719e-03
6.706894841045141220e-03
6.706489715725183487e-03
6.706856191158294678e-03
6.704383995383977890e-03
6.704651750624179840e-03
6.711523048579692841e-03
6.720093078911304474e-03
6.701538804918527603e-03
6.682015024125576019e-03
6.676158867776393890e-03
6.668227724730968475e-03
6.648295558989048004e-03
6.658507511019706726e-03
6.693484727293252945e-03
6.722342222929000854e-03
6.752860266715288162e-03
6.777372211217880249e-03
6.795932538807392120e-03
6.817388813942670822e-03
6.839666049927473068e-03
6.867329124361276627e-03
6.897122133523225784e-03
6.951888557523488998e-03
6.996520794928073883e-03
7.032212801277637482e-03
7.049969863146543503e-03
7.081147748976945877e-03
7.095361594110727310e-03
7.101037073880434036e-03
7.112558465451002121e-03
7.116258144378662109e-03
7.135355845093727112e-03
7.142126094549894333e-03
7.137048058211803436e-03
7.117310073226690292e-03
7.095258217304944992e-03
7.086019497364759445e-03
7.064057514071464539e-03
7.033954840153455734e-03
6.993001326918601990e-03
6.960904691368341446e-03
6.935198791325092316e-03
6.895794998854398727e-03
6.849303375929594040e-03
6.807013880461454391e-03
6.773891858756542206e-03
6.759271956980228424e-03
6.726107094436883926e-03
6.711455062031745911e-03
6.651902105659246445e-03
6.632080301642417908e-03
6.591535639017820358e-03
5.923796910792589188e-03
5.336136091500520706e-03
4.810564219951629639e-03
4.365881439298391342e-03
3.993783146142959595e-03
3.695434425026178360e-03
3.476975020021200180e-03
3.304895246401429176e-03
3.169660456478595734e-03
3.069125581532716751e-03
2.985015511512756348e-03
2.919579390436410904e-03
2.880238695070147514e-03
2.820640569552779198e-03
2.753444248810410500e-03
2.688599284738302231e-03
2.618107944726943970e-03
2.557795727625489235e-03
2.495826687663793564e-03
2.447998616844415665e-03
2.403923776000738144e-03
2.368972636759281158e-03
2.335524186491966248e-03
2.298140199854969978e-03
2.261895220726728439e-03
2.240469213575124741e-03
2.229082165285944939e-03
2.170385327190160751e-03
2.135479124262928963e-03
2.122770762071013451e-03
2.130729379132390022e-03
2.163207158446311951e-03
2.196156186982989311e-03
2.229383680969476700e-03
2.275827573612332344e-03
2.313103992491960526e-03
2.363722305744886398e-03
2.426129300147294998e-03
2.508955774828791618e-03
2.604275010526180267e-03
2.686760853976011276e-03
2.769628772512078285e-03
2.873858204111456871e-03
2.947287866845726967e-03
3.019161988049745560e-03
3.099360503256320953e-03
3.180562751367688179e-03
3.271697321906685829e-03
3.342205425724387169e-03
3.401371883228421211e-03
3.457886399701237679e-03
3.507175715640187263e-03
3.563045524060726166e-03
3.604857018217444420e-03
3.641064278781414032e-03
3.665800904855132103e-03
3.681095782667398453e-03
3.686166135594248772e-03
3.678839420899748802e-03
3.651640377938747406e-03
3.612234955653548241e-03
3.552271984517574310e-03
3.468320472165942192e-03
3.387953387573361397e-03
3.307520411908626556e-03
3.230435540899634361e-03
3.165876492857933044e-03
3.119547152891755104e-03
3.078122856095433235e-03
3.044398035854101181e-03
3.034623106941580772e-03
3.036328824236989021e-03
3.048621816560626030e-03
3.071234794333577156e-03
3.094527637585997581e-03
3.121895715594291687e-03
3.157657571136951447e-03
3.211701288819313049e-03
3.259208286181092262e-03
3.316760528832674026e-03
3.379046218469738960e-03
3.452467266470193863e-03
3.522695275023579597e-03
3.582457313314080238e-03
3.609976498410105705e-03
3.619599388912320137e-03
3.614644985646009445e-03
3.594413166865706444e-03
3.567209001630544662e-03
3.538144985213875771e-03
3.500460647046566010e-03
3.446503309532999992e-03
3.391887294128537178e-03
3.337605623528361320e-03
3.278129501268267632e-03
3.233965253457427025e-03
3.201809013262391090e-03
3.173784585669636726e-03
3.162717912346124649e-03
3.166272770613431931e-03
3.162551205605268478e-03
3.168311901390552521e-03
3.189300885424017906e-03
3.223939333111047745e-03
3.263893770053982735e-03
3.308551385998725891e-03
3.355810185894370079e-03
3.395135747268795967e-03
3.440367756411433220e-03
3.476951736956834793e-03
3.509634872898459435e-03
3.532760543748736382e-03
3.539368743076920509e-03
3.518911777064204216e-03
3.494255943223834038e-03
3.483735257759690285e-03
3.479940351098775864e-03
3.480287268757820129e-03
3.478251630440354347e-03
3.482566447928547859e-03
3.490549977868795395e-03
3.510635113343596458e-03
3.534012706950306892e-03
3.568085143342614174e-03
3.588430117815732956e-03
3.601560601964592934e-03
3.595761023461818695e-03
3.585874103009700775e-03
3.582108998671174049e-03
3.571948036551475525e-03
3.559669014066457748e-03
3.537499578669667244e-03
3.516967641189694405e-03
3.499732818454504013e-03
3.479771316051483154e-03
3.453764598816633224e-03
3.426349489018321037e-03
3.421258414164185524e-03
3.417232772335410118e-03
3.424689872190356255e-03
3.444004338234663010e-03
3.464246168732643127e-03
3.488009562715888023e-03
3.507362212985754013e-03
3.516850061714649200e-03
3.516685683280229568e-03
3.519048681482672691e-03
3.525665961205959320e-03
3.542650025337934494e-03
3.568365704268217087e-03
3.592193592339754105e-03
3.612263360992074013e-03
3.628608770668506622e-03
3.646348603069782257e-03
3.662284463644027710e-03
3.698603250086307526e-03
3.730051685124635696e-03
3.769204486161470413e-03
3.801419632509350777e-03
3.829944180324673653e-03
3.860799595713615417e-03
3.874555462971329689e-03
3.876415314152836800e-03
3.872809000313282013e-03
3.868180327117443085e-03
3.880168311297893524e-03
3.887977451086044312e-03
3.889623796567320824e-03
3.894828259944915771e-03
3.908630926162004471e-03
3.921867813915014267e-03
3.906144294887781143e-03
3.891859902068972588e-03
3.879658412188291550e-03
3.858968615531921387e-03
3.832940710708498955e-03
3.815005533397197723e-03
3.801390994340181351e-03
3.810080699622631073e-03
3.818125929683446884e-03
3.827301086857914925e-03
3.843448590487241745e-03
3.871971974149346352e-03
3.906160360202193260e-03
3.937576897442340851e-03
3.977776039391756058e-03
4.007569514214992523e-03
4.021089058369398117e-03
4.027650691568851471e-03
4.035220947116613388e-03
4.045444540679454803e-03
4.053058568388223648e-03
4.047880880534648895e-03
4.030659794807434082e-03
4.023810848593711853e-03
4.019017796963453293e-03
4.057720303535461426e-03
4.101326223462820053e-03
4.139710683375597000e-03
4.162706900388002396e-03
4.196502733975648880e-03
4.220905713737010956e-03
4.222338087856769562e-03
4.228941164910793304e-03
4.200689028948545456e-03
4.174490459263324738e-03
4.142070654779672623e-03
4.114620853215456009e-03
4.093574825674295425e-03
4.078981466591358185e-03
4.066571127623319626e-03
4.043130669742822647e-03
4.012383520603179932e-03
3.994321916252374649e-03
3.977889660745859146e-03
3.962831106036901474e-03
3.954762592911720276e-03
3.954512998461723328e-03
3.950811456888914108e-03
3.949955105781555176e-03
3.941144328564405441e-03
3.933329600840806961e-03
3.937096334993839264e-03
3.939909394830465317e-03
3.939298912882804871e-03
3.963513299822807312e-03
4.002144560217857361e-03
4.036811180412769318e-03
4.072399344295263290e-03
4.095044452697038651e-03
4.105136729776859283e-03
4.118802957236766815e-03
4.130182322114706039e-03
4.144634120166301727e-03
4.156300798058509827e-03
4.168315790593624115e-03
4.175822250545024872e-03
4.189315717667341232e-03
4.193804692476987839e-03
4.188354127109050751e-03
4.182378295809030533e-03
4.186464473605155945e-03
4.187595099210739136e-03
4.190774168819189072e-03
4.187967628240585327e-03
4.176536574959754944e-03
4.158923402428627014e-03
4.139597062021493912e-03
4.136901348829269409e-03
4.133861977607011795e-03
4.136056639254093170e-03
4.134376998990774155e-03
4.126451909542083740e-03
4.134336020797491074e-03
4.145229235291481018e-03
4.143547732383012772e-03
4.137686919420957565e-03
4.135782364755868912e-03
4.133568610996007919e-03
4.136546514928340912e-03
4.137470852583646774e-03
4.136994481086730957e-03
4.132423549890518188e-03
4.140605684369802475e-03
4.148642066866159439e-03
4.169543739408254623e-03
4.204978700727224350e-03
4.246025811880826950e-03
4.284693393856287003e-03
4.309216979891061783e-03
4.323452711105346680e-03
4.327425267547369003e-03
4.325130023062229156e-03
4.326552618294954300e-03
4.325828049331903458e-03
4.315962083637714386e-03
4.317898303270339966e-03
4.311660770326852798e-03
4.295170772820711136e-03
4.276525694876909256e-03
4.249727353453636169e-03
4.222270101308822632e-03
4.187634214758872986e-03
4.157214891165494919e-03
4.139097407460212708e-03
4.122523125261068344e-03
4.111266229301691055e-03
4.110713023692369461e-03
4.120863042771816254e-03
4.153692163527011871e-03
4.186857026070356369e-03
4.222991410642862320e-03
4.256666637957096100e-03
4.300215281546115875e-03
4.336006008088588715e-03
4.370283335447311401e-03
4.405800253152847290e-03
4.448757972568273544e-03
4.468436818569898605e-03
4.483310505747795105e-03
4.482052754610776901e-03
4.473844543099403381e-03
4.462365061044692993e-03
4.442531149834394455e-03
4.425236955285072327e-03
4.399044904857873917e-03
4.375692922621965408e-03
4.347941372543573380e-03
4.332614131271839142e-03
4.306851886212825775e-03
4.282126668840646744e-03
4.261015448719263077e-03
4.247685894370079041e-03
4.243594594299793243e-03
4.251421429216861725e-03
4.271526820957660675e-03
4.285287111997604370e-03
4.293169826269149780e-03
4.295917693525552750e-03
4.303926602005958557e-03
4.315652418881654739e-03
4.332270473241806030e-03
4.349430091679096222e-03
4.371962975710630417e-03
4.383432678878307343e-03
4.391664173454046249e-03
4.392175469547510147e-03
4.394176881760358810e-03
4.398352466523647308e-03
4.398654680699110031e-03
4.402086604386568069e-03
4.399616271257400513e-03
4.393829964101314545e-03
4.389102105051279068e-03
4.381389822810888290e-03
4.359083715826272964e-03
4.343798849731683731e-03
4.328107926994562149e-03
4.320374689996242523e-03
4.326215013861656189e-03
4.330053459852933884e-03
4.340467043220996857e-03
4.348626360297203064e-03
4.351134411990642548e-03
4.350855480879545212e-03
4.351544193923473358e-03
4.371025599539279938e-03
4.395134747028350830e-03
4.413894843310117722e-03
4.431545268744230270e-03
4.441209137439727783e-03
4.431087058037519455e-03
4.426639527082443237e-03
4.416991956532001495e-03
4.408804699778556824e-03
4.410033579915761948e-03
4.407612141221761703e-03
4.397378768771886826e-03
4.399403929710388184e-03
4.398454912006855011e-03
4.407568834722042084e-03
4.417215473949909210e-03
4.423177335411310196e-03
4.426921252161264420e-03
4.436029121279716492e-03
4.437368828803300858e-03
4.440636839717626572e-03
4.440742079168558121e-03
4.442999605089426041e-03
4.425543360412120819e-03
4.413258284330368042e-03
4.411876201629638672e-03
4.423481877893209457e-03
4.449720960110425949e-03
4.482204094529151917e-03
4.510461818426847458e-03
4.533862229436635971e-03
4.553584847599267960e-03
4.566360265016555786e-03
4.571418277919292450e-03
4.578267224133014679e-03
4.579647909849882126e-03
4.579644650220870972e-03
4.573850892484188080e-03
4.568402189761400223e-03
4.558531567454338074e-03
4.547928459942340851e-03
4.542821086943149567e-03
4.543143324553966522e-03
4.550153855234384537e-03
4.551749676465988159e-03
4.545853938907384872e-03
4.530396778136491776e-03
4.520790651440620422e-03
4.505328834056854248e-03
4.495201166719198227e-03
4.481751471757888794e-03
4.445911385118961334e-03
4.410574678331613541e-03
4.378909245133399963e-03
4.362114705145359039e-03
4.359065089374780655e-03
4.374050535261631012e-03
4.394276067614555359e-03
4.416269250214099884e-03
4.444803111255168915e-03
4.462204873561859131e-03
4.485621117055416107e-03
4.512084182351827621e-03
4.535844549536705017e-03
4.559477325528860092e-03
4.576811101287603378e-03
4.596407990902662277e-03
4.617359023541212082e-03
4.629083909094333649e-03
4.637908656150102615e-03
4.645390436053276062e-03
4.641604144126176834e-03
4.640358965843915939e-03
4.635202698409557343e-03
4.633754957467317581e-03
4.638247657567262650e-03
4.648782778531312943e-03
4.650280345231294632e-03
4.647422581911087036e-03
4.645074252039194107e-03
4.647704772651195526e-03
4.652880597859621048e-03
4.659816622734069824e-03
4.675844218581914902e-03
4.698165692389011383e-03
4.728049505501985550e-03
4.746161401271820068e-03
4.759944044053554535e-03
4.769157152622938156e-03
4.778504837304353714e-03
4.776722285896539688e-03
4.773460328578948975e-03
4.771324340254068375e-03
4.762301687151193619e-03
4.756124690175056458e-03
4.757968708872795105e-03
4.760183393955230713e-03
4.768709652125835419e-03
4.789529833942651749e-03
4.806915298104286194e-03
4.822722636163234711e-03
4.841838963329792023e-03
4.855060018599033356e-03
4.876339808106422424e-03
4.892499651759862900e-03
4.912493284791707993e-03
4.928262438625097275e-03
4.946160595864057541e-03
4.965514410287141800e-03
4.973736125975847244e-03
4.966473672538995743e-03
4.957566969096660614e-03
4.943005740642547607e-03
4.926192108541727066e-03
4.905338399112224579e-03
4.883902147412300110e-03
4.864351358264684677e-03
4.851175006479024887e-03
4.847364500164985657e-03
4.851166624575853348e-03
4.860280547291040421e-03
4.868819378316402435e-03
4.883743356913328171e-03
4.892565775662660599e-03
4.902156069874763489e-03
4.917362239211797714e-03
4.930574446916580200e-03
4.943710286170244217e-03
4.945826251059770584e-03
4.947375506162643433e-03
4.943294916301965714e-03
4.931487143039703369e-03
4.914972465485334396e-03
4.894499666988849640e-03
4.878225736320018768e-03
4.857040010392665863e-03
4.826379939913749695e-03
4.799277056008577347e-03
4.768279846757650375e-03
4.737477749586105347e-03
4.702012054622173309e-03
4.671533592045307159e-03
4.635263234376907349e-03
4.592157900333404541e-03
4.550641868263483047e-03
4.537515807896852493e-03
4.540842026472091675e-03
4.543530289083719254e-03
4.543967079371213913e-03
4.560446832329034805e-03
4.578324966132640839e-03
4.579727072268724442e-03
4.578725434839725494e-03
4.581490997225046158e-03
4.582898225635290146e-03
4.586094059050083160e-03
4.583820234984159470e-03
4.588162526488304138e-03
4.593403544276952744e-03
4.602188710123300552e-03
4.609354306012392044e-03
4.617900587618350983e-03
4.623588174581527710e-03
4.631550982594490051e-03
4.636779893189668655e-03
4.650213290005922318e-03
4.656476434320211411e-03
4.658929537981748581e-03
4.657758399844169617e-03
4.651918075978755951e-03
4.639280959963798523e-03
4.623187705874443054e-03
4.611921962350606918e-03
4.615016747266054153e-03
4.623030312359333038e-03
4.638949874788522720e-03
4.657503217458724976e-03
4.667642991989850998e-03
4.674236290156841278e-03
4.679573699831962585e-03
4.675059579312801361e-03
4.667931236326694489e-03
4.649229347705841064e-03
4.625943023711442947e-03
4.609539173543453217e-03
4.592535551637411118e-03
4.578130319714546204e-03
4.568571224808692932e-03
4.555530846118927002e-03
4.552257712930440903e-03
4.551361314952373505e-03
4.567258525639772415e-03
4.586404655128717422e-03
4.607933573424816132e-03
4.628146532922983170e-03
4.633172415196895599e-03
4.639709834009408951e-03
4.655158612877130508e-03
4.677884280681610107e-03
4.696274176239967346e-03
4.717392846941947937e-03
4.737815819680690765e-03
4.758832976222038269e-03
4.790035542100667953e-03
4.814343061298131943e-03
4.836665932089090347e-03
4.852066282182931900e-03
4.867542535066604614e-03
4.881749395281076431e-03
4.892235621809959412e-03
4.899220075458288193e-03
4.907967057079076767e-03
4.911411087960004807e-03
4.918217193335294724e-03
4.928440786898136139e-03
4.940163809806108475e-03
4.952881019562482834e-03
4.974518902599811554e-03
4.990348126739263535e-03
5.001006647944450378e-03
5.016811192035675049e-03
5.036958493292331696e-03
5.045194644480943680e-03
5.048516206443309784e-03
5.055917426943778992e-03
5.051336251199245453e-03
5.041913595050573349e-03
5.024689715355634689e-03
5.005245096981525421e-03
4.981549456715583801e-03
4.951913841068744659e-03
4.923033528029918671e-03
4.890160635113716125e-03
4.866271279752254486e-03
4.853219725191593170e-03
4.843729082494974136e-03
4.835656844079494476e-03
4.826745949685573578e-03
4.820086993277072906e-03
4.812031518667936325e-03
4.797483328729867935e-03
4.793242085725069046e-03
4.789285827428102493e-03
4.798408132046461105e-03
4.819047171622514725e-03
4.840919282287359238e-03
4.869009833782911301e-03
4.881621804088354111e-03
4.894417244940996170e-03
4.902640823274850845e-03
4.909014329314231873e-03
4.907614551484584808e-03
4.901573993265628815e-03
4.887349437922239304e-03
4.866999574005603790e-03
4.848972894251346588e-03
4.826197866350412369e-03
4.811076447367668152e-03
4.797223489731550217e-03
4.773728083819150925e-03
4.759394098073244095e-03
4.743956029415130615e-03
4.736907780170440674e-03
4.737751558423042297e-03
4.745468962937593460e-03
4.750831052660942078e-03
4.757484421133995056e-03
4.759291186928749084e-03
4.754077177494764328e-03
4.758486524224281311e-03
4.764599259942770004e-03
4.769951570779085159e-03
4.781626630574464798e-03
4.799376241862773895e-03
4.821782000362873077e-03
4.853663034737110138e-03
4.879597574472427368e-03
4.902716726064682007e-03
4.925125278532505035e-03
4.926756024360656738e-03
4.922940395772457123e-03
4.921033512800931931e-03
4.917850717902183533e-03
4.922509659081697464e-03
4.923908039927482605e-03
4.922523628920316696e-03
4.906433168798685074e-03
4.890121985226869583e-03
4.893211647868156433e-03
4.887803923338651657e-03
4.879959393292665482e-03
4.871460143476724625e-03
4.866333212703466415e-03
4.856842570006847382e-03
4.841990768909454346e-03
4.826159682124853134e-03
4.770763218402862549e-03
4.725357983261346817e-03
4.689002409577369690e-03
4.658585879951715469e-03
4.631363321095705032e-03
4.610813222825527191e-03
4.596159327775239944e-03
4.599304404109716415e-03
4.611465614289045334e-03
4.623035434633493423e-03
4.636237863451242447e-03
4.624423570930957794e-03
4.609182942658662796e-03
4.581168759614229202e-03
4.556442145258188248e-03
4.540825262665748596e-03
4.531736485660076141e-03
4.528807010501623154e-03
4.532695282250642776e-03
4.531226586550474167e-03
4.536898806691169739e-03
4.550562240183353424e-03
4.568012431263923645e-03
4.577763378620147705e-03
4.584576934576034546e-03
4.600856453180313110e-03
4.620434250682592392e-03
4.642722662538290024e-03
4.669250920414924622e-03
4.708576481789350510e-03
4.730750806629657745e-03
4.749322775751352310e-03
4.745973274111747742e-03
4.751045256853103638e-03
4.759748000651597977e-03
4.773680586367845535e-03
4.783142358064651489e-03
4.784986842423677444e-03
4.778697155416011810e-03
4.771834705024957657e-03
4.765818361192941666e-03
4.752817563712596893e-03
4.737805109471082687e-03
4.723506979644298553e-03
4.711602348834276199e-03
4.704504273831844330e-03
4.690227098762989044e-03
4.679995588958263397e-03
4.669064655900001526e-03
4.664611071348190308e-03
4.656867589801549911e-03
4.651019349694252014e-03
4.658124875277280807e-03
4.672266077250242233e-03
4.687517415732145309e-03
4.697518423199653625e-03
4.711757879704236984e-03
4.729987587779760361e-03
4.744559992104768753e-03
4.751271568238735199e-03
4.715035203844308853e-03
4.691702779382467270e-03
4.663558211177587509e-03
4.630994051694869995e-03
4.591606091707944870e-03
4.549822304397821426e-03
4.506691824644804001e-03
4.464203026145696640e-03
4.420173354446887970e-03
4.386135842651128769e-03
4.345526453107595444e-03
4.316264297813177109e-03
4.294625017791986465e-03
4.279173910617828369e-03
4.263858310878276825e-03
4.249964375048875809e-03
4.238746128976345062e-03
4.230087157338857651e-03
4.232696257531642914e-03
4.232807550579309464e-03
4.234583117067813873e-03
4.239007830619812012e-03
4.241184797137975693e-03
4.246986471116542816e-03
4.254373721778392792e-03
4.270634148269891739e-03
4.290615208446979523e-03
4.304237198084592819e-03
4.301406908780336380e-03
4.303566645830869675e-03
4.307428840547800064e-03
4.308214876800775528e-03
4.310384392738342285e-03
4.315735306590795517e-03
4.322225693613290787e-03
4.323419183492660522e-03
4.321455489844083786e-03
4.319178871810436249e-03
4.313481971621513367e-03
4.307164810597896576e-03
4.300440195947885513e-03
4.296533297747373581e-03
4.290686920285224915e-03
4.293619655072689056e-03
4.300442989915609360e-03
4.306085407733917236e-03
4.311872646212577820e-03
4.320943262428045273e-03
4.333378747105598450e-03
4.349337425082921982e-03
4.366879351437091827e-03
4.388532135635614395e-03
4.414326045662164688e-03
4.440687596797943115e-03
4.461007192730903625e-03
4.475006368011236191e-03
4.484802018851041794e-03
4.494082182645797729e-03
4.497092682868242264e-03
4.506676457822322845e-03
4.525037482380867004e-03
4.539374262094497681e-03
4.538888577371835709e-03
4.530450329184532166e-03
4.523022565990686417e-03
4.513110965490341187e-03
4.511246457695960999e-03
4.504778888076543808e-03
4.491710104048252106e-03
4.476699512451887131e-03
4.469376988708972931e-03
4.467905033379793167e-03
4.467497114092111588e-03
4.464745521545410156e-03
4.468196537345647812e-03
4.465232137590646744e-03
4.464955534785985947e-03
4.461424425244331360e-03
4.465084522962570190e-03
4.470520187169313431e-03
4.475465975701808929e-03
4.491044674068689346e-03
4.511125851422548294e-03
4.521863069385290146e-03
4.531318787485361099e-03
4.542050417512655258e-03
4.556506406515836716e-03
4.574807360768318176e-03
4.581979475915431976e-03
4.579848144203424454e-03
4.573884420096874237e-03
4.571044817566871643e-03
4.554895218461751938e-03
4.542426206171512604e-03
4.539363086223602295e-03
4.545378964394330978e-03
4.557564854621887207e-03
4.568239673972129822e-03
4.572222940623760223e-03
4.582691937685012817e-03
4.595939535647630692e-03
4.605005960911512375e-03
4.619071260094642639e-03
4.627485759556293488e-03
4.635194782167673111e-03
4.641950596123933792e-03
4.650597926229238510e-03
4.663579631596803665e-03
4.675714764744043350e-03
4.686146974563598633e-03
4.695408511906862259e-03
4.698986187577247620e-03
4.709539469331502914e-03
4.712666850537061691e-03
4.722637590020895004e-03
4.739580675959587097e-03
4.757599905133247375e-03
4.767354577779769897e-03
4.776931367814540863e-03
4.784332122653722763e-03
4.773007705807685852e-03
4.758306313306093216e-03
4.744354635477066040e-03
4.739960189908742905e-03
4.733304958790540695e-03
4.720463883131742477e-03
4.706965293735265732e-03
4.689437337219715118e-03
4.676646552979946136e-03
4.661942366510629654e-03
4.647186957299709320e-03
4.633898381143808365e-03
4.627131856977939606e-03
4.624289460480213165e-03
4.624468740075826645e-03
4.627004265785217285e-03
4.630734212696552277e-03
4.627374932169914246e-03
4.628878552466630936e-03
4.639117512851953506e-03
4.651142749935388565e-03
4.672626964747905731e-03
4.696031566709280014e-03
4.722194746136665344e-03
4.739674739539623260e-03
4.752601962536573410e-03
4.763684701174497604e-03
4.773769062012434006e-03
4.777680616825819016e-03
4.781199153512716293e-03
4.780544433742761612e-03
4.778708331286907196e-03
4.775811452418565750e-03
4.777636379003524780e-03
4.779039882123470306e-03
4.780240356922149658e-03
4.786824341863393784e-03
4.798162262886762619e-03
4.807755351066589355e-03
4.817242268472909927e-03
4.831699188798666000e-03
4.844742361456155777e-03
4.859820008277893066e-03
4.868393298238515854e-03
4.869644995778799057e-03
4.875554237514734268e-03
4.879540298134088516e-03
4.876092541962862015e-03
4.871353507041931152e-03
4.869019612669944763e-03
4.864514339715242386e-03
4.876237828284502029e-03
4.891149234026670456e-03
4.906826652586460114e-03
4.917855374515056610e-03
4.926046356558799744e-03
4.928309936076402664e-03
4.938152618706226349e-03
4.946249071508646011e-03
4.947480279952287674e-03
4.957833327353000641e-03
4.966460634022951126e-03
4.966597538441419601e-03
4.963677842170000076e-03
4.952963441610336304e-03
4.940990824252367020e-03
4.930709954351186752e-03
4.930790048092603683e-03
4.929382354021072388e-03
4.936884157359600067e-03
4.957077093422412872e-03
4.979432560503482819e-03
4.994041286408901215e-03
5.011253990232944489e-03
5.034107714891433716e-03
5.061698611825704575e-03
5.082385614514350891e-03
5.103503353893756866e-03
5.125932861119508743e-03
5.148268770426511765e-03
5.173678509891033173e-03
5.192095879465341568e-03
5.205152090638875961e-03
5.215234588831663132e-03
5.222018342465162277e-03
5.172310397028923035e-03
5.126664880663156509e-03
5.085516721010208130e-03
5.046894773840904236e-03
5.021187942475080490e-03
5.013301502913236618e-03
5.003632046282291412e-03
4.996907897293567657e-03
4.984113387763500214e-03
4.983698017895221710e-03
4.993207752704620361e-03
4.996710922569036484e-03
5.004502832889556885e-03
5.013574380427598953e-03
5.026334896683692932e-03
5.038954317569732666e-03
5.058257840573787689e-03
5.079051014035940170e-03
5.102540366351604462e-03
5.120195914059877396e-03
5.139709450304508209e-03
5.161184351891279221e-03
5.184745881706476212e-03
5.204811226576566696e-03
5.220716353505849838e-03
5.231891758739948273e-03
