2.640746906399726868e-02
2.640746906399726868e-02
2.616408467292785645e-02
2.552177570760250092e-02
2.479543723165988922e-02
2.466365508735179901e-02
2.438690327107906342e-02
2.413280680775642395e-02
2.380370721220970154e-02
2.350140921771526337e-02
2.324275113642215729e-02
2.314042299985885620e-02
2.311812527477741241e-02
2.317510917782783508e-02
2.312507852911949158e-02
2.301579341292381287e-02
2.289262600243091583e-02
2.275113575160503387e-02
2.254987880587577820e-02
2.227918617427349091e-02
