2.380637265741825104e-02
2.380637265741825104e-02
2.374307252466678619e-02
2.352166734635829926e-02
2.340895496308803558e-02
2.335791662335395813e-02
2.307382039725780487e-02
2.308722212910652161e-02
2.320307679474353790e-02
2.324072271585464478e-02
2.282209321856498718e-02
2.255421690642833710e-02
2.221062406897544861e-02
2.194385230541229248e-02
2.200539596378803253e-02
2.194879390299320221e-02
2.183585427701473236e-02
2.168864943087100983e-02
2.157891914248466492e-02
2.148978225886821747e-02
