6.103259697556495667e-02
6.103259697556495667e-02
6.242432817816734314e-02
6.288683414459228516e-02
6.345085054636001587e-02
6.377872824668884277e-02
6.397152692079544067e-02
6.432662904262542725e-02
6.380578875541687012e-02
6.332959234714508057e-02
6.292682141065597534e-02
6.254285573959350586e-02
6.221589446067810059e-02
6.190596520900726318e-02
6.167102605104446411e-02
6.148380413651466370e-02
6.126362457871437073e-02
6.107933074235916138e-02
6.087268516421318054e-02
6.077167019248008728e-02
6.065352633595466614e-02
6.063356250524520874e-02
6.057798489928245544e-02
6.056960299611091614e-02
6.052444130182266235e-02
6.052981689572334290e-02
6.048908084630966187e-02
6.040512397885322571e-02
6.033397465944290161e-02
6.026948615908622742e-02
6.023867055773735046e-02
6.019717082381248474e-02
6.010959669947624207e-02
5.998133122920989990e-02
5.987210571765899658e-02
5.979387834668159485e-02
5.968763679265975952e-02
5.950832739472389221e-02
5.932694301009178162e-02
5.914482846856117249e-02
5.901616066694259644e-02
5.885746702551841736e-02
5.872310325503349304e-02
5.858634412288665771e-02
5.846744775772094727e-02
5.838027223944664001e-02
5.826560407876968384e-02
5.818852409720420837e-02
5.807370319962501526e-02
5.800354108214378357e-02
5.785883963108062744e-02
5.808091908693313599e-02
5.829959362745285034e-02
5.847025662660598755e-02
5.862541496753692627e-02
5.876858532428741455e-02
5.889027565717697144e-02
5.902970582246780396e-02
5.912030488252639771e-02
5.917963013052940369e-02
5.922837182879447937e-02
5.925396457314491272e-02
5.946986004710197449e-02
5.964708700776100159e-02
5.976403504610061646e-02
5.982856824994087219e-02
5.989000201225280762e-02
5.993130058050155640e-02
5.999702215194702148e-02
6.006102636456489563e-02
6.015672907233238220e-02
6.024678796529769897e-02
6.032574549317359924e-02
6.039980053901672363e-02
6.045757979154586792e-02
6.050709262490272522e-02
6.054947525262832642e-02
6.055335327982902527e-02
6.054860353469848633e-02
6.028199568390846252e-02
6.018856912851333618e-02
6.005264073610305786e-02
5.990534275770187378e-02
5.979359522461891174e-02
5.965879186987876892e-02
5.937108770012855530e-02
5.910316482186317444e-02
5.889789760112762451e-02
5.869426950812339783e-02
5.847248435020446777e-02
5.827495828270912170e-02
5.812608450651168823e-02
5.795015394687652588e-02
5.778724327683448792e-02
5.758061632513999939e-02
5.736455693840980530e-02
5.718188732862472534e-02
5.699048191308975220e-02
5.679740756750106812e-02
5.662389472126960754e-02
5.649723485112190247e-02
5.639549717307090759e-02
5.629502981901168823e-02
5.619826540350914001e-02
5.609667301177978516e-02
5.601412430405616760e-02
5.588951706886291504e-02
5.576060712337493896e-02
5.545293167233467102e-02
5.513078719377517700e-02
5.482603237032890320e-02
5.456031113862991333e-02
5.430606752634048462e-02
5.406881868839263916e-02
5.385454371571540833e-02
5.371131002902984619e-02
5.360005795955657959e-02
5.345296114683151245e-02
5.330716818571090698e-02
5.316073819994926453e-02
5.303211882710456848e-02
5.298348888754844666e-02
5.298024043440818787e-02
5.298620834946632385e-02
5.295952036976814270e-02
5.288384854793548584e-02
5.274003744125366211e-02
5.259398743510246277e-02
5.242603644728660583e-02
5.228355154395103455e-02
5.243945121765136719e-02
5.249226093292236328e-02
5.251497030258178711e-02
5.253641679883003235e-02
5.256579071283340454e-02
5.258805304765701294e-02
5.264203995466232300e-02
5.269780382513999939e-02
5.280891433358192444e-02
5.290713533759117126e-02
5.299333482980728149e-02
5.310044065117835999e-02
5.320630967617034912e-02
5.334020033478736877e-02
5.341610312461853027e-02
5.341594666242599487e-02
5.340486392378807068e-02
5.336939543485641479e-02
5.332957953214645386e-02
5.333478376269340515e-02
5.336948111653327942e-02
5.337451770901679993e-02
5.316481366753578186e-02
5.294859781861305237e-02
5.342279747128486633e-02
5.388556048274040222e-02
5.427931994199752808e-02
5.463930219411849976e-02
5.498325824737548828e-02
5.531348660588264465e-02
5.565155297517776489e-02
5.598478019237518311e-02
5.628734081983566284e-02
5.633866041898727417e-02
5.638505890965461731e-02
5.642528086900711060e-02
5.647639185190200806e-02
5.650281161069869995e-02
5.651139840483665466e-02
5.646320059895515442e-02
5.643888190388679504e-02
5.658125877380371094e-02
5.668910220265388489e-02
5.691836029291152954e-02
5.709400400519371033e-02
5.724295973777770996e-02
5.737217888236045837e-02
5.746881663799285889e-02
5.760279297828674316e-02
5.771695822477340698e-02
5.785410478711128235e-02
5.798114463686943054e-02
5.809551104903221130e-02
5.820644274353981018e-02
5.831497535109519958e-02
5.842411145567893982e-02
5.853594094514846802e-02
5.863012745976448059e-02
5.869780108332633972e-02
5.876139923930168152e-02
5.880811810493469238e-02
5.896425247192382812e-02
5.908343940973281860e-02
5.917950347065925598e-02
5.925836414098739624e-02
5.932874605059623718e-02
5.936975404620170593e-02
5.939330160617828369e-02
5.945771187543869019e-02
5.951427668333053589e-02
5.955114588141441345e-02
5.960396677255630493e-02
5.964304879307746887e-02
5.965465307235717773e-02
5.969715490937232971e-02
5.970508605241775513e-02
5.968438833951950073e-02
5.965110659599304199e-02
5.963669717311859131e-02
6.018091365694999695e-02
6.067308783531188965e-02
6.113644316792488098e-02
6.151885911822319031e-02
6.186791881918907166e-02
6.219098344445228577e-02
6.248807907104492188e-02
6.279285997152328491e-02
6.303916871547698975e-02
6.329692900180816650e-02
6.355698406696319580e-02
6.377837061882019043e-02
6.391070038080215454e-02
6.400980055332183838e-02
6.411132961511611938e-02
6.421180069446563721e-02
6.428345292806625366e-02
6.435179710388183594e-02
6.441149860620498657e-02
6.440410763025283813e-02
6.445688754320144653e-02
6.449758261442184448e-02
6.454666703939437866e-02
6.453023850917816162e-02
6.453039497137069702e-02
6.453739106655120850e-02
6.455339491367340088e-02
6.457626074552536011e-02
6.456934660673141479e-02
6.457147747278213501e-02
6.459308415651321411e-02
6.460394710302352905e-02
6.457372754812240601e-02
6.454004347324371338e-02
6.448587030172348022e-02
6.439994275569915771e-02
6.430908292531967163e-02
6.420539319515228271e-02
6.411956995725631714e-02
6.403635442256927490e-02
6.396163254976272583e-02
6.386125087738037109e-02
6.374549120664596558e-02
6.363274902105331421e-02
6.365739554166793823e-02
6.366127729415893555e-02
6.367390602827072144e-02
6.365369260311126709e-02
6.361538916826248169e-02
6.357046216726303101e-02
6.316177546977996826e-02
6.279283761978149414e-02
6.248540431261062622e-02
6.221899390220642090e-02
6.197911128401756287e-02
6.179256737232208252e-02
6.161775067448616028e-02
6.143549457192420959e-02
6.127871945500373840e-02
6.112032011151313782e-02
6.099577248096466064e-02
6.085824966430664062e-02
6.074308976531028748e-02
6.067248061299324036e-02
6.049877032637596130e-02
6.034518405795097351e-02
6.019558757543563843e-02
6.004755198955535889e-02
5.993358418345451355e-02
5.983722582459449768e-02
5.975385010242462158e-02
5.966573953628540039e-02
5.957945436239242554e-02
5.952184647321701050e-02
5.943230167031288147e-02
5.929360166192054749e-02
5.918099358677864075e-02
5.906710401177406311e-02
5.906398594379425049e-02
5.905269831418991089e-02
5.902554094791412354e-02
5.900117382407188416e-02
5.900838598608970642e-02
5.900377407670021057e-02
5.903785675764083862e-02
5.907886475324630737e-02
5.910897254943847656e-02
5.912241712212562561e-02
5.914659798145294189e-02
5.919857323169708252e-02
5.925199016928672791e-02
5.927392095327377319e-02
5.928544327616691589e-02
5.926899984478950500e-02
5.925048515200614929e-02
5.925691127777099609e-02
5.926346406340599060e-02
5.926548317074775696e-02
5.928596481680870056e-02
5.930484458804130554e-02
5.932632833719253540e-02
5.931113287806510925e-02
5.929644778370857239e-02
5.919801816344261169e-02
5.911320820450782776e-02
5.901985615491867065e-02
5.892969667911529541e-02
5.883736908435821533e-02
5.877126380801200867e-02
5.874085798859596252e-02
5.871463567018508911e-02
5.867850407958030701e-02
5.865945294499397278e-02
5.862741172313690186e-02
5.861454457044601440e-02
5.857697874307632446e-02
5.856351181864738464e-02
5.858610942959785461e-02
5.863003432750701904e-02
5.864524468779563904e-02
5.864524096250534058e-02
5.864105373620986938e-02
5.861172080039978027e-02
5.857435986399650574e-02
5.854703113436698914e-02
5.901038274168968201e-02
5.944800376892089844e-02
5.984248220920562744e-02
6.017463654279708862e-02
6.048652157187461853e-02
6.075650826096534729e-02
6.110516563057899475e-02
6.142009049654006958e-02
6.171142309904098511e-02
6.199446693062782288e-02
6.222483143210411072e-02
6.241864711046218872e-02
6.259905546903610229e-02
6.273898482322692871e-02
6.283164769411087036e-02
6.290517002344131470e-02
6.297328323125839233e-02
6.301026791334152222e-02
6.302618235349655151e-02
6.302464008331298828e-02
6.299541145563125610e-02
6.297858059406280518e-02
6.293810158967971802e-02
6.278161704540252686e-02
6.264184415340423584e-02
6.249837204813957214e-02
6.233763694763183594e-02
6.220045685768127441e-02
6.206924840807914734e-02
6.195035204291343689e-02
6.181940436363220215e-02
6.171541288495063782e-02
6.163424253463745117e-02
6.155586242675781250e-02
6.145426630973815918e-02
6.137236207723617554e-02
6.130950525403022766e-02
6.125258654356002808e-02
6.119059398770332336e-02
6.111530587077140808e-02
6.118008866906166077e-02
6.122786179184913635e-02
6.124312803149223328e-02
6.131065636873245239e-02
6.134418770670890808e-02
6.136892363429069519e-02
6.141413748264312744e-02
6.144458428025245667e-02
6.151211634278297424e-02
6.159779801964759827e-02
6.163330003619194031e-02
6.165231391787528992e-02
6.172676384449005127e-02
6.178316846489906311e-02
6.180997937917709351e-02
6.182847172021865845e-02
6.187383458018302917e-02
6.186822801828384399e-02
6.186822801828384399e-02
6.186553463339805603e-02
6.187225133180618286e-02
6.184323504567146301e-02
6.194713339209556580e-02
6.197779625654220581e-02
6.198193877935409546e-02
6.196636706590652466e-02
6.198833882808685303e-02
6.197654455900192261e-02
6.193652004003524780e-02
6.190196797251701355e-02
6.183753907680511475e-02
6.175925582647323608e-02
6.169069930911064148e-02
6.174198538064956665e-02
6.177590787410736084e-02
6.180249527096748352e-02
6.182446330785751343e-02
6.181762367486953735e-02
6.183502078056335449e-02
6.183825805783271790e-02
6.181907653808593750e-02
6.179749220609664917e-02
6.174563616514205933e-02
6.169066578149795532e-02
6.162373721599578857e-02
6.153694540262222290e-02
6.144046783447265625e-02
6.134822592139244080e-02
6.125720590353012085e-02
6.116003543138504028e-02
6.106468662619590759e-02
6.097644194960594177e-02
6.088535115122795105e-02
6.078904122114181519e-02
6.068814545869827271e-02
6.058553606271743774e-02
6.051447242498397827e-02
6.043445691466331482e-02
6.036970391869544983e-02
6.033224985003471375e-02
6.029463559389114380e-02
6.024884060025215149e-02
6.021706014871597290e-02
6.017357483506202698e-02
6.012837216258049011e-02
6.008367240428924561e-02
6.004181876778602600e-02
5.999847874045372009e-02
5.988533049821853638e-02
5.976057052612304688e-02
5.961568281054496765e-02
5.948302149772644043e-02
5.937412753701210022e-02
5.927919968962669373e-02
5.921135097742080688e-02
5.913275107741355896e-02
5.908452719449996948e-02
5.906019359827041626e-02
5.902510881423950195e-02
5.898093804717063904e-02
5.891910940408706665e-02
5.906144529581069946e-02
5.917493253946304321e-02
5.929435044527053833e-02
5.941361561417579651e-02
5.952652543783187866e-02
5.960563942790031433e-02
5.966299772262573242e-02
5.969297140836715698e-02
5.959524214267730713e-02
5.952754244208335876e-02
5.947935208678245544e-02
5.945431068539619446e-02
5.945265293121337891e-02
5.946331471204757690e-02
5.947039648890495300e-02
5.945972353219985962e-02
5.942584946751594543e-02
5.939424410462379456e-02
5.940501764416694641e-02
5.939347669482231140e-02
5.940355733036994934e-02
5.939767882227897644e-02
5.937231332063674927e-02
5.931754782795906067e-02
5.926804989576339722e-02
5.923977494239807129e-02
5.920951068401336670e-02
5.917995795607566833e-02
5.914784222841262817e-02
5.908734723925590515e-02
5.841080471873283386e-02
5.782972276210784912e-02
5.732642486691474915e-02
5.688525363802909851e-02
5.651279538869857788e-02
5.617773160338401794e-02
5.588051304221153259e-02
5.560006201267242432e-02
5.534267425537109375e-02
5.510495975613594055e-02
5.483322590589523315e-02
5.458657070994377136e-02
5.437196046113967896e-02
5.428338795900344849e-02
5.417691543698310852e-02
5.408322811126708984e-02
5.402058362960815430e-02
5.397157743573188782e-02
5.392664298415184021e-02
5.388185754418373108e-02
5.384202674031257629e-02
5.377808213233947754e-02
5.372478440403938293e-02
5.365934967994689941e-02
5.358891189098358154e-02
5.352525785565376282e-02
5.348182469606399536e-02
5.345389991998672485e-02
5.342701077461242676e-02
5.340661108493804932e-02
5.337844416499137878e-02
5.334413424134254456e-02
5.330500379204750061e-02
5.329321324825286865e-02
5.327398329973220825e-02
5.326121672987937927e-02
5.323148891329765320e-02
5.319392681121826172e-02
5.308132991194725037e-02
5.296295881271362305e-02
5.286149680614471436e-02
5.269495025277137756e-02
5.254607275128364563e-02
5.242816731333732605e-02
5.228164792060852051e-02
5.215697735548019409e-02
5.247707664966583252e-02
5.278445407748222351e-02
5.305586382746696472e-02
5.331433564424514771e-02
5.354911461472511292e-02
5.376033857464790344e-02
5.394287779927253723e-02
5.409435927867889404e-02
5.423774570226669312e-02
5.439241975545883179e-02
5.453069135546684265e-02
5.466043204069137573e-02
5.477609857916831970e-02
5.492259189486503601e-02
5.506052076816558838e-02
5.519383400678634644e-02
5.537128821015357971e-02
5.553381145000457764e-02
5.568903312087059021e-02
5.583774298429489136e-02
5.597055330872535706e-02
5.611641332507133484e-02
5.624388530850410461e-02
5.635838955640792847e-02
5.646536871790885925e-02
5.660822987556457520e-02
5.674154311418533325e-02
5.685478076338768005e-02
5.696034803986549377e-02
5.705507844686508179e-02
5.718936398625373840e-02
5.733076855540275574e-02
5.746687948703765869e-02
5.765649676322937012e-02
5.782287567853927612e-02
5.796599388122558594e-02
5.808982625603675842e-02
5.820693075656890869e-02
5.832401663064956665e-02
5.847365036606788635e-02
5.859833583235740662e-02
5.869986861944198608e-02
5.877910554409027100e-02
5.884858965873718262e-02
5.890425667166709900e-02
5.893447995185852051e-02
5.894454196095466614e-02
5.896310508251190186e-02
5.889893695712089539e-02
5.884272605180740356e-02
5.877687036991119385e-02
5.872163549065589905e-02
5.867712572216987610e-02
5.862697586417198181e-02
5.859341472387313843e-02
5.856927111744880676e-02
5.854069069027900696e-02
5.859668925404548645e-02
5.863301455974578857e-02
5.867745354771614075e-02
5.872377753257751465e-02
5.877309292554855347e-02
5.881142243742942810e-02
5.883193761110305786e-02
5.883735418319702148e-02
5.891335383057594299e-02
5.897784978151321411e-02
5.904378741979598999e-02
5.910330638289451599e-02
5.914773792028427124e-02
5.915746465325355530e-02
5.915730446577072144e-02
5.917318910360336304e-02
5.918068438768386841e-02
5.919237807393074036e-02
5.919370427727699280e-02
5.920767039060592651e-02
5.921227857470512390e-02
5.967891588807106018e-02
6.010730564594268799e-02
6.048002094030380249e-02
6.082000583410263062e-02
6.112092360854148865e-02
6.138947978615760803e-02
6.163840368390083313e-02
6.186559051275253296e-02
6.209564954042434692e-02
6.233184039592742920e-02
6.253816932439804077e-02
6.272569298744201660e-02
6.288523226976394653e-02
6.302160024642944336e-02
6.312400847673416138e-02
6.322780996561050415e-02
6.330900639295578003e-02
6.337371468544006348e-02
6.343642622232437134e-02
6.348796188831329346e-02
6.353522837162017822e-02
6.357827782630920410e-02
6.360480934381484985e-02
6.362389773130416870e-02
6.362009048461914062e-02
6.362389773130416870e-02
6.362500786781311035e-02
6.354448944330215454e-02
6.346034258604049683e-02
6.337703019380569458e-02
6.328917294740676880e-02
6.322636455297470093e-02
6.316274404525756836e-02
6.313849985599517822e-02
6.310916692018508911e-02
6.307210773229598999e-02
6.303728371858596802e-02
6.300497055053710938e-02
6.297209113836288452e-02
6.295377016067504883e-02
6.294057518243789673e-02
6.291662901639938354e-02
6.289557367563247681e-02
6.283208727836608887e-02
6.276286393404006958e-02
6.269848346710205078e-02
6.268275529146194458e-02
6.266854703426361084e-02
6.264837831258773804e-02
6.264456361532211304e-02
6.263858079910278320e-02
6.263781338930130005e-02
6.263148039579391479e-02
6.263033300638198853e-02
6.271941214799880981e-02
6.278883665800094604e-02
6.289768964052200317e-02
6.300303339958190918e-02
6.311006844043731689e-02
6.319036334753036499e-02
6.326092779636383057e-02
6.330937892198562622e-02
6.333962827920913696e-02
6.335369497537612915e-02
6.336158514022827148e-02
6.336364895105361938e-02
6.337103992700576782e-02
6.336788833141326904e-02
6.339146941900253296e-02
6.339242309331893921e-02
6.339530646800994873e-02
6.340309977531433105e-02
6.340505182743072510e-02
6.338508427143096924e-02
6.337083131074905396e-02
6.336790323257446289e-02
6.335876137018203735e-02
6.332199275493621826e-02
6.328938156366348267e-02
6.325607746839523315e-02
6.325589120388031006e-02
6.324556469917297363e-02
6.323206424713134766e-02
6.320958584547042847e-02
6.318750232458114624e-02
6.316038221120834351e-02
6.314138323068618774e-02
6.313277781009674072e-02
6.311593204736709595e-02
6.311813741922378540e-02
6.309981644153594971e-02
6.309276074171066284e-02
6.308147311210632324e-02
6.305927783250808716e-02
6.305584311485290527e-02
6.305909901857376099e-02
6.298030167818069458e-02
6.290337443351745605e-02
6.283482164144515991e-02
6.276411563158035278e-02
6.270091235637664795e-02
6.265564262866973877e-02
6.260966509580612183e-02
6.256496161222457886e-02
6.252176314592361450e-02
6.248546391725540161e-02
6.245148554444313049e-02
6.242747232317924500e-02
6.238981336355209351e-02
6.234513968229293823e-02
6.231576576828956604e-02
6.228986009955406189e-02
6.225909292697906494e-02
6.222993507981300354e-02
6.221103668212890625e-02
6.220840662717819214e-02
6.220072135329246521e-02
6.219632178544998169e-02
6.218046322464942932e-02
6.215658783912658691e-02
6.212978065013885498e-02
6.209954991936683655e-02
6.207192689180374146e-02
6.206088513135910034e-02
6.203878670930862427e-02
6.202336773276329041e-02
6.200302392244338989e-02
6.199317425489425659e-02
6.198856979608535767e-02
6.202094256877899170e-02
6.204399466514587402e-02
6.206352263689041138e-02
6.208869442343711853e-02
6.210646033287048340e-02
6.211756914854049683e-02
6.211836263537406921e-02
6.211457774043083191e-02
6.210986524820327759e-02
6.209707632660865784e-02
6.208204478025436401e-02
6.210981309413909912e-02
6.211779639124870300e-02
6.211468204855918884e-02
6.211539357900619507e-02
6.220359727740287781e-02
6.227474659681320190e-02
6.232836470007896423e-02
6.237561628222465515e-02
6.242140382528305054e-02
6.245501711964607239e-02
6.249264627695083618e-02
6.252137571573257446e-02
6.249803677201271057e-02
6.247680261731147766e-02
6.245199218392372131e-02
6.243034452199935913e-02
6.240761652588844299e-02
6.238704547286033630e-02
6.236126646399497986e-02
6.232366338372230530e-02
6.229510158300399780e-02
6.227817386388778687e-02
6.226295977830886841e-02
6.224104017019271851e-02
6.221814826130867004e-02
6.219394877552986145e-02
6.218172982335090637e-02
6.217544153332710266e-02
6.217830255627632141e-02
6.218112260103225708e-02
6.219768524169921875e-02
6.221577525138854980e-02
6.221121549606323242e-02
6.220906600356101990e-02
6.220446154475212097e-02
6.220762059092521667e-02
6.222600862383842468e-02
6.223649531602859497e-02
6.223390996456146240e-02
6.222381815314292908e-02
6.221815198659896851e-02
6.221137940883636475e-02
6.221079453825950623e-02
6.220876798033714294e-02
6.221737340092658997e-02
6.222186237573623657e-02
6.223690882325172424e-02
6.231617182493209839e-02
6.239078193902969360e-02
6.246079504489898682e-02
6.251650303602218628e-02
6.257355958223342896e-02
6.263070553541183472e-02
6.267024576663970947e-02
6.270648539066314697e-02
6.274698674678802490e-02
6.278052181005477905e-02
6.281505525112152100e-02
6.284525245428085327e-02
6.288576126098632812e-02
6.292258203029632568e-02
6.297056376934051514e-02
6.300065666437149048e-02
6.303068250417709351e-02
6.305166333913803101e-02
6.306486576795578003e-02
6.307290494441986084e-02
6.309172511100769043e-02
6.310487538576126099e-02
6.311806291341781616e-02
6.313615292310714722e-02
6.314965337514877319e-02
6.314873695373535156e-02
6.314161419868469238e-02
6.313961744308471680e-02
6.312548369169235229e-02
6.310791522264480591e-02
6.309037655591964722e-02
6.306157261133193970e-02
6.304414570331573486e-02
6.303396075963973999e-02
6.302056461572647095e-02
6.300192326307296753e-02
6.299289315938949585e-02
6.298545747995376587e-02
6.298926472663879395e-02
6.298682093620300293e-02
6.295289099216461182e-02
6.292101740837097168e-02
6.289311498403549194e-02
6.292351335287094116e-02
6.293991953134536743e-02
6.293825060129165649e-02
6.293795257806777954e-02
6.294453889131546021e-02
6.295308470726013184e-02
6.295543164014816284e-02
6.296209245920181274e-02
6.297017633914947510e-02
6.296844780445098877e-02
6.296583265066146851e-02
6.296145915985107422e-02
6.295831501483917236e-02
6.296109408140182495e-02
6.295319646596908569e-02
6.295002996921539307e-02
6.293611973524093628e-02
6.291377544403076172e-02
6.289671361446380615e-02
6.288199126720428467e-02
6.286972761154174805e-02
6.285721808671951294e-02
6.283395737409591675e-02
6.280981004238128662e-02
6.272801756858825684e-02
6.265766918659210205e-02
6.258495897054672241e-02
6.251864880323410034e-02
6.231040135025978088e-02
6.211693584918975830e-02
6.195030733942985535e-02
6.180221587419509888e-02
6.167114153504371643e-02
6.165373325347900391e-02
6.163651868700981140e-02
6.162915751338005066e-02
6.163782253861427307e-02
6.164295971393585205e-02
6.163354218006134033e-02
6.151330098509788513e-02
6.141585856676101685e-02
6.131693720817565918e-02
6.124923750758171082e-02
6.117863953113555908e-02
6.110480800271034241e-02
6.103519350290298462e-02
6.097052246332168579e-02
6.091272458434104919e-02
6.085440516471862793e-02
6.081467494368553162e-02
6.077336147427558899e-02
6.073773652315139771e-02
6.069922447204589844e-02
6.067585945129394531e-02
6.066093593835830688e-02
6.096983700990676880e-02
6.125979498028755188e-02
6.151677668094635010e-02
6.177758052945137024e-02
6.201647594571113586e-02
6.224168837070465088e-02
6.243263557553291321e-02
6.260450184345245361e-02
6.273839622735977173e-02
6.287334114313125610e-02
6.299609690904617310e-02
6.310993432998657227e-02
6.320787221193313599e-02
6.330505013465881348e-02
6.338559091091156006e-02
6.345584243535995483e-02
6.334862858057022095e-02
6.326223164796829224e-02
6.318324804306030273e-02
6.311685591936111450e-02
6.304753571748733521e-02
6.287703663110733032e-02
6.272783130407333374e-02
6.260085850954055786e-02
6.248105317354202271e-02
6.202330067753791809e-02
6.160958856344223022e-02
6.123960390686988831e-02
6.090806797146797180e-02
6.062137335538864136e-02
6.032859534025192261e-02
6.006019189953804016e-02
5.980433151125907898e-02
5.956592783331871033e-02
5.933696404099464417e-02
5.913000553846359253e-02
5.892486125230789185e-02
5.874393135309219360e-02
5.857886373996734619e-02
5.843085423111915588e-02
5.829545855522155762e-02
5.817550048232078552e-02
5.813876539468765259e-02
5.783418193459510803e-02
5.755967646837234497e-02
5.732065811753273010e-02
5.710997804999351501e-02
5.692064017057418823e-02
5.675067380070686340e-02
5.659557878971099854e-02
5.645289272069931030e-02
5.632070451974868774e-02
5.620620399713516235e-02
5.610527470707893372e-02
5.601365864276885986e-02
5.593385174870491028e-02
5.585680902004241943e-02
5.578335374593734741e-02
5.571918189525604248e-02
5.566284805536270142e-02
5.561405420303344727e-02
5.556466802954673767e-02
5.552086606621742249e-02
5.546562001109123230e-02
5.541555583477020264e-02
5.536887422204017639e-02
5.532445758581161499e-02
5.528532713651657104e-02
5.524769425392150879e-02
5.521093681454658508e-02
5.517433583736419678e-02
5.513416230678558350e-02
5.511608347296714783e-02
5.509514734148979187e-02
5.507724732160568237e-02
5.505172163248062134e-02
5.500466749072074890e-02
5.508760362863540649e-02
5.515865981578826904e-02
5.522866919636726379e-02
5.529659241437911987e-02
5.535918474197387695e-02
5.541688203811645508e-02
5.547344684600830078e-02
5.552472546696662903e-02
5.556920915842056274e-02
5.560385435819625854e-02
5.563095211982727051e-02
5.565293133258819580e-02
5.566881224513053894e-02
5.568340048193931580e-02
5.569790303707122803e-02
5.570982024073600769e-02
5.572656542062759399e-02
5.574927106499671936e-02
5.575913190841674805e-02
5.577171221375465393e-02
5.577987059950828552e-02
5.578831955790519714e-02
5.579057708382606506e-02
5.579038336873054504e-02
5.579173192381858826e-02
5.579446628689765930e-02
5.579592287540435791e-02
5.561637878417968750e-02
5.544613674283027649e-02
