3.650430589914321899e-02
3.650430589914321899e-02
3.785230964422225952e-02
3.907106816768646240e-02
3.954551368951797485e-02
3.955939784646034241e-02
3.941847756505012512e-02
3.934526443481445312e-02
3.905508294701576233e-02
3.883062675595283508e-02
3.847758471965789795e-02
3.826265782117843628e-02
3.851167485117912292e-02
3.863647952675819397e-02
3.871558979153633118e-02
3.867791220545768738e-02
3.863655403256416321e-02
3.866654634475708008e-02
3.863029554486274719e-02
3.850878775119781494e-02
