3.698946908116340637e-02
3.698946908116340637e-02
3.771732747554779053e-02
3.728350996971130371e-02
3.658375889062881470e-02
3.571182489395141602e-02
3.560841828584671021e-02
3.537590801715850830e-02
3.539874777197837830e-02
3.490946069359779358e-02
3.449644148349761963e-02
3.410764783620834351e-02
3.373792767524719238e-02
3.334570303559303284e-02
3.291950747370719910e-02
3.234772011637687683e-02
3.184065595269203186e-02
3.129817917943000793e-02
3.064733184874057770e-02
2.992421761155128479e-02
2.929361909627914429e-02
2.863921038806438446e-02
2.801449596881866455e-02
2.734468877315521240e-02
2.688053809106349945e-02
2.649999968707561493e-02
2.623457834124565125e-02
2.597253583371639252e-02
2.575537748634815216e-02
2.561623044312000275e-02
2.556719630956649780e-02
2.544477768242359161e-02
2.517089620232582092e-02
2.479774877429008484e-02
2.447156980633735657e-02
2.406987734138965607e-02
2.386497333645820618e-02
2.354440838098526001e-02
2.331776544451713562e-02
2.315020374953746796e-02
2.312893234193325043e-02
2.336477115750312805e-02
2.365955151617527008e-02
2.382929623126983643e-02
2.396901883184909821e-02
2.410377375781536102e-02
2.423423714935779572e-02
2.421184256672859192e-02
2.446897700428962708e-02
2.459827065467834473e-02
2.480344846844673157e-02
2.505633793771266937e-02
2.509557269513607025e-02
2.521473541855812073e-02
2.519790641963481903e-02
2.514028362929821014e-02
2.495810762047767639e-02
2.472480013966560364e-02
2.451377175748348236e-02
2.430672012269496918e-02
2.408528141677379608e-02
2.404449321329593658e-02
2.391225099563598633e-02
2.382557280361652374e-02
2.366221696138381958e-02
2.366521768271923065e-02
2.373936772346496582e-02
2.382189407944679260e-02
2.405801601707935333e-02
2.437030896544456482e-02
2.465392835438251495e-02
2.464369498193264008e-02
2.459267713129520416e-02
2.464073523879051208e-02
2.476721070706844330e-02
2.494025230407714844e-02
2.515350654721260071e-02
2.547002211213111877e-02
2.586412802338600159e-02
2.622803486883640289e-02
2.653559669852256775e-02
2.697315625846385956e-02
2.738666534423828125e-02
2.782256342470645905e-02
2.802800573408603668e-02
2.813351899385452271e-02
2.822336927056312561e-02
2.832111157476902008e-02
2.843412570655345917e-02
2.838692255318164825e-02
2.818873338401317596e-02
2.799945138394832611e-02
2.778359688818454742e-02
2.762264385819435120e-02
2.740694396197795868e-02
2.728709951043128967e-02
2.726159431040287018e-02
2.727457880973815918e-02
2.731826342642307281e-02
2.731461636722087860e-02
2.738131582736968994e-02
2.743380144238471985e-02
2.755510993301868439e-02
2.758486196398735046e-02
2.753634378314018250e-02
2.760704793035984039e-02
2.753910981118679047e-02
2.745266072452068329e-02
2.734209224581718445e-02
2.732107974588871002e-02
2.725814282894134521e-02
2.728157117962837219e-02
2.730622328817844391e-02
2.730469219386577606e-02
2.720500156283378601e-02
2.719364129006862640e-02
2.721958234906196594e-02
2.729168161749839783e-02
2.744668535888195038e-02
2.746360749006271362e-02
2.739365957677364349e-02
2.723306976258754730e-02
2.721235342323780060e-02
2.713655121624469757e-02
2.700707316398620605e-02
2.672861889004707336e-02
2.653104253113269806e-02
2.627734653651714325e-02
2.598638646304607391e-02
2.573162689805030823e-02
2.556734904646873474e-02
2.543349936604499817e-02
2.536016888916492462e-02
2.536113373935222626e-02
2.524492330849170685e-02
2.532299794256687164e-02
2.537837997078895569e-02
2.544507011771202087e-02
2.543071657419204712e-02
2.549378015100955963e-02
2.546298690140247345e-02
2.555937692523002625e-02
2.571145445108413696e-02
2.587862312793731689e-02
2.597454562783241272e-02
2.606336958706378937e-02
2.611758001148700714e-02
2.619483321905136108e-02
2.623102441430091858e-02
2.631675451993942261e-02
2.646505273878574371e-02
2.651678957045078278e-02
2.649204432964324951e-02
2.633985877037048340e-02
2.624299004673957825e-02
2.606645412743091583e-02
2.606230415403842926e-02
2.600317634642124176e-02
2.602165378630161285e-02
2.610944211483001709e-02
2.624127827584743500e-02
2.631028182804584503e-02
2.639175392687320709e-02
2.645894326269626617e-02
2.652947045862674713e-02
2.654425613582134247e-02
2.652335911989212036e-02
2.652565948665142059e-02
2.643091604113578796e-02
2.626038342714309692e-02
2.595188096165657043e-02
2.577280998229980469e-02
2.548728510737419128e-02
2.530894055962562561e-02
2.516894415020942688e-02
2.507779188454151154e-02
2.510973624885082245e-02
2.529039606451988220e-02
2.541881240904331207e-02
2.557350695133209229e-02
2.571131289005279541e-02
2.582077309489250183e-02
2.588107064366340637e-02
2.588946931064128876e-02
2.598025277256965637e-02
2.596259303390979767e-02
2.594655007123947144e-02
2.589172683656215668e-02
2.587688341736793518e-02
2.585381083190441132e-02
2.585440501570701599e-02
2.585339173674583435e-02
2.584937028586864471e-02
2.567446790635585785e-02
2.546357363462448120e-02
2.528205886483192444e-02
2.512772753834724426e-02
2.496922016143798828e-02
2.483602799475193024e-02
2.473519928753376007e-02
2.461103722453117371e-02
2.448494173586368561e-02
2.436210401356220245e-02
2.429999597370624542e-02
2.423460595309734344e-02
2.417986094951629639e-02
2.409905940294265747e-02
2.400991320610046387e-02
2.389854192733764648e-02
2.373796887695789337e-02
2.355952002108097076e-02
2.344232238829135895e-02
2.337214350700378418e-02
2.326667681336402893e-02
2.318336814641952515e-02
2.317537926137447357e-02
2.324400097131729126e-02
2.335899136960506439e-02
2.340610325336456299e-02
2.334439381957054138e-02
2.324025891721248627e-02
2.320813946425914764e-02
2.354666963219642639e-02
2.382633835077285767e-02
2.402207441627979279e-02
2.418363466858863831e-02
2.435885369777679443e-02
2.447335794568061829e-02
2.454865537583827972e-02
2.456880360841751099e-02
2.467230521142482758e-02
2.478633448481559753e-02
2.479258365929126740e-02
2.480443939566612244e-02
2.463588491082191467e-02
2.440194785594940186e-02
2.416041307151317596e-02
2.395991049706935883e-02
2.386272698640823364e-02
2.366084977984428406e-02
2.337247319519519806e-02
2.319944463670253754e-02
2.306890673935413361e-02
2.297960035502910614e-02
2.288762480020523071e-02
2.279506996273994446e-02
2.287163957953453064e-02
2.305269427597522736e-02
2.307615429162979126e-02
2.309548668563365936e-02
2.311080694198608398e-02
2.307584136724472046e-02
2.302241325378417969e-02
2.299310825765132904e-02
2.308335714042186737e-02
2.322569862008094788e-02
2.325490303337574005e-02
2.332754060626029968e-02
2.337490208446979523e-02
2.332473173737525940e-02
2.323821187019348145e-02
2.298047393560409546e-02
2.262780070304870605e-02
2.231097966432571411e-02
2.204788662493228912e-02
2.173746004700660706e-02
2.140565402805805206e-02
2.119701541960239410e-02
2.103704214096069336e-02
2.085268869996070862e-02
2.086115069687366486e-02
2.077535353600978851e-02
2.068769000470638275e-02
2.061790972948074341e-02
2.066357620060443878e-02
2.076543867588043213e-02
2.087349258363246918e-02
2.093689516186714172e-02
2.095950581133365631e-02
2.095497585833072662e-02
2.093977108597755432e-02
2.091147005558013916e-02
2.086777240037918091e-02
2.071073837578296661e-02
2.067629992961883545e-02
2.065390348434448242e-02
2.063472568988800049e-02
2.064569480717182159e-02
2.070857211947441101e-02
2.075984701514244080e-02
2.079544030129909515e-02
2.084565162658691406e-02
2.087170816957950592e-02
2.093093097209930420e-02
2.092663012444972992e-02
2.098947577178478241e-02
2.108635753393173218e-02
2.107083424925804138e-02
2.098179236054420471e-02
2.081691101193428040e-02
2.062185667455196381e-02
2.042948454618453979e-02
2.025634422898292542e-02
2.005712501704692841e-02
2.002675272524356842e-02
1.988155394792556763e-02
1.984781399369239807e-02
1.991828717291355133e-02
1.989562250673770905e-02
1.986739411950111389e-02
1.980615966022014618e-02
1.956948824226856232e-02
1.936962269246578217e-02
1.916511170566082001e-02
1.895533502101898193e-02
1.883887313306331635e-02
1.875951513648033142e-02
1.864268258213996887e-02
1.854072324931621552e-02
1.838880777359008789e-02
1.811981014907360077e-02
1.786793582141399384e-02
1.773596182465553284e-02
1.770929433405399323e-02
1.771670579910278320e-02
1.785510219633579254e-02
1.807224377989768982e-02
1.818231120705604553e-02
1.817472465336322784e-02
1.813950948417186737e-02
1.807979680597782135e-02
1.798386499285697937e-02
1.786353252828121185e-02
1.770762167870998383e-02
1.752259023487567902e-02
1.740831322968006134e-02
1.721609942615032196e-02
1.707670278847217560e-02
1.704174652695655823e-02
1.704805344343185425e-02
1.714506559073925018e-02
1.707692071795463562e-02
1.703291200101375580e-02
1.703077182173728943e-02
1.708601042628288269e-02
1.703572273254394531e-02
1.700784265995025635e-02
1.692616753280162811e-02
1.676881685853004456e-02
1.656938716769218445e-02
1.626907289028167725e-02
1.601004041731357574e-02
1.583187095820903778e-02
1.577572338283061981e-02
1.586280018091201782e-02
1.601929403841495514e-02
1.609532535076141357e-02
1.622541435062885284e-02
1.635827124118804932e-02
1.627075672149658203e-02
1.626910828053951263e-02
1.640747673809528351e-02
1.653785444796085358e-02
1.681797206401824951e-02
1.706394180655479431e-02
1.733469218015670776e-02
1.762305572628974915e-02
1.775765232741832733e-02
1.782088726758956909e-02
1.786178350448608398e-02
1.795709691941738129e-02
1.803109049797058105e-02
1.802052743732929230e-02
1.794581301510334015e-02
1.787655241787433624e-02
1.785715669393539429e-02
1.796354353427886963e-02
1.800846494734287262e-02
1.812499947845935822e-02
1.818693242967128754e-02
1.837893761694431305e-02
1.891406625509262085e-02
1.935766637325286865e-02
1.955695077776908875e-02
1.973207294940948486e-02
1.995288208127021790e-02
2.012407407164573669e-02
2.025470137596130371e-02
2.034462057054042816e-02
2.030916512012481689e-02
2.015708945691585541e-02
2.008597925305366516e-02
2.001385763287544250e-02
2.000188082456588745e-02
2.000578120350837708e-02
2.022598125040531158e-02
2.047120034694671631e-02
2.073589339852333069e-02
2.096218243241310120e-02
2.100684121251106262e-02
2.106651104986667633e-02
2.113012596964836121e-02
2.126069553196430206e-02
2.129861526191234589e-02
2.125320583581924438e-02
2.115135453641414642e-02
2.101111970841884613e-02
2.093783393502235413e-02
2.096777968108654022e-02
2.112176455557346344e-02
2.116214297711849213e-02
2.129077725112438202e-02
2.138587273657321930e-02
2.146040461957454681e-02
2.155806124210357666e-02
2.162375114858150482e-02
2.156812138855457306e-02
2.142833545804023743e-02
2.141039259731769562e-02
2.130223810672760010e-02
2.119541913270950317e-02
2.106892131268978119e-02
2.084568329155445099e-02
2.066434919834136963e-02
2.070342004299163818e-02
2.069949544966220856e-02
2.069005183875560760e-02
2.070898376405239105e-02
2.074849791824817657e-02
2.075320482254028320e-02
2.076012268662452698e-02
2.073113247752189636e-02
2.078838087618350983e-02
2.080920152366161346e-02
2.068962715566158295e-02
2.059526927769184113e-02
2.081879228353500366e-02
2.112968079745769501e-02
2.142826467752456665e-02
2.160008810460567474e-02
2.173959836363792419e-02
2.175050601363182068e-02
2.162471972405910492e-02
2.138913795351982117e-02
2.113669365644454956e-02
2.091855555772781372e-02
2.074703946709632874e-02
2.060668170452117920e-02
2.049178071320056915e-02
2.041464671492576599e-02
2.034098096191883087e-02
2.026725001633167267e-02
2.028273418545722961e-02
2.029904723167419434e-02
2.037735842168331146e-02
2.064787968993186951e-02
2.096395194530487061e-02
2.117211371660232544e-02
2.130271680653095245e-02
2.126880362629890442e-02
2.108099125325679779e-02
2.086342871189117432e-02
2.063151076436042786e-02
2.043938450515270233e-02
2.030746452510356903e-02
2.020488679409027100e-02
2.005947008728981018e-02
1.997037790715694427e-02
1.997173577547073364e-02
1.999004930257797241e-02
2.014117501676082611e-02
2.026498131453990936e-02
2.034284733235836029e-02
2.036027796566486359e-02
2.031441032886505127e-02
2.017128281295299530e-02
2.012710087001323700e-02
2.006695792078971863e-02
2.015583217144012451e-02
2.019675076007843018e-02
2.021412551403045654e-02
2.015914767980575562e-02
2.023847587406635284e-02
2.034212835133075714e-02
2.047531493008136749e-02
2.054202742874622345e-02
2.053870633244514465e-02
2.054473385214805603e-02
2.059166692197322845e-02
2.060642838478088379e-02
2.048524655401706696e-02
2.035225555300712585e-02
2.020566537976264954e-02
2.004816010594367981e-02
1.994388923048973083e-02
1.991066150367259979e-02
1.988271623849868774e-02
1.985716633498668671e-02
1.992646977305412292e-02
1.995648257434368134e-02
1.991249062120914459e-02
1.984299346804618835e-02
1.981259509921073914e-02
1.982535235583782196e-02
1.978774741291999817e-02
1.968154683709144592e-02
1.958787254989147186e-02
1.949801109731197357e-02
1.928512006998062134e-02
1.906158216297626495e-02
1.888749934732913971e-02
1.871474832296371460e-02
1.863788627088069916e-02
1.867684535682201385e-02
1.890520006418228149e-02
1.917674206197261810e-02
1.940972544252872467e-02
1.960236951708793640e-02
1.968305744230747223e-02
1.969807408750057220e-02
1.974074542522430420e-02
1.973069272935390472e-02
1.958339102566242218e-02
1.938169077038764954e-02
1.920946501195430756e-02
1.911188289523124695e-02
1.910202018916606903e-02
1.914924941956996918e-02
1.919298805296421051e-02
1.936502940952777863e-02
1.954114064574241638e-02
1.968771405518054962e-02
1.988768950104713440e-02
1.990680582821369171e-02
1.994327642023563385e-02
1.999527961015701294e-02
1.962506026029586792e-02
1.932377554476261139e-02
1.913212239742279053e-02
1.896172761917114258e-02
1.880605518817901611e-02
1.865581050515174866e-02
1.855232939124107361e-02
1.843746751546859741e-02
1.832337491214275360e-02
1.837564818561077118e-02
1.837526448071002960e-02
1.832408644258975983e-02
1.830680109560489655e-02
1.841568201780319214e-02
1.831270568072795868e-02
1.830534078180789948e-02
1.828988641500473022e-02
1.820610649883747101e-02
1.809972524642944336e-02
1.799703016877174377e-02
1.789368875324726105e-02
1.781310513615608215e-02
1.785610988736152649e-02
1.773855462670326233e-02
1.763344928622245789e-02
1.760633476078510284e-02
1.759973913431167603e-02
1.753661967813968658e-02
1.746524684131145477e-02
1.744338311254978180e-02
1.755222678184509277e-02
1.756639033555984497e-02
1.753098890185356140e-02
1.749692112207412720e-02
1.744168996810913086e-02
1.732183247804641724e-02
1.721380837261676788e-02
1.708663254976272583e-02
1.697735674679279327e-02
1.690200716257095337e-02
1.667812839150428772e-02
1.664467528462409973e-02
1.661714725196361542e-02
1.654361188411712646e-02
1.648265495896339417e-02
1.642613112926483154e-02
1.639005541801452637e-02
1.642840914428234100e-02
1.639105565845966339e-02
1.634406484663486481e-02
1.628191582858562469e-02
1.625108905136585236e-02
1.623865962028503418e-02
1.621085405349731445e-02
1.614374667406082153e-02
1.605862006545066833e-02
1.600658521056175232e-02
1.592575572431087494e-02
1.588333211839199066e-02
1.580987684428691864e-02
1.581086777150630951e-02
1.584173738956451416e-02
1.584414206445217133e-02
1.581989042460918427e-02
1.578754372894763947e-02
1.583686470985412598e-02
1.587481610476970673e-02
1.590804755687713623e-02
1.587188057601451874e-02
1.584637165069580078e-02
1.582478731870651245e-02
1.584614999592304230e-02
1.590139977633953094e-02
1.589854434132575989e-02
1.594366319477558136e-02
1.598211750388145447e-02
1.597395539283752441e-02
1.591427996754646301e-02
1.583150401711463928e-02
1.579881832003593445e-02
1.580230891704559326e-02
1.575133949518203735e-02
1.568906567990779877e-02
1.560640428215265274e-02
1.555182319134473801e-02
1.547682005912065506e-02
1.549699157476425171e-02
1.552961580455303192e-02
1.553842518478631973e-02
1.557243149727582932e-02
1.558001339435577393e-02
1.566924713551998138e-02
1.573760062456130981e-02
1.591844484210014343e-02
1.617951877415180206e-02
1.648733392357826233e-02
1.664044894278049469e-02
1.672594249248504639e-02
1.628811657428741455e-02
1.578809693455696106e-02
1.531671173870563507e-02
1.494382135570049286e-02
1.461759954690933228e-02
1.437473855912685394e-02
1.418062578886747360e-02
1.403907965868711472e-02
1.394376158714294434e-02
1.389288716018199921e-02
1.387902535498142242e-02
1.391875278204679489e-02
1.402032654732465744e-02
1.414194237440824509e-02
1.426904555410146713e-02
1.440114155411720276e-02
1.455049216747283936e-02
1.474917680025100708e-02
1.491033472120761871e-02
1.506479550153017044e-02
1.525563746690750122e-02
1.540408842265605927e-02
1.549897063523530960e-02
1.565274223685264587e-02
1.575316861271858215e-02
1.592803932726383209e-02
1.594351232051849365e-02
1.600576005876064301e-02
1.608026772737503052e-02
1.608474925160408020e-02
1.605919562280178070e-02
1.604737341403961182e-02
1.600605063140392303e-02
1.607152447104454041e-02
1.610555313527584076e-02
1.615602709352970123e-02
1.616249047219753265e-02
1.613566838204860687e-02
1.608873903751373291e-02
1.606433838605880737e-02
1.609010435640811920e-02
1.610937342047691345e-02
1.618152298033237457e-02
1.625712215900421143e-02
1.639902777969837189e-02
1.649773120880126953e-02
1.659361831843852997e-02
1.656053774058818817e-02
1.649031788110733032e-02
1.641604863107204437e-02
1.636942103505134583e-02
1.634969003498554230e-02
1.637171767652034760e-02
1.646417193114757538e-02
1.655338145792484283e-02
1.672965846955776215e-02
1.682194322347640991e-02
1.692225970327854156e-02
1.696027442812919617e-02
1.696878857910633087e-02
1.692960783839225769e-02
1.700798235833644867e-02
1.713939942419528961e-02
1.721437089145183563e-02
1.726234704256057739e-02
1.735235005617141724e-02
1.740282773971557617e-02
1.745688356459140778e-02
1.746443472802639008e-02
1.741123758256435394e-02
1.736263930797576904e-02
1.729401201009750366e-02
1.725360378623008728e-02
1.728075928986072540e-02
1.728871464729309082e-02
1.738029904663562775e-02
1.746721938252449036e-02
1.758235134184360504e-02
1.769626140594482422e-02
1.776509173214435577e-02
1.785591803491115570e-02
1.797866262495517731e-02
1.807513833045959473e-02
1.817029528319835663e-02
1.826483942568302155e-02
1.839253865182399750e-02
1.853925734758377075e-02
1.868749223649501801e-02
1.878621429204940796e-02
1.891932636499404907e-02
1.909285411238670349e-02
1.928605511784553528e-02
1.950178667902946472e-02
1.967514865100383759e-02
1.970241591334342957e-02
1.968385465443134308e-02
1.965210586786270142e-02
1.956560462713241577e-02
1.951941847801208496e-02
1.944814436137676239e-02
1.934246905148029327e-02
1.922479458153247833e-02
1.907774806022644043e-02
1.894561760127544403e-02
1.886671967804431915e-02
1.884674839675426483e-02
1.883541606366634369e-02
1.884892582893371582e-02
1.888051442801952362e-02
1.880440302193164825e-02
1.872528530657291412e-02
1.862163096666336060e-02
1.853141933679580688e-02
1.850066520273685455e-02
1.851019077003002167e-02
1.850766688585281372e-02
1.854404620826244354e-02
1.852144114673137665e-02
1.851854473352432251e-02
1.853515580296516418e-02
1.868437975645065308e-02
1.878293044865131378e-02
1.890816166996955872e-02
1.906888186931610107e-02
1.913797296583652496e-02
1.911807991564273834e-02
1.909561827778816223e-02
1.910607144236564636e-02
1.905439607799053192e-02
1.903755590319633484e-02
1.896046660840511322e-02
1.891106180846691132e-02
1.886318624019622803e-02
1.875117421150207520e-02
1.858976483345031738e-02
1.835666410624980927e-02
1.814566552639007568e-02
1.793500036001205444e-02
1.775741949677467346e-02
1.761426217854022980e-02
1.745700277388095856e-02
1.727771759033203125e-02
1.712446287274360657e-02
1.699391566216945648e-02
1.691177301108837128e-02
1.688659563660621643e-02
1.687747612595558167e-02
1.697472110390663147e-02
1.711492799222469330e-02
1.734661124646663666e-02
1.754322275519371033e-02
1.769616268575191498e-02
1.779125817120075226e-02
1.778721623122692108e-02
1.777309365570545197e-02
1.774899289011955261e-02
1.771967671811580658e-02
1.770810037851333618e-02
1.770187355577945709e-02
1.768068596720695496e-02
1.764406636357307434e-02
1.761275529861450195e-02
1.757364533841609955e-02
1.752685941755771637e-02
1.745285652577877045e-02
1.740569807589054108e-02
1.738249324262142181e-02
1.740679517388343811e-02
1.743794232606887817e-02
1.747405715286731720e-02
1.752091199159622192e-02
1.762142404913902283e-02
1.769752986729145050e-02
1.775550656020641327e-02
1.788809709250926971e-02
1.803842745721340179e-02
1.814467273652553558e-02
1.822569780051708221e-02
1.827219873666763306e-02
1.826892234385013580e-02
1.838704943656921387e-02
1.848182640969753265e-02
1.857867464423179626e-02
1.867113262414932251e-02
1.874790526926517487e-02
1.888933964073657990e-02
1.897182688117027283e-02
1.905389875173568726e-02
1.916489563882350922e-02
1.925898529589176178e-02
1.935647800564765930e-02
1.943744346499443054e-02
1.952762901782989502e-02
1.959282346069812775e-02
1.959518902003765106e-02
1.962487027049064636e-02
1.960104517638683319e-02
1.954123564064502716e-02
1.952155865728855133e-02
1.958705671131610870e-02
1.963075250387191772e-02
1.966205425560474396e-02
1.971207559108734131e-02
1.979190297424793243e-02
1.991531811654567719e-02
2.007563039660453796e-02
2.019961923360824585e-02
2.028000354766845703e-02
2.036483772099018097e-02
2.039884589612483978e-02
2.041952498257160187e-02
2.042566239833831787e-02
2.041246742010116577e-02
2.039059251546859741e-02
2.037395723164081573e-02
2.032040990889072418e-02
2.029237151145935059e-02
2.028396166861057281e-02
2.028203383088111877e-02
2.031566761434078217e-02
2.026444114744663239e-02
2.022211253643035889e-02
2.019549906253814697e-02
2.024032734334468842e-02
2.031165547668933868e-02
2.035146951675415039e-02
2.037350088357925415e-02
2.038124203681945801e-02
2.034368738532066345e-02
2.030182257294654846e-02
2.020449563860893250e-02
2.009173855185508728e-02
1.996077038347721100e-02
1.983546279370784760e-02
1.970566995441913605e-02
1.960882171988487244e-02
1.952271349728107452e-02
1.942715980112552643e-02
1.937130652368068695e-02
1.942136511206626892e-02
1.944820955395698547e-02
1.948062144219875336e-02
1.950232684612274170e-02
1.956884004175662994e-02
1.962416060268878937e-02
1.972393319010734558e-02
1.985502801835536957e-02
1.997711323201656342e-02
2.010136097669601440e-02
2.019335515797138214e-02
2.024775557219982147e-02
2.030532434582710266e-02
2.035842277109622955e-02
2.038880437612533569e-02
2.041840553283691406e-02
2.050747908651828766e-02
2.058796212077140808e-02
2.062586508691310883e-02
2.069997228682041168e-02
2.069549076259136200e-02
2.067538723349571228e-02
2.068362943828105927e-02
2.074513956904411316e-02
2.078900858759880066e-02
2.082355879247188568e-02
2.082163281738758087e-02
2.077675797045230865e-02
2.073823846876621246e-02
2.070934325456619263e-02
2.071533724665641785e-02
2.073619328439235687e-02
2.076333388686180115e-02
2.078023180365562439e-02
2.079707570374011993e-02
2.081968076527118683e-02
2.086503989994525909e-02
2.088626287877559662e-02
2.090821601450443268e-02
2.096191421151161194e-02
2.100019715726375580e-02
2.101692371070384979e-02
2.104385383427143097e-02
2.106395736336708069e-02
2.108111232519149780e-02
2.109958045184612274e-02
2.111857198178768158e-02
2.065228670835494995e-02
2.026774734258651733e-02
1.993813551962375641e-02
1.967241242527961731e-02
1.948772929608821869e-02
1.929092034697532654e-02
1.918593049049377441e-02
1.911707594990730286e-02
1.907685585319995880e-02
1.902505755424499512e-02
1.892613433301448822e-02
1.882465742528438568e-02
1.874573901295661926e-02
1.865597628057003021e-02
1.858551427721977234e-02
1.854727789759635925e-02
1.855625770986080170e-02
1.859868504106998444e-02
1.863833703100681305e-02
1.870529167354106903e-02
1.878613233566284180e-02
1.884794607758522034e-02
1.892236247658729553e-02
1.902038231492042542e-02
1.910902746021747589e-02
1.921112276613712311e-02
1.930967159569263458e-02
1.941248588263988495e-02
1.953172869980335236e-02
1.966073364019393921e-02
1.975209079682826996e-02
1.985676027834415436e-02
1.994347386062145233e-02
2.002106606960296631e-02
2.009273320436477661e-02
2.012846432626247406e-02
2.015550807118415833e-02
2.019939757883548737e-02
2.022663317620754242e-02
2.024201303720474243e-02
2.023575454950332642e-02
2.023126929998397827e-02
2.019709162414073944e-02
2.018361166119575500e-02
2.014946192502975464e-02
2.013910189270973206e-02
2.013795077800750732e-02
2.017578668892383575e-02
2.024752274155616760e-02
2.037182077765464783e-02
2.051277644932270050e-02
2.068584039807319641e-02
2.082856558263301849e-02
2.093081735074520111e-02
2.097665332257747650e-02
2.111934497952461243e-02
2.123290859162807465e-02
2.132924087345600128e-02
2.142039500176906586e-02
2.142727375030517578e-02
2.139328420162200928e-02
2.136687748134136200e-02
2.135057933628559113e-02
2.136252075433731079e-02
2.137680910527706146e-02
2.138665877282619476e-02
2.137754298746585846e-02
2.139406464993953705e-02
2.138312533497810364e-02
2.140441164374351501e-02
2.142477408051490784e-02
2.149518206715583801e-02
2.153378352522850037e-02
2.158459275960922241e-02
2.168447151780128479e-02
2.178675122559070587e-02
2.191304974257946014e-02
2.200341969728469849e-02
2.207438088953495026e-02
2.213697880506515503e-02
