-2.421188354492187500e-02,6.334555149078369141e-02,-3.538346290588378906e-02
-2.421188354492187500e-02,6.334555149078369141e-02,-3.538346290588378906e-02
-2.521181106567382812e-02,6.434553861618041992e-02,-3.438347578048706055e-02
-2.620792388916015625e-02,6.474006175994873047e-02,-3.339219093322753906e-02
-2.666854858398437500e-02,6.447881460189819336e-02,-3.374990820884704590e-02
-2.733993530273437500e-02,6.410127878189086914e-02,-3.384250402450561523e-02
-2.804946899414062500e-02,6.357383728027343750e-02,-3.375634551048278809e-02
-2.884674072265625000e-02,6.291329860687255859e-02,-3.378757834434509277e-02
-2.921867370605468750e-02,6.297260522842407227e-02,-3.355073928833007812e-02
-2.954244613647460938e-02,6.323462724685668945e-02,-3.335589170455932617e-02
-2.941989898681640625e-02,6.342923641204833984e-02,-3.351342678070068359e-02
-2.953672409057617188e-02,6.358283758163452148e-02,-3.382444381713867188e-02
-2.956581115722656250e-02,6.374424695968627930e-02,-3.397530317306518555e-02
-2.966976165771484375e-02,6.386852264404296875e-02,-3.403991460800170898e-02
-2.973365783691406250e-02,6.398075819015502930e-02,-3.400763869285583496e-02
-2.977180480957031250e-02,6.397581100463867188e-02,-3.391861915588378906e-02
-2.983617782592773438e-02,6.396943330764770508e-02,-3.388822078704833984e-02
-2.941370010375976562e-02,6.363546848297119141e-02,-3.380253911018371582e-02
-2.903699874877929688e-02,6.338006258010864258e-02,-3.364548087120056152e-02
-2.871417999267578125e-02,6.314265727996826172e-02,-3.356167674064636230e-02
-2.847003936767578125e-02,6.314849853515625000e-02,-3.312355279922485352e-02
-2.820253372192382812e-02,6.314349174499511719e-02,-3.266555070877075195e-02
-2.800750732421875000e-02,6.315845251083374023e-02,-3.212907910346984863e-02
-2.784347534179687500e-02,6.312805414199829102e-02,-3.163510560989379883e-02
-2.770090103149414062e-02,6.309843063354492188e-02,-3.113815188407897949e-02
-2.753067016601562500e-02,6.299561262130737305e-02,-3.065064549446105957e-02
-2.735996246337890625e-02,6.291657686233520508e-02,-3.040817379951477051e-02
-2.733039855957031250e-02,6.285268068313598633e-02,-3.029987215995788574e-02
-2.736663818359375000e-02,6.276923418045043945e-02,-3.021737933158874512e-02
-2.740335464477539062e-02,6.240880489349365234e-02,-3.018367290496826172e-02
-2.746725082397460938e-02,6.198889017105102539e-02,-3.008690476417541504e-02
-2.757406234741210938e-02,6.155925989151000977e-02,-3.014534711837768555e-02
-2.760457992553710938e-02,6.109493970870971680e-02,-3.018850088119506836e-02
-2.765655517578125000e-02,6.065171957015991211e-02,-3.022700548171997070e-02
-2.761936187744140625e-02,6.021088361740112305e-02,-3.051573038101196289e-02
-2.761602401733398438e-02,5.976212024688720703e-02,-3.094059228897094727e-02
-2.772426605224609375e-02,5.931884050369262695e-02,-3.132304549217224121e-02
-2.791070938110351562e-02,5.879491567611694336e-02,-3.172785043716430664e-02
-2.801704406738281250e-02,5.824112892150878906e-02,-3.199177980422973633e-02
-2.811193466186523438e-02,5.771744251251220703e-02,-3.219985961914062500e-02
-2.814435958862304688e-02,5.723661184310913086e-02,-3.235602378845214844e-02
-2.817916870117187500e-02,5.681067705154418945e-02,-3.253298997879028320e-02
-2.817249298095703125e-02,5.650544166564941406e-02,-3.267851471900939941e-02
-2.819728851318359375e-02,5.637872219085693359e-02,-3.281366825103759766e-02
-2.811861038208007812e-02,5.615329742431640625e-02,-3.299593925476074219e-02
-2.809953689575195312e-02,5.599617958068847656e-02,-3.317603468894958496e-02
-2.806615829467773438e-02,5.585008859634399414e-02,-3.346624970436096191e-02
-2.807044982910156250e-02,5.570113658905029297e-02,-3.387919068336486816e-02
-2.811002731323242188e-02,5.559772253036499023e-02,-3.430184721946716309e-02
-2.814960479736328125e-02,5.551475286483764648e-02,-3.467682003974914551e-02
-2.816963195800781250e-02,5.551546812057495117e-02,-3.502580523490905762e-02
-2.825784683227539062e-02,5.555707216262817383e-02,-3.535854816436767578e-02
-2.836227416992187500e-02,5.567717552185058594e-02,-3.560963273048400879e-02
-2.853870391845703125e-02,5.596780776977539062e-02,-3.583043813705444336e-02
-2.870225906372070312e-02,5.615901947021484375e-02,-3.599962592124938965e-02
-2.891635894775390625e-02,5.631113052368164062e-02,-3.615230321884155273e-02
-2.903079986572265625e-02,5.652594566345214844e-02,-3.617066144943237305e-02
-2.916908264160156250e-02,5.682086944580078125e-02,-3.624874353408813477e-02
-2.936887741088867188e-02,5.701601505279541016e-02,-3.640452027320861816e-02
-2.954673767089843750e-02,5.734580755233764648e-02,-3.671082854270935059e-02
-2.966213226318359375e-02,5.762720108032226562e-02,-3.694924712181091309e-02
-2.969837188720703125e-02,5.783462524414062500e-02,-3.714036941528320312e-02
-2.964305877685546875e-02,5.788624286651611328e-02,-3.733697533607482910e-02
-2.959346771240234375e-02,5.795270204544067383e-02,-3.749758005142211914e-02
-2.955150604248046875e-02,5.793708562850952148e-02,-3.773012757301330566e-02
-2.942419052124023438e-02,5.784523487091064453e-02,-3.794595599174499512e-02
-2.930116653442382812e-02,5.776464939117431641e-02,-3.819105029106140137e-02
-2.925348281860351562e-02,5.771589279174804688e-02,-3.851807117462158203e-02
-2.926206588745117188e-02,5.789488554000854492e-02,-3.874275088310241699e-02
-2.924299240112304688e-02,5.816918611526489258e-02,-3.894972801208496094e-02
-2.924251556396484375e-02,5.852711200714111328e-02,-3.907489776611328125e-02
-2.926731109619140625e-02,5.898737907409667969e-02,-3.925153613090515137e-02
-2.925109863281250000e-02,5.943357944488525391e-02,-3.941932320594787598e-02
-2.925634384155273438e-02,5.989527702331542969e-02,-3.960210084915161133e-02
-2.929973602294921875e-02,6.017762422561645508e-02,-3.978767991065979004e-02
-2.929258346557617188e-02,6.043040752410888672e-02,-3.983998298645019531e-02
-2.934980392456054688e-02,6.063926219940185547e-02,-3.992637991905212402e-02
-2.925443649291992188e-02,6.078404188156127930e-02,-4.002383351325988770e-02
-2.910184860229492188e-02,6.086653470993041992e-02,-4.011383652687072754e-02
-2.895975112915039062e-02,6.103080511093139648e-02,-4.023426771163940430e-02
-2.895784378051757812e-02,6.139385700225830078e-02,-4.053232073783874512e-02
-2.886962890625000000e-02,6.165200471878051758e-02,-4.072317481040954590e-02
-2.871751785278320312e-02,6.172114610671997070e-02,-4.085752367973327637e-02
-2.868890762329101562e-02,6.210273504257202148e-02,-4.127800464630126953e-02
-2.878236770629882812e-02,6.248027086257934570e-02,-4.166218638420104980e-02
-2.887821197509765625e-02,6.271845102310180664e-02,-4.204097390174865723e-02
-2.896213531494140625e-02,6.291931867599487305e-02,-4.230484366416931152e-02
-2.900934219360351562e-02,6.301438808441162109e-02,-4.251709580421447754e-02
-2.903652191162109375e-02,6.305849552154541016e-02,-4.259037971496582031e-02
-2.913808822631835938e-02,6.310725212097167969e-02,-4.258495569229125977e-02
-2.938365936279296875e-02,6.322848796844482422e-02,-4.264372587203979492e-02
-2.964305877685546875e-02,6.335180997848510742e-02,-4.271829128265380859e-02
-2.989816665649414062e-02,6.348973512649536133e-02,-4.285064339637756348e-02
-3.014039993286132812e-02,6.364989280700683594e-02,-4.300284385681152344e-02
-3.027629852294921875e-02,6.381005048751831055e-02,-4.305064678192138672e-02
-3.036880493164062500e-02,6.402420997619628906e-02,-4.308050870895385742e-02
-3.053379058837890625e-02,6.425327062606811523e-02,-4.308551549911499023e-02
-3.067827224731445312e-02,6.441229581832885742e-02,-4.312878847122192383e-02
-3.072738647460937500e-02,6.463164091110229492e-02,-4.310899972915649414e-02
-3.081560134887695312e-02,6.463056802749633789e-02,-4.313674569129943848e-02
-3.084993362426757812e-02,6.462806463241577148e-02,-4.326981306076049805e-02
-3.090906143188476562e-02,6.460213661193847656e-02,-4.343479871749877930e-02
-3.087472915649414062e-02,6.450730562210083008e-02,-4.357206821441650391e-02
-3.082323074340820312e-02,6.434321403503417969e-02,-4.365724325180053711e-02
-3.081941604614257812e-02,6.423354148864746094e-02,-4.370942711830139160e-02
-3.074312210083007812e-02,6.415373086929321289e-02,-4.376652836799621582e-02
-3.090524673461914062e-02,6.394642591476440430e-02,-4.380705952644348145e-02
-3.102874755859375000e-02,6.391841173171997070e-02,-4.396954178810119629e-02
-3.110504150390625000e-02,6.388908624649047852e-02,-4.410970211029052734e-02
-3.127098083496093750e-02,6.391167640686035156e-02,-4.413694143295288086e-02
-3.141593933105468750e-02,6.402236223220825195e-02,-4.417514801025390625e-02
-3.160524368286132812e-02,6.422114372253417969e-02,-4.434061050415039062e-02
-3.183555603027343750e-02,6.444990634918212891e-02,-4.448500275611877441e-02
-3.196382522583007812e-02,6.464260816574096680e-02,-4.459598660469055176e-02
-3.209352493286132812e-02,6.445199251174926758e-02,-4.467576742172241211e-02
-3.207588195800781250e-02,6.425023078918457031e-02,-4.472684860229492188e-02
-3.194189071655273438e-02,6.406891345977783203e-02,-4.472985863685607910e-02
-3.187274932861328125e-02,6.401258707046508789e-02,-4.486364126205444336e-02
-3.159761428833007812e-02,6.401020288467407227e-02,-4.515919089317321777e-02
-3.136014938354492188e-02,6.398403644561767578e-02,-4.544728994369506836e-02
-3.114938735961914062e-02,6.396973133087158203e-02,-4.579326510429382324e-02
-3.103160858154296875e-02,6.400138139724731445e-02,-4.608196020126342773e-02
-3.090715408325195312e-02,6.412482261657714844e-02,-4.629305005073547363e-02
-3.087043762207031250e-02,6.425261497497558594e-02,-4.639750719070434570e-02
-3.088474273681640625e-02,6.436872482299804688e-02,-4.648584127426147461e-02
-3.095769882202148438e-02,6.451964378356933594e-02,-4.655006527900695801e-02
-3.095483779907226562e-02,6.464308500289916992e-02,-4.665189981460571289e-02
-3.097677230834960938e-02,6.476312875747680664e-02,-4.679653048515319824e-02
-3.102588653564453125e-02,6.446355581283569336e-02,-4.695987701416015625e-02
-3.110218048095703125e-02,6.418448686599731445e-02,-4.713478684425354004e-02
-3.123378753662109375e-02,6.400138139724731445e-02,-4.728701710700988770e-02
-3.142309188842773438e-02,6.403452157974243164e-02,-4.740962386131286621e-02
-3.165960311889648438e-02,6.407499313354492188e-02,-4.739511013031005859e-02
-3.182840347290039062e-02,6.404155492782592773e-02,-4.737365245819091797e-02
-3.199291229248046875e-02,6.401842832565307617e-02,-4.729071259498596191e-02
-3.223991394042968750e-02,6.399673223495483398e-02,-4.717800021171569824e-02
-3.238487243652343750e-02,6.394314765930175781e-02,-4.708364605903625488e-02
-3.255367279052734375e-02,6.388831138610839844e-02,-4.705381393432617188e-02
-3.271198272705078125e-02,6.376922130584716797e-02,-4.701298475265502930e-02
-3.290557861328125000e-02,6.357723474502563477e-02,-4.690703749656677246e-02
-3.314685821533203125e-02,6.336897611618041992e-02,-4.680529236793518066e-02
-3.355693817138671875e-02,6.316244602203369141e-02,-4.668712615966796875e-02
-3.395795822143554688e-02,6.297755241394042969e-02,-4.650974273681640625e-02
-3.444719314575195312e-02,6.279486417770385742e-02,-4.640525579452514648e-02
-3.489398956298828125e-02,6.264138221740722656e-02,-4.624935984611511230e-02
-3.534555435180664062e-02,6.243306398391723633e-02,-4.618200659751892090e-02
-3.571271896362304688e-02,6.219953298568725586e-02,-4.610070586204528809e-02
-3.605651855468750000e-02,6.198811531066894531e-02,-4.601916670799255371e-02
-3.628015518188476562e-02,6.175744533538818359e-02,-4.578435420989990234e-02
-3.642606735229492188e-02,6.156355142593383789e-02,-4.573655128479003906e-02
-3.659296035766601562e-02,6.139874458312988281e-02,-4.568701982498168945e-02
-3.674745559692382812e-02,6.118613481521606445e-02,-4.558473825454711914e-02
-3.704023361206054688e-02,6.105387210845947266e-02,-4.543390870094299316e-02
-3.738498687744140625e-02,6.092941761016845703e-02,-4.522415995597839355e-02
-3.775167465209960938e-02,6.092542409896850586e-02,-4.505053162574768066e-02
-3.812932968139648438e-02,6.090420484542846680e-02,-4.482838511466979980e-02
-3.845310211181640625e-02,6.090778112411499023e-02,-4.452538490295410156e-02
-3.876972198486328125e-02,6.089508533477783203e-02,-4.434877634048461914e-02
-3.904438018798828125e-02,6.091040372848510742e-02,-4.417625069618225098e-02
-3.940916061401367188e-02,6.094717979431152344e-02,-4.413783550262451172e-02
-3.963899612426757812e-02,6.092607975006103516e-02,-4.404407739639282227e-02
-3.982114791870117188e-02,6.084871292114257812e-02,-4.394540190696716309e-02
-4.005193710327148438e-02,6.080150604248046875e-02,-4.393067955970764160e-02
-4.029560089111328125e-02,6.073945760726928711e-02,-4.384562373161315918e-02
-4.056310653686523438e-02,6.058663129806518555e-02,-4.377114772796630859e-02
-4.080629348754882812e-02,6.043797731399536133e-02,-4.363238811492919922e-02
-4.109525680541992188e-02,6.026834249496459961e-02,-4.357558488845825195e-02
-4.143333435058593750e-02,6.000453233718872070e-02,-4.337260127067565918e-02
-4.180479049682617188e-02,5.977088212966918945e-02,-4.324385523796081543e-02
-4.233360290527343750e-02,5.957025289535522461e-02,-4.312923550605773926e-02
-4.278755187988281250e-02,5.938345193862915039e-02,-4.303959012031555176e-02
-4.315519332885742188e-02,5.927795171737670898e-02,-4.296118021011352539e-02
-4.355144500732421875e-02,5.918747186660766602e-02,-4.292857646942138672e-02
-4.389047622680664062e-02,5.918598175048828125e-02,-4.275333881378173828e-02
-4.424238204956054688e-02,5.918222665786743164e-02,-4.255762696266174316e-02
-4.456424713134765625e-02,5.927431583404541016e-02,-4.230704903602600098e-02
-4.481649398803710938e-02,5.932939052581787109e-02,-4.199752211570739746e-02
-4.500436782836914062e-02,5.944973230361938477e-02,-4.177299141883850098e-02
-4.532766342163085938e-02,5.965822935104370117e-02,-4.159167408943176270e-02
-4.561996459960937500e-02,5.985498428344726562e-02,-4.138657450675964355e-02
-4.579782485961914062e-02,6.008040904998779297e-02,-4.111498594284057617e-02
-4.594993591308593750e-02,6.034010648727416992e-02,-4.090422391891479492e-02
-4.606819152832031250e-02,6.058233976364135742e-02,-4.077744483947753906e-02
-4.604005813598632812e-02,6.075555086135864258e-02,-4.069769382476806641e-02
-4.602813720703125000e-02,6.093746423721313477e-02,-4.059231281280517578e-02
-4.602193832397460938e-02,6.113511323928833008e-02,-4.046341776847839355e-02
-4.605197906494140625e-02,6.137233972549438477e-02,-4.043906927108764648e-02
-4.604005813598632812e-02,6.128180027008056641e-02,-4.003840684890747070e-02
-4.591321945190429688e-02,6.118464469909667969e-02,-3.980967402458190918e-02
-4.559850692749023438e-02,6.108838319778442383e-02,-3.961414098739624023e-02
-4.530143737792968750e-02,6.113582849502563477e-02,-3.942394256591796875e-02
-4.512643814086914062e-02,6.121188402175903320e-02,-3.939181566238403320e-02
-4.499626159667968750e-02,6.134390830993652344e-02,-3.933134675025939941e-02
-4.489803314208984375e-02,6.135809421539306641e-02,-3.938555717468261719e-02
-4.483079910278320312e-02,6.137430667877197266e-02,-3.969922661781311035e-02
-4.467964172363281250e-02,6.147009134292602539e-02,-3.982987999916076660e-02
-4.455041885375976562e-02,6.162500381469726562e-02,-3.998392820358276367e-02
-4.455757141113281250e-02,6.189954280853271484e-02,-4.014199972152709961e-02
-4.472446441650390625e-02,6.211096048355102539e-02,-4.040265083312988281e-02
-4.488801956176757812e-02,6.234598159790039062e-02,-4.061850905418395996e-02
-4.512643814086914062e-02,6.257909536361694336e-02,-4.076543450355529785e-02
-4.537725448608398438e-02,6.281256675720214844e-02,-4.100519418716430664e-02
-4.563760757446289062e-02,6.295973062515258789e-02,-4.124224185943603516e-02
-4.578256607055664062e-02,6.306743621826171875e-02,-4.151573777198791504e-02
-4.603099822998046875e-02,6.321233510971069336e-02,-4.177212715148925781e-02
-4.627656936645507812e-02,6.328278779983520508e-02,-4.199504852294921875e-02
-4.648160934448242188e-02,6.331485509872436523e-02,-4.226753115653991699e-02
-4.662466049194335938e-02,6.332546472549438477e-02,-4.262730479240417480e-02
-4.682779312133789062e-02,6.329554319381713867e-02,-4.279246926307678223e-02
-4.704189300537109375e-02,6.328225135803222656e-02,-4.301029443740844727e-02
-4.735374450683593750e-02,6.333291530609130859e-02,-4.336076974868774414e-02
-4.746532440185546875e-02,6.338453292846679688e-02,-4.374647140502929688e-02
-4.744243621826171875e-02,6.341165304183959961e-02,-4.419988393783569336e-02
-4.733848571777343750e-02,6.336104869842529297e-02,-4.459166526794433594e-02
-4.734897613525390625e-02,6.333011388778686523e-02,-4.502183198928833008e-02
-4.743671417236328125e-02,6.320518255233764648e-02,-4.553565382957458496e-02
-4.744482040405273438e-02,6.303828954696655273e-02,-4.599636793136596680e-02
-4.747486114501953125e-02,6.286281347274780273e-02,-4.642680287361145020e-02
-4.743814468383789062e-02,6.263113021850585938e-02,-4.688122868537902832e-02
-4.732036590576171875e-02,6.242257356643676758e-02,-4.721048474311828613e-02
-4.731225967407226562e-02,6.231904029846191406e-02,-4.757797718048095703e-02
-4.729700088500976562e-02,6.218719482421875000e-02,-4.798844456672668457e-02
-4.722070693969726562e-02,6.201946735382080078e-02,-4.828280210494995117e-02
-4.709243774414062500e-02,6.190854310989379883e-02,-4.894027113914489746e-02
-4.721021652221679688e-02,6.179153919219970703e-02,-4.949465394020080566e-02
-4.718875885009765625e-02,6.163781881332397461e-02,-4.987612366676330566e-02
-4.723024368286132812e-02,6.157785654067993164e-02,-5.022072792053222656e-02
-4.725265502929687500e-02,6.151765584945678711e-02,-5.058994889259338379e-02
-4.730367660522460938e-02,6.153696775436401367e-02,-5.085542798042297363e-02
-4.739713668823242188e-02,6.157064437866210938e-02,-5.109953880310058594e-02
-4.739189147949218750e-02,6.158953905105590820e-02,-5.134519934654235840e-02
-4.742479324340820312e-02,6.164932250976562500e-02,-5.161771178245544434e-02
-4.750823974609375000e-02,6.173920631408691406e-02,-5.189481377601623535e-02
-4.742860794067382812e-02,6.141275167465209961e-02,-5.178135633468627930e-02
-4.727697372436523438e-02,6.112289428710937500e-02,-5.163496732711791992e-02
-4.710960388183593750e-02,6.092840433120727539e-02,-5.145156383514404297e-02
-4.694938659667968750e-02,6.082201004028320312e-02,-5.119323730468750000e-02
-4.687643051147460938e-02,6.082415580749511719e-02,-5.093038082122802734e-02
-4.699468612670898438e-02,6.089651584625244141e-02,-5.059051513671875000e-02
-4.723739624023437500e-02,6.095892190933227539e-02,-5.012086033821105957e-02
-4.744577407836914062e-02,6.102305650711059570e-02,-4.959681630134582520e-02
-4.766702651977539062e-02,6.105524301528930664e-02,-4.910191893577575684e-02
-4.789829254150390625e-02,6.109148263931274414e-02,-4.853302240371704102e-02
-4.812002182006835938e-02,6.120032072067260742e-02,-4.800760746002197266e-02
-4.839086532592773438e-02,6.132036447525024414e-02,-4.753199219703674316e-02
-4.861974716186523438e-02,6.139308214187622070e-02,-4.707142710685729980e-02
-4.870653152465820312e-02,6.144452095031738281e-02,-4.656684398651123047e-02
-4.876089096069335938e-02,6.149512529373168945e-02,-4.615092277526855469e-02
-4.880571365356445312e-02,6.157374382019042969e-02,-4.588848352432250977e-02
-4.887914657592773438e-02,6.170320510864257812e-02,-4.572424292564392090e-02
-4.893064498901367188e-02,6.188791990280151367e-02,-4.557526111602783203e-02
-4.887008666992187500e-02,6.210219860076904297e-02,-4.542538523674011230e-02
-4.878282546997070312e-02,6.235796213150024414e-02,-4.540762305259704590e-02
-4.870891571044921875e-02,6.270664930343627930e-02,-4.549160599708557129e-02
-4.873800277709960938e-02,6.320631504058837891e-02,-4.550650715827941895e-02
-4.876661300659179688e-02,6.376922130584716797e-02,-4.552942514419555664e-02
-4.887294769287109375e-02,6.426525115966796875e-02,-4.550623893737792969e-02
-4.891872406005859375e-02,6.474906206130981445e-02,-4.543584585189819336e-02
-4.888582229614257812e-02,6.516283750534057617e-02,-4.531124234199523926e-02
-4.874515533447265625e-02,6.558430194854736328e-02,-4.526579380035400391e-02
-4.856157302856445312e-02,6.607246398925781250e-02,-4.523482918739318848e-02
-4.836893081665039062e-02,6.661212444305419922e-02,-4.518780112266540527e-02
-4.809808731079101562e-02,6.708973646163940430e-02,-4.506751894950866699e-02
-4.800415039062500000e-02,6.760293245315551758e-02,-4.481476545333862305e-02
-4.778480529785156250e-02,6.809490919113159180e-02,-4.459378123283386230e-02
-4.764413833618164062e-02,6.859278678894042969e-02,-4.442065954208374023e-02
-4.744148254394531250e-02,6.910824775695800781e-02,-4.431456327438354492e-02
-4.725980758666992188e-02,6.952071189880371094e-02,-4.417154192924499512e-02
-4.709386825561523438e-02,6.994110345840454102e-02,-4.410731792449951172e-02
-4.704713821411132812e-02,7.025557756423950195e-02,-4.398533701896667480e-02
-4.682493209838867188e-02,7.054275274276733398e-02,-4.374417662620544434e-02
-4.663372039794921875e-02,7.074517011642456055e-02,-4.350665211677551270e-02
-4.652118682861328125e-02,7.088130712509155273e-02,-4.332920908927917480e-02
-4.644680023193359375e-02,7.091671228408813477e-02,-4.323986172676086426e-02
-4.661321640014648438e-02,7.094407081604003906e-02,-4.316797852516174316e-02
-4.650449752807617188e-02,7.079362869262695312e-02,-4.318267107009887695e-02
-4.640436172485351562e-02,7.064861059188842773e-02,-4.320546984672546387e-02
-4.642629623413085938e-02,7.045215368270874023e-02,-4.321074485778808594e-02
-4.643392562866210938e-02,7.024663686752319336e-02,-4.313853383064270020e-02
-4.646110534667968750e-02,7.004064321517944336e-02,-4.304638504981994629e-02
-4.637670516967773438e-02,6.977492570877075195e-02,-4.286161065101623535e-02
-4.632663726806640625e-02,6.937348842620849609e-02,-4.261022806167602539e-02
-4.622077941894531250e-02,6.902319192886352539e-02,-4.235145449638366699e-02
-4.618740081787109375e-02,6.870675086975097656e-02,-4.222759604454040527e-02
-4.588413238525390625e-02,6.847292184829711914e-02,-4.206401109695434570e-02
-4.566717147827148438e-02,6.830513477325439453e-02,-4.199072718620300293e-02
-4.554700851440429688e-02,6.821119785308837891e-02,-4.193809628486633301e-02
-4.552173614501953125e-02,6.821990013122558594e-02,-4.189157485961914062e-02
-4.552173614501953125e-02,6.823772192001342773e-02,-4.175469279289245605e-02
-4.545259475708007812e-02,6.827551126480102539e-02,-4.167827963829040527e-02
-4.535675048828125000e-02,6.829810142517089844e-02,-4.168209433555603027e-02
-4.521894454956054688e-02,6.843215227127075195e-02,-4.177454113960266113e-02
-4.502964019775390625e-02,6.858581304550170898e-02,-4.180926084518432617e-02
-4.487466812133789062e-02,6.872391700744628906e-02,-4.182839393615722656e-02
-4.480123519897460938e-02,6.889283657073974609e-02,-4.183396697044372559e-02
-4.469203948974609375e-02,6.907927989959716797e-02,-4.180261492729187012e-02
-4.454994201660156250e-02,6.926625967025756836e-02,-4.179903864860534668e-02
-4.439496994018554688e-02,6.931823492050170898e-02,-4.171994328498840332e-02
-4.432439804077148438e-02,6.940943002700805664e-02,-4.162791371345520020e-02
-4.422760009765625000e-02,6.958228349685668945e-02,-4.166644811630249023e-02
-4.419279098510742188e-02,6.977069377899169922e-02,-4.178434610366821289e-02
-4.417610168457031250e-02,7.010167837142944336e-02,-4.169470071792602539e-02
-4.414463043212890625e-02,7.036763429641723633e-02,-4.150971770286560059e-02
-4.399061203002929688e-02,7.062327861785888672e-02,-4.130420088768005371e-02
-4.365682601928710938e-02,7.073801755905151367e-02,-4.106327891349792480e-02
-4.333353042602539062e-02,7.082074880599975586e-02,-4.080224037170410156e-02
-4.306745529174804688e-02,7.088416814804077148e-02,-4.051497578620910645e-02
-4.270792007446289062e-02,7.087355852127075195e-02,-4.022175073623657227e-02
-4.233837127685546875e-02,7.075047492980957031e-02,-4.002526402473449707e-02
-4.202795028686523438e-02,7.063961029052734375e-02,-3.978908061981201172e-02
-4.175758361816406250e-02,7.052159309387207031e-02,-3.954774141311645508e-02
-4.161739349365234375e-02,7.039237022399902344e-02,-3.938594460487365723e-02
-4.142475128173828125e-02,7.022082805633544922e-02,-3.925397992134094238e-02
-4.126596450805664062e-02,7.010769844055175781e-02,-3.908509016036987305e-02
-4.106426239013671875e-02,6.997996568679809570e-02,-3.880560398101806641e-02
-4.092216491699218750e-02,6.973969936370849609e-02,-3.855711221694946289e-02
-4.088449478149414062e-02,6.952726840972900391e-02,-3.834778070449829102e-02
-4.090118408203125000e-02,6.924939155578613281e-02,-3.816735744476318359e-02
-4.083919525146484375e-02,6.894356012344360352e-02,-3.799620270729064941e-02
-4.080533981323242188e-02,6.863707304000854492e-02,-3.786548972129821777e-02
-4.077243804931640625e-02,6.834274530410766602e-02,-3.774335980415344238e-02
-4.069900512695312500e-02,6.802558898925781250e-02,-3.762161731719970703e-02
-4.068613052368164062e-02,6.771880388259887695e-02,-3.749942779541015625e-02
-4.066991806030273438e-02,6.755071878433227539e-02,-3.723186254501342773e-02
-4.070472717285156250e-02,6.745141744613647461e-02,-3.692135214805603027e-02
-4.074096679687500000e-02,6.736290454864501953e-02,-3.656938672065734863e-02
-4.070043563842773438e-02,6.731539964675903320e-02,-3.612694144248962402e-02
-4.067516326904296875e-02,6.726098060607910156e-02,-3.574299812316894531e-02
-4.057312011718750000e-02,6.729906797409057617e-02,-3.538933396339416504e-02
-4.050064086914062500e-02,6.739097833633422852e-02,-3.504061698913574219e-02
-4.039669036865234375e-02,6.749039888381958008e-02,-3.479993343353271484e-02
-4.040813446044921875e-02,6.755608320236206055e-02,-3.460815548896789551e-02
-4.040384292602539062e-02,6.765025854110717773e-02,-3.442832827568054199e-02
-4.045677185058593750e-02,6.773906946182250977e-02,-3.428688645362854004e-02
-4.047536849975585938e-02,6.785261631011962891e-02,-3.413406014442443848e-02
-4.049921035766601562e-02,6.797444820404052734e-02,-3.406658768653869629e-02
-4.043483734130859375e-02,6.814074516296386719e-02,-3.397721052169799805e-02
-4.049205780029296875e-02,6.839162111282348633e-02,-3.388059139251708984e-02
-4.060602188110351562e-02,6.867647171020507812e-02,-3.380087018013000488e-02
-4.065084457397460938e-02,6.896698474884033203e-02,-3.373968601226806641e-02
-4.062557220458984375e-02,6.910097599029541016e-02,-3.373980522155761719e-02
-4.064512252807617188e-02,6.926667690277099609e-02,-3.378871083259582520e-02
-4.064846038818359375e-02,6.947988271713256836e-02,-3.390088677406311035e-02
-4.066514968872070312e-02,6.962358951568603516e-02,-3.399434685707092285e-02
-4.073810577392578125e-02,6.977653503417968750e-02,-3.416478633880615234e-02
-4.088306427001953125e-02,6.994634866714477539e-02,-3.435236215591430664e-02
-4.108095169067382812e-02,7.017207145690917969e-02,-3.446939587593078613e-02
-4.126882553100585938e-02,7.034373283386230469e-02,-3.457081317901611328e-02
-4.146146774291992188e-02,7.036632299423217773e-02,-3.477236628532409668e-02
-4.172945022583007812e-02,7.045173645019531250e-02,-3.484737873077392578e-02
-4.191875457763671875e-02,7.048052549362182617e-02,-3.488641977310180664e-02
-4.201602935791015625e-02,7.042878866195678711e-02,-3.481680154800415039e-02
-4.169082641601562500e-02,7.019734382629394531e-02,-3.475713729858398438e-02
-4.129695892333984375e-02,7.003253698348999023e-02,-3.456008434295654297e-02
-4.099178314208984375e-02,6.991469860076904297e-02,-3.430396318435668945e-02
-4.066228866577148438e-02,6.981021165847778320e-02,-3.401196002960205078e-02
-4.033946990966796875e-02,6.962615251541137695e-02,-3.371560573577880859e-02
-4.013299942016601562e-02,6.954348087310791016e-02,-3.350755572319030762e-02
-4.001474380493164062e-02,6.952798366546630859e-02,-3.346392512321472168e-02
-3.978633880615234375e-02,6.961238384246826172e-02,-3.342035412788391113e-02
-3.951501846313476562e-02,6.965714693069458008e-02,-3.344663977622985840e-02
-3.917407989501953125e-02,6.956702470779418945e-02,-3.353044390678405762e-02
-3.881311416625976562e-02,6.950104236602783203e-02,-3.355237841606140137e-02
-3.845882415771484375e-02,6.939685344696044922e-02,-3.359419107437133789e-02
-3.818368911743164062e-02,6.928604841232299805e-02,-3.385135531425476074e-02
-3.799581527709960938e-02,6.922245025634765625e-02,-3.401187062263488770e-02
-3.796911239624023438e-02,6.918168067932128906e-02,-3.419709205627441406e-02
-3.794622421264648438e-02,6.913787126541137695e-02,-3.437983989715576172e-02
-3.806400299072265625e-02,6.909018754959106445e-02,-3.461474180221557617e-02
-3.825616836547851562e-02,6.907230615615844727e-02,-3.476488590240478516e-02
-3.837108612060546875e-02,6.911599636077880859e-02,-3.483736515045166016e-02
-3.847360610961914062e-02,6.907182931900024414e-02,-3.494766354560852051e-02
-3.848028182983398438e-02,6.898653507232666016e-02,-3.509813547134399414e-02
-3.855562210083007812e-02,6.897932291030883789e-02,-3.522568941116333008e-02
-3.870630264282226562e-02,6.907874345779418945e-02,-3.533011674880981445e-02
-3.883409500122070312e-02,6.919026374816894531e-02,-3.543481230735778809e-02
-3.898382186889648438e-02,6.931763887405395508e-02,-3.550875186920166016e-02
-3.911590576171875000e-02,6.960552930831909180e-02,-3.547272086143493652e-02
-3.923511505126953125e-02,6.977808475494384766e-02,-3.536829352378845215e-02
-3.934478759765625000e-02,6.997209787368774414e-02,-3.522974252700805664e-02
-3.936004638671875000e-02,7.022392749786376953e-02,-3.503262996673583984e-02
-3.935146331787109375e-02,7.044208049774169922e-02,-3.474012017250061035e-02
-3.930807113647460938e-02,7.060170173645019531e-02,-3.449636697769165039e-02
-3.917121887207031250e-02,7.066476345062255859e-02,-3.433901071548461914e-02
-3.889513015747070312e-02,7.059150934219360352e-02,-3.428307175636291504e-02
-3.868389129638671875e-02,7.057923078536987305e-02,-3.426083922386169434e-02
-3.856611251831054688e-02,7.062262296676635742e-02,-3.416457772254943848e-02
-3.843736648559570312e-02,7.058662176132202148e-02,-3.411978483200073242e-02
-3.833580017089843750e-02,7.058691978454589844e-02,-3.416410088539123535e-02
-3.832864761352539062e-02,7.060372829437255859e-02,-3.425064682960510254e-02
-3.830718994140625000e-02,7.059329748153686523e-02,-3.436851501464843750e-02
-3.829145431518554688e-02,7.058143615722656250e-02,-3.448078036308288574e-02
-3.828430175781250000e-02,7.057005167007446289e-02,-3.470355272293090820e-02
-3.828477859497070312e-02,7.058614492416381836e-02,-3.493911027908325195e-02
-3.832864761352539062e-02,7.064276933670043945e-02,-3.520378470420837402e-02
-3.839826583862304688e-02,7.070118188858032227e-02,-3.545913100242614746e-02
-3.849887847900390625e-02,7.081258296966552734e-02,-3.575000166893005371e-02
-3.867530822753906250e-02,7.087856531143188477e-02,-3.603085875511169434e-02
-3.881359100341796875e-02,7.096147537231445312e-02,-3.630626201629638672e-02
-3.901672363281250000e-02,7.099610567092895508e-02,-3.671216964721679688e-02
-3.917074203491210938e-02,7.096564769744873047e-02,-3.713089227676391602e-02
-3.929424285888671875e-02,7.095330953598022461e-02,-3.753346204757690430e-02
-3.936100006103515625e-02,7.107245922088623047e-02,-3.794610500335693359e-02
-3.948640823364257812e-02,7.116919755935668945e-02,-3.831151127815246582e-02
-3.961610794067382812e-02,7.118678092956542969e-02,-3.872352838516235352e-02
-3.966426849365234375e-02,7.114112377166748047e-02,-3.901165723800659180e-02
-3.954219818115234375e-02,7.084941864013671875e-02,-3.922101855278015137e-02
-3.951406478881835938e-02,7.054704427719116211e-02,-3.937098383903503418e-02
-3.962421417236328125e-02,7.037627696990966797e-02,-3.949162364006042480e-02
-3.982448577880859375e-02,7.016801834106445312e-02,-3.963235020637512207e-02
-4.001426696777343750e-02,7.004177570343017578e-02,-3.970560431480407715e-02
-4.016780853271484375e-02,6.993764638900756836e-02,-3.974327445030212402e-02
-4.036998748779296875e-02,6.978404521942138672e-02,-3.978994488716125488e-02
-4.051971435546875000e-02,6.960052251815795898e-02,-3.981488943099975586e-02
-4.075860977172851562e-02,6.953263282775878906e-02,-3.980568051338195801e-02
-4.098272323608398438e-02,6.945079565048217773e-02,-3.980234265327453613e-02
-4.119348526000976562e-02,6.935864686965942383e-02,-3.985717892646789551e-02
-4.137325286865234375e-02,6.926798820495605469e-02,-3.990870714187622070e-02
-4.154157638549804688e-02,6.923276185989379883e-02,-3.995832800865173340e-02
-4.178428649902343750e-02,6.922924518585205078e-02,-4.003778100013732910e-02
-4.204320907592773438e-02,6.922042369842529297e-02,-4.021474719047546387e-02
-4.225683212280273438e-02,6.914299726486206055e-02,-4.046604037284851074e-02
-4.249572753906250000e-02,6.910449266433715820e-02,-4.068508744239807129e-02
-4.272937774658203125e-02,6.908488273620605469e-02,-4.092466831207275391e-02
-4.288148880004882812e-02,6.904071569442749023e-02,-4.110905528068542480e-02
-4.301738739013671875e-02,6.902283430099487305e-02,-4.125103354454040527e-02
-4.315280914306640625e-02,6.892210245132446289e-02,-4.130578041076660156e-02
-4.326200485229492188e-02,6.885808706283569336e-02,-4.130110144615173340e-02
-4.333591461181640625e-02,6.880766153335571289e-02,-4.129847884178161621e-02
-4.342317581176757812e-02,6.873720884323120117e-02,-4.124483466148376465e-02
-4.347562789916992188e-02,6.859141588211059570e-02,-4.112845659255981445e-02
-4.358386993408203125e-02,6.846129894256591797e-02,-4.105049371719360352e-02
-4.374551773071289062e-02,6.816589832305908203e-02,-4.089426994323730469e-02
-4.394054412841796875e-02,6.793093681335449219e-02,-4.074007272720336914e-02
-4.407787322998046875e-02,6.772810220718383789e-02,-4.051780700683593750e-02
-4.418563842773437500e-02,6.745457649230957031e-02,-4.036498069763183594e-02
-4.421615600585937500e-02,6.723105907440185547e-02,-4.020479321479797363e-02
-4.408121109008789062e-02,6.701499223709106445e-02,-4.003134369850158691e-02
-4.383373260498046875e-02,6.690317392349243164e-02,-3.986915946006774902e-02
-4.360437393188476562e-02,6.684446334838867188e-02,-3.972718119621276855e-02
-4.334068298339843750e-02,6.676131486892700195e-02,-3.965193033218383789e-02
-4.305744171142578125e-02,6.678450107574462891e-02,-3.949561715126037598e-02
-4.283142089843750000e-02,6.685763597488403320e-02,-3.927496075630187988e-02
-4.267215728759765625e-02,6.699383258819580078e-02,-3.913903236389160156e-02
-4.251289367675781250e-02,6.712037324905395508e-02,-3.904807567596435547e-02
-4.232931137084960938e-02,6.726461648941040039e-02,-3.898826241493225098e-02
-4.228162765502929688e-02,6.742763519287109375e-02,-3.899878263473510742e-02
-4.233598709106445312e-02,6.759625673294067383e-02,-3.910312056541442871e-02
-4.237556457519531250e-02,6.769627332687377930e-02,-3.929412364959716797e-02
-4.247236251831054688e-02,6.785541772842407227e-02,-3.952768445014953613e-02
-4.254436492919921875e-02,6.799268722534179688e-02,-3.979492187500000000e-02
-4.257202148437500000e-02,6.805646419525146484e-02,-4.013648629188537598e-02
-4.262351989746093750e-02,6.812834739685058594e-02,-4.046148061752319336e-02
-4.270982742309570312e-02,6.820255517959594727e-02,-4.074370861053466797e-02
-4.279088973999023438e-02,6.820172071456909180e-02,-4.100698232650756836e-02
-4.289150238037109375e-02,6.804156303405761719e-02,-4.119354486465454102e-02
-4.297590255737304688e-02,6.787300109863281250e-02,-4.122757911682128906e-02
-4.303264617919921875e-02,6.772118806838989258e-02,-4.115197062492370605e-02
-4.302740097045898438e-02,6.748992204666137695e-02,-4.103809595108032227e-02
-4.305315017700195312e-02,6.699442863464355469e-02,-4.093018174171447754e-02
-4.303789138793945312e-02,6.653374433517456055e-02,-4.080617427825927734e-02
-4.303264617919921875e-02,6.610572338104248047e-02,-4.076597094535827637e-02
-4.299306869506835938e-02,6.578648090362548828e-02,-4.057371616363525391e-02
-4.292011260986328125e-02,6.549650430679321289e-02,-4.046344757080078125e-02
-4.279947280883789062e-02,6.521862745285034180e-02,-4.033291339874267578e-02
-4.262876510620117188e-02,6.499928236007690430e-02,-4.023608565330505371e-02
-4.247093200683593750e-02,6.481492519378662109e-02,-4.008638858795166016e-02
-4.230928421020507812e-02,6.467771530151367188e-02,-3.996902704238891602e-02
-4.217243194580078125e-02,6.455087661743164062e-02,-3.991091251373291016e-02
-4.209852218627929688e-02,6.451946496963500977e-02,-3.988987207412719727e-02
-4.203939437866210938e-02,6.444847583770751953e-02,-3.988382220268249512e-02
-4.202127456665039062e-02,6.431061029434204102e-02,-3.983876109123229980e-02
-4.196548461914062500e-02,6.419116258621215820e-02,-3.968575596809387207e-02
-4.193687438964843750e-02,6.407898664474487305e-02,-3.956386446952819824e-02
-4.188680648803710938e-02,6.399488449096679688e-02,-3.933849930763244629e-02
-4.179096221923828125e-02,6.389182806015014648e-02,-3.909614682197570801e-02
-4.171323776245117188e-02,6.376904249191284180e-02,-3.884628415107727051e-02
-4.163265228271484375e-02,6.365007162094116211e-02,-3.848659992218017578e-02
-4.150295257568359375e-02,6.349396705627441406e-02,-3.804352879524230957e-02
-4.143190383911132812e-02,6.330573558807373047e-02,-3.763228654861450195e-02
-4.144144058227539062e-02,6.314623355865478516e-02,-3.745344281196594238e-02
-4.147481918334960938e-02,6.300914287567138672e-02,-3.726440668106079102e-02
-4.144859313964843750e-02,6.283068656921386719e-02,-3.709992766380310059e-02
-4.154014587402343750e-02,6.264859437942504883e-02,-3.697472810745239258e-02
-4.159307479858398438e-02,6.248509883880615234e-02,-3.677663207054138184e-02
-4.162263870239257812e-02,6.228643655776977539e-02,-3.657487034797668457e-02
-4.162502288818359375e-02,6.213963031768798828e-02,-3.645339608192443848e-02
-4.167461395263671875e-02,6.199133396148681641e-02,-3.633004426956176758e-02
-4.176044464111328125e-02,6.182295083999633789e-02,-3.617087006568908691e-02
-4.192256927490234375e-02,6.153076887130737305e-02,-3.603038191795349121e-02
-4.205179214477539062e-02,6.128472089767456055e-02,-3.598541021347045898e-02
-4.229021072387695312e-02,6.111836433410644531e-02,-3.593128919601440430e-02
-4.252338409423828125e-02,6.095927953720092773e-02,-3.594428300857543945e-02
-4.269647598266601562e-02,6.083679199218750000e-02,-3.590658307075500488e-02
-4.287672042846679688e-02,6.067883968353271484e-02,-3.587800264358520508e-02
-4.303359985351562500e-02,6.047379970550537109e-02,-3.586706519126892090e-02
-4.327106475830078125e-02,6.033450365066528320e-02,-3.590771555900573730e-02
-4.348897933959960938e-02,6.014162302017211914e-02,-3.597152233123779297e-02
-4.377174377441406250e-02,5.997395515441894531e-02,-3.608348965644836426e-02
-4.399776458740234375e-02,5.976617336273193359e-02,-3.616762161254882812e-02
-4.424715042114257812e-02,5.953991413116455078e-02,-3.632360696792602539e-02
-4.445123672485351562e-02,5.932813882827758789e-02,-3.646826744079589844e-02
-4.462623596191406250e-02,5.908370018005371094e-02,-3.672391176223754883e-02
-4.475879669189453125e-02,5.888879299163818359e-02,-3.698736429214477539e-02
-4.488182067871093750e-02,5.868160724639892578e-02,-3.720954060554504395e-02
-4.498767852783203125e-02,5.854398012161254883e-02,-3.730025887489318848e-02
-4.511260986328125000e-02,5.849468708038330078e-02,-3.737422823905944824e-02
-4.525709152221679688e-02,5.844956636428833008e-02,-3.737074136734008789e-02
-4.543352127075195312e-02,5.840879678726196289e-02,-3.734204173088073730e-02
-4.563856124877929688e-02,5.842268466949462891e-02,-3.730359673500061035e-02
-4.581689834594726562e-02,5.845230817794799805e-02,-3.722012042999267578e-02
-4.597043991088867188e-02,5.849844217300415039e-02,-3.712198138236999512e-02
-4.605722427368164062e-02,5.856728553771972656e-02,-3.701248764991760254e-02
-4.615640640258789062e-02,5.862015485763549805e-02,-3.688439726829528809e-02
-4.621601104736328125e-02,5.869203805923461914e-02,-3.675979375839233398e-02
-4.627466201782226562e-02,5.876052379608154297e-02,-3.670436143875122070e-02
-4.631996154785156250e-02,5.887156724929809570e-02,-3.668221831321716309e-02
-4.633331298828125000e-02,5.894750356674194336e-02,-3.664714097976684570e-02
-4.632282257080078125e-02,5.902796983718872070e-02,-3.652402758598327637e-02
-4.633331298828125000e-02,5.909836292266845703e-02,-3.647533059120178223e-02
-4.631423950195312500e-02,5.917775630950927734e-02,-3.643959760665893555e-02
-4.633378982543945312e-02,5.923360586166381836e-02,-3.644552826881408691e-02
-4.629898071289062500e-02,5.932056903839111328e-02,-3.638598322868347168e-02
-4.626035690307617188e-02,5.946928262710571289e-02,-3.625559806823730469e-02
-4.617547988891601562e-02,5.964255332946777344e-02,-3.608664870262145996e-02
-4.630851745605468750e-02,5.968701839447021484e-02,-3.580170869827270508e-02
-4.637002944946289062e-02,5.970221757888793945e-02,-3.546905517578125000e-02
-4.647159576416015625e-02,5.972993373870849609e-02,-3.527307510375976562e-02
-4.658079147338867188e-02,5.980318784713745117e-02,-3.525701165199279785e-02
-4.666805267333984375e-02,5.992931127548217773e-02,-3.530755639076232910e-02
-4.677391052246093750e-02,6.003630161285400391e-02,-3.545242547988891602e-02
-4.690837860107421875e-02,6.014406681060791016e-02,-3.565981984138488770e-02
-4.699325561523437500e-02,6.026911735534667969e-02,-3.582221269607543945e-02
-4.704475402832031250e-02,6.044405698776245117e-02,-3.594982624053955078e-02
-4.709768295288085938e-02,6.066828966140747070e-02,-3.599613904953002930e-02
-4.716920852661132812e-02,6.084847450256347656e-02,-3.608822822570800781e-02
-4.718446731567382812e-02,6.103569269180297852e-02,-3.605288267135620117e-02
-4.718589782714843750e-02,6.122106313705444336e-02,-3.602528572082519531e-02
-4.723215103149414062e-02,6.139969825744628906e-02,-3.598847985267639160e-02
-4.722642898559570312e-02,6.154400110244750977e-02,-3.587639331817626953e-02
-4.726123809814453125e-02,6.155896186828613281e-02,-3.563421964645385742e-02
-4.730749130249023438e-02,6.153315305709838867e-02,-3.539675474166870117e-02
-4.730224609375000000e-02,6.150877475738525391e-02,-3.511172533035278320e-02
-4.722356796264648438e-02,6.149232387542724609e-02,-3.478112816810607910e-02
-4.709672927856445312e-02,6.147247552871704102e-02,-3.445538878440856934e-02
-4.704666137695312500e-02,6.141817569732666016e-02,-3.416511416435241699e-02
-4.710865020751953125e-02,6.141507625579833984e-02,-3.391200304031372070e-02
-4.714822769165039062e-02,6.143099069595336914e-02,-3.369203209877014160e-02
-4.719400405883789062e-02,6.136983633041381836e-02,-3.345474600791931152e-02
-4.723787307739257812e-02,6.136959791183471680e-02,-3.322520852088928223e-02
-4.741716384887695312e-02,6.139165163040161133e-02,-3.301063179969787598e-02
-4.761552810668945312e-02,6.140446662902832031e-02,-3.282967209815979004e-02
-4.774665832519531250e-02,6.131470203399658203e-02,-3.265106678009033203e-02
-4.798507690429687500e-02,6.124347448348999023e-02,-3.245735168457031250e-02
-4.808568954467773438e-02,6.111037731170654297e-02,-3.217446804046630859e-02
-4.818773269653320312e-02,6.105405092239379883e-02,-3.190982341766357422e-02
-4.823398590087890625e-02,6.100392341613769531e-02,-3.167307376861572266e-02
-4.828882217407226562e-02,6.098455190658569336e-02,-3.135585784912109375e-02
-4.830551147460937500e-02,6.096720695495605469e-02,-3.103029727935791016e-02
-4.834556579589843750e-02,6.095510721206665039e-02,-3.078663349151611328e-02
-4.843282699584960938e-02,6.099933385848999023e-02,-3.053551912307739258e-02
-4.857540130615234375e-02,6.101703643798828125e-02,-3.037750720977783203e-02
-4.906749725341796875e-02,6.127232313156127930e-02,-3.029343485832214355e-02
-4.938602447509765625e-02,6.161564588546752930e-02,-3.021949529647827148e-02
-4.959487915039062500e-02,6.187158823013305664e-02,-3.021445870399475098e-02
-4.978227615356445312e-02,6.207263469696044922e-02,-3.025409579277038574e-02
-4.998302459716796875e-02,6.227058172225952148e-02,-3.032252192497253418e-02
-5.015611648559570312e-02,6.242215633392333984e-02,-3.022632002830505371e-02
-5.031394958496093750e-02,6.259769201278686523e-02,-3.005880117416381836e-02
-5.043363571166992188e-02,6.262242794036865234e-02,-2.992969751358032227e-02
-5.061769485473632812e-02,6.265836954116821289e-02,-2.979254722595214844e-02
-5.073308944702148438e-02,6.261855363845825195e-02,-2.968725562095642090e-02
-5.082416534423828125e-02,6.252205371856689453e-02,-2.949580550193786621e-02
-5.089282989501953125e-02,6.248176097869873047e-02,-2.936655282974243164e-02
-5.091667175292968750e-02,6.248748302459716797e-02,-2.923929691314697266e-02
-5.092048645019531250e-02,6.241458654403686523e-02,-2.908217906951904297e-02
-5.088329315185546875e-02,6.226915121078491211e-02,-2.892577648162841797e-02
-5.083179473876953125e-02,6.218183040618896484e-02,-2.874100208282470703e-02
-5.083131790161132812e-02,6.207603216171264648e-02,-2.857831120491027832e-02
-5.087852478027343750e-02,6.194627285003662109e-02,-2.847811579704284668e-02
-5.095005035400390625e-02,6.185048818588256836e-02,-2.838915586471557617e-02
-5.101585388183593750e-02,6.173753738403320312e-02,-2.843168377876281738e-02
-5.102872848510742188e-02,6.162434816360473633e-02,-2.854341268539428711e-02
-5.104541778564453125e-02,6.148564815521240234e-02,-2.867522835731506348e-02
-5.105066299438476562e-02,6.134057044982910156e-02,-2.883759140968322754e-02
-5.103826522827148438e-02,6.120699644088745117e-02,-2.891105413436889648e-02
-5.094623565673828125e-02,6.113308668136596680e-02,-2.896022796630859375e-02
-5.091619491577148438e-02,6.110519170761108398e-02,-2.902722358703613281e-02
-5.083608627319335938e-02,6.109213829040527344e-02,-2.913409471511840820e-02
-5.071210861206054688e-02,6.101429462432861328e-02,-2.921697497367858887e-02
-5.052804946899414062e-02,6.084221601486206055e-02,-2.923449873924255371e-02
-5.035400390625000000e-02,6.067210435867309570e-02,-2.923250198364257812e-02
-5.019521713256835938e-02,6.054300069808959961e-02,-2.917528152465820312e-02
-5.005884170532226562e-02,6.046903133392333984e-02,-2.907627820968627930e-02
-4.994344711303710938e-02,6.043452024459838867e-02,-2.893927693367004395e-02
-4.984569549560546875e-02,6.041568517684936523e-02,-2.878260612487792969e-02
-4.970312118530273438e-02,6.041496992111206055e-02,-2.875080704689025879e-02
-4.956102371215820312e-02,6.048417091369628906e-02,-2.878344058990478516e-02
-4.947280883789062500e-02,6.059700250625610352e-02,-2.889245748519897461e-02
-4.941082000732421875e-02,6.078135967254638672e-02,-2.905505895614624023e-02
-4.939174652099609375e-02,6.102263927459716797e-02,-2.920120954513549805e-02
-4.933023452758789062e-02,6.118357181549072266e-02,-2.932408452033996582e-02
-4.926109313964843750e-02,6.131488084793090820e-02,-2.935039997100830078e-02
-4.914236068725585938e-02,6.140381097793579102e-02,-2.932772040367126465e-02
-4.905128479003906250e-02,6.148147583007812500e-02,-2.926099300384521484e-02
-4.887723922729492188e-02,6.164044141769409180e-02,-2.912628650665283203e-02
-4.873800277709960938e-02,6.178092956542968750e-02,-2.899515628814697266e-02
-4.865264892578125000e-02,6.189405918121337891e-02,-2.894684672355651855e-02
-4.860210418701171875e-02,6.206518411636352539e-02,-2.888503670692443848e-02
-4.852819442749023438e-02,6.221812963485717773e-02,-2.891495823860168457e-02
-4.856538772583007812e-02,6.241977214813232422e-02,-2.895262837409973145e-02
-4.846858978271484375e-02,6.253731250762939453e-02,-2.898705005645751953e-02
-4.839849472045898438e-02,6.264626979827880859e-02,-2.899718284606933594e-02
-4.825019836425781250e-02,6.270271539688110352e-02,-2.898812294006347656e-02
-4.813718795776367188e-02,6.276148557662963867e-02,-2.902957797050476074e-02
-4.805994033813476562e-02,6.280958652496337891e-02,-2.904775738716125488e-02
-4.796361923217773438e-02,6.286686658859252930e-02,-2.902802824974060059e-02
-4.783678054809570312e-02,6.290179491043090820e-02,-2.902218699455261230e-02
-4.774188995361328125e-02,6.287312507629394531e-02,-2.897647023200988770e-02
-4.761266708374023438e-02,6.290364265441894531e-02,-2.893355488777160645e-02
-4.750537872314453125e-02,6.291079521179199219e-02,-2.884688973426818848e-02
-4.740476608276367188e-02,6.284517049789428711e-02,-2.875548601150512695e-02
-4.729318618774414062e-02,6.271713972091674805e-02,-2.866005897521972656e-02
-4.722118377685546875e-02,6.267642974853515625e-02,-2.852445840835571289e-02
-4.722595214843750000e-02,6.262224912643432617e-02,-2.841347455978393555e-02
-4.727840423583984375e-02,6.255888938903808594e-02,-2.832460403442382812e-02
-4.718971252441406250e-02,6.253087520599365234e-02,-2.829781174659729004e-02
-4.702472686767578125e-02,6.247907876968383789e-02,-2.819532155990600586e-02
-4.687929153442382812e-02,6.239277124404907227e-02,-2.814555168151855469e-02
-4.679250717163085938e-02,6.227385997772216797e-02,-2.812322974205017090e-02
-4.673480987548828125e-02,6.215453147888183594e-02,-2.812838554382324219e-02
-4.667472839355468750e-02,6.198334693908691406e-02,-2.816575765609741211e-02
-4.660654067993164062e-02,6.182640790939331055e-02,-2.821052074432373047e-02
-4.659509658813476562e-02,6.167870759963989258e-02,-2.826607227325439453e-02
-4.655885696411132812e-02,6.151640415191650391e-02,-2.831438183784484863e-02
-4.649639129638671875e-02,6.132870912551879883e-02,-2.834269404411315918e-02
-4.649877548217773438e-02,6.116908788681030273e-02,-2.836379408836364746e-02
-4.645967483520507812e-02,6.098681688308715820e-02,-2.835470438003540039e-02
-4.635047912597656250e-02,6.088340282440185547e-02,-2.835068106651306152e-02
-4.623126983642578125e-02,6.088966131210327148e-02,-2.826458215713500977e-02
-4.608249664306640625e-02,6.085836887359619141e-02,-2.823695540428161621e-02
-4.594898223876953125e-02,6.082874536514282227e-02,-2.817475795745849609e-02
-4.579734802246093750e-02,6.074297428131103516e-02,-2.805259823799133301e-02
-4.567480087280273438e-02,6.060546636581420898e-02,-2.796953916549682617e-02
-4.561805725097656250e-02,6.047081947326660156e-02,-2.778843045234680176e-02
-4.558706283569335938e-02,6.044417619705200195e-02,-2.758869528770446777e-02
-4.550790786743164062e-02,6.047964096069335938e-02,-2.740514278411865234e-02
-4.538822174072265625e-02,6.054061651229858398e-02,-2.726152539253234863e-02
-4.528617858886718750e-02,6.052476167678833008e-02,-2.713373303413391113e-02
-4.516506195068359375e-02,6.054252386093139648e-02,-2.703917026519775391e-02
-4.497575759887695312e-02,6.052416563034057617e-02,-2.696600556373596191e-02
-4.480648040771484375e-02,6.049150228500366211e-02,-2.694749832153320312e-02
-4.470348358154296875e-02,6.045198440551757812e-02,-2.689474821090698242e-02
-4.465675354003906250e-02,6.044137477874755859e-02,-2.683481574058532715e-02
-4.463243484497070312e-02,6.047642230987548828e-02,-2.680674195289611816e-02
-4.462289810180664062e-02,6.052148342132568359e-02,-2.676787972450256348e-02
-4.458570480346679688e-02,6.053900718688964844e-02,-2.676066756248474121e-02
-4.454374313354492188e-02,6.054878234863281250e-02,-2.674424648284912109e-02
-4.454994201660156250e-02,6.040596961975097656e-02,-2.673014998435974121e-02
-4.455995559692382812e-02,6.028914451599121094e-02,-2.666863799095153809e-02
-4.452800750732421875e-02,6.016397476196289062e-02,-2.663522958755493164e-02
-4.446697235107421875e-02,6.001263856887817383e-02,-2.649742364883422852e-02
-4.443025588989257812e-02,5.991518497467041016e-02,-2.625048160552978516e-02
-4.438352584838867188e-02,5.980986356735229492e-02,-2.595940232276916504e-02
-4.429388046264648438e-02,5.969190597534179688e-02,-2.566590905189514160e-02
-4.418420791625976562e-02,5.959510803222656250e-02,-2.530956268310546875e-02
-4.416465759277343750e-02,5.950582027435302734e-02,-2.497234940528869629e-02
-4.410219192504882812e-02,5.943578481674194336e-02,-2.474784851074218750e-02
-4.405450820922851562e-02,5.940532684326171875e-02,-2.448213100433349609e-02
-4.405593872070312500e-02,5.938684940338134766e-02,-2.423146367073059082e-02
-4.401683807373046875e-02,5.937290191650390625e-02,-2.397361397743225098e-02
-4.403924942016601562e-02,5.930197238922119141e-02,-2.380251884460449219e-02
-4.406595230102539062e-02,5.924451351165771484e-02,-2.374240756034851074e-02
-4.408836364746093750e-02,5.921369791030883789e-02,-2.375009655952453613e-02
-4.411268234252929688e-02,5.915129184722900391e-02,-2.380114793777465820e-02
-4.414129257202148438e-02,5.906230211257934570e-02,-2.389085292816162109e-02
-4.410123825073242188e-02,5.895727872848510742e-02,-2.398329973220825195e-02
-4.405212402343750000e-02,5.883669853210449219e-02,-2.409195899963378906e-02
-4.401302337646484375e-02,5.871641635894775391e-02,-2.422344684600830078e-02
-4.398965835571289062e-02,5.846858024597167969e-02,-2.443915605545043945e-02
-4.393911361694335938e-02,5.822050571441650391e-02,-2.457514405250549316e-02
-4.389810562133789062e-02,5.799883604049682617e-02,-2.465713024139404297e-02
-4.389381408691406250e-02,5.780053138732910156e-02,-2.470991015434265137e-02
-4.387378692626953125e-02,5.760401487350463867e-02,-2.478164434432983398e-02
-4.383897781372070312e-02,5.733615159988403320e-02,-2.483275532722473145e-02
-4.376840591430664062e-02,5.708694458007812500e-02,-2.489537000656127930e-02
-4.370927810668945312e-02,5.688345432281494141e-02,-2.492716908454895020e-02
-4.372787475585937500e-02,5.668139457702636719e-02,-2.495762705802917480e-02
-4.369688034057617188e-02,5.639237165451049805e-02,-2.488374710083007812e-02
-4.367256164550781250e-02,5.605900287628173828e-02,-2.482753992080688477e-02
-4.373407363891601562e-02,5.578273534774780273e-02,-2.470451593399047852e-02
-4.379272460937500000e-02,5.551415681838989258e-02,-2.452445030212402344e-02
-4.385948181152343750e-02,5.522942543029785156e-02,-2.433967590332031250e-02
-4.391384124755859375e-02,5.490714311599731445e-02,-2.415978908538818359e-02
-4.393482208251953125e-02,5.460876226425170898e-02,-2.399194240570068359e-02
-4.388093948364257812e-02,5.427020788192749023e-02,-2.378678321838378906e-02
-4.377412796020507812e-02,5.394715070724487305e-02,-2.363297343254089355e-02
-4.363727569580078125e-02,5.367934703826904297e-02,-2.356508374214172363e-02
-4.351997375488281250e-02,5.340397357940673828e-02,-2.351015806198120117e-02
-4.330062866210937500e-02,5.313730239868164062e-02,-2.357578277587890625e-02
-4.310798645019531250e-02,5.289208889007568359e-02,-2.361956238746643066e-02
-4.290914535522460938e-02,5.263131856918334961e-02,-2.367714047431945801e-02
-4.271745681762695312e-02,5.239665508270263672e-02,-2.370142936706542969e-02
-4.255628585815429688e-02,5.223900079727172852e-02,-2.367761731147766113e-02
-4.241943359375000000e-02,5.214953422546386719e-02,-2.365729212760925293e-02
-4.227828979492187500e-02,5.207002162933349609e-02,-2.361127734184265137e-02
-4.213905334472656250e-02,5.197340250015258789e-02,-2.358019351959228516e-02
-4.200887680053710938e-02,5.186992883682250977e-02,-2.353155612945556641e-02
-4.187059402465820312e-02,5.180859565734863281e-02,-2.343699336051940918e-02
-4.181241989135742188e-02,5.177223682403564453e-02,-2.340620756149291992e-02
-4.167985916137695312e-02,5.178970098495483398e-02,-2.335008978843688965e-02
-4.152202606201171875e-02,5.183815956115722656e-02,-2.330237627029418945e-02
-4.139232635498046875e-02,5.184584856033325195e-02,-2.324563264846801758e-02
-4.121589660644531250e-02,5.187392234802246094e-02,-2.314877510070800781e-02
-4.106473922729492188e-02,5.191922187805175781e-02,-2.302461862564086914e-02
-4.098701477050781250e-02,5.198436975479125977e-02,-2.286109328269958496e-02
-4.098463058471679688e-02,5.208438634872436523e-02,-2.268904447555541992e-02
-4.095458984375000000e-02,5.221062898635864258e-02,-2.251240611076354980e-02
-4.094791412353515625e-02,5.232781171798706055e-02,-2.231794595718383789e-02
-4.096031188964843750e-02,5.240035057067871094e-02,-2.213582396507263184e-02
-4.094791412353515625e-02,5.251049995422363281e-02,-2.194130420684814453e-02
-4.067182540893554688e-02,5.287319421768188477e-02,-2.178850769996643066e-02
-4.024171829223632812e-02,5.306160449981689453e-02,-2.163890004158020020e-02
-3.983592987060546875e-02,5.321907997131347656e-02,-2.154636383056640625e-02
-3.945016860961914062e-02,5.334889888763427734e-02,-2.146720886230468750e-02
-3.906679153442382812e-02,5.346632003784179688e-02,-2.149900794029235840e-02
-3.874778747558593750e-02,5.347174406051635742e-02,-2.164033055305480957e-02
-3.846740722656250000e-02,5.349403619766235352e-02,-2.177193760871887207e-02
-3.822708129882812500e-02,5.356067419052124023e-02,-2.189019322395324707e-02
-3.797006607055664062e-02,5.356746912002563477e-02,-2.204498648643493652e-02
-3.773260116577148438e-02,5.358320474624633789e-02,-2.212920784950256348e-02
-3.753328323364257812e-02,5.365580320358276367e-02,-2.221038937568664551e-02
-3.730344772338867188e-02,5.373549461364746094e-02,-2.221420407295227051e-02
-3.713893890380859375e-02,5.385607481002807617e-02,-2.220296859741210938e-02
-3.697252273559570312e-02,5.396747589111328125e-02,-2.217811346054077148e-02
-3.689146041870117188e-02,5.410635471343994141e-02,-2.208814024925231934e-02
-3.678321838378906250e-02,5.419617891311645508e-02,-2.198043465614318848e-02
-3.673458099365234375e-02,5.430072546005249023e-02,-2.183681726455688477e-02
-3.668689727783203125e-02,5.440723896026611328e-02,-2.171882987022399902e-02
-3.662204742431640625e-02,5.448198318481445312e-02,-2.165785431861877441e-02
-3.655004501342773438e-02,5.452370643615722656e-02,-2.155375480651855469e-02
-3.642797470092773438e-02,5.448573827743530273e-02,-2.148106694221496582e-02
-3.634357452392578125e-02,5.449002981185913086e-02,-2.139484882354736328e-02
-3.625917434692382812e-02,5.451565980911254883e-02,-2.126577496528625488e-02
-3.614377975463867188e-02,5.456775426864624023e-02,-2.114966511726379395e-02
-3.610754013061523438e-02,5.464059114456176758e-02,-2.106702327728271484e-02
-3.608942031860351562e-02,5.474638938903808594e-02,-2.107739448547363281e-02
-3.605890274047851562e-02,5.488705635070800781e-02,-2.111715078353881836e-02
-3.600835800170898438e-02,5.505919456481933594e-02,-2.111732959747314453e-02
-3.594779968261718750e-02,5.523401498794555664e-02,-2.113568782806396484e-02
-3.590345382690429688e-02,5.538028478622436523e-02,-2.119770646095275879e-02
-3.584384918212890625e-02,5.549496412277221680e-02,-2.130079269409179688e-02
-3.581237792968750000e-02,5.560535192489624023e-02,-2.141231298446655273e-02
-3.586864471435546875e-02,5.574381351470947266e-02,-2.156886458396911621e-02
-3.592872619628906250e-02,5.586773157119750977e-02,-2.166384458541870117e-02
-3.594827651977539062e-02,5.598652362823486328e-02,-2.176487445831298828e-02
-3.584623336791992188e-02,5.598473548889160156e-02,-2.174216508865356445e-02
-3.570795059204101562e-02,5.595296621322631836e-02,-2.165865898132324219e-02
-3.557777404785156250e-02,5.596071481704711914e-02,-2.153640985488891602e-02
-3.540945053100585938e-02,5.596256256103515625e-02,-2.134865522384643555e-02
-3.521537780761718750e-02,5.593734979629516602e-02,-2.103641629219055176e-02
-3.504514694213867188e-02,5.587947368621826172e-02,-2.077558636665344238e-02
-3.489112854003906250e-02,5.583268404006958008e-02,-2.054962515830993652e-02
-3.474044799804687500e-02,5.582815408706665039e-02,-2.034303545951843262e-02
-3.460741043090820312e-02,5.581218004226684570e-02,-2.020034193992614746e-02
-3.438901901245117188e-02,5.580562353134155273e-02,-2.004012465476989746e-02
-3.420257568359375000e-02,5.580812692642211914e-02,-1.999816298484802246e-02
-3.403615951538085938e-02,5.582171678543090820e-02,-1.998338103294372559e-02
-3.383779525756835938e-02,5.585712194442749023e-02,-1.998993754386901855e-02
-3.366708755493164062e-02,5.586111545562744141e-02,-2.004227042198181152e-02
-3.349113464355468750e-02,5.578809976577758789e-02,-2.011781930923461914e-02
-3.332805633544921875e-02,5.574882030487060547e-02,-2.024713158607482910e-02
-3.317499160766601562e-02,5.567049980163574219e-02,-2.032142877578735352e-02
-3.310203552246093750e-02,5.567461252212524414e-02,-2.028328180313110352e-02
-3.302049636840820312e-02,5.566215515136718750e-02,-2.023813128471374512e-02
-3.302049636840820312e-02,5.568093061447143555e-02,-2.016139030456542969e-02
-3.298664093017578125e-02,5.565828084945678711e-02,-2.003765106201171875e-02
-3.293848037719726562e-02,5.561149120330810547e-02,-1.989206671714782715e-02
-3.289222717285156250e-02,5.553036928176879883e-02,-1.970440149307250977e-02
-3.276062011718750000e-02,5.536127090454101562e-02,-1.952034235000610352e-02
-3.262281417846679688e-02,5.523765087127685547e-02,-1.931300759315490723e-02
-3.248453140258789062e-02,5.512744188308715820e-02,-1.910892128944396973e-02
-3.232860565185546875e-02,5.500751733779907227e-02,-1.890328526496887207e-02
-3.215694427490234375e-02,5.494439601898193359e-02,-1.872661709785461426e-02
-3.203535079956054688e-02,5.498993396759033203e-02,-1.852089166641235352e-02
-3.197669982910156250e-02,5.507904291152954102e-02,-1.833301782608032227e-02
-3.192853927612304688e-02,5.511468648910522461e-02,-1.816725730895996094e-02
-3.185653686523437500e-02,5.506926774978637695e-02,-1.799574494361877441e-02
-3.180980682373046875e-02,5.506700277328491211e-02,-1.783287525177001953e-02
-3.182554244995117188e-02,5.508601665496826172e-02,-1.763471961021423340e-02
-3.182983398437500000e-02,5.504053831100463867e-02,-1.746308803558349609e-02
-3.179693222045898438e-02,5.500090122222900391e-02,-1.735076308250427246e-02
-3.176259994506835938e-02,5.492722988128662109e-02,-1.721647381782531738e-02
-3.172302246093750000e-02,5.487495660781860352e-02,-1.711174845695495605e-02
-3.167295455932617188e-02,5.482131242752075195e-02,-1.702263951301574707e-02
-3.159999847412109375e-02,5.473887920379638672e-02,-1.696696877479553223e-02
-3.159666061401367188e-02,5.471700429916381836e-02,-1.697745919227600098e-02
-3.161191940307617188e-02,5.471247434616088867e-02,-1.699981093406677246e-02
-3.161287307739257812e-02,5.467802286148071289e-02,-1.699021458625793457e-02
-3.162670135498046875e-02,5.465281009674072266e-02,-1.700502634048461914e-02
-3.173351287841796875e-02,5.463361740112304688e-02,-1.708915829658508301e-02
-3.185844421386718750e-02,5.461502075195312500e-02,-1.711708307266235352e-02
-3.204250335693359375e-02,5.461704730987548828e-02,-1.718696951866149902e-02
-3.209304809570312500e-02,5.460095405578613281e-02,-1.726534962654113770e-02
-3.211164474487304688e-02,5.454301834106445312e-02,-1.735097169876098633e-02
-3.206825256347656250e-02,5.450183153152465820e-02,-1.737737655639648438e-02
-3.201580047607421875e-02,5.446583032608032227e-02,-1.740205287933349609e-02
-3.197956085205078125e-02,5.444806814193725586e-02,-1.740244030952453613e-02
-3.190183639526367188e-02,5.439281463623046875e-02,-1.738205552101135254e-02
-3.177928924560546875e-02,5.435937643051147461e-02,-1.729792356491088867e-02
-3.166580200195312500e-02,5.434346199035644531e-02,-1.723644137382507324e-02
-3.159141540527343750e-02,5.432546138763427734e-02,-1.711729168891906738e-02
-3.151941299438476562e-02,5.427789688110351562e-02,-1.700860261917114258e-02
-3.153848648071289062e-02,5.422163009643554688e-02,-1.694265007972717285e-02
-3.163719177246093750e-02,5.419057607650756836e-02,-1.693373918533325195e-02
-3.168344497680664062e-02,5.413579940795898438e-02,-1.697471737861633301e-02
-3.171491622924804688e-02,5.406302213668823242e-02,-1.701268553733825684e-02
-3.174877166748046875e-02,5.402922630310058594e-02,-1.705434918403625488e-02
-3.181695938110351562e-02,5.395638942718505859e-02,-1.711410284042358398e-02
-3.190660476684570312e-02,5.393028259277343750e-02,-1.717820763587951660e-02
-3.200483322143554688e-02,5.391246080398559570e-02,-1.721522212028503418e-02
-3.213691711425781250e-02,5.394542217254638672e-02,-1.726028323173522949e-02
-3.225660324096679688e-02,5.398088693618774414e-02,-1.732644438743591309e-02
-3.235435485839843750e-02,5.397641658782958984e-02,-1.730480790138244629e-02
-3.244304656982421875e-02,5.396461486816406250e-02,-1.723393797874450684e-02
-3.252458572387695312e-02,5.392158031463623047e-02,-1.715731620788574219e-02
-3.261232376098632812e-02,5.390012264251708984e-02,-1.709988713264465332e-02
-3.273296356201171875e-02,5.390268564224243164e-02,-1.697397232055664062e-02
-3.284120559692382812e-02,5.385899543762207031e-02,-1.683127880096435547e-02
-3.292751312255859375e-02,5.382716655731201172e-02,-1.667210459709167480e-02
-3.301286697387695312e-02,5.385106801986694336e-02,-1.650294661521911621e-02
-3.312349319458007812e-02,5.381876230239868164e-02,-1.631599664688110352e-02
-3.322315216064453125e-02,5.383497476577758789e-02,-1.612392067909240723e-02
-3.330183029174804688e-02,5.382800102233886719e-02,-1.593908667564392090e-02
-3.340578079223632812e-02,5.386513471603393555e-02,-1.578143239021301270e-02
-3.352212905883789062e-02,5.392944812774658203e-02,-1.567873358726501465e-02
-3.367805480957031250e-02,5.401110649108886719e-02,-1.562836766242980957e-02
-3.381490707397460938e-02,5.400931835174560547e-02,-1.561421155929565430e-02
-3.395175933837890625e-02,5.395025014877319336e-02,-1.557570695877075195e-02
-3.403091430664062500e-02,5.392450094223022461e-02,-1.550978422164916992e-02
-3.411531448364257812e-02,5.388033390045166016e-02,-1.545459032058715820e-02
-3.418731689453125000e-02,5.382156372070312500e-02,-1.544511318206787109e-02
-3.428697586059570312e-02,5.378383398056030273e-02,-1.545754075050354004e-02
-3.442287445068359375e-02,5.371749401092529297e-02,-1.552787423133850098e-02
-3.455114364624023438e-02,5.367249250411987305e-02,-1.561549305915832520e-02
-3.470659255981445312e-02,5.367940664291381836e-02,-1.563516259193420410e-02
-3.482437133789062500e-02,5.362629890441894531e-02,-1.561176776885986328e-02
-3.496074676513671875e-02,5.350685119628906250e-02,-1.554039120674133301e-02
-3.506278991699218750e-02,5.340147018432617188e-02,-1.548755168914794922e-02
-3.518104553222656250e-02,5.335092544555664062e-02,-1.543587446212768555e-02
-3.523349761962890625e-02,5.324774980545043945e-02,-1.532253623008728027e-02
-3.522014617919921875e-02,5.314183235168457031e-02,-1.521131396293640137e-02
-3.522300720214843750e-02,5.305647850036621094e-02,-1.506131887435913086e-02
-3.523683547973632812e-02,5.294752120971679688e-02,-1.492092013359069824e-02
-3.533220291137695312e-02,5.289614200592041016e-02,-1.477706432342529297e-02
-3.543043136596679688e-02,5.286258459091186523e-02,-1.469823718070983887e-02
-3.552150726318359375e-02,5.285775661468505859e-02,-1.462984085083007812e-02
-3.564310073852539062e-02,5.284035205841064453e-02,-1.458707451820373535e-02
-3.570938110351562500e-02,5.280679464340209961e-02,-1.453799009323120117e-02
-3.578233718872070312e-02,5.275982618331909180e-02,-1.446753740310668945e-02
-3.584384918212890625e-02,5.269664525985717773e-02,-1.441827416419982910e-02
-3.587961196899414062e-02,5.262005329132080078e-02,-1.434728503227233887e-02
-3.586196899414062500e-02,5.256676673889160156e-02,-1.427990198135375977e-02
-3.585624694824218750e-02,5.249214172363281250e-02,-1.430508494377136230e-02
-3.585577011108398438e-02,5.242383480072021484e-02,-1.427218317985534668e-02
-3.585624694824218750e-02,5.236691236495971680e-02,-1.423266530036926270e-02
-3.588247299194335938e-02,5.230164527893066406e-02,-1.426050066947937012e-02
-3.590726852416992188e-02,5.222988128662109375e-02,-1.433998346328735352e-02
-3.592777252197265625e-02,5.216503143310546875e-02,-1.443219184875488281e-02
-3.595542907714843750e-02,5.207997560501098633e-02,-1.454967260360717773e-02
-3.576993942260742188e-02,5.190384387969970703e-02,-1.467174291610717773e-02
-3.557062149047851562e-02,5.177068710327148438e-02,-1.477113366127014160e-02
-3.541612625122070312e-02,5.164021253585815430e-02,-1.488813757896423340e-02
-3.528499603271484375e-02,5.151468515396118164e-02,-1.498386263847351074e-02
-3.517913818359375000e-02,5.137723684310913086e-02,-1.503971219062805176e-02
-3.505849838256835938e-02,5.129700899124145508e-02,-1.511871814727783203e-02
-3.494119644165039062e-02,5.120611190795898438e-02,-1.514354348182678223e-02
-3.481149673461914062e-02,5.111330747604370117e-02,-1.518464088439941406e-02
-3.471565246582031250e-02,5.102431774139404297e-02,-1.520955562591552734e-02
-3.466844558715820312e-02,5.097955465316772461e-02,-1.520437002182006836e-02
-3.471803665161132812e-02,5.093526840209960938e-02,-1.521998643875122070e-02
-3.473329544067382812e-02,5.092209577560424805e-02,-1.523160934448242188e-02
-3.472995758056640625e-02,5.093455314636230469e-02,-1.525768637657165527e-02
-3.472375869750976562e-02,5.098938941955566406e-02,-1.529231667518615723e-02
-3.472805023193359375e-02,5.100148916244506836e-02,-1.536229252815246582e-02
-3.471946716308593750e-02,5.113142728805541992e-02,-1.544290781021118164e-02
-3.467798233032226562e-02,5.126786231994628906e-02,-1.551419496536254883e-02
-3.468894958496093750e-02,5.142408609390258789e-02,-1.558420062065124512e-02
-3.471803665161132812e-02,5.157679319381713867e-02,-1.564243435859680176e-02
-3.474187850952148438e-02,5.170398950576782227e-02,-1.566350460052490234e-02
-3.474426269531250000e-02,5.187302827835083008e-02,-1.562374830245971680e-02
-3.475570678710937500e-02,5.206018686294555664e-02,-1.553070545196533203e-02
-3.475332260131835938e-02,5.229890346527099609e-02,-1.536151766777038574e-02
-3.465700149536132812e-02,5.248057842254638672e-02,-1.517042517662048340e-02
-3.458499908447265625e-02,5.260556936264038086e-02,-1.498556137084960938e-02
-3.452682495117187500e-02,5.269449949264526367e-02,-1.477512717247009277e-02
-3.447437286376953125e-02,5.280482769012451172e-02,-1.455315947532653809e-02
-3.445434570312500000e-02,5.288851261138916016e-02,-1.433014869689941406e-02
-3.434991836547851562e-02,5.292648077011108398e-02,-1.409310102462768555e-02
-3.422117233276367188e-02,5.292367935180664062e-02,-1.384699344635009766e-02
-3.415060043334960938e-02,5.291795730590820312e-02,-1.362735033035278320e-02
-3.398513793945312500e-02,5.286329984664916992e-02,-1.336264610290527344e-02
-3.396844863891601562e-02,5.283606052398681641e-02,-1.314786076545715332e-02
-3.399324417114257812e-02,5.280286073684692383e-02,-1.300457119941711426e-02
-3.419876098632812500e-02,5.281549692153930664e-02,-1.295313239097595215e-02
-3.437948226928710938e-02,5.285722017288208008e-02,-1.296058297157287598e-02
-3.451013565063476562e-02,5.286502838134765625e-02,-1.293012499809265137e-02
-3.462076187133789062e-02,5.287551879882812500e-02,-1.290762424468994141e-02
-3.469896316528320312e-02,5.286502838134765625e-02,-1.284170150756835938e-02
-3.476619720458984375e-02,5.285906791687011719e-02,-1.276990771293640137e-02
-3.479099273681640625e-02,5.281871557235717773e-02,-1.276585459709167480e-02
-3.483486175537109375e-02,5.278813838958740234e-02,-1.273316144943237305e-02
-3.482246398925781250e-02,5.278104543685913086e-02,-1.270774006843566895e-02
-3.481435775756835938e-02,5.280548334121704102e-02,-1.269173622131347656e-02
-3.480577468872070312e-02,5.278456211090087891e-02,-1.263177394866943359e-02
-3.478527069091796875e-02,5.268174409866333008e-02,-1.247310638427734375e-02
-3.476667404174804688e-02,5.256360769271850586e-02,-1.226535439491271973e-02
-3.472566604614257812e-02,5.241602659225463867e-02,-1.190543174743652344e-02
-3.467321395874023438e-02,5.227565765380859375e-02,-1.152381300926208496e-02
-3.458595275878906250e-02,5.209654569625854492e-02,-1.118284463882446289e-02
-3.447771072387695312e-02,5.194890499114990234e-02,-1.083678007125854492e-02
-3.437185287475585938e-02,5.177885293960571289e-02,-1.057776808738708496e-02
-3.423309326171875000e-02,5.157220363616943359e-02,-1.039397716522216797e-02
-3.411388397216796875e-02,5.141448974609375000e-02,-1.026806235313415527e-02
-3.409719467163085938e-02,5.128502845764160156e-02,-1.021596789360046387e-02
-3.400802612304687500e-02,5.115109682083129883e-02,-1.018258929252624512e-02
-3.390264511108398438e-02,5.095613002777099609e-02,-1.012229919433593750e-02
-3.383350372314453125e-02,5.082213878631591797e-02,-1.014545559883117676e-02
-3.373765945434570312e-02,5.074465274810791016e-02,-1.010689139366149902e-02
-3.365898132324218750e-02,5.074608325958251953e-02,-1.014322042465209961e-02
-3.357744216918945312e-02,5.071496963500976562e-02,-1.014518737792968750e-02
-3.351831436157226562e-02,5.070179700851440430e-02,-1.015597581863403320e-02
-3.348112106323242188e-02,5.066794157028198242e-02,-1.018288731575012207e-02
-3.344678878784179688e-02,5.061727762222290039e-02,-1.018613576889038086e-02
-3.343152999877929688e-02,5.055600404739379883e-02,-1.026070117950439453e-02
-3.341007232666015625e-02,5.052530765533447266e-02,-1.030939817428588867e-02
-3.339862823486328125e-02,5.054599046707153320e-02,-1.029568910598754883e-02
-3.342962265014648438e-02,5.053830146789550781e-02,-1.023182272911071777e-02
-3.349208831787109375e-02,5.051451921463012695e-02,-1.016589999198913574e-02
-3.359651565551757812e-02,5.040866136550903320e-02,-1.009050011634826660e-02
-3.368520736694335938e-02,5.030936002731323242e-02,-1.003223657608032227e-02
-3.380966186523437500e-02,5.022555589675903320e-02,-1.003506779670715332e-02
-3.398084640502929688e-02,5.020111799240112305e-02,-1.002398133277893066e-02
-3.417778015136718750e-02,5.023491382598876953e-02,-1.005885004997253418e-02
-3.432369232177734375e-02,5.024272203445434570e-02,-1.011887192726135254e-02
-3.445959091186523438e-02,5.027675628662109375e-02,-1.018160581588745117e-02
-3.460645675659179688e-02,5.036234855651855469e-02,-1.024737954139709473e-02
-3.469800949096679688e-02,5.039256811141967773e-02,-1.027107238769531250e-02
-3.479433059692382812e-02,5.036377906799316406e-02,-1.032319664955139160e-02
-3.487682342529296875e-02,5.032032728195190430e-02,-1.032635569572448730e-02
-3.494834899902343750e-02,5.022388696670532227e-02,-1.032334566116333008e-02
-3.502702713012695312e-02,5.013638734817504883e-02,-1.028779149055480957e-02
-3.509092330932617188e-02,5.002230405807495117e-02,-1.018118858337402344e-02
-3.513765335083007812e-02,4.983830451965332031e-02,-1.007506251335144043e-02
-3.513908386230468750e-02,4.965811967849731445e-02,-9.912222623825073242e-03
-3.512144088745117188e-02,4.955983161926269531e-02,-9.776085615158081055e-03
-3.511476516723632812e-02,4.939234256744384766e-02,-9.700238704681396484e-03
-3.510522842407226562e-02,4.925936460494995117e-02,-9.674161672592163086e-03
-3.508901596069335938e-02,4.918146133422851562e-02,-9.700477123260498047e-03
-3.512001037597656250e-02,4.913729429244995117e-02,-9.776443243026733398e-03
-3.516530990600585938e-02,4.910171031951904297e-02,-9.911388158798217773e-03
-3.519248962402343750e-02,4.907411336898803711e-02,-1.003691554069519043e-02
-3.515911102294921875e-02,4.905545711517333984e-02,-1.014909148216247559e-02
-3.506565093994140625e-02,4.900574684143066406e-02,-1.026254892349243164e-02
-3.495550155639648438e-02,4.891502857208251953e-02,-1.040720939636230469e-02
-3.486490249633789062e-02,4.886347055435180664e-02,-1.056781411170959473e-02
-3.477811813354492188e-02,4.882180690765380859e-02,-1.069995760917663574e-02
-3.472280502319335938e-02,4.882210493087768555e-02,-1.080727577209472656e-02
-3.466892242431640625e-02,4.881972074508666992e-02,-1.091179251670837402e-02
-3.461456298828125000e-02,4.880404472351074219e-02,-1.099142432212829590e-02
-3.460168838500976562e-02,4.878079891204833984e-02,-1.101511716842651367e-02
-3.459358215332031250e-02,4.874384403228759766e-02,-1.098161935806274414e-02
-3.458261489868164062e-02,4.869002103805541992e-02,-1.091840863227844238e-02
-3.457975387573242188e-02,4.866385459899902344e-02,-1.082298159599304199e-02
-3.460597991943359375e-02,4.864633083343505859e-02,-1.071646809577941895e-02
-3.463172912597656250e-02,4.864317178726196289e-02,-1.065847277641296387e-02
-3.463935852050781250e-02,4.864180088043212891e-02,-1.059395074844360352e-02
-3.463840484619140625e-02,4.864782094955444336e-02,-1.051071286201477051e-02
-3.462409973144531250e-02,4.863941669464111328e-02,-1.044875383377075195e-02
-3.463125228881835938e-02,4.863423109054565430e-02,-1.042947173118591309e-02
-3.462648391723632812e-02,4.860818386077880859e-02,-1.046147942543029785e-02
-3.464555740356445312e-02,4.857409000396728516e-02,-1.050397753715515137e-02
-3.464555740356445312e-02,4.857409000396728516e-02,-1.050397753715515137e-02
-3.471279144287109375e-02,4.853051900863647461e-02,-1.057571172714233398e-02
-3.472185134887695312e-02,4.851680994033813477e-02,-1.062235236167907715e-02
-3.472423553466796875e-02,4.853481054306030273e-02,-1.067370176315307617e-02
-3.475475311279296875e-02,4.853516817092895508e-02,-1.082950830459594727e-02
-3.476715087890625000e-02,4.851746559143066406e-02,-1.098537445068359375e-02
-3.482007980346679688e-02,4.854458570480346680e-02,-1.116406917572021484e-02
-3.422546386718750000e-02,4.815310239791870117e-02,-1.134750247001647949e-02
-3.371810913085937500e-02,4.782229661941528320e-02,-1.154258847236633301e-02
-3.324699401855468750e-02,4.750138521194458008e-02,-1.172447204589843750e-02
-3.276824951171875000e-02,4.719060659408569336e-02,-1.190754771232604980e-02
-3.233146667480468750e-02,4.694890975952148438e-02,-1.211515069007873535e-02
-3.194189071655273438e-02,4.663616418838500977e-02,-1.232507824897766113e-02
-3.158950805664062500e-02,4.642927646636962891e-02,-1.255291700363159180e-02
-3.127956390380859375e-02,4.623186588287353516e-02,-1.275897026062011719e-02
-3.103256225585937500e-02,4.613864421844482422e-02,-1.294621825218200684e-02
-3.081560134887695312e-02,4.606270790100097656e-02,-1.307949423789978027e-02
-3.062486648559570312e-02,4.604023694992065430e-02,-1.315683126449584961e-02
