-1.546061038970947266e-02,1.656316965818405151e-02,4.877725243568420410e-02
-1.546061038970947266e-02,1.656316965818405151e-02,4.877725243568420410e-02
-1.646059751510620117e-02,1.556317508220672607e-02,4.777729511260986328e-02
-1.739001274108886719e-02,1.459665596485137939e-02,4.698297381401062012e-02
-1.834911108016967773e-02,1.362230628728866577e-02,4.610303044319152832e-02
-1.918929815292358398e-02,1.269567012786865234e-02,4.591783881187438965e-02
-2.007961273193359375e-02,1.183538883924484253e-02,4.599246382713317871e-02
-2.077823877334594727e-02,1.099924743175506592e-02,4.573208093643188477e-02
-2.093130350112915039e-02,1.064012199640274048e-02,4.536622762680053711e-02
-2.095335721969604492e-02,1.031848788261413574e-02,4.496252536773681641e-02
-2.084571123123168945e-02,1.002362370491027832e-02,4.438149929046630859e-02
-2.111095190048217773e-02,9.856462478637695312e-03,4.395911097526550293e-02
-2.139735221862792969e-02,9.757466614246368408e-03,4.369804263114929199e-02
-2.171146869659423828e-02,9.787663817405700684e-03,4.340195655822753906e-02
-2.179729938507080078e-02,9.680606424808502197e-03,4.301217198371887207e-02
-2.183455228805541992e-02,9.655162692070007324e-03,4.276695847511291504e-02
-2.192616462707519531e-02,9.507104754447937012e-03,4.248431324958801270e-02
-2.209132909774780273e-02,9.058110415935516357e-03,4.194638133049011230e-02
-2.218061685562133789e-02,8.590862154960632324e-03,4.155099391937255859e-02
-2.228194475173950195e-02,8.149020373821258545e-03,4.124429821968078613e-02
-2.254390716552734375e-02,7.644161581993103027e-03,4.090568423271179199e-02
-2.284419536590576172e-02,7.135443389415740967e-03,4.053115844726562500e-02
-2.299416065216064453e-02,6.603382527828216553e-03,3.997948765754699707e-02
-2.313166856765747070e-02,6.105460226535797119e-03,3.941658139228820801e-02
-2.323466539382934570e-02,5.756616592407226562e-03,3.885915875434875488e-02
-2.309894561767578125e-02,5.462974309921264648e-03,3.823745250701904297e-02
-2.294456958770751953e-02,5.167946219444274902e-03,3.775355219841003418e-02
-2.306872606277465820e-02,4.921384155750274658e-03,3.728008270263671875e-02
-2.290517091751098633e-02,5.048759281635284424e-03,3.678852319717407227e-02
-2.277445793151855469e-02,5.211308598518371582e-03,3.636512160301208496e-02
-2.275127172470092773e-02,5.466587841510772705e-03,3.610113263130187988e-02
-2.277177572250366211e-02,5.723312497138977051e-03,3.590515255928039551e-02
-2.276021242141723633e-02,5.877546966075897217e-03,3.563037514686584473e-02
-2.221840620040893555e-02,6.013602018356323242e-03,3.536045551300048828e-02
-2.170979976654052734e-02,6.122164428234100342e-03,3.513392806053161621e-02
-2.124267816543579102e-02,6.156057119369506836e-03,3.488039970397949219e-02
-2.082175016403198242e-02,6.177417933940887451e-03,3.471437096595764160e-02
-2.042704820632934570e-02,6.185524165630340576e-03,3.451484441757202148e-02
-2.007138729095458984e-02,6.109550595283508301e-03,3.434056043624877930e-02
-1.975530385971069336e-02,6.071984767913818359e-03,3.419971466064453125e-02
-1.953810453414916992e-02,5.913697183132171631e-03,3.427532315254211426e-02
-1.930266618728637695e-02,5.762174725532531738e-03,3.421574831008911133e-02
-1.908254623413085938e-02,5.648262798786163330e-03,3.420418500900268555e-02
-1.892566680908203125e-02,5.560204386711120605e-03,3.419789671897888184e-02
-1.870697736740112305e-02,5.672037601470947266e-03,3.380477428436279297e-02
-1.852357387542724609e-02,5.746752023696899414e-03,3.320086002349853516e-02
-1.839590072631835938e-02,5.787856876850128174e-03,3.266805410385131836e-02
-1.827853918075561523e-02,5.750022828578948975e-03,3.217279911041259766e-02
-1.810187101364135742e-02,5.447864532470703125e-03,3.180885314941406250e-02
-1.794975996017456055e-02,5.157738924026489258e-03,3.146073222160339355e-02
-1.780396699905395508e-02,4.950180649757385254e-03,3.114971518516540527e-02
-1.765334606170654297e-02,4.744432866573333740e-03,3.083765506744384766e-02
-1.751965284347534180e-02,4.513636231422424316e-03,3.062102198600769043e-02
-1.736593246459960938e-02,4.379585385322570801e-03,3.048211336135864258e-02
-1.722198724746704102e-02,4.150837659835815430e-03,3.030443191528320312e-02
-1.679766178131103516e-02,4.130385816097259521e-03,2.973082661628723145e-02
-1.640415191650390625e-02,4.102580249309539795e-03,2.921551465988159180e-02
-1.618790626525878906e-02,3.953605890274047852e-03,2.886283397674560547e-02
-1.599740982055664062e-02,3.715142607688903809e-03,2.853387594223022461e-02
-1.584273576736450195e-02,3.460042178630828857e-03,2.824202179908752441e-02
-1.570528745651245117e-02,3.202445805072784424e-03,2.801424264907836914e-02
-1.556080579757690430e-02,2.957142889499664307e-03,2.783665060997009277e-02
-1.543492078781127930e-02,2.770207822322845459e-03,2.772164344787597656e-02
-1.534652709960937500e-02,2.550825476646423340e-03,2.756622433662414551e-02
-1.534867286682128906e-02,2.382986247539520264e-03,2.743184566497802734e-02
-1.538026332855224609e-02,2.201743423938751221e-03,2.726286649703979492e-02
-1.534456014633178711e-02,2.033397555351257324e-03,2.709060907363891602e-02
-1.535475254058837891e-02,1.835502684116363525e-03,2.701172232627868652e-02
-1.536709070205688477e-02,1.621343195438385010e-03,2.694243192672729492e-02
-1.506227254867553711e-02,1.360341906547546387e-03,2.696523070335388184e-02
-1.476871967315673828e-02,1.051783561706542969e-03,2.700281143188476562e-02
-1.442146301269531250e-02,7.666274905204772949e-04,2.695646882057189941e-02
-1.410406827926635742e-02,4.383921623229980469e-04,2.692207694053649902e-02
-1.382452249526977539e-02,1.439452171325683594e-04,2.692773938179016113e-02
-1.356106996536254883e-02,-1.685619354248046875e-04,2.695354819297790527e-02
-1.331835985183715820e-02,-5.465820431709289551e-04,2.695068717002868652e-02
-1.305115222930908203e-02,-1.072026789188385010e-03,2.686923742294311523e-02
-1.280552148818969727e-02,-1.615576446056365967e-03,2.687361836433410645e-02
-1.257604360580444336e-02,-2.138644456863403320e-03,2.680608630180358887e-02
-1.242130994796752930e-02,-2.681821584701538086e-03,2.670988440513610840e-02
-1.226383447647094727e-02,-3.254070878028869629e-03,2.665707468986511230e-02
-1.211255788803100586e-02,-3.817535936832427979e-03,2.655768394470214844e-02
-1.194882392883300781e-02,-4.310257732868194580e-03,2.645146846771240234e-02
-1.181817054748535156e-02,-4.798054695129394531e-03,2.637210488319396973e-02
-1.178854703903198242e-02,-5.258299410343170166e-03,2.628353238105773926e-02
-1.178652048110961914e-02,-5.828633904457092285e-03,2.620306611061096191e-02
-1.177567243576049805e-02,-6.429970264434814453e-03,2.610889077186584473e-02
-1.178169250488281250e-02,-6.975784897804260254e-03,2.604380249977111816e-02
-1.184058189392089844e-02,-7.525920867919921875e-03,2.596578001976013184e-02
-1.190459728240966797e-02,-8.064500987529754639e-03,2.592518925666809082e-02
-1.199835538864135742e-02,-8.617907762527465820e-03,2.588278055191040039e-02
-1.207029819488525391e-02,-9.153306484222412109e-03,2.592545747756958008e-02
-1.214355230331420898e-02,-9.590126574039459229e-03,2.599313855171203613e-02
-1.216274499893188477e-02,-1.002303510904312134e-02,2.594739198684692383e-02
-1.217925548553466797e-02,-1.044561713933944702e-02,2.595117688179016113e-02
-1.217287778854370117e-02,-1.058289408683776855e-02,2.590960264205932617e-02
-1.212948560714721680e-02,-1.063918322324752808e-02,2.589976787567138672e-02
-1.210492849349975586e-02,-1.073127985000610352e-02,2.588173747062683105e-02
-1.212900876998901367e-02,-1.078411936759948730e-02,2.588999271392822266e-02
-1.215088367462158203e-02,-1.089689880609512329e-02,2.591294050216674805e-02
-1.223033666610717773e-02,-1.097921282052993774e-02,2.597302198410034180e-02
-1.203453540802001953e-02,-1.081524044275283813e-02,2.596834301948547363e-02
-1.193189620971679688e-02,-1.072100549936294556e-02,2.610287070274353027e-02
-1.185899972915649414e-02,-1.066615432500839233e-02,2.626839280128479004e-02
-1.186853647232055664e-02,-1.067609339952468872e-02,2.647688984870910645e-02
-1.186770200729370117e-02,-1.063492894172668457e-02,2.662965655326843262e-02
-1.192921400070190430e-02,-1.054791361093521118e-02,2.680146694183349609e-02
-1.202291250228881836e-02,-1.050705462694168091e-02,2.700859308242797852e-02
-1.202231645584106445e-02,-1.063200831413269043e-02,2.711194753646850586e-02
-1.203191280364990234e-02,-1.072587072849273682e-02,2.714687585830688477e-02
-1.207643747329711914e-02,-1.086837053298950195e-02,2.717882394790649414e-02
-1.211237907409667969e-02,-1.100897043943405151e-02,2.722331881523132324e-02
-1.217085123062133789e-02,-1.115813851356506348e-02,2.728891372680664062e-02
-1.220715045928955078e-02,-1.128692924976348877e-02,2.737057209014892578e-02
-1.222592592239379883e-02,-1.135110855102539062e-02,2.738079428672790527e-02
-1.225280761718750000e-02,-1.140858232975006104e-02,2.741804718971252441e-02
-1.225942373275756836e-02,-1.142127066850662231e-02,2.748331427574157715e-02
-1.231050491333007812e-02,-1.138741523027420044e-02,2.758958935737609863e-02
-1.238965988159179688e-02,-1.132289320230484009e-02,2.772668004035949707e-02
-1.248043775558471680e-02,-1.128128170967102051e-02,2.795985341072082520e-02
-1.252341270446777344e-02,-1.119215786457061768e-02,2.813935279846191406e-02
-1.259428262710571289e-02,-1.109334826469421387e-02,2.829650044441223145e-02
-1.259547472000122070e-02,-1.095669716596603394e-02,2.843022346496582031e-02
-1.211941242218017578e-02,-1.085486263036727905e-02,2.845591306686401367e-02
-1.167958974838256836e-02,-1.076842844486236572e-02,2.848082780838012695e-02
-1.127797365188598633e-02,-1.069828122854232788e-02,2.858388423919677734e-02
-1.094156503677368164e-02,-1.066534221172332764e-02,2.865436673164367676e-02
-1.065796613693237305e-02,-1.052783429622650146e-02,2.865716814994812012e-02
-1.039814949035644531e-02,-1.040319353342056274e-02,2.863004803657531738e-02
-1.020216941833496094e-02,-1.033449918031692505e-02,2.874782681465148926e-02
-9.789824485778808594e-03,-1.008045673370361328e-02,2.844068408012390137e-02
-9.438276290893554688e-03,-9.946882724761962891e-03,2.824905514717102051e-02
-9.115159511566162109e-03,-9.816013276576995850e-03,2.803084254264831543e-02
-8.872926235198974609e-03,-9.698115289211273193e-03,2.794739603996276855e-02
-8.349895477294921875e-03,-9.490609169006347656e-03,2.805280685424804688e-02
-7.866680622100830078e-03,-9.253032505512237549e-03,2.816161513328552246e-02
-7.419347763061523438e-03,-9.021386504173278809e-03,2.826288342475891113e-02
-7.026493549346923828e-03,-8.692204952239990234e-03,2.839076519012451172e-02
-6.728112697601318359e-03,-8.443936705589294434e-03,2.853372693061828613e-02
-6.458878517150878906e-03,-8.261993527412414551e-03,2.870601415634155273e-02
-6.220996379852294922e-03,-8.012406527996063232e-03,2.885326743125915527e-02
-6.147623062133789062e-03,-8.180297911167144775e-03,2.904441952705383301e-02
-6.170094013214111328e-03,-8.295379579067230225e-03,2.931931614875793457e-02
-6.111562252044677734e-03,-8.116930723190307617e-03,2.919223904609680176e-02
-6.062388420104980469e-03,-7.998436689376831055e-03,2.899330854415893555e-02
-6.042897701263427734e-03,-7.908843457698822021e-03,2.879345417022705078e-02
-6.077349185943603516e-03,-7.798172533512115479e-03,2.863150835037231445e-02
-6.105542182922363281e-03,-7.667981088161468506e-03,2.856728434562683105e-02
-6.079852581024169922e-03,-7.383204996585845947e-03,2.852398157119750977e-02
-6.042361259460449219e-03,-7.004573941230773926e-03,2.847629785537719727e-02
-6.002306938171386719e-03,-6.588675081729888916e-03,2.840802073478698730e-02
-5.922436714172363281e-03,-6.891131401062011719e-03,2.820518612861633301e-02
-5.852758884429931641e-03,-7.163658738136291504e-03,2.804574370384216309e-02
-5.797028541564941406e-03,-7.361575961112976074e-03,2.787035703659057617e-02
-5.755305290222167969e-03,-7.504448294639587402e-03,2.765819430351257324e-02
-5.800962448120117188e-03,-7.626675069332122803e-03,2.752602100372314453e-02
-5.804240703582763672e-03,-7.689602673053741455e-03,2.731844782829284668e-02
-5.777955055236816406e-03,-7.699936628341674805e-03,2.723720669746398926e-02
-5.746722221374511719e-03,-7.680334150791168213e-03,2.716755867004394531e-02
-5.746841430664062500e-03,-7.613562047481536865e-03,2.715957164764404297e-02
-5.751729011535644531e-03,-7.511876523494720459e-03,2.718210220336914062e-02
-5.765557289123535156e-03,-7.363028824329376221e-03,2.721679210662841797e-02
-5.802154541015625000e-03,-7.151782512664794922e-03,2.725300192832946777e-02
-5.869388580322265625e-03,-6.974071264266967773e-03,2.714222669601440430e-02
-5.873799324035644531e-03,-6.719946861267089844e-03,2.707907557487487793e-02
-5.810499191284179688e-03,-6.388306617736816406e-03,2.698621153831481934e-02
-5.809009075164794922e-03,-6.244882941246032715e-03,2.700081467628479004e-02
-5.809009075164794922e-03,-6.074935197830200195e-03,2.703413367271423340e-02
-5.847454071044921875e-03,-5.692005157470703125e-03,2.706000208854675293e-02
-5.859553813934326172e-03,-5.296692252159118652e-03,2.718582749366760254e-02
-5.877554416656494141e-03,-4.991337656974792480e-03,2.732399106025695801e-02
-5.656659603118896484e-03,-4.620224237442016602e-03,2.749419212341308594e-02
-5.548357963562011719e-03,-4.545845091342926025e-03,2.773743867874145508e-02
-5.487203598022460938e-03,-4.447489976882934570e-03,2.797907590866088867e-02
-5.479633808135986328e-03,-4.484817385673522949e-03,2.823802828788757324e-02
-5.476355552673339844e-03,-4.571549594402313232e-03,2.845796942710876465e-02
-5.477905273437500000e-03,-4.599638283252716064e-03,2.870810031890869141e-02
-5.452394485473632812e-03,-4.585832357406616211e-03,2.884468436241149902e-02
-5.457699298858642578e-03,-4.566147923469543457e-03,2.901545166969299316e-02
-5.459368228912353516e-03,-4.505999386310577393e-03,2.917298674583435059e-02
-5.509197711944580078e-03,-4.363581538200378418e-03,2.942222356796264648e-02
-5.601286888122558594e-03,-4.209682345390319824e-03,2.971401810646057129e-02
-5.709409713745117188e-03,-3.561124205589294434e-03,2.989739179611206055e-02
-5.776941776275634766e-03,-2.950944006443023682e-03,3.004297614097595215e-02
-5.833983421325683594e-03,-2.408444881439208984e-03,3.014588356018066406e-02
-5.969226360321044922e-03,-2.009443938732147217e-03,3.034991025924682617e-02
-6.043910980224609375e-03,-1.648195087909698486e-03,3.038668632507324219e-02
-6.064653396606445312e-03,-1.310795545578002930e-03,3.038558363914489746e-02
-6.073117256164550781e-03,-9.789764881134033203e-04,3.032040596008300781e-02
-6.200969219207763672e-03,-5.328208208084106445e-04,3.049996495246887207e-02
-6.316184997558593750e-03,-6.562471389770507812e-05,3.069603443145751953e-02
-6.412327289581298828e-03,4.251375794410705566e-04,3.084102272987365723e-02
-6.471812725067138672e-03,8.526965975761413574e-04,3.095254302024841309e-02
-6.488680839538574219e-03,1.267917454242706299e-03,3.100413084030151367e-02
-6.471216678619384766e-03,1.734800636768341064e-03,3.089556097984313965e-02
-6.458163261413574219e-03,2.200409770011901855e-03,3.094056248664855957e-02
-6.443798542022705078e-03,2.555802464485168457e-03,3.109487891197204590e-02
-6.476759910583496094e-03,2.878792583942413330e-03,3.124052286148071289e-02
-6.445527076721191406e-03,3.172226250171661377e-03,3.133296966552734375e-02
-6.397008895874023438e-03,3.433987498283386230e-03,3.142070770263671875e-02
-6.413877010345458984e-03,3.678917884826660156e-03,3.155273199081420898e-02
-6.429553031921386719e-03,3.864817321300506592e-03,3.154835104942321777e-02
-6.441831588745117188e-03,4.059031605720520020e-03,3.155893087387084961e-02
-6.448864936828613281e-03,4.241488873958587646e-03,3.167277574539184570e-02
-6.494998931884765625e-03,4.439659416675567627e-03,3.184384107589721680e-02
-6.453216075897216797e-03,4.634685814380645752e-03,3.178441524505615234e-02
-6.438612937927246094e-03,4.795774817466735840e-03,3.172403573989868164e-02
-6.461083889007568359e-03,4.957072436809539795e-03,3.164875507354736328e-02
-6.479024887084960938e-03,5.109742283821105957e-03,3.160214424133300781e-02
-6.413400173187255859e-03,5.261458456516265869e-03,3.155258297920227051e-02
-6.339609622955322266e-03,5.412302911281585693e-03,3.148159384727478027e-02
-6.250798702239990234e-03,5.499936640262603760e-03,3.137812018394470215e-02
-6.165504455566406250e-03,5.638495087623596191e-03,3.128254413604736328e-02
-6.136059761047363281e-03,5.765631794929504395e-03,3.116062283515930176e-02
-6.107747554779052734e-03,5.911767482757568359e-03,3.098386526107788086e-02
-6.074786186218261719e-03,5.993969738483428955e-03,3.077870607376098633e-02
-6.040215492248535156e-03,6.079591810703277588e-03,3.059303760528564453e-02
-5.969822406768798828e-03,6.209149956703186035e-03,3.048667311668395996e-02
-5.951404571533203125e-03,6.305694580078125000e-03,3.037324547767639160e-02
-5.912601947784423828e-03,6.390005350112915039e-03,3.024750947952270508e-02
-5.879938602447509766e-03,6.453655660152435303e-03,3.016030788421630859e-02
-5.837023258209228516e-03,6.493806838989257812e-03,3.012487292289733887e-02
-5.552768707275390625e-03,6.531827151775360107e-03,3.014627099037170410e-02
-5.277097225189208984e-03,6.559886038303375244e-03,3.020700812339782715e-02
-5.008459091186523438e-03,6.575167179107666016e-03,3.021216392517089844e-02
-4.796564579010009766e-03,6.559982895851135254e-03,3.024652600288391113e-02
-4.599809646606445312e-03,6.526678800582885742e-03,3.026515245437622070e-02
-4.417240619659423828e-03,6.552308797836303711e-03,3.023153543472290039e-02
-4.265069961547851562e-03,6.503462791442871094e-03,3.016284108161926270e-02
-4.149258136749267578e-03,6.481103599071502686e-03,3.015643358230590820e-02
-4.078686237335205078e-03,6.448410451412200928e-03,3.008997440338134766e-02
-3.990650177001953125e-03,6.443649530410766602e-03,3.001207113265991211e-02
-3.928780555725097656e-03,6.434001028537750244e-03,2.998918294906616211e-02
-3.912448883056640625e-03,6.359875202178955078e-03,3.000754117965698242e-02
-3.883004188537597656e-03,6.289742887020111084e-03,2.996551990509033203e-02
-3.960072994232177734e-03,5.942083895206451416e-03,3.003814816474914551e-02
-4.024565219879150391e-03,5.625836551189422607e-03,3.010427951812744141e-02
-4.090368747711181641e-03,5.341134965419769287e-03,3.015819191932678223e-02
-4.133462905883789062e-03,5.091570317745208740e-03,3.019514679908752441e-02
-4.203200340270996094e-03,4.873849451541900635e-03,3.028875589370727539e-02
-4.317998886108398438e-03,4.686444997787475586e-03,3.041225671768188477e-02
-4.437088966369628906e-03,4.496835172176361084e-03,3.044039011001586914e-02
-4.531264305114746094e-03,4.355572164058685303e-03,3.047156333923339844e-02
-4.632294178009033203e-03,4.257112741470336914e-03,3.065377473831176758e-02
-4.686415195465087891e-03,4.146903753280639648e-03,3.083685040473937988e-02
-4.764080047607421875e-03,4.040382802486419678e-03,3.089717030525207520e-02
-4.775643348693847656e-03,3.915093839168548584e-03,3.088784217834472656e-02
-4.756450653076171875e-03,3.848157823085784912e-03,3.084096312522888184e-02
-4.707634449005126953e-03,3.794029355049133301e-03,3.077477216720581055e-02
-4.667043685913085938e-03,3.770485520362854004e-03,3.068286180496215820e-02
-4.580557346343994141e-03,3.788277506828308105e-03,3.059709072113037109e-02
-4.463911056518554688e-03,3.833234310150146484e-03,3.047028183937072754e-02
-4.338085651397705078e-03,3.926239907741546631e-03,3.032559156417846680e-02
-4.263281822204589844e-03,3.766916692256927490e-03,3.011047840118408203e-02
-4.206418991088867188e-03,3.634817898273468018e-03,2.990931272506713867e-02
-4.165232181549072266e-03,3.474988043308258057e-03,2.974295616149902344e-02
-3.918111324310302734e-03,3.432929515838623047e-03,2.938747406005859375e-02
-3.762662410736083984e-03,3.411978483200073242e-03,2.905508875846862793e-02
-3.578126430511474609e-03,3.355443477630615234e-03,2.883127331733703613e-02
-3.414690494537353516e-03,3.268845379352569580e-03,2.856034040451049805e-02
-3.407001495361328125e-03,3.117576241493225098e-03,2.846443653106689453e-02
-3.404259681701660156e-03,2.993114292621612549e-03,2.837231755256652832e-02
-3.433644771575927734e-03,2.853356301784515381e-03,2.825966477394104004e-02
-3.480851650238037109e-03,2.816438674926757812e-03,2.820372581481933594e-02
-3.555357456207275391e-03,2.825669944286346436e-03,2.814671397209167480e-02
-3.634750843048095703e-03,2.912372350692749023e-03,2.802070975303649902e-02
-3.712236881256103516e-03,2.943821251392364502e-03,2.792537212371826172e-02
-3.781795501708984375e-03,3.008976578712463379e-03,2.786728739738464355e-02
-3.811419010162353516e-03,3.020562231540679932e-03,2.779504656791687012e-02
-3.907382488250732422e-03,2.957351505756378174e-03,2.767267823219299316e-02
-4.003047943115234375e-03,2.969011664390563965e-03,2.753916382789611816e-02
-4.098534584045410156e-03,2.998419106006622314e-03,2.747988700866699219e-02
-4.120230674743652344e-03,3.142222762107849121e-03,2.743512392044067383e-02
-4.143118858337402344e-03,3.289438784122467041e-03,2.739572525024414062e-02
-4.189193248748779297e-03,3.432586789131164551e-03,2.740579843521118164e-02
-4.192888736724853516e-03,3.630377352237701416e-03,2.743327617645263672e-02
-4.205942153930664062e-03,3.881737589836120605e-03,2.739441394805908203e-02
-4.258990287780761719e-03,4.060581326484680176e-03,2.747443318367004395e-02
-4.301130771636962891e-03,4.154033958911895752e-03,2.755647897720336914e-02
-4.338383674621582031e-03,4.209607839584350586e-03,2.766737341880798340e-02
-4.412293434143066406e-03,4.253782331943511963e-03,2.774885296821594238e-02
-4.464983940124511719e-03,4.308648407459259033e-03,2.774798870086669922e-02
-4.509627819061279297e-03,4.363782703876495361e-03,2.779170870780944824e-02
-4.548490047454833984e-03,4.418797791004180908e-03,2.780607342720031738e-02
-4.552066326141357422e-03,4.456996917724609375e-03,2.778610587120056152e-02
-4.519224166870117188e-03,4.524469375610351562e-03,2.775451540946960449e-02
-4.535019397735595703e-03,4.611678421497344971e-03,2.776253223419189453e-02
-4.565298557281494141e-03,4.662238061428070068e-03,2.783516049385070801e-02
-4.639506340026855469e-03,4.703506827354431152e-03,2.792194485664367676e-02
-4.706323146820068359e-03,4.732891917228698730e-03,2.790758013725280762e-02
-4.833340644836425781e-03,4.761837422847747803e-03,2.792769670486450195e-02
-4.939794540405273438e-03,4.703268408775329590e-03,2.795907855033874512e-02
-5.021452903747558594e-03,4.673942923545837402e-03,2.796635031700134277e-02
-5.067944526672363281e-03,4.616685211658477783e-03,2.796792984008789062e-02
-4.824042320251464844e-03,4.426382482051849365e-03,2.754282951354980469e-02
-4.575192928314208984e-03,4.263550043106079102e-03,2.708193659782409668e-02
-4.341006278991699219e-03,4.088699817657470703e-03,2.666065096855163574e-02
-4.111707210540771484e-03,4.010140895843505859e-03,2.631092071533203125e-02
-3.899157047271728516e-03,3.941431641578674316e-03,2.599796652793884277e-02
-3.726184368133544922e-03,3.854297101497650146e-03,2.574881911277770996e-02
-3.557562828063964844e-03,3.795713186264038086e-03,2.548405528068542480e-02
-3.418028354644775391e-03,3.722339868545532227e-03,2.524533867835998535e-02
-3.272414207458496094e-03,3.702811896800994873e-03,2.504032850265502930e-02
-3.168165683746337891e-03,3.681838512420654297e-03,2.487346529960632324e-02
-3.068327903747558594e-03,3.712482750415802002e-03,2.473059296607971191e-02
-2.991378307342529297e-03,3.734283149242401123e-03,2.450358867645263672e-02
-2.917885780334472656e-03,3.752619028091430664e-03,2.430748939514160156e-02
-2.837121486663818359e-03,3.763101994991302490e-03,2.416586875915527344e-02
-2.755939960479736328e-03,3.722526133060455322e-03,2.400100231170654297e-02
-2.718865871429443359e-03,3.718465566635131836e-03,2.390685677528381348e-02
-2.656340599060058594e-03,3.710001707077026367e-03,2.383369207382202148e-02
-2.616047859191894531e-03,3.713615238666534424e-03,2.378088235855102539e-02
-2.528846263885498047e-03,3.703840076923370361e-03,2.373516559600830078e-02
-2.434432506561279297e-03,3.659635782241821289e-03,2.380692958831787109e-02
-2.341389656066894531e-03,3.638878464698791504e-03,2.378621697425842285e-02
-2.246320247650146484e-03,3.602184355258941650e-03,2.380216121673583984e-02
-2.097010612487792969e-03,3.667950630187988281e-03,2.382260560989379883e-02
-1.947104930877685547e-03,3.773011267185211182e-03,2.383300662040710449e-02
-1.820564270019531250e-03,3.777496516704559326e-03,2.339267730712890625e-02
-1.684069633483886719e-03,3.766603767871856689e-03,2.295222878456115723e-02
-1.572847366333007812e-03,3.783598542213439941e-03,2.256169915199279785e-02
-1.424849033355712891e-03,3.837592899799346924e-03,2.215501666069030762e-02
-1.308917999267578125e-03,3.854542970657348633e-03,2.183890342712402344e-02
-1.205027103424072266e-03,3.835275769233703613e-03,2.154156565666198730e-02
-1.135706901550292969e-03,3.807783126831054688e-03,2.129042148590087891e-02
-1.182794570922851562e-03,3.677286207675933838e-03,2.116888761520385742e-02
-1.280844211578369141e-03,3.541253507137298584e-03,2.117276191711425781e-02
-1.359462738037109375e-03,3.405302762985229492e-03,2.113240957260131836e-02
-1.415669918060302734e-03,3.270417451858520508e-03,2.099290490150451660e-02
-1.475751399993896484e-03,3.154158592224121094e-03,2.089837193489074707e-02
-1.583635807037353516e-03,3.066770732402801514e-03,2.086445689201354980e-02
-1.676559448242187500e-03,3.024049103260040283e-03,2.083826065063476562e-02
-1.752316951751708984e-03,3.145411610603332520e-03,2.076333761215209961e-02
-1.812219619750976562e-03,3.297485411167144775e-03,2.066695690155029297e-02
-1.876652240753173828e-03,3.442369401454925537e-03,2.063715457916259766e-02
-1.957952976226806641e-03,3.616355359554290771e-03,2.063024044036865234e-02
-2.050161361694335938e-03,3.769584000110626221e-03,2.068340778350830078e-02
-2.152740955352783203e-03,3.915838897228240967e-03,2.076178789138793945e-02
-2.278387546539306641e-03,4.026636481285095215e-03,2.087479829788208008e-02
-2.403557300567626953e-03,4.130691289901733398e-03,2.095597982406616211e-02
-2.544462680816650391e-03,4.190228879451751709e-03,2.102541923522949219e-02
-2.698957920074462891e-03,4.250973463058471680e-03,2.107810974121093750e-02
-2.802670001983642578e-03,4.263333976268768311e-03,2.107223868370056152e-02
-2.914190292358398438e-03,4.246577620506286621e-03,2.097773551940917969e-02
-2.955079078674316406e-03,4.245668649673461914e-03,2.091643214225769043e-02
-2.994596958160400391e-03,4.236526787281036377e-03,2.111712098121643066e-02
-3.012537956237792969e-03,4.223190248012542725e-03,2.128162980079650879e-02
-2.982318401336669922e-03,4.215732216835021973e-03,2.147755026817321777e-02
-2.948641777038574219e-03,4.216693341732025146e-03,2.165499329566955566e-02
-2.900838851928710938e-03,4.182092845439910889e-03,2.186611294746398926e-02
-2.882421016693115234e-03,4.167258739471435547e-03,2.209314703941345215e-02
-2.861380577087402344e-03,4.140220582485198975e-03,2.230003476142883301e-02
-2.864241600036621094e-03,4.064083099365234375e-03,2.252751588821411133e-02
-2.888143062591552734e-03,3.969430923461914062e-03,2.275958657264709473e-02
-2.883434295654296875e-03,4.027247428894042969e-03,2.302646636962890625e-02
-2.866864204406738281e-03,4.110679030418395996e-03,2.324372529983520508e-02
-2.843320369720458984e-03,4.181824624538421631e-03,2.340698242187500000e-02
-2.849280834197998047e-03,4.317462444305419922e-03,2.358072996139526367e-02
-2.841472625732421875e-03,4.503883421421051025e-03,2.372702956199645996e-02
-2.953588962554931641e-03,4.637427628040313721e-03,2.395486831665039062e-02
-3.029584884643554688e-03,4.783533513545989990e-03,2.418521046638488770e-02
-3.140807151794433594e-03,4.902325570583343506e-03,2.442708611488342285e-02
-3.203272819519042969e-03,4.972480237483978271e-03,2.461493015289306641e-02
-3.277003765106201172e-03,5.009606480598449707e-03,2.485936880111694336e-02
-3.343880176544189453e-03,5.052186548709869385e-03,2.502021193504333496e-02
-3.497302532196044922e-03,5.297563970088958740e-03,2.520379424095153809e-02
-3.675699234008789062e-03,5.590125918388366699e-03,2.547842264175415039e-02
-3.869831562042236328e-03,5.801923573017120361e-03,2.579841017723083496e-02
-4.060566425323486328e-03,6.025090813636779785e-03,2.613613009452819824e-02
-4.220545291900634766e-03,6.268948316574096680e-03,2.645364403724670410e-02
-4.383385181427001953e-03,6.461814045906066895e-03,2.674987912178039551e-02
-4.522919654846191406e-03,6.564483046531677246e-03,2.703574299812316895e-02
-4.594802856445312500e-03,6.649784743785858154e-03,2.729752659797668457e-02
-4.682242870330810547e-03,6.732128560543060303e-03,2.755013108253479004e-02
-4.718780517578125000e-03,6.816111505031585693e-03,2.783906459808349609e-02
-4.752755165100097656e-03,6.924539804458618164e-03,2.808147668838500977e-02
-4.813075065612792969e-03,6.901547312736511230e-03,2.844291925430297852e-02
-4.857122898101806641e-03,6.847985088825225830e-03,2.868241071701049805e-02
-4.905939102172851562e-03,6.751179695129394531e-03,2.888441085815429688e-02
-4.954814910888671875e-03,6.665706634521484375e-03,2.902269363403320312e-02
-5.033493041992187500e-03,6.666444242000579834e-03,2.919507026672363281e-02
-5.095601081848144531e-03,6.590284407138824463e-03,2.939197421073913574e-02
-5.157947540283203125e-03,6.497696042060852051e-03,2.958974242210388184e-02
-5.217730998992919922e-03,6.392739713191986084e-03,2.976363897323608398e-02
-5.256474018096923828e-03,6.274089217185974121e-03,2.993205189704895020e-02
-5.306184291839599609e-03,6.155535578727722168e-03,3.008773922920227051e-02
-5.392551422119140625e-03,6.002612411975860596e-03,3.016337752342224121e-02
-5.463302135467529297e-03,5.855098366737365723e-03,3.024122118949890137e-02
-5.522251129150390625e-03,5.716316401958465576e-03,3.031930327415466309e-02
-5.594491958618164062e-03,5.615994334220886230e-03,3.034594655036926270e-02
-5.722463130950927734e-03,5.530685186386108398e-03,3.043609857559204102e-02
-5.850374698638916016e-03,5.449652671813964844e-03,3.048074245452880859e-02
-5.943894386291503906e-03,5.324833095073699951e-03,3.050094842910766602e-02
-5.775988101959228516e-03,5.184680223464965820e-03,3.034290671348571777e-02
-5.653083324432373047e-03,5.065269768238067627e-03,3.021982312202453613e-02
-5.509018898010253906e-03,4.890978336334228516e-03,3.004267811775207520e-02
-5.127489566802978516e-03,5.010269582271575928e-03,2.970993518829345703e-02
-4.765570163726806641e-03,5.109041929244995117e-03,2.939128875732421875e-02
-4.451513290405273438e-03,5.179993808269500732e-03,2.909871935844421387e-02
-4.137039184570312500e-03,5.265705287456512451e-03,2.882531285285949707e-02
-3.581821918487548828e-03,5.318336188793182373e-03,2.851694822311401367e-02
-3.018498420715332031e-03,5.384564399719238281e-03,2.822622656822204590e-02
-2.495944499969482422e-03,5.428493022918701172e-03,2.796468138694763184e-02
-2.045452594757080078e-03,5.404092371463775635e-03,2.777323126792907715e-02
-1.633346080780029297e-03,5.402632057666778564e-03,2.759546041488647461e-02
-1.249372959136962891e-03,5.519039928913116455e-03,2.752289175987243652e-02
-9.548068046569824219e-04,5.617491900920867920e-03,2.755120396614074707e-02
-7.345080375671386719e-04,5.528494715690612793e-03,2.760136127471923828e-02
-5.916357040405273438e-04,5.435511469841003418e-03,2.765083312988281250e-02
-4.585385322570800781e-04,5.366779863834381104e-03,2.769985795021057129e-02
-3.367066383361816406e-04,5.255289375782012939e-03,2.775731682777404785e-02
-2.208352088928222656e-04,5.202576518058776855e-03,2.779194712638854980e-02
-1.900196075439453125e-04,5.169354379177093506e-03,2.798089385032653809e-02
-1.155138015747070312e-04,5.114130675792694092e-03,2.819129824638366699e-02
-4.541873931884765625e-05,5.073994398117065430e-03,2.839738130569458008e-02
1.972913742065429688e-05,5.002640187740325928e-03,2.854394912719726562e-02
7.671117782592773438e-05,4.964224994182586670e-03,2.870112657546997070e-02
1.528859138488769531e-04,4.984915256500244141e-03,2.881181240081787109e-02
2.139806747436523438e-04,5.051948130130767822e-03,2.896392345428466797e-02
3.062486648559570312e-04,5.205638706684112549e-03,2.906826138496398926e-02
3.699064254760742188e-04,5.315296351909637451e-03,2.920719981193542480e-02
4.416108131408691406e-04,5.419537425041198730e-03,2.938625216484069824e-02
4.805326461791992188e-04,5.492769181728363037e-03,2.958542108535766602e-02
5.027055740356445312e-04,5.521580576896667480e-03,2.971026301383972168e-02
4.916191101074218750e-04,5.516044795513153076e-03,2.982714772224426270e-02
7.476210594177246094e-04,5.555577576160430908e-03,2.996096014976501465e-02
9.758472442626953125e-04,5.570635199546813965e-03,3.006494045257568359e-02
1.157641410827636719e-03,5.590453743934631348e-03,3.009858727455139160e-02
1.338303089141845703e-03,5.627103149890899658e-03,3.011801838874816895e-02
1.495838165283203125e-03,5.649670958518981934e-03,3.009957075119018555e-02
1.614034175872802734e-03,5.671255290508270264e-03,3.009486198425292969e-02
1.717686653137207031e-03,5.736425518989562988e-03,3.008455038070678711e-02
2.169609069824218750e-03,5.804009735584259033e-03,3.006210923194885254e-02
2.557396888732910156e-03,5.819879472255706787e-03,3.010812401771545410e-02
2.884924411773681641e-03,5.706280469894409180e-03,3.026169538497924805e-02
3.169298171997070312e-03,5.550757050514221191e-03,3.042104840278625488e-02
3.417313098907470703e-03,5.409583449363708496e-03,3.054982423782348633e-02
3.624200820922851562e-03,5.294822156429290771e-03,3.065496683120727539e-02
3.763258457183837891e-03,5.218245089054107666e-03,3.080230951309204102e-02
3.913700580596923828e-03,5.154028534889221191e-03,3.095424175262451172e-02
4.058957099914550781e-03,5.057141184806823730e-03,3.109946846961975098e-02
4.193186759948730469e-03,5.067430436611175537e-03,3.123816847801208496e-02
4.281878471374511719e-03,5.118161439895629883e-03,3.136369585990905762e-02
4.348278045654296875e-03,5.158744752407073975e-03,3.145036101341247559e-02
4.392564296722412109e-03,5.151532590389251709e-03,3.162428736686706543e-02
4.431426525115966797e-03,5.106657743453979492e-03,3.179079294204711914e-02
4.446208477020263672e-03,5.025602877140045166e-03,3.191798925399780273e-02
4.361391067504882812e-03,5.214646458625793457e-03,3.219768404960632324e-02
4.217624664306640625e-03,5.373470485210418701e-03,3.248965740203857422e-02
4.059731960296630859e-03,5.462713539600372314e-03,3.277301788330078125e-02
3.911852836608886719e-03,5.503736436367034912e-03,3.302547335624694824e-02
3.776907920837402344e-03,5.503080785274505615e-03,3.321695327758789062e-02
3.680050373077392578e-03,5.483917891979217529e-03,3.333684802055358887e-02
3.598630428314208984e-03,5.480512976646423340e-03,3.342276811599731445e-02
3.552615642547607422e-03,5.489662289619445801e-03,3.348043560981750488e-02
3.517568111419677734e-03,5.470223724842071533e-03,3.351056575775146484e-02
3.471016883850097656e-03,5.452647805213928223e-03,3.351837396621704102e-02
3.504157066345214844e-03,5.456291139125823975e-03,3.359359502792358398e-02
3.533124923706054688e-03,5.454361438751220703e-03,3.365692496299743652e-02
3.540396690368652344e-03,5.347736179828643799e-03,3.372618556022644043e-02
3.546774387359619141e-03,5.272731184959411621e-03,3.379175066947937012e-02
3.535449504852294922e-03,5.155801773071289062e-03,3.385788202285766602e-02
3.513991832733154297e-03,5.013413727283477783e-03,3.384047746658325195e-02
3.488779067993164062e-03,4.863150417804718018e-03,3.385820984840393066e-02
3.445863723754882812e-03,4.584021866321563721e-03,3.387692570686340332e-02
3.419101238250732422e-03,4.349678754806518555e-03,3.386771678924560547e-02
3.401637077331542969e-03,4.119127988815307617e-03,3.386881947517395020e-02
3.394007682800292969e-03,3.960721194744110107e-03,3.388527035713195801e-02
3.426969051361083984e-03,3.752388060092926025e-03,3.386554121971130371e-02
3.462553024291992188e-03,3.620363771915435791e-03,3.385734558105468750e-02
3.516554832458496094e-03,3.428146243095397949e-03,3.390040993690490723e-02
3.587126731872558594e-03,3.263540565967559814e-03,3.386154770851135254e-02
3.641963005065917969e-03,3.189243376255035400e-03,3.380316495895385742e-02
3.657639026641845703e-03,3.056660294532775879e-03,3.372779488563537598e-02
3.679037094116210938e-03,2.999112010002136230e-03,3.370189666748046875e-02
3.681719303131103516e-03,2.998054027557373047e-03,3.363928198814392090e-02
3.701746463775634766e-03,2.987377345561981201e-03,3.359991312026977539e-02
3.707349300384521484e-03,2.960339188575744629e-03,3.356501460075378418e-02
3.762006759643554688e-03,2.950333058834075928e-03,3.356808423995971680e-02
3.795862197875976562e-03,2.909392118453979492e-03,3.345665335655212402e-02
3.821611404418945312e-03,2.920053899288177490e-03,3.332677483558654785e-02
3.841996192932128906e-03,2.907358109951019287e-03,3.320497274398803711e-02
3.851234912872314453e-03,2.873204648494720459e-03,3.309419751167297363e-02
3.864288330078125000e-03,2.834014594554901123e-03,3.300914168357849121e-02
4.083693027496337891e-03,2.880997955799102783e-03,3.268313407897949219e-02
4.249155521392822266e-03,2.888143062591552734e-03,3.239461779594421387e-02
4.293262958526611328e-03,2.704359591007232666e-03,3.217336535453796387e-02
4.304051399230957031e-03,2.488285303115844727e-03,3.195211291313171387e-02
4.279732704162597656e-03,2.312123775482177734e-03,3.194725513458251953e-02
4.259884357452392578e-03,2.165228128433227539e-03,3.198277950286865234e-02
4.248023033142089844e-03,2.026133239269256592e-03,3.201159834861755371e-02
4.226207733154296875e-03,1.881100237369537354e-03,3.201711177825927734e-02
4.204273223876953125e-03,1.815140247344970703e-03,3.197526931762695312e-02
4.186809062957763672e-03,1.785531640052795410e-03,3.188821673393249512e-02
4.148662090301513672e-03,1.750022172927856445e-03,3.176674246788024902e-02
4.209578037261962891e-03,1.885995268821716309e-03,3.193730115890502930e-02
4.274368286132812500e-03,2.007812261581420898e-03,3.207471966743469238e-02
4.300832748413085938e-03,2.125367522239685059e-03,3.219175338745117188e-02
4.337668418884277344e-03,2.203121781349182129e-03,3.228995203971862793e-02
4.353284835815429688e-03,2.367474138736724854e-03,3.240922093391418457e-02
4.357933998107910156e-03,2.541206777095794678e-03,3.253072500228881836e-02
4.370748996734619141e-03,2.747334539890289307e-03,3.263378143310546875e-02
4.617631435394287109e-03,2.775162458419799805e-03,3.271496295928955078e-02
4.799187183380126953e-03,2.684630453586578369e-03,3.275170922279357910e-02
5.012869834899902344e-03,2.631522715091705322e-03,3.272125124931335449e-02
5.131542682647705078e-03,2.625487744808197021e-03,3.269281983375549316e-02
5.237638950347900391e-03,2.564154565334320068e-03,3.265422582626342773e-02
5.398511886596679688e-03,2.441138029098510742e-03,3.249463438987731934e-02
5.570769309997558594e-03,2.374157309532165527e-03,3.236100077629089355e-02
5.722701549530029297e-03,2.124071121215820312e-03,3.220966458320617676e-02
5.871951580047607422e-03,1.940801739692687988e-03,3.207463026046752930e-02
5.987107753753662109e-03,1.754939556121826172e-03,3.195047378540039062e-02
6.073117256164550781e-03,1.362405717372894287e-03,3.192746639251708984e-02
6.208479404449462891e-03,8.695796132087707520e-04,3.192088007926940918e-02
6.505012512207031250e-03,4.974752664566040039e-04,3.167703747749328613e-02
6.768167018890380859e-03,2.215877175331115723e-04,3.159609436988830566e-02
6.977379322052001953e-03,-7.845461368560791016e-06,3.155899047851562500e-02
7.173120975494384766e-03,-2.153664827346801758e-04,3.148370981216430664e-02
7.337987422943115234e-03,-3.768727183341979980e-04,3.150990605354309082e-02
7.487118244171142578e-03,-5.163401365280151367e-04,3.145083785057067871e-02
7.613360881805419922e-03,-5.141571164131164551e-04,3.145030140876770020e-02
7.724940776824951172e-03,-5.010813474655151367e-04,3.141474723815917969e-02
7.838547229766845703e-03,-5.052760243415832520e-04,3.137007355690002441e-02
7.946372032165527344e-03,-8.430853486061096191e-04,3.125497698783874512e-02
8.085310459136962891e-03,-1.139752566814422607e-03,3.116139769554138184e-02
8.210003376007080078e-03,-1.391343772411346436e-03,3.106787800788879395e-02
8.304297924041748047e-03,-1.599840819835662842e-03,3.102838993072509766e-02
8.378624916076660156e-03,-1.886509358882904053e-03,3.097245097160339355e-02
8.418679237365722656e-03,-2.160191535949707031e-03,3.092283010482788086e-02
8.417487144470214844e-03,-2.398036420345306396e-03,3.090202808380126953e-02
8.383750915527343750e-03,-2.602815628051757812e-03,3.096577525138854980e-02
8.326470851898193359e-03,-2.826102077960968018e-03,3.106638789176940918e-02
8.270859718322753906e-03,-3.080420196056365967e-03,3.115236759185791016e-02
8.215963840484619141e-03,-3.336578607559204102e-03,3.120604157447814941e-02
8.194386959075927734e-03,-3.572165966033935547e-03,3.116255998611450195e-02
8.190631866455078125e-03,-3.342114388942718506e-03,3.121176362037658691e-02
8.143723011016845703e-03,-3.144480288028717041e-03,3.130683302879333496e-02
8.077204227447509766e-03,-3.008462488651275635e-03,3.138795495033264160e-02
8.029282093048095703e-03,-2.868868410587310791e-03,3.143408894538879395e-02
7.999300956726074219e-03,-2.753265202045440674e-03,3.147765994071960449e-02
7.978677749633789062e-03,-2.636760473251342773e-03,3.156182169914245605e-02
7.921874523162841797e-03,-2.483911812305450439e-03,3.165179491043090820e-02
7.858693599700927734e-03,-2.339139580726623535e-03,3.171914815902709961e-02
7.814645767211914062e-03,-2.242513000965118408e-03,3.176075220108032227e-02
7.719457149505615234e-03,-2.205029129981994629e-03,3.175246715545654297e-02
7.651627063751220703e-03,-2.152957022190093994e-03,3.171291947364807129e-02
7.584273815155029297e-03,-2.066843211650848389e-03,3.168979287147521973e-02
7.495641708374023438e-03,-1.968838274478912354e-03,3.165370225906372070e-02
7.430553436279296875e-03,-1.896224915981292725e-03,3.164726495742797852e-02
7.402062416076660156e-03,-1.792982220649719238e-03,3.166013956069946289e-02
7.375001907348632812e-03,-1.673892140388488770e-03,3.167185187339782715e-02
7.379472255706787109e-03,-1.570150256156921387e-03,3.167298436164855957e-02
7.379114627838134766e-03,-1.474805176258087158e-03,3.165975213050842285e-02
7.361710071563720703e-03,-1.420244574546813965e-03,3.163671493530273438e-02
7.402718067169189453e-03,-1.320965588092803955e-03,3.161588311195373535e-02
7.440090179443359375e-03,-1.203767955303192139e-03,3.165709972381591797e-02
7.466435432434082031e-03,-1.072838902473449707e-03,3.166115283966064453e-02
7.448852062225341797e-03,-9.744465351104736328e-04,3.169739246368408203e-02
7.441878318786621094e-03,-8.847191929817199707e-04,3.170505166053771973e-02
7.447481155395507812e-03,-7.978975772857666016e-04,3.171068429946899414e-02
7.434308528900146484e-03,-6.975755095481872559e-04,3.168743848800659180e-02
7.328033447265625000e-03,-5.877614021301269531e-04,3.167101740837097168e-02
7.234871387481689453e-03,-5.128532648086547852e-04,3.164601325988769531e-02
7.308483123779296875e-03,-4.152730107307434082e-04,3.164538741111755371e-02
7.384717464447021484e-03,-3.436952829360961914e-04,3.161272406578063965e-02
7.434904575347900391e-03,-2.888292074203491211e-04,3.165787458419799805e-02
7.366359233856201172e-03,-2.974271774291992188e-04,3.175246715545654297e-02
7.332921028137207031e-03,-2.977848052978515625e-04,3.175929188728332520e-02
7.258117198944091797e-03,-3.911554813385009766e-06,3.179317712783813477e-02
7.168054580688476562e-03,1.812130212783813477e-04,3.180813789367675781e-02
7.102608680725097656e-03,5.627423524856567383e-04,3.171426057815551758e-02
7.042527198791503906e-03,9.186640381813049316e-04,3.162375092506408691e-02
6.973862648010253906e-03,1.283876597881317139e-03,3.157147765159606934e-02
6.902694702148437500e-03,1.594804227352142334e-03,3.153559565544128418e-02
6.855309009552001953e-03,1.883149147033691406e-03,3.145939111709594727e-02
6.833016872406005859e-03,2.120196819305419922e-03,3.138962388038635254e-02
6.838679313659667969e-03,2.334743738174438477e-03,3.131812810897827148e-02
6.809949874877929688e-03,2.514757215976715088e-03,3.124698996543884277e-02
6.792545318603515625e-03,2.663142979145050049e-03,3.124320507049560547e-02
6.733059883117675781e-03,2.800844609737396240e-03,3.129178285598754883e-02
6.635785102844238281e-03,2.961181104183197021e-03,3.138586878776550293e-02
6.555259227752685547e-03,3.144666552543640137e-03,3.148779273033142090e-02
6.483852863311767578e-03,3.312662243843078613e-03,3.160256147384643555e-02
6.618678569793701172e-03,3.463290631771087646e-03,3.167936205863952637e-02
6.933689117431640625e-03,3.535076975822448730e-03,3.152474761009216309e-02
7.095098495483398438e-03,3.525152802467346191e-03,3.140801191329956055e-02
7.239639759063720703e-03,3.493629395961761475e-03,3.129395842552185059e-02
7.600307464599609375e-03,3.653213381767272949e-03,3.103861212730407715e-02
7.939875125885009766e-03,3.805197775363922119e-03,3.082984685897827148e-02
8.228063583374023438e-03,3.938145935535430908e-03,3.062447905540466309e-02
8.445322513580322266e-03,4.051804542541503906e-03,3.043162822723388672e-02
8.622765541076660156e-03,4.163414239883422852e-03,3.025946021080017090e-02
8.791327476501464844e-03,4.287496209144592285e-03,3.005194664001464844e-02
8.907198905944824219e-03,4.390433430671691895e-03,2.989536523818969727e-02
8.981227874755859375e-03,4.500173032283782959e-03,2.979686856269836426e-02
9.008407592773437500e-03,4.483312368392944336e-03,2.969875931739807129e-02
9.037852287292480469e-03,4.470989108085632324e-03,2.962759137153625488e-02
9.079098701477050781e-03,4.485920071601867676e-03,2.955803275108337402e-02
9.089469909667968750e-03,4.440143704414367676e-03,2.944803237915039062e-02
9.082138538360595703e-03,4.356727004051208496e-03,2.937042713165283203e-02
9.039163589477539062e-03,4.239924252033233643e-03,2.936956286430358887e-02
8.973598480224609375e-03,4.160158336162567139e-03,2.939304709434509277e-02
8.903861045837402344e-03,4.105851054191589355e-03,2.943095564842224121e-02
8.771538734436035156e-03,4.044055938720703125e-03,2.949157357215881348e-02
8.663594722747802734e-03,4.001662135124206543e-03,2.955645322799682617e-02
8.490085601806640625e-03,3.986746072769165039e-03,2.967494726181030273e-02
8.334696292877197266e-03,3.972582519054412842e-03,2.978771924972534180e-02
8.185863494873046875e-03,3.943428397178649902e-03,2.990150451660156250e-02
8.056223392486572266e-03,3.884136676788330078e-03,2.998837828636169434e-02
7.950246334075927734e-03,3.802858293056488037e-03,3.009849786758422852e-02
7.835865020751953125e-03,3.693357110023498535e-03,3.022930026054382324e-02
7.716655731201171875e-03,3.556497395038604736e-03,3.043729066848754883e-02
7.599472999572753906e-03,3.422081470489501953e-03,3.065770864486694336e-02
7.485985755920410156e-03,3.351658582687377930e-03,3.087198734283447266e-02
7.390081882476806641e-03,3.286391496658325195e-03,3.106269240379333496e-02
7.282078266143798828e-03,3.221571445465087891e-03,3.121188282966613770e-02
7.171809673309326172e-03,3.169864416122436523e-03,3.132286667823791504e-02
7.056295871734619141e-03,3.153204917907714844e-03,3.139311075210571289e-02
6.933033466339111328e-03,3.137186169624328613e-03,3.146606683731079102e-02
6.816923618316650391e-03,3.115959465503692627e-03,3.152588009834289551e-02
6.738364696502685547e-03,3.130324184894561768e-03,3.159898519515991211e-02
6.669759750366210938e-03,3.121003508567810059e-03,3.166946768760681152e-02
6.606698036193847656e-03,3.155037760734558105e-03,3.175017237663269043e-02
6.533026695251464844e-03,3.168612718582153320e-03,3.190955519676208496e-02
6.492674350738525391e-03,3.169007599353790283e-03,3.205406665802001953e-02
6.475567817687988281e-03,3.196619451045989990e-03,3.213796019554138184e-02
6.478130817413330078e-03,3.222361207008361816e-03,3.223493695259094238e-02
6.491005420684814453e-03,3.271423280239105225e-03,3.233084082603454590e-02
6.473183631896972656e-03,3.303043544292449951e-03,3.246548771858215332e-02
6.443440914154052734e-03,3.318019211292266846e-03,3.257936239242553711e-02
6.371676921844482422e-03,3.324158489704132080e-03,3.269809484481811523e-02
6.318688392639160156e-03,3.370255231857299805e-03,3.280866146087646484e-02
6.283998489379882812e-03,3.417596220970153809e-03,3.290590643882751465e-02
6.261885166168212891e-03,3.496505320072174072e-03,3.300842642784118652e-02
6.212055683135986328e-03,3.581933677196502686e-03,3.312358260154724121e-02
6.156921386718750000e-03,3.691434860229492188e-03,3.320848941802978516e-02
6.108999252319335938e-03,3.809593617916107178e-03,3.329437971115112305e-02
6.039142608642578125e-03,3.852590918540954590e-03,3.340479731559753418e-02
5.941390991210937500e-03,3.868967294692993164e-03,3.351113200187683105e-02
5.839765071868896484e-03,3.867343068122863770e-03,3.357753157615661621e-02
5.727827548980712891e-03,3.857783973217010498e-03,3.368824720382690430e-02
5.618035793304443359e-03,3.804236650466918945e-03,3.376954793930053711e-02
5.518496036529541016e-03,3.743663430213928223e-03,3.381448984146118164e-02
5.411326885223388672e-03,3.721952438354492188e-03,3.398993611335754395e-02
5.336701869964599609e-03,3.719285130500793457e-03,3.413805365562438965e-02
5.294322967529296875e-03,3.706634044647216797e-03,3.424641489982604980e-02
5.236387252807617188e-03,3.695026040077209473e-03,3.432312607765197754e-02
5.188643932342529297e-03,3.617405891418457031e-03,3.440383076667785645e-02
5.143284797668457031e-03,3.555446863174438477e-03,3.447657823562622070e-02
5.106747150421142578e-03,3.467701375484466553e-03,3.456652164459228516e-02
5.078256130218505859e-03,3.346040844917297363e-03,3.463196754455566406e-02
5.035281181335449219e-03,3.261640667915344238e-03,3.468370437622070312e-02
4.989743232727050781e-03,3.198117017745971680e-03,3.476253151893615723e-02
5.052149295806884766e-03,3.179974853992462158e-03,3.479000926017761230e-02
5.132913589477539062e-03,3.171905875205993652e-03,3.478890657424926758e-02
5.204260349273681641e-03,3.168523311614990234e-03,3.481745719909667969e-02
5.274951457977294922e-03,3.183797001838684082e-03,3.483885526657104492e-02
5.331397056579589844e-03,3.205910325050354004e-03,3.482875227928161621e-02
5.367100238800048828e-03,3.227159380912780762e-03,3.488034009933471680e-02
5.415737628936767578e-03,3.234207630157470703e-03,3.495302796363830566e-02
5.454123020172119141e-03,3.257662057876586914e-03,3.504955768585205078e-02
5.489647388458251953e-03,3.327377140522003174e-03,3.515097498893737793e-02
5.551636219024658203e-03,3.371931612491607666e-03,3.518524765968322754e-02
5.592644214630126953e-03,3.386855125427246094e-03,3.519466519355773926e-02
5.656182765960693359e-03,3.367953002452850342e-03,3.516894578933715820e-02
5.719363689422607422e-03,3.370270133018493652e-03,3.514230251312255859e-02
5.775034427642822266e-03,3.346778452396392822e-03,3.511604666709899902e-02
5.838930606842041016e-03,3.331087529659271240e-03,3.508618474006652832e-02
5.884706974029541016e-03,3.343977034091949463e-03,3.507420420646667480e-02
5.915105342864990234e-03,3.343641757965087891e-03,3.501269221305847168e-02
5.873799324035644531e-03,3.219202160835266113e-03,3.503432869911193848e-02
5.846619606018066406e-03,3.088459372520446777e-03,3.505495190620422363e-02
5.857050418853759766e-03,2.992011606693267822e-03,3.508332371711730957e-02
5.870282649993896484e-03,2.888232469558715820e-03,3.509926795959472656e-02
5.919933319091796875e-03,2.778463065624237061e-03,3.509411215782165527e-02
5.962908267974853516e-03,2.670682966709136963e-03,3.503462672233581543e-02
5.995273590087890625e-03,2.653650939464569092e-03,3.475373983383178711e-02
5.998969078063964844e-03,2.630375325679779053e-03,3.454059362411499023e-02
5.983591079711914062e-03,2.615138888359069824e-03,3.435170650482177734e-02
5.993008613586425781e-03,2.629801630973815918e-03,3.418481349945068359e-02
5.992293357849121094e-03,2.643451094627380371e-03,3.405022621154785156e-02
5.985319614410400391e-03,2.604097127914428711e-03,3.389126062393188477e-02
5.977571010589599609e-03,2.580143511295318604e-03,3.369498252868652344e-02
5.980193614959716797e-03,2.560719847679138184e-03,3.358423709869384766e-02
5.985319614410400391e-03,2.516858279705047607e-03,3.347504138946533203e-02
5.995690822601318359e-03,2.498559653759002686e-03,3.337195515632629395e-02
5.993843078613281250e-03,2.471074461936950684e-03,3.326448798179626465e-02
5.962252616882324219e-03,2.443514764308929443e-03,3.316640853881835938e-02
5.976319313049316406e-03,2.431571483612060547e-03,3.301379084587097168e-02
6.208300590515136719e-03,2.587400376796722412e-03,3.288117051124572754e-02
6.433784961700439453e-03,2.753630280494689941e-03,3.275790810585021973e-02
6.611704826354980469e-03,2.903692424297332764e-03,3.267601132392883301e-02
6.770551204681396484e-03,3.068074584007263184e-03,3.256353735923767090e-02
6.906330585479736328e-03,3.149233758449554443e-03,3.249147534370422363e-02
7.195770740509033203e-03,3.391310572624206543e-03,3.228777647018432617e-02
7.629632949829101562e-03,3.540232777595520020e-03,3.192612528800964355e-02
8.021295070648193359e-03,3.677666187286376953e-03,3.159856796264648438e-02
8.322775363922119141e-03,3.745734691619873047e-03,3.126570582389831543e-02
8.588373661041259766e-03,3.809578716754913330e-03,3.097274899482727051e-02
8.805334568023681641e-03,3.880672156810760498e-03,3.076681494712829590e-02
8.992314338684082031e-03,3.955230116844177246e-03,3.057834506034851074e-02
9.123802185058593750e-03,4.008173942565917969e-03,3.050097823143005371e-02
9.246468544006347656e-03,4.032947123050689697e-03,3.040391206741333008e-02
9.307742118835449219e-03,4.022009670734405518e-03,3.031787276268005371e-02
9.346008300781250000e-03,4.015207290649414062e-03,3.023698925971984863e-02
9.365856647491455078e-03,4.038810729980468750e-03,3.017476201057434082e-02
9.394526481628417969e-03,4.080779850482940674e-03,3.013443946838378906e-02
9.338974952697753906e-03,4.025161266326904297e-03,3.024232387542724609e-02
9.278595447540283203e-03,3.968238830566406250e-03,3.031989932060241699e-02
9.210228919982910156e-03,3.927767276763916016e-03,3.040853142738342285e-02
9.131610393524169922e-03,3.882057964801788330e-03,3.050881624221801758e-02
9.073615074157714844e-03,3.848671913146972656e-03,3.055143356323242188e-02
8.955955505371093750e-03,3.827936947345733643e-03,3.070193529129028320e-02
8.843839168548583984e-03,3.819026052951812744e-03,3.084072470664978027e-02
8.758187294006347656e-03,3.842607140541076660e-03,3.095847368240356445e-02
8.690953254699707031e-03,3.867551684379577637e-03,3.106102347373962402e-02
8.616983890533447266e-03,3.900811076164245605e-03,3.115469217300415039e-02
8.515238761901855469e-03,3.912486135959625244e-03,3.125917911529541016e-02
8.391261100769042969e-03,3.903277218341827393e-03,3.139668703079223633e-02
8.286356925964355469e-03,3.910079598426818848e-03,3.156554698944091797e-02
8.182704448699951172e-03,3.909781575202941895e-03,3.175407648086547852e-02
8.079886436462402344e-03,3.913626074790954590e-03,3.188389539718627930e-02
8.221626281738281250e-03,4.070781171321868896e-03,3.186786174774169922e-02
8.325815200805664062e-03,4.172101616859436035e-03,3.185901045799255371e-02
8.422911167144775391e-03,4.251599311828613281e-03,3.188866376876831055e-02
8.512318134307861328e-03,4.317842423915863037e-03,3.191497921943664551e-02
8.571922779083251953e-03,4.412852227687835693e-03,3.192090988159179688e-02
8.596360683441162109e-03,4.501052200794219971e-03,3.192517161369323730e-02
8.587598800659179688e-03,4.571706056594848633e-03,3.194516897201538086e-02
8.565425872802734375e-03,4.595294594764709473e-03,3.193455934524536133e-02
8.459270000457763672e-03,4.590950906276702881e-03,3.194293379783630371e-02
8.553743362426757812e-03,4.575222730636596680e-03,3.187036514282226562e-02
8.650302886962890625e-03,4.576966166496276855e-03,3.180024027824401855e-02
8.706986904144287109e-03,4.564285278320312500e-03,3.167834877967834473e-02
8.734643459320068359e-03,4.510805010795593262e-03,3.149375319480895996e-02
8.690536022186279297e-03,4.433006048202514648e-03,3.141584992408752441e-02
8.630037307739257812e-03,4.349142313003540039e-03,3.134274482727050781e-02
8.572041988372802734e-03,4.284478724002838135e-03,3.128665685653686523e-02
8.556902408599853516e-03,4.208087921142578125e-03,3.123873472213745117e-02
8.547306060791015625e-03,4.296407103538513184e-03,3.104928135871887207e-02
8.534312248229980469e-03,4.416503012180328369e-03,3.086465597152709961e-02
8.477151393890380859e-03,4.572346806526184082e-03,3.074783086776733398e-02
8.402884006500244141e-03,4.716880619525909424e-03,3.065383434295654297e-02
8.313298225402832031e-03,4.825815558433532715e-03,3.057071566581726074e-02
8.204877376556396484e-03,4.814796149730682373e-03,3.053879737854003906e-02
8.095204830169677734e-03,4.815734922885894775e-03,3.052979707717895508e-02
7.987976074218750000e-03,4.814006388187408447e-03,3.054592013359069824e-02
7.883667945861816406e-03,4.805617034435272217e-03,3.055843710899353027e-02
7.746577262878417969e-03,4.739895462989807129e-03,3.059995174407958984e-02
7.620036602020263672e-03,4.689402878284454346e-03,3.067734837532043457e-02
7.476210594177246094e-03,4.678905010223388672e-03,3.076624870300292969e-02
7.354795932769775391e-03,4.770793020725250244e-03,3.085193037986755371e-02
7.232367992401123047e-03,4.863336682319641113e-03,3.093633055686950684e-02
7.097780704498291016e-03,4.925921559333801270e-03,3.106394410133361816e-02
6.951153278350830078e-03,4.983313381671905518e-03,3.116992115974426270e-02
6.828248500823974609e-03,5.047321319580078125e-03,3.124710917472839355e-02
6.751656532287597656e-03,5.133077502250671387e-03,3.133246302604675293e-02
6.633937358856201172e-03,5.205281078815460205e-03,3.144621849060058594e-02
6.546318531036376953e-03,5.275420844554901123e-03,3.156673908233642578e-02
6.412088871002197266e-03,5.250774323940277100e-03,3.174385428428649902e-02
6.328940391540527344e-03,5.323641002178192139e-03,3.194591403007507324e-02
6.237030029296875000e-03,5.384527146816253662e-03,3.216889500617980957e-02
6.168246269226074219e-03,5.446985363960266113e-03,3.233030438423156738e-02
6.150662899017333984e-03,5.547456443309783936e-03,3.244352340698242188e-02
6.122708320617675781e-03,5.609683692455291748e-03,3.253099322319030762e-02
6.083250045776367188e-03,5.676940083503723145e-03,3.260895609855651855e-02
6.046712398529052734e-03,5.728296935558319092e-03,3.267675638198852539e-02
6.031513214111328125e-03,5.823396146297454834e-03,3.274327516555786133e-02
6.021022796630859375e-03,5.923137068748474121e-03,3.282698988914489746e-02
5.996882915496826172e-03,5.989678204059600830e-03,3.290897607803344727e-02
5.976259708404541016e-03,6.054535508155822754e-03,3.300204873085021973e-02
5.972027778625488281e-03,6.141997873783111572e-03,3.309059143066406250e-02
5.980253219604492188e-03,6.298176944255828857e-03,3.320887684822082520e-02
5.981802940368652344e-03,6.378263235092163086e-03,3.335043787956237793e-02
5.976557731628417969e-03,6.456889212131500244e-03,3.346127271652221680e-02
5.982577800750732422e-03,6.482563912868499756e-03,3.358903527259826660e-02
5.975365638732910156e-03,6.511233747005462646e-03,3.370746970176696777e-02
5.993783473968505859e-03,6.615743041038513184e-03,3.342542052268981934e-02
6.038010120391845703e-03,6.697826087474822998e-03,3.318879008293151855e-02
6.034195423126220703e-03,6.706856191158294678e-03,3.296187520027160645e-02
6.017267704010009766e-03,6.659269332885742188e-03,3.271517157554626465e-02
5.993366241455078125e-03,6.600059568881988525e-03,3.248250484466552734e-02
5.983173847198486328e-03,6.544619798660278320e-03,3.231757879257202148e-02
5.972027778625488281e-03,6.490774452686309814e-03,3.220137953758239746e-02
5.965650081634521484e-03,6.427317857742309570e-03,3.212136030197143555e-02
5.928993225097656250e-03,6.202153861522674561e-03,3.207397460937500000e-02
5.865395069122314453e-03,5.960717797279357910e-03,3.201586008071899414e-02
5.789875984191894531e-03,5.692131817340850830e-03,3.195127844810485840e-02
5.720138549804687500e-03,5.467735230922698975e-03,3.188118338584899902e-02
5.677282810211181641e-03,5.263082683086395264e-03,3.182962536811828613e-02
5.630791187286376953e-03,5.125746130943298340e-03,3.177413344383239746e-02
5.633771419525146484e-03,5.001135170459747314e-03,3.172367811203002930e-02
5.635380744934082031e-03,4.888370633125305176e-03,3.168690204620361328e-02
5.669951438903808594e-03,4.824504256248474121e-03,3.166592121124267578e-02
5.701363086700439453e-03,4.778869450092315674e-03,3.164616227149963379e-02
5.745708942413330078e-03,4.737868905067443848e-03,3.159978985786437988e-02
5.790472030639648438e-03,4.685491323471069336e-03,3.156605362892150879e-02
5.846500396728515625e-03,4.658199846744537354e-03,3.148305416107177734e-02
5.892753601074218750e-03,4.640534520149230957e-03,3.138774633407592773e-02
5.922436714172363281e-03,4.613041877746582031e-03,3.129354119300842285e-02
5.939126014709472656e-03,4.562094807624816895e-03,3.120875358581542969e-02
5.940079689025878906e-03,4.519276320934295654e-03,3.113162517547607422e-02
5.920827388763427734e-03,4.473879933357238770e-03,3.105759620666503906e-02
5.913019180297851562e-03,4.426330327987670898e-03,3.102114796638488770e-02
5.919575691223144531e-03,4.383891820907592773e-03,3.094926476478576660e-02
5.917489528656005859e-03,4.342675209045410156e-03,3.088015317916870117e-02
5.916595458984375000e-03,4.277221858501434326e-03,3.081914782524108887e-02
5.903124809265136719e-03,4.225097596645355225e-03,3.076198697090148926e-02
5.900979042053222656e-03,4.185877740383148193e-03,3.072053194046020508e-02
5.930542945861816406e-03,4.183404147624969482e-03,3.067180514335632324e-02
5.955874919891357422e-03,4.186213016510009766e-03,3.066572546958923340e-02
5.960285663604736328e-03,4.205167293548583984e-03,3.069680929183959961e-02
5.904018878936767578e-03,4.145719110965728760e-03,3.078901767730712891e-02
5.840599536895751953e-03,4.120796918869018555e-03,3.085637092590332031e-02
5.787074565887451172e-03,4.107698798179626465e-03,3.091725707054138184e-02
5.756437778472900391e-03,4.112720489501953125e-03,3.095823526382446289e-02
5.725324153900146484e-03,4.146486520767211914e-03,3.095769882202148438e-02
5.677044391632080078e-03,4.180327057838439941e-03,3.094059228897094727e-02
5.635023117065429688e-03,4.195623099803924561e-03,3.093588352203369141e-02
5.649924278259277344e-03,4.202827811241149902e-03,3.088665008544921875e-02
5.660414695739746094e-03,4.201225936412811279e-03,3.088146448135375977e-02
5.654692649841308594e-03,4.155814647674560547e-03,3.085759282112121582e-02
5.678236484527587891e-03,4.119798541069030762e-03,3.082925081253051758e-02
5.681395530700683594e-03,4.103802144527435303e-03,3.084194660186767578e-02
5.723714828491210938e-03,4.089280962944030762e-03,3.085768222808837891e-02
5.772829055786132812e-03,4.094563424587249756e-03,3.084173798561096191e-02
5.826473236083984375e-03,4.096522927284240723e-03,3.086689114570617676e-02
5.863726139068603516e-03,4.112444818019866943e-03,3.092995285987854004e-02
5.906343460083007812e-03,4.256382584571838379e-03,3.100207448005676270e-02
5.954384803771972656e-03,4.395544528961181641e-03,3.103521466255187988e-02
6.003618240356445312e-03,4.485994577407836914e-03,3.103867173194885254e-02
6.041944026947021484e-03,4.586212337017059326e-03,3.102836012840270996e-02
6.075143814086914062e-03,4.686743021011352539e-03,3.100869059562683105e-02
6.124436855316162109e-03,4.786744713783264160e-03,3.095927834510803223e-02
6.139457225799560547e-03,4.882760345935821533e-03,3.090748190879821777e-02
6.280541419982910156e-03,5.046471953392028809e-03,3.073710203170776367e-02
6.413459777832031250e-03,5.215808749198913574e-03,3.057324886322021484e-02
6.516456604003906250e-03,5.254007875919342041e-03,3.041094541549682617e-02
6.598174571990966797e-03,5.278438329696655273e-03,3.035014867782592773e-02
6.683766841888427734e-03,5.269393324851989746e-03,3.030517697334289551e-02
6.761431694030761719e-03,5.261823534965515137e-03,3.025758266448974609e-02
6.796717643737792969e-03,5.259327590465545654e-03,3.026852011680603027e-02
6.796896457672119141e-03,5.227953195571899414e-03,3.028297424316406250e-02
6.760418415069580078e-03,5.191959440708160400e-03,3.030681610107421875e-02
6.719708442687988281e-03,5.200400948524475098e-03,3.039404749870300293e-02
6.667673587799072266e-03,5.176454782485961914e-03,3.048595786094665527e-02
6.640911102294921875e-03,5.168609321117401123e-03,3.054991364479064941e-02
6.620764732360839844e-03,5.183175206184387207e-03,3.061407804489135742e-02
6.628155708312988281e-03,5.194239318370819092e-03,3.064227104187011719e-02
6.576955318450927734e-03,5.183801054954528809e-03,3.069517016410827637e-02
6.547033786773681641e-03,5.186423659324645996e-03,3.074622154235839844e-02
6.526827812194824219e-03,5.198277533054351807e-03,3.078591823577880859e-02
6.549775600433349609e-03,5.331903696060180664e-03,3.086203336715698242e-02
6.550431251525878906e-03,5.359157919883728027e-03,3.109568357467651367e-02
6.515145301818847656e-03,5.382865667343139648e-03,3.130310773849487305e-02
6.483852863311767578e-03,5.401715636253356934e-03,3.152602910995483398e-02
6.438314914703369141e-03,5.460813641548156738e-03,3.176057338714599609e-02
6.389737129211425781e-03,5.542218685150146484e-03,3.201493620872497559e-02
6.364822387695312500e-03,5.643203854560852051e-03,3.221750259399414062e-02
6.347179412841796875e-03,5.741126835346221924e-03,3.240531682968139648e-02
6.310045719146728516e-03,5.819194018840789795e-03,3.256380558013916016e-02
6.263315677642822266e-03,5.878254771232604980e-03,3.269034624099731445e-02
6.208539009094238281e-03,5.894742906093597412e-03,3.277790546417236328e-02
6.159663200378417969e-03,5.915686488151550293e-03,3.286045789718627930e-02
6.110191345214843750e-03,6.014630198478698730e-03,3.299352526664733887e-02
6.062448024749755859e-03,6.074503064155578613e-03,3.312015533447265625e-02
6.007134914398193359e-03,6.134673953056335449e-03,3.323596715927124023e-02
5.938827991485595703e-03,6.191514432430267334e-03,3.333863615989685059e-02
5.860090255737304688e-03,6.213180720806121826e-03,3.341072797775268555e-02
5.795776844024658203e-03,6.181359291076660156e-03,3.344419598579406738e-02
5.753159523010253906e-03,6.161205470561981201e-03,3.346669673919677734e-02
5.708217620849609375e-03,6.118118762969970703e-03,3.348645567893981934e-02
5.724370479583740234e-03,6.049036979675292969e-03,3.347146511077880859e-02
5.742669105529785156e-03,5.985684692859649658e-03,3.345414996147155762e-02
5.744159221649169922e-03,5.908824503421783447e-03,3.341722488403320312e-02
5.742073059082031250e-03,5.831085145473480225e-03,3.341603279113769531e-02
5.746245384216308594e-03,5.755648016929626465e-03,3.340035676956176758e-02
5.765020847320556641e-03,5.740880966186523438e-03,3.335177898406982422e-02
5.792379379272460938e-03,5.693636834621429443e-03,3.329536318778991699e-02
5.813956260681152344e-03,5.655169486999511719e-03,3.321483731269836426e-02
5.839109420776367188e-03,5.618847906589508057e-03,3.315544128417968750e-02
5.823731422424316406e-03,5.625173449516296387e-03,3.313153982162475586e-02
5.798935890197753906e-03,5.633033812046051025e-03,3.308850526809692383e-02
5.769073963165283203e-03,5.653299391269683838e-03,3.307315707206726074e-02
5.758821964263916016e-03,5.682587623596191406e-03,3.305482864379882812e-02
5.735695362091064453e-03,5.716472864151000977e-03,3.303244709968566895e-02
5.696892738342285156e-03,5.743570625782012939e-03,3.302350640296936035e-02
5.679666996002197266e-03,5.723401904106140137e-03,3.297400474548339844e-02
5.653500556945800781e-03,5.692705512046813965e-03,3.294351696968078613e-02
5.580365657806396484e-03,5.507133901119232178e-03,3.292477130889892578e-02
5.537986755371093750e-03,5.391553044319152832e-03,3.288111090660095215e-02
5.481243133544921875e-03,5.274735391139984131e-03,3.283852338790893555e-02
5.438566207885742188e-03,5.168423056602478027e-03,3.278282284736633301e-02
5.412638187408447266e-03,5.064368247985839844e-03,3.271117806434631348e-02
5.375266075134277344e-03,4.953756928443908691e-03,3.263315558433532715e-02
5.347132682800292969e-03,4.853777587413787842e-03,3.256979584693908691e-02
5.333065986633300781e-03,4.789732396602630615e-03,3.251019120216369629e-02
5.325317382812500000e-03,4.740647971630096436e-03,3.245520591735839844e-02
5.294263362884521484e-03,4.688404500484466553e-03,3.242552280426025391e-02
5.252897739410400391e-03,4.634745419025421143e-03,3.242132067680358887e-02
5.216479301452636719e-03,4.572555422782897949e-03,3.242939710617065430e-02
5.171358585357666016e-03,4.508160054683685303e-03,3.247612714767456055e-02
5.112051963806152344e-03,4.461221396923065186e-03,3.251248598098754883e-02
5.065441131591796875e-03,4.420287907123565674e-03,3.255322575569152832e-02
5.008161067962646484e-03,4.361964762210845947e-03,3.259792923927307129e-02
4.980742931365966797e-03,4.289679229259490967e-03,3.263023495674133301e-02
4.938423633575439453e-03,4.205279052257537842e-03,3.269982337951660156e-02
4.878342151641845703e-03,4.134163260459899902e-03,3.277060389518737793e-02
4.860639572143554688e-03,4.085823893547058105e-03,3.282102942466735840e-02
4.821836948394775391e-03,4.022672772407531738e-03,3.285831212997436523e-02
4.799425601959228516e-03,3.966100513935089111e-03,3.290033340454101562e-02
4.781067371368408203e-03,3.900684416294097900e-03,3.290230035781860352e-02
4.762291908264160156e-03,3.861673176288604736e-03,3.293371200561523438e-02
4.716575145721435547e-03,3.834590315818786621e-03,3.298830986022949219e-02
4.683256149291992188e-03,3.804557025432586670e-03,3.300336003303527832e-02
4.619598388671875000e-03,3.711670637130737305e-03,3.300848603248596191e-02
4.532396793365478516e-03,3.626339137554168701e-03,3.301709890365600586e-02
4.433453083038330078e-03,3.594234585762023926e-03,3.304788470268249512e-02
4.350364208221435547e-03,3.598652780055999756e-03,3.309416770935058594e-02
4.275798797607421875e-03,3.569938242435455322e-03,3.315183520317077637e-02
4.216432571411132812e-03,3.513231873512268066e-03,3.318443894386291504e-02
4.195570945739746094e-03,3.457956016063690186e-03,3.320807218551635742e-02
4.174470901489257812e-03,3.384463489055633545e-03,3.320795297622680664e-02
4.164934158325195312e-03,3.330200910568237305e-03,3.319540619850158691e-02
4.157364368438720703e-03,3.210961818695068359e-03,3.316879272460937500e-02
4.150331020355224609e-03,3.098644316196441650e-03,3.316336870193481445e-02
4.124820232391357422e-03,2.999290823936462402e-03,3.311508893966674805e-02
4.090130329132080078e-03,2.875111997127532959e-03,3.285586833953857422e-02
4.072666168212890625e-03,2.776965498924255371e-03,3.261893987655639648e-02
4.073560237884521484e-03,2.699688076972961426e-03,3.239330649375915527e-02
4.065811634063720703e-03,2.592496573925018311e-03,3.219997882843017578e-02
4.042685031890869141e-03,2.541638910770416260e-03,3.204843401908874512e-02
4.006266593933105469e-03,2.507403492927551270e-03,3.188535571098327637e-02
4.004955291748046875e-03,2.489261329174041748e-03,3.171595931053161621e-02
3.997206687927246094e-03,2.503760159015655518e-03,3.150767087936401367e-02
3.988146781921386719e-03,2.491988241672515869e-03,3.132438659667968750e-02
3.998219966888427734e-03,2.519860863685607910e-03,3.115585446357727051e-02
4.010498523712158203e-03,2.566516399383544922e-03,3.103324770927429199e-02
4.006266593933105469e-03,2.587348222732543945e-03,3.089928627014160156e-02
3.979504108428955078e-03,2.616010606288909912e-03,3.078335523605346680e-02
3.956139087677001953e-03,2.675615251064300537e-03,3.065234422683715820e-02
3.928422927856445312e-03,2.728916704654693604e-03,3.052553534507751465e-02
3.908157348632812500e-03,2.732157707214355469e-03,3.040054440498352051e-02
3.889620304107666016e-03,2.748936414718627930e-03,3.030022978782653809e-02
3.883957862854003906e-03,2.774856984615325928e-03,3.017118573188781738e-02
3.885149955749511719e-03,2.826347947120666504e-03,3.004571795463562012e-02
3.862917423248291016e-03,2.833165228366851807e-03,2.996256947517395020e-02
3.804028034210205078e-03,2.780213952064514160e-03,2.988404035568237305e-02
3.741383552551269531e-03,2.771519124507904053e-03,2.982124686241149902e-02
3.662407398223876953e-03,2.743005752563476562e-03,2.975246310234069824e-02
3.579854965209960938e-03,2.705223858356475830e-03,2.966770529747009277e-02
3.491103649139404297e-03,2.659112215042114258e-03,2.957612276077270508e-02
3.392815589904785156e-03,2.622276544570922852e-03,2.954012155532836914e-02
3.272831439971923828e-03,2.607576549053192139e-03,2.951321005821228027e-02
3.172576427459716797e-03,2.682454884052276611e-03,2.951207756996154785e-02
3.056883811950683594e-03,2.753019332885742188e-03,2.950322628021240234e-02
2.969741821289062500e-03,2.837009727954864502e-03,2.946227788925170898e-02
2.885758876800537109e-03,2.927608788013458252e-03,2.941605448722839355e-02
2.821624279022216797e-03,3.048695623874664307e-03,2.940326929092407227e-02
2.761900424957275391e-03,3.155022859573364258e-03,2.940079569816589355e-02
2.668619155883789062e-03,3.255888819694519043e-03,2.941092848777770996e-02
2.598226070404052734e-03,3.364309668540954590e-03,2.941006422042846680e-02
2.543926239013671875e-03,3.459140658378601074e-03,2.941620349884033203e-02
2.512931823730468750e-03,3.568455576896667480e-03,2.942875027656555176e-02
2.500534057617187500e-03,3.663599491119384766e-03,2.946218848228454590e-02
2.517402172088623047e-03,3.783762454986572266e-03,2.947187423706054688e-02
2.546191215515136719e-03,3.928489983081817627e-03,2.946239709854125977e-02
2.563834190368652344e-03,4.095539450645446777e-03,2.948248386383056641e-02
2.569973468780517578e-03,4.247970879077911377e-03,2.953630685806274414e-02
2.597093582153320312e-03,4.386611282825469971e-03,2.957835793495178223e-02
2.610862255096435547e-03,4.500806331634521484e-03,2.962085604667663574e-02
2.657830715179443359e-03,4.593260586261749268e-03,2.961331605911254883e-02
2.695024013519287109e-03,4.662670195102691650e-03,2.962076663970947266e-02
2.699732780456542969e-03,4.704281687736511230e-03,2.964776754379272461e-02
2.841711044311523438e-03,4.723958671092987061e-03,2.970275282859802246e-02
2.945840358734130859e-03,4.654154181480407715e-03,2.976033091545104980e-02
3.047108650207519531e-03,4.541158676147460938e-03,2.979457378387451172e-02
3.144800662994384766e-03,4.455916583538055420e-03,2.983388304710388184e-02
3.225982189178466797e-03,4.399202764034271240e-03,2.992200851440429688e-02
3.335773944854736328e-03,4.395492374897003174e-03,2.994602918624877930e-02
3.404736518859863281e-03,4.399172961711883545e-03,3.000587224960327148e-02
3.463625907897949219e-03,4.434607923030853271e-03,3.005900979042053223e-02
3.520369529724121094e-03,4.456043243408203125e-03,3.010466694831848145e-02
3.581285476684570312e-03,4.473261535167694092e-03,3.014791011810302734e-02
3.603637218475341797e-03,4.518605768680572510e-03,3.021380305290222168e-02
3.630757331848144531e-03,4.569806158542633057e-03,3.025245666503906250e-02
3.677904605865478516e-03,4.601106047630310059e-03,3.025519847869873047e-02
3.734886646270751953e-03,4.614666104316711426e-03,3.024959564208984375e-02
3.789186477661132812e-03,4.623383283615112305e-03,3.022021055221557617e-02
3.799200057983398438e-03,4.588462412357330322e-03,3.022634983062744141e-02
3.775417804718017578e-03,4.581682384014129639e-03,3.025969862937927246e-02
3.751277923583984375e-03,4.548668861389160156e-03,3.027743101119995117e-02
3.715634346008300781e-03,4.525080323219299316e-03,3.031390905380249023e-02
3.686010837554931641e-03,4.499584436416625977e-03,3.036072850227355957e-02
3.648638725280761719e-03,4.472613334655761719e-03,3.041639924049377441e-02
3.600537776947021484e-03,4.447318613529205322e-03,3.046137094497680664e-02
3.533065319061279297e-03,4.401206970214843750e-03,3.048419952392578125e-02
3.478229045867919922e-03,4.340969026088714600e-03,3.048709034919738770e-02
3.443121910095214844e-03,4.267036914825439453e-03,3.047981858253479004e-02
3.418505191802978516e-03,4.215642809867858887e-03,3.047671914100646973e-02
