2.439712919294834137e-02
2.439712919294834137e-02
2.586633898317813873e-02
2.696892246603965759e-02
2.763528376817703247e-02
2.737522497773170471e-02
2.718298695981502533e-02
2.705332078039646149e-02
2.686101943254470825e-02
2.653114497661590576e-02
2.645591087639331818e-02
2.661024592816829681e-02
2.671455778181552887e-02
2.676735632121562958e-02
2.686413191258907318e-02
2.694269269704818726e-02
2.679598703980445862e-02
2.655927650630474091e-02
2.628075331449508667e-02
2.606018818914890289e-02
2.592597715556621552e-02
2.578149735927581787e-02
2.574159018695354462e-02
2.585893683135509491e-02
2.598055638372898102e-02
2.609925530850887299e-02
2.605411037802696228e-02
2.597208693623542786e-02
2.574707195162773132e-02
2.557853981852531433e-02
2.542079612612724304e-02
2.534801699221134186e-02
2.534618042409420013e-02
2.535139024257659912e-02
2.546021156013011932e-02
2.555444464087486267e-02
2.564522437751293182e-02
2.565999887883663177e-02
2.565043605864048004e-02
2.545026130974292755e-02
2.536526881158351898e-02
2.530081942677497864e-02
2.516254782676696777e-02
2.513105049729347229e-02
2.507469989359378815e-02
2.516738511621952057e-02
2.529331110417842865e-02
2.541203238070011139e-02
2.542411722242832184e-02
2.531467191874980927e-02
2.518197707831859589e-02
2.500441484153270721e-02
2.487653493881225586e-02
2.483578026294708252e-02
2.500354871153831482e-02
2.515667304396629333e-02
2.535085007548332214e-02
2.542040310800075531e-02
2.549258433282375336e-02
2.537653222680091858e-02
2.522274479269981384e-02
2.502864412963390350e-02
2.487855032086372375e-02
2.486695721745491028e-02
2.486811578273773193e-02
2.491885423660278320e-02
2.504145540297031403e-02
2.517324127256870270e-02
2.521120570600032806e-02
2.521780692040920258e-02
2.521060407161712646e-02
2.529709041118621826e-02
2.541708759963512421e-02
2.547765150666236877e-02
2.548767067492008209e-02
2.534168213605880737e-02
2.516706287860870361e-02
2.511913329362869263e-02
2.513846755027770996e-02
2.512368001043796539e-02
2.524273470044136047e-02
2.545709535479545593e-02
2.558878995478153229e-02
2.566873654723167419e-02
2.573855407536029816e-02
2.579243481159210205e-02
2.574095316231250763e-02
2.573046647012233734e-02
2.586363628506660461e-02
2.598732151091098785e-02
2.603637427091598511e-02
2.607911080121994019e-02
2.612183429300785065e-02
2.622368931770324707e-02
2.624997124075889587e-02
2.629177272319793701e-02
2.642290107905864716e-02
2.664926834404468536e-02
2.688673138618469238e-02
2.709424309432506561e-02
2.732369862496852875e-02
2.754750102758407593e-02
2.765903063118457794e-02
2.766654267907142639e-02
2.772411331534385681e-02
2.784598805010318756e-02
2.795682661235332489e-02
2.811837010085582733e-02
2.828479558229446411e-02
2.845599688589572906e-02
2.866718731820583344e-02
2.884591929614543915e-02
2.888234890997409821e-02
2.896394580602645874e-02
2.910337410867214203e-02
2.917182259261608124e-02
2.926955185830593109e-02
2.926394715905189514e-02
2.927529253065586090e-02
2.964469417929649353e-02
2.989110909402370453e-02
2.999647334218025208e-02
3.017788007855415344e-02
3.032469004392623901e-02
3.043070621788501740e-02
3.052359633147716522e-02
3.055644594132900238e-02
3.059405460953712463e-02
3.074312768876552582e-02
3.095118142664432526e-02
3.107058256864547729e-02
3.123770095407962799e-02
3.127458691596984863e-02
3.118746541440486908e-02
3.105232864618301392e-02
3.087144903838634491e-02
3.074117749929428101e-02
3.063403815031051636e-02
3.052666410803794861e-02
3.032306395471096039e-02
3.021072596311569214e-02
3.015331923961639404e-02
3.011716157197952271e-02
3.012147545814514160e-02
3.020704165101051331e-02
3.022945486009120941e-02
3.014029376208782196e-02
3.021126426756381989e-02
3.022902458906173706e-02
3.017723374068737030e-02
3.018467873334884644e-02
3.010235354304313660e-02
3.001872263848781586e-02
2.997203357517719269e-02
2.995610609650611877e-02
2.995786257088184357e-02
2.988222427666187286e-02
2.964393980801105499e-02
2.946503087878227234e-02
2.923066355288028717e-02
2.903846278786659241e-02
2.892243303358554840e-02
2.934817597270011902e-02
2.986372448503971100e-02
3.030076809227466583e-02
3.056898526847362518e-02
3.072041273117065430e-02
3.078551776707172394e-02
3.089005872607231140e-02
3.097800165414810181e-02
3.096913173794746399e-02
3.094747662544250488e-02
3.091240115463733673e-02
3.097193501889705658e-02
3.097002208232879639e-02
3.090701624751091003e-02
3.090829215943813324e-02
3.088767640292644501e-02
3.095431253314018250e-02
3.106108866631984711e-02
3.113458491861820221e-02
3.119458816945552826e-02
3.127676621079444885e-02
3.134690225124359131e-02
3.134290501475334167e-02
3.125619515776634216e-02
3.114677034318447113e-02
3.095808625221252441e-02
3.064638003706932068e-02
3.034269809722900391e-02
3.007860854268074036e-02
2.983242087066173553e-02
2.962071634829044342e-02
2.940882928669452667e-02
2.915808930993080139e-02
2.895390242338180542e-02
2.872597053647041321e-02
2.857597917318344116e-02
2.845639921724796295e-02
2.836648747324943542e-02
2.820793166756629944e-02
2.806686051189899445e-02
2.790306322276592255e-02
2.777370251715183258e-02
2.765141800045967102e-02
2.754019759595394135e-02
2.746865712106227875e-02
2.745627984404563904e-02
2.735316939651966095e-02
2.726755291223526001e-02
2.717411331832408905e-02
2.707437053322792053e-02
2.682497911155223846e-02
2.653349190950393677e-02
2.625954337418079376e-02
2.675539441406726837e-02
2.722063474357128143e-02
2.772289887070655823e-02
2.814097888767719269e-02
2.849105931818485260e-02
2.883525006473064423e-02
2.910128794610500336e-02
2.926306612789630890e-02
2.930022217333316803e-02
2.920717187225818634e-02
2.909440547227859497e-02
2.894131094217300415e-02
2.877389825880527496e-02
2.864224649965763092e-02
2.847134880721569061e-02
2.832706458866596222e-02
2.820441313087940216e-02
2.812490984797477722e-02
2.803242020308971405e-02
2.810428850352764130e-02
2.823856286704540253e-02
2.839775383472442627e-02
2.854230254888534546e-02
2.869192138314247131e-02
2.872383408248424530e-02
2.870069816708564758e-02
2.864165231585502625e-02
2.851533889770507812e-02
2.839519642293453217e-02
2.831821516156196594e-02
2.826511673629283905e-02
2.819020487368106842e-02
2.811448276042938232e-02
2.806460112333297729e-02
2.802631072700023651e-02
2.799977548420429230e-02
2.802470512688159943e-02
2.801861800253391266e-02
2.804749272763729095e-02
2.803447656333446503e-02
2.810387685894966125e-02
2.806284092366695404e-02
2.802914381027221680e-02
2.792463637888431549e-02
2.780154719948768616e-02
2.769352123141288757e-02
2.757678180932998657e-02
2.735451608896255493e-02
2.714655920863151550e-02
2.716872282326221466e-02
2.708535641431808472e-02
2.697325311601161957e-02
2.677502296864986420e-02
2.650845237076282501e-02
2.635291777551174164e-02
2.617933973670005798e-02
2.600944414734840393e-02
2.592327445745468140e-02
2.578829973936080933e-02
2.565749920904636383e-02
2.557434700429439545e-02
2.547432854771614075e-02
2.535085007548332214e-02
2.529475279152393341e-02
2.524736337363719940e-02
2.526185661554336548e-02
2.530367858707904816e-02
2.538079209625720978e-02
2.552358619868755341e-02
2.568981610238552094e-02
2.580427937209606171e-02
2.594365365803241730e-02
2.600925415754318237e-02
2.605641447007656097e-02
2.607322484254837036e-02
2.600105665624141693e-02
2.593456022441387177e-02
2.583576180040836334e-02
2.572592906653881073e-02
2.564699016511440277e-02
2.562353573739528656e-02
2.550820261240005493e-02
2.542690001428127289e-02
2.538916654884815216e-02
2.539723180234432220e-02
2.551539056003093719e-02
2.561759948730468750e-02
2.574272453784942627e-02
2.589661069214344025e-02
2.628578804433345795e-02
2.662630192935466766e-02
2.700770087540149689e-02
2.736563608050346375e-02
2.772352099418640137e-02
2.799295447766780853e-02
2.819277159869670868e-02
2.828965522348880768e-02
2.832135558128356934e-02
2.827231027185916901e-02
2.809736877679824829e-02
2.783955447375774384e-02
2.761480584740638733e-02
2.739774994552135468e-02
2.715555578470230103e-02
2.693033963441848755e-02
2.677485346794128418e-02
2.666560001671314240e-02
2.647227421402931213e-02
2.635256014764308929e-02
2.615014277398586273e-02
2.597307972609996796e-02
2.588856406509876251e-02
2.585754171013832092e-02
2.582141757011413574e-02
2.591803856194019318e-02
2.608393318951129913e-02
2.624781429767608643e-02
2.639044448733329773e-02
2.648884244263172150e-02
2.657566219568252563e-02
2.659428678452968597e-02
2.658069878816604614e-02
2.657721936702728271e-02
2.650499902665615082e-02
2.651363052427768707e-02
2.650331892073154449e-02
2.656757459044456482e-02
2.648577466607093811e-02
2.636172994971275330e-02
2.622278593480587006e-02
2.608264796435832977e-02
2.596479281783103943e-02
2.582867071032524109e-02
2.569736726582050323e-02
2.557536214590072632e-02
2.550015226006507874e-02
2.543110400438308716e-02
2.531876042485237122e-02
2.531564980745315552e-02
2.538786083459854126e-02
2.544283680617809296e-02
2.554459869861602783e-02
2.564464882016181946e-02
2.575621195137500763e-02
2.579169906675815582e-02
2.583606727421283722e-02
2.593164891004562378e-02
2.599405683577060699e-02
2.602605707943439484e-02
2.594643086194992065e-02
2.578899636864662170e-02
2.559383586049079895e-02
2.541536837816238403e-02
2.520087733864784241e-02
2.498085424304008484e-02
2.476244792342185974e-02
2.465892210602760315e-02
2.448894456028938293e-02
2.429485321044921875e-02
2.414024993777275085e-02
2.391572296619415283e-02
2.375986240804195404e-02
2.366123162209987640e-02
2.366737462580204010e-02
2.366262488067150116e-02
2.377339452505111694e-02
2.385601215064525604e-02
2.388643100857734680e-02
2.400190755724906921e-02
2.410572580993175507e-02
2.426841109991073608e-02
2.435748837888240814e-02
2.442182973027229309e-02
2.443818747997283936e-02
2.442440949380397797e-02
2.436643652617931366e-02
2.429327741265296936e-02
2.423928864300251007e-02
2.423940785229206085e-02
2.432599849998950958e-02
2.433599904179573059e-02
2.441591024398803711e-02
2.456642687320709229e-02
2.478313259780406952e-02
2.500935830175876617e-02
2.524690702557563782e-02
2.551739104092121124e-02
2.577313408255577087e-02
2.598771825432777405e-02
2.618369087576866150e-02
2.635180018842220306e-02
2.648972161114215851e-02
2.659719437360763550e-02
2.635267749428749084e-02
2.612842246890068054e-02
2.601416967809200287e-02
2.593098953366279602e-02
2.586518041789531708e-02
2.570202201604843140e-02
2.551932446658611298e-02
2.533500455319881439e-02
2.515159547328948975e-02
2.502338401973247528e-02
2.496548555791378021e-02
2.487106621265411377e-02
2.487988770008087158e-02
2.491975948214530945e-02
2.520855516195297241e-02
2.544675767421722412e-02
2.568171173334121704e-02
2.590432576835155487e-02
2.612447366118431091e-02
2.628841437399387360e-02
2.645001001656055450e-02
2.653435245156288147e-02
2.647031843662261963e-02
2.643347904086112976e-02
2.631446532905101776e-02
2.627405524253845215e-02
2.624815143644809723e-02
2.621277235448360443e-02
2.615721523761749268e-02
2.608283422887325287e-02
2.599262446165084839e-02
2.585405111312866211e-02
2.571107633411884308e-02
2.563450857996940613e-02
2.559606917202472687e-02
2.557650767266750336e-02
2.554283104836940765e-02
2.551799640059471130e-02
2.552100084722042084e-02
2.557262219488620758e-02
2.561189234256744385e-02
2.560248970985412598e-02
2.567834965884685516e-02
2.578784525394439697e-02
2.579370886087417603e-02
2.578358165919780731e-02
2.577894553542137146e-02
2.576645836234092712e-02
2.577689848840236664e-02
2.576345764100551605e-02
2.574895881116390228e-02
2.564446069300174713e-02
2.557549998164176941e-02
2.547313831746578217e-02
2.525212988257408142e-02
2.502245828509330750e-02
2.486262284219264984e-02
2.467671781778335571e-02
2.445205859839916229e-02
2.423755638301372528e-02
2.408612333238124847e-02
2.397408522665500641e-02
2.397084794938564301e-02
2.389731258153915405e-02
2.388796582818031311e-02
2.377443574368953705e-02
2.364609017968177795e-02
2.357419952750205994e-02
2.345210872590541840e-02
2.336504124104976654e-02
2.327362634241580963e-02
2.319731935858726501e-02
2.308822423219680786e-02
2.298967540264129639e-02
2.290786430239677429e-02
2.295506000518798828e-02
2.303515002131462097e-02
2.318431064486503601e-02
2.342253364622592926e-02
2.364763244986534119e-02
2.386662364006042480e-02
2.411173470318317413e-02
2.433042414486408234e-02
2.451463416218757629e-02
2.470972388982772827e-02
2.485612221062183380e-02
2.497556433081626892e-02
2.513855695724487305e-02
2.526908926665782928e-02
2.539161033928394318e-02
2.542859874665737152e-02
2.547002024948596954e-02
2.551751770079135895e-02
2.558540925383567810e-02
2.569422684609889984e-02
2.580660954117774963e-02
2.593218907713890076e-02
2.600978501141071320e-02
2.606045082211494446e-02
2.606832608580589294e-02
2.610451355576515198e-02
2.611851133406162262e-02
2.603005059063434601e-02
2.589906565845012665e-02
2.577903307974338531e-02
2.557865530252456665e-02
2.538988925516605377e-02
2.517636306583881378e-02
2.496987767517566681e-02
2.480080164968967438e-02
2.463769167661666870e-02
2.452205121517181396e-02
2.445123717188835144e-02
2.443072199821472168e-02
2.443528920412063599e-02
2.449431829154491425e-02
2.451073564589023590e-02
2.457290887832641602e-02
2.464209683239459991e-02
2.481916546821594238e-02
2.494124695658683777e-02
2.504672482609748840e-02
2.517672814428806305e-02
2.526699751615524292e-02
2.533257938921451569e-02
2.538440003991127014e-02
2.544490620493888855e-02
2.548187226057052612e-02
2.553348988294601440e-02
2.551426738500595093e-02
2.546327747404575348e-02
2.544617466628551483e-02
2.543228864669799805e-02
2.539068460464477539e-02
2.535945177078247070e-02
2.527296915650367737e-02
2.517315186560153961e-02
2.504681237041950226e-02
2.488351240754127502e-02
2.480310946702957153e-02
2.470049448311328888e-02
2.459936216473579407e-02
2.456397004425525665e-02
2.451011165976524353e-02
2.451934851706027985e-02
2.454646490514278412e-02
2.457788586616516113e-02
2.453310228884220123e-02
2.449201233685016632e-02
2.450513653457164764e-02
2.454009279608726501e-02
2.457022108137607574e-02
2.461503446102142334e-02
2.466259524226188660e-02
2.477699331939220428e-02
2.486441843211650848e-02
2.489191852509975433e-02
2.483927085995674133e-02
2.478072047233581543e-02
2.472395822405815125e-02
2.468174509704113007e-02
2.464408986270427704e-02
2.461484819650650024e-02
2.463519386947154999e-02
2.468770928680896759e-02
2.474726550281047821e-02
2.473960258066654205e-02
2.474982105195522308e-02
2.479176409542560577e-02
2.484340406954288483e-02
2.482431195676326752e-02
2.483645267784595490e-02
2.478585019707679749e-02
2.472306229174137115e-02
2.466824091970920563e-02
2.460901252925395966e-02
2.459603734314441681e-02
2.460830658674240112e-02
2.473642118275165558e-02
2.486263774335384369e-02
2.496746368706226349e-02
2.505080588161945343e-02
2.510362304747104645e-02
2.517724409699440002e-02
2.523915097117424011e-02
2.523999288678169250e-02
2.525981329381465912e-02
2.530498057603836060e-02
2.529627457261085510e-02
2.526521123945713043e-02
2.520027756690979004e-02
2.511949650943279266e-02
2.502716146409511566e-02
2.493386156857013702e-02
2.484350651502609253e-02
2.480551972985267639e-02
2.480474673211574554e-02
2.483540028333663940e-02
2.485364675521850586e-02
2.486418932676315308e-02
2.490966767072677612e-02
2.500242926180362701e-02
2.509875595569610596e-02
2.513770572841167450e-02
2.519173733890056610e-02
2.524013258516788483e-02
2.527725137770175934e-02
2.538317069411277771e-02
2.544316649436950684e-02
2.547731250524520874e-02
2.539644017815589905e-02
2.535912580788135529e-02
2.534636296331882477e-02
2.534064278006553650e-02
2.533808909356594086e-02
2.537756599485874176e-02
2.541970461606979370e-02
2.546639181673526764e-02
2.550366707146167755e-02
2.550776489078998566e-02
2.551739476621150970e-02
2.558391541242599487e-02
2.566795051097869873e-02
2.576965279877185822e-02
2.589371241629123688e-02
2.597638033330440521e-02
2.605861239135265350e-02
2.608069218695163727e-02
2.613305300474166870e-02
2.620565332472324371e-02
2.621014975011348724e-02
2.615902572870254517e-02
2.609545551240444183e-02
2.595032006502151489e-02
2.577786333858966827e-02
2.562749758362770081e-02
2.549955435097217560e-02
2.538885734975337982e-02
2.523749507963657379e-02
2.510481886565685272e-02
2.500323206186294556e-02
2.494768798351287842e-02
2.493522502481937408e-02
2.494198456406593323e-02
2.498014457523822784e-02
2.501044236123561859e-02
2.508890815079212189e-02
2.520619146525859833e-02
2.536035142838954926e-02
2.550928667187690735e-02
2.562348730862140656e-02
2.571713179349899292e-02
2.579139173030853271e-02
2.576614171266555786e-02
2.578981965780258179e-02
2.576465904712677002e-02
2.573696337640285492e-02
2.567738294601440430e-02
2.556193619966506958e-02
2.540889941155910492e-02
2.532145380973815918e-02
2.527727186679840088e-02
2.520154602825641632e-02
2.507559023797512054e-02
2.502134814858436584e-02
2.497378736734390259e-02
2.486266568303108215e-02
2.479305490851402283e-02
2.478413470089435577e-02
2.479777857661247253e-02
2.481198683381080627e-02
2.484218031167984009e-02
2.490916848182678223e-02
2.492337860167026520e-02
2.493785694241523743e-02
2.491994202136993408e-02
2.488440833985805511e-02
2.486974187195301056e-02
2.478306367993354797e-02
2.464220486581325531e-02
2.450316771864891052e-02
2.438104711472988129e-02
2.427817508578300476e-02
2.421586029231548309e-02
2.421095035970211029e-02
2.429630793631076813e-02
2.349236793816089630e-02
2.281025238335132599e-02
2.228937111794948578e-02
2.189236134290695190e-02
2.156625315546989441e-02
2.131525240838527679e-02
2.111408114433288574e-02
2.093774266541004181e-02
2.079823985695838928e-02
2.069294080138206482e-02
2.056499943137168884e-02
2.044773846864700317e-02
2.028004266321659088e-02
2.016260288655757904e-02
2.005944401025772095e-02
1.998842135071754456e-02
1.990368776023387909e-02
1.981597580015659332e-02
1.976420916616916656e-02
1.972605474293231964e-02
1.975688710808753967e-02
1.980820856988430023e-02
1.990819722414016724e-02
2.000638842582702637e-02
2.009303309023380280e-02
2.014509961009025574e-02
2.023054473102092743e-02
2.034593932330608368e-02
2.042945288121700287e-02
2.048948220908641815e-02
2.052853070199489594e-02
2.059661783277988434e-02
2.066620625555515289e-02
2.072031237185001373e-02
2.077092789113521576e-02
2.083410136401653290e-02
2.087578736245632172e-02
2.089273743331432343e-02
2.092794515192508698e-02
2.098433114588260651e-02
2.104599028825759888e-02
2.108666300773620605e-02
2.112641744315624237e-02
2.119386382400989532e-02
2.124376967549324036e-02
2.128311805427074432e-02
2.130165509879589081e-02
2.134914882481098175e-02
2.138311415910720825e-02
2.145926468074321747e-02
2.160319127142429352e-02
2.175710909068584442e-02
2.187002822756767273e-02
2.199696935713291168e-02
2.215051651000976562e-02
2.230711840093135834e-02
2.249471284449100494e-02
2.267228253185749054e-02
2.285605110228061676e-02
2.302246354520320892e-02
2.315650321543216705e-02
2.324205078184604645e-02
2.331410720944404602e-02
2.341329678893089294e-02
2.351708151400089264e-02
2.358491718769073486e-02
2.367135696113109589e-02
2.371018566191196442e-02
2.377903088927268982e-02
2.385748736560344696e-02
2.393077127635478973e-02
2.399378269910812378e-02
2.406768128275871277e-02
2.411715127527713776e-02
2.417013794183731079e-02
2.423646301031112671e-02
2.426737360656261444e-02
2.426653727889060974e-02
2.424569986760616302e-02
2.427231706678867340e-02
2.431346662342548370e-02
2.438202872872352600e-02
2.440026216208934784e-02
2.441162243485450745e-02
2.440376207232475281e-02
2.444600872695446014e-02
2.451856806874275208e-02
2.456590719521045685e-02
2.465709298849105835e-02
2.475100196897983551e-02
2.484392747282981873e-02
2.489759400486946106e-02
2.491912245750427246e-02
2.491612918674945831e-02
2.492537908256053925e-02
2.493297681212425232e-02
2.496990934014320374e-02
2.499079890549182892e-02
2.499318681657314301e-02
2.500401251018047333e-02
2.499676123261451721e-02
2.499559335410594940e-02
2.499959245324134827e-02
2.498511411249637604e-02
2.495138347148895264e-02
2.488802187144756317e-02
2.481080591678619385e-02
2.474106475710868835e-02
2.467007935047149658e-02
2.463308162987232208e-02
2.456858940422534943e-02
2.448565885424613953e-02
2.438184805214405060e-02
2.430513314902782440e-02
2.429966628551483154e-02
2.433213964104652405e-02
2.438838593661785126e-02
2.441858127713203430e-02
2.443299628794193268e-02
2.442311495542526245e-02
2.447748929262161255e-02
2.453712373971939087e-02
2.457011304795742035e-02
2.465234510600566864e-02
2.472974732518196106e-02
2.477605640888214111e-02
2.479040063917636871e-02
2.483741939067840576e-02
2.489211410284042358e-02
2.493718639016151428e-02
2.495004050433635712e-02
2.500568889081478119e-02
2.504838630557060242e-02
2.507910132408142090e-02
2.513401582837104797e-02
2.521816082298755646e-02
2.524636499583721161e-02
2.524560689926147461e-02
2.519348822534084320e-02
2.511956356465816498e-02
2.497045323252677917e-02
2.486438304185867310e-02
2.475013397634029388e-02
2.463064342737197876e-02
2.451343089342117310e-02
2.445265837013721466e-02
2.447442151606082916e-02
2.449072152376174927e-02
2.451578155159950256e-02
2.454293891787528992e-02
2.459828741848468781e-02
2.460968494415283203e-02
2.457999996840953827e-02
2.453949488699436188e-02
2.452487498521804810e-02
2.447117120027542114e-02
2.442222088575363159e-02
2.437787130475044250e-02
2.433384582400321960e-02
2.434791065752506256e-02
2.440704777836799622e-02
2.443782985210418701e-02
2.448999881744384766e-02
2.454304322600364685e-02
2.461397647857666016e-02
2.467752806842327118e-02
2.473819255828857422e-02
2.479073964059352875e-02
2.481271885335445404e-02
2.484052442014217377e-02
2.497343719005584717e-02
2.505519986152648926e-02
2.511331439018249512e-02
2.513538859784603119e-02
2.515316382050514221e-02
2.520666085183620453e-02
2.521958760917186737e-02
2.523836120963096619e-02
2.524573542177677155e-02
2.521462738513946533e-02
2.517546713352203369e-02
2.510939352214336395e-02
2.504304610192775726e-02
2.503060363233089447e-02
2.511469833552837372e-02
2.523235417902469635e-02
2.532097324728965759e-02
2.540393173694610596e-02
2.551834471523761749e-02
2.563123218715190887e-02
2.573008462786674500e-02
2.580953389406204224e-02
2.586567401885986328e-02
2.590559795498847961e-02
2.590984106063842773e-02
2.597235143184661865e-02
2.599645033478736877e-02
2.601634338498115540e-02
2.603122964501380920e-02
2.605270594358444214e-02
2.607006952166557312e-02
2.604461275041103363e-02
2.599852159619331360e-02
2.595093846321105957e-02
2.586822398006916046e-02
2.578894607722759247e-02
2.569821663200855255e-02
2.556466870009899139e-02
2.548297122120857239e-02
2.536287531256675720e-02
2.526753582060337067e-02
2.517544291913509369e-02
2.504313737154006958e-02
2.493556030094623566e-02
2.483103796839714050e-02
2.475364319980144501e-02
2.471220493316650391e-02
2.465302497148513794e-02
2.459799125790596008e-02
2.455885149538516998e-02
2.453190088272094727e-02
2.448322623968124390e-02
2.444471791386604309e-02
2.442844398319721222e-02
2.441012859344482422e-02
2.439019083976745605e-02
2.430637180805206299e-02
2.422659657895565033e-02
2.415329776704311371e-02
2.407807856798171997e-02
2.404529787600040436e-02
2.401317656040191650e-02
2.395378611981868744e-02
2.387920208275318146e-02
2.386960387229919434e-02
2.385989576578140259e-02
2.389844134449958801e-02
2.396729961037635803e-02
2.406174503266811371e-02
2.417343109846115112e-02
2.431432344019412994e-02
2.446220442652702332e-02
2.464482188224792480e-02
2.480678819119930267e-02
2.495989017188549042e-02
2.504406869411468506e-02
2.514422312378883362e-02
2.526050992310047150e-02
2.535688877105712891e-02
2.542712911963462830e-02
2.545822411775588989e-02
2.547448314726352692e-02
2.549364231526851654e-02
2.546230144798755646e-02
2.535364218056201935e-02
2.526582591235637665e-02
2.520715072751045227e-02
2.514126710593700409e-02
2.509336732327938080e-02
2.503643929958343506e-02
2.493489906191825867e-02
2.486208267509937286e-02
2.477956004440784454e-02
2.471843175590038300e-02
2.464828267693519592e-02
2.455908246338367462e-02
2.446885034441947937e-02
2.437393367290496826e-02
2.416371181607246399e-02
2.396457083523273468e-02
2.380045317113399506e-02
2.366634272038936615e-02
2.355346269905567169e-02
2.346886508166790009e-02
2.339532040059566498e-02
2.338158898055553436e-02
2.335673756897449493e-02
2.334781549870967865e-02
2.336409129202365875e-02
2.336853742599487305e-02
2.342032082378864288e-02
2.348220907151699066e-02
2.352574281394481659e-02
2.366519160568714142e-02
2.377040311694145203e-02
2.383030392229557037e-02
2.387597225606441498e-02
2.389962226152420044e-02
2.386319637298583984e-02
2.380788698792457581e-02
2.373739704489707947e-02
2.366703376173973083e-02
2.358939498662948608e-02
2.349460683763027191e-02
2.343277260661125183e-02
2.342233061790466309e-02
2.340573631227016449e-02
2.334720641374588013e-02
2.329155243933200836e-02
2.322319336235523224e-02
2.315792627632617950e-02
2.310484088957309723e-02
2.308180183172225952e-02
2.308563515543937683e-02
2.309258468449115753e-02
2.311871573328971863e-02
