1.643753051757812500e-02,-2.648800611495971680e-02,2.566337585449218750e-02
1.643753051757812500e-02,-2.648800611495971680e-02,2.566337585449218750e-02
1.543760299682617188e-02,-2.548801898956298828e-02,2.666336297988891602e-02
1.497995853424072266e-02,-2.527180314064025879e-02,2.600100636482238770e-02
1.543700695037841797e-02,-2.461642026901245117e-02,2.541619539260864258e-02
1.585137844085693359e-02,-2.426016330718994141e-02,2.480956912040710449e-02
1.615452766418457031e-02,-2.369880676269531250e-02,2.415008842945098877e-02
1.641082763671875000e-02,-2.369818091392517090e-02,2.345089614391326904e-02
1.660954952239990234e-02,-2.330732345581054688e-02,2.288135886192321777e-02
1.671528816223144531e-02,-2.317839860916137695e-02,2.235098183155059814e-02
1.684200763702392578e-02,-2.314317226409912109e-02,2.191801369190216064e-02
1.708161830902099609e-02,-2.321290969848632812e-02,2.130313217639923096e-02
1.746392250061035156e-02,-2.324494719505310059e-02,2.074746787548065186e-02
1.784276962280273438e-02,-2.312609553337097168e-02,2.030642330646514893e-02
1.808440685272216797e-02,-2.278432250022888184e-02,1.981398463249206543e-02
1.841628551483154297e-02,-2.229487895965576172e-02,1.953525841236114502e-02
1.890230178833007812e-02,-2.164512872695922852e-02,1.941813528537750244e-02
1.928651332855224609e-02,-2.088493108749389648e-02,1.941145956516265869e-02
1.981651782989501953e-02,-2.016460895538330078e-02,1.923574507236480713e-02
2.037024497985839844e-02,-1.935130357742309570e-02,1.899074018001556396e-02
2.098965644836425781e-02,-1.847422122955322266e-02,1.881846785545349121e-02
2.165174484252929688e-02,-1.754492521286010742e-02,1.861323416233062744e-02
2.226305007934570312e-02,-1.669973134994506836e-02,1.849114894866943359e-02
2.273774147033691406e-02,-1.598018407821655273e-02,1.824469864368438721e-02
2.324903011322021484e-02,-1.535409688949584961e-02,1.809605956077575684e-02
2.380228042602539062e-02,-1.465618610382080078e-02,1.803025603294372559e-02
2.418160438537597656e-02,-1.404672861099243164e-02,1.783385872840881348e-02
2.444112300872802734e-02,-1.354691386222839355e-02,1.766900718212127686e-02
2.461135387420654297e-02,-1.323652267456054688e-02,1.753079891204833984e-02
2.466881275177001953e-02,-1.361906528472900391e-02,1.702584326267242432e-02
2.469444274902343750e-02,-1.399508118629455566e-02,1.654756069183349609e-02
2.451121807098388672e-02,-1.437127590179443359e-02,1.603364944458007812e-02
2.416419982910156250e-02,-1.470381021499633789e-02,1.625484228134155273e-02
2.368974685668945312e-02,-1.501104235649108887e-02,1.647146046161651611e-02
2.316784858703613281e-02,-1.528999209403991699e-02,1.658418774604797363e-02
2.264404296875000000e-02,-1.552551984786987305e-02,1.675993204116821289e-02
2.226650714874267578e-02,-1.575329899787902832e-02,1.691851019859313965e-02
2.183640003204345703e-02,-1.594635844230651855e-02,1.706862449645996094e-02
2.146530151367187500e-02,-1.611000299453735352e-02,1.719270646572113037e-02
2.112817764282226562e-02,-1.624438166618347168e-02,1.728278398513793945e-02
2.068746089935302734e-02,-1.634687185287475586e-02,1.743549108505249023e-02
2.020585536956787109e-02,-1.639997959136962891e-02,1.766631007194519043e-02
1.969683170318603516e-02,-1.644527912139892578e-02,1.787574589252471924e-02
1.908838748931884766e-02,-1.645460724830627441e-02,1.808282732963562012e-02
1.835417747497558594e-02,-1.645109057426452637e-02,1.829698681831359863e-02
1.762938499450683594e-02,-1.639682054519653320e-02,1.851528882980346680e-02
1.697432994842529297e-02,-1.642659306526184082e-02,1.860736310482025146e-02
1.637482643127441406e-02,-1.642897725105285645e-02,1.870067417621612549e-02
1.565432548522949219e-02,-1.643332839012145996e-02,1.880075037479400635e-02
1.514065265655517578e-02,-1.636040210723876953e-02,1.897253096103668213e-02
1.459228992462158203e-02,-1.628270745277404785e-02,1.921644806861877441e-02
1.432192325592041016e-02,-1.617187261581420898e-02,1.948148012161254883e-02
1.419293880462646484e-02,-1.606896519660949707e-02,1.976670324802398682e-02
1.419818401336669922e-02,-1.599937677383422852e-02,2.001509070396423340e-02
1.427841186523437500e-02,-1.591134071350097656e-02,2.023732662200927734e-02
1.438128948211669922e-02,-1.583430171012878418e-02,2.052347362041473389e-02
1.456439495086669922e-02,-1.569226384162902832e-02,2.077855169773101807e-02
1.461517810821533203e-02,-1.547253131866455078e-02,2.109014987945556641e-02
1.483166217803955078e-02,-1.515129208564758301e-02,2.141663432121276855e-02
1.494061946868896484e-02,-1.484328508377075195e-02,2.174356579780578613e-02
1.508295536041259766e-02,-1.453858613967895508e-02,2.211678028106689453e-02
1.530361175537109375e-02,-1.425036787986755371e-02,2.248585224151611328e-02
1.547622680664062500e-02,-1.400300860404968262e-02,2.284541726112365723e-02
1.539409160614013672e-02,-1.385781168937683105e-02,2.314572036266326904e-02
1.519203186035156250e-02,-1.372838020324707031e-02,2.345755696296691895e-02
1.494038105010986328e-02,-1.363191008567810059e-02,2.366366982460021973e-02
1.493191719055175781e-02,-1.326471567153930664e-02,2.368454635143280029e-02
1.497900485992431641e-02,-1.297336816787719727e-02,2.363583445549011230e-02
1.488506793975830078e-02,-1.282751560211181641e-02,2.363660931587219238e-02
1.433610916137695312e-02,-1.272493600845336914e-02,2.356952428817749023e-02
1.391255855560302734e-02,-1.263889670372009277e-02,2.349579334259033203e-02
1.361167430877685547e-02,-1.258781552314758301e-02,2.343043684959411621e-02
1.324605941772460938e-02,-1.254114508628845215e-02,2.337545156478881836e-02
1.285517215728759766e-02,-1.257079839706420898e-02,2.323150634765625000e-02
1.253318786621093750e-02,-1.272264122962951660e-02,2.319358289241790771e-02
1.214110851287841797e-02,-1.283586025238037109e-02,2.329431474208831787e-02
1.176440715789794922e-02,-1.294073462486267090e-02,2.341896295547485352e-02
1.131141185760498047e-02,-1.306638121604919434e-02,2.352294325828552246e-02
1.078200340270996094e-02,-1.328787207603454590e-02,2.369965612888336182e-02
1.026451587677001953e-02,-1.350331306457519531e-02,2.381108701229095459e-02
9.449243545532226562e-03,-1.379349827766418457e-02,2.388003468513488770e-02
8.653163909912109375e-03,-1.416084170341491699e-02,2.390050888061523438e-02
7.836461067199707031e-03,-1.457369327545166016e-02,2.386885881423950195e-02
7.158875465393066406e-03,-1.521876454353332520e-02,2.376994490623474121e-02
6.542325019836425781e-03,-1.587328314781188965e-02,2.360068261623382568e-02
5.902290344238281250e-03,-1.653772592544555664e-02,2.333633601665496826e-02
5.361676216125488281e-03,-1.717948913574218750e-02,2.302506566047668457e-02
4.826903343200683594e-03,-1.779735088348388672e-02,2.235998213291168213e-02
4.321694374084472656e-03,-1.835319399833679199e-02,2.178594470024108887e-02
3.843069076538085938e-03,-1.876887679100036621e-02,2.135270833969116211e-02
3.467082977294921875e-03,-1.906204223632812500e-02,2.098426222801208496e-02
3.107190132141113281e-03,-1.926660537719726562e-02,2.071841061115264893e-02
2.642989158630371094e-03,-1.944687962532043457e-02,2.065773308277130127e-02
2.217769622802734375e-03,-1.956844329833984375e-02,2.070924639701843262e-02
1.804590225219726562e-03,-1.962995529174804688e-02,2.089184522628784180e-02
1.400589942932128906e-03,-1.966008543968200684e-02,2.118363976478576660e-02
1.007914543151855469e-03,-1.964315772056579590e-02,2.149108052253723145e-02
7.491111755371093750e-04,-1.959028840065002441e-02,2.185381948947906494e-02
4.922151565551757812e-04,-1.951372623443603516e-02,2.227042615413665771e-02
1.735687255859375000e-04,-1.938840746879577637e-02,2.271364629268646240e-02
-1.633167266845703125e-04,-1.927918195724487305e-02,2.309606969356536865e-02
-4.165172576904296875e-04,-1.914283633232116699e-02,2.350020408630371094e-02
-6.294250488281250000e-04,-1.901039481163024902e-02,2.384857833385467529e-02
-7.532835006713867188e-04,-1.889410614967346191e-02,2.410374581813812256e-02
-7.095336914062500000e-04,-1.878994703292846680e-02,2.435818314552307129e-02
-7.728338241577148438e-04,-1.867553591728210449e-02,2.457763254642486572e-02
-9.002685546875000000e-04,-1.852834224700927734e-02,2.485357224941253662e-02
-1.121759414672851562e-03,-1.835015416145324707e-02,2.512635290622711182e-02
-1.297593116760253906e-03,-1.816469430923461914e-02,2.535754442214965820e-02
-1.370906829833984375e-03,-1.797771453857421875e-02,2.552737295627593994e-02
-1.372694969177246094e-03,-1.780650019645690918e-02,2.562926709651947021e-02
-1.206278800964355469e-03,-1.758772134780883789e-02,2.566720545291900635e-02
-1.114010810852050781e-03,-1.735082268714904785e-02,2.563022077083587646e-02
-9.752511978149414062e-04,-1.708143949508666992e-02,2.558724582195281982e-02
-7.675886154174804688e-04,-1.685857772827148438e-02,2.548348903656005859e-02
-5.774497985839843750e-04,-1.665559411048889160e-02,2.539539337158203125e-02
-3.590583801269531250e-04,-1.643145084381103516e-02,2.529549598693847656e-02
-1.344680786132812500e-04,-1.623341441154479980e-02,2.520163357257843018e-02
7.355213165283203125e-05,-1.605677604675292969e-02,2.512004971504211426e-02
3.035068511962890625e-04,-1.589885354042053223e-02,2.500800788402557373e-02
5.645751953125000000e-04,-1.575171947479248047e-02,2.484586834907531738e-02
7.768869400024414062e-04,-1.562005281448364258e-02,2.476669847965240479e-02
1.033425331115722656e-03,-1.546865701675415039e-02,2.470035851001739502e-02
1.303911209106445312e-03,-1.536297798156738281e-02,2.461738884449005127e-02
1.647710800170898438e-03,-1.528215408325195312e-02,2.429769933223724365e-02
2.126216888427734375e-03,-1.516145467758178711e-02,2.406449615955352783e-02
2.633571624755859375e-03,-1.590803265571594238e-02,2.342565357685089111e-02
3.065228462219238281e-03,-1.657387614250183105e-02,2.282816171646118164e-02
3.454566001892089844e-03,-1.718807220458984375e-02,2.227135002613067627e-02
3.812551498413085938e-03,-1.771765947341918945e-02,2.176539599895477295e-02
4.144072532653808594e-03,-1.815825700759887695e-02,2.129395306110382080e-02
4.412889480590820312e-03,-1.853466033935546875e-02,2.086849510669708252e-02
4.495143890380859375e-03,-1.890945434570312500e-02,2.057482302188873291e-02
4.615187644958496094e-03,-1.923090219497680664e-02,2.030120790004730225e-02
4.757642745971679688e-03,-1.955360174179077148e-02,2.000004053115844727e-02
5.007624626159667969e-03,-1.984462141990661621e-02,1.968087255954742432e-02
4.948854446411132812e-03,-2.010795474052429199e-02,1.945810019969940186e-02
4.902482032775878906e-03,-2.033275365829467773e-02,1.925006508827209473e-02
4.914164543151855469e-03,-2.037784457206726074e-02,1.955217123031616211e-02
4.959702491760253906e-03,-2.039912343025207520e-02,1.978597044944763184e-02
5.357742309570312500e-03,-2.040719985961914062e-02,1.995019614696502686e-02
5.834102630615234375e-03,-2.038818597793579102e-02,2.006259560585021973e-02
6.321310997009277344e-03,-2.031761407852172852e-02,2.012029290199279785e-02
6.777286529541015625e-03,-2.024719119071960449e-02,2.013915777206420898e-02
7.274150848388671875e-03,-2.019926905632019043e-02,2.008900046348571777e-02
7.825136184692382812e-03,-2.013880014419555664e-02,1.999680697917938232e-02
8.346319198608398438e-03,-2.006110548973083496e-02,1.987291872501373291e-02
8.870005607604980469e-03,-2.003183960914611816e-02,1.967006921768188477e-02
9.327292442321777344e-03,-1.999652385711669922e-02,1.947577297687530518e-02
9.727597236633300781e-03,-1.994982361793518066e-02,1.931503415107727051e-02
1.002871990203857422e-02,-1.988536119461059570e-02,1.921668648719787598e-02
1.024663448333740234e-02,-1.977536082267761230e-02,1.912179589271545410e-02
1.038062572479248047e-02,-1.964426040649414062e-02,1.903685927391052246e-02
1.040470600128173828e-02,-1.950150728225708008e-02,1.900714635848999023e-02
1.039505004882812500e-02,-1.940479874610900879e-02,1.873154938220977783e-02
1.036918163299560547e-02,-1.880830526351928711e-02,1.865892112255096436e-02
1.025688648223876953e-02,-1.825904846191406250e-02,1.865169405937194824e-02
1.017653942108154297e-02,-1.775524020195007324e-02,1.868118345737457275e-02
1.004600524902343750e-02,-1.728859543800354004e-02,1.875184476375579834e-02
9.907007217407226562e-03,-1.685139536857604980e-02,1.885871589183807373e-02
9.790778160095214844e-03,-1.645299792289733887e-02,1.891997456550598145e-02
9.633302688598632812e-03,-1.613405346870422363e-02,1.893606781959533691e-02
9.455204010009765625e-03,-1.586142182350158691e-02,1.892384886741638184e-02
9.271264076232910156e-03,-1.564073562622070312e-02,1.890689134597778320e-02
9.061813354492187500e-03,-1.545777916908264160e-02,1.889169216156005859e-02
8.836388587951660156e-03,-1.530751585960388184e-02,1.886683702468872070e-02
8.623600006103515625e-03,-1.521247625350952148e-02,1.884517073631286621e-02
8.387327194213867188e-03,-1.515465974807739258e-02,1.878154277801513672e-02
8.124828338623046875e-03,-1.515251398086547852e-02,1.868019998073577881e-02
7.810711860656738281e-03,-1.516389846801757812e-02,1.859571039676666260e-02
7.438063621520996094e-03,-1.531252264976501465e-02,1.853647828102111816e-02
7.046580314636230469e-03,-1.545235514640808105e-02,1.842762529850006104e-02
6.692528724670410156e-03,-1.558360457420349121e-02,1.831139624118804932e-02
6.400227546691894531e-03,-1.572546362876892090e-02,1.825994253158569336e-02
6.157398223876953125e-03,-1.583293080329895020e-02,1.822830736637115479e-02
5.977392196655273438e-03,-1.594129204750061035e-02,1.816819608211517334e-02
5.842685699462890625e-03,-1.605129241943359375e-02,1.812303066253662109e-02
5.641698837280273438e-03,-1.635947823524475098e-02,1.812261343002319336e-02
5.437612533569335938e-03,-1.661643385887145996e-02,1.814539730548858643e-02
5.253314971923828125e-03,-1.683917641639709473e-02,1.783530414104461670e-02
5.149483680725097656e-03,-1.702171564102172852e-02,1.757533848285675049e-02
4.937291145324707031e-03,-1.717054843902587891e-02,1.746027171611785889e-02
4.826903343200683594e-03,-1.726263761520385742e-02,1.734851300716400146e-02
4.704356193542480469e-03,-1.730927824974060059e-02,1.727160811424255371e-02
4.713058471679687500e-03,-1.728922128677368164e-02,1.722232997417449951e-02
4.771709442138671875e-03,-1.726615428924560547e-02,1.717995107173919678e-02
4.835605621337890625e-03,-1.722723245620727539e-02,1.713760197162628174e-02
4.911899566650390625e-03,-1.715645194053649902e-02,1.717419922351837158e-02
4.985690116882324219e-03,-1.705643534660339355e-02,1.727621257305145264e-02
5.139470100402832031e-03,-1.694071292877197266e-02,1.738990843296051025e-02
5.216121673583984375e-03,-1.681119203567504883e-02,1.752559840679168701e-02
5.320906639099121094e-03,-1.667866110801696777e-02,1.765127480030059814e-02
5.370020866394042969e-03,-1.654520630836486816e-02,1.779371500015258789e-02
5.399465560913085938e-03,-1.640179753303527832e-02,1.796615123748779297e-02
5.455851554870605469e-03,-1.627865433692932129e-02,1.813311874866485596e-02
5.486130714416503906e-03,-1.617628335952758789e-02,1.826465129852294922e-02
5.582451820373535156e-03,-1.605194807052612305e-02,1.841609179973602295e-02
5.672454833984375000e-03,-1.585426926612854004e-02,1.864573359489440918e-02
5.333185195922851562e-03,-1.552277803421020508e-02,1.916313171386718750e-02
5.023479461669921875e-03,-1.525950431823730469e-02,1.959000527858734131e-02
4.680275917053222656e-03,-1.505342125892639160e-02,1.991863548755645752e-02
4.270553588867187500e-03,-1.492711901664733887e-02,2.019105851650238037e-02
3.901720046997070312e-03,-1.483091711997985840e-02,2.036949992179870605e-02
3.672122955322265625e-03,-1.478579640388488770e-02,2.045847475528717041e-02
3.573417663574218750e-03,-1.474532485008239746e-02,2.049033343791961670e-02
3.481149673461914062e-03,-1.473748683929443359e-02,2.050416171550750732e-02
3.454446792602539062e-03,-1.476874947547912598e-02,2.051684260368347168e-02
3.352761268615722656e-03,-1.484128832817077637e-02,2.093303203582763672e-02
3.334641456604003906e-03,-1.491728425025939941e-02,2.121295034885406494e-02
3.343939781188964844e-03,-1.503154635429382324e-02,2.141493558883666992e-02
3.335118293762207031e-03,-1.515954732894897461e-02,2.152527868747711182e-02
3.312945365905761719e-03,-1.510652899742126465e-02,2.156692743301391602e-02
3.336906433105468750e-03,-1.506149768829345703e-02,2.156291902065277100e-02
3.339648246765136719e-03,-1.502215862274169922e-02,2.149273455142974854e-02
3.410577774047851562e-03,-1.500055193901062012e-02,2.137166261672973633e-02
3.602504730224609375e-03,-1.499426364898681641e-02,2.119754254817962646e-02
3.766298294067382812e-03,-1.517495512962341309e-02,2.096983790397644043e-02
3.943443298339843750e-03,-1.537808775901794434e-02,2.071453630924224854e-02
4.196405410766601562e-03,-1.555275917053222656e-02,2.044039964675903320e-02
4.443049430847167969e-03,-1.570707559585571289e-02,2.013796567916870117e-02
4.845023155212402344e-03,-1.582866907119750977e-02,1.986131072044372559e-02
5.211949348449707031e-03,-1.591420173645019531e-02,1.962950825691223145e-02
5.466938018798828125e-03,-1.597291231155395508e-02,1.945449411869049072e-02
5.699753761291503906e-03,-1.599314808845520020e-02,1.934967935085296631e-02
5.910277366638183594e-03,-1.596373319625854492e-02,1.928269863128662109e-02
6.095886230468750000e-03,-1.588267087936401367e-02,1.924371719360351562e-02
6.263256072998046875e-03,-1.578590273857116699e-02,1.923432946205139160e-02
6.475090980529785156e-03,-1.563256978988647461e-02,1.929052174091339111e-02
6.616950035095214844e-03,-1.547357439994812012e-02,1.940958201885223389e-02
6.746292114257812500e-03,-1.531049609184265137e-02,1.957914233207702637e-02
6.811499595642089844e-03,-1.514488458633422852e-02,1.976282894611358643e-02
6.817460060119628906e-03,-1.497256755828857422e-02,1.996815204620361328e-02
6.881475448608398438e-03,-1.478981971740722656e-02,2.018995583057403564e-02
6.938099861145019531e-03,-1.461058855056762695e-02,2.040597796440124512e-02
7.007360458374023438e-03,-1.443633437156677246e-02,2.064009010791778564e-02
7.089734077453613281e-03,-1.426357030868530273e-02,2.089431881904602051e-02
7.163524627685546875e-03,-1.410120725631713867e-02,2.115564048290252686e-02
7.227301597595214844e-03,-1.392257213592529297e-02,2.141921222209930420e-02
7.232904434204101562e-03,-1.372629404067993164e-02,2.167770266532897949e-02
7.056951522827148438e-03,-1.353180408477783203e-02,2.194963395595550537e-02
6.932020187377929688e-03,-1.386210322380065918e-02,2.191105484962463379e-02
6.799459457397460938e-03,-1.416340470314025879e-02,2.187208831310272217e-02
6.718158721923828125e-03,-1.441764831542968750e-02,2.185824513435363770e-02
6.637454032897949219e-03,-1.460808515548706055e-02,2.182838320732116699e-02
6.541252136230468750e-03,-1.478365063667297363e-02,2.180862426757812500e-02
6.488442420959472656e-03,-1.490291953086853027e-02,2.185094356536865234e-02
6.441116333007812500e-03,-1.502501964569091797e-02,2.191290259361267090e-02
6.420850753784179688e-03,-1.511383056640625000e-02,2.197879552841186523e-02
6.371378898620605469e-03,-1.516997814178466797e-02,2.209664881229400635e-02
6.358265876770019531e-03,-1.520380377769470215e-02,2.224123477935791016e-02
6.371974945068359375e-03,-1.521202921867370605e-02,2.229928970336914062e-02
6.341338157653808594e-03,-1.521423459053039551e-02,2.239194512367248535e-02
6.297707557678222656e-03,-1.521059870719909668e-02,2.252973616123199463e-02
6.218433380126953125e-03,-1.519161462783813477e-02,2.267575263977050781e-02
6.095409393310546875e-03,-1.515489816665649414e-02,2.281852066516876221e-02
5.987644195556640625e-03,-1.511758565902709961e-02,2.295587956905364990e-02
5.865693092346191406e-03,-1.506692171096801758e-02,2.307088673114776611e-02
5.761384963989257812e-03,-1.506000757217407227e-02,2.312894165515899658e-02
5.663156509399414062e-03,-1.505362987518310547e-02,2.315415441989898682e-02
5.559802055358886719e-03,-1.503878831863403320e-02,2.318285405635833740e-02
5.439519882202148438e-03,-1.501908898353576660e-02,2.319635450839996338e-02
5.300045013427734375e-03,-1.499804854393005371e-02,2.316854894161224365e-02
5.176782608032226562e-03,-1.496371626853942871e-02,2.314649522304534912e-02
5.098342895507812500e-03,-1.495346426963806152e-02,2.306485176086425781e-02
5.014061927795410156e-03,-1.496192812919616699e-02,2.297604084014892578e-02
4.952669143676757812e-03,-1.496762037277221680e-02,2.285997569561004639e-02
4.874110221862792969e-03,-1.499313116073608398e-02,2.271476387977600098e-02
4.792094230651855469e-03,-1.504409313201904297e-02,2.252754569053649902e-02
4.693150520324707031e-03,-1.512563228607177734e-02,2.236118912696838379e-02
4.851937294006347656e-03,-1.514589786529541016e-02,2.216567099094390869e-02
5.006074905395507812e-03,-1.517951488494873047e-02,2.192851901054382324e-02
5.188345909118652344e-03,-1.519638299942016602e-02,2.170892059803009033e-02
5.356788635253906250e-03,-1.521852612495422363e-02,2.153490483760833740e-02
5.432844161987304688e-03,-1.525905728340148926e-02,2.141359448432922363e-02
5.321979522705078125e-03,-1.533117890357971191e-02,2.135515213012695312e-02
5.018353462219238281e-03,-1.543813943862915039e-02,2.132348716259002686e-02
4.645347595214843750e-03,-1.562750339508056641e-02,2.131199836730957031e-02
4.284858703613281250e-03,-1.579770445823669434e-02,2.133145928382873535e-02
3.943085670471191406e-03,-1.596784591674804688e-02,2.138033509254455566e-02
3.502607345581054688e-03,-1.612067222595214844e-02,2.151811122894287109e-02
2.989292144775390625e-03,-1.632270216941833496e-02,2.167794108390808105e-02
2.548575401306152344e-03,-1.653420925140380859e-02,2.182585000991821289e-02
2.157926559448242188e-03,-1.673102378845214844e-02,2.193342149257659912e-02
1.802563667297363281e-03,-1.693785190582275391e-02,2.200980484485626221e-02
1.499772071838378906e-03,-1.714760065078735352e-02,2.205434441566467285e-02
1.171112060546875000e-03,-1.749935746192932129e-02,2.203236520290374756e-02
8.728504180908203125e-04,-1.783692836761474609e-02,2.197961509227752686e-02
5.515813827514648438e-04,-1.800695061683654785e-02,2.199181914329528809e-02
2.684593200683593750e-04,-1.817056536674499512e-02,2.196876704692840576e-02
4.220008850097656250e-05,-1.835078001022338867e-02,2.187532186508178711e-02
-1.729726791381835938e-04,-1.849284768104553223e-02,2.179883420467376709e-02
-2.982616424560546875e-04,-1.866942644119262695e-02,2.168513834476470947e-02
-3.584623336791992188e-04,-1.898279786109924316e-02,2.150236070156097412e-02
-3.106594085693359375e-04,-1.925376057624816895e-02,2.134695649147033691e-02
-2.171993255615234375e-04,-1.948720216751098633e-02,2.114957571029663086e-02
-1.015663146972656250e-04,-1.969179511070251465e-02,2.093462646007537842e-02
2.360343933105468750e-05,-1.986816525459289551e-02,2.075022459030151367e-02
1.342296600341796875e-04,-2.001500129699707031e-02,2.056054770946502686e-02
2.795457839965820312e-04,-2.012214064598083496e-02,2.039627730846405029e-02
4.289150238037109375e-04,-2.017924189567565918e-02,2.025252580642700195e-02
6.690025329589843750e-04,-2.022442221641540527e-02,2.009452879428863525e-02
9.635686874389648438e-04,-2.023664116859436035e-02,1.994089782238006592e-02
1.307845115661621094e-03,-2.024301886558532715e-02,1.977233588695526123e-02
1.620292663574218750e-03,-2.025917172431945801e-02,1.957032084465026855e-02
2.274751663208007812e-03,-2.048242092132568359e-02,1.907083392143249512e-02
2.916455268859863281e-03,-2.066990733146667480e-02,1.860989630222320557e-02
3.450989723205566406e-03,-2.081173658370971680e-02,1.821786165237426758e-02
3.857254981994628906e-03,-2.092656493186950684e-02,1.792527735233306885e-02
4.187107086181640625e-03,-2.099230885505676270e-02,1.772285997867584229e-02
4.414081573486328125e-03,-2.105587720870971680e-02,1.756267249584197998e-02
4.652380943298339844e-03,-2.111345529556274414e-02,1.741154491901397705e-02
4.848122596740722656e-03,-2.116146683692932129e-02,1.731245219707489014e-02
5.041122436523437500e-03,-2.119812369346618652e-02,1.724417507648468018e-02
5.211591720581054688e-03,-2.123862504959106445e-02,1.723399758338928223e-02
5.316495895385742188e-03,-2.126258611679077148e-02,1.727376878261566162e-02
5.408525466918945312e-03,-2.126812934875488281e-02,1.733671128749847412e-02
5.472421646118164062e-03,-2.126824855804443359e-02,1.747043430805206299e-02
5.132794380187988281e-03,-2.124771475791931152e-02,1.764374971389770508e-02
4.767775535583496094e-03,-2.138754725456237793e-02,1.777555048465728760e-02
4.460930824279785156e-03,-2.148357033729553223e-02,1.790525019168853760e-02
3.999590873718261719e-03,-2.143612504005432129e-02,1.825967431068420410e-02
3.647327423095703125e-03,-2.137202024459838867e-02,1.859240233898162842e-02
3.386378288269042969e-03,-2.129608392715454102e-02,1.888194680213928223e-02
3.113389015197753906e-03,-2.122640609741210938e-02,1.905032992362976074e-02
2.913951873779296875e-03,-2.115634083747863770e-02,1.915363967418670654e-02
2.784252166748046875e-03,-2.108243107795715332e-02,1.922914385795593262e-02
2.750873565673828125e-03,-2.100241184234619141e-02,1.925691962242126465e-02
2.725958824157714844e-03,-2.093517780303955078e-02,1.926299929618835449e-02
2.740144729614257812e-03,-2.084347605705261230e-02,1.921413838863372803e-02
2.820372581481933594e-03,-2.074229717254638672e-02,1.916912198066711426e-02
2.882480621337890625e-03,-2.067023515701293945e-02,1.911275088787078857e-02
2.951145172119140625e-03,-2.059367299079895020e-02,1.905357837677001953e-02
3.078103065490722656e-03,-2.053257822990417480e-02,1.895773410797119141e-02
3.223657608032226562e-03,-2.046796679496765137e-02,1.883906126022338867e-02
3.456830978393554688e-03,-2.039679884910583496e-02,1.871785521507263184e-02
3.697395324707031250e-03,-2.034842967987060547e-02,1.859752833843231201e-02
3.959774971008300781e-03,-2.026590704917907715e-02,1.845589280128479004e-02
4.153132438659667969e-03,-2.017465233802795410e-02,1.833425462245941162e-02
4.281520843505859375e-03,-2.011275291442871094e-02,1.829117536544799805e-02
4.382729530334472656e-03,-1.994162797927856445e-02,1.828435063362121582e-02
4.414200782775878906e-03,-1.984599232673645020e-02,1.821713149547576904e-02
4.364848136901855469e-03,-1.975336670875549316e-02,1.816354691982269287e-02
4.274129867553710938e-03,-1.963067054748535156e-02,1.815110445022583008e-02
4.137754440307617188e-03,-1.951986551284790039e-02,1.818704605102539062e-02
3.999590873718261719e-03,-1.927942037582397461e-02,1.823905110359191895e-02
3.834366798400878906e-03,-1.904562115669250488e-02,1.829555630683898926e-02
3.623723983764648438e-03,-1.883792877197265625e-02,1.834085583686828613e-02
3.425121307373046875e-03,-1.865705847740173340e-02,1.837152242660522461e-02
3.212213516235351562e-03,-1.854488253593444824e-02,1.837845146656036377e-02
2.958059310913085938e-03,-1.844668388366699219e-02,1.843397319316864014e-02
2.676606178283691406e-03,-1.834356784820556641e-02,1.849825680255889893e-02
2.379298210144042969e-03,-1.827740669250488281e-02,1.855300366878509521e-02
2.114892005920410156e-03,-1.820769906044006348e-02,1.860946416854858398e-02
1.968145370483398438e-03,-1.813873648643493652e-02,1.864470541477203369e-02
1.880407333374023438e-03,-1.807558536529541016e-02,1.868049800395965576e-02
1.779198646545410156e-03,-1.801046729087829590e-02,1.870574057102203369e-02
1.727342605590820312e-03,-1.795661449432373047e-02,1.871807873249053955e-02
1.692771911621093750e-03,-1.791387796401977539e-02,1.872213184833526611e-02
1.640439033508300781e-03,-1.786923408508300781e-02,1.870533823966979980e-02
1.593470573425292969e-03,-1.783782243728637695e-02,1.865530014038085938e-02
1.570224761962890625e-03,-1.778617501258850098e-02,1.860371232032775879e-02
1.491904258728027344e-03,-1.770883798599243164e-02,1.862516999244689941e-02
1.394033432006835938e-03,-1.767507195472717285e-02,1.863341033458709717e-02
1.341342926025390625e-03,-1.766958832740783691e-02,1.858673989772796631e-02
1.274228096008300781e-03,-1.767489314079284668e-02,1.850622892379760742e-02
1.239538192749023438e-03,-1.770105957984924316e-02,1.838277280330657959e-02
1.150131225585937500e-03,-1.776307821273803711e-02,1.820831000804901123e-02
1.060128211975097656e-03,-1.783642172813415527e-02,1.801364123821258545e-02
1.094579696655273438e-03,-1.789107918739318848e-02,1.771120727062225342e-02
1.127839088439941406e-03,-1.798471808433532715e-02,1.727019250392913818e-02
1.201391220092773438e-03,-1.813748478889465332e-02,1.678486168384552002e-02
1.280665397644042969e-03,-1.826828718185424805e-02,1.635222136974334717e-02
1.397967338562011719e-03,-1.836884021759033203e-02,1.597063243389129639e-02
1.557111740112304688e-03,-1.844573020935058594e-02,1.559816300868988037e-02
1.717209815979003906e-03,-1.848149299621582031e-02,1.528173685073852539e-02
1.823425292968750000e-03,-1.847743988037109375e-02,1.503114402294158936e-02
1.810669898986816406e-03,-1.847696304321289062e-02,1.486538350582122803e-02
1.763820648193359375e-03,-1.848462224006652832e-02,1.477949321269989014e-02
1.653790473937988281e-03,-1.848369836807250977e-02,1.477360725402832031e-02
1.557946205139160156e-03,-1.848974823951721191e-02,1.479561626911163330e-02
1.431107521057128906e-03,-1.849970221519470215e-02,1.485881209373474121e-02
1.363396644592285156e-03,-1.851266622543334961e-02,1.496875286102294922e-02
1.255512237548828125e-03,-1.853650808334350586e-02,1.513165235519409180e-02
1.136302947998046875e-03,-1.859939098358154297e-02,1.530867815017700195e-02
1.031279563903808594e-03,-1.875236630439758301e-02,1.548348367214202881e-02
9.129047393798828125e-04,-1.890254020690917969e-02,1.566228270530700684e-02
9.671449661254882812e-04,-1.901575922966003418e-02,1.581662893295288086e-02
1.030206680297851562e-03,-1.911789178848266602e-02,1.599916815757751465e-02
1.072883605957031250e-03,-1.918256282806396484e-02,1.616753637790679932e-02
1.113891601562500000e-03,-1.923975348472595215e-02,1.631778478622436523e-02
1.160264015197753906e-03,-1.926141977310180664e-02,1.646837592124938965e-02
1.165270805358886719e-03,-1.925578713417053223e-02,1.667033135890960693e-02
1.183032989501953125e-03,-1.925519108772277832e-02,1.684565842151641846e-02
1.262068748474121094e-03,-1.926413178443908691e-02,1.695616543292999268e-02
1.375555992126464844e-03,-1.926168799400329590e-02,1.706576347351074219e-02
1.528978347778320312e-03,-1.924166083335876465e-02,1.686289906501770020e-02
1.670598983764648438e-03,-1.960909366607666016e-02,1.653727889060974121e-02
1.821756362915039062e-03,-1.991838216781616211e-02,1.628464460372924805e-02
1.970648765563964844e-03,-2.017742395401000977e-02,1.607048511505126953e-02
2.131819725036621094e-03,-2.039989829063415527e-02,1.593430340290069580e-02
2.339243888854980469e-03,-2.057358622550964355e-02,1.578074693679809570e-02
2.550125122070312500e-03,-2.071255445480346680e-02,1.566140353679656982e-02
2.769589424133300781e-03,-2.080607414245605469e-02,1.563864946365356445e-02
2.998232841491699219e-03,-2.088525891304016113e-02,1.559579372406005859e-02
3.232598304748535156e-03,-2.093550562858581543e-02,1.555055379867553711e-02
3.450274467468261719e-03,-2.095967531204223633e-02,1.552757620811462402e-02
3.612518310546875000e-03,-2.095925807952880859e-02,1.556409895420074463e-02
3.681659698486328125e-03,-2.096435427665710449e-02,1.561714708805084229e-02
3.743886947631835938e-03,-2.091583609580993652e-02,1.566961407661437988e-02
3.825426101684570312e-03,-2.085611224174499512e-02,1.572482287883758545e-02
3.931522369384765625e-03,-2.081376314163208008e-02,1.574555039405822754e-02
4.036068916320800781e-03,-2.078458666801452637e-02,1.578240096569061279e-02
4.168510437011718750e-03,-2.076151967048645020e-02,1.578718423843383789e-02
4.289031028747558594e-03,-2.074578404426574707e-02,1.580336689949035645e-02
4.341125488281250000e-03,-2.074426412582397461e-02,1.582714915275573730e-02
4.322171211242675781e-03,-2.076646685600280762e-02,1.587393879890441895e-02
4.274487495422363281e-03,-2.077364921569824219e-02,1.593083143234252930e-02
4.183888435363769531e-03,-2.078458666801452637e-02,1.602245867252349854e-02
4.033684730529785156e-03,-2.081242203712463379e-02,1.612028479576110840e-02
3.898739814758300781e-03,-2.082937955856323242e-02,1.625050604343414307e-02
3.769874572753906250e-03,-2.086043357849121094e-02,1.632419228553771973e-02
3.689408302307128906e-03,-2.087074518203735352e-02,1.641400158405303955e-02
3.587722778320312500e-03,-2.088424563407897949e-02,1.651212573051452637e-02
3.461718559265136719e-03,-2.087682485580444336e-02,1.662512123584747314e-02
3.381371498107910156e-03,-2.085116505622863770e-02,1.677638292312622070e-02
3.233313560485839844e-03,-2.083542943000793457e-02,1.699082553386688232e-02
3.075599670410156250e-03,-2.082452178001403809e-02,1.720748841762542725e-02
2.880334854125976562e-03,-2.081954479217529297e-02,1.743423938751220703e-02
2.704501152038574219e-03,-2.083399891853332520e-02,1.763291656970977783e-02
2.478718757629394531e-03,-2.084293961524963379e-02,1.781228184700012207e-02
2.181053161621093750e-03,-2.084934711456298828e-02,1.804473996162414551e-02
1.805663108825683594e-03,-2.085319161415100098e-02,1.829326152801513672e-02
1.430034637451171875e-03,-2.084121108055114746e-02,1.854673027992248535e-02
1.050591468811035156e-03,-2.084958553314208984e-02,1.879625022411346436e-02
6.666183471679687500e-04,-2.085900306701660156e-02,1.904557645320892334e-02
2.856254577636718750e-04,-2.088019251823425293e-02,1.931983232498168945e-02
-1.540184020996093750e-04,-2.089390158653259277e-02,1.964461803436279297e-02
-5.822181701660156250e-04,-2.088814973831176758e-02,1.997596025466918945e-02
-1.126050949096679688e-03,-2.081632614135742188e-02,2.042306959629058838e-02
-1.755952835083007812e-03,-2.074906229972839355e-02,2.091260254383087158e-02
-2.369403839111328125e-03,-2.067208290100097656e-02,2.145761251449584961e-02
-2.921819686889648438e-03,-2.060133218765258789e-02,2.197685837745666504e-02
-3.420352935791015625e-03,-2.039995789527893066e-02,2.254255115985870361e-02
-3.818631172180175781e-03,-2.020502090454101562e-02,2.307502925395965576e-02
-4.237413406372070312e-03,-2.011993527412414551e-02,2.353484928607940674e-02
-4.568815231323242188e-03,-2.002984285354614258e-02,2.399222552776336670e-02
-4.801988601684570312e-03,-1.994442939758300781e-02,2.440485358238220215e-02
-4.935503005981445312e-03,-1.984182000160217285e-02,2.476140856742858887e-02
-5.071282386779785156e-03,-1.977238059043884277e-02,2.504290640354156494e-02
-5.144357681274414062e-03,-1.971447467803955078e-02,2.527990937232971191e-02
-5.182743072509765625e-03,-1.965770125389099121e-02,2.543690800666809082e-02
-5.168676376342773438e-03,-1.960644125938415527e-02,2.558825910091400146e-02
-5.234599113464355469e-03,-1.958397030830383301e-02,2.570794522762298584e-02
-5.205273628234863281e-03,-1.953518390655517578e-02,2.579405903816223145e-02
-5.131483078002929688e-03,-1.949536800384521484e-02,2.586348354816436768e-02
-5.011677742004394531e-03,-1.945546269416809082e-02,2.589312195777893066e-02
-4.873156547546386719e-03,-1.944586634635925293e-02,2.588754892349243164e-02
-4.721283912658691406e-03,-1.943567395210266113e-02,2.586638927459716797e-02
-4.563570022583007812e-03,-1.943510770797729492e-02,2.581721544265747070e-02
-4.412889480590820312e-03,-1.944965124130249023e-02,2.575144171714782715e-02
-4.178881645202636719e-03,-1.947167515754699707e-02,2.564741671085357666e-02
-3.891587257385253906e-03,-1.948738098144531250e-02,2.550804615020751953e-02
-3.587603569030761719e-03,-1.950749754905700684e-02,2.532754838466644287e-02
-3.313779830932617188e-03,-1.952943205833435059e-02,2.516256272792816162e-02
-3.029942512512207031e-03,-1.953864097595214844e-02,2.505128085613250732e-02
-2.711057662963867188e-03,-1.912876963615417480e-02,2.511616051197052002e-02
-2.378225326538085938e-03,-1.875787973403930664e-02,2.520224452018737793e-02
-2.053380012512207031e-03,-1.844891905784606934e-02,2.526283264160156250e-02
-1.798033714294433594e-03,-1.821145415306091309e-02,2.529469132423400879e-02
-1.515984535217285156e-03,-1.800814270973205566e-02,2.526940405368804932e-02
-1.290678977966308594e-03,-1.784110069274902344e-02,2.522413432598114014e-02
-1.080751419067382812e-03,-1.771703362464904785e-02,2.510680258274078369e-02
-9.063482284545898438e-04,-1.762023568153381348e-02,2.494677901268005371e-02
-7.884502410888671875e-04,-1.755332946777343750e-02,2.491721510887145996e-02
-7.297992706298828125e-04,-1.751929521560668945e-02,2.486795186996459961e-02
-7.148981094360351562e-04,-1.749604940414428711e-02,2.479605376720428467e-02
-7.033348083496093750e-04,-1.749548316001892090e-02,2.471530437469482422e-02
-6.934404373168945312e-04,-1.754838228225708008e-02,2.459751069545745850e-02
-7.154941558837890625e-04,-1.763439178466796875e-02,2.447545528411865234e-02
-7.203817367553710938e-04,-1.773563027381896973e-02,2.435304224491119385e-02
-6.152391433715820312e-04,-1.786527037620544434e-02,2.422127127647399902e-02
-5.377531051635742188e-04,-1.802000403404235840e-02,2.406747639179229736e-02
-4.514455795288085938e-04,-1.818293333053588867e-02,2.387273311614990234e-02
-3.738403320312500000e-04,-1.835840940475463867e-02,2.366615831851959229e-02
-3.046989440917968750e-04,-1.855698227882385254e-02,2.344670891761779785e-02
-2.677440643310546875e-04,-1.875436305999755859e-02,2.319194376468658447e-02
-2.553462982177734375e-04,-1.895019412040710449e-02,2.291245758533477783e-02
-2.125501632690429688e-04,-1.914945244789123535e-02,2.258966863155364990e-02
-2.347230911254882812e-04,-1.934409141540527344e-02,2.226167917251586914e-02
-4.235506057739257812e-04,-1.956921815872192383e-02,2.193872630596160889e-02
-5.911588668823242188e-04,-1.980382204055786133e-02,2.166190743446350098e-02
-7.568597793579101562e-04,-2.003288269042968750e-02,2.139517664909362793e-02
-9.371042251586914062e-04,-2.027022838592529297e-02,2.112819254398345947e-02
-1.086950302124023438e-03,-2.048310637474060059e-02,2.084296941757202148e-02
-1.187562942504882812e-03,-2.068436145782470703e-02,2.052742242813110352e-02
-1.264572143554687500e-03,-2.088665962219238281e-02,2.021984755992889404e-02
-1.306653022766113281e-03,-2.108708024024963379e-02,1.993244886398315430e-02
-1.420974731445312500e-03,-2.129024267196655273e-02,1.967953145503997803e-02
-1.492619514465332031e-03,-2.149054408073425293e-02,1.945216953754425049e-02
-1.565098762512207031e-03,-2.169001102447509766e-02,1.923476159572601318e-02
-1.576423645019531250e-03,-2.185934782028198242e-02,1.905561983585357666e-02
-1.570343971252441406e-03,-2.199640870094299316e-02,1.890793442726135254e-02
-1.570463180541992188e-03,-2.212637662887573242e-02,1.877920329570770264e-02
-1.702427864074707031e-03,-2.221339941024780273e-02,1.873348653316497803e-02
-1.812696456909179688e-03,-2.228343486785888672e-02,1.873452961444854736e-02
-1.894474029541015625e-03,-2.214562892913818359e-02,1.884248852729797363e-02
-1.991391181945800781e-03,-2.200528979301452637e-02,1.903966069221496582e-02
-2.063632011413574219e-03,-2.187106013298034668e-02,1.921920478343963623e-02
-2.182126045227050781e-03,-2.172639966011047363e-02,1.947587728500366211e-02
-2.334475517272949219e-03,-2.158671617507934570e-02,1.975943148136138916e-02
-2.480745315551757812e-03,-2.144625782966613770e-02,2.007575333118438721e-02
-2.683877944946289062e-03,-2.130752801895141602e-02,2.043274044990539551e-02
-2.940416336059570312e-03,-2.116554975509643555e-02,2.078250050544738770e-02
-3.164410591125488281e-03,-2.106714248657226562e-02,2.117237448692321777e-02
-3.380179405212402344e-03,-2.094864845275878906e-02,2.158020436763763428e-02
-3.548383712768554688e-03,-2.083024382591247559e-02,2.200023829936981201e-02
-3.706574440002441406e-03,-2.071636915206909180e-02,2.241459488868713379e-02
-3.892302513122558594e-03,-2.060610055923461914e-02,2.283865213394165039e-02
-4.108190536499023438e-03,-2.050253748893737793e-02,2.333699166774749756e-02
-4.308581352233886719e-03,-2.041098475456237793e-02,2.373901009559631348e-02
-4.472136497497558594e-03,-2.032202482223510742e-02,2.405190467834472656e-02
-4.567265510559082031e-03,-2.023208141326904297e-02,2.434059977531433105e-02
-4.576563835144042969e-03,-2.015039324760437012e-02,2.454967796802520752e-02
-4.503726959228515625e-03,-2.007791399955749512e-02,2.472196519374847412e-02
-4.419088363647460938e-03,-2.000126242637634277e-02,2.484709024429321289e-02
-4.242062568664550781e-03,-1.991888880729675293e-02,2.496376633644104004e-02
-4.047513008117675781e-03,-1.985481381416320801e-02,2.507820725440979004e-02
-3.915786743164062500e-03,-1.982066035270690918e-02,2.516323328018188477e-02
-3.810644149780273438e-03,-1.978227496147155762e-02,2.521049976348876953e-02
-4.158496856689453125e-03,-1.965045928955078125e-02,2.558754384517669678e-02
-4.425883293151855469e-03,-1.954790949821472168e-02,2.589274942874908447e-02
-4.691362380981445312e-03,-1.947546005249023438e-02,2.616794407367706299e-02
-4.881978034973144531e-03,-1.943683624267578125e-02,2.637815475463867188e-02
-5.052924156188964844e-03,-1.941132545471191406e-02,2.654008567333221436e-02
-5.269289016723632812e-03,-1.940333843231201172e-02,2.665802836418151855e-02
-5.408763885498046875e-03,-1.940390467643737793e-02,2.673812210559844971e-02
-5.496263504028320312e-03,-1.941105723381042480e-02,2.679391205310821533e-02
-5.545735359191894531e-03,-1.940378546714782715e-02,2.706892788410186768e-02
-5.551457405090332031e-03,-1.941090822219848633e-02,2.726383507251739502e-02
-5.488038063049316406e-03,-1.943007111549377441e-02,2.739958465099334717e-02
-5.432486534118652344e-03,-1.943701505661010742e-02,2.748768031597137451e-02
-5.368947982788085938e-03,-1.944783329963684082e-02,2.757406234741210938e-02
-5.309224128723144531e-03,-1.946833729743957520e-02,2.766603231430053711e-02
-5.254983901977539062e-03,-1.951515674591064453e-02,2.773730456829071045e-02
-5.161762237548828125e-03,-1.957398653030395508e-02,2.776323258876800537e-02
-5.086898803710937500e-03,-1.963302493095397949e-02,2.774862945079803467e-02
-4.907011985778808594e-03,-1.967573165893554688e-02,2.771656215190887451e-02
-4.765629768371582031e-03,-1.970225572586059570e-02,2.768500149250030518e-02
-4.682540893554687500e-03,-1.970568299293518066e-02,2.768623828887939453e-02
-4.636883735656738281e-03,-1.969128847122192383e-02,2.770335972309112549e-02
-4.651904106140136719e-03,-1.962235569953918457e-02,2.777345478534698486e-02
-4.680871963500976562e-03,-1.955300569534301758e-02,2.786502242088317871e-02
-4.757046699523925781e-03,-1.943278312683105469e-02,2.801041305065155029e-02
-4.750013351440429688e-03,-1.928329467773437500e-02,2.813127636909484863e-02
-4.721760749816894531e-03,-1.914340257644653320e-02,2.825456857681274414e-02
-4.679083824157714844e-03,-1.900196075439453125e-02,2.839048206806182861e-02
-4.605650901794433594e-03,-1.883310079574584961e-02,2.850843966007232666e-02
-4.462122917175292969e-03,-1.867437362670898438e-02,2.865065634250640869e-02
-4.364728927612304688e-03,-1.844361424446105957e-02,2.882412075996398926e-02
-4.257440567016601562e-03,-1.820519566535949707e-02,2.899731695652008057e-02
-4.231572151184082031e-03,-1.797562837600708008e-02,2.914634346961975098e-02
-4.413127899169921875e-03,-1.764476299285888672e-02,2.949930727481842041e-02
-4.635214805603027344e-03,-1.736149191856384277e-02,2.981080114841461182e-02
-4.823207855224609375e-03,-1.712292432785034180e-02,3.003124892711639404e-02
-4.955768585205078125e-03,-1.693722605705261230e-02,3.018978238105773926e-02
-5.082011222839355469e-03,-1.682657003402709961e-02,3.031994402408599854e-02
-5.199670791625976562e-03,-1.680383086204528809e-02,3.041204810142517090e-02
-5.341172218322753906e-03,-1.690810918807983398e-02,3.045907616615295410e-02
-5.448818206787109375e-03,-1.704901456832885742e-02,3.048397600650787354e-02
-5.532503128051757812e-03,-1.718920469284057617e-02,3.049914538860321045e-02
-5.587220191955566406e-03,-1.734465360641479492e-02,3.050841391086578369e-02
-5.641937255859375000e-03,-1.751381158828735352e-02,3.049533069133758545e-02
-5.692243576049804688e-03,-1.769608259201049805e-02,3.047180175781250000e-02
-5.685210227966308594e-03,-1.785179972648620605e-02,3.044648468494415283e-02
-5.625367164611816406e-03,-1.796358823776245117e-02,3.040309250354766846e-02
-5.532622337341308594e-03,-1.804795861244201660e-02,3.033752739429473877e-02
-5.436778068542480469e-03,-1.815187931060791016e-02,3.025229275226593018e-02
-5.347013473510742188e-03,-1.826640963554382324e-02,3.014412522315979004e-02
-5.208134651184082031e-03,-1.838567852973937988e-02,3.003263473510742188e-02
-4.984974861145019531e-03,-1.852533221244812012e-02,2.992762625217437744e-02
-4.794120788574218750e-03,-1.866507530212402344e-02,2.982620894908905029e-02
-4.621863365173339844e-03,-1.879504323005676270e-02,2.971586585044860840e-02
-4.441142082214355469e-03,-1.893451809883117676e-02,2.959862351417541504e-02
-4.247903823852539062e-03,-1.905792951583862305e-02,2.948768436908721924e-02
-4.069209098815917969e-03,-1.917189359664916992e-02,2.936379611492156982e-02
-3.883004188537597656e-03,-1.927933096885681152e-02,2.925786375999450684e-02
-3.721475601196289062e-03,-1.938557624816894531e-02,2.912247180938720703e-02
-3.551483154296875000e-03,-1.946341991424560547e-02,2.899731695652008057e-02
-3.391861915588378906e-03,-1.950076222419738770e-02,2.889972925186157227e-02
-3.180861473083496094e-03,-1.952236890792846680e-02,2.877888083457946777e-02
-2.976536750793457031e-03,-1.953792572021484375e-02,2.866949141025543213e-02
-2.832055091857910156e-03,-1.954761147499084473e-02,2.857087552547454834e-02
-2.712607383728027344e-03,-1.955395936965942383e-02,2.846455574035644531e-02
-2.618193626403808594e-03,-1.956832408905029297e-02,2.835725247859954834e-02
-2.521395683288574219e-03,-1.974210143089294434e-02,2.826698124408721924e-02
-2.411127090454101562e-03,-1.990237832069396973e-02,2.816212177276611328e-02
-2.301931381225585938e-03,-2.004948258399963379e-02,2.804686129093170166e-02
-2.181529998779296875e-03,-2.014783024787902832e-02,2.791246771812438965e-02
-2.058863639831542969e-03,-2.022129297256469727e-02,2.777780592441558838e-02
-1.921772956848144531e-03,-2.027893066406250000e-02,2.763348817825317383e-02
-1.772046089172363281e-03,-2.031111717224121094e-02,2.750910818576812744e-02
-1.607060432434082031e-03,-2.033367753028869629e-02,2.737420797348022461e-02
-1.449465751647949219e-03,-2.036106586456298828e-02,2.721060812473297119e-02
-1.290678977966308594e-03,-2.036896347999572754e-02,2.707575261592864990e-02
-1.214385032653808594e-03,-2.037447690963745117e-02,2.692115306854248047e-02
-1.171708106994628906e-03,-2.038106322288513184e-02,2.678713202476501465e-02
-1.163959503173828125e-03,-2.027657628059387207e-02,2.668437361717224121e-02
-1.189470291137695312e-03,-2.016341686248779297e-02,2.660791575908660889e-02
-1.283049583435058594e-03,-2.006271481513977051e-02,2.655307948589324951e-02
-1.347899436950683594e-03,-1.999685168266296387e-02,2.648134529590606689e-02
-1.448869705200195312e-03,-1.994785666465759277e-02,2.641937136650085449e-02
-1.565217971801757812e-03,-1.990884542465209961e-02,2.633811533451080322e-02
-1.634240150451660156e-03,-1.985540986061096191e-02,2.625334262847900391e-02
-1.663088798522949219e-03,-1.979967951774597168e-02,2.616852521896362305e-02
-1.689434051513671875e-03,-1.973754167556762695e-02,2.607995271682739258e-02
-1.662611961364746094e-03,-1.971560716629028320e-02,2.596078813076019287e-02
-1.581072807312011719e-03,-1.969918608665466309e-02,2.582825720310211182e-02
-1.503467559814453125e-03,-1.968699693679809570e-02,2.572628855705261230e-02
-1.398801803588867188e-03,-1.966342329978942871e-02,2.560058236122131348e-02
-1.276135444641113281e-03,-1.962131261825561523e-02,2.547647058963775635e-02
-1.076221466064453125e-03,-1.922473311424255371e-02,2.534663677215576172e-02
-8.795261383056640625e-04,-1.889291405677795410e-02,2.523662149906158447e-02
-7.168054580688476562e-04,-1.862239837646484375e-02,2.511484920978546143e-02
-5.995035171508789062e-04,-1.837897300720214844e-02,2.498486638069152832e-02
-5.490779876708984375e-04,-1.819598674774169922e-02,2.485105395317077637e-02
-4.974603652954101562e-04,-1.804316043853759766e-02,2.473933994770050049e-02
-5.097389221191406250e-04,-1.792809367179870605e-02,2.461315691471099854e-02
-5.507469177246093750e-04,-1.786229014396667480e-02,2.444539964199066162e-02
-5.998611450195312500e-04,-1.781895756721496582e-02,2.429658174514770508e-02
-6.520748138427734375e-04,-1.777434349060058594e-02,2.414032816886901855e-02
-7.430315017700195312e-04,-1.777705550193786621e-02,2.399273216724395752e-02
-8.592605590820312500e-04,-1.778641343116760254e-02,2.381551265716552734e-02
-1.019716262817382812e-03,-1.782724261283874512e-02,2.363426983356475830e-02
-1.140594482421875000e-03,-1.788726449012756348e-02,2.344706654548645020e-02
-1.211762428283691406e-03,-1.794299483299255371e-02,2.325995266437530518e-02
-1.248836517333984375e-03,-1.799967885017395020e-02,2.306894958019256592e-02
-1.254200935363769531e-03,-1.807087659835815430e-02,2.285958826541900635e-02
-1.278281211853027344e-03,-1.814183592796325684e-02,2.264957129955291748e-02
-1.219034194946289062e-03,-1.820847392082214355e-02,2.239009737968444824e-02
-1.176834106445312500e-03,-1.831883192062377930e-02,2.208796143531799316e-02
-1.122236251831054688e-03,-1.845490932464599609e-02,2.175758779048919678e-02
-1.119375228881835938e-03,-1.862046122550964355e-02,2.147753536701202393e-02
-1.112937927246093750e-03,-1.880869269371032715e-02,2.119179069995880127e-02
-1.085162162780761719e-03,-1.900073885917663574e-02,2.091458439826965332e-02
-1.081824302673339844e-03,-1.924136281013488770e-02,2.060337364673614502e-02
-1.038074493408203125e-03,-1.947066187858581543e-02,2.032451331615447998e-02
-9.955167770385742188e-04,-1.968720555305480957e-02,2.002835273742675781e-02
-9.524822235107421875e-04,-1.988685131072998047e-02,1.971822977066040039e-02
-9.136199951171875000e-04,-2.001336216926574707e-02,1.937213540077209473e-02
-8.562803268432617188e-04,-2.011379599571228027e-02,1.906196773052215576e-02
-7.728338241577148438e-04,-2.019461989402770996e-02,1.875394582748413086e-02
-6.535053253173828125e-04,-2.025640010833740234e-02,1.849478483200073242e-02
-5.055665969848632812e-04,-2.027302980422973633e-02,1.829272508621215820e-02
-3.602504730224609375e-04,-2.018138766288757324e-02,1.830621063709259033e-02
-2.125501632690429688e-04,-2.007073163986206055e-02,1.833230257034301758e-02
1.192092895507812500e-06,-1.994985342025756836e-02,1.838099956512451172e-02
1.749992370605468750e-04,-1.983866095542907715e-02,1.859349012374877930e-02
3.007650375366210938e-04,-1.970767974853515625e-02,1.883487403392791748e-02
3.832578659057617188e-04,-1.961696147918701172e-02,1.902711391448974609e-02
6.794929504394531250e-05,-1.945391297340393066e-02,1.918807625770568848e-02
-2.636909484863281250e-04,-1.941058039665222168e-02,1.933413743972778320e-02
-5.202293395996093750e-04,-1.937663555145263672e-02,1.943185925483703613e-02
-7.022619247436523438e-04,-1.937013864517211914e-02,1.946495473384857178e-02
-8.569955825805664062e-04,-1.941689848899841309e-02,1.944996416568756104e-02
-9.520053863525390625e-04,-1.948136091232299805e-02,1.939712464809417725e-02
-9.779930114746093750e-04,-1.956373453140258789e-02,1.928147673606872559e-02
-9.750127792358398438e-04,-1.964947581291198730e-02,1.912884414196014404e-02
-9.844303131103515625e-04,-1.974493265151977539e-02,1.894065737724304199e-02
-9.824037551879882812e-04,-1.986145973205566406e-02,1.873065531253814697e-02
-9.526014328002929688e-04,-1.999273896217346191e-02,1.850746572017669678e-02
-8.808374404907226562e-04,-2.014440298080444336e-02,1.823417842388153076e-02
-8.356571197509765625e-04,-2.030673623085021973e-02,1.792615652084350586e-02
-6.898641586303710938e-04,-2.050295472145080566e-02,1.753760874271392822e-02
-5.271434783935546875e-04,-2.072024345397949219e-02,1.715707778930664062e-02
-3.436803817749023438e-04,-2.095854282379150391e-02,1.678788661956787109e-02
-1.753568649291992188e-04,-2.117004990577697754e-02,1.642519235610961914e-02
-3.647804260253906250e-05,-2.137041091918945312e-02,1.610609889030456543e-02
9.155273437500000000e-05,-2.153649926185607910e-02,1.584318280220031738e-02
1.944303512573242188e-04,-2.170410752296447754e-02,1.561246812343597412e-02
3.032684326171875000e-04,-2.184453606605529785e-02,1.540711522102355957e-02
3.957748413085937500e-04,-2.196183800697326660e-02,1.525940001010894775e-02
4.957914352416992188e-04,-2.208116650581359863e-02,1.516978442668914795e-02
6.271600723266601562e-04,-2.217108011245727539e-02,1.509816944599151611e-02
7.085800170898437500e-04,-2.226874232292175293e-02,1.505739986896514893e-02
8.205175399780273438e-04,-2.250745892524719238e-02,1.480977237224578857e-02
9.691715240478515625e-04,-2.271908521652221680e-02,1.459248363971710205e-02
1.103401184082031250e-03,-2.290537953376770020e-02,1.441676914691925049e-02
1.210212707519531250e-03,-2.306321263313293457e-02,1.430074870586395264e-02
1.312732696533203125e-03,-2.319952845573425293e-02,1.421567797660827637e-02
1.377224922180175781e-03,-2.330714464187622070e-02,1.419734954833984375e-02
1.443743705749511719e-03,-2.340728044509887695e-02,1.419647037982940674e-02
1.509428024291992188e-03,-2.349293231964111328e-02,1.419162750244140625e-02
1.570582389831542969e-03,-2.357277274131774902e-02,1.422235369682312012e-02
1.604080200195312500e-03,-2.364340424537658691e-02,1.428675651550292969e-02
1.656651496887207031e-03,-2.370473742485046387e-02,1.437139511108398438e-02
1.702427864074707031e-03,-2.375090122222900391e-02,1.445361971855163574e-02
1.727223396301269531e-03,-2.380093932151794434e-02,1.453064382076263428e-02
1.679062843322753906e-03,-2.388089895248413086e-02,1.459074020385742188e-02
1.650333404541015625e-03,-2.394688129425048828e-02,1.464940607547760010e-02
1.635313034057617188e-03,-2.397459745407104492e-02,1.470206677913665771e-02
1.647830009460449219e-03,-2.394959330558776855e-02,1.472066342830657959e-02
1.670598983764648438e-03,-2.412006258964538574e-02,1.474052667617797852e-02
1.674413681030273438e-03,-2.427414059638977051e-02,1.474525034427642822e-02
1.671552658081054688e-03,-2.440685033798217773e-02,1.475164294242858887e-02
1.672744750976562500e-03,-2.454143762588500977e-02,1.473002135753631592e-02
1.656293869018554688e-03,-2.467897534370422363e-02,1.471532881259918213e-02
1.681566238403320312e-03,-2.477920055389404297e-02,1.473730802536010742e-02
1.716375350952148438e-03,-2.487790584564208984e-02,1.475192606449127197e-02
1.778841018676757812e-03,-2.490797638893127441e-02,1.478478312492370605e-02
1.654386520385742188e-03,-2.494370937347412109e-02,1.489160954952239990e-02
1.615643501281738281e-03,-2.496284246444702148e-02,1.498658955097198486e-02
1.625657081604003906e-03,-2.498421072959899902e-02,1.510894298553466797e-02
1.638650894165039062e-03,-2.500110864639282227e-02,1.525962352752685547e-02
1.663923263549804688e-03,-2.499577403068542480e-02,1.538863778114318848e-02
1.702308654785156250e-03,-2.497532963752746582e-02,1.551930606365203857e-02
1.755595207214355469e-03,-2.496731281280517578e-02,1.555809378623962402e-02
1.804590225219726562e-03,-2.493780851364135742e-02,1.559779047966003418e-02
1.922607421875000000e-03,-2.489861845970153809e-02,1.561704277992248535e-02
2.050399780273437500e-03,-2.471479773521423340e-02,1.565290987491607666e-02
2.202749252319335938e-03,-2.455687522888183594e-02,1.566463708877563477e-02
2.359986305236816406e-03,-2.452766895294189453e-02,1.562348008155822754e-02
2.530336380004882812e-03,-2.451705932617187500e-02,1.551148295402526855e-02
2.662539482116699219e-03,-2.452531456947326660e-02,1.540033519268035889e-02
2.812504768371582031e-03,-2.453798055648803711e-02,1.527719199657440186e-02
2.935290336608886719e-03,-2.454489469528198242e-02,1.515339314937591553e-02
2.960205078125000000e-03,-2.455443143844604492e-02,1.502324640750885010e-02
2.983331680297851562e-03,-2.454531192779541016e-02,1.486980915069580078e-02
3.038167953491210938e-03,-2.454113960266113281e-02,1.472613215446472168e-02
2.793908119201660156e-03,-2.467656135559082031e-02,1.475790143013000488e-02
2.586126327514648438e-03,-2.479672431945800781e-02,1.470589637756347656e-02
2.439022064208984375e-03,-2.487811446189880371e-02,1.465657353401184082e-02
2.370119094848632812e-03,-2.493789792060852051e-02,1.458784937858581543e-02
2.314209938049316406e-03,-2.499389648437500000e-02,1.446677744388580322e-02
2.297163009643554688e-03,-2.503332495689392090e-02,1.435501873493194580e-02
2.286672592163085938e-03,-2.507552504539489746e-02,1.423117518424987793e-02
2.290248870849609375e-03,-2.511096000671386719e-02,1.409873366355895996e-02
2.090692520141601562e-03,-2.501261234283447266e-02,1.419115066528320312e-02
1.918196678161621094e-03,-2.491429448127746582e-02,1.425957679748535156e-02
1.719713211059570312e-03,-2.484783530235290527e-02,1.437231898307800293e-02
1.579880714416503906e-03,-2.479076385498046875e-02,1.444593071937561035e-02
1.441001892089843750e-03,-2.474743127822875977e-02,1.449552178382873535e-02
1.306533813476562500e-03,-2.469485998153686523e-02,1.453007757663726807e-02
1.131296157836914062e-03,-2.467590570449829102e-02,1.458005607128143311e-02
9.975433349609375000e-04,-2.464273571968078613e-02,1.457676291465759277e-02
8.842945098876953125e-04,-2.461412549018859863e-02,1.454280316829681396e-02
7.607936859130859375e-04,-2.459141612052917480e-02,1.449133455753326416e-02
6.487369537353515625e-04,-2.455687522888183594e-02,1.445439457893371582e-02
5.017518997192382812e-04,-2.452689409255981445e-02,1.446267962455749512e-02
3.507137298583984375e-04,-2.448731660842895508e-02,1.448322832584381104e-02
2.239942550659179688e-04,-2.444320917129516602e-02,1.451347768306732178e-02
1.001358032226562500e-04,-2.438294887542724609e-02,1.457701623439788818e-02
-4.327297210693359375e-05,-2.431371808052062988e-02,1.467157900333404541e-02
-1.485347747802734375e-04,-2.421841025352478027e-02,1.480180025100708008e-02
-2.632141113281250000e-04,-2.410444617271423340e-02,1.495942473411560059e-02
-3.221035003662109375e-04,-2.396538853645324707e-02,1.514409482479095459e-02
-3.589391708374023438e-04,-2.383539080619812012e-02,1.531538367271423340e-02
-3.763437271118164062e-04,-2.381929755210876465e-02,1.529203355312347412e-02
-3.881454467773437500e-04,-2.379098534584045410e-02,1.530100405216217041e-02
-3.738403320312500000e-04,-2.372536063194274902e-02,1.535452902317047119e-02
-3.912448883056640625e-04,-2.364319562911987305e-02,1.545625925064086914e-02
-4.754066467285156250e-04,-2.356380224227905273e-02,1.563371717929840088e-02
-5.623102188110351562e-04,-2.346614003181457520e-02,1.582677662372589111e-02
-6.315708160400390625e-04,-2.336052060127258301e-02,1.608118414878845215e-02
-6.586313247680664062e-04,-2.324670553207397461e-02,1.630184054374694824e-02
-6.817579269409179688e-04,-2.312225103378295898e-02,1.661111414432525635e-02
-6.996393203735351562e-04,-2.299454808235168457e-02,1.687920093536376953e-02
-6.856918334960937500e-04,-2.287250757217407227e-02,1.709929108619689941e-02
-6.786584854125976562e-04,-2.276396751403808594e-02,1.727253198623657227e-02
-6.320476531982421875e-04,-2.266171574592590332e-02,1.742111146450042725e-02
-5.309581756591796875e-04,-2.257695794105529785e-02,1.755402982234954834e-02
-4.190206527709960938e-04,-2.249476313591003418e-02,1.764678955078125000e-02
-2.994537353515625000e-04,-2.242457866668701172e-02,1.769587397575378418e-02
-1.764297485351562500e-04,-2.238202095031738281e-02,1.772342622280120850e-02
-3.162622451782226562e-04,-2.237179875373840332e-02,1.772421598434448242e-02
-4.235506057739257812e-04,-2.239468693733215332e-02,1.764978468418121338e-02
-5.120038986206054688e-04,-2.243116497993469238e-02,1.756484806537628174e-02
-5.691051483154296875e-04,-2.246901392936706543e-02,1.745450496673583984e-02
-5.875825881958007812e-04,-2.249330282211303711e-02,1.732884347438812256e-02
-5.661249160766601562e-04,-2.252411842346191406e-02,1.714383065700531006e-02
-5.601644515991210938e-04,-2.254539728164672852e-02,1.699118316173553467e-02
-5.214214324951171875e-04,-2.257680892944335938e-02,1.680886745452880859e-02
-4.513263702392578125e-04,-2.263635396957397461e-02,1.658718287944793701e-02
-4.032850265502929688e-04,-2.270513772964477539e-02,1.634921133518218994e-02
-3.731250762939453125e-04,-2.278527617454528809e-02,1.611034572124481201e-02
-3.201961517333984375e-04,-2.286383509635925293e-02,1.585727930068969727e-02
-2.307891845703125000e-04,-2.295139431953430176e-02,1.558826863765716553e-02
-1.271963119506835938e-04,-2.304840087890625000e-02,1.529927551746368408e-02
-6.496906280517578125e-05,-2.314946055412292480e-02,1.503081619739532471e-02
-1.370906829833984375e-05,-2.323821187019348145e-02,1.479154825210571289e-02
5.173683166503906250e-05,-2.331712841987609863e-02,1.456269621849060059e-02
1.199245452880859375e-04,-2.339154481887817383e-02,1.436665654182434082e-02
1.580715179443359375e-04,-2.345988154411315918e-02,1.417748630046844482e-02
2.450942993164062500e-04,-2.351447939872741699e-02,1.401114463806152344e-02
3.188848495483398438e-04,-2.354785799980163574e-02,1.386176049709320068e-02
3.598928451538085938e-04,-2.356320619583129883e-02,1.375053822994232178e-02
4.223585128784179688e-04,-2.355489134788513184e-02,1.365183293819427490e-02
4.918575286865234375e-04,-2.353280782699584961e-02,1.359105110168457031e-02
5.221366882324218750e-04,-2.348595857620239258e-02,1.354745030403137207e-02
5.406141281127929688e-04,-2.343034744262695312e-02,1.352709531784057617e-02
5.563497543334960938e-04,-2.336522936820983887e-02,1.354208588600158691e-02
5.354881286621093750e-04,-2.337557077407836914e-02,1.356592774391174316e-02
4.693269729614257812e-04,-2.337506413459777832e-02,1.360225677490234375e-02
4.099607467651367188e-04,-2.335789799690246582e-02,1.365475356578826904e-02
4.844665527343750000e-04,-2.331110835075378418e-02,1.375930011272430420e-02
5.210638046264648438e-04,-2.326610684394836426e-02,1.385653018951416016e-02
5.259513854980468750e-04,-2.322033047676086426e-02,1.396666467189788818e-02
5.295276641845703125e-04,-2.318310737609863281e-02,1.408456265926361084e-02
5.483627319335937500e-04,-2.307027578353881836e-02,1.415468752384185791e-02
5.755424499511718750e-04,-2.295595407485961914e-02,1.425950229167938232e-02
6.176233291625976562e-04,-2.284830808639526367e-02,1.432880759239196777e-02
6.625652313232421875e-04,-2.275317907333374023e-02,1.439958810806274414e-02
6.948709487915039062e-04,-2.267020940780639648e-02,1.448345184326171875e-02
7.551908493041992188e-04,-2.258497476577758789e-02,1.455834507942199707e-02
7.878541946411132812e-04,-2.250799536705017090e-02,1.463657617568969727e-02
8.118152618408203125e-04,-2.245849370956420898e-02,1.471565663814544678e-02
8.310079574584960938e-04,-2.240732312202453613e-02,1.478238403797149658e-02
8.630752563476562500e-04,-2.236676216125488281e-02,1.483023166656494141e-02
8.782148361206054688e-04,-2.234706282615661621e-02,1.486149430274963379e-02
8.873939514160156250e-04,-2.235224843025207520e-02,1.486307382583618164e-02
8.755922317504882812e-04,-2.237489819526672363e-02,1.484818756580352783e-02
9.015798568725585938e-04,-2.239638566970825195e-02,1.479357481002807617e-02
9.204149246215820312e-04,-2.242574095726013184e-02,1.473508775234222412e-02
9.384155273437500000e-04,-2.245411276817321777e-02,1.466357707977294922e-02
1.045107841491699219e-03,-2.249431610107421875e-02,1.453052461147308350e-02
1.147389411926269531e-03,-2.251315116882324219e-02,1.442447304725646973e-02
1.242399215698242188e-03,-2.252936363220214844e-02,1.432155072689056396e-02
1.350045204162597656e-03,-2.253663539886474609e-02,1.422376930713653564e-02
1.465916633605957031e-03,-2.254202961921691895e-02,1.413005590438842773e-02
1.557826995849609375e-03,-2.256160974502563477e-02,1.404413580894470215e-02
1.654267311096191406e-03,-2.257120609283447266e-02,1.395076513290405273e-02
1.771092414855957031e-03,-2.256631851196289062e-02,1.384994387626647949e-02
1.877188682556152344e-03,-2.255544066429138184e-02,1.373742520809173584e-02
2.002120018005371094e-03,-2.253919839859008789e-02,1.362313330173492432e-02
2.157092094421386719e-03,-2.253249287605285645e-02,1.349171996116638184e-02
2.401351928710937500e-03,-2.220636606216430664e-02,1.345315575599670410e-02
2.702116966247558594e-03,-2.188113331794738770e-02,1.343530416488647461e-02
2.973675727844238281e-03,-2.159228920936584473e-02,1.341386139392852783e-02
3.256082534790039062e-03,-2.133107185363769531e-02,1.338107883930206299e-02
3.506898880004882812e-03,-2.110743522644042969e-02,1.332266628742218018e-02
3.726959228515625000e-03,-2.091044187545776367e-02,1.325944066047668457e-02
3.874659538269042969e-03,-2.074438333511352539e-02,1.321612298488616943e-02
3.996849060058593750e-03,-2.061182260513305664e-02,1.318350434303283691e-02
4.076004028320312500e-03,-2.050846815109252930e-02,1.313950121402740479e-02
4.166126251220703125e-03,-2.043083310127258301e-02,1.309749484062194824e-02
4.237294197082519531e-03,-2.037215232849121094e-02,1.304604113101959229e-02
4.311203956604003906e-03,-2.032187581062316895e-02,1.296968758106231689e-02
4.314780235290527344e-03,-2.031177282333374023e-02,1.287950575351715088e-02
4.322409629821777344e-03,-2.030342817306518555e-02,1.281435787677764893e-02
4.323005676269531250e-03,-2.030602097511291504e-02,1.272086799144744873e-02
4.302382469177246094e-03,-2.032214403152465820e-02,1.262585818767547607e-02
4.244923591613769531e-03,-2.035921812057495117e-02,1.245225965976715088e-02
4.130601882934570312e-03,-2.039897441864013672e-02,1.231889426708221436e-02
3.988981246948242188e-03,-2.044892311096191406e-02,1.220744848251342773e-02
3.829121589660644531e-03,-2.051475644111633301e-02,1.210315525531768799e-02
3.654479980468750000e-03,-2.058091759681701660e-02,1.203736662864685059e-02
3.463983535766601562e-03,-2.064615488052368164e-02,1.198191940784454346e-02
3.268480300903320312e-03,-2.069461345672607422e-02,1.192577183246612549e-02
3.091931343078613281e-03,-2.072772383689880371e-02,1.188017427921295166e-02
2.933621406555175781e-03,-2.075123786926269531e-02,1.185165345668792725e-02
2.800703048706054688e-03,-2.075433731079101562e-02,1.182791590690612793e-02
2.681851387023925781e-03,-2.073705196380615234e-02,1.181106269359588623e-02
2.619743347167968750e-03,-2.067989110946655273e-02,1.180694997310638428e-02
2.579212188720703125e-03,-2.060744166374206543e-02,1.182247698307037354e-02
2.588391304016113281e-03,-2.053099870681762695e-02,1.183818280696868896e-02
2.612471580505371094e-03,-2.053111791610717773e-02,1.186586916446685791e-02
2.656579017639160156e-03,-2.051338553428649902e-02,1.191303133964538574e-02
2.698779106140136719e-03,-2.052378654479980469e-02,1.194940507411956787e-02
2.725720405578613281e-03,-2.052438259124755859e-02,1.198853552341461182e-02
2.704501152038574219e-03,-2.049061655998229980e-02,1.204340159893035889e-02
2.706766128540039062e-03,-2.043858170509338379e-02,1.209552586078643799e-02
2.661108970642089844e-03,-2.045834064483642578e-02,1.216074824333190918e-02
2.594709396362304688e-03,-2.045866847038269043e-02,1.224909722805023193e-02
2.534270286560058594e-03,-2.058467268943786621e-02,1.228608191013336182e-02
2.511739730834960938e-03,-2.067494392395019531e-02,1.231625676155090332e-02
2.522468566894531250e-03,-2.073436975479125977e-02,1.230785250663757324e-02
2.515196800231933594e-03,-2.076548337936401367e-02,1.229521632194519043e-02
2.536296844482421875e-03,-2.079865336418151855e-02,1.226142048835754395e-02
2.589344978332519531e-03,-2.078747749328613281e-02,1.220765709877014160e-02
2.643108367919921875e-03,-2.075207233428955078e-02,1.216168701648712158e-02
2.695441246032714844e-03,-2.071210741996765137e-02,1.217593252658843994e-02
2.772331237792968750e-03,-2.080178260803222656e-02,1.217950880527496338e-02
2.890110015869140625e-03,-2.088174223899841309e-02,1.217371225357055664e-02
3.023982048034667969e-03,-2.095767855644226074e-02,1.215469837188720703e-02
3.018856048583984375e-03,-2.110227942466735840e-02,1.219037175178527832e-02
2.998232841491699219e-03,-2.123442292213439941e-02,1.220305263996124268e-02
2.985477447509765625e-03,-2.136728167533874512e-02,1.220591366291046143e-02
2.982020378112792969e-03,-2.151787281036376953e-02,1.219196617603302002e-02
2.971529960632324219e-03,-2.164775133132934570e-02,1.216678321361541748e-02
3.038883209228515625e-03,-2.177867293357849121e-02,1.205129921436309814e-02
3.096938133239746094e-03,-2.190706133842468262e-02,1.194475591182708740e-02
2.886414527893066406e-03,-2.194014191627502441e-02,1.209650933742523193e-02
2.689719200134277344e-03,-2.196797728538513184e-02,1.222814619541168213e-02
2.729296684265136719e-03,-2.212592959403991699e-02,1.216444373130798340e-02
2.777218818664550781e-03,-2.226641774177551270e-02,1.209077239036560059e-02
2.842783927917480469e-03,-2.239027619361877441e-02,1.201412081718444824e-02
2.913832664489746094e-03,-2.248421311378479004e-02,1.193988323211669922e-02
2.999067306518554688e-03,-2.256929874420166016e-02,1.186406612396240234e-02
3.137230873107910156e-03,-2.262809872627258301e-02,1.178684830665588379e-02
3.232836723327636719e-03,-2.265626192092895508e-02,1.170073449611663818e-02
3.375411033630371094e-03,-2.266958355903625488e-02,1.161324977874755859e-02
3.474712371826171875e-03,-2.266782522201538086e-02,1.151695847511291504e-02
3.564357757568359375e-03,-2.266106009483337402e-02,1.142010092735290527e-02
3.635406494140625000e-03,-2.265754342079162598e-02,1.132690906524658203e-02
3.711938858032226562e-03,-2.264297008514404297e-02,1.124678552150726318e-02
3.795146942138671875e-03,-2.260938286781311035e-02,1.116663217544555664e-02
3.872394561767578125e-03,-2.256974577903747559e-02,1.110376417636871338e-02
3.900527954101562500e-03,-2.253043651580810547e-02,1.106375455856323242e-02
3.955245018005371094e-03,-2.248257398605346680e-02,1.099082827568054199e-02
4.082202911376953125e-03,-2.243322134017944336e-02,1.092571020126342773e-02
4.180908203125000000e-03,-2.237972617149353027e-02,1.083976030349731445e-02
4.259824752807617188e-03,-2.233371138572692871e-02,1.076363027095794678e-02
4.312992095947265625e-03,-2.226081490516662598e-02,1.073502004146575928e-02
4.422783851623535156e-03,-2.216181159019470215e-02,1.072607934474945068e-02
4.514813423156738281e-03,-2.205583453178405762e-02,1.074220240116119385e-02
4.566431045532226562e-03,-2.194744348526000977e-02,1.078179478645324707e-02
4.630446434020996094e-03,-2.183100581169128418e-02,1.082547008991241455e-02
4.506945610046386719e-03,-2.173453569412231445e-02,1.087068021297454834e-02
4.338622093200683594e-03,-2.166298031806945801e-02,1.097670197486877441e-02
4.163265228271484375e-03,-2.160823345184326172e-02,1.109048724174499512e-02
3.989815711975097656e-03,-2.170372009277343750e-02,1.120443642139434814e-02
3.797173500061035156e-03,-2.179831266403198242e-02,1.133161783218383789e-02
3.559350967407226562e-03,-2.188742160797119141e-02,1.147258281707763672e-02
3.309488296508789062e-03,-2.198469638824462891e-02,1.160123944282531738e-02
3.051519393920898438e-03,-2.209192514419555664e-02,1.171316206455230713e-02
2.808332443237304688e-03,-2.220374345779418945e-02,1.181599497795104980e-02
2.609491348266601562e-03,-2.228748798370361328e-02,1.190172135829925537e-02
2.387762069702148438e-03,-2.236661314964294434e-02,1.206827163696289062e-02
2.192616462707519531e-03,-2.243846654891967773e-02,1.221852004528045654e-02
2.011775970458984375e-03,-2.250012755393981934e-02,1.235289871692657471e-02
1.842975616455078125e-03,-2.255436778068542480e-02,1.249258220195770264e-02
1.651763916015625000e-03,-2.260378003120422363e-02,1.262845098972320557e-02
1.508116722106933594e-03,-2.264639735221862793e-02,1.272794604301452637e-02
1.286745071411132812e-03,-2.273249626159667969e-02,1.272830367088317871e-02
1.039385795593261719e-03,-2.279776334762573242e-02,1.273028552532196045e-02
7.779598236083984375e-04,-2.286583185195922852e-02,1.256844401359558105e-02
5.857944488525390625e-04,-2.291974425315856934e-02,1.241746544837951660e-02
4.643201828002929688e-04,-2.330344915390014648e-02,1.229083538055419922e-02
3.671646118164062500e-04,-2.363631129264831543e-02,1.218363642692565918e-02
3.074407577514648438e-04,-2.391177415847778320e-02,1.211304962635040283e-02
2.791881561279296875e-04,-2.414634823799133301e-02,1.205860078334808350e-02
2.586841583251953125e-04,-2.432429790496826172e-02,1.201140880584716797e-02
2.555847167968750000e-04,-2.446523308753967285e-02,1.196794211864471436e-02
2.626180648803710938e-04,-2.457493543624877930e-02,1.194480061531066895e-02
2.695322036743164062e-04,-2.465528249740600586e-02,1.216323673725128174e-02
2.509355545043945312e-04,-2.471715211868286133e-02,1.235507428646087646e-02
2.124309539794921875e-04,-2.477550506591796875e-02,1.252192258834838867e-02
1.974105834960937500e-04,-2.480459213256835938e-02,1.269766688346862793e-02
1.900196075439453125e-04,-2.482768893241882324e-02,1.285527646541595459e-02
1.462697982788085938e-04,-2.479818463325500488e-02,1.297797262668609619e-02
9.632110595703125000e-05,-2.475243806838989258e-02,1.307207345962524414e-02
5.626678466796875000e-05,-2.470305562019348145e-02,1.315280795097351074e-02
-9.059906005859375000e-06,-2.464732527732849121e-02,1.323443651199340820e-02
-7.784366607666015625e-05,-2.458205819129943848e-02,1.330769062042236328e-02
-1.509189605712890625e-04,-2.451357245445251465e-02,1.339937746524810791e-02
-2.074241638183593750e-04,-2.443870902061462402e-02,1.347477734088897705e-02
-2.932548522949218750e-04,-2.434498071670532227e-02,1.358050107955932617e-02
-3.561973571777343750e-04,-2.424240112304687500e-02,1.368932425975799561e-02
-4.059076309204101562e-04,-2.412608265876770020e-02,1.381067931652069092e-02
-4.669427871704101562e-04,-2.401202917098999023e-02,1.392513513565063477e-02
-5.301237106323242188e-04,-2.391108870506286621e-02,1.400496065616607666e-02
-5.588531494140625000e-04,-2.380895614624023438e-02,1.405927538871765137e-02
-5.551576614379882812e-04,-2.370589971542358398e-02,1.408281922340393066e-02
-5.123615264892578125e-04,-2.359116077423095703e-02,1.410622894763946533e-02
-4.391670227050781250e-04,-2.347299456596374512e-02,1.412579417228698730e-02
-3.445148468017578125e-04,-2.310451865196228027e-02,1.423127949237823486e-02
-2.201795578002929688e-04,-2.271926403045654297e-02,1.434914767742156982e-02
-3.576278686523437500e-06,-2.235767245292663574e-02,1.444342732429504395e-02
2.306699752807617188e-04,-2.201822400093078613e-02,1.451057195663452148e-02
4.234313964843750000e-04,-2.171123027801513672e-02,1.456083357334136963e-02
6.023645401000976562e-04,-2.143412828445434570e-02,1.459363102912902832e-02
8.161067962646484375e-04,-2.117258310317993164e-02,1.461052894592285156e-02
1.000046730041503906e-03,-2.093511819839477539e-02,1.460984349250793457e-02
1.174449920654296875e-03,-2.070531249046325684e-02,1.461747288703918457e-02
1.343727111816406250e-03,-2.050322294235229492e-02,1.461392641067504883e-02
1.507163047790527344e-03,-2.032092213630676270e-02,1.459123194217681885e-02
1.665592193603515625e-03,-2.006366848945617676e-02,1.460728049278259277e-02
1.799106597900390625e-03,-1.985234022140502930e-02,1.461860537528991699e-02
2.060055732727050781e-03,-1.955622434616088867e-02,1.459021866321563721e-02
2.150297164916992188e-03,-1.923203468322753906e-02,1.470188796520233154e-02
2.212166786193847656e-03,-1.895624399185180664e-02,1.478208601474761963e-02
2.237319946289062500e-03,-1.871639490127563477e-02,1.485694944858551025e-02
2.347707748413085938e-03,-1.840963959693908691e-02,1.488202810287475586e-02
2.445101737976074219e-03,-1.814353466033935547e-02,1.488992571830749512e-02
2.492547035217285156e-03,-1.792177557945251465e-02,1.488350331783294678e-02
2.506375312805175781e-03,-1.773488521575927734e-02,1.486575603485107422e-02
2.465128898620605469e-03,-1.759725809097290039e-02,1.483219861984252930e-02
2.420186996459960938e-03,-1.747179031372070312e-02,1.478825509548187256e-02
2.403378486633300781e-03,-1.737451553344726562e-02,1.472546160221099854e-02
2.333760261535644531e-03,-1.730269193649291992e-02,1.465812325477600098e-02
2.258539199829101562e-03,-1.725229620933532715e-02,1.456926763057708740e-02
2.183198928833007812e-03,-1.721110939979553223e-02,1.448449492454528809e-02
2.098202705383300781e-03,-1.719763875007629395e-02,1.437303423881530762e-02
2.015352249145507812e-03,-1.719054579734802246e-02,1.423722505569458008e-02
1.946330070495605469e-03,-1.721101999282836914e-02,1.409024000167846680e-02
1.903653144836425781e-03,-1.723664999008178711e-02,1.395933330059051514e-02
1.859545707702636719e-03,-1.725384593009948730e-02,1.381784677505493164e-02
1.803517341613769531e-03,-1.729583740234375000e-02,1.366388797760009766e-02
1.751184463500976562e-03,-1.735225319862365723e-02,1.350155472755432129e-02
1.718282699584960938e-03,-1.742163300514221191e-02,1.331321895122528076e-02
1.682281494140625000e-03,-1.752611994743347168e-02,1.311437785625457764e-02
