3.630169481039047241e-02
3.630169481039047241e-02
3.609199076890945435e-02
3.519543260335922241e-02
3.469997271895408630e-02
3.429790586233139038e-02
3.432129323482513428e-02
3.424543514847755432e-02
3.430372849106788635e-02
3.398729860782623291e-02
3.375686705112457275e-02
3.361026197671890259e-02
3.359449654817581177e-02
3.354884684085845947e-02
3.333542123436927795e-02
3.333373367786407471e-02
3.324988484382629395e-02
3.313769027590751648e-02
3.309513255953788757e-02
3.321546316146850586e-02
