-1.172935962677001953e-02,-7.076853513717651367e-02,-2.103225886821746826e-02
-1.072934269905090332e-02,-6.976853311061859131e-02,-2.203226089477539062e-02
-1.091685891151428223e-02,-6.880322098731994629e-02,-2.238985896110534668e-02
-1.086348295211791992e-02,-6.812168657779693604e-02,-2.230386435985565186e-02
-1.082134246826171875e-02,-6.755305826663970947e-02,-2.254277467727661133e-02
-1.068669557571411133e-02,-6.712120771408081055e-02,-2.281789481639862061e-02
-1.071292161941528320e-02,-6.654177606105804443e-02,-2.304553985595703125e-02
-1.083785295486450195e-02,-6.587226688861846924e-02,-2.346146106719970703e-02
-1.088839769363403320e-02,-6.510691344738006592e-02,-2.395646274089813232e-02
-1.111045479774475098e-02,-6.430481374263763428e-02,-2.432647347450256348e-02
-1.141297817230224609e-02,-6.349398195743560791e-02,-2.464012801647186279e-02
-1.169565320014953613e-02,-6.274579465389251709e-02,-2.503167092800140381e-02
-1.201486587524414062e-02,-6.202304363250732422e-02,-2.548851072788238525e-02
-1.234856247901916504e-02,-6.135800480842590332e-02,-2.583017945289611816e-02
-1.262694597244262695e-02,-6.077706813812255859e-02,-2.609454095363616943e-02
-1.285386085510253906e-02,-6.019701063632965088e-02,-2.626238763332366943e-02
-1.304134726524353027e-02,-5.968619883060455322e-02,-2.645562589168548584e-02
-1.329168677330017090e-02,-5.908733606338500977e-02,-2.660991251468658447e-02
-1.359471678733825684e-02,-5.839484930038452148e-02,-2.677686512470245361e-02
-1.395729184150695801e-02,-5.771495401859283447e-02,-2.699922025203704834e-02
-1.451945304870605469e-02,-5.693472921848297119e-02,-2.736580371856689453e-02
-1.486265659332275391e-02,-5.625991523265838623e-02,-2.771864831447601318e-02
-1.503843069076538086e-02,-5.558919906616210938e-02,-2.810736000537872314e-02
-1.525682210922241211e-02,-5.492013692855834961e-02,-2.847725152969360352e-02
-1.530575752258300781e-02,-5.443727970123291016e-02,-2.877861261367797852e-02
-1.528337597846984863e-02,-5.396725237369537354e-02,-2.891573309898376465e-02
-1.523134112358093262e-02,-5.353455245494842529e-02,-2.907258272171020508e-02
-1.516550779342651367e-02,-5.300603806972503662e-02,-2.916499972343444824e-02
-1.513481140136718750e-02,-5.247902870178222656e-02,-2.914547920227050781e-02
-1.498842239379882812e-02,-5.209818482398986816e-02,-2.925419807434082031e-02
-1.504886150360107422e-02,-5.145969986915588379e-02,-2.935627102851867676e-02
-1.503124833106994629e-02,-5.079895257949829102e-02,-2.941176295280456543e-02
-1.479443907737731934e-02,-5.019193887710571289e-02,-2.945905923843383789e-02
-1.446181535720825195e-02,-4.961611330509185791e-02,-2.966198325157165527e-02
-1.412767171859741211e-02,-4.914182424545288086e-02,-2.992671728134155273e-02
-1.377719640731811523e-02,-4.867056012153625488e-02,-3.016301989555358887e-02
-1.336771249771118164e-02,-4.811327159404754639e-02,-3.078144788742065430e-02
-1.277771592140197754e-02,-4.762795567512512207e-02,-3.140255808830261230e-02
-1.223951578140258789e-02,-4.714021086692810059e-02,-3.201715648174285889e-02
-1.170986890792846680e-02,-4.665620625019073486e-02,-3.255929052829742432e-02
-1.134961843490600586e-02,-4.616284370422363281e-02,-3.301709890365600586e-02
-1.105806231498718262e-02,-4.571957886219024658e-02,-3.333845734596252441e-02
-1.091149449348449707e-02,-4.527570307254791260e-02,-3.364227712154388428e-02
-1.074057817459106445e-02,-4.482997953891754150e-02,-3.388404846191406250e-02
-1.047709584236145020e-02,-4.445342719554901123e-02,-3.417001664638519287e-02
-1.023578643798828125e-02,-4.409591853618621826e-02,-3.437311947345733643e-02
-1.005810499191284180e-02,-4.365484416484832764e-02,-3.466023504734039307e-02
-9.796202182769775391e-03,-4.316732287406921387e-02,-3.510278463363647461e-02
-9.561836719512939453e-03,-4.281839728355407715e-02,-3.551198542118072510e-02
-9.205102920532226562e-03,-4.249186813831329346e-02,-3.580445051193237305e-02
-8.889585733413696289e-03,-4.215088486671447754e-02,-3.604827821254730225e-02
-8.665829896926879883e-03,-4.177837073802947998e-02,-3.629280626773834229e-02
-8.453518152236938477e-03,-4.143844544887542725e-02,-3.657008707523345947e-02
-8.251845836639404297e-03,-4.106442630290985107e-02,-3.681625425815582275e-02
-8.124113082885742188e-03,-4.068294167518615723e-02,-3.709004819393157959e-02
-7.931977510452270508e-03,-4.034839570522308350e-02,-3.731133043766021729e-02
-7.420122623443603516e-03,-4.008407890796661377e-02,-3.736886382102966309e-02
-6.833851337432861328e-03,-3.983479738235473633e-02,-3.753721714019775391e-02
-6.204992532730102539e-03,-3.961417078971862793e-02,-3.767567873001098633e-02
-5.591839551925659180e-03,-3.938704729080200195e-02,-3.777766227722167969e-02
-5.005657672882080078e-03,-3.915759921073913574e-02,-3.780509531497955322e-02
-4.559516906738281250e-03,-3.904674947261810303e-02,-3.776822984218597412e-02
-4.171967506408691406e-03,-3.890566527843475342e-02,-3.757284581661224365e-02
-3.892123699188232422e-03,-3.879985213279724121e-02,-3.734917938709259033e-02
-3.627002239227294922e-03,-3.865006566047668457e-02,-3.701566159725189209e-02
-3.627002239227294922e-03,-3.865006566047668457e-02,-3.701566159725189209e-02
-3.449022769927978516e-03,-3.850355744361877441e-02,-3.666378557682037354e-02
-3.467768430709838867e-03,-3.818002343177795410e-02,-3.633651137351989746e-02
-3.527134656906127930e-03,-3.776964545249938965e-02,-3.601568937301635742e-02
-3.558158874511718750e-03,-3.737494349479675293e-02,-3.562910854816436768e-02
-3.578335046768188477e-03,-3.698541224002838135e-02,-3.522798418998718262e-02
-3.626406192779541016e-03,-3.655308485031127930e-02,-3.472986817359924316e-02
-3.774017095565795898e-03,-3.613722324371337891e-02,-3.424252569675445557e-02
-3.882139921188354492e-03,-3.574755787849426270e-02,-3.383119404315948486e-02
-3.984749317169189453e-03,-3.538358211517333984e-02,-3.347659111022949219e-02
-4.095107316970825195e-03,-3.496488928794860840e-02,-3.320872783660888672e-02
-4.205763339996337891e-03,-3.453132510185241699e-02,-3.299887478351593018e-02
-4.269301891326904297e-03,-3.409427404403686523e-02,-3.268560767173767090e-02
-4.386603832244873047e-03,-3.359735012054443359e-02,-3.235191106796264648e-02
-4.488140344619750977e-03,-3.318145871162414551e-02,-3.204615414142608643e-02
-4.588782787322998047e-03,-3.274963796138763428e-02,-3.173565864562988281e-02
-4.738599061965942383e-03,-3.223825991153717041e-02,-3.143788874149322510e-02
-4.840016365051269531e-03,-3.181771934032440186e-02,-3.113567829132080078e-02
-4.910826683044433594e-03,-3.155888617038726807e-02,-3.089514374732971191e-02
-4.984796047210693359e-03,-3.145170211791992188e-02,-3.058579564094543457e-02
-4.844546318054199219e-03,-3.148043155670166016e-02,-3.030984103679656982e-02
-4.489034414291381836e-03,-3.162024915218353271e-02,-3.008122742176055908e-02
-4.105001688003540039e-03,-3.183990716934204102e-02,-2.985404431819915771e-02
-3.733336925506591797e-03,-3.197321295738220215e-02,-2.957849204540252686e-02
-3.359228372573852539e-03,-3.219009935855865479e-02,-2.928417921066284180e-02
-2.924025058746337891e-03,-3.242757916450500488e-02,-2.905349433422088623e-02
-2.554267644882202148e-03,-3.251180052757263184e-02,-2.875182032585144043e-02
-2.288371324539184570e-03,-3.253749012947082520e-02,-2.847892045974731445e-02
-2.014309167861938477e-03,-3.243586421012878418e-02,-2.826967835426330566e-02
-1.750886440277099609e-03,-3.229311108589172363e-02,-2.813026309013366699e-02
-1.514405012130737305e-03,-3.217037022113800049e-02,-2.801699936389923096e-02
-1.349836587905883789e-03,-3.209149837493896484e-02,-2.786949276924133301e-02
-1.324146986007690430e-03,-3.159818053245544434e-02,-2.755309641361236572e-02
-1.402318477630615234e-03,-3.129072487354278564e-02,-2.764484286308288574e-02
-1.451015472412109375e-03,-3.101164102554321289e-02,-2.767919003963470459e-02
-1.520097255706787109e-03,-3.076739609241485596e-02,-2.756284177303314209e-02
-1.559078693389892578e-03,-3.048777580261230469e-02,-2.738185226917266846e-02
-1.546740531921386719e-03,-3.014342486858367920e-02,-2.726742625236511230e-02
-1.561820507049560547e-03,-2.985383570194244385e-02,-2.712717652320861816e-02
-1.537948846817016602e-03,-2.956014871597290039e-02,-2.706617116928100586e-02
-1.502960920333862305e-03,-2.933895587921142578e-02,-2.698966860771179199e-02
-1.499652862548828125e-03,-2.913512289524078369e-02,-2.683702111244201660e-02
-1.524955034255981445e-03,-2.883404493331909180e-02,-2.667753398418426514e-02
-1.530349254608154297e-03,-2.854491770267486572e-02,-2.651679515838623047e-02
-1.635134220123291016e-03,-2.820713818073272705e-02,-2.627623081207275391e-02
-1.667618751525878906e-03,-2.799493074417114258e-02,-2.604188024997711182e-02
-1.729816198348999023e-03,-2.781002223491668701e-02,-2.577072381973266602e-02
-1.613199710845947266e-03,-2.766525745391845703e-02,-2.546879649162292480e-02
-1.502096652984619141e-03,-2.750575542449951172e-02,-2.518008649349212646e-02
-1.470178365707397461e-03,-2.732531726360321045e-02,-2.480645477771759033e-02
-1.232743263244628906e-03,-2.714404463768005371e-02,-2.444425225257873535e-02
-9.350776672363281250e-04,-2.703727781772613525e-02,-2.418836951255798340e-02
-5.530416965484619141e-04,-2.706204354763031006e-02,-2.390860021114349365e-02
-1.348853111267089844e-04,-2.703854441642761230e-02,-2.336795628070831299e-02
3.194510936737060547e-04,-2.737894654273986816e-02,-2.271607518196105957e-02
7.053017616271972656e-04,-2.769578993320465088e-02,-2.209927141666412354e-02
9.832680225372314453e-04,-2.790893614292144775e-02,-2.150774002075195312e-02
1.265704631805419922e-03,-2.806870639324188232e-02,-2.087718248367309570e-02
1.495599746704101562e-03,-2.811256051063537598e-02,-2.026867866516113281e-02
1.623541116714477539e-03,-2.801191806793212891e-02,-1.970788836479187012e-02
1.687914133071899414e-03,-2.780473232269287109e-02,-1.919871568679809570e-02
1.668721437454223633e-03,-2.767080068588256836e-02,-1.878021657466888428e-02
1.545369625091552734e-03,-2.747572958469390869e-02,-1.833875477313995361e-02
1.396864652633666992e-03,-2.725356817245483398e-02,-1.798893511295318604e-02
1.224339008331298828e-03,-2.699074149131774902e-02,-1.766894757747650146e-02
1.030921936035156250e-03,-2.691139280796051025e-02,-1.738002896308898926e-02
8.432269096374511719e-04,-2.687503397464752197e-02,-1.717375218868255615e-02
6.428956985473632812e-04,-2.683480083942413330e-02,-1.698108017444610596e-02
4.703104496002197266e-04,-2.676172554492950439e-02,-1.678290963172912598e-02
2.550780773162841797e-04,-2.669891715049743652e-02,-1.665572822093963623e-02
-3.099441528320312500e-06,-2.658420801162719727e-02,-1.653866469860076904e-02
-3.603398799896240234e-04,-2.635590732097625732e-02,-1.648463308811187744e-02
-6.240308284759521484e-04,-2.613541483879089355e-02,-1.646195352077484131e-02
-7.988214492797851562e-04,-2.594107389450073242e-02,-1.638451218605041504e-02
-1.021474599838256836e-03,-2.575366199016571045e-02,-1.634651422500610352e-02
-1.274347305297851562e-03,-2.546191215515136719e-02,-1.619626581668853760e-02
-1.348465681076049805e-03,-2.516640722751617432e-02,-1.602482795715332031e-02
-1.390486955642700195e-03,-2.490314841270446777e-02,-1.584966480731964111e-02
-1.413106918334960938e-03,-2.460920810699462891e-02,-1.564539968967437744e-02
-1.274466514587402344e-03,-2.429920434951782227e-02,-1.546245813369750977e-02
-1.120299100875854492e-03,-2.389359474182128906e-02,-1.551854610443115234e-02
-9.409487247467041016e-04,-2.355176210403442383e-02,-1.566115021705627441e-02
-7.782280445098876953e-04,-2.320155501365661621e-02,-1.581759750843048096e-02
-5.930066108703613281e-04,-2.282942831516265869e-02,-1.590837538242340088e-02
-3.886520862579345703e-04,-2.264547348022460938e-02,-1.599575579166412354e-02
-1.193881034851074219e-04,-2.251914143562316895e-02,-1.601146161556243896e-02
1.846551895141601562e-04,-2.246296405792236328e-02,-1.600557565689086914e-02
5.037188529968261719e-04,-2.244013547897338867e-02,-1.589092612266540527e-02
7.413923740386962891e-04,-2.232813835144042969e-02,-1.579225063323974609e-02
9.179711341857910156e-04,-2.210189402103424072e-02,-1.565076410770416260e-02
1.053690910339355469e-03,-2.192530035972595215e-02,-1.549063622951507568e-02
1.195102930068969727e-03,-2.176678180694580078e-02,-1.528164744377136230e-02
1.382976770401000977e-03,-2.160854637622833252e-02,-1.515841484069824219e-02
1.562952995300292969e-03,-2.154345810413360596e-02,-1.500357687473297119e-02
1.644194126129150391e-03,-2.153012156486511230e-02,-1.479186117649078369e-02
1.662224531173706055e-03,-2.158574759960174561e-02,-1.453836262226104736e-02
1.704037189483642578e-03,-2.161617577075958252e-02,-1.427888870239257812e-02
1.756787300109863281e-03,-2.149744331836700439e-02,-1.410242915153503418e-02
1.813322305679321289e-03,-2.133871614933013916e-02,-1.387570798397064209e-02
1.881510019302368164e-03,-2.113950252532958984e-02,-1.374641060829162598e-02
2.029418945312500000e-03,-2.094449102878570557e-02,-1.363188028335571289e-02
2.081125974655151367e-03,-2.074451744556427002e-02,-1.348727941513061523e-02
2.142518758773803711e-03,-2.055330574512481689e-02,-1.352624595165252686e-02
2.312719821929931641e-03,-2.035930752754211426e-02,-1.364609599113464355e-02
2.439826726913452148e-03,-2.004791796207427979e-02,-1.371581852436065674e-02
2.451956272125244141e-03,-1.966285705566406250e-02,-1.370190083980560303e-02
2.559244632720947266e-03,-1.940834522247314453e-02,-1.363943517208099365e-02
2.698510885238647461e-03,-1.914693415164947510e-02,-1.356410980224609375e-02
2.905011177062988281e-03,-1.891972124576568604e-02,-1.356418430805206299e-02
3.118604421615600586e-03,-1.876915991306304932e-02,-1.358094811439514160e-02
3.294199705123901367e-03,-1.868458092212677002e-02,-1.362527906894683838e-02
3.398805856704711914e-03,-1.859661936759948730e-02,-1.374536752700805664e-02
3.385484218597412109e-03,-1.841485500335693359e-02,-1.383550465106964111e-02
3.327727317810058594e-03,-1.829320192337036133e-02,-1.387651264667510986e-02
3.259629011154174805e-03,-1.815128326416015625e-02,-1.394385099411010742e-02
3.334432840347290039e-03,-1.805235445499420166e-02,-1.398387551307678223e-02
3.407984972000122070e-03,-1.808059215545654297e-02,-1.399587094783782959e-02
3.547966480255126953e-03,-1.811692118644714355e-02,-1.403826475143432617e-02
3.758817911148071289e-03,-1.816783845424652100e-02,-1.402726769447326660e-02
3.952980041503906250e-03,-1.815342903137207031e-02,-1.402245461940765381e-02
4.191696643829345703e-03,-1.818513870239257812e-02,-1.391044259071350098e-02
4.471212625503540039e-03,-1.825481653213500977e-02,-1.375859975814819336e-02
4.619956016540527344e-03,-1.827178895473480225e-02,-1.346535980701446533e-02
4.695385694503784180e-03,-1.830531656742095947e-02,-1.313470304012298584e-02
4.682153463363647461e-03,-1.831573247909545898e-02,-1.282185316085815430e-02
4.505485296249389648e-03,-1.817005872726440430e-02,-1.242516934871673584e-02
4.313051700592041016e-03,-1.810435950756072998e-02,-1.203916966915130615e-02
4.026800394058227539e-03,-1.801371574401855469e-02,-1.173348724842071533e-02
3.701865673065185547e-03,-1.786909997463226318e-02,-1.134088635444641113e-02
3.174364566802978516e-03,-1.772743463516235352e-02,-1.080903410911560059e-02
2.670377492904663086e-03,-1.750269532203674316e-02,-1.028248667716979980e-02
2.283304929733276367e-03,-1.729737222194671631e-02,-9.705081582069396973e-03
1.901865005493164062e-03,-1.707516610622406006e-02,-9.163543581962585449e-03
1.681327819824218750e-03,-1.688762009143829346e-02,-8.605659008026123047e-03
1.555860042572021484e-03,-1.661181449890136719e-02,-8.127763867378234863e-03
1.524120569229125977e-03,-1.637095212936401367e-02,-7.702648639678955078e-03
1.664042472839355469e-03,-1.626367866992950439e-02,-7.370129227638244629e-03
1.450151205062866211e-03,-1.553161442279815674e-02,-7.038086652755737305e-03
1.337051391601562500e-03,-1.488913595676422119e-02,-6.778493523597717285e-03
1.378238201141357422e-03,-1.435136795043945312e-02,-6.558492779731750488e-03
1.544624567031860352e-03,-1.388980448246002197e-02,-6.370976567268371582e-03
1.824259757995605469e-03,-1.352794468402862549e-02,-6.166622042655944824e-03
2.155959606170654297e-03,-1.320654153823852539e-02,-5.992203950881958008e-03
2.616882324218750000e-03,-1.296673715114593506e-02,-5.824744701385498047e-03
3.100872039794921875e-03,-1.282075047492980957e-02,-5.662977695465087891e-03
3.612250089645385742e-03,-1.268343627452850342e-02,-5.497038364410400391e-03
4.133641719818115234e-03,-1.254653930664062500e-02,-5.416288971900939941e-03
4.604667425155639648e-03,-1.242494583129882812e-02,-5.402401089668273926e-03
5.015432834625244141e-03,-1.227277517318725586e-02,-5.322873592376708984e-03
5.338996648788452148e-03,-1.211884617805480957e-02,-5.328789353370666504e-03
5.593746900558471680e-03,-1.192092895507812500e-02,-5.400463938713073730e-03
5.774468183517456055e-03,-1.172155141830444336e-02,-5.287483334541320801e-03
5.809754133224487305e-03,-1.144915819168090820e-02,-5.205512046813964844e-03
5.720108747482299805e-03,-1.109625399112701416e-02,-5.150020122528076172e-03
5.486339330673217773e-03,-1.075783371925354004e-02,-5.177110433578491211e-03
5.157679319381713867e-03,-1.042859256267547607e-02,-5.121827125549316406e-03
4.759937524795532227e-03,-1.012101769447326660e-02,-5.137115716934204102e-03
4.318445920944213867e-03,-9.776413440704345703e-03,-5.118966102600097656e-03
3.953307867050170898e-03,-9.467929601669311523e-03,-5.200222134590148926e-03
3.665804862976074219e-03,-9.134739637374877930e-03,-5.309373140335083008e-03
3.403216600418090820e-03,-8.846402168273925781e-03,-5.447641015052795410e-03
3.215700387954711914e-03,-8.519291877746582031e-03,-5.540758371353149414e-03
3.135234117507934570e-03,-8.295953273773193359e-03,-5.522474646568298340e-03
3.092080354690551758e-03,-8.016973733901977539e-03,-5.544796586036682129e-03
3.057867288589477539e-03,-7.793366909027099609e-03,-5.546525120735168457e-03
3.179281949996948242e-03,-7.619917392730712891e-03,-5.484640598297119141e-03
3.422766923904418945e-03,-7.611304521560668945e-03,-5.829051136970520020e-03
3.698885440826416016e-03,-7.623985409736633301e-03,-6.088748574256896973e-03
3.927022218704223633e-03,-7.699191570281982422e-03,-6.306841969490051270e-03
4.112005233764648438e-03,-7.741585373878479004e-03,-6.406471133232116699e-03
4.186034202575683594e-03,-7.804185152053833008e-03,-6.436496973037719727e-03
4.228085279464721680e-03,-7.860377430915832520e-03,-6.467506289482116699e-03
4.217952489852905273e-03,-7.943376898765563965e-03,-6.484314799308776855e-03
4.137337207794189453e-03,-7.983282208442687988e-03,-6.476908922195434570e-03
3.886997699737548828e-03,-7.922306656837463379e-03,-6.425678730010986328e-03
3.387004137039184570e-03,-7.727071642875671387e-03,-6.345748901367187500e-03
2.812206745147705078e-03,-7.492154836654663086e-03,-6.239593029022216797e-03
2.235591411590576172e-03,-7.240816950798034668e-03,-6.099611520767211914e-03
1.667290925979614258e-03,-6.881967186927795410e-03,-5.805507302284240723e-03
1.141041517257690430e-03,-6.504818797111511230e-03,-5.456358194351196289e-03
5.502998828887939453e-04,-6.121173501014709473e-03,-5.107417702674865723e-03
3.787875175476074219e-05,-5.798563361167907715e-03,-4.807397723197937012e-03
-2.317726612091064453e-04,-5.549147725105285645e-03,-4.495084285736083984e-03
-4.146993160247802734e-04,-5.356863141059875488e-03,-4.237338900566101074e-03
-5.789697170257568359e-04,-5.124971270561218262e-03,-3.976985812187194824e-03
-7.451176643371582031e-04,-4.667297005653381348e-03,-3.389194607734680176e-03
-8.517503738403320312e-04,-4.295662045478820801e-03,-2.808079123497009277e-03
-9.102821350097656250e-04,-3.946840763092041016e-03,-2.216652035713195801e-03
-8.806288242340087891e-04,-3.612533211708068848e-03,-1.650705933570861816e-03
-7.235705852508544922e-04,-3.370881080627441406e-03,-1.111447811126708984e-03
-4.320740699768066406e-04,-3.236263990402221680e-03,-6.784498691558837891e-04
-5.275011062622070312e-05,-3.159850835800170898e-03,-3.174394369125366211e-04
3.060996532440185547e-04,-3.104194998741149902e-03,-7.833540439605712891e-05
7.759630680084228516e-04,-3.106579184532165527e-03,-1.314282417297363281e-05
1.308947801589965820e-03,-3.209799528121948242e-03,2.329051494598388672e-05
1.865237951278686523e-03,-3.324389457702636719e-03,2.229213714599609375e-05
2.463459968566894531e-03,-3.499522805213928223e-03,-1.098811626434326172e-04
3.034055233001708984e-03,-3.699660301208496094e-03,-2.748817205429077148e-04
3.579527139663696289e-03,-3.993943333625793457e-03,-3.794580698013305664e-04
4.017919301986694336e-03,-4.115402698516845703e-03,-4.714578390121459961e-04
4.382640123367309570e-03,-4.256531596183776855e-03,-6.738901138305664062e-04
4.669636487960815430e-03,-4.324093461036682129e-03,-8.755624294281005859e-04
4.669636487960815430e-03,-4.324093461036682129e-03,-8.755624294281005859e-04
4.669636487960815430e-03,-4.324093461036682129e-03,-8.755624294281005859e-04
4.860788583755493164e-03,-4.350587725639343262e-03,-1.088708639144897461e-03
4.938602447509765625e-03,-4.324883222579956055e-03,-1.292839646339416504e-03
4.973649978637695312e-03,-4.293590784072875977e-03,-1.580506563186645508e-03
5.028575658798217773e-03,-4.274711012840270996e-03,-1.878276467323303223e-03
5.052834749221801758e-03,-4.294916987419128418e-03,-2.148956060409545898e-03
5.130678415298461914e-03,-4.252195358276367188e-03,-2.424031496047973633e-03
5.190789699554443359e-03,-4.209086298942565918e-03,-2.709388732910156250e-03
5.230158567428588867e-03,-4.099085927009582520e-03,-2.930760383605957031e-03
5.236983299255371094e-03,-4.041284322738647461e-03,-3.129348158836364746e-03
5.278408527374267578e-03,-4.031494259834289551e-03,-3.252267837524414062e-03
5.341708660125732422e-03,-3.982111811637878418e-03,-3.435388207435607910e-03
5.404978990554809570e-03,-4.183694720268249512e-03,-3.516271710395812988e-03
5.507737398147583008e-03,-4.397898912429809570e-03,-3.533601760864257812e-03
5.488604307174682617e-03,-4.508182406425476074e-03,-3.552019596099853516e-03
5.371242761611938477e-03,-4.556432366371154785e-03,-3.556326031684875488e-03
5.296617746353149414e-03,-4.620820283889770508e-03,-3.550291061401367188e-03
5.259007215499877930e-03,-4.710346460342407227e-03,-3.579035401344299316e-03
5.327016115188598633e-03,-4.863172769546508789e-03,-3.642514348030090332e-03
5.415141582489013672e-03,-5.017936229705810547e-03,-3.714859485626220703e-03
5.452543497085571289e-03,-5.083203315734863281e-03,-3.768578171730041504e-03
5.522996187210083008e-03,-5.280137062072753906e-03,-3.751859068870544434e-03
5.568027496337890625e-03,-5.473747849464416504e-03,-3.697708249092102051e-03
5.611538887023925781e-03,-5.620628595352172852e-03,-3.738179802894592285e-03
5.646497011184692383e-03,-5.745396018028259277e-03,-3.836974501609802246e-03
5.690276622772216797e-03,-5.880787968635559082e-03,-3.957316279411315918e-03
5.765348672866821289e-03,-6.025463342666625977e-03,-4.075437784194946289e-03
5.828052759170532227e-03,-6.160989403724670410e-03,-4.143640398979187012e-03
5.933642387390136719e-03,-6.361946463584899902e-03,-4.220873117446899414e-03
6.010681390762329102e-03,-6.525978446006774902e-03,-4.383295774459838867e-03
6.121754646301269531e-03,-6.721571087837219238e-03,-4.532933235168457031e-03
6.251305341720581055e-03,-6.897255778312683105e-03,-4.727080464363098145e-03
6.419211626052856445e-03,-7.096812129020690918e-03,-5.029365420341491699e-03
6.589591503143310547e-03,-7.297366857528686523e-03,-5.344808101654052734e-03
6.825685501098632812e-03,-7.522583007812500000e-03,-5.697920918464660645e-03
7.134407758712768555e-03,-7.747307419776916504e-03,-6.053596735000610352e-03
7.443457841873168945e-03,-7.961273193359375000e-03,-6.397843360900878906e-03
7.719874382019042969e-03,-8.187517523765563965e-03,-6.695926189422607422e-03
7.989853620529174805e-03,-8.414536714553833008e-03,-6.956309080123901367e-03
8.255541324615478516e-03,-8.683562278747558594e-03,-7.188990712165832520e-03
8.519113063812255859e-03,-8.929952979087829590e-03,-7.361203432083129883e-03
8.734583854675292969e-03,-9.166494011878967285e-03,-7.548376917839050293e-03
8.946061134338378906e-03,-9.353190660476684570e-03,-7.724627852439880371e-03
9.083002805709838867e-03,-9.493380784988403320e-03,-7.871821522712707520e-03
9.144872426986694336e-03,-9.633377194404602051e-03,-8.013918995857238770e-03
9.207814931869506836e-03,-9.791210293769836426e-03,-8.157119154930114746e-03
9.331524372100830078e-03,-9.996086359024047852e-03,-8.299455046653747559e-03
9.408324956893920898e-03,-1.020708680152893066e-02,-8.396252989768981934e-03
9.315341711044311523e-03,-1.036418974399566650e-02,-8.460372686386108398e-03
9.235113859176635742e-03,-1.056756079196929932e-02,-8.501276373863220215e-03
9.072899818420410156e-03,-1.070937514305114746e-02,-8.455961942672729492e-03
8.810281753540039062e-03,-1.089932024478912354e-02,-8.304521441459655762e-03
8.404672145843505859e-03,-1.110942661762237549e-02,-8.172094821929931641e-03
8.025974035263061523e-03,-1.133202016353607178e-02,-8.069440722465515137e-03
7.600694894790649414e-03,-1.153372228145599365e-02,-7.964715361595153809e-03
7.265269756317138672e-03,-1.170045137405395508e-02,-7.848516106605529785e-03
6.905287504196166992e-03,-1.179364323616027832e-02,-7.700830698013305664e-03
6.519466638565063477e-03,-1.190572977066040039e-02,-7.611989974975585938e-03
6.126821041107177734e-03,-1.199492812156677246e-02,-7.499352097511291504e-03
5.732268095016479492e-03,-1.198291778564453125e-02,-7.336452603340148926e-03
5.340784788131713867e-03,-1.192587614059448242e-02,-7.183298468589782715e-03
5.066752433776855469e-03,-1.187415421009063721e-02,-7.067188620567321777e-03
4.811853170394897461e-03,-1.180635392665863037e-02,-6.943508982658386230e-03
4.648953676223754883e-03,-1.181289553642272949e-02,-6.816297769546508789e-03
4.569262266159057617e-03,-1.183214783668518066e-02,-6.716296076774597168e-03
4.500597715377807617e-03,-1.183788478374481201e-02,-6.645128130912780762e-03
4.464507102966308594e-03,-1.191098988056182861e-02,-6.538793444633483887e-03
4.434794187545776367e-03,-1.202520728111267090e-02,-6.479531526565551758e-03
4.429161548614501953e-03,-1.214069128036499023e-02,-6.432041525840759277e-03
4.365295171737670898e-03,-1.213677227497100830e-02,-6.381347775459289551e-03
4.345804452896118164e-03,-1.209048926830291748e-02,-6.295278668403625488e-03
4.393100738525390625e-03,-1.204830408096313477e-02,-6.242781877517700195e-03
4.489749670028686523e-03,-1.203025877475738525e-02,-6.190285086631774902e-03
4.533171653747558594e-03,-1.198872923851013184e-02,-6.109833717346191406e-03
4.544913768768310547e-03,-1.196093857288360596e-02,-6.037920713424682617e-03
4.565626382827758789e-03,-1.189745962619781494e-02,-6.014809012413024902e-03
4.534631967544555664e-03,-1.186527311801910400e-02,-5.996093153953552246e-03
4.465728998184204102e-03,-1.181036233901977539e-02,-5.924805998802185059e-03
4.391402006149291992e-03,-1.178328692913055420e-02,-5.778595805168151855e-03
4.309296607971191406e-03,-1.177497208118438721e-02,-5.602091550827026367e-03
4.156082868576049805e-03,-1.170417666435241699e-02,-5.432218313217163086e-03
4.004865884780883789e-03,-1.158195734024047852e-02,-5.229279398918151855e-03
3.830760717391967773e-03,-1.144388318061828613e-02,-5.003973841667175293e-03
3.716677427291870117e-03,-1.132942736148834229e-02,-4.728883504867553711e-03
3.649979829788208008e-03,-1.116187870502471924e-02,-4.511907696723937988e-03
3.548473119735717773e-03,-1.093576848506927490e-02,-4.309222102165222168e-03
3.508746623992919922e-03,-1.077194511890411377e-02,-4.080161452293395996e-03
3.538221120834350586e-03,-1.069341599941253662e-02,-3.834113478660583496e-03
3.591209650039672852e-03,-1.061336696147918701e-02,-3.551334142684936523e-03
3.591775894165039062e-03,-1.051430404186248779e-02,-3.417477011680603027e-03
3.591775894165039062e-03,-1.051430404186248779e-02,-3.417477011680603027e-03
3.626078367233276367e-03,-1.049375534057617188e-02,-3.310009837150573730e-03
3.643423318862915039e-03,-1.047065854072570801e-02,-3.159746527671813965e-03
3.657728433609008789e-03,-1.050198078155517578e-02,-3.033339977264404297e-03
3.666818141937255859e-03,-1.059462130069732666e-02,-2.923727035522460938e-03
3.630459308624267578e-03,-1.064826548099517822e-02,-2.799853682518005371e-03
3.575980663299560547e-03,-1.062825322151184082e-02,-2.729803323745727539e-03
3.586530685424804688e-03,-1.064573228359222412e-02,-2.604395151138305664e-03
3.621518611907958984e-03,-1.062060892581939697e-02,-2.381548285484313965e-03
3.661930561065673828e-03,-1.053990423679351807e-02,-2.139493823051452637e-03
3.747522830963134766e-03,-1.050063967704772949e-02,-1.901477575302124023e-03
3.798454999923706055e-03,-1.054774224758148193e-02,-1.697674393653869629e-03
3.867655992507934570e-03,-1.063197851181030273e-02,-1.533687114715576172e-03
3.836959600448608398e-03,-1.053649187088012695e-02,-1.386523246765136719e-03
3.731638193130493164e-03,-1.039804518222808838e-02,-1.302659511566162109e-03
3.665417432785034180e-03,-1.028284430503845215e-02,-1.308113336563110352e-03
3.599911928176879883e-03,-1.011316478252410889e-02,-1.325368881225585938e-03
3.552258014678955078e-03,-9.951427578926086426e-03,-1.498147845268249512e-03
3.540217876434326172e-03,-9.869486093521118164e-03,-1.687481999397277832e-03
3.551483154296875000e-03,-9.837225079536437988e-03,-1.908466219902038574e-03
3.539562225341796875e-03,-9.846210479736328125e-03,-2.125933766365051270e-03
3.528296947479248047e-03,-9.815365076065063477e-03,-2.317324280738830566e-03
3.527581691741943359e-03,-9.759470820426940918e-03,-2.494126558303833008e-03
3.493696451187133789e-03,-9.637251496315002441e-03,-2.636343240737915039e-03
3.574937582015991211e-03,-9.541973471641540527e-03,-2.786427736282348633e-03
3.686130046844482422e-03,-9.483978152275085449e-03,-2.945154905319213867e-03
3.763020038604736328e-03,-9.343698620796203613e-03,-3.149986267089843750e-03
3.891289234161376953e-03,-9.233161807060241699e-03,-3.304943442344665527e-03
3.985732793807983398e-03,-9.159073233604431152e-03,-3.528088331222534180e-03
4.054009914398193359e-03,-9.081974625587463379e-03,-3.737777471542358398e-03
4.161298274993896484e-03,-9.019061923027038574e-03,-3.946751356124877930e-03
4.265397787094116211e-03,-8.951902389526367188e-03,-4.091963171958923340e-03
4.364997148513793945e-03,-8.939400315284729004e-03,-4.230082035064697266e-03
4.511743783950805664e-03,-9.061500430107116699e-03,-4.347234964370727539e-03
4.615753889083862305e-03,-9.110406041145324707e-03,-4.416987299919128418e-03
4.644483327865600586e-03,-9.088754653930664062e-03,-4.495501518249511719e-03
4.666864871978759766e-03,-9.077832102775573730e-03,-4.599824547767639160e-03
4.613578319549560547e-03,-9.027585387229919434e-03,-4.689544439315795898e-03
4.597097635269165039e-03,-9.023427963256835938e-03,-4.744380712509155273e-03
4.567772150039672852e-03,-9.000256657600402832e-03,-4.778325557708740234e-03
4.574447870254516602e-03,-8.936986327171325684e-03,-4.781693220138549805e-03
4.597991704940795898e-03,-8.899644017219543457e-03,-4.807591438293457031e-03
4.701375961303710938e-03,-8.888095617294311523e-03,-4.816710948944091797e-03
4.792839288711547852e-03,-8.875519037246704102e-03,-4.852443933486938477e-03
4.800617694854736328e-03,-8.909747004508972168e-03,-4.911139607429504395e-03
4.787921905517578125e-03,-8.960500359535217285e-03,-5.036011338233947754e-03
4.725515842437744141e-03,-9.043574333190917969e-03,-5.098462104797363281e-03
4.639834165573120117e-03,-9.094297885894775391e-03,-5.201920866966247559e-03
4.545688629150390625e-03,-9.159773588180541992e-03,-5.353689193725585938e-03
4.454433917999267578e-03,-9.247183799743652344e-03,-5.485400557518005371e-03
4.412561655044555664e-03,-9.357884526252746582e-03,-5.551353096961975098e-03
4.356771707534790039e-03,-9.648665785789489746e-03,-5.584910511970520020e-03
4.359781742095947266e-03,-9.889528155326843262e-03,-5.617648363113403320e-03
4.452139139175415039e-03,-1.010192930698394775e-02,-5.649223923683166504e-03
4.542708396911621094e-03,-1.030649244785308838e-02,-5.673468112945556641e-03
4.664778709411621094e-03,-1.049830019474029541e-02,-5.608379840850830078e-03
4.788219928741455078e-03,-1.075990498065948486e-02,-5.556032061576843262e-03
4.888504743576049805e-03,-1.098577678203582764e-02,-5.464613437652587891e-03
4.890084266662597656e-03,-1.118081808090209961e-02,-5.322962999343872070e-03
4.830509424209594727e-03,-1.130996644496917725e-02,-5.176886916160583496e-03
4.655987024307250977e-03,-1.133543252944946289e-02,-5.093842744827270508e-03
4.363507032394409180e-03,-1.131403446197509766e-02,-5.073875188827514648e-03
4.016429185867309570e-03,-1.121187210083007812e-02,-5.001440644264221191e-03
3.722608089447021484e-03,-1.110707223415374756e-02,-4.908755421638488770e-03
3.455042839050292969e-03,-1.089669764041900635e-02,-4.851728677749633789e-03
3.161817789077758789e-03,-1.065234839916229248e-02,-4.786878824234008789e-03
2.867400646209716797e-03,-1.024548709392547607e-02,-4.699215292930603027e-03
2.617239952087402344e-03,-9.861826896667480469e-03,-4.613637924194335938e-03
2.370297908782958984e-03,-9.467974305152893066e-03,-4.457086324691772461e-03
2.169877290725708008e-03,-9.116873145103454590e-03,-4.309430718421936035e-03
2.055495977401733398e-03,-8.889764547348022461e-03,-4.152208566665649414e-03
2.010494470596313477e-03,-8.671149611473083496e-03,-4.025727510452270508e-03
2.059727907180786133e-03,-8.488923311233520508e-03,-3.962963819503784180e-03
2.193689346313476562e-03,-8.311629295349121094e-03,-3.867059946060180664e-03
2.395421266555786133e-03,-8.155897259712219238e-03,-3.804713487625122070e-03
2.643108367919921875e-03,-8.031159639358520508e-03,-3.752931952476501465e-03
2.905398607254028320e-03,-7.937654852867126465e-03,-3.714725375175476074e-03
3.153830766677856445e-03,-7.833093404769897461e-03,-3.702148795127868652e-03
3.350198268890380859e-03,-7.741406559944152832e-03,-3.692075610160827637e-03
3.520131111145019531e-03,-7.643669843673706055e-03,-3.677606582641601562e-03
3.623306751251220703e-03,-7.530644536018371582e-03,-3.575265407562255859e-03
3.777593374252319336e-03,-7.459729909896850586e-03,-3.631442785263061523e-03
3.844738006591796875e-03,-7.352530956268310547e-03,-3.706768155097961426e-03
3.900915384292602539e-03,-7.349908351898193359e-03,-3.709509968757629395e-03
3.925859928131103516e-03,-7.274836301803588867e-03,-3.693640232086181641e-03
3.900617361068725586e-03,-7.213026285171508789e-03,-3.664717078208923340e-03
3.777801990509033203e-03,-7.062524557113647461e-03,-3.615751862525939941e-03
3.597855567932128906e-03,-6.893351674079895020e-03,-3.575399518013000488e-03
3.384381532669067383e-03,-6.604045629501342773e-03,-3.502041101455688477e-03
3.210574388504028320e-03,-6.365314126014709473e-03,-3.421232104301452637e-03
3.052413463592529297e-03,-6.143689155578613281e-03,-3.298059105873107910e-03
2.930074930191040039e-03,-5.956202745437622070e-03,-3.173261880874633789e-03
2.843648195266723633e-03,-5.755886435508728027e-03,-3.022432327270507812e-03
2.772659063339233398e-03,-5.601614713668823242e-03,-2.906069159507751465e-03
2.765983343124389648e-03,-5.198568105697631836e-03,-2.785801887512207031e-03
2.716600894927978516e-03,-4.777416586875915527e-03,-2.716436982154846191e-03
2.687931060791015625e-03,-4.395261406898498535e-03,-2.698838710784912109e-03
2.640813589096069336e-03,-4.044204950332641602e-03,-2.715647220611572266e-03
2.568215131759643555e-03,-3.724724054336547852e-03,-2.718031406402587891e-03
2.536982297897338867e-03,-3.456085920333862305e-03,-2.718195319175720215e-03
2.620249986648559570e-03,-3.316000103950500488e-03,-2.704307436943054199e-03
2.713799476623535156e-03,-3.206834197044372559e-03,-2.664119005203247070e-03
2.834618091583251953e-03,-3.103747963905334473e-03,-2.671346068382263184e-03
2.908200025558471680e-03,-3.023609519004821777e-03,-2.724796533584594727e-03
2.963721752166748047e-03,-2.981871366500854492e-03,-2.840816974639892578e-03
3.015816211700439453e-03,-2.893790602684020996e-03,-2.931714057922363281e-03
2.979874610900878906e-03,-2.764180302619934082e-03,-3.001183271408081055e-03
2.886533737182617188e-03,-2.644643187522888184e-03,-3.091678023338317871e-03
2.786785364151000977e-03,-2.582564949989318848e-03,-3.132015466690063477e-03
2.643585205078125000e-03,-2.408042550086975098e-03,-3.097519278526306152e-03
2.643585205078125000e-03,-2.408042550086975098e-03,-3.097519278526306152e-03
2.501070499420166016e-03,-2.227008342742919922e-03,-3.148853778839111328e-03
2.320230007171630859e-03,-2.108097076416015625e-03,-3.212243318557739258e-03
2.227634191513061523e-03,-2.010107040405273438e-03,-3.286883234977722168e-03
2.156019210815429688e-03,-1.892626285552978516e-03,-3.374144434928894043e-03
2.075433731079101562e-03,-1.764416694641113281e-03,-3.453031182289123535e-03
2.009272575378417969e-03,-1.638114452362060547e-03,-3.597125411033630371e-03
1.960933208465576172e-03,-1.484781503677368164e-03,-3.697335720062255859e-03
1.950412988662719727e-03,-1.351356506347656250e-03,-3.768756985664367676e-03
1.959681510925292969e-03,-1.187592744827270508e-03,-3.814384341239929199e-03
2.055346965789794922e-03,-1.053541898727416992e-03,-3.793582320213317871e-03
2.137303352355957031e-03,-9.219050407409667969e-04,-3.727197647094726562e-03
2.228826284408569336e-03,-8.289515972137451172e-04,-3.702640533447265625e-03
2.356797456741333008e-03,-7.787942886352539062e-04,-3.633186221122741699e-03
2.532541751861572266e-03,-8.090436458587646484e-04,-3.540158271789550781e-03
2.707958221435546875e-03,-8.340179920196533203e-04,-3.429427742958068848e-03
2.869367599487304688e-03,-8.908808231353759766e-04,-3.346994519233703613e-03
3.087043762207031250e-03,-9.484589099884033203e-04,-3.236442804336547852e-03
3.265678882598876953e-03,-9.824931621551513672e-04,-3.215044736862182617e-03
3.441542387008666992e-03,-1.020133495330810547e-03,-3.183528780937194824e-03
3.591388463973999023e-03,-1.074343919754028320e-03,-3.118440508842468262e-03
3.681838512420654297e-03,-1.079231500625610352e-03,-3.047764301300048828e-03
3.745019435882568359e-03,-1.042157411575317383e-03,-2.982750535011291504e-03
3.791809082031250000e-03,-1.006275415420532227e-03,-2.914458513259887695e-03
3.769218921661376953e-03,-9.368062019348144531e-04,-2.830177545547485352e-03
3.693699836730957031e-03,-8.569657802581787109e-04,-2.720862627029418945e-03
3.629893064498901367e-03,-7.686316967010498047e-04,-2.632737159729003906e-03
3.539294004440307617e-03,-6.363689899444580078e-04,-2.616479992866516113e-03
3.448009490966796875e-03,-4.809200763702392578e-04,-2.591237425804138184e-03
3.390640020370483398e-03,-3.518164157867431641e-04,-2.639681100845336914e-03
3.327041864395141602e-03,-2.366602420806884766e-04,-2.719730138778686523e-03
3.279954195022583008e-03,-1.799166202545166016e-04,-2.805188298225402832e-03
3.279954195022583008e-03,-1.799166202545166016e-04,-2.805188298225402832e-03
3.263592720031738281e-03,-8.872151374816894531e-05,-2.934411168098449707e-03
3.288388252258300781e-03,-5.108118057250976562e-05,-3.073945641517639160e-03
3.346055746078491211e-03,-3.254413604736328125e-05,-3.179341554641723633e-03
3.409713506698608398e-03,-3.087520599365234375e-05,-3.312930464744567871e-03
3.407835960388183594e-03,-1.716613769531250000e-05,-3.468245267868041992e-03
3.441959619522094727e-03,-7.438659667968750000e-05,-3.625378012657165527e-03
3.470122814178466797e-03,-8.577108383178710938e-05,-3.779307007789611816e-03
3.446847200393676758e-03,-8.642673492431640625e-05,-3.952488303184509277e-03
3.466248512268066406e-03,-1.233220100402832031e-04,-4.142016172409057617e-03
3.536731004714965820e-03,-1.844763755798339844e-04,-4.318341612815856934e-03
3.597944974899291992e-03,-2.184808254241943359e-04,-4.441931843757629395e-03
3.611564636230468750e-03,-2.374649047851562500e-04,-4.480823874473571777e-03
3.608345985412597656e-03,-2.605617046356201172e-04,-4.483401775360107422e-03
3.519326448440551758e-03,-2.448260784149169922e-04,-4.498109221458435059e-03
3.407895565032958984e-03,-2.032220363616943359e-04,-4.512980580329895020e-03
3.299742937088012695e-03,-1.480281352996826172e-04,-4.307270050048828125e-03
3.204017877578735352e-03,-1.021027565002441406e-04,-4.124373197555541992e-03
3.085613250732421875e-03,-5.993247032165527344e-05,-3.945991396903991699e-03
2.898484468460083008e-03,-1.719594001770019531e-05,-3.820344805717468262e-03
2.691149711608886719e-03,5.969405174255371094e-05,-3.761351108551025391e-03
2.518504858016967773e-03,1.166462898254394531e-04,-3.731980919837951660e-03
2.377212047576904297e-03,1.832842826843261719e-04,-3.739520907402038574e-03
2.236276865005493164e-03,2.452135086059570312e-04,-3.777056932449340820e-03
2.124011516571044922e-03,3.574490547180175781e-04,-3.842890262603759766e-03
1.894712448120117188e-03,8.621513843536376953e-04,-3.955468535423278809e-03
1.722514629364013672e-03,1.294344663619995117e-03,-4.032090306282043457e-03
1.641541719436645508e-03,1.615494489669799805e-03,-4.013374447822570801e-03
1.662969589233398438e-03,1.900464296340942383e-03,-3.923609852790832520e-03
1.765519380569458008e-03,2.413690090179443359e-03,-3.826826810836791992e-03
1.966029405593872070e-03,2.774208784103393555e-03,-3.704220056533813477e-03
2.203315496444702148e-03,3.062605857849121094e-03,-3.569349646568298340e-03
2.427071332931518555e-03,3.314316272735595703e-03,-3.403797745704650879e-03
2.647310495376586914e-03,3.516614437103271484e-03,-3.242298960685729980e-03
2.896845340728759766e-03,3.685832023620605469e-03,-3.064423799514770508e-03
3.171056509017944336e-03,3.805994987487792969e-03,-2.847507596015930176e-03
3.424763679504394531e-03,3.903597593307495117e-03,-2.611517906188964844e-03
3.670662641525268555e-03,3.995716571807861328e-03,-2.350553870201110840e-03
3.897994756698608398e-03,4.082590341567993164e-03,-2.060711383819580078e-03
4.072725772857666016e-03,4.119545221328735352e-03,-1.790970563888549805e-03
4.199862480163574219e-03,4.171788692474365234e-03,-1.557573676109313965e-03
4.241585731506347656e-03,4.201233386993408203e-03,-1.294046640396118164e-03
4.235625267028808594e-03,4.256010055541992188e-03,-1.077532768249511719e-03
4.200309514999389648e-03,4.305064678192138672e-03,-8.642524480819702148e-04
4.146009683609008789e-03,4.355192184448242188e-03,-6.755888462066650391e-04
4.043757915496826172e-03,4.406303167343139648e-03,-5.099922418594360352e-04
3.936856985092163086e-03,4.493981599807739258e-03,-3.706961870193481445e-04
3.781288862228393555e-03,4.640400409698486328e-03,-2.706050872802734375e-04
3.666132688522338867e-03,4.756748676300048828e-03,-1.131892204284667969e-03
3.577440977096557617e-03,4.870682954788208008e-03,-1.927062869071960449e-03
3.502309322357177734e-03,4.980981349945068359e-03,-2.634927630424499512e-03
3.418207168579101562e-03,5.103200674057006836e-03,-3.256157040596008301e-03
3.371864557266235352e-03,5.193471908569335938e-03,-3.816485404968261719e-03
3.306478261947631836e-03,5.196869373321533203e-03,-4.306763410568237305e-03
3.258943557739257812e-03,5.227565765380859375e-03,-4.759639501571655273e-03
3.187924623489379883e-03,5.263507366180419922e-03,-5.152180790901184082e-03
3.128707408905029297e-03,5.224704742431640625e-03,-5.508378148078918457e-03
3.114283084869384766e-03,5.196452140808105469e-03,-5.807489156723022461e-03
3.092795610427856445e-03,5.133092403411865234e-03,-6.032153964042663574e-03
3.111243247985839844e-03,5.058676004409790039e-03,-6.193757057189941406e-03
3.161102533340454102e-03,4.946559667587280273e-03,-6.292060017585754395e-03
3.186821937561035156e-03,4.861891269683837891e-03,-6.352081894874572754e-03
3.224641084671020508e-03,4.790663719177246094e-03,-6.423056125640869141e-03
3.148168325424194336e-03,4.749745130538940430e-03,-6.483435630798339844e-03
3.046721220016479492e-03,4.724889993667602539e-03,-6.566703319549560547e-03
2.894163131713867188e-03,4.705429077148437500e-03,-6.625309586524963379e-03
2.744764089584350586e-03,4.671186208724975586e-03,-6.673604249954223633e-03
2.531796693801879883e-03,4.847973585128784180e-03,-6.758302450180053711e-03
2.341061830520629883e-03,5.011141300201416016e-03,-6.803527474403381348e-03
2.186149358749389648e-03,5.022615194320678711e-03,-6.945267319679260254e-03
2.030313014984130859e-03,5.031198263168334961e-03,-7.024854421615600586e-03
1.880586147308349609e-03,5.009889602661132812e-03,-7.083192467689514160e-03
1.715630292892456055e-03,5.002409219741821289e-03,-7.092654705047607422e-03
1.576483249664306641e-03,4.968464374542236328e-03,-7.059648633003234863e-03
1.480013132095336914e-03,4.892438650131225586e-03,-6.991282105445861816e-03
1.394689083099365234e-03,4.814535379409790039e-03,-6.862655282020568848e-03
1.372754573822021484e-03,4.710942506790161133e-03,-6.751358509063720703e-03
1.329302787780761719e-03,4.611134529113769531e-03,-6.647393107414245605e-03
1.284688711166381836e-03,4.534631967544555664e-03,-6.547987461090087891e-03
1.245468854904174805e-03,4.464238882064819336e-03,-6.428688764572143555e-03
1.172214746475219727e-03,4.452198743820190430e-03,-6.277844309806823730e-03
1.093715429306030273e-03,4.468649625778198242e-03,-6.128460168838500977e-03
1.041948795318603516e-03,4.491776227951049805e-03,-5.961030721664428711e-03
1.005917787551879883e-03,4.499614238739013672e-03,-5.825132131576538086e-03
1.006186008453369141e-03,4.535704851150512695e-03,-5.723088979721069336e-03
1.053482294082641602e-03,4.548162221908569336e-03,-5.605101585388183594e-03
1.150637865066528320e-03,4.530400037765502930e-03,-5.495131015777587891e-03
1.221090555191040039e-03,4.557460546493530273e-03,-5.381762981414794922e-03
1.291930675506591797e-03,4.618227481842041016e-03,-5.272045731544494629e-03
1.413643360137939453e-03,4.651933908462524414e-03,-5.192831158638000488e-03
1.479148864746093750e-03,4.714399576187133789e-03,-5.143791437149047852e-03
1.507788896560668945e-03,4.780352115631103516e-03,-5.118876695632934570e-03
1.591086387634277344e-03,4.785001277923583984e-03,-5.115285515785217285e-03
1.678138971328735352e-03,4.797726869583129883e-03,-5.101695656776428223e-03
1.798242330551147461e-03,4.773497581481933594e-03,-5.138278007507324219e-03
1.895487308502197266e-03,4.738926887512207031e-03,-5.114465951919555664e-03
1.931548118591308594e-03,4.773080348968505859e-03,-5.087971687316894531e-03
1.940190792083740234e-03,4.832386970520019531e-03,-5.087405443191528320e-03
1.926243305206298828e-03,4.909276962280273438e-03,-5.068913102149963379e-03
1.898199319839477539e-03,5.010336637496948242e-03,-5.052879452705383301e-03
1.898199319839477539e-03,5.010336637496948242e-03,-5.052879452705383301e-03
1.898199319839477539e-03,5.010336637496948242e-03,-5.052879452705383301e-03
1.898199319839477539e-03,5.010336637496948242e-03,-5.052879452705383301e-03
1.878917217254638672e-03,5.126744508743286133e-03,-5.009546875953674316e-03
1.830160617828369141e-03,5.253046751022338867e-03,-4.990443587303161621e-03
1.787602901458740234e-03,5.404859781265258789e-03,-4.964366555213928223e-03
1.779258251190185547e-03,5.528569221496582031e-03,-4.958406090736389160e-03
1.785516738891601562e-03,5.624324083328247070e-03,-4.957512021064758301e-03
1.794874668121337891e-03,5.700349807739257812e-03,-4.960775375366210938e-03
1.807063817977905273e-03,5.778610706329345703e-03,-4.967778921127319336e-03
1.829326152801513672e-03,5.812495946884155273e-03,-5.001604557037353516e-03
1.915782690048217773e-03,5.804032087326049805e-03,-5.034700036048889160e-03
1.985490322113037109e-03,5.769550800323486328e-03,-5.035668611526489258e-03
2.034127712249755859e-03,5.726099014282226562e-03,-5.011811852455139160e-03
2.091854810714721680e-03,5.687713623046875000e-03,-4.990756511688232422e-03
2.101600170135498047e-03,5.671471357345581055e-03,-4.957661032676696777e-03
2.093285322189331055e-03,5.622595548629760742e-03,-4.961684346199035645e-03
2.102762460708618164e-03,5.588889122009277344e-03,-4.943519830703735352e-03
2.053290605545043945e-03,5.569249391555786133e-03,-4.911839962005615234e-03
1.878440380096435547e-03,5.603343248367309570e-03,-4.889026284217834473e-03
1.661419868469238281e-03,5.655288696289062500e-03,-4.870057106018066406e-03
1.458138227462768555e-03,5.752533674240112305e-03,-4.863187670707702637e-03
1.301079988479614258e-03,5.866378545761108398e-03,-4.817381501197814941e-03
1.212179660797119141e-03,5.967825651168823242e-03,-4.756242036819458008e-03
1.111239194869995117e-03,6.040424108505249023e-03,-4.695042967796325684e-03
1.052796840667724609e-03,6.081938743591308594e-03,-4.621624946594238281e-03
9.931027889251708984e-04,6.127685308456420898e-03,-4.544094204902648926e-03
9.495913982391357422e-04,6.161063909530639648e-03,-4.532009363174438477e-03
9.714663028717041016e-04,6.201118230819702148e-03,-4.502490162849426270e-03
1.039177179336547852e-03,6.183534860610961914e-03,-4.482686519622802734e-03
1.138895750045776367e-03,6.155669689178466797e-03,-4.445284605026245117e-03
1.275807619094848633e-03,6.130993366241455078e-03,-4.398256540298461914e-03
1.362323760986328125e-03,6.098538637161254883e-03,-4.306629300117492676e-03
1.418352127075195312e-03,6.085395812988281250e-03,-4.215016961097717285e-03
1.459330320358276367e-03,6.075292825698852539e-03,-4.120960831642150879e-03
1.520067453384399414e-03,6.105810403823852539e-03,-4.154145717620849609e-03
1.632213592529296875e-03,6.117224693298339844e-03,-4.209741950035095215e-03
1.751929521560668945e-03,6.120860576629638672e-03,-4.283815622329711914e-03
1.835554838180541992e-03,6.108224391937255859e-03,-4.352569580078125000e-03
1.953810453414916992e-03,6.021708250045776367e-03,-4.441857337951660156e-03
2.105295658111572266e-03,5.983859300613403320e-03,-4.490271210670471191e-03
2.227544784545898438e-03,5.929559469223022461e-03,-4.590570926666259766e-03
2.349883317947387695e-03,5.855679512023925781e-03,-4.698589444160461426e-03
2.498179674148559570e-03,5.768746137619018555e-03,-4.815638065338134766e-03
2.625018358230590820e-03,5.675941705703735352e-03,-4.957184195518493652e-03
2.659440040588378906e-03,5.603969097137451172e-03,-5.085676908493041992e-03
2.649992704391479492e-03,5.561679601669311523e-03,-5.239263176918029785e-03
2.678483724594116211e-03,5.486100912094116211e-03,-5.381271243095397949e-03
2.693831920623779297e-03,5.431622266769409180e-03,-5.501717329025268555e-03
2.624124288558959961e-03,5.391120910644531250e-03,-5.599826574325561523e-03
2.531886100769042969e-03,5.391061305999755859e-03,-5.688488483428955078e-03
2.419024705886840820e-03,5.414813756942749023e-03,-5.754157900810241699e-03
2.305477857589721680e-03,5.310803651809692383e-03,-5.837395787239074707e-03
2.186238765716552734e-03,5.221635103225708008e-03,-5.903229117393493652e-03
2.082347869873046875e-03,5.130916833877563477e-03,-5.952864885330200195e-03
1.963526010513305664e-03,5.051553249359130859e-03,-5.981042981147766113e-03
1.835256814956665039e-03,5.019068717956542969e-03,-5.999803543090820312e-03
1.766264438629150391e-03,4.965156316757202148e-03,-5.989983677864074707e-03
1.676648855209350586e-03,4.930883646011352539e-03,-5.941614508628845215e-03
1.636385917663574219e-03,4.856973886489868164e-03,-5.860581994056701660e-03
1.589804887771606445e-03,4.779636859893798828e-03,-5.793124437332153320e-03
1.474946737289428711e-03,4.823118448257446289e-03,-5.718573927879333496e-03
1.474946737289428711e-03,4.823118448257446289e-03,-5.718573927879333496e-03
1.348614692687988281e-03,5.197525024414062500e-03,-5.684763193130493164e-03
1.336038112640380859e-03,5.472868680953979492e-03,-5.664616823196411133e-03
1.362085342407226562e-03,5.678474903106689453e-03,-5.653262138366699219e-03
1.495718955993652344e-03,5.801796913146972656e-03,-5.677357316017150879e-03
1.682102680206298828e-03,5.838930606842041016e-03,-5.729496479034423828e-03
1.856178045272827148e-03,5.837857723236083984e-03,-5.782708525657653809e-03
2.056211233139038086e-03,5.806475877761840820e-03,-5.830079317092895508e-03
2.238780260086059570e-03,5.717933177947998047e-03,-5.918398499488830566e-03
2.369850873947143555e-03,5.638450384140014648e-03,-6.006941199302673340e-03
2.474516630172729492e-03,5.620807409286499023e-03,-6.108418107032775879e-03
2.571821212768554688e-03,5.609899759292602539e-03,-6.226539611816406250e-03
2.644389867782592773e-03,5.606621503829956055e-03,-6.333231925964355469e-03
2.612054347991943359e-03,5.676031112670898438e-03,-6.432324647903442383e-03
2.513825893402099609e-03,5.769431591033935547e-03,-6.521239876747131348e-03
2.371370792388916016e-03,5.947291851043701172e-03,-6.607040762901306152e-03
2.251952886581420898e-03,6.122738122940063477e-03,-6.674081087112426758e-03
2.124071121215820312e-03,6.238311529159545898e-03,-6.698325276374816895e-03
1.965403556823730469e-03,6.324529647827148438e-03,-6.704226136207580566e-03
1.797318458557128906e-03,6.410002708435058594e-03,-6.663024425506591797e-03
1.636713743209838867e-03,6.472289562225341797e-03,-6.599009037017822266e-03
1.502633094787597656e-03,6.512820720672607422e-03,-6.527245044708251953e-03
1.412928104400634766e-03,6.560713052749633789e-03,-6.420850753784179688e-03
1.383423805236816406e-03,6.576657295227050781e-03,-6.307438015937805176e-03
1.405715942382812500e-03,6.588041782379150391e-03,-6.177291274070739746e-03
1.456707715988159180e-03,6.565809249877929688e-03,-6.037667393684387207e-03
1.559972763061523438e-03,6.482303142547607422e-03,-5.877435207366943359e-03
1.607626676559448242e-03,6.361693143844604492e-03,-5.707845091819763184e-03
1.715958118438720703e-03,6.222605705261230469e-03,-5.565032362937927246e-03
1.785695552825927734e-03,6.084293127059936523e-03,-5.428612232208251953e-03
1.910716295242309570e-03,5.931288003921508789e-03,-5.300983786582946777e-03
2.040177583694458008e-03,5.752801895141601562e-03,-5.181550979614257812e-03
2.190798521041870117e-03,5.563527345657348633e-03,-5.080878734588623047e-03
2.348333597183227539e-03,5.338013172149658203e-03,-4.889011383056640625e-03
2.501696348190307617e-03,5.098670721054077148e-03,-4.711806774139404297e-03
2.608269453048706055e-03,4.897117614746093750e-03,-4.587933421134948730e-03
2.671897411346435547e-03,4.757851362228393555e-03,-4.468455910682678223e-03
2.681016921997070312e-03,4.670798778533935547e-03,-4.349127411842346191e-03
2.593606710433959961e-03,4.628568887710571289e-03,-4.245519638061523438e-03
2.465814352035522461e-03,4.608303308486938477e-03,-4.187077283859252930e-03
2.343118190765380859e-03,4.598408937454223633e-03,-4.145771265029907227e-03
2.199143171310424805e-03,4.579871892929077148e-03,-4.146546125411987305e-03
2.089589834213256836e-03,4.534363746643066406e-03,-4.178673028945922852e-03
2.044886350631713867e-03,4.497081041336059570e-03,-4.207119345664978027e-03
2.055048942565917969e-03,4.452407360076904297e-03,-4.246249794960021973e-03
2.101600170135498047e-03,4.373967647552490234e-03,-4.295781254768371582e-03
2.181023359298706055e-03,4.293918609619140625e-03,-4.350468516349792480e-03
2.236366271972656250e-03,4.267960786819458008e-03,-4.381701350212097168e-03
2.290815114974975586e-03,4.225820302963256836e-03,-4.420474171638488770e-03
2.308756113052368164e-03,4.208832979202270508e-03,-4.436314105987548828e-03
2.288371324539184570e-03,4.186123609542846680e-03,-4.446357488632202148e-03
2.268344163894653320e-03,4.175812005996704102e-03,-4.457384347915649414e-03
2.254426479339599609e-03,4.198461771011352539e-03,-4.476800560951232910e-03
2.236306667327880859e-03,4.218995571136474609e-03,-4.485517740249633789e-03
2.215445041656494141e-03,4.226833581924438477e-03,-4.460424184799194336e-03
2.152055501937866211e-03,4.241585731506347656e-03,-4.401817917823791504e-03
2.106219530105590820e-03,4.240781068801879883e-03,-4.315480589866638184e-03
2.074927091598510742e-03,4.260629415512084961e-03,-4.191502928733825684e-03
2.043336629867553711e-03,4.244893789291381836e-03,-4.053995013236999512e-03
2.031058073043823242e-03,4.178076982498168945e-03,-3.901466727256774902e-03
2.055466175079345703e-03,4.118651151657104492e-03,-3.735259175300598145e-03
2.082437276840209961e-03,4.044651985168457031e-03,-3.607138991355895996e-03
2.109646797180175781e-03,4.003316164016723633e-03,-3.481000661849975586e-03
2.192407846450805664e-03,3.980487585067749023e-03,-3.564298152923583984e-03
2.317875623703002930e-03,3.836452960968017578e-03,-3.605350852012634277e-03
2.413302659988403320e-03,3.703862428665161133e-03,-3.649607300758361816e-03
2.471178770065307617e-03,3.592729568481445312e-03,-3.711581230163574219e-03
2.507597208023071289e-03,3.509908914566040039e-03,-3.800302743911743164e-03
2.482026815414428711e-03,3.471970558166503906e-03,-3.908038139343261719e-03
2.362996339797973633e-03,3.461301326751708984e-03,-4.021182656288146973e-03
2.196282148361206055e-03,3.514319658279418945e-03,-4.139661788940429688e-03
1.999378204345703125e-03,3.617107868194580078e-03,-4.257977008819580078e-03
1.775115728378295898e-03,3.755778074264526367e-03,-4.348695278167724609e-03
1.532107591629028320e-03,3.930151462554931641e-03,-4.453659057617187500e-03
1.371353864669799805e-03,4.060477018356323242e-03,-4.547044634819030762e-03
1.238644123077392578e-03,4.195243120193481445e-03,-4.636809229850769043e-03
1.190721988677978516e-03,4.294842481613159180e-03,-4.720121622085571289e-03
1.207709312438964844e-03,4.351824522018432617e-03,-4.798799753189086914e-03
1.265764236450195312e-03,4.418015480041503906e-03,-4.899039864540100098e-03
1.337975263595581055e-03,4.465699195861816406e-03,-5.028724670410156250e-03
1.488536596298217773e-03,4.445195198059082031e-03,-5.189046263694763184e-03
1.666724681854248047e-03,4.445582628250122070e-03,-5.328640341758728027e-03
1.827687025070190430e-03,4.466742277145385742e-03,-5.427718162536621094e-03
1.974642276763916016e-03,4.512578248977661133e-03,-5.522191524505615234e-03
2.116948366165161133e-03,4.557818174362182617e-03,-5.589127540588378906e-03
2.224355936050415039e-03,4.621237516403198242e-03,-5.636006593704223633e-03
2.315461635589599609e-03,4.686862230300903320e-03,-5.687713623046875000e-03
2.401918172836303711e-03,4.737734794616699219e-03,-5.727410316467285156e-03
2.456426620483398438e-03,4.782259464263916016e-03,-5.720809102058410645e-03
2.489030361175537109e-03,4.810810089111328125e-03,-5.694687366485595703e-03
2.487003803253173828e-03,4.904925823211669922e-03,-5.672559142112731934e-03
2.477020025253295898e-03,4.966348409652709961e-03,-5.643755197525024414e-03
2.458870410919189453e-03,4.986733198165893555e-03,-5.590409040451049805e-03
2.458870410919189453e-03,4.986733198165893555e-03,-5.590409040451049805e-03
2.375781536102294922e-03,5.006045103073120117e-03,-5.533367395401000977e-03
2.308338880538940430e-03,5.034357309341430664e-03,-5.484357476234436035e-03
2.300471067428588867e-03,5.017846822738647461e-03,-5.418971180915832520e-03
2.333223819732666016e-03,4.972606897354125977e-03,-5.358397960662841797e-03
2.351462841033935547e-03,4.926294088363647461e-03,-5.305245518684387207e-03
2.381384372711181641e-03,4.854172468185424805e-03,-5.286931991577148438e-03
2.382516860961914062e-03,4.786700010299682617e-03,-5.270943045616149902e-03
2.406895160675048828e-03,4.734188318252563477e-03,-5.253717303276062012e-03
2.399742603302001953e-03,4.670113325119018555e-03,-5.244553089141845703e-03
2.377331256866455078e-03,4.613310098648071289e-03,-5.217581987380981445e-03
2.375960350036621094e-03,4.541158676147460938e-03,-5.175471305847167969e-03
2.416521310806274414e-03,4.438370466232299805e-03,-5.104348063468933105e-03
2.420306205749511719e-03,4.357606172561645508e-03,-5.023732781410217285e-03
2.376735210418701172e-03,4.323333501815795898e-03,-4.932194948196411133e-03
2.301484346389770508e-03,4.325956106185913086e-03,-4.814907908439636230e-03
2.180963754653930664e-03,4.339456558227539062e-03,-4.700750112533569336e-03
2.048850059509277344e-03,4.355341196060180664e-03,-4.609018564224243164e-03
1.864224672317504883e-03,4.413068294525146484e-03,-4.539713263511657715e-03
1.662254333496093750e-03,4.488557577133178711e-03,-4.506722092628479004e-03
1.469969749450683594e-03,4.584014415740966797e-03,-4.469662904739379883e-03
1.290589570999145508e-03,4.685282707214355469e-03,-4.434660077095031738e-03
1.129269599914550781e-03,4.784882068634033203e-03,-4.435449838638305664e-03
1.030087471008300781e-03,4.855751991271972656e-03,-4.425451159477233887e-03
9.890198707580566406e-04,4.884958267211914062e-03,-4.398524761199951172e-03
1.002281904220581055e-03,4.928499460220336914e-03,-4.358932375907897949e-03
1.080900430679321289e-03,4.972994327545166016e-03,-4.301935434341430664e-03
1.210719347000122070e-03,4.956781864166259766e-03,-4.230424761772155762e-03
1.327604055404663086e-03,4.947483539581298828e-03,-4.190713167190551758e-03
1.408845186233520508e-03,4.927814006805419922e-03,-4.173785448074340820e-03
1.498073339462280273e-03,4.918754100799560547e-03,-4.158020019531250000e-03
1.592516899108886719e-03,4.926413297653198242e-03,-4.144281148910522461e-03
1.637011766433715820e-03,4.975289106369018555e-03,-4.168719053268432617e-03
1.697093248367309570e-03,5.017995834350585938e-03,-4.244089126586914062e-03
1.761853694915771484e-03,5.086660385131835938e-03,-4.314422607421875000e-03
1.821696758270263672e-03,5.160063505172729492e-03,-4.382669925689697266e-03
1.858294010162353516e-03,5.243331193923950195e-03,-4.450306296348571777e-03
1.876622438430786133e-03,5.335152149200439453e-03,-4.496708512306213379e-03
1.922994852066040039e-03,5.422979593276977539e-03,-4.533216357231140137e-03
1.944333314895629883e-03,5.494505167007446289e-03,-4.557013511657714844e-03
1.974910497665405273e-03,5.553871393203735352e-03,-4.579558968544006348e-03
1.961201429367065430e-03,5.567342042922973633e-03,-4.597052931785583496e-03
1.936316490173339844e-03,5.583345890045166016e-03,-4.591599106788635254e-03
1.925826072692871094e-03,5.621314048767089844e-03,-4.574179649353027344e-03
1.949191093444824219e-03,5.651116371154785156e-03,-4.595130681991577148e-03
1.963406801223754883e-03,5.684018135070800781e-03,-4.657313227653503418e-03
1.967698335647583008e-03,5.764514207839965820e-03,-4.719987511634826660e-03
1.924335956573486328e-03,5.842089653015136719e-03,-4.783302545547485352e-03
1.875370740890502930e-03,5.946636199951171875e-03,-4.817605018615722656e-03
1.849979162216186523e-03,6.033658981323242188e-03,-4.853427410125732422e-03
1.861572265625000000e-03,6.095945835113525391e-03,-4.891648888587951660e-03
1.892507076263427734e-03,6.142377853393554688e-03,-4.939720034599304199e-03
1.969039440155029297e-03,6.151914596557617188e-03,-4.989251494407653809e-03
2.034783363342285156e-03,6.152033805847167969e-03,-5.019068717956542969e-03
2.089083194732666016e-03,6.130814552307128906e-03,-5.050227046012878418e-03
2.196431159973144531e-03,6.081789731979370117e-03,-5.095884203910827637e-03
2.286911010742187500e-03,6.010115146636962891e-03,-5.144223570823669434e-03
2.348333597183227539e-03,5.935311317443847656e-03,-5.189403891563415527e-03
2.395749092102050781e-03,5.871981382369995117e-03,-5.232319235801696777e-03
2.454072237014770508e-03,5.819380283355712891e-03,-5.219906568527221680e-03
2.446442842483520508e-03,5.780518054962158203e-03,-5.182415246963500977e-03
2.446442842483520508e-03,5.780518054962158203e-03,-5.182415246963500977e-03
2.365022897720336914e-03,5.809396505355834961e-03,-5.161315202713012695e-03
2.269268035888671875e-03,5.828142166137695312e-03,-5.132868885993957520e-03
2.157062292098999023e-03,5.851238965988159180e-03,-5.098730325698852539e-03
2.033174037933349609e-03,5.895078182220458984e-03,-5.060926079750061035e-03
1.912087202072143555e-03,5.909025669097900391e-03,-4.993557929992675781e-03
1.834988594055175781e-03,5.921125411987304688e-03,-4.901185631752014160e-03
1.784980297088623047e-03,5.903452634811401367e-03,-4.787817597389221191e-03
1.763105392456054688e-03,5.856096744537353516e-03,-4.655331373214721680e-03
1.755326986312866211e-03,5.785137414932250977e-03,-4.541695117950439453e-03
1.766502857208251953e-03,5.695253610610961914e-03,-4.450872540473937988e-03
1.779526472091674805e-03,5.608022212982177734e-03,-4.368424415588378906e-03
1.793771982192993164e-03,5.533635616302490234e-03,-4.312217235565185547e-03
1.811951398849487305e-03,5.520343780517578125e-03,-4.287466406822204590e-03
1.850903034210205078e-03,5.453646183013916016e-03,-4.281103610992431641e-03
1.806408166885375977e-03,5.408018827438354492e-03,-4.260942339897155762e-03
1.800179481506347656e-03,5.362838506698608398e-03,-4.260778427124023438e-03
1.816898584365844727e-03,5.322694778442382812e-03,-4.277512431144714355e-03
1.856893301010131836e-03,5.278468132019042969e-03,-4.278466105461120605e-03
1.895129680633544922e-03,5.275994539260864258e-03,-4.274100065231323242e-03
1.891940832138061523e-03,5.274355411529541016e-03,-4.245609045028686523e-03
1.890420913696289062e-03,5.270004272460937500e-03,-4.247725009918212891e-03
1.928299665451049805e-03,5.248337984085083008e-03,-4.258811473846435547e-03
1.928299665451049805e-03,5.248337984085083008e-03,-4.258811473846435547e-03
1.928299665451049805e-03,5.248337984085083008e-03,-4.258811473846435547e-03
1.928299665451049805e-03,5.248337984085083008e-03,-4.258811473846435547e-03
1.932322978973388672e-03,5.219310522079467773e-03,-4.293724894523620605e-03
1.944363117218017578e-03,5.181074142456054688e-03,-4.335179924964904785e-03
1.927196979522705078e-03,5.134612321853637695e-03,-4.365101456642150879e-03
1.927196979522705078e-03,5.134612321853637695e-03,-4.365101456642150879e-03
1.927196979522705078e-03,5.134612321853637695e-03,-4.365101456642150879e-03
1.947849988937377930e-03,5.108565092086791992e-03,-4.404410719871520996e-03
1.934260129928588867e-03,5.131810903549194336e-03,-4.431575536727905273e-03
1.931250095367431641e-03,5.173683166503906250e-03,-4.460930824279785156e-03
1.907080411911010742e-03,5.213618278503417969e-03,-4.494905471801757812e-03
1.893550157546997070e-03,5.222350358963012695e-03,-4.539817571640014648e-03
1.933068037033081055e-03,5.216360092163085938e-03,-4.586189985275268555e-03
2.001941204071044922e-03,5.210936069488525391e-03,-4.634350538253784180e-03
2.032399177551269531e-03,5.189418792724609375e-03,-4.714280366897583008e-03
2.085089683532714844e-03,5.167573690414428711e-03,-4.790380597114562988e-03
2.163916826248168945e-03,5.200505256652832031e-03,-4.873782396316528320e-03
2.220511436462402344e-03,5.270659923553466797e-03,-4.947483539581298828e-03
2.290725708007812500e-03,5.328088998794555664e-03,-5.003333091735839844e-03
2.339184284210205078e-03,5.403310060501098633e-03,-5.081072449684143066e-03
2.370744943618774414e-03,5.476534366607666016e-03,-5.134910345077514648e-03
2.366572618484497070e-03,5.563527345657348633e-03,-5.084931850433349609e-03
2.301633358001708984e-03,5.661249160766601562e-03,-5.033701658248901367e-03
2.218782901763916016e-03,5.749970674514770508e-03,-4.987195134162902832e-03
2.173811197280883789e-03,5.800306797027587891e-03,-4.965022206306457520e-03
2.135366201400756836e-03,5.811542272567749023e-03,-4.949361085891723633e-03
2.119094133377075195e-03,5.827248096466064453e-03,-4.918515682220458984e-03
2.122223377227783203e-03,5.838990211486816406e-03,-4.887223243713378906e-03
2.137243747711181641e-03,5.860030651092529297e-03,-4.861608147621154785e-03
2.115488052368164062e-03,5.879908800125122070e-03,-4.855170845985412598e-03
2.087861299514770508e-03,5.899429321289062500e-03,-4.856288433074951172e-03
2.075672149658203125e-03,5.861818790435791016e-03,-4.863172769546508789e-03
2.075672149658203125e-03,5.861818790435791016e-03,-4.863172769546508789e-03
2.069771289825439453e-03,5.821794271469116211e-03,-4.878491163253784180e-03
2.041399478912353516e-03,5.818068981170654297e-03,-4.885882139205932617e-03
1.980781555175781250e-03,5.787670612335205078e-03,-4.873737692832946777e-03
1.901954412460327148e-03,5.769699811935424805e-03,-4.851818084716796875e-03
1.864492893218994141e-03,5.747467279434204102e-03,-4.835203289985656738e-03
1.819491386413574219e-03,5.727618932723999023e-03,-4.815846681594848633e-03
1.777768135070800781e-03,5.703926086425781250e-03,-4.809066653251647949e-03
1.724421977996826172e-03,5.704700946807861328e-03,-4.800006747245788574e-03
1.679033041000366211e-03,5.735725164413452148e-03,-4.801884293556213379e-03
1.628607511520385742e-03,5.771696567535400391e-03,-4.792213439941406250e-03
1.570165157318115234e-03,5.794733762741088867e-03,-4.789918661117553711e-03
1.540750265121459961e-03,5.817502737045288086e-03,-4.789024591445922852e-03
1.507163047790527344e-03,5.869299173355102539e-03,-4.785850644111633301e-03
1.450210809707641602e-03,5.918830633163452148e-03,-4.807263612747192383e-03
1.460492610931396484e-03,5.945265293121337891e-03,-4.839017987251281738e-03
1.467227935791015625e-03,5.968809127807617188e-03,-4.882127046585083008e-03
1.482129096984863281e-03,5.967020988464355469e-03,-4.936918616294860840e-03
1.484215259552001953e-03,5.963385105133056641e-03,-4.992112517356872559e-03
1.533418893814086914e-03,5.952447652816772461e-03,-5.035668611526489258e-03
1.577734947204589844e-03,5.955636501312255859e-03,-5.074188113212585449e-03
1.643210649490356445e-03,5.970239639282226562e-03,-5.096390843391418457e-03
1.724630594253540039e-03,5.989819765090942383e-03,-5.103394389152526855e-03
1.801818609237670898e-03,6.044983863830566406e-03,-5.130425095558166504e-03
1.846373081207275391e-03,6.109803915023803711e-03,-5.152061581611633301e-03
1.846373081207275391e-03,6.109803915023803711e-03,-5.152061581611633301e-03
1.846373081207275391e-03,6.109803915023803711e-03,-5.152061581611633301e-03
1.901507377624511719e-03,6.183415651321411133e-03,-5.155012011528015137e-03
1.945912837982177734e-03,6.211221218109130859e-03,-5.165621638298034668e-03
1.934766769409179688e-03,6.276398897171020508e-03,-5.167052149772644043e-03
1.909941434860229492e-03,6.360292434692382812e-03,-5.163535475730895996e-03
1.865774393081665039e-03,6.463170051574707031e-03,-5.182653665542602539e-03
1.780509948730468750e-03,6.666332483291625977e-03,-5.193799734115600586e-03
1.660853624343872070e-03,6.887227296829223633e-03,-5.215987563133239746e-03
1.500189304351806641e-03,7.107704877853393555e-03,-5.239695310592651367e-03
1.344442367553710938e-03,7.292807102203369141e-03,-5.271196365356445312e-03
1.171499490737915039e-03,7.465481758117675781e-03,-5.280077457427978516e-03
1.020908355712890625e-03,7.600337266921997070e-03,-5.331382155418395996e-03
8.881092071533203125e-04,7.702022790908813477e-03,-5.346029996871948242e-03
8.041858673095703125e-04,7.784456014633178711e-03,-5.341276526451110840e-03
7.837712764739990234e-04,7.835060358047485352e-03,-5.329802632331848145e-03
8.059442043304443359e-04,7.887065410614013672e-03,-5.314290523529052734e-03
8.870661258697509766e-04,7.897704839706420898e-03,-5.273610353469848633e-03
9.822845458984375000e-04,7.885843515396118164e-03,-5.233690142631530762e-03
1.075357198715209961e-03,7.858127355575561523e-03,-5.174160003662109375e-03
1.173943281173706055e-03,7.857412099838256836e-03,-5.091145634651184082e-03
1.311033964157104492e-03,7.817745208740234375e-03,-5.006298422813415527e-03
1.502364873886108398e-03,7.770806550979614258e-03,-4.921555519104003906e-03
1.663148403167724609e-03,7.723838090896606445e-03,-4.840016365051269531e-03
1.813352108001708984e-03,7.682800292968750000e-03,-4.772111773490905762e-03
1.940608024597167969e-03,7.643729448318481445e-03,-4.709348082542419434e-03
2.036362886428833008e-03,7.637023925781250000e-03,-4.676550626754760742e-03
2.102345228195190430e-03,7.660150527954101562e-03,-4.657194018363952637e-03
2.141922712326049805e-03,7.739722728729248047e-03,-4.628852009773254395e-03
2.202242612838745117e-03,7.799595594406127930e-03,-4.607141017913818359e-03
2.202928066253662109e-03,7.875859737396240234e-03,-4.629135131835937500e-03
2.149820327758789062e-03,7.952183485031127930e-03,-4.677787423133850098e-03
2.070337533950805664e-03,8.045047521591186523e-03,-4.757672548294067383e-03
1.981735229492187500e-03,8.154571056365966797e-03,-4.858061671257019043e-03
1.923680305480957031e-03,8.238583803176879883e-03,-4.987567663192749023e-03
1.872003078460693359e-03,8.298039436340332031e-03,-5.132615566253662109e-03
1.787185668945312500e-03,8.330166339874267578e-03,-5.260795354843139648e-03
1.703441143035888672e-03,8.331984281539916992e-03,-5.403399467468261719e-03
1.629948616027832031e-03,8.368343114852905273e-03,-5.542770028114318848e-03
1.576513051986694336e-03,8.376777172088623047e-03,-5.660429596900939941e-03
1.550555229187011719e-03,8.359223604202270508e-03,-5.745157599449157715e-03
1.537829637527465820e-03,8.334636688232421875e-03,-5.812883377075195312e-03
1.533806324005126953e-03,8.296638727188110352e-03,-5.828335881233215332e-03
1.548647880554199219e-03,8.265018463134765625e-03,-5.809992551803588867e-03
1.591295003890991211e-03,8.250176906585693359e-03,-5.771890282630920410e-03
1.629501581192016602e-03,8.239537477493286133e-03,-5.726173520088195801e-03
1.691281795501708984e-03,8.234113454818725586e-03,-5.664631724357604980e-03
1.663416624069213867e-03,8.386671543121337891e-03,-5.596801638603210449e-03
1.631051301956176758e-03,8.516818284988403320e-03,-5.579918622970581055e-03
1.663774251937866211e-03,8.600234985351562500e-03,-5.553990602493286133e-03
1.671135425567626953e-03,8.651852607727050781e-03,-5.514875054359436035e-03
1.754432916641235352e-03,8.640885353088378906e-03,-5.463913083076477051e-03
1.900494098663330078e-03,8.553475141525268555e-03,-5.431577563285827637e-03
2.107709646224975586e-03,8.412748575210571289e-03,-5.419671535491943359e-03
2.324938774108886719e-03,8.253693580627441406e-03,-5.415767431259155273e-03
2.531975507736206055e-03,8.061617612838745117e-03,-5.404010415077209473e-03
2.751231193542480469e-03,7.865458726882934570e-03,-5.396783351898193359e-03
2.972722053527832031e-03,7.663637399673461914e-03,-5.387753248214721680e-03
3.173619508743286133e-03,7.452487945556640625e-03,-5.372643470764160156e-03
3.323733806610107422e-03,7.245182991027832031e-03,-5.372047424316406250e-03
3.425866365432739258e-03,7.043540477752685547e-03,-5.362227559089660645e-03
3.504395484924316406e-03,6.905674934387207031e-03,-5.329221487045288086e-03
3.480911254882812500e-03,6.810724735260009766e-03,-5.283445119857788086e-03
3.390789031982421875e-03,6.748169660568237305e-03,-5.245611071586608887e-03
3.268599510192871094e-03,6.717264652252197266e-03,-5.238071084022521973e-03
3.101140260696411133e-03,6.703168153762817383e-03,-5.242004990577697754e-03
2.933263778686523438e-03,6.723254919052124023e-03,-5.247294902801513672e-03
2.729266881942749023e-03,6.800681352615356445e-03,-5.256354808807373047e-03
2.537429332733154297e-03,6.888896226882934570e-03,-5.267471075057983398e-03
2.347260713577270508e-03,6.977289915084838867e-03,-5.240648984909057617e-03
2.155125141143798828e-03,7.065117359161376953e-03,-5.208894610404968262e-03
1.999050378799438477e-03,7.129818201065063477e-03,-5.187645554542541504e-03
1.865953207015991211e-03,7.192432880401611328e-03,-5.170732736587524414e-03
1.771599054336547852e-03,7.236301898956298828e-03,-5.172029137611389160e-03
1.700967550277709961e-03,7.253050804138183594e-03,-5.175143480300903320e-03
1.697272062301635742e-03,7.254660129547119141e-03,-5.174472928047180176e-03
1.704990863800048828e-03,7.247984409332275391e-03,-5.179777741432189941e-03
1.743316650390625000e-03,7.216542959213256836e-03,-5.217641592025756836e-03
1.828312873840332031e-03,7.169485092163085938e-03,-5.251526832580566406e-03
1.886487007141113281e-03,7.147192955017089844e-03,-5.303084850311279297e-03
1.945227384567260742e-03,7.111847400665283203e-03,-5.350530147552490234e-03
2.019941806793212891e-03,7.066130638122558594e-03,-5.396828055381774902e-03
2.104997634887695312e-03,7.006585597991943359e-03,-5.451604723930358887e-03
2.203196287155151367e-03,6.965547800064086914e-03,-5.510374903678894043e-03
2.319782972335815430e-03,6.912112236022949219e-03,-5.547940731048583984e-03
2.400875091552734375e-03,6.859719753265380859e-03,-5.561485886573791504e-03
2.433657646179199219e-03,6.803661584854125977e-03,-5.583569407463073730e-03
2.399116754531860352e-03,6.780952215194702148e-03,-5.563810467720031738e-03
2.367615699768066406e-03,6.763190031051635742e-03,-5.533680319786071777e-03
2.362459897994995117e-03,6.742894649505615234e-03,-5.523636937141418457e-03
2.332627773284912109e-03,6.724715232849121094e-03,-5.539029836654663086e-03
2.290219068527221680e-03,6.689697504043579102e-03,-5.567356944084167480e-03
2.265751361846923828e-03,6.669044494628906250e-03,-5.588918924331665039e-03
2.259522676467895508e-03,6.660223007202148438e-03,-5.610167980194091797e-03
2.242624759674072266e-03,6.660014390945434570e-03,-5.645647644996643066e-03
2.203911542892456055e-03,6.679356098175048828e-03,-5.669608712196350098e-03
2.115130424499511719e-03,6.693959236145019531e-03,-5.679026246070861816e-03
2.026200294494628906e-03,6.697624921798706055e-03,-5.693465471267700195e-03
1.989752054214477539e-03,6.672680377960205078e-03,-5.734518170356750488e-03
1.986980438232421875e-03,6.637275218963623047e-03,-5.783125758171081543e-03
2.005875110626220703e-03,6.584972143173217773e-03,-5.835831165313720703e-03
2.031832933425903320e-03,6.518721580505371094e-03,-5.877643823623657227e-03
2.060830593109130859e-03,6.454706192016601562e-03,-5.906179547309875488e-03
