2.712801098823547363e-02,-2.317082881927490234e-02,-2.328649163246154785e-02
2.712801098823547363e-02,-2.317082881927490234e-02,-2.328649163246154785e-02
2.612802386283874512e-02,-2.417087554931640625e-02,-2.428649365901947021e-02
2.534639835357666016e-02,-2.482342720031738281e-02,-2.496413886547088623e-02
2.488747239112854004e-02,-2.562618255615234375e-02,-2.563640475273132324e-02
2.431762218475341797e-02,-2.516853809356689453e-02,-2.638977766036987305e-02
2.359452843666076660e-02,-2.462589740753173828e-02,-2.652715146541595459e-02
2.284601330757141113e-02,-2.459514141082763672e-02,-2.664753794670104980e-02
2.258974313735961914e-02,-2.438819408416748047e-02,-2.709777653217315674e-02
2.269902825355529785e-02,-2.435481548309326172e-02,-2.771462500095367432e-02
2.277377247810363770e-02,-2.445173263549804688e-02,-2.819333970546722412e-02
2.298745512962341309e-02,-2.453362941741943359e-02,-2.872972190380096436e-02
2.325722575187683105e-02,-2.470564842224121094e-02,-2.937410771846771240e-02
2.346020936965942383e-02,-2.462172508239746094e-02,-2.999751269817352295e-02
2.379569411277770996e-02,-2.452611923217773438e-02,-3.070020675659179688e-02
2.411293983459472656e-02,-2.476036548614501953e-02,-3.121688961982727051e-02
2.424541115760803223e-02,-2.484643459320068359e-02,-3.175938129425048828e-02
2.429097890853881836e-02,-2.480363845825195312e-02,-3.238967061042785645e-02
2.429631352424621582e-02,-2.480995655059814453e-02,-3.304806351661682129e-02
2.406573295593261719e-02,-2.488207817077636719e-02,-3.356830775737762451e-02
2.379566431045532227e-02,-2.489817142486572266e-02,-3.401643037796020508e-02
2.342197299003601074e-02,-2.490627765655517578e-02,-3.435613214969635010e-02
2.303472161293029785e-02,-2.497649192810058594e-02,-3.459338843822479248e-02
2.254989743232727051e-02,-2.498555183410644531e-02,-3.485427796840667725e-02
2.207013964653015137e-02,-2.485585212707519531e-02,-3.504043817520141602e-02
2.170640230178833008e-02,-2.488672733306884766e-02,-3.514455258846282959e-02
2.114522457122802734e-02,-2.480304241180419922e-02,-3.496347367763519287e-02
2.062276005744934082e-02,-2.466297149658203125e-02,-3.476367890834808350e-02
2.019333839416503906e-02,-2.446603775024414062e-02,-3.464369475841522217e-02
1.981750130653381348e-02,-2.408385276794433594e-02,-3.444331884384155273e-02
1.944178342819213867e-02,-2.352380752563476562e-02,-3.431163728237152100e-02
1.902788877487182617e-02,-2.301311492919921875e-02,-3.407202661037445068e-02
1.868876814842224121e-02,-2.253413200378417969e-02,-3.382773697376251221e-02
1.826748251914978027e-02,-2.197718620300292969e-02,-3.354932367801666260e-02
1.775300502777099609e-02,-2.143549919128417969e-02,-3.324237465858459473e-02
1.717442274093627930e-02,-2.078843116760253906e-02,-3.298407793045043945e-02
1.677438616752624512e-02,-2.021074295043945312e-02,-3.280493617057800293e-02
1.636859774589538574e-02,-1.950109004974365234e-02,-3.275625407695770264e-02
1.601544022560119629e-02,-1.893055438995361328e-02,-3.286829590797424316e-02
1.580360531806945801e-02,-1.844525337219238281e-02,-3.288273513317108154e-02
1.571255922317504883e-02,-1.823914051055908203e-02,-3.294119238853454590e-02
1.571390032768249512e-02,-1.828646659851074219e-02,-3.315672278404235840e-02
1.565000414848327637e-02,-1.836872100830078125e-02,-3.336094319820404053e-02
1.561427116394042969e-02,-1.820743083953857422e-02,-3.369873762130737305e-02
1.544991135597229004e-02,-1.809895038604736328e-02,-3.396162390708923340e-02
1.531365513801574707e-02,-1.806128025054931641e-02,-3.417477011680603027e-02
1.511996984481811523e-02,-1.814794540405273438e-02,-3.428030014038085938e-02
1.501107215881347656e-02,-1.831960678100585938e-02,-3.448954224586486816e-02
1.492479443550109863e-02,-1.847004890441894531e-02,-3.464360535144805908e-02
1.480269432067871094e-02,-1.860129833221435547e-02,-3.465789556503295898e-02
1.459828019142150879e-02,-1.887261867523193359e-02,-3.465941548347473145e-02
1.437368988990783691e-02,-1.910841464996337891e-02,-3.462983667850494385e-02
1.414290070533752441e-02,-1.928961277008056641e-02,-3.476823866367340088e-02
1.388183236122131348e-02,-1.925146579742431641e-02,-3.490166366100311279e-02
1.355329155921936035e-02,-1.902985572814941406e-02,-3.498244285583496094e-02
1.318800449371337891e-02,-1.872801780700683594e-02,-3.503620624542236328e-02
1.290008425712585449e-02,-1.846265792846679688e-02,-3.511872887611389160e-02
1.257714629173278809e-02,-1.814675331115722656e-02,-3.509190678596496582e-02
1.243209838867187500e-02,-1.781702041625976562e-02,-3.519131243228912354e-02
1.226598024368286133e-02,-1.746237277984619141e-02,-3.530941903591156006e-02
1.200410723686218262e-02,-1.735413074493408203e-02,-3.545378148555755615e-02
1.185527443885803223e-02,-1.732039451599121094e-02,-3.564967215061187744e-02
1.172265410423278809e-02,-1.737296581268310547e-02,-3.576603531837463379e-02
1.157349348068237305e-02,-1.752436161041259766e-02,-3.572037816047668457e-02
1.144289970397949219e-02,-1.771378517150878906e-02,-3.561457991600036621e-02
1.133459806442260742e-02,-1.788187026977539062e-02,-3.550685942173004150e-02
1.129296422004699707e-02,-1.807117462158203125e-02,-3.539466857910156250e-02
1.127880811691284180e-02,-1.818418502807617188e-02,-3.530709445476531982e-02
1.137408614158630371e-02,-1.825153827667236328e-02,-3.528258204460144043e-02
1.139158010482788086e-02,-1.818764209747314453e-02,-3.522601723670959473e-02
1.158124208450317383e-02,-1.802253723144531250e-02,-3.516004979610443115e-02
1.165321469306945801e-02,-1.789426803588867188e-02,-3.510695695877075195e-02
1.181846857070922852e-02,-1.747858524322509766e-02,-3.532154858112335205e-02
1.199421286582946777e-02,-1.713407039642333984e-02,-3.545708954334259033e-02
1.213464140892028809e-02,-1.679968833923339844e-02,-3.550212085247039795e-02
1.221325993537902832e-02,-1.655328273773193359e-02,-3.550563752651214600e-02
1.231068372726440430e-02,-1.651501655578613281e-02,-3.539662063121795654e-02
1.233029365539550781e-02,-1.654720306396484375e-02,-3.540609776973724365e-02
1.224130392074584961e-02,-1.657032966613769531e-02,-3.537027537822723389e-02
1.207783818244934082e-02,-1.661384105682373047e-02,-3.517842292785644531e-02
1.186382770538330078e-02,-1.660943031311035156e-02,-3.490483760833740234e-02
1.179629564285278320e-02,-1.665759086608886719e-02,-3.468406200408935547e-02
1.168698072433471680e-02,-1.664566993713378906e-02,-3.445319831371307373e-02
1.156273484230041504e-02,-1.668691635131835938e-02,-3.414538502693176270e-02
1.141026616096496582e-02,-1.680946350097656250e-02,-3.377677500247955322e-02
1.120322942733764648e-02,-1.693189144134521484e-02,-3.338675200939178467e-02
1.080456376075744629e-02,-1.724779605865478516e-02,-3.292846679687500000e-02
1.035636663436889648e-02,-1.762413978576660156e-02,-3.250159323215484619e-02
9.934127330780029297e-03,-1.799571514129638672e-02,-3.211970627307891846e-02
9.500175714492797852e-03,-1.819515228271484375e-02,-3.175878524780273438e-02
9.237229824066162109e-03,-1.832485198974609375e-02,-3.146818280220031738e-02
9.120583534240722656e-03,-1.825118064880371094e-02,-3.121995925903320312e-02
9.124815464019775391e-03,-1.804089546203613281e-02,-3.118377923965454102e-02
9.307652711868286133e-03,-1.769483089447021484e-02,-3.131537139415740967e-02
9.476125240325927734e-03,-1.715064048767089844e-02,-3.157067298889160156e-02
9.545326232910156250e-03,-1.637458801269531250e-02,-3.183077275753021240e-02
9.554177522659301758e-03,-1.558947563171386719e-02,-3.182421624660491943e-02
9.486705064773559570e-03,-1.481449604034423828e-02,-3.165864944458007812e-02
9.495198726654052734e-03,-1.417410373687744141e-02,-3.149920701980590820e-02
9.290546178817749023e-03,-1.361536979675292969e-02,-3.129917383193969727e-02
9.191811084747314453e-03,-1.328456401824951172e-02,-3.103592991828918457e-02
9.492337703704833984e-03,-1.297426223754882812e-02,-3.069821000099182129e-02
9.757041931152343750e-03,-1.284825801849365234e-02,-3.032362461090087891e-02
9.972274303436279297e-03,-1.288104057312011719e-02,-2.987836301326751709e-02
1.014253497123718262e-02,-1.310336589813232422e-02,-2.939717471599578857e-02
1.039764285087585449e-02,-1.353597640991210938e-02,-2.885957062244415283e-02
1.058158278465270996e-02,-1.405477523803710938e-02,-2.826973795890808105e-02
1.073864102363586426e-02,-1.457464694976806641e-02,-2.775181829929351807e-02
1.087030768394470215e-02,-1.501190662384033203e-02,-2.721248567104339600e-02
1.096564531326293945e-02,-1.532864570617675781e-02,-2.659806609153747559e-02
1.090449094772338867e-02,-1.552927494049072266e-02,-2.591678500175476074e-02
1.073235273361206055e-02,-1.562964916229248047e-02,-2.541328966617584229e-02
1.055938005447387695e-02,-1.563918590545654297e-02,-2.486295998096466064e-02
1.032459735870361328e-02,-1.557278633117675781e-02,-2.434122562408447266e-02
9.891897439956665039e-03,-1.541638374328613281e-02,-2.384407818317413330e-02
9.389102458953857422e-03,-1.530134677886962891e-02,-2.334380149841308594e-02
8.792817592620849609e-03,-1.520228385925292969e-02,-2.276743948459625244e-02
8.305639028549194336e-03,-1.508128643035888672e-02,-2.222183346748352051e-02
7.878303527832031250e-03,-1.488077640533447266e-02,-2.181011438369750977e-02
7.556110620498657227e-03,-1.470196247100830078e-02,-2.149313688278198242e-02
7.341891527175903320e-03,-1.461744308471679688e-02,-2.137719094753265381e-02
7.191061973571777344e-03,-1.458048820495605469e-02,-2.135780453681945801e-02
7.103294134140014648e-03,-1.469528675079345703e-02,-2.133236825466156006e-02
6.926149129867553711e-03,-1.486766338348388672e-02,-2.114960551261901855e-02
6.626129150390625000e-03,-1.480150222778320312e-02,-2.094715833663940430e-02
6.241202354431152344e-03,-1.470303535461425781e-02,-2.053993940353393555e-02
5.793035030364990234e-03,-1.469027996063232422e-02,-2.007637917995452881e-02
5.453139543533325195e-03,-1.471090316772460938e-02,-1.961086690425872803e-02
5.273163318634033203e-03,-1.472973823547363281e-02,-1.925100386142730713e-02
5.173832178115844727e-03,-1.471138000488281250e-02,-1.889100670814514160e-02
5.149841308593750000e-03,-1.472198963165283203e-02,-1.862007379531860352e-02
5.528718233108520508e-03,-1.486647129058837891e-02,-1.857636868953704834e-02
5.894988775253295898e-03,-1.488602161407470703e-02,-1.856151223182678223e-02
6.204903125762939453e-03,-1.481091976165771484e-02,-1.834110915660858154e-02
6.548136472702026367e-03,-1.457071304321289062e-02,-1.796701550483703613e-02
6.825923919677734375e-03,-1.423442363739013672e-02,-1.751311123371124268e-02
7.100224494934082031e-03,-1.379513740539550781e-02,-1.700831949710845947e-02
7.241398096084594727e-03,-1.320016384124755859e-02,-1.651214063167572021e-02
7.295191287994384766e-03,-1.256823539733886719e-02,-1.603214442729949951e-02
7.241129875183105469e-03,-1.183378696441650391e-02,-1.540343463420867920e-02
7.089257240295410156e-03,-1.109302043914794922e-02,-1.471075415611267090e-02
6.748467683792114258e-03,-1.047587394714355469e-02,-1.407752931118011475e-02
6.390899419784545898e-03,-1.003801822662353516e-02,-1.351313292980194092e-02
6.086945533752441406e-03,-9.741306304931640625e-03,-1.308949291706085205e-02
5.810976028442382812e-03,-9.653329849243164062e-03,-1.281543076038360596e-02
5.651384592056274414e-03,-9.704589843750000000e-03,-1.271186769008636475e-02
5.570501089096069336e-03,-9.891748428344726562e-03,-1.291400194168090820e-02
5.554735660552978516e-03,-1.001262664794921875e-02,-1.326423883438110352e-02
5.515158176422119141e-03,-1.011705398559570312e-02,-1.366323232650756836e-02
5.286157131195068359e-03,-1.000475883483886719e-02,-1.380296051502227783e-02
5.037903785705566406e-03,-9.779095649719238281e-03,-1.375599205493927002e-02
4.897922277450561523e-03,-9.442925453186035156e-03,-1.372769474983215332e-02
4.739373922348022461e-03,-9.013295173645019531e-03,-1.359350979328155518e-02
4.563242197036743164e-03,-8.512377738952636719e-03,-1.329746842384338379e-02
4.391491413116455078e-03,-7.978439331054687500e-03,-1.290115714073181152e-02
4.381924867630004883e-03,-7.456064224243164062e-03,-1.267470419406890869e-02
4.604488611221313477e-03,-6.907582283020019531e-03,-1.261775195598602295e-02
4.885911941528320312e-03,-6.455779075622558594e-03,-1.267397403717041016e-02
5.080342292785644531e-03,-6.212711334228515625e-03,-1.265905797481536865e-02
5.202353000640869141e-03,-6.013154983520507812e-03,-1.263080537319183350e-02
5.287170410156250000e-03,-5.899906158447265625e-03,-1.268593966960906982e-02
5.515754222869873047e-03,-5.764126777648925781e-03,-1.282654702663421631e-02
5.747944116592407227e-03,-5.647420883178710938e-03,-1.296429336071014404e-02
5.719393491744995117e-03,-5.473256111145019531e-03,-1.294398307800292969e-02
5.657762289047241211e-03,-5.311012268066406250e-03,-1.289120316505432129e-02
5.426377058029174805e-03,-5.097031593322753906e-03,-1.276081800460815430e-02
5.163729190826416016e-03,-4.893183708190917969e-03,-1.239304244518280029e-02
4.770129919052124023e-03,-4.662990570068359375e-03,-1.203225553035736084e-02
4.421740770339965820e-03,-4.498720169067382812e-03,-1.176330447196960449e-02
4.030078649520874023e-03,-4.449963569641113281e-03,-1.158335804939270020e-02
3.744870424270629883e-03,-4.393696784973144531e-03,-1.163744926452636719e-02
3.545790910720825195e-03,-4.366993904113769531e-03,-1.178108155727386475e-02
3.430843353271484375e-03,-4.379391670227050781e-03,-1.192606985569000244e-02
3.313630819320678711e-03,-4.446387290954589844e-03,-1.210713386535644531e-02
3.262817859649658203e-03,-4.464149475097656250e-03,-1.222689449787139893e-02
3.189235925674438477e-03,-4.420638084411621094e-03,-1.227065920829772949e-02
3.107726573944091797e-03,-4.256606101989746094e-03,-1.223324239253997803e-02
3.024399280548095703e-03,-3.964781761169433594e-03,-1.208972930908203125e-02
2.930045127868652344e-03,-3.636598587036132812e-03,-1.185661554336547852e-02
2.950221300125122070e-03,-3.310441970825195312e-03,-1.168225705623626709e-02
3.013700246810913086e-03,-3.039002418518066406e-03,-1.159238815307617188e-02
3.269672393798828125e-03,-2.801895141601562500e-03,-1.173266768455505371e-02
3.596007823944091797e-03,-2.612352371215820312e-03,-1.182857155799865723e-02
3.944575786590576172e-03,-2.495288848876953125e-03,-1.193842291831970215e-02
4.254847764968872070e-03,-2.308011054992675781e-03,-1.198765635490417480e-02
4.508435726165771484e-03,-2.037763595581054688e-03,-1.201964914798736572e-02
4.692196846008300781e-03,-1.741647720336914062e-03,-1.197585463523864746e-02
4.853725433349609375e-03,-1.361846923828125000e-03,-1.196771860122680664e-02
5.315035581588745117e-03,-1.026511192321777344e-03,-1.190005242824554443e-02
5.512803792953491211e-03,-6.798505783081054688e-04,-1.162216067314147949e-02
6.242632865905761719e-03,-2.081394195556640625e-04,-1.186634600162506104e-02
6.652951240539550781e-03,2.449750900268554688e-04,-1.193021237850189209e-02
6.850600242614746094e-03,5.992650985717773438e-04,-1.185889542102813721e-02
6.859719753265380859e-03,9.458065032958984375e-04,-1.163105666637420654e-02
6.587058305740356445e-03,1.184582710266113281e-03,-1.128153502941131592e-02
6.261229515075683594e-03,1.318216323852539062e-03,-1.085394620895385742e-02
5.949348211288452148e-03,1.334905624389648438e-03,-1.038488745689392090e-02
5.654782056808471680e-03,1.219272613525390625e-03,-9.994760155677795410e-03
5.364686250686645508e-03,9.331703186035156250e-04,-9.644940495491027832e-03
5.143254995346069336e-03,5.561113357543945312e-04,-9.315669536590576172e-03
4.972577095031738281e-03,1.009702682495117188e-04,-9.149566292762756348e-03
4.810303449630737305e-03,-3.889799118041992188e-04,-9.037569165229797363e-03
4.670053720474243164e-03,-7.482767105102539062e-04,-8.981272578239440918e-03
4.490077495574951172e-03,-1.023530960083007812e-03,-8.855730295181274414e-03
4.298061132431030273e-03,-1.241803169250488281e-03,-8.720576763153076172e-03
4.046916961669921875e-03,-1.311182975769042969e-03,-8.502110838890075684e-03
3.739953041076660156e-03,-1.225233078002929688e-03,-8.219853043556213379e-03
3.455698490142822266e-03,-1.104474067687988281e-03,-7.894501090049743652e-03
3.225624561309814453e-03,-9.267330169677734375e-04,-7.583305239677429199e-03
3.039747476577758789e-03,-7.709264755249023438e-04,-7.277950644493103027e-03
2.942860126495361328e-03,-7.190704345703125000e-04,-7.040768861770629883e-03
3.142863512039184570e-03,-7.972717285156250000e-04,-7.021561264991760254e-03
3.370404243469238281e-03,-9.104013442993164062e-04,-7.225230336189270020e-03
3.598362207412719727e-03,-1.079797744750976562e-03,-7.506817579269409180e-03
3.755182027816772461e-03,-1.192808151245117188e-03,-7.754474878311157227e-03
3.866285085678100586e-03,-1.227021217346191406e-03,-7.897555828094482422e-03
3.839403390884399414e-03,-1.236557960510253906e-03,-7.959082722663879395e-03
3.640323877334594727e-03,-1.120328903198242188e-03,-7.918134331703186035e-03
3.352880477905273438e-03,-9.640455245971679688e-04,-7.707700133323669434e-03
3.075659275054931641e-03,-8.237361907958984375e-04,-7.541611790657043457e-03
2.888172864913940430e-03,-7.139444351196289062e-04,-7.435604929924011230e-03
2.775192260742187500e-03,-7.011890411376953125e-04,-7.436096668243408203e-03
2.759397029876708984e-03,-7.801055908203125000e-04,-7.513567805290222168e-03
2.877861261367797852e-03,-8.651018142700195312e-04,-7.723122835159301758e-03
3.015398979187011719e-03,-9.207725524902343750e-04,-7.953658699989318848e-03
3.250807523727416992e-03,-8.518695831298828125e-04,-8.245527744293212891e-03
3.484457731246948242e-03,-6.908178329467773438e-04,-8.552268147468566895e-03
3.694474697113037109e-03,-3.827810287475585938e-04,-8.818000555038452148e-03
3.802180290222167969e-03,-2.074241638183593750e-05,-9.070664644241333008e-03
3.885865211486816406e-03,2.944469451904296875e-04,-9.284764528274536133e-03
3.913789987564086914e-03,5.893707275390625000e-04,-9.516656398773193359e-03
3.924041986465454102e-03,8.338689804077148438e-04,-9.683772921562194824e-03
3.894656896591186523e-03,1.024365425109863281e-03,-9.762749075889587402e-03
3.799706697463989258e-03,1.226305961608886719e-03,-9.760290384292602539e-03
3.671050071716308594e-03,1.282334327697753906e-03,-9.661033749580383301e-03
3.553539514541625977e-03,1.232028007507324219e-03,-9.578436613082885742e-03
3.483742475509643555e-03,1.113295555114746094e-03,-9.500399231910705566e-03
3.447622060775756836e-03,9.992122650146484375e-04,-9.451329708099365234e-03
3.477752208709716797e-03,8.765459060668945312e-04,-9.510442614555358887e-03
3.530859947204589844e-03,8.025169372558593750e-04,-9.642273187637329102e-03
3.529340028762817383e-03,8.769035339355468750e-04,-9.724348783493041992e-03
3.463327884674072266e-03,1.014947891235351562e-03,-9.760469198226928711e-03
3.325700759887695312e-03,1.164674758911132812e-03,-9.720429778099060059e-03
3.175735473632812500e-03,1.289725303649902344e-03,-9.611263871192932129e-03
2.998352050781250000e-03,1.266598701477050781e-03,-9.376391768455505371e-03
2.818495035171508789e-03,1.148581504821777344e-03,-9.105831384658813477e-03
2.602249383926391602e-03,1.007437705993652344e-03,-8.823335170745849609e-03
2.396464347839355469e-03,7.470846176147460938e-04,-8.583351969718933105e-03
2.218335866928100586e-03,4.289150238037109375e-04,-8.373811841011047363e-03
2.063244581222534180e-03,9.000301361083984375e-05,-8.180767297744750977e-03
1.966595649719238281e-03,-1.218318939208984375e-04,-8.012846112251281738e-03
1.956850290298461914e-03,-1.927614212036132812e-04,-7.928520441055297852e-03
1.969546079635620117e-03,-1.095533370971679688e-04,-7.849544286727905273e-03
2.037286758422851562e-03,6.783008575439453125e-05,-7.796883583068847656e-03
2.173870801925659180e-03,2.950429916381835938e-04,-7.825449109077453613e-03
2.355426549911499023e-03,5.041360855102539062e-04,-7.852911949157714844e-03
2.595156431198120117e-03,6.341934204101562500e-04,-7.931306958198547363e-03
2.848893404006958008e-03,7.039308547973632812e-04,-8.132547140121459961e-03
3.097802400588989258e-03,6.730556488037109375e-04,-8.348077535629272461e-03
3.420710563659667969e-03,5.626678466796875000e-04,-8.646830916404724121e-03
3.727287054061889648e-03,4.369020462036132812e-04,-8.944913744926452637e-03
4.050254821777343750e-03,2.555847167968750000e-04,-9.220167994499206543e-03
4.305273294448852539e-03,9.572505950927734375e-05,-9.416341781616210938e-03
4.457324743270874023e-03,1.597404479980468750e-05,-9.473651647567749023e-03
4.534333944320678711e-03,3.576278686523437500e-07,-9.433418512344360352e-03
4.541188478469848633e-03,4.482269287109375000e-05,-9.297594428062438965e-03
4.554688930511474609e-03,6.008148193359375000e-05,-9.112656116485595703e-03
4.553437232971191406e-03,1.311302185058593750e-04,-8.994609117507934570e-03
4.515975713729858398e-03,2.809762954711914062e-04,-9.029611945152282715e-03
4.599153995513916016e-03,4.665851593017578125e-04,-9.213224053382873535e-03
4.737883806228637695e-03,6.717443466186523438e-04,-9.495764970779418945e-03
4.888772964477539062e-03,8.072853088378906250e-04,-9.874790906906127930e-03
5.015134811401367188e-03,8.839368820190429688e-04,-1.033154129981994629e-02
5.086064338684082031e-03,9.007453918457031250e-04,-1.075053215026855469e-02
5.056321620941162109e-03,8.533000946044921875e-04,-1.094885170459747314e-02
4.957079887390136719e-03,7.734298706054687500e-04,-1.095177233219146729e-02
4.753768444061279297e-03,6.400346755981445312e-04,-1.076775789260864258e-02
4.471063613891601562e-03,4.997253417968750000e-04,-1.044817268848419189e-02
4.275888204574584961e-03,3.454685211181640625e-04,-1.050831377506256104e-02
3.972202539443969727e-03,1.938343048095703125e-04,-1.044087111949920654e-02
3.571301698684692383e-03,1.800060272216796875e-05,-1.018638908863067627e-02
3.101885318756103516e-03,-1.890659332275390625e-04,-9.791836142539978027e-03
2.560526132583618164e-03,-4.718303680419921875e-04,-9.325504302978515625e-03
1.942336559295654297e-03,-8.077621459960937500e-04,-8.730977773666381836e-03
1.420080661773681641e-03,-1.108169555664062500e-03,-8.142307400703430176e-03
1.025348901748657227e-03,-1.314401626586914062e-03,-7.642298936843872070e-03
7.261931896209716797e-04,-1.515746116638183594e-03,-7.249847054481506348e-03
5.878210067749023438e-04,-1.594424247741699219e-03,-6.899550557136535645e-03
6.035864353179931641e-04,-1.584291458129882812e-03,-6.641685962677001953e-03
7.108151912689208984e-04,-1.480221748352050781e-03,-6.515905261039733887e-03
8.924007415771484375e-04,-1.377701759338378906e-03,-6.465122103691101074e-03
1.113057136535644531e-03,-1.199722290039062500e-03,-6.477609276771545410e-03
1.475632190704345703e-03,-1.008629798889160156e-03,-6.528779864311218262e-03
1.804262399673461914e-03,-8.245706558227539062e-04,-6.517395377159118652e-03
2.128362655639648438e-03,-6.643533706665039062e-04,-6.530568003654479980e-03
2.412229776382446289e-03,-6.003379821777343750e-04,-6.507918238639831543e-03
2.784073352813720703e-03,-6.002187728881835938e-04,-6.571516394615173340e-03
3.074645996093750000e-03,-7.010698318481445312e-04,-6.636038422584533691e-03
3.244251012802124023e-03,-7.908344268798828125e-04,-6.660863757133483887e-03
3.360629081726074219e-03,-8.180141448974609375e-04,-6.709411740303039551e-03
3.454864025115966797e-03,-8.188486099243164062e-04,-6.734207272529602051e-03
3.475934267044067383e-03,-7.839202880859375000e-04,-6.795361638069152832e-03
3.509730100631713867e-03,-6.842613220214843750e-04,-6.892427802085876465e-03
3.532141447067260742e-03,-5.240440368652343750e-04,-7.035568356513977051e-03
3.544807434082031250e-03,-3.213882446289062500e-04,-7.180631160736083984e-03
3.566145896911621094e-03,-1.832246780395507812e-04,-7.333651185035705566e-03
3.564298152923583984e-03,-9.596347808837890625e-05,-7.482245564460754395e-03
3.651946783065795898e-03,2.920627593994140625e-05,-7.662191987037658691e-03
3.712356090545654297e-03,6.508827209472656250e-05,-7.778406143188476562e-03
3.723263740539550781e-03,5.328655242919921875e-05,-7.894262671470642090e-03
3.739416599273681641e-03,2.491474151611328125e-05,-7.967934012413024902e-03
3.732383251190185547e-03,3.218650817871093750e-06,-8.063554763793945312e-03
3.763020038604736328e-03,-6.437301635742187500e-06,-8.256331086158752441e-03
3.775775432586669922e-03,-4.899501800537109375e-05,-8.435487747192382812e-03
3.834962844848632812e-03,-5.900859832763671875e-05,-8.597046136856079102e-03
3.924548625946044922e-03,-3.397464752197265625e-05,-8.841723203659057617e-03
4.055857658386230469e-03,-2.825260162353515625e-05,-9.076982736587524414e-03
4.159539937973022461e-03,3.719329833984375000e-05,-9.280815720558166504e-03
4.208803176879882812e-03,1.053810119628906250e-04,-9.452760219573974609e-03
4.277646541595458984e-03,1.443624496459960938e-04,-9.632289409637451172e-03
4.374921321868896484e-03,1.449584960937500000e-04,-9.826257824897766113e-03
4.459381103515625000e-03,1.344680786132812500e-04,-9.954303503036499023e-03
4.469424486160278320e-03,2.151727676391601562e-04,-1.000481843948364258e-02
4.426419734954833984e-03,3.850460052490234375e-04,-9.988650679588317871e-03
4.353255033493041992e-03,5.693435668945312500e-04,-9.952738881111145020e-03
4.256039857864379883e-03,7.321834564208984375e-04,-9.847164154052734375e-03
4.153043031692504883e-03,9.546279907226562500e-04,-9.771853685379028320e-03
4.048973321914672852e-03,1.178026199340820312e-03,-9.685888886451721191e-03
3.928393125534057617e-03,1.277327537536621094e-03,-9.688079357147216797e-03
3.819733858108520508e-03,1.288771629333496094e-03,-9.729936718940734863e-03
3.693699836730957031e-03,1.272559165954589844e-03,-9.829431772232055664e-03
3.603488206863403320e-03,1.160144805908203125e-03,-1.001255214214324951e-02
3.506422042846679688e-03,9.738206863403320312e-04,-1.009891927242279053e-02
3.423988819122314453e-03,7.529258728027343750e-04,-1.019154489040374756e-02
3.357529640197753906e-03,5.190372467041015625e-04,-1.022577285766601562e-02
3.370046615600585938e-03,4.084110260009765625e-04,-1.028715074062347412e-02
3.327161073684692383e-03,3.122091293334960938e-04,-1.021474599838256836e-02
3.209441900253295898e-03,2.073049545288085938e-04,-1.021872460842132568e-02
3.075152635574340820e-03,6.401538848876953125e-05,-1.013210415840148926e-02
2.971649169921875000e-03,-7.784366607666015625e-05,-1.002264022827148438e-02
2.929836511611938477e-03,-2.537965774536132812e-04,-9.932711720466613770e-03
2.898842096328735352e-03,-4.764795303344726562e-04,-9.842559695243835449e-03
2.957075834274291992e-03,-6.901025772094726562e-04,-9.847983717918395996e-03
3.043323755264282227e-03,-8.025169372558593750e-04,-9.855046868324279785e-03
3.185659646987915039e-03,-7.638931274414062500e-04,-9.949222207069396973e-03
3.375977277755737305e-03,-6.662607192993164062e-04,-1.012709736824035645e-02
3.573954105377197266e-03,-4.307031631469726562e-04,-1.029992103576660156e-02
3.752559423446655273e-03,-1.479387283325195312e-04,-1.045022904872894287e-02
3.915548324584960938e-03,1.025199890136718750e-04,-1.060013473033905029e-02
4.075735807418823242e-03,3.340244293212890625e-04,-1.063740253448486328e-02
4.174798727035522461e-03,4.676580429077148438e-04,-1.057672500610351562e-02
4.211187362670898438e-03,4.732608795166015625e-04,-1.043099164962768555e-02
4.235357046127319336e-03,4.343986511230468750e-04,-1.023925840854644775e-02
4.221677780151367188e-03,3.260374069213867188e-04,-1.001305878162384033e-02
4.115819931030273438e-03,1.935958862304687500e-04,-9.745851159095764160e-03
4.067003726959228516e-03,5.507469177246093750e-05,-9.482979774475097656e-03
3.997236490249633789e-03,-3.707408905029296875e-05,-9.231224656105041504e-03
3.885626792907714844e-03,-1.251697540283203125e-04,-8.994057774543762207e-03
3.778398036956787109e-03,-1.052618026733398438e-04,-8.805841207504272461e-03
3.744482994079589844e-03,-2.050399780273437500e-05,-8.727848529815673828e-03
3.715336322784423828e-03,1.404285430908203125e-04,-8.753851056098937988e-03
3.730833530426025391e-03,3.085136413574218750e-04,-8.879184722900390625e-03
3.783583641052246094e-03,4.386901855468750000e-04,-8.993357419967651367e-03
3.834664821624755859e-03,5.288124084472656250e-04,-9.051859378814697266e-03
3.896296024322509766e-03,5.455017089843750000e-04,-9.079471230506896973e-03
3.973484039306640625e-03,4.734992980957031250e-04,-9.097203612327575684e-03
4.032433032989501953e-03,2.886056900024414062e-04,-9.073585271835327148e-03
4.113525152206420898e-03,1.113414764404296875e-04,-9.042710065841674805e-03
4.175364971160888672e-03,-1.032352447509765625e-04,-9.027406573295593262e-03
4.213333129882812500e-03,-3.097057342529296875e-04,-8.976578712463378906e-03
4.189163446426391602e-03,-4.596710205078125000e-04,-9.003579616546630859e-03
4.145741462707519531e-03,-5.539655685424804688e-04,-9.061798453330993652e-03
4.083156585693359375e-03,-6.172657012939453125e-04,-9.055912494659423828e-03
4.044026136398315430e-03,-6.462335586547851562e-04,-9.055972099304199219e-03
4.001826047897338867e-03,-6.934404373168945312e-04,-9.068340063095092773e-03
3.973156213760375977e-03,-7.792711257934570312e-04,-9.074211120605468750e-03
3.908872604370117188e-03,-8.877515792846679688e-04,-9.068742394447326660e-03
3.856182098388671875e-03,-1.050710678100585938e-03,-9.071931242942810059e-03
3.814041614532470703e-03,-1.213908195495605469e-03,-9.036213159561157227e-03
3.790855407714843750e-03,-1.348018646240234375e-03,-8.916407823562622070e-03
3.793627023696899414e-03,-1.397848129272460938e-03,-8.853793144226074219e-03
3.743171691894531250e-03,-1.347541809082031250e-03,-8.808657526969909668e-03
3.749489784240722656e-03,-1.287102699279785156e-03,-8.817344903945922852e-03
3.811299800872802734e-03,-1.160979270935058594e-03,-8.839339017868041992e-03
3.920942544937133789e-03,-9.516477584838867188e-04,-8.936032652854919434e-03
4.018902778625488281e-03,-7.220506668090820312e-04,-9.080171585083007812e-03
4.147410392761230469e-03,-5.387067794799804688e-04,-9.233117103576660156e-03
4.174083471298217773e-03,-3.653764724731445312e-04,-9.295746684074401855e-03
4.161179065704345703e-03,-2.059936523437500000e-04,-9.305104613304138184e-03
4.057824611663818359e-03,-5.531311035156250000e-05,-9.241178631782531738e-03
3.892838954925537109e-03,9.584426879882812500e-05,-9.109005331993103027e-03
3.681421279907226562e-03,2.459287643432617188e-04,-8.952736854553222656e-03
3.473907709121704102e-03,4.135370254516601562e-04,-8.842065930366516113e-03
3.366649150848388672e-03,5.263090133666992188e-04,-8.736878633499145508e-03
3.356546163558959961e-03,6.638765335083007812e-04,-8.634150028228759766e-03
3.341048955917358398e-03,6.943941116333007812e-04,-8.594527840614318848e-03
3.358453512191772461e-03,6.144046783447265625e-04,-8.610591292381286621e-03
3.501951694488525391e-03,4.841089248657226562e-04,-8.658066391944885254e-03
3.624230623245239258e-03,3.162622451782226562e-04,-8.712098002433776855e-03
3.722757101058959961e-03,1.574754714965820312e-04,-8.725091814994812012e-03
3.810733556747436523e-03,3.635883331298828125e-05,-8.736014366149902344e-03
3.815233707427978516e-03,3.457069396972656250e-06,-8.682161569595336914e-03
3.797084093093872070e-03,-1.931190490722656250e-05,-8.561328053474426270e-03
3.760784864425659180e-03,-6.389617919921875000e-05,-8.449539542198181152e-03
3.777891397476196289e-03,-1.428127288818359375e-04,-8.346110582351684570e-03
3.799319267272949219e-03,-1.852512359619140625e-04,-8.271381258964538574e-03
3.858149051666259766e-03,-1.949071884155273438e-04,-8.242920041084289551e-03
3.955364227294921875e-03,-2.340078353881835938e-04,-8.270278573036193848e-03
4.055738449096679688e-03,-2.959966659545898438e-04,-8.344650268554687500e-03
4.158705472946166992e-03,-3.730058670043945312e-04,-8.435562252998352051e-03
4.225462675094604492e-03,-4.202127456665039062e-04,-8.490830659866333008e-03
4.303246736526489258e-03,-4.470348358154296875e-04,-8.574530482292175293e-03
4.296958446502685547e-03,-5.081892013549804688e-04,-8.677944540977478027e-03
4.234611988067626953e-03,-6.012916564941406250e-04,-8.792221546173095703e-03
4.175245761871337891e-03,-6.046295166015625000e-04,-8.900895714759826660e-03
4.070252180099487305e-03,-5.562305450439453125e-04,-9.038642048835754395e-03
4.002153873443603516e-03,-4.547834396362304688e-04,-9.172588586807250977e-03
3.882974386215209961e-03,-3.436803817749023438e-04,-9.247779846191406250e-03
3.730922937393188477e-03,-3.324747085571289062e-04,-9.341165423393249512e-03
3.603696823120117188e-03,-3.280639648437500000e-04,-9.413599967956542969e-03
3.499090671539306641e-03,-3.460645675659179688e-04,-9.491443634033203125e-03
3.453582525253295898e-03,-3.620386123657226562e-04,-9.610474109649658203e-03
3.415256738662719727e-03,-4.254579544067382812e-04,-9.704738855361938477e-03
3.442168235778808594e-03,-4.781484603881835938e-04,-9.797573089599609375e-03
3.436148166656494141e-03,-4.718303680419921875e-04,-9.758532047271728516e-03
3.407537937164306641e-03,-4.281997680664062500e-04,-9.643778204917907715e-03
3.379434347152709961e-03,-3.908872604370117188e-04,-9.558111429214477539e-03
3.383755683898925781e-03,-3.173351287841796875e-04,-9.495198726654052734e-03
3.395915031433105469e-03,-1.795291900634765625e-04,-9.416908025741577148e-03
3.444880247116088867e-03,-7.832050323486328125e-05,-9.446710348129272461e-03
3.475636243820190430e-03,1.108646392822265625e-05,-9.550154209136962891e-03
3.617972135543823242e-03,2.312660217285156250e-05,-9.708449244499206543e-03
3.740936517715454102e-03,-5.292892456054687500e-05,-9.854927659034729004e-03
3.819465637207031250e-03,-9.703636169433593750e-05,-9.895086288452148438e-03
3.894299268722534180e-03,-1.292228698730468750e-04,-9.954705834388732910e-03
3.900349140167236328e-03,-1.366138458251953125e-04,-9.939417243003845215e-03
3.911405801773071289e-03,-1.004934310913085938e-04,-9.904056787490844727e-03
3.871917724609375000e-03,-9.310245513916015625e-05,-9.817317128181457520e-03
3.793358802795410156e-03,-2.264976501464843750e-05,-9.710684418678283691e-03
3.690272569656372070e-03,2.968311309814453125e-05,-9.569302201271057129e-03
3.616541624069213867e-03,2.634525299072265625e-05,-9.452134370803833008e-03
3.597348928451538086e-03,-1.192092895507812500e-05,-9.394764900207519531e-03
3.537237644195556641e-03,-7.736682891845703125e-05,-9.373962879180908203e-03
3.480464220046997070e-03,-1.536607742309570312e-04,-9.382694959640502930e-03
3.464996814727783203e-03,-2.372264862060546875e-04,-9.418264031410217285e-03
3.449678421020507812e-03,-2.652406692504882812e-04,-9.453669190406799316e-03
3.403782844543457031e-03,-2.650022506713867188e-04,-9.509056806564331055e-03
3.425717353820800781e-03,-2.524852752685546875e-04,-9.641781449317932129e-03
3.432035446166992188e-03,-1.745223999023437500e-04,-9.736597537994384766e-03
3.389626741409301758e-03,-7.057189941406250000e-05,-9.750530123710632324e-03
3.312647342681884766e-03,3.695487976074218750e-05,-9.731203317642211914e-03
3.190219402313232422e-03,1.538991928100585938e-04,-9.701654314994812012e-03
3.088414669036865234e-03,3.193616867065429688e-04,-9.716868400573730469e-03
3.017365932464599609e-03,6.033182144165039062e-04,-1.002992689609527588e-02
2.872139215469360352e-03,8.915662765502929688e-04,-1.034581661224365234e-02
2.728670835494995117e-03,1.168727874755859375e-03,-1.067486405372619629e-02
2.602964639663696289e-03,1.425743103027343750e-03,-1.098269224166870117e-02
2.490520477294921875e-03,1.661062240600585938e-03,-1.120635867118835449e-02
2.377808094024658203e-03,1.764297485351562500e-03,-1.131986081600189209e-02
2.247154712677001953e-03,1.805543899536132812e-03,-1.133669912815093994e-02
2.115637063980102539e-03,1.801729202270507812e-03,-1.126785576343536377e-02
1.931935548782348633e-03,1.692652702331542969e-03,-1.113861799240112305e-02
1.783460378646850586e-03,1.475930213928222656e-03,-1.095423102378845215e-02
1.690268516540527344e-03,1.211166381835937500e-03,-1.075357198715209961e-02
1.643598079681396484e-03,9.099245071411132812e-04,-1.060117781162261963e-02
1.639544963836669922e-03,6.500482559204101562e-04,-1.044926047325134277e-02
1.688241958618164062e-03,5.056858062744140625e-04,-1.042899489402770996e-02
1.819282770156860352e-03,4.123449325561523438e-04,-1.041750609874725342e-02
2.005994319915771484e-03,4.171133041381835938e-04,-1.046584546566009521e-02
2.234876155853271484e-03,4.323720932006835938e-04,-1.051203906536102295e-02
2.474606037139892578e-03,4.805326461791992188e-04,-1.059727370738983154e-02
2.738296985626220703e-03,5.326271057128906250e-04,-1.066298782825469971e-02
2.967476844787597656e-03,5.817413330078125000e-04,-1.064918935298919678e-02
3.187507390975952148e-03,5.837678909301757812e-04,-1.061134040355682373e-02
3.348141908645629883e-03,5.984306335449218750e-04,-1.059965789318084717e-02
3.506451845169067383e-03,5.019903182983398438e-04,-1.055473089218139648e-02
3.653556108474731445e-03,4.209280014038085938e-04,-1.048113405704498291e-02
3.837615251541137695e-03,3.163814544677734375e-04,-1.041787862777709961e-02
3.997892141342163086e-03,2.089738845825195312e-04,-1.032879948616027832e-02
4.134774208068847656e-03,9.512901306152343750e-05,-1.024979352951049805e-02
4.254907369613647461e-03,-2.717971801757812500e-05,-1.015011966228485107e-02
4.363179206848144531e-03,-8.857250213623046875e-05,-1.012252271175384521e-02
4.437297582626342773e-03,-1.653432846069335938e-04,-1.008763909339904785e-02
4.479765892028808594e-03,-1.767873764038085938e-04,-1.006272435188293457e-02
4.507571458816528320e-03,-2.002716064453125000e-04,-1.002542674541473389e-02
4.526615142822265625e-03,-2.019405364990234375e-04,-9.975120425224304199e-03
4.564255475997924805e-03,-1.860857009887695312e-04,-9.963706135749816895e-03
4.527390003204345703e-03,-1.890659332275390625e-04,-9.890750050544738770e-03
4.466593265533447266e-03,-1.701116561889648438e-04,-9.794801473617553711e-03
4.338294267654418945e-03,-1.434087753295898438e-04,-9.695217013359069824e-03
4.203021526336669922e-03,-1.497268676757812500e-04,-9.596019983291625977e-03
4.083096981048583984e-03,-1.945495605468750000e-04,-9.468540549278259277e-03
4.018723964691162109e-03,-3.455877304077148438e-04,-9.402856230735778809e-03
3.955990076065063477e-03,-5.109310150146484375e-04,-9.352907538414001465e-03
3.832548856735229492e-03,-6.933212280273437500e-04,-9.327352046966552734e-03
3.743886947631835938e-03,-7.991790771484375000e-04,-9.337887167930603027e-03
3.624349832534790039e-03,-8.047819137573242188e-04,-9.360790252685546875e-03
3.525704145431518555e-03,-7.801055908203125000e-04,-9.392768144607543945e-03
3.420621156692504883e-03,-6.959438323974609375e-04,-9.353592991828918457e-03
3.349244594573974609e-03,-6.445646286010742188e-04,-9.308859705924987793e-03
3.325819969177246094e-03,-6.757974624633789062e-04,-9.303182363510131836e-03
3.351449966430664062e-03,-8.022785186767578125e-04,-9.314060211181640625e-03
3.369867801666259766e-03,-1.005887985229492188e-03,-9.275734424591064453e-03
3.417164087295532227e-03,-1.229882240295410156e-03,-9.198084473609924316e-03
3.465354442596435547e-03,-1.422286033630371094e-03,-9.102225303649902344e-03
3.420591354370117188e-03,-1.594543457031250000e-03,-8.994728326797485352e-03
3.399878740310668945e-03,-1.651048660278320312e-03,-8.937641978263854980e-03
3.435850143432617188e-03,-1.669645309448242188e-03,-8.911773562431335449e-03
3.516137599945068359e-03,-1.647472381591796875e-03,-8.951559662818908691e-03
3.614544868469238281e-03,-1.560091972351074219e-03,-8.962586522102355957e-03
3.726899623870849609e-03,-1.472234725952148438e-03,-8.984193205833435059e-03
3.835827112197875977e-03,-1.314043998718261719e-03,-9.077653288841247559e-03
3.967523574829101562e-03,-1.198649406433105469e-03,-9.174659848213195801e-03
4.058539867401123047e-03,-1.099944114685058594e-03,-9.265169501304626465e-03
4.130274057388305664e-03,-1.053333282470703125e-03,-9.354099631309509277e-03
4.167675971984863281e-03,-1.062154769897460938e-03,-9.391263127326965332e-03
4.195839166641235352e-03,-1.083970069885253906e-03,-9.414970874786376953e-03
4.225432872772216797e-03,-1.124978065490722656e-03,-9.426817297935485840e-03
4.245132207870483398e-03,-1.216650009155273438e-03,-9.468793869018554688e-03
4.247546195983886719e-03,-1.265287399291992188e-03,-9.491533041000366211e-03
4.245579242706298828e-03,-1.223802566528320312e-03,-9.589150547981262207e-03
4.296272993087768555e-03,-1.125454902648925781e-03,-9.644180536270141602e-03
4.318326711654663086e-03,-1.060128211975097656e-03,-9.682223200798034668e-03
4.344016313552856445e-03,-9.624958038330078125e-04,-9.707510471343994141e-03
4.293322563171386719e-03,-8.206367492675781250e-04,-9.660780429840087891e-03
4.264712333679199219e-03,-7.137060165405273438e-04,-9.619966149330139160e-03
4.205197095870971680e-03,-6.433725357055664062e-04,-9.559720754623413086e-03
4.152745008468627930e-03,-6.219148635864257812e-04,-9.486794471740722656e-03
4.083544015884399414e-03,-6.062984466552734375e-04,-9.423196315765380859e-03
3.994643688201904297e-03,-6.301403045654296875e-04,-9.384214878082275391e-03
3.890573978424072266e-03,-6.591081619262695312e-04,-9.322866797447204590e-03
3.802001476287841797e-03,-6.562471389770507812e-04,-9.276360273361206055e-03
3.737539052963256836e-03,-6.076097488403320312e-04,-9.274080395698547363e-03
3.675609827041625977e-03,-5.871057510375976562e-04,-9.285569190979003906e-03
3.627926111221313477e-03,-5.842447280883789062e-04,-9.332463145256042480e-03
3.633797168731689453e-03,-5.544424057006835938e-04,-9.483784437179565430e-03
3.650754690170288086e-03,-5.048513412475585938e-04,-9.613111615180969238e-03
3.667861223220825195e-03,-4.810094833374023438e-04,-9.730070829391479492e-03
3.687322139739990234e-03,-4.618167877197265625e-04,-9.793877601623535156e-03
3.673285245895385742e-03,-4.848241806030273438e-04,-9.806275367736816406e-03
3.668189048767089844e-03,-5.078315734863281250e-04,-9.813413023948669434e-03
3.649353981018066406e-03,-5.222558975219726562e-04,-9.791538119316101074e-03
3.662437200546264648e-03,-5.465745925903320312e-04,-9.741380810737609863e-03
3.666639328002929688e-03,-5.704164505004882812e-04,-9.697049856185913086e-03
3.657251596450805664e-03,-5.552768707275390625e-04,-9.608373045921325684e-03
3.674089908599853516e-03,-5.149841308593750000e-04,-9.529307484626770020e-03
3.729224205017089844e-03,-5.006790161132812500e-04,-9.491786360740661621e-03
3.867834806442260742e-03,-4.818439483642578125e-04,-9.577155113220214844e-03
4.016727209091186523e-03,-5.136728286743164062e-04,-9.692832827568054199e-03
4.214853048324584961e-03,-5.452632904052734375e-04,-9.824976325035095215e-03
4.368841648101806641e-03,-5.531311035156250000e-04,-9.975463151931762695e-03
4.477322101593017578e-03,-5.086660385131835938e-04,-1.010751724243164062e-02
4.553616046905517578e-03,-4.278421401977539062e-04,-1.024611294269561768e-02
4.574030637741088867e-03,-3.572702407836914062e-04,-1.038742065429687500e-02
4.576593637466430664e-03,-3.087520599365234375e-04,-1.054567098617553711e-02
4.613608121871948242e-03,-3.122091293334960938e-04,-1.071323454380035400e-02
4.628628492355346680e-03,-3.652572631835937500e-04,-1.083555817604064941e-02
4.582345485687255859e-03,-4.521608352661132812e-04,-1.089017093181610107e-02
4.514694213867187500e-03,-5.750656127929687500e-04,-1.089549064636230469e-02
4.415214061737060547e-03,-6.879568099975585938e-04,-1.087526977062225342e-02
4.302918910980224609e-03,-7.823705673217773438e-04,-1.085588335990905762e-02
4.181236028671264648e-03,-8.385181427001953125e-04,-1.081721484661102295e-02
4.011601209640502930e-03,-8.405447006225585938e-04,-1.077575981616973877e-02
3.855973482131958008e-03,-8.107423782348632812e-04,-1.073406636714935303e-02
3.683358430862426758e-03,-7.978677749633789062e-04,-1.067943871021270752e-02
3.518968820571899414e-03,-7.330179214477539062e-04,-1.061099767684936523e-02
3.413140773773193359e-03,-6.747245788574218750e-04,-1.056668162345886230e-02
3.313452005386352539e-03,-5.992650985717773438e-04,-1.052148640155792236e-02
3.211051225662231445e-03,-5.176067352294921875e-04,-1.046217978000640869e-02
3.162235021591186523e-03,-4.863739013671875000e-04,-1.042258739471435547e-02
3.146022558212280273e-03,-5.613565444946289062e-04,-1.039303839206695557e-02
3.137230873107910156e-03,-6.581544876098632812e-04,-1.035214960575103760e-02
3.166884183883666992e-03,-7.201433181762695312e-04,-1.035122573375701904e-02
3.196388483047485352e-03,-7.165670394897460938e-04,-1.032750308513641357e-02
3.289103507995605469e-03,-6.951093673706054688e-04,-1.029680669307708740e-02
3.387391567230224609e-03,-6.697177886962890625e-04,-1.029077172279357910e-02
3.469944000244140625e-03,-6.375312805175781250e-04,-1.029857993125915527e-02
3.575295209884643555e-03,-5.576610565185546875e-04,-1.031416654586791992e-02
3.639489412307739258e-03,-4.914999008178710938e-04,-1.040913164615631104e-02
3.733694553375244141e-03,-4.616975784301757812e-04,-1.049439609050750732e-02
3.819525241851806641e-03,-4.419088363647460938e-04,-1.053214073181152344e-02
3.937691450119018555e-03,-4.585981369018554688e-04,-1.054261624813079834e-02
4.069089889526367188e-03,-5.115270614624023438e-04,-1.051776111125946045e-02
4.218727350234985352e-03,-6.211996078491210938e-04,-1.049655675888061523e-02
4.427492618560791016e-03,-7.913112640380859375e-04,-1.049302518367767334e-02
4.683673381805419922e-03,-9.162425994873046875e-04,-1.059061288833618164e-02
4.935324192047119141e-03,-1.023411750793457031e-03,-1.071836054325103760e-02
5.154609680175781250e-03,-1.144409179687500000e-03,-1.083859801292419434e-02
5.340486764907836914e-03,-1.224756240844726562e-03,-1.093110442161560059e-02
5.510717630386352539e-03,-1.229047775268554688e-03,-1.104021072387695312e-02
5.589187145233154297e-03,-1.186490058898925781e-03,-1.114289462566375732e-02
5.571603775024414062e-03,-1.074910163879394531e-03,-1.124314963817596436e-02
5.497694015502929688e-03,-1.192092895507812500e-03,-1.127332448959350586e-02
5.334258079528808594e-03,-1.265764236450195312e-03,-1.123836636543273926e-02
5.112975835800170898e-03,-1.272201538085937500e-03,-1.105560362339019775e-02
4.782199859619140625e-03,-1.197814941406250000e-03,-1.070106029510498047e-02
4.388242959976196289e-03,-9.593963623046875000e-04,-1.023843884468078613e-02
3.916740417480468750e-03,-6.057024002075195312e-04,-9.711623191833496094e-03
3.530621528625488281e-03,-1.372098922729492188e-04,-9.157508611679077148e-03
3.163188695907592773e-03,3.855228424072265625e-04,-8.626207709312438965e-03
2.862364053726196289e-03,9.492635726928710938e-04,-8.145570755004882812e-03
2.581655979156494141e-03,1.424551010131835938e-03,-7.665961980819702148e-03
2.373456954956054688e-03,1.796483993530273438e-03,-7.245421409606933594e-03
2.244681119918823242e-03,2.019047737121582031e-03,-6.939083337783813477e-03
2.300649881362915039e-03,2.120614051818847656e-03,-6.771489977836608887e-03
2.442240715026855469e-03,2.150058746337890625e-03,-6.757289171218872070e-03
2.599954605102539062e-03,2.093672752380371094e-03,-6.789267063140869141e-03
2.811968326568603516e-03,2.012848854064941406e-03,-6.862252950668334961e-03
3.050565719604492188e-03,1.907944679260253906e-03,-6.983771920204162598e-03
3.270477056503295898e-03,1.823067665100097656e-03,-7.167235016822814941e-03
3.467589616775512695e-03,1.778364181518554688e-03,-7.346928119659423828e-03
3.626734018325805664e-03,1.751422882080078125e-03,-7.484301924705505371e-03
3.765821456909179688e-03,1.788258552551269531e-03,-7.616251707077026367e-03
3.842085599899291992e-03,1.900911331176757812e-03,-7.705584168434143066e-03
3.883719444274902344e-03,2.065539360046386719e-03,-7.739141583442687988e-03
3.840625286102294922e-03,2.243161201477050781e-03,-7.658407092094421387e-03
3.713876008987426758e-03,2.403020858764648438e-03,-7.548987865447998047e-03
3.533810377120971680e-03,2.527475357055664062e-03,-7.440030574798583984e-03
3.430813550949096680e-03,2.592682838439941406e-03,-7.365360856056213379e-03
3.314524888992309570e-03,2.594709396362304688e-03,-7.256805896759033203e-03
3.277540206909179688e-03,2.541661262512207031e-03,-7.188841700553894043e-03
3.284752368927001953e-03,2.445340156555175781e-03,-7.157742977142333984e-03
3.331989049911499023e-03,2.303719520568847656e-03,-7.209360599517822266e-03
3.385215997695922852e-03,2.130389213562011719e-03,-7.319107651710510254e-03
3.453403711318969727e-03,1.873373985290527344e-03,-7.353082299232482910e-03
3.555625677108764648e-03,1.608133316040039062e-03,-7.461473345756530762e-03
3.664582967758178711e-03,1.370787620544433594e-03,-7.624223828315734863e-03
3.815978765487670898e-03,1.163601875305175781e-03,-7.849290966987609863e-03
3.937244415283203125e-03,1.072287559509277344e-03,-8.108064532279968262e-03
4.073202610015869141e-03,1.016497611999511719e-03,-8.345782756805419922e-03
4.166841506958007812e-03,9.790658950805664062e-04,-8.551955223083496094e-03
4.158824682235717773e-03,9.721517562866210938e-04,-8.659347891807556152e-03
4.101216793060302734e-03,1.004576683044433594e-03,-8.679613471031188965e-03
3.978967666625976562e-03,9.731054306030273438e-04,-8.595824241638183594e-03
3.837287425994873047e-03,8.641481399536132812e-04,-8.396521210670471191e-03
3.724604845046997070e-03,6.887912750244140625e-04,-8.180111646652221680e-03
3.614455461502075195e-03,4.614591598510742188e-04,-7.986783981323242188e-03
3.529995679855346680e-03,2.614259719848632812e-04,-7.839635014533996582e-03
3.528386354446411133e-03,6.985664367675781250e-05,-7.806107401847839355e-03
3.547519445419311523e-03,-9.214878082275390625e-05,-7.794812321662902832e-03
3.607839345932006836e-03,-1.810789108276367188e-04,-7.868349552154541016e-03
3.712087869644165039e-03,-1.871585845947265625e-04,-8.000865578651428223e-03
3.865987062454223633e-03,-1.524686813354492188e-04,-8.174970746040344238e-03
4.011422395706176758e-03,-1.633167266845703125e-04,-8.337363600730895996e-03
4.094928503036499023e-03,-1.553297042846679688e-04,-8.399307727813720703e-03
4.190713167190551758e-03,-7.998943328857421875e-05,-8.468478918075561523e-03
4.239708185195922852e-03,6.008148193359375000e-05,-8.440658450126647949e-03
4.250138998031616211e-03,1.773834228515625000e-04,-8.391514420509338379e-03
4.196256399154663086e-03,2.411603927612304688e-04,-8.335858583450317383e-03
4.115730524063110352e-03,2.962350845336914062e-04,-8.253276348114013672e-03
4.068404436111450195e-03,3.037452697753906250e-04,-8.210927248001098633e-03
4.050284624099731445e-03,2.802610397338867188e-04,-8.234411478042602539e-03
4.043161869049072266e-03,2.094507217407226562e-04,-8.268356323242187500e-03
4.051893949508666992e-03,1.275539398193359375e-04,-8.313521742820739746e-03
4.130959510803222656e-03,5.829334259033203125e-05,-8.445605635643005371e-03
4.195630550384521484e-03,8.940696716308593750e-06,-8.596405386924743652e-03
4.275500774383544922e-03,-2.622604370117187500e-06,-8.785769343376159668e-03
4.356831312179565430e-03,5.686283111572265625e-05,-9.005859494209289551e-03
4.420399665832519531e-03,1.528263092041015625e-04,-9.204789996147155762e-03
4.458248615264892578e-03,2.304315567016601562e-04,-9.456619620323181152e-03
4.500389099121093750e-03,3.149509429931640625e-04,-9.653061628341674805e-03
4.517912864685058594e-03,3.789663314819335938e-04,-9.803384542465209961e-03
4.506558179855346680e-03,4.518032073974609375e-04,-9.907439351081848145e-03
4.477232694625854492e-03,4.898309707641601562e-04,-9.982407093048095703e-03
4.413753747940063477e-03,5.472898483276367188e-04,-1.002684235572814941e-02
4.323542118072509766e-03,5.497932434082031250e-04,-1.003648340702056885e-02
4.220426082611083984e-03,5.397796630859375000e-04,-1.001375913619995117e-02
4.128277301788330078e-03,4.758834838867187500e-04,-9.982004761695861816e-03
4.040241241455078125e-03,4.299879074096679688e-04,-9.991556406021118164e-03
3.949373960494995117e-03,3.750324249267578125e-04,-1.000067591667175293e-02
3.858953714370727539e-03,3.461837768554687500e-04,-1.000073552131652832e-02
3.771960735321044922e-03,3.428459167480468750e-04,-1.001285016536712646e-02
3.685235977172851562e-03,3.538131713867187500e-04,-1.008078455924987793e-02
3.569602966308593750e-03,3.411769866943359375e-04,-1.011124253273010254e-02
3.479689359664916992e-03,3.628730773925781250e-04,-1.016813516616821289e-02
3.370493650436401367e-03,3.687143325805664062e-04,-1.019828021526336670e-02
3.256052732467651367e-03,3.803968429565429688e-04,-1.018656790256500244e-02
3.159731626510620117e-03,4.281997680664062500e-04,-1.014488935470581055e-02
3.025054931640625000e-03,4.347562789916992188e-04,-1.005356013774871826e-02
2.901494503021240234e-03,3.784894943237304688e-04,-9.948387742042541504e-03
2.788245677947998047e-03,3.229379653930664062e-04,-9.810358285903930664e-03
2.704143524169921875e-03,2.152919769287109375e-04,-9.678915143013000488e-03
2.667993307113647461e-03,1.294612884521484375e-04,-9.576067328453063965e-03
2.640426158905029297e-03,4.053115844726562500e-05,-9.487956762313842773e-03
2.624601125717163086e-03,-1.056194305419921875e-04,-9.402558207511901855e-03
2.688646316528320312e-03,-2.349615097045898438e-04,-9.385690093040466309e-03
2.772808074951171875e-03,-3.001689910888671875e-04,-9.402945637702941895e-03
2.823680639266967773e-03,-3.688335418701171875e-04,-9.392410516738891602e-03
2.885431051254272461e-03,-2.968311309814453125e-04,-9.354680776596069336e-03
2.954095602035522461e-03,-2.312660217285156250e-04,-9.339973330497741699e-03
3.030270338058471680e-03,-1.382827758789062500e-04,-9.318396449089050293e-03
3.130137920379638672e-03,-2.968311309814453125e-05,-9.311586618423461914e-03
3.237158060073852539e-03,3.838539123535156250e-05,-9.260430932044982910e-03
3.376632928848266602e-03,9.882450103759765625e-05,-9.209245443344116211e-03
3.541618585586547852e-03,1.187324523925781250e-04,-9.178727865219116211e-03
3.716558218002319336e-03,8.428096771240234375e-05,-9.175777435302734375e-03
3.935068845748901367e-03,4.351139068603515625e-05,-9.180918335914611816e-03
4.060178995132446289e-03,5.722045898437500000e-06,-9.169951081275939941e-03
4.200875759124755859e-03,-8.344650268554687500e-06,-9.187996387481689453e-03
4.305422306060791016e-03,1.788139343261718750e-06,-9.198293089866638184e-03
4.345059394836425781e-03,5.328655242919921875e-05,-9.192317724227905273e-03
4.352360963821411133e-03,1.271963119506835938e-04,-9.161412715911865234e-03
4.359424114227294922e-03,1.662969589233398438e-04,-9.118154644966125488e-03
4.352748394012451172e-03,2.073049545288085938e-04,-9.092852473258972168e-03
4.310101270675659180e-03,2.676248550415039062e-04,-9.062498807907104492e-03
4.292428493499755859e-03,3.181695938110351562e-04,-9.095788002014160156e-03
4.265725612640380859e-03,3.575086593627929688e-04,-9.130984544754028320e-03
4.213660955429077148e-03,3.930330276489257812e-04,-9.188503026962280273e-03
4.182040691375732422e-03,4.364252090454101562e-04,-9.260043501853942871e-03
4.140496253967285156e-03,4.647970199584960938e-04,-9.331062436103820801e-03
4.102081060409545898e-03,4.763603210449218750e-04,-9.443223476409912109e-03
4.078656435012817383e-03,4.551410675048828125e-04,-9.551420807838439941e-03
4.057914018630981445e-03,3.644227981567382812e-04,-9.657710790634155273e-03
3.991723060607910156e-03,2.597570419311523438e-04,-9.738594293594360352e-03
3.898441791534423828e-03,1.623630523681640625e-04,-9.752497076988220215e-03
3.814935684204101562e-03,7.069110870361328125e-05,-9.740933775901794434e-03
3.696888685226440430e-03,3.886222839355468750e-05,-9.699940681457519531e-03
3.567725419998168945e-03,5.543231964111328125e-05,-9.678497910499572754e-03
3.398865461349487305e-03,1.349449157714843750e-04,-9.626433253288269043e-03
3.240466117858886719e-03,2.409219741821289062e-04,-9.552851319313049316e-03
3.070473670959472656e-03,3.820657730102539062e-04,-9.449914097785949707e-03
2.931267023086547852e-03,4.702806472778320312e-04,-9.393781423568725586e-03
2.836436033248901367e-03,5.093812942504882812e-04,-9.335100650787353516e-03
2.838820219039916992e-03,5.226135253906250000e-04,-9.309619665145874023e-03
2.897769212722778320e-03,4.978179931640625000e-04,-9.346753358840942383e-03
2.986282110214233398e-03,4.552602767944335938e-04,-9.415313601493835449e-03
3.141671419143676758e-03,3.492832183837890625e-04,-9.531602263450622559e-03
3.364235162734985352e-03,2.253055572509765625e-04,-9.706363081932067871e-03
3.577083349227905273e-03,1.024007797241210938e-04,-9.855821728706359863e-03
3.768980503082275391e-03,3.576278686523437500e-06,-9.952396154403686523e-03
3.888338804244995117e-03,-9.953975677490234375e-05,-1.001574099063873291e-02
3.911763429641723633e-03,-1.500844955444335938e-04,-1.001971960067749023e-02
3.854602575302124023e-03,-1.521110534667968750e-04,-9.971275925636291504e-03
3.760099411010742188e-03,-1.081228256225585938e-04,-9.884163737297058105e-03
3.644853830337524414e-03,-4.696846008300781250e-05,-9.783074259757995605e-03
3.531426191329956055e-03,-8.583068847656250000e-06,-9.704038500785827637e-03
3.442615270614624023e-03,4.303455352783203125e-05,-9.586572647094726562e-03
3.365367650985717773e-03,7.367134094238281250e-05,-9.450286626815795898e-03
3.310680389404296875e-03,1.047849655151367188e-04,-9.317934513092041016e-03
3.318428993225097656e-03,1.283884048461914062e-04,-9.218737483024597168e-03
3.388971090316772461e-03,8.952617645263671875e-05,-9.121328592300415039e-03
3.463625907897949219e-03,2.384185791015625000e-05,-9.061232209205627441e-03
3.506630659103393555e-03,-8.404254913330078125e-05,-9.008631110191345215e-03
3.588378429412841797e-03,-1.238584518432617188e-04,-9.012818336486816406e-03
3.701299428939819336e-03,-8.773803710937500000e-05,-9.053364396095275879e-03
3.778487443923950195e-03,-5.245208740234375000e-06,-9.136065840721130371e-03
3.811806440353393555e-03,1.192092895507812500e-04,-9.163752198219299316e-03
3.876805305480957031e-03,2.772808074951171875e-04,-9.184792637825012207e-03
3.915816545486450195e-03,4.466772079467773438e-04,-9.221524000167846680e-03
3.943234682083129883e-03,6.254911422729492188e-04,-9.218245744705200195e-03
3.928095102310180664e-03,7.342100143432617188e-04,-9.193748235702514648e-03
3.994554281234741211e-03,8.125305175781250000e-04,-9.212583303451538086e-03
4.098415374755859375e-03,8.294582366943359375e-04,-9.219065308570861816e-03
4.159897565841674805e-03,7.848739624023437500e-04,-9.258314967155456543e-03
4.208356142044067383e-03,7.241964340209960938e-04,-9.338244795799255371e-03
4.198551177978515625e-03,6.167888641357421875e-04,-9.370908141136169434e-03
4.147291183471679688e-03,5.252361297607421875e-04,-9.325534105300903320e-03
4.064500331878662109e-03,4.343986511230468750e-04,-9.210154414176940918e-03
3.943264484405517578e-03,3.902912139892578125e-04,-9.071931242942810059e-03
3.800481557846069336e-03,3.700256347656250000e-04,-8.921548724174499512e-03
3.647089004516601562e-03,3.492832183837890625e-04,-8.747383952140808105e-03
3.551691770553588867e-03,3.681182861328125000e-04,-8.652463555335998535e-03
3.550350666046142578e-03,4.029273986816406250e-04,-8.628293871879577637e-03
3.562569618225097656e-03,4.676580429077148438e-04,-8.670195937156677246e-03
3.597676753997802734e-03,5.154609680175781250e-04,-8.730143308639526367e-03
3.664940595626831055e-03,5.465745925903320312e-04,-8.796706795692443848e-03
3.739923238754272461e-03,5.639791488647460938e-04,-8.883863687515258789e-03
3.795653581619262695e-03,5.359649658203125000e-04,-8.978560566902160645e-03
3.871381282806396484e-03,4.655122756958007812e-04,-9.054377675056457520e-03
3.910869359970092773e-03,3.521442413330078125e-04,-9.116664528846740723e-03
3.907471895217895508e-03,2.375841140747070312e-04,-9.094476699829101562e-03
3.868699073791503906e-03,1.324415206909179688e-04,-9.046420454978942871e-03
3.807097673416137695e-03,3.516674041748046875e-05,-8.994281291961669922e-03
3.748744726181030273e-03,-1.119375228881835938e-04,-8.973807096481323242e-03
3.713250160217285156e-03,-2.641677856445312500e-04,-8.996292948722839355e-03
3.663361072540283203e-03,-4.044771194458007812e-04,-9.038656949996948242e-03
3.638774156570434570e-03,-5.214214324951171875e-04,-9.086504578590393066e-03
3.632664680480957031e-03,-6.253719329833984375e-04,-9.196832776069641113e-03
3.655701875686645508e-03,-7.269382476806640625e-04,-9.281590580940246582e-03
3.776669502258300781e-03,-8.068084716796875000e-04,-9.465962648391723633e-03
3.947377204895019531e-03,-8.037090301513671875e-04,-9.690299630165100098e-03
4.081070423126220703e-03,-7.559061050415039062e-04,-9.882226586341857910e-03
4.213303327560424805e-03,-7.170438766479492188e-04,-1.006549596786499023e-02
4.329591989517211914e-03,-6.737709045410156250e-04,-1.019601523876190186e-02
4.359483718872070312e-03,-5.959272384643554688e-04,-1.024526357650756836e-02
4.324257373809814453e-03,-5.201101303100585938e-04,-1.025344431400299072e-02
4.286766052246093750e-03,-4.770755767822265625e-04,-1.022885739803314209e-02
4.220753908157348633e-03,-4.276037216186523438e-04,-1.014213263988494873e-02
4.134237766265869141e-03,-4.023313522338867188e-04,-1.007066667079925537e-02
4.018574953079223633e-03,-3.914833068847656250e-04,-9.965270757675170898e-03
3.890097141265869141e-03,-4.140138626098632812e-04,-9.831532835960388184e-03
3.816038370132446289e-03,-4.614591598510742188e-04,-9.732171893119812012e-03
3.742128610610961914e-03,-4.950761795043945312e-04,-9.604007005691528320e-03
3.686845302581787109e-03,-5.209445953369140625e-04,-9.539872407913208008e-03
3.669381141662597656e-03,-5.102157592773437500e-04,-9.518176317214965820e-03
3.666609525680541992e-03,-4.760026931762695312e-04,-9.507626295089721680e-03
3.676325082778930664e-03,-4.421472549438476562e-04,-9.498938918113708496e-03
3.697842359542846680e-03,-4.020929336547851562e-04,-9.534448385238647461e-03
3.718018531799316406e-03,-3.554821014404296875e-04,-9.539887309074401855e-03
3.751069307327270508e-03,-3.056526184082031250e-04,-9.523272514343261719e-03
3.737211227416992188e-03,-2.336502075195312500e-04,-9.516194462776184082e-03
3.690212965011596680e-03,-1.866817474365234375e-04,-9.470015764236450195e-03
3.695458173751831055e-03,-1.854896545410156250e-04,-9.398564696311950684e-03
3.692686557769775391e-03,-2.353191375732421875e-04,-9.325787425041198730e-03
3.657102584838867188e-03,-2.714395523071289062e-04,-9.218379855155944824e-03
3.572791814804077148e-03,-2.989768981933593750e-04,-9.093731641769409180e-03
3.480672836303710938e-03,-3.728866577148437500e-04,-8.968293666839599609e-03
3.442734479904174805e-03,-4.062652587890625000e-04,-8.879348635673522949e-03
3.432869911193847656e-03,-4.009008407592773438e-04,-8.840069174766540527e-03
3.425151109695434570e-03,-4.030466079711914062e-04,-8.870825171470642090e-03
3.432333469390869141e-03,-4.001855850219726562e-04,-8.918911218643188477e-03
3.419250249862670898e-03,-3.674030303955078125e-04,-8.964151144027709961e-03
3.412932157516479492e-03,-3.349781036376953125e-04,-9.030938148498535156e-03
3.451824188232421875e-03,-3.300905227661132812e-04,-9.107977151870727539e-03
3.477215766906738281e-03,-2.506971359252929688e-04,-9.222984313964843750e-03
3.514885902404785156e-03,-1.552104949951171875e-04,-9.338155388832092285e-03
3.554433584213256836e-03,-3.468990325927734375e-05,-9.422734379768371582e-03
3.552407026290893555e-03,2.312660217285156250e-05,-9.485110640525817871e-03
3.543853759765625000e-03,2.467632293701171875e-05,-9.523615241050720215e-03
3.562033176422119141e-03,-1.966953277587890625e-05,-9.539499878883361816e-03
3.625452518463134766e-03,-7.665157318115234375e-05,-9.500250220298767090e-03
3.712296485900878906e-03,-1.424551010131835938e-04,-9.457319974899291992e-03
3.785610198974609375e-03,-2.264976501464843750e-04,-9.396538138389587402e-03
3.850519657135009766e-03,-3.041028976440429688e-04,-9.338214993476867676e-03
3.877013921737670898e-03,-3.246068954467773438e-04,-9.283259510993957520e-03
3.913789987564086914e-03,-2.632141113281250000e-04,-9.271517395973205566e-03
3.949850797653198242e-03,-1.947879791259765625e-04,-9.283393621444702148e-03
3.979355096817016602e-03,-1.370906829833984375e-04,-9.338840842247009277e-03
3.998398780822753906e-03,-1.152753829956054688e-04,-9.441390633583068848e-03
3.970831632614135742e-03,-6.830692291259765625e-05,-9.529933333396911621e-03
3.941595554351806641e-03,-2.551078796386718750e-05,-9.594216942787170410e-03
3.875941038131713867e-03,9.536743164062500000e-06,-9.605035185813903809e-03
3.812521696090698242e-03,4.673004150390625000e-05,-9.616300463676452637e-03
3.744363784790039062e-03,8.773803710937500000e-05,-9.647950530052185059e-03
3.730833530426025391e-03,1.320838928222656250e-04,-9.707674384117126465e-03
3.727197647094726562e-03,1.336336135864257812e-04,-9.761482477188110352e-03
3.675758838653564453e-03,1.597404479980468750e-04,-9.800091385841369629e-03
3.604322671890258789e-03,2.071857452392578125e-04,-9.805142879486083984e-03
3.510028123855590820e-03,2.754926681518554688e-04,-9.766012430191040039e-03
3.388464450836181641e-03,3.566741943359375000e-04,-9.686708450317382812e-03
3.314435482025146484e-03,4.314184188842773438e-04,-9.658142924308776855e-03
3.279328346252441406e-03,4.879236221313476562e-04,-9.626865386962890625e-03
3.183841705322265625e-03,5.245208740234375000e-04,-9.561970829963684082e-03
3.142178058624267578e-03,5.695819854736328125e-04,-9.482488036155700684e-03
3.126084804534912109e-03,5.910396575927734375e-04,-9.453788399696350098e-03
3.133386373519897461e-03,6.012916564941406250e-04,-9.423717856407165527e-03
3.163486719131469727e-03,5.712509155273437500e-04,-9.404942393302917480e-03
3.213793039321899414e-03,4.951953887939453125e-04,-9.393155574798583984e-03
3.234952688217163086e-03,4.267692565917968750e-04,-9.393811225891113281e-03
3.226161003112792969e-03,3.355741500854492188e-04,-9.384512901306152344e-03
3.205120563507080078e-03,2.784729003906250000e-04,-9.374544024467468262e-03
3.206133842468261719e-03,3.584623336791992188e-04,-9.375661611557006836e-03
3.220379352569580078e-03,4.549026489257812500e-04,-9.387344121932983398e-03
3.214538097381591797e-03,5.453824996948242188e-04,-9.390994906425476074e-03
3.246486186981201172e-03,6.082057952880859375e-04,-9.396970272064208984e-03
3.257274627685546875e-03,6.777048110961914062e-04,-9.395629167556762695e-03
3.253310918807983398e-03,7.458925247192382812e-04,-9.405776858329772949e-03
3.242284059524536133e-03,8.001327514648437500e-04,-9.406417608261108398e-03
3.235697746276855469e-03,8.223056793212890625e-04,-9.402453899383544922e-03
3.237962722778320312e-03,8.181333541870117188e-04,-9.393870830535888672e-03
3.237217664718627930e-03,8.111000061035156250e-04,-9.394094347953796387e-03
3.273725509643554688e-03,7.963180541992187500e-04,-9.409517049789428711e-03
3.317326307296752930e-03,7.491111755371093750e-04,-9.391307830810546875e-03
3.377169370651245117e-03,7.098913192749023438e-04,-9.363308548927307129e-03
3.442674875259399414e-03,7.079839706420898438e-04,-9.344652295112609863e-03
3.527522087097167969e-03,7.011890411376953125e-04,-9.349614381790161133e-03
3.602057695388793945e-03,6.738901138305664062e-04,-9.392365813255310059e-03
3.650486469268798828e-03,6.343126296997070312e-04,-9.426400065422058105e-03
3.755331039428710938e-03,5.644559860229492188e-04,-9.430170059204101562e-03
3.906250000000000000e-03,4.940032958984375000e-04,-9.506583213806152344e-03
4.027158021926879883e-03,4.099607467651367188e-04,-9.570822119712829590e-03
4.093736410140991211e-03,3.279447555541992188e-04,-9.595260024070739746e-03
4.160016775131225586e-03,2.821683883666992188e-04,-9.629324078559875488e-03
4.184812307357788086e-03,2.224445343017578125e-04,-9.626612067222595215e-03
4.134386777877807617e-03,1.204013824462890625e-04,-9.609505534172058105e-03
4.068136215209960938e-03,2.026557922363281250e-06,-9.555131196975708008e-03
3.962606191635131836e-03,-1.214742660522460938e-04,-9.456008672714233398e-03
3.858625888824462891e-03,-2.117156982421875000e-04,-9.352117776870727539e-03
3.736793994903564453e-03,-2.799034118652343750e-04,-9.220525622367858887e-03
3.643453121185302734e-03,-3.015995025634765625e-04,-9.120523929595947266e-03
3.540366888046264648e-03,-2.840757369995117188e-04,-9.059473872184753418e-03
3.503203392028808594e-03,-3.317594528198242188e-04,-9.024530649185180664e-03
3.483891487121582031e-03,-3.837347030639648438e-04,-9.028643369674682617e-03
3.496646881103515625e-03,-4.241466522216796875e-04,-9.043604135513305664e-03
3.519475460052490234e-03,-4.838705062866210938e-04,-9.045764803886413574e-03
3.491342067718505859e-03,-5.549192428588867188e-04,-8.983984589576721191e-03
3.460913896560668945e-03,-6.220340728759765625e-04,-8.876293897628784180e-03
3.448694944381713867e-03,-6.883144378662109375e-04,-8.774399757385253906e-03
3.467768430709838867e-03,-7.078647613525390625e-04,-8.649244904518127441e-03
3.464132547378540039e-03,-7.225275039672851562e-04,-8.531004190444946289e-03
3.488928079605102539e-03,-7.003545761108398438e-04,-8.436128497123718262e-03
3.524720668792724609e-03,-6.520748138427734375e-04,-8.362159132957458496e-03
3.560423851013183594e-03,-5.986690521240234375e-04,-8.340641856193542480e-03
3.616243600845336914e-03,-5.244016647338867188e-04,-8.334562182426452637e-03
3.694504499435424805e-03,-4.510879516601562500e-04,-8.358448743820190430e-03
3.766447305679321289e-03,-3.780126571655273438e-04,-8.454307913780212402e-03
3.825515508651733398e-03,-3.230571746826171875e-04,-8.573979139328002930e-03
3.924697637557983398e-03,-2.771615982055664062e-04,-8.739858865737915039e-03
4.022121429443359375e-03,-2.275705337524414062e-04,-8.903414011001586914e-03
4.078567028045654297e-03,-1.465082168579101562e-04,-9.023919701576232910e-03
4.079222679138183594e-03,-5.578994750976562500e-05,-9.094521403312683105e-03
4.026472568511962891e-03,3.969669342041015625e-05,-9.171456098556518555e-03
3.957718610763549805e-03,8.606910705566406250e-05,-9.229168295860290527e-03
3.845036029815673828e-03,1.699924468994140625e-04,-9.269610047340393066e-03
3.739684820175170898e-03,2.689361572265625000e-04,-9.274035692214965820e-03
3.657370805740356445e-03,3.554821014404296875e-04,-9.259149432182312012e-03
3.581017255783081055e-03,3.752708435058593750e-04,-9.252533316612243652e-03
3.513634204864501953e-03,3.954172134399414062e-04,-9.246647357940673828e-03
3.476709127426147461e-03,4.057884216308593750e-04,-9.252235293388366699e-03
3.452539443969726562e-03,3.787279129028320312e-04,-9.270370006561279297e-03
3.444164991378784180e-03,3.528594970703125000e-04,-9.315416216850280762e-03
3.455907106399536133e-03,2.833604812622070312e-04,-9.385094046592712402e-03
3.490626811981201172e-03,2.311468124389648438e-04,-9.484022855758666992e-03
3.539294004440307617e-03,2.058744430541992188e-04,-9.573131799697875977e-03
3.567427396774291992e-03,2.232789993286132812e-04,-9.630739688873291016e-03
3.592729568481445312e-03,2.455711364746093750e-04,-9.675130248069763184e-03
3.613978624343872070e-03,2.751350402832031250e-04,-9.705096483230590820e-03
3.620624542236328125e-03,2.961158752441406250e-04,-9.700268507003784180e-03
3.610938787460327148e-03,2.930164337158203125e-04,-9.635329246520996094e-03
3.528654575347900391e-03,2.357959747314453125e-04,-9.504854679107666016e-03
3.432691097259521484e-03,1.631975173950195312e-04,-9.356275200843811035e-03
3.347545862197875977e-03,5.376338958740234375e-05,-9.200468659400939941e-03
3.315210342407226562e-03,-7.760524749755859375e-05,-9.076654911041259766e-03
3.297895193099975586e-03,-1.705884933471679688e-04,-9.003505110740661621e-03
3.250002861022949219e-03,-2.241134643554687500e-04,-8.953183889389038086e-03
3.234356641769409180e-03,-2.490282058715820312e-04,-8.927375078201293945e-03
3.248006105422973633e-03,-2.045631408691406250e-04,-8.914574980735778809e-03
3.241658210754394531e-03,-1.144409179687500000e-04,-8.856728672981262207e-03
3.266274929046630859e-03,4.291534423828125000e-06,-8.815973997116088867e-03
3.396540880203247070e-03,1.132488250732421875e-04,-8.867040276527404785e-03
3.544628620147705078e-03,2.169609069824218750e-04,-8.918181061744689941e-03
3.636926412582397461e-03,2.954006195068359375e-04,-8.985683321952819824e-03
3.724366426467895508e-03,3.275871276855468750e-04,-9.053707122802734375e-03
3.819793462753295898e-03,3.180503845214843750e-04,-9.144827723503112793e-03
3.910541534423828125e-03,2.741813659667968750e-04,-9.214222431182861328e-03
4.023611545562744141e-03,2.105236053466796875e-04,-9.266063570976257324e-03
4.101723432540893555e-03,1.287460327148437500e-04,-9.304672479629516602e-03
4.130721092224121094e-03,5.054473876953125000e-05,-9.298741817474365234e-03
4.110693931579589844e-03,-7.152557373046875000e-06,-9.277924895286560059e-03
4.078000783920288086e-03,-1.919269561767578125e-05,-9.242832660675048828e-03
3.996253013610839844e-03,2.193450927734375000e-05,-9.169295430183410645e-03
3.891319036483764648e-03,7.939338684082031250e-05,-9.076848626136779785e-03
3.772348165512084961e-03,1.449584960937500000e-04,-8.964106440544128418e-03
3.663212060928344727e-03,2.055168151855468750e-04,-8.878514170646667480e-03
3.622710704803466797e-03,2.084970474243164062e-04,-8.857876062393188477e-03
3.617197275161743164e-03,2.018213272094726562e-04,-8.863985538482666016e-03
3.672689199447631836e-03,1.600980758666992188e-04,-8.893802762031555176e-03
3.776848316192626953e-03,1.140832901000976562e-04,-8.953049778938293457e-03
3.904372453689575195e-03,8.487701416015625000e-05,-9.031057357788085938e-03
3.980934619903564453e-03,8.261203765869140625e-05,-9.117811918258666992e-03
4.045128822326660156e-03,9.608268737792968750e-05,-9.203657507896423340e-03
4.121243953704833984e-03,1.760721206665039062e-04,-9.293645620346069336e-03
4.176050424575805664e-03,2.558231353759765625e-04,-9.348407387733459473e-03
4.216372966766357422e-03,3.459453582763671875e-04,-9.367331862449645996e-03
4.183918237686157227e-03,4.292726516723632812e-04,-9.358793497085571289e-03
4.109561443328857422e-03,4.699230194091796875e-04,-9.308889508247375488e-03
4.066437482833862305e-03,4.813671112060546875e-04,-9.285598993301391602e-03
4.035472869873046875e-03,4.845857620239257812e-04,-9.289979934692382812e-03
4.039168357849121094e-03,4.723072052001953125e-04,-9.354099631309509277e-03
4.085868597030639648e-03,4.377365112304687500e-04,-9.440511465072631836e-03
4.122972488403320312e-03,4.075765609741210938e-04,-9.518474340438842773e-03
4.121243953704833984e-03,3.716945648193359375e-04,-9.616971015930175781e-03
4.110246896743774414e-03,3.468990325927734375e-04,-9.671255946159362793e-03
4.096001386642456055e-03,3.302097320556640625e-04,-9.699672460556030273e-03
4.053950309753417969e-03,3.629922866821289062e-04,-9.708881378173828125e-03
3.987908363342285156e-03,4.056692123413085938e-04,-9.698390960693359375e-03
3.856807947158813477e-03,4.944801330566406250e-04,-9.648382663726806641e-03
3.733813762664794922e-03,5.909204483032226562e-04,-9.555876255035400391e-03
3.606975078582763672e-03,6.693601608276367188e-04,-9.493246674537658691e-03
3.490239381790161133e-03,7.494688034057617188e-04,-9.439557790756225586e-03
3.362715244293212891e-03,8.062124252319335938e-04,-9.384751319885253906e-03
3.243625164031982422e-03,8.337497711181640625e-04,-9.319052100181579590e-03
3.157854080200195312e-03,8.120536804199218750e-04,-9.235948324203491211e-03
3.111302852630615234e-03,7.635354995727539062e-04,-9.100392460823059082e-03
3.071933984756469727e-03,7.033348083496093750e-04,-8.974954485893249512e-03
3.005892038345336914e-03,6.343126296997070312e-04,-8.847132325172424316e-03
2.966612577438354492e-03,5.778074264526367188e-04,-8.748903870582580566e-03
2.985864877700805664e-03,4.980564117431640625e-04,-8.686542510986328125e-03
3.005892038345336914e-03,4.799365997314453125e-04,-8.637085556983947754e-03
3.002107143402099609e-03,5.059242248535156250e-04,-8.598431944847106934e-03
3.009945154190063477e-03,5.608797073364257812e-04,-8.578673005104064941e-03
3.009855747222900391e-03,7.641315460205078125e-04,-8.529931306838989258e-03
3.010034561157226562e-03,9.554624557495117188e-04,-8.513495326042175293e-03
2.997130155563354492e-03,1.119375228881835938e-03,-8.521914482116699219e-03
3.053665161132812500e-03,1.241326332092285156e-03,-8.515760302543640137e-03
3.144264221191406250e-03,1.291751861572265625e-03,-8.514463901519775391e-03
3.242880105972290039e-03,1.344799995422363281e-03,-8.551716804504394531e-03
3.302961587905883789e-03,1.341462135314941406e-03,-8.606657385826110840e-03
3.542602062225341797e-03,1.316070556640625000e-03,-8.645042777061462402e-03
3.711104393005371094e-03,1.256465911865234375e-03,-8.667662739753723145e-03
3.856390714645385742e-03,1.167058944702148438e-03,-8.661672472953796387e-03
3.965497016906738281e-03,1.086592674255371094e-03,-8.633702993392944336e-03
4.044234752655029297e-03,9.773969650268554688e-04,-8.581697940826416016e-03
4.096865653991699219e-03,8.805990219116210938e-04,-8.540034294128417969e-03
4.105508327484130859e-03,8.300542831420898438e-04,-8.500203490257263184e-03
4.101753234863281250e-03,8.265972137451171875e-04,-8.461534976959228516e-03
4.102021455764770508e-03,8.558034896850585938e-04,-8.462756872177124023e-03
4.067361354827880859e-03,9.212493896484375000e-04,-8.492574095726013184e-03
4.028618335723876953e-03,9.683370590209960938e-04,-8.545920252799987793e-03
3.959447145462036133e-03,9.753704071044921875e-04,-8.602842688560485840e-03
