1.606493629515171051e-02
1.606493629515171051e-02
1.626056060194969177e-02
1.655569300055503845e-02
1.708660088479518890e-02
1.746823452413082123e-02
1.810786873102188110e-02
1.896009594202041626e-02
1.976872421801090240e-02
2.030496113002300262e-02
2.058730833232402802e-02
2.099565044045448303e-02
2.130938507616519928e-02
2.154540084302425385e-02
2.135645598173141479e-02
2.111874893307685852e-02
2.083027176558971405e-02
2.062235772609710693e-02
2.046999335289001465e-02
2.025960944592952728e-02
2.016287110745906830e-02
2.011456713080406189e-02
1.998971775174140930e-02
1.978675089776515961e-02
1.950883306562900543e-02
1.939288154244422913e-02
1.937201060354709625e-02
1.957159489393234253e-02
1.960931345820426941e-02
1.948978193104267120e-02
1.919565349817276001e-02
1.879152469336986542e-02
1.856214553117752075e-02
1.855086348950862885e-02
1.850065216422080994e-02
1.841834373772144318e-02
1.837095059454441071e-02
1.840352080762386322e-02
1.856785640120506287e-02
1.869494467973709106e-02
1.875660754740238190e-02
1.875427924096584320e-02
1.880001090466976166e-02
1.885262504220008850e-02
1.877470500767230988e-02
1.880874298512935638e-02
1.884577423334121704e-02
1.885024271905422211e-02
1.865413784980773926e-02
1.824049092829227448e-02
1.768846064805984497e-02
1.713890396058559418e-02
1.651162654161453247e-02
1.606365106999874115e-02
1.574960723519325256e-02
1.546176522970199585e-02
1.504054479300975800e-02
1.462464034557342529e-02
1.418881025165319443e-02
1.383664552122354507e-02
1.358403265476226807e-02
1.332588493824005127e-02
1.282482966780662537e-02
1.221669465303421021e-02
1.165517140179872513e-02
1.113652624189853668e-02
1.066548563539981842e-02
1.028126571327447891e-02
9.984639473259449005e-03
9.703027084469795227e-03
9.477538987994194031e-03
9.389779530465602875e-03
9.392674081027507782e-03
9.586146101355552673e-03
9.913609363138675690e-03
1.027202885597944260e-02
1.065835356712341309e-02
1.083971187472343445e-02
1.111445482820272446e-02
1.134939957410097122e-02
1.133751496672630310e-02
1.139285508543252945e-02
1.129368599504232407e-02
1.111717894673347473e-02
1.090851891785860062e-02
1.063253916800022125e-02
1.031767204403877258e-02
1.002399437129497528e-02
1.027001254260540009e-02
1.050223316997289658e-02
1.078669913113117218e-02
1.105127111077308655e-02
1.120422314852476120e-02
1.139666326344013214e-02
1.156438421458005905e-02
1.167472545057535172e-02
1.169453095644712448e-02
1.167225092649459839e-02
1.173522230237722397e-02
1.170873828232288361e-02
1.160160638391971588e-02
1.141157839447259903e-02
1.147216558456420898e-02
1.159745454788208008e-02
1.160060986876487732e-02
1.158067677170038223e-02
1.147456653416156769e-02
1.131498813629150391e-02
1.112699601799249649e-02
1.098929625004529953e-02
1.089190132915973663e-02
1.064964383840560913e-02
1.041037403047084808e-02
1.008918974548578262e-02
9.745484218001365662e-03
9.366111829876899719e-03
9.038235060870647430e-03
8.764280006289482117e-03
8.502181619405746460e-03
8.268065750598907471e-03
8.039782755076885223e-03
7.881783880293369293e-03
7.801649626344442368e-03
7.664894685149192810e-03
7.591779809445142746e-03
7.507733069360256195e-03
7.460011169314384460e-03
7.317724637687206268e-03
7.138383574783802032e-03
7.057233713567256927e-03
7.074568420648574829e-03
7.141574751585721970e-03
7.157916668802499771e-03
7.133348379284143448e-03
7.150307297706604004e-03
7.097612600773572922e-03
7.092798594385385513e-03
7.127768825739622116e-03
7.137932814657688141e-03
7.170355413109064102e-03
7.252431474626064301e-03
7.282106671482324600e-03
7.259762845933437347e-03
7.319097872823476791e-03
7.390507496893405914e-03
7.394546642899513245e-03
7.413283456116914749e-03
7.351469714194536209e-03
7.223331369459629059e-03
7.032900582998991013e-03
6.833073217421770096e-03
6.592111196368932724e-03
6.320276763290166855e-03
6.013118661940097809e-03
5.801102146506309509e-03
5.624113604426383972e-03
5.487079266458749771e-03
5.384384654462337494e-03
5.239408928900957108e-03
5.128463264554738998e-03
5.019132047891616821e-03
4.946066997945308685e-03
4.954000934958457947e-03
5.042421165853738785e-03
5.120154004544019699e-03
5.229028873145580292e-03
5.358095280826091766e-03
5.292777437716722488e-03
5.058225244283676147e-03
4.773539956659078598e-03
4.588407464325428009e-03
4.325903486460447311e-03
4.279806744307279587e-03
4.252544604241847992e-03
4.254851024597883224e-03
4.174328874796628952e-03
4.029446747153997421e-03
3.842076752334833145e-03
3.754863515496253967e-03
3.677493892610073090e-03
3.591154469177126884e-03
3.466775408014655113e-03
3.340867348015308380e-03
3.307173494249582291e-03
3.383729606866836548e-03
3.479065606370568275e-03
3.649193327873945236e-03
3.821473335847258568e-03
3.940405324101448059e-03
3.968430683016777039e-03
3.906932193785905838e-03
4.018826875835657120e-03
4.132823087275028229e-03
4.204680211842060089e-03
4.189549479633569717e-03
4.041397478431463242e-03
3.865148872137069702e-03
3.660791786387562752e-03
3.463452681899070740e-03
3.249952103942632675e-03
3.069170983508229256e-03
2.895155921578407288e-03
2.729402622207999229e-03
2.705701161175966263e-03
2.702008234336972237e-03
2.734362613409757614e-03
2.876559272408485413e-03
2.905425848439335823e-03
2.871071221306920052e-03
2.807479817420244217e-03
2.641766797751188278e-03
2.537773689255118370e-03
2.348176203668117523e-03
2.284147078171372414e-03
2.135243732482194901e-03
2.056699013337492943e-03
2.002109307795763016e-03
2.012317301705479622e-03
1.951669459231197834e-03
1.801801030524075031e-03
1.606679172255098820e-03
1.341528026387095451e-03
1.257142517715692520e-03
1.295001478865742683e-03
1.433398108929395676e-03
1.390037359669804573e-03
1.279548159800469875e-03
1.143491826951503754e-03
1.027953927405178547e-03
8.544641314074397087e-04
7.207986782304942608e-04
6.349778268486261368e-04
7.058884948492050171e-04
9.008874185383319855e-04
1.130920718424022198e-03
1.342469709925353527e-03
1.438439823687076569e-03
1.452404423616826534e-03
1.378941815346479416e-03
1.271910266950726509e-03
1.235299976542592049e-03
1.280846539884805679e-03
1.365607138723134995e-03
1.439556828700006008e-03
1.582569326274096966e-03
1.555530121549963951e-03
1.560050528496503830e-03
1.562171499244868755e-03
1.602534321136772633e-03
1.539502758532762527e-03
1.440246473066508770e-03
1.340863294899463654e-03
1.206728513352572918e-03
1.036343630403280258e-03
7.731373771093785763e-04
5.069888429716229439e-04
5.339537165127694607e-04
8.629101212136447430e-04
1.079516718164086342e-03
1.103898277506232262e-03
1.004989841021597385e-03
8.752407738938927650e-04
7.973188767209649086e-04
8.952381904236972332e-04
9.505052003078162670e-04
9.100637398660182953e-04
8.177165873348712921e-04
6.618137704208493233e-04
4.866986419074237347e-04
3.770823823288083076e-04
4.078315396327525377e-04
6.517601432278752327e-04
8.443695260211825371e-04
9.693985921330749989e-04
9.855425450950860977e-04
1.102731912396848202e-03
1.284237485378980637e-03
1.477958052419126034e-03
1.695512444712221622e-03
1.946344156749546528e-03
2.243873896077275276e-03
2.553205005824565887e-03
2.834712853655219078e-03
2.976887160912156105e-03
3.039956092834472656e-03
3.116382751613855362e-03
3.192281350493431091e-03
3.145040245726704597e-03
3.088469849899411201e-03
2.996530150994658470e-03
2.849453594535589218e-03
2.722379751503467560e-03
2.578076906502246857e-03
2.384500578045845032e-03
2.183579374104738235e-03
1.985693117603659630e-03
1.985062612220644951e-03
1.997875282540917397e-03
1.895500347018241882e-03
1.831164234317839146e-03
1.881380099803209305e-03
1.971185905858874321e-03
2.166827674955129623e-03
2.238112967461347580e-03
2.281927736476063728e-03
2.437945222482085228e-03
2.602549968287348747e-03
2.649099566042423248e-03
2.685125917196273804e-03
2.721696626394987106e-03
2.727123210206627846e-03
2.436181530356407166e-03
2.141512231901288033e-03
1.885121688246726990e-03
1.777580589987337589e-03
1.862760400399565697e-03
1.946666860021650791e-03
1.978180138394236565e-03
2.051717136055231094e-03
2.160758245736360550e-03
2.234037732705473900e-03
2.380550606176257133e-03
2.525938441976904869e-03
2.527738688513636589e-03
2.428426174446940422e-03
2.354212803766131401e-03
2.225448843091726303e-03
2.121551660820841789e-03
2.054042881354689598e-03
2.172266133129596710e-03
2.323418855667114258e-03
2.483789110556244850e-03
2.588382223621010780e-03
2.736430149525403976e-03
2.726870123296976089e-03
2.674388000741600990e-03
2.604114823043346405e-03
2.523018745705485344e-03
2.495495369657874107e-03
2.566094277426600456e-03
2.574031706899404526e-03
2.575621241703629494e-03
2.624280983582139015e-03
2.665876643732190132e-03
2.662019338458776474e-03
2.714734524488449097e-03
2.774495398625731468e-03
2.758606104180216789e-03
2.785425400361418724e-03
2.724572783336043358e-03
2.687067491933703423e-03
2.763919299468398094e-03
2.732624532654881477e-03
2.746117766946554184e-03
2.732842694967985153e-03
2.704412676393985748e-03
2.773727057501673698e-03
2.822839189320802689e-03
2.817756030708551407e-03
2.853250829502940178e-03
2.953334478661417961e-03
2.997819567099213600e-03
3.050256753340363503e-03
3.100627101957798004e-03
3.258041338995099068e-03
3.430735087022185326e-03
3.560833400115370750e-03
3.734368365257978439e-03
3.881409065797924995e-03
3.889757674187421799e-03
3.860445460304617882e-03
3.753752447664737701e-03
3.700715955346822739e-03
3.577821422368288040e-03
3.482546890154480934e-03
3.455108962953090668e-03
3.509645350277423859e-03
3.646686905995011330e-03
3.813213901594281197e-03
3.977541346102952957e-03
4.172904416918754578e-03
4.408171400427818298e-03
4.564592149108648300e-03
4.732971545308828354e-03
4.813157487660646439e-03
4.862716887146234512e-03
4.941244143992662430e-03
4.904530011117458344e-03
4.872265737503767014e-03
4.720620345324277878e-03
4.605463240295648575e-03
4.459362942725419998e-03
4.344190936535596848e-03
4.312258213758468628e-03
4.220476374030113220e-03
4.229937680065631866e-03
4.298343323171138763e-03
4.288856405764818192e-03
4.243228584527969360e-03
4.255715291947126389e-03
4.275831859558820724e-03
4.280863795429468155e-03
4.295714665204286575e-03
4.366243723779916763e-03
4.387395456433296204e-03
4.449129570275545120e-03
4.487234167754650116e-03
4.482590127736330032e-03
4.489918705075979233e-03
4.453057423233985901e-03
4.373690579086542130e-03
4.226180259138345718e-03
4.074214026331901550e-03
3.930377773940563202e-03
3.791447496041655540e-03
3.762950189411640167e-03
3.764491528272628784e-03
3.862958168610930443e-03
3.924379125237464905e-03
3.887135069817304611e-03
3.879985306411981583e-03
3.837432479485869408e-03
3.807654837146401405e-03
3.801270853728055954e-03
3.847230458632111549e-03
3.939243033528327942e-03
3.999271895736455917e-03
4.018951207399368286e-03
4.067795816808938980e-03
4.095382988452911377e-03
4.100270569324493408e-03
4.028244409710168839e-03
3.904936136677861214e-03
3.801003331318497658e-03
3.706995397806167603e-03
3.616570495069026947e-03
3.517983946949243546e-03
3.450183663517236710e-03
3.365899436175823212e-03
3.267033025622367859e-03
3.202219959348440170e-03
3.104559378698468208e-03
2.987718442454934120e-03
2.892889082431793213e-03
2.866979455575346947e-03
2.866668859496712685e-03
3.007999155670404434e-03
3.187761874869465828e-03
3.405975876376032829e-03
3.737265011295676231e-03
3.987276460975408554e-03
4.142576362937688828e-03
4.241554532200098038e-03
4.253504797816276550e-03
4.240033682435750961e-03
4.217515233904123306e-03
4.225164186209440231e-03
4.199084825813770294e-03
4.243977833539247513e-03
4.262039903551340103e-03
4.263686481863260269e-03
4.235023166984319687e-03
4.187203943729400635e-03
4.161532968282699585e-03
4.145896527916193008e-03
4.119458608329296112e-03
4.071780480444431305e-03
4.012935794889926910e-03
4.023502115160226822e-03
4.037614911794662476e-03
4.071823786944150925e-03
4.099884070456027985e-03
4.101487342268228531e-03
4.206848330795764923e-03
4.245314281433820724e-03
4.269306547939777374e-03
4.256311804056167603e-03
4.320981446653604507e-03
4.275573883205652237e-03
4.195113200694322586e-03
4.029049072414636612e-03
3.881186246871948242e-03
3.790345741435885429e-03
3.688925644382834435e-03
3.529370296746492386e-03
3.457619575783610344e-03
3.500363556668162346e-03
3.627086989581584930e-03
3.784042317420244217e-03
3.915169741958379745e-03
4.002689383924007416e-03
4.005135968327522278e-03
3.985923249274492264e-03
3.998547792434692383e-03
3.936912398785352707e-03
3.887089667841792107e-03
3.862448735162615776e-03
3.797212848439812660e-03
3.772402415052056313e-03
3.761867992579936981e-03
3.774117911234498024e-03
3.827189793810248375e-03
3.854113630950450897e-03
3.935888875275850296e-03
4.015882965177297592e-03
4.119920544326305389e-03
4.250516183674335480e-03
4.388961475342512131e-03
4.410499241203069687e-03
4.440860357135534286e-03
4.431680310517549515e-03
4.445872735232114792e-03
4.439045675098896027e-03
4.423067905008792877e-03
4.355324432253837585e-03
4.251948557794094086e-03
4.171933047473430634e-03
4.065624903887510300e-03
3.980511799454689026e-03
4.031841177493333817e-03
4.073216114193201065e-03
4.131850320845842361e-03
4.284813068807125092e-03
4.453783854842185974e-03
4.695896059274673462e-03
4.892770666629076004e-03
5.043139215558767319e-03
5.074338987469673157e-03
5.069014616310596466e-03
5.007568281143903732e-03
4.908256698399782181e-03
4.806825425475835800e-03
4.758601542562246323e-03
4.731051623821258545e-03
4.745081532746553421e-03
4.676713142544031143e-03
4.564005415886640549e-03
4.460008349269628525e-03
4.335115198045969009e-03
4.267570562660694122e-03
4.231824539601802826e-03
4.174856934696435928e-03
4.189033526927232742e-03
4.194766748696565628e-03
4.211405292153358459e-03
4.245125688612461090e-03
4.218834452331066132e-03
4.195390734821557999e-03
4.142731428146362305e-03
4.036320373415946960e-03
3.915061708539724350e-03
3.737700404599308968e-03
3.614621935412287712e-03
3.512987866997718811e-03
3.469484159722924232e-03
3.545661922544240952e-03
3.709804499521851540e-03
3.777642035856842995e-03
3.854936687275767326e-03
3.979437984526157379e-03
4.024638328701257706e-03
4.107066430151462555e-03
4.178185481578111649e-03
4.236916080117225647e-03
4.275722429156303406e-03
4.247960168868303299e-03
4.185237921774387360e-03
4.086938221007585526e-03
4.003729205578565598e-03
3.954880405217409134e-03
3.913681022822856903e-03
3.842235542833805084e-03
3.775978693738579750e-03
3.655475564301013947e-03
3.543516388162970543e-03
3.460956504568457603e-03
3.323946613818407059e-03
3.224488347768783569e-03
3.128089243546128273e-03
3.122058464214205742e-03
3.146687755361199379e-03
3.224411280825734138e-03
3.382842987775802612e-03
3.559996839612722397e-03
3.844200866296887398e-03
4.005203489214181900e-03
4.176991991698741913e-03
4.301178734749555588e-03
4.478090908378362656e-03
4.592168610543012619e-03
4.668093752115964890e-03
4.596619866788387299e-03
4.541890230029821396e-03
4.477898590266704559e-03
4.464942961931228638e-03
4.422256257385015488e-03
4.317930899560451508e-03
4.177123773843050003e-03
4.074696917086839676e-03
4.029483068734407425e-03
4.037425387650728226e-03
4.006844013929367065e-03
3.999503329396247864e-03
3.952307626605033875e-03
3.924213349819183350e-03
3.931639250367879868e-03
3.931959625333547592e-03
3.925903234630823135e-03
3.920244984328746796e-03
3.895758884027600288e-03
3.888311330229043961e-03
3.847803687676787376e-03
3.748206188902258873e-03
3.717166604474186897e-03
3.646714845672249794e-03
3.539357101544737816e-03
3.445197129622101784e-03
3.279994241893291473e-03
3.164281835779547691e-03
3.155925078317523003e-03
3.150857752189040184e-03
3.140107495710253716e-03
3.257042262703180313e-03
3.383362200111150742e-03
3.434281330555677414e-03
3.481185296550393105e-03
3.592666238546371460e-03
3.669341560453176498e-03
3.739296691492199898e-03
3.774516517296433449e-03
3.810124937444925308e-03
3.852990688756108284e-03
3.849943634122610092e-03
3.792998380959033966e-03
3.797693876549601555e-03
3.792648436501622200e-03
3.808880690485239029e-03
3.807792207226157188e-03
3.813235089182853699e-03
3.865516511723399162e-03
3.950324840843677521e-03
3.995609935373067856e-03
4.001389723271131516e-03
4.019034560769796371e-03
4.065950401127338409e-03
4.145126324146986008e-03
4.232728388160467148e-03
4.293150734156370163e-03
4.319659434258937836e-03
4.306841641664505005e-03
4.281941335648298264e-03
4.165944643318653107e-03
4.074750002473592758e-03
4.022980108857154846e-03
4.036767873913049698e-03
4.055790137499570847e-03
4.030358511954545975e-03
4.039668012410402298e-03
4.001046065241098404e-03
4.042075015604496002e-03
4.057847429066896439e-03
4.082039464265108109e-03
4.060399252921342850e-03
3.941273782402276993e-03
3.853273345157504082e-03
3.802069695666432381e-03
3.801452694460749626e-03
3.806584281846880913e-03
3.803515573963522911e-03
3.789231181144714355e-03
3.777352394536137581e-03
3.783871419727802277e-03
3.800327656790614128e-03
3.872282803058624268e-03
3.864995436742901802e-03
3.812691196799278259e-03
3.785050008445978165e-03
3.882534569129347801e-03
3.957439679652452469e-03
3.937063273042440414e-03
3.847316838800907135e-03
3.748959628865122795e-03
3.592910710722208023e-03
3.448393195867538452e-03
3.395202336832880974e-03
3.339240793138742447e-03
3.314392641186714172e-03
3.336292924359440804e-03
3.383597126230597496e-03
3.382673952728509903e-03
3.348210128024220467e-03
3.280892036855220795e-03
3.272882429882884026e-03
3.244948573410511017e-03
3.243424231186509132e-03
3.238932695239782333e-03
3.227522829547524452e-03
3.211325965821743011e-03
3.243474522605538368e-03
3.293552668765187263e-03
3.350228769704699516e-03
3.319600597023963928e-03
3.271192545071244240e-03
3.283320227637887001e-03
3.263640217483043671e-03
3.247415879741311073e-03
3.188647562637925148e-03
3.201307030394673347e-03
3.189056878909468651e-03
3.162282519042491913e-03
3.170974552631378174e-03
3.154732519760727882e-03
3.154735313728451729e-03
3.161813365295529366e-03
3.181419335305690765e-03
3.228541929274797440e-03
3.300638636574149132e-03
3.342221491038799286e-03
3.378188703209161758e-03
3.439526539295911789e-03
3.477537306025624275e-03
3.518901765346527100e-03
3.579893149435520172e-03
3.704281290993094444e-03
3.810137510299682617e-03
3.983458969742059708e-03
4.116775002330541611e-03
4.198382142931222916e-03
4.241431597620248795e-03
4.217602312564849854e-03
4.178591072559356689e-03
4.064827226102352142e-03
4.009156022220849991e-03
3.985872026532888412e-03
4.028764087706804276e-03
4.057651851326227188e-03
4.201271571218967438e-03
4.344385582953691483e-03
4.462499171495437622e-03
4.527383483946323395e-03
4.559043794870376587e-03
4.529605153948068619e-03
4.526432137936353683e-03
4.578316118568181992e-03
4.612946882843971252e-03
4.622289445251226425e-03
4.577872809022665024e-03
4.557294305413961411e-03
4.498445428907871246e-03
4.496113397181034088e-03
4.488962236791849136e-03
4.510801751166582108e-03
4.591227509081363678e-03
4.616426303982734680e-03
4.623146727681159973e-03
4.667114000767469406e-03
4.767918959259986877e-03
4.860347602516412735e-03
4.897810053080320358e-03
4.903744906187057495e-03
4.857707303017377853e-03
4.793604370206594467e-03
4.734753165394067764e-03
4.673796705901622772e-03
4.697903525084257126e-03
4.787336569279432297e-03
4.862452391535043716e-03
4.946598317474126816e-03
4.988410975784063339e-03
5.019015166908502579e-03
5.057733505964279175e-03
5.103953648358583450e-03
5.115578416734933853e-03
5.083133466541767120e-03
5.026354454457759857e-03
4.962920676916837692e-03
4.968761000782251358e-03
4.944674670696258545e-03
4.861665889620780945e-03
4.802589304745197296e-03
4.726772662252187729e-03
4.647361580282449722e-03
4.526915028691291809e-03
4.409833811223506927e-03
4.323029424995183945e-03
4.265068098902702332e-03
4.240453708916902542e-03
4.227322060614824295e-03
4.203290212899446487e-03
4.196613561362028122e-03
4.220448434352874756e-03
4.197819624096155167e-03
4.191245418041944504e-03
4.238457418978214264e-03
4.256864544004201889e-03
4.268165677785873413e-03
4.279807675629854202e-03
4.227404017001390457e-03
4.186687059700489044e-03
4.208115860819816589e-03
4.263297189027070999e-03
4.313245881348848343e-03
4.365849774330854416e-03
4.377242643386125565e-03
4.390600603073835373e-03
4.394741263240575790e-03
4.478726070374250412e-03
4.445250611752271652e-03
4.381837788969278336e-03
4.272100050002336502e-03
4.150637891143560410e-03
4.074864089488983154e-03
4.019901156425476074e-03
3.950999118387699127e-03
3.809425281360745430e-03
3.730914788320660591e-03
3.698887070640921593e-03
3.700164379552006721e-03
3.668610239401459694e-03
3.658006433397531509e-03
3.661224851384758949e-03
3.693746402859687805e-03
3.748146817088127136e-03
3.847561310976743698e-03
3.926035482436418533e-03
3.941992297768592834e-03
3.899795468896627426e-03
3.861691802740097046e-03
3.789856564253568649e-03
3.730990458279848099e-03
3.770751412957906723e-03
3.888892242684960365e-03
4.057993646711111069e-03
4.233257845044136047e-03
4.355388693511486053e-03
4.473684821277856827e-03
4.618123173713684082e-03
4.719430580735206604e-03
4.778856411576271057e-03
4.855785984545946121e-03
4.900273866951465607e-03
4.923708271235227585e-03
4.884390160441398621e-03
4.810599610209465027e-03
4.736631177365779877e-03
4.673252813518047333e-03
4.606688860803842545e-03
4.538109991699457169e-03
4.454544745385646820e-03
4.389580804854631424e-03
4.346314817667007446e-03
4.305237904191017151e-03
4.218670073896646500e-03
4.176959861069917679e-03
4.130093380808830261e-03
4.041598178446292877e-03
4.012534860521554947e-03
4.036203492432832718e-03
4.028622992336750031e-03
3.968078177422285080e-03
3.906863275915384293e-03
3.846219507977366447e-03
3.850609762594103813e-03
3.821329213678836823e-03
3.786291927099227905e-03
3.738649422302842140e-03
3.707142081111669540e-03
3.644987940788269043e-03
3.621811512857675552e-03
3.553050803020596504e-03
3.483797190710902214e-03
3.453658428043127060e-03
3.486827714368700981e-03
3.563201054930686951e-03
3.657923080027103424e-03
3.781090490520000458e-03
3.911702893674373627e-03
4.007730167359113693e-03
4.075258504599332809e-03
4.126834683120250702e-03
4.187796730548143387e-03
4.208422731608152390e-03
4.256288986653089523e-03
4.307736176997423172e-03
4.299356136471033096e-03
4.273972008377313614e-03
4.198241978883743286e-03
4.176933318376541138e-03
4.200105555355548859e-03
4.233643412590026855e-03
4.307838156819343567e-03
4.368400201201438904e-03
4.388049244880676270e-03
4.415010567754507065e-03
4.457209259271621704e-03
4.456683993339538574e-03
4.461120814085006714e-03
4.472712986171245575e-03
4.496883600950241089e-03
4.508694633841514587e-03
4.545088857412338257e-03
4.597592633217573166e-03
4.639637190848588943e-03
4.666242282837629318e-03
4.694257397204637527e-03
4.747489932924509048e-03
4.785301629453897476e-03
4.796327091753482819e-03
4.760373383760452271e-03
4.746051039546728134e-03
4.689036868512630463e-03
4.593713674694299698e-03
4.510339349508285522e-03
4.473052918910980225e-03
4.389428999274969101e-03
4.331387113779783249e-03
4.256525076925754547e-03
4.228541161864995956e-03
4.206093959510326385e-03
4.171930719166994095e-03
4.212580155581235886e-03
4.262772388756275177e-03
4.283601418137550354e-03
4.283316899091005325e-03
4.247665405273437500e-03
4.256164655089378357e-03
4.253855440765619278e-03
4.285504575818777084e-03
4.321844782680273056e-03
4.369392991065979004e-03
4.442777484655380249e-03
4.483629949390888214e-03
4.515704698860645294e-03
4.531827289611101151e-03
4.577013663947582245e-03
4.591150209307670593e-03
4.592361394315958023e-03
4.598254337906837463e-03
4.629108589142560959e-03
4.644963424652814865e-03
4.664808511734008789e-03
4.725799895823001862e-03
4.845066461712121964e-03
5.002511665225028992e-03
5.169272422790527344e-03
5.315811373293399811e-03
5.402641370892524719e-03
5.475628189742565155e-03
5.520435050129890442e-03
5.550325382500886917e-03
5.550005473196506500e-03
5.515785887837409973e-03
5.449536722153425217e-03
5.430946592241525650e-03
5.448464769870042801e-03
5.457815248519182205e-03
5.505751818418502808e-03
5.539092235267162323e-03
5.588616244494915009e-03
5.625278688967227936e-03
5.675727501511573792e-03
5.744238849729299545e-03
5.771245807409286499e-03
5.778355058282613754e-03
5.808847025036811829e-03
5.874491296708583832e-03
5.960850510746240616e-03
6.075005047023296356e-03
6.143311504274606705e-03
6.222271360456943512e-03
6.273180712014436722e-03
6.321925204247236252e-03
6.370196584612131119e-03
6.427522748708724976e-03
6.496580317616462708e-03
6.551220547407865524e-03
6.601896602660417557e-03
6.619413383305072784e-03
6.614334415644407272e-03
6.592123769223690033e-03
6.558443419635295868e-03
6.489433348178863525e-03
6.398348137736320496e-03
6.342634093016386032e-03
6.265274714678525925e-03
6.220459472388029099e-03
6.210281979292631149e-03
6.264151539653539658e-03
6.342159118503332138e-03
6.420899182558059692e-03
6.487275008112192154e-03
6.541295442730188370e-03
6.565790623426437378e-03
6.588289514183998108e-03
6.593391299247741699e-03
6.578515749424695969e-03
6.593015044927597046e-03
6.563705857843160629e-03
6.543754599988460541e-03
6.578673608601093292e-03
