-1.128888130187988281e-02,3.376364707946777344e-03,-7.123741507530212402e-02
-1.128888130187988281e-02,3.376364707946777344e-03,-7.123741507530212402e-02
-1.028871536254882812e-02,2.376437187194824219e-03,-7.223740220069885254e-02
-9.373903274536132812e-03,1.407027244567871094e-03,-7.161611318588256836e-02
-8.451700210571289062e-03,1.010417938232421875e-03,-7.083457708358764648e-02
-7.511377334594726562e-03,9.334087371826171875e-04,-6.998497247695922852e-02
-6.577014923095703125e-03,4.180669784545898438e-04,-6.934371590614318848e-02
-5.716562271118164062e-03,-2.621412277221679688e-04,-6.875830888748168945e-02
-5.109548568725585938e-03,-5.868673324584960938e-04,-6.822189688682556152e-02
-4.503965377807617188e-03,-8.814334869384765625e-04,-6.757381558418273926e-02
-3.911018371582031250e-03,-1.258850097656250000e-03,-6.684553623199462891e-02
-3.315687179565429688e-03,-1.450300216674804688e-03,-6.616744399070739746e-02
-2.834320068359375000e-03,-1.920461654663085938e-03,-6.559884548187255859e-02
-2.520322799682617188e-03,-2.405524253845214844e-03,-6.495290994644165039e-02
-2.318859100341796875e-03,-2.616643905639648438e-03,-6.430345773696899414e-02
-2.119779586791992188e-03,-2.727150917053222656e-03,-6.366527080535888672e-02
-1.791477203369140625e-03,-2.826213836669921875e-03,-6.319501996040344238e-02
-1.591444015502929688e-03,-3.083705902099609375e-03,-6.273841857910156250e-02
-1.490354537963867188e-03,-3.342866897583007812e-03,-6.222137808799743652e-02
-1.473903656005859375e-03,-3.618955612182617188e-03,-6.164285540580749512e-02
-1.698255538940429688e-03,-3.746867179870605469e-03,-6.111189723014831543e-02
-1.829624176025390625e-03,-3.818511962890625000e-03,-6.055855751037597656e-02
-2.143144607543945312e-03,-3.868341445922851562e-03,-6.005048751831054688e-02
-2.465009689331054688e-03,-4.108309745788574219e-03,-5.968916416168212891e-02
-2.879142761230468750e-03,-4.395484924316406250e-03,-5.921778082847595215e-02
-3.393411636352539062e-03,-4.739642143249511719e-03,-5.881133675575256348e-02
-3.913640975952148438e-03,-5.032420158386230469e-03,-5.851191282272338867e-02
-4.492044448852539062e-03,-5.441308021545410156e-03,-5.827087163925170898e-02
-4.904508590698242188e-03,-5.753874778747558594e-03,-5.808609724044799805e-02
-5.276918411254882812e-03,-6.031036376953125000e-03,-5.808705091476440430e-02
-5.638599395751953125e-03,-6.047487258911132812e-03,-5.788713693618774414e-02
-6.144046783447265625e-03,-6.070971488952636719e-03,-5.770933628082275391e-02
-6.588935852050781250e-03,-6.142139434814453125e-03,-5.765226483345031738e-02
-6.907224655151367188e-03,-6.305456161499023438e-03,-5.758315324783325195e-02
-7.128000259399414062e-03,-6.500363349914550781e-03,-5.735462903976440430e-02
-7.279872894287109375e-03,-6.634712219238281250e-03,-5.720001459121704102e-02
-7.596015930175781250e-03,-6.761550903320312500e-03,-5.700272321701049805e-02
-7.894039154052734375e-03,-6.836414337158203125e-03,-5.677518248558044434e-02
-8.091449737548828125e-03,-6.947875022888183594e-03,-5.655786395072937012e-02
-8.565664291381835938e-03,-7.172465324401855469e-03,-5.632174015045166016e-02
-8.982658386230468750e-03,-7.391571998596191406e-03,-5.610051751136779785e-02
-9.406089782714843750e-03,-7.681131362915039062e-03,-5.592811107635498047e-02
-9.818553924560546875e-03,-7.925271987915039062e-03,-5.586203932762145996e-02
-1.015114784240722656e-02,-8.225560188293457031e-03,-5.567997694015502930e-02
-1.038122177124023438e-02,-8.491158485412597656e-03,-5.552190542221069336e-02
-1.066613197326660156e-02,-8.721828460693359375e-03,-5.534043908119201660e-02
-1.099395751953125000e-02,-8.918285369873046875e-03,-5.508610606193542480e-02
-1.137685775756835938e-02,-9.031414985656738281e-03,-5.492654442787170410e-02
-1.182961463928222656e-02,-9.120821952819824219e-03,-5.476233363151550293e-02
-1.222586631774902344e-02,-9.216427803039550781e-03,-5.463829636573791504e-02
-1.259112358093261719e-02,-9.261131286621093750e-03,-5.446118116378784180e-02
-1.306939125061035156e-02,-9.308457374572753906e-03,-5.410996079444885254e-02
-1.352405548095703125e-02,-9.450435638427734375e-03,-5.383706092834472656e-02
-1.383590698242187500e-02,-9.464740753173828125e-03,-5.341699719429016113e-02
-1.410555839538574219e-02,-9.480595588684082031e-03,-5.286040902137756348e-02
-1.445174217224121094e-02,-9.327411651611328125e-03,-5.249881744384765625e-02
-1.477527618408203125e-02,-9.129166603088378906e-03,-5.213728547096252441e-02
-1.515245437622070312e-02,-9.010314941406250000e-03,-5.180040001869201660e-02
-1.554489135742187500e-02,-8.999705314636230469e-03,-5.151650309562683105e-02
-1.588654518127441406e-02,-9.148120880126953125e-03,-5.125102400779724121e-02
-1.616215705871582031e-02,-9.445548057556152344e-03,-5.100926756858825684e-02
-1.646018028259277344e-02,-9.694457054138183594e-03,-5.073246359825134277e-02
-1.670503616333007812e-02,-1.005172729492187500e-02,-5.044451355934143066e-02
-1.690387725830078125e-02,-1.021993160247802734e-02,-5.012628436088562012e-02
-1.717710494995117188e-02,-1.032865047454833984e-02,-4.975295066833496094e-02
-1.736235618591308594e-02,-1.041042804718017578e-02,-4.948437213897705078e-02
-1.745700836181640625e-02,-1.043069362640380859e-02,-4.911530017852783203e-02
-1.742649078369140625e-02,-1.053392887115478516e-02,-4.890143871307373047e-02
-1.742625236511230469e-02,-1.070463657379150391e-02,-4.874935746192932129e-02
-1.747226715087890625e-02,-1.091086864471435547e-02,-4.864346981048583984e-02
-1.779913902282714844e-02,-1.099717617034912109e-02,-4.855233430862426758e-02
-1.810097694396972656e-02,-1.105546951293945312e-02,-4.836139082908630371e-02
-1.841449737548828125e-02,-1.131069660186767578e-02,-4.816246032714843750e-02
-1.864242553710937500e-02,-1.150369644165039062e-02,-4.784858226776123047e-02
-1.890373229980468750e-02,-1.176583766937255859e-02,-4.758772253990173340e-02
-1.909613609313964844e-02,-1.208806037902832031e-02,-4.735973477363586426e-02
-1.918339729309082031e-02,-1.240658760070800781e-02,-4.702535271644592285e-02
-1.917695999145507812e-02,-1.253974437713623047e-02,-4.691329598426818848e-02
-1.916170120239257812e-02,-1.276743412017822266e-02,-4.690957069396972656e-02
-1.911926269531250000e-02,-1.297342777252197266e-02,-4.683637619018554688e-02
-1.912117004394531250e-02,-1.330041885375976562e-02,-4.662650823593139648e-02
-1.908636093139648438e-02,-1.372873783111572266e-02,-4.625594615936279297e-02
-1.902651786804199219e-02,-1.411342620849609375e-02,-4.583266377449035645e-02
-1.892304420471191406e-02,-1.436471939086914062e-02,-4.547747969627380371e-02
-1.889586448669433594e-02,-1.458215713500976562e-02,-4.507297277450561523e-02
-1.890540122985839844e-02,-1.477766036987304688e-02,-4.481595754623413086e-02
-1.893663406372070312e-02,-1.493024826049804688e-02,-4.468387365341186523e-02
-1.900577545166015625e-02,-1.507318019866943359e-02,-4.461514949798583984e-02
-1.905894279479980469e-02,-1.523828506469726562e-02,-4.461723566055297852e-02
-1.917409896850585938e-02,-1.542496681213378906e-02,-4.464372992515563965e-02
-1.925110816955566406e-02,-1.555776596069335938e-02,-4.482659697532653809e-02
-1.936316490173339844e-02,-1.572549343109130859e-02,-4.491135478019714355e-02
-1.958775520324707031e-02,-1.591205596923828125e-02,-4.504966735839843750e-02
-1.970386505126953125e-02,-1.613152027130126953e-02,-4.512473940849304199e-02
-1.987719535827636719e-02,-1.622271537780761719e-02,-4.527378082275390625e-02
-2.003598213195800781e-02,-1.629340648651123047e-02,-4.540386795997619629e-02
-2.021789550781250000e-02,-1.632189750671386719e-02,-4.564523696899414062e-02
-2.046513557434082031e-02,-1.631891727447509766e-02,-4.580169916152954102e-02
-2.068781852722167969e-02,-1.636731624603271484e-02,-4.585927724838256836e-02
-2.081251144409179688e-02,-1.637315750122070312e-02,-4.591092467308044434e-02
-2.102613449096679688e-02,-1.658964157104492188e-02,-4.577371478080749512e-02
-2.122044563293457031e-02,-1.700675487518310547e-02,-4.561302065849304199e-02
-2.138710021972656250e-02,-1.738631725311279297e-02,-4.522651433944702148e-02
-2.140522003173828125e-02,-1.770114898681640625e-02,-4.483950138092041016e-02
-2.137112617492675781e-02,-1.791715621948242188e-02,-4.456228017807006836e-02
-2.121806144714355469e-02,-1.813530921936035156e-02,-4.421892762184143066e-02
-2.111959457397460938e-02,-1.830482482910156250e-02,-4.378351569175720215e-02
-2.097344398498535156e-02,-1.859414577484130859e-02,-4.336333274841308594e-02
-2.086925506591796875e-02,-1.881551742553710938e-02,-4.299721121788024902e-02
-2.072024345397949219e-02,-1.907825469970703125e-02,-4.280656576156616211e-02
-2.063083648681640625e-02,-1.932561397552490234e-02,-4.261279106140136719e-02
-2.060580253601074219e-02,-1.959264278411865234e-02,-4.242625832557678223e-02
-2.053380012512207031e-02,-1.983022689819335938e-02,-4.232284426689147949e-02
-2.051043510437011719e-02,-1.994788646697998047e-02,-4.217201471328735352e-02
-2.047371864318847656e-02,-2.001726627349853516e-02,-4.216757416725158691e-02
-2.034783363342285156e-02,-2.013885974884033203e-02,-4.221409559249877930e-02
-2.011990547180175781e-02,-2.026891708374023438e-02,-4.233485460281372070e-02
-1.989483833312988281e-02,-2.040600776672363281e-02,-4.240536689758300781e-02
-1.976346969604492188e-02,-2.047920227050781250e-02,-4.240643978118896484e-02
-1.979398727416992188e-02,-2.053773403167724609e-02,-4.242172837257385254e-02
-1.971721649169921875e-02,-2.062118053436279297e-02,-4.242625832557678223e-02
-1.965427398681640625e-02,-2.067494392395019531e-02,-4.233610630035400391e-02
-1.969265937805175781e-02,-2.068471908569335938e-02,-4.214605689048767090e-02
-1.974153518676757812e-02,-2.063798904418945312e-02,-4.202115535736083984e-02
-1.979255676269531250e-02,-2.067780494689941406e-02,-4.182305932044982910e-02
-1.978826522827148438e-02,-2.074682712554931641e-02,-4.175910353660583496e-02
-1.990485191345214844e-02,-2.086877822875976562e-02,-4.163298010826110840e-02
-2.004456520080566406e-02,-2.097523212432861328e-02,-4.146438837051391602e-02
-2.026224136352539062e-02,-2.118492126464843750e-02,-4.117864370346069336e-02
-2.050566673278808594e-02,-2.136981487274169922e-02,-4.091724753379821777e-02
-2.075099945068359375e-02,-2.156150341033935547e-02,-4.070726037025451660e-02
-2.093529701232910156e-02,-2.167892456054687500e-02,-4.049280285835266113e-02
-2.110457420349121094e-02,-2.172386646270751953e-02,-4.027715325355529785e-02
-2.126669883728027344e-02,-2.172696590423583984e-02,-4.004287719726562500e-02
-2.152037620544433594e-02,-2.180242538452148438e-02,-3.981369733810424805e-02
-2.185320854187011719e-02,-2.181363105773925781e-02,-3.966942429542541504e-02
-2.218580245971679688e-02,-2.171874046325683594e-02,-3.950110077857971191e-02
-2.253246307373046875e-02,-2.161407470703125000e-02,-3.918093442916870117e-02
-2.296566963195800781e-02,-2.148509025573730469e-02,-3.885486721992492676e-02
-2.338910102844238281e-02,-2.148556709289550781e-02,-3.840073943138122559e-02
-2.377510070800781250e-02,-2.145659923553466797e-02,-3.792965412139892578e-02
-2.420020103454589844e-02,-2.149283885955810547e-02,-3.747326135635375977e-02
-2.462649345397949219e-02,-2.151989936828613281e-02,-3.714439272880554199e-02
-2.506351470947265625e-02,-2.128815650939941406e-02,-3.692063689231872559e-02
-2.552533149719238281e-02,-2.099585533142089844e-02,-3.667059540748596191e-02
-2.604579925537109375e-02,-2.072858810424804688e-02,-3.641197085380554199e-02
-2.650332450866699219e-02,-2.047002315521240234e-02,-3.613764047622680664e-02
-2.687931060791015625e-02,-2.029991149902343750e-02,-3.588542342185974121e-02
-2.722311019897460938e-02,-2.005505561828613281e-02,-3.592139482498168945e-02
-2.756214141845703125e-02,-1.979863643646240234e-02,-3.596329689025878906e-02
-2.794766426086425781e-02,-1.954543590545654297e-02,-3.609004616737365723e-02
-2.831673622131347656e-02,-1.927983760833740234e-02,-3.627967834472656250e-02
-2.850842475891113281e-02,-1.897656917572021484e-02,-3.640866279602050781e-02
-2.873277664184570312e-02,-1.875305175781250000e-02,-3.654125332832336426e-02
-2.896761894226074219e-02,-1.852798461914062500e-02,-3.661260008811950684e-02
-2.925634384155273438e-02,-1.828837394714355469e-02,-3.660684823989868164e-02
-2.951073646545410156e-02,-1.811361312866210938e-02,-3.660166263580322266e-02
-2.978801727294921875e-02,-1.782798767089843750e-02,-3.659379482269287109e-02
-3.009057044982910156e-02,-1.752889156341552734e-02,-3.653138875961303711e-02
-3.043770790100097656e-02,-1.734387874603271484e-02,-3.651744127273559570e-02
-3.071808815002441406e-02,-1.723802089691162109e-02,-3.650811314582824707e-02
-3.108835220336914062e-02,-1.711833477020263672e-02,-3.655567765235900879e-02
-3.143453598022460938e-02,-1.700282096862792969e-02,-3.664821386337280273e-02
-3.183627128601074219e-02,-1.684546470642089844e-02,-3.683498501777648926e-02
-3.225016593933105469e-02,-1.666617393493652344e-02,-3.694996237754821777e-02
-3.263616561889648438e-02,-1.653981208801269531e-02,-3.696599602699279785e-02
-3.319692611694335938e-02,-1.633155345916748047e-02,-3.698781132698059082e-02
-3.374624252319335938e-02,-1.613497734069824219e-02,-3.698366880416870117e-02
-3.433632850646972656e-02,-1.597833633422851562e-02,-3.696283698081970215e-02
-3.488039970397949219e-02,-1.595675945281982422e-02,-3.684070706367492676e-02
-3.550410270690917969e-02,-1.577627658843994141e-02,-3.677013516426086426e-02
-3.606915473937988281e-02,-1.569223403930664062e-02,-3.677949309349060059e-02
-3.676557540893554688e-02,-1.571154594421386719e-02,-3.665757179260253906e-02
-3.756785392761230469e-02,-1.577007770538330078e-02,-3.663054108619689941e-02
-3.823256492614746094e-02,-1.576972007751464844e-02,-3.662860393524169922e-02
-3.881692886352539062e-02,-1.575648784637451172e-02,-3.654342889785766602e-02
-3.941607475280761719e-02,-1.554381847381591797e-02,-3.637474775314331055e-02
-3.994488716125488281e-02,-1.542115211486816406e-02,-3.613886237144470215e-02
-4.056882858276367188e-02,-1.537799835205078125e-02,-3.592208027839660645e-02
-4.112434387207031250e-02,-1.532554626464843750e-02,-3.574320673942565918e-02
-4.164552688598632812e-02,-1.530635356903076172e-02,-3.568255901336669922e-02
-4.219007492065429688e-02,-1.523756980895996094e-02,-3.555667400360107422e-02
-4.285049438476562500e-02,-1.522922515869140625e-02,-3.544816374778747559e-02
-4.345417022705078125e-02,-1.531195640563964844e-02,-3.535994887351989746e-02
-4.405903816223144531e-02,-1.532673835754394531e-02,-3.523167967796325684e-02
-4.454874992370605469e-02,-1.515495777130126953e-02,-3.516468405723571777e-02
-4.510426521301269531e-02,-1.514828205108642578e-02,-3.512182831764221191e-02
-4.563570022583007812e-02,-1.513910293579101562e-02,-3.497064113616943359e-02
-4.617452621459960938e-02,-1.506507396697998047e-02,-3.479960560798645020e-02
-4.675889015197753906e-02,-1.502132415771484375e-02,-3.456947207450866699e-02
-4.748058319091796875e-02,-1.481580734252929688e-02,-3.435084223747253418e-02
-4.816770553588867188e-02,-1.459503173828125000e-02,-3.420421481132507324e-02
-4.886507987976074219e-02,-1.431930065155029297e-02,-3.404030203819274902e-02
-4.952168464660644531e-02,-1.419973373413085938e-02,-3.385207056999206543e-02
-5.013918876647949219e-02,-1.405024528503417969e-02,-3.374272584915161133e-02
-5.070614814758300781e-02,-1.413798332214355469e-02,-3.361761569976806641e-02
-5.128526687622070312e-02,-1.422905921936035156e-02,-3.351995348930358887e-02
-5.184221267700195312e-02,-1.430308818817138672e-02,-3.348603844642639160e-02
-5.236315727233886719e-02,-1.446044445037841797e-02,-3.339609503746032715e-02
-5.279564857482910156e-02,-1.450562477111816406e-02,-3.326562047004699707e-02
-5.317401885986328125e-02,-1.441228389739990234e-02,-3.305265307426452637e-02
-5.342745780944824219e-02,-1.428902149200439453e-02,-3.273728489875793457e-02
-5.376338958740234375e-02,-1.416254043579101562e-02,-3.234249353408813477e-02
-5.397224426269531250e-02,-1.389217376708984375e-02,-3.193153440952301025e-02
-5.419635772705078125e-02,-1.374769210815429688e-02,-3.151595592498779297e-02
-5.446434020996093750e-02,-1.356768608093261719e-02,-3.103317320346832275e-02
-5.465483665466308594e-02,-1.337957382202148438e-02,-3.062967956066131592e-02
-5.486345291137695312e-02,-1.319241523742675781e-02,-3.024941682815551758e-02
-5.505800247192382812e-02,-1.312458515167236328e-02,-2.990621328353881836e-02
-5.531334877014160156e-02,-1.303601264953613281e-02,-2.972069382667541504e-02
-5.557513236999511719e-02,-1.293683052062988281e-02,-2.968457341194152832e-02
-5.575132369995117188e-02,-1.293838024139404297e-02,-2.970011532306671143e-02
-5.596113204956054688e-02,-1.289939880371093750e-02,-2.961063385009765625e-02
-5.634570121765136719e-02,-1.287198066711425781e-02,-2.945767343044281006e-02
-5.676865577697753906e-02,-1.299893856048583984e-02,-2.925288677215576172e-02
-5.716896057128906250e-02,-1.313424110412597656e-02,-2.897933125495910645e-02
-5.760145187377929688e-02,-1.324117183685302734e-02,-2.860255539417266846e-02
-5.791974067687988281e-02,-1.326429843902587891e-02,-2.828744053840637207e-02
-5.826425552368164062e-02,-1.327991485595703125e-02,-2.795881032943725586e-02
-5.849123001098632812e-02,-1.322793960571289062e-02,-2.765172719955444336e-02
-5.851888656616210938e-02,-1.309466361999511719e-02,-2.743083238601684570e-02
-5.859327316284179688e-02,-1.303899288177490234e-02,-2.730423212051391602e-02
-5.859088897705078125e-02,-1.298725605010986328e-02,-2.716048061847686768e-02
-5.856037139892578125e-02,-1.282680034637451172e-02,-2.674348652362823486e-02
-5.843091011047363281e-02,-1.259481906890869141e-02,-2.633504569530487061e-02
-5.828833580017089844e-02,-1.244449615478515625e-02,-2.592286467552185059e-02
-5.800890922546386719e-02,-1.226747035980224609e-02,-2.551929652690887451e-02
-5.797219276428222656e-02,-1.211154460906982422e-02,-2.520455420017242432e-02
-5.796456336975097656e-02,-1.185953617095947266e-02,-2.492941915988922119e-02
-5.791163444519042969e-02,-1.149892807006835938e-02,-2.469010651111602783e-02
-5.792760848999023438e-02,-1.107442378997802734e-02,-2.444070577621459961e-02
-5.796718597412109375e-02,-1.077842712402343750e-02,-2.433349192142486572e-02
-5.783653259277343750e-02,-1.048171520233154297e-02,-2.415904402732849121e-02
-5.768752098083496094e-02,-1.014673709869384766e-02,-2.393785119056701660e-02
-5.754303932189941406e-02,-9.817123413085937500e-03,-2.389891445636749268e-02
-5.746030807495117188e-02,-9.360194206237792969e-03,-2.394558489322662354e-02
-5.737781524658203125e-02,-8.889555931091308594e-03,-2.389387786388397217e-02
-5.737328529357910156e-02,-8.336544036865234375e-03,-2.391064167022705078e-02
-5.726337432861328125e-02,-7.886171340942382812e-03,-2.385912835597991943e-02
-5.729055404663085938e-02,-7.394909858703613281e-03,-2.381570637226104736e-02
-5.736589431762695312e-02,-6.792664527893066406e-03,-2.371591329574584961e-02
-5.748820304870605469e-02,-6.108641624450683594e-03,-2.374356985092163086e-02
-5.768847465515136719e-02,-5.480647087097167969e-03,-2.369400858879089355e-02
-5.745434761047363281e-02,-4.652380943298339844e-03,-2.360269427299499512e-02
-5.716538429260253906e-02,-3.950476646423339844e-03,-2.344629168510437012e-02
-5.692553520202636719e-02,-3.286123275756835938e-03,-2.320009469985961914e-02
-5.675268173217773438e-02,-2.589941024780273438e-03,-2.325567603111267090e-02
-5.659031867980957031e-02,-1.901984214782714844e-03,-2.332411706447601318e-02
-5.662178993225097656e-02,-1.348018646240234375e-03,-2.338792383670806885e-02
-5.660009384155273438e-02,-9.067058563232421875e-04,-2.351997792720794678e-02
-5.661296844482421875e-02,-5.929470062255859375e-04,-2.364124357700347900e-02
-5.661416053771972656e-02,-2.617835998535156250e-04,-2.386318147182464600e-02
-5.660486221313476562e-02,9.298324584960937500e-05,-2.398814260959625244e-02
-5.662322044372558594e-02,2.633333206176757812e-04,-2.410022914409637451e-02
-5.666279792785644531e-02,3.789663314819335938e-04,-2.430717647075653076e-02
-5.674767494201660156e-02,5.913972854614257812e-04,-2.430595457553863525e-02
-5.677700042724609375e-02,7.832050323486328125e-04,-2.437832951545715332e-02
-5.685901641845703125e-02,9.930133819580078125e-04,-2.436423301696777344e-02
-5.694675445556640625e-02,1.145005226135253906e-03,-2.427156269550323486e-02
-5.710577964782714844e-02,1.235604286193847656e-03,-2.427670359611511230e-02
-5.730509757995605469e-02,1.356363296508789062e-03,-2.415351569652557373e-02
-5.744600296020507812e-02,1.582264900207519531e-03,-2.390784025192260742e-02
-5.755949020385742188e-02,1.803278923034667969e-03,-2.364520728588104248e-02
-5.779910087585449219e-02,2.093434333801269531e-03,-2.353785932064056396e-02
-5.796742439270019531e-02,2.291440963745117188e-03,-2.353318035602569580e-02
-5.811429023742675781e-02,2.468585968017578125e-03,-2.365288138389587402e-02
-5.825209617614746094e-02,2.442479133605957031e-03,-2.377472817897796631e-02
-5.830478668212890625e-02,2.381443977355957031e-03,-2.397915720939636230e-02
-5.829524993896484375e-02,2.245306968688964844e-03,-2.419969439506530762e-02
-5.826568603515625000e-02,2.178192138671875000e-03,-2.432948350906372070e-02
-5.814433097839355469e-02,2.123355865478515625e-03,-2.445188164710998535e-02
-5.805659294128417969e-02,2.062559127807617188e-03,-2.463462948799133301e-02
-5.811810493469238281e-02,1.952528953552246094e-03,-2.448415756225585938e-02
-5.814528465270996094e-02,1.861810684204101562e-03,-2.438269555568695068e-02
-5.811953544616699219e-02,1.829624176025390625e-03,-2.422977983951568604e-02
-5.797147750854492188e-02,1.852035522460937500e-03,-2.410987019538879395e-02
-5.776119232177734375e-02,1.827955245971679688e-03,-2.403876185417175293e-02
-5.744290351867675781e-02,1.728773117065429688e-03,-2.385710179805755615e-02
-5.708050727844238281e-02,1.634120941162109375e-03,-2.361834049224853516e-02
-5.668163299560546875e-02,1.447558403015136719e-03,-2.346011996269226074e-02
-5.614328384399414062e-02,1.257538795471191406e-03,-2.322641015052795410e-02
-5.569410324096679688e-02,1.201510429382324219e-03,-2.301703393459320068e-02
-5.517816543579101562e-02,1.166582107543945312e-03,-2.286008000373840332e-02
-5.454850196838378906e-02,1.175880432128906250e-03,-2.271258831024169922e-02
-5.391931533813476562e-02,1.195788383483886719e-03,-2.244748175144195557e-02
-5.314540863037109375e-02,1.264452934265136719e-03,-2.207842469215393066e-02
-5.247616767883300781e-02,1.340627670288085938e-03,-2.170862257480621338e-02
-5.184078216552734375e-02,1.591324806213378906e-03,-2.128529548645019531e-02
-5.132722854614257812e-02,1.835227012634277344e-03,-2.105085551738739014e-02
-5.085587501525878906e-02,2.021312713623046875e-03,-2.088510990142822266e-02
-5.052804946899414062e-02,2.301216125488281250e-03,-2.070401608943939209e-02
-5.028104782104492188e-02,2.559065818786621094e-03,-2.056108415126800537e-02
-5.008840560913085938e-02,2.949595451354980469e-03,-2.062493562698364258e-02
-4.996871948242187500e-02,3.314375877380371094e-03,-2.071626484394073486e-02
-4.994344711303710938e-02,3.560543060302734375e-03,-2.086317539215087891e-02
-4.992437362670898438e-02,3.772854804992675781e-03,-2.109766006469726562e-02
-5.004930496215820312e-02,3.956198692321777344e-03,-2.118474245071411133e-02
-5.026459693908691406e-02,4.328489303588867188e-03,-2.108430862426757812e-02
-5.063772201538085938e-02,4.959583282470703125e-03,-2.081944048404693604e-02
-5.102276802062988281e-02,5.621433258056640625e-03,-2.052202820777893066e-02
-5.153012275695800781e-02,6.296634674072265625e-03,-2.014310657978057861e-02
-5.205726623535156250e-02,6.891012191772460938e-03,-1.971192657947540283e-02
-5.240297317504882812e-02,7.439136505126953125e-03,-1.931887865066528320e-02
-5.271697044372558594e-02,7.834553718566894531e-03,-1.904599368572235107e-02
-5.311059951782226562e-02,8.190035820007324219e-03,-1.891006529331207275e-02
-5.344486236572265625e-02,8.481383323669433594e-03,-1.888400316238403320e-02
-5.372047424316406250e-02,8.748173713684082031e-03,-1.891358196735382080e-02
-5.391955375671386719e-02,8.805513381958007812e-03,-1.902960240840911865e-02
-5.397200584411621094e-02,8.730888366699218750e-03,-1.908601820468902588e-02
-5.397200584411621094e-02,8.730888366699218750e-03,-1.908601820468902588e-02
-5.401182174682617188e-02,8.674740791320800781e-03,-1.900073885917663574e-02
-5.412554740905761719e-02,8.514404296875000000e-03,-1.875619590282440186e-02
-5.438184738159179688e-02,8.452415466308593750e-03,-1.834237575531005859e-02
-5.462622642517089844e-02,8.422851562500000000e-03,-1.786080002784729004e-02
-5.478549003601074219e-02,8.442878723144531250e-03,-1.748003065586090088e-02
-5.505442619323730469e-02,8.353710174560546875e-03,-1.730699837207794189e-02
-5.529856681823730469e-02,8.145928382873535156e-03,-1.709738373756408691e-02
-5.549192428588867188e-02,7.922887802124023438e-03,-1.684802770614624023e-02
-5.563664436340332031e-02,7.812500000000000000e-03,-1.671716570854187012e-02
-5.580759048461914062e-02,7.799983024597167969e-03,-1.659351587295532227e-02
-5.608248710632324219e-02,7.726669311523437500e-03,-1.646389067173004150e-02
-5.631113052368164062e-02,7.527112960815429688e-03,-1.641277968883514404e-02
-5.660128593444824219e-02,7.407426834106445312e-03,-1.639330387115478516e-02
-5.691719055175781250e-02,7.320642471313476562e-03,-1.636344194412231445e-02
-5.730032920837402344e-02,7.237076759338378906e-03,-1.635092496871948242e-02
-5.765748023986816406e-02,7.113337516784667969e-03,-1.631408929824829102e-02
-5.808711051940917969e-02,7.023215293884277344e-03,-1.623564958572387695e-02
-5.860185623168945312e-02,7.012963294982910156e-03,-1.620155572891235352e-02
-5.909562110900878906e-02,6.993174552917480469e-03,-1.617863774299621582e-02
-5.948829650878906250e-02,7.072329521179199219e-03,-1.615092158317565918e-02
-5.994796752929687500e-02,7.076025009155273438e-03,-1.617522537708282471e-02
-6.037330627441406250e-02,7.011055946350097656e-03,-1.620088517665863037e-02
-6.076478958129882812e-02,6.992340087890625000e-03,-1.620030403137207031e-02
-6.113338470458984375e-02,6.906747817993164062e-03,-1.616175472736358643e-02
-6.155419349670410156e-02,6.830692291259765625e-03,-1.615913212299346924e-02
-6.193804740905761719e-02,6.856918334960937500e-03,-1.619346439838409424e-02
-6.228733062744140625e-02,6.802320480346679688e-03,-1.618285477161407471e-02
-6.262111663818359375e-02,6.790280342102050781e-03,-1.626732945442199707e-02
-6.291127204895019531e-02,6.858587265014648438e-03,-1.640450954437255859e-02
-6.304049491882324219e-02,6.820797920227050781e-03,-1.657998561859130859e-02
-6.324005126953125000e-02,6.736516952514648438e-03,-1.683938503265380859e-02
-6.346321105957031250e-02,6.714344024658203125e-03,-1.707972586154937744e-02
-6.373739242553710938e-02,6.536364555358886719e-03,-1.730461418628692627e-02
-6.418061256408691406e-02,6.376028060913085938e-03,-1.739282906055450439e-02
-6.462001800537109375e-02,6.218194961547851562e-03,-1.730901002883911133e-02
-6.508493423461914062e-02,6.153583526611328125e-03,-1.715148985385894775e-02
-6.560373306274414062e-02,6.123900413513183594e-03,-1.699791848659515381e-02
-6.592941284179687500e-02,6.252646446228027344e-03,-1.681835949420928955e-02
-6.617093086242675781e-02,6.418585777282714844e-03,-1.660980284214019775e-02
-6.637096405029296875e-02,6.547331809997558594e-03,-1.650221645832061768e-02
-6.649398803710937500e-02,6.621718406677246094e-03,-1.645039021968841553e-02
-6.670117378234863281e-02,6.720662117004394531e-03,-1.644998788833618164e-02
-6.688117980957031250e-02,6.799340248107910156e-03,-1.652543246746063232e-02
-6.699705123901367188e-02,7.032632827758789062e-03,-1.660515367984771729e-02
-6.720876693725585938e-02,7.357120513916015625e-03,-1.668129861354827881e-02
-6.736683845520019531e-02,7.730484008789062500e-03,-1.674975454807281494e-02
-6.755566596984863281e-02,8.144497871398925781e-03,-1.683363318443298340e-02
-6.770896911621093750e-02,8.544802665710449219e-03,-1.688848435878753662e-02
-6.777691841125488281e-02,8.874177932739257812e-03,-1.682502031326293945e-02
-6.778335571289062500e-02,9.188055992126464844e-03,-1.678700745105743408e-02
-6.788563728332519531e-02,9.565949440002441406e-03,-1.668427884578704834e-02
-6.799030303955078125e-02,9.946703910827636719e-03,-1.665101945400238037e-02
-6.814002990722656250e-02,1.029825210571289062e-02,-1.666443049907684326e-02
-6.827378273010253906e-02,1.068651676177978516e-02,-1.666988432407379150e-02
-6.840062141418457031e-02,1.109886169433593750e-02,-1.672019064426422119e-02
-6.853675842285156250e-02,1.143193244934082031e-02,-1.685078442096710205e-02
-6.859016418457031250e-02,1.168859004974365234e-02,-1.695892214775085449e-02
-6.871366500854492188e-02,1.193130016326904297e-02,-1.681026816368103027e-02
-6.886649131774902344e-02,1.224923133850097656e-02,-1.656970381736755371e-02
-6.897854804992675781e-02,1.251959800720214844e-02,-1.635986566543579102e-02
-6.907987594604492188e-02,1.278388500213623047e-02,-1.633664965629577637e-02
-6.920719146728515625e-02,1.300251483917236328e-02,-1.636213064193725586e-02
-6.912541389465332031e-02,1.324927806854248047e-02,-1.639007031917572021e-02
-6.905007362365722656e-02,1.343250274658203125e-02,-1.644636690616607666e-02
-6.896924972534179688e-02,1.360166072845458984e-02,-1.656155288219451904e-02
-6.881904602050781250e-02,1.372146606445312500e-02,-1.664826273918151855e-02
-6.861305236816406250e-02,1.382458209991455078e-02,-1.685571670532226562e-02
-6.865596771240234375e-02,1.400446891784667969e-02,-1.706328988075256348e-02
-6.873083114624023438e-02,1.422643661499023438e-02,-1.724332571029663086e-02
-6.882524490356445312e-02,1.436483860015869141e-02,-1.719310879707336426e-02
-6.884288787841796875e-02,1.461613178253173828e-02,-1.710103452205657959e-02
-6.885814666748046875e-02,1.489996910095214844e-02,-1.694138348102569580e-02
-6.894183158874511719e-02,1.520192623138427734e-02,-1.682567596435546875e-02
-6.897139549255371094e-02,1.551318168640136719e-02,-1.674416661262512207e-02
-6.898045539855957031e-02,1.583635807037353516e-02,-1.668426394462585449e-02
-6.897377967834472656e-02,1.607930660247802734e-02,-1.658618450164794922e-02
-6.904983520507812500e-02,1.622128486633300781e-02,-1.642425358295440674e-02
-6.906938552856445312e-02,1.625216007232666016e-02,-1.629315316677093506e-02
-6.903624534606933594e-02,1.626992225646972656e-02,-1.621524989604949951e-02
-6.901907920837402344e-02,1.624619960784912109e-02,-1.615631580352783203e-02
-6.893682479858398438e-02,1.622951030731201172e-02,-1.615373790264129639e-02
-6.879067420959472656e-02,1.616752147674560547e-02,-1.611137390136718750e-02
-6.869029998779296875e-02,1.613867282867431641e-02,-1.602563261985778809e-02
-6.861424446105957031e-02,1.616632938385009766e-02,-1.584070920944213867e-02
-6.856775283813476562e-02,1.613330841064453125e-02,-1.559057831764221191e-02
-6.849956512451171875e-02,1.621985435485839844e-02,-1.529227197170257568e-02
-6.841754913330078125e-02,1.624441146850585938e-02,-1.508264243602752686e-02
-6.831717491149902344e-02,1.639819145202636719e-02,-1.488076150417327881e-02
-6.826257705688476562e-02,1.657366752624511719e-02,-1.471702754497528076e-02
-6.817674636840820312e-02,1.663970947265625000e-02,-1.460394263267517090e-02
-6.802868843078613281e-02,1.670110225677490234e-02,-1.459492743015289307e-02
-6.793546676635742188e-02,1.671469211578369141e-02,-1.464962959289550781e-02
-6.781005859375000000e-02,1.668477058410644531e-02,-1.468236744403839111e-02
-6.770038604736328125e-02,1.669991016387939453e-02,-1.465547084808349609e-02
-6.759142875671386719e-02,1.564669609069824219e-02,-1.456771790981292725e-02
-6.753301620483398438e-02,1.471054553985595703e-02,-1.442985236644744873e-02
-6.755518913269042969e-02,1.384246349334716797e-02,-1.412288844585418701e-02
-6.767129898071289062e-02,1.299595832824707031e-02,-1.377777755260467529e-02
-6.781125068664550781e-02,1.221942901611328125e-02,-1.352326571941375732e-02
-6.796789169311523438e-02,1.151669025421142578e-02,-1.339894533157348633e-02
-6.815671920776367188e-02,1.085996627807617188e-02,-1.334579288959503174e-02
-6.836080551147460938e-02,1.028370857238769531e-02,-1.338951289653778076e-02
-6.861424446105957031e-02,9.706854820251464844e-03,-1.340755820274353027e-02
-6.890344619750976562e-02,9.186863899230957031e-03,-1.342743635177612305e-02
-6.918716430664062500e-02,8.709907531738281250e-03,-1.344721019268035889e-02
-6.955862045288085938e-02,8.285999298095703125e-03,-1.344606280326843262e-02
-6.993722915649414062e-02,7.878422737121582031e-03,-1.340383291244506836e-02
-7.030892372131347656e-02,7.499575614929199219e-03,-1.328428089618682861e-02
-7.067203521728515625e-02,7.183432579040527344e-03,-1.315510272979736328e-02
-7.109975814819335938e-02,6.896257400512695312e-03,-1.296077668666839600e-02
-7.154989242553710938e-02,6.674051284790039062e-03,-1.271203160285949707e-02
-7.188439369201660156e-02,6.435036659240722656e-03,-1.236228644847869873e-02
-7.214903831481933594e-02,6.186366081237792969e-03,-1.203356683254241943e-02
-7.241749763488769531e-02,5.997419357299804688e-03,-1.167190074920654297e-02
-7.265663146972656250e-02,5.802631378173828125e-03,-1.121762394905090332e-02
-7.283449172973632812e-02,5.627036094665527344e-03,-1.077264547348022461e-02
-7.300376892089843750e-02,5.504846572875976562e-03,-1.029983162879943848e-02
-7.318973541259765625e-02,5.408644676208496094e-03,-9.764686226844787598e-03
-7.345700263977050781e-02,5.280017852783203125e-03,-9.278625249862670898e-03
-7.383298873901367188e-02,5.122423171997070312e-03,-8.740201592445373535e-03
-7.421231269836425781e-02,4.964113235473632812e-03,-8.121207356452941895e-03
-7.464790344238281250e-02,4.787445068359375000e-03,-7.491618394851684570e-03
-7.508015632629394531e-02,4.676222801208496094e-03,-6.957754492759704590e-03
-7.554483413696289062e-02,4.581809043884277344e-03,-6.426334381103515625e-03
-7.599592208862304688e-02,4.493951797485351562e-03,-5.909383296966552734e-03
-7.643127441406250000e-02,4.423141479492187500e-03,-5.396082997322082520e-03
-7.686591148376464844e-02,4.337668418884277344e-03,-4.856228828430175781e-03
-7.722687721252441406e-02,4.212737083435058594e-03,-4.342108964920043945e-03
-7.749724388122558594e-02,4.041552543640136719e-03,-3.977149724960327148e-03
-7.778668403625488281e-02,3.913760185241699219e-03,-3.668710589408874512e-03
-7.803463935852050781e-02,3.795027732849121094e-03,-3.328204154968261719e-03
-7.821893692016601562e-02,3.693938255310058594e-03,-2.942249178886413574e-03
-7.845544815063476562e-02,3.560423851013183594e-03,-2.650082111358642578e-03
-7.870364189147949219e-02,3.470420837402343750e-03,-2.371951937675476074e-03
-7.894682884216308594e-02,3.373026847839355469e-03,-2.077654004096984863e-03
-7.913923263549804688e-02,3.284931182861328125e-03,-1.824706792831420898e-03
-7.935714721679687500e-02,3.187179565429687500e-03,-1.570910215377807617e-03
-7.954072952270507812e-02,3.076553344726562500e-03,-1.342341303825378418e-03
-7.975888252258300781e-02,2.939939498901367188e-03,-1.035526394844055176e-03
-8.002758026123046875e-02,2.813458442687988281e-03,-7.546097040176391602e-04
-8.032274246215820312e-02,2.688884735107421875e-03,-4.792362451553344727e-04
-8.069443702697753906e-02,2.555608749389648438e-03,-2.004504203796386719e-04
-8.106493949890136719e-02,2.538204193115234375e-03,-1.810491085052490234e-05
-8.148550987243652344e-02,2.526164054870605469e-03,1.447200775146484375e-04
-8.163690567016601562e-02,2.552986145019531250e-03,3.724843263626098633e-04
-8.177447319030761719e-02,2.569198608398437500e-03,5.960762500762939453e-04
-8.189129829406738281e-02,2.588272094726562500e-03,8.725076913833618164e-04
-8.191418647766113281e-02,2.567052841186523438e-03,1.154690980911254883e-03
-8.190417289733886719e-02,2.556681632995605469e-03,1.412361860275268555e-03
-8.198261260986328125e-02,2.550005912780761719e-03,1.687631011009216309e-03
-8.208274841308593750e-02,2.539038658142089844e-03,1.991897821426391602e-03
-8.223295211791992188e-02,2.486705780029296875e-03,2.362146973609924316e-03
-8.240103721618652344e-02,2.444624900817871094e-03,2.694576978683471680e-03
-8.261203765869140625e-02,2.368688583374023438e-03,3.083750605583190918e-03
-8.284139633178710938e-02,2.291679382324218750e-03,3.475740551948547363e-03
-8.307361602783203125e-02,2.195835113525390625e-03,3.890275955200195312e-03
-8.344435691833496094e-02,2.063870429992675781e-03,4.350513219833374023e-03
-8.383798599243164062e-02,1.933455467224121094e-03,4.769191145896911621e-03
-8.427238464355468750e-02,1.810431480407714844e-03,5.133286118507385254e-03
-8.471059799194335938e-02,1.649022102355957031e-03,5.485862493515014648e-03
-8.520340919494628906e-02,1.518130302429199219e-03,5.870342254638671875e-03
-8.567523956298828125e-02,1.407980918884277344e-03,6.278038024902343750e-03
-8.614802360534667969e-02,1.355171203613281250e-03,6.724029779434204102e-03
-8.661317825317382812e-02,1.333832740783691406e-03,7.145792245864868164e-03
-8.703851699829101562e-02,1.308560371398925781e-03,7.518172264099121094e-03
-8.741712570190429688e-02,1.301884651184082031e-03,7.910892367362976074e-03
-8.778452873229980469e-02,1.309990882873535156e-03,8.394002914428710938e-03
-8.806085586547851562e-02,1.320123672485351562e-03,8.875906467437744141e-03
-8.828544616699218750e-02,1.348257064819335938e-03,9.298309683799743652e-03
-8.850431442260742188e-02,1.392483711242675781e-03,9.637549519538879395e-03
-8.866691589355468750e-02,1.452684402465820312e-03,9.972393512725830078e-03
-8.880591392517089844e-02,1.562356948852539062e-03,1.025773584842681885e-02
-8.894419670104980469e-02,1.671552658081054688e-03,1.056015491485595703e-02
-8.907866477966308594e-02,1.703143119812011719e-03,1.079505681991577148e-02
-8.921837806701660156e-02,1.685738563537597656e-03,1.098662614822387695e-02
-8.942818641662597656e-02,1.661300659179687500e-03,1.110307872295379639e-02
-8.967971801757812500e-02,1.659274101257324219e-03,1.113514602184295654e-02
-8.984708786010742188e-02,1.668930053710937500e-03,1.110590994358062744e-02
-9.002828598022460938e-02,1.663684844970703125e-03,1.099263131618499756e-02
-9.019756317138671875e-02,1.641154289245605469e-03,1.086981594562530518e-02
-9.072661399841308594e-02,1.539349555969238281e-03,1.088994741439819336e-02
-9.121417999267578125e-02,1.441240310668945312e-03,1.084046065807342529e-02
-9.152865409851074219e-02,1.378893852233886719e-03,1.077279448509216309e-02
-9.183096885681152344e-02,1.328349113464355469e-03,1.068523526191711426e-02
-9.207773208618164062e-02,1.292467117309570312e-03,1.058229804039001465e-02
-9.157943725585937500e-02,1.276254653930664062e-03,1.044912636280059814e-02
-9.109640121459960938e-02,1.207947731018066406e-03,1.036204397678375244e-02
-9.064579010009765625e-02,1.147747039794921875e-03,1.024825870990753174e-02
-9.030508995056152344e-02,1.056075096130371094e-03,1.009602844715118408e-02
-9.001255035400390625e-02,1.024961471557617188e-03,9.962782263755798340e-03
-8.973264694213867188e-02,1.042366027832031250e-03,9.812116622924804688e-03
-8.950185775756835938e-02,1.059532165527343750e-03,9.660765528678894043e-03
-8.928298950195312500e-02,1.096844673156738281e-03,9.533002972602844238e-03
-8.908486366271972656e-02,1.125335693359375000e-03,9.479314088821411133e-03
-8.894252777099609375e-02,1.040577888488769531e-03,9.856373071670532227e-03
-8.884167671203613281e-02,9.560585021972656250e-04,1.019115746021270752e-02
-8.873963356018066406e-02,8.921623229980468750e-04,1.055078208446502686e-02
-8.865594863891601562e-02,8.920431137084960938e-04,1.092548668384552002e-02
-8.854198455810546875e-02,8.710622787475585938e-04,1.131764054298400879e-02
-8.841800689697265625e-02,8.876323699951171875e-04,1.168546080589294434e-02
-8.828210830688476562e-02,8.952617645263671875e-04,1.200357079505920410e-02
-8.815026283264160156e-02,8.804798126220703125e-04,1.218366622924804688e-02
-8.802914619445800781e-02,8.835792541503906250e-04,1.244595646858215332e-02
-8.791565895080566406e-02,9.089708328247070312e-04,1.262210309505462646e-02
-8.778619766235351562e-02,9.454488754272460938e-04,1.270756125450134277e-02
-8.757567405700683594e-02,9.732246398925781250e-04,1.272033154964447021e-02
-8.737874031066894531e-02,1.028537750244140625e-03,1.264885067939758301e-02
-8.715367317199707031e-02,1.119613647460937500e-03,1.254597306251525879e-02
-8.693790435791015625e-02,1.227974891662597656e-03,1.244987547397613525e-02
-8.671998977661132812e-02,1.309156417846679688e-03,1.234015822410583496e-02
-8.660459518432617188e-02,1.331210136413574219e-03,1.224461197853088379e-02
-8.654308319091796875e-02,1.394510269165039062e-03,1.208785176277160645e-02
-8.649015426635742188e-02,1.470208168029785156e-03,1.200182735919952393e-02
-8.639693260192871094e-02,1.564860343933105469e-03,1.201428472995758057e-02
-8.625864982604980469e-02,1.674175262451171875e-03,1.197811961174011230e-02
-8.619189262390136719e-02,1.781702041625976562e-03,1.200084388256072998e-02
-8.613014221191406250e-02,1.888155937194824219e-03,1.208202540874481201e-02
-8.600902557373046875e-02,1.961231231689453125e-03,1.215204596519470215e-02
-8.591413497924804688e-02,2.015471458435058594e-03,1.217058300971984863e-02
-8.580613136291503906e-02,2.093076705932617188e-03,1.215215027332305908e-02
-8.573913574218750000e-02,2.153277397155761719e-03,1.207886636257171631e-02
-8.562326431274414062e-02,2.199172973632812500e-03,1.196414232254028320e-02
-8.549237251281738281e-02,2.245306968688964844e-03,1.185832917690277100e-02
-8.538174629211425781e-02,2.333641052246093750e-03,1.176306605339050293e-02
-8.531379699707031250e-02,2.422690391540527344e-03,1.170404255390167236e-02
-8.527445793151855469e-02,2.516627311706542969e-03,1.168328523635864258e-02
-8.519935607910156250e-02,2.657413482666015625e-03,1.158322393894195557e-02
-8.509182929992675781e-02,2.786755561828613281e-03,1.152609288692474365e-02
-8.497452735900878906e-02,2.949357032775878906e-03,1.154392957687377930e-02
-8.504176139831542969e-02,3.111124038696289062e-03,1.161456108093261719e-02
-8.508563041687011719e-02,3.281235694885253906e-03,1.163445413112640381e-02
-8.516073226928710938e-02,3.463745117187500000e-03,1.160906255245208740e-02
-8.525061607360839844e-02,3.660917282104492188e-03,1.166816055774688721e-02
-8.530187606811523438e-02,3.805160522460937500e-03,1.178930699825286865e-02
-8.527731895446777344e-02,3.935456275939941406e-03,1.191668212413787842e-02
-8.522391319274902344e-02,4.082918167114257812e-03,1.208081841468811035e-02
-8.510255813598632812e-02,4.232883453369140625e-03,1.221762597560882568e-02
-8.502078056335449219e-02,4.389762878417968750e-03,1.235969364643096924e-02
-8.492422103881835938e-02,4.564523696899414062e-03,1.254646480083465576e-02
-8.476901054382324219e-02,4.715204238891601562e-03,1.266118884086608887e-02
-8.468580245971679688e-02,4.902005195617675781e-03,1.270778477191925049e-02
-8.460998535156250000e-02,5.057811737060546875e-03,1.274450123310089111e-02
-8.450961112976074219e-02,5.146145820617675781e-03,1.271630823612213135e-02
-8.441829681396484375e-02,5.209803581237792969e-03,1.266117393970489502e-02
-8.428573608398437500e-02,5.299091339111328125e-03,1.262152194976806641e-02
-8.413839340209960938e-02,5.393862724304199219e-03,1.254905760288238525e-02
-8.397936820983886719e-02,5.464196205139160156e-03,1.250897347927093506e-02
-8.377432823181152344e-02,5.518078804016113281e-03,1.249322295188903809e-02
-8.361077308654785156e-02,5.571126937866210938e-03,1.244656741619110107e-02
-8.343029022216796875e-02,5.562305450439453125e-03,1.235462725162506104e-02
-8.328962326049804688e-02,5.559325218200683594e-03,1.228109002113342285e-02
-8.325099945068359375e-02,5.496025085449218750e-03,1.235294342041015625e-02
-8.320522308349609375e-02,5.446672439575195312e-03,1.237818598747253418e-02
-8.318138122558593750e-02,5.425691604614257812e-03,1.240672171115875244e-02
-8.318781852722167969e-02,5.376577377319335938e-03,1.240524649620056152e-02
-8.319354057312011719e-02,5.334258079528808594e-03,1.249715685844421387e-02
-8.321475982666015625e-02,5.287528038024902344e-03,1.258853077888488770e-02
-8.327817916870117188e-02,5.287051200866699219e-03,1.269109547138214111e-02
-8.330535888671875000e-02,5.282640457153320312e-03,1.271526515483856201e-02
-8.333301544189453125e-02,5.293130874633789062e-03,1.268236339092254639e-02
-8.340334892272949219e-02,5.331158638000488281e-03,1.267836987972259521e-02
-8.361625671386718750e-02,5.427837371826171875e-03,1.268990337848663330e-02
-8.380222320556640625e-02,5.533337593078613281e-03,1.276406645774841309e-02
-8.397030830383300781e-02,5.670785903930664062e-03,1.286724209785461426e-02
-8.409357070922851562e-02,5.782723426818847656e-03,1.297494769096374512e-02
-8.419871330261230469e-02,5.921721458435058594e-03,1.304455101490020752e-02
-8.427762985229492188e-02,6.026268005371093750e-03,1.312012970447540283e-02
-8.433485031127929688e-02,6.106376647949218750e-03,1.312735676765441895e-02
-8.440780639648437500e-02,6.133675575256347656e-03,1.313871145248413086e-02
-8.459234237670898438e-02,6.155014038085937500e-03,1.315827667713165283e-02
-8.479595184326171875e-02,6.180524826049804688e-03,1.312640309333801270e-02
-8.498501777648925781e-02,6.213426589965820312e-03,1.307268440723419189e-02
-8.519387245178222656e-02,6.217598915100097656e-03,1.304024457931518555e-02
-8.530688285827636719e-02,6.279945373535156250e-03,1.311556994915008545e-02
-8.539104461669921875e-02,6.382465362548828125e-03,1.324594020843505859e-02
-8.546781539916992188e-02,6.521105766296386719e-03,1.336261630058288574e-02
-8.557558059692382812e-02,6.683349609375000000e-03,1.343260705471038818e-02
-8.562135696411132812e-02,6.833314895629882812e-03,1.345846056938171387e-02
-8.560061454772949219e-02,6.965637207031250000e-03,1.345850527286529541e-02
-8.559942245483398438e-02,7.114410400390625000e-03,1.348270475864410400e-02
-8.569049835205078125e-02,7.233023643493652344e-03,1.351137459278106689e-02
-8.578610420227050781e-02,7.386326789855957031e-03,1.361297070980072021e-02
-8.589124679565429688e-02,7.545113563537597656e-03,1.377522945404052734e-02
-8.595013618469238281e-02,7.897853851318359375e-03,1.393222808837890625e-02
-8.591556549072265625e-02,8.216619491577148438e-03,1.401214301586151123e-02
-8.588099479675292969e-02,8.480310440063476562e-03,1.408171653747558594e-02
-8.577609062194824219e-02,8.727431297302246094e-03,1.413148641586303711e-02
-8.574199676513671875e-02,8.938074111938476562e-03,1.408191025257110596e-02
-8.576107025146484375e-02,9.114027023315429688e-03,1.405049860477447510e-02
-8.558487892150878906e-02,9.306907653808593750e-03,1.408077776432037354e-02
-8.541131019592285156e-02,9.505152702331542969e-03,1.406645774841308594e-02
-8.526229858398437500e-02,9.750366210937500000e-03,1.398484408855438232e-02
-8.510160446166992188e-02,1.003456115722656250e-02,1.382479071617126465e-02
-8.496522903442382812e-02,1.027274131774902344e-02,1.372927427291870117e-02
-8.488845825195312500e-02,1.046466827392578125e-02,1.369448006153106689e-02
-8.485555648803710938e-02,1.066100597381591797e-02,1.370722055435180664e-02
-8.482837677001953125e-02,1.080310344696044922e-02,1.371693611145019531e-02
-8.480668067932128906e-02,1.091861724853515625e-02,1.368963718414306641e-02
-8.478450775146484375e-02,1.099896430969238281e-02,1.365990936756134033e-02
-8.479642868041992188e-02,1.106584072113037109e-02,1.363582909107208252e-02
-8.484363555908203125e-02,1.112437248229980469e-02,1.361382007598876953e-02
-8.489012718200683594e-02,1.115536689758300781e-02,1.361256837844848633e-02
-8.490657806396484375e-02,1.118195056915283203e-02,1.364955306053161621e-02
-8.489441871643066406e-02,1.124751567840576172e-02,1.365493237972259521e-02
-8.486127853393554688e-02,1.125800609588623047e-02,1.366552710533142090e-02
-8.486270904541015625e-02,1.126599311828613281e-02,1.361167430877685547e-02
-8.485388755798339844e-02,1.130390167236328125e-02,1.357567310333251953e-02
-8.498620986938476562e-02,1.134788990020751953e-02,1.357708871364593506e-02
-8.511066436767578125e-02,1.138031482696533203e-02,1.357544958591461182e-02
-8.523273468017578125e-02,1.142013072967529297e-02,1.367680728435516357e-02
-8.532929420471191406e-02,1.143598556518554688e-02,1.371689140796661377e-02
-8.539676666259765625e-02,1.146399974822998047e-02,1.372019946575164795e-02
-8.545541763305664062e-02,1.151585578918457031e-02,1.370544731616973877e-02
-8.548545837402343750e-02,1.156771183013916016e-02,1.367124915122985840e-02
-8.552694320678710938e-02,1.157236099243164062e-02,1.367339491844177246e-02
-8.558130264282226562e-02,1.161193847656250000e-02,1.364782452583312988e-02
-8.568572998046875000e-02,1.165795326232910156e-02,1.362197101116180420e-02
-8.577489852905273438e-02,1.167130470275878906e-02,1.357246935367584229e-02
-8.585166931152343750e-02,1.169955730438232422e-02,1.351834833621978760e-02
-8.595490455627441406e-02,1.168537139892578125e-02,1.347614824771881104e-02
-8.604240417480468750e-02,1.167416572570800781e-02,1.346397399902343750e-02
-8.613753318786621094e-02,1.164317131042480469e-02,1.343746483325958252e-02
-8.625602722167968750e-02,1.159906387329101562e-02,1.341873407363891602e-02
-8.635091781616210938e-02,1.151967048645019531e-02,1.349541544914245605e-02
-8.644032478332519531e-02,1.143920421600341797e-02,1.358194649219512939e-02
-8.647227287292480469e-02,1.133978366851806641e-02,1.363456249237060547e-02
-8.651661872863769531e-02,1.127839088439941406e-02,1.372006535530090332e-02
-8.658361434936523438e-02,1.124119758605957031e-02,1.384790241718292236e-02
-8.651900291442871094e-02,1.121759414672851562e-02,1.399679481983184814e-02
-8.646488189697265625e-02,1.118087768554687500e-02,1.411975920200347900e-02
-8.631157875061035156e-02,1.114106178283691406e-02,1.416544616222381592e-02
-8.616828918457031250e-02,1.110088825225830078e-02,1.420566439628601074e-02
-8.601856231689453125e-02,1.106679439544677734e-02,1.420138776302337646e-02
-8.579897880554199219e-02,1.101386547088623047e-02,1.422631740570068359e-02
-8.561778068542480469e-02,1.096677780151367188e-02,1.421116292476654053e-02
-8.541059494018554688e-02,1.088762283325195312e-02,1.410803198814392090e-02
-8.518695831298828125e-02,1.080560684204101562e-02,1.403295993804931641e-02
-8.498859405517578125e-02,1.080334186553955078e-02,1.389315724372863770e-02
-8.475375175476074219e-02,1.083731651306152344e-02,1.373612880706787109e-02
-8.451461791992187500e-02,1.084244251251220703e-02,1.354779303073883057e-02
-8.429908752441406250e-02,1.086854934692382812e-02,1.338101923465728760e-02
-8.409094810485839844e-02,1.087617874145507812e-02,1.328882575035095215e-02
-8.389592170715332031e-02,1.090681552886962891e-02,1.322545111179351807e-02
-8.376526832580566406e-02,1.090037822723388672e-02,1.321773231029510498e-02
-8.376526832580566406e-02,1.090037822723388672e-02,1.321773231029510498e-02
-8.364820480346679688e-02,1.091933250427246094e-02,1.325887441635131836e-02
-8.352017402648925781e-02,1.092231273651123047e-02,1.330399513244628906e-02
-8.336496353149414062e-02,1.091945171356201172e-02,1.328831911087036133e-02
-8.327460289001464844e-02,1.089620590209960938e-02,1.335021853446960449e-02
-8.317017555236816406e-02,1.087439060211181641e-02,1.342728734016418457e-02
-8.309769630432128906e-02,1.088762283325195312e-02,1.349575817584991455e-02
-8.309769630432128906e-02,1.088762283325195312e-02,1.349575817584991455e-02
-8.305311203002929688e-02,1.090061664581298828e-02,1.360297203063964844e-02
-8.310246467590332031e-02,1.096713542938232422e-02,1.375816762447357178e-02
-8.314204216003417969e-02,1.099193096160888672e-02,1.384522020816802979e-02
-8.303093910217285156e-02,1.099860668182373047e-02,1.390953361988067627e-02
-8.292055130004882812e-02,1.103985309600830078e-02,1.395337283611297607e-02
-8.280086517333984375e-02,1.109266281127929688e-02,1.393058896064758301e-02
-8.272433280944824219e-02,1.114618778228759766e-02,1.381206512451171875e-02
-8.271670341491699219e-02,1.117753982543945312e-02,1.368114352226257324e-02
-8.275556564331054688e-02,1.122653484344482422e-02,1.352097094058990479e-02
-8.279037475585937500e-02,1.127469539642333984e-02,1.334191858768463135e-02
-8.283901214599609375e-02,1.132774353027343750e-02,1.319013535976409912e-02
-8.286786079406738281e-02,1.141309738159179688e-02,1.303683221340179443e-02
-8.293080329895019531e-02,1.148486137390136719e-02,1.284205913543701172e-02
-8.302879333496093750e-02,1.155900955200195312e-02,1.265707612037658691e-02
-8.305287361145019531e-02,1.165342330932617188e-02,1.239624619483947754e-02
-8.306956291198730469e-02,1.171827316284179688e-02,1.216484606266021729e-02
-8.313250541687011719e-02,1.175010204315185547e-02,1.198291778564453125e-02
-8.319830894470214844e-02,1.179063320159912109e-02,1.178506016731262207e-02
-8.326435089111328125e-02,1.182532310485839844e-02,1.162898540496826172e-02
-8.333253860473632812e-02,1.183331012725830078e-02,1.150365173816680908e-02
-8.341312408447265625e-02,1.189875602722167969e-02,1.138134300708770752e-02
-8.348774909973144531e-02,1.197600364685058594e-02,1.127740740776062012e-02
-8.343887329101562500e-02,1.199436187744140625e-02,1.126144826412200928e-02
-8.345460891723632812e-02,1.198804378509521484e-02,1.126721501350402832e-02
-8.344912528991699219e-02,1.195597648620605469e-02,1.142270863056182861e-02
-8.347392082214355469e-02,1.197755336761474609e-02,1.167826354503631592e-02
-8.349943161010742188e-02,1.193165779113769531e-02,1.186163723468780518e-02
-8.350038528442382812e-02,1.191234588623046875e-02,1.203384995460510254e-02
-8.348488807678222656e-02,1.191508769989013672e-02,1.217338442802429199e-02
-8.343482017517089844e-02,1.194226741790771484e-02,1.230487227439880371e-02
-8.338189125061035156e-02,1.194643974304199219e-02,1.238241791725158691e-02
-8.326911926269531250e-02,1.192116737365722656e-02,1.243312656879425049e-02
-8.318710327148437500e-02,1.190054416656494141e-02,1.244468986988067627e-02
-8.303523063659667969e-02,1.186406612396240234e-02,1.253485679626464844e-02
-8.294439315795898438e-02,1.180827617645263672e-02,1.260539889335632324e-02
-8.282256126403808594e-02,1.173269748687744141e-02,1.259104907512664795e-02
-8.267855644226074219e-02,1.162636280059814453e-02,1.256754994392395020e-02
-8.254742622375488281e-02,1.152741909027099609e-02,1.248763501644134521e-02
-8.241796493530273438e-02,1.140809059143066406e-02,1.238465309143066406e-02
-8.234119415283203125e-02,1.132190227508544922e-02,1.226797699928283691e-02
-8.219337463378906250e-02,1.122593879699707031e-02,1.212815940380096436e-02
-8.198928833007812500e-02,1.110625267028808594e-02,1.195335388183593750e-02
-8.175039291381835938e-02,1.098012924194335938e-02,1.179474592208862305e-02
-8.151483535766601562e-02,1.082944869995117188e-02,1.170063018798828125e-02
-8.132219314575195312e-02,1.072061061859130859e-02,1.165544986724853516e-02
-8.115649223327636719e-02,1.061117649078369141e-02,1.162724196910858154e-02
-8.100795745849609375e-02,1.049590110778808594e-02,1.168715953826904297e-02
-8.087372779846191406e-02,1.037919521331787109e-02,1.183697581291198730e-02
-8.071970939636230469e-02,1.031088829040527344e-02,1.195243000984191895e-02
-8.052611351013183594e-02,1.027309894561767578e-02,1.212121546268463135e-02
-8.036613464355468750e-02,1.022410392761230469e-02,1.223163306713104248e-02
-8.025193214416503906e-02,1.019942760467529297e-02,1.232104003429412842e-02
-8.012223243713378906e-02,1.015841960906982422e-02,1.241716742515563965e-02
-7.992601394653320312e-02,1.011371612548828125e-02,1.244899630546569824e-02
-7.973575592041015625e-02,1.007044315338134766e-02,1.244282722473144531e-02
-7.959175109863281250e-02,9.989261627197265625e-03,1.240758597850799561e-02
-7.943201065063476562e-02,9.922385215759277344e-03,1.235529780387878418e-02
-7.926058769226074219e-02,9.839415550231933594e-03,1.234027743339538574e-02
-7.914876937866210938e-02,9.767770767211914062e-03,1.234573125839233398e-02
-7.903003692626953125e-02,9.722232818603515625e-03,1.230990886688232422e-02
-7.899308204650878906e-02,9.605050086975097656e-03,1.218137145042419434e-02
-7.899093627929687500e-02,9.494900703430175781e-03,1.207891106605529785e-02
-7.897949218750000000e-02,9.425401687622070312e-03,1.197251677513122559e-02
-7.895588874816894531e-02,9.407043457031250000e-03,1.187728345394134521e-02
-7.893490791320800781e-02,9.421467781066894531e-03,1.183100044727325439e-02
-7.890176773071289062e-02,9.490370750427246094e-03,1.185914874076843262e-02
-7.885217666625976562e-02,9.625673294067382812e-03,1.195022463798522949e-02
-7.877516746520996094e-02,9.744763374328613281e-03,1.199591159820556641e-02
-7.867836952209472656e-02,9.887814521789550781e-03,1.207590103149414062e-02
-7.856559753417968750e-02,1.001048088073730469e-02,1.216994225978851318e-02
-7.852196693420410156e-02,1.006662845611572266e-02,1.225034892559051514e-02
-7.849574089050292969e-02,1.016557216644287109e-02,1.229746639728546143e-02
-7.849216461181640625e-02,1.023244857788085938e-02,1.232476532459259033e-02
-7.850670814514160156e-02,1.032757759094238281e-02,1.235301792621612549e-02
-7.853293418884277344e-02,1.041221618652343750e-02,1.235070824623107910e-02
-7.856750488281250000e-02,1.052427291870117188e-02,1.235210895538330078e-02
-7.857370376586914062e-02,1.061797142028808594e-02,1.231248676776885986e-02
-7.854366302490234375e-02,1.069402694702148438e-02,1.229847967624664307e-02
-7.848882675170898438e-02,1.076495647430419922e-02,1.227286458015441895e-02
-7.843375205993652344e-02,1.083409786224365234e-02,1.230479776859283447e-02
-7.839918136596679688e-02,1.088464260101318359e-02,1.235075294971466064e-02
-7.848286628723144531e-02,1.095926761627197266e-02,1.238657534122467041e-02
-7.855916023254394531e-02,1.100051403045654297e-02,1.236289739608764648e-02
-7.861852645874023438e-02,1.104629039764404297e-02,1.223191618919372559e-02
-7.862138748168945312e-02,1.107990741729736328e-02,1.208059489727020264e-02
-7.861280441284179688e-02,1.110112667083740234e-02,1.189121603965759277e-02
-7.859802246093750000e-02,1.110482215881347656e-02,1.168456673622131348e-02
-7.855391502380371094e-02,1.110649108886718750e-02,1.149380207061767578e-02
-7.849884033203125000e-02,1.109755039215087891e-02,1.131020486354827881e-02
-7.842636108398437500e-02,1.105785369873046875e-02,1.113830506801605225e-02
-7.838726043701171875e-02,1.101005077362060547e-02,1.098819077014923096e-02
-7.835459709167480469e-02,1.099348068237304688e-02,1.086993515491485596e-02
-7.834100723266601562e-02,1.099061965942382812e-02,1.079730689525604248e-02
-7.832336425781250000e-02,1.103150844573974609e-02,1.075661182403564453e-02
-7.831525802612304688e-02,1.104116439819335938e-02,1.077595353126525879e-02
-7.832694053649902344e-02,1.106071472167968750e-02,1.079334318637847900e-02
-7.834982872009277344e-02,1.107716560363769531e-02,1.087383925914764404e-02
-7.836484909057617188e-02,1.108288764953613281e-02,1.102143526077270508e-02
-7.836532592773437500e-02,1.111066341400146484e-02,1.123081147670745850e-02
-7.841539382934570312e-02,1.113736629486083984e-02,1.147204637527465820e-02
-7.849979400634765625e-02,1.116061210632324219e-02,1.176181435585021973e-02
-7.857394218444824219e-02,1.116454601287841797e-02,1.199162006378173828e-02
-7.863187789916992188e-02,1.118302345275878906e-02,1.215806603431701660e-02
-7.868480682373046875e-02,1.117944717407226562e-02,1.231196522712707520e-02
-7.876634597778320312e-02,1.118493080139160156e-02,1.251819729804992676e-02
-7.884430885314941406e-02,1.115286350250244141e-02,1.270870864391326904e-02
-7.889795303344726562e-02,1.113736629486083984e-02,1.285783946514129639e-02
-7.897853851318359375e-02,1.114213466644287109e-02,1.295675337314605713e-02
-7.908582687377929688e-02,1.117420196533203125e-02,1.309658586978912354e-02
-7.920503616333007812e-02,1.121675968170166016e-02,1.321139931678771973e-02
-7.928705215454101562e-02,1.125085353851318359e-02,1.322717964649200439e-02
-7.936620712280273438e-02,1.126360893249511719e-02,1.321129500865936279e-02
-7.940268516540527344e-02,1.130473613739013672e-02,1.312899589538574219e-02
-7.941770553588867188e-02,1.138520240783691406e-02,1.303885877132415771e-02
-7.939696311950683594e-02,1.145589351654052734e-02,1.289319992065429688e-02
-7.937908172607421875e-02,1.153683662414550781e-02,1.281875371932983398e-02
-7.934165000915527344e-02,1.161086559295654297e-02,1.277886331081390381e-02
-7.932806015014648438e-02,1.168668270111083984e-02,1.258374750614166260e-02
-7.940125465393066406e-02,1.177108287811279297e-02,1.241397857666015625e-02
-7.944560050964355469e-02,1.187014579772949219e-02,1.226446032524108887e-02
-7.945704460144042969e-02,1.198148727416992188e-02,1.216442883014678955e-02
-7.943415641784667969e-02,1.210451126098632812e-02,1.212330162525177002e-02
-7.935261726379394531e-02,1.221001148223876953e-02,1.207919418811798096e-02
-7.924914360046386719e-02,1.235449314117431641e-02,1.208658516407012939e-02
-7.914400100708007812e-02,1.249504089355468750e-02,1.213952898979187012e-02
-7.900881767272949219e-02,1.260554790496826172e-02,1.227055490016937256e-02
-7.886195182800292969e-02,1.270723342895507812e-02,1.239284873008728027e-02
-7.875728607177734375e-02,1.280522346496582031e-02,1.248143613338470459e-02
-7.862234115600585938e-02,1.289939880371093750e-02,1.261043548583984375e-02
-7.848834991455078125e-02,1.298522949218750000e-02,1.273261010646820068e-02
-7.837533950805664062e-02,1.302540302276611328e-02,1.279661059379577637e-02
-7.819414138793945312e-02,1.311445236206054688e-02,1.281155645847320557e-02
-7.803249359130859375e-02,1.320004463195800781e-02,1.281818747520446777e-02
-7.790565490722656250e-02,1.325225830078125000e-02,1.286052167415618896e-02
-7.760500907897949219e-02,1.316189765930175781e-02,1.282979547977447510e-02
-7.733631134033203125e-02,1.305127143859863281e-02,1.279288530349731445e-02
-7.706427574157714844e-02,1.295840740203857422e-02,1.273879408836364746e-02
-7.679772377014160156e-02,1.284849643707275391e-02,1.267910003662109375e-02
-7.656860351562500000e-02,1.278579235076904297e-02,1.258312165737152100e-02
-7.637643814086914062e-02,1.273834705352783203e-02,1.257035136222839355e-02
-7.619118690490722656e-02,1.267147064208984375e-02,1.255381107330322266e-02
-7.604575157165527344e-02,1.261091232299804688e-02,1.256759464740753174e-02
-7.598543167114257812e-02,1.256501674652099609e-02,1.255834102630615234e-02
-7.591390609741210938e-02,1.250159740447998047e-02,1.255117356777191162e-02
-7.584166526794433594e-02,1.242935657501220703e-02,1.259432733058929443e-02
-7.575368881225585938e-02,1.237893104553222656e-02,1.258409023284912109e-02
-7.575201988220214844e-02,1.232826709747314453e-02,1.258181035518646240e-02
-7.572507858276367188e-02,1.233530044555664062e-02,1.253616809844970703e-02
-7.566165924072265625e-02,1.229727268218994141e-02,1.249496638774871826e-02
-7.563304901123046875e-02,1.225364208221435547e-02,1.246944069862365723e-02
-7.557272911071777344e-02,1.226234436035156250e-02,1.238261163234710693e-02
-7.550191879272460938e-02,1.228868961334228516e-02,1.228329539299011230e-02
-7.544136047363281250e-02,1.231408119201660156e-02,1.216772198677062988e-02
-7.539582252502441406e-02,1.227855682373046875e-02,1.208066940307617188e-02
-7.539010047912597656e-02,1.224005222320556641e-02,1.197907328605651855e-02
-7.537364959716796875e-02,1.219570636749267578e-02,1.190504431724548340e-02
-7.537651062011718750e-02,1.214289665222167969e-02,1.179578900337219238e-02
-7.537913322448730469e-02,1.209461688995361328e-02,1.171557605266571045e-02
-7.540512084960937500e-02,1.201105117797851562e-02,1.165805757045745850e-02
-7.545566558837890625e-02,1.193511486053466797e-02,1.162815093994140625e-02
-7.545709609985351562e-02,1.186776161193847656e-02,1.158639788627624512e-02
-7.543206214904785156e-02,1.182448863983154297e-02,1.155538856983184814e-02
-7.539844512939453125e-02,1.174652576446533203e-02,1.151958107948303223e-02
-7.538914680480957031e-02,1.162731647491455078e-02,1.152767241001129150e-02
-7.538723945617675781e-02,1.156520843505859375e-02,1.156990230083465576e-02
-7.540583610534667969e-02,1.149487495422363281e-02,1.162482798099517822e-02
-7.544374465942382812e-02,1.142299175262451172e-02,1.173390448093414307e-02
-7.551002502441406250e-02,1.139068603515625000e-02,1.183800399303436279e-02
-7.562899589538574219e-02,1.130437850952148438e-02,1.192557811737060547e-02
-7.579517364501953125e-02,1.124560832977294922e-02,1.196268200874328613e-02
-7.591295242309570312e-02,1.118123531341552734e-02,1.201477646827697754e-02
-7.603120803833007812e-02,1.111352443695068359e-02,1.203987002372741699e-02
-7.612872123718261719e-02,1.107227802276611328e-02,1.202505826950073242e-02
-7.618451118469238281e-02,1.104116439819335938e-02,1.202404499053955078e-02
-7.625412940979003906e-02,1.100265979766845703e-02,1.199512183666229248e-02
-7.626938819885253906e-02,1.095187664031982422e-02,1.191917061805725098e-02
-7.623410224914550781e-02,1.090490818023681641e-02,1.179893314838409424e-02
-7.623791694641113281e-02,1.087331771850585938e-02,1.161728799343109131e-02
-7.619023323059082031e-02,1.085817813873291016e-02,1.142023503780364990e-02
-7.616114616394042969e-02,1.085412502288818359e-02,1.119638979434967041e-02
-7.612395286560058594e-02,1.087641716003417969e-02,1.099099218845367432e-02
-7.610464096069335938e-02,1.087224483489990234e-02,1.079431176185607910e-02
-7.609224319458007812e-02,1.084184646606445312e-02,1.062196493148803711e-02
-7.606267929077148438e-02,1.082062721252441406e-02,1.048822700977325439e-02
-7.595133781433105469e-02,1.081407070159912109e-02,1.035036146640777588e-02
-7.585620880126953125e-02,1.081264019012451172e-02,1.022420823574066162e-02
-7.578635215759277344e-02,1.083743572235107422e-02,1.012977957725524902e-02
-7.574367523193359375e-02,1.086151599884033203e-02,1.009500026702880859e-02
-7.571887969970703125e-02,1.087057590484619141e-02,1.010060310363769531e-02
-7.572984695434570312e-02,1.088237762451171875e-02,1.015995442867279053e-02
-7.570219039916992188e-02,1.092731952667236328e-02,1.024775207042694092e-02
-7.565188407897949219e-02,1.097011566162109375e-02,1.032222807407379150e-02
-7.560944557189941406e-02,1.110148429870605469e-02,1.034076511859893799e-02
-7.560300827026367188e-02,1.125049591064453125e-02,1.042819023132324219e-02
-7.561326026916503906e-02,1.141476631164550781e-02,1.054061949253082275e-02
-7.562661170959472656e-02,1.156818866729736328e-02,1.063999533653259277e-02
-7.530117034912109375e-02,1.166367530822753906e-02,1.070420444011688232e-02
-7.498788833618164062e-02,1.174879074096679688e-02,1.073829829692840576e-02
-7.473731040954589844e-02,1.183736324310302734e-02,1.067551970481872559e-02
-7.450723648071289062e-02,1.192378997802734375e-02,1.066668331623077393e-02
-7.428741455078125000e-02,1.201653480529785156e-02,1.062132418155670166e-02
-7.409262657165527344e-02,1.213920116424560547e-02,1.054573059082031250e-02
-7.390379905700683594e-02,1.224577426910400391e-02,1.043501496315002441e-02
-7.373571395874023438e-02,1.238095760345458984e-02,1.036144793033599854e-02
-7.357907295227050781e-02,1.246833801269531250e-02,1.030139625072479248e-02
-7.349658012390136719e-02,1.257419586181640625e-02,1.025013625621795654e-02
-7.344985008239746094e-02,1.264452934265136719e-02,1.013964414596557617e-02
-7.341814041137695312e-02,1.273465156555175781e-02,1.004134118556976318e-02
-7.342410087585449219e-02,1.281404495239257812e-02,9.944215416908264160e-03
-7.345557212829589844e-02,1.289010047912597656e-02,9.882092475891113281e-03
-7.352471351623535156e-02,1.294171810150146484e-02,9.878873825073242188e-03
-7.358169555664062500e-02,1.302230358123779297e-02,9.918600320816040039e-03
-7.371282577514648438e-02,1.311397552490234375e-02,9.950771927833557129e-03
-7.380485534667968750e-02,1.324498653411865234e-02,9.953051805496215820e-03
-7.391571998596191406e-02,1.336538791656494141e-02,9.997829794883728027e-03
-7.399082183837890625e-02,1.353144645690917969e-02,1.002910733222961426e-02
-7.405066490173339844e-02,1.366126537322998047e-02,1.001860201358795166e-02
-7.408618927001953125e-02,1.380181312561035156e-02,1.000010967254638672e-02
-7.414174079895019531e-02,1.393747329711914062e-02,9.968310594558715820e-03
-7.416081428527832031e-02,1.403641700744628906e-02,9.922519326210021973e-03
-7.422161102294921875e-02,1.413190364837646484e-02,9.885311126708984375e-03
-7.427167892456054688e-02,1.424002647399902344e-02,9.772852063179016113e-03
-7.431912422180175781e-02,1.432740688323974609e-02,9.681478142738342285e-03
-7.435226440429687500e-02,1.444005966186523438e-02,9.569644927978515625e-03
-7.434129714965820312e-02,1.456081867218017578e-02,9.429737925529479980e-03
-7.430124282836914062e-02,1.466858386993408203e-02,9.363830089569091797e-03
-7.424545288085937500e-02,1.477777957916259766e-02,9.328663349151611328e-03
-7.422971725463867188e-02,1.486527919769287109e-02,9.315937757492065430e-03
-7.424879074096679688e-02,1.494038105010986328e-02,9.410351514816284180e-03
-7.429742813110351562e-02,1.502573490142822266e-02,9.526714682579040527e-03
-7.430267333984375000e-02,1.511907577514648438e-02,9.686335921287536621e-03
-7.428693771362304688e-02,1.521456241607666016e-02,9.785413742065429688e-03
-7.428216934204101562e-02,1.530706882476806641e-02,9.848237037658691406e-03
-7.427024841308593750e-02,1.539671421051025391e-02,9.926959872245788574e-03
-7.427930831909179688e-02,1.549017429351806641e-02,1.002964377403259277e-02
-7.422828674316406250e-02,1.556932926177978516e-02,1.009449362754821777e-02
-7.416296005249023438e-02,1.560235023498535156e-02,1.010845601558685303e-02
-7.410502433776855469e-02,1.566421985626220703e-02,1.015493273735046387e-02
-7.405138015747070312e-02,1.579225063323974609e-02,1.017498970031738281e-02
-7.404327392578125000e-02,1.593744754791259766e-02,1.020541787147521973e-02
-7.405948638916015625e-02,1.606488227844238281e-02,1.028770208358764648e-02
-7.415342330932617188e-02,1.618182659149169922e-02,1.024357974529266357e-02
-7.421779632568359375e-02,1.627171039581298828e-02,1.021529734134674072e-02
-7.425737380981445312e-02,1.634359359741210938e-02,1.019500195980072021e-02
-7.429599761962890625e-02,1.642894744873046875e-02,1.011595129966735840e-02
-7.433247566223144531e-02,1.649570465087890625e-02,1.006616652011871338e-02
-7.435178756713867188e-02,1.653647422790527344e-02,1.001799106597900391e-02
-7.437753677368164062e-02,1.653861999511718750e-02,1.000027358531951904e-02
-7.438468933105468750e-02,1.656973361968994141e-02,1.005126535892486572e-02
-7.444381713867187500e-02,1.654791831970214844e-02,1.011513173580169678e-02
-7.444572448730468750e-02,1.653790473937988281e-02,1.021946966648101807e-02
-7.446074485778808594e-02,1.649701595306396484e-02,1.033213734626770020e-02
-7.450461387634277344e-02,1.644229888916015625e-02,1.045693457126617432e-02
-7.469344139099121094e-02,1.640081405639648438e-02,1.055867969989776611e-02
-7.487130165100097656e-02,1.638448238372802734e-02,1.065129041671752930e-02
-7.502317428588867188e-02,1.636826992034912109e-02,1.076699793338775635e-02
-7.513880729675292969e-02,1.635956764221191406e-02,1.089617609977722168e-02
-7.522988319396972656e-02,1.635074615478515625e-02,1.103989779949188232e-02
-7.529711723327636719e-02,1.635265350341796875e-02,1.119148731231689453e-02
-7.536149024963378906e-02,1.633012294769287109e-02,1.130858063697814941e-02
-7.542943954467773438e-02,1.631534099578857422e-02,1.142001152038574219e-02
-7.548952102661132812e-02,1.630759239196777344e-02,1.152788102626800537e-02
-7.552576065063476562e-02,1.633143424987792969e-02,1.164016127586364746e-02
-7.554030418395996094e-02,1.633453369140625000e-02,1.170206069946289062e-02
-7.549452781677246094e-02,1.635360717773437500e-02,1.175557076930999756e-02
-7.546162605285644531e-02,1.634812355041503906e-02,1.182551681995391846e-02
-7.542991638183593750e-02,1.636099815368652344e-02,1.184709370136260986e-02
-7.538628578186035156e-02,1.639139652252197266e-02,1.190452277660369873e-02
-7.533931732177734375e-02,1.642858982086181641e-02,1.191090047359466553e-02
-7.528352737426757812e-02,1.644480228424072266e-02,1.192182302474975586e-02
-7.524657249450683594e-02,1.645112037658691406e-02,1.190134882926940918e-02
-7.526397705078125000e-02,1.646113395690917969e-02,1.185929775238037109e-02
-7.524132728576660156e-02,1.648378372192382812e-02,1.184239983558654785e-02
-7.516694068908691406e-02,1.651835441589355469e-02,1.183065772056579590e-02
-7.507681846618652344e-02,1.652932167053222656e-02,1.187241077423095703e-02
-7.497382164001464844e-02,1.651704311370849609e-02,1.189886033535003662e-02
-7.486081123352050781e-02,1.649856567382812500e-02,1.189747452735900879e-02
-7.472491264343261719e-02,1.650023460388183594e-02,1.185205578804016113e-02
-7.459974288940429688e-02,1.650083065032958984e-02,1.185353100299835205e-02
-7.448887825012207031e-02,1.650571823120117188e-02,1.182210445404052734e-02
-7.438325881958007812e-02,1.653063297271728516e-02,1.181565225124359131e-02
-7.431793212890625000e-02,1.654088497161865234e-02,1.178783178329467773e-02
-7.428359985351562500e-02,1.657009124755859375e-02,1.177465915679931641e-02
-7.424306869506835938e-02,1.658141613006591797e-02,1.173438131809234619e-02
-7.422089576721191406e-02,1.660954952239990234e-02,1.173083484172821045e-02
-7.420539855957031250e-02,1.664555072784423828e-02,1.170375943183898926e-02
-7.422733306884765625e-02,1.663243770599365234e-02,1.166424155235290527e-02
-7.429075241088867188e-02,1.658654212951660156e-02,1.163710653781890869e-02
-7.438898086547851562e-02,1.650524139404296875e-02,1.163928210735321045e-02
-7.447385787963867188e-02,1.640832424163818359e-02,1.161143183708190918e-02
-7.450294494628906250e-02,1.633739471435546875e-02,1.155044138431549072e-02
-7.452321052551269531e-02,1.627659797668457031e-02,1.148636639118194580e-02
-7.453894615173339844e-02,1.624441146850585938e-02,1.138468086719512939e-02
-7.453703880310058594e-02,1.624190807342529297e-02,1.127015054225921631e-02
-7.452154159545898438e-02,1.626920700073242188e-02,1.113787293434143066e-02
-7.444357872009277344e-02,1.628661155700683594e-02,1.099768280982971191e-02
-7.437849044799804688e-02,1.631212234497070312e-02,1.085683703422546387e-02
-7.430815696716308594e-02,1.634514331817626953e-02,1.069761812686920166e-02
-7.422494888305664062e-02,1.638615131378173828e-02,1.058940589427947998e-02
-7.418203353881835938e-02,1.636075973510742188e-02,1.056692004203796387e-02
-7.413792610168457031e-02,1.638054847717285156e-02,1.054431498050689697e-02
-7.411170005798339844e-02,1.640868186950683594e-02,1.052758097648620605e-02
-7.407379150390625000e-02,1.646065711975097656e-02,1.053546369075775146e-02
-7.402157783508300781e-02,1.652336120605468750e-02,1.056329905986785889e-02
-7.397317886352539062e-02,1.657009124755859375e-02,1.056219637393951416e-02
-7.394170761108398438e-02,1.661491394042968750e-02,1.057302951812744141e-02
-7.396793365478515625e-02,1.668322086334228516e-02,1.053915917873382568e-02
-7.397961616516113281e-02,1.678740978240966797e-02,1.052194833755493164e-02
-7.394266128540039062e-02,1.686954498291015625e-02,1.051646471023559570e-02
-7.393217086791992188e-02,1.692748069763183594e-02,1.050949096679687500e-02
-7.393383979797363281e-02,1.698482036590576172e-02,1.049359142780303955e-02
-7.394647598266601562e-02,1.707065105438232422e-02,1.049442589282989502e-02
-7.395887374877929688e-02,1.716756820678710938e-02,1.049560308456420898e-02
-7.394266128540039062e-02,1.726961135864257812e-02,1.049791276454925537e-02
-7.396435737609863281e-02,1.737868785858154297e-02,1.050125062465667725e-02
-7.398343086242675781e-02,1.744019985198974609e-02,1.045300066471099854e-02
-7.403874397277832031e-02,1.750910282135009766e-02,1.040786504745483398e-02
-7.407045364379882812e-02,1.756060123443603516e-02,1.036529242992401123e-02
-7.407593727111816406e-02,1.762235164642333984e-02,1.029813289642333984e-02
-7.410311698913574219e-02,1.766216754913330078e-02,1.022498309612274170e-02
-7.413077354431152344e-02,1.767826080322265625e-02,1.020099222660064697e-02
-7.411789894104003906e-02,1.771891117095947266e-02,1.020053029060363770e-02
-7.412719726562500000e-02,1.778531074523925781e-02,1.024489104747772217e-02
-7.415723800659179688e-02,1.785767078399658203e-02,1.031117141246795654e-02
-7.419562339782714844e-02,1.791238784790039062e-02,1.039753854274749756e-02
-7.425260543823242188e-02,1.799273490905761719e-02,1.039750874042510986e-02
-7.428288459777832031e-02,1.807355880737304688e-02,1.039442420005798340e-02
-7.435369491577148438e-02,1.817309856414794922e-02,1.041421294212341309e-02
-7.444286346435546875e-02,1.829040050506591797e-02,1.042295992374420166e-02
-7.453417778015136719e-02,1.836144924163818359e-02,1.041544973850250244e-02
-7.461476325988769531e-02,1.840138435363769531e-02,1.041907072067260742e-02
-7.469964027404785156e-02,1.842641830444335938e-02,1.038613915443420410e-02
-7.478976249694824219e-02,1.839816570281982422e-02,1.026836037635803223e-02
-7.485771179199218750e-02,1.838767528533935547e-02,1.018998026847839355e-02
-7.490038871765136719e-02,1.837992668151855469e-02,1.011170446872711182e-02
-7.494568824768066406e-02,1.837110519409179688e-02,1.006996631622314453e-02
-7.496523857116699219e-02,1.835072040557861328e-02,1.002156734466552734e-02
-7.495546340942382812e-02,1.837193965911865234e-02,9.939029812812805176e-03
