1.655708253383636475e-02
1.655708253383636475e-02
1.699132099747657776e-02
1.592924818396568298e-02
1.464406121522188187e-02
1.336794253438711166e-02
1.221066713333129883e-02
1.125603634864091873e-02
1.031419634819030762e-02
9.454454295337200165e-03
9.176829829812049866e-03
8.897271007299423218e-03
8.368555456399917603e-03
7.917681708931922913e-03
7.739351596683263779e-03
7.570540532469749451e-03
7.197383325546979904e-03
6.825558375567197800e-03
6.473284680396318436e-03
6.248343735933303833e-03
6.285343319177627563e-03
6.281837355345487595e-03
6.370990537106990814e-03
6.385517306625843048e-03
6.317372899502515793e-03
6.233094725757837296e-03
6.215612869709730148e-03
6.217491347342729568e-03
6.203503347933292389e-03
6.038886960595846176e-03
5.513482727110385895e-03
4.988323897123336792e-03
4.371089395135641098e-03
3.748501418158411980e-03
3.240753430873155594e-03
2.925067674368619919e-03
2.645666711032390594e-03
2.566895447671413422e-03
2.625943394377827644e-03
2.814922248944640160e-03
3.026760648936033249e-03
3.191281575709581375e-03
3.488230751827359200e-03
3.731533186510205269e-03
3.888879204168915749e-03
4.072046373039484024e-03
4.333960358053445816e-03
4.656081087887287140e-03
4.871970973908901215e-03
5.118458531796932220e-03
5.417973734438419342e-03
5.682442337274551392e-03
5.663963966071605682e-03
5.745898000895977020e-03
5.694421473890542984e-03
5.956197157502174377e-03
6.246445234864950180e-03
6.438951473683118820e-03
6.640052422881126404e-03
7.152582518756389618e-03
7.535808719694614410e-03
7.821962237358093262e-03
8.101071231067180634e-03
8.317294530570507050e-03
8.453552611172199249e-03
8.511795662343502045e-03
8.526171557605266571e-03
8.407574146986007690e-03
8.440997451543807983e-03
8.480602875351905823e-03
8.506026118993759155e-03
8.506047539412975311e-03
8.298957720398902893e-03
8.123455569148063660e-03
7.789304945617914200e-03
7.404275704175233841e-03
6.916184909641742706e-03
6.479790899902582169e-03
5.965172778815031052e-03
5.541237071156501770e-03
5.305781960487365723e-03
5.205003079026937485e-03
5.221848376095294952e-03
5.195503588765859604e-03
5.256163422018289566e-03
5.328682251274585724e-03
5.378936883062124252e-03
5.241596139967441559e-03
4.891173914074897766e-03
4.562316462397575378e-03
4.148455336689949036e-03
3.701114794239401817e-03
3.366358112543821335e-03
3.045034362003207207e-03
2.727788873016834259e-03
2.307848772034049034e-03
2.002023393288254738e-03
1.947871292941272259e-03
1.997710671275854111e-03
2.251462312415242195e-03
2.625631866976618767e-03
2.715180162340402603e-03
2.821396337822079659e-03
2.996770432218909264e-03
3.182585118338465691e-03
3.315796377137303352e-03
3.375307191163301468e-03
3.559238044545054436e-03
3.696733852848410606e-03
3.803391708061099052e-03
3.955775871872901917e-03
4.093287046998739243e-03
4.142398945987224579e-03
3.986263182014226913e-03
3.782690502703189850e-03
3.532515140250325203e-03
3.349683014675974846e-03
3.192199161276221275e-03
3.045929362997412682e-03
2.923473715782165527e-03
2.849092939868569374e-03
2.849823329597711563e-03
2.971019363030791283e-03
3.070485778152942657e-03
3.294924739748239517e-03
3.563691861927509308e-03
3.749405732378363609e-03
3.820299403741955757e-03
3.858437994495034218e-03
3.968375269323587418e-03
3.980483859777450562e-03
4.086227156221866608e-03
4.287085495889186859e-03
4.406362771987915039e-03
4.435910843312740326e-03
4.484536126255989075e-03
4.516775254160165787e-03
4.666110966354608536e-03
4.774956032633781433e-03
4.974830430001020432e-03
5.114918574690818787e-03
5.212341900914907455e-03
5.068616010248661041e-03
5.106893368065357208e-03
4.892771132290363312e-03
4.804737865924835205e-03
4.741135518997907639e-03
4.729859065264463425e-03
4.738254006952047348e-03
4.629213362932205200e-03
4.683866631239652634e-03
4.646441899240016937e-03
4.296413157135248184e-03
4.115723073482513428e-03
3.895283443853259087e-03
3.678324399515986443e-03
3.589149098843336105e-03
3.602955723181366920e-03
3.802688559517264366e-03
4.060328938066959381e-03
4.459502175450325012e-03
4.839982371777296066e-03
5.210331641137599945e-03
5.269824527204036713e-03
5.086084827780723572e-03
4.805174190551042557e-03
4.502543713897466660e-03
4.330387804657220840e-03
4.235812462866306305e-03
4.313501529395580292e-03
4.424164537340402603e-03
4.661687184125185013e-03
4.892982542514801025e-03
5.149751901626586914e-03
5.270323716104030609e-03
5.295737180858850479e-03
5.180506035685539246e-03
5.178057122975587845e-03
5.129609722644090652e-03
5.099648609757423401e-03
5.068438127636909485e-03
5.021716933697462082e-03
5.144609604030847549e-03
5.202435888350009918e-03
5.350977648049592972e-03
5.380645859986543655e-03
5.367541220039129257e-03
5.299829877912998199e-03
5.189566407352685928e-03
4.980304278433322906e-03
4.638322629034519196e-03
4.528009798377752304e-03
4.555906634777784348e-03
4.738921765238046646e-03
5.153164267539978027e-03
5.634248722344636917e-03
5.892709363251924515e-03
6.003368645906448364e-03
6.045743823051452637e-03
6.065838504582643509e-03
6.028060335665941238e-03
5.820718128234148026e-03
5.481848027557134628e-03
5.195396021008491516e-03
5.099648144096136093e-03
5.139586050063371658e-03
5.086899269372224808e-03
5.087206605821847916e-03
5.216873716562986374e-03
5.433091893792152405e-03
5.712801124900579453e-03
6.012537982314825058e-03
6.180850788950920105e-03
6.010924465954303741e-03
5.724754650145769119e-03
5.469898693263530731e-03
5.289209540933370590e-03
5.250832531601190567e-03
5.402872804552316666e-03
5.675004795193672180e-03
5.904200952500104904e-03
6.104288157075643539e-03
6.228426471352577209e-03
6.296080537140369415e-03
6.382357794791460037e-03
6.359693594276905060e-03
6.287963595241308212e-03
6.137319374829530716e-03
6.040612235665321350e-03
6.044607609510421753e-03
6.186292041093111038e-03
6.372138857841491699e-03
6.602032575756311417e-03
6.784300785511732101e-03
6.836562417447566986e-03
6.861426401883363724e-03
6.822572555392980576e-03
6.875801831483840942e-03
6.849361117929220200e-03
6.784190889447927475e-03
6.572312209755182266e-03
6.444014608860015869e-03
6.340694148093461990e-03
6.213446147739887238e-03
6.123119965195655823e-03
6.069718394428491592e-03
6.052518263459205627e-03
6.045562215149402618e-03
5.980937741696834564e-03
5.930230952799320221e-03
5.860961042344570160e-03
5.913868546485900879e-03
5.958924070000648499e-03
6.049439776688814163e-03
5.954680033028125763e-03
5.766980350017547607e-03
5.547698121517896652e-03
6.013051606714725494e-03
6.669448688626289368e-03
7.190539501607418060e-03
7.544237654656171799e-03
7.730276789516210556e-03
7.755613420158624649e-03
7.701192516833543777e-03
7.523639593273401260e-03
7.268363144248723984e-03
6.937440484762191772e-03
6.643277592957019806e-03
6.414142902940511703e-03
6.227171979844570160e-03
6.132757756859064102e-03
6.110098212957382202e-03
6.231754552572965622e-03
6.450735498219728470e-03
6.722313817590475082e-03
7.263634819537401199e-03
7.810681127011775970e-03
8.210917003452777863e-03
8.434694260358810425e-03
8.489580824971199036e-03
8.321073837578296661e-03
8.154563605785369873e-03
7.910248823463916779e-03
7.602910976856946945e-03
7.248315494507551193e-03
6.927087437361478806e-03
6.681242492049932480e-03
6.558050867170095444e-03
6.396532524377107620e-03
6.294447463005781174e-03
6.442471873015165329e-03
6.464626640081405640e-03
6.401176098734140396e-03
6.446520797908306122e-03
6.436553783714771271e-03
6.330208387225866318e-03
6.206052377820014954e-03
5.977861117571592331e-03
5.775053054094314575e-03
5.605714861303567886e-03
5.573319271206855774e-03
5.596062634140253067e-03
5.650641862303018570e-03
5.655238870531320572e-03
5.751599092036485672e-03
5.929308012127876282e-03
5.961213260889053345e-03
5.944941192865371704e-03
5.944528616964817047e-03
5.921705625951290131e-03
5.837940610945224762e-03
5.743854679167270660e-03
5.695299245417118073e-03
5.614417139440774918e-03
6.329210940748453140e-03
7.005266845226287842e-03
7.501374930143356323e-03
7.818866521120071411e-03
7.940669544041156769e-03
7.944530807435512543e-03
7.801217492669820786e-03
7.629865780472755432e-03
7.455522660166025162e-03
7.510779891163110733e-03
7.523476611822843552e-03
7.565286476165056229e-03
7.631734013557434082e-03
7.708383724093437195e-03
7.832693867385387421e-03
7.971450686454772949e-03
8.038370870053768158e-03
8.065089583396911621e-03
8.307180367410182953e-03
8.420270867645740509e-03
8.452605456113815308e-03
8.468930609524250031e-03
8.422877639532089233e-03
8.322490379214286804e-03
8.182510733604431152e-03
8.015005849301815033e-03
7.837355136871337891e-03
7.697778753936290741e-03
7.555283140391111374e-03
7.433828432112932205e-03
7.202777545899152756e-03
6.836140062659978867e-03
6.383432541042566299e-03
5.965202581137418747e-03
5.662562325596809387e-03
5.441293586045503616e-03
5.270003341138362885e-03
5.187405273318290710e-03
5.184397101402282715e-03
5.175849888473749161e-03
5.218159407377243042e-03
5.252925679087638855e-03
6.114197429269552231e-03
6.764367688447237015e-03
7.195015903562307358e-03
7.494995370507240295e-03
7.601803168654441833e-03
7.619908079504966736e-03
7.566683925688266754e-03
7.370725274085998535e-03
7.111645769327878952e-03
6.724089849740266800e-03
6.306316237896680832e-03
5.912315566092729568e-03
5.657408852130174637e-03
5.441322922706604004e-03
5.309781059622764587e-03
5.212173797190189362e-03
5.110907834023237228e-03
5.032551940530538559e-03
4.962177481502294540e-03
4.985942039638757706e-03
5.027893465012311935e-03
5.164652597159147263e-03
5.320820026099681854e-03
5.425195675343275070e-03
5.477435421198606491e-03
5.501256324350833893e-03
5.433357320725917816e-03
5.344986915588378906e-03
5.205378402024507523e-03
5.103828385472297668e-03
4.959062207490205765e-03
4.778638016432523727e-03
4.593132995069026947e-03
4.452138673514127731e-03
4.463268909603357315e-03
4.421686753630638123e-03
4.323312547057867050e-03
4.265345167368650436e-03
4.213929176330566406e-03
4.167344886809587479e-03
4.081863909959793091e-03
4.029661417007446289e-03
4.005948081612586975e-03
4.163926932960748672e-03
4.371258430182933807e-03
4.515159409493207932e-03
4.597254097461700439e-03
4.613189492374658585e-03
4.480532836169004440e-03
4.363849759101867676e-03
4.278826061636209488e-03
4.208648111671209335e-03
4.050572402775287628e-03
3.922154195606708527e-03
3.864130936563014984e-03
3.850300330668687820e-03
3.930647857487201691e-03
4.044596571475267410e-03
4.238338675349950790e-03
4.446786362677812576e-03
4.582602530717849731e-03
4.679922480136156082e-03
4.722518846392631531e-03
4.744695033878087997e-03
4.745154641568660736e-03
4.703663289546966553e-03
4.647254943847656250e-03
4.578614141792058945e-03
4.530689679086208344e-03
4.477876238524913788e-03
4.533768631517887115e-03
4.561902023851871490e-03
4.650149960070848465e-03
4.686006344854831696e-03
4.744309000670909882e-03
4.824739415198564529e-03
4.979866091161966324e-03
5.108839832246303558e-03
5.236585158854722977e-03
5.330834072083234787e-03
5.419150460511445999e-03
5.448455456644296646e-03
5.393104162067174911e-03
5.323342513293027878e-03
5.257715936750173569e-03
5.216668825596570969e-03
5.165742244571447372e-03
5.184449721127748489e-03
5.258193239569664001e-03
5.358260590583086014e-03
5.426164716482162476e-03
5.458089523017406464e-03
5.483260378241539001e-03
5.447824951261281967e-03
5.367199424654245377e-03
5.321203731000423431e-03
5.267374683171510696e-03
5.192613694816827774e-03
5.065359640866518021e-03
4.949509166181087494e-03
4.782920237630605698e-03
4.659106954932212830e-03
4.598930012434720993e-03
4.486410878598690033e-03
4.398275632411241531e-03
4.339987877756357193e-03
4.249003250151872635e-03
4.213676787912845612e-03
4.185592755675315857e-03
4.196385852992534637e-03
4.193642642349004745e-03
4.199354909360408783e-03
4.171041306108236313e-03
4.141069483011960983e-03
4.085372667759656906e-03
4.260561428964138031e-03
4.352411720901727676e-03
4.423996899276971817e-03
4.501614253968000412e-03
4.570437129586935043e-03
4.521937575191259384e-03
4.485708661377429962e-03
4.389621783047914505e-03
4.256285261362791061e-03
4.099691752344369888e-03
3.987364936619997025e-03
3.917219117283821106e-03
3.849344793707132339e-03
3.798110410571098328e-03
3.709988668560981750e-03
3.660861868411302567e-03
3.726534545421600342e-03
3.812136827036738396e-03
3.897266229614615440e-03
3.996439743787050247e-03
4.085904452949762344e-03
4.200335592031478882e-03
4.260556772351264954e-03
4.282023292034864426e-03
4.270354285836219788e-03
4.276400897651910782e-03
4.294687416404485703e-03
4.311613272875547409e-03
4.236454144120216370e-03
4.150234628468751907e-03
4.010484553873538971e-03
3.904547076672315598e-03
3.883924102410674095e-03
3.969498910009860992e-03
4.153750836849212646e-03
4.389157984405755997e-03
4.570244345813989639e-03
4.744266159832477570e-03
4.913597367703914642e-03
5.089038051664829254e-03
5.200083367526531219e-03
5.303521174937486649e-03
5.362427327781915665e-03
5.506442394107580185e-03
5.541611928492784500e-03
5.546683911234140396e-03
5.519018974155187607e-03
5.557573400437831879e-03
5.621842108666896820e-03
5.618583410978317261e-03
5.642732139676809311e-03
5.652018357068300247e-03
5.669101141393184662e-03
5.513668525964021683e-03
5.339923780411481857e-03
5.239119753241539001e-03
5.150997545570135117e-03
5.051495507359504700e-03
4.884600173681974411e-03
4.789002239704132080e-03
4.707605112344026566e-03
4.612043034285306931e-03
4.566869698464870453e-03
4.570287652313709259e-03
4.611033480614423752e-03
4.638779442757368088e-03
4.640865139663219452e-03
4.612417891621589661e-03
4.526255186647176743e-03
4.515695385634899139e-03
4.465711768716573715e-03
4.441827535629272461e-03
4.444873426109552383e-03
4.494623281061649323e-03
4.547167569398880005e-03
4.618937615305185318e-03
4.681409336626529694e-03
5.024160258471965790e-03
5.230548791587352753e-03
5.378162488341331482e-03
5.648436024785041809e-03
5.749554373323917389e-03
5.769236013293266296e-03
6.163007114082574844e-03
6.478250492364168167e-03
6.650939118117094040e-03
6.735817529261112213e-03
6.722653750330209732e-03
6.628956645727157593e-03
6.495108362287282944e-03
6.335237994790077209e-03
6.191688589751720428e-03
6.066050380468368530e-03
5.988310556858778000e-03
5.878638941794633865e-03
5.825569853186607361e-03
5.834576208144426346e-03
5.821995437145233154e-03
5.837011616677045822e-03
5.871863570064306259e-03
5.921689327806234360e-03
5.946071818470954895e-03
5.954397842288017273e-03
5.913524888455867767e-03
5.891358479857444763e-03
5.841389298439025879e-03
5.794921889901161194e-03
5.721833091229200363e-03
5.634049419313669205e-03
5.531726405024528503e-03
5.441309884190559387e-03
5.338256713002920151e-03
5.243351683020591736e-03
5.120905581861734390e-03
5.056627094745635986e-03
4.976158495992422104e-03
4.862356930971145630e-03
4.829794168472290039e-03
4.756307695060968399e-03
4.668645095080137253e-03
4.597960039973258972e-03
4.595707636326551437e-03
4.614356439560651779e-03
4.687907174229621887e-03
4.756579641252756119e-03
4.749976098537445068e-03
4.735343623906373978e-03
4.691659938544034958e-03
4.625326953828334808e-03
4.509265534579753876e-03
4.399419762194156647e-03
4.192207939922809601e-03
4.038674291223287582e-03
3.930057864636182785e-03
3.899331903085112572e-03
3.884439822286367416e-03
3.884127596393227577e-03
3.945385105907917023e-03
4.066057968884706497e-03
4.237356130033731461e-03
4.406222142279148102e-03
4.560902714729309082e-03
4.759519360959529877e-03
4.952120594680309296e-03
5.055927671492099762e-03
5.069880280643701553e-03
5.005273967981338501e-03
4.912063479423522949e-03
4.835939500480890274e-03
4.729234613478183746e-03
4.618232604116201401e-03
4.580851178616285324e-03
4.580796696245670319e-03
4.570632707327604294e-03
4.566914401948451996e-03
4.583098925650119781e-03
4.577432759106159210e-03
4.261876922100782394e-03
4.095693584531545639e-03
4.057318437844514847e-03
4.060686565935611725e-03
4.188678693026304245e-03
4.347027745097875595e-03
4.507073666900396347e-03
4.662580322474241257e-03
4.615343641489744186e-03
4.538127686828374863e-03
4.425444640219211578e-03
4.280626773834228516e-03
4.167730920016765594e-03
4.064654465764760971e-03
3.974688239395618439e-03
3.929696977138519287e-03
3.953874576836824417e-03
3.956438973546028137e-03
3.920405637472867966e-03
3.934040665626525879e-03
3.938466776162385941e-03
3.885753219947218895e-03
3.863007528707385063e-03
3.873361740261316299e-03
3.891648724675178528e-03
3.957399632781744003e-03
4.033234901726245880e-03
4.069940652698278427e-03
4.063418135046958923e-03
4.052223172038793564e-03
4.074424970895051956e-03
4.150738939642906189e-03
4.186465404927730560e-03
4.169736988842487335e-03
4.152117762714624405e-03
4.116123542189598083e-03
4.063278902322053909e-03
4.046031273901462555e-03
4.104368388652801514e-03
4.219552036374807358e-03
4.322163760662078857e-03
4.396648146212100983e-03
4.429311957210302353e-03
4.401389509439468384e-03
4.365802276879549026e-03
4.273840226233005524e-03
4.160247743129730225e-03
4.032351076602935791e-03
3.970673307776451111e-03
3.964240662753582001e-03
3.976422362029552460e-03
3.996334969997406006e-03
4.005193244665861130e-03
4.003977868705987930e-03
4.086374770849943161e-03
4.131631460040807724e-03
4.194776527583599091e-03
4.249630030244588852e-03
4.257942084223031998e-03
4.243183881044387817e-03
4.238059744238853455e-03
4.188788589090108871e-03
4.134930204600095749e-03
4.111105110496282578e-03
4.121580161154270172e-03
4.149567335844039917e-03
4.206035751849412918e-03
4.235450644046068192e-03
4.274644423276185989e-03
4.297842737287282944e-03
4.240035079419612885e-03
4.233192652463912964e-03
4.216527100652456284e-03
4.210586193948984146e-03
4.274324513971805573e-03
4.353552125394344330e-03
4.402554593980312347e-03
4.429384600371122360e-03
4.508029203861951828e-03
4.564289003610610962e-03
4.608368966728448868e-03
4.617739468812942505e-03
4.664783366024494171e-03
4.711773246526718140e-03
4.776987712830305099e-03
4.803436342626810074e-03
4.786531906574964523e-03
4.721489269286394119e-03
4.639643710106611252e-03
4.566756542772054672e-03
4.491434432566165924e-03
4.416271578520536423e-03
4.393785260617733002e-03
4.407663363963365555e-03
4.444154445081949234e-03
4.443758632987737656e-03
4.368030931800603867e-03
4.316283855587244034e-03
4.279492422938346863e-03
4.226868040859699249e-03
4.102815873920917511e-03
3.932081628590822220e-03
3.839215729385614395e-03
3.774055279791355133e-03
3.702839603647589684e-03
3.626562887802720070e-03
3.620352828875184059e-03
3.558120224624872208e-03
3.539208788424730301e-03
3.503540297970175743e-03
3.481637220829725266e-03
3.502272535115480423e-03
3.483585780486464500e-03
3.446012036874890327e-03
3.474693978205323219e-03
3.508836962282657623e-03
3.539645113050937653e-03
3.580191638320684433e-03
3.611959284171462059e-03
3.690796671435236931e-03
4.113772418349981308e-03
4.439476877450942993e-03
4.679322708398103714e-03
4.896896891295909882e-03
5.015468690544366837e-03
5.069527309387922287e-03
5.006425548344850540e-03
4.926886409521102905e-03
4.799417220056056976e-03
4.679572302848100662e-03
4.585353657603263855e-03
4.479350522160530090e-03
4.458404146134853363e-03
5.401774775236845016e-03
6.254697218537330627e-03
6.970097310841083527e-03
7.566277869045734406e-03
8.050350472331047058e-03
8.420297876000404358e-03
8.695783093571662903e-03
8.937025442719459534e-03
9.085093624889850616e-03
9.191234596073627472e-03
9.253634139895439148e-03
9.248966351151466370e-03
9.222439490258693695e-03
9.137946180999279022e-03
9.014067240059375763e-03
8.829194121062755585e-03
8.641189895570278168e-03
8.428107947111129761e-03
8.173986338078975677e-03
7.907997816801071167e-03
7.651145569980144501e-03
7.395155262202024460e-03
7.166608702391386032e-03
6.954865995794534683e-03
6.784338504076004028e-03
6.621815264225006104e-03
6.501636933535337448e-03
6.409683264791965485e-03
6.315695121884346008e-03
6.243455689400434494e-03
6.212128791958093643e-03
6.198043003678321838e-03
6.201601587235927582e-03
6.197462789714336395e-03
6.220670882612466812e-03
6.263637449592351913e-03
6.317984778434038162e-03
6.354816257953643799e-03
6.377340294420719147e-03
6.364454980939626694e-03
6.289516109973192215e-03
6.176794413477182388e-03
5.983398761600255966e-03
5.764524452388286591e-03
5.532409530133008957e-03
5.283554084599018097e-03
5.096729379147291183e-03
4.935074131935834885e-03
4.823490977287292480e-03
4.723360762000083923e-03
4.646094981580972672e-03
4.606120754033327103e-03
4.588721320033073425e-03
4.630218725651502609e-03
4.652890376746654510e-03
4.684138111770153046e-03
4.687499254941940308e-03
4.674558062106370926e-03
4.622084088623523712e-03
4.511787556111812592e-03
4.387663211673498154e-03
4.230798687785863876e-03
4.054439254105091095e-03
3.893177723512053490e-03
3.771747229620814323e-03
3.686842974275350571e-03
3.570481203496456146e-03
3.482216270640492439e-03
3.433604026213288307e-03
3.415771294385194778e-03
3.416530555114150047e-03
3.432815428823232651e-03
3.458729945123195648e-03
3.471770090982317924e-03
3.472184296697378159e-03
3.510908689349889755e-03
3.548735752701759338e-03
3.578021889552474022e-03
3.591132117435336113e-03
3.583375597372651100e-03
3.569757798686623573e-03
3.550460329279303551e-03
3.525609150528907776e-03
3.545740386471152306e-03
3.562900004908442497e-03
3.588953055441379547e-03
3.668671241030097008e-03
3.737746970728039742e-03
3.822758328169584274e-03
3.916719462722539902e-03
3.984815441071987152e-03
4.064715933054685593e-03
4.150941502302885056e-03
4.229250829666852951e-03
4.295159131288528442e-03
4.386653192341327667e-03
4.472633823752403259e-03
4.534565377980470657e-03
4.589817952364683151e-03
4.596856422722339630e-03
4.601732362061738968e-03
4.593960475176572800e-03
4.569568205624818802e-03
4.556977190077304840e-03
4.584883339703083038e-03
4.635448567569255829e-03
4.671869333833456039e-03
4.705071449279785156e-03
4.738591611385345459e-03
4.799977410584688187e-03
4.858816973865032196e-03
4.918949678540229797e-03
4.994441289454698563e-03
5.051013547927141190e-03
5.081346258521080017e-03
5.093637388199567795e-03
5.068644881248474121e-03
5.057435948401689529e-03
5.004547536373138428e-03
4.961909260600805283e-03
4.906522575765848160e-03
4.853755235671997070e-03
4.793090745806694031e-03
4.751489032059907913e-03
4.710570443421602249e-03
4.692036658525466919e-03
4.686363041400909424e-03
4.623519722372293472e-03
4.591112956404685974e-03
4.575781989842653275e-03
4.545956850051879883e-03
4.496540408581495285e-03
4.450990818440914154e-03
4.403252620249986649e-03
4.368664231151342392e-03
4.292903468012809753e-03
4.217957146465778351e-03
4.151608329266309738e-03
4.078606609255075455e-03
3.995938692241907120e-03
3.929902799427509308e-03
3.849966218695044518e-03
3.815177362412214279e-03
3.800415433943271637e-03
3.830142552033066750e-03
3.874798072502017021e-03
3.933611791580915451e-03
3.974451683461666107e-03
3.999656531959772110e-03
4.015817772597074509e-03
4.029019270092248917e-03
4.042109940201044083e-03
4.064950626343488693e-03
4.093863535672426224e-03
4.117838572710752487e-03
4.129964858293533325e-03
4.116657655686140060e-03
4.082784056663513184e-03
4.034040030092000961e-03
3.983217757195234299e-03
3.931574989110231400e-03
3.878375748172402382e-03
3.808400360867381096e-03
3.722177585586905479e-03
3.638988360762596130e-03
3.575992072001099586e-03
3.537285607308149338e-03
3.529446665197610855e-03
3.496572375297546387e-03
3.463912289589643478e-03
3.389905206859111786e-03
3.322328673675656319e-03
3.280041739344596863e-03
3.240326652303338051e-03
3.206885652616620064e-03
3.189885988831520081e-03
3.222482511773705482e-03
3.289315616711974144e-03
3.387888194993138313e-03
3.459731582552194595e-03
3.495516255497932434e-03
3.570854431018233299e-03
3.658641129732131958e-03
3.734295722097158432e-03
3.783482592552900314e-03
3.788701957091689110e-03
3.736680373549461365e-03
3.671473590657114983e-03
3.577085677534341812e-03
3.475537989288568497e-03
3.368463832885026932e-03
3.296850016340613365e-03
3.258996875956654549e-03
3.239498008042573929e-03
3.228856250643730164e-03
3.241527127102017403e-03
3.279755823314189911e-03
3.327598562464118004e-03
3.387211821973323822e-03
3.459477797150611877e-03
3.527961438521742821e-03
3.589212195947766304e-03
3.587030107155442238e-03
3.570950822904706001e-03
3.588467370718717575e-03
3.628645557910203934e-03
3.702112939208745956e-03
3.789369016885757446e-03
3.821942722424864769e-03
3.832169575616717339e-03
3.867534222081303596e-03
3.888064529746770859e-03
3.913850523531436920e-03
3.965075127780437469e-03
3.958039917051792145e-03
3.947355784475803375e-03
3.947355784475803375e-03
3.947355784475803375e-03
3.901148913428187370e-03
3.876365255564451218e-03
3.841099794954061508e-03
3.841099794954061508e-03
3.814359428361058235e-03
3.786405315622687340e-03
3.726409748196601868e-03
3.682259703055024147e-03
3.674591658636927605e-03
3.673726459965109825e-03
3.685381263494491577e-03
3.722771070897579193e-03
3.719083033502101898e-03
3.674717154353857040e-03
3.645986551418900490e-03
3.609576029703021049e-03
3.553923219442367554e-03
3.530263900756835938e-03
3.508633701130747795e-03
3.496267134323716164e-03
3.467552596703171730e-03
