3.634978830814361572e-02
3.634978830814361572e-02
3.620244935154914856e-02
3.586285188794136047e-02
3.554992005228996277e-02
3.523330017924308777e-02
3.569662570953369141e-02
3.592906892299652100e-02
3.595748916268348694e-02
3.629335388541221619e-02
3.670438006520271301e-02
3.701005131006240845e-02
3.736671060323715210e-02
3.747266158461570740e-02
3.736606985330581665e-02
3.702130913734436035e-02
3.659610822796821594e-02
3.626905381679534912e-02
3.613146021962165833e-02
3.599407151341438293e-02
3.561265021562576294e-02
3.531059995293617249e-02
3.501050174236297607e-02
3.492375090718269348e-02
3.472753986716270447e-02
3.424853459000587463e-02
3.379328921437263489e-02
3.316367417573928833e-02
3.278657421469688416e-02
3.239807859063148499e-02
3.216585889458656311e-02
3.207456320524215698e-02
3.194727003574371338e-02
3.192248195409774780e-02
3.195240721106529236e-02
3.210122138261795044e-02
3.244933858513832092e-02
3.282216191291809082e-02
3.297641128301620483e-02
3.286769613623619080e-02
3.263311088085174561e-02
3.235270455479621887e-02
3.217611834406852722e-02
3.185229375958442688e-02
3.157422691583633423e-02
3.131597861647605896e-02
3.107507526874542236e-02
3.070829063653945923e-02
3.054512478411197662e-02
3.043775074183940887e-02
3.018057160079479218e-02
2.982637099921703339e-02
2.971526421606540680e-02
2.964067645370960236e-02
2.958967350423336029e-02
2.947585284709930420e-02
2.948831580579280853e-02
2.953301928937435150e-02
2.959298901259899139e-02
2.966467663645744324e-02
2.981996722519397736e-02
2.996326237916946411e-02
3.002626076340675354e-02
3.009442612528800964e-02
3.011422045528888702e-02
3.016304969787597656e-02
3.024837560951709747e-02
3.044524975121021271e-02
3.062023967504501343e-02
3.081473708152770996e-02
3.095736354589462280e-02
3.086979128420352936e-02
3.095217235386371613e-02
3.105316869914531708e-02
3.106477484107017517e-02
3.110018186271190643e-02
3.124699182808399200e-02
3.125514462590217590e-02
3.126410767436027527e-02
3.120078332722187042e-02
3.103227540850639343e-02
3.091722354292869568e-02
3.081269562244415283e-02
3.079456463456153870e-02
3.084365651011466980e-02
3.110955841839313507e-02
3.137178346514701843e-02
3.156571835279464722e-02
3.165370225906372070e-02
3.159410133957862854e-02
3.142166137695312500e-02
3.107327222824096680e-02
3.057459369301795959e-02
3.025318123400211334e-02
3.001752682030200958e-02
2.995779551565647125e-02
2.988500334322452545e-02
2.970820665359497070e-02
2.966377884149551392e-02
2.975760400295257568e-02
2.998904325067996979e-02
3.006583824753761292e-02
3.016297891736030579e-02
3.038974851369857788e-02
3.059046901762485504e-02
3.070167638361454010e-02
3.064360655844211578e-02
3.047727607190608978e-02
3.030335903167724609e-02
3.022081963717937469e-02
3.003215417265892029e-02
2.990680001676082611e-02
2.968396246433258057e-02
2.976666390895843506e-02
2.982264198362827301e-02
2.986223809421062469e-02
2.981127984821796417e-02
2.966730110347270966e-02
2.949365600943565369e-02
2.926929108798503876e-02
2.905184775590896606e-02
2.885453030467033386e-02
2.879559993743896484e-02
2.879169210791587830e-02
2.882742322981357574e-02
2.877314016222953796e-02
2.876258827745914459e-02
2.868304215371608734e-02
2.852520719170570374e-02
2.821530215442180634e-02
2.797829546034336090e-02
2.769846282899379730e-02
2.739702723920345306e-02
2.723260968923568726e-02
2.706871926784515381e-02
2.684921957552433014e-02
2.657035738229751587e-02
2.628942392766475677e-02
2.603422105312347412e-02
2.585657685995101929e-02
2.571109682321548462e-02
2.555738575756549835e-02
2.552216127514839172e-02
2.562076225876808167e-02
2.573455683887004852e-02
2.591437101364135742e-02
2.597568370401859283e-02
2.604285068809986115e-02
2.611857838928699493e-02
2.612896077334880829e-02
2.607700601220130920e-02
2.595056220889091492e-02
2.586531080305576324e-02
2.561257220804691315e-02
2.546217478811740875e-02
2.527348883450031281e-02
2.508775517344474792e-02
2.496591396629810333e-02
2.479366958141326904e-02
2.476534433662891388e-02
2.484593726694583893e-02
2.491419948637485504e-02
2.501956559717655182e-02
2.517249621450901031e-02
2.531208656728267670e-02
2.550402842462062836e-02
2.579970099031925201e-02
2.594674751162528992e-02
2.630620077252388000e-02
2.666786499321460724e-02
2.703856676816940308e-02
2.723499201238155365e-02
2.731483429670333862e-02
2.730191126465797424e-02
2.724529802799224854e-02
2.705208212137222290e-02
2.683071047067642212e-02
2.657412551343441010e-02
2.631267346441745758e-02
2.614096179604530334e-02
2.595395967364311218e-02
2.572084777057170868e-02
2.560387924313545227e-02
2.556656673550605774e-02
2.568499557673931122e-02
2.562254667282104492e-02
2.559523284435272217e-02
2.565343491733074188e-02
2.577376179397106171e-02
2.592747285962104797e-02
2.608739212155342102e-02
2.621365524828433990e-02
2.640188112854957581e-02
2.657483145594596863e-02
2.673596702516078949e-02
2.698484249413013458e-02
2.705149352550506592e-02
2.697585150599479675e-02
2.676464058458805084e-02
2.658281847834587097e-02
2.637921087443828583e-02
2.615681104362010956e-02
2.606367692351341248e-02
2.592539228498935699e-02
2.591931633651256561e-02
2.599127963185310364e-02
2.600775845348834991e-02
2.601627074182033539e-02
2.608631923794746399e-02
2.610089071094989777e-02
2.617080509662628174e-02
2.627105638384819031e-02
2.637065015733242035e-02
2.646110393106937408e-02
2.657748945057392120e-02
2.667351253330707550e-02
2.682911045849323273e-02
2.686696499586105347e-02
2.686696499586105347e-02
2.686696499586105347e-02
2.686696499586105347e-02
2.686696499586105347e-02
2.686696499586105347e-02
2.686696499586105347e-02
2.686696499586105347e-02
2.698159031569957733e-02
2.700198814272880554e-02
2.698753587901592255e-02
2.707091160118579865e-02
2.715905569493770599e-02
2.716337703168392181e-02
2.700628712773323059e-02
2.686871215701103210e-02
2.656269446015357971e-02
2.631402574479579926e-02
2.609766274690628052e-02
2.592786774039268494e-02
2.580802701413631439e-02
2.580128610134124756e-02
2.582997828722000122e-02
2.589727751910686493e-02
2.602839469909667969e-02
2.614131383597850800e-02
2.634722180664539337e-02
2.634313888847827911e-02
2.623185701668262482e-02
2.610547095537185669e-02
2.604324184358119965e-02
2.595942839980125427e-02
2.595725655555725098e-02
2.594470791518688202e-02
2.577338740229606628e-02
2.556968480348587036e-02
2.538508363068103790e-02
2.521089650690555573e-02
2.502587810158729553e-02
2.482767030596733093e-02
2.454461902379989624e-02
2.435930259525775909e-02
2.428478747606277466e-02
2.422124706208705902e-02
2.412123046815395355e-02
2.397738024592399597e-02
2.388166822493076324e-02
2.379519492387771606e-02
2.359537780284881592e-02
2.348675951361656189e-02
2.334935031831264496e-02
2.316596545279026031e-02
2.299558371305465698e-02
2.283099293708801270e-02
2.272447757422924042e-02
2.264412678778171539e-02
2.258479408919811249e-02
2.247133664786815643e-02
2.241722121834754944e-02
2.230827696621417999e-02
2.225571870803833008e-02
2.219454944133758545e-02
2.219286747276782990e-02
2.204606682062149048e-02
2.182122692465782166e-02
2.158057875931262970e-02
2.127676270902156830e-02
2.103243395686149597e-02
2.069805748760700226e-02
2.029447257518768311e-02
2.000678703188896179e-02
1.967945136129856110e-02
1.945463381707668304e-02
1.933657377958297729e-02
1.933948695659637451e-02
1.950886845588684082e-02
1.969697698950767517e-02
1.979793794453144073e-02
1.998301409184932709e-02
2.005908451974391937e-02
1.995754800736904144e-02
1.982896588742733002e-02
1.975041069090366364e-02
1.953756995499134064e-02
1.939317956566810608e-02
1.923649199306964874e-02
1.920917816460132599e-02
1.928143203258514404e-02
1.934757828712463379e-02
1.930971629917621613e-02
1.931004412472248077e-02
1.928072609007358551e-02
1.934889703989028931e-02
1.948919706046581268e-02
1.957748457789421082e-02
1.957735978066921234e-02
1.952860504388809204e-02
1.934505999088287354e-02
1.909317821264266968e-02
1.883648335933685303e-02
1.868773996829986572e-02
1.864665374159812927e-02
1.864909380674362183e-02
1.857457496225833893e-02
1.859780773520469666e-02
1.867379993200302124e-02
1.877800561487674713e-02
1.898289471864700317e-02
1.917769759893417358e-02
1.871780119836330414e-02
1.834182627499103546e-02
1.802744902670383453e-02
1.782519929111003876e-02
1.775445416569709778e-02
1.775445416569709778e-02
1.775445416569709778e-02
1.775445416569709778e-02
1.775445416569709778e-02
1.779585145413875580e-02
1.789967156946659088e-02
1.803332753479480743e-02
1.815076917409896851e-02
1.837960071861743927e-02
1.866488344967365265e-02
1.890971139073371887e-02
1.906606741249561310e-02
1.906834356486797333e-02
1.901908218860626221e-02
1.890511997044086456e-02
1.885101944208145142e-02
1.879689283668994904e-02
1.872193068265914917e-02
1.852390728890895844e-02
1.795695908367633820e-02
1.744591072201728821e-02
1.706318184733390808e-02
1.678344234824180603e-02
1.647926867008209229e-02
1.631509698927402496e-02
1.614903844892978668e-02
1.606825180351734161e-02
1.602138951420783997e-02
1.598385907709598541e-02
1.601213403046131134e-02
1.606831699609756470e-02
1.601593941450119019e-02
1.602990552783012390e-02
1.615528948605060577e-02
1.636218465864658356e-02
1.665737666189670563e-02
1.690766029059886932e-02
1.718192920088768005e-02
1.747954264283180237e-02
1.776408590376377106e-02
1.805218122899532318e-02
1.833279617130756378e-02
1.842335239052772522e-02
1.845879107713699341e-02
1.841416768729686737e-02
1.834187284111976624e-02
1.827315054833889008e-02
1.818223856389522552e-02
1.810238137841224670e-02
1.809015497565269470e-02
1.822152733802795410e-02
1.850256323814392090e-02
1.891982555389404297e-02
1.935009658336639404e-02
1.981314271688461304e-02
2.007215470075607300e-02
2.007215470075607300e-02
2.007215470075607300e-02
2.007215470075607300e-02
2.007215470075607300e-02
2.017862722277641296e-02
2.007459849119186401e-02
1.994778402149677277e-02
1.984197460114955902e-02
1.974526979029178619e-02
1.979674026370048523e-02
1.991368643939495087e-02
2.010885812342166901e-02
2.036540769040584564e-02
2.064535580575466156e-02
2.088708803057670593e-02
2.102551423013210297e-02
2.108700945973396301e-02
2.095225639641284943e-02
2.077270485460758209e-02
2.050437591969966888e-02
2.037456072866916656e-02
2.022921852767467499e-02
2.021478861570358276e-02
2.027078345417976379e-02
2.028771862387657166e-02
2.019980922341346741e-02
2.009878866374492645e-02
1.988651789724826813e-02
1.967160776257514954e-02
1.944493688642978668e-02
1.931886188685894012e-02
1.926954276859760284e-02
1.929035782814025879e-02
1.935704424977302551e-02
1.945391111075878143e-02
1.955261826515197754e-02
1.963470876216888428e-02
1.969224400818347931e-02
1.970743946731090546e-02
1.967638172209262848e-02
1.957742497324943542e-02
1.943090185523033142e-02
1.940817385911941528e-02
1.951932162046432495e-02
1.970043964684009552e-02
1.984393037855625153e-02
1.993906870484352112e-02
2.001207694411277771e-02
2.011756412684917450e-02
2.015312016010284424e-02
2.014807052910327911e-02
2.012234367430210114e-02
2.009895257651805878e-02
2.013972960412502289e-02
2.008069865405559540e-02
2.004152722656726837e-02
2.005203440785408020e-02
2.009991370141506195e-02
2.014926634728908539e-02
2.017110027372837067e-02
2.015364728868007660e-02
2.014919929206371307e-02
2.009825967252254486e-02
2.012582495808601379e-02
2.026087976992130280e-02
2.048230357468128204e-02
2.071338705718517303e-02
2.089895680546760559e-02
2.103122323751449585e-02
2.102434635162353516e-02
2.094440348446369171e-02
2.091719023883342743e-02
2.095372602343559265e-02
2.115360461175441742e-02
2.145763672888278961e-02
2.175624482333660126e-02
2.203571237623691559e-02
2.226803079247474670e-02
2.245922014117240906e-02
2.266096509993076324e-02
2.287195250391960144e-02
2.307580225169658661e-02
2.316772192716598511e-02
2.321829833090305328e-02
2.321595698595046997e-02
2.330676652491092682e-02
2.342948131263256073e-02
2.355909533798694611e-02
2.371727488934993744e-02
2.386222779750823975e-02
2.396697551012039185e-02
2.401958778500556946e-02
2.394095622003078461e-02
2.387253940105438232e-02
2.384663559496402740e-02
2.390857040882110596e-02
2.399879880249500275e-02
2.410725504159927368e-02
2.418533898890018463e-02
2.409076131880283356e-02
2.411172725260257721e-02
2.414332702755928040e-02
2.418995462357997894e-02
2.424221485853195190e-02
2.421591244637966156e-02
2.415530197322368622e-02
2.413230761885643005e-02
2.415854856371879578e-02
2.414842136204242706e-02
2.405505254864692688e-02
2.393081597983837128e-02
2.380815520882606506e-02
2.368108741939067841e-02
2.352854236960411072e-02
2.343718148767948151e-02
2.334016002714633942e-02
2.335247769951820374e-02
2.344594150781631470e-02
2.351678535342216492e-02
2.366251870989799500e-02
2.384294755756855011e-02
2.391621097922325134e-02
2.390315942466259003e-02
2.381030656397342682e-02
2.364911884069442749e-02
2.345508895814418793e-02
2.328859083354473114e-02
2.321371994912624359e-02
2.326494641602039337e-02
2.336203679442405701e-02
2.350853011012077332e-02
2.370242960751056671e-02
2.391171641647815704e-02
2.400046400725841522e-02
2.392542921006679535e-02
2.377686277031898499e-02
2.360968291759490967e-02
2.348441258072853088e-02
2.344832010567188263e-02
2.343902178108692169e-02
2.342274226248264313e-02
2.341639623045921326e-02
2.345294132828712463e-02
2.355080284178256989e-02
2.364355325698852539e-02
2.368074655532836914e-02
2.360365726053714752e-02
2.348273433744907379e-02
2.333747409284114838e-02
2.316492982208728790e-02
2.304226905107498169e-02
2.302016504108905792e-02
2.304604649543762207e-02
2.321507409214973450e-02
2.347450517117977142e-02
2.364883944392204285e-02
2.376282773911952972e-02
2.379438094794750214e-02
2.371359243988990784e-02
2.364651672542095184e-02
2.354265749454498291e-02
2.350882999598979950e-02
2.355137281119823456e-02
2.350671961903572083e-02
2.352737635374069214e-02
2.360621467232704163e-02
2.370405569672584534e-02
2.378368005156517029e-02
2.376468107104301453e-02
2.374923042953014374e-02
2.373504638671875000e-02
2.374081313610076904e-02
2.360072359442710876e-02
2.343972213566303253e-02
2.336852625012397766e-02
2.337807975709438324e-02
2.346762269735336304e-02
2.359439805150032043e-02
2.370598539710044861e-02
2.380000054836273193e-02
2.381992340087890625e-02
2.379994280636310577e-02
2.370531484484672546e-02
2.361028082668781281e-02
2.342381700873374939e-02
2.342381700873374939e-02
2.328301779925823212e-02
2.218672819435596466e-02
2.131380140781402588e-02
2.066621184349060059e-02
2.023040875792503357e-02
1.998173072934150696e-02
1.993532478809356689e-02
2.003616094589233398e-02
2.025366574525833130e-02
2.053311094641685486e-02
2.069697342813014984e-02
2.072503603994846344e-02
2.067063376307487488e-02
2.054104767739772797e-02
2.032200805842876434e-02
2.001309767365455627e-02
1.969753205776214600e-02
1.937433890998363495e-02
1.910414360463619232e-02
1.890054717659950256e-02
1.882539689540863037e-02
1.881534978747367859e-02
1.889668963849544525e-02
1.906548812985420227e-02
1.931992731988430023e-02
1.955346949398517609e-02
1.977811567485332489e-02
1.990313641726970673e-02
1.995071396231651306e-02
1.994262821972370148e-02
1.984912343323230743e-02
1.970518939197063446e-02
1.952144876122474670e-02
1.937811076641082764e-02
1.928550377488136292e-02
1.922176778316497803e-02
1.916750147938728333e-02
1.900865696370601654e-02
1.899557746946811676e-02
1.912342384457588196e-02
1.912342384457588196e-02
1.933081634342670441e-02
1.953264325857162476e-02
1.970477215945720673e-02
1.981707848608493805e-02
1.986796967685222626e-02
1.982918754220008850e-02
1.972050592303276062e-02
1.962341554462909698e-02
1.949462853372097015e-02
1.926494762301445007e-02
1.905734650790691376e-02
1.886193081736564636e-02
1.870912499725818634e-02
1.867434196174144745e-02
1.871197856962680817e-02
1.877768151462078094e-02
1.883576996624469757e-02
1.887671835720539093e-02
1.895903237164020538e-02
1.902587153017520905e-02
1.902587153017520905e-02
1.906603202223777771e-02
1.905576884746551514e-02
1.909163780510425568e-02
1.907047629356384277e-02
1.899642683565616608e-02
1.892929710447788239e-02
1.889783889055252075e-02
1.886153593659400940e-02
1.881412416696548462e-02
1.875252090394496918e-02
1.873723231256008148e-02
1.873601227998733521e-02
1.877574063837528229e-02
1.871914230287075043e-02
1.866538822650909424e-02
1.863449625670909882e-02
1.859924942255020142e-02
1.859590969979763031e-02
1.859867572784423828e-02
1.868977397680282593e-02
1.882362924516201019e-02
1.888670958578586578e-02
1.893288083374500275e-02
1.896085590124130249e-02
1.895437389612197876e-02
1.887669600546360016e-02
1.875855214893817902e-02
1.863617077469825745e-02
1.856862381100654602e-02
1.851110719144344330e-02
1.846768520772457123e-02
1.841678656637668610e-02
1.838416606187820435e-02
1.837036758661270142e-02
1.840174943208694458e-02
1.851680502295494080e-02
1.860119216144084930e-02
1.857434958219528198e-02
1.856233179569244385e-02
1.857590861618518829e-02
1.855579204857349396e-02
1.849770359694957733e-02
1.842305622994899750e-02
1.810295507311820984e-02
1.783361658453941345e-02
1.767666451632976532e-02
1.767072826623916626e-02
1.780896633863449097e-02
1.796965487301349640e-02
1.811225898563861847e-02
1.816552504897117615e-02
1.811173930764198303e-02
1.801521703600883484e-02
1.788079738616943359e-02
1.776783727109432220e-02
1.776783727109432220e-02
1.762830279767513275e-02
1.759472675621509552e-02
1.762895099818706512e-02
1.769541203975677490e-02
1.780665479600429535e-02
1.789197884500026703e-02
1.794997602701187134e-02
1.798733323812484741e-02
1.803753525018692017e-02
1.803696155548095703e-02
1.806458830833435059e-02
1.805095560848712921e-02
1.800417900085449219e-02
1.795854046940803528e-02
1.796099171042442322e-02
1.795319095253944397e-02
1.798191666603088379e-02
1.807609200477600098e-02
1.819807477295398712e-02
1.819807477295398712e-02
1.830895431339740753e-02
1.837759464979171753e-02
1.835335604846477509e-02
1.832191646099090576e-02
1.827936992049217224e-02
1.821282505989074707e-02
1.816747710108757019e-02
1.812969334423542023e-02
1.816645078361034393e-02
1.826166734099388123e-02
1.836120150983333588e-02
1.842620410025119781e-02
1.851975172758102417e-02
1.855151169002056122e-02
1.860355399549007416e-02
1.859832555055618286e-02
1.860748976469039917e-02
1.862828992307186127e-02
1.863558962941169739e-02
1.870251074433326721e-02
1.876448839902877808e-02
1.884785480797290802e-02
1.893432438373565674e-02
1.899427734315395355e-02
1.900489814579486847e-02
1.900489814579486847e-02
1.904698275029659271e-02
1.904489472508430481e-02
1.904230378568172455e-02
1.898978278040885925e-02
1.890514418482780457e-02
1.878991350531578064e-02
1.866635307669639587e-02
1.851060241460800171e-02
1.837203465402126312e-02
1.827578246593475342e-02
1.820121519267559052e-02
1.812686584889888763e-02
1.811845600605010986e-02
1.815980114042758942e-02
1.826001703739166260e-02
1.838101074099540710e-02
1.844873838126659393e-02
1.848663575947284698e-02
1.845254749059677124e-02
1.838125847280025482e-02
1.822563447058200836e-02
1.809996552765369415e-02
1.804184727370738983e-02
1.802214235067367554e-02
1.804943196475505829e-02
1.813419163227081299e-02
1.827420480549335480e-02
1.838435605168342590e-02
1.851236261427402496e-02
1.860154233872890472e-02
1.864976063370704651e-02
1.869582571089267731e-02
1.872487738728523254e-02
1.873852685093879700e-02
1.873786188662052155e-02
1.871886663138866425e-02
1.874155178666114807e-02
1.872294023633003235e-02
1.870109140872955322e-02
1.873838342726230621e-02
1.891859248280525208e-02
1.907785795629024506e-02
1.921977847814559937e-02
1.933733373880386353e-02
1.939473673701286316e-02
1.948181726038455963e-02
1.956854201853275299e-02
1.964921690523624420e-02
1.965911686420440674e-02
1.967309974133968353e-02
1.973181031644344330e-02
1.977512985467910767e-02
1.982372067868709564e-02
1.986624114215373993e-02
1.988862454891204834e-02
1.991907693445682526e-02
1.997020095586776733e-02
1.999244280159473419e-02
2.000108361244201660e-02
1.998851262032985687e-02
1.993010193109512329e-02
1.987928710877895355e-02
1.985887438058853149e-02
1.986579596996307373e-02
1.992932707071304321e-02
2.000028267502784729e-02
2.002245932817459106e-02
2.006443776190280914e-02
2.015041373670101166e-02
2.019199728965759277e-02
2.017097733914852142e-02
2.009996585547924042e-02
1.996525935828685760e-02
1.983928307890892029e-02
1.967930793762207031e-02
1.951655000448226929e-02
1.939729973673820496e-02
1.935182511806488037e-02
1.930938847362995148e-02
1.927043683826923370e-02
1.923999749124050140e-02
1.918822899460792542e-02
1.916267909109592438e-02
1.912996731698513031e-02
1.908489502966403961e-02
1.904169097542762756e-02
1.899573393166065216e-02
1.899573393166065216e-02
1.894595660269260406e-02
1.891469024121761322e-02
1.891325972974300385e-02
1.887968182563781738e-02
1.884323544800281525e-02
1.879723928868770599e-02
1.877815648913383484e-02
1.874501816928386688e-02
1.873335987329483032e-02
1.872519962489604950e-02
1.871539279818534851e-02
1.868038997054100037e-02
1.868011057376861572e-02
1.869284734129905701e-02
1.869701780378818512e-02
1.874631829559803009e-02
1.883151009678840637e-02
1.887290552258491516e-02
1.888182386755943298e-02
1.894251070916652679e-02
1.900309324264526367e-02
1.907377876341342926e-02
1.915124058723449707e-02
1.931706629693508148e-02
1.942676492035388947e-02
1.952161267399787903e-02
1.956340298056602478e-02
1.962890475988388062e-02
1.964215189218521118e-02
1.961493119597434998e-02
1.958534866571426392e-02
1.952321082353591919e-02
1.951097697019577026e-02
1.951925456523895264e-02
1.953152380883693695e-02
1.960782334208488464e-02
1.968301460146903992e-02
1.978942565619945526e-02
1.987402327358722687e-02
1.994117535650730133e-02
1.998896151781082153e-02
2.000745013356208801e-02
2.003617398440837860e-02
2.005189470946788788e-02
2.000065147876739502e-02
1.994882710278034210e-02
1.987285353243350983e-02
1.978988014161586761e-02
1.969753578305244446e-02
1.966147124767303467e-02
1.965026371181011200e-02
1.965848729014396667e-02
1.968393474817276001e-02
1.969213970005512238e-02
1.968334801495075226e-02
1.967221684753894806e-02
1.965355128049850464e-02
1.962197013199329376e-02
1.960796490311622620e-02
1.958543621003627777e-02
1.953130960464477539e-02
1.947983913123607635e-02
1.942479051649570465e-02
1.942104473710060120e-02
1.941703259944915771e-02
1.945509202778339386e-02
1.949970051646232605e-02
1.955037564039230347e-02
1.955465041100978851e-02
1.959438621997833252e-02
1.967616379261016846e-02
1.975399442017078400e-02
1.983984187245368958e-02
1.990153081715106964e-02
1.997804082930088043e-02
2.012103050947189331e-02
2.026473917067050934e-02
2.035687118768692017e-02
2.038687840104103088e-02
2.037019282579421997e-02
2.031024917960166931e-02
2.026503160595893860e-02
2.026921324431896210e-02
2.032757177948951721e-02
2.041012048721313477e-02
2.047833241522312164e-02
2.058280259370803833e-02
2.068885974586009979e-02
2.080067247152328491e-02
2.089936845004558563e-02
2.100554667413234711e-02
2.105101943016052246e-02
2.108392491936683655e-02
2.107377164065837860e-02
2.104956284165382385e-02
2.101493068039417267e-02
2.099240943789482117e-02
2.095646597445011139e-02
2.108782157301902771e-02
2.124340087175369263e-02
2.137640118598937988e-02
2.149395644664764404e-02
2.160606347024440765e-02
2.170190587639808655e-02
2.176558971405029297e-02
2.182572521269321442e-02
2.185016684234142303e-02
2.181671187281608582e-02
2.177374437451362610e-02
2.176611311733722687e-02
2.174097858369350433e-02
2.173327095806598663e-02
2.170654200017452240e-02
2.166634425520896912e-02
2.157620526850223541e-02
2.148707024753093719e-02
2.141858078539371490e-02
2.138520404696464539e-02
2.135749720036983490e-02
2.128776721656322479e-02
2.130989171564579010e-02
2.132363803684711456e-02
2.133717760443687439e-02
2.132611908018589020e-02
2.133500576019287109e-02
2.129468321800231934e-02
2.126495540142059326e-02
2.125978283584117889e-02
2.121915481984615326e-02
2.117531560361385345e-02
2.111404761672019958e-02
2.101889625191688538e-02
2.096629515290260315e-02
2.093412540853023529e-02
2.089537680149078369e-02
2.085001952946186066e-02
2.082180045545101166e-02
2.074282430112361908e-02
2.065869048237800598e-02
2.062477357685565948e-02
2.059718221426010132e-02
2.059545554220676422e-02
2.065869048237800598e-02
2.070434391498565674e-02
2.077668718993663788e-02
2.087476104497909546e-02
2.090023830533027649e-02
2.088914252817630768e-02
2.083345688879489899e-02
2.079951018095016479e-02
2.073304355144500732e-02
2.066289074718952179e-02
2.060752362012863159e-02
2.052941173315048218e-02
2.045363932847976685e-02
2.038248628377914429e-02
2.034113556146621704e-02
2.034017257392406464e-02
2.035782113671302795e-02
2.036687545478343964e-02
2.036595903337001801e-02
2.037761546671390533e-02
2.041611447930335999e-02
2.043424732983112335e-02
2.041439712047576904e-02
2.041331678628921509e-02
2.043662406504154205e-02
2.042868919670581818e-02
2.040399238467216492e-02
2.039896510541439056e-02
2.041011862456798553e-02
2.045146375894546509e-02
2.047674544155597687e-02
2.049736864864826202e-02
2.049019001424312592e-02
2.049281820654869080e-02
2.051108330488204956e-02
2.054505608975887299e-02
2.059077657759189606e-02
2.062519453465938568e-02
2.068081311881542206e-02
2.073365263640880585e-02
2.077742293477058411e-02
2.083874121308326721e-02
2.089498564600944519e-02
2.097207494080066681e-02
2.100515365600585938e-02
2.099974453449249268e-02
2.099152654409408569e-02
2.095024101436138153e-02
2.091168612241744995e-02
2.088883146643638611e-02
2.087117545306682587e-02
2.087388932704925537e-02
2.089421451091766357e-02
2.089657820761203766e-02
2.093897573649883270e-02
2.098152972757816315e-02
2.098800614476203918e-02
2.106424607336521149e-02
2.111253328621387482e-02
2.111656405031681061e-02
2.114678919315338135e-02
2.114880457520484924e-02
2.115342020988464355e-02
2.116091549396514893e-02
2.111796848475933075e-02
2.105522528290748596e-02
2.082004956901073456e-02
2.063059620559215546e-02
2.047507464885711670e-02
2.035146951675415039e-02
2.029772102832794189e-02
2.029845118522644043e-02
2.034906297922134399e-02
2.039899490773677826e-02
2.046059072017669678e-02
2.051540464162826538e-02
2.056298218667507172e-02
2.059922553598880768e-02
2.061667293310165405e-02
2.061524800956249237e-02
2.061122283339500427e-02
2.062383666634559631e-02
2.056428976356983185e-02
2.049035206437110901e-02
2.042731828987598419e-02
2.038416452705860138e-02
2.037173509597778320e-02
2.037023566663265228e-02
2.037791535258293152e-02
2.040558122098445892e-02
2.043929882347583771e-02
2.047551609575748444e-02
2.051533758640289307e-02
2.055301517248153687e-02
2.059236727654933929e-02
2.058349922299385071e-02
2.059719152748584747e-02
2.061578258872032166e-02
2.065327204763889313e-02
2.070923894643783569e-02
2.074777893722057343e-02
2.078399062156677246e-02
2.080140635371208191e-02
2.079097926616668701e-02
2.078215219080448151e-02
2.077012322843074799e-02
2.076165936887264252e-02
2.072587423026561737e-02
2.069778367877006531e-02
2.069558575749397278e-02
2.074987255036830902e-02
2.080344781279563904e-02
2.085513249039649963e-02
2.093194052577018738e-02
2.102894894778728485e-02
2.109099738299846649e-02
2.112651243805885315e-02
2.112516947090625763e-02
2.111559174954891205e-02
2.108932659029960632e-02
2.106536366045475006e-02
2.105688676238059998e-02
2.105948887765407562e-02
2.107400819659233093e-02
2.108960784971714020e-02
2.109080925583839417e-02
2.111042104661464691e-02
2.116034179925918579e-02
2.122225426137447357e-02
2.128402702510356903e-02
2.130572497844696045e-02
2.131988853216171265e-02
2.134179510176181793e-02
2.135686762630939484e-02
2.144457772374153137e-02
2.150566875934600830e-02
2.156859636306762695e-02
2.163042500615119934e-02
2.169211767613887787e-02
2.174760960042476654e-02
2.182940207421779633e-02
2.188431471586227417e-02
2.191916480660438538e-02
2.194209024310112000e-02
2.197277732193470001e-02
2.200694195926189423e-02
2.191529236733913422e-02
2.181158214807510376e-02
2.174551412463188171e-02
2.169683203101158142e-02
2.163634076714515686e-02
2.158075757324695587e-02
2.154421620070934296e-02
2.150617539882659912e-02
2.147528901696205139e-02
2.144501917064189911e-02
2.145170606672763824e-02
2.146510593593120575e-02
2.150600403547286987e-02
2.155369333922863007e-02
2.155591361224651337e-02
2.155512385070323944e-02
2.154267579317092896e-02
2.151639200747013092e-02
2.151824161410331726e-02
2.147981710731983185e-02
2.146555483341217041e-02
2.147228643298149109e-02
2.148893289268016815e-02
2.152688801288604736e-02
2.157609909772872925e-02
2.165112085640430450e-02
2.173670940101146698e-02
2.180471643805503845e-02
2.186138182878494263e-02
2.187823876738548279e-02
2.187809906899929047e-02
2.184421196579933167e-02
2.180900424718856812e-02
2.171275019645690918e-02
2.161750569939613342e-02
2.152627892792224884e-02
2.145814709365367889e-02
2.141041494905948639e-02
2.140356786549091339e-02
2.137121371924877167e-02
2.137675508856773376e-02
2.139437384903430939e-02
2.141074091196060181e-02
2.142973430454730988e-02
2.143297530710697174e-02
2.146540023386478424e-02
2.153860405087471008e-02
2.157501317560672760e-02
2.159198746085166931e-02
2.164421789348125458e-02
2.167866006493568420e-02
2.167443931102752686e-02
2.165234647691249847e-02
2.159767039120197296e-02
2.151557616889476776e-02
2.140395715832710266e-02
2.132188342511653900e-02
2.123699523508548737e-02
2.119779400527477264e-02
2.119022421538829803e-02
2.121597155928611755e-02
2.126049250364303589e-02
2.132359147071838379e-02
2.137360163033008575e-02
2.142714522778987885e-02
2.147383801639080048e-02
2.149091847240924835e-02
2.149417437613010406e-02
2.150195278227329254e-02
2.151891589164733887e-02
2.152070961892604828e-02
2.152017876505851746e-02
2.148076705634593964e-02
2.146545052528381348e-02
2.148361690342426300e-02
2.148992009460926056e-02
2.148848399519920349e-02
2.149474434554576874e-02
2.149999700486660004e-02
2.154231071472167969e-02
2.162392437458038330e-02
2.170001156628131866e-02
2.175617776811122894e-02
2.179015986621379852e-02
2.178972586989402771e-02
2.175982482731342316e-02
2.172312512993812561e-02
2.167339622974395752e-02
2.163317799568176270e-02
2.160877361893653870e-02
2.159183472394943237e-02
2.158746495842933655e-02
2.158968895673751831e-02
2.160025388002395630e-02
2.160384319722652435e-02
2.160723321139812469e-02
2.162554115056991577e-02
2.164015732705593109e-02
2.162787690758705139e-02
2.158723585307598114e-02
2.156737819314002991e-02
2.153998799622058868e-02
2.150215953588485718e-02
2.146674878895282745e-02
2.141124755144119263e-02
2.139171026647090912e-02
2.136960066854953766e-02
2.135489694774150848e-02
2.136358805000782013e-02
2.137718535959720612e-02
2.138200774788856506e-02
2.137607894837856293e-02
2.137103490531444550e-02
2.135893329977989197e-02
2.137080579996109009e-02
2.142175659537315369e-02
2.150020562112331390e-02
2.153120748698711395e-02
2.154563926160335541e-02
2.153331413865089417e-02
2.151880040764808655e-02
2.150567062199115753e-02
2.149060368537902832e-02
2.146481908857822418e-02
2.141859754920005798e-02
2.137467265129089355e-02
2.134574390947818756e-02
2.133900299668312073e-02
2.135284058749675751e-02
2.139208838343620300e-02
2.141157165169715881e-02
2.142490260303020477e-02
2.142998948693275452e-02
2.145317569375038147e-02
2.147669717669487000e-02
2.148596011102199554e-02
2.147991396486759186e-02
2.148513123393058777e-02
2.147943153977394104e-02
2.147797681391239166e-02
2.148901671171188354e-02
2.150391042232513428e-02
2.152842469513416290e-02
2.152961865067481995e-02
2.152113057672977448e-02
2.161019481718540192e-02
2.168744057416915894e-02
2.172045223414897919e-02
2.176533639430999756e-02
2.181842364370822906e-02
2.185191959142684937e-02
2.187008410692214966e-02
2.189011499285697937e-02
2.187348902225494385e-02
2.186596952378749847e-02
2.186078391969203949e-02
2.186363004148006439e-02
2.188852801918983459e-02
2.193248830735683441e-02
2.198810130357742310e-02
2.204146236181259155e-02
2.209712937474250793e-02
2.214212715625762939e-02
2.217737399041652679e-02
2.218255773186683655e-02
2.215930260717868805e-02
2.211633510887622833e-02
2.207009494304656982e-02
2.204298228025436401e-02
2.200920134782791138e-02
2.197628840804100037e-02
2.198044210672378540e-02
2.199058979749679565e-02
2.204806730151176453e-02
2.210875600576400757e-02
2.219097130000591278e-02
2.229192480444908142e-02
2.234681509435176849e-02
2.236308902502059937e-02
2.237663976848125458e-02
2.237091772258281708e-02
2.235264331102371216e-02
2.233101800084114075e-02
2.230939827859401703e-02
2.227884344756603241e-02
2.225164137780666351e-02
2.221401780843734741e-02
2.217776142060756683e-02
2.214024402201175690e-02
2.209548279643058777e-02
2.203214354813098907e-02
2.201612479984760284e-02
2.197670005261898041e-02
2.194600924849510193e-02
2.195482701063156128e-02
2.194857038557529449e-02
2.194908075034618378e-02
2.197760343551635742e-02
2.202665433287620544e-02
2.208198793232440948e-02
2.210230380296707153e-02
2.210370451211929321e-02
2.214046940207481384e-02
2.215955033898353577e-02
2.215867675840854645e-02
2.214936912059783936e-02
2.214830927550792694e-02
2.216219343245029449e-02
2.217450924217700958e-02
2.219891734421253204e-02
2.221281081438064575e-02
2.220894582569599152e-02
2.221337892115116119e-02
2.221886441111564636e-02
2.225601300597190857e-02
2.226895093917846680e-02
2.226910553872585297e-02
2.228006720542907715e-02
2.227759920060634613e-02
2.228111773729324341e-02
2.228251658380031586e-02
2.229366824030876160e-02
2.231253869831562042e-02
2.233970537781715393e-02
2.235728874802589417e-02
2.238512597978115082e-02
2.241341955959796906e-02
2.242220751941204071e-02
2.242858894169330597e-02
2.242972329258918762e-02
2.240911312401294708e-02
2.238856069743633270e-02
2.238816209137439728e-02
2.241087518632411957e-02
2.245118655264377594e-02
2.250907383859157562e-02
2.256426960229873657e-02
2.262184396386146545e-02
2.269826643168926239e-02
2.275577932596206665e-02
2.279891073703765869e-02
2.282030694186687469e-02
2.283189631998538971e-02
2.283313497900962830e-02
2.282767370343208313e-02
2.282468788325786591e-02
2.284904010593891144e-02
2.286871150135993958e-02
2.288163825869560242e-02
2.289471775293350220e-02
2.287863567471504211e-02
2.290660142898559570e-02
2.292738668620586395e-02
2.295197360217571259e-02
2.293893508613109589e-02
2.293614484369754791e-02
2.296518720686435699e-02
2.300131134688854218e-02
2.304482273757457733e-02
2.308520860970020294e-02
2.311769686639308929e-02
2.325533702969551086e-02
2.339290454983711243e-02
2.353201247751712799e-02
2.362282946705818176e-02
2.369020506739616394e-02
2.375221066176891327e-02
2.378604002296924591e-02
2.380781993269920349e-02
2.382397092878818512e-02
2.385372854769229889e-02
2.390052378177642822e-02
2.395107783377170563e-02
2.400080673396587372e-02
2.403628639876842499e-02
2.404629439115524292e-02
2.405966632068157196e-02
2.409370243549346924e-02
2.412862889468669891e-02
2.415775507688522339e-02
2.419806085526943207e-02
2.424044534564018250e-02
2.429425530135631561e-02
2.429809980094432831e-02
2.431431226432323456e-02
2.433170750737190247e-02
2.435355819761753082e-02
2.435613609850406647e-02
2.438160404562950134e-02
2.438880316913127899e-02
2.439627423882484436e-02
2.438794635236263275e-02
2.436935715377330780e-02
2.433091029524803162e-02
2.428718656301498413e-02
2.424480020999908447e-02
2.418827451765537262e-02
2.414883673191070557e-02
2.411051653325557709e-02
2.409294433891773224e-02
2.408454567193984985e-02
2.409115061163902283e-02
2.414498850703239441e-02
2.419790066778659821e-02
2.422085031867027283e-02
2.422304451465606689e-02
2.422297745943069458e-02
2.422109991312026978e-02
2.421367168426513672e-02
2.421882003545761108e-02
2.421095781028270721e-02
2.418669685721397400e-02
2.413579821586608887e-02
2.411708049476146698e-02
2.409576252102851868e-02
2.405425533652305603e-02
2.400909923017024994e-02
2.394282631576061249e-02
2.388713508844375610e-02
2.383233420550823212e-02
2.375635877251625061e-02
2.369942702353000641e-02
2.366712689399719238e-02
2.366822399199008942e-02
2.371689490973949432e-02
2.376225590705871582e-02
2.380040474236011505e-02
2.382096461951732635e-02
2.385298907756805420e-02
2.388796024024486542e-02
2.392701804637908936e-02
2.397382631897926331e-02
2.400734089314937592e-02
2.401655167341232300e-02
2.400772087275981903e-02
2.394715510308742523e-02
2.387411706149578094e-02
2.381647564470767975e-02
2.377182431519031525e-02
2.375683002173900604e-02
2.376353554427623749e-02
2.376475557684898376e-02
2.376277372241020203e-02
2.377398125827312469e-02
2.377131581306457520e-02
2.377718128263950348e-02
2.379506826400756836e-02
2.378007024526596069e-02
2.375785261392593384e-02
2.374046668410301208e-02
2.371119707822799683e-02
2.372558042407035828e-02
2.371959947049617767e-02
2.368961833417415619e-02
2.365012839436531067e-02
2.362436242401599884e-02
2.360955812036991119e-02
2.358542382717132568e-02
2.356856688857078552e-02
2.355534583330154419e-02
2.353620342910289764e-02
2.350484207272529602e-02
2.348913811147212982e-02
2.346388995647430420e-02
2.341760881245136261e-02
2.337019704282283783e-02
2.333415299654006958e-02
2.329849079251289368e-02
2.327338978648185730e-02
2.326047047972679138e-02
2.324742637574672699e-02
2.324063144624233246e-02
2.320978231728076935e-02
2.317930944263935089e-02
2.313742600381374359e-02
2.311207167804241180e-02
2.309465222060680389e-02
2.308588474988937378e-02
2.308819815516471863e-02
2.309801243245601654e-02
2.311869710683822632e-02
2.313656173646450043e-02
2.315350621938705444e-02
2.317610010504722595e-02
2.320683561265468597e-02
2.325780689716339111e-02
2.330214716494083405e-02
2.333481423556804657e-02
2.334240823984146118e-02
2.332618832588195801e-02
2.331244200468063354e-02
2.330526523292064667e-02
2.328641526401042938e-02
2.325573749840259552e-02
2.323164232075214386e-02
2.320770733058452606e-02
2.318731695413589478e-02
2.318302355706691742e-02
2.319204993546009064e-02
2.323340065777301788e-02
2.328711561858654022e-02
2.333927527070045471e-02
2.338790893554687500e-02
2.342580445110797882e-02
2.344996109604835510e-02
2.347608283162117004e-02
2.349999547004699707e-02
2.349739894270896912e-02
2.348141930997371674e-02
2.345946431159973145e-02
2.343791723251342773e-02
2.340793982148170471e-02
2.338594198226928711e-02
2.335551008582115173e-02
2.334145270287990570e-02
2.334038168191909790e-02
2.335063181817531586e-02
2.336545102298259735e-02
2.341926470398902893e-02
2.346522919833660126e-02
2.348321862518787384e-02
2.349864877760410309e-02
2.352795936167240143e-02
2.353869006037712097e-02
2.355693466961383820e-02
2.357815578579902649e-02
2.357759885489940643e-02
2.356181293725967407e-02
2.355152741074562073e-02
2.352200448513031006e-02
2.348509803414344788e-02
2.345393784344196320e-02
2.343294024467468262e-02
2.342499606311321259e-02
2.343056909739971161e-02
2.347553707659244537e-02
2.353085577487945557e-02
2.360330894589424133e-02
2.367106452584266663e-02
2.373589016497135162e-02
2.379120327532291412e-02
2.382976561784744263e-02
2.385364286601543427e-02
2.384729497134685516e-02
2.380034141242504120e-02
2.375047467648983002e-02
2.370151877403259277e-02
2.364855073392391205e-02
2.360806986689567566e-02
2.357661724090576172e-02
2.355597354471683502e-02
2.354625798761844635e-02
2.354933135211467743e-02
2.355521544814109802e-02
2.356806956231594086e-02
2.358587644994258881e-02
2.360395342111587524e-02
2.363482490181922913e-02
2.365699037909507751e-02
2.369013056159019470e-02
2.374300360679626465e-02
2.378409914672374725e-02
2.382072433829307556e-02
2.384833432734012604e-02
2.387324161827564240e-02
2.389288321137428284e-02
2.392309531569480896e-02
2.392977848649024963e-02
2.393151819705963135e-02
2.394741587340831757e-02
2.394912019371986389e-02
2.394826337695121765e-02
2.396773360669612885e-02
2.399453148245811462e-02
2.401503175497055054e-02
2.404849231243133545e-02
2.406417205929756165e-02
2.408244088292121887e-02
2.411196380853652954e-02
2.412646263837814331e-02
2.411014214158058167e-02
2.410827204585075378e-02
2.411647140979766846e-02
2.411252073943614960e-02
2.410140819847583771e-02
2.408427745103836060e-02
2.409820444881916046e-02
2.411440946161746979e-02
2.413355559110641479e-02
2.415074408054351807e-02
2.416385151445865631e-02
2.418914437294006348e-02
2.420404553413391113e-02
2.420940250158309937e-02
2.421686984598636627e-02
2.421606332063674927e-02
2.422521635890007019e-02
2.423822134733200073e-02
2.425809018313884735e-02
2.426975406706333160e-02
2.427287958562374115e-02
2.427939511835575104e-02
2.427897416055202484e-02
2.426115982234477997e-02
2.425566688179969788e-02
2.427054382860660553e-02
2.427366562187671661e-02
2.427607215940952301e-02
2.427691593766212463e-02
2.428989298641681671e-02
2.431542240083217621e-02
2.433397434651851654e-02
2.436915598809719086e-02
2.439730428159236908e-02
2.442600391805171967e-02
2.444104850292205811e-02
2.445277385413646698e-02
2.446497790515422821e-02
2.447837032377719879e-02
2.448944188654422760e-02
2.448763698339462280e-02
2.449190244078636169e-02
2.447918429970741272e-02
2.447267621755599976e-02
2.446606568992137909e-02
2.445442974567413330e-02
2.445431612432003021e-02
2.447099611163139343e-02
2.449747174978256226e-02
2.453336678445339203e-02
2.458735927939414978e-02
2.463326789438724518e-02
2.467189542949199677e-02
2.469864673912525177e-02
2.472039498388767242e-02
2.472513169050216675e-02
2.473635040223598480e-02
2.475158125162124634e-02
2.476757392287254333e-02
2.476918883621692657e-02
2.476246841251850128e-02
2.472521923482418060e-02
2.469066716730594635e-02
2.465092018246650696e-02
2.461705356836318970e-02
2.459707483649253845e-02
2.459534816443920135e-02
2.460308559238910675e-02
2.460855059325695038e-02
2.463293634355068207e-02
2.465836890041828156e-02
2.467336505651473999e-02
2.468917705118656158e-02
2.470515668392181396e-02
2.472550608217716217e-02
2.475096285343170166e-02
2.477127872407436371e-02
2.480367384850978851e-02
2.483991533517837524e-02
2.488420344889163971e-02
2.490161359310150146e-02
2.489777840673923492e-02
2.488988079130649567e-02
2.487258426845073700e-02
2.484958618879318237e-02
2.483418025076389313e-02
2.483208104968070984e-02
2.483393810689449310e-02
2.483442053198814392e-02
2.482517622411251068e-02
2.482306957244873047e-02
2.482237853109836578e-02
2.482282929122447968e-02
2.481166832149028778e-02
2.479743026196956635e-02
2.477568574249744415e-02
2.477355860173702240e-02
2.477083355188369751e-02
2.478200383484363556e-02
2.481779642403125763e-02
2.485194243490695953e-02
2.487673237919807434e-02
2.489660121500492096e-02
2.491956017911434174e-02
2.494859881699085236e-02
2.497344464063644409e-02
2.499082498252391815e-02
2.500725910067558289e-02
2.502369135618209839e-02
2.503880485892295837e-02
2.504126913845539093e-02
2.503810636699199677e-02
2.502672187983989716e-02
2.502889744937419891e-02
2.503475733101367950e-02
2.502909675240516663e-02
2.504750341176986694e-02
2.507330290973186493e-02
2.509436756372451782e-02
2.510767802596092224e-02
2.510770782828330994e-02
2.511764690279960632e-02
2.511152811348438263e-02
2.509647607803344727e-02
2.506344951689243317e-02
2.502587810158729553e-02
2.499666996300220490e-02
2.497190050780773163e-02
2.495014481246471405e-02
2.493068762123584747e-02
2.491024509072303772e-02
2.488537505269050598e-02
2.487020567059516907e-02
2.486740238964557648e-02
2.487839385867118835e-02
2.487968280911445618e-02
2.487686648964881897e-02
2.488017827272415161e-02
2.488559298217296600e-02
2.488061971962451935e-02
2.487198263406753540e-02
2.485314011573791504e-02
2.483677305281162262e-02
2.483451552689075470e-02
2.485174871981143951e-02
2.485490217804908752e-02
2.485774271190166473e-02
2.485860697925090790e-02
2.491583488881587982e-02
2.497703768312931061e-02
2.502303197979927063e-02
2.506735920906066895e-02
2.508289925754070282e-02
2.509655989706516266e-02
2.509652264416217804e-02
2.508575655519962311e-02
2.509017102420330048e-02
2.510159276425838470e-02
2.511831372976303101e-02
2.513555996119976044e-02
2.516600303351879120e-02
2.518841065466403961e-02
2.518841065466403961e-02
2.520290575921535492e-02
2.520887553691864014e-02
2.522244304418563843e-02
2.524292469024658203e-02
2.527939900755882263e-02
2.532445639371871948e-02
2.532445639371871948e-02
2.536751702427864075e-02
2.541333809494972229e-02
2.545289508998394012e-02
2.547563239932060242e-02
2.549929171800613403e-02
2.549744211137294769e-02
2.548994496464729309e-02
2.548754401504993439e-02
2.548227086663246155e-02
2.547979354858398438e-02
2.547265402972698212e-02
2.547996677458286285e-02
2.547547221183776855e-02
2.549249306321144104e-02
2.550902403891086578e-02
2.553852088749408722e-02
2.556782215833663940e-02
2.559315413236618042e-02
2.562410011887550354e-02
2.565041556954383850e-02
2.568620815873146057e-02
2.571957930922508240e-02
2.576099708676338196e-02
2.579323202371597290e-02
2.582402527332305908e-02
2.586221508681774139e-02
2.589857578277587891e-02
2.592184953391551971e-02
2.593502029776573181e-02
2.594516426324844360e-02
2.596905641257762909e-02
2.599447406828403473e-02
2.602442912757396698e-02
2.605682425200939178e-02
2.607752941548824310e-02
2.609256841242313385e-02
2.610784769058227539e-02
2.610843442380428314e-02
2.609805017709732056e-02
2.609339542686939240e-02
2.608409523963928223e-02
2.606432139873504639e-02
2.604835480451583862e-02
2.603715844452381134e-02
2.604038454592227936e-02
2.604988031089305878e-02
2.606775797903537750e-02
2.607274614274501801e-02
2.606878988444805145e-02
2.605880051851272583e-02
2.604662999510765076e-02
2.603042498230934143e-02
2.599941939115524292e-02
2.597074769437313080e-02
2.594418264925479889e-02
2.590905502438545227e-02
2.588100731372833252e-02
2.586430869996547699e-02
2.585388720035552979e-02
2.582187391817569733e-02
2.581919729709625244e-02
2.582794614136219025e-02
2.583380229771137238e-02
2.583363652229309082e-02
2.586628496646881104e-02
2.588733471930027008e-02
2.590392716228961945e-02
2.591419778764247894e-02
2.590469829738140106e-02
2.587488666176795959e-02
2.583692781627178192e-02
2.580702118575572968e-02
2.577342838048934937e-02
2.572926878929138184e-02
2.570071443915367126e-02
2.567561715841293335e-02
2.562584541738033295e-02
2.559576928615570068e-02
2.559122629463672638e-02
2.560839615762233734e-02
2.566463686525821686e-02
2.567447535693645477e-02
2.567723765969276428e-02
2.569121681153774261e-02
2.572846412658691406e-02
2.581940777599811554e-02
2.590842731297016144e-02
2.598140388727188110e-02
2.604102715849876404e-02
2.608565799891948700e-02
2.611678279936313629e-02
2.613182924687862396e-02
2.613595686852931976e-02
2.612109109759330750e-02
2.608617953956127167e-02
2.604632452130317688e-02
2.600938826799392700e-02
2.596138603985309601e-02
2.590785734355449677e-02
2.585684135556221008e-02
2.582365274429321289e-02
2.580311149358749390e-02
2.578517980873584747e-02
2.577047049999237061e-02
2.576867118477821350e-02
2.577825821936130524e-02
2.579093165695667267e-02
2.581392228603363037e-02
2.583986520767211914e-02
2.585895732045173645e-02
2.588432654738426208e-02
2.590534463524818420e-02
2.592345885932445526e-02
2.594929002225399017e-02
2.597034163773059845e-02
2.598734572529792786e-02
2.598724327981472015e-02
2.598542533814907074e-02
2.597896009683609009e-02
2.597071975469589233e-02
2.595436759293079376e-02
2.593889646232128143e-02
2.590627968311309814e-02
2.587563171982765198e-02
2.584463544189929962e-02
2.582178451120853424e-02
2.580562233924865723e-02
2.582732588052749634e-02
2.584794349968433380e-02
2.586421743035316467e-02
2.589816041290760040e-02
2.593209780752658844e-02
2.596804127097129822e-02
2.598400786519050598e-02
2.600258029997348785e-02
2.601618319749832153e-02
2.603258937597274780e-02
2.605083584785461426e-02
2.605221606791019440e-02
2.604687213897705078e-02
2.603912167251110077e-02
2.604115195572376251e-02
2.604274451732635498e-02
2.604466490447521210e-02
2.603794261813163757e-02
2.603676915168762207e-02
2.603871375322341919e-02
2.605163678526878357e-02
2.607005648314952850e-02
2.607847005128860474e-02
2.607448026537895203e-02
2.606406621634960175e-02
2.604329586029052734e-02
2.601533383131027222e-02
2.598320879042148590e-02
2.594554796814918518e-02
2.592420578002929688e-02
2.590909600257873535e-02
2.589101158082485199e-02
2.587417140603065491e-02
2.587092667818069458e-02
2.588146924972534180e-02
2.589988149702548981e-02
2.592868357896804810e-02
2.595235966145992279e-02
2.598638460040092468e-02
2.602752111852169037e-02
2.606592141091823578e-02
2.609642036259174347e-02
2.612723037600517273e-02
2.613339014351367950e-02
2.612678520381450653e-02
2.611288800835609436e-02
2.608994767069816589e-02
2.605236321687698364e-02
2.601847611367702484e-02
2.599070407450199127e-02
2.596456930041313171e-02
2.594733424484729767e-02
2.593651600182056427e-02
2.591898664832115173e-02
2.590764313936233521e-02
2.590486407279968262e-02
2.592439018189907074e-02
2.592439018189907074e-02
2.592439018189907074e-02
2.595599368214607239e-02
2.598904259502887726e-02
2.602611295878887177e-02
2.605503611266613007e-02
2.608554437756538391e-02
2.610890381038188934e-02
2.612475119531154633e-02
2.616071701049804688e-02
2.618671581149101257e-02
2.620345726609230042e-02
2.620612829923629761e-02
2.620246633887290955e-02
2.620185725390911102e-02
2.619934268295764923e-02
2.619754336774349213e-02
2.619198523461818695e-02
2.618712559342384338e-02
2.618217654526233673e-02
2.617386542260646820e-02
2.617216296494007111e-02
2.617845498025417328e-02
2.618381008505821228e-02
2.620207332074642181e-02
2.622459083795547485e-02
2.624639309942722321e-02
2.627794630825519562e-02
2.630913630127906799e-02
2.635307051241397858e-02
2.638052776455879211e-02
2.640100941061973572e-02
2.642197906970977783e-02
2.644581533968448639e-02
2.646573074162006378e-02
2.648660354316234589e-02
2.651145309209823608e-02
2.653345838189125061e-02
2.656490728259086609e-02
2.661388739943504333e-02
2.665909565985202789e-02
2.669809199869632721e-02
2.673502825200557709e-02
2.677588537335395813e-02
2.682340517640113831e-02
2.686339057981967926e-02
2.690602280199527740e-02
2.692871168255805969e-02
2.694722451269626617e-02
2.696358971297740936e-02
2.697852812707424164e-02
2.698462083935737610e-02
2.697697654366493225e-02
