2.308061645765389653e-03
2.937169146857091483e-03
3.792047833225556906e-03
4.156231913449508555e-03
4.326485529808061711e-03
4.509556406576718975e-03
4.832720650093895801e-03
5.146055582112499770e-03
5.419948570696371190e-03
5.678129049816301767e-03
5.819041315200073131e-03
5.976935017055698927e-03
6.088550934301955112e-03
6.212766947490828626e-03
6.375236702816826709e-03
6.517607253044843674e-03
6.684343530131238095e-03
6.825695878693035547e-03
6.916832711015429187e-03
6.946791695164782413e-03
7.015338699732508350e-03
7.007081793355090030e-03
6.984410474875143472e-03
6.962941294269902118e-03
6.951459018247467883e-03
6.944958054061446499e-03
6.912252732685634192e-03
6.874056333409888156e-03
6.868023491863693882e-03
6.886856098260197949e-03
6.938634440302848816e-03
6.995319056191614572e-03
7.014471039708171200e-03
7.053447887301445007e-03
7.133127256695713687e-03
7.191879541746207770e-03
7.244576833077839319e-03
7.279612855719668277e-03
7.255777051406247027e-03
7.188898710800068967e-03
7.152221830827849500e-03
7.162602019629308280e-03
7.194108263190303158e-03
7.256321609020233154e-03
7.299419625529221002e-03
7.305358470018420529e-03
7.304519015763487506e-03
7.296511238174778827e-03
7.296453363129070703e-03
7.318582718393632468e-03
7.365739039544548679e-03
7.354379232440676380e-03
7.347075933856623761e-03
7.351339595126253970e-03
7.351282784449202426e-03
7.299363480082580145e-03
7.289884013256856497e-03
7.219328877649137076e-03
7.175139151513576508e-03
7.125325367919036444e-03
7.042185736021825369e-03
6.986558903008699417e-03
6.987609767488071021e-03
6.971888842859438364e-03
6.944975449836679991e-03
6.919034024966614835e-03
6.909850519150495529e-03
6.896768896175282590e-03
6.893881397055727847e-03
6.904682876276118167e-03
6.920126466346638791e-03
6.961462886205741461e-03
7.032765807317835696e-03
7.089676069361823194e-03
7.186830143577286299e-03
7.218957146895783536e-03
7.253748231700488623e-03
7.268019685787814252e-03
7.292616879567503929e-03
7.306743346686873745e-03
7.283194389726434063e-03
7.266938220709562302e-03
7.260014502597706906e-03
7.282249230359282184e-03
7.314694313598530881e-03
7.373893966100045737e-03
7.423547628734793354e-03
7.513682956674269144e-03
7.607711212975638501e-03
7.714000330971819766e-03
7.808256561734846536e-03
7.872244409684623495e-03
7.853846464838300928e-03
7.825182152113743447e-03
7.793831905083996661e-03
7.781240823013442151e-03
7.745401601174047891e-03
7.758044305124453012e-03
7.753582737807717014e-03
7.726407809449093930e-03
7.685058018458741300e-03
7.629449745374066241e-03
7.551996403240731660e-03
7.508170924016407434e-03
7.469263992139271204e-03
7.435930227594715961e-03
7.430260335760456927e-03
7.439326428409133267e-03
7.470175889985901721e-03
7.466149849018880423e-03
7.468695719061153523e-03
7.454002143016883429e-03
7.410168780812195245e-03
7.332199619018605653e-03
7.283135982496398084e-03
7.247222820296883583e-03
7.235258318749921910e-03
7.215382398239203986e-03
7.168193247967532579e-03
7.129274142373885799e-03
7.094221322664192621e-03
7.049936668149062689e-03
7.033374559666428875e-03
7.042243278452328149e-03
7.022999426616089932e-03
7.017434441617557105e-03
6.999202139143433261e-03
6.989810216639723468e-03
6.931457751696663491e-03
6.860058189236691896e-03
6.787713467409568421e-03
6.750924379697867926e-03
6.780196663125285204e-03
6.843983445183506910e-03
6.909438408911228180e-03
6.951868567349655040e-03
6.950861524923571642e-03
6.932090169617107812e-03
6.937324518470892008e-03
6.931356852874159813e-03
6.948925787582993507e-03
6.974538389061178852e-03
7.001815230718680914e-03
7.044726184436253015e-03
7.017970850159015346e-03
6.966768664174846117e-03
6.936640013009309769e-03
6.870753813668021258e-03
6.835746595502963964e-03
6.807459285482764244e-03
6.820520169899931852e-03
6.821201149640339009e-03
6.821045469093535256e-03
6.894733257857816808e-03
6.943871799324240375e-03
7.001205912924238738e-03
7.106019516608544882e-03
7.175853542451347995e-03
7.244176530678357769e-03
7.276585624952401805e-03
7.321897594790373158e-03
7.345559108736259349e-03
7.366951787844300270e-03
7.386064855381846428e-03
7.427405765546219937e-03
7.456271476777536281e-03
7.504456510235156703e-03
7.568450977227517661e-03
7.646742077278239139e-03
7.670218224770256575e-03
7.720640095482979130e-03
7.752457616983779963e-03
7.820778692673360094e-03
7.889568905479140901e-03
8.014442315990371116e-03
8.136059307227177032e-03
8.251390303485095501e-03
8.298360592951732270e-03
8.352735512224691503e-03
8.468030020594596863e-03
8.562259642141205676e-03
8.638706723494189374e-03
8.733143165175403372e-03
8.857257763988204621e-03
8.956578859527195707e-03
9.076947313068168752e-03
9.265446170632327810e-03
9.469474266682351843e-03
9.655163956007786416e-03
9.818867946575795397e-03
9.996105185044663541e-03
1.009663586903895675e-02
1.016558360840593041e-02
1.023921590032321992e-02
1.029851370757179675e-02
1.037261349016002296e-02
1.043520362249442460e-02
1.048729831485875966e-02
1.053282056402947246e-02
1.058066380210220814e-02
1.060490706004202366e-02
1.063133972430867734e-02
1.063062633121652188e-02
1.065109174565545200e-02
1.064487646466919304e-02
1.060853569236184894e-02
1.054875728940325198e-02
1.047669291230184617e-02
1.041810676854636013e-02
1.035846370671476661e-02
1.026590570940503003e-02
1.020017522387206554e-02
1.009954380736287176e-02
1.001458960984434425e-02
9.943220465044890627e-03
9.889738517813384533e-03
9.867858540798937067e-03
9.870685961297047742e-03
9.871335450692899846e-03
9.911270080400364987e-03
9.967744441902530797e-03
1.000399388638990340e-02
1.000030909199267626e-02
1.000862400646188380e-02
1.001869670913687824e-02
1.002904707066980781e-02
1.003489059595657172e-02
1.004706529368247329e-02
1.008713054969640789e-02
1.011602860775643112e-02
1.017203607729503037e-02
1.027846668979951264e-02
1.040630516529615461e-02
1.055333064869046211e-02
1.067965660643364727e-02
1.077479426749050617e-02
1.086160254531673072e-02
1.092215993308595298e-02
1.095786168506102977e-02
1.101487979758530855e-02
1.106147438154688953e-02
1.116417454821722922e-02
1.129900743918759408e-02
1.144911277307463469e-02
1.159478176850825548e-02
1.169187144841998816e-02
1.175580275178487837e-02
1.180931160758648575e-02
1.183975133712270381e-02
1.187619483763618054e-02
1.195973247688795864e-02
1.200237830302544953e-02
1.202207727224699138e-02
1.201411526251052082e-02
1.198962510430387138e-02
1.196610601618885994e-02
1.196113335234778342e-02
1.196883079995002090e-02
1.200513415304677901e-02
1.204493006558290599e-02
1.209581886152071538e-02
1.216464576178363441e-02
1.221272116526961327e-02
1.223683503589459778e-02
1.223380334808358075e-02
1.228012044781020759e-02
1.231749508795993743e-02
1.234054093116096137e-02
1.238207153177687050e-02
1.239393871011478486e-02
1.238719513639807701e-02
1.234204248924340545e-02
1.233456656336784363e-02
1.235832147566335616e-02
1.234910277915852485e-02
1.236451214312442662e-02
1.235265507628875194e-02
1.235127439057188449e-02
1.234832116668777881e-02
1.232102736165481029e-02
1.229847545203353702e-02
1.226516390618469059e-02
1.223017721037779511e-02
1.218330075166055085e-02
1.211742211931518196e-02
1.204080473897712646e-02
1.194274545248065651e-02
1.189152257783072410e-02
1.184391559633825482e-02
1.180350577591785313e-02
1.175666454115084289e-02
1.173894882335194470e-02
1.173305611259170891e-02
1.172424746411187234e-02
1.171240134031644939e-02
1.168047809707266869e-02
1.166292150238794866e-02
1.165857907783772289e-02
1.168711001186498524e-02
1.169615318732602181e-02
1.170582879733826458e-02
1.167264846818787637e-02
1.162434176408818839e-02
1.157519154782806099e-02
1.152130376015390693e-02
1.148260973526963116e-02
1.146199381245034156e-02
1.146722511787499725e-02
1.148029386864176868e-02
1.150205861111836848e-02
1.145123780172850429e-02
1.142321709942604839e-02
1.142356518123831093e-02
1.141115793559168042e-02
1.141947404747562823e-02
1.141294231638312340e-02
1.141773989158017220e-02
1.141205290332436562e-02
1.143446870680366219e-02
1.134162738786212085e-02
1.125572954437562348e-02
1.119239582580381157e-02
1.117661647731438279e-02
1.120704049909753384e-02
1.126051396464130758e-02
1.131510850973427296e-02
1.138447314899946987e-02
1.150076191074081780e-02
1.157676984023835003e-02
1.165750599466264248e-02
1.171459280885756016e-02
1.175599571849618614e-02
1.175883897979344665e-02
1.175270622063960373e-02
1.173731115912752566e-02
1.169650549335139213e-02
1.166925186823521317e-02
1.164531291994665325e-02
1.159584881471736016e-02
1.154381116586072030e-02
1.150880045523600993e-02
1.148899767680891873e-02
1.146105098138962448e-02
1.139510768864836036e-02
1.134305404100034893e-02
1.127388607710599899e-02
1.117384121088045058e-02
1.107388974300452592e-02
1.097933379268007693e-02
1.087565320943083107e-02
1.078700706628816543e-02
1.069343853409268977e-02
1.061786935731236399e-02
1.056347043985234914e-02
1.056625346453594384e-02
1.057183996973825278e-02
1.059558632550761104e-02
1.058391243818082930e-02
1.057082532705473123e-02
1.051202379832310262e-02
1.045499070148382843e-02
1.044932374497875571e-02
1.044359493036089125e-02
1.044150247305099428e-02
1.044195516234529796e-02
1.046641285730791869e-02
1.048898570505636153e-02
1.052198637210364877e-02
1.059047525216426193e-02
1.062899272489760578e-02
1.066045592805104671e-02
1.069631134825093331e-02
1.070213846729270099e-02
1.070865290239453316e-02
1.071515326787318527e-02
1.069895677002412858e-02
1.066713274589606644e-02
1.063090735780341210e-02
1.063288216079984368e-02
1.061678997107914565e-02
1.062780631972210822e-02
1.063084665552846073e-02
1.061614626087248325e-02
1.060022244096866725e-02
1.060471221405480564e-02
1.058341752338622273e-02
1.057472994684108616e-02
1.057239019844148815e-02
1.056040953179555354e-02
1.057384073335145176e-02
1.059590003985379399e-02
1.059607206843793392e-02
1.060881558805704117e-02
1.062434426109705628e-02
1.065570704772004010e-02
1.067246955686381935e-02
1.070269925652870061e-02
1.071102893911302090e-02
1.074079560515071689e-02
1.078477129340171814e-02
1.081823590876800599e-02
1.080479133608085694e-02
1.081839785911142826e-02
1.081610002022768795e-02
1.080519652792385696e-02
1.082247415823595939e-02
1.083500786418361249e-02
1.083934496689055622e-02
1.082019401448113503e-02
1.080917720017688689e-02
1.077527033963373779e-02
1.072446160417582332e-02
1.066715905575879933e-02
1.061957016853349624e-02
1.056536493290747940e-02
1.053304757390703499e-02
1.050081267021596432e-02
1.045140557523284615e-02
1.041406359789627013e-02
1.036226609721779823e-02
1.034693230342652141e-02
1.032244883078549565e-02
1.030313509649464013e-02
1.026839310569422660e-02
1.023672032169997692e-02
1.021064581748630344e-02
1.022713568194636227e-02
1.025321434385010125e-02
1.030535097899181428e-02
1.035399864693837581e-02
1.039047905110887168e-02
1.040608954748937012e-02
1.040344053347195923e-02
1.039338005440575662e-02
1.039370841213635085e-02
1.039219341639961540e-02
1.040061556601098655e-02
1.050129765644669533e-02
1.056650853050606666e-02
1.058238731431109490e-02
1.057650867317404091e-02
1.054744535524930298e-02
1.050469771559749306e-02
1.047733944973775269e-02
1.045308162325194953e-02
1.041402062401175499e-02
1.036587889705385505e-02
1.029281570975269615e-02
1.023473078384995461e-02
1.015675420473728836e-02
1.008891387443457306e-02
1.003944221884012222e-02
1.002953840153557839e-02
1.002177862184388223e-02
9.992989279063684352e-03
1.000396218816084447e-02
1.001756202562579037e-02
9.979838638433389045e-03
9.968719944091779597e-03
9.934221028483338975e-03
9.912500889705759891e-03
9.905042126774787903e-03
9.888605547270603799e-03
9.887883406398552052e-03
9.888985859496253125e-03
9.887578498039926306e-03
9.904251799785665847e-03
9.917882370895572328e-03
9.915360282840473063e-03
9.892164097566689268e-03
9.897046489641070366e-03
9.908384477187479750e-03
9.914333666009562604e-03
9.936759747298700221e-03
9.931738222283976666e-03
9.919976948627404548e-03
9.923875464924744941e-03
9.987375832029752112e-03
1.005311330248202621e-02
1.006672860655401409e-02
1.010598192390586673e-02
1.014062143596155229e-02
1.020067032160503449e-02
1.024453501616205513e-02
1.016751217788883568e-02
1.012620709038206460e-02
1.011542570112007079e-02
1.010497536377183078e-02
1.013294367917946456e-02
1.015852987101035533e-02
1.017909556893365798e-02
1.015060488134622574e-02
1.012304395304194568e-02
1.011622693788792431e-02
1.013454379114721478e-02
1.014781879660274326e-02
1.016237280730690300e-02
1.017846566225801171e-02
1.020908019771533427e-02
1.024148806131311776e-02
1.031226441929382863e-02
1.036948644156966866e-02
1.041603740304708481e-02
1.046050393155642869e-02
1.050947047770023346e-02
1.055653765797615051e-02
1.060395408421754837e-02
1.065652318564908919e-02
1.069656832675848664e-02
1.073260658553668381e-02
1.076082619173186240e-02
1.077196627323116600e-02
1.076488090412957253e-02
1.075536983885935424e-02
1.074208172836474059e-02
1.069204682218176904e-02
1.064622076228260994e-02
1.061942255390541968e-02
1.060220313125423072e-02
1.057529037020036103e-02
1.055405594940696419e-02
1.052336966884987769e-02
1.049694186076521873e-02
1.046778421316828071e-02
1.045051010857735337e-02
1.042337143527609887e-02
1.040876137890986083e-02
1.040299309949789704e-02
1.038027348529015244e-02
1.037494705191680314e-02
1.037574506231716751e-02
1.038257574795612218e-02
1.034622167104056953e-02
1.030143872568649831e-02
1.025080591041062535e-02
1.019861662228192627e-02
1.018148128475461663e-02
1.015327887476554988e-02
1.013638794289103626e-02
1.012263876119894566e-02
1.010149241691189227e-02
1.009327386106763542e-02
1.007954087773603978e-02
1.006125954778066753e-02
1.003575634344347836e-02
1.005527257387127220e-02
1.008593324305755677e-02
1.011626176269990983e-02
1.013611842479024590e-02
1.014517184479960324e-02
1.014838993017162620e-02
1.013533022653843700e-02
9.964459875066365019e-03
9.889519839946712271e-03
9.919276594051293708e-03
1.000210872319127857e-02
1.008379609057945790e-02
1.015564952311771331e-02
1.021763522710118950e-02
1.027038234419056298e-02
1.030767709016799927e-02
1.035173510068229316e-02
1.040246550525937737e-02
1.045918857146586715e-02
1.049247623554297806e-02
1.055439075987253846e-02
1.062849929024066269e-02
1.069674428020204841e-02
1.077987878982509910e-02
1.102086688791002571e-02
1.125088440520422874e-02
1.146115355991891502e-02
1.164072964872632683e-02
1.180496060156396507e-02
1.197573935080851852e-02
1.209719964702214538e-02
1.221879824463810264e-02
1.228422471987349572e-02
1.237086166760751130e-02
1.247647690719791772e-02
1.258475533021347938e-02
1.268851451043571769e-02
1.278600316228611054e-02
1.287586534661906180e-02
1.294260851240583779e-02
1.300258023132170974e-02
1.304648656930242241e-02
1.310113152222973885e-02
1.316072572288768706e-02
1.322031107598117469e-02
1.324924387569938362e-02
1.327345839568546890e-02
1.329717266240290283e-02
1.330722575741154733e-02
1.332890182467443528e-02
1.335044650893126190e-02
1.336954660447580399e-02
1.339741836168936370e-02
1.340087090751954438e-02
1.339152149323906242e-02
1.336769560085875573e-02
1.333599357998796822e-02
1.331782054954341529e-02
1.326704291360718789e-02
1.321905053087643264e-02
1.318640188713158905e-02
1.315752516633697869e-02
1.312086312100291252e-02
1.308172881337148728e-02
1.305785781836935402e-02
1.303853314103824677e-02
1.304939934717757287e-02
1.305271066459161820e-02
1.307666434773377059e-02
1.307317920561347664e-02
1.306352897414139388e-02
1.303335432229297576e-02
1.298687407480818810e-02
1.293470198288559914e-02
1.288579357787966728e-02
1.284923910030296920e-02
1.283341054139392791e-02
1.281926967203617096e-02
1.277903420850634575e-02
1.273316577343004165e-02
1.269924999879939141e-02
1.266369283465402541e-02
1.260755876345293937e-02
1.255264678703887048e-02
1.250348586056913673e-02
1.245209242084196685e-02
1.240056360672627152e-02
1.232161525903003631e-02
1.223872947905744850e-02
1.215548560555492104e-02
1.206356373482516883e-02
1.197054622960942206e-02
1.184952937598739327e-02
1.173230586573481560e-02
1.163206834878240288e-02
1.152719909857426346e-02
1.141575218311377884e-02
1.135223891053880989e-02
1.133237885577338157e-02
1.131143427586981179e-02
1.130462637437241492e-02
1.130509043910673736e-02
1.131891213091356339e-02
1.133796612599066375e-02
1.136874274483748795e-02
1.140861020290425895e-02
1.143887432824288071e-02
1.144973155377166686e-02
1.144660270905920388e-02
1.142470931102122604e-02
1.137672391320977867e-02
1.135262900165149094e-02
1.134204638323613526e-02
1.133192117725099861e-02
1.131462359002658249e-02
1.128359784239104865e-02
1.124018696802002969e-02
1.119877690715449271e-02
1.118244370445609093e-02
1.114962123600500045e-02
1.106933198337044059e-02
1.101921112941844048e-02
1.096219170306410133e-02
1.090625493920275094e-02
1.083943327622754159e-02
1.074216754308768632e-02
1.064747112936207177e-02
1.059589401951857926e-02
1.055764692968555810e-02
1.051562598773411392e-02
1.049796345510653137e-02
1.049872501088040290e-02
1.051620360729949889e-02
1.052925549447536469e-02
1.054478496579187331e-02
1.055531742583428086e-02
1.055091892236045478e-02
1.053638636533703148e-02
1.050205116293259980e-02
1.047711626493505119e-02
1.044922029333455148e-02
1.042341873315828261e-02
1.039753821013229308e-02
1.035555425499166786e-02
1.031332788988947868e-02
1.026882869856698098e-02
1.023063396236726166e-02
1.019566379753606734e-02
1.016421476379036903e-02
1.012026565149426460e-02
1.010152444775615395e-02
1.006442301773599265e-02
1.004968650106872856e-02
1.001800543495586990e-02
9.990590291896037436e-03
9.970226857279027716e-03
9.945644132260764853e-03
9.902411606162786484e-03
9.857159174446548239e-03
9.787631287638629690e-03
9.717049043891685597e-03
9.684319142252206802e-03
9.666560949491602786e-03
9.631366868104253992e-03
9.590718496058667913e-03
9.516705226685320124e-03
9.447397132005010828e-03
9.396253087158714518e-03
9.343919610338551410e-03
9.303755093632000081e-03
9.250384023679154508e-03
9.194305499217339181e-03
9.148141103131430737e-03
9.096218871751002646e-03
9.059082583657332086e-03
9.018266507025276407e-03
9.007001927654658541e-03
9.010041265615395881e-03
9.013175931093948476e-03
9.008108738011546754e-03
8.990059373900294304e-03
8.953678721029843107e-03
8.956716063299350120e-03
8.965948031150869704e-03
8.961270097643136978e-03
8.967737467693430789e-03
8.965952820809823878e-03
8.960603736340999603e-03
8.972606355590479962e-03
8.981136505358986236e-03
8.995695704860346906e-03
9.020062096949135050e-03
9.043850237503647804e-03
9.081592018316899523e-03
9.122033703273959779e-03
9.138028536524091944e-03
9.147852127041136011e-03
9.119316735970122226e-03
9.071977343410253525e-03
9.010162071457930230e-03
8.934818374525223955e-03
8.850586068417345270e-03
8.767830374251519426e-03
8.697714856160538785e-03
8.624291646161250449e-03
8.565335035590189092e-03
8.520497408296381220e-03
8.513022114389709807e-03
8.501203863748483039e-03
8.534189746049898259e-03
8.574105466582946158e-03
8.608649684382336728e-03
8.646608929016761161e-03
8.680566347071103431e-03
8.706701187683003537e-03
8.739497246486800305e-03
8.746999981147902600e-03
8.735454242144311682e-03
8.723269349762372352e-03
8.701032559786523596e-03
8.671456548784459845e-03
8.657742424735001899e-03
8.633894879104835399e-03
8.612679550424218178e-03
8.592285980869616285e-03
8.581283069880945094e-03
8.572406068976436838e-03
8.582694223150610924e-03
8.608205975698573001e-03
8.635172354323523633e-03
8.662322037188070409e-03
8.699688860880476840e-03
8.726334299093909883e-03
8.721933068175400511e-03
8.723244935806308969e-03
8.717720396816730499e-03
8.719919848122767783e-03
8.714156458154320717e-03
8.708463416301779128e-03
8.710374323917286984e-03
8.670214097946882248e-03
8.629307683025087133e-03
8.587104567725743071e-03
8.547647423776132472e-03
8.515229648245232694e-03
8.486563539398568265e-03
8.463608367102486499e-03
8.432655728289059974e-03
8.416989485600165702e-03
8.367880879502211794e-03
8.335799993281918160e-03
8.298406892988299116e-03
8.268327884642141454e-03
8.245742031639176003e-03
8.232008532754011773e-03
8.223949981454228148e-03
8.225103474355168962e-03
8.220549356857580550e-03
8.210809934618217357e-03
8.202948757181209929e-03
8.212049391918949462e-03
8.228187931568495608e-03
8.245908089780382491e-03
8.259925725204604260e-03
8.282959394689117655e-03
8.309865736269525863e-03
8.336939566236521021e-03
8.374226362710552804e-03
8.423109056561120175e-03
8.463417695436094984e-03
8.510020411839442842e-03
8.552084144737039789e-03
8.590477834721761338e-03
8.604502604742134825e-03
8.615489683247037553e-03
8.588151191361248493e-03
8.547190210915036820e-03
8.513028317663286909e-03
8.479487974130148903e-03
8.452550907220159754e-03
8.433386949556214221e-03
8.418217426099414841e-03
8.407883928157389164e-03
8.412785395713788875e-03
8.439072557458919890e-03
8.469962365260081880e-03
8.483065009516264215e-03
8.491623814084700919e-03
8.581764896267227508e-03
8.662635061357702032e-03
8.728497827957783922e-03
8.786520405140305773e-03
8.829279054355407969e-03
8.870714094622858190e-03
8.900083235598035478e-03
8.924241693291281446e-03
8.941247710026800632e-03
8.954623714089393616e-03
8.954538830689020776e-03
8.956331244137669817e-03
8.889441128953226232e-03
8.809681981801986694e-03
8.716136499840234503e-03
8.620543422044388629e-03
8.546930504962801933e-03
8.483387205550181262e-03
8.424250774883798934e-03
8.373173078455562607e-03
8.343657021344239727e-03
8.328373810010296710e-03
8.331090885414076455e-03
8.308356095637594446e-03
8.302314655988343381e-03
8.302780417060213677e-03
8.326810501915003077e-03
8.353201639173286550e-03
8.377446626712168470e-03
8.399384595187646754e-03
8.423197266113544718e-03
8.436612834754799589e-03
8.450152069729353205e-03
8.476440295843141667e-03
8.491136549439812914e-03
8.509397273883223534e-03
8.524830286790217176e-03
8.532232904274548307e-03
8.540082972363702632e-03
8.546807570382952690e-03
8.553474759017782800e-03
8.545142299096499666e-03
8.520306121291858562e-03
8.482701910127486006e-03
8.437984972260892391e-03
8.385367741409157499e-03
8.358506635496658690e-03
8.339749915259224780e-03
8.337172762756901376e-03
8.326684041613978751e-03
8.313564583659172058e-03
8.295280559520636782e-03
8.273388084489852190e-03
8.247555216907389783e-03
8.255152921524963952e-03
8.269148645922541618e-03
8.287544254147048012e-03
8.300742916097598664e-03
8.303415795255984083e-03
8.316358825790562057e-03
8.307923571140105740e-03
8.280598350601004951e-03
8.254563718635057196e-03
8.215965644922107458e-03
8.164030973733003155e-03
8.124484589123832576e-03
8.105008979327976704e-03
8.101184885682803996e-03
8.114015018301350482e-03
8.120734244585037231e-03
8.130316431301512145e-03
8.130580486197556273e-03
8.121861502461667076e-03
8.114623296673275851e-03
8.116825026393468395e-03
8.115644175891898252e-03
8.119123713445983506e-03
8.150145885468060986e-03
8.172233480893607155e-03
8.214449817647359944e-03
8.265614501267139896e-03
8.330915040070456870e-03
8.388813959235059611e-03
8.448825384091054186e-03
8.498322967040752157e-03
8.530366966234785922e-03
8.531108714773185872e-03
8.534679788031749106e-03
8.518802359633679405e-03
8.503253264020063304e-03
8.494069691680903450e-03
8.498571646798933760e-03
8.501839616136359565e-03
8.510211050244314082e-03
8.488074144614594571e-03
8.491430481496666655e-03
8.501519166332269922e-03
8.520897860372704871e-03
8.532170173046844594e-03
8.550700997667652972e-03
8.563231626924659029e-03
8.552847746094422929e-03
8.551285452475505464e-03
8.562573348172008991e-03
8.555863850883074426e-03
8.554564223491720534e-03
8.542211194123541101e-03
8.529717601569635280e-03
8.506615313568286277e-03
8.464888070843048715e-03
8.441352102506374105e-03
8.423656142050666221e-03
8.405024219038230784e-03
8.402178878895938396e-03
8.388082962483167648e-03
8.368622461733008638e-03
8.349241372863096602e-03
8.331266348250210285e-03
8.312350488267838955e-03
8.304446503253919490e-03
8.437880847070897833e-03
8.556345926730759763e-03
8.674122526177338935e-03
8.775296820593731992e-03
8.885116881823964738e-03
8.995701808349363185e-03
9.089905502540724866e-03
9.159648524863379590e-03
9.224089078738220357e-03
9.260993218049407005e-03
9.279931529558129930e-03
9.297123977116175317e-03
9.299021363923591979e-03
9.291720643107379690e-03
9.304717066697776318e-03
9.312521050950246446e-03
9.322157246060669422e-03
9.338607346372944720e-03
9.332980411792439826e-03
9.339220638919090017e-03
9.348298689084393390e-03
9.355575827482556089e-03
9.360157385734575383e-03
9.356345199713749297e-03
9.338694025895424508e-03
9.321109109025980249e-03
9.311080344819597579e-03
9.312046359160117484e-03
9.311672316731087543e-03
9.289163414255849696e-03
9.260565757618419505e-03
9.240771726971226327e-03
9.227853318277214750e-03
9.196872357279062271e-03
9.171635561090494410e-03
9.153322765736706876e-03
9.138651724372590796e-03
9.116151420000408873e-03
9.087315660768322326e-03
9.049721195229462958e-03
9.003565048000641488e-03
8.957402531190641545e-03
8.918504712970129825e-03
8.882880410445588223e-03
8.839796413667500019e-03
8.798999362625181675e-03
8.736762650577085607e-03
8.671091520227491856e-03
8.671091520227491856e-03
8.599801820569805480e-03
8.535621272000883802e-03
8.480385910453540690e-03
8.429800077075404532e-03
8.398397692612238549e-03
8.369101178167121999e-03
8.340401441923208856e-03
8.318408226062144056e-03
8.300838692645941957e-03
8.291670553652303807e-03
8.279071688385946162e-03
8.260473775278245195e-03
8.252850001943963162e-03
8.244526106864213943e-03
8.238058869860001229e-03
8.231616312904017560e-03
8.219621900934726000e-03
8.209471948378319756e-03
8.203627059369214200e-03
8.199884626914613270e-03
8.196003215354201801e-03
8.198288539590845719e-03
8.206783760605114095e-03
8.215765023903389558e-03
8.225253966104770914e-03
8.237728952995635248e-03
8.245484525104984641e-03
8.250964460395542391e-03
8.247706307364361875e-03
8.253021115836287752e-03
8.260732321234951631e-03
8.276743240587945000e-03
8.286130606263344273e-03
8.299052016809582710e-03
8.328680181875824928e-03
8.364747211869274363e-03
8.394076671850467936e-03
8.421264040017766364e-03
8.444607748450445525e-03
8.457562969332295053e-03
8.495613932609558105e-03
8.536791162831442945e-03
8.573996135964989662e-03
8.596171284027929321e-03
8.610209117510489799e-03
8.618135712042982594e-03
8.629202418628014945e-03
8.631917356979101896e-03
8.639507760692919508e-03
8.637757148660187706e-03
8.633378036652825452e-03
8.628976489749870873e-03
8.619874316666806952e-03
8.615928627217986011e-03
8.608515449200890637e-03
8.604733730732862934e-03
8.596093518592948929e-03
8.589907649106212281e-03
8.579693900953446611e-03
8.574147933229272350e-03
8.563668525312095881e-03
8.568156444068466410e-03
8.568766934331506491e-03
8.569781356657455579e-03
8.568230006078789845e-03
8.470236348720001571e-03
8.392130760642300263e-03
8.314870963139193646e-03
8.254647117740075007e-03
8.214441622840240598e-03
8.182804586665173158e-03
8.164505752834625221e-03
8.148003847704135202e-03
8.135718276857264661e-03
8.121655064834547647e-03
8.108152109863502391e-03
8.094386097842029906e-03
8.085468526197863229e-03
8.076415750630465754e-03
8.058877345839781173e-03
8.055140991928055882e-03
8.049090970806511633e-03
8.039475796977058053e-03
8.036623954207502626e-03
8.030553165424083456e-03
8.021857938729226589e-03
8.018537150097213365e-03
8.019327992639904007e-03
8.016695958628718838e-03
8.002892610550458447e-03
7.996321140256310717e-03
7.980789631671671852e-03
7.958821403527898200e-03
7.949213206302374601e-03
7.939325470943003893e-03
7.937379206331180923e-03
7.948327468641634003e-03
7.966631857146109358e-03
7.987475413496472262e-03
8.000753670265632264e-03
8.010793477296829224e-03
8.013757768951888100e-03
8.016061154194176197e-03
8.016817138663359307e-03
8.020701410714536905e-03
8.028230871007378117e-03
8.031234278210572577e-03
8.036784944124519825e-03
8.040174243173428201e-03
8.046627136146915563e-03
8.052800075217549786e-03
8.055087578083788141e-03
8.066125355461346499e-03
8.071294278904263958e-03
8.070756756101868726e-03
8.081093363996063456e-03
8.088783028402499534e-03
8.095301280263811350e-03
8.098302450629748725e-03
8.108744081774992354e-03
8.117681809900594361e-03
8.122771837016833432e-03
8.131389065446066253e-03
8.137510673675154432e-03
8.135925146884151124e-03
8.148549598575170055e-03
8.155364526568778180e-03
8.152570791675575398e-03
8.146670505604041226e-03
8.140601766561823480e-03
8.133530957690839752e-03
8.122127985448710299e-03
8.107913159100072972e-03
8.119852065906993724e-03
8.128873047618461259e-03
8.139063196722418070e-03
8.150328524477248177e-03
8.164868365773665301e-03
8.176572629184062496e-03
8.186468854546546936e-03
8.201442043563085191e-03
8.217779354059271194e-03
8.278978240144039408e-03
8.337780750090522178e-03
8.401645538729749299e-03
8.459160270701562151e-03
8.515507465095393039e-03
8.560923809584761873e-03
8.593420980365149356e-03
8.605982127067233339e-03
8.609865933457123630e-03
8.615537189013724312e-03
8.620790796287889496e-03
8.622951331614916309e-03
8.620003920181520604e-03
8.620199847168155335e-03
8.616292067537350066e-03
8.605395427106745862e-03
8.590613574987011544e-03
8.563945751770265721e-03
8.541547477112285472e-03
8.525786239520780421e-03
8.502362911323351272e-03
8.483300434558518552e-03
8.467891236900218152e-03
8.460337079928390361e-03
8.455851181809390799e-03
8.454152100187326685e-03
8.460751618258655071e-03
8.464283526076801442e-03
8.450633854538733974e-03
8.435397866248552784e-03
8.422684198844112777e-03
8.434286532324872590e-03
8.453262312936462783e-03
8.473016704166573890e-03
8.496778135720108732e-03
8.517622681600707166e-03
8.535455047552074209e-03
8.547160450169550769e-03
8.558477981880838886e-03
8.563474095093883895e-03
8.553554786236159183e-03
8.536837587598711252e-03
8.514615790253239266e-03
8.485866727174393512e-03
8.459742929387305960e-03
8.435654902963765286e-03
8.418933995666779899e-03
8.377939753700047731e-03
8.346346431478326305e-03
8.315159490198962070e-03
8.283187801550542101e-03
8.252232950845999129e-03
8.229137830702322118e-03
8.205416130035050534e-03
8.181775945039200179e-03
8.157439596418823019e-03
8.148841501679271460e-03
8.142225934924291961e-03
8.143532630388758756e-03
8.148326937641416773e-03
8.195984135714493371e-03
8.239514768190150246e-03
8.281120448373258114e-03
8.323143161500670337e-03
8.365467523357697152e-03
8.401701858799372896e-03
8.435768524317868375e-03
8.467412603619908079e-03
8.506559492421470262e-03
8.546298461234462865e-03
8.577333206111299388e-03
8.605833597747343175e-03
8.627762943173624896e-03
8.636899541930429317e-03
8.652679439234946951e-03
8.669396138949585565e-03
8.687921716565532096e-03
8.707890752702951431e-03
8.728404396346636437e-03
8.747831120022706367e-03
8.770892903807439231e-03
8.795944583003542996e-03
8.822139959582793109e-03
8.839417548317993895e-03
8.855243579351477004e-03
8.858532511762209558e-03
8.856133682586784378e-03
8.848411962389945984e-03
8.840818689869982608e-03
8.833914587739855051e-03
8.820340818991618745e-03
8.809991530142724514e-03
8.803719139125729815e-03
8.792696686993752703e-03
8.785395924600638770e-03
8.771396150612937800e-03
8.761959125487399705e-03
8.754143025726079941e-03
8.746236887028706677e-03
8.739621902350336313e-03
8.731988092352236525e-03
8.730333938729017973e-03
8.725162404256739043e-03
8.715127860861164935e-03
8.703039717927043423e-03
8.691228884604893304e-03
8.685056519295488581e-03
8.679417244690870031e-03
8.671784191392362118e-03
8.664700942712702178e-03
8.664733405956732623e-03
8.662864399541701094e-03
8.671039000286586904e-03
8.673034392164222575e-03
8.675341294812304385e-03
8.677962793236864217e-03
8.676206510114883169e-03
8.678268599656544305e-03
8.684919914230704308e-03
8.700803263179426178e-03
8.718737675475754165e-03
8.738325243549687274e-03
8.753758406133524753e-03
8.770983408404780038e-03
8.783552937010037295e-03
8.786204819833593957e-03
8.795372651158166535e-03
8.794152601954660989e-03
8.778998162597417831e-03
8.764379125620638117e-03
8.752418216317892075e-03
8.742025666703869685e-03
8.735089288425765611e-03
8.735565248311363482e-03
8.734340696329516776e-03
8.738162615502784863e-03
8.742114599694364094e-03
8.753795280686713434e-03
8.764126101076337091e-03
8.778483756551784881e-03
8.794989445180232540e-03
8.811211862069154993e-03
8.823238521082592614e-03
8.829221570132566102e-03
8.831525354513100959e-03
8.845120502103651777e-03
8.854352295332188622e-03
8.856954493759465821e-03
8.853876372865800842e-03
8.856572742973054663e-03
8.859413809009961463e-03
8.865627335451011642e-03
8.869015611708164215e-03
8.893874407346760019e-03
8.912844916007347726e-03
8.930363492774111636e-03
8.953910171320396058e-03
8.962125758573944584e-03
8.966357680037617683e-03
8.968347259464539908e-03
8.967852278146892786e-03
8.956077741459012032e-03
8.935136404553694137e-03
8.911471847178680308e-03
8.887811938101159923e-03
8.866876729630998946e-03
8.854747500403650426e-03
8.850173134955443763e-03
8.854416423543755993e-03
8.852833990074162468e-03
8.842003365446413771e-03
8.837494533509016037e-03
8.828978270425327443e-03
8.817514562646724605e-03
8.805422004245753304e-03
8.792643909276063457e-03
8.785376849118620157e-03
8.779880865144409560e-03
8.787065985546047703e-03
8.794456620567612029e-03
8.821045140004051335e-03
8.836749533656984568e-03
8.847387299673365943e-03
8.854620258456893586e-03
8.858717961369879865e-03
8.861960153028900639e-03
8.865416598772364251e-03
8.873578343939567820e-03
8.877085654863290168e-03
8.880253689962305449e-03
8.883439170728837236e-03
8.885819373452770106e-03
8.882927575281687402e-03
8.877634345221199416e-03
8.869386053577597157e-03
8.861800506045776002e-03
8.863596569946301587e-03
8.869801706168800592e-03
8.868453392226780668e-03
8.866525920374053113e-03
8.855891497140484445e-03
8.849438861943781376e-03
8.838752633891999722e-03
8.820624024208103403e-03
8.801801379636995173e-03
8.791670839335503571e-03
8.793207184810723082e-03
8.801032273497964159e-03
8.814420667476952076e-03
8.821100695058703423e-03
8.854876047865088001e-03
8.881653234961308860e-03
8.906422864778764867e-03
8.931218613205211751e-03
8.955367566418967820e-03
8.994823097184832111e-03
9.029877089363123194e-03
9.064892148931644536e-03
9.097724953400236972e-03
9.134189184156380273e-03
9.173223528445564531e-03
9.203931549564003944e-03
9.234959874967378982e-03
9.257996562934880241e-03
9.281095624568738364e-03
9.311791975051164627e-03
9.342228810835098013e-03
9.373502988767410532e-03
9.399646693574530490e-03
9.420943354988204829e-03
9.432798018679022789e-03
9.444872948474116944e-03
9.447876164423567660e-03
9.450864088388957404e-03
9.445989105318273321e-03
9.447090535624218591e-03
9.452476349127079264e-03
9.461689424434942611e-03
9.470320838902677313e-03
9.482166447144533411e-03
9.493363655305333756e-03
9.498974075540900230e-03
9.507675921278340228e-03
9.515697901536310926e-03
9.521882315831524737e-03
9.520813298877328634e-03
9.511216734868608094e-03
9.498116427234240197e-03
9.493639942125551082e-03
9.490967669989913702e-03
9.479276528249360942e-03
9.463694761507213116e-03
9.442770313138939761e-03
9.421961772854306125e-03
9.419795499914991252e-03
9.414038379743163570e-03
9.403474263048597001e-03
9.399435665857578531e-03
9.391645559974546448e-03
9.384025320676820867e-03
9.374408242625318147e-03
9.367041955036776654e-03
9.365750036002802245e-03
9.363726163948220618e-03
9.361572048094655291e-03
9.353007855159896008e-03
9.339463448018900729e-03
9.333247967463518396e-03
9.325524126844746478e-03
9.322587317521018394e-03
9.317892786514545694e-03
9.304972282344741233e-03
9.289831954187579774e-03
9.272986723642264589e-03
9.253336648855890051e-03
9.234273473599128104e-03
9.207853365556470729e-03
9.183305897749960423e-03
9.161235565053564914e-03
9.138930672114449136e-03
9.119507499105696663e-03
9.100868782427693621e-03
9.087276229235743269e-03
9.069776960781641625e-03
9.050575384337986723e-03
9.034314916269587867e-03
9.019618271850049496e-03
9.001368681700634353e-03
8.977272348212344058e-03
8.964655879286251641e-03
8.947939553763717413e-03
8.931170974392443895e-03
8.911469527187623405e-03
8.895490285275238149e-03
8.880158254344548002e-03
8.867599560679602019e-03
8.856890714793865665e-03
8.850790676660835743e-03
8.845372483067746178e-03
8.844941081146575831e-03
8.850149668952716001e-03
8.862809228178645388e-03
8.917062277240412824e-03
8.970488553001945004e-03
9.018276219389267587e-03
9.060137389626885668e-03
9.093537070189736463e-03
9.115754177660815097e-03
9.127116529271006584e-03
9.133900590573571301e-03
9.138748631812632084e-03
9.144381229167006589e-03
9.148936045156525962e-03
9.148068568070552922e-03
9.144371184187807464e-03
9.132642789544271819e-03
9.123496536631137133e-03
9.119343104040516026e-03
9.116716475026416175e-03
9.112392111481832854e-03
9.104922804648854159e-03
9.099362808878399753e-03
9.098661547925854937e-03
9.100565171268368975e-03
9.105149631588054307e-03
9.111435269005596638e-03
9.112644682837916024e-03
9.112097006956381209e-03
9.111156603986663230e-03
9.115146622726959594e-03
9.121400615965415820e-03
9.124720456644095160e-03
9.126859455136582255e-03
9.125848358962684870e-03
9.122679371752642416e-03
9.121380891883745790e-03
9.125271662404494874e-03
9.125033788482792355e-03
9.123729978455230594e-03
9.125106967985630035e-03
9.126883008450801388e-03
9.129567712079733610e-03
9.128984662571124412e-03
9.125844592095486499e-03
9.124236572201229953e-03
9.121723656010414377e-03
9.118425293958612107e-03
9.120249056390352868e-03
9.123192551279706367e-03
9.129528305493295193e-03
9.140750892194253810e-03
9.154854425495224587e-03
9.172890272956075661e-03
9.190975696713264004e-03
9.238142262412500985e-03
9.288176403580499299e-03
9.334515035983972572e-03
9.373317905036466710e-03
9.406305649983031161e-03
9.433761821128427982e-03
9.453080128878355026e-03
9.466191895106541507e-03
9.472128793796790250e-03
9.471642177751553662e-03
9.465864468698523618e-03
9.459704551513173007e-03
9.452998854352958821e-03
9.443138942255504750e-03
9.432414904170269981e-03
9.426204238219984197e-03
9.421449121353881948e-03
9.409323708886014812e-03
9.398931354683424250e-03
9.385713409366351970e-03
9.375026233361236430e-03
9.362074987231088288e-03
9.352477325592190027e-03
9.346390325975204721e-03
9.344173927924461984e-03
9.341713731243674740e-03
9.345262552545006290e-03
9.347696863447449780e-03
9.343221767007239484e-03
9.335697512142360210e-03
9.324485560812587753e-03
9.313317256913120762e-03
9.303154506986694924e-03
9.293696119649601586e-03
9.282435855961270951e-03
9.264955854242933400e-03
9.245886201305049054e-03
9.230287845379539155e-03
9.200780028809927083e-03
9.176229625674230464e-03
9.155560501052864217e-03
9.136178181506693363e-03
9.122508777571576230e-03
9.110043798240699195e-03
9.099861590324767255e-03
9.089555233783488258e-03
9.080038680362381362e-03
9.076879900281451322e-03
9.073021430854819394e-03
9.072566454830979094e-03
9.070286602114461041e-03
9.065232597224946037e-03
9.061373196475739494e-03
9.055770293343812227e-03
9.053518471773713827e-03
9.049351501744240522e-03
9.038303014157074086e-03
9.025040215679578162e-03
9.011779022070445441e-03
9.001283149700611830e-03
8.999458996446005679e-03
8.998232577661318191e-03
8.991794893518090248e-03
8.985310659876890801e-03
8.980971885778541580e-03
8.983651292510330677e-03
8.982968857578401550e-03
8.982568555178918265e-03
8.985126133276415475e-03
8.996024603090648636e-03
9.001739514392934419e-03
9.006429596671037055e-03
9.010011172254703618e-03
9.019393739955765613e-03
9.027331410574592971e-03
9.033482571664665922e-03
9.041759942192584276e-03
9.045979931085770115e-03
9.054479480255395174e-03
9.060034619843853124e-03
9.068559273146092892e-03
9.074529583033705965e-03
9.078247164974786662e-03
9.080116005082215086e-03
9.079378098249435425e-03
9.077289199922233820e-03
9.076651352058564409e-03
9.076382657180406474e-03
9.080847259610891342e-03
9.090670243105185636e-03
9.103952067172420629e-03
9.118297677819750882e-03
9.129804750305734254e-03
9.140208554786763764e-03
9.145308601936059587e-03
9.145935531705617905e-03
9.147165085388613351e-03
9.142260133687938467e-03
9.131617719374065384e-03
9.122241920392428621e-03
9.108717037763978258e-03
9.100737765298358775e-03
9.097044921613164567e-03
9.090436065369951121e-03
9.081430117865758531e-03
9.075983639507154838e-03
9.074374193525207646e-03
9.070389621358896509e-03
9.068440629302390241e-03
9.068184511436681167e-03
9.068705794301681541e-03
9.071532092223475591e-03
9.079486264714173652e-03
9.090385682481740698e-03
9.097987270381833330e-03
9.105963723933590062e-03
9.117164948422993437e-03
9.126187081814609789e-03
9.133957085266177639e-03
9.137304545479960419e-03
9.145862909333248719e-03
9.154065703374467469e-03
9.158916630050433286e-03
9.160086720450115808e-03
9.161299477065247901e-03
9.164111547371638425e-03
9.168558645926947609e-03
9.171243416078920380e-03
9.168241098190524005e-03
9.167009873116123073e-03
9.168429657750363365e-03
9.167904408449041240e-03
9.169232628274974831e-03
9.173683414701372385e-03
9.177050927454339854e-03
9.180087076466796406e-03
9.184804969533746227e-03
9.184667071427352406e-03
9.183191166292610161e-03
9.182247869570605778e-03
9.178563915026773795e-03
9.182607846534145482e-03
9.184063208522275090e-03
9.185673540092207170e-03
9.187784353603742696e-03
9.182786411007068730e-03
9.174243127095646835e-03
9.165784593538514949e-03
9.154773928457871079e-03
9.149648128576310865e-03
9.150306415644340538e-03
9.146550395858607865e-03
9.142170443997852183e-03
9.136885828671179391e-03
9.130283175701541312e-03
9.127517255754875533e-03
9.124642595582242027e-03
9.119994098520172246e-03
9.113458667083509587e-03
9.111488662061415292e-03
9.111476197306598440e-03
9.112707463957901016e-03
9.110527512218271479e-03
9.124976591140563503e-03
9.136537696966635577e-03
9.151197762028979651e-03
9.169988899624772691e-03
9.183352954486119143e-03
9.195313855473483816e-03
9.205527886349176153e-03
9.212329135542469613e-03
9.213908342644572258e-03
9.211595644176538006e-03
9.209220954549632646e-03
9.206304875468569390e-03
9.202149621809698962e-03
9.198991057928651571e-03
9.195786194011037334e-03
9.191238346310066573e-03
9.186615668503301732e-03
9.181603564814264790e-03
9.174467596624578253e-03
9.166857676713593625e-03
9.154818286853176959e-03
9.139846079051494598e-03
9.126623069667922847e-03
9.117303041940820821e-03
9.106207418621383928e-03
9.098323041273812667e-03
9.094423473080886014e-03
9.096012126454817645e-03
9.095085248450882412e-03
9.095143626577087068e-03
9.096961223154462553e-03
9.096709375236449249e-03
9.095989417151681758e-03
9.098541353263758444e-03
9.103616042661346816e-03
9.110796319354059689e-03
9.114384588818731300e-03
9.116266633749805712e-03
9.117548457912303186e-03
9.120508941123262048e-03
9.122104442212730646e-03
9.123782086784817599e-03
9.128438949119299650e-03
9.133100966989462360e-03
9.131497420769716516e-03
9.128718761660690323e-03
9.125748757339482292e-03
9.121218255521463744e-03
9.112791424351078876e-03
9.108137863222509623e-03
9.108044390034462229e-03
9.105988769858543858e-03
9.103601698630623199e-03
9.102390937706721433e-03
9.104907238257251359e-03
9.109893414591039434e-03
9.115122192140136942e-03
9.119351826874273412e-03
9.119461074338428355e-03
9.111034625675529242e-03
9.099678485654294491e-03
9.082121799500393264e-03
9.066435234022460557e-03
9.050616732565686107e-03
9.040041801719260819e-03
9.029363801736118786e-03
9.020427320917536601e-03
9.006767712500212200e-03
8.995653566671535373e-03
8.985234761244751192e-03
8.981025016899886124e-03
8.979603531770408154e-03
8.981246010599923738e-03
8.982590362263311728e-03
8.985910955483891391e-03
8.987198496470227838e-03
8.990535146689839982e-03
9.001025410335776814e-03
9.010802035585843348e-03
9.019332796534789212e-03
9.022577258292585611e-03
9.027146767558795817e-03
9.034543946784521357e-03
9.037834762628855698e-03
9.034500469819508814e-03
9.028771409897931241e-03
9.022219139816505321e-03
9.018429072706826352e-03
9.017570310139231063e-03
9.010664503356176011e-03
9.004338785806404941e-03
9.003405941517226077e-03
9.003792091139726020e-03
9.006499803425478332e-03
9.006843369986330256e-03
9.010267685100967899e-03
9.012665890622884035e-03
9.015861466260892756e-03
9.015161336200045936e-03
9.016180228042815908e-03
9.022139278905732043e-03
9.029906026885978557e-03
9.035745776990162723e-03
9.035353432409465313e-03
9.036382427439093590e-03
9.035508214895213858e-03
9.041304184523011461e-03
9.046555845998227596e-03
9.048321841484201558e-03
9.052729849437517531e-03
9.059005915852529414e-03
9.063051256816834211e-03
9.068052450727139696e-03
9.074027067981660366e-03
9.080164167763931163e-03
9.090787340288184262e-03
9.095420853035258643e-03
9.085994687796170727e-03
9.077911664332662806e-03
9.072173553119813189e-03
9.071361198688723468e-03
9.069782848070775255e-03
9.066381924120443456e-03
9.067880089527793550e-03
9.067615128255315446e-03
9.072063881571270846e-03
9.073103487025946379e-03
9.071638599769877784e-03
9.071612065391880877e-03
9.070774764820401653e-03
9.108747089547770612e-03
9.145995776634663343e-03
9.181427328647779815e-03
9.215806602566902622e-03
9.250865417665668153e-03
9.282264908376549467e-03
9.301280145466859356e-03
9.318242365095232710e-03
9.332009516323782825e-03
9.345731814391911030e-03
9.361278606645231232e-03
9.372597186094415792e-03
9.384555692252303377e-03
9.390964156149752759e-03
9.393988992087543011e-03
9.394817902440471061e-03
9.391365622702454313e-03
9.393021647286201731e-03
9.390571304330868133e-03
9.390261099075100995e-03
9.391380723432771541e-03
9.391567436978220940e-03
9.389925631694495678e-03
9.384526031291378148e-03
9.376620774024299956e-03
9.370079072791017913e-03
9.366082559738839880e-03
9.366178028618119336e-03
9.362513532063789987e-03
9.358517908757286660e-03
9.356767837224262349e-03
9.355078243450927131e-03
9.349467124723429695e-03
9.339536224225801833e-03
9.327950538136065006e-03
9.313152678909577750e-03
9.302110186711485401e-03
9.293348511814005994e-03
9.285791469405271434e-03
9.281811204605869628e-03
9.276128307517086252e-03
9.266510838642716408e-03
9.259997567694102510e-03
9.253312667299593702e-03
9.246590854932687856e-03
9.235623966170740731e-03
9.223190277615296237e-03
9.214033306177173838e-03
9.206879476550966501e-03
9.198478481266647577e-03
9.193869141329611555e-03
9.192902794373887174e-03
9.191507041188222774e-03
9.189038129989057779e-03
9.187424364167131804e-03
9.187178108342257746e-03
9.185822119304378613e-03
9.187900893656271092e-03
9.188474738039076328e-03
9.188912006460927748e-03
9.187806114953542963e-03
9.185835885416184649e-03
9.184577805821650051e-03
9.182701165887660957e-03
9.185193131478237502e-03
9.189224332138630144e-03
9.190325246891006827e-03
9.192163827330139883e-03
9.189907448931730963e-03
9.186816189737458810e-03
9.179044909875042416e-03
9.168590410679047092e-03
9.165886303110579864e-03
9.166284692972632639e-03
9.169671214684578173e-03
9.178043842049581416e-03
9.185389158249433056e-03
9.193438151019759155e-03
9.201421776586877696e-03
9.208229382888280176e-03
9.215409680369443871e-03
9.222775402512135498e-03
9.230304151839976295e-03
9.235117763247606762e-03
9.242305145432640895e-03
9.249492598298405394e-03
9.253232615135078415e-03
9.258882267334098831e-03
9.265193108668816693e-03
9.271104603872768260e-03
9.278058440291456557e-03
9.286895261279173516e-03
9.297401369881949998e-03
9.306479403416492366e-03
9.313956717960536480e-03
9.315359830257616616e-03
9.312435444111802005e-03
9.305953671823121928e-03
9.299588772202176459e-03
9.294266629564975485e-03
9.285145879922700532e-03
9.276482767225908629e-03
9.266260878315992974e-03
9.257169997519148000e-03
9.245775922733758673e-03
9.231228772218205356e-03
9.220746379079563029e-03
9.210129892120935344e-03
9.202354155214769252e-03
9.195856068150274135e-03
9.192200036652917877e-03
9.190762415528297424e-03
9.192368098800736062e-03
9.194820163039756425e-03
9.199525429201977841e-03
9.204750622822237618e-03
9.205629442086709149e-03
9.202235644417149432e-03
9.201519382518849946e-03
9.202272581335688845e-03
9.205025346350989915e-03
9.206743686393435017e-03
9.206869340102587923e-03
9.208368095901928521e-03
9.209712335307682768e-03
9.211896860506385565e-03
9.213577348938477643e-03
9.215159907138772630e-03
9.217134335943098083e-03
9.219931829388119601e-03
9.223160267408405527e-03
9.217316147571961299e-03
9.214771379317556604e-03
9.216046443076006747e-03
9.228633030683599733e-03
9.242098553970987812e-03
9.254443816774125114e-03
9.264383785193786025e-03
9.275674441596493125e-03
9.286423039156943560e-03
9.294149640481919050e-03
9.300471241918526269e-03
9.301463981890785090e-03
9.300137969798274659e-03
9.295510044986647971e-03
9.292154577061799772e-03
9.287732025508635067e-03
9.282244693687451489e-03
9.274624583278117188e-03
9.272495991483862415e-03
9.267151438897209756e-03
9.261182197535942212e-03
9.253517720415922396e-03
9.247309777752630092e-03
9.237559337634593248e-03
9.231287112925201654e-03
9.226390218827873468e-03
9.222557003210698351e-03
9.216134573632319554e-03
9.207471564877778292e-03
9.197233868430234813e-03
9.187928862437340014e-03
9.180826762790925480e-03
9.174398628861777164e-03
9.169275681155599975e-03
9.167583176999219083e-03
9.166757393229221090e-03
9.163440225945253953e-03
9.161551919532939792e-03
9.159370001205908648e-03
9.155546344118192792e-03
9.155505220405757427e-03
9.153844913401241318e-03
9.155767167352937483e-03
9.157166566832788610e-03
9.155346284387633204e-03
9.156029409496113658e-03
9.158814342559449054e-03
9.162770862790889717e-03
9.165107268407675020e-03
9.172130995596359387e-03
9.179866461116554729e-03
9.186141330116828069e-03
9.182906368680830017e-03
9.177760524575464748e-03
9.174260111259562381e-03
9.173614588300032027e-03
9.167997349452759043e-03
9.165064864126699559e-03
9.160645538941025734e-03
9.157835547479667090e-03
9.155941686393427245e-03
9.153692999721638537e-03
9.155767537387353786e-03
9.155832380721611388e-03
9.156788824059600845e-03
9.158186747559480048e-03
9.157836537009902619e-03
9.160811297728546285e-03
9.168984118982084416e-03
9.177279417469565853e-03
9.184570741906230434e-03
9.188567978396480068e-03
9.189207954997462638e-03
9.194769971405289746e-03
9.200151710371886477e-03
9.200010706471013419e-03
9.200127753761730767e-03
9.202326797614139922e-03
