3.026590682566165924e-02
3.026590682566165924e-02
2.945017628371715546e-02
2.891671657562255859e-02
2.826769649982452393e-02
2.794321067631244659e-02
2.741342224180698395e-02
2.751063369214534760e-02
2.761629410088062286e-02
2.768378891050815582e-02
2.775501273572444916e-02
2.782625705003738403e-02
2.787252143025398254e-02
2.797504328191280365e-02
2.816128358244895935e-02
2.836676687002182007e-02
2.855705097317695618e-02
2.876519784331321716e-02
2.892961166799068451e-02
2.901239693164825439e-02
2.918698638677597046e-02
2.932958491146564484e-02
2.949374727904796600e-02
2.987234480679035187e-02
3.021899610757827759e-02
3.053502552211284637e-02
3.079094924032688141e-02
3.100863471627235413e-02
3.114984743297100067e-02
3.129392489790916443e-02
3.152279928326606750e-02
3.171665593981742859e-02
3.185976296663284302e-02
3.197015076875686646e-02
3.210916742682456970e-02
3.212430328130722046e-02
3.224564343690872192e-02
3.230662643909454346e-02
3.230642527341842651e-02
3.230287879705429077e-02
3.239328414201736450e-02
3.254158794879913330e-02
3.264110162854194641e-02
3.273973613977432251e-02
3.274673223495483398e-02
3.275755420327186584e-02
3.274813294410705566e-02
3.277260437607765198e-02
3.276996314525604248e-02
3.282721340656280518e-02
3.284616023302078247e-02
3.281711414456367493e-02
3.273032233119010925e-02
3.259375318884849548e-02
3.243824094533920288e-02
3.219797089695930481e-02
3.198317065834999084e-02
3.171830251812934875e-02
3.146757930517196655e-02
3.124782629311084747e-02
3.105068020522594452e-02
3.091833367943763733e-02
3.090090490877628326e-02
3.087028488516807556e-02
3.089507110416889191e-02
3.089871443808078766e-02
3.097314387559890747e-02
3.109437227249145508e-02
3.100486658513545990e-02
3.098912164568901062e-02
3.106727078557014465e-02
3.120871633291244507e-02
3.138849139213562012e-02
3.148218244314193726e-02
3.155491501092910767e-02
3.147409483790397644e-02
3.122705034911632538e-02
3.100487589836120605e-02
3.079615533351898193e-02
3.052966669201850891e-02
3.031948953866958618e-02
3.020673058927059174e-02
3.021346591413021088e-02
3.016193397343158722e-02
3.018600493669509888e-02
3.033535555005073547e-02
3.047553263604640961e-02
3.061809390783309937e-02
3.060277551412582397e-02
3.056940622627735138e-02
3.049486875534057617e-02
3.042017295956611633e-02
3.033656626939773560e-02
3.025847114622592926e-02
3.005685284733772278e-02
2.991954423487186432e-02
2.984961867332458496e-02
2.987623028457164764e-02
2.893918566405773163e-02
2.820874005556106567e-02
2.759996056556701660e-02
2.706206217408180237e-02
2.657815814018249512e-02
2.619240246713161469e-02
2.586539648473262787e-02
2.558067440986633301e-02
2.539357542991638184e-02
2.525527030229568481e-02
2.512736991047859192e-02
2.500789240002632141e-02
2.490098774433135986e-02
2.423128671944141388e-02
2.369958721101284027e-02
2.321441099047660828e-02
2.279799059033393860e-02
2.242823317646980286e-02
2.209297381341457367e-02
2.172972820699214935e-02
2.142659761011600494e-02
2.117149345576763153e-02
2.092807181179523468e-02
2.071740478277206421e-02
2.056671679019927979e-02
2.039399184286594391e-02
2.031753957271575928e-02
2.022952958941459656e-02
2.012005634605884552e-02
2.008767798542976379e-02
2.007934264838695526e-02
2.012118510901927948e-02
2.015500701963901520e-02
2.014215104281902313e-02
2.010753378272056580e-02
2.007479593157768250e-02
2.007690630853176117e-02
1.989283412694931030e-02
1.972339861094951630e-02
1.952484808862209320e-02
1.937314309179782867e-02
2.003298699855804443e-02
2.062808535993099213e-02
2.115796692669391632e-02
2.165576070547103882e-02
2.211131900548934937e-02
2.247875183820724487e-02
2.282379381358623505e-02
2.312471717596054077e-02
2.332931384444236755e-02
2.349577285349369049e-02
2.366553619503974915e-02
2.380635403096675873e-02
2.390235289931297302e-02
2.400798164308071136e-02
2.410356514155864716e-02
2.418188191950321198e-02
2.423194237053394318e-02
2.416498959064483643e-02
2.406699582934379578e-02
2.403033524751663208e-02
2.398403920233249664e-02
2.393798716366291046e-02
2.388957887887954712e-02
2.386746928095817566e-02
2.385473810136318207e-02
2.383764274418354034e-02
2.386545203626155853e-02
2.390236780047416687e-02
2.395820058882236481e-02
2.403031475841999054e-02
2.412954717874526978e-02
2.421391941606998444e-02
2.423720061779022217e-02
2.428259886801242828e-02
2.428976446390151978e-02
2.427331171929836273e-02
2.425274997949600220e-02
2.422505989670753479e-02
2.417312189936637878e-02
2.411146461963653564e-02
2.405274473130702972e-02
2.398011274635791779e-02
2.390849217772483826e-02
2.385716512799263000e-02
2.377935498952865601e-02
2.370465360581874847e-02
2.366121485829353333e-02
2.360702119767665863e-02
2.355942688882350922e-02
2.351691387593746185e-02
2.344661951065063477e-02
2.332741394639015198e-02
2.317995019257068634e-02
2.305385656654834747e-02
2.268181368708610535e-02
2.234464325010776520e-02
2.209109999239444733e-02
2.181972004473209381e-02
2.155452966690063477e-02
2.130895107984542847e-02
2.111365832388401031e-02
2.082430198788642883e-02
2.058043144643306732e-02
2.037548832595348358e-02
2.022719383239746094e-02
2.002144604921340942e-02
1.988893561065196991e-02
1.975428126752376556e-02
1.961095258593559265e-02
1.948614604771137238e-02
1.939800567924976349e-02
1.930002123117446899e-02
1.919813454151153564e-02
1.910023018717765808e-02
1.900084130465984344e-02
1.893564127385616302e-02
1.887734234333038330e-02
1.882339827716350555e-02
1.872789487242698669e-02
1.863266900181770325e-02
1.855924911797046661e-02
1.849278807640075684e-02
1.844573393464088440e-02
1.842282153666019440e-02
1.836298219859600067e-02
1.825134083628654480e-02
1.819049008190631866e-02
1.806630939245223999e-02
1.801327057182788849e-02
1.798740029335021973e-02
1.795031689107418060e-02
1.792507246136665344e-02
1.787765510380268097e-02
1.786677353084087372e-02
1.787666603922843933e-02
1.789054088294506073e-02
1.790242269635200500e-02
1.790082827210426331e-02
1.790824718773365021e-02
1.798413135111331940e-02
1.801455393433570862e-02
1.804852671921253204e-02
1.806438528001308441e-02
1.809578761458396912e-02
1.814213208854198456e-02
1.823070645332336426e-02
1.835465058684349060e-02
1.837608776986598969e-02
1.835383661091327667e-02
1.836433261632919312e-02
1.838899590075016022e-02
1.837236806750297546e-02
1.828509196639060974e-02
1.819743029773235321e-02
1.811710372567176819e-02
1.802846603095531464e-02
1.792158372700214386e-02
1.780412346124649048e-02
1.770126074552536011e-02
1.761446893215179443e-02
1.746632531285285950e-02
1.733408123254776001e-02
1.720869168639183044e-02
1.707822829484939575e-02
1.699046418070793152e-02
1.687489636242389679e-02
1.674445532262325287e-02
1.657790504395961761e-02
1.643270254135131836e-02
1.627261936664581299e-02
1.611023023724555969e-02
1.604945026338100433e-02
1.594786718487739563e-02
1.582830399274826050e-02
1.574541069567203522e-02
1.568733341991901398e-02
1.560659427195787430e-02
1.549153402447700500e-02
1.535432226955890656e-02
1.526454556733369827e-02
1.530704367905855179e-02
1.533425319939851761e-02
1.533300988376140594e-02
1.532617956399917603e-02
1.528562791645526886e-02
1.522166747599840164e-02
1.514722127467393875e-02
1.508101355284452438e-02
1.474376022815704346e-02
1.438082009553909302e-02
1.402295939624309540e-02
1.367272343486547470e-02
1.331508252769708633e-02
1.299843750894069672e-02
1.281477976590394974e-02
1.268400158733129501e-02
1.258655358105897903e-02
1.248349342495203018e-02
1.245388668030500412e-02
1.240022201091051102e-02
1.236542314291000366e-02
1.232541445642709732e-02
1.236021518707275391e-02
1.240158639848232269e-02
1.247940398752689362e-02
1.258606836199760437e-02
1.270942762494087219e-02
1.279158145189285278e-02
1.288692373782396317e-02
1.307274773716926575e-02
1.324745360761880875e-02
1.357062254101037979e-02
1.382799725979566574e-02
1.400625053793191910e-02
1.412892527878284454e-02
1.415701489895582199e-02
1.415174547582864761e-02
1.407533045858144760e-02
1.398414839059114456e-02
1.387672685086727142e-02
1.365902461111545563e-02
1.341580413281917572e-02
1.316378545016050339e-02
1.304234657436609268e-02
1.296594552695751190e-02
1.283966284245252609e-02
1.271473057568073273e-02
1.253917813301086426e-02
1.236524991691112518e-02
1.220811717212200165e-02
1.210296060889959335e-02
1.198247447609901428e-02
1.193267386406660080e-02
1.189729850739240646e-02
1.189542096108198166e-02
1.188192516565322876e-02
1.193191111087799072e-02
1.204432919621467590e-02
1.219980325549840927e-02
1.236957591027021408e-02
1.254666969180107117e-02
1.271727215498685837e-02
1.289973221719264984e-02
1.306611672043800354e-02
1.326829660683870316e-02
1.343712862581014633e-02
1.307389326393604279e-02
1.276612281799316406e-02
1.250892225652933121e-02
1.228034961968660355e-02
1.214870065450668335e-02
1.207962352782487869e-02
1.198032032698392868e-02
1.185767538845539093e-02
1.176810637116432190e-02
1.168905198574066162e-02
1.155999675393104553e-02
1.148678082972764969e-02
1.147836539894342422e-02
1.148539595305919647e-02
1.151322387158870697e-02
1.151232514530420303e-02
1.150119677186012268e-02
1.145863067358732224e-02
1.143511291593313217e-02
1.142908725887537003e-02
1.145232934504747391e-02
1.149815041571855545e-02
1.144211739301681519e-02
1.143301185220479965e-02
1.151162385940551758e-02
1.156632695347070694e-02
1.166814006865024567e-02
1.151869446039199829e-02
1.141123287379741669e-02
1.130237337201833725e-02
1.107602939009666443e-02
1.082180533558130264e-02
1.064751204103231430e-02
1.053205132484436035e-02
1.042833738029003143e-02
1.034040655940771103e-02
1.028990931808948517e-02
1.025661546736955643e-02
1.018135529011487961e-02
9.948151186108589172e-03
9.483437985181808472e-03
9.021551348268985748e-03
8.653962053358554840e-03
8.317685686051845551e-03
8.016003295779228210e-03
7.756232284009456635e-03
7.160791661590337753e-03
6.735058501362800598e-03
6.503187585622072220e-03
6.382205989211797714e-03
6.364179309457540512e-03
6.441309582442045212e-03
6.563260685652494431e-03
6.603990681469440460e-03
6.659220438450574875e-03
6.715594325214624405e-03
6.797525566071271896e-03
6.893708370625972748e-03
6.989310495555400848e-03
7.093464490026235580e-03
7.219221442937850952e-03
7.340872194617986679e-03
7.507068105041980743e-03
7.664440665394067764e-03
7.856681011617183685e-03
8.048418909311294556e-03
8.241760544478893280e-03
8.442613296210765839e-03
8.613365702331066132e-03
8.785324171185493469e-03
8.958613499999046326e-03
9.081902913749217987e-03
9.195293299853801727e-03
9.313517250120639801e-03
9.410150349140167236e-03
9.509764611721038818e-03
9.590948000550270081e-03
9.662293829023838043e-03
9.732687845826148987e-03
9.836510755121707916e-03
9.896636009216308594e-03
9.913177229464054108e-03
9.946898557245731354e-03
9.939722716808319092e-03
9.953948669135570526e-03
9.958350099623203278e-03
9.812260046601295471e-03
9.695773012936115265e-03
9.577223099768161774e-03
9.456407278776168823e-03
9.339021518826484680e-03
9.263305924832820892e-03
9.190495125949382782e-03
9.131884202361106873e-03
9.105889126658439636e-03
9.172736667096614838e-03
9.185864590108394623e-03
9.153936989605426788e-03
9.129032492637634277e-03
9.141532704234123230e-03
9.182789362967014313e-03
9.211760945618152618e-03
9.205622598528862000e-03
9.141047485172748566e-03
9.059157222509384155e-03
9.025222621858119965e-03
9.054095484316349030e-03
9.062024764716625214e-03
9.232630953192710876e-03
9.430387988686561584e-03
9.651654399931430817e-03
9.875465184450149536e-03
1.012021955102682114e-02
1.036199461668729782e-02
1.050434913486242294e-02
1.060447189956903458e-02
1.057743839919567108e-02
1.054667495191097260e-02
1.055295951664447784e-02
1.052283030003309250e-02
1.045254524797201157e-02
1.043072808533906937e-02
1.041513774544000626e-02
1.034545153379440308e-02
1.032003946602344513e-02
1.027814950793981552e-02
1.021735742688179016e-02
1.015961449593305588e-02
1.018030289560556412e-02
1.024759188294410706e-02
1.027445960789918900e-02
1.029861532151699066e-02
1.016476470977067947e-02
1.008063741028308868e-02
1.003193017095327377e-02
9.788288734853267670e-03
9.567493572831153870e-03
9.392919950187206268e-03
9.218638762831687927e-03
9.022110141813755035e-03
8.871736936271190643e-03
8.758063428103923798e-03
8.717938326299190521e-03
8.724322542548179626e-03
8.671521209180355072e-03
8.609282784163951874e-03
8.588358759880065918e-03
8.445553481578826904e-03
8.332863450050354004e-03
8.272948674857616425e-03
8.253170177340507507e-03
8.249294944107532501e-03
8.301727473735809326e-03
8.435100317001342773e-03
8.588720113039016724e-03
8.758952841162681580e-03
8.920921012759208679e-03
9.060596115887165070e-03
9.185750037431716919e-03
9.286896325647830963e-03
9.350473992526531219e-03
9.421547874808311462e-03
9.322517551481723785e-03
9.182560257613658905e-03
8.974767290055751801e-03
8.843501098453998566e-03
8.744410239160060883e-03
8.641046471893787384e-03
8.572343736886978149e-03
8.496486581861972809e-03
8.452194742858409882e-03
8.416731841862201691e-03
8.204814046621322632e-03
8.032912388443946838e-03
7.899579592049121857e-03
7.799339480698108673e-03
7.704486604779958725e-03
7.694289088249206543e-03
7.698312867432832718e-03
7.711482234299182892e-03
7.763780187815427780e-03
7.819229736924171448e-03
7.909235544502735138e-03
8.002599701285362244e-03
8.068434894084930420e-03
8.096395060420036316e-03
8.114697411656379700e-03
8.123405277729034424e-03
8.138281293213367462e-03
8.157617412507534027e-03
8.168478496372699738e-03
8.158966898918151855e-03
8.003883995115756989e-03
7.885513827204704285e-03
7.816087454557418823e-03
7.768222596496343613e-03
7.789196446537971497e-03
8.074037730693817139e-03
8.360737934708595276e-03
8.697649464011192322e-03
9.037272073328495026e-03
9.351443499326705933e-03
9.643227793276309967e-03
9.891957044601440430e-03
1.009038649499416351e-02
1.024937629699707031e-02
1.037592627108097076e-02
1.047015003859996796e-02
1.052101235836744308e-02
1.066492870450019836e-02
1.076958142220973969e-02
1.079364307224750519e-02
1.079467684030532837e-02
1.075902022421360016e-02
1.070192921906709671e-02
1.060994435101747513e-02
1.051365211606025696e-02
1.045492291450500488e-02
1.028502825647592545e-02
9.871208108961582184e-03
9.463920257985591888e-03
9.154104627668857574e-03
9.274279698729515076e-03
9.365456178784370422e-03
9.511392563581466675e-03
9.615210816264152527e-03
9.682548232376575470e-03
9.693670086562633514e-03
9.696204215288162231e-03
9.646048769354820251e-03
9.573820978403091431e-03
9.481512941420078278e-03
9.403362870216369629e-03
9.312850423157215118e-03
9.163607843220233917e-03
9.211556054651737213e-03
9.233144111931324005e-03
9.256887249648571014e-03
9.228174574673175812e-03
9.243405424058437347e-03
9.215497411787509918e-03
9.165987372398376465e-03
9.120547212660312653e-03
9.084200486540794373e-03
9.027532301843166351e-03
8.944058790802955627e-03
8.834976702928543091e-03
8.707312867045402527e-03
8.561415597796440125e-03
8.405038155615329742e-03
8.261015638709068298e-03
8.133713155984878540e-03
8.009249344468116760e-03
7.896141149103641510e-03
7.916366681456565857e-03
7.920520380139350891e-03
7.930875755846500397e-03
7.960620336234569550e-03
7.990405894815921783e-03
7.982010021805763245e-03
7.909367792308330536e-03
7.835133001208305359e-03
7.729071192443370819e-03
7.621854078024625778e-03
7.366825360804796219e-03
7.135390769690275192e-03
6.929968483746051788e-03
6.780576892197132111e-03
6.662967614829540253e-03
6.582260131835937500e-03
6.494731176644563675e-03
6.424471735954284668e-03
6.359410472214221954e-03
6.354079581797122955e-03
6.376867182552814484e-03
6.384659092873334885e-03
6.382864899933338165e-03
6.363123655319213867e-03
6.371181458234786987e-03
6.390568334609270096e-03
6.422383245080709457e-03
6.451572757214307785e-03
6.512029096484184265e-03
6.615256424993276596e-03
6.685528904199600220e-03
6.775449495762586594e-03
6.843445356935262680e-03
6.882568355649709702e-03
6.900044623762369156e-03
6.908389274030923843e-03
6.885640788823366165e-03
6.951889488846063614e-03
7.023884914815425873e-03
7.074485998600721359e-03
7.110065314918756485e-03
7.135109510272741318e-03
7.177888415753841400e-03
7.198906969279050827e-03
7.229844108223915100e-03
7.270561065524816513e-03
7.329793646931648254e-03
7.398894988000392914e-03
7.417970336973667145e-03
7.273833267390727997e-03
7.110442966222763062e-03
6.998822558671236038e-03
6.902121007442474365e-03
6.999927572906017303e-03
7.178126368671655655e-03
7.393806241452693939e-03
7.624167017638683319e-03
7.813924923539161682e-03
8.006596006453037262e-03
8.194671943783760071e-03
8.356630802154541016e-03
8.508752100169658661e-03
8.653231896460056305e-03
8.779034018516540527e-03
8.873261511325836182e-03
8.955806493759155273e-03
9.025561623275279999e-03
9.098114445805549622e-03
9.156932123005390167e-03
9.218784980475902557e-03
9.279018267989158630e-03
9.337090887129306793e-03
9.369387291371822357e-03
9.402953088283538818e-03
9.428220801055431366e-03
9.454095736145973206e-03
9.490883909165859222e-03
9.511036798357963562e-03
9.528030641376972198e-03
9.586659260094165802e-03
9.654403664171695709e-03
9.725453332066535950e-03
9.779228828847408295e-03
9.842598810791969299e-03
9.895468130707740784e-03
9.940891526639461517e-03
9.965779259800910950e-03
1.000025495886802673e-02
1.001300662755966187e-02
1.001009345054626465e-02
9.998393245041370392e-03
9.979273192584514618e-03
9.957061149179935455e-03
9.935254231095314026e-03
9.923403151333332062e-03
9.928110986948013306e-03
9.926303289830684662e-03
9.893491864204406738e-03
9.959829971194267273e-03
1.001175958663225174e-02
9.962984360754489899e-03
9.922755882143974304e-03
9.911913424730300903e-03
9.931337088346481323e-03
9.948752820491790771e-03
9.966149926185607910e-03
9.991748258471488953e-03
1.001296937465667725e-02
1.005359459668397903e-02
1.008065510541200638e-02
1.011071261018514633e-02
1.013073511421680450e-02
1.033760514110326767e-02
1.052006892859935760e-02
1.068079192191362381e-02
1.084669772535562515e-02
1.099385879933834076e-02
1.109411008656024933e-02
1.115613058209419250e-02
1.121480576694011688e-02
1.128134969621896744e-02
1.135123614221811295e-02
1.141900755465030670e-02
1.145763695240020752e-02
1.147924270480871201e-02
1.147651486098766327e-02
1.142563670873641968e-02
1.136261224746704102e-02
1.129728276282548904e-02
1.122192293405532837e-02
1.111830212175846100e-02
1.102223899215459824e-02
1.091034989804029465e-02
1.082241907715797424e-02
1.068417169153690338e-02
1.054101809859275818e-02
1.040569692850112915e-02
1.030479185283184052e-02
1.022357586771249771e-02
1.015291549265384674e-02
1.009665522724390030e-02
1.005150005221366882e-02
1.008314918726682663e-02
1.002335641533136368e-02
9.961329400539398193e-03
9.928058832883834839e-03
9.944876655936241150e-03
9.932562708854675293e-03
9.927403181791305542e-03
9.908362291753292084e-03
9.892260655760765076e-03
9.902047924697399139e-03
9.895658120512962341e-03
9.909451007843017578e-03
9.920082055032253265e-03
9.895486757159233093e-03
9.863204322755336761e-03
9.833248332142829895e-03
9.823218919336795807e-03
9.784612804651260376e-03
9.761794470250606537e-03
9.727365337312221527e-03
9.691036306321620941e-03
9.640457108616828918e-03
9.579176083207130432e-03
9.513183496892452240e-03
9.455370716750621796e-03
9.368083439767360687e-03
9.271888062357902527e-03
9.161952883005142212e-03
9.056771174073219299e-03
8.968894369900226593e-03
8.908708579838275909e-03
8.850291371345520020e-03
8.796739391982555389e-03
8.750907145440578461e-03
8.715880103409290314e-03
8.680894039571285248e-03
8.664808236062526703e-03
8.647669106721878052e-03
8.700744248926639557e-03
8.780665695667266846e-03
8.853198029100894928e-03
8.936935104429721832e-03
9.019533172249794006e-03
9.074414148926734924e-03
9.145051240921020508e-03
9.208045899868011475e-03
9.276530705392360687e-03
9.319628588855266571e-03
9.322360157966613770e-03
9.303504601120948792e-03
9.252658113837242126e-03
9.027723222970962524e-03
8.796297013759613037e-03
8.590408600866794586e-03
8.412183262407779694e-03
8.257281966507434845e-03
8.107280358672142029e-03
8.084434084594249725e-03
8.094268850982189178e-03
8.154462091624736786e-03
8.233203552663326263e-03
8.483357727527618408e-03
8.741083554923534393e-03
8.980057202279567719e-03
9.193711914122104645e-03
9.393576532602310181e-03
9.560347534716129303e-03
9.684142656624317169e-03
9.727546945214271545e-03
9.736423380672931671e-03
9.707278572022914886e-03
9.664321318268775940e-03
9.570084512233734131e-03
9.483023546636104584e-03
9.396680630743503571e-03
9.323558770120143890e-03
9.230138733983039856e-03
9.194823913276195526e-03
9.129617363214492798e-03
9.059042669832706451e-03
8.976971730589866638e-03
8.838356472551822662e-03
8.731650188565254211e-03
8.650645613670349121e-03
8.543529547750949860e-03
8.448136039078235626e-03
8.388615213334560394e-03
8.334690704941749573e-03
8.311501704156398773e-03
8.294897153973579407e-03
8.281368762254714966e-03
8.458885364234447479e-03
8.604953065514564514e-03
8.701493032276630402e-03
8.810094557702541351e-03
8.888177573680877686e-03
8.918685838580131531e-03
8.962227962911128998e-03
9.012243710458278656e-03
9.061879478394985199e-03
9.047270752489566803e-03
9.032029658555984497e-03
9.030687622725963593e-03
9.024471975862979889e-03
9.003110229969024658e-03
8.962725289165973663e-03
8.962725289165973663e-03
8.910951204597949982e-03
8.863467723131179810e-03
8.829376660287380219e-03
8.787187747657299042e-03
8.736242540180683136e-03
8.698062039911746979e-03
8.658401668071746826e-03
8.651003241539001465e-03
8.635219186544418335e-03
8.627672679722309113e-03
8.574014529585838318e-03
8.536922745406627655e-03
8.491696789860725403e-03
8.459649980068206787e-03
8.412859402596950531e-03
8.418886922299861908e-03
8.393952623009681702e-03
8.340352214872837067e-03
8.299482986330986023e-03
8.249269798398017883e-03
8.215067908167839050e-03
8.178928866982460022e-03
8.112045004963874817e-03
8.034798316657543182e-03
7.957354187965393066e-03
7.886840961873531342e-03
7.827029563486576080e-03
7.789853028953075409e-03
7.743272930383682251e-03
7.714122999459505081e-03
7.653781212866306305e-03
7.593458984047174454e-03
7.483197841793298721e-03
7.402153220027685165e-03
7.318472955375909805e-03
7.301125209778547287e-03
7.268237415701150894e-03
7.275135722011327744e-03
7.293482311069965363e-03
7.332112174481153488e-03
7.372907828539609909e-03
7.410498801618814468e-03
7.431249134242534637e-03
7.399197202175855637e-03
7.395271677523851395e-03
7.407687604427337646e-03
7.433880586177110672e-03
7.469094824045896530e-03
7.482353597879409790e-03
7.520168554037809372e-03
7.579245604574680328e-03
7.636549882590770721e-03
7.607508916407823563e-03
7.565252017229795456e-03
7.514226716011762619e-03
7.462189998477697372e-03
7.423744536936283112e-03
7.399563677608966827e-03
7.376452442258596420e-03
7.388029713183641434e-03
7.399533409625291824e-03
7.343370933085680008e-03
7.285550236701965332e-03
7.231423631310462952e-03
7.185520138591527939e-03
7.169735152274370193e-03
7.169564720243215561e-03
7.157392334192991257e-03
7.157633546739816666e-03
7.160117849707603455e-03
7.172583136707544327e-03
7.171531673520803452e-03
7.147148251533508301e-03
7.146550808101892471e-03
7.147525902837514877e-03
7.158653344959020615e-03
7.172322832047939301e-03
7.179810665547847748e-03
7.177956867963075638e-03
7.176959421485662460e-03
7.190205156803131104e-03
7.210288662463426590e-03
7.254153490066528320e-03
7.300629280507564545e-03
7.338287774473428726e-03
7.375381421297788620e-03
7.422119379043579102e-03
7.449617143720388412e-03
7.478203158825635910e-03
7.515323814004659653e-03
7.537744008004665375e-03
7.554897572845220566e-03
7.570352870970964432e-03
7.588488981127738953e-03
7.620254065841436386e-03
7.636342663317918777e-03
7.629548665136098862e-03
7.630731444805860519e-03
7.637657690793275833e-03
7.652922999113798141e-03
7.672663778066635132e-03
7.739722728729248047e-03
7.798114325851202011e-03
7.837901823222637177e-03
7.884218357503414154e-03
7.953428663313388824e-03
8.048235438764095306e-03
8.153006434440612793e-03
8.225713856518268585e-03
8.291979320347309113e-03
8.341757580637931824e-03
8.377621881663799286e-03
8.383720181882381439e-03
8.350741118192672729e-03
8.329330943524837494e-03
8.302477188408374786e-03
8.280726149678230286e-03
8.236800320446491241e-03
8.194451220333576202e-03
8.145320229232311249e-03
8.093200623989105225e-03
8.039242587983608246e-03
7.963384501636028290e-03
7.963384501636028290e-03
7.963384501636028290e-03
7.895546033978462219e-03
7.855412550270557404e-03
7.748140487819910049e-03
7.657592184841632843e-03
7.561409380286931992e-03
7.501938380300998688e-03
7.464645896106958389e-03
7.531170267611742020e-03
7.615279871970415115e-03
7.708046585321426392e-03
7.832049392163753510e-03
7.946894504129886627e-03
8.033333346247673035e-03
8.096987381577491760e-03
8.118040859699249268e-03
8.143980987370014191e-03
8.173469454050064087e-03
8.189285174012184143e-03
8.208094164729118347e-03
8.248342201113700867e-03
8.260414004325866699e-03
8.287738077342510223e-03
8.295674808323383331e-03
8.335114456713199615e-03
8.459482342004776001e-03
8.564134128391742706e-03
8.658647537231445312e-03
