-4.079055786132812500e-02,-3.855109214782714844e-03,1.705759763717651367e-02
-4.079055786132812500e-02,-3.855109214782714844e-03,1.705759763717651367e-02
-3.979063034057617188e-02,-4.855036735534667969e-03,1.805758476257324219e-02
-3.882837295532226562e-02,-4.187822341918945312e-03,1.889401674270629883e-02
-3.800392150878906250e-02,-4.451394081115722656e-03,1.959910988807678223e-02
-3.712058067321777344e-02,-5.000472068786621094e-03,1.931807398796081543e-02
-3.619909286499023438e-02,-5.374073982238769531e-03,1.891219615936279297e-02
-3.654766082763671875e-02,-5.369782447814941406e-03,1.849660277366638184e-02
-3.679323196411132812e-02,-5.733609199523925781e-03,1.805892586708068848e-02
-3.700900077819824219e-02,-5.735397338867187500e-03,1.760593056678771973e-02
-3.723430633544921875e-02,-6.091833114624023438e-03,1.710358262062072754e-02
-3.739166259765625000e-02,-6.289124488830566406e-03,1.674214005470275879e-02
-3.748464584350585938e-02,-6.297111511230468750e-03,1.646718382835388184e-02
-3.728175163269042969e-02,-6.392240524291992188e-03,1.633206009864807129e-02
-3.698301315307617188e-02,-6.687760353088378906e-03,1.620867848396301270e-02
-3.661990165710449219e-02,-7.043361663818359375e-03,1.608768105506896973e-02
-3.631138801574707031e-02,-7.617115974426269531e-03,1.597934961318969727e-02
-3.608894348144531250e-02,-8.108973503112792969e-03,1.586166024208068848e-02
-3.572821617126464844e-02,-8.571863174438476562e-03,1.560124754905700684e-02
-3.522658348083496094e-02,-9.054660797119140625e-03,1.532861590385437012e-02
-3.478193283081054688e-02,-9.477138519287109375e-03,1.496988534927368164e-02
-3.425669670104980469e-02,-9.922146797180175781e-03,1.463288068771362305e-02
-3.422832489013671875e-02,-1.029932498931884766e-02,1.459053158760070801e-02
-3.416085243225097656e-02,-1.069629192352294922e-02,1.442599296569824219e-02
-3.408622741699218750e-02,-1.110696792602539062e-02,1.423886418342590332e-02
-3.394961357116699219e-02,-1.149177551269531250e-02,1.404979825019836426e-02
-3.379011154174804688e-02,-1.191890239715576172e-02,1.388460397720336914e-02
-3.359866142272949219e-02,-1.235127449035644531e-02,1.362106204032897949e-02
-3.328251838684082031e-02,-1.267409324645996094e-02,1.360976696014404297e-02
-3.291034698486328125e-02,-1.312088966369628906e-02,1.366385817527770996e-02
-3.243088722229003906e-02,-1.355206966400146484e-02,1.372620463371276855e-02
-3.200197219848632812e-02,-1.393520832061767578e-02,1.375752687454223633e-02
-3.153991699218750000e-02,-1.428747177124023438e-02,1.389703154563903809e-02
-3.110146522521972656e-02,-1.461577415466308594e-02,1.404035091400146484e-02
-3.065896034240722656e-02,-1.495695114135742188e-02,1.413306593894958496e-02
-3.035259246826171875e-02,-1.514196395874023438e-02,1.424828171730041504e-02
-3.007149696350097656e-02,-1.522922515869140625e-02,1.434975862503051758e-02
-2.980542182922363281e-02,-1.519584655761718750e-02,1.459270715713500977e-02
-2.969217300415039062e-02,-1.498579978942871094e-02,1.478302478790283203e-02
-2.955818176269531250e-02,-1.470708847045898438e-02,1.513636112213134766e-02
-2.949357032775878906e-02,-1.430773735046386719e-02,1.548370718955993652e-02
-2.945971488952636719e-02,-1.384675502777099609e-02,1.581850647926330566e-02
-2.942728996276855469e-02,-1.336848735809326172e-02,1.622843742370605469e-02
-2.946591377258300781e-02,-1.279401779174804688e-02,1.678809523582458496e-02
-2.955579757690429688e-02,-1.225042343139648438e-02,1.738908886909484863e-02
-2.985739707946777344e-02,-1.157820224761962891e-02,1.807576417922973633e-02
-3.015351295471191406e-02,-1.095223426818847656e-02,1.879915595054626465e-02
-3.037881851196289062e-02,-1.035869121551513672e-02,1.948609948158264160e-02
-3.051090240478515625e-02,-9.750366210937500000e-03,2.017551660537719727e-02
-3.060770034790039062e-02,-9.142279624938964844e-03,2.094304561614990234e-02
-3.068208694458007812e-02,-8.624315261840820312e-03,2.155175805091857910e-02
-3.066921234130859375e-02,-8.114695549011230469e-03,2.213063836097717285e-02
-3.067159652709960938e-02,-7.622241973876953125e-03,2.256411314010620117e-02
-3.051733970642089844e-02,-7.165312767028808594e-03,2.316007018089294434e-02
-3.032660484313964844e-02,-6.793975830078125000e-03,2.355647087097167969e-02
-3.002595901489257812e-02,-6.521344184875488281e-03,2.392566204071044922e-02
-2.968144416809082031e-02,-6.298542022705078125e-03,2.419736981391906738e-02
-2.939867973327636719e-02,-6.082892417907714844e-03,2.436524629592895508e-02
-2.898263931274414062e-02,-5.949020385742187500e-03,2.442938089370727539e-02
-2.857279777526855469e-02,-5.892634391784667969e-03,2.449634671211242676e-02
-2.831459045410156250e-02,-5.816340446472167969e-03,2.453505992889404297e-02
-2.793860435485839844e-02,-5.782723426818847656e-03,2.471953630447387695e-02
-2.744555473327636719e-02,-5.768895149230957031e-03,2.496206760406494141e-02
-2.692246437072753906e-02,-5.815625190734863281e-03,2.523788809776306152e-02
-2.645444869995117188e-02,-5.724787712097167969e-03,2.562201023101806641e-02
-2.601313591003417969e-02,-5.601167678833007812e-03,2.615383267402648926e-02
-2.559614181518554688e-02,-5.368471145629882812e-03,2.677789330482482910e-02
-2.507376670837402344e-02,-5.132436752319335938e-03,2.738660573959350586e-02
-2.459335327148437500e-02,-4.856586456298828125e-03,2.795967459678649902e-02
-2.408003807067871094e-02,-4.547357559204101562e-03,2.843180298805236816e-02
-2.354168891906738281e-02,-4.240870475769042969e-03,2.890911698341369629e-02
-2.299714088439941406e-02,-3.934502601623535156e-03,2.931246161460876465e-02
-2.249121665954589844e-02,-3.698945045471191406e-03,2.961891889572143555e-02
-2.205896377563476562e-02,-3.498435020446777344e-03,2.992624044418334961e-02
-2.156758308410644531e-02,-3.383517265319824219e-03,3.005263209342956543e-02
-2.116918563842773438e-02,-3.277182579040527344e-03,3.020378947257995605e-02
-2.089738845825195312e-02,-3.325462341308593750e-03,3.029483556747436523e-02
-2.071881294250488281e-02,-3.325581550598144531e-03,3.034797310829162598e-02
-2.072477340698242188e-02,-3.408432006835937500e-03,3.030470013618469238e-02
-2.083921432495117188e-02,-3.502964973449707031e-03,3.032130002975463867e-02
-2.092766761779785156e-02,-3.546714782714843750e-03,3.036636114120483398e-02
-2.101850509643554688e-02,-3.554940223693847656e-03,3.034737706184387207e-02
-2.107405662536621094e-02,-3.577589988708496094e-03,3.029569983482360840e-02
-2.109980583190917969e-02,-3.658652305603027344e-03,3.024059534072875977e-02
-2.114558219909667969e-02,-3.750085830688476562e-03,3.023642301559448242e-02
-2.115774154663085938e-02,-3.859639167785644531e-03,3.030550479888916016e-02
-2.108383178710937500e-02,-3.919243812561035156e-03,3.059321641921997070e-02
-2.114796638488769531e-02,-3.975749015808105469e-03,3.092011809349060059e-02
-2.099752426147460938e-02,-3.851532936096191406e-03,3.135183453559875488e-02
-2.086544036865234375e-02,-3.842353820800781250e-03,3.150355815887451172e-02
-2.074933052062988281e-02,-3.778815269470214844e-03,3.167340159416198730e-02
-2.062511444091796875e-02,-3.748536109924316406e-03,3.184106945991516113e-02
-2.046990394592285156e-02,-3.640770912170410156e-03,3.188365697860717773e-02
-2.028775215148925781e-02,-3.930449485778808594e-03,3.192880749702453613e-02
-2.018833160400390625e-02,-4.157543182373046875e-03,3.187638521194458008e-02
-2.007174491882324219e-02,-4.367947578430175781e-03,3.180927038192749023e-02
-1.993584632873535156e-02,-4.593729972839355469e-03,3.177314996719360352e-02
-1.981186866760253906e-02,-4.761099815368652344e-03,3.171500563621520996e-02
-1.977944374084472656e-02,-5.013942718505859375e-03,3.127449750900268555e-02
-1.979136466979980469e-02,-5.203247070312500000e-03,3.090381622314453125e-02
-1.988029479980468750e-02,-5.355715751647949219e-03,3.056800365447998047e-02
-2.011823654174804688e-02,-5.438327789306640625e-03,3.033062815666198730e-02
-2.042794227600097656e-02,-5.413055419921875000e-03,3.020346164703369141e-02
-2.034616470336914062e-02,-5.406618118286132812e-03,3.008624911308288574e-02
-2.028346061706542969e-02,-5.335211753845214844e-03,3.002211451530456543e-02
-2.025747299194335938e-02,-5.307316780090332031e-03,2.995818853378295898e-02
-2.018713951110839844e-02,-5.264043807983398438e-03,3.000086545944213867e-02
-2.020049095153808594e-02,-5.164146423339843750e-03,2.996668219566345215e-02
-2.037978172302246094e-02,-4.938483238220214844e-03,2.996867895126342773e-02
-2.058482170104980469e-02,-4.700779914855957031e-03,3.004649281501770020e-02
-2.079844474792480469e-02,-4.403591156005859375e-03,3.008663654327392578e-02
-2.104496955871582031e-02,-4.166007041931152344e-03,3.014820814132690430e-02
-2.117800712585449219e-02,-3.903985023498535156e-03,3.010550141334533691e-02
-2.133846282958984375e-02,-3.673315048217773438e-03,2.991673350334167480e-02
-2.142524719238281250e-02,-3.484487533569335938e-03,2.978122234344482422e-02
-2.146267890930175781e-02,-3.339648246765136719e-03,2.963593602180480957e-02
-2.149891853332519531e-02,-3.268361091613769531e-03,2.943792939186096191e-02
-2.148699760437011719e-02,-3.181934356689453125e-03,2.936503291130065918e-02
-2.141642570495605469e-02,-3.143310546875000000e-03,2.934646606445312500e-02
-2.159404754638671875e-02,-3.100752830505371094e-03,2.944976091384887695e-02
-2.177095413208007812e-02,-2.997994422912597656e-03,2.958986163139343262e-02
-2.184128761291503906e-02,-2.875447273254394531e-03,2.983036637306213379e-02
-2.201747894287109375e-02,-2.693057060241699219e-03,3.004094958305358887e-02
-2.219748497009277344e-02,-2.400279045104980469e-03,3.039586544036865234e-02
-2.233552932739257812e-02,-2.044081687927246094e-03,3.083372116088867188e-02
-2.244663238525390625e-02,-1.653552055358886719e-03,3.126078844070434570e-02
-2.248907089233398438e-02,-1.341700553894042969e-03,3.160893917083740234e-02
-2.244997024536132812e-02,-1.141428947448730469e-03,3.191015124320983887e-02
-2.229452133178710938e-02,-1.051306724548339844e-03,3.197908401489257812e-02
-2.203917503356933594e-02,-9.229183197021484375e-04,3.204837441444396973e-02
-2.175784111022949219e-02,-7.650852203369140625e-04,3.212997317314147949e-02
-2.138805389404296875e-02,-7.758140563964843750e-04,3.207781910896301270e-02
-2.101445198059082031e-02,-9.615421295166015625e-04,3.180184960365295410e-02
-2.055001258850097656e-02,-1.170754432678222656e-03,3.147128224372863770e-02
-2.015900611877441406e-02,-1.413464546203613281e-03,3.100427985191345215e-02
-1.977396011352539062e-02,-1.630902290344238281e-03,3.050398826599121094e-02
-1.947283744812011719e-02,-1.764178276062011719e-03,3.007581830024719238e-02
-1.912879943847656250e-02,-1.855969429016113281e-03,2.968123555183410645e-02
-1.885008811950683594e-02,-1.947045326232910156e-03,2.941164374351501465e-02
-1.870274543762207031e-02,-1.903772354125976562e-03,2.933445572853088379e-02
-1.845002174377441406e-02,-1.822113990783691406e-03,2.934333682060241699e-02
-1.822948455810546875e-02,-1.650452613830566406e-03,2.958941459655761719e-02
-1.802825927734375000e-02,-1.430034637451171875e-03,2.991297841072082520e-02
-1.796388626098632812e-02,-1.195549964904785156e-03,3.029263019561767578e-02
-1.775741577148437500e-02,-1.010894775390625000e-03,3.066205978393554688e-02
-1.741385459899902344e-02,-1.009702682495117188e-03,3.088030219078063965e-02
-1.704359054565429688e-02,-1.078844070434570312e-03,3.083157539367675781e-02
-1.674270629882812500e-02,-1.176476478576660156e-03,3.077155351638793945e-02
-1.649522781372070312e-02,-1.375436782836914062e-03,3.048199415206909180e-02
-1.637816429138183594e-02,-1.619815826416015625e-03,3.011983633041381836e-02
-1.639962196350097656e-02,-1.891374588012695312e-03,2.968424558639526367e-02
-1.639962196350097656e-02,-1.891374588012695312e-03,2.968424558639526367e-02
-1.653861999511718750e-02,-2.134323120117187500e-03,2.928972244262695312e-02
-1.673412322998046875e-02,-2.331733703613281250e-03,2.892071008682250977e-02
-1.692676544189453125e-02,-2.506136894226074219e-03,2.848693728446960449e-02
-1.717805862426757812e-02,-2.644419670104980469e-03,2.809396386146545410e-02
-1.754021644592285156e-02,-2.681255340576171875e-03,2.782493829727172852e-02
-1.788783073425292969e-02,-2.801537513732910156e-03,2.754640579223632812e-02
-1.828670501708984375e-02,-2.900004386901855469e-03,2.720886468887329102e-02
-1.864218711853027344e-02,-2.980947494506835938e-03,2.689114212989807129e-02
-1.904654502868652344e-02,-2.978682518005371094e-03,2.671211957931518555e-02
-1.936888694763183594e-02,-2.975702285766601562e-03,2.658826112747192383e-02
-1.958870887756347656e-02,-3.004312515258789062e-03,2.639040350914001465e-02
-1.973366737365722656e-02,-2.992272377014160156e-03,2.625161409378051758e-02
-1.994943618774414062e-02,-2.938747406005859375e-03,2.617728710174560547e-02
-2.002358436584472656e-02,-2.923727035522460938e-03,2.612286806106567383e-02
-1.998686790466308594e-02,-2.969503402709960938e-03,2.605348825454711914e-02
-1.986074447631835938e-02,-3.059625625610351562e-03,2.606293559074401855e-02
-1.965427398681640625e-02,-3.046035766601562500e-03,2.618512511253356934e-02
-1.953053474426269531e-02,-3.104925155639648438e-03,2.625811100006103516e-02
-1.940751075744628906e-02,-3.191471099853515625e-03,2.627626061439514160e-02
-1.928901672363281250e-02,-3.246188163757324219e-03,2.631875872611999512e-02
-1.918363571166992188e-02,-3.274321556091308594e-03,2.634367346763610840e-02
-1.909375190734863281e-02,-3.273844718933105469e-03,2.638885378837585449e-02
-1.903772354125976562e-02,-3.223538398742675781e-03,2.638971805572509766e-02
-1.897192001342773438e-02,-3.062486648559570312e-03,2.637484669685363770e-02
-1.898837089538574219e-02,-2.899408340454101562e-03,2.639243006706237793e-02
-1.886415481567382812e-02,-2.786874771118164062e-03,2.642896771430969238e-02
-1.868557929992675781e-02,-2.623319625854492188e-03,2.643990516662597656e-02
-1.845383644104003906e-02,-2.497196197509765625e-03,2.623292803764343262e-02
-1.816439628601074219e-02,-2.278327941894531250e-03,2.613452076911926270e-02
-1.795172691345214844e-02,-2.014279365539550781e-03,2.608424425125122070e-02
-1.777720451354980469e-02,-1.645684242248535156e-03,2.622613310813903809e-02
-1.774406433105468750e-02,-1.152038574218750000e-03,2.642992138862609863e-02
-1.760554313659667969e-02,-8.603334426879882812e-04,2.660816907882690430e-02
-1.739835739135742188e-02,-5.766153335571289062e-04,2.677673101425170898e-02
-1.708483695983886719e-02,-2.869367599487304688e-04,2.684658765792846680e-02
-1.686668395996093750e-02,4.291534423828125000e-06,2.674791216850280762e-02
-1.652193069458007812e-02,2.062320709228515625e-04,2.666631340980529785e-02
-1.622772216796875000e-02,3.772974014282226562e-04,2.658122777938842773e-02
-1.599907875061035156e-02,5.630254745483398438e-04,2.647104859352111816e-02
-1.588249206542968750e-02,6.881952285766601562e-04,2.635815739631652832e-02
-1.574039459228515625e-02,8.019208908081054688e-04,2.629333734512329102e-02
-1.571679115295410156e-02,9.081363677978515625e-04,2.628567814826965332e-02
-1.568651199340820312e-02,8.798837661743164062e-04,2.610793709754943848e-02
-1.571965217590332031e-02,7.802248001098632812e-04,2.591452002525329590e-02
-1.588296890258789062e-02,7.739067077636718750e-04,2.572107315063476562e-02
-1.617193222045898438e-02,9.564161300659179688e-04,2.561357617378234863e-02
-1.659059524536132812e-02,1.194477081298828125e-03,2.548810839653015137e-02
-1.708722114562988281e-02,1.443624496459960938e-03,2.549692988395690918e-02
-1.775169372558593750e-02,1.730203628540039062e-03,2.549323439598083496e-02
-1.841354370117187500e-02,1.991868019104003906e-03,2.557900547981262207e-02
-1.915597915649414062e-02,2.289056777954101562e-03,2.563238143920898438e-02
-1.993465423583984375e-02,2.639293670654296875e-03,2.575743198394775391e-02
-2.077794075012207031e-02,2.966165542602539062e-03,2.604204416275024414e-02
-2.145576477050781250e-02,3.359317779541015625e-03,2.636989951133728027e-02
-2.218985557556152344e-02,3.838539123535156250e-03,2.672061324119567871e-02
-2.286553382873535156e-02,4.218459129333496094e-03,2.698177099227905273e-02
-2.351140975952148438e-02,4.538416862487792969e-03,2.725169062614440918e-02
-2.402567863464355469e-02,4.852533340454101562e-03,2.753236889839172363e-02
-2.443981170654296875e-02,5.104660987854003906e-03,2.786001563072204590e-02
-2.484226226806640625e-02,5.346179008483886719e-03,2.813509106636047363e-02
-2.510523796081542969e-02,5.446553230285644531e-03,2.849531173706054688e-02
-2.530717849731445312e-02,5.516171455383300781e-03,2.878019213676452637e-02
-2.551198005676269531e-02,5.534887313842773438e-03,2.892667055130004883e-02
-2.559709548950195312e-02,5.493760108947753906e-03,2.905178070068359375e-02
-2.573227882385253906e-02,5.347609519958496094e-03,2.904754877090454102e-02
-2.568316459655761719e-02,5.085706710815429688e-03,2.900478243827819824e-02
-2.564024925231933594e-02,4.859328269958496094e-03,2.897238731384277344e-02
-2.546072006225585938e-02,4.572629928588867188e-03,2.898246049880981445e-02
-2.519416809082031250e-02,4.252314567565917969e-03,2.884635329246520996e-02
-2.491354942321777344e-02,3.883838653564453125e-03,2.869257330894470215e-02
-2.452969551086425781e-02,3.562688827514648438e-03,2.851626276969909668e-02
-2.415323257446289062e-02,3.223299980163574219e-03,2.828931808471679688e-02
-2.372097969055175781e-02,2.885818481445312500e-03,2.801969647407531738e-02
-2.329564094543457031e-02,2.477407455444335938e-03,2.773812413215637207e-02
-2.285265922546386719e-02,1.971960067749023438e-03,2.734962105751037598e-02
-2.247714996337890625e-02,1.605153083801269531e-03,2.706292271614074707e-02
-2.225613594055175781e-02,1.355171203613281250e-03,2.687302231788635254e-02
-2.204370498657226562e-02,1.179337501525878906e-03,2.672094106674194336e-02
-2.190375328063964844e-02,1.157522201538085938e-03,2.665367722511291504e-02
-2.158832550048828125e-02,1.135706901550292969e-03,2.666765451431274414e-02
-2.144169807434082031e-02,1.159548759460449219e-03,2.674728631973266602e-02
-2.136182785034179688e-02,1.336693763732910156e-03,2.691334486007690430e-02
-2.131485939025878906e-02,1.573443412780761719e-03,2.713474631309509277e-02
-2.129697799682617188e-02,1.857161521911621094e-03,2.738636732101440430e-02
-2.130079269409179688e-02,2.167820930480957031e-03,2.766177058219909668e-02
-2.140665054321289062e-02,2.482533454895019531e-03,2.789813280105590820e-02
-2.155470848083496094e-02,2.717971801757812500e-03,2.807551622390747070e-02
-2.167797088623046875e-02,2.869963645935058594e-03,2.822133898735046387e-02
-2.171611785888671875e-02,3.017663955688476562e-03,2.835878729820251465e-02
-2.173733711242675781e-02,3.137111663818359375e-03,2.848637104034423828e-02
-2.169275283813476562e-02,3.197789192199707031e-03,2.857339382171630859e-02
-2.170228958129882812e-02,3.184437751770019531e-03,2.865681052207946777e-02
-2.160882949829101562e-02,3.159880638122558594e-03,2.872860431671142578e-02
-2.140617370605468750e-02,3.110408782958984375e-03,2.864944934844970703e-02
-2.124762535095214844e-02,3.061890602111816406e-03,2.858561277389526367e-02
-2.113366127014160156e-02,3.028750419616699219e-03,2.846884727478027344e-02
-2.100753784179687500e-02,2.966761589050292969e-03,2.832195162773132324e-02
-2.078938484191894531e-02,2.845406532287597656e-03,2.827349305152893066e-02
-2.067255973815917969e-02,2.754569053649902344e-03,2.822515368461608887e-02
-2.058053016662597656e-02,2.747058868408203125e-03,2.825134992599487305e-02
-2.050566673278808594e-02,2.632737159729003906e-03,2.824765443801879883e-02
-2.021980285644531250e-02,2.524852752685546875e-03,2.822828292846679688e-02
-2.003216743469238281e-02,2.379894256591796875e-03,2.824318408966064453e-02
-1.995420455932617188e-02,2.338767051696777344e-03,2.831614017486572266e-02
-2.003812789916992188e-02,2.333760261535644531e-03,2.846142649650573730e-02
-2.017688751220703125e-02,2.374291419982910156e-03,2.853545546531677246e-02
-2.031588554382324219e-02,2.536296844482421875e-03,2.869445085525512695e-02
-2.056145668029785156e-02,2.892017364501953125e-03,2.886095643043518066e-02
-2.079582214355468750e-02,3.251075744628906250e-03,2.892690896987915039e-02
-2.102088928222656250e-02,3.572463989257812500e-03,2.906388044357299805e-02
-2.111697196960449219e-02,3.849864006042480469e-03,2.925509214401245117e-02
-2.118992805480957031e-02,4.165768623352050781e-03,2.944612503051757812e-02
-2.123975753784179688e-02,4.367589950561523438e-03,2.950936555862426758e-02
-2.110838890075683594e-02,4.426479339599609375e-03,2.951976656913757324e-02
-2.083134651184082031e-02,4.476666450500488281e-03,2.943450212478637695e-02
-2.059245109558105469e-02,4.596590995788574219e-03,2.931120991706848145e-02
-2.032852172851562500e-02,4.685282707214355469e-03,2.910095453262329102e-02
-2.008581161499023438e-02,4.777550697326660156e-03,2.888455986976623535e-02
-1.984381675720214844e-02,4.839897155761718750e-03,2.864703536033630371e-02
-1.957178115844726562e-02,4.985809326171875000e-03,2.848815917968750000e-02
-1.914191246032714844e-02,5.057215690612792969e-03,2.833732962608337402e-02
-1.869583129882812500e-02,5.069732666015625000e-03,2.816537022590637207e-02
-1.823925971984863281e-02,4.963517189025878906e-03,2.792832255363464355e-02
-1.772499084472656250e-02,4.875898361206054688e-03,2.771112322807312012e-02
-1.730895042419433594e-02,4.858016967773437500e-03,2.754992246627807617e-02
-1.709246635437011719e-02,4.848480224609375000e-03,2.736258506774902344e-02
-1.689410209655761719e-02,4.860639572143554688e-03,2.714818716049194336e-02
-1.685762405395507812e-02,4.949808120727539062e-03,2.694359421730041504e-02
-1.677632331848144531e-02,5.026340484619140625e-03,2.688512206077575684e-02
-1.676201820373535156e-02,5.101323127746582031e-03,2.682027220726013184e-02
-1.672911643981933594e-02,5.236625671386718750e-03,2.675816416740417480e-02
-1.673126220703125000e-02,5.435705184936523438e-03,2.673375606536865234e-02
-1.673293113708496094e-02,5.638003349304199219e-03,2.674823999404907227e-02
-1.671719551086425781e-02,5.795001983642578125e-03,2.669075131416320801e-02
-1.666975021362304688e-02,5.953669548034667969e-03,2.673479914665222168e-02
-1.668405532836914062e-02,6.122589111328125000e-03,2.673318982124328613e-02
-1.666975021362304688e-02,6.298661231994628906e-03,2.677816152572631836e-02
-1.670455932617187500e-02,6.418108940124511719e-03,2.647230029106140137e-02
-1.658177375793457031e-02,6.454467773437500000e-03,2.629950642585754395e-02
-1.630711555480957031e-02,6.475210189819335938e-03,2.623656392097473145e-02
-1.608538627624511719e-02,6.512880325317382812e-03,2.625191211700439453e-02
-1.583099365234375000e-02,6.510376930236816406e-03,2.622395753860473633e-02
-1.562356948852539062e-02,6.493926048278808594e-03,2.620297670364379883e-02
-1.543188095092773438e-02,6.473660469055175781e-03,2.611619234085083008e-02
-1.532649993896484375e-02,6.529927253723144531e-03,2.610209584236145020e-02
-1.527810096740722656e-02,6.523370742797851562e-03,2.592816948890686035e-02
-1.541948318481445312e-02,6.524324417114257812e-03,2.571147680282592773e-02
-1.563143730163574219e-02,6.566047668457031250e-03,2.558624744415283203e-02
-1.585960388183593750e-02,6.667017936706542969e-03,2.545234560966491699e-02
-1.606130599975585938e-02,7.000088691711425781e-03,2.554839849472045898e-02
-1.633167266845703125e-02,7.364630699157714844e-03,2.563780546188354492e-02
-1.658272743225097656e-02,7.745623588562011719e-03,2.562823891639709473e-02
-1.671814918518066406e-02,8.103132247924804688e-03,2.567160129547119141e-02
-1.671433448791503906e-02,8.414030075073242188e-03,2.572572231292724609e-02
-1.658511161804199219e-02,8.571267127990722656e-03,2.573382854461669922e-02
-1.626276969909667969e-02,8.660197257995605469e-03,2.575582265853881836e-02
-1.586270332336425781e-02,8.677363395690917969e-03,2.576163411140441895e-02
-1.544570922851562500e-02,8.681774139404296875e-03,2.575710415840148926e-02
-1.499509811401367188e-02,8.668780326843261719e-03,2.577632665634155273e-02
-1.450777053833007812e-02,8.615136146545410156e-03,2.579361200332641602e-02
-1.404452323913574219e-02,8.489131927490234375e-03,2.577620744705200195e-02
-1.367282867431640625e-02,8.426666259765625000e-03,2.579686045646667480e-02
-1.343798637390136719e-02,8.484363555908203125e-03,2.583032846450805664e-02
-1.323747634887695312e-02,8.587956428527832031e-03,2.587237954139709473e-02
-1.312851905822753906e-02,8.636116981506347656e-03,2.593481540679931641e-02
-1.300525665283203125e-02,8.743166923522949219e-03,2.610057592391967773e-02
-1.281785964965820312e-02,8.859992027282714844e-03,2.631288766860961914e-02
-1.257133483886718750e-02,8.925795555114746094e-03,2.654117345809936523e-02
-1.237726211547851562e-02,9.081125259399414062e-03,2.686640620231628418e-02
-1.212024688720703125e-02,9.375929832458496094e-03,2.715578675270080566e-02
-1.193261146545410156e-02,9.648084640502929688e-03,2.745929360389709473e-02
-1.170206069946289062e-02,9.910702705383300781e-03,2.767989039421081543e-02
-1.137232780456542969e-02,1.008558273315429688e-02,2.791318297386169434e-02
-1.095581054687500000e-02,1.022899150848388672e-02,2.818769216537475586e-02
-1.056885719299316406e-02,1.034414768218994141e-02,2.837643027305603027e-02
-1.026272773742675781e-02,1.049506664276123047e-02,2.855360507965087891e-02
-9.890794754028320312e-03,1.064395904541015625e-02,2.880248427391052246e-02
-9.619712829589843750e-03,1.078057289123535156e-02,2.908757328987121582e-02
-9.404897689819335938e-03,1.098787784576416016e-02,2.937853336334228516e-02
-9.234428405761718750e-03,1.112174987792968750e-02,2.957686781883239746e-02
-9.124279022216796875e-03,1.121306419372558594e-02,2.975898981094360352e-02
-9.065389633178710938e-03,1.128244400024414062e-02,2.987918257713317871e-02
-9.045362472534179688e-03,1.139247417449951172e-02,3.009089827537536621e-02
-9.030103683471679688e-03,1.156222820281982422e-02,3.028380870819091797e-02
-8.926868438720703125e-03,1.172590255737304688e-02,3.040981292724609375e-02
-8.927583694458007812e-03,1.198887825012207031e-02,3.045725822448730469e-02
-8.979082107543945312e-03,1.228606700897216797e-02,3.056177496910095215e-02
-8.967876434326171875e-03,1.263535022735595703e-02,3.069615364074707031e-02
-8.953809738159179688e-03,1.298964023590087891e-02,3.082883358001708984e-02
-8.910417556762695312e-03,1.329231262207031250e-02,3.106084465980529785e-02
-8.839607238769531250e-03,1.351356506347656250e-02,3.119027614593505859e-02
-8.742809295654296875e-03,1.362216472625732422e-02,3.123182058334350586e-02
-8.625984191894531250e-03,1.359069347381591797e-02,3.124782443046569824e-02
-8.543491363525390625e-03,1.349961757659912109e-02,3.117793798446655273e-02
-8.400440216064453125e-03,1.333260536193847656e-02,3.111791610717773438e-02
-8.227348327636718750e-03,1.318478584289550781e-02,3.104501962661743164e-02
-8.168458938598632812e-03,1.309013366699218750e-02,3.092449903488159180e-02
-8.202552795410156250e-03,1.301121711730957031e-02,3.081640601158142090e-02
-8.411884307861328125e-03,1.286506652832031250e-02,3.068920969963073730e-02
-8.731603622436523438e-03,1.279389858245849609e-02,3.057396411895751953e-02
-9.092807769775390625e-03,1.267671585083007812e-02,3.042185306549072266e-02
-9.452581405639648438e-03,1.255214214324951172e-02,3.015983104705810547e-02
-9.833812713623046875e-03,1.247537136077880859e-02,2.991628646850585938e-02
-1.017975807189941406e-02,1.244497299194335938e-02,2.968630194664001465e-02
-1.047754287719726562e-02,1.238608360290527344e-02,2.944105863571166992e-02
-1.069760322570800781e-02,1.228427886962890625e-02,2.926427125930786133e-02
-1.094341278076171875e-02,1.227664947509765625e-02,2.916038036346435547e-02
-1.102423667907714844e-02,1.223111152648925781e-02,2.933955192565917969e-02
-1.098966598510742188e-02,1.217174530029296875e-02,2.956238389015197754e-02
-1.086831092834472656e-02,1.208102703094482422e-02,2.978792786598205566e-02
-1.075673103332519531e-02,1.195180416107177734e-02,3.001305460929870605e-02
-1.060938835144042969e-02,1.179277896881103516e-02,3.017500042915344238e-02
-1.043939590454101562e-02,1.162695884704589844e-02,3.032830357551574707e-02
-1.034617424011230469e-02,1.149177551269531250e-02,3.047376871109008789e-02
-1.023983955383300781e-02,1.135754585266113281e-02,3.057855367660522461e-02
-1.014876365661621094e-02,1.133882999420166016e-02,3.072178363800048828e-02
-1.012134552001953125e-02,1.140594482421875000e-02,3.082472085952758789e-02
-1.018881797790527344e-02,1.151669025421142578e-02,3.096637129783630371e-02
-1.022458076477050781e-02,1.148903369903564453e-02,3.111565113067626953e-02
-1.025915145874023438e-02,1.144647598266601562e-02,3.117835521697998047e-02
-1.024127006530761719e-02,1.140022277832031250e-02,3.118753433227539062e-02
-1.018095016479492188e-02,1.130843162536621094e-02,3.112697601318359375e-02
-1.011443138122558594e-02,1.116991043090820312e-02,3.102248907089233398e-02
-9.971857070922851562e-03,1.102209091186523438e-02,3.092309832572937012e-02
-9.827852249145507812e-03,1.087701320648193359e-02,3.080973029136657715e-02
-9.619712829589843750e-03,1.070725917816162109e-02,3.063642978668212891e-02
-9.384870529174804688e-03,1.054024696350097656e-02,3.051075339317321777e-02
-9.122610092163085938e-03,1.030039787292480469e-02,3.035530447959899902e-02
-8.811473846435546875e-03,1.000285148620605469e-02,3.019067645072937012e-02
-8.615016937255859375e-03,9.716391563415527344e-03,3.004008531570434570e-02
-8.441925048828125000e-03,9.464383125305175781e-03,2.990049123764038086e-02
-8.362293243408203125e-03,9.344458580017089844e-03,2.985313534736633301e-02
-8.311510086059570312e-03,9.256362915039062500e-03,2.990466356277465820e-02
-8.325099945068359375e-03,9.152770042419433594e-03,2.987906336784362793e-02
-8.453130722045898438e-03,9.126543998718261719e-03,2.990555763244628906e-02
-8.708477020263671875e-03,9.140372276306152344e-03,2.989703416824340820e-02
-8.952140808105468750e-03,9.129643440246582031e-03,2.992701530456542969e-02
-9.415149688720703125e-03,9.084939956665039062e-03,2.993950247764587402e-02
-9.773969650268554688e-03,9.152531623840332031e-03,3.006711602210998535e-02
-1.006293296813964844e-02,9.135961532592773438e-03,3.022137284278869629e-02
-1.031088829040527344e-02,9.194970130920410156e-03,3.043514490127563477e-02
-1.052308082580566406e-02,9.289026260375976562e-03,3.059914708137512207e-02
-1.064538955688476562e-02,9.359121322631835938e-03,3.075209259986877441e-02
-1.067280769348144531e-02,9.406805038452148438e-03,3.098258376121520996e-02
-1.062107086181640625e-02,9.467005729675292969e-03,3.120073676109313965e-02
-1.047635078430175781e-02,9.470820426940917969e-03,3.148931264877319336e-02
-1.020431518554687500e-02,9.454131126403808594e-03,3.172111511230468750e-02
-9.707212448120117188e-03,9.236216545104980469e-03,3.188323974609375000e-02
-9.262561798095703125e-03,9.072184562683105469e-03,3.198584914207458496e-02
-8.864641189575195312e-03,8.932828903198242188e-03,3.214645385742187500e-02
-8.524894714355468750e-03,8.775711059570312500e-03,3.219798207283020020e-02
-8.249044418334960938e-03,8.637547492980957031e-03,3.228622674942016602e-02
-8.129358291625976562e-03,8.517622947692871094e-03,3.227913379669189453e-02
-8.074760437011718750e-03,8.457779884338378906e-03,3.230404853820800781e-02
-8.102416992187500000e-03,8.392333984375000000e-03,3.233107924461364746e-02
-8.216142654418945312e-03,8.332967758178710938e-03,3.241950273513793945e-02
-8.444547653198242188e-03,8.296132087707519531e-03,3.245094418525695801e-02
-8.619308471679687500e-03,8.283495903015136719e-03,3.259119391441345215e-02
-8.219718933105468750e-03,7.816433906555175781e-03,3.288260102272033691e-02
-7.928848266601562500e-03,7.457017898559570312e-03,3.317829966545104980e-02
-7.683038711547851562e-03,7.152795791625976562e-03,3.350517153739929199e-02
-7.500171661376953125e-03,6.794095039367675781e-03,3.372788429260253906e-02
-7.374286651611328125e-03,6.454467773437500000e-03,3.393870592117309570e-02
-7.395029067993164062e-03,6.142377853393554688e-03,3.411459922790527344e-02
-7.477998733520507812e-03,5.831599235534667969e-03,3.420963883399963379e-02
-7.607936859130859375e-03,5.531311035156250000e-03,3.414681553840637207e-02
-7.761240005493164062e-03,5.236625671386718750e-03,3.397873044013977051e-02
-7.955312728881835938e-03,4.937887191772460938e-03,3.371235728263854980e-02
-8.188724517822265625e-03,4.607081413269042969e-03,3.332442045211791992e-02
-8.433103561401367188e-03,4.242539405822753906e-03,3.291276097297668457e-02
-8.666992187500000000e-03,3.916263580322265625e-03,3.243452310562133789e-02
-8.924007415771484375e-03,3.573060035705566406e-03,3.189405798912048340e-02
-9.220838546752929688e-03,3.251791000366210938e-03,3.136524558067321777e-02
-9.491205215454101562e-03,2.906322479248046875e-03,3.089416027069091797e-02
-9.802341461181640625e-03,2.572774887084960938e-03,3.047510981559753418e-02
-1.023221015930175781e-02,2.241849899291992188e-03,3.009721636772155762e-02
-1.066803932189941406e-02,1.935362815856933594e-03,2.978768944740295410e-02
-1.113128662109375000e-02,1.706838607788085938e-03,2.957591414451599121e-02
-1.160645484924316406e-02,1.640439033508300781e-03,2.950966358184814453e-02
-1.207041740417480469e-02,1.647114753723144531e-03,2.949830889701843262e-02
-1.253962516784667969e-02,1.708745956420898438e-03,2.957940101623535156e-02
-1.298141479492187500e-02,1.792430877685546875e-03,2.965089678764343262e-02
-1.340818405151367188e-02,1.886129379272460938e-03,2.970418334007263184e-02
-1.376700401306152344e-02,1.946687698364257812e-03,2.974593639373779297e-02
-1.409840583801269531e-02,2.025604248046875000e-03,2.976393699645996094e-02
-1.438617706298828125e-02,2.107024192810058594e-03,2.982002496719360352e-02
-1.466345787048339844e-02,2.140879631042480469e-03,2.980631589889526367e-02
-1.492118835449218750e-02,2.155900001525878906e-03,2.982607483863830566e-02
-1.511645317077636719e-02,2.091765403747558594e-03,2.975991368293762207e-02
-1.538205146789550781e-02,2.051472663879394531e-03,2.974885702133178711e-02
-1.555323600769042969e-02,1.914024353027343750e-03,2.973538637161254883e-02
-1.571774482727050781e-02,1.797318458557128906e-03,2.979096770286560059e-02
-1.587319374084472656e-02,1.597881317138671875e-03,2.981913089752197266e-02
-1.600337028503417969e-02,1.412868499755859375e-03,2.995532751083374023e-02
-1.608657836914062500e-02,1.200437545776367188e-03,3.003597259521484375e-02
-1.615357398986816406e-02,1.014947891235351562e-03,3.005757927894592285e-02
-1.619195938110351562e-02,8.447170257568359375e-04,3.006303310394287109e-02
-1.620888710021972656e-02,6.959438323974609375e-04,3.006982803344726562e-02
-1.615333557128906250e-02,6.167888641357421875e-04,3.013646602630615234e-02
-1.617932319641113281e-02,6.582736968994140625e-04,3.015255928039550781e-02
-1.620864868164062500e-02,7.081031799316406250e-04,3.014859557151794434e-02
-1.616835594177246094e-02,8.175373077392578125e-04,3.023725748062133789e-02
-1.607799530029296875e-02,9.814500808715820312e-04,3.036656975746154785e-02
-1.599001884460449219e-02,1.227140426635742188e-03,3.058454394340515137e-02
-1.588869094848632812e-02,1.544713973999023438e-03,3.088060021400451660e-02
-1.575160026550292969e-02,1.800894737243652344e-03,3.120779991149902344e-02
-1.561284065246582031e-02,2.068996429443359375e-03,3.157237172126770020e-02
-1.551771163940429688e-02,2.360105514526367188e-03,3.198307752609252930e-02
-1.546096801757812500e-02,2.646327018737792969e-03,3.232958912849426270e-02
-1.545453071594238281e-02,2.975702285766601562e-03,3.269833326339721680e-02
-1.542544364929199219e-02,3.323197364807128906e-03,3.301110863685607910e-02
-1.539015769958496094e-02,3.676652908325195312e-03,3.336605429649353027e-02
-1.534008979797363281e-02,4.033923149108886719e-03,3.371945023536682129e-02
-1.535582542419433594e-02,4.291415214538574219e-03,3.395557403564453125e-02
-1.529622077941894531e-02,4.548668861389160156e-03,3.416222333908081055e-02
-1.529097557067871094e-02,4.724979400634765625e-03,3.425312042236328125e-02
-1.521062850952148438e-02,4.867911338806152344e-03,3.422477841377258301e-02
-1.499915122985839844e-02,4.914283752441406250e-03,3.420630097389221191e-02
-1.479029655456542969e-02,4.982590675354003906e-03,3.418627381324768066e-02
-1.463580131530761719e-02,5.095958709716796875e-03,3.423792123794555664e-02
-1.446366310119628906e-02,5.109906196594238281e-03,3.423479199409484863e-02
-1.432585716247558594e-02,5.130648612976074219e-03,3.418549895286560059e-02
-1.425480842590332031e-02,5.077004432678222656e-03,3.405520319938659668e-02
-1.416420936584472656e-02,4.986047744750976562e-03,3.394058346748352051e-02
-1.406931877136230469e-02,4.878759384155273438e-03,3.375634551048278809e-02
-1.397538185119628906e-02,4.798650741577148438e-03,3.359773755073547363e-02
-1.388549804687500000e-02,4.719614982604980469e-03,3.347435593605041504e-02
-1.378512382507324219e-02,4.654407501220703125e-03,3.337711095809936523e-02
-1.367449760437011719e-02,4.587054252624511719e-03,3.332629799842834473e-02
-1.360845565795898438e-02,4.590749740600585938e-03,3.334367275238037109e-02
-1.349973678588867188e-02,4.633545875549316406e-03,3.343322873115539551e-02
-1.339745521545410156e-02,4.708647727966308594e-03,3.351011872291564941e-02
-1.326060295104980469e-02,4.813194274902343750e-03,3.362450003623962402e-02
-1.309466361999511719e-02,4.889488220214843750e-03,3.369539976119995117e-02
-1.285123825073242188e-02,5.007505416870117188e-03,3.365451097488403320e-02
-1.263165473937988281e-02,5.094408988952636719e-03,3.357633948326110840e-02
-1.249456405639648438e-02,5.176901817321777344e-03,3.352588415145874023e-02
-1.237893104553222656e-02,5.245208740234375000e-03,3.355288505554199219e-02
-1.227951049804687500e-02,5.307674407958984375e-03,3.362274169921875000e-02
-1.219820976257324219e-02,5.310893058776855469e-03,3.366377949714660645e-02
-1.216936111450195312e-02,5.334496498107910156e-03,3.371256589889526367e-02
-1.217603683471679688e-02,5.358457565307617188e-03,3.381007909774780273e-02
-1.222443580627441406e-02,5.417466163635253906e-03,3.392130136489868164e-02
-1.222300529479980469e-02,5.479454994201660156e-03,3.404185175895690918e-02
-1.224970817565917969e-02,5.513310432434082031e-03,3.408446907997131348e-02
-1.226782798767089844e-02,5.498647689819335938e-03,3.407463431358337402e-02
-1.224207878112792969e-02,5.444049835205078125e-03,3.412467241287231445e-02
-1.214885711669921875e-02,5.348086357116699219e-03,3.407528996467590332e-02
-1.204705238342285156e-02,5.274415016174316406e-03,3.398600220680236816e-02
-1.198530197143554688e-02,5.185842514038085938e-03,3.390699625015258789e-02
-1.194334030151367188e-02,5.186796188354492188e-03,3.390336036682128906e-02
-1.187515258789062500e-02,5.123615264892578125e-03,3.389146924018859863e-02
-1.176142692565917969e-02,5.038976669311523438e-03,3.388592600822448730e-02
-1.163744926452636719e-02,4.918336868286132812e-03,3.389045596122741699e-02
-1.147389411926269531e-02,4.772901535034179688e-03,3.389120101928710938e-02
-1.132154464721679688e-02,4.660367965698242188e-03,3.387579321861267090e-02
-1.118111610412597656e-02,4.539370536804199219e-03,3.377857804298400879e-02
-1.104664802551269531e-02,4.436135292053222656e-03,3.367489576339721680e-02
-1.087069511413574219e-02,4.302263259887695312e-03,3.363740444183349609e-02
-1.072168350219726562e-02,4.169702529907226562e-03,3.357166051864624023e-02
-1.056241989135742188e-02,3.999352455139160156e-03,3.353321552276611328e-02
-1.041173934936523438e-02,3.866314888000488281e-03,3.349393606185913086e-02
-1.036477088928222656e-02,3.781199455261230469e-03,3.348910808563232422e-02
-1.027679443359375000e-02,3.704786300659179688e-03,3.349843621253967285e-02
-1.025223731994628906e-02,3.640770912170410156e-03,3.346034884452819824e-02
-1.029229164123535156e-02,3.567218780517578125e-03,3.331306576728820801e-02
-1.035857200622558594e-02,3.469944000244140625e-03,3.311601281166076660e-02
-1.046943664550781250e-02,3.297924995422363281e-03,3.287875652313232422e-02
-1.052927970886230469e-02,3.109931945800781250e-03,3.266662359237670898e-02
-1.060581207275390625e-02,2.887845039367675781e-03,3.242865204811096191e-02
-1.062321662902832031e-02,2.694249153137207031e-03,3.216910362243652344e-02
-1.066756248474121094e-02,2.464413642883300781e-03,3.184908628463745117e-02
-1.072907447814941406e-02,2.276897430419921875e-03,3.153744339942932129e-02
-1.078271865844726562e-02,2.136230468750000000e-03,3.121000528335571289e-02
-1.082801818847656250e-02,1.954436302185058594e-03,3.084853291511535645e-02
-1.085448265075683594e-02,1.837134361267089844e-03,3.055089712142944336e-02
-1.085758209228515625e-02,1.708269119262695312e-03,3.032597899436950684e-02
-1.084852218627929688e-02,1.595854759216308594e-03,3.010514378547668457e-02
-1.084160804748535156e-02,1.499772071838378906e-03,2.996352314949035645e-02
-1.086568832397460938e-02,1.453638076782226562e-03,2.978405356407165527e-02
-1.082968711853027344e-02,1.443624496459960938e-03,2.968630194664001465e-02
-1.075625419616699219e-02,1.434326171875000000e-03,2.963933348655700684e-02
-1.063489913940429688e-02,1.451730728149414062e-03,2.962914109230041504e-02
-1.054167747497558594e-02,1.463890075683593750e-03,2.963790297508239746e-02
-1.053309440612792969e-02,1.456379890441894531e-03,2.960172295570373535e-02
-1.048946380615234375e-02,1.486301422119140625e-03,2.952918410301208496e-02
-1.054596900939941406e-02,1.564264297485351562e-03,2.948939800262451172e-02
-1.054191589355468750e-02,1.694798469543457031e-03,2.952793240547180176e-02
-1.055407524108886719e-02,1.857042312622070312e-03,2.954280376434326172e-02
-1.060080528259277344e-02,1.978039741516113281e-03,2.952921390533447266e-02
-1.065158843994140625e-02,2.074241638183593750e-03,2.942851185798645020e-02
-1.056385040283203125e-02,2.166509628295898438e-03,2.926179766654968262e-02
-1.046681404113769531e-02,2.272248268127441406e-03,2.914270758628845215e-02
-1.038193702697753906e-02,2.318859100341796875e-03,2.908700704574584961e-02
-1.035284996032714844e-02,2.363801002502441406e-03,2.898004651069641113e-02
-1.031994819641113281e-02,2.389311790466308594e-03,2.883127331733703613e-02
-1.028966903686523438e-02,2.434492111206054688e-03,2.865770459175109863e-02
-1.035308837890625000e-02,2.536654472351074219e-03,2.851989865303039551e-02
-1.035499572753906250e-02,2.602577209472656250e-03,2.840986847877502441e-02
-1.042771339416503906e-02,2.737045288085937500e-03,2.830523252487182617e-02
-1.046085357666015625e-02,2.864241600036621094e-03,2.821949124336242676e-02
-1.047897338867187500e-02,3.024339675903320312e-03,2.819672226905822754e-02
-1.050066947937011719e-02,3.224730491638183594e-03,2.821183204650878906e-02
-1.051855087280273438e-02,3.473758697509765625e-03,2.829581499099731445e-02
-1.056861877441406250e-02,3.766655921936035156e-03,2.837032079696655273e-02
-1.064300537109375000e-02,4.036545753479003906e-03,2.848100662231445312e-02
-1.066350936889648438e-02,4.252076148986816406e-03,2.856600284576416016e-02
-1.065111160278320312e-02,4.455804824829101562e-03,2.873018383979797363e-02
-1.062250137329101562e-02,4.586577415466308594e-03,2.886554598808288574e-02
-1.054334640502929688e-02,4.676222801208496094e-03,2.890959382057189941e-02
-1.045227050781250000e-02,4.706144332885742188e-03,2.888080477714538574e-02
-1.034832000732421875e-02,4.730701446533203125e-03,2.885818481445312500e-02
-1.027083396911621094e-02,4.752874374389648438e-03,2.880078554153442383e-02
-1.013183593750000000e-02,4.712462425231933594e-03,2.876344323158264160e-02
-9.995937347412109375e-03,4.668235778808593750e-03,2.866664528846740723e-02
-9.853363037109375000e-03,4.589438438415527344e-03,2.853539586067199707e-02
-9.775638580322265625e-03,4.501104354858398438e-03,2.839040756225585938e-02
-9.764671325683593750e-03,4.415392875671386719e-03,2.822509407997131348e-02
-9.830951690673828125e-03,4.390597343444824219e-03,2.805462479591369629e-02
-9.946346282958984375e-03,4.407167434692382812e-03,2.781760692596435547e-02
-1.009511947631835938e-02,4.421591758728027344e-03,2.766209840774536133e-02
-1.030230522155761719e-02,4.509449005126953125e-03,2.750748395919799805e-02
-1.052927970886230469e-02,4.578709602355957031e-03,2.749070525169372559e-02
-1.077818870544433594e-02,4.742622375488281250e-03,2.775484323501586914e-02
-1.101899147033691406e-02,4.888176918029785156e-03,2.808210253715515137e-02
-1.125264167785644531e-02,5.031704902648925781e-03,2.836921811103820801e-02
-1.142024993896484375e-02,5.061864852905273438e-03,2.850931882858276367e-02
-1.155257225036621094e-02,5.111813545227050781e-03,2.858492732048034668e-02
-1.159405708312988281e-02,5.140662193298339844e-03,2.862983942031860352e-02
-1.153922080993652344e-02,5.124449729919433594e-03,2.867120504379272461e-02
-1.144123077392578125e-02,5.079388618469238281e-03,2.866840362548828125e-02
-1.133036613464355469e-02,5.049347877502441406e-03,2.862691879272460938e-02
-1.123714447021484375e-02,5.015492439270019531e-03,2.856877446174621582e-02
-1.122951507568359375e-02,4.980683326721191406e-03,2.845680713653564453e-02
-1.120185852050781250e-02,4.941225051879882812e-03,2.832019329071044922e-02
-1.116323471069335938e-02,4.863381385803222656e-03,2.821186184883117676e-02
-1.110935211181640625e-02,4.787325859069824219e-03,2.813732624053955078e-02
-1.102972030639648438e-02,4.780530929565429688e-03,2.808418869972229004e-02
-1.090645790100097656e-02,4.792690277099609375e-03,2.812758088111877441e-02
-1.077580451965332031e-02,4.793882369995117188e-03,2.814304828643798828e-02
-1.062965393066406250e-02,4.824519157409667969e-03,2.818849682807922363e-02
-1.053857803344726562e-02,4.890322685241699219e-03,2.818286418914794922e-02
-1.046180725097656250e-02,4.985690116882324219e-03,2.823081612586975098e-02
-1.042127609252929688e-02,5.064606666564941406e-03,2.826789021492004395e-02
-1.046752929687500000e-02,5.138039588928222656e-03,2.829214930534362793e-02
-1.056671142578125000e-02,5.212426185607910156e-03,2.831020951271057129e-02
-1.068425178527832031e-02,5.268692970275878906e-03,2.824819087982177734e-02
-1.081538200378417969e-02,5.362749099731445312e-03,2.816763520240783691e-02
-1.096010208129882812e-02,5.333185195922851562e-03,2.815207839012145996e-02
-1.111745834350585938e-02,5.411386489868164062e-03,2.803069353103637695e-02
-1.126027107238769531e-02,5.454063415527343750e-03,2.795851230621337891e-02
-1.136374473571777344e-02,5.448698997497558594e-03,2.787256240844726562e-02
-1.149940490722656250e-02,5.252718925476074219e-03,2.766424417495727539e-02
-1.167845726013183594e-02,5.055189132690429688e-03,2.741771936416625977e-02
-1.185607910156250000e-02,4.891633987426757812e-03,2.714672684669494629e-02
-1.196837425231933594e-02,4.743456840515136719e-03,2.688163518905639648e-02
-1.210260391235351562e-02,4.663944244384765625e-03,2.667662501335144043e-02
-1.213479042053222656e-02,4.527091979980468750e-03,2.649068832397460938e-02
-1.216673851013183594e-02,4.414796829223632812e-03,2.633723616600036621e-02
-1.213574409484863281e-02,4.344224929809570312e-03,2.615571022033691406e-02
-1.208496093750000000e-02,4.243254661560058594e-03,2.607202529907226562e-02
-1.203680038452148438e-02,4.147171974182128906e-03,2.605512738227844238e-02
-1.196122169494628906e-02,4.060149192810058594e-03,2.604249119758605957e-02
-1.195096969604492188e-02,4.009842872619628906e-03,2.602115273475646973e-02
-1.196837425231933594e-02,3.949999809265136719e-03,2.599069476127624512e-02
-1.197552680969238281e-02,3.888726234436035156e-03,2.599379420280456543e-02
-1.198959350585937500e-02,3.855228424072265625e-03,2.600628137588500977e-02
-1.202440261840820312e-02,3.834128379821777344e-03,2.600932121276855469e-02
-1.203870773315429688e-02,3.830075263977050781e-03,2.597734332084655762e-02
-1.208996772766113281e-02,3.835320472717285156e-03,2.589926123619079590e-02
-1.213097572326660156e-02,3.910064697265625000e-03,2.588585019111633301e-02
-1.211977005004882812e-02,4.014611244201660156e-03,2.593669295310974121e-02
-1.218008995056152344e-02,4.177808761596679688e-03,2.596792578697204590e-02
-1.221656799316406250e-02,4.409909248352050781e-03,2.607214450836181641e-02
-1.227188110351562500e-02,4.603385925292968750e-03,2.614578604698181152e-02
-1.229405403137207031e-02,4.754662513732910156e-03,2.615043520927429199e-02
-1.228141784667968750e-02,4.859447479248046875e-03,2.615514397621154785e-02
-1.226687431335449219e-02,4.973053932189941406e-03,2.615305781364440918e-02
-1.227593421936035156e-02,5.118727684020996094e-03,2.613106369972229004e-02
-1.225399971008300781e-02,5.364298820495605469e-03,2.622151374816894531e-02
-1.218914985656738281e-02,5.508303642272949219e-03,2.631515264511108398e-02
-1.213455200195312500e-02,5.618691444396972656e-03,2.637752890586853027e-02
-1.208162307739257812e-02,5.683422088623046875e-03,2.646490931510925293e-02
-1.200771331787109375e-02,5.679845809936523438e-03,2.646747231483459473e-02
-1.197886466979980469e-02,5.688428878784179688e-03,2.649033069610595703e-02
-1.196885108947753906e-02,5.686759948730468750e-03,2.649265527725219727e-02
-1.190400123596191406e-02,5.699634552001953125e-03,2.651882171630859375e-02
-1.186823844909667969e-02,5.735993385314941406e-03,2.654665708541870117e-02
-1.182651519775390625e-02,5.834221839904785156e-03,2.665346860885620117e-02
-1.180338859558105469e-02,5.902290344238281250e-03,2.675676345825195312e-02
-1.175999641418457031e-02,5.976200103759765625e-03,2.680745720863342285e-02
-1.166653633117675781e-02,6.037712097167968750e-03,2.690446376800537109e-02
-1.159524917602539062e-02,6.117582321166992188e-03,2.700248360633850098e-02
-1.155257225036621094e-02,6.186008453369140625e-03,2.709320187568664551e-02
-1.146984100341796875e-02,6.224751472473144531e-03,2.715176343917846680e-02
-1.143097877502441406e-02,6.200671195983886719e-03,2.716606855392456055e-02
-1.138520240783691406e-02,6.132602691650390625e-03,2.710288763046264648e-02
-1.131987571716308594e-02,6.013989448547363281e-03,2.700427174568176270e-02
-1.126146316528320312e-02,5.917310714721679688e-03,2.692550420761108398e-02
-1.122546195983886719e-02,5.818247795104980469e-03,2.679142355918884277e-02
-1.118588447570800781e-02,5.673885345458984375e-03,2.662003040313720703e-02
-1.114726066589355469e-02,5.536794662475585938e-03,2.641284465789794922e-02
-1.110625267028808594e-02,5.412697792053222656e-03,2.624502778053283691e-02
-1.099848747253417969e-02,5.246996879577636719e-03,2.601972222328186035e-02
-1.088333129882812500e-02,5.156874656677246094e-03,2.579328417778015137e-02
-1.077175140380859375e-02,4.803180694580078125e-03,2.542883157730102539e-02
-1.064515113830566406e-02,4.541873931884765625e-03,2.514538168907165527e-02
-1.056265830993652344e-02,4.379510879516601562e-03,2.498131990432739258e-02
-1.053929328918457031e-02,4.283905029296875000e-03,2.487212419509887695e-02
-1.049447059631347656e-02,4.256725311279296875e-03,2.485853433609008789e-02
-1.046967506408691406e-02,4.279017448425292969e-03,2.487298846244812012e-02
-1.046085357666015625e-02,4.327178001403808594e-03,2.489134669303894043e-02
-1.046252250671386719e-02,4.451513290405273438e-03,2.494138479232788086e-02
-1.039338111877441406e-02,4.537820816040039062e-03,2.510815858840942383e-02
-1.035547256469726562e-02,4.729270935058593750e-03,2.537420392036437988e-02
-1.033234596252441406e-02,4.929423332214355469e-03,2.563410997390747070e-02
-1.019406318664550781e-02,5.138874053955078125e-03,2.588117122650146484e-02
-1.014161109924316406e-02,5.355119705200195312e-03,2.610102295875549316e-02
-1.014065742492675781e-02,5.567669868469238281e-03,2.632281184196472168e-02
-1.017713546752929688e-02,5.814909934997558594e-03,2.655622363090515137e-02
-1.022481918334960938e-02,6.092309951782226562e-03,2.673292160034179688e-02
-1.028394699096679688e-02,6.345272064208984375e-03,2.683901786804199219e-02
-1.037716865539550781e-02,6.672143936157226562e-03,2.692827582359313965e-02
-1.046514511108398438e-02,6.944417953491210938e-03,2.691063284873962402e-02
-1.046204566955566406e-02,7.148146629333496094e-03,2.689114212989807129e-02
-1.044702529907226562e-02,7.360935211181640625e-03,2.688616514205932617e-02
-1.042175292968750000e-02,7.556557655334472656e-03,2.683115005493164062e-02
-1.036691665649414062e-02,7.717490196228027344e-03,2.677485346794128418e-02
-1.024937629699707031e-02,7.876634597778320312e-03,2.672719955444335938e-02
-1.009058952331542969e-02,7.979154586791992188e-03,2.667480707168579102e-02
-9.872674942016601562e-03,8.117914199829101562e-03,2.665281295776367188e-02
-9.600400924682617188e-03,8.332490921020507812e-03,2.673113346099853516e-02
-9.338617324829101562e-03,8.524060249328613281e-03,2.684158086776733398e-02
-9.058237075805664062e-03,8.690595626831054688e-03,2.687680721282958984e-02
-8.733272552490234375e-03,8.791089057922363281e-03,2.691739797592163086e-02
-8.446931838989257812e-03,8.903622627258300781e-03,2.693489193916320801e-02
-8.153438568115234375e-03,9.074211120605468750e-03,2.695238590240478516e-02
-7.854461669921875000e-03,9.213685989379882812e-03,2.694255113601684570e-02
-7.580757141113281250e-03,9.300351142883300781e-03,2.688533067703247070e-02
-7.301807403564453125e-03,9.358525276184082031e-03,2.681118249893188477e-02
-7.071018218994140625e-03,9.465932846069335938e-03,2.674469351768493652e-02
-6.832361221313476562e-03,9.642720222473144531e-03,2.666789293289184570e-02
-6.666183471679687500e-03,9.841084480285644531e-03,2.661728858947753906e-02
-6.512165069580078125e-03,1.003277301788330078e-02,2.653858065605163574e-02
-6.348848342895507812e-03,1.019883155822753906e-02,2.649727463722229004e-02
-6.221294403076171875e-03,1.039493083953857422e-02,2.632030844688415527e-02
-6.208181381225585938e-03,1.058411598205566406e-02,2.611169219017028809e-02
-6.256103515625000000e-03,1.077401638031005859e-02,2.588665485382080078e-02
-6.286859512329101562e-03,1.097059249877929688e-02,2.570414543151855469e-02
-6.321430206298828125e-03,1.107883453369140625e-02,2.549088001251220703e-02
-6.384134292602539062e-03,1.111781597137451172e-02,2.520963549613952637e-02
-6.436824798583984375e-03,1.110398769378662109e-02,2.486246824264526367e-02
-6.494998931884765625e-03,1.115036010742187500e-02,2.450296282768249512e-02
-6.550073623657226562e-03,1.122593879699707031e-02,2.421766519546508789e-02
-6.618499755859375000e-03,1.128780841827392578e-02,2.396762371063232422e-02
-6.712436676025390625e-03,1.133882999420166016e-02,2.365082502365112305e-02
-6.791353225708007812e-03,1.142442226409912109e-02,2.336868643760681152e-02
-6.814718246459960938e-03,1.150393486022949219e-02,2.313181757926940918e-02
-6.833791732788085938e-03,1.160192489624023438e-02,2.297490835189819336e-02
-6.840229034423828125e-03,1.168644428253173828e-02,2.287578582763671875e-02
-6.808757781982421875e-03,1.182794570922851562e-02,2.286744117736816406e-02
-6.773948669433593750e-03,1.199400424957275391e-02,2.289310097694396973e-02
-6.716012954711914062e-03,1.213824748992919922e-02,2.296763658523559570e-02
-6.698369979858398438e-03,1.230061054229736328e-02,2.303218841552734375e-02
-6.721735000610351562e-03,1.254832744598388672e-02,2.312493324279785156e-02
-6.728649139404296875e-03,1.279306411743164062e-02,2.323010563850402832e-02
-6.711006164550781250e-03,1.307272911071777344e-02,2.338367700576782227e-02
-6.686449050903320312e-03,1.330173015594482422e-02,2.354171872138977051e-02
-6.686925888061523438e-03,1.347839832305908203e-02,2.365267276763916016e-02
-6.711244583129882812e-03,1.365292072296142578e-02,2.374985814094543457e-02
-6.765127182006835938e-03,1.375722885131835938e-02,2.380669116973876953e-02
-6.757497787475585938e-03,1.385486125946044922e-02,2.383437752723693848e-02
-6.757020950317382812e-03,1.397991180419921875e-02,2.383428812026977539e-02
-6.774187088012695312e-03,1.406943798065185547e-02,2.379700541496276855e-02
-6.841659545898437500e-03,1.416504383087158203e-02,2.379965782165527344e-02
-6.905794143676757812e-03,1.425659656524658203e-02,2.375108003616333008e-02
-6.984233856201171875e-03,1.439416408538818359e-02,2.371436357498168945e-02
-7.022142410278320312e-03,1.451325416564941406e-02,2.373024821281433105e-02
-6.966114044189453125e-03,1.464033126831054688e-02,2.373588085174560547e-02
-6.853103637695312500e-03,1.464176177978515625e-02,2.376103401184082031e-02
-6.772518157958984375e-03,1.460695266723632812e-02,2.379578351974487305e-02
-6.724357604980468750e-03,1.455676555633544922e-02,2.374732494354248047e-02
-6.722688674926757812e-03,1.449930667877197266e-02,2.362152934074401855e-02
-6.683588027954101562e-03,1.443219184875488281e-02,2.346271276473999023e-02
-6.651878356933593750e-03,1.430010795593261719e-02,2.330300211906433105e-02
-6.588459014892578125e-03,1.409268379211425781e-02,2.307224273681640625e-02
-6.493568420410156250e-03,1.388847827911376953e-02,2.294266223907470703e-02
-6.402492523193359375e-03,1.370668411254882812e-02,2.290928363800048828e-02
-6.321430206298828125e-03,1.352322101593017578e-02,2.288439869880676270e-02
-6.261825561523437500e-03,1.336002349853515625e-02,2.283301949501037598e-02
-6.262779235839843750e-03,1.320290565490722656e-02,2.277883887290954590e-02
-6.299495697021484375e-03,1.311826705932617188e-02,2.276921272277832031e-02
-6.298780441284179688e-03,1.306462287902832031e-02,2.280461788177490234e-02
-6.252288818359375000e-03,1.303136348724365234e-02,2.280211448669433594e-02
-6.210565567016601562e-03,1.302933692932128906e-02,2.284511923789978027e-02
-6.181478500366210938e-03,1.305067539215087891e-02,2.295765280723571777e-02
-6.175518035888671875e-03,1.310896873474121094e-02,2.307766675949096680e-02
-6.179332733154296875e-03,1.320838928222656250e-02,2.327701449394226074e-02
-6.163358688354492188e-03,1.334488391876220703e-02,2.352690696716308594e-02
-6.119012832641601562e-03,1.353883743286132812e-02,2.388420701026916504e-02
-6.103277206420898438e-03,1.379108428955078125e-02,2.426314353942871094e-02
-6.062507629394531250e-03,1.400876045227050781e-02,2.460721135139465332e-02
-5.990266799926757812e-03,1.416575908660888672e-02,2.489823102951049805e-02
-5.895137786865234375e-03,1.431691646575927734e-02,2.516177296638488770e-02
-5.810499191284179688e-03,1.446509361267089844e-02,2.539840340614318848e-02
-5.769252777099609375e-03,1.455211639404296875e-02,2.558067440986633301e-02
-5.725860595703125000e-03,1.457977294921875000e-02,2.566012740135192871e-02
-5.629062652587890625e-03,1.463949680328369141e-02,2.570188045501708984e-02
-5.517959594726562500e-03,1.466691493988037109e-02,2.571931481361389160e-02
-5.424499511718750000e-03,1.470255851745605469e-02,2.575254440307617188e-02
-5.288600921630859375e-03,1.471865177154541016e-02,2.574789524078369141e-02
-5.161285400390625000e-03,1.469480991363525391e-02,2.573460340499877930e-02
-5.054712295532226562e-03,1.462292671203613281e-02,2.565959095954895020e-02
-4.933595657348632812e-03,1.453328132629394531e-02,2.556994557380676270e-02
-4.783630371093750000e-03,1.443564891815185547e-02,2.547413110733032227e-02
-4.667043685913085938e-03,1.432740688323974609e-02,2.538707852363586426e-02
-4.570007324218750000e-03,1.423442363739013672e-02,2.530226111412048340e-02
-4.489183425903320312e-03,1.407694816589355469e-02,2.517467737197875977e-02
-4.449129104614257812e-03,1.389575004577636719e-02,2.506795525550842285e-02
-4.395484924316406250e-03,1.376605033874511719e-02,2.495878934860229492e-02
-4.379987716674804688e-03,1.368808746337890625e-02,2.490541338920593262e-02
-4.372119903564453125e-03,1.362550258636474609e-02,2.488732337951660156e-02
-4.390478134155273438e-03,1.360428333282470703e-02,2.497631311416625977e-02
-4.421710968017578125e-03,1.364612579345703125e-02,2.510815858840942383e-02
-4.503488540649414062e-03,1.373696327209472656e-02,2.529716491699218750e-02
-4.589319229125976562e-03,1.380252838134765625e-02,2.550268173217773438e-02
-4.679441452026367188e-03,1.382958889007568359e-02,2.560764551162719727e-02
-4.705905914306640625e-03,1.379776000976562500e-02,2.576518058776855469e-02
-4.697799682617187500e-03,1.375174522399902344e-02,2.588480710983276367e-02
-4.694938659667968750e-03,1.369643211364746094e-02,2.605560421943664551e-02
-4.717350006103515625e-03,1.360988616943359375e-02,2.616164088249206543e-02
-4.709482192993164062e-03,1.353681087493896484e-02,2.627176046371459961e-02
-4.754543304443359375e-03,1.348817348480224609e-02,2.642649412155151367e-02
-4.797458648681640625e-03,1.347923278808593750e-02,2.662572264671325684e-02
-4.891633987426757812e-03,1.351785659790039062e-02,2.685797214508056641e-02
-4.994869232177734375e-03,1.356780529022216797e-02,2.712973952293395996e-02
-5.055904388427734375e-03,1.358461380004882812e-02,2.737331390380859375e-02
-5.109548568725585938e-03,1.358652114868164062e-02,2.758362889289855957e-02
-5.068778991699218750e-03,1.354348659515380859e-02,2.777221798896789551e-02
-4.986763000488281250e-03,1.357996463775634766e-02,2.789637446403503418e-02
-4.895210266113281250e-03,1.361012458801269531e-02,2.802714705467224121e-02
-4.791259765625000000e-03,1.364123821258544922e-02,2.816691994667053223e-02
-4.749298095703125000e-03,1.365602016448974609e-02,2.827495336532592773e-02
-4.714727401733398438e-03,1.369678974151611328e-02,2.837672829627990723e-02
-4.707336425781250000e-03,1.373457908630371094e-02,2.849113941192626953e-02
-4.743814468383789062e-03,1.380014419555664062e-02,2.861011028289794922e-02
-4.787683486938476562e-03,1.386284828186035156e-02,2.872389554977416992e-02
-4.852533340454101562e-03,1.389670372009277344e-02,2.877268195152282715e-02
-4.878044128417968750e-03,1.388752460479736328e-02,2.882269024848937988e-02
-4.881381988525390625e-03,1.387751102447509766e-02,2.889990806579589844e-02
-4.859209060668945312e-03,1.385450363159179688e-02,2.895075082778930664e-02
-4.819631576538085938e-03,1.379954814910888672e-02,2.897617220878601074e-02
-4.795312881469726562e-03,1.375389099121093750e-02,2.901422977447509766e-02
-4.802227020263671875e-03,1.372754573822021484e-02,2.907440066337585449e-02
-4.781723022460937500e-03,1.368951797485351562e-02,2.910497784614562988e-02
-4.803180694580078125e-03,1.363742351531982422e-02,2.912974357604980469e-02
-4.885435104370117188e-03,1.360142230987548828e-02,2.917137742042541504e-02
-4.961252212524414062e-03,1.359212398529052734e-02,2.920907735824584961e-02
-5.054235458374023438e-03,1.363503932952880859e-02,2.921989560127258301e-02
-5.095958709716796875e-03,1.365864276885986328e-02,2.923190593719482422e-02
-5.134582519531250000e-03,1.371502876281738281e-02,2.923995256423950195e-02
-5.153894424438476562e-03,1.373374462127685547e-02,2.924373745918273926e-02
-5.121707916259765625e-03,1.374530792236328125e-02,2.926683425903320312e-02
-5.052804946899414062e-03,1.376402378082275391e-02,2.935999631881713867e-02
-4.961729049682617188e-03,1.378393173217773438e-02,2.942103147506713867e-02
-4.884004592895507812e-03,1.375246047973632812e-02,2.941614389419555664e-02
-4.832983016967773438e-03,1.370310783386230469e-02,2.936893701553344727e-02
-4.827260971069335938e-03,1.364314556121826172e-02,2.926054596900939941e-02
-4.848480224609375000e-03,1.354384422302246094e-02,2.914661169052124023e-02
-4.879236221313476562e-03,1.346230506896972656e-02,2.908337116241455078e-02
-4.918098449707031250e-03,1.335978507995605469e-02,2.903470396995544434e-02
-4.954099655151367188e-03,1.328980922698974609e-02,2.896293997764587402e-02
-5.047798156738281250e-03,1.321589946746826172e-02,2.885496616363525391e-02
-5.186319351196289062e-03,1.315748691558837891e-02,2.875441312789916992e-02
-5.331993103027343750e-03,1.313495635986328125e-02,2.866876125335693359e-02
-5.499839782714843750e-03,1.311445236206054688e-02,2.860313653945922852e-02
-5.647182464599609375e-03,1.308488845825195312e-02,2.851003408432006836e-02
-5.761623382568359375e-03,1.302504539489746094e-02,2.841678261756896973e-02
-5.847930908203125000e-03,1.294112205505371094e-02,2.836847305297851562e-02
-5.911350250244140625e-03,1.288485527038574219e-02,2.832069993019104004e-02
-5.906105041503906250e-03,1.281297206878662109e-02,2.827087044715881348e-02
-5.940437316894531250e-03,1.274859905242919922e-02,2.819564938545227051e-02
-5.947113037109375000e-03,1.265573501586914062e-02,2.810657024383544922e-02
-6.018400192260742188e-03,1.259219646453857422e-02,2.797478437423706055e-02
-6.107091903686523438e-03,1.252627372741699219e-02,2.785164117813110352e-02
-6.168127059936523438e-03,1.246213912963867188e-02,2.774709463119506836e-02
-6.211280822753906250e-03,1.239705085754394531e-02,2.769398689270019531e-02
-6.215333938598632812e-03,1.235258579254150391e-02,2.764320373535156250e-02
-6.209611892700195312e-03,1.234364509582519531e-02,2.757725119590759277e-02
-6.176710128784179688e-03,1.234066486358642578e-02,2.758452296257019043e-02
-6.149768829345703125e-03,1.235187053680419922e-02,2.757033705711364746e-02
-6.157636642456054688e-03,1.239049434661865234e-02,2.760422229766845703e-02
-6.197452545166015625e-03,1.241040229797363281e-02,2.766275405883789062e-02
-6.203413009643554688e-03,1.244592666625976562e-02,2.777129411697387695e-02
-6.224155426025390625e-03,1.243078708648681641e-02,2.784135937690734863e-02
-6.236791610717773438e-03,1.238238811492919922e-02,2.789592742919921875e-02
-6.253480911254882812e-03,1.234662532806396484e-02,2.792266011238098145e-02
-6.307840347290039062e-03,1.229155063629150391e-02,2.789157629013061523e-02
-6.336212158203125000e-03,1.220595836639404297e-02,2.786540985107421875e-02
-6.365776062011718750e-03,1.213610172271728516e-02,2.782580256462097168e-02
-6.405830383300781250e-03,1.208102703094482422e-02,2.779909968376159668e-02
-6.416320800781250000e-03,1.204979419708251953e-02,2.777683734893798828e-02
-6.418466567993164062e-03,1.200962066650390625e-02,2.776864171028137207e-02
-6.409883499145507812e-03,1.200318336486816406e-02,2.774885296821594238e-02
-6.384611129760742188e-03,1.191556453704833984e-02,2.766683697700500488e-02
-6.403207778930664062e-03,1.188373565673828125e-02,2.760294079780578613e-02
-6.408452987670898438e-03,1.199042797088623047e-02,2.760154008865356445e-02
-6.430625915527343750e-03,1.212108135223388672e-02,2.763357758522033691e-02
-6.444931030273437500e-03,1.223707199096679688e-02,2.768933773040771484e-02
-6.421804428100585938e-03,1.235485076904296875e-02,2.775773406028747559e-02
-6.380796432495117188e-03,1.250004768371582031e-02,2.781230211257934570e-02
-6.361246109008789062e-03,1.265227794647216797e-02,2.789062261581420898e-02
-6.349802017211914062e-03,1.274657249450683594e-02,2.791887521743774414e-02
-6.304502487182617188e-03,1.282250881195068359e-02,2.798855304718017578e-02
-6.224870681762695312e-03,1.289892196655273438e-02,2.808207273483276367e-02
-6.105422973632812500e-03,1.299929618835449219e-02,2.818188071250915527e-02
-5.993843078613281250e-03,1.308000087738037109e-02,2.828371524810791016e-02
-5.862236022949218750e-03,1.315259933471679688e-02,2.838194370269775391e-02
-5.731105804443359375e-03,1.323807239532470703e-02,2.845865488052368164e-02
-5.591154098510742188e-03,1.329171657562255859e-02,2.846914529800415039e-02
-5.434513092041015625e-03,1.330339908599853516e-02,2.853879332542419434e-02
-5.282163619995117188e-03,1.331341266632080078e-02,2.856868505477905273e-02
-5.106925964355468750e-03,1.332736015319824219e-02,2.860951423645019531e-02
-4.897832870483398438e-03,1.329588890075683594e-02,2.863699197769165039e-02
-4.662752151489257812e-03,1.319003105163574219e-02,2.865868806838989258e-02
-4.434347152709960938e-03,1.306462287902832031e-02,2.864888310432434082e-02
-4.261016845703125000e-03,1.292896270751953125e-02,2.859860658645629883e-02
-4.099130630493164062e-03,1.281845569610595703e-02,2.853199839591979980e-02
-3.980875015258789062e-03,1.274847984313964844e-02,2.848339080810546875e-02
-3.962993621826171875e-03,1.265943050384521484e-02,2.834856510162353516e-02
-3.949880599975585938e-03,1.255369186401367188e-02,2.819713950157165527e-02
-3.967285156250000000e-03,1.249098777770996094e-02,2.806630730628967285e-02
-3.998756408691406250e-03,1.243054866790771484e-02,2.794480323791503906e-02
-4.055738449096679688e-03,1.235723495483398438e-02,2.780386805534362793e-02
-4.105567932128906250e-03,1.222932338714599609e-02,2.764314413070678711e-02
-4.167318344116210938e-03,1.207864284515380859e-02,2.746692299842834473e-02
-4.240989685058593750e-03,1.193404197692871094e-02,2.735412120819091797e-02
-4.368543624877929688e-03,1.188957691192626953e-02,2.728095650672912598e-02
-4.521608352661132812e-03,1.185834407806396484e-02,2.724736928939819336e-02
-4.680871963500976562e-03,1.182520389556884766e-02,2.723005414009094238e-02
-4.835367202758789062e-03,1.181185245513916016e-02,2.723944187164306641e-02
-5.000829696655273438e-03,1.186227798461914062e-02,2.725940942764282227e-02
-5.141973495483398438e-03,1.191163063049316406e-02,2.728578448295593262e-02
-5.270242691040039062e-03,1.193583011627197266e-02,2.730306982994079590e-02
-5.372047424316406250e-03,1.194489002227783203e-02,2.731817960739135742e-02
-5.492925643920898438e-03,1.195085048675537109e-02,2.733933925628662109e-02
-5.594730377197265625e-03,1.197147369384765625e-02,2.730613946914672852e-02
-5.682468414306640625e-03,1.199424266815185547e-02,2.722397446632385254e-02
-5.698680877685546875e-03,1.198232173919677734e-02,2.718740701675415039e-02
-5.686283111572265625e-03,1.196539402008056641e-02,2.714136242866516113e-02
-5.638122558593750000e-03,1.193618774414062500e-02,2.710112929344177246e-02
-5.545139312744140625e-03,1.190900802612304688e-02,2.705988287925720215e-02
-5.469560623168945312e-03,1.196289062500000000e-02,2.703469991683959961e-02
-5.286931991577148438e-03,1.187908649444580078e-02,2.688533067703247070e-02
-5.096912384033203125e-03,1.180446147918701172e-02,2.677354216575622559e-02
-4.897356033325195312e-03,1.181316375732421875e-02,2.673932909965515137e-02
-4.714727401733398438e-03,1.182723045349121094e-02,2.671530842781066895e-02
-4.543304443359375000e-03,1.185238361358642578e-02,2.672404050827026367e-02
-4.360914230346679688e-03,1.189827919006347656e-02,2.677375078201293945e-02
-4.161596298217773438e-03,1.194036006927490234e-02,2.689358592033386230e-02
-4.084587097167968750e-03,1.204693317413330078e-02,2.706894278526306152e-02
-4.008293151855468750e-03,1.214802265167236328e-02,2.723553776741027832e-02
-3.939151763916015625e-03,1.225292682647705078e-02,2.746117115020751953e-02
-3.852605819702148438e-03,1.233124732971191406e-02,2.765658497810363770e-02
-3.799915313720703125e-03,1.244544982910156250e-02,2.787253260612487793e-02
-3.755807876586914062e-03,1.258432865142822266e-02,2.806371450424194336e-02
-3.745555877685546875e-03,1.272201538085937500e-02,2.821764349937438965e-02
-3.788471221923828125e-03,1.291382312774658203e-02,2.835211157798767090e-02
-3.834724426269531250e-03,1.307666301727294922e-02,2.843058109283447266e-02
-3.879070281982421875e-03,1.317644119262695312e-02,2.848446369171142578e-02
-3.918170928955078125e-03,1.328718662261962891e-02,2.852165699005126953e-02
-3.883361816406250000e-03,1.334357261657714844e-02,2.850183844566345215e-02
-3.806591033935546875e-03,1.334953308105468750e-02,2.848187088966369629e-02
-3.701686859130859375e-03,1.331496238708496094e-02,2.841165661811828613e-02
-3.594636917114257812e-03,1.327204704284667969e-02,2.832281589508056641e-02
-3.477811813354492188e-03,1.322638988494873047e-02,2.827817201614379883e-02
-3.380775451660156250e-03,1.320171356201171875e-02,2.823868393898010254e-02
-3.282546997070312500e-03,1.315259933471679688e-02,2.821907401084899902e-02
-3.279209136962890625e-03,1.310694217681884766e-02,2.813890576362609863e-02
-3.308534622192382812e-03,1.308274269104003906e-02,2.802863717079162598e-02
-3.346920013427734375e-03,1.305150985717773438e-02,2.789735794067382812e-02
-3.284215927124023438e-03,1.300978660583496094e-02,2.777585387229919434e-02
-3.255367279052734375e-03,1.295244693756103516e-02,2.758598327636718750e-02
-3.262758255004882812e-03,1.289212703704833984e-02,2.736961841583251953e-02
-3.312826156616210938e-03,1.281034946441650391e-02,2.712005376815795898e-02
-3.319263458251953125e-03,1.267540454864501953e-02,2.690574526786804199e-02
-3.348112106323242188e-03,1.254975795745849609e-02,2.667543292045593262e-02
-3.423690795898437500e-03,1.249647140502929688e-02,2.645409107208251953e-02
-3.521919250488281250e-03,1.247215270996093750e-02,2.625647187232971191e-02
-3.643274307250976562e-03,1.244294643402099609e-02,2.610543370246887207e-02
-3.787517547607421875e-03,1.243472099304199219e-02,2.593892812728881836e-02
-3.904342651367187500e-03,1.245832443237304688e-02,2.577456831932067871e-02
-4.006862640380859375e-03,1.247608661651611328e-02,2.563029527664184570e-02
-4.097461700439453125e-03,1.251435279846191406e-02,2.547407150268554688e-02
-4.105567932128906250e-03,1.254403591156005859e-02,2.531713247299194336e-02
-4.057884216308593750e-03,1.255822181701660156e-02,2.520146965980529785e-02
-3.969907760620117188e-03,1.256000995635986328e-02,2.509757876396179199e-02
-3.868103027343750000e-03,1.270210742950439453e-02,2.509298920631408691e-02
-3.765583038330078125e-03,1.282334327697753906e-02,2.509891986846923828e-02
-3.626823425292968750e-03,1.289916038513183594e-02,2.507066726684570312e-02
-3.553628921508789062e-03,1.295948028564453125e-02,2.501380443572998047e-02
-3.492355346679687500e-03,1.304435729980468750e-02,2.492308616638183594e-02
-3.426074981689453125e-03,1.316154003143310547e-02,2.486237883567810059e-02
-3.349304199218750000e-03,1.324331760406494141e-02,2.482092380523681641e-02
-3.264188766479492188e-03,1.332807540893554688e-02,2.476206421852111816e-02
-3.203868865966796875e-03,1.340520381927490234e-02,2.471700310707092285e-02
-3.157615661621093750e-03,1.344561576843261719e-02,2.464690804481506348e-02
-3.135204315185546875e-03,1.348602771759033203e-02,2.457329630851745605e-02
-3.226280212402343750e-03,1.352846622467041016e-02,2.449810504913330078e-02
-3.259897232055664062e-03,1.340270042419433594e-02,2.426499128341674805e-02
-3.252506256103515625e-03,1.335334777832031250e-02,2.411013841629028320e-02
-3.254175186157226562e-03,1.333379745483398438e-02,2.399468421936035156e-02
-3.257513046264648438e-03,1.333963871002197266e-02,2.386650443077087402e-02
-3.195047378540039062e-03,1.332330703735351562e-02,2.375608682632446289e-02
-3.124237060546875000e-03,1.331174373626708984e-02,2.368131279945373535e-02
-3.062963485717773438e-03,1.331293582916259766e-02,2.363997697830200195e-02
-2.971887588500976562e-03,1.332294940948486328e-02,2.360507845878601074e-02
-2.841234207153320312e-03,1.329791545867919922e-02,2.358198165893554688e-02
-2.748012542724609375e-03,1.321828365325927734e-02,2.360787987709045410e-02
-2.599239349365234375e-03,1.314318180084228516e-02,2.365618944168090820e-02
-2.435445785522460938e-03,1.307523250579833984e-02,2.367663383483886719e-02
-2.236604690551757812e-03,1.298952102661132812e-02,2.372121810913085938e-02
-2.021551132202148438e-03,1.293301582336425781e-02,2.376472949981689453e-02
-1.797676086425781250e-03,1.289832592010498047e-02,2.385070919990539551e-02
-1.583337783813476562e-03,1.291334629058837891e-02,2.398231625556945801e-02
-1.369476318359375000e-03,1.292121410369873047e-02,2.412679791450500488e-02
-1.192092895507812500e-03,1.291763782501220703e-02,2.422115206718444824e-02
-1.031875610351562500e-03,1.291942596435546875e-02,2.434250712394714355e-02
-8.747577667236328125e-04,1.290237903594970703e-02,2.441778779029846191e-02
-7.548332214355468750e-04,1.282525062561035156e-02,2.447634935379028320e-02
-6.868839263916015625e-04,1.275432109832763672e-02,2.456006407737731934e-02
-6.706714630126953125e-04,1.270306110382080078e-02,2.463084459304809570e-02
-6.594657897949218750e-04,1.267242431640625000e-02,2.467244863510131836e-02
-6.294250488281250000e-04,1.261758804321289062e-02,2.471235394477844238e-02
-6.501674652099609375e-04,1.256978511810302734e-02,2.477809786796569824e-02
-6.737709045410156250e-04,1.252770423889160156e-02,2.484774589538574219e-02
-7.078647613525390625e-04,1.254487037658691406e-02,2.489733695983886719e-02
-7.102489471435546875e-04,1.250958442687988281e-02,2.491822838783264160e-02
-7.102489471435546875e-04,1.250958442687988281e-02,2.491822838783264160e-02
-6.654262542724609375e-04,1.247811317443847656e-02,2.494084835052490234e-02
-6.003379821777343750e-04,1.240515708923339844e-02,2.496373653411865234e-02
-5.252361297607421875e-04,1.234018802642822266e-02,2.494272589683532715e-02
-4.191398620605468750e-04,1.228809356689453125e-02,2.489593625068664551e-02
-2.942085266113281250e-04,1.225876808166503906e-02,2.486607432365417480e-02
-1.633167266845703125e-04,1.223838329315185547e-02,2.486890554428100586e-02
-3.933906555175781250e-05,1.224040985107421875e-02,2.489691972732543945e-02
8.964538574218750000e-05,1.220846176147460938e-02,2.495726943016052246e-02
1.919269561767578125e-04,1.216685771942138672e-02,2.502122521400451660e-02
