3.137113060802221298e-03
3.137113060802221298e-03
4.273931495845317841e-03
5.244588479399681091e-03
5.722088273614645004e-03
6.134336348623037338e-03
6.446860264986753464e-03
6.585497874766588211e-03
6.724904756993055344e-03
6.814141292124986649e-03
6.919689010828733444e-03
7.291925605386495590e-03
7.088104728609323502e-03
6.759799551218748093e-03
6.527568213641643524e-03
6.227940786629915237e-03
5.858923774212598801e-03
5.546015221625566483e-03
5.393160972744226456e-03
5.578298587352037430e-03
5.943470168858766556e-03
6.175174843519926071e-03
6.412705406546592712e-03
6.677975412458181381e-03
6.939778570085763931e-03
7.221096195280551910e-03
7.502436637878417969e-03
7.646999787539243698e-03
7.773999590426683426e-03
7.802492007613182068e-03
7.786006666719913483e-03
7.721441332250833511e-03
7.546494249254465103e-03
7.348153274506330490e-03
7.180158980190753937e-03
7.054164540022611618e-03
6.981938611716032028e-03
6.974609103053808212e-03
7.176116574555635452e-03
7.440415676683187485e-03
7.703557610511779785e-03
7.848115637898445129e-03
7.838911376893520355e-03
7.803423330187797546e-03
7.682646624743938446e-03
7.584406994283199310e-03
7.656596601009368896e-03
7.621952798217535019e-03
7.597425021231174469e-03
7.588123902678489685e-03
7.400996051728725433e-03
7.676264736801385880e-03
8.014793507754802704e-03
8.397272787988185883e-03
8.722946979105472565e-03
8.921992033720016479e-03
9.071166627109050751e-03
9.228076785802841187e-03
9.329849854111671448e-03
9.389979764819145203e-03
9.469456039369106293e-03
9.562171995639801025e-03
9.654621593654155731e-03
9.813023731112480164e-03
9.831733070313930511e-03
9.712322615087032318e-03
9.451428428292274475e-03
9.333035908639431000e-03
9.250395931303501129e-03
9.064204990863800049e-03
8.878507651388645172e-03
8.716526441276073456e-03
8.515996858477592468e-03
8.300448767840862274e-03
7.977201603353023529e-03
7.735078223049640656e-03
7.484490051865577698e-03
7.251530420035123825e-03
6.894020829349756241e-03
6.559861823916435242e-03
6.211921107023954391e-03
6.156441289931535721e-03
6.083634681999683380e-03
6.031166296452283859e-03
6.153414491564035416e-03
6.301091052591800690e-03
6.441950332373380661e-03
6.552618928253650665e-03
6.668761838227510452e-03
6.814486347138881683e-03
6.951143499463796616e-03
6.969994865357875824e-03
6.934400182217359543e-03
6.882622372359037399e-03
6.865978240966796875e-03
6.852604448795318604e-03
6.859739311039447784e-03
6.945705506950616837e-03
7.042641751468181610e-03
7.164876908063888550e-03
7.199765648692846298e-03
7.142068818211555481e-03
7.045927923172712326e-03
6.777689792215824127e-03
6.477629300206899643e-03
6.196279544383287430e-03
5.994044709950685501e-03
5.877223797142505646e-03
5.757302977144718170e-03
5.667367018759250641e-03
5.600914359092712402e-03
5.383161362260580063e-03
5.221182014793157578e-03
5.104943644255399704e-03
5.152154248207807541e-03
5.267780274152755737e-03
5.359118338674306870e-03
5.433127284049987793e-03
5.450644530355930328e-03
5.444315262138843536e-03
5.491727963089942932e-03
5.576041061431169510e-03
5.580233875662088394e-03
5.611739587038755417e-03
5.653907544910907745e-03
5.714875645935535431e-03
5.832370370626449585e-03
5.987250246107578278e-03
6.191074382513761520e-03
6.295786239206790924e-03
6.324426271021366119e-03
6.252544932067394257e-03
6.194402929395437241e-03
6.195767316967248917e-03
6.129936780780553818e-03
6.049230229109525681e-03
5.974380765110254288e-03
5.901749711483716965e-03
5.905358586460351944e-03
6.013614125549793243e-03
6.171234883368015289e-03
6.347568705677986145e-03
6.431821733713150024e-03
6.520485971122980118e-03
6.543662399053573608e-03
6.497330497950315475e-03
6.558610126376152039e-03
6.647529080510139465e-03
6.667298264801502228e-03
6.549423560500144958e-03
6.468922365456819534e-03
6.334262434393167496e-03
6.186633836477994919e-03
6.238164380192756653e-03
6.367538124322891235e-03
6.515666376799345016e-03
6.561357062309980392e-03
6.537377834320068359e-03
6.476045120507478714e-03
6.454260554164648056e-03
6.426151841878890991e-03
6.396252196282148361e-03
6.422709207981824875e-03
6.457725539803504944e-03
6.575727369636297226e-03
6.639918312430381775e-03
6.564209237694740295e-03
6.447471212595701218e-03
6.373748183250427246e-03
6.315084639936685562e-03
6.317005027085542679e-03
6.374882999807596207e-03
6.537505891174077988e-03
6.787669844925403595e-03
7.033797912299633026e-03
7.237302605062723160e-03
7.292225956916809082e-03
7.297212723642587662e-03
7.293937727808952332e-03
7.150407880544662476e-03
7.089420221745967865e-03
7.195142097771167755e-03
7.370307110249996185e-03
7.523608393967151642e-03
7.690611761063337326e-03
7.928535342216491699e-03
8.131131529808044434e-03
8.310411125421524048e-03
8.519100025296211243e-03
8.762392215430736542e-03
9.013691917061805725e-03
9.330926463007926941e-03
9.743584319949150085e-03
1.017673686146736145e-02
1.053159963339567184e-02
1.068170182406902313e-02
1.079136785119771957e-02
1.087865233421325684e-02
1.099369581788778305e-02
1.103948056697845459e-02
1.110304985195398331e-02
1.112635247409343719e-02
1.113688666373491287e-02
1.112213637679815292e-02
1.107381191104650497e-02
1.098541449755430222e-02
1.091121137142181396e-02
1.082937326282262802e-02
1.072101201862096786e-02
1.044215727597475052e-02
1.010462641716003418e-02
9.850380010902881622e-03
9.694854728877544403e-03
9.598611854016780853e-03
9.606773033738136292e-03
9.575852192938327789e-03
9.485982358455657959e-03
9.247547015547752380e-03
9.030594490468502045e-03
8.792587555944919586e-03
8.510546758770942688e-03
8.257669396698474884e-03
8.085891604423522949e-03
7.882324978709220886e-03
7.702652830630540848e-03
7.517316844314336777e-03
7.408644538372755051e-03
7.439115084707736969e-03
7.444057147949934006e-03
7.440770976245403290e-03
7.353227119892835617e-03
7.206740789115428925e-03
7.024628575891256332e-03
6.777894683182239532e-03
6.584446877241134644e-03
6.479854229837656021e-03
6.455956958234310150e-03
6.387601606547832489e-03
6.452348083257675171e-03
6.384211592376232147e-03
6.451320368796586990e-03
6.550112739205360413e-03
6.627216003835201263e-03
6.717029958963394165e-03
6.754019297659397125e-03
6.826302967965602875e-03
6.891513708978891373e-03
7.055420894175767899e-03
6.971554365009069443e-03
6.905033718794584274e-03
6.744947750121355057e-03
6.618194282054901123e-03
6.558172404766082764e-03
6.506659090518951416e-03
6.603380665183067322e-03
6.656473502516746521e-03
6.573839578777551651e-03
6.512850522994995117e-03
6.486500147730112076e-03
6.485498044639825821e-03
6.536966189742088318e-03
6.499636452645063400e-03
6.513059139251708984e-03
6.454405374825000763e-03
6.354712415486574173e-03
6.148553453385829926e-03
5.903768818825483322e-03
5.723347887396812439e-03
5.587889347225427628e-03
5.568297579884529114e-03
5.643783602863550186e-03
5.798711907118558884e-03
5.861100275069475174e-03
5.822821054607629776e-03
5.819115322083234787e-03
5.788911599665880203e-03
5.738568026572465897e-03
5.686387419700622559e-03
5.641385912895202637e-03
5.521420389413833618e-03
5.495068617165088654e-03
5.552254617214202881e-03
5.583899095654487610e-03
5.770152434706687927e-03
5.921309348195791245e-03
6.068662740290164948e-03
6.050708238035440445e-03
5.959740839898586273e-03
5.926993209868669510e-03
5.884380079805850983e-03
5.785580258816480637e-03
5.723828449845314026e-03
5.670577753335237503e-03
5.718203261494636536e-03
5.825813859701156616e-03
5.913472268730401993e-03
6.015434861183166504e-03
6.165310740470886230e-03
6.316347047686576843e-03
6.378514692187309265e-03
6.322861649096012115e-03
6.280098110437393188e-03
6.264201365411281586e-03
6.271739490330219269e-03
6.224831100553274155e-03
6.249667610973119736e-03
6.313682068139314651e-03
6.430045235902070999e-03
6.456592585891485214e-03
6.517671048641204834e-03
6.526143290102481842e-03
6.444932892918586731e-03
6.401068996638059616e-03
6.358941551297903061e-03
6.349069532006978989e-03
6.348882801830768585e-03
6.383751519024372101e-03
6.592768244445323944e-03
6.743249949067831039e-03
6.808917503803968430e-03
6.750623229891061783e-03
6.703163031488656998e-03
6.681849714368581772e-03
6.653998047113418579e-03
6.610339973121881485e-03
6.677612662315368652e-03
6.760390009731054306e-03
6.743622943758964539e-03
6.769249681383371353e-03
6.733311340212821960e-03
6.651840172708034515e-03
6.623945664614439011e-03
6.629956420511007309e-03
6.688430905342102051e-03
6.792264990508556366e-03
6.929472554475069046e-03
7.026704028248786926e-03
7.115183863788843155e-03
7.182457949966192245e-03
7.170888595283031464e-03
7.037724368274211884e-03
6.879115011543035507e-03
6.763492245227098465e-03
6.709382869303226471e-03
6.811979226768016815e-03
6.942743901163339615e-03
7.100705057382583618e-03
7.257663179188966751e-03
7.389835081994533539e-03
7.271457929164171219e-03
7.187766488641500473e-03
7.239711936563253403e-03
7.369176484644412994e-03
7.468940690159797668e-03
7.571815047413110733e-03
7.616727612912654877e-03
7.660259027034044266e-03
7.676790002733469009e-03
7.714005652815103531e-03
7.707244716584682465e-03
7.644330151379108429e-03
7.585340179502964020e-03
7.654369808733463287e-03
7.678886409848928452e-03
7.510558702051639557e-03
7.314970716834068298e-03
7.225571200251579285e-03
7.167262956500053406e-03
7.164705079048871994e-03
7.237160578370094299e-03
7.294066250324249268e-03
7.339845411479473114e-03
7.328879088163375854e-03
7.228014525026082993e-03
7.095679175108671188e-03
6.919649429619312286e-03
6.727892439812421799e-03
6.612110882997512817e-03
6.555262021720409393e-03
6.491435226052999496e-03
6.443605758249759674e-03
6.469361949712038040e-03
6.507280748337507248e-03
6.532866507768630981e-03
6.542596034705638885e-03
6.510532461106777191e-03
6.485447753220796585e-03
6.462248973548412323e-03
6.421193946152925491e-03
6.450609304010868073e-03
6.462341174483299255e-03
6.472529843449592590e-03
6.544504314661026001e-03
6.492022890597581863e-03
6.499469280242919922e-03
6.595327053219079971e-03
6.619103252887725830e-03
6.638497579842805862e-03
6.579294800758361816e-03
6.514053326100111008e-03
6.467159837484359741e-03
6.408010609447956085e-03
6.336246617138385773e-03
6.263487040996551514e-03
6.254331674426794052e-03
6.262723822146654129e-03
6.249864585697650909e-03
6.259532179683446884e-03
6.271834019571542740e-03
6.266679614782333374e-03
6.260999012738466263e-03
6.228062789887189865e-03
6.200607866048812866e-03
6.154521834105253220e-03
6.106067914515733719e-03
6.099357269704341888e-03
6.084308028221130371e-03
6.119055673480033875e-03
6.186129990965127945e-03
6.284620612859725952e-03
6.378761492669582367e-03
6.423226557672023773e-03
6.510383449494838715e-03
6.497026886790990829e-03
6.328984629362821579e-03
6.112802773714065552e-03
5.792771466076374054e-03
5.547441542148590088e-03
5.400802474468946457e-03
5.286827683448791504e-03
5.300820339471101761e-03
5.383383482694625854e-03
5.528327543288469315e-03
5.703215487301349640e-03
5.803257692605257034e-03
5.857440177351236343e-03
5.888944026082754135e-03
5.852971691638231277e-03
5.721337627619504929e-03
5.598595365881919861e-03
5.480406340211629868e-03
5.363541189581155777e-03
5.363541189581155777e-03
5.389237776398658752e-03
5.434890743345022202e-03
5.497318226844072342e-03
5.626719444990158081e-03
5.726504605263471603e-03
5.807914771139621735e-03
5.883445963263511658e-03
5.933247506618499756e-03
5.852216854691505432e-03
5.764971952885389328e-03
5.672380793839693069e-03
5.586132872849702835e-03
5.527897737920284271e-03
5.511658731848001480e-03
5.527395755052566528e-03
5.431650206446647644e-03
5.375880748033523560e-03
5.335490684956312180e-03
5.215555895119905472e-03
5.109263118356466293e-03
5.031822249293327332e-03
5.045845638960599899e-03
5.086848977953195572e-03
5.205971188843250275e-03
5.268118809908628464e-03
5.347589496523141861e-03
5.358125083148479462e-03
5.358125083148479462e-03
5.358125083148479462e-03
5.350348539650440216e-03
5.288775544613599777e-03
5.261638201773166656e-03
5.197144113481044769e-03
5.069875158369541168e-03
4.873628262430429459e-03
4.686498083174228668e-03
4.494864959269762039e-03
4.400946199893951416e-03
4.417870193719863892e-03
4.514695610851049423e-03
4.664454143494367599e-03
4.769222345203161240e-03
4.993804264813661575e-03
5.290414672344923019e-03
5.590054206550121307e-03
5.772959906607866287e-03
5.900697782635688782e-03
5.957880988717079163e-03
5.927847232669591904e-03
5.846156273037195206e-03
5.585084669291973114e-03
5.330915097147226334e-03
5.108315963298082352e-03
5.046942736953496933e-03
5.075573921203613281e-03
5.174653138965368271e-03
5.317383445799350739e-03
5.517516285181045532e-03
5.517516285181045532e-03
5.517516285181045532e-03
5.517516285181045532e-03
5.741157103329896927e-03
5.739321466535329819e-03
5.748406518250703812e-03
5.742988083511590958e-03
5.699717905372381210e-03
5.632485263049602509e-03
5.535661708563566208e-03
5.429254379123449326e-03
5.387164186686277390e-03
5.395488813519477844e-03
5.483121611177921295e-03
5.567312240600585938e-03
5.622948985546827316e-03
5.690434947609901428e-03
5.754910875111818314e-03
5.815548822283744812e-03
5.812098737806081772e-03
5.803810898214578629e-03
5.795128177851438522e-03
5.767467897385358810e-03
5.717663094401359558e-03
5.636482033878564835e-03
5.603477358818054199e-03
5.500826053321361542e-03
5.457707215100526810e-03
5.472963210195302963e-03
5.515535827726125717e-03
5.583132151514291763e-03
5.737787578254938126e-03
5.827505607157945633e-03
5.858766380697488785e-03
5.818862468004226685e-03
5.813649855554103851e-03
5.785419140011072159e-03
5.778952501714229584e-03
5.819458980113267899e-03
5.861646030098199844e-03
5.861113313585519791e-03
5.809389986097812653e-03
5.845922511070966721e-03
5.864450242370367050e-03
5.937106441706418991e-03
5.984984338283538818e-03
6.005518138408660889e-03
5.991449113935232162e-03
5.984471645206212997e-03
5.881235934793949127e-03
5.119185429066419601e-03
4.636731464415788651e-03
4.448920488357543945e-03
4.464712459594011307e-03
4.633289296180009842e-03
4.921945743262767792e-03
5.258917342871427536e-03
5.591710098087787628e-03
5.928311031311750412e-03
6.256915628910064697e-03
6.575323175638914108e-03
6.865132134407758713e-03
7.108837831765413284e-03
7.351111620664596558e-03
7.552944123744964600e-03
7.760029286146163940e-03
7.937476970255374908e-03
8.097629062831401825e-03
8.224958553910255432e-03
8.354570716619491577e-03
8.494876325130462646e-03
8.613868616521358490e-03
8.706313557922840118e-03
8.769715204834938049e-03
8.835328742861747742e-03
8.890706114470958710e-03
8.931886404752731323e-03
8.944225497543811798e-03
8.950663730502128601e-03
8.954470977187156677e-03
8.943058550357818604e-03
8.912962861359119415e-03
8.881801739335060120e-03
8.853502571582794189e-03
8.823372423648834229e-03
8.811090141534805298e-03
8.792381733655929565e-03
8.774517104029655457e-03
8.761157281696796417e-03
8.748807013034820557e-03
8.736882358789443970e-03
8.740608580410480499e-03
8.767678402364253998e-03
8.788087405264377594e-03
8.795124478638172150e-03
8.816580288112163544e-03
8.849031291902065277e-03
8.867518976330757141e-03
8.890205994248390198e-03
8.886440657079219818e-03
8.888635784387588501e-03
8.880242705345153809e-03
8.883317932486534119e-03
8.862518705427646637e-03
8.854020386934280396e-03
8.849519304931163788e-03
8.838036097586154938e-03
8.833290077745914459e-03
8.817681111395359039e-03
8.807118982076644897e-03
8.778922259807586670e-03
8.709501475095748901e-03
8.628982119262218475e-03
8.530931547284126282e-03
8.426005020737648010e-03
8.321747183799743652e-03
8.233352564275264740e-03
8.171048015356063843e-03
8.063535206019878387e-03
7.988061755895614624e-03
7.924261502921581268e-03
7.879098877310752869e-03
7.838184013962745667e-03
7.795253768563270569e-03
7.757546380162239075e-03
7.732971571385860443e-03
7.724972441792488098e-03
7.766251917928457260e-03
7.811889983713626862e-03
7.883270271122455597e-03
7.926177233457565308e-03
7.962471805512905121e-03
8.008568547666072845e-03
7.989974692463874817e-03
7.963015697896480560e-03
7.944932207465171814e-03
7.911263033747673035e-03
7.860510610044002533e-03
7.804210297763347626e-03
7.695292122662067413e-03
7.574658840894699097e-03
7.574658840894699097e-03
7.456795312464237213e-03
7.367716636508703232e-03
7.314086426049470901e-03
7.295019458979368210e-03
7.325008977204561234e-03
7.355511654168367386e-03
7.362138479948043823e-03
7.348325569182634354e-03
7.334647700190544128e-03
7.312376983463764191e-03
7.277691271156072617e-03
7.240772247314453125e-03
7.235142402350902557e-03
7.202377542853355408e-03
7.128469645977020264e-03
7.057065144181251526e-03
6.970196031033992767e-03
6.913233082741498947e-03
6.858526263386011124e-03
6.845087744295597076e-03
6.842280738055706024e-03
6.841414142400026321e-03
6.835559848695993423e-03
6.833953782916069031e-03
6.788904312998056412e-03
6.764636375010013580e-03
6.734247785061597824e-03
6.750872358679771423e-03
6.780629511922597885e-03
6.792655680328607559e-03
6.817768793553113937e-03
6.813787389546632767e-03
6.811383180320262909e-03
6.766968406736850739e-03
6.687779445201158524e-03
6.646029185503721237e-03
6.575124338269233704e-03
6.516324821859598160e-03
6.493416614830493927e-03
6.507912650704383850e-03
6.564539857208728790e-03
6.589099764823913574e-03
6.618098821491003036e-03
6.636220030486583710e-03
6.653062533587217331e-03
6.666530389338731766e-03
6.680423393845558167e-03
6.720212753862142563e-03
6.773041095584630966e-03
6.852763704955577850e-03
6.889190524816513062e-03
6.864537484943866730e-03
6.833854597061872482e-03
6.755999289453029633e-03
6.595178507268428802e-03
6.534221582114696503e-03
6.515840068459510803e-03
6.505286786705255508e-03
6.523604039102792740e-03
6.523604039102792740e-03
6.619070190936326981e-03
6.694092880934476852e-03
6.807888392359018326e-03
6.869398057460784912e-03
6.955310702323913574e-03
7.007976528257131577e-03
7.076890207827091217e-03
7.113818079233169556e-03
7.110120728611946106e-03
7.085124962031841278e-03
6.994700524955987930e-03
6.968947127461433411e-03
6.944724358618259430e-03
6.943517364561557770e-03
6.988578476011753082e-03
7.011930458247661591e-03
7.097910158336162567e-03
7.140266709029674530e-03
7.140853442251682281e-03
7.102519739419221878e-03
7.076296955347061157e-03
7.104008924216032028e-03
7.126173470169305801e-03
7.153220009058713913e-03
7.154085207730531693e-03
7.136284839361906052e-03
7.172265090048313141e-03
7.201830390840768814e-03
7.223778404295444489e-03
7.272039074450731277e-03
7.284014020115137100e-03
7.277567405253648758e-03
7.305760402232408524e-03
7.325543556362390518e-03
7.259407546371221542e-03
7.222240790724754333e-03
7.167252711951732635e-03
7.135509513318538666e-03
7.121709641069173813e-03
7.153043523430824280e-03
7.155034225434064865e-03
7.107067387551069260e-03
7.042377721518278122e-03
6.997879128903150558e-03
6.964474916458129883e-03
6.928062532097101212e-03
6.879223044961690903e-03
6.830409169197082520e-03
6.780053954571485519e-03
6.694921292364597321e-03
6.614598911255598068e-03
6.525446660816669464e-03
6.473740562796592712e-03
6.470512598752975464e-03
6.457719951868057251e-03
6.462216377258300781e-03
6.458609830588102341e-03
6.423027720302343369e-03
6.338109727948904037e-03
6.225211080163717270e-03
6.162251811474561691e-03
6.138766184449195862e-03
6.180716212838888168e-03
6.234482396394014359e-03
6.334977690130472183e-03
6.418502423912286758e-03
6.460059899836778641e-03
6.419106852263212204e-03
6.408047396689653397e-03
6.397712510079145432e-03
6.346352864056825638e-03
6.254266947507858276e-03
6.193596869707107544e-03
6.082773208618164062e-03
6.036531645804643631e-03
6.010512821376323700e-03
6.010449025779962540e-03
6.065556313842535019e-03
6.180338561534881592e-03
6.325070280581712723e-03
6.412778515368700027e-03
6.449120584875345230e-03
6.319152656942605972e-03
6.190425716340541840e-03
6.112615577876567841e-03
6.140565499663352966e-03
6.230894010514020920e-03
6.446248851716518402e-03
6.674242205917835236e-03
6.893482059240341187e-03
7.092562038451433182e-03
7.221872918307781219e-03
7.284874562174081802e-03
7.310058455914258957e-03
7.296206429600715637e-03
7.229531183838844299e-03
7.196913938969373703e-03
7.206658367067575455e-03
7.272715680301189423e-03
7.363368291407823563e-03
7.486840710043907166e-03
7.672630716115236282e-03
7.832789793610572815e-03
7.913562469184398651e-03
7.937691174447536469e-03
7.931337691843509674e-03
7.847004570066928864e-03
7.813369855284690857e-03
7.802295964211225510e-03
7.819483987987041473e-03
7.817196659743785858e-03
7.907929830253124237e-03
8.052892051637172699e-03
8.172108791768550873e-03
8.234874345362186432e-03
8.226639591157436371e-03
8.162677288055419922e-03
8.060690015554428101e-03
7.939657196402549744e-03
7.848191075026988983e-03
7.776776328682899475e-03
7.758840918540954590e-03
7.776941172778606415e-03
7.873136550188064575e-03
7.971961051225662231e-03
8.051334880292415619e-03
8.072767406702041626e-03
8.082914166152477264e-03
8.043625392019748688e-03
7.988091558218002319e-03
7.876253686845302582e-03
7.743572816252708435e-03
7.604670245200395584e-03
7.559370715171098709e-03
7.516141980886459351e-03
7.475627120584249496e-03
7.425636984407901764e-03
7.415100932121276855e-03
7.369965780526399612e-03
7.327493280172348022e-03
7.285633124411106110e-03
7.292536552995443344e-03
7.305195089429616928e-03
7.299988064914941788e-03
7.282255217432975769e-03
7.262116763740777969e-03
7.237317040562629700e-03
7.207849528640508652e-03
7.232478819787502289e-03
7.272073999047279358e-03
7.295542862266302109e-03
7.384912110865116119e-03
7.446833420544862747e-03
7.460149936378002167e-03
7.516938727349042892e-03
7.541949395090341568e-03
7.540928665548563004e-03
7.508278824388980865e-03
7.461652159690856934e-03
7.428582757711410522e-03
7.401780225336551666e-03
7.356808520853519440e-03
7.333692628890275955e-03
7.351688109338283539e-03
7.365462370216846466e-03
7.380816154181957245e-03
7.344450801610946655e-03
7.322681136429309845e-03
7.322681136429309845e-03
7.322681136429309845e-03
7.326055783778429031e-03
7.338271010667085648e-03
7.356610614806413651e-03
7.355655543506145477e-03
7.327885366976261139e-03
7.295255083590745926e-03
7.295255083590745926e-03
7.242471911013126373e-03
7.186074275523424149e-03
7.174910977482795715e-03
7.138243410736322403e-03
7.113991770893335342e-03
7.063896395266056061e-03
7.072189357131719589e-03
7.105743512511253357e-03
7.143459282815456390e-03
7.204852066934108734e-03
7.280351594090461731e-03
7.372401654720306396e-03
7.429701276123523712e-03
7.427755743265151978e-03
7.433006539940834045e-03
7.368143182247877121e-03
7.251865230500698090e-03
7.125144824385643005e-03
7.000632584095001221e-03
6.902669556438922882e-03
6.879294756799936295e-03
6.866720505058765411e-03
6.821565795689821243e-03
6.754981819540262222e-03
6.726661231368780136e-03
6.660705897957086563e-03
6.558958441019058228e-03
6.453689653426408768e-03
6.357769481837749481e-03
6.271783262491226196e-03
6.171715911477804184e-03
6.071264389902353287e-03
6.012252066284418106e-03
5.967708770185709000e-03
5.988368298858404160e-03
6.020626984536647797e-03
6.045600865036249161e-03
6.103892344981431961e-03
6.138914730399847031e-03
6.176809780299663544e-03
6.249854806810617447e-03
6.306482944637537003e-03
6.371029186993837357e-03
6.423258222639560699e-03
6.424013990908861160e-03
6.422512698918581009e-03
6.422946695238351822e-03
6.400469690561294556e-03
6.418071687221527100e-03
6.436042021960020065e-03
6.477997638285160065e-03
6.515631917864084244e-03
6.520195864140987396e-03
6.485722959041595459e-03
6.474871188402175903e-03
6.451384630054235458e-03
6.452625151723623276e-03
6.484542507678270340e-03
6.505771074444055557e-03
6.497262977063655853e-03
6.513394415378570557e-03
6.578597240149974823e-03
6.679941434413194656e-03
6.807741243392229080e-03
6.913039833307266235e-03
6.996545474976301193e-03
7.022848818451166153e-03
7.014067843556404114e-03
7.002548314630985260e-03
6.972292438149452209e-03
6.966636516153812408e-03
6.922905333340167999e-03
6.847647018730640411e-03
6.753245834261178970e-03
6.672795396298170090e-03
6.596128456294536591e-03
6.529767066240310669e-03
6.452894303947687149e-03
6.425941828638315201e-03
6.386078428477048874e-03
6.375021301209926605e-03
6.431176792830228806e-03
6.493111141026020050e-03
6.550901569426059723e-03
6.591409910470247269e-03
6.617556791752576828e-03
6.628255359828472137e-03
6.618908140808343887e-03
6.641024257987737656e-03
6.644827313721179962e-03
6.602238863706588745e-03
6.535984575748443604e-03
6.471999455243349075e-03
6.367021240293979645e-03
6.227714940905570984e-03
6.095178890973329544e-03
5.972234532237052917e-03
5.914857611060142517e-03
5.866874475032091141e-03
5.818559788167476654e-03
5.781775340437889099e-03
5.748444702476263046e-03
5.728341639041900635e-03
5.718155298382043839e-03
5.739776883274316788e-03
5.763050168752670288e-03
5.806512665003538132e-03
5.824288353323936462e-03
5.909299477934837341e-03
5.957755725830793381e-03
5.983449518680572510e-03
5.992321297526359558e-03
6.027691997587680817e-03
6.037895567715167999e-03
6.034733261913061142e-03
6.005400326102972031e-03
5.969748366624116898e-03
5.893067922443151474e-03
5.780815612524747849e-03
5.737431347370147705e-03
5.730010569095611572e-03
5.723110400140285492e-03
5.764212924987077713e-03
5.816441029310226440e-03
5.865683779120445251e-03
5.923131480813026428e-03
5.957721266895532608e-03
6.017674691975116730e-03
6.064549554139375687e-03
6.032543722540140152e-03
5.989925470203161240e-03
5.955380853265523911e-03
5.904343444854021072e-03
5.902999080717563629e-03
5.905338097363710403e-03
5.895111244171857834e-03
5.835363175719976425e-03
5.775918718427419662e-03
5.723069887608289719e-03
5.677516572177410126e-03
5.686984397470951080e-03
5.687050055712461472e-03
5.721644498407840729e-03
5.788656882941722870e-03
5.826709326356649399e-03
5.844969302415847778e-03
5.869946442544460297e-03
5.883350968360900879e-03
5.858983844518661499e-03
5.825263448059558868e-03
5.794168915599584579e-03
5.773507058620452881e-03
5.717692896723747253e-03
5.659402813762426376e-03
5.602934397757053375e-03
5.532972514629364014e-03
5.427557975053787231e-03
5.369051359593868256e-03
5.299781449139118195e-03
5.261959042400121689e-03
5.243638530373573303e-03
5.221261177211999893e-03
5.187744274735450745e-03
5.144880153238773346e-03
5.136074498295783997e-03
5.157925654202699661e-03
5.204868037253618240e-03
5.284856539219617844e-03
5.789638031274080276e-03
6.289415992796421051e-03
6.745632737874984741e-03
7.138356566429138184e-03
7.468000985682010651e-03
7.753714919090270996e-03
8.005990646779537201e-03
8.227559737861156464e-03
8.387920446693897247e-03
8.533265441656112671e-03
8.650397881865501404e-03
8.752964437007904053e-03
8.828093297779560089e-03
8.896995335817337036e-03
8.955148980021476746e-03
8.993394672870635986e-03
9.016599506139755249e-03
9.043512865900993347e-03
9.038655087351799011e-03
9.029685519635677338e-03
8.985770866274833679e-03
8.932807482779026031e-03
8.871695026755332947e-03
8.812905289232730865e-03
8.762634359300136566e-03
8.718754164874553680e-03
8.699365891516208649e-03
8.691664785146713257e-03
8.690153248608112335e-03
8.651930838823318481e-03
8.606405928730964661e-03
8.572378195822238922e-03
8.537913672626018524e-03
8.508122526109218597e-03
8.492086082696914673e-03
8.472501300275325775e-03
8.450787514448165894e-03
8.423969149589538574e-03
8.409186266362667084e-03
8.410556241869926453e-03
8.422042243182659149e-03
8.446528576314449310e-03
8.461352437734603882e-03
8.485955186188220978e-03
8.506367914378643036e-03
8.483350276947021484e-03
8.447485975921154022e-03
8.403775282204151154e-03
8.366335183382034302e-03
8.318715728819370270e-03
8.258141577243804932e-03
8.239230141043663025e-03
8.220170624554157257e-03
8.200147189199924469e-03
8.172438479959964752e-03
8.158043958246707916e-03
8.139038458466529846e-03
8.125838823616504669e-03
8.125140331685543060e-03
8.119313046336174011e-03
8.095790632069110870e-03
8.085306733846664429e-03
8.070687763392925262e-03
8.044401183724403381e-03
8.027319796383380890e-03
8.015157654881477356e-03
7.991470396518707275e-03
7.974755950272083282e-03
7.935399189591407776e-03
7.892495952546596527e-03
7.855768315494060516e-03
7.819566875696182251e-03
7.789203897118568420e-03
7.762333843857049942e-03
7.716184481978416443e-03
7.665726356208324432e-03
7.613163441419601440e-03
7.549650967121124268e-03
7.476124912500381470e-03
7.406376767903566360e-03
7.328553590923547745e-03
7.292956579476594925e-03
7.252794690430164337e-03
7.223810069262981415e-03
7.182187400758266449e-03
7.142599672079086304e-03
7.112917490303516388e-03
7.085472811013460159e-03
7.073934189975261688e-03
7.081354968249797821e-03
7.072106469422578812e-03
7.068203762173652649e-03
7.061768323183059692e-03
7.069995161145925522e-03
7.082899566739797592e-03
7.096363231539726257e-03
7.100089453160762787e-03
7.102826144546270370e-03
7.105753291398286819e-03
7.115378975868225098e-03
7.129559293389320374e-03
7.103778421878814697e-03
7.065532729029655457e-03
7.034983485937118530e-03
6.996870972216129303e-03
6.958540994673967361e-03
6.919435225427150726e-03
6.878692191094160080e-03
6.846587639302015305e-03
6.807050202041864395e-03
6.763343233615159988e-03
6.690997164696455002e-03
6.602985784411430359e-03
6.509955972433090210e-03
6.420939229428768158e-03
6.359816063195466995e-03
6.299153901636600494e-03
6.246784236282110214e-03
6.202737800776958466e-03
6.154051050543785095e-03
6.107882596552371979e-03
6.064311135560274124e-03
6.021365988999605179e-03
5.953160114586353302e-03
5.899120122194290161e-03
5.838718265295028687e-03
5.774631164968013763e-03
5.705796647816896439e-03
5.644331220537424088e-03
5.592721048742532730e-03
5.553840193897485733e-03
5.524108652025461197e-03
5.485633388161659241e-03
5.438069812953472137e-03
5.392625462263822556e-03
5.371138919144868851e-03
5.372676998376846313e-03
5.386040546000003815e-03
5.418241955339908600e-03
5.507060326635837555e-03
5.605973303318023682e-03
5.702126305550336838e-03
5.785901565104722977e-03
5.864815320819616318e-03
5.927776917815208435e-03
5.971222650259733200e-03
6.008528638631105423e-03
6.026113871484994888e-03
6.045478396117687225e-03
6.046496797353029251e-03
6.041842047125101089e-03
6.041604094207286835e-03
6.029525306075811386e-03
6.007243413478136063e-03
5.971090868115425110e-03
5.913571920245885849e-03
5.850767716765403748e-03
5.781556945294141769e-03
5.712171085178852081e-03
5.647604819387197495e-03
5.589360836893320084e-03
5.520588252693414688e-03
5.449523683637380600e-03
5.381952505558729172e-03
5.311888176947832108e-03
5.233338568359613419e-03
5.169820506125688553e-03
5.132700782269239426e-03
5.115246400237083435e-03
5.102054215967655182e-03
5.092475097626447678e-03
5.090163089334964752e-03
5.084326956421136856e-03
5.102368071675300598e-03
5.128496792167425156e-03
5.164940375834703445e-03
5.200745537877082825e-03
5.238963291049003601e-03
5.265473853796720505e-03
5.291225854307413101e-03
5.315904039889574051e-03
5.339666269719600677e-03
5.352119449526071548e-03
5.338515155017375946e-03
5.306373815983533859e-03
5.280643235892057419e-03
5.255002994090318680e-03
5.212773568928241730e-03
5.176120903342962265e-03
5.152216646820306778e-03
5.136959254741668701e-03
5.130203906446695328e-03
5.130749195814132690e-03
5.141036119312047958e-03
5.150527227669954300e-03
5.158408079296350479e-03
5.178130697458982468e-03
5.198426544666290283e-03
5.226304288953542709e-03
5.237649194896221161e-03
5.243868567049503326e-03
5.257232114672660828e-03
5.283843725919723511e-03
5.303100682795047760e-03
5.317847244441509247e-03
5.337715148925781250e-03
5.357177462428808212e-03
5.367317702621221542e-03
5.371634382754564285e-03
5.359831731766462326e-03
5.347627215087413788e-03
5.334284156560897827e-03
5.315325688570737839e-03
5.304406397044658661e-03
5.287975538522005081e-03
5.286620929837226868e-03
5.290642380714416504e-03
5.277519114315509796e-03
5.260405596345663071e-03
5.254306830465793610e-03
5.253493320196866989e-03
5.264748353511095047e-03
5.281068850308656693e-03
5.314458161592483521e-03
5.347338970750570297e-03
5.378624424338340759e-03
5.403725430369377136e-03
5.424335598945617676e-03
5.450991448014974594e-03
5.464388523250818253e-03
5.475822370499372482e-03
5.492365919053554535e-03
5.506535992026329041e-03
5.523393861949443817e-03
5.531332455575466156e-03
5.536925047636032104e-03
5.536670330911874771e-03
5.540938582271337509e-03
5.549526773393154144e-03
5.530252587050199509e-03
5.502965301275253296e-03
5.484699737280607224e-03
5.468130577355623245e-03
5.443273112177848816e-03
5.422567948698997498e-03
5.390031263232231140e-03
5.349754355847835541e-03
5.311903078109025955e-03
5.282898433506488800e-03
5.258490331470966339e-03
5.225846078246831894e-03
5.196918733417987823e-03
5.158306099474430084e-03
5.136365070939064026e-03
5.107917357236146927e-03
5.077064968645572662e-03
5.024851299822330475e-03
4.976447671651840210e-03
4.939342848956584930e-03
4.922169260680675507e-03
4.896603059023618698e-03
4.871759563684463501e-03
4.856843501329421997e-03
4.836537409573793411e-03
4.830448422580957413e-03
4.821212496608495712e-03
4.819847643375396729e-03
4.823383409529924393e-03
4.831046797335147858e-03
4.838606342673301697e-03
4.824412055313587189e-03
4.811452236026525497e-03
4.789284430444240570e-03
4.777411464601755142e-03
4.762905649840831757e-03
4.756064154207706451e-03
4.752697888761758804e-03
4.745993297547101974e-03
4.732682835310697556e-03
4.734212066978216171e-03
4.742448683828115463e-03
4.736314062029123306e-03
4.725498612970113754e-03
4.711040761321783066e-03
4.710070788860321045e-03
4.693467170000076294e-03
4.695802461355924606e-03
4.703442100435495377e-03
4.716110415756702423e-03
4.735539667308330536e-03
4.743862431496381760e-03
4.740193951874971390e-03
4.735112190246582031e-03
4.732169210910797119e-03
4.733261186629533768e-03
4.728575237095355988e-03
4.729066509753465652e-03
4.735353402793407440e-03
4.738521762192249298e-03
4.738577175885438919e-03
4.734649322926998138e-03
4.724938422441482544e-03
4.702130332589149475e-03
4.681759048253297806e-03
4.659329541027545929e-03
4.638836253434419632e-03
4.615590441972017288e-03
4.608352668583393097e-03
4.613602999597787857e-03
4.624257795512676239e-03
4.637099336832761765e-03
4.637110047042369843e-03
4.626219160854816437e-03
4.617576021701097488e-03
4.599768202751874924e-03
4.588160663843154907e-03
4.584351554512977600e-03
4.577246494591236115e-03
4.563239403069019318e-03
4.543825984001159668e-03
4.517799708992242813e-03
4.503075033426284790e-03
4.481752403080463409e-03
4.460837226361036301e-03
4.437104333192110062e-03
4.415723029524087906e-03
4.388489294797182083e-03
4.360612016171216965e-03
4.352615680545568466e-03
4.354140721261501312e-03
4.358833655714988708e-03
4.365861881524324417e-03
4.385538399219512939e-03
4.400857724249362946e-03
4.421154037117958069e-03
4.443070851266384125e-03
4.462063312530517578e-03
4.480854608118534088e-03
4.484616219997406006e-03
4.480770323425531387e-03
4.445243626832962036e-03
4.399255849421024323e-03
4.367512185126543045e-03
4.342749249190092087e-03
4.320365842431783676e-03
4.292012657970190048e-03
4.257028456777334213e-03
4.221211653202772141e-03
4.209816921502351761e-03
4.201724659651517868e-03
4.186816047877073288e-03
4.178036469966173172e-03
4.172919783741235733e-03
4.169705789536237717e-03
4.170842934399843216e-03
4.171228501945734024e-03
4.183121025562286377e-03
4.190503153949975967e-03
4.199313931167125702e-03
4.205618984997272491e-03
4.208587575703859329e-03
4.212751518934965134e-03
4.213389009237289429e-03
4.207136575132608414e-03
4.199535585939884186e-03
4.187026526778936386e-03
4.175201058387756348e-03
4.176648799329996109e-03
4.184709861874580383e-03
4.189066123217344284e-03
4.190048202872276306e-03
4.194469191133975983e-03
4.200531635433435440e-03
4.212979692965745926e-03
4.256320651620626450e-03
4.296269733458757401e-03
4.336068406701087952e-03
4.376974888145923615e-03
4.423678386956453323e-03
4.472776316106319427e-03
4.521921742707490921e-03
4.548490047454833984e-03
4.557993728667497635e-03
4.563369322568178177e-03
4.576074425131082535e-03
4.596645478159189224e-03
4.615321755409240723e-03
4.631276242434978485e-03
4.651020281016826630e-03
4.679001402109861374e-03
4.708500113338232040e-03
4.745120648294687271e-03
4.771149251610040665e-03
4.790660459548234940e-03
4.809203557670116425e-03
4.831522237509489059e-03
4.847561940550804138e-03
4.853545688092708588e-03
4.862135741859674454e-03
4.860115237534046173e-03
4.845000803470611572e-03
4.826719406992197037e-03
4.797261208295822144e-03
4.772138781845569611e-03
4.768623970448970795e-03
4.765396937727928162e-03
4.754520021378993988e-03
4.741958342492580414e-03
4.726252984255552292e-03
4.710330627858638763e-03
4.694643896073102951e-03
4.684511106461286545e-03
4.690792877227067947e-03
4.695205483585596085e-03
4.695467650890350342e-03
4.686811473220586777e-03
4.678544588387012482e-03
4.661662969738245010e-03
4.635978490114212036e-03
4.623606335371732712e-03
4.612612538039684296e-03
4.600260872393846512e-03
4.592132754623889923e-03
4.580849781632423401e-03
4.571576602756977081e-03
4.574593622237443924e-03
4.583510104566812515e-03
4.584571346640586853e-03
4.580311011523008347e-03
4.571935161948204041e-03
4.566253162920475006e-03
4.562201444059610367e-03
4.560791421681642532e-03
4.564849194139242172e-03
4.553899634629487991e-03
4.546558018773794174e-03
4.541512578725814819e-03
4.531059879809617996e-03
4.516751971095800400e-03
4.509092308580875397e-03
4.515443462878465652e-03
4.509882535785436630e-03
4.515867680311203003e-03
4.508397076278924942e-03
4.494785796850919724e-03
4.484705626964569092e-03
4.477489273995161057e-03
4.467897117137908936e-03
4.471921361982822418e-03
4.475643858313560486e-03
4.495621193200349808e-03
4.505506251007318497e-03
4.518026020377874374e-03
4.519422072917222977e-03
4.522201605141162872e-03
4.528093617409467697e-03
4.522500559687614441e-03
4.503184929490089417e-03
4.484680481255054474e-03
4.472994245588779449e-03
4.460496827960014343e-03
4.448234569281339645e-03
4.437519703060388565e-03
4.420552402734756470e-03
4.396314732730388641e-03
4.382883664220571518e-03
4.371320363134145737e-03
4.365086555480957031e-03
4.345114808529615402e-03
4.321510437875986099e-03
4.302742425352334976e-03
4.290764685720205307e-03
4.277312196791172028e-03
4.261980298906564713e-03
4.245799034833908081e-03
4.234737250953912735e-03
4.214816726744174957e-03
4.209575708955526352e-03
4.196497611701488495e-03
4.199079703539609909e-03
4.209022503346204758e-03
4.219850525259971619e-03
4.224575124680995941e-03
4.229310899972915649e-03
4.231649450957775116e-03
4.241509363055229187e-03
4.232299048453569412e-03
4.217272624373435974e-03
4.195590969175100327e-03
4.181760828942060471e-03
4.177052062004804611e-03
4.181351047009229660e-03
4.190942738205194473e-03
4.205858334898948669e-03
4.214881919324398041e-03
4.217455163598060608e-03
4.286341369152069092e-03
4.349173977971076965e-03
4.391424823552370071e-03
4.433794878423213959e-03
4.463360179215669632e-03
4.493725486099720001e-03
4.522760398685932159e-03
4.543278366327285767e-03
4.556584637612104416e-03
4.558925051242113113e-03
4.561915993690490723e-03
4.551500082015991211e-03
4.540876951068639755e-03
4.534556996077299118e-03
4.506610333919525146e-03
4.480203613638877869e-03
4.442862700670957565e-03
4.411537665873765945e-03
4.382370505481958389e-03
4.349389113485813141e-03
4.328520502895116806e-03
4.321152344346046448e-03
4.323429428040981293e-03
4.329208750277757645e-03
4.341526888310909271e-03
4.359524697065353394e-03
4.388992674648761749e-03
4.421126097440719604e-03
4.436512943357229233e-03
4.459550604224205017e-03
4.490278661251068115e-03
4.511354956775903702e-03
4.533596802502870560e-03
4.547347780317068100e-03
4.563370719552040100e-03
4.589025862514972687e-03
4.615973215550184250e-03
4.650696646422147751e-03
4.685337655246257782e-03
4.711188375949859619e-03
4.732310771942138672e-03
4.754741676151752472e-03
4.777800291776657104e-03
4.791745916008949280e-03
4.801317118108272552e-03
4.802229348570108414e-03
4.791317507624626160e-03
4.784583114087581635e-03
4.768765997141599655e-03
4.768881481140851974e-03
4.762293305248022079e-03
4.740244243294000626e-03
4.719994962215423584e-03
4.685353953391313553e-03
4.656626842916011810e-03
4.630865063518285751e-03
4.602676723152399063e-03
4.579900763928890228e-03
4.555040039122104645e-03
4.532874561846256256e-03
4.508016165345907211e-03
4.490588326007127762e-03
4.470177460461854935e-03
4.454695153981447220e-03
4.438291303813457489e-03
4.414031747728586197e-03
4.385180305689573288e-03
4.359687678515911102e-03
4.327078349888324738e-03
4.294858314096927643e-03
4.272268153727054596e-03
4.239830654114484787e-03
4.217212554067373276e-03
4.199103917926549911e-03
4.187086597084999084e-03
4.178085364401340485e-03
4.171963315457105637e-03
4.160265903919935226e-03
4.144025035202503204e-03
4.120002500712871552e-03
4.106836393475532532e-03
4.093793686479330063e-03
4.087653011083602905e-03
4.088399931788444519e-03
4.092799499630928040e-03
4.102606792002916336e-03
4.110726062208414078e-03
4.121328704059123993e-03
4.121018107980489731e-03
4.117804579436779022e-03
4.129258915781974792e-03
4.136421717703342438e-03
4.146706312894821167e-03
4.162560217082500458e-03
4.179764073342084885e-03
4.206944257020950317e-03
4.236643202602863312e-03
4.259375855326652527e-03
4.282957408577203751e-03
4.292679484933614731e-03
4.302030894905328751e-03
4.308459814637899399e-03
4.316192120313644409e-03
4.326034337282180786e-03
4.335262812674045563e-03
4.330714233219623566e-03
4.321003798395395279e-03
4.318485036492347717e-03
4.313843324780464172e-03
4.306858405470848083e-03
4.305269569158554077e-03
4.296734929084777832e-03
4.293056670576334000e-03
4.290080163627862930e-03
4.290749318897724152e-03
4.300663713365793228e-03
4.314921330660581589e-03
4.333236254751682281e-03
4.364904947578907013e-03
4.394330084323883057e-03
4.421924240887165070e-03
4.445086698979139328e-03
4.464962519705295563e-03
4.473370499908924103e-03
4.470992833375930786e-03
4.471760708838701248e-03
4.477353300899267197e-03
4.486360121518373489e-03
4.495526198297739029e-03
4.496398381888866425e-03
4.491023253649473190e-03
4.476496949791908264e-03
4.460460972040891647e-03
4.446489270776510239e-03
4.431420937180519104e-03
4.424406681209802628e-03
4.418707452714443207e-03
4.415665753185749054e-03
4.395199008285999298e-03
4.377981647849082947e-03
4.364054650068283081e-03
4.355023149400949478e-03
4.337591119110584259e-03
4.323936533182859421e-03
4.320601932704448700e-03
4.325217101722955704e-03
4.330435767769813538e-03
4.346789326518774033e-03
4.365472588688135147e-03
4.373274743556976318e-03
4.380281548947095871e-03
4.392837639898061752e-03
4.399404861032962799e-03
4.393718205392360687e-03
4.381005652248859406e-03
4.375318530946969986e-03
4.366160370409488678e-03
4.362822975963354111e-03
4.359598271548748016e-03
4.358169157058000565e-03
4.354980774223804474e-03
4.337317775934934616e-03
4.322545602917671204e-03
4.309870768338441849e-03
4.303114954382181168e-03
4.297234117984771729e-03
4.297140985727310181e-03
4.302072804421186447e-03
4.307524766772985458e-03
4.306780640035867691e-03
4.307176452130079269e-03
4.314772784709930420e-03
4.317024257034063339e-03
4.312205128371715546e-03
4.307612776756286621e-03
4.302639979869127274e-03
4.295877646654844284e-03
4.290396347641944885e-03
4.278765060007572174e-03
4.273068159818649292e-03
4.264873452484607697e-03
4.260506946593523026e-03
4.251264035701751709e-03
4.242218099534511566e-03
4.221918992698192596e-03
4.207327496260404587e-03
4.212693776935338974e-03
4.213450476527214050e-03
4.217146430164575577e-03
4.216186702251434326e-03
4.223019350320100784e-03
4.244494251906871796e-03
4.268690478056669235e-03
4.295016638934612274e-03
4.315818659961223602e-03
4.331617150455713272e-03
4.346575587987899780e-03
4.360532853752374649e-03
4.367265384644269943e-03
4.374042619019746780e-03
4.388074856251478195e-03
4.402751103043556213e-03
4.415095318108797073e-03
4.432307556271553040e-03
4.434593953192234039e-03
4.446119070053100586e-03
4.454429727047681808e-03
4.458144307136535645e-03
4.456346854567527771e-03
4.463013261556625366e-03
4.466675221920013428e-03
4.465430509299039841e-03
4.470060113817453384e-03
4.479652270674705505e-03
4.486966412514448166e-03
4.493433050811290741e-03
4.492100328207015991e-03
4.493116401135921478e-03
4.496261011809110641e-03
4.490409046411514282e-03
4.487073514610528946e-03
4.484907723963260651e-03
4.483730532228946686e-03
4.481615498661994934e-03
4.479190334677696228e-03
4.480720963329076767e-03
4.482876975089311600e-03
4.484349861741065979e-03
4.485547076910734177e-03
4.483400844037532806e-03
4.452139139175415039e-03
4.429006483405828476e-03
4.403007216751575470e-03
4.374145064502954483e-03
4.344671964645385742e-03
4.316760227084159851e-03
4.292272962629795074e-03
4.271612968295812607e-03
4.252467304468154907e-03
4.232668317854404449e-03
4.202812444418668747e-03
4.181397613137960434e-03
4.162420053035020828e-03
4.142864141613245010e-03
4.125699866563081741e-03
4.105730447918176651e-03
4.083442036062479019e-03
4.061884246766567230e-03
4.032420925796031952e-03
4.007534123957157135e-03
3.982651047408580780e-03
3.961403854191303253e-03
3.945688251405954361e-03
4.139135591685771942e-03
4.412192385643720627e-03
4.724901635199785233e-03
5.050930660218000412e-03
5.373817868530750275e-03
5.684350617229938507e-03
5.975961685180664062e-03
6.247896701097488403e-03
6.499452516436576843e-03
6.730723660439252853e-03
6.942505016922950745e-03
7.134703453630208969e-03
7.309652399271726608e-03
7.468712050467729568e-03
7.612996269017457962e-03
7.743913680315017700e-03
7.861617021262645721e-03
7.968229241669178009e-03
8.064530789852142334e-03
8.151552639901638031e-03
8.230203762650489807e-03
8.300874382257461548e-03
8.364568464457988739e-03
8.422098122537136078e-03
8.473981171846389771e-03
8.520849049091339111e-03
8.562804199755191803e-03
8.600628934800624847e-03
8.634830825030803680e-03
8.665558882057666779e-03
8.693234063684940338e-03
8.718119002878665924e-03
8.740508928894996643e-03
8.760715834796428680e-03
8.778839372098445892e-03
8.795264177024364471e-03
8.809927850961685181e-03
8.823119103908538818e-03
8.835053071379661560e-03
8.845702745020389557e-03
8.855409920215606689e-03
8.864147588610649109e-03
8.871887810528278351e-03
8.878892287611961365e-03
8.885303512215614319e-03
8.890981785953044891e-03
8.896130137145519257e-03
8.900664746761322021e-03
8.904871530830860138e-03
8.908510208129882812e-03
8.911994285881519318e-03
8.914937265217304230e-03
8.917646482586860657e-03
8.920064195990562439e-03
8.922287262976169586e-03
8.924261666834354401e-03
8.926021866500377655e-03
8.927566930651664734e-03
8.929030038416385651e-03
8.930371142923831940e-03
8.931562304496765137e-03
8.932640776038169861e-03
8.933522738516330719e-03
8.934371173381805420e-03
8.935170248150825500e-03
8.935846388339996338e-03
8.936346508562564850e-03
8.936991915106773376e-03
8.937475271522998810e-03
8.937975391745567322e-03
8.938405662775039673e-03
8.938687853515148163e-03
8.939072489738464355e-03
8.939358405768871307e-03
8.939677849411964417e-03
8.939848281443119049e-03
8.940046653151512146e-03
8.940323255956172943e-03
8.940419182181358337e-03
8.940579369664192200e-03
8.940742351114749908e-03
8.940811268985271454e-03
8.940966799855232239e-03
8.941054344177246094e-03
8.941099047660827637e-03
8.941189385950565338e-03
8.941325359046459198e-03
8.941357955336570740e-03
8.941474370658397675e-03
8.941512554883956909e-03
8.941525593400001526e-03
8.941587060689926147e-03
8.941605687141418457e-03
8.941690437495708466e-03
8.941700682044029236e-03
8.941715583205223083e-03
8.941733278334140778e-03
8.941738866269588470e-03
8.941750973463058472e-03
8.941760286688804626e-03
8.941771462559700012e-03
8.941814303398132324e-03
8.941822685301303864e-03
8.941833861172199249e-03
8.941841311752796173e-03
8.941886015236377716e-03
8.941891603171825409e-03
8.941892534494400024e-03
8.941903710365295410e-03
8.941903710365295410e-03
8.941903710365295410e-03
8.941911160945892334e-03
8.941911160945892334e-03
8.941911160945892334e-03
8.941911160945892334e-03
8.941921405494213104e-03
8.941921405494213104e-03
8.941921405494213104e-03
8.941921405494213104e-03
8.941921405494213104e-03
8.941921405494213104e-03
8.941921405494213104e-03
8.941928856074810028e-03
8.941928856074810028e-03
8.941928856074810028e-03
8.941928856074810028e-03
8.941928856074810028e-03
8.941928856074810028e-03
8.941928856074810028e-03
8.941928856074810028e-03
8.941928856074810028e-03
8.941928856074810028e-03
8.941928856074810028e-03
8.941928856074810028e-03
8.941928856074810028e-03
8.941928856074810028e-03
8.941928856074810028e-03
8.941928856074810028e-03
8.941928856074810028e-03
8.941928856074810028e-03
8.941928856074810028e-03
8.941928856074810028e-03
8.941928856074810028e-03
8.941928856074810028e-03
8.941928856074810028e-03
8.941928856074810028e-03
8.941928856074810028e-03
8.941928856074810028e-03
8.941928856074810028e-03
8.941928856074810028e-03
8.941928856074810028e-03
8.941928856074810028e-03
8.941928856074810028e-03
8.941928856074810028e-03
8.941928856074810028e-03
8.941928856074810028e-03
8.941928856074810028e-03
8.941928856074810028e-03
8.941928856074810028e-03
8.941928856074810028e-03
8.941928856074810028e-03
8.941928856074810028e-03
8.941928856074810028e-03
8.941928856074810028e-03
8.941928856074810028e-03
8.941928856074810028e-03
8.941928856074810028e-03
8.941928856074810028e-03
8.941928856074810028e-03
8.941928856074810028e-03
8.941928856074810028e-03
8.941928856074810028e-03
8.941928856074810028e-03
8.941928856074810028e-03
8.941928856074810028e-03
8.941928856074810028e-03
8.941928856074810028e-03
8.941928856074810028e-03
8.941928856074810028e-03
8.941928856074810028e-03
8.941928856074810028e-03
8.941928856074810028e-03
8.941928856074810028e-03
8.941928856074810028e-03
8.941928856074810028e-03
8.941928856074810028e-03
8.941928856074810028e-03
8.941928856074810028e-03
8.941928856074810028e-03
8.941928856074810028e-03
8.941928856074810028e-03
8.941928856074810028e-03
8.941928856074810028e-03
8.941928856074810028e-03
8.941928856074810028e-03
8.941928856074810028e-03
8.941928856074810028e-03
8.941928856074810028e-03
8.941928856074810028e-03
8.941928856074810028e-03
8.941928856074810028e-03
8.941928856074810028e-03
8.941928856074810028e-03
