-5.843389034271240234e-02,5.714112520217895508e-02,3.759665042161941528e-02
-5.843389034271240234e-02,5.714112520217895508e-02,3.759665042161941528e-02
-5.943381786346435547e-02,5.814111232757568359e-02,3.659665957093238831e-02
-5.915951728820800781e-02,5.905127525329589844e-02,3.639659285545349121e-02
-5.849277973175048828e-02,5.941867828369140625e-02,3.619050234556198120e-02
-5.790007114410400391e-02,5.931657552719116211e-02,3.593336790800094604e-02
-5.729115009307861328e-02,5.922275781631469727e-02,3.627180308103561401e-02
-5.678689479827880859e-02,5.914074182510375977e-02,3.680267557501792908e-02
-5.617904663085937500e-02,5.883675813674926758e-02,3.655187040567398071e-02
-5.550515651702880859e-02,5.855613946914672852e-02,3.657419234514236450e-02
-5.489599704742431641e-02,5.842179059982299805e-02,3.641835227608680725e-02
-5.435228347778320312e-02,5.834466218948364258e-02,3.638192266225814819e-02
-5.391716957092285156e-02,5.857044458389282227e-02,3.612072020769119263e-02
-5.356311798095703125e-02,5.865073204040527344e-02,3.573291003704071045e-02
-5.376720428466796875e-02,5.854880809783935547e-02,3.544068336486816406e-02
-5.393207073211669922e-02,5.842655897140502930e-02,3.525369614362716675e-02
-5.392551422119140625e-02,5.843734741210937500e-02,3.510823845863342285e-02
-5.391764640808105469e-02,5.825197696685791016e-02,3.479744121432304382e-02
-5.403733253479003906e-02,5.792444944381713867e-02,3.470316529273986816e-02
-5.419409275054931641e-02,5.763244628906250000e-02,3.453094512224197388e-02
-5.425930023193359375e-02,5.744981765747070312e-02,3.441292047500610352e-02
-5.426096916198730469e-02,5.743056535720825195e-02,3.445995226502418518e-02
-5.433857440948486328e-02,5.725544691085815430e-02,3.441436216235160828e-02
-5.452072620391845703e-02,5.703830718994140625e-02,3.429639711976051331e-02
-5.458092689514160156e-02,5.682516098022460938e-02,3.420229628682136536e-02
-5.467855930328369141e-02,5.647563934326171875e-02,3.397952765226364136e-02
-5.480909347534179688e-02,5.599260330200195312e-02,3.367336094379425049e-02
-5.496203899383544922e-02,5.540162324905395508e-02,3.335740044713020325e-02
-5.508649349212646484e-02,5.475485324859619141e-02,3.300705552101135254e-02
-5.524408817291259766e-02,5.405181646347045898e-02,3.325707092881202698e-02
-5.534029006958007812e-02,5.328470468521118164e-02,3.332441300153732300e-02
-5.538940429687500000e-02,5.263674259185791016e-02,3.338540345430374146e-02
-5.545520782470703125e-02,5.208522081375122070e-02,3.337300941348075867e-02
-5.550742149353027344e-02,5.160909891128540039e-02,3.340510278940200806e-02
-5.558931827545166016e-02,5.132782459259033203e-02,3.332553058862686157e-02
-5.554449558258056641e-02,5.119431018829345703e-02,3.317088261246681213e-02
-5.548286437988281250e-02,5.114519596099853516e-02,3.291452676057815552e-02
-5.542528629302978516e-02,5.127811431884765625e-02,3.275816887617111206e-02
-5.526340007781982422e-02,5.153888463973999023e-02,3.267114609479904175e-02
-5.526769161224365234e-02,5.149108171463012695e-02,3.260179981589317322e-02
-5.523061752319335938e-02,5.139535665512084961e-02,3.255116194486618042e-02
-5.523538589477539062e-02,5.141472816467285156e-02,3.259882703423500061e-02
-5.516076087951660156e-02,5.144190788269042969e-02,3.252603113651275635e-02
-5.517315864562988281e-02,5.148005485534667969e-02,3.250698000192642212e-02
-5.507028102874755859e-02,5.135780572891235352e-02,3.245025128126144409e-02
-5.494332313537597656e-02,5.128532648086547852e-02,3.236055001616477966e-02
-5.462980270385742188e-02,5.153208971023559570e-02,3.224387019872665405e-02
-5.433666706085205078e-02,5.177253484725952148e-02,3.208177536725997925e-02
-5.403387546539306641e-02,5.225890874862670898e-02,3.214499726891517639e-02
-5.358433723449707031e-02,5.292004346847534180e-02,3.208922967314720154e-02
-5.315518379211425781e-02,5.356013774871826172e-02,3.208978474140167236e-02
-5.283319950103759766e-02,5.361354351043701172e-02,3.203884512186050415e-02
-5.253112316131591797e-02,5.368185043334960938e-02,3.202033787965774536e-02
-5.215537548065185547e-02,5.370348691940307617e-02,3.195880353450775146e-02
-5.187010765075683594e-02,5.369526147842407227e-02,3.186605870723724365e-02
-5.163526535034179688e-02,5.362582206726074219e-02,3.166771307587623596e-02
-5.134367942810058594e-02,5.362010002136230469e-02,3.151862323284149170e-02
-5.101740360260009766e-02,5.370134115219116211e-02,3.132695704698562622e-02
-5.075848102569580078e-02,5.376601219177246094e-02,3.117062710225582123e-02
-5.085027217864990234e-02,5.401486158370971680e-02,3.099426254630088806e-02
-5.113291740417480469e-02,5.421388149261474609e-02,3.081848099827766418e-02
-5.128335952758789062e-02,5.437439680099487305e-02,3.054596856236457825e-02
-5.150461196899414062e-02,5.438685417175292969e-02,3.050113469362258911e-02
-5.163717269897460938e-02,5.442810058593750000e-02,3.024816699326038361e-02
-5.182993412017822266e-02,5.445581674575805664e-02,2.993902377784252167e-02
-5.197346210479736328e-02,5.450379848480224609e-02,2.959806099534034729e-02
-5.216693878173828125e-02,5.447900295257568359e-02,2.934574708342552185e-02
-5.232608318328857422e-02,5.442637205123901367e-02,2.859851904213428497e-02
-5.241286754608154297e-02,5.435055494308471680e-02,2.774375490844249725e-02
-5.257189273834228516e-02,5.425316095352172852e-02,2.709630504250526428e-02
-5.267810821533203125e-02,5.415093898773193359e-02,2.646679617464542389e-02
-5.273342132568359375e-02,5.421912670135498047e-02,2.600604109466075897e-02
-5.275034904479980469e-02,5.430054664611816406e-02,2.559172362089157104e-02
-5.276715755462646484e-02,5.436331033706665039e-02,2.526505850255489349e-02
-5.290389060974121094e-02,5.440652370452880859e-02,2.496724575757980347e-02
-5.268466472625732422e-02,5.439209938049316406e-02,2.465510368347167969e-02
-5.239307880401611328e-02,5.432796478271484375e-02,2.441047132015228271e-02
-5.208754539489746094e-02,5.424928665161132812e-02,2.414172142744064331e-02
-5.182433128356933594e-02,5.402898788452148438e-02,2.384656853973865509e-02
-5.159223079681396484e-02,5.379897356033325195e-02,2.361135929822921753e-02
-5.135238170623779297e-02,5.366718769073486328e-02,2.342600561678409576e-02
-5.110359191894531250e-02,5.349576473236083984e-02,2.316066436469554901e-02
-5.079591274261474609e-02,5.345374345779418945e-02,2.286748401820659637e-02
-5.071425437927246094e-02,5.336797237396240234e-02,2.265665866434574127e-02
-5.058038234710693359e-02,5.332744121551513672e-02,2.241913601756095886e-02
-5.047893524169921875e-02,5.327951908111572266e-02,2.216640487313270569e-02
-5.043590068817138672e-02,5.304223299026489258e-02,2.187160216271877289e-02
-5.039870738983154297e-02,5.276203155517578125e-02,2.161078527569770813e-02
-5.036520957946777344e-02,5.248028039932250977e-02,2.129043638706207275e-02
-5.044448375701904297e-02,5.210888385772705078e-02,2.103338018059730530e-02
-5.053043365478515625e-02,5.178964138031005859e-02,2.076690271496772766e-02
-5.052268505096435547e-02,5.148458480834960938e-02,2.066820487380027771e-02
-5.053567886352539062e-02,5.115246772766113281e-02,2.054388634860515594e-02
-5.063748359680175781e-02,5.072420835494995117e-02,2.036131545901298523e-02
-5.074727535247802734e-02,5.026131868362426758e-02,2.012133598327636719e-02
-5.085825920104980469e-02,4.989510774612426758e-02,1.996003463864326477e-02
-5.092418193817138672e-02,4.958599805831909180e-02,1.979505829513072968e-02
-5.087459087371826172e-02,4.928773641586303711e-02,1.958026364445686340e-02
-5.077207088470458984e-02,4.904341697692871094e-02,1.926258020102977753e-02
-5.063927173614501953e-02,4.883176088333129883e-02,1.894281618297100067e-02
-5.043649673461914062e-02,4.877942800521850586e-02,1.862890459597110748e-02
-5.014240741729736328e-02,4.877501726150512695e-02,1.833667606115341187e-02
-4.982471466064453125e-02,4.891592264175415039e-02,1.820909976959228516e-02
-4.953074455261230469e-02,4.909026622772216797e-02,1.818319782614707947e-02
-4.922008514404296875e-02,4.938948154449462891e-02,1.808988116681575775e-02
-4.930937290191650391e-02,4.939085245132446289e-02,1.802236959338188171e-02
-4.928064346313476562e-02,4.946947097778320312e-02,1.794195547699928284e-02
-4.926645755767822266e-02,4.956519603729248047e-02,1.783667877316474915e-02
-4.920363426208496094e-02,4.967373609542846680e-02,1.789898425340652466e-02
-4.911661148071289062e-02,4.974877834320068359e-02,1.800668239593505859e-02
-4.885816574096679688e-02,5.002874135971069336e-02,1.786463707685470581e-02
-4.852390289306640625e-02,5.032855272293090820e-02,1.772016473114490509e-02
-4.820537567138671875e-02,5.087405443191528320e-02,1.753472164273262024e-02
-4.783666133880615234e-02,5.130088329315185547e-02,1.727468706667423248e-02
-4.745733737945556641e-02,5.168437957763671875e-02,1.711983233690261841e-02
-4.715204238891601562e-02,5.203497409820556641e-02,1.696857623755931854e-02
-4.684495925903320312e-02,5.229109525680541992e-02,1.680826209485530853e-02
-4.654920101165771484e-02,5.249118804931640625e-02,1.658371649682521820e-02
-4.639160633087158203e-02,5.260473489761352539e-02,1.630120538175106049e-02
-4.650402069091796875e-02,5.272942781448364258e-02,1.635078527033329010e-02
-4.666686058044433594e-02,5.262726545333862305e-02,1.633105799555778503e-02
-4.653275012969970703e-02,5.219835042953491211e-02,1.580963097512722015e-02
-4.645538330078125000e-02,5.167615413665771484e-02,1.530032511800527573e-02
-4.639971256256103516e-02,5.117362737655639648e-02,1.487602852284908295e-02
-4.638898372650146484e-02,5.067640542984008789e-02,1.442377641797065735e-02
-4.631936550140380859e-02,5.026167631149291992e-02,1.398190669715404510e-02
-4.621076583862304688e-02,4.988574981689453125e-02,1.352395862340927124e-02
-4.610979557037353516e-02,4.951596260070800781e-02,1.305305026471614838e-02
-4.606175422668457031e-02,4.910808801651000977e-02,1.263631507754325867e-02
-4.590892791748046875e-02,4.871451854705810547e-02,1.224647834897041321e-02
-4.582524299621582031e-02,4.819750785827636719e-02,1.185774058103561401e-02
-4.532229900360107422e-02,4.791790246963500977e-02,1.123969815671443939e-02
-4.481899738311767578e-02,4.765427112579345703e-02,1.063150819391012192e-02
-4.432165622711181641e-02,4.732733964920043945e-02,1.009282749146223068e-02
-4.388535022735595703e-02,4.692107439041137695e-02,9.557851590216159821e-03
-4.352104663848876953e-02,4.650753736495971680e-02,9.040852077305316925e-03
-4.315316677093505859e-02,4.610264301300048828e-02,8.531355299055576324e-03
-4.282939434051513672e-02,4.567003250122070312e-02,8.014113642275333405e-03
-4.251670837402343750e-02,4.525989294052124023e-02,7.579405792057514191e-03
-4.217505455017089844e-02,4.490727186203002930e-02,7.137256674468517303e-03
-4.181516170501708984e-02,4.454731941223144531e-02,6.720793433487415314e-03
-4.123771190643310547e-02,4.416823387145996094e-02,6.015178747475147247e-03
-4.072201251983642578e-02,4.375582933425903320e-02,5.359419621527194977e-03
-4.021739959716796875e-02,4.341191053390502930e-02,4.749570973217487335e-03
-3.966307640075683594e-02,4.311352968215942383e-02,4.205507226288318634e-03
-3.906905651092529297e-02,4.283183813095092773e-02,3.703095950186252594e-03
-3.863203525543212891e-02,4.257315397262573242e-02,3.269026055932044983e-03
-3.822040557861328125e-02,4.229682683944702148e-02,2.887764945626258850e-03
-3.792905807495117188e-02,4.199498891830444336e-02,2.515314146876335144e-03
-3.763723373413085938e-02,4.174757003784179688e-02,2.235596999526023865e-03
-3.732550144195556641e-02,4.156482219696044922e-02,1.993542537093162537e-03
-3.680467605590820312e-02,4.176253080368041992e-02,1.690709963440895081e-03
-3.629505634307861328e-02,4.197829961776733398e-02,1.399001106619834900e-03
-3.573369979858398438e-02,4.220080375671386719e-02,1.138182356953620911e-03
-3.526818752288818359e-02,4.236561059951782227e-02,8.207727223634719849e-04
-3.516244888305664062e-02,4.243075847625732422e-02,8.535850793123245239e-04
-3.509438037872314453e-02,4.243934154510498047e-02,7.994007319211959839e-04
-3.501248359680175781e-02,4.240036010742187500e-02,7.583145052194595337e-04
-3.495371341705322266e-02,4.239547252655029297e-02,7.830727845430374146e-04
-3.471720218658447266e-02,4.259598255157470703e-02,6.683003157377243042e-04
-3.446161746978759766e-02,4.275739192962646484e-02,5.792286247014999390e-04
-3.430795669555664062e-02,4.284435510635375977e-02,5.121286958456039429e-04
-3.403711318969726562e-02,4.308408498764038086e-02,3.874432295560836792e-04
-3.380560874938964844e-02,4.325538873672485352e-02,3.444422036409378052e-04
-3.361868858337402344e-02,4.341834783554077148e-02,2.902913838624954224e-04
-3.346335887908935547e-02,4.356503486633300781e-02,2.437327057123184204e-04
-3.327929973602294922e-02,4.365825653076171875e-02,1.174788922071456909e-04
-3.300666809082031250e-02,4.374295473098754883e-02,-1.350417733192443848e-06
-3.280675411224365234e-02,4.384082555770874023e-02,-6.196089088916778564e-05
-3.272271156311035156e-02,4.383212327957153320e-02,-1.055803149938583374e-04
-3.263139724731445312e-02,4.377931356430053711e-02,-9.098462760448455811e-05
-3.256213665008544922e-02,4.369229078292846680e-02,-7.687322795391082764e-05
-3.247797489166259766e-02,4.360187053680419922e-02,3.114901483058929443e-05
-3.237593173980712891e-02,4.347407817840576172e-02,1.165363937616348267e-04
-3.227221965789794922e-02,4.336780309677124023e-02,2.149809151887893677e-04
-3.212785720825195312e-02,4.322987794876098633e-02,2.950597554445266724e-04
-3.199911117553710938e-02,4.302829504013061523e-02,3.915037959814071655e-04
-3.175234794616699219e-02,4.300564527511596680e-02,4.427973181009292603e-04
-3.162419795989990234e-02,4.295718669891357422e-02,4.900377243757247925e-04
-3.150045871734619141e-02,4.295253753662109375e-02,6.791260093450546265e-04
-3.143870830535888672e-02,4.289031028747558594e-02,8.567329496145248413e-04
-3.134512901306152344e-02,4.278796911239624023e-02,9.954217821359634399e-04
-3.120863437652587891e-02,4.263478517532348633e-02,1.160731539130210876e-03
-3.105819225311279297e-02,4.243063926696777344e-02,1.315651461482048035e-03
-3.088271617889404297e-02,4.240763187408447266e-02,1.854082569479942322e-03
-3.079509735107421875e-02,4.232525825500488281e-02,2.309488132596015930e-03
-3.076350688934326172e-02,4.214572906494140625e-02,2.705665305256843567e-03
-3.066062927246093750e-02,4.201090335845947266e-02,3.092193976044654846e-03
-3.058457374572753906e-02,4.187399148941040039e-02,3.471535630524158478e-03
-3.035104274749755859e-02,4.193925857543945312e-02,3.756863065063953400e-03
-2.999818325042724609e-02,4.197174310684204102e-02,3.988687880337238312e-03
-2.962636947631835938e-02,4.199916124343872070e-02,4.185502417385578156e-03
-2.935063838958740234e-02,4.198813438415527344e-02,4.328136332333087921e-03
-2.910268306732177734e-02,4.197043180465698242e-02,4.466694779694080353e-03
-2.891969680786132812e-02,4.190087318420410156e-02,4.548617638647556305e-03
-2.876627445220947266e-02,4.179763793945312500e-02,4.654963500797748566e-03
-2.864503860473632812e-02,4.154431819915771484e-02,4.615471698343753815e-03
-2.838444709777832031e-02,4.145461320877075195e-02,4.529294557869434357e-03
-2.808547019958496094e-02,4.125249385833740234e-02,4.288782365620136261e-03
-2.781438827514648438e-02,4.081523418426513672e-02,4.035902209579944611e-03
-2.761900424957275391e-02,4.037714004516601562e-02,3.840629942715167999e-03
-2.743589878082275391e-02,4.003262519836425781e-02,3.577963449060916901e-03
-2.734601497650146484e-02,3.974521160125732422e-02,3.385365940630435944e-03
-2.728545665740966797e-02,3.947335481643676758e-02,3.246208652853965759e-03
-2.710497379302978516e-02,3.924781084060668945e-02,3.130575641989707947e-03
-2.691268920898437500e-02,3.905797004699707031e-02,3.059232607483863831e-03
-2.677345275878906250e-02,3.892922401428222656e-02,2.969192340970039368e-03
-2.674496173858642578e-02,3.892344236373901367e-02,2.952484413981437683e-03
-2.666687965393066406e-02,3.893744945526123047e-02,2.909610047936439514e-03
-2.656698226928710938e-02,3.899341821670532227e-02,2.647904679179191589e-03
-2.656972408294677734e-02,3.902143239974975586e-02,2.447972074151039124e-03
-2.660799026489257812e-02,3.907495737075805664e-02,2.352891489863395691e-03
-2.653408050537109375e-02,3.918546438217163086e-02,2.265037968754768372e-03
-2.643227577209472656e-02,3.931885957717895508e-02,2.199938520789146423e-03
-2.633893489837646484e-02,3.944331407546997070e-02,2.145869657397270203e-03
-2.617168426513671875e-02,3.956258296966552734e-02,1.998396590352058411e-03
-2.603256702423095703e-02,3.964853286743164062e-02,1.923145726323127747e-03
-2.590930461883544922e-02,3.968816995620727539e-02,1.894624903798103333e-03
-2.577102184295654297e-02,3.970295190811157227e-02,1.790216192603111267e-03
-2.558636665344238281e-02,3.967165946960449219e-02,1.675488427281379700e-03
-2.543854713439941406e-02,3.966039419174194336e-02,1.585038378834724426e-03
-2.525448799133300781e-02,3.964078426361083984e-02,1.514269039034843445e-03
-2.506208419799804688e-02,3.960520029067993164e-02,1.248216256499290466e-03
-2.487933635711669922e-02,3.953897953033447266e-02,9.845215827226638794e-04
-2.464735507965087891e-02,3.954112529754638672e-02,7.801186293363571167e-04
-2.441024780273437500e-02,3.955084085464477539e-02,5.910973995923995972e-04
-2.428090572357177734e-02,3.950321674346923828e-02,4.674401134252548218e-04
-2.424085140228271484e-02,3.934842348098754883e-02,4.318486899137496948e-04
-2.418661117553710938e-02,3.919583559036254883e-02,3.929082304239273071e-04
-2.416753768920898438e-02,3.901559114456176758e-02,3.332812339067459106e-04
-2.412605285644531250e-02,3.883075714111328125e-02,2.748984843492507935e-04
-2.410674095153808594e-02,3.872561454772949219e-02,2.246107906103134155e-04
-2.406835556030273438e-02,3.861516714096069336e-02,1.726727932691574097e-04
-2.398908138275146484e-02,3.860378265380859375e-02,8.256919682025909424e-05
-2.393174171447753906e-02,3.862357139587402344e-02,-6.696768105030059814e-05
-2.381324768066406250e-02,3.878718614578247070e-02,-1.828055828809738159e-04
-2.363300323486328125e-02,3.900068998336791992e-02,-3.982875496149063110e-04
-2.343034744262695312e-02,3.927707672119140625e-02,-5.669724196195602417e-04
-2.326059341430664062e-02,3.955894708633422852e-02,-6.755534559488296509e-04
-2.317845821380615234e-02,3.976380825042724609e-02,-7.599014788866043091e-04
-2.311956882476806641e-02,3.984034061431884766e-02,-8.780565112829208374e-04
-2.308833599090576172e-02,3.984254598617553711e-02,-9.724255651235580444e-04
-2.300202846527099609e-02,3.974258899688720703e-02,-1.124834641814231873e-03
-2.299666404724121094e-02,3.955906629562377930e-02,-1.246603205800056458e-03
-2.302920818328857422e-02,3.932702541351318359e-02,-1.395931467413902283e-03
-2.286064624786376953e-02,3.936851024627685547e-02,-1.418666914105415344e-03
-2.255892753601074219e-02,3.943449258804321289e-02,-1.488300040364265442e-03
-2.226603031158447266e-02,3.943353891372680664e-02,-1.595268025994300842e-03
-2.239573001861572266e-02,3.906774520874023438e-02,-2.163974568247795105e-03
-2.258145809173583984e-02,3.873163461685180664e-02,-2.590483054518699646e-03
-2.274870872497558594e-02,3.839105367660522461e-02,-2.943815663456916809e-03
-2.293992042541503906e-02,3.822445869445800781e-02,-3.359338268637657166e-03
-2.310216426849365234e-02,3.800648450851440430e-02,-3.770770505070686340e-03
-2.321147918701171875e-02,3.775835037231445312e-02,-4.155525937676429749e-03
-2.328658103942871094e-02,3.752630949020385742e-02,-4.508247599005699158e-03
-2.335882186889648438e-02,3.726482391357421875e-02,-4.837596789002418518e-03
-2.341198921203613281e-02,3.703236579895019531e-02,-5.106182768940925598e-03
-2.355015277862548828e-02,3.676933050155639648e-02,-5.375007167458534241e-03
-2.367055416107177734e-02,3.644067049026489258e-02,-5.482332780957221985e-03
-2.381193637847900391e-02,3.615158796310424805e-02,-5.518266931176185608e-03
-2.393090724945068359e-02,3.589946031570434570e-02,-5.519101396203041077e-03
-2.406382560729980469e-02,3.566849231719970703e-02,-5.450664088129997253e-03
-2.414774894714355469e-02,3.542935848236083984e-02,-5.372775718569755554e-03
-2.422404289245605469e-02,3.528118133544921875e-02,-5.241116508841514587e-03
-2.419173717498779297e-02,3.521770238876342773e-02,-5.084956064820289612e-03
-2.413916587829589844e-02,3.519910573959350586e-02,-4.888409748673439026e-03
-2.406525611877441406e-02,3.518915176391601562e-02,-4.735445603728294373e-03
-2.394580841064453125e-02,3.515237569808959961e-02,-4.509570077061653137e-03
-2.387380599975585938e-02,3.510713577270507812e-02,-4.302302375435829163e-03
-2.373242378234863281e-02,3.507572412490844727e-02,-4.135744646191596985e-03
-2.356696128845214844e-02,3.508752584457397461e-02,-3.994414582848548889e-03
-2.335381507873535156e-02,3.513169288635253906e-02,-3.884589299559593201e-03
-2.309763431549072266e-02,3.522074222564697266e-02,-3.778612241148948669e-03
-2.284955978393554688e-02,3.529256582260131836e-02,-3.703510388731956482e-03
-2.249336242675781250e-02,3.546214103698730469e-02,-3.773493692278862000e-03
-2.209532260894775391e-02,3.559035062789916992e-02,-3.899293020367622375e-03
-2.180922031402587891e-02,3.573465347290039062e-02,-3.877224400639533997e-03
-2.155756950378417969e-02,3.585088253021240234e-02,-3.896171227097511292e-03
-2.140533924102783203e-02,3.592866659164428711e-02,-3.958916291594505310e-03
-2.150130271911621094e-02,3.589701652526855469e-02,-3.985540941357612610e-03
-2.161896228790283203e-02,3.574287891387939453e-02,-3.973891958594322205e-03
-2.179491519927978516e-02,3.553438186645507812e-02,-4.358800128102302551e-03
-2.197968959808349609e-02,3.532624244689941406e-02,-4.254529252648353577e-03
-2.210438251495361328e-02,3.511261940002441406e-02,-4.158182069659233093e-03
-2.226257324218750000e-02,3.491961956024169922e-02,-4.030181095004081726e-03
-2.240538597106933594e-02,3.480744361877441406e-02,-3.895672038197517395e-03
-2.249801158905029297e-02,3.467756509780883789e-02,-3.785526379942893982e-03
-2.261734008789062500e-02,3.453272581100463867e-02,-3.691399469971656799e-03
-2.275621891021728516e-02,3.436851501464843750e-02,-3.575751557946205139e-03
-2.293539047241210938e-02,3.403681516647338867e-02,-3.526559099555015564e-03
-2.306497097015380859e-02,3.370851278305053711e-02,-3.479378297924995422e-03
-2.320253849029541016e-02,3.338426351547241211e-02,-3.306923434138298035e-03
-2.332246303558349609e-02,3.309237957000732422e-02,-3.121962770819664001e-03
-2.346122264862060547e-02,3.290653228759765625e-02,-2.913666889071464539e-03
-2.357947826385498047e-02,3.270739316940307617e-02,-2.756791189312934875e-03
-2.367603778839111328e-02,3.252714872360229492e-02,-2.613002434372901917e-03
-2.371037006378173828e-02,3.236079216003417969e-02,-2.468915656208992004e-03
-2.372074127197265625e-02,3.218334913253784180e-02,-2.503031864762306213e-03
-2.371239662170410156e-02,3.203356266021728516e-02,-2.534056082367897034e-03
-2.369737625122070312e-02,3.197526931762695312e-02,-2.530070021748542786e-03
-2.364563941955566406e-02,3.192800283432006836e-02,-2.541983500123023987e-03
-2.359187602996826172e-02,3.186446428298950195e-02,-2.561004832386970520e-03
-2.352118492126464844e-02,3.176188468933105469e-02,-2.643221989274024963e-03
-2.345669269561767578e-02,3.169447183609008789e-02,-2.728009596467018127e-03
-2.333748340606689453e-02,3.167194128036499023e-02,-2.805953845381736755e-03
-2.323341369628906250e-02,3.161799907684326172e-02,-2.912109717726707458e-03
-2.311825752258300781e-02,3.161495923995971680e-02,-2.968480810523033142e-03
-2.300715446472167969e-02,3.165847063064575195e-02,-3.031851723790168762e-03
-2.284562587738037109e-02,3.170675039291381836e-02,-3.012219443917274475e-03
-2.267360687255859375e-02,3.180515766143798828e-02,-2.987569198012351990e-03
-2.244472503662109375e-02,3.188776969909667969e-02,-2.959506586194038391e-03
-2.210259437561035156e-02,3.197556734085083008e-02,-2.965664491057395935e-03
-2.169799804687500000e-02,3.206831216812133789e-02,-3.046022728085517883e-03
-2.142906188964843750e-02,3.213703632354736328e-02,-3.150949254631996155e-03
-2.119588851928710938e-02,3.216415643692016602e-02,-3.208464011549949646e-03
-2.098774909973144531e-02,3.215432167053222656e-02,-3.290569409728050232e-03
-2.078163623809814453e-02,3.220212459564208984e-02,-3.410166129469871521e-03
-2.064704895019531250e-02,3.219020366668701172e-02,-3.539459779858589172e-03
-2.050673961639404297e-02,3.208357095718383789e-02,-3.630178049206733704e-03
-2.035260200500488281e-02,3.203040361404418945e-02,-3.715975210070610046e-03
-2.019572257995605469e-02,3.193044662475585938e-02,-3.853375092148780823e-03
-1.983726024627685547e-02,3.197962045669555664e-02,-3.946462646126747131e-03
-1.945352554321289062e-02,3.205317258834838867e-02,-4.034603014588356018e-03
-1.906645298004150391e-02,3.211140632629394531e-02,-4.085963591933250427e-03
-1.868057250976562500e-02,3.217571973800659180e-02,-4.112748429179191589e-03
-1.829016208648681641e-02,3.216689825057983398e-02,-4.077261313796043396e-03
-1.792192459106445312e-02,3.198140859603881836e-02,-4.066934809088706970e-03
-1.760995388031005859e-02,3.183358907699584961e-02,-4.096662625670433044e-03
-1.729738712310791016e-02,3.172224760055541992e-02,-4.121543839573860168e-03
-1.699721813201904297e-02,3.170299530029296875e-02,-4.176711663603782654e-03
-1.661241054534912109e-02,3.168320655822753906e-02,-4.225740209221839905e-03
-1.630485057830810547e-02,3.165680170059204102e-02,-4.254503175616264343e-03
-1.607394218444824219e-02,3.165137767791748047e-02,-4.208290949463844299e-03
-1.587069034576416016e-02,3.162688016891479492e-02,-4.127470776438713074e-03
-1.561772823333740234e-02,3.162413835525512695e-02,-3.711180761456489563e-03
-1.545155048370361328e-02,3.158938884735107422e-02,-3.352878615260124207e-03
-1.528871059417724609e-02,3.159642219543457031e-02,-3.032928332686424255e-03
-1.503944396972656250e-02,3.176033496856689453e-02,-2.779820933938026428e-03
-1.486194133758544922e-02,3.184735774993896484e-02,-2.579921856522560120e-03
-1.469945907592773438e-02,3.193008899688720703e-02,-2.374602481722831726e-03
-1.460289955139160156e-02,3.200179338455200195e-02,-2.167174592614173889e-03
-1.450562477111816406e-02,3.207045793533325195e-02,-1.969935372471809387e-03
-1.436460018157958984e-02,3.212654590606689453e-02,-1.808183267712593079e-03
-1.443338394165039062e-02,3.223651647567749023e-02,-1.470232382416725159e-03
-1.448857784271240234e-02,3.233850002288818359e-02,-1.157699152827262878e-03
-1.458323001861572266e-02,3.239560127258300781e-02,-8.652191609144210815e-04
-1.471626758575439453e-02,3.243976831436157227e-02,-6.179902702569961548e-04
-1.487457752227783203e-02,3.239238262176513672e-02,-4.115980118513107300e-04
-1.494681835174560547e-02,3.236067295074462891e-02,-1.651328057050704956e-04
-1.513791084289550781e-02,3.237944841384887695e-02,7.929839193820953369e-05
-1.528358459472656250e-02,3.239983320236206055e-02,2.992320805788040161e-04
-1.539909839630126953e-02,3.237032890319824219e-02,4.188362509012222290e-04
-1.554584503173828125e-02,3.237044811248779297e-02,5.309190601110458374e-04
-1.557028293609619141e-02,3.230851888656616211e-02,5.830843001604080200e-04
-1.554989814758300781e-02,3.228801488876342773e-02,6.701741367578506470e-04
-1.573348045349121094e-02,3.219264745712280273e-02,9.487625211477279663e-04
-1.590740680694580078e-02,3.208148479461669922e-02,1.158466562628746033e-03
-1.604723930358886719e-02,3.193813562393188477e-02,1.310607418417930603e-03
-1.612865924835205078e-02,3.180456161499023438e-02,1.423301175236701965e-03
-1.619100570678710938e-02,3.169894218444824219e-02,1.515621319413185120e-03
-1.605618000030517578e-02,3.159403800964355469e-02,1.419404521584510803e-03
-1.587891578674316406e-02,3.150188922882080078e-02,1.318635419011116028e-03
-1.572561264038085938e-02,3.141099214553833008e-02,1.282041892409324646e-03
-1.557743549346923828e-02,3.135222196578979492e-02,1.278253272175788879e-03
-1.546370983123779297e-02,3.121924400329589844e-02,1.244401559233665466e-03
-1.528692245483398438e-02,3.113311529159545898e-02,1.228934153914451599e-03
-1.514577865600585938e-02,3.104352951049804688e-02,1.207651570439338684e-03
-1.503956317901611328e-02,3.095328807830810547e-02,1.200964674353599548e-03
-1.494300365447998047e-02,3.068387508392333984e-02,1.224437728524208069e-03
-1.483035087585449219e-02,3.043311834335327148e-02,1.240363344550132751e-03
-1.470458507537841797e-02,3.014153242111206055e-02,1.228088513016700745e-03
-1.458203792572021484e-02,2.992016077041625977e-02,1.305485144257545471e-03
-1.440465450286865234e-02,2.975624799728393555e-02,9.228903800249099731e-04
-1.406705379486083984e-02,2.963584661483764648e-02,4.447828978300094604e-04
-1.370835304260253906e-02,2.956563234329223633e-02,-2.971850335597991943e-05
-1.344120502471923828e-02,2.946704626083374023e-02,-4.713181406259536743e-04
-1.301395893096923828e-02,2.939391136169433594e-02,-9.047929197549819946e-04
-1.259481906890869141e-02,2.933293581008911133e-02,-1.317592337727546692e-03
-1.207804679870605469e-02,2.908450365066528320e-02,-1.926278695464134216e-03
-1.163804531097412109e-02,2.890145778656005859e-02,-2.450624480843544006e-03
-1.131379604339599609e-02,2.858197689056396484e-02,-2.936022356152534485e-03
-1.091647148132324219e-02,2.832245826721191406e-02,-3.410613164305686951e-03
-1.053965091705322266e-02,2.815437316894531250e-02,-3.804875537753105164e-03
-1.018154621124267578e-02,2.801144123077392578e-02,-4.158707335591316223e-03
-9.801506996154785156e-03,2.786713838577270508e-02,-4.480229690670967102e-03
-9.404182434082031250e-03,2.775794267654418945e-02,-4.751963540911674500e-03
-9.118318557739257812e-03,2.767270803451538086e-02,-5.005212500691413879e-03
-8.828520774841308594e-03,2.760112285614013672e-02,-5.233826115727424622e-03
-8.568406105041503906e-03,2.755808830261230469e-02,-5.423264577984809875e-03
-8.260130882263183594e-03,2.756899595260620117e-02,-5.677519366145133972e-03
-8.021354675292968750e-03,2.754336595535278320e-02,-5.903648212552070618e-03
-7.780671119689941406e-03,2.753955125808715820e-02,-6.071152165532112122e-03
-7.588982582092285156e-03,2.755433320999145508e-02,-6.261253729462623596e-03
-7.449507713317871094e-03,2.760338783264160156e-02,-6.405448541045188904e-03
-7.351040840148925781e-03,2.764320373535156250e-02,-6.533430889248847961e-03
-7.222771644592285156e-03,2.766668796539306641e-02,-6.654145196080207825e-03
-7.129907608032226562e-03,2.767139673233032227e-02,-6.765095517039299011e-03
-7.104516029357910156e-03,2.766478061676025391e-02,-6.799960508942604065e-03
-7.094740867614746094e-03,2.755516767501831055e-02,-6.866993382573127747e-03
-7.052421569824218750e-03,2.750360965728759766e-02,-6.934432312846183777e-03
-7.071733474731445312e-03,2.744352817535400391e-02,-6.973689422011375427e-03
-7.082819938659667969e-03,2.743041515350341797e-02,-7.001949474215507507e-03
-7.094502449035644531e-03,2.744513750076293945e-02,-7.016332820057868958e-03
-7.151842117309570312e-03,2.747255563735961914e-02,-6.972869858145713806e-03
-7.207274436950683594e-03,2.752315998077392578e-02,-6.909476593136787415e-03
-7.218480110168457031e-03,2.760201692581176758e-02,-6.786143407225608826e-03
-7.253766059875488281e-03,2.770006656646728516e-02,-6.650654599070549011e-03
-7.388353347778320312e-03,2.781128883361816406e-02,-6.496923044323921204e-03
-7.469415664672851562e-03,2.792280912399291992e-02,-6.363155320286750793e-03
-7.544636726379394531e-03,2.806270122528076172e-02,-6.176872178912162781e-03
-7.614374160766601562e-03,2.822959423065185547e-02,-5.993666127324104309e-03
-7.573246955871582031e-03,2.815043926239013672e-02,-6.020588800311088562e-03
-7.546782493591308594e-03,2.811616659164428711e-02,-6.064711138606071472e-03
-7.551670074462890625e-03,2.805560827255249023e-02,-6.086876615881919861e-03
-7.557272911071777344e-03,2.799421548843383789e-02,-6.118157878518104553e-03
-7.552623748779296875e-03,2.797609567642211914e-02,-6.123701110482215881e-03
-7.545948028564453125e-03,2.795928716659545898e-02,-6.104560568928718567e-03
-7.598876953125000000e-03,2.780872583389282227e-02,-6.101610139012336731e-03
-7.653713226318359375e-03,2.761161327362060547e-02,-6.138423457741737366e-03
-7.705450057983398438e-03,2.743071317672729492e-02,-6.149599328637123108e-03
-7.724642753601074219e-03,2.727639675140380859e-02,-6.095608696341514587e-03
-7.669329643249511719e-03,2.714079618453979492e-02,-5.877329036593437195e-03
-7.650613784790039062e-03,2.692329883575439453e-02,-5.700776353478431702e-03
-7.629156112670898438e-03,2.675288915634155273e-02,-5.516396835446357727e-03
-7.583141326904296875e-03,2.663630247116088867e-02,-5.340380594134330750e-03
-7.511854171752929688e-03,2.655708789825439453e-02,-5.174638703465461731e-03
-7.463812828063964844e-03,2.649706602096557617e-02,-4.966760054230690002e-03
-7.460594177246093750e-03,2.629238367080688477e-02,-4.717914387583732605e-03
-7.450222969055175781e-03,2.620249986648559570e-02,-4.498703405261039734e-03
-7.432579994201660156e-03,2.613306045532226562e-02,-4.351483657956123352e-03
-7.481336593627929688e-03,2.605772018432617188e-02,-4.192234948277473450e-03
-7.523298263549804688e-03,2.602612972259521484e-02,-4.029570147395133972e-03
-7.565259933471679688e-03,2.598702907562255859e-02,-3.883177414536476135e-03
-7.660031318664550781e-03,2.595877647399902344e-02,-3.733655437827110291e-03
-7.816076278686523438e-03,2.593392133712768555e-02,-3.593569621443748474e-03
-8.018732070922851562e-03,2.587926387786865234e-02,-3.513755276799201965e-03
-8.144259452819824219e-03,2.582007646560668945e-02,-3.438038751482963562e-03
-8.303880691528320312e-03,2.576231956481933594e-02,-3.394303843379020691e-03
-8.546829223632812500e-03,2.569454908370971680e-02,-3.358626738190650940e-03
-8.737206459045410156e-03,2.564883232116699219e-02,-3.345983102917671204e-03
-8.892178535461425781e-03,2.558445930480957031e-02,-3.321358934044837952e-03
-9.049892425537109375e-03,2.553904056549072266e-02,-3.254661336541175842e-03
-9.186267852783203125e-03,2.554225921630859375e-02,-3.175059333443641663e-03
-9.356260299682617188e-03,2.552580833435058594e-02,-3.026863560080528259e-03
-9.596347808837890625e-03,2.548664808273315430e-02,-2.870136871933937073e-03
-9.861111640930175781e-03,2.543687820434570312e-02,-2.598514780402183533e-03
-1.013791561126708984e-02,2.533107995986938477e-02,-2.354556694626808167e-03
-1.046037673950195312e-02,2.522695064544677734e-02,-2.092620357871055603e-03
-1.079571247100830078e-02,2.508306503295898438e-02,-1.952515915036201477e-03
-1.115584373474121094e-02,2.495700120925903320e-02,-1.803399994969367981e-03
-1.155221462249755859e-02,2.481222152709960938e-02,-1.625014469027519226e-03
-1.189982891082763672e-02,2.467507123947143555e-02,-1.504769548773765564e-03
-1.220500469207763672e-02,2.455276250839233398e-02,-1.443604007363319397e-03
-1.253473758697509766e-02,2.440804243087768555e-02,-1.365793868899345398e-03
-1.284265518188476562e-02,2.425122261047363281e-02,-1.304192468523979187e-03
-1.320934295654296875e-02,2.423518896102905273e-02,-1.177614554762840271e-03
-1.354849338531494141e-02,2.418291568756103516e-02,-1.130359247326850891e-03
-1.390719413757324219e-02,2.413350343704223633e-02,-1.107556745409965515e-03
-1.418530941009521484e-02,2.409654855728149414e-02,-1.124566420912742615e-03
-1.424205303192138672e-02,2.410364151000976562e-02,-1.155944541096687317e-03
-1.431000232696533203e-02,2.411276102066040039e-02,-1.174783334136009216e-03
-1.429331302642822266e-02,2.413618564605712891e-02,-1.169731840491294861e-03
-1.428067684173583984e-02,2.417463064193725586e-02,-1.161554828286170959e-03
-1.428556442260742188e-02,2.418118715286254883e-02,-1.155028119683265686e-03
-1.430404186248779297e-02,2.418506145477294922e-02,-1.176176592707633972e-03
-1.437819004058837891e-02,2.423202991485595703e-02,-1.199135556817054749e-03
-1.449275016784667969e-02,2.427417039871215820e-02,-1.195190474390983582e-03
-1.464116573333740234e-02,2.436023950576782227e-02,-1.151075586676597595e-03
-1.478385925292968750e-02,2.448076009750366211e-02,-1.087659969925880432e-03
-1.487636566162109375e-02,2.463322877883911133e-02,-9.957831352949142456e-04
-1.491975784301757812e-02,2.474373579025268555e-02,-8.942876011133193970e-04
-1.492822170257568359e-02,2.483445405960083008e-02,-8.047092705965042114e-04
-1.496076583862304688e-02,2.490282058715820312e-02,-7.085669785737991333e-04
-1.496517658233642578e-02,2.495938539505004883e-02,-5.876105278730392456e-04
-1.497387886047363281e-02,2.502059936523437500e-02,-4.314053803682327271e-04
-1.499807834625244141e-02,2.504158020019531250e-02,-2.792943269014358521e-04
-1.504123210906982422e-02,2.508693933486938477e-02,-8.254311978816986084e-05
-1.517188549041748047e-02,2.503919601440429688e-02,1.162532716989517212e-04
-1.536059379577636719e-02,2.499204874038696289e-02,2.887751907110214233e-04
-1.576781272888183594e-02,2.511125802993774414e-02,6.884578615427017212e-04
-1.614534854888916016e-02,2.521049976348876953e-02,1.048179343342781067e-03
-1.650738716125488281e-02,2.529597282409667969e-02,1.366270706057548523e-03
-1.693880558013916016e-02,2.526944875717163086e-02,1.629332080483436584e-03
-1.735246181488037109e-02,2.519440650939941406e-02,1.866577193140983582e-03
-1.772499084472656250e-02,2.513831853866577148e-02,2.013368532061576843e-03
-1.811373233795166016e-02,2.504807710647583008e-02,2.130394801497459412e-03
-1.850688457489013672e-02,2.489298582077026367e-02,2.227352932095527649e-03
-1.884305477142333984e-02,2.474635839462280273e-02,2.339174970984458923e-03
-1.909506320953369141e-02,2.450406551361083984e-02,2.407027408480644226e-03
-1.933193206787109375e-02,2.427297830581665039e-02,2.470390871167182922e-03
-1.957082748413085938e-02,2.395272254943847656e-02,2.488283440470695496e-03
-1.979064941406250000e-02,2.364945411682128906e-02,2.430574968457221985e-03
-2.003216743469238281e-02,2.336210012435913086e-02,2.374442294239997864e-03
-2.024197578430175781e-02,2.301496267318725586e-02,2.267831936478614807e-03
-2.042102813720703125e-02,2.264434099197387695e-02,2.135353162884712219e-03
-2.059113979339599609e-02,2.234584093093872070e-02,1.909827813506126404e-03
-2.067244052886962891e-02,2.209144830703735352e-02,1.829328015446662903e-03
-2.080845832824707031e-02,2.179175615310668945e-02,1.741500571370124817e-03
-2.076804637908935547e-02,2.149128913879394531e-02,1.443697139620780945e-03
-2.069163322448730469e-02,2.124071121215820312e-02,1.163860782980918884e-03
-2.060818672180175781e-02,2.102982997894287109e-02,8.856337517499923706e-04
-2.046775817871093750e-02,2.080255746841430664e-02,5.758497864007949829e-04
-2.033376693725585938e-02,2.058291435241699219e-02,2.540517598390579224e-04
-2.022397518157958984e-02,2.042073011398315430e-02,-3.408081829547882080e-05
-2.012133598327636719e-02,2.030557394027709961e-02,-2.885889261960983276e-04
-1.999878883361816406e-02,2.021497488021850586e-02,-5.149859935045242310e-04
-1.987099647521972656e-02,2.014654874801635742e-02,-7.493402808904647827e-04
-1.967668533325195312e-02,2.011042833328247070e-02,-9.823348373174667358e-04
-1.946306228637695312e-02,2.007597684860229492e-02,-1.193152740597724915e-03
-1.929962635040283203e-02,2.000534534454345703e-02,-1.297177746891975403e-03
-1.913607120513916016e-02,1.995944976806640625e-02,-1.370972022414207458e-03
-1.898026466369628906e-02,1.990807056427001953e-02,-1.396847888827323914e-03
-1.877415180206298828e-02,1.991325616836547852e-02,-1.423975452780723572e-03
-1.857018470764160156e-02,1.989966630935668945e-02,-1.432063058018684387e-03
-1.839995384216308594e-02,1.962578296661376953e-02,-1.473197713494300842e-03
-1.825904846191406250e-02,1.937252283096313477e-02,-1.489063724875450134e-03
-1.809740066528320312e-02,1.914077997207641602e-02,-1.492692157626152039e-03
-1.797211170196533203e-02,1.891314983367919922e-02,-1.455327495932579041e-03
-1.783978939056396484e-02,1.872599124908447266e-02,-1.434030011296272278e-03
-1.772952079772949219e-02,1.853394508361816406e-02,-1.408925279974937439e-03
-1.765024662017822266e-02,1.834017038345336914e-02,-1.457737758755683899e-03
-1.762735843658447266e-02,1.816302537918090820e-02,-1.457134261727333069e-03
-1.743292808532714844e-02,1.809096336364746094e-02,-1.503502950072288513e-03
-1.778173446655273438e-02,1.779288053512573242e-02,-1.009346917271614075e-03
-1.811897754669189453e-02,1.750141382217407227e-02,-5.431566387414932251e-04
-1.822566986083984375e-02,1.728439331054687500e-02,-2.440866082906723022e-04
-1.835370063781738281e-02,1.712131500244140625e-02,5.514360964298248291e-05
-1.847279071807861328e-02,1.697236299514770508e-02,3.537479788064956665e-04
-1.859855651855468750e-02,1.658934354782104492e-02,4.275050014257431030e-04
-1.870429515838623047e-02,1.622962951660156250e-02,5.064886063337326050e-04
-1.872563362121582031e-02,1.592087745666503906e-02,5.661714822053909302e-04
-1.866888999938964844e-02,1.571166515350341797e-02,6.183255463838577271e-04
-1.854634284973144531e-02,1.554036140441894531e-02,6.055403500795364380e-04
-1.843452453613281250e-02,1.533478498458862305e-02,5.469378083944320679e-04
-1.833105087280273438e-02,1.516765356063842773e-02,5.219224840402603149e-04
-1.826691627502441406e-02,1.504367589950561523e-02,5.339886993169784546e-04
-1.834177970886230469e-02,1.507067680358886719e-02,5.248989909887313843e-04
-1.838076114654541016e-02,1.506477594375610352e-02,5.171429365873336792e-04
-1.818418502807617188e-02,1.521432399749755859e-02,4.426520317792892456e-04
-1.797735691070556641e-02,1.532596349716186523e-02,3.555249422788619995e-04
-1.778483390808105469e-02,1.543587446212768555e-02,2.957191318273544312e-04
-1.764822006225585938e-02,1.552593708038330078e-02,2.761837095022201538e-04
-1.759982109069824219e-02,1.557856798171997070e-02,2.910997718572616577e-04
-1.756727695465087891e-02,1.559787988662719727e-02,2.933498471975326538e-04
-1.757335662841796875e-02,1.560598611831665039e-02,3.002900630235671997e-04
-1.757371425628662109e-02,1.557356119155883789e-02,2.907831221818923950e-04
-1.758575439453125000e-02,1.573145389556884766e-02,2.430249005556106567e-04
-1.761353015899658203e-02,1.585155725479125977e-02,2.086292952299118042e-04
-1.775622367858886719e-02,1.591509580612182617e-02,2.461653202772140503e-04
-1.788222789764404297e-02,1.598334312438964844e-02,2.960991114377975464e-04
-1.800501346588134766e-02,1.593512296676635742e-02,3.259498625993728638e-04
-1.807940006256103516e-02,1.587527990341186523e-02,3.757867962121963501e-04
-1.830923557281494141e-02,1.595622301101684570e-02,6.667431443929672241e-04
-1.883447170257568359e-02,1.558333635330200195e-02,3.419015556573867798e-04
-1.928687095642089844e-02,1.520818471908569336e-02,4.819966852664947510e-05
-1.971483230590820312e-02,1.488530635833740234e-02,-2.161394804716110229e-04
-2.008855342864990234e-02,1.457458734512329102e-02,-4.406925290822982788e-04
-2.044188976287841797e-02,1.428204774856567383e-02,-5.984324961900711060e-04
-2.075278759002685547e-02,1.400858163833618164e-02,-7.825810462236404419e-04
-2.105164527893066406e-02,1.374107599258422852e-02,-9.573828428983688354e-04
-2.134478092193603516e-02,1.350420713424682617e-02,-1.060025766491889954e-03
-2.154564857482910156e-02,1.330089569091796875e-02,-1.148624345660209656e-03
-2.173292636871337891e-02,1.312804222106933594e-02,-1.248223707079887390e-03
-2.186393737792968750e-02,1.299440860748291016e-02,-1.359345391392707825e-03
-2.194488048553466797e-02,1.287782192230224609e-02,-1.467516645789146423e-03
-2.196574211120605469e-02,1.281547546386718750e-02,-1.580597832798957825e-03
-2.189195156097412109e-02,1.273590326309204102e-02,-1.734333112835884094e-03
-2.173984050750732422e-02,1.270467042922973633e-02,-1.876065507531166077e-03
-2.158808708190917969e-02,1.267123222351074219e-02,-1.984642818570137024e-03
-2.144575119018554688e-02,1.263618469238281250e-02,-2.095742151141166687e-03
-2.131617069244384766e-02,1.258969306945800781e-02,-2.203671261668205261e-03
-2.117180824279785156e-02,1.252454519271850586e-02,-2.324344590306282043e-03
-2.105140686035156250e-02,1.251566410064697266e-02,-2.423098310828208923e-03
-2.089583873748779297e-02,1.244479417800903320e-02,-2.507874742150306702e-03
-2.069020271301269531e-02,1.234441995620727539e-02,-2.605171874165534973e-03
-2.052128314971923828e-02,1.219999790191650391e-02,-2.682333812117576599e-03
-2.034580707550048828e-02,1.206040382385253906e-02,-2.740519121289253235e-03
-2.018797397613525391e-02,1.193410158157348633e-02,-2.812067046761512756e-03
-2.003240585327148438e-02,1.179957389831542969e-02,-2.913570031523704529e-03
-1.990211009979248047e-02,1.162010431289672852e-02,-3.010148182511329651e-03
-1.979482173919677734e-02,1.145815849304199219e-02,-3.112358972430229187e-03
-1.957798004150390625e-02,1.139605045318603516e-02,-3.294954076409339905e-03
-1.932954788208007812e-02,1.132810115814208984e-02,-3.477359190583229065e-03
-1.909208297729492188e-02,1.125639677047729492e-02,-3.645798191428184509e-03
-1.884734630584716797e-02,1.121705770492553711e-02,-3.818983212113380432e-03
-1.861608028411865234e-02,1.119101047515869141e-02,-3.985216841101646423e-03
-1.840555667877197266e-02,1.112824678421020508e-02,-4.140341654419898987e-03
-1.814687252044677734e-02,1.105648279190063477e-02,-4.303665831685066223e-03
-1.788401603698730469e-02,1.097828149795532227e-02,-4.454554989933967590e-03
-1.763784885406494141e-02,1.089131832122802734e-02,-4.555067047476768494e-03
-1.732468605041503906e-02,1.083469390869140625e-02,-4.712542518973350525e-03
-1.700651645660400391e-02,1.074796915054321289e-02,-4.866069182753562927e-03
-1.669275760650634766e-02,1.070386171340942383e-02,-4.992058500647544861e-03
-1.641297340393066406e-02,1.080924272537231445e-02,-4.984183236956596375e-03
-1.613950729370117188e-02,1.091223955154418945e-02,-4.958549514412879944e-03
-1.589345932006835938e-02,1.105648279190063477e-02,-4.838509485125541687e-03
-1.562917232513427734e-02,1.113075017929077148e-02,-4.720812663435935974e-03
-1.535022258758544922e-02,1.117664575576782227e-02,-4.601502791047096252e-03
-1.508319377899169922e-02,1.120883226394653320e-02,-4.515891894698143005e-03
-1.484227180480957031e-02,1.130473613739013672e-02,-4.434442147612571716e-03
-1.475155353546142578e-02,1.148080825805664062e-02,-4.185387864708900452e-03
-1.466047763824462891e-02,1.161938905715942383e-02,-3.958882763981819153e-03
-1.455867290496826172e-02,1.164561510086059570e-02,-3.749059513211250305e-03
-1.442444324493408203e-02,1.163589954376220703e-02,-3.556529060006141663e-03
-1.426684856414794922e-02,1.151227951049804688e-02,-3.418048843741416931e-03
-1.406955718994140625e-02,1.144039630889892578e-02,-3.356801345944404602e-03
-1.388466358184814453e-02,1.134258508682250977e-02,-3.320449963212013245e-03
-1.378941535949707031e-02,1.117771863937377930e-02,-3.327487036585807800e-03
-1.369357109069824219e-02,1.100790500640869141e-02,-3.363380208611488342e-03
-1.354372501373291016e-02,1.081746816635131836e-02,-3.437111154198646545e-03
-1.340019702911376953e-02,1.063084602355957031e-02,-3.508375957608222961e-03
-1.328504085540771484e-02,1.035618782043457031e-02,-3.630256280303001404e-03
-1.318216323852539062e-02,1.005989313125610352e-02,-3.772234544157981873e-03
-1.306748390197753906e-02,9.753465652465820312e-03,-3.901118412613868713e-03
-1.297426223754882812e-02,9.448111057281494141e-03,-4.029458388686180115e-03
-1.277029514312744141e-02,9.215354919433593750e-03,-4.189560189843177795e-03
-1.259887218475341797e-02,8.977830410003662109e-03,-4.356736317276954651e-03
-1.241278648376464844e-02,8.676767349243164062e-03,-4.553088918328285217e-03
-1.223194599151611328e-02,8.365035057067871094e-03,-4.756739363074302673e-03
-1.206219196319580078e-02,8.066475391387939453e-03,-4.950480535626411438e-03
-1.191842555999755859e-02,7.771432399749755859e-03,-5.134375765919685364e-03
-1.181173324584960938e-02,7.457733154296875000e-03,-5.324630066752433777e-03
-1.168107986450195312e-02,7.166028022766113281e-03,-5.505094304680824280e-03
-1.141226291656494141e-02,6.944477558135986328e-03,-5.749246105551719666e-03
-1.115798950195312500e-02,6.734430789947509766e-03,-5.981406196951866150e-03
-1.091372966766357422e-02,6.507396697998046875e-03,-6.185909733176231384e-03
-1.068258285522460938e-02,6.234407424926757812e-03,-6.386240944266319275e-03
-1.046860218048095703e-02,5.949497222900390625e-03,-6.575075909495353699e-03
-1.033723354339599609e-02,5.701184272766113281e-03,-6.709402427077293396e-03
-1.018762588500976562e-02,5.416154861450195312e-03,-6.833123043179512024e-03
-1.000249385833740234e-02,5.077838897705078125e-03,-6.945395842194557190e-03
-9.829163551330566406e-03,4.699528217315673828e-03,-7.030529901385307312e-03
-9.598374366760253906e-03,4.309356212615966797e-03,-7.121717557311058044e-03
-9.470939636230468750e-03,3.997862339019775391e-03,-7.093349471688270569e-03
-9.341478347778320312e-03,3.640413284301757812e-03,-7.067961618304252625e-03
-9.164214134216308594e-03,3.208220005035400391e-03,-7.124489173293113708e-03
-8.962750434875488281e-03,2.803862094879150391e-03,-7.182018831372261047e-03
-8.744239807128906250e-03,2.403438091278076172e-03,-7.232977077364921570e-03
-8.506536483764648438e-03,2.003133296966552734e-03,-7.300155237317085266e-03
-8.224487304687500000e-03,1.640081405639648438e-03,-7.359439507126808167e-03
-7.939696311950683594e-03,1.308441162109375000e-03,-7.418399676680564880e-03
-7.642626762390136719e-03,1.003444194793701172e-03,-7.460961118340492249e-03
-7.336854934692382812e-03,7.089972496032714844e-04,-7.491683587431907654e-03
-6.985068321228027344e-03,4.038810729980468750e-04,-7.515238597989082336e-03
-6.574630737304687500e-03,7.367134094238281250e-05,-7.552659139037132263e-03
-6.186962127685546875e-03,-2.844929695129394531e-04,-7.599623873829841614e-03
-5.886793136596679688e-03,-7.464885711669921875e-04,-7.611891254782676697e-03
-5.492687225341796875e-03,-1.162648200988769531e-03,-7.595567032694816589e-03
-5.125880241394042969e-03,-1.513719558715820312e-03,-7.547745481133460999e-03
-4.851698875427246094e-03,-1.817464828491210938e-03,-7.488114759325981140e-03
-4.617571830749511719e-03,-2.154946327209472656e-03,-7.402399554848670959e-03
-4.387497901916503906e-03,-2.423107624053955078e-03,-7.246201857924461365e-03
-4.173874855041503906e-03,-2.685070037841796875e-03,-7.050434127449989319e-03
-3.885626792907714844e-03,-2.850055694580078125e-03,-6.814433261752128601e-03
-3.618597984313964844e-03,-2.965211868286132812e-03,-6.572792306542396545e-03
-3.395438194274902344e-03,-3.061115741729736328e-03,-6.316261366009712219e-03
-3.235936164855957031e-03,-3.137230873107910156e-03,-6.036257371306419373e-03
-3.075957298278808594e-03,-3.176808357238769531e-03,-5.799660459160804749e-03
-2.959728240966796875e-03,-3.232359886169433594e-03,-5.568204447627067566e-03
-2.941966056823730469e-03,-3.301441669464111328e-03,-5.348602309823036194e-03
-2.904295921325683594e-03,-3.398001194000244141e-03,-5.153575912117958069e-03
-2.888798713684082031e-03,-3.458082675933837891e-03,-4.983576014637947083e-03
-2.941966056823730469e-03,-3.539502620697021484e-03,-4.823679104447364807e-03
-2.947449684143066406e-03,-3.672957420349121094e-03,-4.786895588040351868e-03
-3.029465675354003906e-03,-3.795266151428222656e-03,-4.740504547953605652e-03
-3.076672554016113281e-03,-3.836870193481445312e-03,-4.706760868430137634e-03
-3.115892410278320312e-03,-3.854572772979736328e-03,-4.687445238232612610e-03
-3.166317939758300781e-03,-3.838181495666503906e-03,-4.667812958359718323e-03
-3.306627273559570312e-03,-3.790497779846191406e-03,-4.641903564333915710e-03
-3.427505493164062500e-03,-3.747403621673583984e-03,-4.610808566212654114e-03
-3.523707389831542969e-03,-3.716349601745605469e-03,-4.580425098538398743e-03
-3.636598587036132812e-03,-3.667652606964111328e-03,-4.523696377873420715e-03
-3.731131553649902344e-03,-3.613233566284179688e-03,-4.467004910111427307e-03
-3.845453262329101562e-03,-3.531634807586669922e-03,-4.418948665261268616e-03
-3.912210464477539062e-03,-3.423154354095458984e-03,-4.391422495245933533e-03
-3.957033157348632812e-03,-3.313302993774414062e-03,-4.376096650958061218e-03
-3.986716270446777344e-03,-3.209233283996582031e-03,-4.375206306576728821e-03
-3.972530364990234375e-03,-3.093659877777099609e-03,-4.375601187348365784e-03
-4.003286361694335938e-03,-3.016412258148193359e-03,-4.388554021716117859e-03
-4.096269607543945312e-03,-2.955019474029541016e-03,-4.416102543473243713e-03
-4.218935966491699219e-03,-2.910137176513671875e-03,-4.441274330019950867e-03
-4.372119903564453125e-03,-2.879977226257324219e-03,-4.470305517315864563e-03
-4.490613937377929688e-03,-2.872049808502197266e-03,-4.517139866948127747e-03
-4.579663276672363281e-03,-2.863109111785888672e-03,-4.542695358395576477e-03
-4.666566848754882812e-03,-2.865850925445556641e-03,-4.566544666886329651e-03
-4.748940467834472656e-03,-2.923250198364257812e-03,-4.599085077643394470e-03
-4.790067672729492188e-03,-2.986133098602294922e-03,-4.648538306355476379e-03
-4.787802696228027344e-03,-3.067851066589355469e-03,-4.711421206593513489e-03
-4.746198654174804688e-03,-3.138542175292968750e-03,-4.809429869055747986e-03
-4.675149917602539062e-03,-3.303945064544677734e-03,-5.053086206316947937e-03
-4.617929458618164062e-03,-3.395318984985351562e-03,-5.271637812256813049e-03
-4.598379135131835938e-03,-3.470957279205322266e-03,-5.440162494778633118e-03
-4.560589790344238281e-03,-3.516197204589843750e-03,-5.555743351578712463e-03
-4.433393478393554688e-03,-3.565073013305664062e-03,-5.623674020171165466e-03
-4.352211952209472656e-03,-3.623962402343750000e-03,-5.669033154845237732e-03
-4.261612892150878906e-03,-3.661692142486572266e-03,-5.690639838576316833e-03
-4.196643829345703125e-03,-3.700494766235351562e-03,-5.704944953322410583e-03
-4.168152809143066406e-03,-3.731369972229003906e-03,-5.715524777770042419e-03
-4.115343093872070312e-03,-3.763616085052490234e-03,-5.735194310545921326e-03
-4.062533378601074219e-03,-3.816843032836914062e-03,-5.740894004702568054e-03
-3.878951072692871094e-03,-3.878176212310791016e-03,-5.758462473750114441e-03
-3.766536712646484375e-03,-3.978610038757324219e-03,-5.793234333395957947e-03
-3.671884536743164062e-03,-4.100739955902099609e-03,-5.862882360816001892e-03
-3.626465797424316406e-03,-4.245042800903320312e-03,-5.964623764157295227e-03
-3.614664077758789062e-03,-4.345238208770751953e-03,-6.126763299107551575e-03
-3.616452217102050781e-03,-4.401504993438720703e-03,-6.270838901400566101e-03
-3.586292266845703125e-03,-4.337430000305175781e-03,-6.404122337698936462e-03
-3.515720367431640625e-03,-4.239320755004882812e-03,-6.496785208582878113e-03
-3.465175628662109375e-03,-4.124879837036132812e-03,-6.572267040610313416e-03
-3.397583961486816406e-03,-3.962159156799316406e-03,-6.593273952603340149e-03
-3.352999687194824219e-03,-3.786802291870117188e-03,-6.598772481083869934e-03
-3.323078155517578125e-03,-3.607511520385742188e-03,-6.568117067217826843e-03
-3.311991691589355469e-03,-3.368675708770751953e-03,-6.506552919745445251e-03
-3.357410430908203125e-03,-3.146827220916748047e-03,-6.332213059067726135e-03
-3.474831581115722656e-03,-2.956151962280273438e-03,-6.141817197203636169e-03
-3.623008728027343750e-03,-2.784252166748046875e-03,-5.938971415162086487e-03
-3.814578056335449219e-03,-2.666354179382324219e-03,-5.737518891692161560e-03
-3.996491432189941406e-03,-2.592265605926513672e-03,-5.594251677393913269e-03
-4.205584526062011719e-03,-2.620935440063476562e-03,-5.456363782286643982e-03
-4.377603530883789062e-03,-2.692759037017822266e-03,-5.369102582335472107e-03
-4.486203193664550781e-03,-2.768754959106445312e-03,-5.296951159834861755e-03
-4.559040069580078125e-03,-2.854943275451660156e-03,-5.256531760096549988e-03
-4.599332809448242188e-03,-2.953231334686279297e-03,-5.223186686635017395e-03
-4.616737365722656250e-03,-3.039002418518066406e-03,-5.218030884861946106e-03
-4.614830017089843750e-03,-3.129243850708007812e-03,-5.213597789406776428e-03
-4.566669464111328125e-03,-3.205895423889160156e-03,-5.244428291916847229e-03
-4.462122917175292969e-03,-3.272056579589843750e-03,-5.294902250170707703e-03
-4.332542419433593750e-03,-3.340184688568115234e-03,-5.386793985962867737e-03
-4.140973091125488281e-03,-3.275632858276367188e-03,-5.511207506060600281e-03
-3.934383392333984375e-03,-3.217339515686035156e-03,-5.649821832776069641e-03
-3.762960433959960938e-03,-3.195464611053466797e-03,-5.816729739308357239e-03
-3.643274307250976562e-03,-3.246426582336425781e-03,-6.018696352839469910e-03
-3.592371940612792969e-03,-3.334343433380126953e-03,-6.194943562150001526e-03
-3.504753112792968750e-03,-3.288805484771728516e-03,-6.385868415236473083e-03
-3.478765487670898438e-03,-3.336787223815917969e-03,-6.579117849469184875e-03
-3.422379493713378906e-03,-3.354191780090332031e-03,-6.859781220555305481e-03
-3.422617912292480469e-03,-3.414452075958251953e-03,-7.114158943295478821e-03
-3.483653068542480469e-03,-3.499865531921386719e-03,-7.322503253817558289e-03
-3.631949424743652344e-03,-3.637492656707763672e-03,-7.497945800423622131e-03
-3.799438476562500000e-03,-3.763079643249511719e-03,-7.614744827151298523e-03
-4.025816917419433594e-03,-3.905057907104492188e-03,-7.682597264647483826e-03
-4.265546798706054688e-03,-4.015445709228515625e-03,-7.709497585892677307e-03
-4.458308219909667969e-03,-4.134118556976318359e-03,-7.711021229624748230e-03
-4.662871360778808594e-03,-4.250645637512207031e-03,-7.688274607062339783e-03
-4.851102828979492188e-03,-4.322290420532226562e-03,-7.615050300955772400e-03
-5.023717880249023438e-03,-4.384458065032958984e-03,-7.547309622168540955e-03
-5.055189132690429688e-03,-4.314363002777099609e-03,-7.474811747670173645e-03
-4.985570907592773438e-03,-4.165470600128173828e-03,-7.430104538798332214e-03
-4.932403564453125000e-03,-3.990232944488525391e-03,-7.320808246731758118e-03
-4.896879196166992188e-03,-3.823876380920410156e-03,-7.238747552037239075e-03
-4.909753799438476562e-03,-3.696739673614501953e-03,-7.168857380747795105e-03
-4.962921142578125000e-03,-3.625512123107910156e-03,-7.119061425328254700e-03
-5.066514015197753906e-03,-3.589391708374023438e-03,-7.074391469359397888e-03
-5.260944366455078125e-03,-3.681957721710205078e-03,-6.997307762503623962e-03
-5.437493324279785156e-03,-3.727197647094726562e-03,-6.959320977330207825e-03
-5.539178848266601562e-03,-3.787755966186523438e-03,-6.993336603045463562e-03
-5.662322044372558594e-03,-3.873407840728759766e-03,-7.017249241471290588e-03
-5.740523338317871094e-03,-3.953278064727783203e-03,-7.061215117573738098e-03
-5.716204643249511719e-03,-4.022359848022460938e-03,-7.141472771763801575e-03
-5.658745765686035156e-03,-4.086494445800781250e-03,-7.249405607581138611e-03
-5.556941032409667969e-03,-4.140853881835937500e-03,-7.346084341406822205e-03
-5.403757095336914062e-03,-4.165291786193847656e-03,-7.466336712241172791e-03
-5.213499069213867188e-03,-4.182696342468261719e-03,-7.583389058709144592e-03
-4.977583885192871094e-03,-4.172146320343017578e-03,-7.685909047722816467e-03
-4.725456237792968750e-03,-4.160821437835693359e-03,-7.772801443934440613e-03
-4.517793655395507812e-03,-4.137396812438964844e-03,-7.854392752051353455e-03
-4.345893859863281250e-03,-4.106760025024414062e-03,-7.885301485657691956e-03
-4.206061363220214844e-03,-4.099786281585693359e-03,-7.912227883934974670e-03
-4.103302955627441406e-03,-4.117190837860107422e-03,-7.922345772385597229e-03
-4.184484481811523438e-03,-4.173338413238525391e-03,-7.905578240752220154e-03
-4.379153251647949219e-03,-4.188537597656250000e-03,-7.794646546244621277e-03
-4.596471786499023438e-03,-4.283487796783447266e-03,-7.731249555945396423e-03
-4.839301109313964844e-03,-4.382431507110595703e-03,-7.657362148165702820e-03
-5.081415176391601562e-03,-4.445493221282958984e-03,-7.556585595011711121e-03
-5.259275436401367188e-03,-4.468381404876708984e-03,-7.457910105586051941e-03
-5.369305610656738281e-03,-4.486739635467529297e-03,-7.385505363345146179e-03
-5.391001701354980469e-03,-4.507482051849365234e-03,-7.333731278777122498e-03
-5.282521247863769531e-03,-4.458248615264892578e-03,-7.309554144740104675e-03
-5.110740661621093750e-03,-4.435002803802490234e-03,-7.295930758118629456e-03
-4.936099052429199219e-03,-4.400551319122314453e-03,-7.295677438378334045e-03
-4.714250564575195312e-03,-4.368364810943603516e-03,-7.280213758349418640e-03
-4.396080970764160156e-03,-4.184126853942871094e-03,-7.274223491549491882e-03
-4.121184349060058594e-03,-4.005491733551025391e-03,-7.246190682053565979e-03
-3.889560699462890625e-03,-3.737211227416992188e-03,-7.024863734841346741e-03
-3.707289695739746094e-03,-3.453493118286132812e-03,-6.819305941462516785e-03
-3.611922264099121094e-03,-3.241717815399169922e-03,-6.648400798439979553e-03
-3.577232360839843750e-03,-3.061890602111816406e-03,-6.477361544966697693e-03
-3.597021102905273438e-03,-2.962410449981689453e-03,-6.306635215878486633e-03
-3.687500953674316406e-03,-2.951502799987792969e-03,-6.179278716444969177e-03
-3.822088241577148438e-03,-2.986133098602294922e-03,-6.064025685191154480e-03
-3.971576690673828125e-03,-3.122687339782714844e-03,-5.952754989266395569e-03
-4.215121269226074219e-03,-3.328084945678710938e-03,-5.835549905896186829e-03
-4.501223564147949219e-03,-3.531098365783691406e-03,-5.735361948609352112e-03
-4.803776741027832031e-03,-3.743171691894531250e-03,-5.632566288113594055e-03
-5.094289779663085938e-03,-3.921091556549072266e-03,-5.522442981600761414e-03
-5.356550216674804688e-03,-4.087984561920166016e-03,-5.433825775980949402e-03
-5.578637123107910156e-03,-4.247009754180908203e-03,-5.366520956158638000e-03
-5.707979202270507812e-03,-4.362463951110839844e-03,-5.337128415703773499e-03
-5.784034729003906250e-03,-4.440903663635253906e-03,-5.362184718251228333e-03
-5.804300308227539062e-03,-4.523515701293945312e-03,-5.399139598011970520e-03
-5.800127983093261719e-03,-4.548966884613037109e-03,-5.386656150221824646e-03
-5.724191665649414062e-03,-4.548251628875732422e-03,-5.360076203942298889e-03
-5.586266517639160156e-03,-4.519820213317871094e-03,-5.349991843104362488e-03
-5.308747291564941406e-03,-4.325389862060546875e-03,-5.353385582566261292e-03
-4.957079887390136719e-03,-4.165172576904296875e-03,-5.339609459042549133e-03
-4.608631134033203125e-03,-3.996670246124267578e-03,-5.338786169886589050e-03
-4.201531410217285156e-03,-3.834307193756103516e-03,-5.323907360434532166e-03
-3.803610801696777344e-03,-3.661632537841796875e-03,-5.312999710440635681e-03
-3.413200378417968750e-03,-3.520607948303222656e-03,-5.307966843247413635e-03
-3.068685531616210938e-03,-3.395855426788330078e-03,-5.296019837260246277e-03
-2.769112586975097656e-03,-3.306269645690917969e-03,-5.299067124724388123e-03
-2.518534660339355469e-03,-3.221809864044189453e-03,-5.327580496668815613e-03
-2.370357513427734375e-03,-3.186345100402832031e-03,-5.338253453373908997e-03
-2.311587333679199219e-03,-3.168582916259765625e-03,-5.343744531273841858e-03
-2.249956130981445312e-03,-3.171920776367187500e-03,-5.360292270779609680e-03
-2.203941345214843750e-03,-3.170073032379150391e-03,-5.365991964936256409e-03
-2.177119255065917969e-03,-3.165423870086669922e-03,-5.360515788197517395e-03
-2.142548561096191406e-03,-3.157615661621093750e-03,-5.337478592991828918e-03
-2.084016799926757812e-03,-3.105103969573974609e-03,-5.291907116770744324e-03
-2.020955085754394531e-03,-3.027677536010742188e-03,-5.248447880148887634e-03
-1.961112022399902344e-03,-2.944350242614746094e-03,-5.202127620577812195e-03
-1.912474632263183594e-03,-2.850890159606933594e-03,-5.131488665938377380e-03
-1.864671707153320312e-03,-2.791047096252441406e-03,-5.050359293818473816e-03
-1.880764961242675781e-03,-2.758026123046875000e-03,-4.949113354086875916e-03
-1.946449279785156250e-03,-2.740740776062011719e-03,-4.950987175107002258e-03
-1.997113227844238281e-03,-2.695202827453613281e-03,-4.939181730151176453e-03
-2.076029777526855469e-03,-2.649128437042236328e-03,-4.885433241724967957e-03
-2.175331115722656250e-03,-2.595603466033935547e-03,-4.832869395613670349e-03
-2.310276031494140625e-03,-2.467513084411621094e-03,-4.766022786498069763e-03
-2.445340156555175781e-03,-2.342760562896728516e-03,-4.671545699238777161e-03
-2.576947212219238281e-03,-2.252101898193359375e-03,-4.608446732163429260e-03
-2.727508544921875000e-03,-2.172648906707763672e-03,-4.542266950011253357e-03
-2.789735794067382812e-03,-1.966834068298339844e-03,-4.479670897126197815e-03
-2.796292304992675781e-03,-1.667559146881103516e-03,-4.434200003743171692e-03
-2.857923507690429688e-03,-1.424729824066162109e-03,-4.374364390969276428e-03
-2.951502799987792969e-03,-1.219213008880615234e-03,-4.277678206562995911e-03
-3.117680549621582031e-03,-1.000583171844482422e-03,-4.109652712941169739e-03
-3.322958946228027344e-03,-8.106231689453125000e-04,-3.925999626517295837e-03
-3.554463386535644531e-03,-6.507039070129394531e-04,-3.742447122931480408e-03
-3.852486610412597656e-03,-4.953145980834960938e-04,-3.534449264407157898e-03
-4.199028015136718750e-03,-4.364252090454101562e-04,-3.373837098479270935e-03
-4.569768905639648438e-03,-4.082322120666503906e-04,-3.248078748583793640e-03
-4.952549934387207031e-03,-4.923343658447265625e-04,-3.171755000948905945e-03
-5.273222923278808594e-03,-6.683468818664550781e-04,-3.177726641297340393e-03
-5.552887916564941406e-03,-8.795857429504394531e-04,-3.188887611031532288e-03
-5.748748779296875000e-03,-1.057267189025878906e-03,-3.184465691447257996e-03
-5.881071090698242188e-03,-1.218140125274658203e-03,-3.183955326676368713e-03
-5.949497222900390625e-03,-1.375734806060791016e-03,-3.198308870196342468e-03
-5.933880805969238281e-03,-1.510441303253173828e-03,-3.228882327675819397e-03
-5.879759788513183594e-03,-1.611709594726562500e-03,-3.263371065258979797e-03
-5.610942840576171875e-03,-1.570761203765869141e-03,-3.313956782221794128e-03
-5.298018455505371094e-03,-1.437842845916748047e-03,-3.302631899714469910e-03
-4.985332489013671875e-03,-1.299858093261718750e-03,-3.289664164185523987e-03
-4.685878753662109375e-03,-1.134157180786132812e-03,-3.233259543776512146e-03
-4.365801811218261719e-03,-9.183883666992187500e-04,-3.148766234517097473e-03
-4.119515419006347656e-03,-7.610321044921875000e-04,-3.050131723284721375e-03
-3.903627395629882812e-03,-6.162524223327636719e-04,-2.933284267783164978e-03
-3.749489784240722656e-03,-4.953145980834960938e-04,-2.797158434987068176e-03
-3.691077232360839844e-03,-4.246830940246582031e-04,-2.639541402459144592e-03
-3.650188446044921875e-03,-3.576278686523437500e-04,-2.465834841132164001e-03
-3.705143928527832031e-03,-3.627538681030273438e-04,-2.303062006831169128e-03
-3.846883773803710938e-03,-4.045367240905761719e-04,-2.092598006129264832e-03
-4.047393798828125000e-03,-4.609227180480957031e-04,-1.873238012194633484e-03
-4.276394844055175781e-03,-5.166530609130859375e-04,-1.699352636933326721e-03
-4.493117332458496094e-03,-5.995035171508789062e-04,-1.571359112858772278e-03
-4.644870758056640625e-03,-5.631446838378906250e-04,-1.514101400971412659e-03
-4.795312881469726562e-03,-5.904436111450195312e-04,-1.480041071772575378e-03
-4.963397979736328125e-03,-6.347894668579101562e-04,-1.465039327740669250e-03
-5.129337310791015625e-03,-7.048845291137695312e-04,-1.463511958718299866e-03
-5.245804786682128906e-03,-7.619857788085937500e-04,-1.464122906327247620e-03
-5.297303199768066406e-03,-8.420348167419433594e-04,-1.495411619544029236e-03
-5.374908447265625000e-03,-9.132027626037597656e-04,-1.540480181574821472e-03
-5.343556404113769531e-03,-9.657740592956542969e-04,-1.621456816792488098e-03
-5.253672599792480469e-03,-1.070022583007812500e-03,-1.742513850331306458e-03
-5.140542984008789062e-03,-1.170873641967773438e-03,-1.875555142760276794e-03
-4.973769187927246094e-03,-1.262247562408447266e-03,-2.027710899710655212e-03
-4.781007766723632812e-03,-1.225173473358154297e-03,-2.213792875409126282e-03
-4.558205604553222656e-03,-1.127481460571289062e-03,-2.369264140725135803e-03
-4.299044609069824219e-03,-1.044929027557373047e-03,-2.505345270037651062e-03
-4.056096076965332031e-03,-9.813308715820312500e-04,-2.626949921250343323e-03
-3.832340240478515625e-03,-9.099841117858886719e-04,-2.708399668335914612e-03
-3.581166267395019531e-03,-8.424520492553710938e-04,-2.746330574154853821e-03
-3.361701965332031250e-03,-7.715821266174316406e-04,-2.773465588688850403e-03
-3.239154815673828125e-03,-7.309913635253906250e-04,-2.772817388176918030e-03
-3.153204917907714844e-03,-6.626844406127929688e-04,-2.710008993744850159e-03
-3.146171569824218750e-03,-6.147027015686035156e-04,-2.639519050717353821e-03
-3.138780593872070312e-03,-5.728602409362792969e-04,-2.549747005105018616e-03
-3.144621849060058594e-03,-5.382895469665527344e-04,-2.436177805066108704e-03
-3.139972686767578125e-03,-4.942417144775390625e-04,-2.337718382477760315e-03
-3.098964691162109375e-03,-4.448890686035156250e-04,-2.230795100331306458e-03
-2.987623214721679688e-03,-2.902746200561523438e-04,-2.159742638468742371e-03
-2.872109413146972656e-03,-1.547932624816894531e-04,-2.120113000273704529e-03
-2.758622169494628906e-03,-4.786252975463867188e-05,-2.060206606984138489e-03
-2.638816833496093750e-03,3.254413604736328125e-05,-2.033190801739692688e-03
-2.504348754882812500e-03,1.051425933837890625e-04,-2.026798203587532043e-03
-2.374172210693359375e-03,1.145005226135253906e-04,-1.985816285014152527e-03
-2.245545387268066406e-03,7.593631744384765625e-05,-2.000236883759498596e-03
-2.096295356750488281e-03,-4.231929779052734375e-06,-2.043677493929862976e-03
-2.004623413085937500e-03,-4.386901855468750000e-05,-2.022700384259223938e-03
-1.934885978698730469e-03,-1.351237297058105469e-04,-2.044690772891044617e-03
-1.882195472717285156e-03,-2.626180648803710938e-04,-2.094166353344917297e-03
-1.869797706604003906e-03,-3.782510757446289062e-04,-2.157969400286674500e-03
-1.830577850341796875e-03,-5.049109458923339844e-04,-2.246158197522163391e-03
-1.803278923034667969e-03,-6.588697433471679688e-04,-2.376450225710868835e-03
-1.768946647644042969e-03,-8.184313774108886719e-04,-2.530017867684364319e-03
-1.736640930175781250e-03,-9.439587593078613281e-04,-2.687076106667518616e-03
-1.686930656433105469e-03,-1.070141792297363281e-03,-2.842055633664131165e-03
-1.653671264648437500e-03,-1.194119453430175781e-03,-3.008769825100898743e-03
-1.604795455932617188e-03,-1.289367675781250000e-03,-3.169128671288490295e-03
-1.526236534118652344e-03,-1.402437686920166016e-03,-3.339340910315513611e-03
-1.430153846740722656e-03,-1.495361328125000000e-03,-3.484433516860008240e-03
-1.357793807983398438e-03,-1.580476760864257812e-03,-3.596233204007148743e-03
-1.251101493835449219e-03,-1.633465290069580078e-03,-3.697881475090980530e-03
-1.125574111938476562e-03,-1.660585403442382812e-03,-3.776052966713905334e-03
-9.790658950805664062e-04,-1.618862152099609375e-03,-3.859480842947959900e-03
-8.280277252197265625e-04,-1.552939414978027344e-03,-3.907466307282447815e-03
-7.261037826538085938e-04,-1.471400260925292969e-03,-3.910215571522712708e-03
-6.319284439086914062e-04,-1.382112503051757812e-03,-3.879567608237266541e-03
-5.950927734375000000e-04,-1.296818256378173828e-03,-3.807259723544120789e-03
-6.024837493896484375e-04,-1.236200332641601562e-03,-3.713442012667655945e-03
-6.633996963500976562e-04,-1.160681247711181641e-03,-3.573155030608177185e-03
-7.411241531372070312e-04,-1.069247722625732422e-03,-3.394464030861854553e-03
-8.473396301269531250e-04,-1.037597656250000000e-03,-3.185650333762168884e-03
-9.068250656127929688e-04,-1.046299934387207031e-03,-2.976035699248313904e-03
-1.002430915832519531e-03,-1.049935817718505859e-03,-2.762084826827049255e-03
-1.122355461120605469e-03,-1.050889492034912109e-03,-2.551311627030372620e-03
-1.239061355590820312e-03,-1.031696796417236328e-03,-2.356937155127525330e-03
-1.344799995422363281e-03,-1.033306121826171875e-03,-2.187637612223625183e-03
-1.441836357116699219e-03,-1.025438308715820312e-03,-2.030091360211372375e-03
-1.537680625915527344e-03,-1.011371612548828125e-03,-1.883296296000480652e-03
-1.639485359191894531e-03,-1.012027263641357422e-03,-1.761699095368385315e-03
-1.708388328552246094e-03,-1.005232334136962891e-03,-1.638757064938545227e-03
-1.718282699584960938e-03,-9.782314300537109375e-04,-1.541854813694953918e-03
-1.730680465698242188e-03,-9.627938270568847656e-04,-1.446327194571495056e-03
-1.755714416503906250e-03,-9.747147560119628906e-04,-1.364348456263542175e-03
-1.776814460754394531e-03,-9.942650794982910156e-04,-1.301607117056846619e-03
-1.829743385314941406e-03,-1.061141490936279297e-03,-1.247020438313484192e-03
-1.854300498962402344e-03,-1.135349273681640625e-03,-1.223212108016014099e-03
-1.861453056335449219e-03,-1.187622547149658203e-03,-1.217043027281761169e-03
-1.853823661804199219e-03,-1.238942146301269531e-03,-1.227566972374916077e-03
-1.847028732299804688e-03,-1.267015933990478516e-03,-1.237766817212104797e-03
-1.838326454162597656e-03,-1.322388648986816406e-03,-1.243164762854576111e-03
-1.812696456909179688e-03,-1.374304294586181641e-03,-1.243373379111289978e-03
-1.845717430114746094e-03,-1.518249511718750000e-03,-1.213470473885536194e-03
-1.857280731201171875e-03,-1.622915267944335938e-03,-1.165011897683143616e-03
-1.878142356872558594e-03,-1.693725585937500000e-03,-1.109508797526359558e-03
-1.880764961242675781e-03,-1.745164394378662109e-03,-1.062164083123207092e-03
-1.936078071594238281e-03,-1.783192157745361328e-03,-1.006888225674629211e-03
-1.996994018554687500e-03,-1.793384552001953125e-03,-9.471978992223739624e-04
-2.070188522338867188e-03,-1.792132854461669922e-03,-8.668359369039535522e-04
-2.197861671447753906e-03,-1.838624477386474609e-03,-8.137170225381851196e-04
-2.327799797058105469e-03,-1.908540725708007812e-03,-7.758233696222305298e-04
-2.493023872375488281e-03,-1.964807510375976562e-03,-7.447507232427597046e-04
-2.656340599060058594e-03,-2.005994319915771484e-03,-6.844755262136459351e-04
-2.816438674926757812e-03,-2.028167247772216797e-03,-6.129387766122817993e-04
-2.994060516357421875e-03,-2.063751220703125000e-03,-5.341712385416030884e-04
-3.178238868713378906e-03,-2.067625522613525391e-03,-4.350412636995315552e-04
-3.360986709594726562e-03,-2.056181430816650391e-03,-3.171805292367935181e-04
-3.515124320983886719e-03,-2.040207386016845703e-03,-2.137180417776107788e-04
-3.677725791931152344e-03,-2.007842063903808594e-03,-8.508376777172088623e-05
-3.809094429016113281e-03,-1.958310604095458984e-03,5.797110497951507568e-05
-3.905773162841796875e-03,-1.896083354949951172e-03,1.879986375570297241e-04
-4.002809524536132812e-03,-1.837670803070068359e-03,3.361869603395462036e-04
-4.130244255065917969e-03,-1.816093921661376953e-03,5.034711211919784546e-04
-4.249215126037597656e-03,-1.791119575500488281e-03,6.465073674917221069e-04
-4.351019859313964844e-03,-1.749932765960693359e-03,8.824560791254043579e-04
-4.431009292602539062e-03,-1.694023609161376953e-03,1.100638881325721741e-03
-4.497289657592773438e-03,-1.643955707550048828e-03,1.272590830922126770e-03
-4.545331001281738281e-03,-1.627564430236816406e-03,1.408269628882408142e-03
-4.562377929687500000e-03,-1.585841178894042969e-03,1.524234190583229065e-03
-4.572987556457519531e-03,-1.556277275085449219e-03,1.624139025807380676e-03
-4.520654678344726562e-03,-1.520097255706787109e-03,1.686433330178260803e-03
-4.487752914428710938e-03,-1.505792140960693359e-03,1.706587150692939758e-03
-4.465222358703613281e-03,-1.506984233856201172e-03,1.683922484517097473e-03
-4.392504692077636719e-03,-1.421093940734863281e-03,1.627670601010322571e-03
-4.245042800903320312e-03,-1.236259937286376953e-03,1.585667952895164490e-03
-4.130840301513671875e-03,-1.097917556762695312e-03,1.547219231724739075e-03
-4.016041755676269531e-03,-1.002907752990722656e-03,1.494085416197776794e-03
-3.900408744812011719e-03,-9.489655494689941406e-04,1.436391845345497131e-03
-3.808021545410156250e-03,-9.271502494812011719e-04,1.384468749165534973e-03
-3.739356994628906250e-03,-8.353590965270996094e-04,1.372599974274635315e-03
-3.751397132873535156e-03,-7.874369621276855469e-04,1.321526244282722473e-03
-3.756999969482421875e-03,-7.746815681457519531e-04,1.262130215764045715e-03
-3.759264945983886719e-03,-8.210539817810058594e-04,1.183761283755302429e-03
-3.734111785888671875e-03,-8.966922760009765625e-04,1.115934923291206360e-03
-3.674387931823730469e-03,-9.666085243225097656e-04,1.025272533297538757e-03
-3.618717193603515625e-03,-1.050412654876708984e-03,9.113419800996780396e-04
-3.509402275085449219e-03,-1.098930835723876953e-03,7.869582623243331909e-04
-3.360271453857421875e-03,-1.134157180786132812e-03,6.803590804338455200e-04
-3.139972686767578125e-03,-1.095056533813476562e-03,5.590077489614486694e-04
-2.914667129516601562e-03,-1.048684120178222656e-03,3.294888883829116821e-04
-2.690911293029785156e-03,-9.745955467224121094e-04,1.592729240655899048e-04
-2.511501312255859375e-03,-9.124279022216796875e-04,3.353320062160491943e-05
-2.391934394836425781e-03,-8.538961410522460938e-04,-5.147047340869903564e-05
-2.321600914001464844e-03,-8.082389831542968750e-04,-1.001413911581039429e-04
-2.311825752258300781e-03,-7.721185684204101562e-04,-1.031663268804550171e-04
-2.326250076293945312e-03,-7.252097129821777344e-04,-6.419233977794647217e-05
-2.382040023803710938e-03,-6.969571113586425781e-04,-1.328065991401672363e-06
-2.462863922119140625e-03,-6.839632987976074219e-04,7.978267967700958252e-05
-2.583503723144531250e-03,-6.772279739379882812e-04,1.688133925199508667e-04
