4.753105714917182922e-02
4.753105714917182922e-02
4.720815643668174744e-02
4.655818641185760498e-02
4.613698646426200867e-02
4.585519060492515564e-02
4.557064175605773926e-02
4.504827409982681274e-02
4.437828063964843750e-02
4.372156411409378052e-02
4.344995692372322083e-02
4.340889304876327515e-02
4.337621852755546570e-02
4.313343763351440430e-02
4.287033900618553162e-02
4.256148263812065125e-02
4.234032705426216125e-02
4.217464104294776917e-02
4.190269112586975098e-02
4.162169620394706726e-02
4.129040241241455078e-02
4.131251201033592224e-02
4.120593890547752380e-02
4.098331183195114136e-02
4.078186303377151489e-02
4.055947065353393555e-02
4.031907021999359131e-02
4.006855934858322144e-02
3.983785212039947510e-02
3.959018737077713013e-02
3.943347558379173279e-02
3.941425308585166931e-02
3.933054581284523010e-02
3.928346186876296997e-02
3.923559933900833130e-02
3.916751593351364136e-02
3.900815173983573914e-02
3.882741555571556091e-02
3.864092379808425903e-02
3.842533752322196960e-02
3.796522319316864014e-02
3.748417645692825317e-02
3.693444281816482544e-02
3.641749173402786255e-02
3.601728007197380066e-02
3.571797162294387817e-02
3.544261679053306580e-02
3.517318516969680786e-02
3.502944484353065491e-02
3.490658104419708252e-02
3.476632758975028992e-02
3.466586768627166748e-02
3.457289934158325195e-02
3.444634750485420227e-02
3.434180468320846558e-02
3.419285640120506287e-02
3.406395390629768372e-02
3.367292881011962891e-02
3.329162299633026123e-02
3.281477093696594238e-02
3.244360163807868958e-02
3.212391585111618042e-02
3.180975466966629028e-02
3.152519837021827698e-02
3.116209432482719421e-02
3.085933066904544830e-02
3.053607605397701263e-02
3.029653429985046387e-02
3.002215549349784851e-02
2.973477169871330261e-02
2.940783090889453888e-02
2.909230440855026245e-02
2.875040844082832336e-02
2.844553254544734955e-02
2.817235514521598816e-02
2.800119481980800629e-02
2.780136466026306152e-02
2.763926982879638672e-02
2.751705422997474670e-02
2.747293189167976379e-02
2.752145379781723022e-02
2.760613337159156799e-02
2.770959213376045227e-02
2.787696942687034607e-02
2.800460346043109894e-02
2.801136486232280731e-02
2.796441130340099335e-02
2.776950411498546600e-02
2.751838602125644684e-02
2.726670540869235992e-02
2.697130292654037476e-02
2.666195295751094818e-02
2.630627900362014771e-02
2.594205923378467560e-02
2.562303841114044189e-02
2.529046125710010529e-02
2.516495622694492340e-02
2.496211044490337372e-02
2.465882711112499237e-02
2.431328222155570984e-02
2.396318688988685608e-02
2.362786419689655304e-02
2.328431978821754456e-02
2.295517176389694214e-02
2.262087166309356689e-02
2.221484296023845673e-02
2.182027138769626617e-02
2.141356468200683594e-02
2.108984068036079407e-02
2.080918662250041962e-02
2.054336108267307281e-02
2.035126462578773499e-02
2.024197950959205627e-02
2.010747790336608887e-02
2.011404559016227722e-02
2.019331417977809906e-02
2.034012041985988617e-02
2.036773227155208588e-02
2.044359035789966583e-02
2.043395116925239563e-02
2.045034430921077728e-02
2.052996307611465454e-02
2.064140141010284424e-02
2.060998417437076569e-02
2.062513493001461029e-02
2.073989249765872955e-02
2.078364230692386627e-02
2.109886147081851959e-02
2.138580940663814545e-02
2.160292305052280426e-02
2.180702239274978638e-02
2.197420410811901093e-02
2.214707992970943451e-02
2.232348360121250153e-02
2.264448627829551697e-02
2.287059463560581207e-02
2.305703237652778625e-02
2.322433330118656158e-02
2.337459288537502289e-02
2.338909916579723358e-02
2.325139567255973816e-02
2.312889695167541504e-02
2.289912849664688110e-02
2.264641597867012024e-02
2.271453291177749634e-02
2.285446599125862122e-02
2.296708896756172180e-02
2.306702919304370880e-02
2.315785363316535950e-02
2.317164652049541473e-02
2.320801094174385071e-02
2.313288487493991852e-02
2.290977351367473602e-02
2.275322563946247101e-02
2.260397933423519135e-02
2.252354472875595093e-02
2.239671349525451660e-02
2.222391217947006226e-02
2.204361557960510254e-02
2.189099229872226715e-02
2.164348214864730835e-02
2.137627266347408295e-02
2.119668759405612946e-02
2.103940956294536591e-02
2.091336995363235474e-02
2.075718715786933899e-02
2.086655050516128540e-02
2.105107903480529785e-02
2.138268947601318359e-02
2.167044021189212799e-02
2.181654423475265503e-02
2.202246896922588348e-02
2.215232141315937042e-02
2.239373140037059784e-02
2.257614023983478546e-02
2.275237441062927246e-02
2.290449850261211395e-02
2.295516990125179291e-02
2.253629453480243683e-02
2.220678143203258514e-02
2.188376151025295258e-02
2.158907614648342133e-02
2.137671411037445068e-02
2.122791483998298645e-02
2.112103439867496490e-02
2.097408659756183624e-02
2.089973911643028259e-02
2.081100270152091980e-02
2.077221870422363281e-02
2.070728316903114319e-02
2.069624327123165131e-02
2.066106535494327545e-02
2.057888172566890717e-02
2.058495208621025085e-02
2.057254873216152191e-02
2.055068686604499817e-02
2.056643925607204437e-02
2.056028507649898529e-02
2.058126032352447510e-02
2.055228315293788910e-02
2.049102075397968292e-02
2.035796642303466797e-02
2.026518248021602631e-02
2.014373242855072021e-02
1.995655149221420288e-02
1.981687545776367188e-02
1.970818638801574707e-02
1.957997120916843414e-02
1.942590624094009399e-02
1.925268769264221191e-02
1.911014132201671600e-02
1.911060884594917297e-02
1.918602548539638519e-02
1.920170336961746216e-02
1.915532536804676056e-02
1.909382827579975128e-02
1.904044859111309052e-02
1.897630095481872559e-02
1.889273151755332947e-02
1.882692798972129822e-02
1.875038631260395050e-02
1.858152076601982117e-02
1.826559193432331085e-02
1.787985302507877350e-02
1.747333817183971405e-02
1.705285161733627319e-02
1.667074486613273621e-02
1.634126901626586914e-02
1.607793755829334259e-02
1.576061360538005829e-02
1.544863078743219376e-02
1.524833962321281433e-02
1.513940189033746719e-02
1.510682329535484314e-02
1.501182466745376587e-02
1.486772298812866211e-02
1.461729221045970917e-02
1.439214032143354416e-02
1.418179273605346680e-02
1.404992397874593735e-02
1.393284648656845093e-02
1.385311596095561981e-02
1.381758786737918854e-02
1.389139983803033829e-02
1.395439822226762772e-02
1.398339867591857910e-02
1.403021439909934998e-02
1.398631185293197632e-02
1.399637572467327118e-02
1.401717215776443481e-02
1.400514040142297745e-02
1.404814701527357101e-02
1.404606923460960388e-02
1.429258845746517181e-02
1.449300162494182587e-02
1.491909194737672806e-02
1.527986116707324982e-02
1.562765240669250488e-02
1.587301678955554962e-02
1.614369824528694153e-02
1.636241748929023743e-02
1.642397977411746979e-02
1.646368205547332764e-02
1.646190881729125977e-02
1.637884229421615601e-02
1.632811687886714935e-02
1.623789221048355103e-02
1.606854610145092010e-02
1.594638451933860779e-02
1.580016687512397766e-02
1.559734996408224106e-02
1.539136096835136414e-02
1.516468729823827744e-02
1.494403369724750519e-02
1.476495340466499329e-02
1.454475335776805878e-02
1.436390914022922516e-02
1.416504383087158203e-02
1.401313394308090210e-02
1.383887697011232376e-02
1.364270504564046860e-02
1.346987951546907425e-02
1.335135474801063538e-02
1.326897460967302322e-02
1.307477615773677826e-02
1.269019488245248795e-02
1.241086330264806747e-02
1.217979565262794495e-02
1.196208875626325607e-02
1.183625869452953339e-02
1.175744831562042236e-02
1.169546227902173996e-02
1.160314492881298065e-02
1.148438639938831329e-02
1.153399236500263214e-02
1.162472646683454514e-02
1.170345395803451538e-02
1.167345792055130005e-02
1.164284627884626389e-02
1.161059364676475525e-02
1.168917492032051086e-02
1.174953300505876541e-02
1.175669394433498383e-02
1.172877661883831024e-02
1.171704474836587906e-02
1.081391517072916031e-02
1.018005330115556717e-02
9.793797507882118225e-03
9.582749567925930023e-03
9.275826625525951385e-03
9.096967987716197968e-03
9.053791873157024384e-03
9.077143855392932892e-03
9.188125841319561005e-03
9.244283661246299744e-03
9.439096786081790924e-03
9.656128473579883575e-03
9.935617446899414062e-03
1.029098406434059143e-02
1.097739487886428833e-02
1.153245102614164352e-02
1.198139134794473648e-02
1.238767709583044052e-02
1.269432529807090759e-02
1.287174690514802933e-02
1.305817440152168274e-02
1.311764866113662720e-02
1.315428595989942551e-02
1.312714163213968277e-02
1.305995509028434753e-02
1.299761049449443817e-02
1.295872032642364502e-02
1.285216119140386581e-02
1.270894240587949753e-02
1.255734171718358994e-02
1.243399549275636673e-02
1.228171214461326599e-02
1.212506461888551712e-02
1.203006505966186523e-02
1.198965404182672501e-02
1.196612231433391571e-02
1.197108067572116852e-02
1.192073710262775421e-02
1.185506675392389297e-02
1.208746526390314102e-02
1.229973044246435165e-02
1.241614948958158493e-02
1.254867855459451675e-02
1.265696436166763306e-02
1.275291573256254196e-02
1.280596852302551270e-02
1.281256414949893951e-02
1.279325503855943680e-02
1.275826990604400635e-02
1.271453872323036194e-02
1.269976422190666199e-02
1.262344885617494583e-02
1.253268402069807053e-02
1.241251360625028610e-02
1.233886834233999252e-02
1.228365302085876465e-02
1.224154792726039886e-02
1.222883258014917374e-02
1.223460771143436432e-02
1.224443130195140839e-02
1.218666043132543564e-02
1.211044471710920334e-02
1.185703743249177933e-02
1.165714580565690994e-02
1.149079576134681702e-02
1.135863177478313446e-02
1.129077188670635223e-02
1.118579786270856857e-02
1.110369525849819183e-02
1.104357000440359116e-02
1.100627798587083817e-02
1.097220275551080704e-02
1.096050906926393509e-02
1.097292639315128326e-02
1.100588869303464890e-02
1.108901388943195343e-02
1.118593849241733551e-02
1.128741726279258728e-02
1.135530788451433182e-02
1.141706760972738266e-02
1.147405896335840225e-02
1.151766534894704819e-02
1.156268827617168427e-02
1.160560455173254013e-02
1.165107078850269318e-02
1.165751367807388306e-02
1.167226675897836685e-02
1.170211564749479294e-02
1.171333249658346176e-02
1.169684156775474548e-02
1.172541081905364990e-02
1.174613833427429199e-02
1.169666741043329239e-02
1.167540252208709717e-02
1.160786766558885574e-02
1.151013933122158051e-02
1.139553170651197433e-02
1.128784287720918655e-02
1.114965137094259262e-02
1.100755203515291214e-02
1.085390150547027588e-02
1.068125944584608078e-02
1.051289960741996765e-02
1.038121338933706284e-02
1.030445564538240433e-02
1.029289700090885162e-02
1.027073338627815247e-02
1.025106478482484818e-02
1.023580320179462433e-02
1.026851870119571686e-02
1.028704643249511719e-02
1.031501311808824539e-02
1.033099833875894547e-02
1.031454280018806458e-02
1.026344392448663712e-02
1.018785312771797180e-02
1.011226139962673187e-02
1.002009026706218719e-02
9.932900778949260712e-03
9.820452891290187836e-03
9.686498902738094330e-03
9.590138681232929230e-03
9.520497173070907593e-03
9.474985301494598389e-03
9.405328892171382904e-03
9.319462813436985016e-03
9.229247458279132843e-03
9.168143384158611298e-03
9.132781066000461578e-03
9.100440889596939087e-03
9.090069681406021118e-03
9.073863737285137177e-03
9.033760055899620056e-03
8.987652137875556946e-03
8.917709812521934509e-03
8.856242522597312927e-03
8.807093836367130280e-03
8.739584125578403473e-03
8.651258423924446106e-03
8.547006174921989441e-03
8.427461609244346619e-03
8.312400430440902710e-03
8.192405104637145996e-03
8.102976717054843903e-03
8.055898360908031464e-03
8.059171028435230255e-03
8.008613251149654388e-03
7.957694120705127716e-03
7.939052768051624298e-03
7.873014546930789948e-03
7.804061286151409149e-03
7.738992106169462204e-03
7.679388392716646194e-03
7.628257386386394501e-03
7.618607487529516220e-03
7.606472354382276535e-03
7.617119699716567993e-03
7.661948911845684052e-03
7.702742703258991241e-03
7.744229398667812347e-03
7.731858175247907639e-03
7.715402636677026749e-03
7.673987653106451035e-03
7.642595097422599792e-03
7.609881460666656494e-03
7.597584277391433716e-03
7.595935836434364319e-03
7.613803260028362274e-03
7.680349983274936676e-03
7.731719408184289932e-03
7.782922126352787018e-03
7.906097918748855591e-03
7.976470515131950378e-03
8.050941862165927887e-03
8.125500753521919250e-03
8.054139092564582825e-03
7.984925061464309692e-03
7.936195470392704010e-03
7.902000099420547485e-03
7.873137481510639191e-03
7.837690412998199463e-03
7.791252341121435165e-03
7.771547418087720871e-03
7.773635443300008774e-03
7.794507779181003571e-03
7.861245423555374146e-03
7.896540686488151550e-03
7.875176146626472473e-03
7.846580818295478821e-03
7.827439345419406891e-03
7.868202403187751770e-03
7.912483066320419312e-03
7.936005480587482452e-03
7.956108078360557556e-03
7.957603782415390015e-03
7.923231460154056549e-03
7.878108881413936615e-03
7.829193025827407837e-03
7.807378657162189484e-03
7.787625305354595184e-03
7.753117009997367859e-03
7.730657234787940979e-03
7.707421667873859406e-03
7.675908040255308151e-03
7.695094216614961624e-03
7.743875496089458466e-03
7.793951779603958130e-03
7.843787781894207001e-03
7.875758223235607147e-03
7.912457920610904694e-03
7.918258197605609894e-03
7.907205261290073395e-03
7.981469854712486267e-03
7.997100241482257843e-03
7.976503111422061920e-03
7.922750897705554962e-03
7.848121225833892822e-03
7.777531165629625320e-03
7.726444397121667862e-03
7.715086452662944794e-03
7.736706640571355820e-03
7.787646260112524033e-03
7.832029834389686584e-03
7.883485406637191772e-03
7.919701747596263885e-03
7.951536215841770172e-03
7.990764454007148743e-03
8.032583631575107574e-03
8.097874000668525696e-03
8.132928051054477692e-03
8.116823621094226837e-03
8.083659224212169647e-03
8.014613762497901917e-03
7.925471290946006775e-03
7.832773961126804352e-03
7.720116991549730301e-03
7.614728063344955444e-03
7.531841285526752472e-03
7.488462608307600021e-03
7.471795659512281418e-03
7.474694866687059402e-03
7.523837499320507050e-03
7.589982356876134872e-03
7.683939300477504730e-03
7.744923233985900879e-03
7.782066706568002701e-03
7.796008605509996414e-03
7.792505435645580292e-03
7.828498259186744690e-03
7.814676500856876373e-03
7.813697680830955505e-03
7.794165983796119690e-03
7.744127418845891953e-03
7.652314379811286926e-03
7.545633707195520401e-03
7.481636479496955872e-03
7.456836756318807602e-03
7.436733227223157883e-03
7.426277734339237213e-03
7.423727307468652725e-03
7.398395799100399017e-03
7.410824298858642578e-03
7.451534736901521683e-03
7.615774869918823242e-03
7.784131448715925217e-03
7.919702678918838501e-03
8.046737872064113617e-03
8.134131319820880890e-03
8.130805566906929016e-03
8.098331280052661896e-03
8.027955889701843262e-03
7.998233661055564880e-03
7.967808283865451813e-03
7.927172817289829254e-03
7.860276848077774048e-03
7.790958043187856674e-03
7.970063947141170502e-03
8.173547685146331787e-03
8.329781703650951385e-03
8.473783731460571289e-03
8.619998581707477570e-03
8.703860454261302948e-03
8.751803077757358551e-03
8.933470584452152252e-03
9.028078988194465637e-03
9.014148265123367310e-03
8.957710117101669312e-03
8.858925662934780121e-03
8.697842247784137726e-03
8.516062051057815552e-03
8.389436639845371246e-03
8.287258446216583252e-03
8.190824650228023529e-03
8.124472573399543762e-03
8.069433271884918213e-03
8.020517416298389435e-03
8.003498427569866180e-03
8.028528653085231781e-03
8.045076392590999603e-03
8.065636269748210907e-03
8.104732260107994080e-03
8.083235472440719604e-03
7.999709807336330414e-03
7.907081395387649536e-03
7.830759510397911072e-03
7.747732568532228470e-03
7.709379773586988449e-03
7.685233373194932938e-03
7.650143466889858246e-03
7.632939610630273819e-03
7.619366981089115143e-03
7.589470595121383667e-03
7.535594515502452850e-03
7.486783433705568314e-03
7.452958729118108749e-03
7.430952508002519608e-03
7.402887567877769470e-03
7.356092799454927444e-03
7.258751429617404938e-03
7.191583048552274704e-03
7.132765371352434158e-03
7.065445184707641602e-03
6.967497989535331726e-03
6.860187742859125137e-03
6.760263815522193909e-03
6.673465948551893234e-03
6.627533119171857834e-03
6.610136944800615311e-03
6.615985184907913208e-03
6.647507660090923309e-03
6.702976301312446594e-03
6.756401620805263519e-03
6.815152708441019058e-03
6.834552623331546783e-03
6.810971535742282867e-03
6.804926320910453796e-03
6.778659764677286148e-03
6.730165332555770874e-03
6.671198178082704544e-03
6.599106360226869583e-03
6.539565976709127426e-03
6.479362491518259048e-03
6.437849253416061401e-03
6.405096501111984253e-03
6.379840895533561707e-03
6.384216714650392532e-03
6.395542062819004059e-03
6.404536776244640350e-03
6.421362515538930893e-03
6.451749708503484726e-03
6.543672643601894379e-03
6.580183282494544983e-03
6.658957339823246002e-03
6.727565545588731766e-03
6.761721335351467133e-03
6.768524646759033203e-03
6.779494695365428925e-03
6.832165177911520004e-03
6.872054655104875565e-03
6.888397503644227982e-03
6.892459467053413391e-03
6.909544579684734344e-03
6.931103765964508057e-03
6.943847518414258957e-03
7.020555436611175537e-03
7.167012896388769150e-03
7.255761418491601944e-03
7.367958314716815948e-03
7.453775033354759216e-03
7.553178817033767700e-03
7.602417841553688049e-03
7.633587345480918884e-03
7.601122371852397919e-03
7.539099082350730896e-03
7.482806220650672913e-03
7.443028967827558517e-03
7.356189657002687454e-03
7.264503743499517441e-03
7.193317636847496033e-03
7.464506197720766068e-03
7.682959549129009247e-03
7.875698618590831757e-03
7.978172972798347473e-03
8.056779392063617706e-03
8.049338124692440033e-03
8.000134490430355072e-03
7.906899787485599518e-03
7.765312213450670242e-03
7.595926523208618164e-03
7.428465411067008972e-03
7.297304458916187286e-03
7.193735800683498383e-03
7.123824674636125565e-03
7.062012795358896255e-03
7.034600246697664261e-03
7.038648240268230438e-03
7.056663744151592255e-03
6.958446931093931198e-03
6.859677378088235855e-03
6.777395028620958328e-03
6.711794994771480560e-03
6.666835863143205643e-03
6.615805905312299728e-03
6.486420053988695145e-03
6.432001944631338120e-03
6.403180304914712906e-03
6.405841559171676636e-03
6.399331614375114441e-03
6.429323460906744003e-03
6.433331407606601715e-03
6.398070603609085083e-03
6.379492115229368210e-03
6.329600699245929718e-03
6.301697343587875366e-03
6.255361251533031464e-03
6.240246817469596863e-03
6.206901744008064270e-03
6.162955425679683685e-03
6.159971468150615692e-03
6.148096639662981033e-03
6.149910390377044678e-03
6.159496027976274490e-03
6.219299510121345520e-03
6.295695900917053223e-03
6.330943666398525238e-03
6.373953074216842651e-03
6.405457854270935059e-03
6.432751659303903580e-03
6.478662602603435516e-03
6.519469432532787323e-03
6.547963246703147888e-03
6.549463141709566116e-03
6.519197952002286911e-03
6.470886059105396271e-03
6.378219462931156158e-03
6.267328746616840363e-03
6.146490108221769333e-03
5.998368840664625168e-03
5.887197796255350113e-03
5.762678571045398712e-03
5.654829554259777069e-03
5.547250155359506607e-03
5.447413772344589233e-03
5.365245509892702103e-03
5.271621979773044586e-03
5.173593759536743164e-03
5.063529126346111298e-03
4.959295038133859634e-03
4.900280386209487915e-03
4.838155116885900497e-03
4.807956051081418991e-03
4.775399342179298401e-03
4.772702697664499283e-03
4.793622996658086777e-03
4.911294206976890564e-03
5.030348431318998337e-03
5.161941051483154297e-03
5.272962152957916260e-03
5.345297977328300476e-03
5.352735053747892380e-03
5.427671130746603012e-03
5.451912526041269302e-03
5.429311189800500870e-03
5.388821475207805634e-03
5.312556866556406021e-03
5.184707231819629669e-03
5.086698103696107864e-03
5.054083187133073807e-03
4.997330717742443085e-03
4.959309007972478867e-03
4.887351766228675842e-03
4.875318612903356552e-03
4.859482869505882263e-03
4.843156784772872925e-03
4.813499283045530319e-03
4.820312373340129852e-03
4.794965032488107681e-03
4.754279740154743195e-03
4.696408752351999283e-03
4.684844054281711578e-03
4.714255221188068390e-03
4.755495116114616394e-03
4.765861667692661285e-03
4.772434476763010025e-03
4.788120277225971222e-03
4.782183095812797546e-03
4.792406689375638962e-03
4.878082778304815292e-03
4.931407980620861053e-03
4.971611313521862030e-03
5.004697944968938828e-03
4.995849914848804474e-03
4.975182935595512390e-03
4.935769829899072647e-03
4.875537473708391190e-03
4.805743228644132614e-03
4.704391118139028549e-03
4.615071229636669159e-03
4.546106327325105667e-03
4.473953507840633392e-03
4.381477832794189453e-03
4.315246827900409698e-03
4.269904457032680511e-03
4.246817901730537415e-03
4.278359003365039825e-03
4.313980229198932648e-03
4.360865335911512375e-03
4.457813221961259842e-03
4.515677224844694138e-03
4.554719198495149612e-03
4.579946864396333694e-03
4.620725754648447037e-03
4.648800939321517944e-03
4.678295459598302841e-03
4.699597600847482681e-03
4.648968111723661423e-03
4.571644123643636703e-03
4.474815446883440018e-03
4.368009511381387711e-03
4.254942759871482849e-03
4.125808365643024445e-03
4.068178124725818634e-03
4.010114353150129318e-03
3.956553526222705841e-03
3.907590638846158981e-03
3.879913128912448883e-03
3.907416481524705887e-03
3.962382208555936813e-03
4.036931786686182022e-03
4.134347662329673767e-03
4.199172835797071457e-03
4.241793882101774216e-03
4.291755612939596176e-03
4.300134256482124329e-03
4.306211136281490326e-03
4.329754505306482315e-03
4.346486646682024002e-03
4.323326051235198975e-03
4.273139405995607376e-03
4.229988437145948410e-03
4.157505463808774948e-03
4.104921128600835800e-03
4.073655232787132263e-03
4.068444482982158661e-03
4.039803985506296158e-03
3.995072562247514725e-03
3.964689560234546661e-03
3.930271137505769730e-03
3.943489398807287216e-03
3.966284915804862976e-03
3.993792925029993057e-03
4.028778523206710815e-03
4.091323819011449814e-03
4.167637322098016739e-03
4.242272116243839264e-03
4.288368392735719681e-03
4.306873306632041931e-03
4.359496757388114929e-03
4.429054912179708481e-03
4.497929476201534271e-03
4.533004015684127808e-03
4.520584829151630402e-03
4.506317898631095886e-03
4.466589074581861496e-03
4.402481485158205032e-03
4.304884932935237885e-03
4.210309591144323349e-03
4.071356263011693954e-03
3.994381986558437347e-03
3.932246007025241852e-03
3.914560656994581223e-03
3.935974091291427612e-03
3.977320622652769089e-03
4.067229572683572769e-03
4.138469696044921875e-03
4.162037745118141174e-03
4.175100009888410568e-03
4.218347370624542236e-03
4.227650817483663559e-03
4.251266829669475555e-03
4.245398100465536118e-03
4.257199820131063461e-03
4.298949614167213440e-03
4.317534621804952621e-03
4.344542510807514191e-03
4.323208238929510117e-03
4.314527846872806549e-03
4.288249183446168900e-03
4.230737686157226562e-03
4.188613500446081161e-03
4.129385575652122498e-03
4.113218281418085098e-03
4.152950365096330643e-03
4.202080424875020981e-03
4.263353534042835236e-03
4.256028681993484497e-03
4.276517312973737717e-03
4.276516381651163101e-03
4.260772373527288437e-03
4.233589861541986465e-03
4.149613436311483383e-03
4.061893094331026077e-03
4.012149758636951447e-03
3.969698678702116013e-03
3.937577828764915466e-03
3.951133694499731064e-03
3.967192489653825760e-03
3.985280636698007584e-03
4.009743221104145050e-03
4.041320178657770157e-03
4.065034445375204086e-03
4.081157036125659943e-03
4.086897708475589752e-03
4.095606040209531784e-03
4.083875566720962524e-03
4.075150471180677414e-03
4.113138187676668167e-03
4.150792025029659271e-03
4.213781096041202545e-03
4.264795687049627304e-03
4.312212113291025162e-03
4.308323841542005539e-03
4.303466994315385818e-03
4.312132950872182846e-03
4.342846106737852097e-03
4.309469833970069885e-03
4.302582237869501114e-03
4.352762363851070404e-03
4.389345180243253708e-03
4.443584010004997253e-03
4.468987695872783661e-03
4.499045666307210922e-03
4.515698179602622986e-03
4.571468569338321686e-03
4.571066703647375107e-03
4.557073116302490234e-03
4.484726581722497940e-03
4.408968146890401840e-03
4.323383327573537827e-03
4.254305269569158554e-03
4.229431040585041046e-03
4.207007121294736862e-03
4.218232817947864532e-03
4.229083191603422165e-03
4.248129669576883316e-03
4.270429257303476334e-03
4.289140924811363220e-03
4.334594123065471649e-03
4.371630493551492691e-03
4.414111375808715820e-03
4.448114428669214249e-03
4.501707386225461960e-03
4.539793822914361954e-03
4.580133594572544098e-03
4.608076997101306915e-03
4.650327842682600021e-03
4.662829916924238205e-03
4.681379534304141998e-03
4.689436871558427811e-03
4.689958412200212479e-03
4.708162508904933929e-03
4.724085796624422073e-03
4.801903385668992996e-03
4.850526340305805206e-03
4.861715715378522873e-03
4.910720977932214737e-03
4.948142915964126587e-03
4.933931399136781693e-03
4.924914333969354630e-03
4.918911028653383255e-03
4.915887489914894104e-03
4.912082105875015259e-03
4.916612990200519562e-03
4.909923300147056580e-03
4.884719382971525192e-03
4.921663086861371994e-03
4.945446271449327469e-03
4.974327515810728073e-03
4.967691842466592789e-03
4.975314252078533173e-03
4.901407752186059952e-03
4.838596563786268234e-03
4.776091780513525009e-03
4.715557210147380829e-03
4.687722772359848022e-03
4.694627132266759872e-03
4.757542628794908524e-03
4.827636759728193283e-03
4.897238686680793762e-03
4.990100860595703125e-03
5.075580440461635590e-03
5.105650052428245544e-03
5.091017112135887146e-03
5.065803416073322296e-03
5.040769465267658234e-03
5.015286616981029510e-03
4.987731110304594040e-03
4.955979995429515839e-03
4.953034687787294388e-03
4.938658792525529861e-03
4.918942227959632874e-03
4.922436550259590149e-03
4.963962361216545105e-03
5.005677230656147003e-03
5.047024227678775787e-03
5.088092293590307236e-03
5.095240660011768341e-03
5.130710545927286148e-03
5.159143358469009399e-03
5.164925940334796906e-03
5.156955681741237640e-03
5.150580778717994690e-03
5.130850244313478470e-03
5.140920635312795639e-03
5.092089995741844177e-03
5.072311032563447952e-03
5.037556868046522141e-03
5.018144845962524414e-03
5.020988639444112778e-03
5.042145028710365295e-03
5.044335965067148209e-03
5.042063537985086441e-03
5.030457861721515656e-03
5.031939130276441574e-03
5.056649446487426758e-03
5.063580349087715149e-03
5.104056093841791153e-03
5.083274561911821365e-03
5.107213277369737625e-03
5.182055756449699402e-03
5.240017548203468323e-03
5.320287775248289108e-03
5.411372520029544830e-03
5.480064544826745987e-03
5.532837007194757462e-03
5.570871289819478989e-03
5.607732571661472321e-03
5.621063988655805588e-03
5.610638763755559921e-03
5.531439557671546936e-03
5.439992062747478485e-03
5.374177359044551849e-03
5.341276992112398148e-03
5.345067940652370453e-03
5.359440576285123825e-03
5.374042782932519913e-03
5.380946211516857147e-03
5.391594022512435913e-03
5.371074192225933075e-03
5.332623142749071121e-03
5.263009108603000641e-03
5.207072943449020386e-03
5.186499562114477158e-03
5.178419407457113266e-03
5.186636466532945633e-03
5.211461801081895828e-03
5.212797783315181732e-03
5.230064969509840012e-03
5.245148204267024994e-03
5.291183944791555405e-03
5.281707737594842911e-03
5.244530271738767624e-03
5.149038042873144150e-03
5.027706734836101532e-03
4.921551328152418137e-03
4.869346041232347488e-03
4.800457973033189774e-03
4.788296762853860855e-03
4.787342622876167297e-03
4.816493019461631775e-03
4.841445945203304291e-03
4.845866002142429352e-03
4.873384255915880203e-03
4.877706989645957947e-03
4.839134402573108673e-03
4.777960479259490967e-03
4.710492212325334549e-03
4.627396818250417709e-03
4.559643100947141647e-03
4.497646354138851166e-03
4.464330617338418961e-03
4.432814661413431168e-03
4.425968509167432785e-03
4.408813547343015671e-03
4.378621932119131088e-03
4.336925689131021500e-03
4.328279290348291397e-03
4.370701499283313751e-03
4.407313652336597443e-03
4.478121642023324966e-03
4.545153118669986725e-03
4.592162091284990311e-03
4.655737895518541336e-03
4.698332399129867554e-03
4.722473677247762680e-03
4.726769868284463882e-03
4.715197719633579254e-03
4.685872700065374374e-03
4.648687317967414856e-03
4.590730182826519012e-03
4.524593241512775421e-03
4.452536348253488541e-03
4.312147386372089386e-03
4.182928241789340973e-03
4.067607223987579346e-03
3.958673216402530670e-03
3.863919759169220924e-03
3.789005801081657410e-03
3.742944682016968727e-03
3.730941331014037132e-03
3.713722340762615204e-03
3.705667098984122276e-03
3.729418152943253517e-03
3.844849998131394386e-03
3.918977454304695129e-03
3.999471198767423630e-03
4.103463608771562576e-03
4.188387654721736908e-03
4.287246149033308029e-03
4.313364159315824509e-03
4.350859671831130981e-03
4.430122207850217819e-03
4.497666843235492706e-03
4.509779624640941620e-03
4.500366281718015671e-03
4.487271420657634735e-03
4.470217972993850708e-03
4.443482495844364166e-03
4.417447373270988464e-03
4.360229708254337311e-03
4.296031780540943146e-03
4.315724596381187439e-03
4.264614079147577286e-03
4.166872706264257431e-03
4.154778551310300827e-03
4.161315038800239563e-03
4.158217925578355789e-03
4.126363899558782578e-03
4.083051346242427826e-03
4.075454548001289368e-03
4.023356363177299500e-03
3.958414774388074875e-03
3.921556286513805389e-03
3.740508807823061943e-03
3.550877096131443977e-03
3.371071536093950272e-03
3.224492538720369339e-03
3.123557195067405701e-03
3.065055003389716148e-03
3.066431730985641479e-03
3.087299643084406853e-03
3.138315631076693535e-03
3.153932746499776840e-03
3.194291610270738602e-03
3.255305113270878792e-03
3.326970385387539864e-03
3.361738752573728561e-03
3.376541892066597939e-03
3.393399529159069061e-03
3.402847331017255783e-03
3.392244921997189522e-03
3.364752046763896942e-03
3.298834431916475296e-03
3.248416120186448097e-03
3.181023523211479187e-03
3.114657243713736534e-03
3.092432394623756409e-03
3.105071140453219414e-03
3.122756490483880043e-03
3.155265701934695244e-03
3.164031542837619781e-03
3.200991544872522354e-03
3.245810512453317642e-03
3.208770649507641792e-03
3.215379780158400536e-03
3.219745587557554245e-03
3.200782695785164833e-03
3.190147923305630684e-03
3.172474214807152748e-03
3.177847946062684059e-03
3.182519925758242607e-03
3.151636570692062378e-03
3.162558190524578094e-03
3.210402792319655418e-03
3.267663065344095230e-03
3.316524205729365349e-03
3.365110605955123901e-03
3.372171195223927498e-03
3.374877385795116425e-03
3.383647184818983078e-03
3.399137873202562332e-03
3.430142765864729881e-03
3.434334648773074150e-03
3.428378608077764511e-03
3.424724331125617027e-03
3.437042469158768654e-03
3.481737338006496429e-03
3.534223651513457298e-03
3.557418007403612137e-03
3.572929417714476585e-03
3.609651234000921249e-03
3.672157414257526398e-03
3.735895035788416862e-03
3.780937986448407173e-03
3.836696501821279526e-03
3.911020699888467789e-03
3.965164534747600555e-03
4.000878427177667618e-03
4.019898362457752228e-03
4.026816692203283310e-03
4.016807768493890762e-03
4.013871308416128159e-03
4.054753575474023819e-03
4.114683251827955246e-03
4.204660188406705856e-03
4.210930783301591873e-03
4.202591255307197571e-03
4.218528047204017639e-03
4.214445129036903381e-03
4.226582124829292297e-03
4.273760598152875900e-03
4.321759566664695740e-03
4.347313195466995239e-03
4.348685964941978455e-03
4.379647318273782730e-03
4.463117569684982300e-03
4.550164099782705307e-03
4.626527428627014160e-03
4.694350529462099075e-03
4.757651127874851227e-03
4.836984444409608841e-03
4.916927311569452286e-03
4.964166786521673203e-03
4.982759710401296616e-03
4.952435847371816635e-03
4.893295001238584518e-03
4.807658027857542038e-03
4.738630261272192001e-03
4.676476120948791504e-03
4.593058954924345016e-03
4.500555805861949921e-03
4.423030186444520950e-03
4.355758894234895706e-03
4.257184918969869614e-03
4.180407151579856873e-03
4.111433867365121841e-03
4.058741033077239990e-03
4.019968211650848389e-03
3.985085524618625641e-03
3.961220849305391312e-03
3.934524953365325928e-03
3.958419896662235260e-03
3.978142514824867249e-03
3.955517429858446121e-03
3.911983687430620193e-03
3.876257222145795822e-03
3.793441224843263626e-03
3.720789449289441109e-03
3.652162617072463036e-03
3.565428545698523521e-03
3.513938048854470253e-03
3.488198155537247658e-03
3.496338380500674248e-03
3.551575820893049240e-03
4.222320392727851868e-03
4.897602833807468414e-03
5.503095686435699463e-03
6.030820775777101517e-03
6.516687572002410889e-03
6.931181531399488449e-03
7.270597852766513824e-03
7.543686311691999435e-03
7.765579503029584885e-03
7.944115437567234039e-03
8.097100071609020233e-03
8.217338472604751587e-03
8.293746039271354675e-03
8.322967216372489929e-03
8.351574651896953583e-03
8.370083756744861603e-03
8.373249322175979614e-03
8.354486897587776184e-03
8.348549716174602509e-03
8.337717503309249878e-03
8.328122086822986603e-03
8.291749283671379089e-03
8.275076746940612793e-03
8.244266733527183533e-03
8.186465129256248474e-03
8.118671365082263947e-03
8.042046800255775452e-03
7.943279109895229340e-03
7.841130718588829041e-03
7.745997980237007141e-03
7.633149158209562302e-03
7.506823632866144180e-03
7.396066095679998398e-03
7.255033124238252640e-03
7.144390605390071869e-03
7.028332445770502090e-03
6.909423507750034332e-03
6.802194286137819290e-03
6.682162173092365265e-03
6.571247242391109467e-03
6.459185853600502014e-03
6.355670280754566193e-03
6.234984379261732101e-03
6.104690954089164734e-03
5.979527253657579422e-03
5.866646301001310349e-03
5.766833666712045670e-03
5.673019681125879288e-03
5.581244826316833496e-03
5.480629857629537582e-03
5.384558811783790588e-03
5.283379461616277695e-03
5.215928889811038971e-03
5.152832716703414917e-03
5.084837786853313446e-03
5.000101402401924133e-03
4.899656865745782852e-03
4.830544814467430115e-03
4.786802455782890320e-03
4.746603779494762421e-03
4.701748024672269821e-03
4.643900785595178604e-03
4.601421765983104706e-03
4.545518197119235992e-03
4.477350041270256042e-03
4.452529828995466232e-03
4.430593922734260559e-03
4.413570743054151535e-03
4.394703544676303864e-03
4.350823815912008286e-03
4.295015241950750351e-03
4.250944126397371292e-03
4.206346813589334488e-03
4.152192268520593643e-03
4.110174719244241714e-03
4.055854864418506622e-03
4.011829383671283722e-03
3.972972277551889420e-03
3.940261900424957275e-03
3.907227423042058945e-03
3.898394061252474785e-03
3.907898906618356705e-03
3.907770849764347076e-03
3.918431699275970459e-03
3.933670464903116226e-03
3.950440324842929840e-03
3.982848953455686569e-03
4.005723632872104645e-03
4.026474431157112122e-03
4.039473831653594971e-03
4.046378657221794128e-03
4.041594453155994415e-03
3.986118361353874207e-03
3.933419473469257355e-03
3.895145375281572342e-03
3.851991146802902222e-03
3.793192561715841293e-03
3.718708641827106476e-03
3.654222935438156128e-03
3.607381368055939674e-03
3.561187069863080978e-03
3.535062773153185844e-03
3.528001252561807632e-03
3.526834305375814438e-03
3.534103278070688248e-03
3.531920723617076874e-03
3.502057632431387901e-03
3.446951974183320999e-03
3.381658811122179031e-03
3.315089037641882896e-03
3.257691161707043648e-03
3.205986227840185165e-03
3.135923761874437332e-03
3.075147047638893127e-03
3.062234492972493172e-03
3.115394152700901031e-03
3.149781143292784691e-03
3.186077577993273735e-03
3.221411723643541336e-03
3.252449212595820427e-03
3.271519904956221581e-03
3.269821172580122948e-03
3.263655118644237518e-03
3.247389104217290878e-03
3.260128432884812355e-03
3.285638056695461273e-03
3.299680538475513458e-03
3.306608414277434349e-03
3.302548313513398170e-03
3.272621193900704384e-03
3.232687711715698242e-03
3.197560785338282585e-03
3.155018202960491180e-03
3.080249065533280373e-03
3.004240337759256363e-03
2.934909425675868988e-03
2.876034937798976898e-03
2.835192950442433357e-03
2.803504234179854393e-03
2.792666433379054070e-03
2.804321469739079475e-03
2.816492691636085510e-03
2.860840177163481712e-03
2.898086560890078545e-03
2.947821049019694328e-03
3.010756336152553558e-03
3.074131673201918602e-03
3.129828255623579025e-03
3.174029057845473289e-03
3.213161369785666466e-03
3.244007937610149384e-03
3.268012776970863342e-03
3.274411661550402641e-03
3.306303406134247780e-03
3.324686782434582710e-03
3.331807907670736313e-03
3.332597436383366585e-03
3.328286344185471535e-03
3.321107476949691772e-03
3.299918258562684059e-03
3.292878391221165657e-03
3.266927320510149002e-03
3.233084687963128090e-03
3.195449011400341988e-03
3.158536273986101151e-03
3.129891119897365570e-03
3.108084201812744141e-03
3.086126875132322311e-03
3.062353702262043953e-03
3.038489958271384239e-03
3.024074016138911247e-03
3.006011946126818657e-03
2.980659250169992447e-03
2.974632428959012032e-03
2.994903596118092537e-03
3.033271292224526405e-03
3.088842844590544701e-03
3.152756718918681145e-03
3.222864121198654175e-03
3.291196888312697411e-03
3.345546778291463852e-03
3.393122227862477303e-03
3.438345389440655708e-03
3.477055346593260765e-03
3.494687145575881004e-03
3.485945519059896469e-03
3.460543230175971985e-03
3.420171095058321953e-03
3.378156106919050217e-03
3.348583821207284927e-03
3.327746177092194557e-03
3.296039067208766937e-03
3.268486820161342621e-03
3.229839028790593147e-03
3.196141915395855904e-03
3.169446252286434174e-03
3.141086082905530930e-03
3.076445544138550758e-03
3.032856388017535210e-03
2.995670307427644730e-03
2.976824995130300522e-03
2.962677506729960442e-03
2.991667483001947403e-03
3.007473889738321304e-03
3.020212519913911819e-03
3.035504370927810669e-03
3.043920965865254402e-03
3.056163899600505829e-03
3.066173056140542030e-03
3.092146012932062149e-03
3.125926246866583824e-03
3.141598077490925789e-03
3.158340463414788246e-03
3.193159122020006180e-03
3.229547990486025810e-03
3.257246920838952065e-03
3.276949282735586166e-03
3.302209544926881790e-03
3.336570924147963524e-03
3.381994785740971565e-03
3.433430567383766174e-03
3.476321930065751076e-03
3.528971457853913307e-03
3.571323584765195847e-03
3.615681547671556473e-03
3.647702746093273163e-03
3.682931885123252869e-03
3.693754086270928383e-03
3.677837783470749855e-03
3.660800401121377945e-03
3.629750339314341545e-03
3.599041840061545372e-03
3.571702400222420692e-03
3.512128954753279686e-03
3.452520584687590599e-03
3.393573220819234848e-03
3.352508880198001862e-03
3.319532843306660652e-03
3.296330105513334274e-03
3.307229839265346527e-03
3.312838030979037285e-03
3.336854046210646629e-03
3.374200547114014626e-03
3.420667955651879311e-03
3.467239672318100929e-03
3.521765582263469696e-03
3.564991289749741554e-03
3.596951719373464584e-03
3.625044366344809532e-03
3.645469434559345245e-03
3.644874785095453262e-03
3.626837162300944328e-03
3.616071306169033051e-03
3.588936291635036469e-03
3.549731802195310593e-03
3.504856722429394722e-03
3.461018903180956841e-03
3.340485738590359688e-03
3.250428242608904839e-03
3.177667967975139618e-03
3.112316131591796875e-03
3.050937084481120110e-03
3.006792394444346428e-03
2.990839770063757896e-03
3.002120181918144226e-03
3.016161965206265450e-03
3.022849792614579201e-03
3.039492527022957802e-03
3.047168487682938576e-03
3.085989505052566528e-03
3.115502651780843735e-03
3.140994813293218613e-03
3.142715664580464363e-03
3.138055559247732162e-03
3.132507205009460449e-03
3.149756463244557381e-03
3.169353352859616280e-03
3.197319572791457176e-03
3.226002678275108337e-03
3.255613613873720169e-03
3.273206530138850212e-03
3.271385794505476952e-03
3.257257631048560143e-03
3.243675688281655312e-03
3.252454800531268120e-03
3.268377622589468956e-03
3.288931446149945259e-03
3.295565256848931313e-03
3.300099633634090424e-03
3.320547286421060562e-03
3.335925051942467690e-03
3.341783769428730011e-03
3.346784040331840515e-03
3.356068395078182220e-03
3.376193810254335403e-03
3.390603000298142433e-03
3.410215023905038834e-03
3.439660882577300072e-03
3.475798061117529869e-03
3.516771132126450539e-03
3.558738157153129578e-03
3.588380059227347374e-03
3.613310866057872772e-03
3.641958115622401237e-03
3.675146494060754776e-03
3.704865928739309311e-03
3.736039157956838608e-03
3.767278278246521950e-03
3.794624470174312592e-03
3.820874029770493507e-03
3.845178289338946342e-03
3.866351908072829247e-03
3.896227572113275528e-03
3.924416378140449524e-03
3.940683323889970779e-03
3.942663315683603287e-03
3.937850706279277802e-03
3.907200414687395096e-03
3.871878143399953842e-03
3.850426292046904564e-03
3.824209095910191536e-03
3.825175575911998749e-03
3.823614213615655899e-03
3.846137784421443939e-03
3.879126161336898804e-03
3.901194781064987183e-03
3.914480563253164291e-03
3.931721206754446030e-03
3.947002813220024109e-03
3.950166981667280197e-03
3.931993152946233749e-03
3.911777399480342865e-03
3.895788220688700676e-03
3.884718054905533791e-03
3.857689211145043373e-03
3.833337919786572456e-03
3.797730663791298866e-03
3.760667750611901283e-03
3.735143924131989479e-03
3.718175226822495461e-03
3.719360101968050003e-03
3.711869008839130402e-03
3.695818828418850899e-03
3.688090480864048004e-03
3.686191048473119736e-03
3.685690695419907570e-03
3.696430940181016922e-03
3.717220854014158249e-03
3.737611463293433189e-03
3.757477737963199615e-03
3.774535143747925758e-03
3.790113842114806175e-03
3.827873151749372482e-03
3.862133249640464783e-03
3.880706848576664925e-03
3.902970813214778900e-03
3.924607299268245697e-03
3.945557400584220886e-03
3.974857740104198456e-03
4.007711075246334076e-03
4.028862342238426208e-03
4.034914076328277588e-03
4.046687390655279160e-03
4.041028209030628204e-03
4.033791366964578629e-03
4.093667957931756973e-03
4.134078510105609894e-03
4.162182100117206573e-03
4.184012766927480698e-03
4.185074940323829651e-03
4.159860778599977493e-03
4.122588317841291428e-03
4.076416604220867157e-03
4.037505947053432465e-03
3.978413529694080353e-03
3.918771166354417801e-03
3.879768308252096176e-03
3.841176163405179977e-03
3.798632649704813957e-03
3.770872717723250389e-03
3.761748084798455238e-03
3.763361368328332901e-03
3.776916069909930229e-03
3.789137583225965500e-03
3.798967925831675529e-03
3.818427445366978645e-03
3.852790454402565956e-03
3.889418672770261765e-03
3.913221415132284164e-03
3.953053615987300873e-03
3.990900702774524689e-03
4.031591117382049561e-03
4.070412367582321167e-03
4.101255442947149277e-03
4.143586847931146622e-03
4.186586476862430573e-03
4.218339454382658005e-03
4.255400970578193665e-03
4.278086591511964798e-03
4.300962202250957489e-03
4.327813163399696350e-03
4.351705778390169144e-03
4.374783486127853394e-03
4.383941181004047394e-03
4.365033004432916641e-03
4.336629994213581085e-03
4.288982134312391281e-03
4.256410989910364151e-03
4.229668062180280685e-03
4.209267906844615936e-03
4.177069291472434998e-03
4.135608673095703125e-03
4.107530694454908371e-03
4.083823878318071365e-03
4.074105061590671539e-03
4.066755995154380798e-03
4.065637942403554916e-03
4.066444467753171921e-03
4.069615621119737625e-03
4.072761163115501404e-03
4.083172883838415146e-03
4.087413661181926727e-03
4.087123088538646698e-03
4.092685412615537643e-03
4.085491877049207687e-03
4.077721387147903442e-03
4.056939389556646347e-03
4.035057034343481064e-03
4.026340786367654800e-03
4.009832628071308136e-03
3.994617145508527756e-03
3.955462947487831116e-03
3.924585413187742233e-03
3.892694367095828056e-03
3.871860448271036148e-03
3.857765812426805496e-03
3.852559952065348625e-03
3.851857036352157593e-03
3.847689367830753326e-03
3.847503336146473885e-03
3.872533561661839485e-03
3.890854073688387871e-03
3.909215796738862991e-03
3.925578668713569641e-03
3.945386037230491638e-03
3.959164954721927643e-03
3.957533743232488632e-03
3.964594099670648575e-03
3.985694609582424164e-03
3.992614336311817169e-03
3.989951685070991516e-03
3.990182653069496155e-03
3.985843155533075333e-03
3.974289167672395706e-03
3.970746416598558426e-03
3.965998068451881409e-03
3.962283022701740265e-03
3.968334291130304337e-03
3.991182893514633179e-03
4.014762118458747864e-03
4.058321006596088409e-03
4.106966778635978699e-03
4.132284782826900482e-03
4.141727928072214127e-03
4.140925128012895584e-03
4.137628711760044098e-03
4.133941605687141418e-03
4.120544530451297760e-03
4.113044589757919312e-03
4.105413798242807388e-03
4.091399256139993668e-03
4.075979348272085190e-03
3.912371583282947540e-03
3.790741320699453354e-03
3.705929964780807495e-03
3.660413203760981560e-03
3.620106726884841919e-03
3.584109712392091751e-03
3.556539537385106087e-03
3.533374750986695290e-03
3.505414351820945740e-03
3.489057999104261398e-03
3.480385057628154755e-03
3.485644934698939323e-03
3.491201205179095268e-03
3.487960901111364365e-03
3.494831267744302750e-03
3.485474269837141037e-03
3.513124072924256325e-03
3.542827907949686050e-03
3.579023759812116623e-03
3.619849216192960739e-03
3.663382492959499359e-03
3.708009608089923859e-03
3.736761631444096565e-03
3.768486669287085533e-03
3.795277792960405350e-03
3.823395119979977608e-03
3.849462140351533890e-03
3.865710925310850143e-03
3.890165593475103378e-03
3.915306646376848221e-03
3.945619799196720123e-03
3.973657265305519104e-03
4.004745278507471085e-03
4.030676558613777161e-03
4.051900003105401993e-03
4.061769694089889526e-03
4.068867303431034088e-03
4.076359327882528305e-03
4.078984726220369339e-03
4.101709928363561630e-03
4.131135065108537674e-03
4.161045420914888382e-03
4.183273296803236008e-03
4.206794779747724533e-03
4.226393997669219971e-03
4.226393997669219971e-03
4.226393997669219971e-03
4.241291899234056473e-03
4.251673817634582520e-03
4.255466628819704056e-03
4.258458036929368973e-03
4.272102378308773041e-03
4.288667812943458557e-03
4.310488235205411911e-03
4.331834148615598679e-03
4.353649448603391647e-03
4.376986995339393616e-03
4.392536822706460953e-03
4.402320366352796555e-03
4.419159609824419022e-03
4.433058202266693115e-03
4.450526554137468338e-03
4.473348613828420639e-03
4.497149493545293808e-03
4.526766482740640640e-03
4.545601084828376770e-03
4.577392246574163437e-03
4.589021205902099609e-03
4.596323706209659576e-03
4.598689265549182892e-03
4.609041381627321243e-03
4.619379527866840363e-03
4.631371237337589264e-03
4.639317747205495834e-03
4.640599247068166733e-03
4.647955298423767090e-03
4.664718173444271088e-03
4.686965141445398331e-03
4.704330582171678543e-03
4.711254499852657318e-03
4.723178222775459290e-03
4.737459588795900345e-03
4.743900615721940994e-03
4.746970254927873611e-03
4.743560682982206345e-03
4.742776975035667419e-03
4.739893600344657898e-03
4.733216483145952225e-03
4.723225720226764679e-03
4.715085960924625397e-03
4.715532530099153519e-03
4.737792536616325378e-03
4.761609248816967010e-03
4.788942635059356689e-03
4.816464614123106003e-03
4.827913828194141388e-03
4.836778156459331512e-03
4.842564929276704788e-03
4.857621621340513229e-03
4.873102065175771713e-03
4.873502999544143677e-03
4.867005627602338791e-03
4.869685508310794830e-03
4.879890475422143936e-03
4.892888944596052170e-03
4.908432718366384506e-03
4.928841721266508102e-03
4.948381334543228149e-03
4.963355138897895813e-03
4.961390048265457153e-03
4.961204249411821365e-03
4.930996336042881012e-03
4.906702321022748947e-03
4.870898555964231491e-03
4.859379027038812637e-03
4.848647862672805786e-03
4.846083931624889374e-03
4.848954267799854279e-03
4.829452838748693466e-03
4.809983540326356888e-03
4.792753141373395920e-03
4.780513700097799301e-03
4.770688712596893311e-03
4.760468844324350357e-03
4.753381013870239258e-03
4.757773131132125854e-03
4.758079070597887039e-03
4.744600970298051834e-03
4.737740848213434219e-03
4.743210971355438232e-03
4.743386525660753250e-03
4.743506200611591339e-03
4.747796803712844849e-03
4.750776104629039764e-03
4.739650990813970566e-03
4.736844915896654129e-03
4.742880351841449738e-03
4.759338684380054474e-03
4.773515276610851288e-03
4.786260891705751419e-03
4.794588312506675720e-03
4.795404151082038879e-03
4.800988826900720596e-03
4.818798974156379700e-03
4.843754693865776062e-03
4.854910541325807571e-03
4.864438902586698532e-03
4.884387366473674774e-03
4.889117088168859482e-03
4.903368651866912842e-03
4.918935708701610565e-03
4.917235579341650009e-03
4.920801147818565369e-03
4.926113411784172058e-03
4.934410098940134048e-03
4.960813093930482864e-03
4.977160133421421051e-03
4.994098562747240067e-03
5.007865838706493378e-03
5.029718857258558273e-03
5.032375920563936234e-03
5.028692539781332016e-03
5.021853838115930557e-03
5.003135185688734055e-03
4.993178881704807281e-03
4.975273739546537399e-03
4.961153957992792130e-03
4.939730744808912277e-03
4.915806464850902557e-03
4.907749593257904053e-03
4.904292058199644089e-03
4.907005000859498978e-03
4.906554706394672394e-03
4.897213075309991837e-03
4.883195273578166962e-03
4.859277978539466858e-03
4.834617022424936295e-03
4.809652455151081085e-03
4.796046297997236252e-03
4.794517531991004944e-03
4.792504478245973587e-03
4.785452503710985184e-03
4.746463615447282791e-03
4.709579050540924072e-03
4.684749525040388107e-03
4.664503503590822220e-03
4.647618159651756287e-03
4.625056870281696320e-03
4.613455850630998611e-03
4.610549658536911011e-03
4.607475362718105316e-03
4.607196897268295288e-03
4.613960627466440201e-03
4.627458751201629639e-03
4.635012242943048477e-03
4.639675375074148178e-03
4.632271826267242432e-03
4.642906133085489273e-03
4.655313212424516678e-03
4.661141429096460342e-03
4.660535138100385666e-03
4.662947263568639755e-03
4.669360350817441940e-03
4.674661438912153244e-03
4.674359690397977829e-03
4.671045579016208649e-03
4.664560314267873764e-03
4.645332228392362595e-03
4.633308388292789459e-03
4.619199782609939575e-03
4.602853208780288696e-03
4.579044878482818604e-03
4.559631459414958954e-03
4.524718038737773895e-03
4.495731089264154434e-03
4.421411082148551941e-03
4.365228116512298584e-03
4.319170024245977402e-03
4.290097858756780624e-03
4.268969409167766571e-03
4.242647904902696609e-03
4.235117230564355850e-03
4.238680005073547363e-03
4.254682455211877823e-03
4.277295898646116257e-03
4.303949419409036636e-03
4.327249713242053986e-03
4.366682842373847961e-03
4.463034216314554214e-03
4.558893386274576187e-03
4.649493377655744553e-03
4.728699568659067154e-03
4.798553884029388428e-03
4.855038598179817200e-03
4.913678392767906189e-03
4.943930543959140778e-03
4.956188611686229706e-03
4.970450885593891144e-03
4.985778126865625381e-03
4.993353970348834991e-03
4.999281838536262512e-03
4.991731140762567520e-03
4.980228375643491745e-03
4.966309759765863419e-03
4.945460241287946701e-03
4.923277068883180618e-03
4.894246347248554230e-03
4.870952107012271881e-03
4.847016651183366776e-03
4.816986154764890671e-03
4.789047408849000931e-03
4.760492127388715744e-03
4.726615734398365021e-03
4.688408225774765015e-03
4.660488106310367584e-03
4.622895736247301102e-03
4.593971651047468185e-03
4.579108674079179764e-03
4.576581995934247971e-03
4.580539185553789139e-03
4.550409968942403793e-03
4.518967587500810623e-03
4.483884200453758240e-03
4.461578093469142914e-03
4.437651019543409348e-03
4.424196202307939529e-03
4.412762355059385300e-03
4.413150716572999954e-03
4.424115642905235291e-03
4.434372764080762863e-03
4.448133520781993866e-03
4.456437658518552780e-03
4.474788904190063477e-03
4.486959427595138550e-03
4.500185139477252960e-03
4.511543083935976028e-03
4.518907051533460617e-03
4.530820529907941818e-03
4.543299321085214615e-03
4.548223223537206650e-03
4.561087116599082947e-03
4.568810574710369110e-03
4.582313820719718933e-03
4.592794459313154221e-03
4.597381688654422760e-03
4.606249276548624039e-03
4.618985578417778015e-03
4.613194614648818970e-03
4.603732377290725708e-03
4.602727480232715607e-03
4.596467595547437668e-03
4.579736851155757904e-03
4.563716240227222443e-03
4.551927093416452408e-03
4.543453920632600784e-03
4.527413751929998398e-03
4.503141622990369797e-03
4.493482410907745361e-03
4.485431127250194550e-03
4.466115497052669525e-03
4.444982390850782394e-03
4.424535203725099564e-03
4.403287544846534729e-03
4.380644299089908600e-03
4.345325753092765808e-03
4.290710669010877609e-03
4.259501583874225616e-03
4.233129788190126419e-03
4.205270670354366302e-03
4.177869297564029694e-03
4.156416747719049454e-03
4.144304897636175156e-03
4.134160000830888748e-03
4.127910360693931580e-03
4.113581497222185135e-03
4.101919475942850113e-03
4.098281264305114746e-03
4.097753670066595078e-03
4.098580684512853622e-03
4.105801694095134735e-03
4.108387045562267303e-03
4.120613448321819305e-03
4.138392396271228790e-03
4.159520380198955536e-03
4.179272335022687912e-03
4.198986105620861053e-03
4.217109642922878265e-03
4.226946737617254257e-03
4.236370790749788284e-03
4.244121257215738297e-03
4.249663092195987701e-03
4.252514801919460297e-03
4.261454101651906967e-03
4.275343380868434906e-03
4.286094568669795990e-03
4.292917437851428986e-03
4.286385606974363327e-03
4.271567333489656448e-03
4.280363675206899643e-03
4.279885441064834595e-03
4.284578841179609299e-03
4.281290806829929352e-03
4.271095152944326401e-03
4.260970279574394226e-03
4.250396508723497391e-03
4.233674146234989166e-03
4.223905038088560104e-03
4.217528738081455231e-03
4.227517172694206238e-03
4.234208725392818451e-03
4.236950539052486420e-03
4.236350767314434052e-03
4.246952943503856659e-03
4.261344671249389648e-03
4.268249496817588806e-03
4.274983424693346024e-03
4.274529404938220978e-03
4.282462876290082932e-03
4.295221064239740372e-03
4.303359426558017731e-03
4.305220674723386765e-03
4.310080315917730331e-03
4.315542522817850113e-03
4.335391800850629807e-03
4.343783017247915268e-03
4.349773284047842026e-03
4.363863263279199600e-03
4.375165794044733047e-03
4.385002888739109039e-03
4.395411815494298935e-03
4.406406078487634659e-03
4.414905793964862823e-03
4.417431075125932693e-03
4.419493488967418671e-03
4.425768740475177765e-03
4.425660241395235062e-03
4.423633217811584473e-03
4.423326347023248672e-03
4.416525829583406448e-03
4.409226588904857635e-03
4.408806096762418747e-03
4.418274853378534317e-03
4.425216466188430786e-03
4.433149471879005432e-03
4.436312709003686905e-03
4.436617717146873474e-03
4.440661519765853882e-03
4.440112970769405365e-03
4.440019372850656509e-03
4.439746960997581482e-03
4.436338786035776138e-03
4.426443018019199371e-03
4.421653691679239273e-03
4.408970009535551071e-03
4.389088600873947144e-03
4.376790486276149750e-03
4.362809006124734879e-03
4.349388182163238525e-03
4.342610947787761688e-03
4.336025100201368332e-03
4.347843583673238754e-03
4.371671937406063080e-03
4.404739476740360260e-03
4.440945573151111603e-03
4.469025414437055588e-03
4.490366671234369278e-03
4.511407110840082169e-03
4.527833778411149979e-03
4.536831751465797424e-03
4.542775452136993408e-03
4.539084620773792267e-03
4.537121858447790146e-03
4.527901299297809601e-03
4.520038142800331116e-03
4.505081102252006531e-03
4.486809950321912766e-03
4.464472178369760513e-03
4.446442238986492157e-03
4.431255627423524857e-03
4.414288792759180069e-03
4.402047954499721527e-03
4.395788535475730896e-03
4.388942383229732513e-03
4.380385857075452805e-03
4.367338027805089951e-03
4.357504192739725113e-03
4.350415896624326706e-03
4.350845701992511749e-03
4.354136530309915543e-03
4.357654135674238205e-03
4.363121930509805679e-03
4.365402273833751678e-03
4.371918737888336182e-03
4.379952326416969299e-03
4.395650699734687805e-03
4.416835494339466095e-03
4.435215611010789871e-03
4.455587361007928848e-03
4.477944225072860718e-03
4.491465166211128235e-03
4.505156539380550385e-03
4.521138034760951996e-03
4.543241579085588455e-03
4.563681781291961670e-03
4.583601839840412140e-03
4.598415456712245941e-03
4.610251169651746750e-03
4.616243764758110046e-03
4.616579972207546234e-03
4.610996227711439133e-03
4.598844330757856369e-03
4.591450560837984085e-03
4.590379539877176285e-03
4.593221936374902725e-03
4.594576545059680939e-03
4.591330885887145996e-03
4.588827956467866898e-03
4.586779978126287460e-03
4.582592286169528961e-03
4.586006980389356613e-03
4.583952017128467560e-03
4.578685387969017029e-03
4.573415499180555344e-03
4.573936108499765396e-03
4.572466481477022171e-03
4.577466286718845367e-03
4.577466286718845367e-03
4.594897851347923279e-03
4.603873006999492645e-03
4.611231386661529541e-03
4.616745747625827789e-03
4.617812111973762512e-03
4.620774649083614349e-03
4.627373535186052322e-03
4.624446388334035873e-03
4.623004235327243805e-03
4.628566559404134750e-03
4.631537944078445435e-03
4.639260936528444290e-03
4.638846497982740402e-03
4.642769228667020798e-03
4.638240206986665726e-03
4.630135372281074524e-03
4.628452472388744354e-03
4.621403757482767105e-03
4.612546414136886597e-03
4.602615721523761749e-03
4.588904790580272675e-03
4.573236219584941864e-03
4.562052432447671890e-03
4.542884882539510727e-03
4.699311219155788422e-03
4.838428460061550140e-03
4.953158088028430939e-03
5.048306193202733994e-03
5.132414400577545166e-03
5.204722285270690918e-03
5.261988844722509384e-03
5.312513560056686401e-03
5.354599095880985260e-03
5.380063783377408981e-03
5.400794092565774918e-03
5.414988379925489426e-03
5.418309476226568222e-03
5.413464270532131195e-03
5.397754255682229996e-03
5.387132987380027771e-03
5.366162862628698349e-03
5.328869447112083435e-03
5.289431661367416382e-03
5.253463517874479294e-03
5.221862811595201492e-03
5.178011488169431686e-03
5.136594641953706741e-03
5.103803239762783051e-03
5.074992775917053223e-03
5.053314380347728729e-03
5.057312082499265671e-03
5.057697650045156479e-03
5.056937690824270248e-03
5.056530237197875977e-03
5.031893495470285416e-03
4.921484738588333130e-03
4.813235253095626831e-03
4.720481112599372864e-03
4.633730277419090271e-03
4.564161878079175949e-03
4.503006115555763245e-03
4.458494484424591064e-03
4.420117009431123734e-03
4.388676956295967102e-03
4.430798813700675964e-03
4.474715329706668854e-03
4.510917700827121735e-03
4.538048058748245239e-03
4.561210516840219498e-03
4.580092150717973709e-03
4.594138357788324356e-03
4.595985636115074158e-03
4.605017602443695068e-03
4.608075600117444992e-03
4.605566151440143585e-03
4.592154640704393387e-03
4.573266953229904175e-03
4.547097720205783844e-03
4.527483601123094559e-03
4.513028543442487717e-03
4.493562970310449600e-03
4.464410711079835892e-03
4.442008677870035172e-03
4.424928221851587296e-03
4.408278968185186386e-03
4.383952356874942780e-03
4.358988720923662186e-03
4.341815598309040070e-03
4.329595714807510376e-03
4.313830751925706863e-03
4.300969652831554413e-03
4.294245503842830658e-03
4.293654579669237137e-03
4.294822923839092255e-03
4.298856016248464584e-03
4.299039952456951141e-03
4.303491208702325821e-03
4.306550603359937668e-03
4.304317757487297058e-03
4.308903124183416367e-03
4.315119702368974686e-03
4.321301355957984924e-03
4.323648288846015930e-03
4.323311615735292435e-03
4.320150241255760193e-03
4.307257942855358124e-03
4.293380305171012878e-03
4.284970927983522415e-03
4.260541871190071106e-03
4.233705811202526093e-03
4.212948493659496307e-03
4.195725545287132263e-03
4.183569457381963730e-03
4.173061810433864594e-03
4.167876206338405609e-03
4.167890176177024841e-03
4.169913940131664276e-03
4.182501696050167084e-03
4.195230081677436829e-03
4.204597789794206619e-03
4.216054454445838928e-03
4.219879861921072006e-03
4.224468488246202469e-03
4.234910011291503906e-03
4.249585792422294617e-03
4.259709734469652176e-03
4.272263497114181519e-03
4.283508751541376114e-03
4.293438047170639038e-03
4.314437508583068848e-03
4.337684717029333115e-03
4.355068318545818329e-03
4.365830682218074799e-03
4.374048672616481781e-03
4.377012606710195541e-03
4.376135300844907761e-03
4.380254074931144714e-03
4.385902546346187592e-03
4.383740946650505066e-03
4.382662940770387650e-03
4.387531429529190063e-03
4.390505608171224594e-03
4.397704731673002243e-03
4.403033293783664703e-03
4.405314102768898010e-03
4.404399078339338303e-03
4.408194683492183685e-03
4.414067137986421585e-03
4.416254814714193344e-03
4.419878125190734863e-03
4.423095379024744034e-03
4.425631370395421982e-03
4.433049354702234268e-03
4.428340122103691101e-03
4.425255116075277328e-03
4.424924030900001526e-03
4.417373333126306534e-03
4.410602152347564697e-03
4.406773485243320465e-03
4.409349523484706879e-03
4.415236879140138626e-03
4.417173098772764206e-03
4.418963566422462463e-03
4.422848112881183624e-03
4.426816012710332870e-03
4.431535489857196808e-03
4.433454014360904694e-03
4.443353042006492615e-03
4.454073030501604080e-03
4.469000734388828278e-03
4.485557321459054947e-03
4.496074281632900238e-03
4.512031096965074539e-03
4.529299214482307434e-03
4.546443466097116470e-03
4.552708007395267487e-03
4.569769836962223053e-03
4.585758782923221588e-03
4.595184233039617538e-03
4.595320206135511398e-03
4.591536708176136017e-03
4.579663742333650589e-03
4.570913501083850861e-03
4.558673594146966934e-03
4.551257472485303879e-03
4.540704190731048584e-03
4.515106324106454849e-03
4.485031589865684509e-03
4.442667122930288315e-03
4.405639134347438812e-03
4.380807746201753616e-03
4.360622726380825043e-03
4.341559018939733505e-03
4.326061811298131943e-03
4.308194387704133987e-03
4.294211976230144501e-03
4.288302268832921982e-03
4.290690645575523376e-03
4.294336773455142975e-03
4.299429710954427719e-03
4.283363930881023407e-03
4.276652820408344269e-03
4.271287005394697189e-03
4.266099538654088974e-03
4.259707871824502945e-03
4.254943691194057465e-03
4.248104058206081390e-03
4.245625808835029602e-03
4.246655385941267014e-03
4.249465651810169220e-03
4.250033292919397354e-03
4.253045655786991119e-03
4.253889899700880051e-03
4.248062148690223694e-03
4.213815554976463318e-03
4.178585484623908997e-03
4.148926585912704468e-03
4.122913815081119537e-03
4.102030768990516663e-03
4.086001776158809662e-03
4.071901086717844009e-03
4.056619945913553238e-03
4.041865933686494827e-03
4.031337797641754150e-03
4.028772935271263123e-03
4.030846059322357178e-03
4.035072401165962219e-03
4.039473365992307663e-03
4.046098794788122177e-03
4.053653683513402939e-03
4.060800187289714813e-03
4.065261688083410263e-03
4.064826760441064835e-03
4.061243962496519089e-03
4.059412516653537750e-03
4.058267455548048019e-03
4.058109130710363388e-03
4.064032342284917831e-03
4.068543203175067902e-03
4.074339289218187332e-03
4.080909769982099533e-03
4.088349174708127975e-03
4.099014680832624435e-03
4.113464150577783585e-03
4.126009531319141388e-03
4.140004981309175491e-03
4.164808429777622223e-03
4.183300305157899857e-03
4.207271616905927658e-03
4.233265295624732971e-03
4.255656618624925613e-03
4.272774327546358109e-03
4.278950858861207962e-03
4.288442898541688919e-03
4.294492769986391068e-03
4.297850187867879868e-03
4.292630124837160110e-03
4.295637831091880798e-03
4.298154264688491821e-03
4.300345201045274734e-03
4.308821633458137512e-03
4.310770425945520401e-03
4.314843565225601196e-03
4.310971591621637344e-03
4.307005088776350021e-03
4.299215972423553467e-03
4.298014566302299500e-03
4.311391152441501617e-03
4.316281527280807495e-03
4.324736539274454117e-03
4.328270908445119858e-03
4.326886031776666641e-03
4.324291832745075226e-03
4.318428691476583481e-03
4.314570687711238861e-03
4.307536408305168152e-03
4.298981744796037674e-03
4.282448440790176392e-03
4.262331407517194748e-03
4.243148490786552429e-03
4.220653325319290161e-03
4.205357749015092850e-03
4.190575331449508667e-03
4.174327012151479721e-03
4.159912467002868652e-03
4.143943544477224350e-03
4.130121320486068726e-03
4.117073956876993179e-03
4.101541358977556229e-03
4.088918678462505341e-03
4.082701168954372406e-03
4.081656225025653839e-03
4.155882168561220169e-03
4.228356294333934784e-03
4.298686515539884567e-03
4.362297710031270981e-03
4.420506302267313004e-03
4.484211560338735580e-03
4.539705812931060791e-03
4.589802585542201996e-03
4.633169621229171753e-03
4.670334514230489731e-03
4.696642514318227768e-03
4.719621501863002777e-03
4.736826289445161819e-03
4.751711152493953705e-03
4.765905905514955521e-03
4.775279201567173004e-03
4.781796596944332123e-03
4.785284399986267090e-03
4.786836914718151093e-03
4.786942154169082642e-03
4.786491394042968750e-03
4.784160759299993515e-03
4.775444511324167252e-03
4.760839976370334625e-03
4.744847770780324936e-03
4.730423446744680405e-03
4.714118316769599915e-03
4.696096759289503098e-03
4.675897769629955292e-03
4.667648579925298691e-03
4.661932587623596191e-03
4.656649660319089890e-03
4.650961607694625854e-03
4.647019784897565842e-03
4.648227710276842117e-03
4.647490568459033966e-03
4.644086118787527084e-03
4.639058839529752731e-03
4.629726987332105637e-03
4.617870319634675980e-03
4.603763110935688019e-03
4.585095681250095367e-03
4.573090001940727234e-03
4.560589324682950974e-03
4.545941483229398727e-03
4.530045203864574432e-03
4.515706561505794525e-03
4.498879890888929367e-03
4.484836943447589874e-03
4.469407256692647934e-03
4.455108195543289185e-03
4.442201927304267883e-03
4.423032049089670181e-03
4.406380932778120041e-03
4.391969647258520126e-03
4.378330428153276443e-03
4.367410670965909958e-03
4.359241575002670288e-03
4.352615214884281158e-03
4.345032852143049240e-03
4.339559469372034073e-03
4.336961545050144196e-03
4.334344994276762009e-03
4.334789235144853592e-03
4.340430721640586853e-03
4.344870802015066147e-03
4.358550533652305603e-03
4.370322916656732559e-03
4.380747675895690918e-03
4.391404800117015839e-03
4.397732671350240707e-03
4.403966013342142105e-03
4.408958368003368378e-03
4.411424975842237473e-03
4.414431285113096237e-03
4.416796378791332245e-03
4.418859258294105530e-03
4.420610610395669937e-03
4.420670215040445328e-03
4.419816192239522934e-03
4.416819661855697632e-03
4.411160014569759369e-03
4.409824497997760773e-03
4.404582083225250244e-03
4.401889629662036896e-03
4.396650474518537521e-03
4.391192924231290817e-03
4.389063455164432526e-03
4.391245078295469284e-03
4.396046977490186691e-03
4.399390891194343567e-03
4.402931313961744308e-03
4.407610744237899780e-03
4.413672722876071930e-03
4.417440388351678848e-03
4.420717246830463409e-03
4.427665844559669495e-03
4.437401890754699707e-03
4.448244348168373108e-03
4.458606708794832230e-03
4.467494785785675049e-03
4.472125787287950516e-03
4.475200083106756210e-03
4.474039189517498016e-03
4.471435211598873138e-03
4.468980710953474045e-03
4.467770457267761230e-03
4.468600265681743622e-03
4.468608181923627853e-03
4.467473831027746201e-03
4.469540435820817947e-03
4.468379542231559753e-03
4.466059152036905289e-03
4.463470540940761566e-03
4.456815775483846664e-03
4.448184277862310410e-03
4.441486205905675888e-03
4.434155300259590149e-03
4.430750384926795959e-03
4.427084233611822128e-03
4.424224141985177994e-03
4.425881430506706238e-03
4.432040732353925705e-03
4.437759984284639359e-03
4.442927427589893341e-03
4.443612881004810333e-03
4.442621488124132156e-03
4.441880155354738235e-03
4.443668294697999954e-03
4.440832417458295822e-03
4.435371141880750656e-03
4.433356691151857376e-03
4.430968314409255981e-03
4.430286586284637451e-03
4.429792985320091248e-03
4.430263303220272064e-03
4.433697555214166641e-03
4.438974894583225250e-03
4.444401711225509644e-03
4.448150284588336945e-03
4.448718391358852386e-03
4.442689009010791779e-03
4.436140414327383041e-03
4.430976696312427521e-03
4.425364546477794647e-03
4.415126983076334000e-03
4.407242406159639359e-03
4.400439560413360596e-03
4.391357768326997757e-03
4.382046870887279510e-03
4.373949021100997925e-03
4.365707281976938248e-03
4.357366822659969330e-03
4.355475306510925293e-03
4.351175390183925629e-03
4.351058974862098694e-03
4.353092052042484283e-03
4.356562159955501556e-03
4.360614344477653503e-03
4.365190397948026657e-03
4.373095929622650146e-03
4.379564430564641953e-03
4.387855064123868942e-03
4.392365459352731705e-03
4.402286838740110397e-03
4.407601431012153625e-03
4.412926733493804932e-03
4.423730541020631790e-03
4.438870120793581009e-03
4.452453926205635071e-03
4.465025383979082108e-03
4.483914002776145935e-03
4.493376705795526505e-03
4.499774891883134842e-03
4.503568168729543686e-03
4.507255274802446365e-03
4.510475788265466690e-03
4.513241816312074661e-03
4.517810884863138199e-03
4.519047681242227554e-03
4.520636051893234253e-03
4.520378541201353073e-03
4.519508220255374908e-03
4.517196677625179291e-03
4.518406465649604797e-03
4.517395049333572388e-03
4.516968037933111191e-03
4.517095629125833511e-03
4.513543564826250076e-03
4.505896940827369690e-03
4.500254523009061813e-03
4.496819339692592621e-03
4.493608139455318451e-03
4.490999970585107803e-03
4.487595986574888229e-03
4.486434161663055420e-03
4.485185723751783371e-03
4.491709638386964798e-03
4.498466383665800095e-03
4.506333731114864349e-03
4.506594035774469376e-03
4.505345132201910019e-03
4.503169562667608261e-03
4.498341120779514313e-03
4.493961576372385025e-03
4.483523312956094742e-03
4.475071560591459274e-03
4.466498270630836487e-03
4.454495385289192200e-03
4.445433616638183594e-03
4.432400688529014587e-03
4.423083737492561340e-03
4.413819406181573868e-03
4.404190462082624435e-03
4.393044859170913696e-03
4.386089276522397995e-03
4.381068516522645950e-03
4.373694304376840591e-03
4.368994850665330887e-03
4.368131048977375031e-03
4.364190623164176941e-03
4.358802922070026398e-03
4.358590580523014069e-03
4.355572164058685303e-03
4.354959353804588318e-03
4.346017260104417801e-03
4.337626509368419647e-03
4.328547511249780655e-03
4.321445245295763016e-03
4.315940663218498230e-03
4.313283134251832962e-03
4.313680808991193771e-03
4.314839839935302734e-03
4.320148844271898270e-03
4.326931666582822800e-03
4.334893077611923218e-03
4.341644700616598129e-03
4.349755588918924332e-03
4.358148202300071716e-03
4.363627638667821884e-03
4.365961067378520966e-03
4.364979453384876251e-03
4.365694709122180939e-03
4.369712434709072113e-03
4.374830517917871475e-03
4.398922435939311981e-03
4.421490244567394257e-03
4.441219381988048553e-03
4.460792522877454758e-03
4.476271569728851318e-03
4.490385297685861588e-03
4.508086014539003372e-03
4.525403492152690887e-03
4.534550942480564117e-03
4.539601039141416550e-03
4.548804834485054016e-03
4.556657746434211731e-03
4.566026851534843445e-03
4.574457649141550064e-03
4.585081245750188828e-03
4.597789142280817032e-03
4.597289487719535828e-03
4.598273430019617081e-03
4.593475256115198135e-03
4.613182041794061661e-03
4.633715376257896423e-03
4.654027987271547318e-03
4.675872158259153366e-03
4.693571943789720535e-03
4.704652354121208191e-03
4.712646361440420151e-03
4.714210052043199539e-03
4.714790266007184982e-03
4.715213086456060410e-03
4.714222159236669540e-03
4.714263603091239929e-03
4.713806323707103729e-03
4.710207693278789520e-03
4.706642124801874161e-03
4.701336845755577087e-03
4.695283714681863785e-03
4.689742345362901688e-03
4.682196769863367081e-03
4.671572707593441010e-03
4.660887178033590317e-03
4.648855887353420258e-03
4.638154990971088409e-03
4.626329056918621063e-03
4.616169258952140808e-03
4.599409643560647964e-03
4.584637470543384552e-03
4.575598984956741333e-03
4.571097437292337418e-03
4.595270846039056778e-03
4.614900797605514526e-03
4.632765892893075943e-03
4.646540619432926178e-03
4.659798927605152130e-03
4.673299379646778107e-03
4.686995409429073334e-03
4.700805526226758957e-03
4.713499918580055237e-03
4.725163802504539490e-03
4.734366200864315033e-03
4.740466829389333725e-03
4.744349047541618347e-03
4.746318794786930084e-03
4.744601901620626450e-03
4.748263396322727203e-03
4.746455699205398560e-03
4.750315565615892410e-03
4.756647162139415741e-03
4.759415518492460251e-03
4.759795963764190674e-03
4.760857671499252319e-03
4.765231162309646606e-03
4.766768775880336761e-03
4.763770848512649536e-03
4.758893046528100967e-03
4.752155859023332596e-03
4.747050814330577850e-03
4.743736237287521362e-03
4.739650525152683258e-03
4.738011397421360016e-03
4.734061658382415771e-03
4.731443244963884354e-03
4.730379674583673477e-03
4.727455321699380875e-03
4.726033192127943039e-03
4.725851118564605713e-03
4.725071135908365250e-03
4.726181738078594208e-03
4.725685808807611465e-03
4.721479956060647964e-03
4.715845454484224319e-03
4.710421897470951080e-03
4.711030982434749603e-03
4.705992992967367172e-03
4.702750127762556076e-03
4.700974095612764359e-03
4.699470475316047668e-03
4.697568248957395554e-03
4.697181284427642822e-03
4.695387091487646103e-03
4.694760311394929886e-03
4.693611059337854385e-03
4.691909067332744598e-03
4.692766815423965454e-03
4.691755399107933044e-03
4.690433386713266373e-03
4.690662026405334473e-03
4.688189830631017685e-03
4.683630540966987610e-03
4.677986260503530502e-03
4.668721929192543030e-03
4.660956095904111862e-03
4.653532989323139191e-03
4.644697532057762146e-03
4.637055099010467529e-03
4.632750991731882095e-03
4.630780778825283051e-03
4.628987982869148254e-03
4.629678558558225632e-03
4.634115844964981079e-03
4.637670237571001053e-03
4.642469342797994614e-03
4.642109852284193039e-03
4.641622304916381836e-03
4.642397630959749222e-03
4.643503576517105103e-03
4.643879365175962448e-03
4.643706139177083969e-03
4.644314292818307877e-03
4.642365034669637680e-03
4.642919171601533890e-03
4.640837199985980988e-03
4.637496545910835266e-03
4.638357087969779968e-03
4.639836493879556656e-03
4.643907770514488220e-03
4.648576956242322922e-03
4.650416318327188492e-03
4.653800278902053833e-03
4.658279940485954285e-03
4.668093286454677582e-03
4.675429780036211014e-03
4.680556710809469223e-03
4.687797278165817261e-03
4.695655778050422668e-03
4.703775048255920410e-03
4.709973931312561035e-03
4.715730436146259308e-03
4.722511395812034607e-03
4.728253930807113647e-03
4.735045600682497025e-03
4.744370933622121811e-03
4.754031542688608170e-03
4.759164992719888687e-03
4.764131270349025726e-03
4.769483581185340881e-03
4.772820975631475449e-03
4.778219386935234070e-03
4.781669471412897110e-03
4.787016659975051880e-03
4.793659783899784088e-03
4.801726900041103363e-03
4.812386818230152130e-03
4.820973612368106842e-03
4.827624186873435974e-03
4.833862651139497757e-03
4.838594235479831696e-03
4.844029899686574936e-03
4.849925637245178223e-03
4.854799713939428329e-03
4.858205560594797134e-03
4.860346205532550812e-03
4.862549249082803726e-03
4.867678508162498474e-03
4.871743731200695038e-03
4.876483231782913208e-03
4.880354739725589752e-03
4.880621563643217087e-03
4.880395717918872833e-03
4.882171750068664551e-03
4.880211316049098969e-03
4.877348430454730988e-03
4.872201941907405853e-03
4.866884555667638779e-03
4.862687084823846817e-03
4.859376698732376099e-03
4.858935717493295670e-03
4.858376923948526382e-03
4.858521744608879089e-03
4.857399966567754745e-03
4.856871441006660461e-03
4.858491942286491394e-03
4.860203247517347336e-03
4.855598323047161102e-03
4.842646885663270950e-03
4.831684287637472153e-03
4.819716792553663254e-03
4.806929733604192734e-03
4.794706590473651886e-03
4.787100479006767273e-03
4.780632909387350082e-03
4.776093643158674240e-03
4.771363455802202225e-03
4.768750164657831192e-03
4.767306614667177200e-03
4.763323813676834106e-03
4.763528704643249512e-03
4.762802738696336746e-03
4.758974071592092514e-03
4.757427610456943512e-03
4.756354261189699173e-03
4.753512796014547348e-03
4.747730679810047150e-03
4.742308985441923141e-03
4.735534079372882843e-03
4.730135668069124222e-03
4.725143313407897949e-03
4.719513934105634689e-03
4.718177951872348785e-03
4.715128336101770401e-03
4.713090136647224426e-03
4.709860775619745255e-03
4.707491490989923477e-03
4.704979248344898224e-03
4.700534977018833160e-03
4.698468837887048721e-03
4.693676717579364777e-03
4.695120267570018768e-03
4.697080701589584351e-03
4.699805751442909241e-03
4.703164100646972656e-03
4.709160886704921722e-03
4.717065952718257904e-03
4.723715595901012421e-03
4.732144530862569809e-03
4.739691503345966339e-03
4.748970270156860352e-03
4.758614581078290939e-03
4.763728938996791840e-03
4.783869720995426178e-03
4.803088493645191193e-03
4.818197805434465408e-03
4.829424899071455002e-03
4.838166292756795883e-03
4.846167750656604767e-03
4.851083271205425262e-03
4.859967622905969620e-03
4.866232164204120636e-03
4.871638491749763489e-03
4.876392427831888199e-03
4.879010375589132309e-03
4.881368484348058701e-03
4.882143344730138779e-03
4.882061388343572617e-03
4.880215507000684738e-03
4.877749364823102951e-03
