1.893430016934871674e-02
1.893430016934871674e-02
2.044490911066532135e-02
2.177038788795471191e-02
2.225692942738533020e-02
2.233859710395336151e-02
2.252656407654285431e-02
2.269990742206573486e-02
2.248351089656352997e-02
2.212993055582046509e-02
2.206294424831867218e-02
2.209382504224777222e-02
2.213138900697231293e-02
2.188437432050704956e-02
2.210088074207305908e-02
2.210010215640068054e-02
2.189234830439090729e-02
2.152218669652938843e-02
2.125435322523117065e-02
2.086470089852809906e-02
2.054502628743648529e-02
2.025838196277618408e-02
1.989098079502582550e-02
1.948843151330947876e-02
1.916122809052467346e-02
1.871877722442150116e-02
1.860836148262023926e-02
1.850308664143085480e-02
1.860628463327884674e-02
1.868228428065776825e-02
1.861978136003017426e-02
1.866960711777210236e-02
1.860715262591838837e-02
1.883279532194137573e-02
1.884969323873519897e-02
1.872722245752811432e-02
1.844989508390426636e-02
1.815579272806644440e-02
1.780945435166358948e-02
1.756138913333415985e-02
1.724758371710777283e-02
1.684451662003993988e-02
1.660254411399364471e-02
1.651863940060138702e-02
1.648209802806377411e-02
1.656911894679069519e-02
1.666676625609397888e-02
1.670057699084281921e-02
1.659706048667430878e-02
1.638651266694068909e-02
1.634848304092884064e-02
1.615716516971588135e-02
1.676373928785324097e-02
1.736404933035373688e-02
1.789215765893459320e-02
1.838578097522258759e-02
1.886512711644172668e-02
1.927981711924076080e-02
1.964493654668331146e-02
1.996059715747833252e-02
2.023486047983169556e-02
2.048199623823165894e-02
2.071796730160713196e-02
2.053792588412761688e-02
2.036699652671813965e-02
2.021927013993263245e-02
2.011314779520034790e-02
1.998488977551460266e-02
1.986423879861831665e-02
1.973745599389076233e-02
1.962078921496868134e-02
1.951157487928867340e-02
1.938701234757900238e-02
1.928241178393363953e-02
1.916706562042236328e-02
1.908566802740097046e-02
1.900452189147472382e-02
1.892809383571147919e-02
1.883818767964839935e-02
1.875598356127738953e-02
1.866533607244491577e-02
1.860202848911285400e-02
1.852901652455329895e-02
1.844070851802825928e-02
1.835092157125473022e-02
1.830092445015907288e-02
1.823547855019569397e-02
1.814971864223480225e-02
1.808480545878410339e-02
1.804005727171897888e-02
1.797267422080039978e-02
1.792747713625431061e-02
1.784791052341461182e-02
1.776085235178470612e-02
1.765186153352260590e-02
1.756462454795837402e-02
1.745897904038429260e-02
1.736231707036495209e-02
1.727566868066787720e-02
1.717056147754192352e-02
1.704831048846244812e-02
1.693451590836048126e-02
1.683221571147441864e-02
1.673567667603492737e-02
1.661755517125129700e-02
1.648909598588943481e-02
1.635915599763393402e-02
1.623495854437351227e-02
1.612055301666259766e-02
1.600616611540317535e-02
1.589901186525821686e-02
1.581700891256332397e-02
1.572150178253650665e-02
1.558595895767211914e-02
1.546249631792306900e-02
1.533786766231060028e-02
1.521038729697465897e-02
1.507460139691829681e-02
1.491732429713010788e-02
1.477172598242759705e-02
1.457997411489486694e-02
1.439459994435310364e-02
1.425024215131998062e-02
1.414654590189456940e-02
1.409687288105487823e-02
1.411801017820835114e-02
1.412519253790378571e-02
1.412728894501924515e-02
1.413478795439004898e-02
1.415468193590641022e-02
1.419147849082946777e-02
1.419062167406082153e-02
1.420389115810394287e-02
1.417181268334388733e-02
1.415213756263256073e-02
1.411401201039552689e-02
1.412074919790029526e-02
1.421384233981370926e-02
1.431293692439794540e-02
1.438758336007595062e-02
1.444987207651138306e-02
1.451892033219337463e-02
1.454728469252586365e-02
1.455262955278158188e-02
1.452117413282394409e-02
1.445285510271787643e-02
1.439494546502828598e-02
1.434602960944175720e-02
1.426247227936983109e-02
1.419392693787813187e-02
1.415048073977231979e-02
1.409877184778451920e-02
1.404469832777976990e-02
1.397741865366697311e-02
1.392786763608455658e-02
1.387460436671972275e-02
1.381734758615493774e-02
1.388387661427259445e-02
1.393937785178422928e-02
1.398789230734109879e-02
1.403434574604034424e-02
1.406516879796981812e-02
1.410657167434692383e-02
1.412985287606716156e-02
1.415128540247678757e-02
1.416228991001844406e-02
1.417821645736694336e-02
1.421096175909042358e-02
1.426659803837537766e-02
1.430220436304807663e-02
1.431976072490215302e-02
1.429754961282014847e-02
1.427841652184724808e-02
1.425540447235107422e-02
1.425540447235107422e-02
1.421927846968173981e-02
1.420467719435691833e-02
1.419012807309627533e-02
1.416588015854358673e-02
1.412776857614517212e-02
1.407215092331171036e-02
1.398924924433231354e-02
1.392170600593090057e-02
1.387494429945945740e-02
1.381902582943439484e-02
1.381248328834772110e-02
1.379678957164287567e-02
1.383726857602596283e-02
1.388803683221340179e-02
1.394572854042053223e-02
1.402288395911455154e-02
1.409319043159484863e-02
1.419405639171600342e-02
1.430718507617712021e-02
1.427635923027992249e-02
1.422404870390892029e-02
1.415233127772808075e-02
1.413178816437721252e-02
1.408914662897586823e-02
1.406018342822790146e-02
1.402995642274618149e-02
1.402989681810140610e-02
1.402992568910121918e-02
1.402210909873247147e-02
1.402672007679939270e-02
1.402773428708314896e-02
1.402022596448659897e-02
1.398355513811111450e-02
1.393791940063238144e-02
1.387333218008279800e-02
1.382347755134105682e-02
1.375817600637674332e-02
1.372430566698312759e-02
1.372315455228090286e-02
1.371225249022245407e-02
1.365778595209121704e-02
1.360320113599300385e-02
1.317024137824773788e-02
1.278201211243867874e-02
1.243862789124250412e-02
1.214506849646568298e-02
1.182870008051395416e-02
1.148088090121746063e-02
1.118592452257871628e-02
1.095023285597562790e-02
1.076225005090236664e-02
1.065869349986314774e-02
1.055220421403646469e-02
1.044700480997562408e-02
1.035629212856292725e-02
1.023552194237709045e-02
1.009556557983160019e-02
1.000485103577375412e-02
9.880241006612777710e-03
9.879900142550468445e-03
9.879138320684432983e-03
9.842029772698879242e-03
9.841602295637130737e-03
9.794422425329685211e-03
9.747181087732315063e-03
9.678234346210956573e-03
9.588784538209438324e-03
9.503033943474292755e-03
9.351151064038276672e-03
9.218235500156879425e-03
9.050196968019008636e-03
8.903319016098976135e-03
8.745086379349231720e-03
8.651865646243095398e-03
8.577882312238216400e-03
8.475485257804393768e-03
8.275850676000118256e-03
8.043622598052024841e-03
7.852589711546897888e-03
7.656787056475877762e-03
7.743284571915864944e-03
7.881423458456993103e-03
8.059239014983177185e-03
8.239595219492912292e-03
8.391099050641059875e-03
8.526754565536975861e-03
8.654752746224403381e-03
9.337271563708782196e-03
9.940556250512599945e-03
1.046280749142169952e-02
1.095512695610523224e-02
1.138512976467609406e-02
1.177502237260341644e-02
1.211657281965017319e-02
1.241094525903463364e-02
1.262587495148181915e-02
1.279863249510526657e-02
1.288039702922105789e-02
1.293888408690690994e-02
1.297862268984317780e-02
1.302024535834789276e-02
1.305241603404283524e-02
1.308622397482395172e-02
1.314445771276950836e-02
1.325289625674486160e-02
1.334239169955253601e-02
1.343247387558221817e-02
1.349961571395397186e-02
1.359477918595075607e-02
1.369453221559524536e-02
1.378413755446672440e-02
1.389264687895774841e-02
1.399030070751905441e-02
1.410206500440835953e-02
1.417861692607402802e-02
1.425183191895484924e-02
1.428543496876955032e-02
1.425388082861900330e-02
1.419709995388984680e-02
1.412338670343160629e-02
1.404841989278793335e-02
1.394298858940601349e-02
1.381184905767440796e-02
1.367574092000722885e-02
1.356215961277484894e-02
1.347190141677856445e-02
1.335446164011955261e-02
1.322246901690959930e-02
1.311858464032411575e-02
1.302573829889297485e-02
1.293235644698143005e-02
1.282711979001760483e-02
1.271429471671581268e-02
1.265020202845335007e-02
1.258023455739021301e-02
1.252978295087814331e-02
1.245944108814001083e-02
1.243765372782945633e-02
1.238611433655023575e-02
1.232108473777770996e-02
1.223199628293514252e-02
1.215318217873573303e-02
1.206417847424745560e-02
1.226758118718862534e-02
1.244866754859685898e-02
1.258829981088638306e-02
1.262944564223289490e-02
1.266204286366701126e-02
1.266315858811140060e-02
1.266009733080863953e-02
1.264425646513700485e-02
1.258474774658679962e-02
1.255869027227163315e-02
1.252905931323766708e-02
1.247899606823921204e-02
1.244981307536363602e-02
1.240140944719314575e-02
1.234866678714752197e-02
1.230318099260330200e-02
1.227283664047718048e-02
1.224851422011852264e-02
1.223263051360845566e-02
1.222093775868415833e-02
1.218221709132194519e-02
1.215846464037895203e-02
1.213478390127420425e-02
1.211160700768232346e-02
1.210386306047439575e-02
1.212473958730697632e-02
1.217857748270034790e-02
1.222832687199115753e-02
1.226105820387601852e-02
1.226073410362005234e-02
1.226341444998979568e-02
1.224544085562229156e-02
1.220631878823041916e-02
1.216076035052537918e-02
1.208102144300937653e-02
1.189734786748886108e-02
1.161711476743221283e-02
1.137339975684881210e-02
1.114192884415388107e-02
1.096446812152862549e-02
1.081031560897827148e-02
1.072859857231378555e-02
1.067439932376146317e-02
1.068876963108778000e-02
1.071475353091955185e-02
1.073956768959760666e-02
1.074571721255779266e-02
1.072633918374776840e-02
1.068095490336418152e-02
1.060930453240871429e-02
1.051962934434413910e-02
1.043484639376401901e-02
1.032214052975177765e-02
1.018912717700004578e-02
1.003500074148178101e-02
9.880757890641689301e-03
9.758538566529750824e-03
9.645786136388778687e-03
9.883549995720386505e-03
1.009445451200008392e-02
1.024724822491407394e-02
1.036874484270811081e-02
1.045384630560874939e-02
1.047592330724000931e-02
1.028887648135423660e-02
1.008006744086742401e-02
9.899297729134559631e-03
9.704323485493659973e-03
9.505069814622402191e-03
9.288923814892768860e-03
9.065225720405578613e-03
8.864517323672771454e-03
8.684625849127769470e-03
8.548802696168422699e-03
8.462791331112384796e-03
8.385984227061271667e-03
8.324226364493370056e-03
8.276467211544513702e-03
8.239347487688064575e-03
8.214689791202545166e-03
8.204346522688865662e-03
8.212310262024402618e-03
8.228969760239124298e-03
8.256234228610992432e-03
8.312815800309181213e-03
8.387637324631214142e-03
8.464508689939975739e-03
8.551475591957569122e-03
8.637868799269199371e-03
8.736378513276576996e-03
8.839478716254234314e-03
8.960058912634849548e-03
8.977288380265235901e-03
8.998293429613113403e-03
8.995234966278076172e-03
8.987554349005222321e-03
8.965194225311279297e-03
8.931003510951995850e-03
8.903788402676582336e-03
8.881086483597755432e-03
8.847281336784362793e-03
8.804796263575553894e-03
8.741347119212150574e-03
8.668809197843074799e-03
8.591173216700553894e-03
8.534513413906097412e-03
8.492896333336830139e-03
8.492896333336830139e-03
8.492896333336830139e-03
8.480822667479515076e-03
8.480578660964965820e-03
8.514560759067535400e-03
8.566484786570072174e-03
8.638293482363224030e-03
8.715191856026649475e-03
8.784750476479530334e-03
8.842197246849536896e-03
8.897735737264156342e-03
8.920384570956230164e-03
8.930503390729427338e-03
8.930427022278308868e-03
8.926125243306159973e-03
8.870782330632209778e-03
8.809952996671199799e-03
8.736515417695045471e-03
8.680660277605056763e-03
8.653542026877403259e-03
8.639611303806304932e-03
8.637176826596260071e-03
8.649978786706924438e-03
8.658078499138355255e-03
8.688360452651977539e-03
8.729346096515655518e-03
8.796664886176586151e-03
8.866390213370323181e-03
8.928499184548854828e-03
9.001428261399269104e-03
9.051367640495300293e-03
9.089258499443531036e-03
9.105997160077095032e-03
9.123134426772594452e-03
9.145040996372699738e-03
9.147319011390209198e-03
9.148680604994297028e-03
9.133836254477500916e-03
9.125025942921638489e-03
9.120524860918521881e-03
9.078203700482845306e-03
9.035673923790454865e-03
8.998611941933631897e-03
8.964338339865207672e-03
8.934407494962215424e-03
8.910695090889930725e-03
8.895043283700942993e-03
8.906402625143527985e-03
8.898236788809299469e-03
8.878383785486221313e-03
8.879287168383598328e-03
8.896266110241413116e-03
8.898595348000526428e-03
8.892147801816463470e-03
8.912149816751480103e-03
8.965768851339817047e-03
9.021201170980930328e-03
9.081925265491008759e-03
9.148482233285903931e-03
9.199574589729309082e-03
9.276450611650943756e-03
9.356386959552764893e-03
9.393701329827308655e-03
9.417451918125152588e-03
9.427243843674659729e-03
9.423123672604560852e-03
9.420287795364856720e-03
9.367719292640686035e-03
9.293796494603157043e-03
9.226527996361255646e-03
9.152706712484359741e-03
9.082527831196784973e-03
9.038751013576984406e-03
8.987886831164360046e-03
8.952361531555652618e-03
8.898743428289890289e-03
8.841712959110736847e-03
8.811126463115215302e-03
8.790686726570129395e-03
8.786161430180072784e-03
8.800113573670387268e-03
8.851708844304084778e-03
8.888307958841323853e-03
8.915088139474391937e-03
8.934328332543373108e-03
8.947703056037425995e-03
8.954744786024093628e-03
8.966860361397266388e-03
8.990261703729629517e-03
9.011220186948776245e-03
9.034335613250732422e-03
9.049338288605213165e-03
9.040967561304569244e-03
9.040254168212413788e-03
9.073712863028049469e-03
9.115706197917461395e-03
9.130634367465972900e-03
9.151728823781013489e-03
9.176393970847129822e-03
9.196821600198745728e-03
9.206685237586498260e-03
9.215041063725948334e-03
9.207969531416893005e-03
9.210935793817043304e-03
9.212601929903030396e-03
9.229565970599651337e-03
9.230638854205608368e-03
9.223204106092453003e-03
9.229240939021110535e-03
9.228527545928955078e-03
9.236571379005908966e-03
9.245254099369049072e-03
9.262531064450740814e-03
9.260983206331729889e-03
9.239586070179939270e-03
9.205347858369350433e-03
9.190140292048454285e-03
9.168335236608982086e-03
9.151072241365909576e-03
9.139765053987503052e-03
9.124842472374439240e-03
9.079951792955398560e-03
9.044016711413860321e-03
9.016506373882293701e-03
8.989136666059494019e-03
8.965791203081607819e-03
8.941596373915672302e-03
8.912991732358932495e-03
8.900026790797710419e-03
8.897231891751289368e-03
8.900810033082962036e-03
8.902797475457191467e-03
8.932878263294696808e-03
8.974612690508365631e-03
8.991584181785583496e-03
9.010465815663337708e-03
8.914307691156864166e-03
8.833820000290870667e-03
8.785243146121501923e-03
8.731665089726448059e-03
8.710614405572414398e-03
8.685216307640075684e-03
8.674393408000469208e-03
8.660616353154182434e-03
8.656047284603118896e-03
8.632804267108440399e-03
8.629319258034229279e-03
8.608590811491012573e-03
8.585395291447639465e-03
8.590313605964183807e-03
8.607206866145133972e-03
8.629725314676761627e-03
8.668314665555953979e-03
8.680954575538635254e-03
8.710740134119987488e-03
8.738378994166851044e-03
8.758796378970146179e-03
8.765922859311103821e-03
8.768964558839797974e-03
8.754531852900981903e-03
8.745399303734302521e-03
8.731010369956493378e-03
8.722542785108089447e-03
8.697812445461750031e-03
8.683430962264537811e-03
8.654451929032802582e-03
8.633904159069061279e-03
8.627101778984069824e-03
8.613095618784427643e-03
8.611127734184265137e-03
8.621561340987682343e-03
8.647922426462173462e-03
8.665333501994609833e-03
8.669234812259674072e-03
8.611435070633888245e-03
8.573674596846103668e-03
8.544600568711757660e-03
8.535756729543209076e-03
8.524793200194835663e-03
8.528806269168853760e-03
8.582048118114471436e-03
8.661759085953235626e-03
8.722377009689807892e-03
8.782444521784782410e-03
8.817024528980255127e-03
8.830774575471878052e-03
8.841905742883682251e-03
8.840142749249935150e-03
8.842336013913154602e-03
8.845453150570392609e-03
8.874057792127132416e-03
8.910203352570533752e-03
8.962181396782398224e-03
8.979783393442630768e-03
9.003974497318267822e-03
9.047530591487884521e-03
9.110420010983943939e-03
8.969698101282119751e-03
8.845895528793334961e-03
8.755206130445003510e-03
8.682954125106334686e-03
8.643253706395626068e-03
8.640357293188571930e-03
8.655193261802196503e-03
8.684932254254817963e-03
8.743487298488616943e-03
8.799715898931026459e-03
8.871543221175670624e-03
8.938262239098548889e-03
8.978560566902160645e-03
9.035237133502960205e-03
9.088610298931598663e-03
9.138544090092182159e-03
9.160217829048633575e-03
9.164953604340553284e-03
9.219199419021606445e-03
9.295139461755752563e-03
9.329823777079582214e-03
9.318732656538486481e-03
9.282504208385944366e-03
9.236658923327922821e-03
9.178814478218555450e-03
9.133322164416313171e-03
9.083319455385208130e-03
9.061375632882118225e-03
9.056298993527889252e-03
9.061695076525211334e-03
9.067583829164505005e-03
9.082050062716007233e-03
9.106538258492946625e-03
9.112881496548652649e-03
9.118360467255115509e-03
9.126305580139160156e-03
9.136540815234184265e-03
9.127509780228137970e-03
9.136804379522800446e-03
9.146126918494701385e-03
9.139752946794033051e-03
9.124186821281909943e-03
9.083943441510200500e-03
9.050115011632442474e-03
9.011908434331417084e-03
8.990339003503322601e-03
8.977101184427738190e-03
8.978320285677909851e-03
8.971411734819412231e-03
8.948057889938354492e-03
8.912962861359119415e-03
8.868291974067687988e-03
8.837521076202392578e-03
8.823348209261894226e-03
8.820920251309871674e-03
8.823419921100139618e-03
8.817844092845916748e-03
8.825906552374362946e-03
8.856298401951789856e-03
8.864403702318668365e-03
8.886946365237236023e-03
8.922037668526172638e-03
8.958994410932064056e-03
8.997510187327861786e-03
9.054987691342830658e-03
9.114927612245082855e-03
9.161592461168766022e-03
9.179492481052875519e-03
9.188469499349594116e-03
9.185417555272579193e-03
9.178485721349716187e-03
9.167713113129138947e-03
9.151825681328773499e-03
9.128725156188011169e-03
9.088902734220027924e-03
9.060437791049480438e-03
9.053008630871772766e-03
9.047032333910465240e-03
9.039268828928470612e-03
9.059672243893146515e-03
9.103649295866489410e-03
9.155587293207645416e-03
9.205222129821777344e-03
9.255392476916313171e-03
9.271008893847465515e-03
9.245835244655609131e-03
9.240122511982917786e-03
9.255589917302131653e-03
9.291409514844417572e-03
9.320538491010665894e-03
9.249885566532611847e-03
9.178138338029384613e-03
9.107244201004505157e-03
9.048522450029850006e-03
9.003004059195518494e-03
8.976852521300315857e-03
8.929835632443428040e-03
8.937164209783077240e-03
8.936733938753604889e-03
8.946527726948261261e-03
8.948177099227905273e-03
8.943993598222732544e-03
8.952514268457889557e-03
8.984758518636226654e-03
9.011481888592243195e-03
9.014117531478404999e-03
9.028628468513488770e-03
9.061603806912899017e-03
9.101653471589088440e-03
9.148641489446163177e-03
9.200146421790122986e-03
9.231770411133766174e-03
9.237445890903472900e-03
9.259284473955631256e-03
9.266383945941925049e-03
9.274464100599288940e-03
9.290539659559726715e-03
9.311631321907043457e-03
9.313724003732204437e-03
9.306274354457855225e-03
9.271223098039627075e-03
9.231955744326114655e-03
9.190971031785011292e-03
9.161192923784255981e-03
9.128088131546974182e-03
9.110216051340103149e-03
9.093226864933967590e-03
9.081619791686534882e-03
9.078820236027240753e-03
9.074490517377853394e-03
9.078795090317726135e-03
9.089672006666660309e-03
9.227392263710498810e-03
9.445322677493095398e-03
9.629482403397560120e-03
9.800733067095279694e-03
9.952761232852935791e-03
1.007510907948017120e-02
1.015819329768419266e-02
1.021808944642543793e-02
1.025436911731958389e-02
1.024123188108205795e-02
1.017623394727706909e-02
1.010031718760728836e-02
1.001202315092086792e-02
9.921004064381122589e-03
9.821183979511260986e-03
9.722577407956123352e-03
9.630904532968997955e-03
9.535607881844043732e-03
9.443096816539764404e-03
9.361796081066131592e-03
9.281034581363201141e-03
9.224037639796733856e-03
9.175461716949939728e-03
9.217256680130958557e-03
9.307975880801677704e-03
9.418449364602565765e-03
9.508331306278705597e-03
9.664831683039665222e-03
9.783187881112098694e-03
9.857547469437122345e-03
9.895388036966323853e-03
9.876112453639507294e-03
9.798550978302955627e-03
9.678845293819904327e-03
9.538588114082813263e-03
9.413862600922584534e-03
9.244189597666263580e-03
8.994600735604763031e-03
8.784352801740169525e-03
8.616789244115352631e-03
8.476249873638153076e-03
8.367134258151054382e-03
8.301248773932456970e-03
8.260851725935935974e-03
8.220036514103412628e-03
8.167788386344909668e-03
8.167593739926815033e-03
8.187528699636459351e-03
8.202470839023590088e-03
8.224524557590484619e-03
8.222726173698902130e-03
8.217331953346729279e-03
8.206482045352458954e-03
8.214242756366729736e-03
8.259755559265613556e-03
8.294561877846717834e-03
8.332205004990100861e-03
8.377024903893470764e-03
8.410322479903697968e-03
8.447402156889438629e-03
8.498919196426868439e-03
8.563978597521781921e-03
8.642115630209445953e-03
8.711418136954307556e-03
8.785530924797058105e-03
8.837830275297164917e-03
8.872803300619125366e-03
8.901709690690040588e-03
8.934802375733852386e-03
8.955053985118865967e-03
8.971846662461757660e-03
8.982748724520206451e-03
8.996381424367427826e-03
8.999555371701717377e-03
9.013874456286430359e-03
8.943131193518638611e-03
8.901522494852542877e-03
8.869554847478866577e-03
8.835316635668277740e-03
8.814057335257530212e-03
8.806791156530380249e-03
8.814046159386634827e-03
8.793164044618606567e-03
8.792670443654060364e-03
8.802840486168861389e-03
8.821558207273483276e-03
8.855027146637439728e-03
8.900277316570281982e-03
8.939832448959350586e-03
8.970992639660835266e-03
8.990959264338016510e-03
9.004018269479274750e-03
9.043184109032154083e-03
9.077865630388259888e-03
9.115681983530521393e-03
9.143074043095111847e-03
9.165791794657707214e-03
9.162176400423049927e-03
9.152875281870365143e-03
9.158052504062652588e-03
9.151584468781948090e-03
9.146396070718765259e-03
9.134913794696331024e-03
9.110365994274616241e-03
9.075356647372245789e-03
9.038846008479595184e-03
8.994633331894874573e-03
8.942460641264915466e-03
8.907962590456008911e-03
8.888301439583301544e-03
8.879967965185642242e-03
8.885781280696392059e-03
8.882817812263965607e-03
8.878822438418865204e-03
8.869183249771595001e-03
8.870156481862068176e-03
8.867462165653705597e-03
8.858975023031234741e-03
8.844563737511634827e-03
8.826382458209991455e-03
8.814603090286254883e-03
8.807742968201637268e-03
8.816616609692573547e-03
8.829900994896888733e-03
8.826973848044872284e-03
8.807042613625526428e-03
8.775937370955944061e-03
8.746143430471420288e-03
8.720094338059425354e-03
8.697929792106151581e-03
8.672861382365226746e-03
8.665707893669605255e-03
8.674230426549911499e-03
8.677443489432334900e-03
8.674537762999534607e-03
8.678659796714782715e-03
8.680026978254318237e-03
8.706588298082351685e-03
8.736692368984222412e-03
8.770164102315902710e-03
8.803576231002807617e-03
8.814258500933647156e-03
8.822408504784107208e-03
8.849716745316982269e-03
8.851944468915462494e-03
8.856977336108684540e-03
8.856189437210559845e-03
8.868514560163021088e-03
8.882771246135234833e-03
8.884453214704990387e-03
8.872866630554199219e-03
8.816284127533435822e-03
8.774497546255588531e-03
8.757152594625949860e-03
8.757445029914379120e-03
8.772769942879676819e-03
8.783111348748207092e-03
8.781645447015762329e-03
8.786601945757865906e-03
8.812297135591506958e-03
8.859785273671150208e-03
8.916798979043960571e-03
8.977133780717849731e-03
9.035102091729640961e-03
9.087341837584972382e-03
9.128687903285026550e-03
9.160769172012805939e-03
9.198583662509918213e-03
9.263408370316028595e-03
9.330845437943935394e-03
9.390145540237426758e-03
9.421085007488727570e-03
9.432788938283920288e-03
9.423722513020038605e-03
9.410507045686244965e-03
9.405677206814289093e-03
9.377235546708106995e-03
9.340303950011730194e-03
9.327238425612449646e-03
9.339760057628154755e-03
9.361557662487030029e-03
9.376690723001956940e-03
9.401440620422363281e-03
9.439784102141857147e-03
9.464879520237445831e-03
9.513560682535171509e-03
9.549960494041442871e-03
9.590659290552139282e-03
9.620882570743560791e-03
9.649548679590225220e-03
9.690248407423496246e-03
9.735859930515289307e-03
9.776618331670761108e-03
9.878968819975852966e-03
9.950961917638778687e-03
1.000879053026437759e-02
1.005936786532402039e-02
1.011510659009218216e-02
1.015768852084875107e-02
1.017099991440773010e-02
1.014585606753826141e-02
1.010963227599859238e-02
1.007353793829679489e-02
1.003146171569824219e-02
9.977214969694614410e-03
9.911639615893363953e-03
9.854392148554325104e-03
9.806518442928791046e-03
9.761243127286434174e-03
9.726320393383502960e-03
9.693824686110019684e-03
9.719971567392349243e-03
9.779156185686588287e-03
9.844027459621429443e-03
9.901217184960842133e-03
9.933158755302429199e-03
9.963894262909889221e-03
9.974254295229911804e-03
9.971864521503448486e-03
9.961731731891632080e-03
9.928856976330280304e-03
9.901473298668861389e-03
9.866856969892978668e-03
9.809101000428199768e-03
9.724662639200687408e-03
9.645770303905010223e-03
9.573998861014842987e-03
9.515407495200634003e-03
9.473597630858421326e-03
9.437185712158679962e-03
9.404674172401428223e-03
9.379948489367961884e-03
9.388090111315250397e-03
9.394146502017974854e-03
9.400219656527042389e-03
9.412113577127456665e-03
9.444960393011569977e-03
9.483337402343750000e-03
9.535542689263820648e-03
9.584166109561920166e-03
9.615556336939334869e-03
9.636109694838523865e-03
9.665376506745815277e-03
9.686827659606933594e-03
9.710830636322498322e-03
9.748205542564392090e-03
9.801366366446018219e-03
9.831437841057777405e-03
9.832650423049926758e-03
9.829180315136909485e-03
9.826527908444404602e-03
9.800311177968978882e-03
9.754847735166549683e-03
9.691307321190834045e-03
9.616895578801631927e-03
9.552919305860996246e-03
9.489742107689380646e-03
9.427606128156185150e-03
9.369378909468650818e-03
9.304022416472434998e-03
9.248008020222187042e-03
9.200759232044219971e-03
9.168793447315692902e-03
9.143389761447906494e-03
9.126379154622554779e-03
9.116226807236671448e-03
9.125555865466594696e-03
9.127981029450893402e-03
9.128701873123645782e-03
9.127461351454257965e-03
9.137955494225025177e-03
9.153374470770359039e-03
9.174211882054805756e-03
9.203858673572540283e-03
9.228176437318325043e-03
9.237125515937805176e-03
9.250379167497158051e-03
9.264567866921424866e-03
9.273457340896129608e-03
9.298956021666526794e-03
9.324389509856700897e-03
9.346627630293369293e-03
9.352209046483039856e-03
9.351458400487899780e-03
9.310587309300899506e-03
9.271910414099693298e-03
9.242128580808639526e-03
9.221185930073261261e-03
9.198084473609924316e-03
9.165545925498008728e-03
9.142405353486537933e-03
9.116749279201030731e-03
9.087422862648963928e-03
9.059993550181388855e-03
9.043337777256965637e-03
9.020303376019001007e-03
9.006140753626823425e-03
8.997020311653614044e-03
8.995501324534416199e-03
9.000753983855247498e-03
8.991040289402008057e-03
8.988325484097003937e-03
8.986531756818294525e-03
8.947084657847881317e-03
8.922115899622440338e-03
8.906769566237926483e-03
8.897009305655956268e-03
8.879161439836025238e-03
8.862782269716262817e-03
8.861407637596130371e-03
8.873980492353439331e-03
8.891110308468341827e-03
8.898546919226646423e-03
8.893315680325031281e-03
8.886769413948059082e-03
8.891565725207328796e-03
8.869354613125324249e-03
8.853433653712272644e-03
8.827614597976207733e-03
8.811058476567268372e-03
8.798107504844665527e-03
8.771488443017005920e-03
8.717544376850128174e-03
8.666720241308212280e-03
8.618355728685855865e-03
8.588039316236972809e-03
8.544207550585269928e-03
8.757210336625576019e-03
8.949430659413337708e-03
9.118496440351009369e-03
9.260972030460834503e-03
9.374323301017284393e-03
9.462432935833930969e-03
9.519100189208984375e-03
9.539451450109481812e-03
9.531886316835880280e-03
9.506593458354473114e-03
9.479348547756671906e-03
9.434496983885765076e-03
9.372456930577754974e-03
9.310312569141387939e-03
9.259930811822414398e-03
9.224655106663703918e-03
9.182555601000785828e-03
9.159332141280174255e-03
9.142276830971240997e-03
9.112207219004631042e-03
9.097295813262462616e-03
9.076878428459167480e-03
9.069845080375671387e-03
9.073828347027301788e-03
9.077214635908603668e-03
9.084058925509452820e-03
9.101618081331253052e-03
9.124535135924816132e-03
9.066050872206687927e-03
9.015413932502269745e-03
8.967103436589241028e-03
8.928662165999412537e-03
8.915374986827373505e-03
8.906386792659759521e-03
8.894109167158603668e-03
8.881718851625919342e-03
8.875597268342971802e-03
8.867379277944564819e-03
8.893609046936035156e-03
8.903073146939277649e-03
8.924037218093872070e-03
8.939651772379875183e-03
8.956306613981723785e-03
8.972955867648124695e-03
8.994285948574542999e-03
8.988562040030956268e-03
8.987640962004661560e-03
8.990317583084106445e-03
9.000211954116821289e-03
8.999329060316085815e-03
8.982890285551548004e-03
8.963924832642078400e-03
8.921155706048011780e-03
8.881477639079093933e-03
8.848415687680244446e-03
8.806162513792514801e-03
8.761044591665267944e-03
8.730372413992881775e-03
8.715728297829627991e-03
8.706361055374145508e-03
8.708071894943714142e-03
8.711844682693481445e-03
8.716580457985401154e-03
8.731556124985218048e-03
8.741214871406555176e-03
8.737420663237571716e-03
8.714162744581699371e-03
8.692328818142414093e-03
8.671008981764316559e-03
8.641901426017284393e-03
8.595438674092292786e-03
8.566376753151416779e-03
8.568732067942619324e-03
8.580161258578300476e-03
8.594441227614879608e-03
8.606945164501667023e-03
8.638210594654083252e-03
8.674035780131816864e-03
8.713386952877044678e-03
8.740806020796298981e-03
8.773938752710819244e-03
8.779961615800857544e-03
8.793221786618232727e-03
8.821323513984680176e-03
8.839814923703670502e-03
8.855701424181461334e-03
8.872434496879577637e-03
8.876674808561801910e-03
8.888799697160720825e-03
8.900813758373260498e-03
8.902044966816902161e-03
8.884195238351821899e-03
8.866466581821441650e-03
8.849705569446086884e-03
8.849705569446086884e-03
8.849705569446086884e-03
8.841468021273612976e-03
8.898376487195491791e-03
8.886922150850296021e-03
8.874813094735145569e-03
8.851933293044567108e-03
8.836129680275917053e-03
8.829399943351745605e-03
8.824085816740989685e-03
8.818303234875202179e-03
8.834785781800746918e-03
8.841782808303833008e-03
8.849524892866611481e-03
8.855979889631271362e-03
8.862155489623546600e-03
8.857825770974159241e-03
8.849131874740123749e-03
8.826320059597492218e-03
8.790304884314537048e-03
8.741643279790878296e-03
8.696391247212886810e-03
8.640772663056850433e-03
8.600753732025623322e-03
8.576602675020694733e-03
8.532133884727954865e-03
8.511968888342380524e-03
8.505078963935375214e-03
8.505267091095447540e-03
8.511895313858985901e-03
8.531175553798675537e-03
8.560526184737682343e-03
8.585141040384769440e-03
8.623832836747169495e-03
8.681394159793853760e-03
8.744617924094200134e-03
8.799823932349681854e-03
8.852564729750156403e-03
8.905012160539627075e-03
8.939297869801521301e-03
8.963452652096748352e-03
8.968437090516090393e-03
8.947364054620265961e-03
8.927687071263790131e-03
8.913779631257057190e-03
8.870796300470829010e-03
8.832708932459354401e-03
8.821357041597366333e-03
8.816714398562908173e-03
8.822184056043624878e-03
8.825889788568019867e-03
8.838515728712081909e-03
8.849175646901130676e-03
8.856499567627906799e-03
8.882806636393070221e-03
8.903062902390956879e-03
8.923205547034740448e-03
8.940430358052253723e-03
8.945429697632789612e-03
8.954012766480445862e-03
8.953148499131202698e-03
8.946209214627742767e-03
8.924989961087703705e-03
8.868815377354621887e-03
8.813759312033653259e-03
8.732555434107780457e-03
8.655766025185585022e-03
8.593352511525154114e-03
8.541109040379524231e-03
8.504495956003665924e-03
8.468946442008018494e-03
8.457210846245288849e-03
8.456625044345855713e-03
8.465667255222797394e-03
8.507492020726203918e-03
8.560179732739925385e-03
8.610105141997337341e-03
8.669502101838588715e-03
8.719167672097682953e-03
8.772067725658416748e-03
8.817465044558048248e-03
8.849236182868480682e-03
8.886268362402915955e-03
8.912093006074428558e-03
8.944810368120670319e-03
8.985687978565692902e-03
9.016526862978935242e-03
9.044107981026172638e-03
8.468256331980228424e-03
7.955705747008323669e-03
7.502394728362560272e-03
7.102179341018199921e-03
6.743744015693664551e-03
6.422627251595258713e-03
6.142728496342897415e-03
5.891924723982810974e-03
5.673894193023443222e-03
5.490351933985948563e-03
5.308854859322309494e-03
5.162769462913274765e-03
5.042508244514465332e-03
4.943214356899261475e-03
4.867990035563707352e-03
4.807002376765012741e-03
4.760046023875474930e-03
4.722503479570150375e-03
4.707404877990484238e-03
4.704801365733146667e-03
4.710095934569835663e-03
4.727613646537065506e-03
4.755045752972364426e-03
4.797451663762331009e-03
4.845513030886650085e-03
4.910284187644720078e-03
4.998717922717332840e-03
5.078233312815427780e-03
5.148133728653192520e-03
5.205232650041580200e-03
5.237453617155551910e-03
5.261058919131755829e-03
5.257317796349525452e-03
5.250893533229827881e-03
5.246792454272508621e-03
5.244315601885318756e-03
5.232454277575016022e-03
5.213051103055477142e-03
5.189202260226011276e-03
5.152499768882989883e-03
5.115645006299018860e-03
5.083933472633361816e-03
5.056930240243673325e-03
5.031068809330463409e-03
5.014827940613031387e-03
4.995686002075672150e-03
4.989516455680131912e-03
4.980271216481924057e-03
4.999783821403980255e-03
5.008084699511528015e-03
5.016468465328216553e-03
5.033440422266721725e-03
5.049237515777349472e-03
5.061925388872623444e-03
5.073524080216884613e-03
5.086662713438272476e-03
5.098077934235334396e-03
5.104389041662216187e-03
5.109452176839113235e-03
5.106962751597166061e-03
5.110415630042552948e-03
5.113426595926284790e-03
5.117500200867652893e-03
5.104809533804655075e-03
5.092890467494726181e-03
5.078716203570365906e-03
5.058332346379756927e-03
5.048928316682577133e-03
5.045262631028890610e-03
5.049681756645441055e-03
5.049994215369224548e-03
5.043809767812490463e-03
5.026707425713539124e-03
5.025661084800958633e-03
5.018369294703006744e-03
5.011835135519504547e-03
5.011087749153375626e-03
5.006475374102592468e-03
5.002347286790609360e-03
5.000443197786808014e-03
4.997464828193187714e-03
4.992605186998844147e-03
4.983123391866683960e-03
4.970843438059091568e-03
4.961905535310506821e-03
4.961479455232620239e-03
4.964114632457494736e-03
4.971284419298171997e-03
4.983800929039716721e-03
5.000352859497070312e-03
5.029231775552034378e-03
5.045993719249963760e-03
5.067150574177503586e-03
5.100676789879798889e-03
5.137577187269926071e-03
5.171920172870159149e-03
5.200925283133983612e-03
5.215865559875965118e-03
5.220554303377866745e-03
5.237926729023456573e-03
5.252116359770298004e-03
5.256220698356628418e-03
5.249688867479562759e-03
5.241083446890115738e-03
5.229291971772909164e-03
5.215591285377740860e-03
5.194487050175666809e-03
5.176160484552383423e-03
5.154164973646402359e-03
5.134545266628265381e-03
5.119958892464637756e-03
5.112424492835998535e-03
5.099958274513483047e-03
5.091167055070400238e-03
5.081540904939174652e-03
5.082035437226295471e-03
5.087657831609249115e-03
5.094132386147975922e-03
5.105593707412481308e-03
5.116519518196582794e-03
5.124002695083618164e-03
5.129621829837560654e-03
5.131792742758989334e-03
5.137586966156959534e-03
5.205255933105945587e-03
5.274824332445859909e-03
5.347895901650190353e-03
5.415980704128742218e-03
5.475766956806182861e-03
5.519449710845947266e-03
5.556221120059490204e-03
5.588949192315340042e-03
5.612144712358713150e-03
5.633715540170669556e-03
5.654401145875453949e-03
5.671089980751276016e-03
5.679839290678501129e-03
5.685483571141958237e-03
5.691393744200468063e-03
5.694088991731405258e-03
5.703676491975784302e-03
5.702444352209568024e-03
5.695779807865619659e-03
5.685483571141958237e-03
5.681216716766357422e-03
5.669612903147935867e-03
5.659926217049360275e-03
5.647274665534496307e-03
5.625986494123935699e-03
5.603334866464138031e-03
5.571724381297826767e-03
5.546046886593103409e-03
5.515359807759523392e-03
5.488131660968065262e-03
5.461243912577629089e-03
5.448080133646726608e-03
5.443062633275985718e-03
5.444575566798448563e-03
5.454960279166698456e-03
5.464449990540742874e-03
5.461397580802440643e-03
5.467069335281848907e-03
5.472934804856777191e-03
5.469548515975475311e-03
5.467915441840887070e-03
5.456272047013044357e-03
5.440309643745422363e-03
5.432889796793460846e-03
5.423597991466522217e-03
5.416200961917638779e-03
5.402329377830028534e-03
5.382389761507511139e-03
5.357661284506320953e-03
5.339744500815868378e-03
5.323904100805521011e-03
5.316583905369043350e-03
5.310457665473222733e-03
5.303990095853805542e-03
5.296161398291587830e-03
5.299458280205726624e-03
5.301677621901035309e-03
5.297955591231584549e-03
5.294770468026399612e-03
5.293672904372215271e-03
5.284004844725131989e-03
5.272462032735347748e-03
5.263849161565303802e-03
5.261424928903579712e-03
5.259803496301174164e-03
5.242967978119850159e-03
5.227800458669662476e-03
5.212283693253993988e-03
5.196135956794023514e-03
5.188468843698501587e-03
5.186104215681552887e-03
5.190127994865179062e-03
5.196820944547653198e-03
5.198411177843809128e-03
5.200193263590335846e-03
5.199133418500423431e-03
5.200195591896772385e-03
5.202272441238164902e-03
5.193415563553571701e-03
5.183346103876829147e-03
5.177411250770092010e-03
5.215269047766923904e-03
5.255238618701696396e-03
5.291427485644817352e-03
5.315149202942848206e-03
5.334970075637102127e-03
5.357806105166673660e-03
5.377887748181819916e-03
5.391839891672134399e-03
5.409556441009044647e-03
5.413511302322149277e-03
5.410890560597181320e-03
5.411351099610328674e-03
5.399921443313360214e-03
5.393538158386945724e-03
5.390322767198085785e-03
5.392318591475486755e-03
5.397242959588766098e-03
5.462657194584608078e-03
5.550656002014875412e-03
5.609157960861921310e-03
5.661339033395051956e-03
5.702141206711530685e-03
5.731184501200914383e-03
5.747102666646242142e-03
5.757378879934549332e-03
5.768646486103534698e-03
5.778262857347726822e-03
5.786434281617403030e-03
5.795682780444622040e-03
5.799581762403249741e-03
5.792269948869943619e-03
5.781624466180801392e-03
5.760315340012311935e-03
5.734419915825128555e-03
5.695642903447151184e-03
5.658774636685848236e-03
5.617782007902860641e-03
5.587918218225240707e-03
5.565077066421508789e-03
5.544694140553474426e-03
5.521462298929691315e-03
5.496153142303228378e-03
5.474560894072055817e-03
5.457795225083827972e-03
5.446800962090492249e-03
5.427113734185695648e-03
5.410366691648960114e-03
5.386529024690389633e-03
5.369050893932580948e-03
5.358781199902296066e-03
5.346994381397962570e-03
5.333421751856803894e-03
5.316652823239564896e-03
5.302432924509048462e-03
5.287400446832180023e-03
5.279143806546926498e-03
5.257511511445045471e-03
5.235049407929182053e-03
5.213187541812658310e-03
5.189466755837202072e-03
5.158062092959880829e-03
5.103481933474540710e-03
5.048257764428853989e-03
4.990327637642621994e-03
4.937359131872653961e-03
4.889602307230234146e-03
4.850375931710004807e-03
4.810945130884647369e-03
4.773261956870555878e-03
4.742947407066822052e-03
4.720626398921012878e-03
4.696600139141082764e-03
4.677724558860063553e-03
4.666155204176902771e-03
4.663517698645591736e-03
4.658809863030910492e-03
4.661250393837690353e-03
4.664682783186435699e-03
4.665822722017765045e-03
4.671353846788406372e-03
4.677862394601106644e-03
4.687217529863119125e-03
4.700080491602420807e-03
4.718220327049493790e-03
4.745872691273689270e-03
4.769641440361738205e-03
4.796416033059358597e-03
4.817800596356391907e-03
4.836781881749629974e-03
4.851496778428554535e-03
4.871462471783161163e-03
4.892522003501653671e-03
4.911507014185190201e-03
4.928329493850469589e-03
4.943125415593385696e-03
4.950074944645166397e-03
4.947427660226821899e-03
4.948840010911226273e-03
4.948490299284458160e-03
4.938858095556497574e-03
4.928719718009233475e-03
4.920777399092912674e-03
4.922079853713512421e-03
4.922002553939819336e-03
4.918009508401155472e-03
4.922324325889348984e-03
4.927970468997955322e-03
4.910001996904611588e-03
4.898996092379093170e-03
4.892847966402769089e-03
4.906084388494491577e-03
4.919253755360841751e-03
4.926639143377542496e-03
4.927928559482097626e-03
4.925017245113849640e-03
4.905652254819869995e-03
4.891595337539911270e-03
4.879008512943983078e-03
4.871383775025606155e-03
4.859830718487501144e-03
4.846319090574979782e-03
4.838319495320320129e-03
4.822353832423686981e-03
4.799024667590856552e-03
4.776746034622192383e-03
4.753726068884134293e-03
4.733010195195674896e-03
4.710946232080459595e-03
4.678515251725912094e-03
4.646665882319211960e-03
4.617970436811447144e-03
4.592272453010082245e-03
4.568311385810375214e-03
4.554780200123786926e-03
4.539694171398878098e-03
4.544555209577083588e-03
4.550274927169084549e-03
4.565282259136438370e-03
4.583368543535470963e-03
4.589355085045099258e-03
4.584636539220809937e-03
4.581284709274768829e-03
4.583538044244050980e-03
4.584860987961292267e-03
4.590906202793121338e-03
4.602493718266487122e-03
4.612021148204803467e-03
4.617056809365749359e-03
4.627549089491367340e-03
4.645523149520158768e-03
4.663525614887475967e-03
4.674429539591073990e-03
4.683447070419788361e-03
4.691558890044689178e-03
4.696095827966928482e-03
4.695162177085876465e-03
4.699798300862312317e-03
4.705910105258226395e-03
4.702745005488395691e-03
4.711247980594635010e-03
4.738189745694398880e-03
4.762150812894105911e-03
4.788313060998916626e-03
4.822120536118745804e-03
4.857327789068222046e-03
4.887616261839866638e-03
4.912884440273046494e-03
4.937333986163139343e-03
4.963718354701995850e-03
4.991805180907249451e-03
5.011125467717647552e-03
5.025921855121850967e-03
5.037574097514152527e-03
5.041995085775852203e-03
5.050321109592914581e-03
5.067147780209779739e-03
5.087456665933132172e-03
5.083579104393720627e-03
5.076271947473287582e-03
5.069745238870382309e-03
5.053535569459199905e-03
5.039992742240428925e-03
5.022579338401556015e-03
4.967216402292251587e-03
4.910939373075962067e-03
4.859335720539093018e-03
4.817093722522258759e-03
4.773946013301610947e-03
4.739375319331884384e-03
4.713358357548713684e-03
4.680558573454618454e-03
4.662671126425266266e-03
4.643145482987165451e-03
4.622983280569314957e-03
4.604424349963665009e-03
4.592254757881164551e-03
4.585830960422754288e-03
4.569472745060920715e-03
4.557622596621513367e-03
4.547095857560634613e-03
4.535558633506298065e-03
4.502688534557819366e-03
4.465991165488958359e-03
4.432942718267440796e-03
4.398153163492679596e-03
4.361250437796115875e-03
4.338668193668127060e-03
4.312005359679460526e-03
4.290898330509662628e-03
4.282549023628234863e-03
4.269377794116735458e-03
4.239991772919893265e-03
4.235552623867988586e-03
4.230031743645668030e-03
4.223729018121957779e-03
4.222460556775331497e-03
4.222754389047622681e-03
4.225787241011857986e-03
4.225748125463724136e-03
4.230922553688287735e-03
4.243111237883567810e-03
4.255709704011678696e-03
4.248783458024263382e-03
4.243212286382913589e-03
4.233332350850105286e-03
4.224666394293308258e-03
4.208210855722427368e-03
4.191102460026741028e-03
4.174232948571443558e-03
4.164817743003368378e-03
4.149608779698610306e-03
4.146383143961429596e-03
4.147353116422891617e-03
4.146535415202379227e-03
4.152018111199140549e-03
4.169926512986421585e-03
4.185807891190052032e-03
4.208782687783241272e-03
4.233231302350759506e-03
4.262656904757022858e-03
4.287786781787872314e-03
4.305952694267034531e-03
4.318361636251211166e-03
4.331135191023349762e-03
4.342360887676477432e-03
4.351681564003229141e-03
4.356588702648878098e-03
4.368423018604516983e-03
4.382337909191846848e-03
4.387392196804285049e-03
4.388453438878059387e-03
4.383104853332042694e-03
4.383780062198638916e-03
4.397097509354352951e-03
4.408865701407194138e-03
4.417832009494304657e-03
4.425870720297098160e-03
4.436891991645097733e-03
4.426238592714071274e-03
4.389571957290172577e-03
4.362921696156263351e-03
4.332925658673048019e-03
4.303678404539823532e-03
4.281258676201105118e-03
4.260704852640628815e-03
4.247811157256364822e-03
4.234141670167446136e-03
4.219566937536001205e-03
4.206978250294923782e-03
4.193530417978763580e-03
4.176852293312549591e-03
4.169823136180639267e-03
4.163192585110664368e-03
4.154512658715248108e-03
4.146461375057697296e-03
4.140803590416908264e-03
4.139855969697237015e-03
4.148314241319894791e-03
4.150158260017633438e-03
4.148773383349180222e-03
4.151523578912019730e-03
4.145978949964046478e-03
4.119789227843284607e-03
4.098573233932256699e-03
4.081430844962596893e-03
4.071712959557771683e-03
4.069306422024965286e-03
4.074401687830686569e-03
4.087434150278568268e-03
4.107119981199502945e-03
4.125760868191719055e-03
4.139594733715057373e-03
4.128318745642900467e-03
4.138677846640348434e-03
4.146460443735122681e-03
4.154663998633623123e-03
4.162829834967851639e-03
4.158394411206245422e-03
4.161213524639606476e-03
4.173395689576864243e-03
4.186897072941064835e-03
4.202685318887233734e-03
4.216240253299474716e-03
4.261102527379989624e-03
4.304886795580387115e-03
4.346983041614294052e-03
4.380177240818738937e-03
4.409661516547203064e-03
4.438029602169990540e-03
4.460718482732772827e-03
4.476832691580057144e-03
4.480549599975347519e-03
4.476504866033792496e-03
4.464502446353435516e-03
4.450621549040079117e-03
4.433966241776943207e-03
4.421191290020942688e-03
4.414888098835945129e-03
4.410217981785535812e-03
4.409991204738616943e-03
4.411600995808839798e-03
4.410500172525644302e-03
4.410755354911088943e-03
4.410363268107175827e-03
4.407434724271297455e-03
4.398713354021310806e-03
4.387749824672937393e-03
4.384531639516353607e-03
4.389754030853509903e-03
4.399369470775127411e-03
4.414028953760862350e-03
4.441703204065561295e-03
4.460935480892658234e-03
4.477004986256361008e-03
4.502183292061090469e-03
4.530478734523057938e-03
4.550144076347351074e-03
4.574096295982599258e-03
4.599018488079309464e-03
4.610680043697357178e-03
4.632595460861921310e-03
4.657155368477106094e-03
4.682376515120267868e-03
4.700069781392812729e-03
4.712540190666913986e-03
4.724148660898208618e-03
4.726739134639501572e-03
4.720074124634265900e-03
4.714609589427709579e-03
4.713630769401788712e-03
4.708988592028617859e-03
4.702812526375055313e-03
4.699920304119586945e-03
4.696298856288194656e-03
4.694142844527959824e-03
4.688819870352745056e-03
4.690444096922874451e-03
4.693621303886175156e-03
4.708052147179841995e-03
4.721866920590400696e-03
4.730910994112491608e-03
4.740398377180099487e-03
4.746837541460990906e-03
4.758207593113183975e-03
4.764623474329710007e-03
4.776219837367534637e-03
4.792911000549793243e-03
4.804679192602634430e-03
4.821117501705884933e-03
4.843827802687883377e-03
4.856578074395656586e-03
4.867335315793752670e-03
4.878760781139135361e-03
4.889904987066984177e-03
4.894551355391740799e-03
4.896967671811580658e-03
4.905453883111476898e-03
4.906558431684970856e-03
4.911633674055337906e-03
4.914045333862304688e-03
4.916538950055837631e-03
4.915402736514806747e-03
4.910463467240333557e-03
4.905228503048419952e-03
4.900514613837003708e-03
4.898225422948598862e-03
4.893548320978879929e-03
4.885335918515920639e-03
4.869445227086544037e-03
4.846013616770505905e-03
4.841305781155824661e-03
4.842387512326240540e-03
4.845219198614358902e-03
4.848485812544822693e-03
4.854321014136075974e-03
4.852614831179380417e-03
4.844871815294027328e-03
4.837966989725828171e-03
4.840872250497341156e-03
4.840846173465251923e-03
4.837619606405496597e-03
4.832829348742961884e-03
4.834427963942289352e-03
4.832751583307981491e-03
4.822068382054567337e-03
4.805826116353273392e-03
4.795235116034746170e-03
4.790777806192636490e-03
4.788873717188835144e-03
4.787324927747249603e-03
4.792497958987951279e-03
4.803602118045091629e-03
4.822241608053445816e-03
4.833426326513290405e-03
4.855639766901731491e-03
4.882132168859243393e-03
4.911534953862428665e-03
4.928849171847105026e-03
4.937120713293552399e-03
4.946787841618061066e-03
4.948433488607406616e-03
4.967289045453071594e-03
4.983888473361730576e-03
5.005906801670789719e-03
5.021832417696714401e-03
5.026229191571474075e-03
5.033537279814481735e-03
5.040592979639768600e-03
5.038437433540821075e-03
5.025015212595462799e-03
5.011443980038166046e-03
5.001135170459747314e-03
4.995802417397499084e-03
4.991027992218732834e-03
4.978168290108442307e-03
4.964921623468399048e-03
4.950484260916709900e-03
4.934947937726974487e-03
4.910627845674753189e-03
4.880696069449186325e-03
4.852820187807083130e-03
4.826288670301437378e-03
4.798814654350280762e-03
4.779096227139234543e-03
4.759951494634151459e-03
4.738525021821260452e-03
4.718811251223087311e-03
4.702777136117219925e-03
4.715343937277793884e-03
4.737573210150003433e-03
4.755367524921894073e-03
4.776905756443738937e-03
4.795272834599018097e-03
4.808470606803894043e-03
4.813159350305795670e-03
4.807584453374147415e-03
4.806411452591419220e-03
4.811787046492099762e-03
4.816902801394462585e-03
4.816676024347543716e-03
4.821217153221368790e-03
4.821237642318010330e-03
4.829288460314273834e-03
4.837340209633111954e-03
4.849122371524572372e-03
4.854158498346805573e-03
4.860924556851387024e-03
4.863838665187358856e-03
4.863310605287551880e-03
4.857022780925035477e-03
4.846576601266860962e-03
4.832294769585132599e-03
4.815821535885334015e-03
4.800795111805200577e-03
4.775862209498882294e-03
4.751899279654026031e-03
4.730643704533576965e-03
4.719815216958522797e-03
4.714887589216232300e-03
4.721743520349264145e-03
4.731499124318361282e-03
4.744220990687608719e-03
4.762492142617702484e-03
4.770753905177116394e-03
4.778352100402116776e-03
4.798578564077615738e-03
4.817800596356391907e-03
4.847047850489616394e-03
4.873451311141252518e-03
4.897095263004302979e-03
4.927725996822118759e-03
4.963040351867675781e-03
4.996825940907001495e-03
5.031917709857225418e-03
5.061116535216569901e-03
5.061469972133636475e-03
4.961812403053045273e-03
4.866409115493297577e-03
4.783839918673038483e-03
4.709960427135229111e-03
4.649128299206495285e-03
4.600731655955314636e-03
4.549482837319374084e-03
4.498473834246397018e-03
4.467983264476060867e-03
4.437194205820560455e-03
4.404862411320209503e-03
4.382060840725898743e-03
4.370259121060371399e-03
4.365093074738979340e-03
4.358415026217699051e-03
4.357028286904096603e-03
4.367015324532985687e-03
4.373027477413415909e-03
4.379340447485446930e-03
4.395243711769580841e-03
4.417700693011283875e-03
4.442078992724418640e-03
4.465744365006685257e-03
4.493152257055044174e-03
4.514971747994422913e-03
4.539031535387039185e-03
4.559366963803768158e-03
4.581668879836797714e-03
4.590805154293775558e-03
4.600779153406620026e-03
4.637570120394229889e-03
4.671131260693073273e-03
4.706160165369510651e-03
4.743174184113740921e-03
4.768043756484985352e-03
4.791590385138988495e-03
4.811311140656471252e-03
4.818310029804706573e-03
4.821137525141239166e-03
4.821701440960168839e-03
4.832960665225982666e-03
4.844995215535163879e-03
4.857728257775306702e-03
4.873916041105985641e-03
4.887463524937629700e-03
4.898672923445701599e-03
4.906602669507265091e-03
4.899999592453241348e-03
4.895955789834260941e-03
4.887252114713191986e-03
4.879352636635303497e-03
4.856161307543516159e-03
4.842692054808139801e-03
4.834761377424001694e-03
4.830670077353715897e-03
4.826948978006839752e-03
4.828299861401319504e-03
4.828474484384059906e-03
4.833467304706573486e-03
4.838031250983476639e-03
4.839495755732059479e-03
4.838809836655855179e-03
4.840342793613672256e-03
4.833208397030830383e-03
4.824977833777666092e-03
4.800982773303985596e-03
4.772886633872985840e-03
4.747898783534765244e-03
4.716862924396991730e-03
4.693875554949045181e-03
4.672604147344827652e-03
4.654068034142255783e-03
4.639350343495607376e-03
4.622355569154024124e-03
4.613125231117010117e-03
4.612393211573362350e-03
4.610550124198198318e-03
4.620688967406749725e-03
4.620406776666641235e-03
4.622436594218015671e-03
4.625520668923854828e-03
4.611531272530555725e-03
4.594579804688692093e-03
4.577940795570611954e-03
4.569630604237318039e-03
4.562590271234512329e-03
4.561176523566246033e-03
4.563556518405675888e-03
4.573741462081670761e-03
4.581697750836610794e-03
4.612460732460021973e-03
4.643489141017198563e-03
4.658736288547515869e-03
4.678172059357166290e-03
4.691064823418855667e-03
4.698287695646286011e-03
4.704165272414684296e-03
4.706259816884994507e-03
4.715377930551767349e-03
4.720205906778573990e-03
4.727964289486408234e-03
4.733420442789793015e-03
4.735410213470458984e-03
4.738364368677139282e-03
4.753392189741134644e-03
4.774632863700389862e-03
4.797379486262798309e-03
4.815822467207908630e-03
4.830773454159498215e-03
4.840612411499023438e-03
4.866774659603834152e-03
4.892611410468816757e-03
4.916929174214601517e-03
4.925522953271865845e-03
4.936148412525653839e-03
4.927754867821931839e-03
4.923878703266382217e-03
4.922662861645221710e-03
4.922374617308378220e-03
4.942821804434061050e-03
4.963366780430078506e-03
4.976869095116853714e-03
4.982623737305402756e-03
4.987808410078287125e-03
4.989657551050186157e-03
4.985841456800699234e-03
4.979566205292940140e-03
4.975521005690097809e-03
4.964225459843873978e-03
4.954284057021141052e-03
4.943760577589273453e-03
4.929416347295045853e-03
4.912436008453369141e-03
4.897502716630697250e-03
4.883453249931335449e-03
4.869883414357900620e-03
4.866189323365688324e-03
4.866071045398712158e-03
4.876469727605581284e-03
4.847196396440267563e-03
4.819319117814302444e-03
4.798633046448230743e-03
4.775448236614465714e-03
4.760108422487974167e-03
4.751637112349271774e-03
4.744721110910177231e-03
4.739871248602867126e-03
4.737265408039093018e-03
4.731987603008747101e-03
4.723710473626852036e-03
4.687476437538862228e-03
4.645510576665401459e-03
4.605462774634361267e-03
4.576096776872873306e-03
4.553315229713916779e-03
4.541092552244663239e-03
4.534212406724691391e-03
4.537703935056924820e-03
4.544034134596586227e-03
4.561751149594783783e-03
4.571402445435523987e-03
4.584297537803649902e-03
4.599547944962978363e-03
4.614702425897121429e-03
4.632736090570688248e-03
4.656194709241390228e-03
4.676143638789653778e-03
4.696411080658435822e-03
4.714837763458490372e-03
4.730554297566413879e-03
4.740837961435317993e-03
4.751185420900583267e-03
4.764304030686616898e-03
4.775193054229021072e-03
4.786906298249959946e-03
4.801761824637651443e-03
4.813951905816793442e-03
4.827893339097499847e-03
4.843879956752061844e-03
4.860769491642713547e-03
4.879483021795749664e-03
4.894718527793884277e-03
4.907775204628705978e-03
4.922865889966487885e-03
4.939188715070486069e-03
4.960724152624607086e-03
4.981270059943199158e-03
4.997792188078165054e-03
5.016614217311143875e-03
5.034262780100107193e-03
5.051050800830125809e-03
5.079206079244613647e-03
5.105850286781787872e-03
5.132697522640228271e-03
5.155612248927354813e-03
5.171473603695631027e-03
5.179478321224451065e-03
5.185953807085752487e-03
5.191062577068805695e-03
5.192758515477180481e-03
5.195349454879760742e-03
5.197163205593824387e-03
5.199453793466091156e-03
5.201613996177911758e-03
5.196505226194858551e-03
5.188536830246448517e-03
5.173800047487020493e-03
5.156532861292362213e-03
5.146071780472993851e-03
5.125164985656738281e-03
5.105458199977874756e-03
5.089183803647756577e-03
5.069050006568431854e-03
5.052152089774608612e-03
5.039340350776910782e-03
5.055800545960664749e-03
5.071280989795923233e-03
5.087105091661214828e-03
5.103990435600280762e-03
5.120304413139820099e-03
5.133562255650758743e-03
5.149427801370620728e-03
5.161624401807785034e-03
5.175421480089426041e-03
5.177937913686037064e-03
5.184649489820003510e-03
5.200559273362159729e-03
5.215309560298919678e-03
5.232133902609348297e-03
5.242204293608665466e-03
5.256705917418003082e-03
5.268366541713476181e-03
5.269089713692665100e-03
5.261380225419998169e-03
5.257117096334695816e-03
5.253450013697147369e-03
5.250334274023771286e-03
5.245363805443048477e-03
5.233850330114364624e-03
5.223771557211875916e-03
5.204529967159032822e-03
5.189814139157533646e-03
5.168994423002004623e-03
5.152783356606960297e-03
5.130261182785034180e-03
5.116485059261322021e-03
5.103332921862602234e-03
5.092121195048093796e-03
5.076721776276826859e-03
5.069866310805082321e-03
5.061758216470479965e-03
5.050309933722019196e-03
5.041344091296195984e-03
5.045490339398384094e-03
5.050450563430786133e-03
5.057279020547866821e-03
5.061958916485309601e-03
5.057005677372217178e-03
5.052504129707813263e-03
5.046746227890253067e-03
5.042597651481628418e-03
5.035471636801958084e-03
5.022654775530099869e-03
5.010361783206462860e-03
5.002135410904884338e-03
4.999391268938779831e-03
5.000802222639322281e-03
4.995682742446660995e-03
4.990921355783939362e-03
4.990152083337306976e-03
4.992101807147264481e-03
4.991021472960710526e-03
4.993219394236803055e-03
4.997227806597948074e-03
4.994454793632030487e-03
4.990381654351949692e-03
4.988332279026508331e-03
4.989512264728546143e-03
4.993392154574394226e-03
4.998036194592714310e-03
4.999261349439620972e-03
5.001742392778396606e-03
5.009882617741823196e-03
5.002690013498067856e-03
4.997255746275186539e-03
4.992011468857526779e-03
4.987594671547412872e-03
4.989359062165021896e-03
4.997386597096920013e-03
5.004384554922580719e-03
5.005588289350271225e-03
5.010074935853481293e-03
5.011046770960092545e-03
5.006218794733285904e-03
4.991227295249700546e-03
4.983173217624425888e-03
4.984499886631965637e-03
4.990082234144210815e-03
5.000917706638574600e-03
5.013580899685621262e-03
5.015949718654155731e-03
5.016792565584182739e-03
5.027672741562128067e-03
5.038745235651731491e-03
5.039393901824951172e-03
5.048288963735103607e-03
5.057604052126407623e-03
5.070155952125787735e-03
5.087235942482948303e-03
5.104171112179756165e-03
5.121596157550811768e-03
5.141092929989099503e-03
5.160874687135219574e-03
5.180382635444402695e-03
5.205560475587844849e-03
5.231858696788549423e-03
5.254695657640695572e-03
5.274991504848003387e-03
5.290084984153509140e-03
5.296169780194759369e-03
5.299478769302368164e-03
5.312299821525812149e-03
5.323219113051891327e-03
5.335174035280942917e-03
5.344833713024854660e-03
5.347872152924537659e-03
5.347863305360078812e-03
5.350493825972080231e-03
5.353016778826713562e-03
5.351639352738857269e-03
5.358643364161252975e-03
5.359943956136703491e-03
5.357179325073957443e-03
5.353727843612432480e-03
5.348854698240756989e-03
5.341209471225738525e-03
5.336623638868331909e-03
5.328771658241748810e-03
5.322746466845273972e-03
5.317746195942163467e-03
5.315651185810565948e-03
5.307645071297883987e-03
5.298046395182609558e-03
5.284676793962717056e-03
5.267452914267778397e-03
5.250032059848308563e-03
5.226304754614830017e-03
5.211486946791410446e-03
5.222889129072427750e-03
5.243707448244094849e-03
5.260427482426166534e-03
5.270774010568857193e-03
5.284534767270088196e-03
5.289507098495960236e-03
5.292094778269529343e-03
5.280013661831617355e-03
5.269755143672227859e-03
5.255731754004955292e-03
5.238045938313007355e-03
5.216842982918024063e-03
5.197457503527402878e-03
5.177187733352184296e-03
5.157188978046178818e-03
5.134311504662036896e-03
5.109434016048908234e-03
5.085732322186231613e-03
5.065077915787696838e-03
5.043405573815107346e-03
5.019626114517450333e-03
4.990792367607355118e-03
4.966430831700563431e-03
4.946358036249876022e-03
4.926792811602354050e-03
4.906446672976016998e-03
4.888674244284629822e-03
4.870760720223188400e-03
4.859567154198884964e-03
4.852127283811569214e-03
4.850434139370918274e-03
4.851276986300945282e-03
4.863020498305559158e-03
4.867590498179197311e-03
4.873029887676239014e-03
4.881737753748893738e-03
4.887068178504705429e-03
4.894447047263383865e-03
4.902085755020380020e-03
4.911146592348814011e-03
4.907419905066490173e-03
4.900550469756126404e-03
4.892740398645401001e-03
4.893194884061813354e-03
4.896679427474737167e-03
4.901200532913208008e-03
4.913127049803733826e-03
4.921184387058019638e-03
4.929495975375175476e-03
4.936977289617061615e-03
4.947996232658624649e-03
4.956124816089868546e-03
4.965038970112800598e-03
4.976936150342226028e-03
5.001698620617389679e-03
5.027855280786752701e-03
5.053237546235322952e-03
5.078440997749567032e-03
5.149820353835821152e-03
5.215900950133800507e-03
5.270434543490409851e-03
5.319423507899045944e-03
5.362950265407562256e-03
5.399116314947605133e-03
5.430544726550579071e-03
5.458106752485036850e-03
5.482357926666736603e-03
5.503777414560317993e-03
5.520340986549854279e-03
5.531916860491037369e-03
5.540657322853803635e-03
5.544333718717098236e-03
5.546240601688623428e-03
5.546655505895614624e-03
5.544817075133323669e-03
5.544058978557586670e-03
5.536509212106466293e-03
5.524195730686187744e-03
5.511964671313762665e-03
5.497554782778024673e-03
5.482636392116546631e-03
5.465726368129253387e-03
5.445482209324836731e-03
5.425828974694013596e-03
5.409766454249620438e-03
5.392901133745908737e-03
5.379274953156709671e-03
5.373246967792510986e-03
5.371911916881799698e-03
5.371844395995140076e-03
5.379498936235904694e-03
5.387714132666587830e-03
5.394965410232543945e-03
5.400363821536302567e-03
5.401703529059886932e-03
5.403985269367694855e-03
5.411531310528516769e-03
5.424374714493751526e-03
5.432955920696258545e-03
5.442070309072732925e-03
5.444990005344152451e-03
5.444613751024007797e-03
5.441666580736637115e-03
5.435054656118154526e-03
5.420416127890348434e-03
5.402154754847288132e-03
5.384163931012153625e-03
5.363260395824909210e-03
5.344280973076820374e-03
5.324641242623329163e-03
5.303651094436645508e-03
5.284305196255445480e-03
5.272995214909315109e-03
5.277002695947885513e-03
5.273351911455392838e-03
5.267163272947072983e-03
5.267162807285785675e-03
5.267261061817407608e-03
5.268123932182788849e-03
5.268575623631477356e-03
5.273332353681325912e-03
5.281314719468355179e-03
5.290555302053689957e-03
5.299058277159929276e-03
5.308699794113636017e-03
5.323008634150028229e-03
5.338303744792938232e-03
5.354501307010650635e-03
5.368656013160943985e-03
5.379849579185247421e-03
5.388600286096334457e-03
5.392158869653940201e-03
5.398964509367942810e-03
5.407467018812894821e-03
5.416501313447952271e-03
5.420910194516181946e-03
5.429687909781932831e-03
5.435443483293056488e-03
5.435344297438859940e-03
5.432733800262212753e-03
5.426329094916582108e-03
5.417145788669586182e-03
5.401907023042440414e-03
5.384230520576238632e-03
5.368284881114959717e-03
5.355610977858304977e-03
5.340756382793188095e-03
5.330241750925779343e-03
5.315059330314397812e-03
5.306510254740715027e-03
5.306779406964778900e-03
5.301968660205602646e-03
5.297893658280372620e-03
5.289221182465553284e-03
5.278120748698711395e-03
5.271195434033870697e-03
5.267420317977666855e-03
5.262189079076051712e-03
5.258544813841581345e-03
5.261162295937538147e-03
5.266127176582813263e-03
5.272776819765567780e-03
5.277841817587614059e-03
5.287660751491785049e-03
5.298441741615533829e-03
5.305840633809566498e-03
5.305463448166847229e-03
5.300492048263549805e-03
5.299972835928201675e-03
5.300702061504125595e-03
5.308744497597217560e-03
5.326206795871257782e-03
5.338738672435283661e-03
5.347450263798236847e-03
5.357786081731319427e-03
5.364769138395786285e-03
5.367924459278583527e-03
5.376087035983800888e-03
5.382787436246871948e-03
5.387963261455297470e-03
5.392040126025676727e-03
5.397914908826351166e-03
5.400599911808967590e-03
5.401641596108675003e-03
5.390622187405824661e-03
5.378870759159326553e-03
5.362976808100938797e-03
5.346216261386871338e-03
5.332857370376586914e-03
5.308155436068773270e-03
5.281833466142416000e-03
5.240974947810173035e-03
5.201118998229503632e-03
5.168246570974588394e-03
5.140503402799367905e-03
5.115570500493049622e-03
5.096579901874065399e-03
5.079347174614667892e-03
5.066314246505498886e-03
5.052792839705944061e-03
5.030602682381868362e-03
5.014031194150447845e-03
5.001254379749298096e-03
4.989173728972673416e-03
4.999934695661067963e-03
5.010853055864572525e-03
5.017171148210763931e-03
5.013776477426290512e-03
5.008629057556390762e-03
5.005142185837030411e-03
5.006389692425727844e-03
5.008479114621877670e-03
5.009639076888561249e-03
5.008360836654901505e-03
5.011198110878467560e-03
5.010155029594898224e-03
5.004777107387781143e-03
5.001408979296684265e-03
5.000918637961149216e-03
4.998686257749795914e-03
4.995767027139663696e-03
4.988736938685178757e-03
4.978328477591276169e-03
4.944904707372188568e-03
4.911495838314294815e-03
4.879340063780546188e-03
4.855060484260320663e-03
4.838745575398206711e-03
4.833808634430170059e-03
4.834127146750688553e-03
4.834662191569805145e-03
4.830033984035253525e-03
4.827689845114946365e-03
4.822521936148405075e-03
4.814303945749998093e-03
4.808097146451473236e-03
4.810791928321123123e-03
4.811815917491912842e-03
4.806389566510915756e-03
4.797112662345170975e-03
4.784422926604747772e-03
4.772845190018415451e-03
4.767463542520999908e-03
4.760714247822761536e-03
4.754071589559316635e-03
4.753141198307275772e-03
4.754524212330579758e-03
4.755287431180477142e-03
4.760097246617078781e-03
4.763490520417690277e-03
4.766096360981464386e-03
4.769423510879278183e-03
4.773329012095928192e-03
4.778860602527856827e-03
4.784314427524805069e-03
4.787242040038108826e-03
4.792886320501565933e-03
4.799902904778718948e-03
4.807943012565374374e-03
4.811465740203857422e-03
4.817087203264236450e-03
4.824632313102483749e-03
4.834419582039117813e-03
4.843093920499086380e-03
4.847892560064792633e-03
4.851110745221376419e-03
4.854179918766021729e-03
4.858064930886030197e-03
4.859917797148227692e-03
4.859381355345249176e-03
4.861425608396530151e-03
4.863719455897808075e-03
4.862790927290916443e-03
4.860234912484884262e-03
4.860867280513048172e-03
4.857019521296024323e-03
4.853097721934318542e-03
4.848195239901542664e-03
4.847992211580276489e-03
4.842697642743587494e-03
4.834308754652738571e-03
4.829854238778352737e-03
4.830881953239440918e-03
4.827948287129402161e-03
4.825903102755546570e-03
4.828792996704578400e-03
4.830177873373031616e-03
4.836774896830320358e-03
4.847459029406309128e-03
4.859936423599720001e-03
4.870618227869272232e-03
4.880316089838743210e-03
4.896867554634809494e-03
4.913326818495988846e-03
4.930657334625720978e-03
4.952711053192615509e-03
4.967691376805305481e-03
4.976890049874782562e-03
4.991482943296432495e-03
5.006075371056795120e-03
5.026405677199363708e-03
5.043789278715848923e-03
5.057819653302431107e-03
5.069778300821781158e-03
5.079027730971574783e-03
5.087193567305803299e-03
5.090422928333282471e-03
5.097381770610809326e-03
5.101768765598535538e-03
5.108556710183620453e-03
5.113258957862854004e-03
5.114913918077945709e-03
5.107984878122806549e-03
5.100623238831758499e-03
5.098024848848581314e-03
5.091411992907524109e-03
5.084917880594730377e-03
5.078680347651243210e-03
5.072287749499082565e-03
5.062806420028209686e-03
5.063705146312713623e-03
5.059550050646066666e-03
5.054568406194448471e-03
5.052918102592229843e-03
5.052765365689992905e-03
5.056685768067836761e-03
5.067449528723955154e-03
5.077699664980173111e-03
5.090889986604452133e-03
5.107168573886156082e-03
5.127904471009969711e-03
5.148062482476234436e-03
5.169387441128492355e-03
5.195841193199157715e-03
5.228070076555013657e-03
5.259659141302108765e-03
5.293454043567180634e-03
5.327157676219940186e-03
5.358112975955009460e-03
5.388943012803792953e-03
5.417990498244762421e-03
5.443118512630462646e-03
5.463831126689910889e-03
5.486233159899711609e-03
5.504062399268150330e-03
5.516803357750177383e-03
5.527111701667308807e-03
5.534961819648742676e-03
5.537830758839845657e-03
5.540492944419384003e-03
5.539500620216131210e-03
5.532325711101293564e-03
5.523638799786567688e-03
5.512060131877660751e-03
5.498830694705247879e-03
5.488617345690727234e-03
5.483038723468780518e-03
5.476311314851045609e-03
5.471568088978528976e-03
5.466126836836338043e-03
5.463280715048313141e-03
5.459272768348455429e-03
5.454527214169502258e-03
5.446914583444595337e-03
5.440508946776390076e-03
5.432549398392438889e-03
5.427238997071981430e-03
5.429734475910663605e-03
5.423210561275482178e-03
5.421034060418605804e-03
5.415781866759061813e-03
5.412705242633819580e-03
5.406573414802551270e-03
5.392589606344699860e-03
5.368491634726524353e-03
5.346660967916250229e-03
5.325188394635915756e-03
5.310379434376955032e-03
5.296857561916112900e-03
5.286044441163539886e-03
5.278110038489103317e-03
5.270077381283044815e-03
5.272702313959598541e-03
5.271557252854108810e-03
5.273069255053997040e-03
5.272442940622568130e-03
5.270877853035926819e-03
5.254081916064023972e-03
5.233000498265028000e-03
5.216850899159908295e-03
5.201478488743305206e-03
5.193834658712148666e-03
5.185891408473253250e-03
5.173420533537864685e-03
5.162348970770835876e-03
5.125098861753940582e-03
5.087647121399641037e-03
5.059367977082729340e-03
5.038137082010507584e-03
5.026023369282484055e-03
5.016011651605367661e-03
5.003999918699264526e-03
4.998870659619569778e-03
4.993387032300233841e-03
4.987081978470087051e-03
4.981867503374814987e-03
4.977516364306211472e-03
4.973223898559808731e-03
4.969974048435688019e-03
4.973092582076787949e-03
4.978856071829795837e-03
4.984061699360609055e-03
4.987722728401422501e-03
4.997763782739639282e-03
5.007114727050065994e-03
5.012393463402986526e-03
5.022848490625619888e-03
5.030795466154813766e-03
5.039724055677652359e-03
5.041340831667184830e-03
5.038165487349033356e-03
5.031498614698648453e-03
5.022246856242418289e-03
5.012740846723318100e-03
5.003793630748987198e-03
4.997842013835906982e-03
4.995504394173622131e-03
4.992769565433263779e-03
4.987142980098724365e-03
4.982759710401296616e-03
4.982706159353256226e-03
4.985671956092119217e-03
4.983574151992797852e-03
4.981213714927434921e-03
4.981666803359985352e-03
4.981653299182653427e-03
4.993882495909929276e-03
5.010641645640134811e-03
5.032171960920095444e-03
5.049396306276321411e-03
5.063639953732490540e-03
5.079113412648439407e-03
5.093776155263185501e-03
5.107031669467687607e-03
5.119580309838056564e-03
5.133572500199079514e-03
5.145239643752574921e-03
5.155337043106555939e-03
5.167301744222640991e-03
5.178050603717565536e-03
5.190434399992227554e-03
5.198542959988117218e-03
5.208615213632583618e-03
5.205181892961263657e-03
5.199259147047996521e-03
5.191045347601175308e-03
5.179498810321092606e-03
5.167209077626466751e-03
5.156137514859437943e-03
5.145308561623096466e-03
5.136072169989347458e-03
5.127468146383762360e-03
5.117530003190040588e-03
5.105096846818923950e-03
5.093846935778856277e-03
5.083351396024227142e-03
5.074344575405120850e-03
5.058535840362310410e-03
5.038496106863021851e-03
5.015913862735033035e-03
4.995359573513269424e-03
4.977740813046693802e-03
4.966374952346086502e-03
4.957165569067001343e-03
4.948105663061141968e-03
4.942979663610458374e-03
4.941441584378480911e-03
4.943670239299535751e-03
4.945078864693641663e-03
4.952503833919763565e-03
4.961649887263774872e-03
4.967533517628908157e-03
4.976075142621994019e-03
4.983351565897464752e-03
4.989868029952049255e-03
4.994490649551153183e-03
4.996310919523239136e-03
4.996989853680133820e-03
5.000665318220853806e-03
4.998110234737396240e-03
4.993384238332509995e-03
4.989210981875658035e-03
4.985112696886062622e-03
4.980291239917278290e-03
4.977794829756021500e-03
4.974889103323221207e-03
4.971410147845745087e-03
4.963773768395185471e-03
4.956281743943691254e-03
4.949181340634822845e-03
4.940401297062635422e-03
4.967998247593641281e-03
4.989814013242721558e-03
5.011595785617828369e-03
5.027360282838344574e-03
5.035000387579202652e-03
5.040670279413461685e-03
5.052604712545871735e-03
5.068301688879728317e-03
5.084272008389234543e-03
5.104860756546258926e-03
5.124111659824848175e-03
5.138129927217960358e-03
5.151010584086179733e-03
5.164645146578550339e-03
5.179922096431255341e-03
5.192042794078588486e-03
5.202711094170808792e-03
5.211750976741313934e-03
5.215293727815151215e-03
5.220765713602304459e-03
5.224367603659629822e-03
5.228155758231878281e-03
5.230802576988935471e-03
5.234390497207641602e-03
5.236131139099597931e-03
5.233978852629661560e-03
5.232452414929866791e-03
5.233914591372013092e-03
5.235551390796899796e-03
5.233719013631343842e-03
5.229536443948745728e-03
5.226580891758203506e-03
5.218533333390951157e-03
5.209680180996656418e-03
5.200085230171680450e-03
5.186930764466524124e-03
5.172374658286571503e-03
5.156662315130233765e-03
5.139228887856006622e-03
5.122161470353603363e-03
5.108404438942670822e-03
5.098168738186359406e-03
5.089705809950828552e-03
5.084028933197259903e-03
5.076406057924032211e-03
5.071170628070831299e-03
5.065137986093759537e-03
5.059925839304924011e-03
5.058805923908948898e-03
5.065421573817729950e-03
5.072088912129402161e-03
5.084159784018993378e-03
5.095998290926218033e-03
5.106980912387371063e-03
5.116238724440336227e-03
5.122309084981679916e-03
5.135044455528259277e-03
5.143375135958194733e-03
5.150799639523029327e-03
5.156026687473058701e-03
5.161124281585216522e-03
5.170877557247877121e-03
5.179685074836015701e-03
5.185471381992101669e-03
5.190565716475248337e-03
5.189695395529270172e-03
5.186819937080144882e-03
5.183287896215915680e-03
5.180248059332370758e-03
5.178596824407577515e-03
5.173754878342151642e-03
5.169567186385393143e-03
5.166240967810153961e-03
5.167180206626653671e-03
5.167436320334672928e-03
5.156984087079763412e-03
5.149169359356164932e-03
5.143788177520036697e-03
5.137871019542217255e-03
5.132400430738925934e-03
5.125005729496479034e-03
5.114577244967222214e-03
5.104223731905221939e-03
5.097342655062675476e-03
5.093703977763652802e-03
5.088184494525194168e-03
5.085304379463195801e-03
5.088245961815118790e-03
5.091064143925905228e-03
5.096277222037315369e-03
5.100398324429988861e-03
5.103806033730506897e-03
5.108415149152278900e-03
5.113280378282070160e-03
5.115821491926908493e-03
5.116401240229606628e-03
5.116019397974014282e-03
5.115872714668512344e-03
5.113729741424322128e-03
5.107936449348926544e-03
5.103603005409240723e-03
5.099588539451360703e-03
5.093177314847707748e-03
5.084062926471233368e-03
5.078740417957305908e-03
5.073860753327608109e-03
5.069354083389043808e-03
5.067357327789068222e-03
5.063594318926334381e-03
5.058832466602325439e-03
5.056702066212892532e-03
5.054211243987083435e-03
5.051769781857728958e-03
5.050203762948513031e-03
5.047923885285854340e-03
5.040423944592475891e-03
5.032547749578952789e-03
5.023782607167959213e-03
5.012065172195434570e-03
5.001568235456943512e-03
4.990359302610158920e-03
4.981052596122026443e-03
4.974493291229009628e-03
4.971034359186887741e-03
4.969403147697448730e-03
4.969767760485410690e-03
4.971666261553764343e-03
4.973163362592458725e-03
4.968658089637756348e-03
4.965140018612146378e-03
4.961142316460609436e-03
4.955811891704797745e-03
4.947837442159652710e-03
4.938599653542041779e-03
4.928352311253547668e-03
4.919624887406826019e-03
4.901475273072719574e-03
4.887002985924482346e-03
4.874323029071092606e-03
4.867129493504762650e-03
4.857103805989027023e-03
4.847712349146604538e-03
4.847635980695486069e-03
4.850743804126977921e-03
4.855647683143615723e-03
4.863375797867774963e-03
4.871592856943607330e-03
4.885218571871519089e-03
4.900708794593811035e-03
4.914610181003808975e-03
4.930498544126749039e-03
4.947612993419170380e-03
4.966891836374998093e-03
4.985758103430271149e-03
5.003322847187519073e-03
5.017804913222789764e-03
5.029380787163972855e-03
5.040399730205535889e-03
5.050124600529670715e-03
5.057235714048147202e-03
5.064509343355894089e-03
5.069970153272151947e-03
5.078578367829322815e-03
5.087643396109342575e-03
5.095887929201126099e-03
5.104585550725460052e-03
5.113864783197641373e-03
5.123530048877000809e-03
5.128124263137578964e-03
5.134044215083122253e-03
5.139423999935388565e-03
5.145228002220392227e-03
5.153319798409938812e-03
5.157020408660173416e-03
5.161215551197528839e-03
5.162040237337350845e-03
5.164389498531818390e-03
5.167327355593442917e-03
5.168168805539608002e-03
5.171401891857385635e-03
5.174674093723297119e-03
5.180517677217721939e-03
5.187699105590581894e-03
5.193910095840692520e-03
5.201004445552825928e-03
5.205471068620681763e-03
5.206135101616382599e-03
