6.033095344901084900e-02
6.033095344901084900e-02
5.917275696992874146e-02
5.808841809630393982e-02
5.686481669545173645e-02
5.554679408669471741e-02
5.436284467577934265e-02
5.338308215141296387e-02
5.346526205539703369e-02
5.356747657060623169e-02
5.363306030631065369e-02
5.369598418474197388e-02
5.374694615602493286e-02
5.379211902618408203e-02
5.383289232850074768e-02
5.388173833489418030e-02
5.393433570861816406e-02
5.400298535823822021e-02
5.407781153917312622e-02
5.413574725389480591e-02
5.421779677271842957e-02
5.432758480310440063e-02
5.438417196273803711e-02
5.443290248513221741e-02
5.453779920935630798e-02
5.467228591442108154e-02
5.481387302279472351e-02
5.491356179118156433e-02
5.500617250800132751e-02
5.504212900996208191e-02
5.511552095413208008e-02
5.518399924039840698e-02
5.524179339408874512e-02
5.523967742919921875e-02
5.527667701244354248e-02
5.526754260063171387e-02
5.524679273366928101e-02
5.510871112346649170e-02
5.500182136893272400e-02
5.500590056180953979e-02
5.493817478418350220e-02
5.491391196846961975e-02
5.491567775607109070e-02
5.493135005235671997e-02
5.497394874691963196e-02
5.501298978924751282e-02
5.503446608781814575e-02
5.511853471398353577e-02
5.521711707115173340e-02
5.534495785832405090e-02
5.541827157139778137e-02
5.545729026198387146e-02
5.546076968312263489e-02
5.547169968485832214e-02
5.551592260599136353e-02
5.557430535554885864e-02
5.563184246420860291e-02
5.564171448349952698e-02
5.564031749963760376e-02
5.562017112970352173e-02
5.560349300503730774e-02
5.560496821999549866e-02
5.555231496691703796e-02
5.550789833068847656e-02
5.543546006083488464e-02
5.538904666900634766e-02
5.526322498917579651e-02
5.510510504245758057e-02
5.500127375125885010e-02
5.488311871886253357e-02
5.486024916172027588e-02
5.483165010809898376e-02
5.481525138020515442e-02
5.478942394256591797e-02
5.476951226592063904e-02
5.478283390402793884e-02
5.480885133147239685e-02
5.478959158062934875e-02
5.477776378393173218e-02
5.477698519825935364e-02
5.488971993327140808e-02
5.504672974348068237e-02
5.515030771493911743e-02
5.515926703810691833e-02
5.521919578313827515e-02
5.530507862567901611e-02
5.540702864527702332e-02
5.552379041910171509e-02
5.560543388128280640e-02
5.565970018506050110e-02
5.570396780967712402e-02
5.576546490192413330e-02
5.583441630005836487e-02
5.585600808262825012e-02
5.595193058252334595e-02
5.603487044572830200e-02
5.608876049518585205e-02
5.611093342304229736e-02
5.596238374710083008e-02
5.584185197949409485e-02
5.579026415944099426e-02
5.573544278740882874e-02
5.569383502006530762e-02
5.565359070897102356e-02
5.561137571930885315e-02
5.562376976013183594e-02
5.559505522251129150e-02
5.560394749045372009e-02
5.557376518845558167e-02
5.562756955623626709e-02
5.576799437403678894e-02
5.602339655160903931e-02
5.626922100782394409e-02
5.651426687836647034e-02
5.668262764811515808e-02
5.671391636133193970e-02
5.664195120334625244e-02
5.661759153008460999e-02
5.658334121108055115e-02
5.657296255230903625e-02
5.658440291881561279e-02
5.652732774615287781e-02
5.651459470391273499e-02
5.659667775034904480e-02
5.664627626538276672e-02
5.661891028285026550e-02
5.654545873403549194e-02
5.648427456617355347e-02
5.641706287860870361e-02
5.641602352261543274e-02
5.641193687915802002e-02
5.647234618663787842e-02
5.660047754645347595e-02
5.674422159790992737e-02
5.682875588536262512e-02
5.692233517765998840e-02
5.704620108008384705e-02
5.717008560895919800e-02
5.719769373536109924e-02
5.723575502634048462e-02
5.728223547339439392e-02
5.737229436635971069e-02
5.748987570405006409e-02
5.760336294770240784e-02
5.785388126969337463e-02
5.798293650150299072e-02
5.814784392714500427e-02
5.834115669131278992e-02
5.858310312032699585e-02
5.883351340889930725e-02
5.911254137754440308e-02
5.934292078018188477e-02
5.958261340856552124e-02
5.969546735286712646e-02
5.972037836909294128e-02
5.975336953997612000e-02
5.980951711535453796e-02
5.985635146498680115e-02
5.998670682311058044e-02
6.010822951793670654e-02
6.029949709773063660e-02
6.043805181980133057e-02
6.060431525111198425e-02
6.072879210114479065e-02
6.093237176537513733e-02
6.109200417995452881e-02
6.117771193385124207e-02
6.129019707441329956e-02
6.145679578185081482e-02
6.201462820172309875e-02
6.254356354475021362e-02
6.305613368749618530e-02
6.352076679468154907e-02
6.401109695434570312e-02
6.449432671070098877e-02
6.494989991188049316e-02
6.542501598596572876e-02
6.584265083074569702e-02
6.619399785995483398e-02
6.645221263170242310e-02
6.675536930561065674e-02
6.699339300394058228e-02
6.725241988897323608e-02
6.748788803815841675e-02
6.771156936883926392e-02
6.796145439147949219e-02
6.808534264564514160e-02
6.810009479522705078e-02
6.811792403459548950e-02
6.819662451744079590e-02
6.820716708898544312e-02
6.820172071456909180e-02
6.813275814056396484e-02
6.808991730213165283e-02
6.803792715072631836e-02
6.800520420074462891e-02
6.798788905143737793e-02
6.799334287643432617e-02
6.804334372282028198e-02
6.814335286617279053e-02
6.818138808012008667e-02
6.819465756416320801e-02
6.825228035449981689e-02
6.832110136747360229e-02
6.844317913055419922e-02
6.854343414306640625e-02
6.865189969539642334e-02
6.870973110198974609e-02
6.871683150529861450e-02
6.874156743288040161e-02
6.874594092369079590e-02
6.866329908370971680e-02
6.854886561632156372e-02
6.842539459466934204e-02
6.832070648670196533e-02
6.818585842847824097e-02
6.804887205362319946e-02
6.798291206359863281e-02
6.790983676910400391e-02
6.784452497959136963e-02
6.775619089603424072e-02
6.748681515455245972e-02
6.723964214324951172e-02
6.703092902898788452e-02
6.684918701648712158e-02
6.666599214076995850e-02
6.650889664888381958e-02
6.639045476913452148e-02
6.625205278396606445e-02
6.621985882520675659e-02
6.616193056106567383e-02
6.608072668313980103e-02
6.603132188320159912e-02
6.598530709743499756e-02
6.598933786153793335e-02
6.601950526237487793e-02
6.601301580667495728e-02
6.597342342138290405e-02
6.592310220003128052e-02
6.595053523778915405e-02
6.601755321025848389e-02
6.605651974678039551e-02
6.608511507511138916e-02
6.617332249879837036e-02
6.628631800413131714e-02
6.636798381805419922e-02
6.643278151750564575e-02
6.650156527757644653e-02
6.655962020158767700e-02
6.658641248941421509e-02
6.663287431001663208e-02
6.670501828193664551e-02
6.680463999509811401e-02
6.691917032003402710e-02
6.698770821094512939e-02
6.710086017847061157e-02
6.729290634393692017e-02
6.746134161949157715e-02
6.767201423645019531e-02
6.782283633947372437e-02
6.799399107694625854e-02
6.813073903322219849e-02
6.828231364488601685e-02
6.831818073987960815e-02
6.836909800767898560e-02
6.844219565391540527e-02
6.846825033426284790e-02
6.854011863470077515e-02
6.854303926229476929e-02
6.858809292316436768e-02
6.862921267747879028e-02
6.863975524902343750e-02
6.860820949077606201e-02
6.866863369941711426e-02
6.868588924407958984e-02
6.874290108680725098e-02
6.889907270669937134e-02
6.908316910266876221e-02
6.913428753614425659e-02
6.915939599275588989e-02
6.924102455377578735e-02
6.932742148637771606e-02
6.943234056234359741e-02
6.955991685390472412e-02
6.966145336627960205e-02
6.984274089336395264e-02
6.993827968835830688e-02
7.000747323036193848e-02
7.001347839832305908e-02
6.999124586582183838e-02
6.997036933898925781e-02
7.000071555376052856e-02
7.002462446689605713e-02
7.013060897588729858e-02
7.025875151157379150e-02
7.046258449554443359e-02
7.063663005828857422e-02
7.073583453893661499e-02
7.078989595174789429e-02
7.080807536840438843e-02
7.083387672901153564e-02
7.079546153545379639e-02
7.068655639886856079e-02
7.058509439229965210e-02
7.046928256750106812e-02
7.033885270357131958e-02
7.031974196434020996e-02
7.030355930328369141e-02
7.030873000621795654e-02
7.031626999378204346e-02
7.028346508741378784e-02
7.030289620161056519e-02
7.038836181163787842e-02
7.042918354272842407e-02
7.052432745695114136e-02
7.057785987854003906e-02
7.060724496841430664e-02
7.060173898935317993e-02
7.060173898935317993e-02
7.060173898935317993e-02
7.054381817579269409e-02
7.042687386274337769e-02
7.029693573713302612e-02
7.021322101354598999e-02
7.008589804172515869e-02
7.000551372766494751e-02
6.991551816463470459e-02
6.979786604642868042e-02
6.980224698781967163e-02
6.983868777751922607e-02
6.985286623239517212e-02
6.989281624555587769e-02
6.992166489362716675e-02
6.996394693851470947e-02
6.991776078939437866e-02
6.990376859903335571e-02
6.984587013721466064e-02
6.979983299970626831e-02
6.974904239177703857e-02
6.984533369541168213e-02
6.995327770709991455e-02
7.006250321865081787e-02
7.021968066692352295e-02
7.032654434442520142e-02
7.036606967449188232e-02
7.038258761167526245e-02
7.041916251182556152e-02
7.045389711856842041e-02
7.048102468252182007e-02
7.048206031322479248e-02
7.045578956604003906e-02
7.040948420763015747e-02
7.037442177534103394e-02
7.031908631324768066e-02
7.033210247755050659e-02
7.034606486558914185e-02
7.033473998308181763e-02
7.016345113515853882e-02
6.999089568853378296e-02
6.980428099632263184e-02
6.963030248880386353e-02
6.950314342975616455e-02
6.935008615255355835e-02
6.935278326272964478e-02
6.942176073789596558e-02
6.947608292102813721e-02
6.954168528318405151e-02
6.958118081092834473e-02
6.959284842014312744e-02
6.962212920188903809e-02
6.967659294605255127e-02
6.977681070566177368e-02
6.986168026924133301e-02
6.992513686418533325e-02
7.005726546049118042e-02
7.010492682456970215e-02
7.018981128931045532e-02
7.025977224111557007e-02
7.027307152748107910e-02
7.029347866773605347e-02
7.027503848075866699e-02
7.029303908348083496e-02
7.029259949922561646e-02
7.026918232440948486e-02
7.020555436611175537e-02
7.019110023975372314e-02
7.014100253582000732e-02
7.021496444940567017e-02
7.022886723279953003e-02
7.023507356643676758e-02
7.027801126241683960e-02
7.028160989284515381e-02
7.027459144592285156e-02
7.030130177736282349e-02
7.032927870750427246e-02
7.042323052883148193e-02
7.049915939569473267e-02
7.050172984600067139e-02
7.059799879789352417e-02
7.057700306177139282e-02
7.058381289243698120e-02
7.053127884864807129e-02
7.048352062702178955e-02
7.041237503290176392e-02
7.025063037872314453e-02
7.002877444028854370e-02
6.984314322471618652e-02
6.968863308429718018e-02
6.955488771200180054e-02
6.943962723016738892e-02
6.943207234144210815e-02
6.940827518701553345e-02
6.941293925046920776e-02
6.936386227607727051e-02
6.929793953895568848e-02
6.922142207622528076e-02
6.905157119035720825e-02
6.888677179813385010e-02
6.873765587806701660e-02
6.862276047468185425e-02
6.849415600299835205e-02
6.837877631187438965e-02
6.830336153507232666e-02
6.837913393974304199e-02
6.844762712717056274e-02
6.850183755159378052e-02
6.856805086135864258e-02
6.861793249845504761e-02
6.866330653429031372e-02
6.862787902355194092e-02
6.865078955888748169e-02
6.870640069246292114e-02
6.873682141304016113e-02
6.885346770286560059e-02
6.901577115058898926e-02
6.919600814580917358e-02
6.937693059444427490e-02
6.953051686286926270e-02
6.965668499469757080e-02
6.976941972970962524e-02
6.986700743436813354e-02
6.995394080877304077e-02
7.005182653665542603e-02
7.017393410205841064e-02
7.029309123754501343e-02
7.038849592208862305e-02
7.046063244342803955e-02
7.050310075283050537e-02
7.055050879716873169e-02
7.052942365407943726e-02
7.054381817579269409e-02
7.061698287725448608e-02
7.069887220859527588e-02
7.069046795368194580e-02
7.057619094848632812e-02
7.037212699651718140e-02
7.014847546815872192e-02
6.994099169969558716e-02
6.977175176143646240e-02
6.952127069234848022e-02
6.925280392169952393e-02
6.896040588617324829e-02
6.867830455303192139e-02
6.836438179016113281e-02
6.810187548398971558e-02
6.792559474706649780e-02
6.776929646730422974e-02
6.760934740304946899e-02
6.748976558446884155e-02
6.728375703096389771e-02
6.716818362474441528e-02
6.713251024484634399e-02
6.715030968189239502e-02
6.718316674232482910e-02
6.724308431148529053e-02
6.724987179040908813e-02
6.727620214223861694e-02
6.727083027362823486e-02
6.733937561511993408e-02
6.736841797828674316e-02
6.742193549871444702e-02
6.747996807098388672e-02
6.762886047363281250e-02
6.782646477222442627e-02
6.807684898376464844e-02
6.837622821331024170e-02
6.863448023796081543e-02
6.877892464399337769e-02
6.882356107234954834e-02
6.883259862661361694e-02
6.880926340818405151e-02
6.881812959909439087e-02
6.878072768449783325e-02
6.873776763677597046e-02
6.874245405197143555e-02
6.867499649524688721e-02
6.854796409606933594e-02
6.840307265520095825e-02
6.818622350692749023e-02
6.803043931722640991e-02
6.781162321567535400e-02
6.760942935943603516e-02
6.749370694160461426e-02
6.740972399711608887e-02
6.729651987552642822e-02
6.727756559848785400e-02
6.732572615146636963e-02
6.738942116498947144e-02
6.739664822816848755e-02
6.741937994956970215e-02
6.745078414678573608e-02
6.745418161153793335e-02
6.740003079175949097e-02
6.738314777612686157e-02
6.729221343994140625e-02
6.723808497190475464e-02
6.718396395444869995e-02
6.717302650213241577e-02
6.723755598068237305e-02
6.729910522699356079e-02
6.740570813417434692e-02
6.753004342317581177e-02
6.768049299716949463e-02
6.776258349418640137e-02
6.790295243263244629e-02
6.816974282264709473e-02
6.841791421175003052e-02
6.861031800508499146e-02
6.876763701438903809e-02
6.887489557266235352e-02
6.895148754119873047e-02
6.907121837139129639e-02
6.922225654125213623e-02
6.934840232133865356e-02
6.952065974473953247e-02
6.969060748815536499e-02
6.983347237110137939e-02
6.998685002326965332e-02
7.013382762670516968e-02
7.024279236793518066e-02
7.034751027822494507e-02
7.039091736078262329e-02
7.023677974939346313e-02
7.013702392578125000e-02
7.006687670946121216e-02
6.997402012348175049e-02
6.984910368919372559e-02
6.968719512224197388e-02
6.958379596471786499e-02
6.943770498037338257e-02
6.925962865352630615e-02
6.885927915573120117e-02
6.851596385240554810e-02
6.814891844987869263e-02
6.781817972660064697e-02
6.756611168384552002e-02
6.742365658283233643e-02
6.731138378381729126e-02
6.719665229320526123e-02
6.707351654767990112e-02
6.701917946338653564e-02
6.696818023920059204e-02
6.698910146951675415e-02
6.705768406391143799e-02
6.712811440229415894e-02
6.725287437438964844e-02
6.735192239284515381e-02
6.754047423601150513e-02
6.775158643722534180e-02
6.795418262481689453e-02
6.818257272243499756e-02
6.835392117500305176e-02
6.852913647890090942e-02
6.871385127305984497e-02
6.890507042407989502e-02
6.903291493654251099e-02
6.914271414279937744e-02
6.927308440208435059e-02
6.938352435827255249e-02
6.948322802782058716e-02
6.960538029670715332e-02
6.972504407167434692e-02
6.986086815595626831e-02
6.994074583053588867e-02
6.999874860048294067e-02
7.000737637281417847e-02
7.002623379230499268e-02
7.014489918947219849e-02
7.026953250169754028e-02
7.033646851778030396e-02
7.026150077581405640e-02
7.022332400083541870e-02
7.011993974447250366e-02
6.994231790304183960e-02
6.977580487728118896e-02
6.961101293563842773e-02
6.944540888071060181e-02
6.928376853466033936e-02
6.918518990278244019e-02
6.915562599897384644e-02
6.912165880203247070e-02
6.907846778631210327e-02
6.910905241966247559e-02
6.918719410896301270e-02
6.925506889820098877e-02
6.927976757287979126e-02
6.922153383493423462e-02
6.917068362236022949e-02
6.908456236124038696e-02
6.900339573621749878e-02
6.893026828765869141e-02
6.882410496473312378e-02
6.865109503269195557e-02
6.853310763835906982e-02
6.848468631505966187e-02
6.845090538263320923e-02
6.842524558305740356e-02
6.846493482589721680e-02
6.848708540201187134e-02
6.856580823659896851e-02
6.855766475200653076e-02
6.861380487680435181e-02
6.863763928413391113e-02
6.864959001541137695e-02
6.872078776359558105e-02
6.878861784934997559e-02
6.885069608688354492e-02
6.898962706327438354e-02
6.913850456476211548e-02
6.932673603296279907e-02
6.941324472427368164e-02
6.945402175188064575e-02
6.949951499700546265e-02
6.953231245279312134e-02
6.958981603384017944e-02
6.967886537313461304e-02
6.971303373575210571e-02
6.978242844343185425e-02
6.986040621995925903e-02
6.992585957050323486e-02
6.993190199136734009e-02
6.993049383163452148e-02
7.009520381689071655e-02
7.023384422063827515e-02
7.035792618989944458e-02
7.046360522508621216e-02
7.054089754819869995e-02
7.055578380823135376e-02
7.060590386390686035e-02
7.065071165561676025e-02
7.062616199254989624e-02
7.057104259729385376e-02
7.046892493963241577e-02
7.034529000520706177e-02
7.022857666015625000e-02
7.010313868522644043e-02
6.997882574796676636e-02
6.984931230545043945e-02
6.969994306564331055e-02
6.955253332853317261e-02
6.940214335918426514e-02
6.920630484819412231e-02
6.900157779455184937e-02
6.881754100322723389e-02
6.863438338041305542e-02
6.844945251941680908e-02
6.830703467130661011e-02
6.813029199838638306e-02
6.798234581947326660e-02
6.791257858276367188e-02
6.786271929740905762e-02
6.781727820634841919e-02
6.781966984272003174e-02
6.783527135848999023e-02
6.789003312587738037e-02
6.798470765352249146e-02
6.807558983564376831e-02
6.812985241413116455e-02
6.816799938678741455e-02
6.815796345472335815e-02
6.801547110080718994e-02
6.790612637996673584e-02
6.769724190235137939e-02
6.758822500705718994e-02
6.751024723052978516e-02
6.749761104583740234e-02
6.749176979064941406e-02
6.748514622449874878e-02
6.747738271951675415e-02
6.752592325210571289e-02
6.756880134344100952e-02
6.764817982912063599e-02
6.767845153808593750e-02
6.772792339324951172e-02
6.781060993671417236e-02
6.785359233617782593e-02
6.794982403516769409e-02
6.804452091455459595e-02
6.816905736923217773e-02
6.819844245910644531e-02
6.819996237754821777e-02
6.822265684604644775e-02
6.828161329030990601e-02
6.830175966024398804e-02
6.836189329624176025e-02
6.844139099121093750e-02
6.851698458194732666e-02
6.858002394437789917e-02
6.855963915586471558e-02
6.853108853101730347e-02
6.847736984491348267e-02
6.843492388725280762e-02
6.840348988771438599e-02
6.842387467622756958e-02
6.843509525060653687e-02
6.847273558378219604e-02
6.848604977130889893e-02
6.846132874488830566e-02
6.844731420278549194e-02
6.843301653861999512e-02
6.836401671171188354e-02
6.834372133016586304e-02
6.837349385023117065e-02
6.838345527648925781e-02
6.838563829660415649e-02
6.839205324649810791e-02
6.837476044893264771e-02
6.835355609655380249e-02
6.829629093408584595e-02
6.828183680772781372e-02
6.828629225492477417e-02
6.832001358270645142e-02
6.816393882036209106e-02
6.805915385484695435e-02
6.799664348363876343e-02
6.801763921976089478e-02
6.809188425540924072e-02
6.815482676029205322e-02
6.822296977043151855e-02
6.826584041118621826e-02
6.829620897769927979e-02
6.829962879419326782e-02
6.826608628034591675e-02
6.827908754348754883e-02
6.828566640615463257e-02
6.802309304475784302e-02
6.779346615076065063e-02
6.764027476310729980e-02
6.750906258821487427e-02
6.744051724672317505e-02
6.740602850914001465e-02
6.737565249204635620e-02
6.735354661941528320e-02
6.730153411626815796e-02
6.729085743427276611e-02
6.734409183263778687e-02
6.736566871404647827e-02
6.734637171030044556e-02
6.729918718338012695e-02
6.724850833415985107e-02
6.720118224620819092e-02
6.718330830335617065e-02
6.720208376646041870e-02
6.720434129238128662e-02
6.722260266542434692e-02
6.732465326786041260e-02
6.751186400651931763e-02
6.769311428070068359e-02
6.789367645978927612e-02
6.807238608598709106e-02
6.829549372196197510e-02
6.850752979516983032e-02
6.869745999574661255e-02
6.887093186378479004e-02
6.907932460308074951e-02
6.927747279405593872e-02
6.943722069263458252e-02
6.963521987199783325e-02
6.986618041992187500e-02
7.006730884313583374e-02
7.024088501930236816e-02
7.040268927812576294e-02
7.052231580018997192e-02
7.058834284543991089e-02
7.061704993247985840e-02
7.058960944414138794e-02
7.055374234914779663e-02
7.052575051784515381e-02
7.048328220844268799e-02
7.042498886585235596e-02
7.032860070466995239e-02
7.024015486240386963e-02
7.016763091087341309e-02
7.013459503650665283e-02
7.007550448179244995e-02
7.001826912164688110e-02
6.999675929546356201e-02
6.997857987880706787e-02
6.994888931512832642e-02
6.992592662572860718e-02
6.985482573509216309e-02
6.981677561998367310e-02
6.973118335008621216e-02
6.965743750333786011e-02
6.960655748844146729e-02
6.960111111402511597e-02
6.956573575735092163e-02
6.958287954330444336e-02
6.964018195867538452e-02
6.976322829723358154e-02
6.986206024885177612e-02
6.992291659116744995e-02
6.997363269329071045e-02
6.996423006057739258e-02
6.996974349021911621e-02
6.997936218976974487e-02
6.995355337858200073e-02
6.984841078519821167e-02
6.972206383943557739e-02
6.964419782161712646e-02
6.955220550298690796e-02
6.941872090101242065e-02
6.932840496301651001e-02
6.925198435783386230e-02
6.912988424301147461e-02
6.893071532249450684e-02
6.873437762260437012e-02
6.856305897235870361e-02
6.841626018285751343e-02
6.839869916439056396e-02
6.840048730373382568e-02
6.845469027757644653e-02
6.844871491193771362e-02
6.845436245203018188e-02
6.847701966762542725e-02
6.852544099092483521e-02
6.856523454189300537e-02
6.859398633241653442e-02
6.860270351171493530e-02
6.862764805555343628e-02
6.867685914039611816e-02
6.868775188922882080e-02
6.868562102317810059e-02
6.867782026529312134e-02
6.867605447769165039e-02
6.863306462764739990e-02
6.854496896266937256e-02
6.845626980066299438e-02
6.836446374654769897e-02
6.831692159175872803e-02
6.817607581615447998e-02
6.806623935699462891e-02
6.798711419105529785e-02
6.796494126319885254e-02
6.793734431266784668e-02
6.787016242742538452e-02
6.784061342477798462e-02
6.779714673757553101e-02
6.777381896972656250e-02
6.778343021869659424e-02
6.779354065656661987e-02
6.779848784208297729e-02
6.774980574846267700e-02
6.769208610057830811e-02
6.766426563262939453e-02
6.762158870697021484e-02
6.762441247701644897e-02
6.760416924953460693e-02
6.758991628885269165e-02
6.759907305240631104e-02
6.761001795530319214e-02
6.755848228931427002e-02
6.747935712337493896e-02
6.744688749313354492e-02
6.742558628320693970e-02
6.749051809310913086e-02
6.751623004674911499e-02
6.753597408533096313e-02
6.754935532808303833e-02
6.757856905460357666e-02
6.760606169700622559e-02
6.759930402040481567e-02
6.759043782949447632e-02
6.757836788892745972e-02
6.752583384513854980e-02
6.748145073652267456e-02
6.749232113361358643e-02
6.755197048187255859e-02
6.758116930723190308e-02
6.761451065540313721e-02
6.763173639774322510e-02
6.764150410890579224e-02
6.766467541456222534e-02
6.768712401390075684e-02
6.775330007076263428e-02
6.780058145523071289e-02
6.780615448951721191e-02
6.777703016996383667e-02
6.776814162731170654e-02
6.774321198463439941e-02
6.772209703922271729e-02
6.773167103528976440e-02
6.772243231534957886e-02
6.771608442068099976e-02
6.772827357053756714e-02
6.775939464569091797e-02
6.780195236206054688e-02
6.782563775777816772e-02
6.788019835948944092e-02
6.791102886199951172e-02
6.796233355998992920e-02
6.801923364400863647e-02
6.801923364400863647e-02
6.808502227067947388e-02
6.815163791179656982e-02
6.801860034465789795e-02
6.786976009607315063e-02
6.769801676273345947e-02
6.753850728273391724e-02
6.736778467893600464e-02
6.722684204578399658e-02
6.716692447662353516e-02
6.709994375705718994e-02
6.706872582435607910e-02
6.694430857896804810e-02
6.678547710180282593e-02
6.669325381517410278e-02
6.658007949590682983e-02
6.642027199268341064e-02
6.626547873020172119e-02
6.611989438533782959e-02
6.602457910776138306e-02
6.596784293651580811e-02
6.590795516967773438e-02
6.584441661834716797e-02
6.579040735960006714e-02
6.572806835174560547e-02
6.572156399488449097e-02
6.572590768337249756e-02
6.567361205816268921e-02
6.563843041658401489e-02
6.559848040342330933e-02
6.558957695960998535e-02
6.562035530805587769e-02
6.564028561115264893e-02
6.564418226480484009e-02
6.567718833684921265e-02
6.574691832065582275e-02
6.579279899597167969e-02
6.582244485616683960e-02
6.587798893451690674e-02
6.591708958148956299e-02
6.595867872238159180e-02
6.602381169795989990e-02
6.607498228549957275e-02
6.608167290687561035e-02
6.609314680099487305e-02
6.611217558383941650e-02
6.611217558383941650e-02
6.610322743654251099e-02
6.612727046012878418e-02
6.613129377365112305e-02
6.617968529462814331e-02
6.626132875680923462e-02
6.635754555463790894e-02
6.642372161149978638e-02
6.643526256084442139e-02
6.643538922071456909e-02
6.643961369991302490e-02
6.646040081977844238e-02
6.646499782800674438e-02
6.647197157144546509e-02
6.646892428398132324e-02
6.649739295244216919e-02
6.654325127601623535e-02
6.659281998872756958e-02
6.664931029081344604e-02
6.666091829538345337e-02
6.669368594884872437e-02
6.672367453575134277e-02
6.676197797060012817e-02
6.679267436265945435e-02
6.685269623994827271e-02
6.700303405523300171e-02
6.757061928510665894e-02
6.807250529527664185e-02
6.853844970464706421e-02
6.898757815361022949e-02
6.940612941980361938e-02
6.974966078996658325e-02
7.005029916763305664e-02
7.028053700923919678e-02
7.049077004194259644e-02
7.073844969272613525e-02
7.091013342142105103e-02
7.105337828397750854e-02
7.119040936231613159e-02
7.125122845172882080e-02
7.105498015880584717e-02
7.088908553123474121e-02
7.076050341129302979e-02
7.064984738826751709e-02
7.052964717149734497e-02
7.041399925947189331e-02
7.033327966928482056e-02
7.025014609098434448e-02
7.017675042152404785e-02
7.007709890604019165e-02
7.007742673158645630e-02
6.998762488365173340e-02
6.992005556821823120e-02
6.984773278236389160e-02
6.978683173656463623e-02
6.969681382179260254e-02
6.962651014328002930e-02
6.958340108394622803e-02
6.953420490026473999e-02
6.948632746934890747e-02
6.943165510892868042e-02
6.938283890485763550e-02
6.932280212640762329e-02
6.922675669193267822e-02
6.913993507623672485e-02
6.904699653387069702e-02
6.891135126352310181e-02
6.877719610929489136e-02
6.864352524280548096e-02
6.856463849544525146e-02
6.848436594009399414e-02
6.848437339067459106e-02
6.848596036434173584e-02
6.849358975887298584e-02
6.849923729896545410e-02
6.853217631578445435e-02
6.854587793350219727e-02
6.862685829401016235e-02
6.865574419498443604e-02
6.871512532234191895e-02
6.877955049276351929e-02
6.880176067352294922e-02
6.881225109100341797e-02
6.879816204309463501e-02
6.879899650812149048e-02
6.877903640270233154e-02
6.876778602600097656e-02
6.875750422477722168e-02
6.874434649944305420e-02
6.875611096620559692e-02
6.877197325229644775e-02
6.878779083490371704e-02
6.879019737243652344e-02
6.881085038185119629e-02
6.880169361829757690e-02
6.880224496126174927e-02
6.885454058647155762e-02
6.891505420207977295e-02
6.895981729030609131e-02
6.898672878742218018e-02
6.896934658288955688e-02
6.894145160913467407e-02
6.888967007398605347e-02
6.863138824701309204e-02
6.837152689695358276e-02
6.806758791208267212e-02
6.777072697877883911e-02
6.753945350646972656e-02
6.734209507703781128e-02
6.716802716255187988e-02
6.699763983488082886e-02
6.690689176321029663e-02
6.685864925384521484e-02
6.677690148353576660e-02
6.671699136495590210e-02
6.667165458202362061e-02
6.666135787963867188e-02
6.667021661996841431e-02
6.667491048574447632e-02
6.670019030570983887e-02
6.670858711004257202e-02
6.676618754863739014e-02
6.683811545372009277e-02
6.691510975360870361e-02
6.702731549739837646e-02
6.704924255609512329e-02
6.707335263490676880e-02
6.711427122354507446e-02
6.715303659439086914e-02
6.718815863132476807e-02
6.725084036588668823e-02
6.730601191520690918e-02
6.735340505838394165e-02
6.735295802354812622e-02
6.735294312238693237e-02
6.736179441213607788e-02
6.737840175628662109e-02
6.740402430295944214e-02
6.740729510784149170e-02
6.738641858100891113e-02
6.736796349287033081e-02
6.736309826374053955e-02
6.740587949752807617e-02
6.749884784221649170e-02
6.757215410470962524e-02
6.763505190610885620e-02
6.773241609334945679e-02
6.783282756805419922e-02
6.792698055505752563e-02
6.813351064920425415e-02
6.831541657447814941e-02
6.846956163644790649e-02
6.855404376983642578e-02
6.862987577915191650e-02
6.871668994426727295e-02
6.882376223802566528e-02
6.887538731098175049e-02
6.891783326864242554e-02
6.891879439353942871e-02
6.885238736867904663e-02
6.875969469547271729e-02
6.847165524959564209e-02
6.820560991764068604e-02
6.798157840967178345e-02
6.779138743877410889e-02
6.768896430730819702e-02
6.755058467388153076e-02
6.742736697196960449e-02
6.733013689517974854e-02
6.724236905574798584e-02
6.718272715806961060e-02
6.712636351585388184e-02
6.712982058525085449e-02
6.717013567686080933e-02
6.722632795572280884e-02
6.729504466056823730e-02
6.732033193111419678e-02
6.736222654581069946e-02
6.737848371267318726e-02
6.737678498029708862e-02
6.733488291501998901e-02
6.723717600107192993e-02
6.714465469121932983e-02
6.706715375185012817e-02
6.701606512069702148e-02
6.701374799013137817e-02
6.702072173357009888e-02
6.701819598674774170e-02
6.700380146503448486e-02
6.692764163017272949e-02
6.684354692697525024e-02
6.677562743425369263e-02
6.674164533615112305e-02
6.669429689645767212e-02
6.664535403251647949e-02
6.663224846124649048e-02
6.664826720952987671e-02
6.664736568927764893e-02
6.667932122945785522e-02
6.670987606048583984e-02
6.673587113618850708e-02
6.675754487514495850e-02
6.674084812402725220e-02
6.670960038900375366e-02
6.668703258037567139e-02
6.664047390222549438e-02
6.660292297601699829e-02
6.660629063844680786e-02
6.663775444030761719e-02
6.666149199008941650e-02
6.666915863752365112e-02
6.666202843189239502e-02
6.665971875190734863e-02
6.665936857461929321e-02
6.665165722370147705e-02
6.663732230663299561e-02
6.662192195653915405e-02
6.663156300783157349e-02
6.663326174020767212e-02
6.664188951253890991e-02
6.666061282157897949e-02
6.670605391263961792e-02
6.675449013710021973e-02
6.683172285556793213e-02
6.706494837999343872e-02
6.730219721794128418e-02
6.752830743789672852e-02
6.770123541355133057e-02
6.783164292573928833e-02
6.793144345283508301e-02
6.801632046699523926e-02
6.809536367654800415e-02
6.814326345920562744e-02
6.820119917392730713e-02
6.826785951852798462e-02
6.829242408275604248e-02
6.833342462778091431e-02
6.835691630840301514e-02
6.836733222007751465e-02
6.835934519767761230e-02
6.832055747509002686e-02
6.827149540185928345e-02
6.822665035724639893e-02
6.819414347410202026e-02
6.811985373497009277e-02
6.803935021162033081e-02
6.796188652515411377e-02
6.788738816976547241e-02
6.782098859548568726e-02
6.774301826953887939e-02
6.767389178276062012e-02
6.759890168905258179e-02
6.755711883306503296e-02
6.752671301364898682e-02
6.751103699207305908e-02
6.749980896711349487e-02
6.751358509063720703e-02
6.750860810279846191e-02
6.747969239950180054e-02
6.746213138103485107e-02
6.743738055229187012e-02
6.742989271879196167e-02
6.746277958154678345e-02
6.750730425119400024e-02
6.754309684038162231e-02
6.760988384485244751e-02
6.768300384283065796e-02
6.772599369287490845e-02
6.774511188268661499e-02
6.773789227008819580e-02
6.773433834314346313e-02
6.773597002029418945e-02
6.773813068866729736e-02
6.772377341985702515e-02
6.772454082965850830e-02
6.775232404470443726e-02
6.774947047233581543e-02
6.765561550855636597e-02
6.745374947786331177e-02
6.727178394794464111e-02
6.710208207368850708e-02
6.697840988636016846e-02
6.684496998786926270e-02
6.667584180831909180e-02
6.652183830738067627e-02
6.636295467615127563e-02
6.622433662414550781e-02
6.612542271614074707e-02
6.604165583848953247e-02
6.596533954143524170e-02
6.591614335775375366e-02
6.587982922792434692e-02
6.586449593305587769e-02
6.582152098417282104e-02
6.577955186367034912e-02
6.575072556734085083e-02
6.572549790143966675e-02
6.571477651596069336e-02
6.571421027183532715e-02
6.568166613578796387e-02
6.564457714557647705e-02
6.560672074556350708e-02
6.556208431720733643e-02
6.550750136375427246e-02
6.549006700515747070e-02
6.553369015455245972e-02
6.560337543487548828e-02
6.566161662340164185e-02
6.573181599378585815e-02
6.581289321184158325e-02
6.587269157171249390e-02
6.592976301908493042e-02
6.599378585815429688e-02
6.602180749177932739e-02
6.604411453008651733e-02
6.602809578180313110e-02
6.603874266147613525e-02
6.608843058347702026e-02
6.613428145647048950e-02
6.619763374328613281e-02
6.625986099243164062e-02
6.631094217300415039e-02
6.632766872644424438e-02
6.633612513542175293e-02
6.636667251586914062e-02
6.640458106994628906e-02
6.645596772432327271e-02
6.653264909982681274e-02
6.662065535783767700e-02
6.671785563230514526e-02
6.679494678974151611e-02
6.690593063831329346e-02
6.703997403383255005e-02
6.717296689748764038e-02
6.726363301277160645e-02
6.731302291154861450e-02
6.729743629693984985e-02
6.724556535482406616e-02
6.717992573976516724e-02
6.714759021997451782e-02
6.709594279527664185e-02
6.703808158636093140e-02
6.699091196060180664e-02
6.696812063455581665e-02
6.695586442947387695e-02
6.689212471246719360e-02
6.681104004383087158e-02
6.675212085247039795e-02
6.670653820037841797e-02
6.670653820037841797e-02
6.670653820037841797e-02
6.667642295360565186e-02
6.663652509450912476e-02
6.660361588001251221e-02
6.657903641462326050e-02
6.651882827281951904e-02
6.640807539224624634e-02
6.629303842782974243e-02
6.617524474859237671e-02
6.606315076351165771e-02
6.596840173006057739e-02
6.587588042020797729e-02
6.578340381383895874e-02
6.572099030017852783e-02
6.568977981805801392e-02
6.564889848232269287e-02
6.561369448900222778e-02
6.559671461582183838e-02
6.559287011623382568e-02
6.559824943542480469e-02
6.560114771127700806e-02
6.560543179512023926e-02
6.565242260694503784e-02
6.569862365722656250e-02
6.572575122117996216e-02
6.577995419502258301e-02
6.585203856229782104e-02
6.592646986246109009e-02
6.598138064146041870e-02
6.598438322544097900e-02
6.600386649370193481e-02
6.604863703250885010e-02
6.609982997179031372e-02
6.612479686737060547e-02
6.615968048572540283e-02
6.619161367416381836e-02
6.626496464014053345e-02
6.633082032203674316e-02
6.641103327274322510e-02
6.646781414747238159e-02
6.653963029384613037e-02
6.661442667245864868e-02
6.665895879268646240e-02
6.673750281333923340e-02
6.679437309503555298e-02
6.684939563274383545e-02
6.690208613872528076e-02
6.695174425840377808e-02
6.697057187557220459e-02
6.695253401994705200e-02
6.694766134023666382e-02
6.690339744091033936e-02
6.681855022907257080e-02
6.674555689096450806e-02
6.669471412897109985e-02
6.667726486921310425e-02
6.665467470884323120e-02
6.667565554380416870e-02
6.668917089700698853e-02
6.668658554553985596e-02
6.672251969575881958e-02
6.676246970891952515e-02
6.677969545125961304e-02
6.678939610719680786e-02
6.676852703094482422e-02
6.677594780921936035e-02
6.680043786764144897e-02
6.682424992322921753e-02
6.683768332004547119e-02
6.684224307537078857e-02
6.684239953756332397e-02
6.683867424726486206e-02
6.683005392551422119e-02
6.682879477739334106e-02
6.677579879760742188e-02
6.673204153776168823e-02
6.670707464218139648e-02
6.669657677412033081e-02
6.670326739549636841e-02
6.670282781124114990e-02
6.672570854425430298e-02
6.671592593193054199e-02
6.672651320695877075e-02
6.674315780401229858e-02
6.678280234336853027e-02
6.681712716817855835e-02
6.687737256288528442e-02
6.695746630430221558e-02
6.704390048980712891e-02
6.710580736398696899e-02
6.719134002923965454e-02
6.729199737310409546e-02
6.737729907035827637e-02
6.745223701000213623e-02
6.754750758409500122e-02
6.764661520719528198e-02
6.771107017993927002e-02
6.776256114244461060e-02
6.783591210842132568e-02
6.789159774780273438e-02
6.792877614498138428e-02
6.796707957983016968e-02
6.796029955148696899e-02
6.794217973947525024e-02
6.789296865463256836e-02
6.782703846693038940e-02
6.773050129413604736e-02
6.762603670358657837e-02
6.751985102891921997e-02
6.740420311689376831e-02
6.728690117597579956e-02
6.718272715806961060e-02
6.709085404872894287e-02
6.702111661434173584e-02
6.697236001491546631e-02
6.693222373723983765e-02
6.688976287841796875e-02
6.684765219688415527e-02
6.683884561061859131e-02
6.683860719203948975e-02
6.683657318353652954e-02
6.682232022285461426e-02
6.680864840745925903e-02
6.681096553802490234e-02
6.682980060577392578e-02
6.684724986553192139e-02
6.684397906064987183e-02
6.684921681880950928e-02
6.685854494571685791e-02
6.688535958528518677e-02
6.691870093345642090e-02
6.695805490016937256e-02
6.697670370340347290e-02
6.699951738119125366e-02
6.699780374765396118e-02
6.698916107416152954e-02
6.696213036775588989e-02
6.690245866775512695e-02
6.686059385538101196e-02
6.683941185474395752e-02
6.682840734720230103e-02
6.683426350355148315e-02
6.682389229536056519e-02
6.681896001100540161e-02
6.683693826198577881e-02
6.684581190347671509e-02
6.685540825128555298e-02
6.690710037946701050e-02
6.695646792650222778e-02
6.699495017528533936e-02
6.703398376703262329e-02
6.707501411437988281e-02
6.711751222610473633e-02
6.716175377368927002e-02
6.720938533544540405e-02
6.724159419536590576e-02
6.724180281162261963e-02
6.723460555076599121e-02
6.725688278675079346e-02
6.728225946426391602e-02
6.733895838260650635e-02
6.738965213298797607e-02
6.744728982448577881e-02
6.754118949174880981e-02
6.759697943925857544e-02
6.767326593399047852e-02
6.773131340742111206e-02
6.775786727666854858e-02
6.781513988971710205e-02
6.789087504148483276e-02
6.792338937520980835e-02
6.793227791786193848e-02
6.791213899850845337e-02
6.790794432163238525e-02
6.788948923349380493e-02
6.788709014654159546e-02
6.787415593862533569e-02
6.782507896423339844e-02
6.778106838464736938e-02
6.775482743978500366e-02
6.772966682910919189e-02
6.772966682910919189e-02
6.772966682910919189e-02
6.772966682910919189e-02
6.770433485507965088e-02
6.767631322145462036e-02
6.766538321971893311e-02
6.765862554311752319e-02
6.764554232358932495e-02
6.760652363300323486e-02
6.758771091699600220e-02
6.756696850061416626e-02
6.757336109876632690e-02
6.758284568786621094e-02
6.759913265705108643e-02
6.760176271200180054e-02
6.761810183525085449e-02
6.761131435632705688e-02
6.761408597230911255e-02
6.763938069343566895e-02
6.767685711383819580e-02
6.769087165594100952e-02
6.771677732467651367e-02
6.775518506765365601e-02
6.777905672788619995e-02
6.781108677387237549e-02
6.781373918056488037e-02
6.782937049865722656e-02
6.785738468170166016e-02
6.788273155689239502e-02
6.793371587991714478e-02
6.798914074897766113e-02
6.803447753190994263e-02
6.804911047220230103e-02
6.805154681205749512e-02
6.806558370590209961e-02
6.809449940919876099e-02
6.809686124324798584e-02
6.812359392642974854e-02
6.816364824771881104e-02
6.818194687366485596e-02
6.822044402360916138e-02
6.828740984201431274e-02
6.839536875486373901e-02
6.845988333225250244e-02
6.854458898305892944e-02
6.861579418182373047e-02
6.866332143545150757e-02
6.870646774768829346e-02
6.873557716608047485e-02
6.874968856573104858e-02
6.875485181808471680e-02
6.874353438615798950e-02
6.875026226043701172e-02
6.873694062232971191e-02
6.874199956655502319e-02
6.871828436851501465e-02
6.873421370983123779e-02
6.874183565378189087e-02
6.873220950365066528e-02
6.872576475143432617e-02
6.871144473552703857e-02
6.869292259216308594e-02
6.867653876543045044e-02
6.865900009870529175e-02
6.864946335554122925e-02
6.864146888256072998e-02
6.862192600965499878e-02
6.861094385385513306e-02
6.859736889600753784e-02
6.857532262802124023e-02
6.853852421045303345e-02
6.849595159292221069e-02
6.846385449171066284e-02
6.845282763242721558e-02
6.845282763242721558e-02
6.843936443328857422e-02
6.841421872377395630e-02
6.838162988424301147e-02
6.833491474390029907e-02
6.828426569700241089e-02
6.822746247053146362e-02
6.818104535341262817e-02
6.815271079540252686e-02
6.813698261976242065e-02
6.808638572692871094e-02
6.803445518016815186e-02
6.800691783428192139e-02
6.801129877567291260e-02
6.803390383720397949e-02
6.804236024618148804e-02
6.804146617650985718e-02
6.804320961236953735e-02
6.802393496036529541e-02
6.801737844944000244e-02
6.801130622625350952e-02
6.799954921007156372e-02
6.798328459262847900e-02
6.796544045209884644e-02
6.799410283565521240e-02
6.802831590175628662e-02
6.807135790586471558e-02
6.811694055795669556e-02
6.816948950290679932e-02
6.822472810745239258e-02
6.827052682638168335e-02
6.831260770559310913e-02
6.835713982582092285e-02
6.839223951101303101e-02
6.841051578521728516e-02
6.843315809965133667e-02
6.842902302742004395e-02
6.845340132713317871e-02
6.847178190946578979e-02
6.849134713411331177e-02
6.851459294557571411e-02
6.855447590351104736e-02
6.857945024967193604e-02
6.861231476068496704e-02
6.863978505134582520e-02
6.867588311433792114e-02
6.870233267545700073e-02
6.872464716434478760e-02
6.874568760395050049e-02
6.877745687961578369e-02
6.882431358098983765e-02
6.886561959981918335e-02
6.899715214967727661e-02
6.909488886594772339e-02
6.920538097620010376e-02
6.930025666952133179e-02
6.941208988428115845e-02
6.951712816953659058e-02
6.958762556314468384e-02
6.965286284685134888e-02
6.969456374645233154e-02
6.969456374645233154e-02
6.969456374645233154e-02
6.974139809608459473e-02
6.975349783897399902e-02
6.974780559539794922e-02
6.971963495016098022e-02
6.969504058361053467e-02
6.966904550790786743e-02
6.965564936399459839e-02
6.965769082307815552e-02
6.963571906089782715e-02
6.962765008211135864e-02
6.963147968053817749e-02
6.962405145168304443e-02
6.960637122392654419e-02
6.956556439399719238e-02
6.949476897716522217e-02
6.946798413991928101e-02
6.945958733558654785e-02
6.945095211267471313e-02
6.946494430303573608e-02
6.945528835058212280e-02
6.944834440946578979e-02
6.943980604410171509e-02
6.941748410463333130e-02
6.941576302051544189e-02
6.941081583499908447e-02
6.939313560724258423e-02
6.935043632984161377e-02
6.928846985101699829e-02
6.921860575675964355e-02
6.914351135492324829e-02
6.907095015048980713e-02
6.899925321340560913e-02
6.895368546247482300e-02
6.893382966518402100e-02
6.891077756881713867e-02
6.889634579420089722e-02
6.889270246028900146e-02
6.892521679401397705e-02
6.872949004173278809e-02
6.854481995105743408e-02
6.836340576410293579e-02
6.822473555803298950e-02
6.807728111743927002e-02
6.793547421693801880e-02
6.782159209251403809e-02
6.771408021450042725e-02
6.761097162961959839e-02
6.752742081880569458e-02
6.749692559242248535e-02
6.746573746204376221e-02
6.742363423109054565e-02
6.739465147256851196e-02
6.737001240253448486e-02
6.733889877796173096e-02
6.727793812751770020e-02
6.722073256969451904e-02
6.717301905155181885e-02
6.716568022966384888e-02
6.715423613786697388e-02
6.714096665382385254e-02
6.713060289621353149e-02
6.711963564157485962e-02
6.714096665382385254e-02
6.716642528772354126e-02
6.720800697803497314e-02
6.726636737585067749e-02
6.732480973005294800e-02
6.737983226776123047e-02
6.743130087852478027e-02
6.749015301465988159e-02
6.754911690950393677e-02
6.759638339281082153e-02
6.764495372772216797e-02
6.768726557493209839e-02
6.772816181182861328e-02
6.777243316173553467e-02
6.781806051731109619e-02
6.786160916090011597e-02
6.789737939834594727e-02
6.794235110282897949e-02
6.800177693367004395e-02
6.807002425193786621e-02
6.814078241586685181e-02
6.820082664489746094e-02
6.821649521589279175e-02
6.818302720785140991e-02
6.814607977867126465e-02
6.811159104108810425e-02
6.808894127607345581e-02
6.808117032051086426e-02
6.809591501951217651e-02
6.811230629682540894e-02
6.813749670982360840e-02
6.815627217292785645e-02
6.817574054002761841e-02
6.817574054002761841e-02
6.819423288106918335e-02
6.809275597333908081e-02
6.802242249250411987e-02
6.796041131019592285e-02
6.789270788431167603e-02
6.784719973802566528e-02
6.779821217060089111e-02
6.775491684675216675e-02
6.790862977504730225e-02
6.804716587066650391e-02
6.816385686397552490e-02
6.828855723142623901e-02
6.841068714857101440e-02
6.853146851062774658e-02
6.861978024244308472e-02
6.869545578956604004e-02
6.875012814998626709e-02
6.879168003797531128e-02
6.882710754871368408e-02
6.886235624551773071e-02
6.886524707078933716e-02
6.887678056955337524e-02
6.887214630842208862e-02
6.885927915573120117e-02
6.883976608514785767e-02
6.882798671722412109e-02
6.879903376102447510e-02
6.875843554735183716e-02
6.872592866420745850e-02
6.869788467884063721e-02
6.866791844367980957e-02
6.864780187606811523e-02
6.863675266504287720e-02
6.862032413482666016e-02
6.861777603626251221e-02
6.858814507722854614e-02
6.854246556758880615e-02
6.849261373281478882e-02
6.844764947891235352e-02
6.839988380670547485e-02
6.834944337606430054e-02
6.831745058298110962e-02
6.829339265823364258e-02
6.827053427696228027e-02
6.827727705240249634e-02
6.829103082418441772e-02
6.830812245607376099e-02
6.831005215644836426e-02
6.830493360757827759e-02
6.829941272735595703e-02
6.827712059020996094e-02
6.825941056013107300e-02
6.823895871639251709e-02
6.820412725210189819e-02
6.815679371356964111e-02
6.810805946588516235e-02
6.807703524827957153e-02
6.805218756198883057e-02
6.796348839998245239e-02
6.789904087781906128e-02
6.786778569221496582e-02
6.784847378730773926e-02
6.782829016447067261e-02
6.779979914426803589e-02
6.777133792638778687e-02
6.777099519968032837e-02
6.777988374233245850e-02
6.777495145797729492e-02
6.778433918952941895e-02
6.780569255352020264e-02
6.784288585186004639e-02
6.789489090442657471e-02
6.792770326137542725e-02
6.794817000627517700e-02
6.794883310794830322e-02
6.794917583465576172e-02
6.796354055404663086e-02
6.798685342073440552e-02
6.801222264766693115e-02
6.807400286197662354e-02
6.813522428274154663e-02
6.820081174373626709e-02
6.835210323333740234e-02
6.849185377359390259e-02
6.860096007585525513e-02
6.869846582412719727e-02
6.877614557743072510e-02
6.883825361728668213e-02
6.889850646257400513e-02
6.894592940807342529e-02
6.897424161434173584e-02
6.900978833436965942e-02
6.903403252363204956e-02
6.904800236225128174e-02
6.905560940504074097e-02
6.905890256166458130e-02
6.906103342771530151e-02
6.904377788305282593e-02
6.901268661022186279e-02
6.896538287401199341e-02
6.891578435897827148e-02
6.886984407901763916e-02
6.882559508085250854e-02
6.875982880592346191e-02
6.870353966951370239e-02
6.866239756345748901e-02
6.861598044633865356e-02
6.856871396303176880e-02
6.851887702941894531e-02
6.847887486219406128e-02
6.843987852334976196e-02
6.841556727886199951e-02
6.839280575513839722e-02
6.837616860866546631e-02
6.835308670997619629e-02
6.832715123891830444e-02
6.831222027540206909e-02
6.830550730228424072e-02
6.828839331865310669e-02
6.827225536108016968e-02
6.824001669883728027e-02
6.820265203714370728e-02
6.815247237682342529e-02
6.812578439712524414e-02
6.808771938085556030e-02
6.804559379816055298e-02
6.799713522195816040e-02
6.792876124382019043e-02
6.787247955799102783e-02
6.782174110412597656e-02
6.777026504278182983e-02
6.771449744701385498e-02
6.766640394926071167e-02
6.764101982116699219e-02
6.760930269956588745e-02
6.759304553270339966e-02
6.756950914859771729e-02
6.754804402589797974e-02
6.753480434417724609e-02
6.752514839172363281e-02
6.751615554094314575e-02
6.753744184970855713e-02
6.755057722330093384e-02
6.755629181861877441e-02
6.755055487155914307e-02
6.755330413579940796e-02
6.756710261106491089e-02
6.758078187704086304e-02
6.760074198246002197e-02
6.761135905981063843e-02
6.761320680379867554e-02
6.759947538375854492e-02
6.759484112262725830e-02
6.760171800851821899e-02
6.759554147720336914e-02
6.760187447071075439e-02
6.762783229351043701e-02
6.764400005340576172e-02
6.764884293079376221e-02
6.764884293079376221e-02
6.766501069068908691e-02
6.766501069068908691e-02
6.769088655710220337e-02
6.771821528673171997e-02
6.775377690792083740e-02
6.778385490179061890e-02
6.781025975942611694e-02
6.783126294612884521e-02
6.783126294612884521e-02
6.784510612487792969e-02
6.784819066524505615e-02
6.784672290086746216e-02
6.785867363214492798e-02
6.787457317113876343e-02
6.789761781692504883e-02
6.790703535079956055e-02
6.791673600673675537e-02
6.792766600847244263e-02
6.793352216482162476e-02
6.795871257781982422e-02
6.796143949031829834e-02
6.799738109111785889e-02
6.803983449935913086e-02
6.809488683938980103e-02
6.813655793666839600e-02
6.817331165075302124e-02
6.821169704198837280e-02
6.825441122055053711e-02
6.828980147838592529e-02
6.831944733858108521e-02
6.834470480680465698e-02
6.837636232376098633e-02
6.839073449373245239e-02
6.842368841171264648e-02
6.846173852682113647e-02
6.850449740886688232e-02
6.853952258825302124e-02
6.857729703187942505e-02
6.860996037721633911e-02
6.859436631202697754e-02
6.858713924884796143e-02
6.858300417661666870e-02
6.856817007064819336e-02
6.855843961238861084e-02
6.854484230279922485e-02
6.854295730590820312e-02
6.854799389839172363e-02
6.855066865682601929e-02
6.855548173189163208e-02
6.855835765600204468e-02
6.856923550367355347e-02
6.855461746454238892e-02
6.854020804166793823e-02
6.859845668077468872e-02
6.865416467189788818e-02
6.870810687541961670e-02
6.875339150428771973e-02
6.879866123199462891e-02
6.884113699197769165e-02
6.886804103851318359e-02
6.891925632953643799e-02
6.892930716276168823e-02
6.893771141767501831e-02
6.894804537296295166e-02
6.895180791616439819e-02
6.897272169589996338e-02
6.898140162229537964e-02
6.900472193956375122e-02
6.903097033500671387e-02
6.904303282499313354e-02
6.904263794422149658e-02
6.904275715351104736e-02
6.902496516704559326e-02
6.901299953460693359e-02
6.899814307689666748e-02
6.899505108594894409e-02
6.898145377635955811e-02
6.896670162677764893e-02
6.895574927330017090e-02
6.895027309656143188e-02
6.893707811832427979e-02
6.892833113670349121e-02
6.891608983278274536e-02
6.891243159770965576e-02
6.891372054815292358e-02
6.892908364534378052e-02
6.893737614154815674e-02
6.894334405660629272e-02
6.894867867231369019e-02
6.895191967487335205e-02
6.895411759614944458e-02
6.894160807132720947e-02
6.890717148780822754e-02
6.887921690940856934e-02
6.885269284248352051e-02
6.881866604089736938e-02
6.879290193319320679e-02
6.875813007354736328e-02
6.872975081205368042e-02
6.871832162141799927e-02
6.872256100177764893e-02
6.871803104877471924e-02
6.870231032371520996e-02
6.869865953922271729e-02
6.870444118976593018e-02
6.870784610509872437e-02
6.872063130140304565e-02
6.873600184917449951e-02
6.875334680080413818e-02
6.876163929700851440e-02
6.877708435058593750e-02
6.878128647804260254e-02
6.877474486827850342e-02
6.875387579202651978e-02
6.873527914285659790e-02
6.872704625129699707e-02
6.871832162141799927e-02
6.871902197599411011e-02
6.872702389955520630e-02
6.874745339155197144e-02
6.875743716955184937e-02
6.876812130212783813e-02
6.878422945737838745e-02
6.877378374338150024e-02
6.876663118600845337e-02
6.876579672098159790e-02
6.875940412282943726e-02
6.876029074192047119e-02
6.875861436128616333e-02
6.876831501722335815e-02
6.877236813306808472e-02
6.877893209457397461e-02
6.877786666154861450e-02
6.876396387815475464e-02
6.874886155128479004e-02
6.873973459005355835e-02
6.870967149734497070e-02
6.869786977767944336e-02
6.870728731155395508e-02
6.873038411140441895e-02
6.876746565103530884e-02
6.880266219377517700e-02
6.883046776056289673e-02
6.885884702205657959e-02
6.889123469591140747e-02
6.891833990812301636e-02
6.893882155418395996e-02
6.894630938768386841e-02
6.897378712892532349e-02
6.898800283670425415e-02
6.899128109216690063e-02
6.899316608905792236e-02
6.897910684347152710e-02
6.895526498556137085e-02
6.892814487218856812e-02
6.890247017145156860e-02
6.886503845453262329e-02
6.882784515619277954e-02
6.879724562168121338e-02
6.876177340745925903e-02
6.873573362827301025e-02
6.870477646589279175e-02
6.867558509111404419e-02
6.864495575428009033e-02
6.861531734466552734e-02
6.860769540071487427e-02
6.857641786336898804e-02
6.859518587589263916e-02
6.861086934804916382e-02
6.863375753164291382e-02
6.865618377923965454e-02
6.868486851453781128e-02
6.868668645620346069e-02
6.869212538003921509e-02
6.870008260011672974e-02
6.870557367801666260e-02
6.870083510875701904e-02
6.869537383317947388e-02
6.868512183427810669e-02
6.867530196905136108e-02
6.866750866174697876e-02
6.865580379962921143e-02
6.872700899839401245e-02
6.879696249961853027e-02
6.886027753353118896e-02
6.892568618059158325e-02
6.898044794797897339e-02
6.903342157602310181e-02
6.909076124429702759e-02
6.913385540246963501e-02
6.918495893478393555e-02
6.921786069869995117e-02
6.924742460250854492e-02
6.927801668643951416e-02
6.930194050073623657e-02
6.932128220796585083e-02
6.934919208288192749e-02
6.937297433614730835e-02
6.939159333705902100e-02
6.939931213855743408e-02
6.941510736942291260e-02
6.941618025302886963e-02
6.937507539987564087e-02
6.935045123100280762e-02
6.932822614908218384e-02
6.929937005043029785e-02
6.927731633186340332e-02
6.925524026155471802e-02
6.923120468854904175e-02
6.920111179351806641e-02
6.916079670190811157e-02
6.912332028150558472e-02
6.909020990133285522e-02
6.907104700803756714e-02
6.905742734670639038e-02
6.905172020196914673e-02
6.904362887144088745e-02
6.903331726789474487e-02
6.902018189430236816e-02
6.900637596845626831e-02
6.899169832468032837e-02
6.898241490125656128e-02
6.896973401308059692e-02
6.896563619375228882e-02
6.887043267488479614e-02
6.878595054149627686e-02
6.872569769620895386e-02
6.866207718849182129e-02
6.862106174230575562e-02
6.858289241790771484e-02
6.854368746280670166e-02
6.856103986501693726e-02
6.857651472091674805e-02
6.859000027179718018e-02
6.860491633415222168e-02
6.862697005271911621e-02
6.865263730287551880e-02
6.867286562919616699e-02
6.870854645967483521e-02
6.874949485063552856e-02
6.879616528749465942e-02
6.884672492742538452e-02
6.890356540679931641e-02
6.895311176776885986e-02
6.899502873420715332e-02
6.903550773859024048e-02
6.907910108566284180e-02
6.912255287170410156e-02
6.916016340255737305e-02
6.919353455305099487e-02
6.922805309295654297e-02
6.925675272941589355e-02
6.928958743810653687e-02
6.931218504905700684e-02
6.933873891830444336e-02
6.937956809997558594e-02
6.940460205078125000e-02
6.943155825138092041e-02
6.945449113845825195e-02
6.947758793830871582e-02
6.949239969253540039e-02
6.949941068887710571e-02
6.950163096189498901e-02
6.950624287128448486e-02
6.949996948242187500e-02
6.949003785848617554e-02
6.947670876979827881e-02
6.945487111806869507e-02
6.943202018737792969e-02
6.941012293100357056e-02
6.939283013343811035e-02
6.937454640865325928e-02
6.937024742364883423e-02
6.936312466859817505e-02
6.934487819671630859e-02
6.932865828275680542e-02
6.930186599493026733e-02
6.927127391099929810e-02
6.922437250614166260e-02
6.919599324464797974e-02
6.916370987892150879e-02
6.913398951292037964e-02
6.909876316785812378e-02
6.907887011766433716e-02
6.907738000154495239e-02
6.909272819757461548e-02
6.910184025764465332e-02
6.910248100757598877e-02
6.909791380167007446e-02
6.908352673053741455e-02
6.907317787408828735e-02
6.906712800264358521e-02
6.907081604003906250e-02
6.907237321138381958e-02
6.908445805311203003e-02
6.909690797328948975e-02
6.911396980285644531e-02
6.913442909717559814e-02
6.914415955543518066e-02
6.913971900939941406e-02
6.911937892436981201e-02
6.910315901041030884e-02
6.908994913101196289e-02
6.907799094915390015e-02
6.906203180551528931e-02
6.904333829879760742e-02
6.901644915342330933e-02
6.899423152208328247e-02
6.895541399717330933e-02
6.890776008367538452e-02
6.886392086744308472e-02
6.882184743881225586e-02
6.878058612346649170e-02
6.875049322843551636e-02
6.870360672473907471e-02
6.866014748811721802e-02
6.861921399831771851e-02
6.857912242412567139e-02
6.854507327079772949e-02
6.852640211582183838e-02
6.850527226924896240e-02
6.850622594356536865e-02
6.850207597017288208e-02
6.850814074277877808e-02
6.850428879261016846e-02
6.849696487188339233e-02
6.848379224538803101e-02
6.846553087234497070e-02
6.843762099742889404e-02
6.840652972459793091e-02
6.838332116603851318e-02
6.837265193462371826e-02
6.835599243640899658e-02
6.836228072643280029e-02
6.837876886129379272e-02
6.839613616466522217e-02
6.842575967311859131e-02
6.845875829458236694e-02
6.848367303609848022e-02
6.849762797355651855e-02
6.848479062318801880e-02
6.847158074378967285e-02
6.845944374799728394e-02
6.846011430025100708e-02
6.847146153450012207e-02
6.847503036260604858e-02
6.847777962684631348e-02
6.848403811454772949e-02
6.848673522472381592e-02
6.846980005502700806e-02
6.845951825380325317e-02
6.845945864915847778e-02
6.846652179956436157e-02
6.849023699760437012e-02
6.851682066917419434e-02
6.854140758514404297e-02
6.857514381408691406e-02
6.860023736953735352e-02
6.862548738718032837e-02
6.865485757589340210e-02
6.867352873086929321e-02
6.868226826190948486e-02
6.867785751819610596e-02
6.866186857223510742e-02
6.864961236715316772e-02
6.862850487232208252e-02
6.859927624464035034e-02
6.857006996870040894e-02
6.853693723678588867e-02
6.851114332675933838e-02
6.849153339862823486e-02
6.848319619894027710e-02
6.847953051328659058e-02
6.846942752599716187e-02
6.846841424703598022e-02
6.846185773611068726e-02
6.845826655626296997e-02
6.845534592866897583e-02
6.845077872276306152e-02
6.845600903034210205e-02
6.846898049116134644e-02
6.846790015697479248e-02
6.845199316740036011e-02
6.843308359384536743e-02
6.841937452554702759e-02
6.840582191944122314e-02
6.840442121028900146e-02
6.840493530035018921e-02
6.839902698993682861e-02
6.839545071125030518e-02
6.840672343969345093e-02
6.841967254877090454e-02
6.842563301324844360e-02
6.843184679746627808e-02
6.843200325965881348e-02
6.843202561140060425e-02
6.843073666095733643e-02
6.842201948165893555e-02
6.840685755014419556e-02
6.838119029998779297e-02
6.835604459047317505e-02
6.832952797412872314e-02
6.830064207315444946e-02
6.826701015233993530e-02
6.824597716331481934e-02
6.823085993528366089e-02
6.820751726627349854e-02
6.818550825119018555e-02
6.816389411687850952e-02
6.813921779394149780e-02
6.812266260385513306e-02
6.811930239200592041e-02
6.811863929033279419e-02
6.812517344951629639e-02
6.812588125467300415e-02
6.812892854213714600e-02
6.813095510005950928e-02
6.812773644924163818e-02
6.811905652284622192e-02
6.810975819826126099e-02
6.811653822660446167e-02
6.813137233257293701e-02
6.814678013324737549e-02
6.816110014915466309e-02
6.817156821489334106e-02
6.818163394927978516e-02
6.820032745599746704e-02
6.820820271968841553e-02
6.822272390127182007e-02
6.824131309986114502e-02
6.824745982885360718e-02
6.825939565896987915e-02
6.827156245708465576e-02
6.828951835632324219e-02
6.830777972936630249e-02
6.832749396562576294e-02
6.835236400365829468e-02
6.838507205247879028e-02
6.841951608657836914e-02
6.844849139451980591e-02
6.848251819610595703e-02
6.850665807723999023e-02
6.851851940155029297e-02
6.850717961788177490e-02
6.848352402448654175e-02
6.845963001251220703e-02
6.842206418514251709e-02
6.838296353816986084e-02
6.833175569772720337e-02
6.829722225666046143e-02
6.826262921094894409e-02
6.822503358125686646e-02
6.819476187229156494e-02
6.816484034061431885e-02
6.814837455749511719e-02
6.814200431108474731e-02
6.814847886562347412e-02
6.814170628786087036e-02
6.815123558044433594e-02
6.815493851900100708e-02
6.817185878753662109e-02
6.819432973861694336e-02
6.820328533649444580e-02
6.821355968713760376e-02
6.822881847620010376e-02
6.823958456516265869e-02
6.824747473001480103e-02
6.827653199434280396e-02
6.829666346311569214e-02
6.830887496471405029e-02
6.832647323608398438e-02
6.835330277681350708e-02
6.838345527648925781e-02
6.843212246894836426e-02
6.846993416547775269e-02
6.850684434175491333e-02
6.853871792554855347e-02
6.857410073280334473e-02
6.860642880201339722e-02
6.863605231046676636e-02
6.867205351591110229e-02
6.869822740554809570e-02
6.872814148664474487e-02
6.875570863485336304e-02
6.878307461738586426e-02
6.880633533000946045e-02
6.882804632186889648e-02
6.884133815765380859e-02
6.885708123445510864e-02
6.887234747409820557e-02
6.889210641384124756e-02
6.890013068914413452e-02
6.891155987977981567e-02
6.891836971044540405e-02
6.892646104097366333e-02
6.893269717693328857e-02
6.894912570714950562e-02
6.897041201591491699e-02
6.899002194404602051e-02
6.900443136692047119e-02
6.901934742927551270e-02
6.902772188186645508e-02
6.903453171253204346e-02
6.904312223196029663e-02
6.904979050159454346e-02
6.905479729175567627e-02
6.906726956367492676e-02
6.907468289136886597e-02
6.907454878091812134e-02
6.906908005475997925e-02
6.906767934560775757e-02
6.907019019126892090e-02
6.907629221677780151e-02
6.908531486988067627e-02
6.909150630235671997e-02
6.910774856805801392e-02
6.912358105182647705e-02
6.913479417562484741e-02
6.914794445037841797e-02
6.916387379169464111e-02
6.918185204267501831e-02
6.921324133872985840e-02
6.923883408308029175e-02
6.927830725908279419e-02
6.932020187377929688e-02
6.936481595039367676e-02
6.940053403377532959e-02
6.942437589168548584e-02
6.943408399820327759e-02
6.945055723190307617e-02
6.946011632680892944e-02
6.947843730449676514e-02
6.949545443058013916e-02
6.951364874839782715e-02
6.951071321964263916e-02
6.950555741786956787e-02
6.950389593839645386e-02
6.950185447931289673e-02
6.949075311422348022e-02
6.947661936283111572e-02
6.946001201868057251e-02
6.944721937179565430e-02
6.944629549980163574e-02
6.945718824863433838e-02
6.946797668933868408e-02
6.948376446962356567e-02
6.949625164270401001e-02
6.950583308935165405e-02
6.950192898511886597e-02
6.949213892221450806e-02
6.947705894708633423e-02
6.946116685867309570e-02
6.942992657423019409e-02
6.939802318811416626e-02
6.936044245958328247e-02
6.931713968515396118e-02
6.927429884672164917e-02
6.923761963844299316e-02
6.921412795782089233e-02
6.918865442276000977e-02
6.917039304971694946e-02
6.915204972028732300e-02
6.913563609123229980e-02
6.912281364202499390e-02
6.911744177341461182e-02
6.910671293735504150e-02
6.909113377332687378e-02
6.907659024000167847e-02
6.906659156084060669e-02
6.905210018157958984e-02
6.902936100959777832e-02
6.900576502084732056e-02
6.898607313632965088e-02
6.896896660327911377e-02
6.896341592073440552e-02
6.895345449447631836e-02
6.893979758024215698e-02
6.893278658390045166e-02
6.892842054367065430e-02
6.891903281211853027e-02
6.891182065010070801e-02
6.890081614255905151e-02
6.889358162879943848e-02
6.888557225465774536e-02
6.888006627559661865e-02
6.889276206493377686e-02
6.890179216861724854e-02
6.890551745891571045e-02
6.887335330247879028e-02
6.882886588573455811e-02
6.880071014165878296e-02
6.879068911075592041e-02
6.879500299692153931e-02
6.880378723144531250e-02
6.881014257669448853e-02
6.880471855401992798e-02
6.880071014165878296e-02
6.879591196775436401e-02
6.879252195358276367e-02
6.879861652851104736e-02
6.880147010087966919e-02
6.881016492843627930e-02
6.882219016551971436e-02
6.881898641586303711e-02
6.881411373615264893e-02
6.879413127899169922e-02
6.878694891929626465e-02
6.878070533275604248e-02
6.877443939447402954e-02
6.876998394727706909e-02
6.877529621124267578e-02
6.877855956554412842e-02
6.878946721553802490e-02
6.880121678113937378e-02
6.882014125585556030e-02
6.884013861417770386e-02
6.885989755392074585e-02
6.887722015380859375e-02
6.889350712299346924e-02
6.891395896673202515e-02
6.893571466207504272e-02
6.895008683204650879e-02
6.897282600402832031e-02
6.899902969598770142e-02
6.902989000082015991e-02
6.906914710998535156e-02
6.910578161478042603e-02
6.913404911756515503e-02
6.915802508592605591e-02
6.917543709278106689e-02
6.919072568416595459e-02
6.920407712459564209e-02
6.921359151601791382e-02
6.922210752964019775e-02
6.922868639230728149e-02
6.923185288906097412e-02
6.923609972000122070e-02
6.923890858888626099e-02
6.924483180046081543e-02
6.925050169229507446e-02
6.925440579652786255e-02
6.925530731678009033e-02
6.925168633460998535e-02
6.924345344305038452e-02
6.922751665115356445e-02
6.919569522142410278e-02
6.916867196559906006e-02
6.914651393890380859e-02
6.912397593259811401e-02
6.910599768161773682e-02
6.908979266881942749e-02
6.907664984464645386e-02
6.905946135520935059e-02
6.905342638492584229e-02
6.904802471399307251e-02
6.904239952564239502e-02
6.902941316366195679e-02
6.901471316814422607e-02
6.900103390216827393e-02
6.898351013660430908e-02
6.896139681339263916e-02
6.894040852785110474e-02
6.892590969800949097e-02
6.891545653343200684e-02
6.890390068292617798e-02
6.888373941183090210e-02
6.886536628007888794e-02
6.884378939867019653e-02
6.881802529096603394e-02
6.879494339227676392e-02
6.877750903367996216e-02
6.876821815967559814e-02
6.876474618911743164e-02
6.875947862863540649e-02
6.874874234199523926e-02
6.873812526464462280e-02
6.872265040874481201e-02
6.870926916599273682e-02
6.869935989379882812e-02
6.869242340326309204e-02
6.870132684707641602e-02
6.871452182531356812e-02
6.872303783893585205e-02
6.872711330652236938e-02
6.873323023319244385e-02
6.874337792396545410e-02
6.874892115592956543e-02
6.875427067279815674e-02
6.876365095376968384e-02
6.876894831657409668e-02
6.877859681844711304e-02
6.879572570323944092e-02
6.881496310234069824e-02
6.884104013442993164e-02
6.885973364114761353e-02
6.888724863529205322e-02
6.891817599534988403e-02
6.894658505916595459e-02
6.897035241127014160e-02
6.899012625217437744e-02
6.901385635137557983e-02
6.903576105833053589e-02
6.904410570859909058e-02
6.905403733253479004e-02
6.906130164861679077e-02
6.904772669076919556e-02
6.903876364231109619e-02
6.903200596570968628e-02
6.902246177196502686e-02
6.902638077735900879e-02
6.903871893882751465e-02
6.906189769506454468e-02
6.908512115478515625e-02
6.911469250917434692e-02
6.913955509662628174e-02
6.916235387325286865e-02
6.917385756969451904e-02
6.917858123779296875e-02
6.918337196111679077e-02
6.918153166770935059e-02
6.917358934879302979e-02
6.915661692619323730e-02
6.913843005895614624e-02
6.912117451429367065e-02
6.909892708063125610e-02
6.907139718532562256e-02
6.909248977899551392e-02
6.910979002714157104e-02
6.911773979663848877e-02
6.912315636873245239e-02
6.912228465080261230e-02
6.911934912204742432e-02
6.910485029220581055e-02
6.908915936946868896e-02
6.907279044389724731e-02
6.906145066022872925e-02
6.904686242341995239e-02
6.902869045734405518e-02
6.900699436664581299e-02
6.898934394121170044e-02
6.896701455116271973e-02
6.895440816879272461e-02
6.894526630640029907e-02
6.894023716449737549e-02
6.894311308860778809e-02
6.894969940185546875e-02
6.896483898162841797e-02
6.899339705705642700e-02
6.901843845844268799e-02
6.904695183038711548e-02
6.907858699560165405e-02
6.909646838903427124e-02
6.910408288240432739e-02
6.911022961139678955e-02
6.912012398242950439e-02
6.912481039762496948e-02
6.913340836763381958e-02
6.914763152599334717e-02
6.915512681007385254e-02
6.916787475347518921e-02
6.918472796678543091e-02
6.919608265161514282e-02
6.921713054180145264e-02
6.924086064100265503e-02
6.926178187131881714e-02
6.928191334009170532e-02
6.929852068424224854e-02
6.931933015584945679e-02
6.934269517660140991e-02
6.937253475189208984e-02
6.938771903514862061e-02
6.940671056509017944e-02
6.941309571266174316e-02
6.940546631813049316e-02
6.938998401165008545e-02
6.936747580766677856e-02
6.935535371303558350e-02
6.934092938899993896e-02
6.933221220970153809e-02
6.931292265653610229e-02
6.929643452167510986e-02
6.928715854883193970e-02
6.927817314863204956e-02
6.927823275327682495e-02
6.928478926420211792e-02
6.930184364318847656e-02
6.931948661804199219e-02
6.933849304914474487e-02
6.935429573059082031e-02
6.936626881361007690e-02
6.937140971422195435e-02
6.937648355960845947e-02
6.937953829765319824e-02
6.938753277063369751e-02
6.938832998275756836e-02
6.938418000936508179e-02
6.938248127698898315e-02
6.938063353300094604e-02
6.938245147466659546e-02
6.938359141349792480e-02
6.938226521015167236e-02
6.938090175390243530e-02
6.937910616397857666e-02
6.937374919652938843e-02
6.937062740325927734e-02
6.935824453830718994e-02
6.936018913984298706e-02
6.936439871788024902e-02
6.936585158109664917e-02
6.936562061309814453e-02
6.936633586883544922e-02
6.936973333358764648e-02
6.937305629253387451e-02
6.937336176633834839e-02
6.937915086746215820e-02
6.938748061656951904e-02
6.939469277858734131e-02
6.940438598394393921e-02
6.941920518875122070e-02
6.942867487668991089e-02
6.943667680025100708e-02
6.943743675947189331e-02
6.943880766630172729e-02
6.943576782941818237e-02
6.942307949066162109e-02
6.940948218107223511e-02
6.940193474292755127e-02
6.939258426427841187e-02
6.938249617815017700e-02
6.936748325824737549e-02
6.935238838195800781e-02
6.933910399675369263e-02
6.933209300041198730e-02
6.932333856821060181e-02
6.931250542402267456e-02
6.929820775985717773e-02
6.927867978811264038e-02
6.926286965608596802e-02
6.924477219581604004e-02
6.922630220651626587e-02
6.920375674962997437e-02
6.919102370738983154e-02
6.917811185121536255e-02
6.916527450084686279e-02
6.915611028671264648e-02
6.915834546089172363e-02
6.915749609470367432e-02
6.915666908025741577e-02
6.915970891714096069e-02
6.917393952608108521e-02
6.918183714151382446e-02
6.919416785240173340e-02
6.920442730188369751e-02
6.921596080064773560e-02
6.923376023769378662e-02
6.924612820148468018e-02
6.924565136432647705e-02
6.924335658550262451e-02
6.924241781234741211e-02
6.924522668123245239e-02
6.924521923065185547e-02
6.923665106296539307e-02
6.922049075365066528e-02
6.921365112066268921e-02
6.920295953750610352e-02
6.918723136186599731e-02
6.917305290699005127e-02
6.917192041873931885e-02
6.918416172266006470e-02
6.919634342193603516e-02
6.920669227838516235e-02
6.922097504138946533e-02
6.923441588878631592e-02
6.924718618392944336e-02
6.927024573087692261e-02
6.930603086948394775e-02
6.934325397014617920e-02
6.938258558511734009e-02
6.940972805023193359e-02
6.943674385547637939e-02
6.946711987257003784e-02
6.949270516633987427e-02
6.951685994863510132e-02
6.954142451286315918e-02
6.956291943788528442e-02
6.958017498254776001e-02
6.958670914173126221e-02
6.958881020545959473e-02
6.959015876054763794e-02
6.958839297294616699e-02
6.957735121250152588e-02
6.957226991653442383e-02
6.956777721643447876e-02
6.955615431070327759e-02
6.954798847436904907e-02
6.953736394643783569e-02
6.953370571136474609e-02
6.953334063291549683e-02
6.954068690538406372e-02
6.954155117273330688e-02
6.954500824213027954e-02
6.954311579465866089e-02
6.953836232423782349e-02
6.953328102827072144e-02
6.953680515289306641e-02
6.954518705606460571e-02
6.955576688051223755e-02
6.956125795841217041e-02
6.956791132688522339e-02
6.957743316888809204e-02
6.958519667387008667e-02
6.958466023206710815e-02
6.957738846540451050e-02
6.956595927476882935e-02
6.956002116203308105e-02
6.955716013908386230e-02
6.954970210790634155e-02
6.954210996627807617e-02
6.953871250152587891e-02
6.953018903732299805e-02
6.952595710754394531e-02
6.952995806932449341e-02
6.953530758619308472e-02
6.954097747802734375e-02
6.955273449420928955e-02
6.956399232149124146e-02
6.956239789724349976e-02
6.955693662166595459e-02
6.955639272928237915e-02
6.955274939537048340e-02
6.954707950353622437e-02
6.954351812601089478e-02
6.954240053892135620e-02
6.954413652420043945e-02
6.954366713762283325e-02
6.954204291105270386e-02
6.954362243413925171e-02
6.954158842563629150e-02
6.953417509794235229e-02
6.953322887420654297e-02
6.953269988298416138e-02
6.953162699937820435e-02
6.953012943267822266e-02
6.953021883964538574e-02
6.952953338623046875e-02
6.953080743551254272e-02
6.953652203083038330e-02
6.954378634691238403e-02
6.955768913030624390e-02
6.957428157329559326e-02
6.959585845470428467e-02
6.961571425199508667e-02
6.963182240724563599e-02
6.964321434497833252e-02
6.964475661516189575e-02
6.964559108018875122e-02
6.963974237442016602e-02
6.962774693965911865e-02
6.961887329816818237e-02
6.960903108119964600e-02
6.959268450736999512e-02
6.957454979419708252e-02
6.956356763839721680e-02
6.955406069755554199e-02
6.955568492412567139e-02
6.955303251743316650e-02
6.954729557037353516e-02
6.954606622457504272e-02
6.954236328601837158e-02
6.953286379575729370e-02
6.952585279941558838e-02
6.951728463172912598e-02
6.950943171977996826e-02
6.950160861015319824e-02
6.948865950107574463e-02
6.946231424808502197e-02
6.943897157907485962e-02
6.942041963338851929e-02
6.940171867609024048e-02
6.939125806093215942e-02
6.937811523675918579e-02
6.937043368816375732e-02
6.935907155275344849e-02
6.934744864702224731e-02
6.933050602674484253e-02
6.931744515895843506e-02
6.930840760469436646e-02
6.930040568113327026e-02
6.928774714469909668e-02
6.926965713500976562e-02
6.925844401121139526e-02
6.924962252378463745e-02
6.924171745777130127e-02
6.923954188823699951e-02
6.923773139715194702e-02
6.923729181289672852e-02
6.923843920230865479e-02
6.924083083868026733e-02
6.923659145832061768e-02
6.922688335180282593e-02
6.921982020139694214e-02
6.921855360269546509e-02
6.922014802694320679e-02
6.922250986099243164e-02
6.922627240419387817e-02
6.923557072877883911e-02
6.924806535243988037e-02
6.926217675209045410e-02
6.928152590990066528e-02
6.930259615182876587e-02
6.931954622268676758e-02
6.934018433094024658e-02
6.936749815940856934e-02
6.939321011304855347e-02
6.942507624626159668e-02
6.946370750665664673e-02
6.948912143707275391e-02
6.952109932899475098e-02
6.955472379922866821e-02
6.959725916385650635e-02
6.964797526597976685e-02
6.968556344509124756e-02
6.971620768308639526e-02
6.974229961633682251e-02
6.976721435785293579e-02
6.978636980056762695e-02
6.980936974287033081e-02
6.983171403408050537e-02
6.984869390726089478e-02
6.986134499311447144e-02
6.987598538398742676e-02
6.988647580146789551e-02
6.990221142768859863e-02
6.991708278656005859e-02
6.993328779935836792e-02
6.995239108800888062e-02
6.996705383062362671e-02
6.998378038406372070e-02
7.000143826007843018e-02
7.001668214797973633e-02
7.003019005060195923e-02
7.004497945308685303e-02
7.005130499601364136e-02
7.005443423986434937e-02
7.005320489406585693e-02
7.004820555448532104e-02
7.004506886005401611e-02
7.003308087587356567e-02
7.001731544733047485e-02
7.000833749771118164e-02
6.999996304512023926e-02
6.998989731073379517e-02
6.997906416654586792e-02
6.997102499008178711e-02
6.995933502912521362e-02
6.994620710611343384e-02
6.992714107036590576e-02
6.990282982587814331e-02
6.988187879323959351e-02
6.985104084014892578e-02
6.981812417507171631e-02
6.979054212570190430e-02
6.976204365491867065e-02
6.973447650671005249e-02
6.970132887363433838e-02
6.966631859540939331e-02
6.963221728801727295e-02
6.958784162998199463e-02
6.954700499773025513e-02
6.951498985290527344e-02
6.948599964380264282e-02
6.945626437664031982e-02
6.942296773195266724e-02
6.939339637756347656e-02
6.936848163604736328e-02
6.935250759124755859e-02
6.934046745300292969e-02
6.933605670928955078e-02
6.933248788118362427e-02
6.933055818080902100e-02
6.933062523603439331e-02
6.933227926492691040e-02
6.933910399675369263e-02
6.934376060962677002e-02
6.934425234794616699e-02
6.934416294097900391e-02
6.934615224599838257e-02
6.935038417577743530e-02
6.935659795999526978e-02
6.936870515346527100e-02
6.938014924526214600e-02
6.939127296209335327e-02
6.940888613462448120e-02
6.941928714513778687e-02
6.942890584468841553e-02
6.943756341934204102e-02
6.943651288747787476e-02
6.943129003047943115e-02
6.943161785602569580e-02
6.942733377218246460e-02
6.942526996135711670e-02
6.943047046661376953e-02
6.943135708570480347e-02
6.942760199308395386e-02
6.942512094974517822e-02
6.942361593246459961e-02
6.942220032215118408e-02
6.941588968038558960e-02
6.941457837820053101e-02
6.941168010234832764e-02
6.940793246030807495e-02
6.940650939941406250e-02
6.940367817878723145e-02
6.940221041440963745e-02
6.939384341239929199e-02
6.938990205526351929e-02
6.938356161117553711e-02
6.937985867261886597e-02
