3.685662755742669106e-03
3.685662755742669106e-03
5.389177240431308746e-03
6.009619683027267456e-03
6.435391493141651154e-03
6.957439240068197250e-03
7.020294666290283203e-03
7.221930194646120071e-03
7.167523726820945740e-03
7.061589043587446213e-03
6.788928061723709106e-03
6.665877532213926315e-03
6.450159475207328796e-03
6.277146283537149429e-03
6.294489838182926178e-03
6.483037956058979034e-03
6.769225466996431351e-03
6.922373082488775253e-03
7.000863552093505859e-03
6.935086566954851151e-03
6.918395403772592545e-03
6.719994824379682541e-03
6.423150189220905304e-03
6.156266201287508011e-03
5.812786519527435303e-03
5.596194416284561157e-03
5.366435740143060684e-03
5.163255613297224045e-03
4.970906767994165421e-03
4.906696733087301254e-03
4.810318816453218460e-03
4.627590067684650421e-03
4.221145063638687134e-03
3.950649872422218323e-03
3.833280410617589951e-03
3.627541009336709976e-03
3.481415100395679474e-03
3.360451897606253624e-03
3.377726534381508827e-03
3.570914966985583305e-03
3.799018450081348419e-03
4.162203986197710037e-03
4.508335143327713013e-03
4.901359323412179947e-03
5.136840045452117920e-03
5.217981990426778793e-03
5.097805522382259369e-03
5.069836042821407318e-03
4.906789865344762802e-03
4.580140113830566406e-03
4.306259099394083023e-03
4.171343520283699036e-03
4.017754923552274704e-03
3.838721895590424538e-03
3.811695380136370659e-03
3.690083744004368782e-03
3.677006578072905540e-03
3.689867909997701645e-03
3.815842792391777039e-03
3.944114316254854202e-03
4.098736215382814407e-03
4.087143111974000931e-03
4.011299926787614822e-03
4.029297735542058945e-03
3.912021405994892120e-03
3.775984747335314751e-03
3.639446571469306946e-03
3.517288248986005783e-03
3.555293893441557884e-03
3.529184265062212944e-03
3.627151716500520706e-03
3.746010828763246536e-03
3.772043390199542046e-03
3.663894487544894218e-03
3.470896510407328606e-03
3.211858449503779411e-03
2.931918483227491379e-03
2.684506820514798164e-03
2.568133641034364700e-03
2.516807522624731064e-03
2.516773296520113945e-03
2.696941839531064034e-03
2.971877111122012138e-03
3.144353860989212990e-03
3.317183582112193108e-03
3.387176198884844780e-03
3.362903371453285217e-03
3.407129552215337753e-03
3.679401706904172897e-03
3.759336657822132111e-03
3.736927872523665428e-03
3.719269530847668648e-03
3.613375360146164894e-03
3.582019358873367310e-03
3.685401985421776772e-03
3.499325364828109741e-03
3.485784400254487991e-03
3.533744253218173981e-03
3.619220340624451637e-03
3.772064577788114548e-03
3.931223414838314056e-03
4.031488671898841858e-03
4.118531942367553711e-03
4.134637769311666489e-03
4.181769210845232010e-03
4.853248130530118942e-03
5.372117273509502411e-03
5.675090011209249496e-03
5.953236017376184464e-03
6.137705408036708832e-03
6.219463888555765152e-03
6.165702827274799347e-03
6.017359904944896698e-03
5.874367896467447281e-03
5.807498935610055923e-03
5.755954422056674957e-03
5.778747145086526871e-03
5.783473141491413116e-03
5.794124212116003036e-03
5.825077649205923080e-03
5.933756940066814423e-03
6.101843900978565216e-03
6.236029788851737976e-03
6.431808229535818100e-03
6.492614280432462692e-03
6.530123297125101089e-03
6.567452568560838699e-03
6.548475008457899094e-03
6.382761523127555847e-03
6.080219522118568420e-03
5.780450534075498581e-03
5.541074555367231369e-03
5.427958443760871887e-03
5.407930351793766022e-03
5.375948734581470490e-03
5.396046210080385208e-03
5.403988994657993317e-03
5.406824406236410141e-03
5.494866985827684402e-03
5.673666484653949738e-03
5.846808664500713348e-03
6.063067819923162460e-03
6.289695389568805695e-03
6.470609921962022781e-03
6.572381127625703812e-03
6.689241621643304825e-03
6.707031279802322388e-03
6.764721591025590897e-03
6.762833800166845322e-03
6.717595737427473068e-03
6.670157425105571747e-03
6.610153708606958389e-03
6.593368481844663620e-03
6.642866879701614380e-03
6.651815492659807205e-03
6.615212187170982361e-03
6.622638553380966187e-03
6.661167833954095840e-03
6.786032114177942276e-03
6.893302779644727707e-03
7.023117505013942719e-03
7.113923318684101105e-03
7.180292624980211258e-03
7.239614613354206085e-03
7.152724545449018478e-03
6.968656554818153381e-03
6.821109913289546967e-03
6.712631322443485260e-03
6.626417860388755798e-03
6.607840768992900848e-03
6.606358103454113007e-03
6.637858692556619644e-03
6.739458069205284119e-03
6.818891968578100204e-03
7.191153243184089661e-03
7.501313462853431702e-03
7.799607701599597931e-03
8.017824962735176086e-03
7.976259104907512665e-03
7.791806943714618683e-03
7.481752429157495499e-03
7.194480393081903458e-03
6.960014346987009048e-03
6.798474583774805069e-03
6.734660360962152481e-03
6.665363442152738571e-03
6.604867521673440933e-03
6.470686290413141251e-03
6.344157271087169647e-03
6.271993741393089294e-03
6.375127471983432770e-03
6.535296328365802765e-03
6.748226005584001541e-03
6.944168359041213989e-03
7.151225581765174866e-03
7.291399408131837845e-03
7.486372720450162888e-03
7.567150052636861801e-03
7.743569090962409973e-03
7.712313905358314514e-03
7.593375630676746368e-03
7.452787365764379501e-03
7.299100048840045929e-03
7.114245090633630753e-03
6.959015503525733948e-03
6.842146161943674088e-03
6.791890598833560944e-03
6.775307003408670425e-03
6.871404126286506653e-03
7.016751449555158615e-03
7.170122582465410233e-03
7.278091739863157272e-03
7.400475442409515381e-03
7.683397270739078522e-03
7.854429073631763458e-03
8.024053648114204407e-03
8.069782517850399017e-03
7.960273884236812592e-03
7.812234107404947281e-03
7.541999220848083496e-03
7.339551579207181931e-03
7.096680346876382828e-03
7.034764625132083893e-03
7.024183869361877441e-03
7.078478112816810608e-03
7.126740645617246628e-03
7.122732698917388916e-03
7.076096720993518829e-03
7.059714291244745255e-03
6.962678860872983932e-03
6.874774582684040070e-03
6.693316157907247543e-03
6.517497356981039047e-03
6.383221130818128586e-03
6.253666710108518600e-03
6.196872796863317490e-03
6.177002564072608948e-03
6.135053001344203949e-03
5.986734759062528610e-03
5.840837955474853516e-03
5.714308004826307297e-03
5.697547923773527145e-03
5.762580316513776779e-03
5.868421867489814758e-03
5.999814718961715698e-03
6.222760770469903946e-03
6.495544221252202988e-03
6.718731950968503952e-03
6.906752940267324448e-03
7.088415790349245071e-03
7.264237850904464722e-03
7.351983338594436646e-03
7.388137280941009521e-03
7.450069766491651535e-03
7.412268780171871185e-03
7.469835225492715836e-03
7.511085830628871918e-03
7.561407051980495453e-03
7.690705824643373489e-03
7.812578231096267700e-03
7.855905219912528992e-03
7.867150008678436279e-03
7.803629618138074875e-03
7.719401735812425613e-03
7.651395164430141449e-03
7.630092091858386993e-03
7.556247524917125702e-03
7.429938297718763351e-03
7.186063099652528763e-03
6.942645646631717682e-03
6.735963281244039536e-03
6.603913381695747375e-03
6.486951839178800583e-03
6.655525416135787964e-03
6.823591422289609909e-03
6.967121269553899765e-03
7.122250273823738098e-03
7.299300748854875565e-03
7.434382569044828415e-03
7.485291454941034317e-03
7.477760780602693558e-03
7.404232863336801529e-03
7.314167451113462448e-03
7.189969997853040695e-03
7.078064605593681335e-03
6.905101239681243896e-03
6.854081060737371445e-03
6.808588746935129166e-03
6.827943958342075348e-03
6.871813908219337463e-03
6.930962670594453812e-03
7.016511633992195129e-03
7.089291699230670929e-03
7.002279162406921387e-03
6.936156190931797028e-03
6.866407580673694611e-03
6.778290029615163803e-03
6.717450916767120361e-03
6.644429638981819153e-03
6.580487359315156937e-03
6.501333322376012802e-03
5.964188370853662491e-03
5.580789875239133835e-03
5.207359325140714645e-03
4.874750040471553802e-03
4.686777945607900620e-03
4.514802712947130203e-03
4.460940137505531311e-03
4.571876488626003265e-03
4.774915985763072968e-03
5.006757099181413651e-03
5.253114737570285797e-03
5.579612683504819870e-03
5.855621304363012314e-03
6.085318513214588165e-03
6.141732446849346161e-03
6.015501450747251511e-03
5.869355984032154083e-03
5.704695358872413635e-03
5.547473672777414322e-03
5.391404032707214355e-03
5.366217810660600662e-03
5.594627466052770615e-03
5.805497989058494568e-03
6.022568326443433762e-03
6.179396063089370728e-03
6.360318977385759354e-03
6.497452035546302795e-03
6.573988124728202820e-03
6.565411575138568878e-03
6.538032554090023041e-03
6.454788148403167725e-03
6.434616167098283768e-03
6.420159712433815002e-03
6.440433207899332047e-03
6.409232039004564285e-03
6.376321427524089813e-03
6.375898607075214386e-03
6.295800209045410156e-03
6.244058255106210709e-03
6.205273792147636414e-03
6.174975074827671051e-03
6.177149247378110886e-03
6.203642114996910095e-03
6.180145777761936188e-03
6.149752065539360046e-03
6.155162584036588669e-03
6.202706601470708847e-03
6.270097102969884872e-03
6.343188229948282242e-03
6.399632897228002548e-03
6.440403405576944351e-03
6.534526590257883072e-03
6.571069359779357910e-03
6.606219336390495300e-03
6.571415811777114868e-03
6.559577770531177521e-03
6.561801768839359283e-03
6.534144748002290726e-03
6.511967163532972336e-03
6.439847871661186218e-03
6.390282884240150452e-03
6.271557882428169250e-03
6.212909705936908722e-03
6.177219562232494354e-03
6.197706796228885651e-03
6.222095806151628494e-03
6.298626307398080826e-03
6.441733334213495255e-03
6.638600490987300873e-03
6.771040614694356918e-03
6.812640931457281113e-03
6.806633900851011276e-03
6.806026678532361984e-03
6.754624657332897186e-03
6.715120747685432434e-03
6.682613864541053772e-03
6.588097661733627319e-03
6.511868443340063095e-03
6.384743843227624893e-03
6.308986805379390717e-03
6.286259740591049194e-03
6.253044586628675461e-03
6.222634576261043549e-03
6.198446266353130341e-03
6.194870918989181519e-03
6.213661748915910721e-03
6.237949710339307785e-03
6.155769340693950653e-03
6.102848332375288010e-03
6.085664499551057816e-03
6.140718236565589905e-03
6.176028866320848465e-03
6.180428899824619293e-03
6.158967968076467514e-03
6.098949816077947617e-03
6.120158825069665909e-03
6.144488696008920670e-03
6.209890358150005341e-03
6.236369721591472626e-03
6.266417913138866425e-03
6.385884247720241547e-03
6.481276359409093857e-03
6.592665333300828934e-03
6.761315278708934784e-03
6.912078242748975754e-03
7.078110240399837494e-03
7.233171723783016205e-03
7.265595719218254089e-03
7.287436164915561676e-03
7.274746429175138474e-03
7.297838106751441956e-03
7.317561656236648560e-03
7.353817112743854523e-03
7.330448366701602936e-03
7.318121381103992462e-03
7.307925261557102203e-03
7.354519795626401901e-03
7.408839650452136993e-03
7.452394347637891769e-03
7.567072287201881409e-03
7.625096477568149567e-03
7.636908441781997681e-03
7.686051540076732635e-03
7.682229857891798019e-03
7.711512967944145203e-03
7.708612363785505295e-03
7.692863233387470245e-03
7.823728024959564209e-03
7.949961349368095398e-03
8.016190491616725922e-03
8.063908666372299194e-03
8.074221201241016388e-03
8.019026368856430054e-03
8.047966286540031433e-03
8.118731901049613953e-03
8.202125318348407745e-03
8.274465799331665039e-03
8.349849842488765717e-03
8.433063514530658722e-03
8.400483988225460052e-03
8.351551368832588196e-03
8.264700882136821747e-03
8.180942386388778687e-03
8.035746403038501740e-03
7.896126247942447662e-03
7.806570734828710556e-03
7.848328910768032074e-03
8.013422600924968719e-03
8.187144063413143158e-03
8.346245624125003815e-03
8.479584008455276489e-03
8.608787320554256439e-03
8.664384484291076660e-03
8.728582412004470825e-03
8.800976909697055817e-03
8.855483494699001312e-03
8.877694606781005859e-03
8.927583694458007812e-03
8.868711069226264954e-03
8.816016837954521179e-03
8.724868297576904297e-03
8.649636059999465942e-03
8.537767454981803894e-03
8.410478010773658752e-03
8.249514736235141754e-03
8.096975274384021759e-03
7.898911833763122559e-03
7.742417976260185242e-03
7.685052230954170227e-03
7.721517235040664673e-03
7.832376286387443542e-03
7.949029095470905304e-03
7.973236963152885437e-03
7.974313572049140930e-03
7.929272949695587158e-03
7.927441038191318512e-03
7.903852500021457672e-03
7.826990447938442230e-03
7.759459782391786575e-03
7.717302534729242325e-03
7.689272053539752960e-03
7.657202426344156265e-03
7.598371710628271103e-03
7.510953117161989212e-03
7.470282260328531265e-03
7.444041315466165543e-03
7.445135153830051422e-03
7.400535978376865387e-03
7.362892385572195053e-03
7.287198677659034729e-03
7.210986223071813583e-03
7.108292076736688614e-03
7.026371080428361893e-03
6.960090715438127518e-03
6.933559197932481766e-03
6.956181954592466354e-03
7.035559974610805511e-03
7.165876217186450958e-03
7.285861298441886902e-03
7.416165899485349655e-03
7.598934695124626160e-03
7.698719389736652374e-03
7.772871758788824081e-03
7.816461846232414246e-03
7.810005452483892441e-03
7.798485457897186279e-03
7.821192964911460876e-03
7.875777781009674072e-03
7.964530959725379944e-03
8.013909682631492615e-03
8.139975368976593018e-03
8.173454552888870239e-03
8.257243782281875610e-03
8.321244269609451294e-03
8.346340619027614594e-03
8.357120677828788757e-03
8.307251147925853729e-03
8.226082660257816315e-03
8.144984021782875061e-03
8.068755269050598145e-03
7.999182678759098053e-03
8.009249344468116760e-03
8.050431497395038605e-03
8.130434900522232056e-03
8.182196877896785736e-03
8.186369203031063080e-03
8.170778863131999969e-03
8.106935769319534302e-03
8.039737120270729065e-03
7.894543930888175964e-03
7.798080798238515854e-03
7.721097674220800400e-03
7.779411971569061279e-03
7.879632525146007538e-03
7.907555438578128815e-03
7.898340933024883270e-03
7.804599590599536896e-03
7.671022787690162659e-03
7.605209480971097946e-03
7.492697332054376602e-03
7.322831545025110245e-03
7.205184083431959152e-03
7.060277275741100311e-03
6.971898954361677170e-03
6.914623547345399857e-03
6.835112813860177994e-03
6.731382571160793304e-03
6.683591287583112717e-03
6.694722920656204224e-03
6.772857625037431717e-03
6.865988951176404953e-03
6.908443756401538849e-03
6.907885894179344177e-03
6.900373846292495728e-03
6.894945632666349411e-03
6.776952650398015976e-03
6.611131597310304642e-03
6.495074834674596786e-03
6.353475153446197510e-03
6.219702772796154022e-03
6.129816640168428421e-03
6.086934823542833328e-03
6.130228284746408463e-03
6.212851963937282562e-03
6.324289366602897644e-03
6.442183163017034531e-03
6.593422032892704010e-03
6.760016549378633499e-03
6.905025336891412735e-03
7.051830645650625229e-03
7.197347469627857208e-03
7.336747366935014725e-03
7.365946192294359207e-03
7.319624070078134537e-03
7.291549351066350937e-03
7.299093063920736313e-03
7.322576828300952911e-03
7.312770001590251923e-03
7.235094904899597168e-03
7.094667293131351471e-03
6.989155896008014679e-03
6.853292696177959442e-03
6.755360867828130722e-03
6.723235361278057098e-03
6.670272443443536758e-03
6.548686418682336807e-03
6.434013601392507553e-03
6.312500219792127609e-03
6.175102666020393372e-03
6.130766123533248901e-03
6.148286629468202591e-03
6.188149098306894302e-03
6.201992742717266083e-03
6.264402996748685837e-03
6.384192965924739838e-03
6.547408178448677063e-03
6.698391400277614594e-03
6.878505926579236984e-03
7.001815829426050186e-03
7.146209012717008591e-03
7.265676278620958328e-03
7.332929875701665878e-03
7.388934493064880371e-03
7.391385734081268311e-03
7.331222295761108398e-03
7.241502404212951660e-03
7.135045249015092850e-03
7.079126778990030289e-03
7.096644490957260132e-03
7.159817032516002655e-03
7.219442632049322128e-03
7.267873734235763550e-03
7.306897547096014023e-03
7.322973106056451797e-03
7.346278522163629532e-03
7.339806295931339264e-03
7.278972305357456207e-03
7.209333125501871109e-03
7.111312355846166611e-03
7.041560485959053040e-03
6.964722648262977600e-03
6.936240009963512421e-03
6.953687407076358795e-03
6.993990857154130936e-03
7.086650934070348740e-03
7.203583605587482452e-03
7.341770920902490616e-03
7.332668174058198929e-03
7.389243692159652710e-03
7.553148549050092697e-03
7.696414366364479065e-03
7.907329127192497253e-03
8.080706931650638580e-03
8.163281716406345367e-03
8.235918357968330383e-03
8.412305265665054321e-03
8.523061871528625488e-03
8.573402650654315948e-03
8.572390303015708923e-03
8.515177294611930847e-03
8.453119546175003052e-03
8.464018814265727997e-03
8.463473059237003326e-03
8.643576875329017639e-03
8.871046826243400574e-03
9.060488082468509674e-03
9.243822656571865082e-03
9.403756819665431976e-03
9.545051492750644684e-03
9.657767601311206818e-03
9.711836464703083038e-03
9.732721373438835144e-03
9.776262566447257996e-03
9.778941050171852112e-03
9.785025380551815033e-03
9.756785817444324493e-03
9.714030660688877106e-03
9.694655425846576691e-03
9.703776799142360687e-03
9.756645187735557556e-03
9.858679957687854767e-03
9.970419108867645264e-03
1.005701348185539246e-02
1.007087714970111847e-02
1.004086248576641083e-02
9.995764121413230896e-03
9.915482252836227417e-03
9.781502187252044678e-03
9.677981957793235779e-03
9.604088962078094482e-03
9.470586664974689484e-03
9.432111866772174835e-03
9.426122531294822693e-03
9.453211911022663116e-03
9.518996812403202057e-03
9.539176709949970245e-03
9.622361510992050171e-03
9.717233479022979736e-03
9.776775725185871124e-03
9.819366969168186188e-03
9.825692512094974518e-03
9.890419431030750275e-03
9.955217130482196808e-03
1.002283394336700439e-02
1.002720929682254791e-02
1.002857368439435959e-02
9.974190965294837952e-03
9.921018965542316437e-03
9.879130870103836060e-03
9.747847914695739746e-03
9.606016799807548523e-03
9.530386887490749359e-03
9.471313096582889557e-03
9.473196230828762054e-03
9.442766197025775909e-03
9.375320747494697571e-03
9.367722086608409882e-03
9.362982586026191711e-03
9.409393183887004852e-03
9.471599012613296509e-03
9.490143507719039917e-03
9.513279423117637634e-03
9.538007900118827820e-03
9.541607461869716644e-03
9.500467218458652496e-03
9.402994997799396515e-03
9.296176023781299591e-03
9.149245917797088623e-03
9.051224216818809509e-03
8.941831998527050018e-03
8.877068758010864258e-03
8.848243393003940582e-03
8.749847300350666046e-03
8.667157031595706940e-03
8.565657772123813629e-03
8.464549668133258820e-03
8.363346569240093231e-03
8.201789110898971558e-03
8.035626262426376343e-03
7.887484505772590637e-03
7.827518507838249207e-03
7.785301655530929565e-03
7.848680950701236725e-03
7.900211028754711151e-03
7.963936775922775269e-03
7.996306754648685455e-03
7.984187453985214233e-03
7.890099659562110901e-03
7.838731631636619568e-03
7.801669184118509293e-03
7.826305925846099854e-03
7.886832579970359802e-03
7.888075895607471466e-03
7.986946031451225281e-03
8.021242916584014893e-03
8.054193109273910522e-03
8.015139959752559662e-03
7.950102910399436951e-03
7.859053090214729309e-03
7.773949299007654190e-03
7.684515323489904404e-03
7.648368366062641144e-03
7.606341037899255753e-03
7.605584338307380676e-03
7.631329819560050964e-03
7.651941850781440735e-03
7.655114401131868362e-03
7.619443815201520920e-03
7.591117173433303833e-03
7.574059534817934036e-03
7.581949699670076370e-03
7.560713216662406921e-03
7.550809532403945923e-03
7.554797921329736710e-03
7.537622936069965363e-03
7.529292255640029907e-03
7.467242423444986343e-03
7.389946840703487396e-03
7.311130873858928680e-03
7.221900857985019684e-03
7.199213374406099319e-03
7.187544833868741989e-03
7.138578686863183975e-03
7.155612111091613770e-03
7.175234612077474594e-03
7.132343016564846039e-03
7.110869046300649643e-03
7.112875580787658691e-03
7.170151919126510620e-03
7.244924549013376236e-03
7.285548374056816101e-03
7.341753691434860229e-03
7.436951156705617905e-03
7.534085772931575775e-03
7.654949557036161423e-03
7.721052039414644241e-03
7.753313519060611725e-03
7.708736229687929153e-03
7.651544641703367233e-03
7.571014575660228729e-03
7.564662955701351166e-03
7.577717769891023636e-03
7.604486774653196335e-03
7.667882833629846573e-03
7.729919627308845520e-03
7.773203309625387192e-03
7.801791653037071228e-03
7.851648144423961639e-03
7.852626033127307892e-03
7.861763238906860352e-03
7.853745482861995697e-03
7.835126481950283051e-03
7.877734489738941193e-03
7.929417304694652557e-03
8.010243065655231476e-03
8.027845062315464020e-03
7.998620159924030304e-03
7.809590548276901245e-03
6.796487141400575638e-03
5.992928985506296158e-03
5.371225997805595398e-03
4.956729710102081299e-03
4.694064147770404816e-03
4.499396774917840958e-03
4.394142888486385345e-03
4.327401053160429001e-03
4.282027482986450195e-03
4.238151013851165771e-03
4.150632768869400024e-03
4.036789759993553162e-03
3.918813541531562805e-03
3.801171900704503059e-03
3.709182143211364746e-03
3.629765706136822701e-03
3.697265638038516045e-03
3.761873580515384674e-03
3.859572345390915871e-03
4.023152403533458710e-03
4.286316223442554474e-03
4.691312089562416077e-03
5.151020362973213196e-03
5.599889904260635376e-03
6.087085232138633728e-03
6.502340082079172134e-03
6.825454998761415482e-03
7.048282772302627563e-03
7.182828616350889206e-03
7.245332933962345123e-03
7.273227442055940628e-03
7.261954713612794876e-03
7.231041789054870605e-03
7.208224385976791382e-03
7.186557631939649582e-03
7.173103280365467072e-03
7.134278304874897003e-03
7.006522268056869507e-03
6.849931553006172180e-03
6.642126943916082382e-03
6.396848708391189575e-03
6.125998683273792267e-03
5.915427580475807190e-03
5.771915428340435028e-03
5.635641049593687057e-03
5.438602063804864883e-03
5.356099456548690796e-03
5.326931364834308624e-03
5.343286786228418350e-03
5.402778740972280502e-03
5.544741638004779816e-03
5.738037172704935074e-03
6.001565605401992798e-03
6.382626481354236603e-03
6.654972676187753677e-03
6.906014867126941681e-03
7.080921437591314316e-03
7.225429639220237732e-03
7.305220700800418854e-03
7.318185642361640930e-03
7.254891563206911087e-03
7.152059581130743027e-03
7.046039681881666183e-03
6.891202647238969803e-03
6.700039841234683990e-03
6.472086533904075623e-03
6.261564325541257858e-03
6.143944337964057922e-03
6.081478670239448547e-03
6.092212162911891937e-03
6.098967976868152618e-03
6.233723368495702744e-03
6.378802936524152756e-03
6.459242198616266251e-03
6.561437621712684631e-03
6.669906899333000183e-03
6.842452101409435272e-03
7.011067587882280350e-03
7.096188608556985855e-03
7.216975092887878418e-03
7.384906057268381119e-03
7.610553409904241562e-03
7.845404557883739471e-03
8.058212697505950928e-03
8.264597505331039429e-03
8.451456204056739807e-03
8.516722358763217926e-03
8.504473604261875153e-03
8.443205617368221283e-03
8.396662771701812744e-03
8.298928849399089813e-03
8.194833993911743164e-03
8.136234246194362640e-03
8.088083006441593170e-03
8.017592132091522217e-03
7.893531583249568939e-03
7.757909130305051804e-03
7.707526907324790955e-03
7.642208598554134369e-03
7.584752980619668961e-03
7.532223127782344818e-03
7.597411517053842545e-03
7.635985035449266434e-03
7.609634194523096085e-03
7.567513734102249146e-03
7.497896440327167511e-03
7.492538541555404663e-03
7.507790811359882355e-03
7.502870634198188782e-03
7.519821636378765106e-03
7.209985051304101944e-03
6.977179553359746933e-03
6.823862902820110321e-03
6.654874887317419052e-03
6.575498729944229126e-03
6.569039542227983475e-03
6.606777198612689972e-03
6.774686276912689209e-03
6.949624512344598770e-03
7.130433805286884308e-03
7.335087284445762634e-03
7.490945514291524887e-03
7.621801923960447311e-03
7.669110316783189774e-03
7.628301158547401428e-03
7.556953001767396927e-03
7.442717440426349640e-03
7.394451647996902466e-03
7.370252162218093872e-03
7.396175060421228409e-03
7.460494991391897202e-03
7.545489352196455002e-03
7.654935121536254883e-03
7.740039844065904617e-03
7.848775014281272888e-03
7.942083291709423065e-03
8.077068254351615906e-03
8.216641843318939209e-03
8.353364653885364532e-03
8.518609218299388885e-03
8.684974163770675659e-03
8.822249248623847961e-03
8.968008682131767273e-03
9.110725484788417816e-03
9.325255639851093292e-03
9.408029727637767792e-03
9.523442015051841736e-03
9.596073068678379059e-03
9.547524154186248779e-03
9.500579908490180969e-03
9.383440949022769928e-03
9.234243072569370270e-03
9.057336486876010895e-03
8.924615569412708282e-03
8.722897619009017944e-03
8.601751178503036499e-03
8.537646383047103882e-03
8.501407690346240997e-03
8.496159687638282776e-03
8.467307314276695251e-03
8.513805456459522247e-03
8.590687997639179230e-03
8.670967072248458862e-03
8.747607469558715820e-03
8.871730417013168335e-03
8.982785977423191071e-03
9.098459966480731964e-03
9.162150323390960693e-03
9.282184764742851257e-03
9.367755614221096039e-03
9.429258294403553009e-03
9.491586126387119293e-03
9.532362222671508789e-03
9.541498497128486633e-03
9.458749555051326752e-03
9.430986829102039337e-03
9.383161552250385284e-03
9.306694380939006805e-03
9.257284924387931824e-03
9.238610044121742249e-03
9.247181005775928497e-03
9.249640628695487976e-03
9.273874573409557343e-03
9.314812719821929932e-03
9.336472488939762115e-03
9.358323179185390472e-03
9.397257119417190552e-03
9.440071880817413330e-03
9.476331993937492371e-03
9.513176046311855316e-03
9.566421620547771454e-03
9.643175639212131500e-03
9.724739938974380493e-03
9.780707769095897675e-03
9.844491258263587952e-03
9.911539964377880096e-03
1.000435370951890945e-02
1.004279777407646179e-02
1.008136384189128876e-02
1.010917034000158310e-02
1.011369843035936356e-02
1.013239752501249313e-02
1.016371510922908783e-02
1.016001682728528976e-02
1.013140752911567688e-02
1.001010462641716003e-02
9.905181825160980225e-03
9.851699694991111755e-03
9.812497533857822418e-03
9.758448228240013123e-03
9.638715535402297974e-03
9.582944214344024658e-03
9.573341347277164459e-03
9.569476358592510223e-03
9.557991288602352142e-03
9.542657062411308289e-03
9.528229013085365295e-03
9.485788643360137939e-03
9.429735131561756134e-03
9.372977539896965027e-03
9.274668991565704346e-03
9.223364293575286865e-03
9.124952368438243866e-03
9.069826453924179077e-03
9.009424597024917603e-03
9.022051468491554260e-03
9.083606302738189697e-03
9.206728078424930573e-03
9.334272705018520355e-03
9.460628032684326172e-03
9.608262218534946442e-03
9.637733921408653259e-03
9.661162272095680237e-03
9.655691683292388916e-03
9.609499946236610413e-03
9.559164755046367645e-03
9.484389796853065491e-03
9.337574243545532227e-03
9.218705818057060242e-03
9.067831560969352722e-03
8.975804783403873444e-03
8.920423686504364014e-03
8.957191370427608490e-03
9.032312780618667603e-03
9.154600091278553009e-03
9.281074628233909607e-03
9.376177564263343811e-03
9.456837549805641174e-03
9.513305500149726868e-03
9.571378119289875031e-03
9.592846967279911041e-03
9.547941386699676514e-03
9.494931437075138092e-03
9.386897087097167969e-03
9.227081201970577240e-03
9.079455398023128510e-03
8.908793330192565918e-03
8.684889413416385651e-03
8.521857671439647675e-03
8.421520702540874481e-03
8.351217024028301239e-03
8.299353532493114471e-03
8.294329047203063965e-03
8.326304145157337189e-03
8.351366966962814331e-03
8.344860747456550598e-03
8.355119265615940094e-03
8.358158171176910400e-03
8.347186259925365448e-03
8.332733996212482452e-03
8.333048783242702484e-03
8.279920555651187897e-03
8.214542642235755920e-03
8.142294362187385559e-03
8.074331097304821014e-03
8.007750846445560455e-03
7.888575084507465363e-03
7.795434910804033279e-03
7.688621990382671356e-03
7.595229893922805786e-03
7.528256624937057495e-03
7.467850577086210251e-03
7.372707594186067581e-03
7.341746706515550613e-03
7.306480314582586288e-03
7.298322394490242004e-03
7.319209631532430649e-03
7.317209150642156601e-03
7.330878637731075287e-03
7.343023084104061127e-03
7.336772046983242035e-03
7.322435732930898666e-03
7.312883622944355011e-03
7.272902410477399826e-03
7.177695631980895996e-03
7.146554999053478241e-03
7.170986384153366089e-03
7.181822787970304489e-03
7.217647507786750793e-03
7.253854069858789444e-03
7.281863596290349960e-03
7.316111121326684952e-03
7.360745221376419067e-03
7.443650159984827042e-03
7.486233022063970566e-03
7.519008591771125793e-03
7.592310663312673569e-03
7.636668160557746887e-03
7.674094755202531815e-03
7.717048749327659607e-03
7.718331180512905121e-03
7.715920917689800262e-03
7.688573561608791351e-03
7.655173540115356445e-03
7.591690868139266968e-03
7.586359977722167969e-03
7.544153835624456406e-03
7.507086731493473053e-03
7.465874310582876205e-03
7.416006643325090408e-03
7.338233292102813721e-03
7.237834855914115906e-03
7.100173737853765488e-03
7.016431074589490891e-03
6.960048340260982513e-03
6.892003584653139114e-03
6.806965917348861694e-03
6.750334054231643677e-03
6.722060497850179672e-03
6.710613612085580826e-03
6.670455913990736008e-03
6.605755072087049484e-03
6.555963773280382156e-03
6.504707969725131989e-03
6.448091473430395126e-03
6.457240786403417587e-03
6.475452333688735962e-03
6.471649743616580963e-03
6.516998633742332458e-03
6.566819269210100174e-03
6.633683573454618454e-03
6.703405175358057022e-03
6.807542406022548676e-03
6.966580636799335480e-03
7.125129923224449158e-03
7.230732124298810959e-03
7.335510104894638062e-03
7.399735972285270691e-03
7.466584909707307816e-03
7.437960710376501083e-03
7.382864598184823990e-03
7.315055001527070999e-03
7.254715543240308762e-03
7.220571395009756088e-03
7.211117073893547058e-03
7.223562803119421005e-03
7.076954934746026993e-03
6.947028450667858124e-03
6.824339739978313446e-03
6.711208261549472809e-03
6.620450410991907120e-03
6.519312504678964615e-03
6.490720901638269424e-03
6.462591234594583511e-03
6.395325995981693268e-03
6.355737801641225815e-03
6.325484253466129303e-03
6.225432734936475754e-03
6.144293118268251419e-03
6.090358365327119827e-03
6.066607777029275894e-03
6.079258397221565247e-03
6.079226266592741013e-03
6.105406675487756729e-03
6.325519178062677383e-03
6.561135407537221909e-03
6.778325419872999191e-03
6.972154602408409119e-03
7.132705766707658768e-03
7.275327574461698532e-03
7.395502179861068726e-03
7.474342826753854752e-03
7.502419874072074890e-03
7.525220513343811035e-03
7.550145965069532394e-03
7.507661823183298111e-03
7.424431387335062027e-03
7.384859956800937653e-03
7.344972342252731323e-03
7.323372643440961838e-03
7.268102373927831650e-03
7.182275410741567612e-03
7.095201406627893448e-03
7.047084160149097443e-03
7.017273921519517899e-03
6.984250620007514954e-03
6.945194676518440247e-03
6.907560396939516068e-03
6.884827278554439545e-03
6.924130953848361969e-03
6.944396533071994781e-03
6.969440262764692307e-03
6.979675963521003723e-03
6.994912400841712952e-03
7.032520137727260590e-03
7.051216438412666321e-03
7.012710906565189362e-03
6.989363115280866623e-03
6.941289640963077545e-03
6.923185195773839951e-03
6.933927070349454880e-03
6.922656670212745667e-03
6.968080066144466400e-03
7.033159025013446808e-03
7.067395839840173721e-03
7.091627456247806549e-03
7.065819110721349716e-03
7.094280794262886047e-03
7.107454817742109299e-03
7.151489611715078354e-03
7.227432448416948318e-03
7.190486881881952286e-03
7.147063035517930984e-03
7.079795468598604202e-03
6.986683700233697891e-03
6.878297775983810425e-03
6.814653053879737854e-03
6.771787069737911224e-03
6.734872702509164810e-03
6.728490814566612244e-03
6.771840155124664307e-03
6.802995689213275909e-03
6.849832367151975632e-03
6.867501419037580490e-03
6.885738112032413483e-03
6.844220217317342758e-03
6.810722406953573227e-03
6.731188390403985977e-03
6.681329570710659027e-03
6.655907258391380310e-03
6.657015066593885422e-03
6.687168963253498077e-03
6.685100030153989792e-03
6.663832347840070724e-03
6.637882906943559647e-03
6.603631190955638885e-03
6.595754530280828476e-03
6.631880532950162888e-03
6.609111092984676361e-03
6.610990501940250397e-03
6.609560456126928329e-03
6.643543019890785217e-03
6.664795801043510437e-03
6.596306804567575455e-03
6.563499569892883301e-03
6.491465028375387192e-03
6.399878766387701035e-03
6.353704258799552917e-03
6.338153965771198273e-03
6.291838362812995911e-03
6.259000394493341446e-03
6.250551901757717133e-03
6.321455352008342743e-03
6.735919043421745300e-03
7.131045684218406677e-03
7.431835867464542389e-03
7.656638976186513901e-03
7.855455391108989716e-03
8.014426566660404205e-03
8.106271736323833466e-03
8.141209371387958527e-03
8.143644779920578003e-03
8.090099319815635681e-03
8.021739311516284943e-03
7.947753183543682098e-03
7.865574210882186890e-03
7.756172213703393936e-03
7.648347411304712296e-03
7.559390738606452942e-03
7.466381881386041641e-03
7.420715410262346268e-03
7.424819283187389374e-03
7.436517626047134399e-03
7.422640919685363770e-03
7.432003039866685867e-03
7.473124191164970398e-03
7.536778692156076431e-03
7.633928675204515457e-03
7.760558743029832840e-03
7.834629155695438385e-03
7.870093919336795807e-03
7.858669385313987732e-03
7.822415791451931000e-03
7.783330045640468597e-03
7.741470355540513992e-03
7.690998259931802750e-03
7.683468051254749298e-03
7.663860917091369629e-03
7.638848386704921722e-03
7.593383081257343292e-03
7.546985987573862076e-03
7.451254408806562424e-03
7.349801249802112579e-03
7.215578109025955200e-03
7.080300245434045792e-03
7.034956477582454681e-03
7.010795176029205322e-03
6.982767488807439804e-03
6.982199847698211670e-03
7.094015367329120636e-03
7.203706540167331696e-03
7.262416183948516846e-03
7.303680293262004852e-03
7.360144983977079391e-03
7.409039419144392014e-03
7.418304681777954102e-03
7.405735552310943604e-03
7.404874544590711594e-03
7.363033946603536606e-03
7.350565865635871887e-03
7.376806810498237610e-03
7.426841650158166885e-03
7.468727417290210724e-03
7.490652613341808319e-03
7.563006132841110229e-03
7.674153428524732590e-03
7.783813867717981339e-03
7.885730825364589691e-03
8.005812764167785645e-03
8.098550140857696533e-03
8.130577392876148224e-03
8.166793733835220337e-03
8.230541832745075226e-03
8.225237950682640076e-03
8.217641152441501617e-03
8.194804191589355469e-03
8.128449320793151855e-03
7.939207367599010468e-03
7.756826002150774002e-03
7.577255833894014359e-03
7.416405249387025833e-03
7.188589777797460556e-03
7.043065037578344345e-03
6.932084914296865463e-03
6.825961638242006302e-03
6.722142919898033142e-03
6.651056930422782898e-03
6.638597231358289719e-03
6.689154077321290970e-03
6.792446132749319077e-03
6.938335020095109940e-03
7.083062548190355301e-03
7.238003890961408615e-03
7.371179759502410889e-03
7.423154078423976898e-03
7.428617682307958603e-03
7.428342010825872421e-03
7.410769350826740265e-03
7.378115318715572357e-03
7.332092616707086563e-03
7.336876820772886276e-03
7.382560521364212036e-03
7.417944725602865219e-03
7.452572695910930634e-03
7.471675518900156021e-03
7.473079022020101547e-03
7.495041936635971069e-03
7.502541877329349518e-03
7.518393918871879578e-03
7.568037137389183044e-03
7.629557978361845016e-03
7.718998938798904419e-03
7.822733372449874878e-03
7.948195561766624451e-03
8.103792555630207062e-03
8.282047696411609650e-03
8.429246023297309875e-03
8.569149300456047058e-03
8.668821305036544800e-03
8.740606717765331268e-03
8.821260184049606323e-03
8.888502605259418488e-03
8.902245201170444489e-03
8.870408870279788971e-03
8.847354911267757416e-03
8.822323754429817200e-03
8.767094463109970093e-03
8.740852586925029755e-03
8.698533289134502411e-03
8.667632937431335449e-03
8.653009310364723206e-03
8.638639934360980988e-03
8.653316646814346313e-03
8.680817671120166779e-03
8.717949502170085907e-03
8.756875060498714447e-03
8.774506859481334686e-03
8.772631175816059113e-03
8.731147274374961853e-03
8.648085407912731171e-03
8.512007072567939758e-03
8.338091894984245300e-03
8.164646103978157043e-03
8.010400459170341492e-03
7.861202582716941833e-03
7.710794452577829361e-03
7.577490527182817459e-03
7.442696485668420792e-03
7.314143702387809753e-03
7.198400329798460007e-03
7.069979794323444366e-03
6.934026256203651428e-03
6.821251008659601212e-03
6.747344043105840683e-03
6.738730706274509430e-03
6.747242528945207596e-03
6.748977582901716232e-03
6.780611351132392883e-03
6.841494236141443253e-03
7.080059032887220383e-03
7.310008630156517029e-03
7.498422171920537949e-03
7.642504293471574783e-03
7.707610260695219040e-03
7.713611703366041183e-03
7.689062971621751785e-03
7.563368882983922958e-03
7.372120860964059830e-03
7.166549563407897949e-03
6.956834811717271805e-03
6.751081440597772598e-03
6.608885247260332108e-03
6.497942376881837845e-03
6.432152353227138519e-03
6.406658794730901718e-03
6.434643175452947617e-03
6.504293996840715408e-03
6.572989281266927719e-03
6.670346483588218689e-03
6.809809710830450058e-03
6.992006674408912659e-03
7.150799036026000977e-03
7.275310344994068146e-03
7.385958917438983917e-03
7.443156559020280838e-03
7.423673756420612335e-03
7.378185633569955826e-03
7.328611332923173904e-03
7.305230945348739624e-03
7.287376560270786285e-03
7.288843393325805664e-03
7.286186795681715012e-03
7.259183097630739212e-03
7.208507508039474487e-03
7.180526852607727051e-03
7.095123641192913055e-03
7.033858913928270340e-03
6.934045348316431046e-03
6.839189212769269943e-03
6.802127230912446976e-03
6.778054405003786087e-03
6.797728594392538071e-03
6.820027716457843781e-03
6.865522824227809906e-03
6.952496245503425598e-03
7.024550810456275940e-03
7.131472695618867874e-03
7.274140603840351105e-03
7.387423422187566757e-03
7.481148466467857361e-03
7.553121540695428848e-03
7.640086580067873001e-03
7.660131901502609253e-03
7.629676721990108490e-03
7.563349325209856033e-03
7.485684473067522049e-03
7.488672621548175812e-03
7.490141317248344421e-03
7.479395251721143723e-03
7.479705847799777985e-03
7.487797178328037262e-03
7.496011443436145782e-03
7.539311423897743225e-03
7.597274146974086761e-03
7.623705081641674042e-03
7.672139909118413925e-03
7.697576656937599182e-03
7.691680919378995895e-03
7.625025697052478790e-03
7.550506386905908585e-03
7.457997649908065796e-03
7.368655875325202942e-03
7.300157565623521805e-03
7.225043140351772308e-03
7.146609015762805939e-03
7.038190495222806931e-03
6.955521646887063980e-03
6.879453547298908234e-03
6.834885571151971817e-03
6.807242985814809799e-03
6.799158174544572830e-03
6.815157830715179443e-03
6.852046586573123932e-03
6.880359724164009094e-03
6.907841190695762634e-03
6.929578259587287903e-03
6.983915343880653381e-03
7.053686305880546570e-03
7.182840723544359207e-03
7.307354826480150223e-03
7.424423005431890488e-03
7.542356383055448532e-03
7.596177514642477036e-03
7.653343491256237030e-03
7.733483333140611649e-03
7.838199846446514130e-03
7.918591611087322235e-03
7.921946235001087189e-03
7.903154939413070679e-03
7.840506732463836670e-03
7.723462302237749100e-03
7.585042156279087067e-03
7.470240816473960876e-03
7.388169411569833755e-03
7.339579984545707703e-03
7.291714660823345184e-03
7.254461757838726044e-03
7.192440330982208252e-03
7.126387208700180054e-03
7.082615979015827179e-03
7.025497034192085266e-03
6.992700975388288498e-03
6.947616580873727798e-03
6.903219502419233322e-03
6.877600681036710739e-03
6.856881547719240189e-03
6.828287150710821152e-03
6.834689527750015259e-03
6.875476799905300140e-03
6.888764444738626480e-03
6.944741588085889816e-03
6.988968700170516968e-03
7.021664641797542572e-03
7.037903647869825363e-03
6.998965051025152206e-03
6.939502432942390442e-03
6.910306867212057114e-03
6.896268110722303391e-03
6.901295389980077744e-03
6.916650570929050446e-03
6.932625547051429749e-03
6.919973995536565781e-03
6.948516238480806351e-03
6.932314950972795486e-03
6.900935433804988861e-03
6.881656125187873840e-03
6.872426252812147141e-03
6.873779930174350739e-03
6.884936708956956863e-03
6.899364292621612549e-03
6.960223428905010223e-03
7.004396524280309677e-03
7.059932686388492584e-03
7.132521830499172211e-03
7.182851433753967285e-03
7.246750406920909882e-03
7.278694771230220795e-03
7.277796976268291473e-03
7.293148897588253021e-03
7.277852855622768402e-03
7.250137627124786377e-03
7.236357778310775757e-03
7.219328545033931732e-03
7.207047659903764725e-03
7.186878006905317307e-03
7.129556965082883835e-03
7.054890040308237076e-03
6.998215802013874054e-03
6.954483687877655029e-03
6.921936757862567902e-03
6.902143824845552444e-03
6.888981442898511887e-03
6.870943121612071991e-03
6.858602631837129593e-03
6.824353709816932678e-03
6.808128673583269119e-03
6.806140299886465073e-03
6.812490988522768021e-03
6.805433426052331924e-03
6.771414075046777725e-03
6.928415969014167786e-03
7.056729402393102646e-03
7.170218043029308319e-03
7.289283443242311478e-03
7.375306449830532074e-03
7.417145650833845139e-03
7.418597582727670670e-03
7.397754117846488953e-03
7.400367408990859985e-03
7.379319053143262863e-03
7.362376432865858078e-03
7.365520577877759933e-03
7.417245768010616302e-03
7.454983424395322800e-03
7.452467922121286392e-03
7.452331949025392532e-03
7.450824137777090073e-03
7.454849779605865479e-03
7.455773185938596725e-03
7.462419103831052780e-03
7.424745708703994751e-03
7.357004564255475998e-03
7.331179920583963394e-03
7.286177482455968857e-03
7.205822505056858063e-03
7.166370749473571777e-03
7.145397365093231201e-03
7.162405643612146378e-03
7.219489198178052902e-03
7.325628306716680527e-03
7.432593498378992081e-03
7.543444167822599411e-03
7.677061948925256729e-03
7.790934294462203979e-03
7.862041704356670380e-03
7.903802208602428436e-03
7.948234677314758301e-03
8.008770644664764404e-03
8.044871501624584198e-03
8.105861023068428040e-03
8.148180320858955383e-03
8.088397793471813202e-03
8.023863658308982849e-03
7.969320751726627350e-03
7.922157645225524902e-03
7.853970862925052643e-03
7.766766473650932312e-03
6.781870964914560318e-03
5.894160363823175430e-03
5.185649264603853226e-03
4.620551597326993942e-03
4.183180630207061768e-03
3.857606090605258942e-03
3.644174663349986076e-03
3.542933613061904907e-03
3.569245804101228714e-03
3.591386135667562485e-03
3.659088630229234695e-03
3.759995801374316216e-03
3.875132882967591286e-03
4.053737968206405640e-03
4.321412183344364166e-03
4.612234421074390411e-03
4.924457985907793045e-03
5.244232714176177979e-03
5.569895729422569275e-03
5.869068671017885208e-03
6.145828403532505035e-03
6.388826761394739151e-03
6.599179003387689590e-03
6.799775175750255585e-03
7.001559250056743622e-03
7.164413575083017349e-03
7.265953812748193741e-03
7.331795059144496918e-03
7.379430346190929413e-03
7.417253218591213226e-03
7.391408085823059082e-03
7.328896317631006241e-03
7.254499476402997971e-03
7.218501064926385880e-03
7.194186095148324966e-03
7.131071295589208603e-03
7.104795891791582108e-03
7.104949094355106354e-03
7.064905948936939240e-03
7.014689501374959946e-03
7.005083374679088593e-03
7.020193152129650116e-03
7.042139768600463867e-03
7.033827248960733414e-03
7.011219859123229980e-03
7.019014563411474228e-03
6.988817825913429260e-03
6.950079929083585739e-03
6.923656444996595383e-03
6.906948983669281006e-03
6.906697060912847519e-03
6.910738069564104080e-03
6.918990518897771835e-03
6.880674976855516434e-03
7.319857366383075714e-03
7.733136881142854691e-03
8.094844408333301544e-03
8.377969264984130859e-03
8.596704341471195221e-03
8.768896572291851044e-03
8.881504647433757782e-03
8.966379798948764801e-03
9.017851203680038452e-03
9.021068923175334930e-03
9.002718143165111542e-03
8.942835032939910889e-03
8.839696645736694336e-03
8.728621527552604675e-03
8.612517267465591431e-03
8.453258313238620758e-03
8.327527903020381927e-03
8.233427070081233978e-03
8.182842284440994263e-03
8.123855106532573700e-03
8.059034124016761780e-03
8.002995513379573822e-03
7.909895852208137512e-03
7.794839795678853989e-03
7.685927674174308777e-03
7.624908350408077240e-03
7.581678684800863266e-03
7.531564217060804367e-03
7.490762043744325638e-03
7.476816885173320770e-03
7.479079999029636383e-03
7.587864063680171967e-03
7.698366884142160416e-03
7.820867933332920074e-03
7.920186966657638550e-03
8.051476441323757172e-03
8.148542605340480804e-03
8.265174925327301025e-03
8.369200862944126129e-03
8.459105156362056732e-03
8.521987125277519226e-03
8.556616492569446564e-03
8.552020415663719177e-03
8.510851301252841949e-03
8.502857759594917297e-03
8.498225361108779907e-03
8.490548469126224518e-03
8.486977778375148773e-03
8.515168912708759308e-03
8.518602699041366577e-03
8.481971919536590576e-03
8.451835252344608307e-03
8.411177434027194977e-03
8.387012407183647156e-03
8.384078741073608398e-03
8.432704024016857147e-03
8.476615883409976959e-03
8.543059229850769043e-03
8.591333404183387756e-03
8.640590123832225800e-03
8.659988641738891602e-03
8.677496574819087982e-03
8.673139847815036774e-03
8.658776059746742249e-03
8.609002456068992615e-03
8.552060462534427643e-03
8.522889576852321625e-03
8.461145684123039246e-03
8.376191370189189911e-03
8.281489834189414978e-03
8.191186003386974335e-03
8.090049959719181061e-03
7.996089756488800049e-03
7.916806265711784363e-03
7.876491174101829529e-03
7.879290729761123657e-03
7.869152352213859558e-03
7.880771532654762268e-03
7.941714487969875336e-03
7.999362424015998840e-03
8.061078377068042755e-03
8.130693808197975159e-03
8.229264058172702789e-03
8.309719152748584747e-03
8.368841372430324554e-03
8.427097462117671967e-03
8.423525840044021606e-03
8.370080031454563141e-03
8.301581256091594696e-03
8.216115646064281464e-03
8.135305717587471008e-03
8.096941746771335602e-03
8.080603554844856262e-03
8.063863031566143036e-03
8.054967038333415985e-03
8.057408034801483154e-03
8.056251332163810730e-03
8.123575709760189056e-03
8.196940645575523376e-03
8.248922415077686310e-03
8.294939994812011719e-03
8.305845782160758972e-03
8.307839743793010712e-03
8.292639628052711487e-03
8.302258327603340149e-03
8.309794589877128601e-03
8.326097391545772552e-03
8.363637141883373260e-03
8.431547321379184723e-03
8.491686545312404633e-03
8.535102009773254395e-03
8.576988242566585541e-03
8.623211644589900970e-03
8.660805411636829376e-03
8.697442710399627686e-03
8.735382929444313049e-03
8.767010644078254700e-03
8.892382495105266571e-03
8.987833745777606964e-03
9.078232571482658386e-03
9.143148548901081085e-03
9.196907281875610352e-03
9.183537214994430542e-03
9.165908209979534149e-03
9.164955466985702515e-03
9.140286594629287720e-03
9.094896726310253143e-03
9.048083797097206116e-03
8.993257768452167511e-03
8.949489332735538483e-03
8.863261900842189789e-03
8.800918236374855042e-03
8.740236982703208923e-03
8.721577934920787811e-03
8.715290576219558716e-03
8.725886233150959015e-03
8.734743110835552216e-03
8.789649233222007751e-03
8.862664923071861267e-03
8.921121247112751007e-03
8.991222828626632690e-03
9.027766995131969452e-03
9.053994901478290558e-03
9.071140550076961517e-03
9.110645391047000885e-03
9.184058755636215210e-03
9.357011877000331879e-03
9.519620798528194427e-03
9.664759971201419830e-03
9.802532382309436798e-03
9.911111555993556976e-03
9.978044778108596802e-03
1.001520641148090363e-02
9.991174563765525818e-03
9.968064725399017334e-03
9.910908527672290802e-03
9.809559211134910583e-03
9.701961651444435120e-03
9.581284597516059875e-03
9.463658556342124939e-03
9.386076591908931732e-03
9.335205890238285065e-03
9.306998923420906067e-03
9.294583462178707123e-03
9.308536536991596222e-03
9.314784780144691467e-03
9.400091134011745453e-03
9.504851885139942169e-03
9.576058946549892426e-03
9.645639918744564056e-03
9.701810777187347412e-03
9.734470397233963013e-03
9.780387394130229950e-03
9.825005196034908295e-03
9.858642704784870148e-03
9.917643852531909943e-03
9.970252402126789093e-03
9.986928664147853851e-03
9.950387291610240936e-03
9.913344867527484894e-03
9.782812558114528656e-03
9.655317291617393494e-03
9.560922160744667053e-03
9.467422030866146088e-03
9.399943985044956207e-03
9.352540597319602966e-03
9.322837926447391510e-03
9.332306683063507080e-03
9.332316927611827850e-03
9.323643520474433899e-03
9.319089353084564209e-03
9.304983541369438171e-03
9.303396567702293396e-03
9.288720786571502686e-03
9.251671843230724335e-03
9.217600338160991669e-03
9.177816100418567657e-03
9.109506383538246155e-03
9.035415947437286377e-03
8.976955898106098175e-03
8.896614424884319305e-03
8.834885433316230774e-03
8.790259249508380890e-03
8.765513077378273010e-03
9.041364304721355438e-03
9.254182688891887665e-03
9.450080804526805878e-03
9.602290578186511993e-03
9.730330668389797211e-03
9.786207228899002075e-03
9.820860810577869415e-03
9.826144203543663025e-03
9.789270348846912384e-03
9.711988270282745361e-03
9.596831165254116058e-03
9.454155340790748596e-03
9.311129339039325714e-03
9.182260371744632721e-03
9.061269462108612061e-03
8.958155289292335510e-03
8.883151225745677948e-03
8.787852711975574493e-03
8.686789311468601227e-03
8.583629503846168518e-03
8.492536842823028564e-03
8.443854749202728271e-03
8.461656048893928528e-03
8.540479466319084167e-03
8.602375164628028870e-03
8.666428737342357635e-03
8.732326328754425049e-03
8.773444220423698425e-03
8.823114447295665741e-03
8.877607993781566620e-03
8.918258361518383026e-03
8.939345367252826691e-03
8.943557739257812500e-03
8.908452466130256653e-03
8.883055299520492554e-03
8.844796568155288696e-03
8.805057965219020844e-03
8.782853372395038605e-03
8.744961582124233246e-03
8.677150122821331024e-03
8.606709539890289307e-03
8.552474901080131531e-03
8.527250029146671295e-03
8.505991660058498383e-03
8.493511937558650970e-03
8.515564724802970886e-03
8.530280552804470062e-03
8.532945066690444946e-03
8.552855812013149261e-03
8.556968532502651215e-03
8.566942065954208374e-03
8.564756251871585846e-03
8.557282388210296631e-03
8.534950204193592072e-03
8.525535464286804199e-03
8.529561571776866913e-03
8.536963723599910736e-03
8.553749881684780121e-03
8.554104715585708618e-03
8.544740267097949982e-03
8.469882421195507050e-03
8.350514806807041168e-03
8.201082237064838409e-03
8.059749379754066467e-03
7.910809479653835297e-03
7.797604892402887344e-03
7.664700970053672791e-03
7.539533544331789017e-03
7.393436506390571594e-03
7.125791627913713455e-03
6.883639842271804810e-03
6.687377113848924637e-03
6.529561243951320648e-03
6.453263573348522186e-03
6.453186273574829102e-03
6.476087030023336411e-03
6.531693506985902786e-03
6.596392486244440079e-03
6.670266389846801758e-03
6.768082734197378159e-03
6.859331857413053513e-03
6.950997747480869293e-03
7.047065533697605133e-03
7.123165298253297806e-03
7.170447614043951035e-03
7.170447614043951035e-03
7.170447614043951035e-03
7.206120528280735016e-03
7.250255905091762543e-03
7.295303978025913239e-03
7.353334687650203705e-03
7.390586193650960922e-03
7.420045323669910431e-03
7.432278245687484741e-03
7.432960905134677887e-03
7.428496144711971283e-03
7.416582200676202774e-03
7.396845612674951553e-03
7.359411567449569702e-03
7.281521800905466080e-03
7.205765228718519211e-03
7.126788608729839325e-03
7.082493510097265244e-03
7.036900147795677185e-03
7.031117100268602371e-03
7.036351598799228668e-03
