3.246238827705383301e-02
3.246238827705383301e-02
3.205046430230140686e-02
3.248375654220581055e-02
3.323185816407203674e-02
3.359690681099891663e-02
3.422001004219055176e-02
3.418422117829322815e-02
3.376762568950653076e-02
3.375152125954627991e-02
3.396033495664596558e-02
3.414523974061012268e-02
3.425887227058410645e-02
3.432261943817138672e-02
3.439288958907127380e-02
3.448849916458129883e-02
3.437712043523788452e-02
3.415939956903457642e-02
3.376003727316856384e-02
3.335197642445564270e-02
3.291591256856918335e-02
3.238815441727638245e-02
3.192659467458724976e-02
3.145579621195793152e-02
3.086716495454311371e-02
3.030911833047866821e-02
2.977119013667106628e-02
2.933212742209434509e-02
2.885207906365394592e-02
2.856680564582347870e-02
2.835561707615852356e-02
2.828987501561641693e-02
2.825007587671279907e-02
2.808637730777263641e-02
2.779499627649784088e-02
2.749259956181049347e-02
2.748269774019718170e-02
2.760289423167705536e-02
2.785379253327846527e-02
2.819610200822353363e-02
2.866305224597454071e-02
2.903020568192005157e-02
2.952979132533073425e-02
2.997027896344661713e-02
3.021071106195449829e-02
3.048149123787879944e-02
3.073048219084739685e-02
3.083477169275283813e-02
3.075240738689899445e-02
3.073367103934288025e-02
3.053153119981288910e-02
3.027044981718063354e-02
2.999273687601089478e-02
2.984469756484031677e-02
2.974982932209968567e-02
2.962269261479377747e-02
2.961765043437480927e-02
2.969985269010066986e-02
2.967793308198451996e-02
2.966122329235076904e-02
2.960736677050590515e-02
2.968215011060237885e-02
2.980735711753368378e-02
2.964870445430278778e-02
2.964574843645095825e-02
2.953717112541198730e-02
2.941180020570755005e-02
2.933934330940246582e-02
2.920233085751533508e-02
2.906816639006137848e-02
2.903714217245578766e-02
2.896686084568500519e-02
2.900181524455547333e-02
2.901092544198036194e-02
2.913367561995983124e-02
2.929343096911907196e-02
2.937584184110164642e-02
2.965771220624446869e-02
2.975273504853248596e-02
2.989527955651283264e-02
3.015379607677459717e-02
3.053119964897632599e-02
3.084245324134826660e-02
3.123810701072216034e-02
3.146085515618324280e-02
3.149571642279624939e-02
3.141695261001586914e-02
3.125391900539398193e-02
3.099749609827995300e-02
3.081212751567363739e-02
3.063700720667839050e-02
3.051699325442314148e-02
3.034724108874797821e-02
3.040479496121406555e-02
3.043336234986782074e-02
3.046838380396366119e-02
3.040591999888420105e-02
3.038309328258037567e-02
3.049073740839958191e-02
3.052351437509059906e-02
3.063113242387771606e-02
3.062965162098407745e-02
3.071274235844612122e-02
3.057159483432769775e-02
3.041051886975765228e-02
3.035951405763626099e-02
3.032507374882698059e-02
3.024284355342388153e-02
3.006701916456222534e-02
3.005272336304187775e-02
3.002675622701644897e-02
2.998845092952251434e-02
3.015502914786338806e-02
3.035830333828926086e-02
3.067770972847938538e-02
3.091725707054138184e-02
3.112434409558773041e-02
3.129757195711135864e-02
3.136310353875160217e-02
3.129520267248153687e-02
3.107537329196929932e-02
3.082154318690299988e-02
3.059908747673034668e-02
3.051330521702766418e-02
3.047657385468482971e-02
3.044129349291324615e-02
3.046370483934879303e-02
3.050583973526954651e-02
3.060061112046241760e-02
3.063291683793067932e-02
3.080946207046508789e-02
3.084108605980873108e-02
3.088063001632690430e-02
3.076735511422157288e-02
3.078886307775974274e-02
3.085332177579402924e-02
3.097338974475860596e-02
3.103087842464447021e-02
3.156987205147743225e-02
3.194463625550270081e-02
3.225583583116531372e-02
3.243039548397064209e-02
3.241737931966781616e-02
3.241238743066787720e-02
3.237086907029151917e-02
3.236762061715126038e-02
3.238018974661827087e-02
3.236631304025650024e-02
3.238904476165771484e-02
3.243885189294815063e-02
3.248021379113197327e-02
3.246479481458663940e-02
3.246498480439186096e-02
3.244604170322418213e-02
3.250442445278167725e-02
3.263961523771286011e-02
3.269262239336967468e-02
3.280507773160934448e-02
3.298749774694442749e-02
3.322378918528556824e-02
3.336744382977485657e-02
3.359546884894371033e-02
3.379851579666137695e-02
3.385132178664207458e-02
3.381870687007904053e-02
3.383235260844230652e-02
3.397777676582336426e-02
3.412631526589393616e-02
3.435990586876869202e-02
3.464309126138687134e-02
3.479916974902153015e-02
3.476057946681976318e-02
3.485048562288284302e-02
3.495799750089645386e-02
3.500267863273620605e-02
3.511328622698783875e-02
3.517888486385345459e-02
3.521350398659706116e-02
3.525861725211143494e-02
3.538192063570022583e-02
3.575017675757408142e-02
3.621000051498413086e-02
3.638844564557075500e-02
3.648985922336578369e-02
3.648362681269645691e-02
3.634323179721832275e-02
3.608787432312965393e-02
3.585626929998397827e-02
3.552993759512901306e-02
3.519814461469650269e-02
3.495936095714569092e-02
3.474270552396774292e-02
3.444343432784080505e-02
3.432402014732360840e-02
3.437652066349983215e-02
3.452918678522109985e-02
3.462013229727745056e-02
3.473088890314102173e-02
3.465513139963150024e-02
3.454277291893959045e-02
3.436900675296783447e-02
3.414526581764221191e-02
3.387881442904472351e-02
3.365409374237060547e-02
3.363937512040138245e-02
3.365781158208847046e-02
3.388794884085655212e-02
3.410247713327407837e-02
3.443258628249168396e-02
3.473357856273651123e-02
3.491735830903053284e-02
3.505067899823188782e-02
3.506357595324516296e-02
3.510662913322448730e-02
3.514332696795463562e-02
3.524795919656753540e-02
3.534156084060668945e-02
3.554714471101760864e-02
3.570461645722389221e-02
3.577674925327301025e-02
3.579236939549446106e-02
3.581231087446212769e-02
3.572355583310127258e-02
3.549039363861083984e-02
3.534474596381187439e-02
3.554121777415275574e-02
3.571680933237075806e-02
3.581965342164039612e-02
3.596797585487365723e-02
3.609522432088851929e-02
3.621487691998481750e-02
3.617880120873451233e-02
3.604400530457496643e-02
3.589697554707527161e-02
3.582951053977012634e-02
3.588566556572914124e-02
3.606162965297698975e-02
3.623778000473976135e-02
3.625825420022010803e-02
3.616918250918388367e-02
3.595489263534545898e-02
3.573329374194145203e-02
3.566501289606094360e-02
3.568286076188087463e-02
3.578722476959228516e-02
3.602329641580581665e-02
3.621715307235717773e-02
3.641963005065917969e-02
3.644846007227897644e-02
3.630960732698440552e-02
3.619235754013061523e-02
3.620678931474685669e-02
3.543086722493171692e-02
3.478580713272094727e-02
3.423603251576423645e-02
3.381489589810371399e-02
3.351538255810737610e-02
3.341138735413551331e-02
3.336404263973236084e-02
3.333546593785285950e-02
3.324173018336296082e-02
3.310326114296913147e-02
3.289335221052169800e-02
3.253417462110519409e-02
3.225810825824737549e-02
3.208744898438453674e-02
3.203717246651649475e-02
3.202129900455474854e-02
3.198841214179992676e-02
3.191742300987243652e-02
3.193629533052444458e-02
3.203050792217254639e-02
3.216879442334175110e-02
3.234845772385597229e-02
3.250868618488311768e-02
3.258802741765975952e-02
3.265814110636711121e-02
3.279001638293266296e-02
3.281861543655395508e-02
3.287421911954879761e-02
3.286487609148025513e-02
3.292658925056457520e-02
3.311071172356605530e-02
3.328819945454597473e-02
3.340197354555130005e-02
3.347060456871986389e-02
3.345404565334320068e-02
3.354072570800781250e-02
3.362207487225532532e-02
3.365039452910423279e-02
3.366375342011451721e-02
3.367287293076515198e-02
3.368012979626655579e-02
3.367348760366439819e-02
3.362351655960083008e-02
3.364507481455802917e-02
3.368762508034706116e-02
3.366187587380409241e-02
3.354273363947868347e-02
3.340699151158332825e-02
3.329438716173171997e-02
3.321962058544158936e-02
3.321714326739311218e-02
3.320404514670372009e-02
3.326413780450820923e-02
3.328176960349082947e-02
3.335998952388763428e-02
3.333269804716110229e-02
3.331369906663894653e-02
3.329811990261077881e-02
3.330313414335250854e-02
3.331588581204414368e-02
3.336606174707412720e-02
3.350943326950073242e-02
3.361103683710098267e-02
3.380207717418670654e-02
3.399090841412544250e-02
3.418530896306037903e-02
3.430499136447906494e-02
3.436160832643508911e-02
3.425746783614158630e-02
3.404304385185241699e-02
3.382267802953720093e-02
3.357710316777229309e-02
3.336947411298751831e-02
3.320277109742164612e-02
3.325427323579788208e-02
3.328302875161170959e-02
3.338548913598060608e-02
3.349269554018974304e-02
3.344955667853355408e-02
3.340420871973037720e-02
3.328299522399902344e-02
3.313478454947471619e-02
3.305669128894805908e-02
3.307155519723892212e-02
3.305754065513610840e-02
3.310098126530647278e-02
3.323582932353019714e-02
3.338303416967391968e-02
3.355895355343818665e-02
3.374850749969482422e-02
3.393610939383506775e-02
3.408089652657508850e-02
3.418644890189170837e-02
3.430329263210296631e-02
3.434330597519874573e-02
3.439057245850563049e-02
3.447983786463737488e-02
3.456255793571472168e-02
3.455823287367820740e-02
3.465071693062782288e-02
3.475485742092132568e-02
3.490178659558296204e-02
3.500818088650703430e-02
3.501256927847862244e-02
3.496901318430900574e-02
3.497518226504325867e-02
3.499220311641693115e-02
3.504575788974761963e-02
3.507134318351745605e-02
3.508711978793144226e-02
3.511377051472663879e-02
3.508103638887405396e-02
3.500133752822875977e-02
3.488257154822349548e-02
3.480241075158119202e-02
3.465482220053672791e-02
3.457368910312652588e-02
3.455352038145065308e-02
3.444657102227210999e-02
3.439273312687873840e-02
3.434701263904571533e-02
3.424152731895446777e-02
3.414250165224075317e-02
3.402856364846229553e-02
3.392839059233665466e-02
3.379123285412788391e-02
3.367384150624275208e-02
3.364657610654830933e-02
3.362634778022766113e-02
3.359246253967285156e-02
3.354090824723243713e-02
3.348892182111740112e-02
3.331007063388824463e-02
3.303255140781402588e-02
3.275454044342041016e-02
3.252343460917472839e-02
3.237500041723251343e-02
3.231646865606307983e-02
3.217622637748718262e-02
3.189586848020553589e-02
3.168443962931632996e-02
3.157710656523704529e-02
3.155209869146347046e-02
3.158019110560417175e-02
3.160667046904563904e-02
3.161386772990226746e-02
3.161233663558959961e-02
3.154502436518669128e-02
3.140108659863471985e-02
3.117805719375610352e-02
3.088631480932235718e-02
3.063824959099292755e-02
3.042529709637165070e-02
3.024569526314735413e-02
2.998690307140350342e-02
2.981819212436676025e-02
2.976293303072452545e-02
2.967129833996295929e-02
2.949972450733184814e-02
2.928108908236026764e-02
2.895586937665939331e-02
2.870634384453296661e-02
2.857447043061256409e-02
2.849934436380863190e-02
2.844731137156486511e-02
2.838675118982791901e-02
2.828623540699481964e-02
2.821256034076213837e-02
2.813997305929660797e-02
2.811505086719989777e-02
2.799670211970806122e-02
2.786348015069961548e-02
2.779664099216461182e-02
2.774032205343246460e-02
2.760793454945087433e-02
2.749674394726753235e-02
2.745250798761844635e-02
2.739400416612625122e-02
2.733974531292915344e-02
2.732192724943161011e-02
2.728737890720367432e-02
2.721379138529300690e-02
2.700215391814708710e-02
2.672603912651538849e-02
2.640520781278610229e-02
2.625952288508415222e-02
2.618915960192680359e-02
2.615608088672161102e-02
2.614852972328662872e-02
2.612350508570671082e-02
2.610990591347217560e-02
2.609588019549846649e-02
2.605181187391281128e-02
2.597206085920333862e-02
2.591294981539249420e-02
2.584721334278583527e-02
2.573227323591709137e-02
2.568827569484710693e-02
2.566624060273170471e-02
2.569187432527542114e-02
2.576675079762935638e-02
2.591466531157493591e-02
2.611630782485008240e-02
2.629272267222404480e-02
2.645478583872318268e-02
2.646647766232490540e-02
2.650386840105056763e-02
2.647987939417362213e-02
2.643406018614768982e-02
2.638875134289264679e-02
2.631901763379573822e-02
2.629959397017955780e-02
2.631178312003612518e-02
2.637582458555698395e-02
2.650532498955726624e-02
2.662016823887825012e-02
2.667745202779769897e-02
2.666926383972167969e-02
2.668140456080436707e-02
2.669157087802886963e-02
2.667838521301746368e-02
2.667100913822650909e-02
2.662959322333335876e-02
2.656134776771068573e-02
2.657426148653030396e-02
2.665181457996368408e-02
2.676025219261646271e-02
2.683866582810878754e-02
2.693635784089565277e-02
2.701901644468307495e-02
2.705623209476470947e-02
2.706036530435085297e-02
2.699046209454536438e-02
2.686437964439392090e-02
2.668899670243263245e-02
2.649937942624092102e-02
2.637222409248352051e-02
2.636584825813770294e-02
2.638279087841510773e-02
2.636736445128917694e-02
2.633915469050407410e-02
2.626910805702209473e-02
2.623933739960193634e-02
2.617114223539829254e-02
2.635258063673973083e-02
2.641223557293415070e-02
2.638742513954639435e-02
2.627254649996757507e-02
2.608935721218585968e-02
2.587160095572471619e-02
2.567292377352714539e-02
2.546125650405883789e-02
2.526079863309860229e-02
2.515257708728313446e-02
2.513012848794460297e-02
2.516770176589488983e-02
2.517859824001789093e-02
2.517248503863811493e-02
2.513384446501731873e-02
2.505477704107761383e-02
2.498698607087135315e-02
2.492984011769294739e-02
2.486099489033222198e-02
2.483962662518024445e-02
2.481334283947944641e-02
2.483030408620834351e-02
2.480842359364032745e-02
2.483621239662170410e-02
2.487275004386901855e-02
2.494473010301589966e-02
2.502753399312496185e-02
2.506798692047595978e-02
2.508801408112049103e-02
2.500373125076293945e-02
2.489299885928630829e-02
2.481259033083915710e-02
2.476489543914794922e-02
2.476882562041282654e-02
2.475821413099765778e-02
2.473433874547481537e-02
2.472652122378349304e-02
2.472338825464248657e-02
2.470503188669681549e-02
2.471991814672946930e-02
2.474590949714183807e-02
2.479855902493000031e-02
2.487691491842269897e-02
2.496022358536720276e-02
2.502337843179702759e-02
2.516333013772964478e-02
2.526021376252174377e-02
2.533870562911033630e-02
2.534781955182552338e-02
2.533965557813644409e-02
2.534151449799537659e-02
2.535757236182689667e-02
2.527381666004657745e-02
2.517606504261493683e-02
2.515446767210960388e-02
2.515939436852931976e-02
2.516753599047660828e-02
2.516209892928600311e-02
2.507555671036243439e-02
2.496224269270896912e-02
2.486602403223514557e-02
2.475546486675739288e-02
2.464142628014087677e-02
2.444558031857013702e-02
2.431177906692028046e-02
2.418935112655162811e-02
2.401853352785110474e-02
2.389502152800559998e-02
2.380377054214477539e-02
2.379713393747806549e-02
2.389057725667953491e-02
2.399991452693939209e-02
2.407802455127239227e-02
2.413846552371978760e-02
2.420316636562347412e-02
2.421639114618301392e-02
2.432114817202091217e-02
2.436821535229682922e-02
2.445118129253387451e-02
2.445757389068603516e-02
2.447995916008949280e-02
2.453403361141681671e-02
2.461603842675685883e-02
2.477040886878967285e-02
2.497157640755176544e-02
2.510276250541210175e-02
2.522101998329162598e-02
2.525235898792743683e-02
2.521284110844135284e-02
2.517816610634326935e-02
2.520981803536415100e-02
2.522150427103042603e-02
2.524155192077159882e-02
2.534532360732555389e-02
2.538811229169368744e-02
2.542308531701564789e-02
2.546258270740509033e-02
2.541192807257175446e-02
2.533718757331371307e-02
2.526303753256797791e-02
2.517989464104175568e-02
2.511546388268470764e-02
2.504075691103935242e-02
2.501461841166019440e-02
2.498039044439792633e-02
2.495937980711460114e-02
2.499971538782119751e-02
2.510933205485343933e-02
2.518063783645629883e-02
2.519129402935504913e-02
2.518877573311328888e-02
2.517718076705932617e-02
2.519870735704898834e-02
2.530379593372344971e-02
2.535994350910186768e-02
2.532369270920753479e-02
2.528135851025581360e-02
2.528831735253334045e-02
2.525581791996955872e-02
2.524198777973651886e-02
2.531757019460201263e-02
2.542598545551300049e-02
2.550713159143924713e-02
2.554046362638473511e-02
2.551929466426372528e-02
2.548823319375514984e-02
2.541331015527248383e-02
2.534095756709575653e-02
2.530162781476974487e-02
2.527537383139133453e-02
2.524173073470592499e-02
2.522704936563968658e-02
2.519456855952739716e-02
2.518230862915515900e-02
2.514943853020668030e-02
2.500957064330577850e-02
2.487388253211975098e-02
2.468602545559406281e-02
2.453145198523998260e-02
2.439381554722785950e-02
2.430458553135395050e-02
2.422209084033966064e-02
2.419386990368366241e-02
2.417504414916038513e-02
2.413744665682315826e-02
2.401775121688842773e-02
2.398006618022918701e-02
2.400245890021324158e-02
2.400758676230907440e-02
2.395300194621086121e-02
2.394526451826095581e-02
2.396497689187526703e-02
2.393981814384460449e-02
2.386708930134773254e-02
2.380109950900077820e-02
2.374106459319591522e-02
2.367360517382621765e-02
2.357112057507038116e-02
2.344877272844314575e-02
2.325335517525672913e-02
2.308352477848529816e-02
2.294312417507171631e-02
2.277771197259426117e-02
2.263525873422622681e-02
2.250926755368709564e-02
2.238728664815425873e-02
2.230877429246902466e-02
2.219802699983119965e-02
2.212356030941009521e-02
2.204734832048416138e-02
2.192708849906921387e-02
2.180727757513523102e-02
2.164486609399318695e-02
2.146978303790092468e-02
2.131830714643001556e-02
2.118075080215930939e-02
2.111950516700744629e-02
2.101427316665649414e-02
2.086362242698669434e-02
2.073979936540126801e-02
2.071828767657279968e-02
2.073822543025016785e-02
2.077124081552028656e-02
2.082869596779346466e-02
2.084001712501049042e-02
2.079699188470840454e-02
2.072016894817352295e-02
2.076297998428344727e-02
2.079861611127853394e-02
2.079455927014350891e-02
2.080668136477470398e-02
2.085931599140167236e-02
2.101206406950950623e-02
2.112061157822608948e-02
2.123188227415084839e-02
2.130902744829654694e-02
2.136421203613281250e-02
2.142182923853397369e-02
2.141524851322174072e-02
2.140046097338199615e-02
2.134715951979160309e-02
2.133044973015785217e-02
2.132909558713436127e-02
2.130614407360553741e-02
2.121396176517009735e-02
2.117322757840156555e-02
2.113748528063297272e-02
2.118879184126853943e-02
2.126396447420120239e-02
2.140475995838642120e-02
2.150068618357181549e-02
2.155116386711597443e-02
2.153011411428451538e-02
2.148009091615676880e-02
2.143127843737602234e-02
2.141586504876613617e-02
2.143524028360843658e-02
2.141452208161354065e-02
2.137761376798152924e-02
2.130232937633991241e-02
2.123974449932575226e-02
2.114571258425712585e-02
2.105321548879146576e-02
2.098503522574901581e-02
2.086193859577178955e-02
2.077699638903141022e-02
2.074068039655685425e-02
2.076350897550582886e-02
2.082098275423049927e-02
2.083984948694705963e-02
2.091791108250617981e-02
2.097745984792709351e-02
2.099128812551498413e-02
2.097428776323795319e-02
2.087601646780967712e-02
2.073436044156551361e-02
2.050737477838993073e-02
2.026739902794361115e-02
2.003732323646545410e-02
1.988411694765090942e-02
1.979055628180503845e-02
1.978817023336887360e-02
1.981856115162372589e-02
1.984868757426738739e-02
1.988933980464935303e-02
1.992046274244785309e-02
1.996506378054618835e-02
2.002794668078422546e-02
2.009456977248191833e-02
2.007953636348247528e-02
2.003022283315658569e-02
1.998566649854183197e-02
1.996949687600135803e-02
1.990315690636634827e-02
1.986952312290668488e-02
1.982925832271575928e-02
1.984279416501522064e-02
1.986923441290855408e-02
1.986766047775745392e-02
1.987319812178611755e-02
1.980162970721721649e-02
1.968898624181747437e-02
1.962313987314701080e-02
1.958809047937393188e-02
1.955844834446907043e-02
1.950443722307682037e-02
1.948310993611812592e-02
1.948113366961479187e-02
1.943399012088775635e-02
1.936691254377365112e-02
1.929062232375144958e-02
1.921440474689006805e-02
1.918717660009860992e-02
1.906288042664527893e-02
1.894761063158512115e-02
1.876932010054588318e-02
1.860838010907173157e-02
1.850029453635215759e-02
1.843849942088127136e-02
1.842552982270717621e-02
1.842631772160530090e-02
1.847406290471553802e-02
1.854657940566539764e-02
1.857765577733516693e-02
1.859075203537940979e-02
1.860306784510612488e-02
1.850153319537639618e-02
1.843442767858505249e-02
1.832604780793190002e-02
1.825449801981449127e-02
1.817844249308109283e-02
1.816332153975963593e-02
1.819029450416564941e-02
1.826772093772888184e-02
1.836010999977588654e-02
1.837742514908313751e-02
1.839129440486431122e-02
1.838066987693309784e-02
1.838452182710170746e-02
1.841581054031848907e-02
1.846714317798614502e-02
1.859018392860889435e-02
1.874648593366146088e-02
1.888783089816570282e-02
1.895194128155708313e-02
1.898238807916641235e-02
1.901694573462009430e-02
1.903425529599189758e-02
1.908254064619541168e-02
1.912154443562030792e-02
1.923135854303836823e-02
1.937253028154373169e-02
1.952905580401420593e-02
1.962471008300781250e-02
1.963511481881141663e-02
1.958642713725566864e-02
1.947582885622978210e-02
1.937829889357089996e-02
1.923610828816890717e-02
1.906349323689937592e-02
1.889551617205142975e-02
1.873233914375305176e-02
1.858899928629398346e-02
1.845941506326198578e-02
1.834123022854328156e-02
1.824646443128585815e-02
1.816715300083160400e-02
1.807684637606143951e-02
1.797259040176868439e-02
1.784760691225528717e-02
1.776783354580402374e-02
1.769255660474300385e-02
1.758855022490024567e-02
1.754525676369667053e-02
1.747418753802776337e-02
1.740645058453083038e-02
1.727252826094627380e-02
1.712601073086261749e-02
1.702548563480377197e-02
1.691846176981925964e-02
1.687051542103290558e-02
1.681867800652980804e-02
1.681781932711601257e-02
1.691869273781776428e-02
1.701862551271915436e-02
1.711005531251430511e-02
1.720906607806682587e-02
1.723948493599891663e-02
1.725379750132560730e-02
1.728321798145771027e-02
1.728793047368526459e-02
1.727106422185897827e-02
1.728014461696147919e-02
1.728864945471286774e-02
1.729721575975418091e-02
1.729832403361797333e-02
1.728154160082340240e-02
1.727626472711563110e-02
1.728999242186546326e-02
1.733428053557872772e-02
1.734064519405364990e-02
1.737210154533386230e-02
1.740474253892898560e-02
1.742424629628658295e-02
1.746206916868686676e-02
1.756229996681213379e-02
1.764988154172897339e-02
1.770030520856380463e-02
1.775279827415943146e-02
1.773123070597648621e-02
1.776872016489505768e-02
1.779886521399021149e-02
1.781564392149448395e-02
1.783878542482852936e-02
1.777699589729309082e-02
1.771355606615543365e-02
1.760425791144371033e-02
1.744686812162399292e-02
1.739288121461868286e-02
1.738392189145088196e-02
1.736848615109920502e-02
1.734166592359542847e-02
1.734928600490093231e-02
1.731032878160476685e-02
1.720988191664218903e-02
1.712607964873313904e-02
1.706201955676078796e-02
1.696885377168655396e-02
1.688339561223983765e-02
1.673937775194644928e-02
1.656979508697986603e-02
1.633737608790397644e-02
1.614760234951972961e-02
1.595264486968517303e-02
1.579374819993972778e-02
1.571958698332309723e-02
1.570700667798519135e-02
1.569751277565956116e-02
1.569459587335586548e-02
1.565691269934177399e-02
1.559773087501525879e-02
1.558962184935808182e-02
1.559555530548095703e-02
1.559377089142799377e-02
1.562197413295507431e-02
1.569307036697864532e-02
1.575710810720920563e-02
1.579028367996215820e-02
1.578918844461441040e-02
1.582552120089530945e-02
1.584894955158233643e-02
1.587864756584167480e-02
1.591725088655948639e-02
1.603475026786327362e-02
1.612298749387264252e-02
1.618613302707672119e-02
1.625046692788600922e-02
1.633305102586746216e-02
1.642866432666778564e-02
1.651991158723831177e-02
1.662655360996723175e-02
1.670941337943077087e-02
1.677000522613525391e-02
1.683715544641017914e-02
1.686450466513633728e-02
1.684531942009925842e-02
1.680458150804042816e-02
1.671864278614521027e-02
1.669076457619667053e-02
1.665184833109378815e-02
1.664347574114799500e-02
1.662793196737766266e-02
1.658372953534126282e-02
1.651961356401443481e-02
1.640176214277744293e-02
1.628688909113407135e-02
1.617893017828464508e-02
1.611239463090896606e-02
1.603955589234828949e-02
1.595268771052360535e-02
1.590486057102680206e-02
1.587115414440631866e-02
1.586374826729297638e-02
1.582401990890502930e-02
1.577060855925083160e-02
1.570288650691509247e-02
1.565861329436302185e-02
1.561946421861648560e-02
1.558102481067180634e-02
1.555807609111070633e-02
1.557445991784334183e-02
1.554442010819911957e-02
1.551103591918945312e-02
1.551869418472051620e-02
1.552121248096227646e-02
1.552015170454978943e-02
1.554259657859802246e-02
1.555692404508590698e-02
1.551603712141513824e-02
1.534067373722791672e-02
1.517361868172883987e-02
1.501896139234304428e-02
1.489340700209140778e-02
1.481903064996004105e-02
1.476253289729356766e-02
1.475615054368972778e-02
1.479368656873703003e-02
1.489222794771194458e-02
1.500367373228073120e-02
1.515634637326002121e-02
1.525399181991815567e-02
1.534442417323589325e-02
1.537365466356277466e-02
1.537590939551591873e-02
1.533000078052282333e-02
1.529828645288944244e-02
1.528617646545171738e-02
1.530663855373859406e-02
1.531660463660955429e-02
1.544084679335355759e-02
1.553854253143072128e-02
1.561716105788946152e-02
1.570616289973258972e-02
1.574213989078998566e-02
1.575987972319126129e-02
1.574351824820041656e-02
1.571323536336421967e-02
1.566239260137081146e-02
1.561802811920642853e-02
1.558996457606554031e-02
1.555958483368158340e-02
1.550757139921188354e-02
1.549796294420957565e-02
1.547256391495466232e-02
1.545515842735767365e-02
1.545891910791397095e-02
1.541950739920139313e-02
1.535578630864620209e-02
1.529645919799804688e-02
1.522160042077302933e-02
1.518126577138900757e-02
1.514393184334039688e-02
1.511508505791425705e-02
1.507900655269622803e-02
