5.174769461154937744e-02
5.174769461154937744e-02
5.161006003618240356e-02
5.107868462800979614e-02
5.067564547061920166e-02
5.056958645582199097e-02
5.060189217329025269e-02
5.069414153695106506e-02
5.064234882593154907e-02
5.070913210511207581e-02
5.089097097516059875e-02
5.078374966979026794e-02
5.058031156659126282e-02
5.031874775886535645e-02
5.010665208101272583e-02
5.000831559300422668e-02
4.975630342960357666e-02
4.931079223752021790e-02
4.875130206346511841e-02
4.822248220443725586e-02
