4.109513759613037109e-02,4.352331161499023438e-03,-1.495036482810974121e-02
4.009509086608886719e-02,5.352258682250976562e-03,-1.595036685466766357e-02
4.073619842529296875e-02,6.104588508605957031e-03,-1.594781875610351562e-02
4.152739048004150391e-02,6.955146789550781250e-03,-1.571777462959289551e-02
4.229295253753662109e-02,7.444143295288085938e-03,-1.571817696094512939e-02
4.248189926147460938e-02,7.401704788208007812e-03,-1.620589196681976318e-02
4.263043403625488281e-02,7.325410842895507812e-03,-1.646648347377777100e-02
4.287087917327880859e-02,7.245063781738281250e-03,-1.687410473823547363e-02
4.318583011627197266e-02,7.349610328674316406e-03,-1.707741618156433105e-02
4.307210445404052734e-02,7.359147071838378906e-03,-1.728217303752899170e-02
4.311954975128173828e-02,7.391929626464843750e-03,-1.719871163368225098e-02
4.318630695343017578e-02,7.505059242248535156e-03,-1.727384328842163086e-02
4.315483570098876953e-02,7.638335227966308594e-03,-1.718911528587341309e-02
4.330015182495117188e-02,7.588863372802734375e-03,-1.708413660526275635e-02
4.348862171173095703e-02,7.645487785339355469e-03,-1.703360676765441895e-02
4.378378391265869141e-02,7.797956466674804688e-03,-1.692949235439300537e-02
4.429864883422851562e-02,7.795929908752441406e-03,-1.679106056690216064e-02
4.489910602569580078e-02,7.915019989013671875e-03,-1.659759879112243652e-02
4.557359218597412109e-02,8.020281791687011719e-03,-1.640024781227111816e-02
4.628062248229980469e-02,8.264183998107910156e-03,-1.614262163639068604e-02
4.689788818359375000e-02,8.580327033996582031e-03,-1.594354212284088135e-02
4.743349552154541016e-02,8.877992630004882812e-03,-1.564110815525054932e-02
4.803776741027832031e-02,9.147524833679199219e-03,-1.541720330715179443e-02
4.864811897277832031e-02,9.247303009033203125e-03,-1.518495380878448486e-02
4.926359653472900391e-02,9.220480918884277344e-03,-1.497769355773925781e-02
4.986226558685302734e-02,9.402990341186523438e-03,-1.466132700443267822e-02
5.042779445648193359e-02,9.587287902832031250e-03,-1.436911523342132568e-02
5.106258392333984375e-02,9.800910949707031250e-03,-1.396094262599945068e-02
5.170571804046630859e-02,1.008868217468261719e-02,-1.377545297145843506e-02
5.239164829254150391e-02,1.038348674774169922e-02,-1.364248991012573242e-02
5.299675464630126953e-02,1.057302951812744141e-02,-1.356709003448486328e-02
5.346870422363281250e-02,1.082110404968261719e-02,-1.349982619285583496e-02
5.397725105285644531e-02,1.112675666809082031e-02,-1.331676542758941650e-02
5.453717708587646484e-02,1.140797138214111328e-02,-1.314634084701538086e-02
5.491387844085693359e-02,1.181292533874511719e-02,-1.302590966224670410e-02
5.531787872314453125e-02,1.225626468658447266e-02,-1.278719305992126465e-02
5.559575557708740234e-02,1.257026195526123047e-02,-1.261073350906372070e-02
5.590617656707763672e-02,1.293623447418212891e-02,-1.248855888843536377e-02
5.604791641235351562e-02,1.320827007293701172e-02,-1.245406270027160645e-02
5.620014667510986328e-02,1.362299919128417969e-02,-1.252269744873046875e-02
5.646741390228271484e-02,1.397669315338134766e-02,-1.255615055561065674e-02
5.659568309783935547e-02,1.427316665649414062e-02,-1.274584233760833740e-02
5.678701400756835938e-02,1.456105709075927734e-02,-1.297686994075775146e-02
5.693602561950683594e-02,1.486670970916748047e-02,-1.321375370025634766e-02
5.698704719543457031e-02,1.519620418548583984e-02,-1.345981657505035400e-02
5.694484710693359375e-02,1.547122001647949219e-02,-1.369285583496093750e-02
5.687713623046875000e-02,1.549756526947021484e-02,-1.393233239650726318e-02
5.666482448577880859e-02,1.550543308258056641e-02,-1.410157978534698486e-02
5.638372898101806641e-02,1.544535160064697266e-02,-1.426203548908233643e-02
5.617415904998779297e-02,1.548945903778076172e-02,-1.443688571453094482e-02
5.599522590637207031e-02,1.558828353881835938e-02,-1.456819474697113037e-02
5.579066276550292969e-02,1.571059226989746094e-02,-1.481315493583679199e-02
5.552697181701660156e-02,1.577091217041015625e-02,-1.487046480178833008e-02
5.511748790740966797e-02,1.583063602447509766e-02,-1.493369042873382568e-02
5.472910404205322266e-02,1.596367359161376953e-02,-1.509851217269897461e-02
5.425071716308593750e-02,1.618969440460205078e-02,-1.526695489883422852e-02
5.369877815246582031e-02,1.632523536682128906e-02,-1.532734930515289307e-02
5.319106578826904297e-02,1.661491394042968750e-02,-1.548594236373901367e-02
5.278038978576660156e-02,1.684308052062988281e-02,-1.544024050235748291e-02
5.250048637390136719e-02,1.703441143035888672e-02,-1.552246510982513428e-02
5.224561691284179688e-02,1.728701591491699219e-02,-1.559706032276153564e-02
5.201327800750732422e-02,1.745128631591796875e-02,-1.554770767688751221e-02
5.165708065032958984e-02,1.754868030548095703e-02,-1.563076674938201904e-02
5.139136314392089844e-02,1.782178878784179688e-02,-1.567938923835754395e-02
5.117595195770263672e-02,1.812195777893066406e-02,-1.582492887973785400e-02
5.106317996978759766e-02,1.818192005157470703e-02,-1.597797870635986328e-02
5.103731155395507812e-02,1.824152469635009766e-02,-1.605129241943359375e-02
5.076432228088378906e-02,1.821541786193847656e-02,-1.608011126518249512e-02
5.073165893554687500e-02,1.793837547302246094e-02,-1.590563356876373291e-02
5.071949958801269531e-02,1.775610446929931641e-02,-1.586115360260009766e-02
5.071425437927246094e-02,1.761627197265625000e-02,-1.584926247596740723e-02
5.061924457550048828e-02,1.757490634918212891e-02,-1.584647595882415771e-02
5.052793025970458984e-02,1.769232749938964844e-02,-1.602907478809356689e-02
5.044853687286376953e-02,1.775741577148437500e-02,-1.607879996299743652e-02
5.037534236907958984e-02,1.774621009826660156e-02,-1.627933979034423828e-02
5.018091201782226562e-02,1.769280433654785156e-02,-1.639954745769500732e-02
4.996871948242187500e-02,1.785552501678466797e-02,-1.640978455543518066e-02
4.979074001312255859e-02,1.794135570526123047e-02,-1.646445691585540771e-02
4.976022243499755859e-02,1.808333396911621094e-02,-1.642166078090667725e-02
4.969465732574462891e-02,1.804816722869873047e-02,-1.614016294479370117e-02
4.953777790069580078e-02,1.844024658203125000e-02,-1.591841876506805420e-02
4.943597316741943359e-02,1.884603500366210938e-02,-1.573233306407928467e-02
4.938232898712158203e-02,1.925539970397949219e-02,-1.570767164230346680e-02
4.927027225494384766e-02,1.960086822509765625e-02,-1.567350327968597412e-02
4.916894435882568359e-02,1.987588405609130859e-02,-1.567582786083221436e-02
4.909622669219970703e-02,2.009999752044677734e-02,-1.559142768383026123e-02
4.889535903930664062e-02,2.010643482208251953e-02,-1.557061076164245605e-02
4.873621463775634766e-02,2.011728286743164062e-02,-1.555226743221282959e-02
4.852974414825439453e-02,2.007293701171875000e-02,-1.558184623718261719e-02
4.830002784729003906e-02,1.997494697570800781e-02,-1.555953919887542725e-02
4.801309108734130859e-02,1.988601684570312500e-02,-1.542972028255462646e-02
4.776918888092041016e-02,1.985132694244384766e-02,-1.539272069931030273e-02
4.754924774169921875e-02,1.978766918182373047e-02,-1.530343294143676758e-02
4.728126525878906250e-02,1.975238323211669922e-02,-1.521180570125579834e-02
4.707074165344238281e-02,1.968264579772949219e-02,-1.503166556358337402e-02
4.682874679565429688e-02,1.967442035675048828e-02,-1.485241949558258057e-02
4.648625850677490234e-02,1.949560642242431641e-02,-1.471617817878723145e-02
4.613137245178222656e-02,1.930403709411621094e-02,-1.455414295196533203e-02
4.581284523010253906e-02,1.915144920349121094e-02,-1.444958150386810303e-02
4.540860652923583984e-02,1.898241043090820312e-02,-1.413197815418243408e-02
4.499280452728271484e-02,1.885688304901123047e-02,-1.388899981975555420e-02
4.462933540344238281e-02,1.875078678131103516e-02,-1.357902586460113525e-02
4.447209835052490234e-02,1.852250099182128906e-02,-1.324701309204101562e-02
4.440844058990478516e-02,1.817202568054199219e-02,-1.305492222309112549e-02
4.439663887023925781e-02,1.774609088897705078e-02,-1.296679675579071045e-02
4.442536830902099609e-02,1.747298240661621094e-02,-1.320721209049224854e-02
4.434502124786376953e-02,1.727187633514404297e-02,-1.334975659847259521e-02
4.431486129760742188e-02,1.688528060913085938e-02,-1.336787641048431396e-02
4.422807693481445312e-02,1.664340496063232422e-02,-1.328369975090026855e-02
4.426145553588867188e-02,1.635289192199707031e-02,-1.326023042201995850e-02
4.441046714782714844e-02,1.612460613250732422e-02,-1.312674582004547119e-02
4.452013969421386719e-02,1.592350006103515625e-02,-1.294448971748352051e-02
4.457962512969970703e-02,1.568794250488281250e-02,-1.276372373104095459e-02
4.456841945648193359e-02,1.535141468048095703e-02,-1.256559789180755615e-02
4.457473754882812500e-02,1.506757736206054688e-02,-1.237523555755615234e-02
4.455661773681640625e-02,1.491916179656982422e-02,-1.216974854469299316e-02
4.456019401550292969e-02,1.473712921142578125e-02,-1.202549040317535400e-02
4.441356658935546875e-02,1.474571228027343750e-02,-1.181851327419281006e-02
4.430615901947021484e-02,1.481020450592041016e-02,-1.158677041530609131e-02
4.424560070037841797e-02,1.502788066864013672e-02,-1.135270297527313232e-02
4.408705234527587891e-02,1.526916027069091797e-02,-1.117436587810516357e-02
4.397714138031005859e-02,1.559793949127197266e-02,-1.104469597339630127e-02
4.377794265747070312e-02,1.600956916809082031e-02,-1.103794574737548828e-02
4.357242584228515625e-02,1.645302772521972656e-02,-1.104715466499328613e-02
4.331040382385253906e-02,1.689648628234863281e-02,-1.097847521305084229e-02
4.313039779663085938e-02,1.720488071441650391e-02,-1.091291010379791260e-02
4.293870925903320312e-02,1.750862598419189453e-02,-1.087448000907897949e-02
4.284608364105224609e-02,1.791203022003173828e-02,-1.082973182201385498e-02
4.378116130828857422e-02,1.833426952362060547e-02,-1.162967085838317871e-02
4.461884498596191406e-02,1.870810985565185547e-02,-1.232556998729705811e-02
4.537415504455566406e-02,1.906466484069824219e-02,-1.286005973815917969e-02
4.603683948516845703e-02,1.945602893829345703e-02,-1.329284906387329102e-02
4.662489891052246094e-02,1.973927021026611328e-02,-1.380801200866699219e-02
4.716193675994873047e-02,2.008485794067382812e-02,-1.427616178989410400e-02
4.765725135803222656e-02,2.034127712249755859e-02,-1.465727388858795166e-02
4.810655117034912109e-02,2.058994770050048828e-02,-1.496998965740203857e-02
4.850554466247558594e-02,2.080392837524414062e-02,-1.524332165718078613e-02
4.885864257812500000e-02,2.103316783905029297e-02,-1.541213691234588623e-02
4.917764663696289062e-02,2.113771438598632812e-02,-1.556655764579772949e-02
4.943907260894775391e-02,2.109706401824951172e-02,-1.574783027172088623e-02
4.967820644378662109e-02,2.106976509094238281e-02,-1.589082181453704834e-02
4.989290237426757812e-02,2.106809616088867188e-02,-1.602013409137725830e-02
5.010390281677246094e-02,2.099442481994628906e-02,-1.611219346523284912e-02
5.030417442321777344e-02,2.066206932067871094e-02,-1.619371771812438965e-02
5.048000812530517578e-02,2.021110057830810547e-02,-1.633028686046600342e-02
5.064451694488525391e-02,1.970529556274414062e-02,-1.643458008766174316e-02
5.079150199890136719e-02,1.920688152313232422e-02,-1.650452613830566406e-02
5.090689659118652344e-02,1.871633529663085938e-02,-1.657502353191375732e-02
5.101704597473144531e-02,1.827168464660644531e-02,-1.659303903579711914e-02
5.111896991729736328e-02,1.794290542602539062e-02,-1.655371487140655518e-02
5.121695995330810547e-02,1.754045486450195312e-02,-1.650373637676239014e-02
5.131900310516357422e-02,1.721918582916259766e-02,-1.639935374259948730e-02
5.140972137451171875e-02,1.694273948669433594e-02,-1.628102362155914307e-02
5.149698257446289062e-02,1.670145988464355469e-02,-1.613315939903259277e-02
5.155694484710693359e-02,1.637661457061767578e-02,-1.593631505966186523e-02
5.158305168151855469e-02,1.609623432159423828e-02,-1.577582955360412598e-02
5.160117149353027344e-02,1.587319374084472656e-02,-1.557733118534088135e-02
5.160820484161376953e-02,1.572716236114501953e-02,-1.541432738304138184e-02
5.160558223724365234e-02,1.571464538574218750e-02,-1.526309549808502197e-02
5.157220363616943359e-02,1.576042175292968750e-02,-1.509396731853485107e-02
5.154418945312500000e-02,1.583051681518554688e-02,-1.485146582126617432e-02
5.151677131652832031e-02,1.590061187744140625e-02,-1.461961865425109863e-02
5.149376392364501953e-02,1.595973968505859375e-02,-1.446668803691864014e-02
5.146026611328125000e-02,1.606154441833496094e-02,-1.436583697795867920e-02
5.142569541931152344e-02,1.613104343414306641e-02,-1.423485577106475830e-02
5.137741565704345703e-02,1.610159873962402344e-02,-1.410318911075592041e-02
5.132627487182617188e-02,1.618361473083496094e-02,-1.393263041973114014e-02
5.127418041229248047e-02,1.626896858215332031e-02,-1.373538374900817871e-02
5.124163627624511719e-02,1.636910438537597656e-02,-1.346758008003234863e-02
5.116415023803710938e-02,1.648998260498046875e-02,-1.310317218303680420e-02
5.108201503753662109e-02,1.659727096557617188e-02,-1.270171999931335449e-02
5.100131034851074219e-02,1.673936843872070312e-02,-1.235641539096832275e-02
5.091834068298339844e-02,1.687479019165039062e-02,-1.204177737236022949e-02
5.084764957427978516e-02,1.690649986267089844e-02,-1.164029538631439209e-02
5.078887939453125000e-02,1.693153381347656250e-02,-1.123818755149841309e-02
5.074775218963623047e-02,1.710987091064453125e-02,-1.080851256847381592e-02
5.070340633392333984e-02,1.728391647338867188e-02,-1.052980124950408936e-02
5.067348480224609375e-02,1.742875576019287109e-02,-1.028156280517578125e-02
5.062234401702880859e-02,1.750516891479492188e-02,-1.008449494838714600e-02
5.057609081268310547e-02,1.762115955352783203e-02,-9.904325008392333984e-03
5.052506923675537109e-02,1.777386665344238281e-02,-9.750187397003173828e-03
5.048418045043945312e-02,1.780807971954345703e-02,-9.620264172554016113e-03
5.045211315155029297e-02,1.780664920806884766e-02,-9.460464119911193848e-03
5.040752887725830078e-02,1.775217056274414062e-02,-9.275898337364196777e-03
5.036723613739013672e-02,1.785242557525634766e-02,-9.161964058876037598e-03
5.033373832702636719e-02,1.794624328613281250e-02,-9.002327919006347656e-03
5.030858516693115234e-02,1.818883419036865234e-02,-8.857518434524536133e-03
5.027186870574951172e-02,1.839375495910644531e-02,-8.739247918128967285e-03
5.025076866149902344e-02,1.853561401367187500e-02,-8.507013320922851562e-03
5.023419857025146484e-02,1.866531372070312500e-02,-8.183285593986511230e-03
5.020797252655029297e-02,1.876652240753173828e-02,-7.812872529029846191e-03
5.018007755279541016e-02,1.873385906219482422e-02,-7.453367114067077637e-03
5.017340183258056641e-02,1.879453659057617188e-02,-7.090345025062561035e-03
5.018019676208496094e-02,1.884019374847412109e-02,-6.783500313758850098e-03
5.018055438995361328e-02,1.880407333374023438e-02,-6.464749574661254883e-03
5.018138885498046875e-02,1.880943775177001953e-02,-6.157785654067993164e-03
5.019390583038330078e-02,1.874446868896484375e-02,-5.842179059982299805e-03
5.018687248229980469e-02,1.851189136505126953e-02,-5.548059940338134766e-03
5.017614364624023438e-02,1.820480823516845703e-02,-5.279347300529479980e-03
5.015957355499267578e-02,1.791083812713623047e-02,-5.026534199714660645e-03
5.013883113861083984e-02,1.764178276062011719e-02,-4.834413528442382812e-03
5.011022090911865234e-02,1.734471321105957031e-02,-4.604503512382507324e-03
5.008304119110107422e-02,1.711010932922363281e-02,-4.373326897621154785e-03
5.007433891296386719e-02,1.682019233703613281e-02,-4.132747650146484375e-03
5.007326602935791016e-02,1.660192012786865234e-02,-3.860875964164733887e-03
5.007147789001464844e-02,1.602685451507568359e-02,-3.549650311470031738e-03
5.006217956542968750e-02,1.556968688964843750e-02,-3.286376595497131348e-03
5.003619194030761719e-02,1.514697074890136719e-02,-3.001719713211059570e-03
5.000603199005126953e-02,1.475799083709716797e-02,-2.685666084289550781e-03
5.000853538513183594e-02,1.441133022308349609e-02,-2.772435545921325684e-03
5.002379417419433594e-02,1.409399509429931641e-02,-2.837151288986206055e-03
5.003607273101806641e-02,1.379096508026123047e-02,-2.995282411575317383e-03
5.003595352172851562e-02,1.355457305908203125e-02,-3.230676054954528809e-03
5.006778240203857422e-02,1.325917243957519531e-02,-3.315374255180358887e-03
5.008840560913085938e-02,1.302409172058105469e-02,-3.335475921630859375e-03
5.010104179382324219e-02,1.278162002563476562e-02,-3.314748406410217285e-03
5.010390281677246094e-02,1.254904270172119141e-02,-3.323927521705627441e-03
5.010485649108886719e-02,1.220846176147460938e-02,-3.232330083847045898e-03
5.011379718780517578e-02,1.179242134094238281e-02,-3.143146634101867676e-03
5.011808872222900391e-02,1.136660575866699219e-02,-3.001704812049865723e-03
5.013227462768554688e-02,1.103651523590087891e-02,-2.864673733711242676e-03
5.016016960144042969e-02,1.076042652130126953e-02,-2.605274319648742676e-03
5.018460750579833984e-02,1.058483123779296875e-02,-2.212449908256530762e-03
5.021190643310546875e-02,1.037836074829101562e-02,-1.796707510948181152e-03
5.023026466369628906e-02,1.016533374786376953e-02,-1.451224088668823242e-03
5.024003982543945312e-02,9.863972663879394531e-03,-1.169949769973754883e-03
5.021858215332031250e-02,9.637475013732910156e-03,-9.926855564117431641e-04
5.018663406372070312e-02,9.514451026916503906e-03,-9.383857250213623047e-04
5.013680458068847656e-02,9.351253509521484375e-03,-8.984804153442382812e-04
5.008125305175781250e-02,9.251356124877929688e-03,-8.549094200134277344e-04
5.003547668457031250e-02,9.118318557739257812e-03,-8.441060781478881836e-04
4.999041557312011719e-02,8.901834487915039062e-03,-8.329004049301147461e-04
4.994857311248779297e-02,8.743047714233398438e-03,-8.931010961532592773e-04
4.991328716278076172e-02,8.346676826477050781e-03,-8.824169635772705078e-04
4.989528656005859375e-02,8.066534996032714844e-03,-8.224099874496459961e-04
4.987847805023193359e-02,7.740259170532226562e-03,-7.457137107849121094e-04
4.982686042785644531e-02,7.661700248718261719e-03,-7.236003875732421875e-04
4.977142810821533203e-02,7.660746574401855469e-03,-6.123781204223632812e-04
4.971444606781005859e-02,7.613182067871093750e-03,-5.238950252532958984e-04
4.966092109680175781e-02,7.593154907226562500e-03,-4.263073205947875977e-04
4.962730407714843750e-02,7.648706436157226562e-03,-3.940314054489135742e-04
4.958653450012207031e-02,7.756710052490234375e-03,-4.058629274368286133e-04
4.954051971435546875e-02,7.866144180297851562e-03,-4.206597805023193359e-04
4.949784278869628906e-02,8.015871047973632812e-03,-5.223006010055541992e-04
4.948019981384277344e-02,8.212804794311523438e-03,-6.008446216583251953e-04
4.944956302642822266e-02,8.366584777832031250e-03,-6.729066371917724609e-04
4.941618442535400391e-02,8.505582809448242188e-03,-7.776767015457153320e-04
4.936778545379638672e-02,8.593916893005371094e-03,-8.679926395416259766e-04
4.932796955108642578e-02,8.719801902770996094e-03,-9.327083826065063477e-04
4.927587509155273438e-02,8.709430694580078125e-03,-9.385943412780761719e-04
4.922592639923095703e-02,8.756160736083984375e-03,-9.866952896118164062e-04
4.916501045227050781e-02,8.892416954040527344e-03,-1.067802309989929199e-03
4.909646511077880859e-02,8.952021598815917969e-03,-1.171916723251342773e-03
4.902672767639160156e-02,8.993029594421386719e-03,-1.242220401763916016e-03
4.895627498626708984e-02,8.973479270935058594e-03,-1.326113939285278320e-03
4.889869689941406250e-02,8.651375770568847656e-03,-1.349642872810363770e-03
4.883110523223876953e-02,8.428812026977539062e-03,-1.335784792900085449e-03
4.874002933502197266e-02,8.303403854370117188e-03,-1.344472169876098633e-03
4.865515232086181641e-02,8.190870285034179688e-03,-1.380249857902526855e-03
4.856324195861816406e-02,8.034944534301757812e-03,-1.365169882774353027e-03
4.847884178161621094e-02,7.910609245300292969e-03,-1.363396644592285156e-03
4.841315746307373047e-02,7.817745208740234375e-03,-1.386314630508422852e-03
4.838180541992187500e-02,7.711410522460937500e-03,-1.415982842445373535e-03
4.836463928222656250e-02,7.648587226867675781e-03,-1.501664519309997559e-03
4.833400249481201172e-02,7.447600364685058594e-03,-1.579836010932922363e-03
4.829299449920654297e-02,7.307887077331542969e-03,-1.702055335044860840e-03
4.822409152984619141e-02,7.156252861022949219e-03,-1.840069890022277832e-03
4.815793037414550781e-02,7.073521614074707031e-03,-2.018809318542480469e-03
4.809057712554931641e-02,7.103919982910156250e-03,-2.217546105384826660e-03
4.803025722503662109e-02,7.088422775268554688e-03,-2.433687448501586914e-03
4.797863960266113281e-02,7.122993469238281250e-03,-2.689450979232788086e-03
4.792368412017822266e-02,7.161378860473632812e-03,-2.936199307441711426e-03
4.785490036010742188e-02,7.131099700927734375e-03,-3.083452582359313965e-03
4.779589176177978516e-02,7.083415985107421875e-03,-3.277346491813659668e-03
4.772615432739257812e-02,7.043361663818359375e-03,-3.458365797996520996e-03
4.768526554107666016e-02,7.033824920654296875e-03,-3.616288304328918457e-03
4.766941070556640625e-02,7.042050361633300781e-03,-3.767311573028564453e-03
4.764330387115478516e-02,7.128119468688964844e-03,-3.927737474441528320e-03
4.761528968811035156e-02,7.200360298156738281e-03,-4.165321588516235352e-03
4.756903648376464844e-02,7.414937019348144531e-03,-4.377081990242004395e-03
4.753065109252929688e-02,7.668733596801757812e-03,-4.586800932884216309e-03
4.747688770294189453e-02,7.893085479736328125e-03,-4.809394478797912598e-03
4.745185375213623047e-02,8.046865463256835938e-03,-4.926174879074096680e-03
4.747974872589111328e-02,8.225917816162109375e-03,-5.032569169998168945e-03
4.749882221221923828e-02,8.401870727539062500e-03,-5.151405930519104004e-03
4.751062393188476562e-02,8.558273315429687500e-03,-5.203470587730407715e-03
4.753506183624267578e-02,8.736848831176757812e-03,-5.320310592651367188e-03
4.757618904113769531e-02,8.801221847534179688e-03,-5.404144525527954102e-03
4.761755466461181641e-02,8.925914764404296875e-03,-5.466252565383911133e-03
4.764282703399658203e-02,9.017229080200195312e-03,-5.509749054908752441e-03
4.766023159027099609e-02,9.097695350646972656e-03,-5.515426397323608398e-03
4.768776893615722656e-02,9.129166603088378906e-03,-5.529850721359252930e-03
4.769611358642578125e-02,9.190678596496582031e-03,-5.574271082878112793e-03
4.768109321594238281e-02,9.222149848937988281e-03,-5.606204271316528320e-03
4.765951633453369141e-02,9.198665618896484375e-03,-5.681350827217102051e-03
4.766678810119628906e-02,9.211063385009765625e-03,-5.775734782218933105e-03
4.766404628753662109e-02,9.260535240173339844e-03,-5.771026015281677246e-03
4.766201972961425781e-02,9.334325790405273438e-03,-5.676969885826110840e-03
4.767930507659912109e-02,9.327650070190429688e-03,-5.604207515716552734e-03
4.767405986785888672e-02,9.293437004089355469e-03,-5.490496754646301270e-03
4.767298698425292969e-02,9.300589561462402344e-03,-5.445331335067749023e-03
4.765689373016357422e-02,9.279131889343261719e-03,-5.379781126976013184e-03
4.762399196624755859e-02,9.391427040100097656e-03,-5.363479256629943848e-03
4.758739471435546875e-02,9.662985801696777344e-03,-5.369380116462707520e-03
4.755353927612304688e-02,9.911656379699707031e-03,-5.338966846466064453e-03
4.752719402313232422e-02,1.010429859161376953e-02,-5.326613783836364746e-03
4.751145839691162109e-02,1.025462150573730469e-02,-5.208045244216918945e-03
4.750382900238037109e-02,1.050102710723876953e-02,-5.073159933090209961e-03
4.753160476684570312e-02,1.041114330291748047e-02,-4.906103014945983887e-03
4.758429527282714844e-02,1.041364669799804688e-02,-4.756718873977661133e-03
4.761350154876708984e-02,1.037716865539550781e-02,-4.667684435844421387e-03
4.764020442962646484e-02,1.039290428161621094e-02,-4.510372877120971680e-03
4.763627052307128906e-02,1.036238670349121094e-02,-4.387557506561279297e-03
4.761350154876708984e-02,1.028823852539062500e-02,-4.302814602851867676e-03
4.761648178100585938e-02,1.021575927734375000e-02,-4.204377532005310059e-03
4.762256145477294922e-02,1.016354560852050781e-02,-4.068121314048767090e-03
4.762136936187744141e-02,1.020574569702148438e-02,-3.977894783020019531e-03
4.762792587280273438e-02,1.023948192596435547e-02,-3.884449601173400879e-03
4.762279987335205078e-02,1.028501987457275391e-02,-3.828093409538269043e-03
4.760062694549560547e-02,1.034820079803466797e-02,-3.831803798675537109e-03
4.756343364715576172e-02,1.048338413238525391e-02,-3.930523991584777832e-03
4.751765727996826172e-02,1.061213016510009766e-02,-3.937989473342895508e-03
4.743337631225585938e-02,1.060354709625244141e-02,-4.020780324935913086e-03
4.733932018280029297e-02,1.047122478485107422e-02,-4.047155380249023438e-03
4.723739624023437500e-02,1.030373573303222656e-02,-4.101306200027465820e-03
4.713761806488037109e-02,1.022064685821533203e-02,-4.087537527084350586e-03
4.702210426330566406e-02,1.006960868835449219e-02,-4.057541489601135254e-03
4.692149162292480469e-02,1.002681255340576172e-02,-4.062980413436889648e-03
4.685211181640625000e-02,9.950399398803710938e-03,-4.078999161720275879e-03
4.676377773284912109e-02,9.980916976928710938e-03,-4.091724753379821777e-03
4.669749736785888672e-02,1.003932952880859375e-02,-4.170238971710205078e-03
4.661500453948974609e-02,1.014184951782226562e-02,-4.210457205772399902e-03
4.648506641387939453e-02,1.034390926361083984e-02,-4.284486174583435059e-03
4.637098312377929688e-02,1.054680347442626953e-02,-4.326164722442626953e-03
4.627728462219238281e-02,1.071333885192871094e-02,-4.217922687530517578e-03
4.620790481567382812e-02,1.081037521362304688e-02,-4.025593400001525879e-03
4.612147808074951172e-02,1.086640357971191406e-02,-3.791213035583496094e-03
4.603421688079833984e-02,1.099252700805664062e-02,-3.608733415603637695e-03
4.596233367919921875e-02,1.112127304077148438e-02,-3.450587391853332520e-03
4.593122005462646484e-02,1.106357574462890625e-02,-3.275215625762939453e-03
4.592943191528320312e-02,1.105141639709472656e-02,-3.101959824562072754e-03
4.592692852020263672e-02,1.115655899047851562e-02,-2.909600734710693359e-03
4.591643810272216797e-02,1.126599311828613281e-02,-2.750396728515625000e-03
4.596745967864990234e-02,1.138460636138916016e-02,-2.686917781829833984e-03
4.601919651031494141e-02,1.126539707183837891e-02,-2.693325281143188477e-03
4.607021808624267578e-02,1.115334033966064453e-02,-2.673342823982238770e-03
4.608941078186035156e-02,1.105046272277832031e-02,-2.713233232498168945e-03
4.606127738952636719e-02,1.099002361297607422e-02,-2.696529030799865723e-03
4.604661464691162109e-02,1.097452640533447266e-02,-2.655386924743652344e-03
4.602265357971191406e-02,1.094043254852294922e-02,-2.620086073875427246e-03
4.601097106933593750e-02,1.093304157257080078e-02,-2.569168806076049805e-03
4.600155353546142578e-02,1.084792613983154297e-02,-2.577155828475952148e-03
4.598641395568847656e-02,1.078963279724121094e-02,-2.612933516502380371e-03
4.597127437591552734e-02,1.069033145904541016e-02,-2.501264214515686035e-03
4.595613479614257812e-02,1.056182384490966797e-02,-2.396300435066223145e-03
4.592847824096679688e-02,1.050865650177001953e-02,-2.336993813514709473e-03
4.590785503387451172e-02,1.048171520233154297e-02,-2.222418785095214844e-03
4.589581489562988281e-02,1.040136814117431641e-02,-2.126783132553100586e-03
4.588520526885986328e-02,1.033782958984375000e-02,-2.037167549133300781e-03
4.587948322296142578e-02,1.036894321441650391e-02,-1.948460936546325684e-03
4.585611820220947266e-02,1.042139530181884766e-02,-1.959815621376037598e-03
4.585611820220947266e-02,1.057612895965576172e-02,-1.959666609764099121e-03
4.585874080657958984e-02,1.077449321746826172e-02,-1.921489834785461426e-03
4.585790634155273438e-02,1.098084449768066406e-02,-1.895263791084289551e-03
4.584991931915283203e-02,1.110911369323730469e-02,-1.823127269744873047e-03
4.585015773773193359e-02,1.128876209259033203e-02,-1.745700836181640625e-03
4.586803913116455078e-02,1.148223876953125000e-02,-1.664906740188598633e-03
4.588937759399414062e-02,1.161742210388183594e-02,-1.492381095886230469e-03
4.588782787322998047e-02,1.169443130493164062e-02,-1.359149813652038574e-03
4.588961601257324219e-02,1.175904273986816406e-02,-1.281961798667907715e-03
4.588782787322998047e-02,1.185548305511474609e-02,-1.318216323852539062e-03
4.589688777923583984e-02,1.193118095397949219e-02,-1.253619790077209473e-03
4.592132568359375000e-02,1.195037364959716797e-02,-1.284167170524597168e-03
4.597878456115722656e-02,1.192593574523925781e-02,-1.371785998344421387e-03
4.601883888244628906e-02,1.184689998626708984e-02,-1.438111066818237305e-03
4.605782032012939453e-02,1.175439357757568359e-02,-1.484349370002746582e-03
4.608392715454101562e-02,1.171481609344482422e-02,-1.586318016052246094e-03
4.611110687255859375e-02,1.168131828308105469e-02,-1.642495393753051758e-03
4.611814022064208984e-02,1.168012619018554688e-02,-1.675486564636230469e-03
4.612874984741210938e-02,1.166379451751708984e-02,-1.688048243522644043e-03
4.616296291351318359e-02,1.168560981750488281e-02,-1.714140176773071289e-03
4.623198509216308594e-02,1.170086860656738281e-02,-1.721218228340148926e-03
4.631316661834716797e-02,1.172482967376708984e-02,-1.769021153450012207e-03
4.635763168334960938e-02,1.174771785736083984e-02,-1.716643571853637695e-03
4.637622833251953125e-02,1.177883148193359375e-02,-1.858875155448913574e-03
4.638946056365966797e-02,1.185500621795654297e-02,-2.025887370109558105e-03
4.638314247131347656e-02,1.188969612121582031e-02,-2.180427312850952148e-03
4.635989665985107422e-02,1.190781593322753906e-02,-2.469956874847412109e-03
4.633712768554687500e-02,1.192748546600341797e-02,-2.661466598510742188e-03
4.629492759704589844e-02,1.193153858184814453e-02,-2.836227416992187500e-03
4.624867439270019531e-02,1.202881336212158203e-02,-3.021776676177978516e-03
4.620325565338134766e-02,1.204407215118408203e-02,-3.141000866889953613e-03
4.614460468292236328e-02,1.206505298614501953e-02,-3.270372748374938965e-03
4.609465599060058594e-02,1.208126544952392578e-02,-3.324657678604125977e-03
4.604375362396240234e-02,1.213383674621582031e-02,-3.428280353546142578e-03
4.598617553710937500e-02,1.218128204345703125e-02,-3.537937998771667480e-03
4.596161842346191406e-02,1.228940486907958984e-02,-3.548577427864074707e-03
4.594969749450683594e-02,1.234686374664306641e-02,-3.603234887123107910e-03
4.593896865844726562e-02,1.243293285369873047e-02,-3.720372915267944336e-03
4.590690135955810547e-02,1.249992847442626953e-02,-3.814429044723510742e-03
4.586493968963623047e-02,1.263880729675292969e-02,-3.866344690322875977e-03
4.583144187927246094e-02,1.272344589233398438e-02,-4.001826047897338867e-03
4.581177234649658203e-02,1.273620128631591797e-02,-4.077464342117309570e-03
4.577910900115966797e-02,1.273369789123535156e-02,-4.111215472221374512e-03
4.572618007659912109e-02,1.270055770874023438e-02,-4.164546728134155273e-03
4.567253589630126953e-02,1.272463798522949219e-02,-4.176154732704162598e-03
4.561305046081542969e-02,1.269578933715820312e-02,-4.128456115722656250e-03
4.554474353790283203e-02,1.263201236724853516e-02,-4.023715853691101074e-03
4.546666145324707031e-02,1.270961761474609375e-02,-3.879591822624206543e-03
4.538917541503906250e-02,1.269531250000000000e-02,-3.728374838829040527e-03
4.531109333038330078e-02,1.267075538635253906e-02,-3.572672605514526367e-03
4.524767398834228516e-02,1.265859603881835938e-02,-3.359049558639526367e-03
4.522526264190673828e-02,1.266813278198242188e-02,-3.214329481124877930e-03
4.524540901184082031e-02,1.269602775573730469e-02,-3.029435873031616211e-03
4.527258872985839844e-02,1.268899440765380859e-02,-2.821385860443115234e-03
4.528391361236572266e-02,1.262056827545166016e-02,-2.623438835144042969e-03
4.528057575225830078e-02,1.256000995635986328e-02,-2.497419714927673340e-03
4.528355598449707031e-02,1.250147819519042969e-02,-2.433851361274719238e-03
4.527616500854492188e-02,1.244747638702392578e-02,-2.500310540199279785e-03
4.526090621948242188e-02,1.236665248870849609e-02,-2.575829625129699707e-03
4.525732994079589844e-02,1.231360435485839844e-02,-2.648636698722839355e-03
4.524207115173339844e-02,1.222372055053710938e-02,-2.746254205703735352e-03
4.522287845611572266e-02,1.210713386535644531e-02,-2.829581499099731445e-03
4.519248008728027344e-02,1.200175285339355469e-02,-2.857580780982971191e-03
4.519426822662353516e-02,1.193976402282714844e-02,-2.862513065338134766e-03
4.519343376159667969e-02,1.189041137695312500e-02,-2.904102206230163574e-03
4.518353939056396484e-02,1.186060905456542969e-02,-2.971440553665161133e-03
4.520368576049804688e-02,1.185262203216552734e-02,-3.092750906944274902e-03
4.520297050476074219e-02,1.181733608245849609e-02,-3.263682126998901367e-03
4.519832134246826172e-02,1.176071166992187500e-02,-3.405630588531494141e-03
4.517853260040283203e-02,1.162576675415039062e-02,-3.508493304252624512e-03
4.513669013977050781e-02,1.139676570892333984e-02,-3.672301769256591797e-03
4.509985446929931641e-02,1.120543479919433594e-02,-3.837525844573974609e-03
4.509675502777099609e-02,1.094746589660644531e-02,-3.998294472694396973e-03
4.512119293212890625e-02,1.070690155029296875e-02,-4.147991538047790527e-03
4.511666297912597656e-02,1.045632362365722656e-02,-4.275411367416381836e-03
4.510819911956787109e-02,1.025521755218505859e-02,-4.493117332458496094e-03
4.508042335510253906e-02,1.013851165771484375e-02,-4.691630601882934570e-03
4.505944252014160156e-02,1.007986068725585938e-02,-4.848852753639221191e-03
4.502129554748535156e-02,1.011109352111816406e-02,-5.009517073631286621e-03
4.497861862182617188e-02,1.011335849761962891e-02,-5.174532532691955566e-03
4.492831230163574219e-02,1.005828380584716797e-02,-5.288377404212951660e-03
4.488468170166015625e-02,1.006495952606201172e-02,-5.332708358764648438e-03
4.485821723937988281e-02,1.001441478729248047e-02,-5.313575267791748047e-03
4.483449459075927734e-02,9.912490844726562500e-03,-5.316540598869323730e-03
4.480648040771484375e-02,9.838819503784179688e-03,-5.331784486770629883e-03
4.478371143341064453e-02,9.791612625122070312e-03,-5.295097827911376953e-03
4.475426673889160156e-02,9.668469429016113281e-03,-5.253523588180541992e-03
4.471182823181152344e-02,9.612202644348144531e-03,-5.299985408782958984e-03
4.467523097991943359e-02,9.504318237304687500e-03,-5.421787500381469727e-03
4.462766647338867188e-02,9.405493736267089844e-03,-5.578488111495971680e-03
4.457247257232666016e-02,9.336829185485839844e-03,-5.700647830963134766e-03
4.452633857727050781e-02,9.383320808410644531e-03,-5.816861987113952637e-03
4.452157020568847656e-02,9.235858917236328125e-03,-5.941599607467651367e-03
4.453754425048828125e-02,8.925318717956542969e-03,-6.049916148185729980e-03
4.456818103790283203e-02,8.683681488037109375e-03,-6.132230162620544434e-03
4.458165168762207031e-02,8.382201194763183594e-03,-6.210029125213623047e-03
4.460299015045166016e-02,8.097290992736816406e-03,-6.289124488830566406e-03
4.460000991821289062e-02,7.813215255737304688e-03,-6.356254220008850098e-03
4.462146759033203125e-02,7.447361946105957031e-03,-6.318688392639160156e-03
4.463374614715576172e-02,7.164001464843750000e-03,-6.240993738174438477e-03
4.459571838378906250e-02,6.986260414123535156e-03,-6.149649620056152344e-03
4.456639289855957031e-02,6.855964660644531250e-03,-6.023958325386047363e-03
4.456055164337158203e-02,6.819725036621093750e-03,-5.866453051567077637e-03
4.455876350402832031e-02,6.809830665588378906e-03,-5.713760852813720703e-03
4.455816745758056641e-02,6.750583648681640625e-03,-5.628019571304321289e-03
4.455041885375976562e-02,6.650447845458984375e-03,-5.583658814430236816e-03
4.455459117889404297e-02,6.560564041137695312e-03,-5.505949258804321289e-03
4.455769062042236328e-02,6.433367729187011719e-03,-5.351930856704711914e-03
4.457068443298339844e-02,6.241917610168457031e-03,-5.190342664718627930e-03
4.460954666137695312e-02,6.112575531005859375e-03,-4.993170499801635742e-03
4.461097717285156250e-02,5.992531776428222656e-03,-5.254477262496948242e-03
4.459691047668457031e-02,5.833148956298828125e-03,-5.477860569953918457e-03
4.455292224884033203e-02,5.693554878234863281e-03,-5.653813481330871582e-03
4.447793960571289062e-02,5.563020706176757812e-03,-5.816802382469177246e-03
4.440820217132568359e-02,5.514144897460937500e-03,-5.933493375778198242e-03
4.430639743804931641e-02,5.577564239501953125e-03,-6.162419915199279785e-03
4.422497749328613281e-02,5.588889122009277344e-03,-6.309196352958679199e-03
4.418098926544189453e-02,5.625367164611816406e-03,-6.308466196060180664e-03
4.422926902770996094e-02,5.240440368652343750e-03,-6.214246153831481934e-03
4.425919055938720703e-02,4.925608634948730469e-03,-6.099164485931396484e-03
4.425108432769775391e-02,4.709243774414062500e-03,-5.993723869323730469e-03
4.425704479217529297e-02,4.526138305664062500e-03,-5.905345082283020020e-03
4.427933692932128906e-02,4.347681999206542969e-03,-5.841702222824096680e-03
4.427766799926757812e-02,4.241824150085449219e-03,-5.773425102233886719e-03
4.426443576812744141e-02,4.129528999328613281e-03,-5.683138966560363770e-03
4.422092437744140625e-02,3.988742828369140625e-03,-5.606397986412048340e-03
4.418480396270751953e-02,3.888964653015136719e-03,-5.511850118637084961e-03
4.416835308074951172e-02,3.688216209411621094e-03,-5.437299609184265137e-03
4.415559768676757812e-02,3.406286239624023438e-03,-5.364552140235900879e-03
4.413688182830810547e-02,3.186702728271484375e-03,-5.229532718658447266e-03
4.411578178405761719e-02,3.001213073730468750e-03,-5.134850740432739258e-03
4.410541057586669922e-02,2.840757369995117188e-03,-4.939600825309753418e-03
4.409146308898925781e-02,2.672672271728515625e-03,-4.801496863365173340e-03
4.408371448516845703e-02,2.561092376708984375e-03,-4.633218050003051758e-03
4.406917095184326172e-02,2.414226531982421875e-03,-4.467576742172241211e-03
4.408824443817138672e-02,2.294540405273437500e-03,-4.290461540222167969e-03
4.408943653106689453e-02,2.143263816833496094e-03,-4.100382328033447266e-03
4.407715797424316406e-02,2.110123634338378906e-03,-3.957435488700866699e-03
4.405343532562255859e-02,2.161979675292968750e-03,-3.822639584541320801e-03
4.405343532562255859e-02,2.161979675292968750e-03,-3.822639584541320801e-03
4.402875900268554688e-02,2.195596694946289062e-03,-3.685936331748962402e-03
4.401230812072753906e-02,2.253532409667968750e-03,-3.582596778869628906e-03
4.398429393768310547e-02,2.286672592163085938e-03,-3.543898463249206543e-03
4.395723342895507812e-02,2.257585525512695312e-03,-3.553703427314758301e-03
4.390215873718261719e-02,2.234458923339843750e-03,-3.599092364311218262e-03
4.385113716125488281e-02,2.200365066528320312e-03,-3.666251897811889648e-03
4.378008842468261719e-02,2.163767814636230469e-03,-3.722459077835083008e-03
4.371178150177001953e-02,2.091050148010253906e-03,-3.702849149703979492e-03
4.364836215972900391e-02,2.022147178649902344e-03,-3.704756498336791992e-03
4.357743263244628906e-02,1.977920532226562500e-03,-3.730133175849914551e-03
4.349434375762939453e-02,1.965522766113281250e-03,-3.742069005966186523e-03
4.340445995330810547e-02,2.030730247497558594e-03,-3.721639513969421387e-03
4.332339763641357422e-02,2.092719078063964844e-03,-3.611803054809570312e-03
4.321861267089843750e-02,1.929283142089843750e-03,-3.483206033706665039e-03
4.312074184417724609e-02,1.822352409362792969e-03,-3.356382250785827637e-03
4.301571846008300781e-02,1.737713813781738281e-03,-3.225058317184448242e-03
4.288160800933837891e-02,1.640677452087402344e-03,-3.167450428009033203e-03
4.277694225311279297e-02,1.551747322082519531e-03,-3.090798854827880859e-03
4.266977310180664062e-02,1.511693000793457031e-03,-3.003373742103576660e-03
4.256701469421386719e-02,1.541495323181152344e-03,-2.943456172943115234e-03
4.247808456420898438e-02,1.606822013854980469e-03,-2.907797694206237793e-03
4.238760471343994141e-02,1.690864562988281250e-03,-2.723902463912963867e-03
4.232394695281982422e-02,1.776099205017089844e-03,-2.602264285087585449e-03
4.225778579711914062e-02,1.898407936096191406e-03,-2.550289034843444824e-03
4.219079017639160156e-02,2.056241035461425781e-03,-2.525776624679565430e-03
4.209792613983154297e-02,2.250552177429199219e-03,-2.520039677619934082e-03
4.201185703277587891e-02,2.475142478942871094e-03,-2.505376935005187988e-03
4.192376136779785156e-02,2.609491348266601562e-03,-2.537310123443603516e-03
4.183173179626464844e-02,2.766013145446777344e-03,-2.626255154609680176e-03
4.174017906188964844e-02,2.935886383056640625e-03,-2.672120928764343262e-03
4.164719581604003906e-02,3.115653991699218750e-03,-2.672046422958374023e-03
4.154336452484130859e-02,3.267049789428710938e-03,-2.651542425155639648e-03
4.144036769866943359e-02,3.415346145629882812e-03,-2.690434455871582031e-03
4.133892059326171875e-02,3.601908683776855469e-03,-2.769812941551208496e-03
4.123866558074951172e-02,3.743886947631835938e-03,-2.814471721649169922e-03
4.114353656768798828e-02,3.896951675415039062e-03,-2.860784530639648438e-03
4.107320308685302734e-02,3.979563713073730469e-03,-2.846837043762207031e-03
4.101467132568359375e-02,3.992080688476562500e-03,-2.789095044136047363e-03
4.094254970550537109e-02,4.075169563293457031e-03,-2.668678760528564453e-03
4.088139533996582031e-02,4.133224487304687500e-03,-2.553209662437438965e-03
4.078483581542968750e-02,4.121899604797363281e-03,-2.421319484710693359e-03
4.068219661712646484e-02,4.079580307006835938e-03,-2.351626753807067871e-03
4.059135913848876953e-02,4.059076309204101562e-03,-2.279996871948242188e-03
4.049634933471679688e-02,3.992080688476562500e-03,-2.202659845352172852e-03
4.041945934295654297e-02,3.897547721862792969e-03,-2.122834324836730957e-03
4.035592079162597656e-02,3.806233406066894531e-03,-2.116501331329345703e-03
4.030740261077880859e-02,3.649353981018066406e-03,-2.089157700538635254e-03
4.025352001190185547e-02,3.502726554870605469e-03,-2.064242959022521973e-03
4.021203517913818359e-02,3.349900245666503906e-03,-2.066746354103088379e-03
4.017877578735351562e-02,3.242015838623046875e-03,-2.045512199401855469e-03
4.015314579010009766e-02,3.184556961059570312e-03,-2.056255936622619629e-03
4.012370109558105469e-02,3.139734268188476562e-03,-2.075225114822387695e-03
4.007995128631591797e-02,3.139495849609375000e-03,-2.184569835662841797e-03
4.003906250000000000e-02,3.144502639770507812e-03,-2.281546592712402344e-03
4.001748561859130859e-02,3.145933151245117188e-03,-2.335488796234130859e-03
4.000556468963623047e-02,3.173708915710449219e-03,-2.384945750236511230e-03
3.998303413391113281e-02,3.216385841369628906e-03,-2.346247434616088867e-03
3.994965553283691406e-02,3.290653228759765625e-03,-2.309292554855346680e-03
3.991568088531494141e-02,3.382325172424316406e-03,-2.280473709106445312e-03
3.992307186126708984e-02,3.459095954895019531e-03,-2.180844545364379883e-03
3.993666172027587891e-02,3.568291664123535156e-03,-2.117544412612915039e-03
3.992629051208496094e-02,3.659248352050781250e-03,-2.143874764442443848e-03
3.991675376892089844e-02,3.715991973876953125e-03,-2.161145210266113281e-03
3.988933563232421875e-02,3.760576248168945312e-03,-2.181932330131530762e-03
3.986978530883789062e-02,3.816008567810058594e-03,-2.207547426223754883e-03
3.985369205474853516e-02,3.844022750854492188e-03,-2.270922064781188965e-03
3.985691070556640625e-02,3.839850425720214844e-03,-2.263501286506652832e-03
3.985130786895751953e-02,3.840088844299316406e-03,-2.209007740020751953e-03
3.985476493835449219e-02,3.836750984191894531e-03,-2.124637365341186523e-03
3.984892368316650391e-02,3.892302513122558594e-03,-2.055555582046508789e-03
3.986251354217529297e-02,4.026055335998535156e-03,-2.052307128906250000e-03
3.988063335418701172e-02,4.139542579650878906e-03,-1.999914646148681641e-03
3.991401195526123047e-02,4.177927970886230469e-03,-1.986458897590637207e-03
3.994739055633544922e-02,4.222154617309570312e-03,-1.992225646972656250e-03
3.996670246124267578e-02,4.266262054443359375e-03,-2.204209566116333008e-03
3.998029232025146484e-02,4.312992095947265625e-03,-2.451598644256591797e-03
3.999531269073486328e-02,4.351973533630371094e-03,-2.693861722946166992e-03
4.000949859619140625e-02,4.402995109558105469e-03,-2.904608845710754395e-03
4.002487659454345703e-02,4.454970359802246094e-03,-3.070294857025146484e-03
4.004776477813720703e-02,4.477500915527343750e-03,-3.223836421966552734e-03
4.005336761474609375e-02,4.606485366821289062e-03,-3.321036696434020996e-03
4.004848003387451172e-02,4.738569259643554688e-03,-3.377929329872131348e-03
4.005646705627441406e-02,4.486680030822753906e-03,-3.405109047889709473e-03
4.005348682403564453e-02,4.246950149536132812e-03,-3.462955355644226074e-03
4.004037380218505859e-02,4.047274589538574219e-03,-3.517448902130126953e-03
3.999638557434082031e-02,3.922462463378906250e-03,-3.583267331123352051e-03
3.993833065032958984e-02,3.830313682556152344e-03,-3.704488277435302734e-03
3.985249996185302734e-02,3.866076469421386719e-03,-3.776222467422485352e-03
3.976941108703613281e-02,3.901481628417968750e-03,-3.887429833412170410e-03
3.969538211822509766e-02,3.930330276489257812e-03,-3.918170928955078125e-03
3.963482379913330078e-02,3.936290740966796875e-03,-3.879144787788391113e-03
3.958845138549804688e-02,3.935813903808593750e-03,-3.754898905754089355e-03
3.951561450958251953e-02,3.912329673767089844e-03,-3.665342926979064941e-03
3.944706916809082031e-02,3.896951675415039062e-03,-3.594458103179931641e-03
3.938698768615722656e-02,3.857970237731933594e-03,-3.578320145606994629e-03
3.936195373535156250e-02,3.876686096191406250e-03,-3.531813621520996094e-03
3.934323787689208984e-02,3.895401954650878906e-03,-3.252923488616943359e-03
3.932631015777587891e-02,3.889560699462890625e-03,-3.009259700775146484e-03
3.928148746490478516e-02,3.955841064453125000e-03,-2.768769860267639160e-03
3.923273086547851562e-02,3.991842269897460938e-03,-2.574667334556579590e-03
3.918278217315673828e-02,4.057765007019042969e-03,-2.375289797782897949e-03
3.912544250488281250e-02,4.073143005371093750e-03,-2.217486500740051270e-03
3.907704353332519531e-02,4.105567932128906250e-03,-2.049848437309265137e-03
3.899574279785156250e-02,4.090547561645507812e-03,-1.960307359695434570e-03
3.896450996398925781e-02,4.106163978576660156e-03,-1.828283071517944336e-03
3.893494606018066406e-02,4.132866859436035156e-03,-1.711696386337280273e-03
3.890645503997802734e-02,4.174232482910156250e-03,-1.654595136642456055e-03
3.886795043945312500e-02,4.233241081237792969e-03,-1.591131091117858887e-03
3.883600234985351562e-02,4.276514053344726562e-03,-1.516565680503845215e-03
3.878080844879150391e-02,4.269003868103027344e-03,-1.450061798095703125e-03
3.870916366577148438e-02,4.225254058837890625e-03,-1.358255743980407715e-03
3.862714767456054688e-02,4.206538200378417969e-03,-1.239106059074401855e-03
3.855347633361816406e-02,4.157543182373046875e-03,-1.073330640792846680e-03
3.848087787628173828e-02,4.095554351806640625e-03,-9.382367134094238281e-04
3.840517997741699219e-02,4.088163375854492188e-03,-8.109509944915771484e-04
3.832411766052246094e-02,4.091501235961914062e-03,-6.600916385650634766e-04
3.825509548187255859e-02,4.113197326660156250e-03,-5.293637514114379883e-04
3.818368911743164062e-02,4.124879837036132812e-03,-4.164427518844604492e-04
3.812646865844726562e-02,4.098653793334960938e-03,-3.314316272735595703e-04
3.805208206176757812e-02,4.082322120666503906e-03,-2.667009830474853516e-04
3.796708583831787109e-02,4.002928733825683594e-03,-1.521855592727661133e-04
3.791868686676025391e-02,3.914952278137207031e-03,-3.084540367126464844e-05
3.790283203125000000e-02,3.881812095642089844e-03,7.560849189758300781e-05
3.786253929138183594e-02,3.843784332275390625e-03,1.452267169952392578e-04
3.783321380615234375e-02,3.803730010986328125e-03,1.989305019378662109e-04
3.772425651550292969e-02,3.574609756469726562e-03,3.469586372375488281e-04
3.763973712921142578e-02,3.371953964233398438e-03,4.852563142776489258e-04
3.757214546203613281e-02,3.221511840820312500e-03,6.066262722015380859e-04
3.750550746917724609e-02,3.072738647460937500e-03,6.487816572189331055e-04
3.745448589324951172e-02,2.971649169921875000e-03,6.363242864608764648e-04
3.741216659545898438e-02,2.855300903320312500e-03,6.253421306610107422e-04
3.735852241516113281e-02,2.732515335083007812e-03,5.743056535720825195e-04
3.732895851135253906e-02,2.592682838439941406e-03,5.402863025665283203e-04
3.731286525726318359e-02,2.427935600280761719e-03,5.586147308349609375e-04
3.729617595672607422e-02,2.307772636413574219e-03,5.109757184982299805e-04
3.727793693542480469e-02,2.229332923889160156e-03,4.346370697021484375e-04
3.727531433105468750e-02,2.195715904235839844e-03,3.626048564910888672e-04
3.725874423980712891e-02,2.136707305908203125e-03,3.180950880050659180e-04
3.722500801086425781e-02,2.131342887878417969e-03,2.315789461135864258e-04
3.718960285186767578e-02,2.124667167663574219e-03,1.752972602844238281e-04
3.714728355407714844e-02,2.168297767639160156e-03,5.497038364410400391e-05
3.712165355682373047e-02,2.159118652343750000e-03,-2.726912498474121094e-05
3.709518909454345703e-02,2.129793167114257812e-03,-1.330077648162841797e-04
3.705406188964843750e-02,2.095818519592285156e-03,-2.362430095672607422e-04
3.700506687164306641e-02,2.071380615234375000e-03,-3.061145544052124023e-04
3.696477413177490234e-02,2.092003822326660156e-03,-3.933608531951904297e-04
3.692662715911865234e-02,2.086400985717773438e-03,-3.739148378372192383e-04
3.688323497772216797e-02,2.151131629943847656e-03,-4.278421401977539062e-04
3.684473037719726562e-02,2.212524414062500000e-03,-4.467219114303588867e-04
3.681957721710205078e-02,2.265095710754394531e-03,-4.952102899551391602e-04
3.682339191436767578e-02,2.336740493774414062e-03,-5.396008491516113281e-04
3.681492805480957031e-02,2.421736717224121094e-03,-3.810375928878784180e-04
3.679919242858886719e-02,2.559185028076171875e-03,-2.722889184951782227e-04
3.677666187286376953e-02,2.699494361877441406e-03,-1.771450042724609375e-04
3.677332401275634766e-02,2.825975418090820312e-03,-5.613267421722412109e-05
3.676414489746093750e-02,3.000020980834960938e-03,2.458691596984863281e-06
3.674864768981933594e-02,3.169536590576171875e-03,9.192526340484619141e-05
3.672194480895996094e-02,3.327727317810058594e-03,2.320706844329833984e-04
3.669834136962890625e-02,3.472566604614257812e-03,3.558993339538574219e-04
3.668570518493652344e-02,3.655314445495605469e-03,5.112439393997192383e-04
3.667175769805908203e-02,3.792047500610351562e-03,6.701201200485229492e-04
3.666651248931884766e-02,3.911852836608886719e-03,8.258372545242309570e-04
3.667020797729492188e-02,4.045248031616210938e-03,9.102970361709594727e-04
3.666770458221435547e-02,4.205346107482910156e-03,9.820759296417236328e-04
3.663253784179687500e-02,4.360437393188476562e-03,1.016765832901000977e-03
3.659141063690185547e-02,4.503726959228515625e-03,1.074314117431640625e-03
3.656518459320068359e-02,4.662752151489257812e-03,1.149341464042663574e-03
3.653848171234130859e-02,4.800796508789062500e-03,1.210480928421020508e-03
3.650534152984619141e-02,4.975318908691406250e-03,1.277327537536621094e-03
3.646993637084960938e-02,5.043983459472656250e-03,1.309350132942199707e-03
3.644752502441406250e-02,5.103111267089843750e-03,1.328065991401672363e-03
3.642785549163818359e-02,5.110979080200195312e-03,1.358747482299804688e-03
3.638339042663574219e-02,5.104780197143554688e-03,1.346066594123840332e-03
3.632402420043945312e-02,5.089163780212402344e-03,1.415014266967773438e-03
3.625464439392089844e-02,5.081295967102050781e-03,1.550018787384033203e-03
3.620469570159912109e-02,5.056023597717285156e-03,1.655444502830505371e-03
3.616881370544433594e-02,5.000114440917968750e-03,1.734510064125061035e-03
3.610360622406005859e-02,4.958152770996093750e-03,1.856401562690734863e-03
3.604638576507568359e-02,4.901647567749023438e-03,1.930192112922668457e-03
3.598463535308837891e-02,4.876255989074707031e-03,2.013608813285827637e-03
3.593480587005615234e-02,4.882335662841796875e-03,2.078294754028320312e-03
3.589689731597900391e-02,4.845857620239257812e-03,2.170175313949584961e-03
3.584694862365722656e-02,4.839420318603515625e-03,2.212107181549072266e-03
3.578984737396240234e-02,4.822969436645507812e-03,2.292782068252563477e-03
3.573238849639892578e-02,4.800558090209960938e-03,2.350181341171264648e-03
3.567266464233398438e-02,4.795193672180175781e-03,2.344995737075805664e-03
3.560698032379150391e-02,4.829049110412597656e-03,2.249747514724731445e-03
3.554522991180419922e-02,4.838347434997558594e-03,2.144962549209594727e-03
3.549611568450927734e-02,4.782915115356445312e-03,2.061128616333007812e-03
3.544366359710693359e-02,4.752159118652343750e-03,2.047404646873474121e-03
3.539943695068359375e-02,4.732489585876464844e-03,2.069920301437377930e-03
3.534138202667236328e-02,4.708647727966308594e-03,2.108976244926452637e-03
3.528845310211181641e-02,4.711627960205078125e-03,2.098530530929565430e-03
3.522539138793945312e-02,4.674553871154785156e-03,2.141848206520080566e-03
3.516447544097900391e-02,4.652857780456542969e-03,2.176776528358459473e-03
3.509795665740966797e-02,4.603505134582519531e-03,2.172037959098815918e-03
3.503024578094482422e-02,4.580855369567871094e-03,2.217516303062438965e-03
3.497135639190673828e-02,4.551053047180175781e-03,2.252548933029174805e-03
3.488957881927490234e-02,4.536390304565429688e-03,2.266153693199157715e-03
3.478145599365234375e-02,4.568934440612792969e-03,2.205461263656616211e-03
3.467249870300292969e-02,4.608631134033203125e-03,2.151995897293090820e-03
3.455638885498046875e-02,4.690289497375488281e-03,2.107173204421997070e-03
3.444993495941162109e-02,4.782319068908691406e-03,2.022504806518554688e-03
3.434145450592041016e-02,5.018234252929687500e-03,1.907914876937866211e-03
3.424024581909179688e-02,5.234718322753906250e-03,1.789972186088562012e-03
3.496527671813964844e-02,5.469322204589843750e-03,1.686945557594299316e-03
3.560745716094970703e-02,5.697250366210937500e-03,1.595601439476013184e-03
3.618311882019042969e-02,5.896925926208496094e-03,1.504972577095031738e-03
3.670513629913330078e-02,6.068825721740722656e-03,1.409634947776794434e-03
3.716790676116943359e-02,6.240129470825195312e-03,1.299560070037841797e-03
3.757584095001220703e-02,6.367921829223632812e-03,1.154184341430664062e-03
3.794670104980468750e-02,6.443142890930175781e-03,1.017495989799499512e-03
3.827798366546630859e-02,6.585717201232910156e-03,8.548796176910400391e-04
3.859174251556396484e-02,6.718158721923828125e-03,6.792992353439331055e-04
3.888249397277832031e-02,6.823658943176269531e-03,4.539638757705688477e-04
3.913879394531250000e-02,6.903529167175292969e-03,2.033412456512451172e-04
3.934884071350097656e-02,6.975769996643066406e-03,-3.524124622344970703e-05
3.952085971832275391e-02,7.038712501525878906e-03,-2.573579549789428711e-04
3.967547416687011719e-02,7.090568542480468750e-03,-4.162937402725219727e-04
3.982126712799072266e-02,7.139563560485839844e-03,-5.391836166381835938e-04
3.995180130004882812e-02,7.194638252258300781e-03,-6.057024002075195312e-04
4.005110263824462891e-02,7.257699966430664062e-03,-7.061511278152465820e-04
4.014635086059570312e-02,7.300138473510742188e-03,-7.441490888595581055e-04
4.023897647857666016e-02,7.291913032531738281e-03,-7.573813199996948242e-04
4.031085968017578125e-02,7.301568984985351562e-03,-6.949305534362792969e-04
4.037725925445556641e-02,7.298707962036132812e-03,-6.865561008453369141e-04
4.041814804077148438e-02,7.330894470214843750e-03,-6.914585828781127930e-04
4.045200347900390625e-02,7.329821586608886719e-03,-6.946027278900146484e-04
4.047489166259765625e-02,7.310509681701660156e-03,-7.261782884597778320e-04
4.049348831176757812e-02,7.298707962036132812e-03,-7.951855659484863281e-04
4.050052165985107422e-02,7.296204566955566406e-03,-8.786916732788085938e-04
4.049956798553466797e-02,7.313728332519531250e-03,-9.616911411285400391e-04
4.050338268280029297e-02,7.307171821594238281e-03,-9.961128234863281250e-04
4.051542282104492188e-02,7.330894470214843750e-03,-1.069724559783935547e-03
4.051923751831054688e-02,7.337927818298339844e-03,-1.147657632827758789e-03
4.051196575164794922e-02,7.317662239074707031e-03,-1.188591122627258301e-03
4.050314426422119141e-02,7.288932800292968750e-03,-1.204729080200195312e-03
4.050815105438232422e-02,7.225871086120605469e-03,-1.212492585182189941e-03
4.051363468170166016e-02,7.185935974121093750e-03,-1.215025782585144043e-03
4.052436351776123047e-02,7.116675376892089844e-03,-1.240104436874389648e-03
4.053664207458496094e-02,7.058858871459960938e-03,-1.215457916259765625e-03
4.054868221282958984e-02,7.003664970397949219e-03,-1.210331916809082031e-03
4.055345058441162109e-02,6.955027580261230469e-03,-1.191511750221252441e-03
4.054677486419677734e-02,6.911993026733398438e-03,-1.154378056526184082e-03
4.054367542266845703e-02,6.908297538757324219e-03,-1.109898090362548828e-03
4.054522514343261719e-02,6.924748420715332031e-03,-1.133456826210021973e-03
4.054594039916992188e-02,6.744742393493652344e-03,-1.137912273406982422e-03
4.055190086364746094e-02,6.572723388671875000e-03,-1.137822866439819336e-03
4.054737091064453125e-02,6.397366523742675781e-03,-1.080736517906188965e-03
4.054927825927734375e-02,6.214499473571777344e-03,-1.007765531539916992e-03
4.054749011993408203e-02,6.111741065979003906e-03,-9.311735630035400391e-04
4.053902626037597656e-02,6.028771400451660156e-03,-8.187890052795410156e-04
4.053211212158203125e-02,5.939960479736328125e-03,-6.683021783828735352e-04
4.051208496093750000e-02,5.849480628967285156e-03,-5.345344543457031250e-04
4.049396514892578125e-02,5.745172500610351562e-03,-3.827512264251708984e-04
4.047036170959472656e-02,5.622386932373046875e-03,-2.459585666656494141e-04
4.044735431671142578e-02,5.492806434631347656e-03,-1.168698072433471680e-04
4.042863845825195312e-02,5.367279052734375000e-03,-6.049871444702148438e-06
4.040729999542236328e-02,5.174160003662109375e-03,1.246035099029541016e-04
4.037845134735107422e-02,4.983901977539062500e-03,3.227442502975463867e-04
4.037261009216308594e-02,4.817366600036621094e-03,5.077868700027465820e-04
4.036915302276611328e-02,4.662036895751953125e-03,6.765425205230712891e-04
4.035806655883789062e-02,4.521727561950683594e-03,7.703751325607299805e-04
4.033231735229492188e-02,4.410862922668457031e-03,8.770674467086791992e-04
4.030811786651611328e-02,4.321813583374023438e-03,9.235590696334838867e-04
4.027378559112548828e-02,4.296422004699707031e-03,9.051263332366943359e-04
4.023313522338867188e-02,4.301428794860839844e-03,8.848756551742553711e-04
4.018759727478027344e-02,4.311084747314453125e-03,8.540004491806030273e-04
4.015457630157470703e-02,4.309415817260742188e-03,8.308440446853637695e-04
4.012393951416015625e-02,4.280567169189453125e-03,8.161813020706176758e-04
4.009020328521728516e-02,4.246354103088378906e-03,8.501559495925903320e-04
4.005765914916992188e-02,4.203319549560546875e-03,8.838027715682983398e-04
4.003643989562988281e-02,4.165649414062500000e-03,9.040683507919311523e-04
4.000711441040039062e-02,4.132151603698730469e-03,9.166896343231201172e-04
3.997564315795898438e-02,4.105925559997558594e-03,9.007155895233154297e-04
3.995692729949951172e-02,4.109144210815429688e-03,9.451806545257568359e-04
3.993582725524902344e-02,4.105448722839355469e-03,1.005753874778747559e-03
3.990709781646728516e-02,4.116296768188476562e-03,9.984672069549560547e-04
3.988087177276611328e-02,4.148125648498535156e-03,9.411722421646118164e-04
3.985226154327392578e-02,4.178524017333984375e-03,8.134990930557250977e-04
3.981924057006835938e-02,4.219174385070800781e-03,7.316172122955322266e-04
3.978931903839111328e-02,4.279851913452148438e-03,6.649792194366455078e-04
3.975880146026611328e-02,4.342794418334960938e-03,5.713254213333129883e-04
3.973364830017089844e-02,4.399418830871582031e-03,3.967583179473876953e-04
3.968977928161621094e-02,4.377603530883789062e-03,2.570599317550659180e-04
3.963851928710937500e-02,4.379153251647949219e-03,1.364797353744506836e-04
3.959023952484130859e-02,4.363417625427246094e-03,-4.366040229797363281e-06
3.954744338989257812e-02,4.384398460388183594e-03,-1.250505447387695312e-04
3.949725627899169922e-02,4.393696784973144531e-03,-2.000331878662109375e-04
3.944790363311767578e-02,4.374384880065917969e-03,-3.603845834732055664e-04
3.939867019653320312e-02,4.368662834167480469e-03,-5.441606044769287109e-04
3.934729099273681641e-02,4.361033439636230469e-03,-6.900578737258911133e-04
3.930175304412841797e-02,4.348874092102050781e-03,-7.956773042678833008e-04
3.925251960754394531e-02,4.320621490478515625e-03,-8.261054754257202148e-04
3.919887542724609375e-02,4.308462142944335938e-03,-9.455829858779907227e-04
3.914439678192138672e-02,4.446387290954589844e-03,-1.030445098876953125e-03
3.909528255462646484e-02,4.611015319824218750e-03,-1.120269298553466797e-03
3.904199600219726562e-02,4.776000976562500000e-03,-1.199021935462951660e-03
3.898668289184570312e-02,4.921078681945800781e-03,-1.270845532417297363e-03
3.895092010498046875e-02,5.005359649658203125e-03,-1.293987035751342773e-03
3.891623020172119141e-02,5.093336105346679688e-03,-1.338347792625427246e-03
3.885972499847412109e-02,5.070805549621582031e-03,-1.475557684898376465e-03
3.880310058593750000e-02,5.014657974243164062e-03,-1.593619585037231445e-03
3.875482082366943359e-02,4.933238029479980469e-03,-1.688241958618164062e-03
3.870892524719238281e-02,4.849672317504882812e-03,-1.739516854286193848e-03
3.867113590240478516e-02,4.816174507141113281e-03,-1.784935593605041504e-03
3.863084316253662109e-02,4.785895347595214844e-03,-1.818373799324035645e-03
3.860306739807128906e-02,4.866003990173339844e-03,-1.855075359344482422e-03
3.856825828552246094e-02,4.945874214172363281e-03,-1.847535371780395508e-03
3.852510452270507812e-02,5.007743835449218750e-03,-1.809746026992797852e-03
3.847908973693847656e-02,5.085945129394531250e-03,-1.796036958694458008e-03
3.841483592987060547e-02,5.151033401489257812e-03,-1.757934689521789551e-03
3.837180137634277344e-02,5.279064178466796875e-03,-1.693353056907653809e-03
3.833627700805664062e-02,5.450248718261718750e-03,-1.667499542236328125e-03
3.829562664031982422e-02,5.639910697937011719e-03,-1.667559146881103516e-03
3.824746608734130859e-02,5.762696266174316406e-03,-1.707464456558227539e-03
3.821241855621337891e-02,5.850791931152343750e-03,-1.725554466247558594e-03
3.817570209503173828e-02,5.930542945861816406e-03,-1.700416207313537598e-03
3.813195228576660156e-02,5.991935729980468750e-03,-1.701220870018005371e-03
3.807055950164794922e-02,5.981683731079101562e-03,-1.671105623245239258e-03
3.801167011260986328e-02,6.043672561645507812e-03,-1.567661762237548828e-03
3.792870044708251953e-02,6.112337112426757812e-03,-1.473933458328247070e-03
3.784871101379394531e-02,6.116986274719238281e-03,-1.403033733367919922e-03
3.777384757995605469e-02,6.101489067077636719e-03,-1.372933387756347656e-03
3.767883777618408203e-02,6.157159805297851562e-03,-1.334041357040405273e-03
3.758502006530761719e-02,6.196856498718261719e-03,-1.305758953094482422e-03
3.751277923583984375e-02,6.170988082885742188e-03,-1.294106245040893555e-03
3.744363784790039062e-02,6.185293197631835938e-03,-1.278787851333618164e-03
3.736984729766845703e-02,6.188511848449707031e-03,-1.303449273109436035e-03
3.729796409606933594e-02,6.129741668701171875e-03,-1.343056559562683105e-03
3.722739219665527344e-02,6.066083908081054688e-03,-1.408398151397705078e-03
3.716981410980224609e-02,5.995631217956542969e-03,-1.443594694137573242e-03
3.711569309234619141e-02,5.953669548034667969e-03,-1.500934362411499023e-03
3.705394268035888672e-02,5.932211875915527344e-03,-1.531198620796203613e-03
3.699791431427001953e-02,5.941033363342285156e-03,-1.589164137840270996e-03
3.665614128112792969e-02,5.306363105773925781e-03,-1.596212387084960938e-03
3.635263442993164062e-02,4.762768745422363281e-03,-1.586124300956726074e-03
3.607964515686035156e-02,4.279732704162597656e-03,-1.582592725753784180e-03
3.582656383514404297e-02,3.831744194030761719e-03,-1.572519540786743164e-03
3.560686111450195312e-02,3.455519676208496094e-03,-1.523211598396301270e-03
3.540420532226562500e-02,3.136396408081054688e-03,-1.500353217124938965e-03
3.522825241088867188e-02,2.840042114257812500e-03,-1.455247402191162109e-03
3.508436679840087891e-02,2.567887306213378906e-03,-1.432850956916809082e-03
3.496742248535156250e-02,2.330422401428222656e-03,-1.401618123054504395e-03
3.485858440399169922e-02,2.158164978027343750e-03,-1.360446214675903320e-03
3.475725650787353516e-02,2.016425132751464844e-03,-1.278385519981384277e-03
3.466403484344482422e-02,1.918792724609375000e-03,-1.182526350021362305e-03
3.457760810852050781e-02,1.828193664550781250e-03,-1.085340976715087891e-03
3.451132774353027344e-02,1.759648323059082031e-03,-9.868890047073364258e-04
3.444969654083251953e-02,1.731276512145996094e-03,-8.817613124847412109e-04
3.440248966217041016e-02,1.728653907775878906e-03,-7.664412260055541992e-04
3.437376022338867188e-02,1.722693443298339844e-03,-6.187558174133300781e-04
3.436124324798583984e-02,1.730918884277343750e-03,-4.722774028778076172e-04
3.435039520263671875e-02,1.776099205017089844e-03,-3.309398889541625977e-04
3.434336185455322266e-02,1.826882362365722656e-03,-1.895725727081298828e-04
3.433263301849365234e-02,1.895070075988769531e-03,-4.509091377258300781e-05
3.432452678680419922e-02,1.980066299438476562e-03,1.623183488845825195e-04
3.430593013763427734e-02,2.040147781372070312e-03,3.307610750198364258e-04
3.429102897644042969e-02,2.140283584594726562e-03,5.337297916412353516e-04
3.428030014038085938e-02,2.262949943542480469e-03,7.704049348831176758e-04
3.427648544311523438e-02,2.382755279541015625e-03,1.016765832901000977e-03
3.427672386169433594e-02,2.504348754882812500e-03,1.245260238647460938e-03
3.431296348571777344e-02,2.832770347595214844e-03,1.444771885871887207e-03
3.434097766876220703e-02,3.116369247436523438e-03,1.632511615753173828e-03
3.436684608459472656e-02,3.382444381713867188e-03,1.751855015754699707e-03
3.440153598785400391e-02,3.623843193054199219e-03,1.782789826393127441e-03
3.446066379547119141e-02,3.835916519165039062e-03,1.824513077735900879e-03
3.452157974243164062e-02,4.052996635437011719e-03,1.836523413658142090e-03
3.456211090087890625e-02,4.206538200378417969e-03,1.881197094917297363e-03
3.459358215332031250e-02,4.366517066955566406e-03,1.929938793182373047e-03
3.462386131286621094e-02,4.557251930236816406e-03,1.908898353576660156e-03
3.465783596038818359e-02,4.745721817016601562e-03,1.896992325782775879e-03
3.468358516693115234e-02,4.913568496704101562e-03,1.842901110649108887e-03
3.472924232482910156e-02,5.041599273681640625e-03,1.898765563964843750e-03
3.476750850677490234e-02,5.164384841918945312e-03,1.986786723136901855e-03
3.478896617889404297e-02,5.269050598144531250e-03,2.060800790786743164e-03
3.478229045867919922e-02,5.369782447814941406e-03,2.125203609466552734e-03
3.479051589965820312e-02,5.468606948852539062e-03,2.223730087280273438e-03
3.480255603790283203e-02,5.568742752075195312e-03,2.325281500816345215e-03
3.480792045593261719e-02,5.628943443298339844e-03,2.463772892951965332e-03
3.481936454772949219e-02,5.890250205993652344e-03,2.376735210418701172e-03
3.483736515045166016e-02,6.144881248474121094e-03,2.292990684509277344e-03
3.483712673187255859e-02,6.365537643432617188e-03,2.215638756752014160e-03
3.483188152313232422e-02,6.587028503417968750e-03,2.177953720092773438e-03
3.483474254608154297e-02,6.753325462341308594e-03,2.118006348609924316e-03
3.481745719909667969e-02,6.914615631103515625e-03,2.028986811637878418e-03
3.479135036468505859e-02,7.098436355590820312e-03,1.975774765014648438e-03
3.475964069366455078e-02,7.235527038574218750e-03,1.965105533599853516e-03
3.473114967346191406e-02,7.363438606262207031e-03,1.961380243301391602e-03
3.470396995544433594e-02,7.597565650939941406e-03,1.892834901809692383e-03
3.468668460845947266e-02,7.771968841552734375e-03,1.846104860305786133e-03
3.467369079589843750e-02,7.927775382995605469e-03,1.808315515518188477e-03
3.465986251831054688e-02,8.062362670898437500e-03,1.800090074539184570e-03
3.464233875274658203e-02,8.185744285583496094e-03,1.817271113395690918e-03
3.461253643035888672e-02,8.302330970764160156e-03,1.832097768783569336e-03
3.458535671234130859e-02,8.415341377258300781e-03,1.834109425544738770e-03
3.455281257629394531e-02,8.520960807800292969e-03,1.766458153724670410e-03
3.451991081237792969e-02,8.613348007202148438e-03,1.744702458381652832e-03
3.449130058288574219e-02,8.705019950866699219e-03,1.753091812133789062e-03
3.446030616760253906e-02,8.759498596191406250e-03,1.789763569831848145e-03
3.442645072937011719e-02,8.812308311462402344e-03,1.799836754798889160e-03
3.440237045288085938e-02,8.885502815246582031e-03,1.798391342163085938e-03
3.437387943267822266e-02,8.937716484069824219e-03,1.851677894592285156e-03
3.434216976165771484e-02,8.988261222839355469e-03,1.867368817329406738e-03
3.429543972015380859e-02,9.015560150146484375e-03,1.898407936096191406e-03
3.423678874969482422e-02,9.067654609680175781e-03,1.956790685653686523e-03
3.417587280273437500e-02,9.106993675231933594e-03,2.010852098464965820e-03
3.411388397216796875e-02,9.148836135864257812e-03,2.073273062705993652e-03
3.405082225799560547e-02,9.173750877380371094e-03,2.087816596031188965e-03
3.399085998535156250e-02,9.222507476806640625e-03,2.064585685729980469e-03
3.393483161926269531e-02,9.268522262573242188e-03,2.093777060508728027e-03
3.385710716247558594e-02,9.307861328125000000e-03,2.170488238334655762e-03
3.378617763519287109e-02,9.351015090942382812e-03,2.265632152557373047e-03
3.372144699096679688e-02,9.408354759216308594e-03,2.353861927986145020e-03
3.364753723144531250e-02,9.470224380493164062e-03,2.401381731033325195e-03
3.356933593750000000e-02,9.542465209960937500e-03,2.453550696372985840e-03
3.348004817962646484e-02,9.639382362365722656e-03,2.528920769691467285e-03
3.337025642395019531e-02,9.739279747009277344e-03,2.663433551788330078e-03
3.325057029724121094e-02,9.775996208190917969e-03,2.728939056396484375e-03
3.313219547271728516e-02,9.820938110351562500e-03,2.782315015792846680e-03
3.300678730010986328e-02,9.863376617431640625e-03,2.867579460144042969e-03
3.287076950073242188e-02,9.900093078613281250e-03,2.943322062492370605e-03
3.274989128112792969e-02,9.968876838684082031e-03,3.072485327720642090e-03
3.262114524841308594e-02,1.002562046051025391e-02,3.160938620567321777e-03
3.249287605285644531e-02,1.007390022277832031e-02,3.236562013626098633e-03
3.236234188079833984e-02,1.014137268066406250e-02,3.313004970550537109e-03
3.223586082458496094e-02,1.021611690521240234e-02,3.375560045242309570e-03
3.212749958038330078e-02,1.026535034179687500e-02,3.445893526077270508e-03
3.199875354766845703e-02,1.027238368988037109e-02,3.519490361213684082e-03
3.186571598052978516e-02,1.028120517730712891e-02,3.599241375923156738e-03
3.174090385437011719e-02,1.029288768768310547e-02,3.691017627716064453e-03
3.161609172821044922e-02,1.030516624450683594e-02,3.796786069869995117e-03
3.150069713592529297e-02,1.029872894287109375e-02,3.891617059707641602e-03
3.138613700866699219e-02,1.029992103576660156e-02,3.964766860008239746e-03
3.129434585571289062e-02,1.030182838439941406e-02,4.024907946586608887e-03
3.120648860931396484e-02,1.027095317840576172e-02,4.064515233039855957e-03
3.112888336181640625e-02,1.026284694671630859e-02,4.104390740394592285e-03
3.105890750885009766e-02,1.021134853363037109e-02,4.114925861358642578e-03
3.098118305206298828e-02,1.020288467407226562e-02,4.094600677490234375e-03
3.090715408325195312e-02,1.020383834838867188e-02,4.022181034088134766e-03
3.082132339477539062e-02,1.020634174346923828e-02,3.937616944313049316e-03
3.073787689208984375e-02,1.025307178497314453e-02,3.876298666000366211e-03
3.065407276153564453e-02,1.031863689422607422e-02,3.836885094642639160e-03
3.056538105010986328e-02,1.039373874664306641e-02,3.771811723709106445e-03
3.047215938568115234e-02,1.047527790069580078e-02,3.696054220199584961e-03
3.036701679229736328e-02,1.057863235473632812e-02,3.651186823844909668e-03
3.026986122131347656e-02,1.067149639129638672e-02,3.600969910621643066e-03
3.016841411590576172e-02,1.077675819396972656e-02,3.558740019798278809e-03
3.006792068481445312e-02,1.089310646057128906e-02,3.592357039451599121e-03
2.994918823242187500e-02,1.099848747253417969e-02,3.615558147430419922e-03
2.981615066528320312e-02,1.109004020690917969e-02,3.653392195701599121e-03
2.968621253967285156e-02,1.118302345275878906e-02,3.638431429862976074e-03
2.957403659820556641e-02,1.124656200408935547e-02,3.685802221298217773e-03
2.945971488952636719e-02,1.132392883300781250e-02,3.726467490196228027e-03
2.935290336608886719e-02,1.141703128814697266e-02,3.762960433959960938e-03
2.925395965576171875e-02,1.149666309356689453e-02,3.807872533798217773e-03
2.915740013122558594e-02,1.154112815856933594e-02,3.874480724334716797e-03
2.904009819030761719e-02,1.161277294158935547e-02,3.878369927406311035e-03
2.892684936523437500e-02,1.169657707214355469e-02,3.898561000823974609e-03
2.881145477294921875e-02,1.174855232238769531e-02,3.931671380996704102e-03
2.869629859924316406e-02,1.180338859558105469e-02,3.959178924560546875e-03
2.857816219329833984e-02,1.184082031250000000e-02,3.954440355300903320e-03
2.845931053161621094e-02,1.189792156219482422e-02,3.972321748733520508e-03
2.834546566009521484e-02,1.198720932006835938e-02,4.001945257186889648e-03
2.824270725250244141e-02,1.205110549926757812e-02,3.998816013336181641e-03
2.814710140228271484e-02,1.209139823913574219e-02,4.009366035461425781e-03
2.806556224822998047e-02,1.212716102600097656e-02,4.012063145637512207e-03
2.798295021057128906e-02,1.215612888336181641e-02,4.048317670822143555e-03
2.790665626525878906e-02,1.219999790191650391e-02,4.043772816658020020e-03
2.783715724945068359e-02,1.225960254669189453e-02,4.034742712974548340e-03
2.776527404785156250e-02,1.229405403137207031e-02,4.004985094070434570e-03
2.769804000854492188e-02,1.231396198272705078e-02,3.949999809265136719e-03
2.763986587524414062e-02,1.231360435485839844e-02,3.901720046997070312e-03
2.756881713867187500e-02,1.230907440185546875e-02,3.821611404418945312e-03
2.749800682067871094e-02,1.232993602752685547e-02,3.749281167984008789e-03
2.742862701416015625e-02,1.236879825592041016e-02,3.717243671417236328e-03
2.736151218414306641e-02,1.244831085205078125e-02,3.668680787086486816e-03
2.729308605194091797e-02,1.250600814819335938e-02,3.584504127502441406e-03
2.723026275634765625e-02,1.256763935089111328e-02,3.519415855407714844e-03
2.716565132141113281e-02,1.262962818145751953e-02,3.453254699707031250e-03
2.710938453674316406e-02,1.270031929016113281e-02,3.417283296585083008e-03
2.709031105041503906e-02,1.244235038757324219e-02,3.411382436752319336e-03
2.707231044769287109e-02,1.220107078552246094e-02,3.390595316886901855e-03
2.705264091491699219e-02,1.201200485229492188e-02,3.405764698982238770e-03
2.702283859252929688e-02,1.173412799835205078e-02,3.456711769104003906e-03
2.698552608489990234e-02,1.149165630340576172e-02,3.466024994850158691e-03
2.694201469421386719e-02,1.128768920898437500e-02,3.490388393402099609e-03
2.689504623413085938e-02,1.114678382873535156e-02,3.548204898834228516e-03
2.685141563415527344e-02,1.101684570312500000e-02,3.585979342460632324e-03
2.679598331451416016e-02,1.090097427368164062e-02,3.634870052337646484e-03
2.674078941345214844e-02,1.080620288848876953e-02,3.683686256408691406e-03
2.668702602386474609e-02,1.071584224700927734e-02,3.712028264999389648e-03
2.662646770477294922e-02,1.063609123229980469e-02,3.726676106452941895e-03
2.657079696655273438e-02,1.060867309570312500e-02,3.722786903381347656e-03
2.649891376495361328e-02,1.058852672576904297e-02,3.759220242500305176e-03
2.641510963439941406e-02,1.057028770446777344e-02,3.838360309600830078e-03
2.633500099182128906e-02,1.058554649353027344e-02,3.874436020851135254e-03
2.625429630279541016e-02,1.059722900390625000e-02,3.888890147209167480e-03
2.615582942962646484e-02,1.063907146453857422e-02,3.903746604919433594e-03
