2.803921699523925781e-02,5.415260791778564453e-02,5.269008874893188477e-02
2.803921699523925781e-02,5.415260791778564453e-02,5.269008874893188477e-02
2.903914451599121094e-02,5.315256118774414062e-02,5.369010567665100098e-02
3.003382682800292969e-02,5.238127708435058594e-02,5.439263582229614258e-02
3.102445602416992188e-02,5.154395103454589844e-02,5.507779121398925781e-02
3.077888488769531250e-02,5.103600025177001953e-02,5.586573481559753418e-02
3.027415275573730469e-02,5.093872547149658203e-02,5.643516778945922852e-02
3.039002418518066406e-02,5.065369606018066406e-02,5.714890360832214355e-02
3.077578544616699219e-02,5.021524429321289062e-02,5.790907144546508789e-02
3.106904029846191406e-02,4.990863800048828125e-02,5.856606364250183105e-02
3.108167648315429688e-02,4.961836338043212891e-02,5.874657630920410156e-02
3.113555908203125000e-02,4.937756061553955078e-02,5.867463350296020508e-02
3.123497962951660156e-02,4.920864105224609375e-02,5.850490927696228027e-02
3.118944168090820312e-02,4.907083511352539062e-02,5.822178721427917480e-02
3.121304512023925781e-02,4.893314838409423828e-02,5.784678459167480469e-02
3.129410743713378906e-02,4.864776134490966797e-02,5.782565474510192871e-02
3.127098083496093750e-02,4.840278625488281250e-02,5.777931213378906250e-02
3.107833862304687500e-02,4.831182956695556641e-02,5.780407786369323730e-02
3.086948394775390625e-02,4.823613166809082031e-02,5.803185701370239258e-02
3.059363365173339844e-02,4.811537265777587891e-02,5.793574452400207520e-02
3.032803535461425781e-02,4.793822765350341797e-02,5.795440077781677246e-02
3.005480766296386719e-02,4.781985282897949219e-02,5.797910690307617188e-02
2.982425689697265625e-02,4.770553112030029297e-02,5.782905220985412598e-02
2.948927879333496094e-02,4.759573936462402344e-02,5.757439136505126953e-02
2.920055389404296875e-02,4.752480983734130859e-02,5.742850899696350098e-02
2.917027473449707031e-02,4.744207859039306641e-02,5.736276507377624512e-02
2.915215492248535156e-02,4.740810394287109375e-02,5.731749534606933594e-02
2.904582023620605469e-02,4.729115962982177734e-02,5.704313516616821289e-02
2.890658378601074219e-02,4.717922210693359375e-02,5.677744746208190918e-02
2.873492240905761719e-02,4.717218875885009766e-02,5.653846263885498047e-02
2.858996391296386719e-02,4.708790779113769531e-02,5.609965324401855469e-02
2.843070030212402344e-02,4.700541496276855469e-02,5.566719174385070801e-02
2.842473983764648438e-02,4.694807529449462891e-02,5.527386069297790527e-02
2.846789360046386719e-02,4.694831371307373047e-02,5.504804849624633789e-02
2.857184410095214844e-02,4.694092273712158203e-02,5.478647351264953613e-02
2.880692481994628906e-02,4.692280292510986328e-02,5.462363362312316895e-02
2.903079986572265625e-02,4.669642448425292969e-02,5.440130829811096191e-02
2.930164337158203125e-02,4.631137847900390625e-02,5.440533161163330078e-02
2.961277961730957031e-02,4.595804214477539062e-02,5.473527312278747559e-02
2.984237670898437500e-02,4.573523998260498047e-02,5.498397350311279297e-02
3.022551536560058594e-02,4.538714885711669922e-02,5.518659949302673340e-02
3.053855895996093750e-02,4.503703117370605469e-02,5.532452464103698730e-02
3.049159049987792969e-02,4.463696479797363281e-02,5.539450049400329590e-02
3.062510490417480469e-02,4.425454139709472656e-02,5.537617206573486328e-02
3.077244758605957031e-02,4.386568069458007812e-02,5.529126524925231934e-02
3.085327148437500000e-02,4.370164871215820312e-02,5.501112341880798340e-02
3.099060058593750000e-02,4.349768161773681641e-02,5.488732457160949707e-02
3.118300437927246094e-02,4.366087913513183594e-02,5.474206805229187012e-02
3.138113021850585938e-02,4.369115829467773438e-02,5.463597178459167480e-02
3.157138824462890625e-02,4.375028610229492188e-02,5.458611249923706055e-02
3.157210350036621094e-02,4.371511936187744141e-02,5.434027314186096191e-02
3.139185905456542969e-02,4.365527629852294922e-02,5.399203300476074219e-02
3.117132186889648438e-02,4.380023479461669922e-02,5.357053875923156738e-02
3.092765808105468750e-02,4.387927055358886719e-02,5.316776037216186523e-02
3.067755699157714844e-02,4.382503032684326172e-02,5.272728204727172852e-02
3.032255172729492188e-02,4.384934902191162109e-02,5.223751068115234375e-02
2.994942665100097656e-02,4.379391670227050781e-02,5.170053243637084961e-02
2.990961074829101562e-02,4.365837574005126953e-02,5.112403631210327148e-02
2.981638908386230469e-02,4.351103305816650391e-02,5.054691433906555176e-02
2.982258796691894531e-02,4.332876205444335938e-02,5.015698075294494629e-02
2.971887588500976562e-02,4.312872886657714844e-02,4.990679025650024414e-02
2.953958511352539062e-02,4.283213615417480469e-02,4.971706867218017578e-02
2.927708625793457031e-02,4.231381416320800781e-02,4.946419596672058105e-02
2.897238731384277344e-02,4.183149337768554688e-02,4.911759495735168457e-02
2.859926223754882812e-02,4.134440422058105469e-02,4.869726300239562988e-02
2.820849418640136719e-02,4.093539714813232422e-02,4.813235998153686523e-02
2.793598175048828125e-02,4.045987129211425781e-02,4.748168587684631348e-02
2.777504920959472656e-02,3.971660137176513672e-02,4.690971970558166504e-02
2.773237228393554688e-02,3.896403312683105469e-02,4.651787877082824707e-02
2.761602401733398438e-02,3.839755058288574219e-02,4.613393545150756836e-02
2.755928039550781250e-02,3.781962394714355469e-02,4.580748081207275391e-02
2.741026878356933594e-02,3.734016418457031250e-02,4.556453227996826172e-02
2.728247642517089844e-02,3.691697120666503906e-02,4.532864689826965332e-02
2.719879150390625000e-02,3.646373748779296875e-02,4.503124952316284180e-02
2.708315849304199219e-02,3.602266311645507812e-02,4.477387666702270508e-02
2.701926231384277344e-02,3.551864624023437500e-02,4.447355866432189941e-02
2.693486213684082031e-02,3.490459918975830078e-02,4.411605000495910645e-02
2.677202224731445312e-02,3.433763980865478516e-02,4.386779665946960449e-02
2.653479576110839844e-02,3.373932838439941406e-02,4.350176453590393066e-02
2.634954452514648438e-02,3.310751914978027344e-02,4.323545098304748535e-02
2.616882324218750000e-02,3.241086006164550781e-02,4.301053285598754883e-02
2.593207359313964844e-02,3.176760673522949219e-02,4.281273484230041504e-02
2.573418617248535156e-02,3.106415271759033203e-02,4.264637827873229980e-02
2.560782432556152344e-02,3.034186363220214844e-02,4.269048571586608887e-02
2.543663978576660156e-02,2.961385250091552734e-02,4.267439246177673340e-02
2.526760101318359375e-02,2.872776985168457031e-02,4.261982440948486328e-02
2.520513534545898438e-02,2.774810791015625000e-02,4.264116287231445312e-02
2.520346641540527344e-02,2.677762508392333984e-02,4.269269108772277832e-02
2.506041526794433594e-02,2.589511871337890625e-02,4.280117154121398926e-02
2.485990524291992188e-02,2.517235279083251953e-02,4.295882582664489746e-02
2.478790283203125000e-02,2.457880973815917969e-02,4.305323958396911621e-02
2.467489242553710938e-02,2.394878864288330078e-02,4.314035177230834961e-02
2.433133125305175781e-02,2.339911460876464844e-02,4.324600100517272949e-02
2.397298812866210938e-02,2.285981178283691406e-02,4.354098439216613770e-02
2.352786064147949219e-02,2.229738235473632812e-02,4.376775026321411133e-02
2.315950393676757812e-02,2.164196968078613281e-02,4.397764801979064941e-02
2.275609970092773438e-02,2.107715606689453125e-02,4.426234960556030273e-02
2.232050895690917969e-02,2.056109905242919922e-02,4.450106620788574219e-02
2.180242538452148438e-02,2.007365226745605469e-02,4.473349452018737793e-02
2.119517326354980469e-02,1.968240737915039062e-02,4.501855373382568359e-02
2.078914642333984375e-02,1.941680908203125000e-02,4.529118537902832031e-02
2.026963233947753906e-02,1.934194564819335938e-02,4.571539163589477539e-02
1.970124244689941406e-02,1.932954788208007812e-02,4.596740007400512695e-02
1.917695999145507812e-02,1.948940753936767578e-02,4.627794027328491211e-02
1.877164840698242188e-02,1.952958106994628906e-02,4.650309681892395020e-02
1.839971542358398438e-02,1.950466632843017578e-02,4.648044705390930176e-02
1.798319816589355469e-02,1.963984966278076172e-02,4.634931683540344238e-02
1.768875122070312500e-02,1.965081691741943359e-02,4.630780220031738281e-02
1.748752593994140625e-02,1.958525180816650391e-02,4.613998532295227051e-02
1.730775833129882812e-02,1.950037479400634766e-02,4.596376419067382812e-02
1.726055145263671875e-02,1.935684680938720703e-02,4.579007625579833984e-02
1.734995841979980469e-02,1.915276050567626953e-02,4.573404788970947266e-02
1.736497879028320312e-02,1.901340484619140625e-02,4.569110274314880371e-02
1.739001274108886719e-02,1.903152465820312500e-02,4.570868611335754395e-02
1.748299598693847656e-02,1.878786087036132812e-02,4.578515887260437012e-02
1.768136024475097656e-02,1.841902732849121094e-02,4.579010605812072754e-02
1.789093017578125000e-02,1.803398132324218750e-02,4.572534561157226562e-02
1.811146736145019531e-02,1.770293712615966797e-02,4.549169540405273438e-02
1.828074455261230469e-02,1.738083362579345703e-02,4.500719904899597168e-02
1.852607727050781250e-02,1.706492900848388672e-02,4.448223114013671875e-02
1.874995231628417969e-02,1.669287681579589844e-02,4.402458667755126953e-02
1.903796195983886719e-02,1.632654666900634766e-02,4.354488849639892578e-02
1.924204826354980469e-02,1.597797870635986328e-02,4.297289252281188965e-02
1.932716369628906250e-02,1.579773426055908203e-02,4.255425930023193359e-02
1.932334899902343750e-02,1.572573184967041016e-02,4.207056760787963867e-02
1.912879943847656250e-02,1.572978496551513672e-02,4.156696796417236328e-02
1.884818077087402344e-02,1.574575901031494141e-02,4.101467132568359375e-02
1.847887039184570312e-02,1.579248905181884766e-02,4.043909907341003418e-02
1.812171936035156250e-02,1.588284969329833984e-02,3.984907269477844238e-02
1.778078079223632812e-02,1.587760448455810547e-02,3.913751244544982910e-02
1.738476753234863281e-02,1.577270030975341797e-02,3.856647014617919922e-02
1.709270477294921875e-02,1.577293872833251953e-02,3.806766867637634277e-02
1.694989204406738281e-02,1.565837860107421875e-02,3.776827454566955566e-02
1.678347587585449219e-02,1.554811000823974609e-02,3.753495216369628906e-02
1.660633087158203125e-02,1.533687114715576172e-02,3.744366765022277832e-02
1.646709442138671875e-02,1.511657238006591797e-02,3.738790750503540039e-02
1.626038551330566406e-02,1.494276523590087891e-02,3.761056065559387207e-02
1.623702049255371094e-02,1.452720165252685547e-02,3.802895545959472656e-02
1.618289947509765625e-02,1.403152942657470703e-02,3.838846087455749512e-02
1.628017425537109375e-02,1.345896720886230469e-02,3.876650333404541016e-02
1.638627052307128906e-02,1.290309429168701172e-02,3.895306587219238281e-02
1.655316352844238281e-02,1.237559318542480469e-02,3.901118040084838867e-02
1.671504974365234375e-02,1.191294193267822266e-02,3.886258602142333984e-02
1.683640480041503906e-02,1.154136657714843750e-02,3.858089447021484375e-02
1.695919036865234375e-02,1.125097274780273438e-02,3.827494382858276367e-02
1.700401306152343750e-02,1.104784011840820312e-02,3.792494535446166992e-02
1.690483093261718750e-02,1.095306873321533203e-02,3.756460547447204590e-02
1.681756973266601562e-02,1.084470748901367188e-02,3.710472583770751953e-02
1.693511009216308594e-02,1.067209243774414062e-02,3.677847981452941895e-02
1.695585250854492188e-02,1.067602634429931641e-02,3.658017516136169434e-02
1.689267158508300781e-02,1.075553894042968750e-02,3.646391630172729492e-02
1.677823066711425781e-02,1.084876060485839844e-02,3.636622428894042969e-02
1.664495468139648438e-02,1.085209846496582031e-02,3.624251484870910645e-02
1.654815673828125000e-02,1.079356670379638672e-02,3.613081574440002441e-02
1.649546623229980469e-02,1.087164878845214844e-02,3.605955839157104492e-02
1.631236076354980469e-02,1.097941398620605469e-02,3.596305847167968750e-02
1.611590385437011719e-02,1.094877719879150391e-02,3.584471344947814941e-02
1.588344573974609375e-02,1.089119911193847656e-02,3.565976023674011230e-02
1.563978195190429688e-02,1.084232330322265625e-02,3.543594479560852051e-02
1.545023918151855469e-02,1.065051555633544922e-02,3.526112437248229980e-02
1.534247398376464844e-02,1.037085056304931641e-02,3.512036800384521484e-02
1.519131660461425781e-02,1.016438007354736328e-02,3.501752018928527832e-02
1.510429382324218750e-02,9.796380996704101562e-03,3.498086333274841309e-02
1.502752304077148438e-02,9.458661079406738281e-03,3.493455052375793457e-02
1.491045951843261719e-02,9.284853935241699219e-03,3.501823544502258301e-02
1.484346389770507812e-02,9.128093719482421875e-03,3.498613834381103516e-02
1.492428779602050781e-02,8.953928947448730469e-03,3.490507602691650391e-02
1.497864723205566406e-02,8.836269378662109375e-03,3.483331203460693359e-02
1.505923271179199219e-02,8.676767349243164062e-03,3.475886583328247070e-02
1.504445075988769531e-02,8.586287498474121094e-03,3.466269373893737793e-02
1.493525505065917969e-02,8.607625961303710938e-03,3.445294499397277832e-02
1.476144790649414062e-02,8.650422096252441406e-03,3.421038389205932617e-02
1.467585563659667969e-02,8.645653724670410156e-03,3.396779298782348633e-02
1.474237442016601562e-02,8.698463439941406250e-03,3.378760814666748047e-02
1.478743553161621094e-02,8.791089057922363281e-03,3.363487124443054199e-02
1.470613479614257812e-02,8.867144584655761719e-03,3.340518474578857422e-02
1.467704772949218750e-02,8.935809135437011719e-03,3.371948003768920898e-02
1.463294029235839844e-02,8.939266204833984375e-03,3.403702378273010254e-02
1.456999778747558594e-02,9.015560150146484375e-03,3.426522016525268555e-02
1.437687873840332031e-02,9.220242500305175781e-03,3.441840410232543945e-02
1.421523094177246094e-02,9.459257125854492188e-03,3.445339202880859375e-02
1.405382156372070312e-02,9.773373603820800781e-03,3.450545668601989746e-02
1.394462585449218750e-02,1.009237766265869141e-02,3.458529710769653320e-02
1.385426521301269531e-02,1.034593582153320312e-02,3.468799591064453125e-02
1.389694213867187500e-02,1.048564910888671875e-02,3.466323018074035645e-02
1.397895812988281250e-02,1.062655448913574219e-02,3.474521636962890625e-02
1.413011550903320312e-02,1.064181327819824219e-02,3.484335541725158691e-02
1.424050331115722656e-02,1.074123382568359375e-02,3.500378131866455078e-02
1.424932479858398438e-02,1.077771186828613281e-02,3.499644994735717773e-02
1.417732238769531250e-02,1.085352897644042969e-02,3.490850329399108887e-02
1.405143737792968750e-02,1.088023185729980469e-02,3.467273712158203125e-02
1.402139663696289062e-02,1.083421707153320312e-02,3.430786728858947754e-02
1.403546333312988281e-02,1.065790653228759766e-02,3.393310308456420898e-02
1.409506797790527344e-02,1.040267944335937500e-02,3.358101844787597656e-02
1.417207717895507812e-02,9.981632232666015625e-03,3.323155641555786133e-02
1.429891586303710938e-02,9.625911712646484375e-03,3.292506933212280273e-02
1.450228691101074219e-02,9.235024452209472656e-03,3.256285190582275391e-02
1.475286483764648438e-02,8.782029151916503906e-03,3.216248750686645508e-02
1.484346389770507812e-02,8.355259895324707031e-03,3.181731700897216797e-02
1.481866836547851562e-02,8.078098297119140625e-03,3.149825334548950195e-02
1.480031013488769531e-02,7.779002189636230469e-03,3.125026822090148926e-02
1.480007171630859375e-02,7.402896881103515625e-03,3.113004565238952637e-02
1.477766036987304688e-02,7.150650024414062500e-03,3.097769618034362793e-02
1.469039916992187500e-02,6.888270378112792969e-03,3.079375624656677246e-02
1.453208923339843750e-02,6.671547889709472656e-03,3.064045310020446777e-02
1.442360877990722656e-02,6.639480590820312500e-03,3.053879737854003906e-02
1.435375213623046875e-02,6.628155708312988281e-03,3.048187494277954102e-02
1.425075531005859375e-02,6.604433059692382812e-03,3.038227558135986328e-02
1.405119895935058594e-02,6.546854972839355469e-03,3.008836507797241211e-02
1.392388343811035156e-02,6.556868553161621094e-03,2.974715828895568848e-02
1.385760307312011719e-02,6.407737731933593750e-03,2.944061160087585449e-02
1.378297805786132812e-02,6.104588508605957031e-03,2.907934784889221191e-02
1.378512382507324219e-02,5.763888359069824219e-03,2.865147590637207031e-02
1.374149322509765625e-02,5.480647087097167969e-03,2.811217308044433594e-02
1.380324363708496094e-02,5.113005638122558594e-03,2.752599120140075684e-02
1.386880874633789062e-02,4.916071891784667969e-03,2.670246362686157227e-02
1.379489898681640625e-02,4.786491394042968750e-03,2.585923671722412109e-02
1.376485824584960938e-02,4.571318626403808594e-03,2.501299977302551270e-02
1.360297203063964844e-02,4.469513893127441406e-03,2.422195672988891602e-02
1.335620880126953125e-02,4.433393478393554688e-03,2.333027124404907227e-02
1.320719718933105469e-02,4.535436630249023438e-03,2.280414104461669922e-02
1.299238204956054688e-02,4.654169082641601562e-03,2.232575416564941406e-02
1.282119750976562500e-02,4.685282707214355469e-03,2.187797427177429199e-02
1.278781890869140625e-02,4.570245742797851562e-03,2.141255140304565430e-02
1.278257369995117188e-02,4.390597343444824219e-03,2.104702591896057129e-02
1.268982887268066406e-02,4.055500030517578125e-03,2.072161436080932617e-02
1.267981529235839844e-02,3.614902496337890625e-03,2.051019668579101562e-02
1.255035400390625000e-02,3.179788589477539062e-03,2.012571692466735840e-02
1.245856285095214844e-02,2.790689468383789062e-03,1.974651217460632324e-02
1.227378845214843750e-02,2.517580986022949219e-03,1.944908499717712402e-02
1.210784912109375000e-02,2.330064773559570312e-03,1.916694641113281250e-02
1.192426681518554688e-02,2.062916755676269531e-03,1.900652050971984863e-02
1.178622245788574219e-02,1.773476600646972656e-03,1.889896392822265625e-02
1.173186302185058594e-02,1.515388488769531250e-03,1.872518658638000488e-02
1.168656349182128906e-02,1.211762428283691406e-03,1.854789257049560547e-02
1.167845726013183594e-02,9.073019027709960938e-04,1.848778128623962402e-02
1.162552833557128906e-02,4.868507385253906250e-04,1.840001344680786133e-02
1.159644126892089844e-02,1.633167266845703125e-04,1.825979351997375488e-02
1.153111457824707031e-02,-1.971721649169921875e-04,1.815077662467956543e-02
1.135396957397460938e-02,-5.474090576171875000e-04,1.805019378662109375e-02
1.122570037841796875e-02,-9.679794311523437500e-04,1.787227392196655273e-02
1.071953773498535156e-02,-1.250743865966796875e-03,1.769539713859558105e-02
1.024293899536132812e-02,-1.548767089843750000e-03,1.741382479667663574e-02
9.796380996704101562e-03,-1.867055892944335938e-03,1.710483431816101074e-02
9.527444839477539062e-03,-2.289295196533203125e-03,1.674917340278625488e-02
9.249448776245117188e-03,-2.732276916503906250e-03,1.640054583549499512e-02
8.940935134887695312e-03,-3.128767013549804688e-03,1.606193184852600098e-02
8.628606796264648438e-03,-3.455877304077148438e-03,1.579928398132324219e-02
8.223056793212890625e-03,-3.779649734497070312e-03,1.552119851112365723e-02
7.753133773803710938e-03,-3.862142562866210938e-03,1.522582769393920898e-02
7.291793823242187500e-03,-3.957748413085937500e-03,1.493290066719055176e-02
6.881475448608398438e-03,-3.964424133300781250e-03,1.470261812210083008e-02
6.455898284912109375e-03,-4.056930541992187500e-03,1.450306177139282227e-02
6.039857864379882812e-03,-4.167795181274414062e-03,1.429158449172973633e-02
5.616426467895507812e-03,-4.073619842529296875e-03,1.400214433670043945e-02
5.180120468139648438e-03,-3.901004791259765625e-03,1.374050974845886230e-02
4.737854003906250000e-03,-3.820657730102539062e-03,1.351979374885559082e-02
4.253387451171875000e-03,-3.684282302856445312e-03,1.331692934036254883e-02
3.793478012084960938e-03,-3.715276718139648438e-03,1.306852698326110840e-02
3.190755844116210938e-03,-3.733396530151367188e-03,1.300755143165588379e-02
2.641916275024414062e-03,-3.848552703857421875e-03,1.285678148269653320e-02
2.111196517944335938e-03,-3.929138183593750000e-03,1.259210705757141113e-02
1.488685607910156250e-03,-4.046916961669921875e-03,1.220503449440002441e-02
9.882450103759765625e-04,-4.163026809692382812e-03,1.176625490188598633e-02
4.656314849853515625e-04,-4.418134689331054688e-03,1.121890544891357422e-02
5.984306335449218750e-05,-4.731178283691406250e-03,1.063758134841918945e-02
-1.084804534912109375e-04,-5.172967910766601562e-03,1.000976562500000000e-02
-3.199577331542968750e-04,-5.779504776000976562e-03,9.231209754943847656e-03
-5.462169647216796875e-04,-6.324052810668945312e-03,8.382707834243774414e-03
-7.410049438476562500e-04,-6.981611251831054688e-03,7.403284311294555664e-03
-9.768009185791015625e-04,-7.467269897460937500e-03,6.651818752288818359e-03
-1.482963562011718750e-03,-7.693052291870117188e-03,6.001979112625122070e-03
-1.928329467773437500e-03,-7.820367813110351562e-03,5.452245473861694336e-03
-2.554178237915039062e-03,-7.703065872192382812e-03,5.040943622589111328e-03
-3.237962722778320312e-03,-7.634401321411132812e-03,4.742830991744995117e-03
-3.823518753051757812e-03,-7.396936416625976562e-03,4.618912935256958008e-03
-4.389524459838867188e-03,-7.020235061645507812e-03,4.509717226028442383e-03
-4.814147949218750000e-03,-6.577968597412109375e-03,4.438698291778564453e-03
-5.154371261596679688e-03,-6.038665771484375000e-03,4.558771848678588867e-03
-5.422353744506835938e-03,-5.414962768554687500e-03,4.761576652526855469e-03
-5.422353744506835938e-03,-5.414962768554687500e-03,4.761576652526855469e-03
-5.422353744506835938e-03,-5.414962768554687500e-03,4.761576652526855469e-03
-5.527019500732421875e-03,-4.778146743774414062e-03,5.053579807281494141e-03
-5.587339401245117188e-03,-4.147768020629882812e-03,5.518049001693725586e-03
-5.640268325805664062e-03,-3.567934036254882812e-03,6.089389324188232422e-03
-5.250692367553710938e-03,-3.251314163208007812e-03,6.473332643508911133e-03
-4.770755767822265625e-03,-2.980232238769531250e-03,6.783425807952880859e-03
-4.224777221679687500e-03,-2.814531326293945312e-03,7.054001092910766602e-03
-3.720760345458984375e-03,-2.582788467407226562e-03,7.248520851135253906e-03
-3.255367279052734375e-03,-2.408981323242187500e-03,7.346928119659423828e-03
-2.748012542724609375e-03,-2.425432205200195312e-03,7.446676492691040039e-03
-2.234458923339843750e-03,-2.470016479492187500e-03,7.451623678207397461e-03
-1.811981201171875000e-03,-2.407550811767578125e-03,7.464021444320678711e-03
-1.414060592651367188e-03,-2.310037612915039062e-03,7.508516311645507812e-03
-9.589195251464843750e-04,-2.137184143066406250e-03,7.509768009185791016e-03
-5.102157592773437500e-04,-1.969337463378906250e-03,7.505983114242553711e-03
-9.894371032714843750e-05,-1.620054244995117188e-03,7.473200559616088867e-03
2.741813659667968750e-04,-1.195669174194335938e-03,7.470071315765380859e-03
6.871223449707031250e-04,-8.585453033447265625e-04,7.505804300308227539e-03
1.148462295532226562e-03,-4.358291625976562500e-04,7.683396339416503906e-03
1.661539077758789062e-03,-1.049041748046875000e-05,7.841527462005615234e-03
1.661539077758789062e-03,-1.049041748046875000e-05,7.841527462005615234e-03
2.152681350708007812e-03,3.836154937744140625e-04,7.974624633789062500e-03
2.702713012695312500e-03,7.355213165283203125e-04,8.068680763244628906e-03
3.210783004760742188e-03,9.889602661132812500e-04,8.078962564468383789e-03
3.684759140014648438e-03,1.154184341430664062e-03,8.070528507232666016e-03
4.033803939819335938e-03,1.284956932067871094e-03,7.989525794982910156e-03
4.352807998657226562e-03,1.419544219970703125e-03,7.888466119766235352e-03
4.581212997436523438e-03,1.589298248291015625e-03,7.746458053588867188e-03
4.549741744995117188e-03,1.991391181945800781e-03,7.630109786987304688e-03
4.545211791992187500e-03,2.305626869201660156e-03,7.466524839401245117e-03
4.412412643432617188e-03,2.586126327514648438e-03,7.358431816101074219e-03
4.339694976806640625e-03,2.791047096252441406e-03,7.314890623092651367e-03
4.166603088378906250e-03,2.986907958984375000e-03,7.243931293487548828e-03
4.041671752929687500e-03,3.129839897155761719e-03,7.162868976593017578e-03
3.937482833862304688e-03,3.225326538085937500e-03,7.154911756515502930e-03
3.981351852416992188e-03,3.264546394348144531e-03,7.293164730072021484e-03
4.054069519042968750e-03,3.164887428283691406e-03,7.406651973724365234e-03
4.204988479614257812e-03,2.905368804931640625e-03,7.567882537841796875e-03
4.391908645629882812e-03,2.680778503417968750e-03,7.820546627044677734e-03
4.679203033447265625e-03,2.386331558227539062e-03,8.146405220031738281e-03
5.133867263793945312e-03,1.987457275390625000e-03,8.455246686935424805e-03
5.565881729125976562e-03,1.623630523681640625e-03,8.663207292556762695e-03
5.956172943115234375e-03,1.272559165954589844e-03,8.907586336135864258e-03
6.282806396484375000e-03,8.850097656250000000e-04,8.993804454803466797e-03
6.470203399658203125e-03,6.206035614013671875e-04,8.961558341979980469e-03
6.546974182128906250e-03,4.148483276367187500e-04,8.815795183181762695e-03
6.390810012817382812e-03,3.029108047485351562e-04,8.501738309860229492e-03
6.186008453369140625e-03,2.257823944091796875e-04,8.296549320220947266e-03
5.873203277587890625e-03,2.106428146362304688e-04,8.171707391738891602e-03
5.462408065795898438e-03,2.421140670776367188e-04,8.161783218383789062e-03
4.890918731689453125e-03,3.739595413208007812e-04,8.208423852920532227e-03
4.374027252197265625e-03,4.719495773315429688e-04,8.249670267105102539e-03
3.953933715820312500e-03,5.108118057250976562e-04,8.343905210494995117e-03
3.600597381591796875e-03,4.737377166748046875e-04,8.487313985824584961e-03
3.344058990478515625e-03,3.715753555297851562e-04,8.631378412246704102e-03
3.139019012451171875e-03,2.111196517944335938e-04,8.766084909439086914e-03
3.126859664916992188e-03,-2.164840698242187500e-04,8.724719285964965820e-03
3.097534179687500000e-03,-7.238388061523437500e-04,8.701592683792114258e-03
3.150701522827148438e-03,-1.332283020019531250e-03,8.535355329513549805e-03
3.294944763183593750e-03,-1.922845840454101562e-03,8.305370807647705078e-03
3.554582595825195312e-03,-2.516031265258789062e-03,8.166879415512084961e-03
3.730773925781250000e-03,-2.915859222412109375e-03,8.097350597381591797e-03
3.895044326782226562e-03,-3.159999847412109375e-03,8.051693439483642578e-03
3.911495208740234375e-03,-3.315687179565429688e-03,8.021265268325805664e-03
3.946781158447265625e-03,-3.420591354370117188e-03,8.101761341094970703e-03
3.787279129028320312e-03,-3.399372100830078125e-03,8.207857608795166016e-03
3.573656082153320312e-03,-3.312826156616210938e-03,8.343756198883056641e-03
3.286123275756835938e-03,-3.095388412475585938e-03,8.531153202056884766e-03
3.100633621215820312e-03,-2.877473831176757812e-03,8.839815855026245117e-03
3.005504608154296875e-03,-2.699851989746093750e-03,9.154587984085083008e-03
2.961158752441406250e-03,-2.654075622558593750e-03,9.360849857330322266e-03
2.942800521850585938e-03,-2.602338790893554688e-03,9.475916624069213867e-03
3.062963485717773438e-03,-2.650499343872070312e-03,9.489268064498901367e-03
3.238677978515625000e-03,-2.680778503417968750e-03,9.421020746231079102e-03
3.518342971801757812e-03,-2.772569656372070312e-03,9.580522775650024414e-03
3.921031951904296875e-03,-2.830982208251953125e-03,9.929239749908447266e-03
4.385948181152343750e-03,-2.895355224609375000e-03,1.022776961326599121e-02
4.916906356811523438e-03,-2.966642379760742188e-03,1.054000854492187500e-02
5.512714385986328125e-03,-3.053665161132812500e-03,1.083064079284667969e-02
6.175279617309570312e-03,-3.154754638671875000e-03,1.113778352737426758e-02
6.818532943725585938e-03,-3.257513046264648438e-03,1.139366626739501953e-02
7.385253906250000000e-03,-3.374814987182617188e-03,1.165273785591125488e-02
7.909774780273437500e-03,-3.490447998046875000e-03,1.193311810493469238e-02
8.273839950561523438e-03,-3.513097763061523438e-03,1.219347119331359863e-02
8.576154708862304688e-03,-3.440856933593750000e-03,1.247465610504150391e-02
8.797883987426757812e-03,-3.323316574096679688e-03,1.273351907730102539e-02
9.040355682373046875e-03,-3.240346908569335938e-03,1.281017065048217773e-02
9.252309799194335938e-03,-3.206968307495117188e-03,1.283118128776550293e-02
9.296655654907226562e-03,-3.219604492187500000e-03,1.282370090484619141e-02
9.254455566406250000e-03,-3.149032592773437500e-03,1.290038228034973145e-02
9.174346923828125000e-03,-3.048419952392578125e-03,1.311376690864562988e-02
9.129524230957031250e-03,-2.973794937133789062e-03,1.335492730140686035e-02
9.054660797119140625e-03,-2.594470977783203125e-03,1.367086172103881836e-02
9.032487869262695312e-03,-2.244472503662109375e-03,1.400694251060485840e-02
9.202003479003906250e-03,-1.964330673217773438e-03,1.433324813842773438e-02
9.565591812133789062e-03,-1.817226409912109375e-03,1.450318098068237305e-02
9.841442108154296875e-03,-1.730680465698242188e-03,1.467487215995788574e-02
1.016378402709960938e-02,-1.749753952026367188e-03,1.471155881881713867e-02
1.050877571105957031e-02,-1.851797103881835938e-03,1.452594995498657227e-02
1.071476936340332031e-02,-1.883029937744140625e-03,1.435238122940063477e-02
1.077508926391601562e-02,-1.877546310424804688e-03,1.420482993125915527e-02
1.079916954040527344e-02,-1.820564270019531250e-03,1.406109333038330078e-02
1.065397262573242188e-02,-1.783370971679687500e-03,1.397919654846191406e-02
1.070451736450195312e-02,-1.954555511474609375e-03,1.410001516342163086e-02
1.065230369567871094e-02,-2.177953720092773438e-03,1.413854956626892090e-02
1.045417785644531250e-02,-2.372503280639648438e-03,1.421383023262023926e-02
1.028490066528320312e-02,-2.573728561401367188e-03,1.435923576354980469e-02
1.007437705993652344e-02,-2.799034118652343750e-03,1.445361971855163574e-02
9.989738464355468750e-03,-3.057003021240234375e-03,1.451048254966735840e-02
9.836673736572265625e-03,-3.290414810180664062e-03,1.448392868041992188e-02
9.729146957397460938e-03,-3.546237945556640625e-03,1.443764567375183105e-02
9.691953659057617188e-03,-3.825664520263671875e-03,1.435574889183044434e-02
9.711027145385742188e-03,-4.087448120117187500e-03,1.435914635658264160e-02
9.772539138793945312e-03,-4.359960556030273438e-03,1.427438855171203613e-02
9.882926940917968750e-03,-4.487752914428710938e-03,1.413977146148681641e-02
9.989261627197265625e-03,-4.485845565795898438e-03,1.391085982322692871e-02
9.979486465454101562e-03,-4.337072372436523438e-03,1.360428333282470703e-02
1.000857353210449219e-02,-4.151344299316406250e-03,1.329883933067321777e-02
1.009750366210937500e-02,-4.029273986816406250e-03,1.293009519577026367e-02
1.012897491455078125e-02,-3.954887390136718750e-03,1.250445842742919922e-02
1.023554801940917969e-02,-4.083156585693359375e-03,1.200062036514282227e-02
1.028871536254882812e-02,-4.181385040283203125e-03,1.140385866165161133e-02
1.037144660949707031e-02,-4.263639450073242188e-03,1.103949546813964844e-02
1.049995422363281250e-02,-4.364252090454101562e-03,1.068291068077087402e-02
1.062202453613281250e-02,-4.438400268554687500e-03,1.027727127075195312e-02
1.067829132080078125e-02,-4.458904266357421875e-03,9.896486997604370117e-03
1.074600219726562500e-02,-4.466056823730468750e-03,9.519755840301513672e-03
1.070451736450195312e-02,-4.473447799682617188e-03,9.183138608932495117e-03
1.063966751098632812e-02,-4.448413848876953125e-03,8.872777223587036133e-03
1.058554649353027344e-02,-4.431247711181640625e-03,8.602797985076904297e-03
1.047992706298828125e-02,-4.436492919921875000e-03,8.401542901992797852e-03
1.039004325866699219e-02,-4.499912261962890625e-03,8.163452148437500000e-03
1.031112670898437500e-02,-4.590988159179687500e-03,7.928103208541870117e-03
1.032257080078125000e-02,-4.723787307739257812e-03,7.674187421798706055e-03
1.031231880187988281e-02,-4.848003387451171875e-03,7.251441478729248047e-03
1.030039787292480469e-02,-4.981517791748046875e-03,6.821632385253906250e-03
1.027393341064453125e-02,-5.132675170898437500e-03,6.362736225128173828e-03
1.023626327514648438e-02,-5.199193954467773438e-03,5.899935960769653320e-03
1.023030281066894531e-02,-5.323410034179687500e-03,5.336582660675048828e-03
1.024174690246582031e-02,-5.295038223266601562e-03,4.846066236495971680e-03
1.022768020629882812e-02,-5.232572555541992188e-03,4.428595304489135742e-03
1.013398170471191406e-02,-5.110263824462890625e-03,4.017531871795654297e-03
1.003694534301757812e-02,-5.009889602661132812e-03,3.692299127578735352e-03
9.887218475341796875e-03,-4.855632781982421875e-03,3.532856702804565430e-03
9.609460830688476562e-03,-4.611968994140625000e-03,3.451466560363769531e-03
9.293317794799804688e-03,-4.421710968017578125e-03,3.401935100555419922e-03
9.003162384033203125e-03,-4.276514053344726562e-03,3.368735313415527344e-03
8.723974227905273438e-03,-4.201173782348632812e-03,3.277808427810668945e-03
8.466005325317382812e-03,-4.182815551757812500e-03,3.127545118331909180e-03
8.236408233642578125e-03,-4.178524017333984375e-03,2.923280000686645508e-03
7.915735244750976562e-03,-4.049539566040039062e-03,2.751439809799194336e-03
7.639884948730468750e-03,-3.917932510375976562e-03,2.525240182876586914e-03
7.397413253784179688e-03,-3.829240798950195312e-03,2.317041158676147461e-03
7.261753082275390625e-03,-3.783941268920898438e-03,2.136826515197753906e-03
7.187128067016601562e-03,-3.785610198974609375e-03,2.008616924285888672e-03
7.155179977416992188e-03,-3.789424896240234375e-03,1.874923706054687500e-03
7.002353668212890625e-03,-3.779411315917968750e-03,1.808851957321166992e-03
6.912708282470703125e-03,-3.832101821899414062e-03,1.688957214355468750e-03
6.815671920776367188e-03,-3.871440887451171875e-03,1.603394746780395508e-03
6.771564483642578125e-03,-3.826856613159179688e-03,1.575618982315063477e-03
6.677150726318359375e-03,-3.731250762939453125e-03,1.577466726303100586e-03
6.597757339477539062e-03,-3.537416458129882812e-03,1.603960990905761719e-03
6.399154663085937500e-03,-3.167152404785156250e-03,1.579076051712036133e-03
6.165504455566406250e-03,-2.756595611572265625e-03,1.632243394851684570e-03
5.933046340942382812e-03,-2.364635467529296875e-03,1.590341329574584961e-03
5.632638931274414062e-03,-1.982212066650390625e-03,1.571655273437500000e-03
5.358695983886718750e-03,-1.669883728027343750e-03,1.534074544906616211e-03
5.123138427734375000e-03,-1.435995101928710938e-03,1.429229974746704102e-03
5.023002624511718750e-03,-1.312255859375000000e-03,1.321792602539062500e-03
5.003690719604492188e-03,-1.253366470336914062e-03,1.199543476104736328e-03
5.005598068237304688e-03,-1.392126083374023438e-03,1.006990671157836914e-03
4.980802536010742188e-03,-1.504182815551757812e-03,7.453858852386474609e-04
4.913806915283203125e-03,-1.542329788208007812e-03,4.863440990447998047e-04
4.914760589599609375e-03,-1.545906066894531250e-03,2.649724483489990234e-04
4.848003387451171875e-03,-1.463890075683593750e-03,1.412630081176757812e-04
4.636287689208984375e-03,-1.339912414550781250e-03,6.207823753356933594e-05
4.460573196411132812e-03,-1.236677169799804688e-03,-5.424022674560546875e-05
4.367113113403320312e-03,-1.244068145751953125e-03,-1.371800899505615234e-04
4.257678985595703125e-03,-1.195669174194335938e-03,-2.025365829467773438e-04
4.088640213012695312e-03,-1.125574111938476562e-03,-2.287030220031738281e-04
3.944158554077148438e-03,-1.044988632202148438e-03,-3.881752490997314453e-04
3.790378570556640625e-03,-9.419918060302734375e-04,-4.730224609375000000e-04
3.624200820922851562e-03,-7.669925689697265625e-04,-4.818737506866455078e-04
3.478765487670898438e-03,-4.508495330810546875e-04,-5.305707454681396484e-04
3.334522247314453125e-03,-1.275539398193359375e-04,-6.391108036041259766e-04
3.193140029907226562e-03,1.893043518066406250e-04,-7.359087467193603516e-04
3.124713897705078125e-03,4.905462265014648438e-04,-7.151663303375244141e-04
3.101587295532226562e-03,7.095336914062500000e-04,-7.272362709045410156e-04
3.208875656127929688e-03,8.596181869506835938e-04,-7.803738117218017578e-04
3.349065780639648438e-03,9.404420852661132812e-04,-8.577704429626464844e-04
3.504753112792968750e-03,9.582042694091796875e-04,-1.016646623611450195e-03
3.666639328002929688e-03,9.458065032958984375e-04,-1.171112060546875000e-03
3.728628158569335938e-03,1.019835472106933594e-03,-1.387059688568115234e-03
3.634214401245117188e-03,1.170516014099121094e-03,-1.650094985961914062e-03
3.431081771850585938e-03,1.366734504699707031e-03,-1.867979764938354492e-03
3.198862075805664062e-03,1.625418663024902344e-03,-2.008736133575439453e-03
2.903223037719726562e-03,1.870155334472656250e-03,-2.140223979949951172e-03
2.594232559204101562e-03,2.107977867126464844e-03,-2.252846956253051758e-03
2.343893051147460938e-03,2.290248870849609375e-03,-2.366185188293457031e-03
2.084732055664062500e-03,2.432465553283691406e-03,-2.601027488708496094e-03
1.968860626220703125e-03,2.475142478942871094e-03,-2.786397933959960938e-03
1.962661743164062500e-03,2.425551414489746094e-03,-2.922683954238891602e-03
2.046346664428710938e-03,2.341747283935546875e-03,-2.966344356536865234e-03
2.122879028320312500e-03,2.190947532653808594e-03,-2.922177314758300781e-03
2.251625061035156250e-03,2.036213874816894531e-03,-2.857595682144165039e-03
2.309322357177734375e-03,2.010941505432128906e-03,-2.767503261566162109e-03
2.310514450073242188e-03,1.906037330627441406e-03,-2.719521522521972656e-03
2.226829528808593750e-03,1.797795295715332031e-03,-2.779215574264526367e-03
2.061128616333007812e-03,1.844167709350585938e-03,-2.884298563003540039e-03
1.798152923583984375e-03,1.914858818054199219e-03,-3.019958734512329102e-03
1.556396484375000000e-03,1.971840858459472656e-03,-3.200411796569824219e-03
1.328229904174804688e-03,2.023816108703613281e-03,-3.335684537887573242e-03
1.217365264892578125e-03,1.981973648071289062e-03,-3.449141979217529297e-03
1.149177551269531250e-03,1.892209053039550781e-03,-3.591030836105346680e-03
1.279592514038085938e-03,1.670360565185546875e-03,-3.696650266647338867e-03
1.316785812377929688e-03,1.519322395324707031e-03,-3.758668899536132812e-03
1.379489898681640625e-03,1.400232315063476562e-03,-3.785640001296997070e-03
1.438856124877929688e-03,1.284360885620117188e-03,-3.778278827667236328e-03
1.472234725952148438e-03,1.186847686767578125e-03,-3.714680671691894531e-03
1.437664031982421875e-03,1.181721687316894531e-03,-3.682941198348999023e-03
1.390695571899414062e-03,1.151680946350097656e-03,-3.645271062850952148e-03
1.332521438598632812e-03,1.255154609680175781e-03,-3.586560487747192383e-03
1.246929168701171875e-03,1.538991928100585938e-03,-3.560751676559448242e-03
1.119613647460937500e-03,1.802325248718261719e-03,-3.626585006713867188e-03
1.095771789550781250e-03,1.999258995056152344e-03,-3.558993339538574219e-03
1.170873641967773438e-03,2.114653587341308594e-03,-3.487855195999145508e-03
1.230716705322265625e-03,2.140045166015625000e-03,-3.341197967529296875e-03
1.404523849487304688e-03,2.096772193908691406e-03,-3.123551607131958008e-03
1.743078231811523438e-03,1.940011978149414062e-03,-2.754271030426025391e-03
2.154111862182617188e-03,1.716971397399902344e-03,-2.427011728286743164e-03
2.670049667358398438e-03,1.463294029235839844e-03,-2.111792564392089844e-03
3.053426742553710938e-03,1.232862472534179688e-03,-1.945525407791137695e-03
3.325700759887695312e-03,1.053571701049804688e-03,-1.838177442550659180e-03
3.390789031982421875e-03,9.684562683105468750e-04,-1.828759908676147461e-03
3.379583358764648438e-03,9.399652481079101562e-04,-1.835078001022338867e-03
3.259897232055664062e-03,9.740591049194335938e-04,-1.917243003845214844e-03
3.209114074707031250e-03,9.661912918090820312e-04,-2.012908458709716797e-03
3.166437149047851562e-03,1.016616821289062500e-03,-2.155810594558715820e-03
3.051996231079101562e-03,1.089334487915039062e-03,-2.305626869201660156e-03
2.955913543701171875e-03,1.166105270385742188e-03,-2.404004335403442383e-03
2.858400344848632812e-03,1.346349716186523438e-03,-2.480506896972656250e-03
2.750873565673828125e-03,1.493215560913085938e-03,-2.528250217437744141e-03
2.708673477172851562e-03,1.636385917663574219e-03,-2.592235803604125977e-03
2.781152725219726562e-03,1.727223396301269531e-03,-2.618193626403808594e-03
2.910137176513671875e-03,1.790881156921386719e-03,-2.662479877471923828e-03
3.025054931640625000e-03,1.865625381469726562e-03,-2.670854330062866211e-03
3.062248229980468750e-03,1.978874206542968750e-03,-2.721935510635375977e-03
3.134965896606445312e-03,2.047061920166015625e-03,-2.821922302246093750e-03
3.207445144653320312e-03,2.057075500488281250e-03,-2.942025661468505859e-03
3.268718719482421875e-03,2.019762992858886719e-03,-3.097295761108398438e-03
3.264427185058593750e-03,2.112865447998046875e-03,-3.255397081375122070e-03
3.248929977416992188e-03,2.184152603149414062e-03,-3.365367650985717773e-03
3.194093704223632812e-03,2.274632453918457031e-03,-3.401041030883789062e-03
3.177165985107421875e-03,2.389073371887207031e-03,-3.339558839797973633e-03
3.177642822265625000e-03,2.403259277343750000e-03,-3.224432468414306641e-03
3.248214721679687500e-03,2.406239509582519531e-03,-3.110408782958984375e-03
3.346443176269531250e-03,2.413153648376464844e-03,-3.127425909042358398e-03
3.403186798095703125e-03,2.401232719421386719e-03,-3.111124038696289062e-03
3.495693206787109375e-03,2.365469932556152344e-03,-3.155499696731567383e-03
3.535985946655273438e-03,2.349734306335449219e-03,-3.243446350097656250e-03
3.564834594726562500e-03,2.304673194885253906e-03,-3.367722034454345703e-03
3.417015075683593750e-03,2.272486686706542969e-03,-3.526687622070312500e-03
3.230094909667968750e-03,2.252340316772460938e-03,-3.676474094390869141e-03
3.090620040893554688e-03,2.118825912475585938e-03,-3.922402858734130859e-03
2.891540527343750000e-03,2.053737640380859375e-03,-4.107475280761718750e-03
2.705097198486328125e-03,2.050161361694335938e-03,-4.162192344665527344e-03
2.496480941772460938e-03,2.036690711975097656e-03,-4.208892583847045898e-03
2.244710922241210938e-03,2.153754234313964844e-03,-4.200100898742675781e-03
1.978397369384765625e-03,2.326488494873046875e-03,-4.106223583221435547e-03
1.690864562988281250e-03,2.493500709533691406e-03,-3.997236490249633789e-03
1.465797424316406250e-03,2.593636512756347656e-03,-3.912627696990966797e-03
1.294136047363281250e-03,2.687931060791015625e-03,-3.816366195678710938e-03
1.156806945800781250e-03,2.719044685363769531e-03,-3.686487674713134766e-03
1.079082489013671875e-03,2.761125564575195312e-03,-3.581643104553222656e-03
1.031160354614257812e-03,2.772688865661621094e-03,-3.517091274261474609e-03
1.025915145874023438e-03,2.778410911560058594e-03,-3.503501415252685547e-03
1.055717468261718750e-03,2.760648727416992188e-03,-3.500014543533325195e-03
1.020908355712890625e-03,2.742290496826171875e-03,-3.466308116912841797e-03
1.050710678100585938e-03,2.731442451477050781e-03,-3.419011831283569336e-03
1.029491424560546875e-03,2.816796302795410156e-03,-3.368228673934936523e-03
9.984970092773437500e-04,2.957582473754882812e-03,-3.290891647338867188e-03
8.947849273681640625e-04,3.161668777465820312e-03,-3.253430128097534180e-03
7.133483886718750000e-04,3.423213958740234375e-03,-3.167867660522460938e-03
5.636215209960937500e-04,3.670692443847656250e-03,-3.082126379013061523e-03
4.599094390869140625e-04,3.835201263427734375e-03,-3.028899431228637695e-03
4.558563232421875000e-04,3.891110420227050781e-03,-2.926528453826904297e-03
5.407333374023437500e-04,3.913283348083496094e-03,-2.792030572891235352e-03
7.193088531494140625e-04,3.752350807189941406e-03,-2.659350633621215820e-03
9.796619415283203125e-04,3.545880317687988281e-03,-2.517193555831909180e-03
1.223325729370117188e-03,3.382325172424316406e-03,-2.444416284561157227e-03
1.630783081054687500e-03,3.246545791625976562e-03,-2.434402704238891602e-03
2.023935317993164062e-03,3.131389617919921875e-03,-2.465486526489257812e-03
2.341747283935546875e-03,3.013253211975097656e-03,-2.573966979980468750e-03
2.548456192016601562e-03,2.941489219665527344e-03,-2.775013446807861328e-03
2.688407897949218750e-03,2.930164337158203125e-03,-2.953827381134033203e-03
2.920150756835937500e-03,2.915024757385253906e-03,-3.246724605560302734e-03
3.026723861694335938e-03,2.979397773742675781e-03,-3.461927175521850586e-03
3.117799758911132812e-03,3.017783164978027344e-03,-3.614038228988647461e-03
3.213644027709960938e-03,3.138303756713867188e-03,-3.664046525955200195e-03
3.340244293212890625e-03,3.268837928771972656e-03,-3.732800483703613281e-03
3.540992736816406250e-03,3.259062767028808594e-03,-3.667026758193969727e-03
3.790140151977539062e-03,3.164291381835937500e-03,-3.561258316040039062e-03
4.079580307006835938e-03,2.987265586853027344e-03,-3.455758094787597656e-03
4.229784011840820312e-03,2.746820449829101562e-03,-3.391444683074951172e-03
4.343271255493164062e-03,2.587080001831054688e-03,-3.342181444168090820e-03
4.496335983276367188e-03,2.356529235839843750e-03,-3.307819366455078125e-03
4.683971405029296875e-03,2.094984054565429688e-03,-3.281891345977783203e-03
4.827737808227539062e-03,1.893281936645507812e-03,-3.280907869338989258e-03
4.958868026733398438e-03,1.702308654785156250e-03,-3.250837326049804688e-03
5.052328109741210938e-03,1.587867736816406250e-03,-3.236263990402221680e-03
5.059719085693359375e-03,1.523017883300781250e-03,-3.235727548599243164e-03
4.962682723999023438e-03,1.496911048889160156e-03,-3.199160099029541016e-03
4.943847656250000000e-03,1.427888870239257812e-03,-2.989709377288818359e-03
4.870176315307617188e-03,1.380681991577148438e-03,-2.715021371841430664e-03
4.816055297851562500e-03,1.292109489440917969e-03,-2.468556165695190430e-03
4.777908325195312500e-03,1.246690750122070312e-03,-2.201169729232788086e-03
4.792690277099609375e-03,1.145720481872558594e-03,-1.880913972854614258e-03
4.859447479248046875e-03,9.589195251464843750e-04,-1.594215631484985352e-03
4.921674728393554688e-03,7.859468460083007812e-04,-1.339077949523925781e-03
4.908800125122070312e-03,6.343126296997070312e-04,-1.161813735961914062e-03
4.934072494506835938e-03,4.624128341674804688e-04,-9.555220603942871094e-04
4.918813705444335938e-03,2.994537353515625000e-04,-7.430016994476318359e-04
4.859924316406250000e-03,2.187490463256835938e-04,-4.589557647705078125e-04
4.652261734008789062e-03,5.078315734863281250e-05,-2.188384532928466797e-04
4.518747329711914062e-03,-1.590251922607421875e-04,3.296136856079101562e-05
4.268884658813476562e-03,-3.194808959960937500e-04,2.160668373107910156e-04
3.989458084106445312e-03,-4.277229309082031250e-04,3.417134284973144531e-04
3.613233566284179688e-03,-4.425048828125000000e-04,4.321336746215820312e-04
3.218173980712890625e-03,-3.533363342285156250e-04,4.454553127288818359e-04
2.770423889160156250e-03,-1.151561737060546875e-04,4.402697086334228516e-04
2.315759658813476562e-03,1.628398895263671875e-04,4.509091377258300781e-04
1.912593841552734375e-03,4.087686538696289062e-04,5.265772342681884766e-04
1.577377319335937500e-03,6.443262100219726562e-04,6.211996078491210938e-04
1.290559768676757812e-03,8.317232131958007812e-04,7.164478302001953125e-04
1.173973083496093750e-03,9.493827819824218750e-04,8.740425109863281250e-04
1.103162765502929688e-03,9.548664093017578125e-04,1.057446002960205078e-03
1.117706298828125000e-03,9.032487869262695312e-04,1.161247491836547852e-03
1.227855682373046875e-03,7.115602493286132812e-04,1.242637634277343750e-03
1.439571380615234375e-03,4.861354827880859375e-04,1.298636198043823242e-03
1.628398895263671875e-03,2.243518829345703125e-04,1.297712326049804688e-03
1.773834228515625000e-03,5.245208740234375000e-06,1.238226890563964844e-03
1.770734786987304688e-03,-1.099109649658203125e-04,1.088410615921020508e-03
1.700162887573242188e-03,-1.821517944335937500e-04,8.246600627899169922e-04
1.603364944458007812e-03,-1.599788665771484375e-04,6.687045097351074219e-04
1.454353332519531250e-03,-3.528594970703125000e-05,5.086660385131835938e-04
1.269102096557617188e-03,1.987218856811523438e-04,3.371238708496093750e-04
1.095056533813476562e-03,4.123449325561523438e-04,2.564489841461181641e-04
1.100063323974609375e-03,6.065368652343750000e-04,2.302527427673339844e-04
1.171350479125976562e-03,7.435083389282226562e-04,2.842247486114501953e-04
1.260757446289062500e-03,8.645057678222656250e-04,3.174245357513427734e-04
1.411676406860351562e-03,8.916854858398437500e-04,2.907216548919677734e-04
1.665830612182617188e-03,7.935762405395507812e-04,2.850890159606933594e-04
1.948595046997070312e-03,6.942749023437500000e-04,2.845525741577148438e-04
2.231121063232421875e-03,5.646944046020507812e-04,3.358721733093261719e-04
2.480506896972656250e-03,4.589557647705078125e-04,3.792643547058105469e-04
2.647161483764648438e-03,3.807544708251953125e-04,3.637969493865966797e-04
2.676248550415039062e-03,3.464221954345703125e-04,2.723038196563720703e-04
2.652168273925781250e-03,3.560781478881835938e-04,1.053810119628906250e-04
2.487182617187500000e-03,4.485845565795898438e-04,-1.150369644165039062e-04
2.280235290527343750e-03,5.887746810913085938e-04,-3.138184547424316406e-04
2.035856246948242188e-03,7.601976394653320312e-04,-5.823373794555664062e-04
1.683950424194335938e-03,9.815692901611328125e-04,-8.578300476074218750e-04
1.267671585083007812e-03,1.221895217895507812e-03,-1.127421855926513672e-03
9.062290191650390625e-04,1.413941383361816406e-03,-1.394927501678466797e-03
6.241798400878906250e-04,1.568555831909179688e-03,-1.678198575973510742e-03
4.534721374511718750e-04,1.641035079956054688e-03,-1.963019371032714844e-03
3.657341003417968750e-04,1.693129539489746094e-03,-2.181202173233032227e-03
3.340244293212890625e-04,1.750469207763671875e-03,-2.312690019607543945e-03
2.753734588623046875e-04,1.865983009338378906e-03,-2.333164215087890625e-03
2.272129058837890625e-04,1.986861228942871094e-03,-2.321541309356689453e-03
9.155273437500000000e-05,2.180695533752441406e-03,-2.321213483810424805e-03
-1.523494720458984375e-04,2.436995506286621094e-03,-2.285093069076538086e-03
-3.483295440673828125e-04,2.743482589721679688e-03,-2.178519964218139648e-03
-5.409717559814453125e-04,3.049850463867187500e-03,-2.048581838607788086e-03
-6.880760192871093750e-04,3.320574760437011719e-03,-1.975387334823608398e-03
-8.358955383300781250e-04,3.616571426391601562e-03,-1.962900161743164062e-03
-1.007080078125000000e-03,3.907799720764160156e-03,-2.032160758972167969e-03
-1.110076904296875000e-03,4.124760627746582031e-03,-2.164214849472045898e-03
-1.164436340332031250e-03,4.240751266479492188e-03,-2.307504415512084961e-03
-1.194953918457031250e-03,4.304528236389160156e-03,-2.470284700393676758e-03
-1.222372055053710938e-03,4.361271858215332031e-03,-2.648770809173583984e-03
-1.202583312988281250e-03,4.333257675170898438e-03,-2.761512994766235352e-03
-1.084089279174804688e-03,4.319310188293457031e-03,-2.801269292831420898e-03
-8.952617645263671875e-04,4.264950752258300781e-03,-2.710700035095214844e-03
-6.530284881591796875e-04,4.168629646301269531e-03,-2.535343170166015625e-03
-4.448890686035156250e-04,4.041552543640136719e-03,-2.331823110580444336e-03
-2.722740173339843750e-04,3.917098045349121094e-03,-2.121955156326293945e-03
-5.531311035156250000e-05,3.757953643798828125e-03,-1.938700675964355469e-03
2.150535583496093750e-04,3.624677658081054688e-03,-1.755654811859130859e-03
3.840923309326171875e-04,3.509640693664550781e-03,-1.670151948928833008e-03
5.016326904296875000e-04,3.428220748901367188e-03,-1.599878072738647461e-03
5.371570587158203125e-04,3.387212753295898438e-03,-1.576334238052368164e-03
4.627704620361328125e-04,3.470540046691894531e-03,-1.602411270141601562e-03
3.659725189208984375e-04,3.644824028015136719e-03,-1.570761203765869141e-03
2.477169036865234375e-04,3.863334655761718750e-03,-1.593083143234252930e-03
1.320838928222656250e-04,4.046916961669921875e-03,-1.631826162338256836e-03
6.318092346191406250e-05,4.210710525512695312e-03,-1.700431108474731445e-03
-8.106231689453125000e-06,4.337072372436523438e-03,-1.776903867721557617e-03
-1.010894775390625000e-04,4.416942596435546875e-03,-1.810371875762939453e-03
-1.437664031982421875e-04,4.471659660339355469e-03,-1.884341239929199219e-03
-1.251697540283203125e-04,4.438161849975585938e-03,-1.889973878860473633e-03
-2.646446228027343750e-05,4.302501678466796875e-03,-1.880288124084472656e-03
1.213550567626953125e-04,4.050135612487792969e-03,-1.837313175201416016e-03
3.125667572021484375e-04,3.793597221374511719e-03,-1.779258251190185547e-03
5.078315734863281250e-04,3.563046455383300781e-03,-1.756846904754638672e-03
6.759166717529296875e-04,3.312468528747558594e-03,-1.795530319213867188e-03
7.882118225097656250e-04,3.081917762756347656e-03,-1.890182495117187500e-03
8.671283721923828125e-04,2.851724624633789062e-03,-2.041041851043701172e-03
9.415149688720703125e-04,2.720832824707031250e-03,-2.226501703262329102e-03
9.953975677490234375e-04,2.642512321472167969e-03,-2.405643463134765625e-03
1.011371612548828125e-03,2.673149108886718750e-03,-2.637565135955810547e-03
9.374618530273437500e-04,2.773165702819824219e-03,-2.766400575637817383e-03
8.423328399658203125e-04,2.895951271057128906e-03,-2.799272537231445312e-03
7.123947143554687500e-04,3.038883209228515625e-03,-2.828806638717651367e-03
5.991458892822265625e-04,3.189921379089355469e-03,-2.754837274551391602e-03
4.868507385253906250e-04,3.312587738037109375e-03,-2.643346786499023438e-03
4.742145538330078125e-04,3.369331359863281250e-03,-2.763211727142333984e-03
5.583763122558593750e-04,3.345370292663574219e-03,-2.901911735534667969e-03
7.183551788330078125e-04,3.254890441894531250e-03,-3.043353557586669922e-03
8.659362792968750000e-04,3.134608268737792969e-03,-3.195077180862426758e-03
9.977817535400390625e-04,3.002882003784179688e-03,-3.324657678604125977e-03
1.153230667114257812e-03,2.812981605529785156e-03,-3.496617078781127930e-03
1.351594924926757812e-03,2.577185630798339844e-03,-3.729909658432006836e-03
1.351594924926757812e-03,2.577185630798339844e-03,-3.729909658432006836e-03
1.494407653808593750e-03,2.376556396484375000e-03,-3.917247056961059570e-03
1.528739929199218750e-03,2.191543579101562500e-03,-4.160732030868530273e-03
1.521110534667968750e-03,2.122282981872558594e-03,-4.390835762023925781e-03
1.486539840698242188e-03,2.089142799377441406e-03,-4.576385021209716797e-03
1.407623291015625000e-03,2.078413963317871094e-03,-4.708915948867797852e-03
1.320838928222656250e-03,2.077221870422363281e-03,-4.876703023910522461e-03
1.237154006958007812e-03,2.061367034912109375e-03,-5.029171705245971680e-03
1.167774200439453125e-03,2.017855644226074219e-03,-5.203008651733398438e-03
1.040697097778320312e-03,2.227544784545898438e-03,-5.605190992355346680e-03
9.965896606445312500e-04,2.243995666503906250e-03,-5.967408418655395508e-03
1.040697097778320312e-03,2.252221107482910156e-03,-6.272345781326293945e-03
1.127243041992187500e-03,2.200126647949218750e-03,-6.464391946792602539e-03
1.336336135864257812e-03,2.101659774780273438e-03,-6.548345088958740234e-03
1.586914062500000000e-03,1.991033554077148438e-03,-6.567001342773437500e-03
1.900434494018554688e-03,1.827478408813476562e-03,-6.473779678344726562e-03
2.255678176879882812e-03,1.662254333496093750e-03,-6.304860115051269531e-03
2.645015716552734375e-03,1.464486122131347656e-03,-6.107866764068603516e-03
2.970695495605468750e-03,1.251459121704101562e-03,-5.989968776702880859e-03
3.241777420043945312e-03,1.087903976440429688e-03,-5.913168191909790039e-03
3.490924835205078125e-03,9.602308273315429688e-04,-5.835473537445068359e-03
3.662586212158203125e-03,9.123086929321289062e-04,-5.837410688400268555e-03
3.789424896240234375e-03,8.866786956787109375e-04,-5.849897861480712891e-03
3.909587860107421875e-03,8.804798126220703125e-04,-5.836457014083862305e-03
4.021167755126953125e-03,8.881092071533203125e-04,-5.824744701385498047e-03
4.023075103759765625e-03,8.891820907592773438e-04,-5.772322416305541992e-03
4.050016403198242188e-03,8.805990219116210938e-04,-5.735546350479125977e-03
4.101991653442382812e-03,8.946657180786132812e-04,-5.709350109100341797e-03
4.210710525512695312e-03,8.642673492431640625e-04,-5.693137645721435547e-03
4.318952560424804688e-03,8.362531661987304688e-04,-5.650967359542846680e-03
4.442930221557617188e-03,8.206367492675781250e-04,-5.535513162612915039e-03
4.593849182128906250e-03,7.678270339965820312e-04,-5.468904972076416016e-03
4.745006561279296875e-03,6.992816925048828125e-04,-5.413502454757690430e-03
4.889249801635742188e-03,6.486177444458007812e-04,-5.332618951797485352e-03
4.995346069335937500e-03,6.623268127441406250e-04,-5.204349756240844727e-03
5.066394805908203125e-03,6.372928619384765625e-04,-5.139082670211791992e-03
5.061626434326171875e-03,5.929470062255859375e-04,-5.139321088790893555e-03
5.039930343627929688e-03,5.390644073486328125e-04,-5.236327648162841797e-03
5.003929138183593750e-03,4.632472991943359375e-04,-5.289882421493530273e-03
4.988670349121093750e-03,3.840923309326171875e-04,-5.370020866394042969e-03
4.961013793945312500e-03,2.546310424804687500e-04,-5.467057228088378906e-03
4.931688308715820312e-03,1.139640808105468750e-04,-5.562841892242431641e-03
4.870414733886718750e-03,4.673004150390625000e-05,-5.645692348480224609e-03
4.728078842163085938e-03,1.668930053710937500e-06,-5.705177783966064453e-03
4.612684249877929688e-03,-9.727478027343750000e-05,-5.827486515045166016e-03
4.496574401855468750e-03,-1.611709594726562500e-04,-5.909532308578491211e-03
4.329442977905273438e-03,-1.425743103027343750e-04,-6.003111600875854492e-03
4.145860671997070312e-03,-1.497268676757812500e-04,-6.115525960922241211e-03
4.002809524536132812e-03,-1.301765441894531250e-04,-6.256043910980224609e-03
3.864526748657226562e-03,-1.039505004882812500e-04,-6.330072879791259766e-03
3.815889358520507812e-03,-7.820129394531250000e-05,-6.289690732955932617e-03
3.819227218627929688e-03,1.621246337890625000e-05,-6.168872117996215820e-03
3.855705261230468750e-03,1.063346862792968750e-04,-5.952477455139160156e-03
3.992080688476562500e-03,1.899003982543945312e-04,-5.639612674713134766e-03
4.175901412963867188e-03,2.675056457519531250e-04,-5.303025245666503906e-03
4.406452178955078125e-03,2.946853637695312500e-04,-4.901736974716186523e-03
4.704475402832031250e-03,2.219676971435546875e-04,-4.520148038864135742e-03
5.021572113037109375e-03,9.417533874511718750e-05,-4.178255796432495117e-03
5.236148834228515625e-03,-3.790855407714843750e-05,-3.923028707504272461e-03
5.423545837402343750e-03,-1.726150512695312500e-04,-3.720462322235107422e-03
5.595922470092773438e-03,-3.142356872558593750e-04,-3.542363643646240234e-03
5.669355392456054688e-03,-4.577636718750000000e-04,-3.424316644668579102e-03
5.688667297363281250e-03,-5.848407745361328125e-04,-3.375351428985595703e-03
5.674362182617187500e-03,-7.042884826660156250e-04,-3.358781337738037109e-03
5.563974380493164062e-03,-7.572174072265625000e-04,-3.351956605911254883e-03
5.405426025390625000e-03,-8.165836334228515625e-04,-3.421008586883544922e-03
5.172967910766601562e-03,-8.516311645507812500e-04,-3.502488136291503906e-03
4.914045333862304688e-03,-8.366107940673828125e-04,-3.607541322708129883e-03
4.694461822509765625e-03,-8.165836334228515625e-04,-3.687918186187744141e-03
4.536867141723632812e-03,-7.915496826171875000e-04,-3.720313310623168945e-03
4.388093948364257812e-03,-7.417201995849609375e-04,-3.688722848892211914e-03
4.220008850097656250e-03,-6.177425384521484375e-04,-3.634363412857055664e-03
4.079341888427734375e-03,-4.832744598388671875e-04,-3.545701503753662109e-03
3.985166549682617188e-03,-3.676414489746093750e-04,-3.403842449188232422e-03
3.991842269897460938e-03,-3.130435943603515625e-04,-3.217518329620361328e-03
4.017829895019531250e-03,-3.066062927246093750e-04,-3.004699945449829102e-03
4.101037979125976562e-03,-3.414154052734375000e-04,-2.735108137130737305e-03
4.141569137573242188e-03,-3.502368927001953125e-04,-2.462625503540039062e-03
4.241228103637695312e-03,-3.206729888916015625e-04,-2.202540636062622070e-03
4.358291625976562500e-03,-3.185272216796875000e-04,-1.997917890548706055e-03
4.407882690429687500e-03,-3.056526184082031250e-04,-1.824200153350830078e-03
4.458665847778320312e-03,-2.925395965576171875e-04,-1.682400703430175781e-03
4.549741744995117188e-03,-3.864765167236328125e-04,-1.546978950500488281e-03
4.595518112182617188e-03,-4.880428314208984375e-04,-1.527458429336547852e-03
4.667758941650390625e-03,-6.306171417236328125e-04,-1.541405916213989258e-03
4.720449447631835938e-03,-7.874965667724609375e-04,-1.556724309921264648e-03
4.768848419189453125e-03,-9.064674377441406250e-04,-1.575291156768798828e-03
4.827022552490234375e-03,-1.082897186279296875e-03,-1.602768898010253906e-03
4.859209060668945312e-03,-1.225709915161132812e-03,-1.636832952499389648e-03
4.910707473754882812e-03,-1.336574554443359375e-03,-1.651793718338012695e-03
4.956245422363281250e-03,-1.441955566406250000e-03,-1.760810613632202148e-03
4.986524581909179688e-03,-1.480340957641601562e-03,-1.825511455535888672e-03
5.023241043090820312e-03,-1.480579376220703125e-03,-1.849979162216186523e-03
5.078792572021484375e-03,-1.464366912841796875e-03,-1.810729503631591797e-03
5.095481872558593750e-03,-1.439094543457031250e-03,-1.762777566909790039e-03
5.089759826660156250e-03,-1.400709152221679688e-03,-1.736342906951904297e-03
5.123853683471679688e-03,-1.374721527099609375e-03,-1.741260290145874023e-03
5.166292190551757812e-03,-1.332044601440429688e-03,-1.704066991806030273e-03
5.185365676879882812e-03,-1.293182373046875000e-03,-1.713901758193969727e-03
5.216598510742187500e-03,-1.250505447387695312e-03,-1.726299524307250977e-03
5.260467529296875000e-03,-1.230239868164062500e-03,-1.741290092468261719e-03
5.387783050537109375e-03,-1.340627670288085938e-03,-1.630246639251708984e-03
5.486249923706054688e-03,-1.413822174072265625e-03,-1.574516296386718750e-03
5.605697631835937500e-03,-1.487493515014648438e-03,-1.516878604888916016e-03
5.686998367309570312e-03,-1.536846160888671875e-03,-1.461684703826904297e-03
5.707025527954101562e-03,-1.586198806762695312e-03,-1.436084508895874023e-03
5.637884140014648438e-03,-1.563072204589843750e-03,-1.397877931594848633e-03
5.582809448242187500e-03,-1.526832580566406250e-03,-1.330435276031494141e-03
5.523681640625000000e-03,-1.482725143432617188e-03,-1.284033060073852539e-03
5.427837371826171875e-03,-1.417160034179687500e-03,-1.239538192749023438e-03
5.312681198120117188e-03,-1.323461532592773438e-03,-1.178652048110961914e-03
5.219936370849609375e-03,-1.267433166503906250e-03,-1.121610403060913086e-03
5.054712295532226562e-03,-1.168727874755859375e-03,-1.063317060470581055e-03
4.953622817993164062e-03,-1.099348068237304688e-03,-1.016914844512939453e-03
4.845380783081054688e-03,-1.052856445312500000e-03,-1.009643077850341797e-03
4.798889160156250000e-03,-1.033544540405273438e-03,-9.343028068542480469e-04
4.761695861816406250e-03,-1.093149185180664062e-03,-8.472502231597900391e-04
4.739999771118164062e-03,-1.145839691162109375e-03,-7.346570491790771484e-04
4.753828048706054688e-03,-1.225233078002929688e-03,-6.358027458190917969e-04
4.784107208251953125e-03,-1.270532608032226562e-03,-5.747675895690917969e-04
4.837036132812500000e-03,-1.276969909667968750e-03,-5.490183830261230469e-04
4.906415939331054688e-03,-1.274347305297851562e-03,-5.727112293243408203e-04
5.007743835449218750e-03,-1.306056976318359375e-03,-6.032288074493408203e-04
5.070686340332031250e-03,-1.308441162109375000e-03,-6.714463233947753906e-04
5.146265029907226562e-03,-1.319169998168945312e-03,-7.364451885223388672e-04
5.165100097656250000e-03,-1.283407211303710938e-03,-8.083581924438476562e-04
5.121707916259765625e-03,-1.245260238647460938e-03,-8.723139762878417969e-04
5.066156387329101562e-03,-1.188516616821289062e-03,-9.862780570983886719e-04
5.013942718505859375e-03,-1.146793365478515625e-03,-1.134395599365234375e-03
4.959821701049804688e-03,-1.136302947998046875e-03,-1.248568296432495117e-03
4.884719848632812500e-03,-1.135349273681640625e-03,-1.338005065917968750e-03
4.792451858520507812e-03,-1.085042953491210938e-03,-1.444876194000244141e-03
4.726171493530273438e-03,-1.050233840942382812e-03,-1.500934362411499023e-03
4.745244979858398438e-03,-1.044273376464843750e-03,-1.540958881378173828e-03
4.764795303344726562e-03,-1.036643981933593750e-03,-1.556336879730224609e-03
4.776954650878906250e-03,-1.034259796142578125e-03,-1.591920852661132812e-03
4.790544509887695312e-03,-1.003980636596679688e-03,-1.664549112319946289e-03
4.831790924072265625e-03,-9.870529174804687500e-04,-1.640498638153076172e-03
4.845142364501953125e-03,-9.148120880126953125e-04,-1.589924097061157227e-03
4.830837249755859375e-03,-7.481575012207031250e-04,-1.463890075683593750e-03
4.799127578735351562e-03,-5.896091461181640625e-04,-1.344949007034301758e-03
4.743576049804687500e-03,-4.327297210693359375e-04,-1.266628503799438477e-03
4.680871963500976562e-03,-3.056526184082031250e-04,-1.210242509841918945e-03
5.079984664916992188e-03,-1.745223999023437500e-04,-1.191526651382446289e-03
5.436420440673828125e-03,-4.386901855468750000e-05,-1.187145709991455078e-03
5.689859390258789062e-03,1.332759857177734375e-04,-1.201927661895751953e-03
5.879640579223632812e-03,3.575086593627929688e-04,-1.129329204559326172e-03
5.979299545288085938e-03,6.393194198608398438e-04,-1.044183969497680664e-03
6.026268005371093750e-03,9.593963623046875000e-04,-9.517669677734375000e-04
6.001949310302734375e-03,1.266956329345703125e-03,-9.003877639770507812e-04
5.934715270996093750e-03,1.582384109497070312e-03,-8.776485919952392578e-04
5.786657333374023438e-03,1.967906951904296875e-03,-8.091032505035400391e-04
5.622863769531250000e-03,2.388954162597656250e-03,-7.514953613281250000e-04
5.419969558715820312e-03,2.873659133911132812e-03,-6.913840770721435547e-04
5.258321762084960938e-03,3.322601318359375000e-03,-6.732940673828125000e-04
5.107641220092773438e-03,3.790020942687988281e-03,-6.709098815917968750e-04
4.940032958984375000e-03,4.201054573059082031e-03,-6.908178329467773438e-04
4.710197448730468750e-03,4.670858383178710938e-03,-6.977617740631103516e-04
4.505395889282226562e-03,5.142092704772949219e-03,-6.600320339202880859e-04
4.321813583374023438e-03,5.653023719787597656e-03,-6.021857261657714844e-04
4.169464111328125000e-03,6.120443344116210938e-03,-5.653202533721923828e-04
4.049301147460937500e-03,6.546139717102050781e-03,-5.217194557189941406e-04
3.920555114746093750e-03,6.996154785156250000e-03,-4.959106445312500000e-04
3.810882568359375000e-03,7.409930229187011719e-03,-4.718601703643798828e-04
3.717422485351562500e-03,7.807970046997070312e-03,-4.468262195587158203e-04
3.560543060302734375e-03,8.219480514526367188e-03,-4.151463508605957031e-04
3.438472747802734375e-03,8.557796478271484375e-03,-4.044175148010253906e-04
3.293275833129882812e-03,8.881449699401855469e-03,-4.180371761322021484e-04
3.138303756713867188e-03,9.180903434753417969e-03,-4.014670848846435547e-04
2.990007400512695312e-03,9.490609169006347656e-03,-3.679394721984863281e-04
2.904176712036132812e-03,9.788513183593750000e-03,-3.598630428314208984e-04
2.895593643188476562e-03,1.003551483154296875e-02,-3.627836704254150391e-04
2.919673919677734375e-03,1.022922992706298828e-02,-3.845095634460449219e-04
2.986669540405273438e-03,1.041722297668457031e-02,-3.689229488372802734e-04
3.129243850708007812e-03,1.053881645202636719e-02,-3.409683704376220703e-04
3.265380859375000000e-03,1.065945625305175781e-02,-3.134012222290039062e-04
3.391981124877929688e-03,1.075887680053710938e-02,-2.904832363128662109e-04
3.504514694213867188e-03,1.087152957916259766e-02,-2.794265747070312500e-04
3.604650497436523438e-03,1.097941398620605469e-02,-2.556443214416503906e-04
3.698825836181640625e-03,1.107609272003173828e-02,-2.122819423675537109e-04
3.842115402221679688e-03,1.114809513092041016e-02,-1.871585845947265625e-04
3.978967666625976562e-03,1.118767261505126953e-02,-1.945197582244873047e-04
4.111528396606445312e-03,1.124739646911621094e-02,-1.927018165588378906e-04
4.268169403076171875e-03,1.128113269805908203e-02,-2.144873142242431641e-04
4.426717758178710938e-03,1.129662990570068359e-02,-2.324283123016357422e-04
4.574298858642578125e-03,1.135694980621337891e-02,-2.891123294830322266e-04
4.734992980957031250e-03,1.138639450073242188e-02,-3.461539745330810547e-04
4.902839660644531250e-03,1.137673854827880859e-02,-3.876984119415283203e-04
5.031108856201171875e-03,1.132762432098388672e-02,-4.440248012542724609e-04
5.127906799316406250e-03,1.126635074615478516e-02,-5.060136318206787109e-04
5.219936370849609375e-03,1.116740703582763672e-02,-5.542039871215820312e-04
5.300045013427734375e-03,1.106643676757812500e-02,-5.843639373779296875e-04
5.348205566406250000e-03,1.098990440368652344e-02,-6.017684936523437500e-04
5.396127700805664062e-03,1.090526580810546875e-02,-5.902349948883056641e-04
5.403041839599609375e-03,1.083266735076904297e-02,-5.243122577667236328e-04
5.393981933593750000e-03,1.075422763824462891e-02,-4.422068595886230469e-04
5.390882492065429688e-03,1.065874099731445312e-02,-4.169344902038574219e-04
5.395889282226562500e-03,1.056766510009765625e-02,-3.443956375122070312e-04
5.426883697509765625e-03,1.046431064605712891e-02,-2.400279045104980469e-04
5.437135696411132812e-03,1.036524772644042969e-02,-1.372992992401123047e-04
5.470037460327148438e-03,1.028144359588623047e-02,-6.648898124694824219e-05
5.511760711669921875e-03,1.018035411834716797e-02,-1.308321952819824219e-05
5.556344985961914062e-03,1.006948947906494141e-02,1.937150955200195312e-05
5.605220794677734375e-03,9.957313537597656250e-03,7.456541061401367188e-05
5.643844604492187500e-03,9.854793548583984375e-03,1.335144042968750000e-04
5.707502365112304688e-03,9.735703468322753906e-03,2.420544624328613281e-04
5.808591842651367188e-03,9.617686271667480469e-03,3.356337547302246094e-04
5.921125411987304688e-03,9.523749351501464844e-03,4.045069217681884766e-04
6.052494049072265625e-03,9.464502334594726562e-03,4.922747611999511719e-04
6.208658218383789062e-03,9.422421455383300781e-03,5.994141101837158203e-04
6.391763687133789062e-03,9.368538856506347656e-03,7.202923297882080078e-04
6.575107574462890625e-03,9.345173835754394531e-03,8.004605770111083984e-04
6.728410720825195312e-03,9.334087371826171875e-03,8.861422538757324219e-04
6.854295730590820312e-03,9.334683418273925781e-03,1.002848148345947266e-03
6.999015808105468750e-03,9.329438209533691406e-03,1.132309436798095703e-03
7.141351699829101562e-03,9.303808212280273438e-03,1.250267028808593750e-03
7.272720336914062500e-03,9.254813194274902344e-03,1.351863145828247070e-03
7.428407669067382812e-03,9.244680404663085938e-03,1.465946435928344727e-03
7.576942443847656250e-03,9.185552597045898438e-03,1.599907875061035156e-03
7.679224014282226562e-03,9.126901626586914062e-03,1.724213361740112305e-03
7.779836654663085938e-03,9.072542190551757812e-03,1.857280731201171875e-03
7.878303527832031250e-03,9.050488471984863281e-03,1.961052417755126953e-03
7.991313934326171875e-03,8.984327316284179688e-03,2.064108848571777344e-03
8.096694946289062500e-03,8.914947509765625000e-03,2.170085906982421875e-03
8.207321166992187500e-03,8.840799331665039062e-03,2.238452434539794922e-03
8.340120315551757812e-03,8.783578872680664062e-03,2.299994230270385742e-03
8.428335189819335938e-03,8.722186088562011719e-03,2.325117588043212891e-03
8.515357971191406250e-03,8.638501167297363281e-03,2.347469329833984375e-03
8.586645126342773438e-03,8.538246154785156250e-03,2.329558134078979492e-03
8.585214614868164062e-03,8.561611175537109375e-03,2.234876155853271484e-03
8.563041687011718750e-03,8.608818054199218750e-03,2.085298299789428711e-03
8.581876754760742188e-03,8.607149124145507812e-03,1.943558454513549805e-03
8.614063262939453125e-03,8.583307266235351562e-03,1.806944608688354492e-03
8.650541305541992188e-03,8.563280105590820312e-03,1.654922962188720703e-03
8.688211441040039062e-03,8.560895919799804688e-03,1.536369323730468750e-03
8.731842041015625000e-03,8.530259132385253906e-03,1.472920179367065430e-03
8.760213851928710938e-03,8.528113365173339844e-03,1.448959112167358398e-03
8.818149566650390625e-03,8.487701416015625000e-03,1.419723033905029297e-03
8.898019790649414062e-03,8.413791656494140625e-03,1.414954662322998047e-03
8.979797363281250000e-03,8.299827575683593750e-03,1.399487257003784180e-03
9.078264236450195312e-03,8.213639259338378906e-03,1.383066177368164062e-03
9.160280227661132812e-03,8.095622062683105469e-03,1.350700855255126953e-03
9.249210357666015625e-03,7.988691329956054688e-03,1.313298940658569336e-03
9.358406066894531250e-03,7.870435714721679688e-03,1.293689012527465820e-03
9.418964385986328125e-03,7.722854614257812500e-03,1.248449087142944336e-03
9.525537490844726562e-03,7.572889328002929688e-03,1.194626092910766602e-03
9.614706039428710938e-03,7.424592971801757812e-03,1.124709844589233398e-03
9.677648544311523438e-03,7.324934005737304688e-03,1.090407371520996094e-03
9.716987609863281250e-03,7.248640060424804688e-03,1.062870025634765625e-03
9.757518768310546875e-03,7.194995880126953125e-03,1.030921936035156250e-03
9.792327880859375000e-03,7.172346115112304688e-03,1.042991876602172852e-03
9.807109832763671875e-03,7.157564163208007812e-03,1.058787107467651367e-03
9.789466857910156250e-03,7.220506668090820312e-03,1.084595918655395508e-03
9.775638580322265625e-03,7.265567779541015625e-03,1.117259263992309570e-03
9.772777557373046875e-03,7.293462753295898438e-03,1.166462898254394531e-03
9.790897369384765625e-03,7.285356521606445312e-03,1.213788986206054688e-03
9.800672531127929688e-03,7.241487503051757812e-03,1.276016235351562500e-03
9.754896163940429688e-03,7.172822952270507812e-03,1.328289508819580078e-03
9.775400161743164062e-03,7.077097892761230469e-03,1.370191574096679688e-03
9.840726852416992188e-03,6.930828094482421875e-03,1.445144414901733398e-03
9.949922561645507812e-03,6.757497787475585938e-03,1.527279615402221680e-03
1.008725166320800781e-02,6.563782691955566406e-03,1.558184623718261719e-03
1.026773452758789062e-02,6.307482719421386719e-03,1.577109098434448242e-03
1.043319702148437500e-02,6.070494651794433594e-03,1.606941223144531250e-03
1.061010360717773438e-02,5.841016769409179688e-03,1.597195863723754883e-03
1.076984405517578125e-02,5.579113960266113281e-03,1.688003540039062500e-03
1.090002059936523438e-02,5.391955375671386719e-03,1.745849847793579102e-03
1.097989082336425781e-02,5.232572555541992188e-03,1.739293336868286133e-03
1.105856895446777344e-02,5.111455917358398438e-03,1.719385385513305664e-03
1.108217239379882812e-02,5.016446113586425781e-03,1.652985811233520508e-03
1.106548309326171875e-02,4.958391189575195312e-03,1.582354307174682617e-03
1.103901863098144531e-02,4.960417747497558594e-03,1.501560211181640625e-03
1.097083091735839844e-02,4.972815513610839844e-03,1.436531543731689453e-03
1.087427139282226562e-02,5.066156387329101562e-03,1.403361558914184570e-03
1.074123382568359375e-02,5.190730094909667969e-03,1.381903886795043945e-03
1.060128211975097656e-02,5.306363105773925781e-03,1.349359750747680664e-03
1.044678688049316406e-02,5.419135093688964844e-03,1.304596662521362305e-03
1.029133796691894531e-02,5.514144897460937500e-03,1.274615526199340820e-03
1.014780998229980469e-02,5.621314048767089844e-03,1.275599002838134766e-03
1.006984710693359375e-02,5.662798881530761719e-03,1.280933618545532227e-03
1.002883911132812500e-02,5.689740180969238281e-03,1.319766044616699219e-03
9.999990463256835938e-03,5.718469619750976562e-03,1.385450363159179688e-03
1.004147529602050781e-02,5.695939064025878906e-03,1.444131135940551758e-03
1.013112068176269531e-02,5.636930465698242188e-03,1.526415348052978516e-03
1.022505760192871094e-02,5.553841590881347656e-03,1.601964235305786133e-03
1.034855842590332031e-02,5.463361740112304688e-03,1.678556203842163086e-03
1.046919822692871094e-02,5.334258079528808594e-03,1.726686954498291016e-03
1.059103012084960938e-02,5.170822143554687500e-03,1.745223999023437500e-03
1.071453094482421875e-02,5.013704299926757812e-03,1.738756895065307617e-03
1.084685325622558594e-02,4.867553710937500000e-03,1.735508441925048828e-03
1.095294952392578125e-02,4.728436470031738281e-03,1.716345548629760742e-03
1.103925704956054688e-02,4.631519317626953125e-03,1.697927713394165039e-03
1.108717918395996094e-02,4.567980766296386719e-03,1.673042774200439453e-03
1.108765602111816406e-02,4.677534103393554688e-03,1.619815826416015625e-03
1.105427742004394531e-02,4.800915718078613281e-03,1.566886901855468750e-03
1.098442077636718750e-02,4.954814910888671875e-03,1.529991626739501953e-03
