1.878489926457405090e-02,-3.003193810582160950e-02,-1.458469033241271973e-02
1.878489926457405090e-02,-3.003193810582160950e-02,-1.458469033241271973e-02
1.778490468859672546e-02,-3.103192523121833801e-02,-1.358470320701599121e-02
1.680054143071174622e-02,-3.192086145281791687e-02,-1.280647516250610352e-02
1.592100411653518677e-02,-3.224572911858558655e-02,-1.207718253135681152e-02
1.509283483028411865e-02,-3.196815028786659241e-02,-1.167100667953491211e-02
1.450891792774200439e-02,-3.217146173119544983e-02,-1.158961653709411621e-02
1.405263692140579224e-02,-3.243513032793998718e-02,-1.112881302833557129e-02
1.352768391370773315e-02,-3.244146332144737244e-02,-1.069262623786926270e-02
1.286089420318603516e-02,-3.230388835072517395e-02,-1.016893982887268066e-02
1.248471811413764954e-02,-3.192700073122978210e-02,-9.761899709701538086e-03
1.245945692062377930e-02,-3.150745853781700134e-02,-9.506464004516601562e-03
1.225344464182853699e-02,-3.103530034422874451e-02,-9.173572063446044922e-03
1.226609200239181519e-02,-3.040466085076332092e-02,-8.922755718231201172e-03
1.231215894222259521e-02,-2.979927882552146912e-02,-8.593916893005371094e-03
1.234873384237289429e-02,-2.925996109843254089e-02,-8.254140615463256836e-03
1.239369809627532959e-02,-2.877759560942649841e-02,-7.815241813659667969e-03
1.250203698873519897e-02,-2.834310755133628845e-02,-7.388561964035034180e-03
1.275366172194480896e-02,-2.791387960314750671e-02,-7.034718990325927734e-03
1.286849752068519592e-02,-2.752083912491798401e-02,-6.686985492706298828e-03
1.309106871485710144e-02,-2.713299170136451721e-02,-6.290376186370849609e-03
1.328244432806968689e-02,-2.663450315594673157e-02,-6.212890148162841797e-03
1.353367045521736145e-02,-2.618269994854927063e-02,-6.175726652145385742e-03
1.365964859724044800e-02,-2.569527551531791687e-02,-6.123989820480346680e-03
1.345540583133697510e-02,-2.521219477057456970e-02,-5.923658609390258789e-03
1.325345039367675781e-02,-2.480479702353477478e-02,-5.674272775650024414e-03
1.321516558527946472e-02,-2.437709644436836243e-02,-5.538821220397949219e-03
1.318255066871643066e-02,-2.392855659127235413e-02,-5.536556243896484375e-03
1.314270123839378357e-02,-2.361285313963890076e-02,-5.609780550003051758e-03
1.319326832890510559e-02,-2.341337129473686218e-02,-5.828768014907836914e-03
1.332594081759452820e-02,-2.315759286284446716e-02,-6.224900484085083008e-03
1.356909051537513733e-02,-2.293319627642631531e-02,-6.827503442764282227e-03
1.387847959995269775e-02,-2.255087718367576599e-02,-7.525622844696044922e-03
1.430840417742729187e-02,-2.223845943808555603e-02,-8.344143629074096680e-03
1.477689296007156372e-02,-2.190665528178215027e-02,-9.155452251434326172e-03
1.528085768222808838e-02,-2.155651524662971497e-02,-9.974330663681030273e-03
1.562180742621421814e-02,-2.131654694676399231e-02,-1.071935892105102539e-02
1.600367948412895203e-02,-2.120626345276832581e-02,-1.140487194061279297e-02
1.621016487479209900e-02,-2.115148678421974182e-02,-1.203483343124389648e-02
1.639396324753761292e-02,-2.109456434845924377e-02,-1.265153288841247559e-02
1.655743271112442017e-02,-2.107810601592063904e-02,-1.317062973976135254e-02
1.653840020298957825e-02,-2.116623893380165100e-02,-1.370903849601745605e-02
1.640865579247474670e-02,-2.123390510678291321e-02,-1.422283053398132324e-02
1.601670309901237488e-02,-2.132685109972953796e-02,-1.450443267822265625e-02
1.551888510584831238e-02,-2.137910947203636169e-02,-1.467621326446533203e-02
1.510022953152656555e-02,-2.159110829234123230e-02,-1.481819152832031250e-02
1.469924673438072205e-02,-2.167570218443870544e-02,-1.488673686981201172e-02
1.425332576036453247e-02,-2.171577140688896179e-02,-1.489454507827758789e-02
1.367497071623802185e-02,-2.207228913903236389e-02,-1.502045989036560059e-02
1.309870183467864990e-02,-2.221051976084709167e-02,-1.500928401947021484e-02
1.271062344312667847e-02,-2.238410338759422302e-02,-1.500189304351806641e-02
1.232108101248741150e-02,-2.247437462210655212e-02,-1.480168104171752930e-02
1.190811395645141602e-02,-2.236052230000495911e-02,-1.455190777778625488e-02
1.169231161475181580e-02,-2.222992852330207825e-02,-1.438826322555541992e-02
1.157983392477035522e-02,-2.209306880831718445e-02,-1.430243253707885742e-02
1.154008880257606506e-02,-2.195213362574577332e-02,-1.437693834304809570e-02
1.156836748123168945e-02,-2.161147817969322205e-02,-1.446297764778137207e-02
1.165746152400970459e-02,-2.117780968546867371e-02,-1.459476351737976074e-02
1.176959648728370667e-02,-2.075849846005439758e-02,-1.479101181030273438e-02
1.192048937082290649e-02,-2.035925164818763733e-02,-1.501125097274780273e-02
1.215721666812896729e-02,-2.001641318202018738e-02,-1.531922817230224609e-02
1.246561482548713684e-02,-1.954912021756172180e-02,-1.566392183303833008e-02
1.283130049705505371e-02,-1.905028149485588074e-02,-1.611325144767761230e-02
1.329220831394195557e-02,-1.858590170741081238e-02,-1.656761765480041504e-02
1.377524062991142273e-02,-1.812398061156272888e-02,-1.698690652847290039e-02
1.427571102976799011e-02,-1.747731491923332214e-02,-1.731476187705993652e-02
1.471008732914924622e-02,-1.677723601460456848e-02,-1.744791865348815918e-02
1.518023386597633362e-02,-1.611651852726936340e-02,-1.756614446640014648e-02
1.562616601586341858e-02,-1.549003645777702332e-02,-1.772990822792053223e-02
1.598539575934410095e-02,-1.481892541050910950e-02,-1.781913638114929199e-02
1.630747318267822266e-02,-1.414397731423377991e-02,-1.786410808563232422e-02
1.655833423137664795e-02,-1.346371695399284363e-02,-1.791307330131530762e-02
1.666660606861114502e-02,-1.274034753441810608e-02,-1.786312460899353027e-02
1.651144400238990784e-02,-1.210089772939682007e-02,-1.784083247184753418e-02
1.630704477429389954e-02,-1.153438538312911987e-02,-1.799052953720092773e-02
1.604925841093063354e-02,-1.101692393422126770e-02,-1.822927594184875488e-02
1.565925404429435730e-02,-1.054924726486206055e-02,-1.845312118530273438e-02
1.524109020829200745e-02,-1.025564968585968018e-02,-1.846122741699218750e-02
1.475629583001136780e-02,-1.008778437972068787e-02,-1.845467090606689453e-02
1.422925293445587158e-02,-1.021904125809669495e-02,-1.873791217803955078e-02
1.365894451737403870e-02,-1.032420992851257324e-02,-1.892632246017456055e-02
1.307468488812446594e-02,-1.048741862177848816e-02,-1.914218068122863770e-02
1.244592666625976562e-02,-1.057093217968940735e-02,-1.954448223114013672e-02
1.177147775888442993e-02,-1.066113635897636414e-02,-1.992687582969665527e-02
1.100844144821166992e-02,-1.082474365830421448e-02,-2.033469080924987793e-02
1.030907407402992249e-02,-1.101172715425491333e-02,-2.067598700523376465e-02
9.651023894548416138e-03,-1.144128292798995972e-02,-2.116873860359191895e-02
9.019985795021057129e-03,-1.205217093229293823e-02,-2.165767550468444824e-02
8.431013673543930054e-03,-1.275232806801795959e-02,-2.207216620445251465e-02
7.758706808090209961e-03,-1.347501948475837708e-02,-2.228522300720214844e-02
7.225915789604187012e-03,-1.407736912369728088e-02,-2.233472466468811035e-02
6.676875054836273193e-03,-1.449315622448921204e-02,-2.229452133178710938e-02
6.210979074239730835e-03,-1.481052115559577942e-02,-2.217179536819458008e-02
5.841594189405441284e-03,-1.493893191218376160e-02,-2.211791276931762695e-02
5.474843084812164307e-03,-1.498677209019660950e-02,-2.197763323783874512e-02
5.083058029413223267e-03,-1.502637192606925964e-02,-2.165248990058898926e-02
4.798009991645812988e-03,-1.512945070862770081e-02,-2.120226621627807617e-02
4.511944949626922607e-03,-1.519567146897315979e-02,-2.076429128646850586e-02
4.221957176923751831e-03,-1.520646736025810242e-02,-2.036646008491516113e-02
4.022706300020217896e-03,-1.533440873026847839e-02,-2.007776498794555664e-02
3.819290548563003540e-03,-1.549744978547096252e-02,-1.975956559181213379e-02
3.562450408935546875e-03,-1.565964892506599426e-02,-1.942563056945800781e-02
3.418602049350738525e-03,-1.578863337635993958e-02,-1.916992664337158203e-02
3.460373729467391968e-03,-1.596817746758460999e-02,-1.907768845558166504e-02
3.493133932352066040e-03,-1.607121899724006653e-02,-1.901119947433471680e-02
3.532242029905319214e-03,-1.619774475693702698e-02,-1.887309551239013672e-02
3.675282001495361328e-03,-1.633352413773536682e-02,-1.876688003540039062e-02
3.875996917486190796e-03,-1.647024229168891907e-02,-1.868149638175964355e-02
4.111316055059432983e-03,-1.667281612753868103e-02,-1.855894923210144043e-02
4.358615726232528687e-03,-1.676324382424354553e-02,-1.841750741004943848e-02
4.605565220117568970e-03,-1.671968773007392883e-02,-1.822778582572937012e-02
4.964340478181838989e-03,-1.689593121409416199e-02,-1.802316308021545410e-02
5.274716764688491821e-03,-1.699344441294670105e-02,-1.770097017288208008e-02
5.580663681030273438e-03,-1.704832538962364197e-02,-1.740896701812744141e-02
5.862891674041748047e-03,-1.701715216040611267e-02,-1.722082495689392090e-02
6.096918135881423950e-03,-1.686893031001091003e-02,-1.694899797439575195e-02
6.378646939992904663e-03,-1.676059141755104065e-02,-1.673313975334167480e-02
6.586339324712753296e-03,-1.660748198628425598e-02,-1.645457744598388672e-02
6.822682917118072510e-03,-1.645578071475028992e-02,-1.626747846603393555e-02
7.067717611789703369e-03,-1.633740589022636414e-02,-1.617372035980224609e-02
7.253404706716537476e-03,-1.627134904265403748e-02,-1.618570089340209961e-02
7.427681237459182739e-03,-1.628818735480308533e-02,-1.625162363052368164e-02
7.523469626903533936e-03,-1.637699082493782043e-02,-1.630121469497680664e-02
7.560908794403076172e-03,-1.654922589659690857e-02,-1.637834310531616211e-02
7.536754012107849121e-03,-1.669922098517417908e-02,-1.645773649215698242e-02
7.576506584882736206e-03,-1.683371141552925110e-02,-1.666143536567687988e-02
7.625117897987365723e-03,-1.694598421454429626e-02,-1.660549640655517578e-02
7.766563445329666138e-03,-1.700288429856300354e-02,-1.655721664428710938e-02
7.841009646654129028e-03,-1.692524924874305725e-02,-1.657909154891967773e-02
7.735539227724075317e-03,-1.680096611380577087e-02,-1.652804017066955566e-02
7.616896182298660278e-03,-1.667931303381919861e-02,-1.646655797958374023e-02
7.607139647006988525e-03,-1.644617691636085510e-02,-1.652106642723083496e-02
7.468611001968383789e-03,-1.626357808709144592e-02,-1.647391915321350098e-02
7.317077368497848511e-03,-1.618054881691932678e-02,-1.645877957344055176e-02
7.286835461854934692e-03,-1.614842936396598816e-02,-1.665303111076354980e-02
7.114175707101821899e-03,-1.602639630436897278e-02,-1.656499505043029785e-02
6.830826401710510254e-03,-1.595256850123405457e-02,-1.632058620452880859e-02
6.627470254898071289e-03,-1.580636575818061829e-02,-1.618111133575439453e-02
6.293285638093948364e-03,-1.564098522067070007e-02,-1.588046550750732422e-02
5.986724048852920532e-03,-1.536696776747703552e-02,-1.551789045333862305e-02
5.660809576511383057e-03,-1.498020067811012268e-02,-1.512348651885986328e-02
5.432061851024627686e-03,-1.455404236912727356e-02,-1.489350199699401855e-02
5.280457437038421631e-03,-1.420008763670921326e-02,-1.473140716552734375e-02
5.161847919225692749e-03,-1.385938748717308044e-02,-1.474788784980773926e-02
5.059558898210525513e-03,-1.358145847916603088e-02,-1.483315229415893555e-02
5.248922854661941528e-03,-1.379806920886039734e-02,-1.489397883415222168e-02
5.604039877653121948e-03,-1.387060806155204773e-02,-1.513326168060302734e-02
5.970753729343414307e-03,-1.384385302662849426e-02,-1.532027125358581543e-02
6.322402507066726685e-03,-1.359273120760917664e-02,-1.558730006217956543e-02
6.592757999897003174e-03,-1.315705105662345886e-02,-1.579982042312622070e-02
6.930559873580932617e-03,-1.264920458197593689e-02,-1.601544022560119629e-02
7.112264633178710938e-03,-1.199562847614288330e-02,-1.604640483856201172e-02
7.184326648712158203e-03,-1.141504943370819092e-02,-1.597443222999572754e-02
7.090225815773010254e-03,-1.087433844804763794e-02,-1.573571562767028809e-02
6.871085613965988159e-03,-1.036941632628440857e-02,-1.546940207481384277e-02
6.547532975673675537e-03,-9.949099272489547729e-03,-1.522660255432128906e-02
6.195649504661560059e-03,-9.652417153120040894e-03,-1.499488949775695801e-02
5.846813321113586426e-03,-9.509421885013580322e-03,-1.489731669425964355e-02
5.412578582763671875e-03,-9.499751031398773193e-03,-1.470670104026794434e-02
5.011823028326034546e-03,-9.601879864931106567e-03,-1.455140113830566406e-02
4.784949123859405518e-03,-9.801853448152542114e-03,-1.445776224136352539e-02
4.563491791486740112e-03,-1.003427803516387939e-02,-1.430726051330566406e-02
4.364918917417526245e-03,-1.032840088009834290e-02,-1.423892378807067871e-02
4.098821431398391724e-03,-1.056818664073944092e-02,-1.422968506813049316e-02
3.950506448745727539e-03,-1.071503385901451111e-02,-1.430502533912658691e-02
3.911886364221572876e-03,-1.081018894910812378e-02,-1.443237066268920898e-02
3.941055387258529663e-03,-1.069118455052375793e-02,-1.464742422103881836e-02
4.013016819953918457e-03,-1.049000397324562073e-02,-1.493468880653381348e-02
4.093937575817108154e-03,-1.033561676740646362e-02,-1.529377698898315430e-02
4.064846783876419067e-03,-1.024140045046806335e-02,-1.549625396728515625e-02
4.018276929855346680e-03,-1.023431867361068726e-02,-1.565808057785034180e-02
3.947734832763671875e-03,-1.021987572312355042e-02,-1.571989059448242188e-02
3.877490758895874023e-03,-1.024264842271804810e-02,-1.580882072448730469e-02
3.826763480901718140e-03,-1.021254435181617737e-02,-1.573666930198669434e-02
3.820668905973434448e-03,-1.027008518576622009e-02,-1.574191451072692871e-02
3.941956907510757446e-03,-1.039737462997436523e-02,-1.592415571212768555e-02
4.153680056333541870e-03,-1.048846542835235596e-02,-1.611962914466857910e-02
4.281625151634216309e-03,-1.064476743340492249e-02,-1.628610491752624512e-02
4.495561122894287109e-03,-1.074655726552009583e-02,-1.651036739349365234e-02
4.810985177755355835e-03,-1.085362210869789124e-02,-1.676821708679199219e-02
5.134601145982742310e-03,-1.084107160568237305e-02,-1.705729961395263672e-02
5.370341241359710693e-03,-1.073679700493812561e-02,-1.738265156745910645e-02
5.560383200645446777e-03,-1.061328873038291931e-02,-1.766160130500793457e-02
5.672045052051544189e-03,-1.049642637372016907e-02,-1.781743764877319336e-02
5.743179470300674438e-03,-1.040470227599143982e-02,-1.793113350868225098e-02
5.666360259056091309e-03,-1.034589484333992004e-02,-1.791772246360778809e-02
5.397956818342208862e-03,-1.036119833588600159e-02,-1.776817440986633301e-02
5.061905831098556519e-03,-1.043811440467834473e-02,-1.754611730575561523e-02
4.678092896938323975e-03,-1.057181134819984436e-02,-1.721808314323425293e-02
4.225954413414001465e-03,-1.060704886913299561e-02,-1.682078838348388672e-02
3.870081156492233276e-03,-1.056376844644546509e-02,-1.635137200355529785e-02
3.575973212718963623e-03,-1.043571159243583679e-02,-1.588416099548339844e-02
3.326218575239181519e-03,-1.032992824912071228e-02,-1.550170779228210449e-02
3.300357609987258911e-03,-1.018842309713363647e-02,-1.528048515319824219e-02
3.363609313964843750e-03,-1.007504388689994812e-02,-1.525014638900756836e-02
3.573957830667495728e-03,-9.952224791049957275e-03,-1.532074809074401855e-02
3.800004720687866211e-03,-9.854443371295928955e-03,-1.539900898933410645e-02
4.021476954221725464e-03,-9.766343981027603149e-03,-1.554566621780395508e-02
4.317943006753921509e-03,-9.588386863470077515e-03,-1.560387015342712402e-02
4.621405154466629028e-03,-9.450171142816543579e-03,-1.570180058479309082e-02
4.945505410432815552e-03,-9.473089128732681274e-03,-1.599925756454467773e-02
5.240779370069503784e-03,-9.446997195482254028e-03,-1.637527346611022949e-02
5.502585321664810181e-03,-9.433783590793609619e-03,-1.677051186561584473e-02
5.728010088205337524e-03,-9.413223713636398315e-03,-1.717379689216613770e-02
5.789194256067276001e-03,-9.348921477794647217e-03,-1.748633384704589844e-02
5.787871778011322021e-03,-9.216718375682830811e-03,-1.775819063186645508e-02
5.636528134346008301e-03,-9.150329977273941040e-03,-1.789379119873046875e-02
5.438823252916336060e-03,-9.192455559968948364e-03,-1.794305443763732910e-02
5.162574350833892822e-03,-9.190972894430160522e-03,-1.785957813262939453e-02
4.788164049386978149e-03,-9.115651249885559082e-03,-1.762929558753967285e-02
4.320453852415084839e-03,-8.901014924049377441e-03,-1.730558276176452637e-02
3.843810409307479858e-03,-8.823622018098831177e-03,-1.694768667221069336e-02
3.350511193275451660e-03,-8.844140917062759399e-03,-1.656320691108703613e-02
3.369890153408050537e-03,-8.861899375915527344e-03,-1.625984907150268555e-02
3.376178443431854248e-03,-8.910372853279113770e-03,-1.596397161483764648e-02
3.408655524253845215e-03,-9.039722383022308350e-03,-1.573190093040466309e-02
3.367573022842407227e-03,-9.143393486738204956e-03,-1.553234457969665527e-02
3.341667354106903076e-03,-9.241394698619842529e-03,-1.538902521133422852e-02
3.344990313053131104e-03,-9.279251098632812500e-03,-1.517218351364135742e-02
3.294516354799270630e-03,-9.267643094062805176e-03,-1.486465334892272949e-02
3.174528479576110840e-03,-9.199928492307662964e-03,-1.454308629035949707e-02
2.996332943439483643e-03,-9.145516902208328247e-03,-1.428461074829101562e-02
2.824962139129638672e-03,-9.059827774763107300e-03,-1.405802369117736816e-02
2.631522715091705322e-03,-9.007237851619720459e-03,-1.381716132164001465e-02
2.448506653308868408e-03,-8.906479924917221069e-03,-1.365950703620910645e-02
2.366777509450912476e-03,-8.794836699962615967e-03,-1.362779736518859863e-02
2.327170222997665405e-03,-8.651018142700195312e-03,-1.355427503585815430e-02
2.329442650079727173e-03,-8.551828563213348389e-03,-1.356253027915954590e-02
2.305936068296432495e-03,-8.461948484182357788e-03,-1.358720660209655762e-02
2.205077558755874634e-03,-8.394487202167510986e-03,-1.358473300933837891e-02
2.243973314762115479e-03,-8.315071463584899902e-03,-1.371526718139648438e-02
2.391770482063293457e-03,-8.232980966567993164e-03,-1.392564177513122559e-02
2.607490867376327515e-03,-8.137203752994537354e-03,-1.417759060859680176e-02
2.914696931838989258e-03,-7.969863712787628174e-03,-1.454380154609680176e-02
3.238860517740249634e-03,-7.797837257385253906e-03,-1.491448283195495605e-02
3.519490361213684082e-03,-7.624581456184387207e-03,-1.527974009513854980e-02
3.778696060180664062e-03,-7.517114281654357910e-03,-1.556840538978576660e-02
3.936681896448135376e-03,-7.400408387184143066e-03,-1.571831107139587402e-02
4.032645374536514282e-03,-7.306274026632308960e-03,-1.581203937530517578e-02
4.086829721927642822e-03,-7.118213921785354614e-03,-1.582503318786621094e-02
4.067715257406234741e-03,-6.726030260324478149e-03,-1.580262184143066406e-02
3.977093845605850220e-03,-6.325822323560714722e-03,-1.569083333015441895e-02
3.871485590934753418e-03,-5.882825702428817749e-03,-1.552549004554748535e-02
3.707073628902435303e-03,-5.514021962881088257e-03,-1.538810133934020996e-02
3.451287746429443359e-03,-5.258448421955108643e-03,-1.523774862289428711e-02
3.140345215797424316e-03,-5.088340491056442261e-03,-1.509922742843627930e-02
2.814404666423797607e-03,-5.061380565166473389e-03,-1.500442624092102051e-02
2.450779080390930176e-03,-5.043953657150268555e-03,-1.485186815261840820e-02
2.121690660715103149e-03,-5.113381892442703247e-03,-1.471826434135437012e-02
2.001792192459106445e-03,-5.125172436237335205e-03,-1.467046141624450684e-02
1.909367740154266357e-03,-5.079925060272216797e-03,-1.470336318016052246e-02
1.861382275819778442e-03,-4.937335848808288574e-03,-1.471960544586181641e-02
1.809529960155487061e-03,-4.690777510404586792e-03,-1.480838656425476074e-02
1.729622483253479004e-03,-4.361145198345184326e-03,-1.484888792037963867e-02
1.628443598747253418e-03,-3.965120762586593628e-03,-1.486504077911376953e-02
1.446969807147979736e-03,-3.660216927528381348e-03,-1.491281390190124512e-02
1.158215105533599854e-03,-3.510221838951110840e-03,-1.478281617164611816e-02
8.935406804084777832e-04,-3.437742590904235840e-03,-1.465287804603576660e-02
6.662793457508087158e-04,-3.476485610008239746e-03,-1.454365253448486328e-02
4.359036684036254883e-04,-3.660254180431365967e-03,-1.445528864860534668e-02
2.050995826721191406e-04,-3.826200962066650391e-03,-1.434800028800964355e-02
7.526949048042297363e-05,-3.841571509838104248e-03,-1.432940363883972168e-02
1.281499862670898438e-06,-3.808230161666870117e-03,-1.424187421798706055e-02
8.601695299148559570e-06,-3.669757395982742310e-03,-1.410928368568420410e-02
-2.268999814987182617e-04,-3.662198781967163086e-03,-1.401904225349426270e-02
-3.985017538070678711e-04,-3.672935068607330322e-03,-1.385107636451721191e-02
-4.921779036521911621e-04,-3.693863749504089355e-03,-1.370152831077575684e-02
-4.556663334369659424e-04,-3.676287829875946045e-03,-1.364910602569580078e-02
-3.389157354831695557e-04,-3.683622926473617554e-03,-1.365250349044799805e-02
-1.431368291378021240e-04,-3.782082349061965942e-03,-1.372948288917541504e-02
1.680217683315277100e-04,-3.869649022817611694e-03,-1.389539241790771484e-02
4.744976758956909180e-04,-3.999624401330947876e-03,-1.409509778022766113e-02
6.968900561332702637e-04,-4.308417439460754395e-03,-1.431953907012939453e-02
8.316375315189361572e-04,-4.645008593797683716e-03,-1.443141698837280273e-02
8.657872676849365234e-04,-4.874058067798614502e-03,-1.441481709480285645e-02
8.987970650196075439e-04,-5.006246268749237061e-03,-1.438647508621215820e-02
9.097196161746978760e-04,-5.065619945526123047e-03,-1.428341865539550781e-02
9.711273014545440674e-04,-5.166403949260711670e-03,-1.418691873550415039e-02
1.034971326589584351e-03,-5.192968994379043579e-03,-1.415908336639404297e-02
1.181405037641525269e-03,-5.171667784452438354e-03,-1.420995593070983887e-02
1.334290951490402222e-03,-5.217406898736953735e-03,-1.423695683479309082e-02
1.504424959421157837e-03,-5.311790853738784790e-03,-1.429191231727600098e-02
1.553565263748168945e-03,-5.446802824735641479e-03,-1.449391245841979980e-02
1.557040959596633911e-03,-5.688171833753585815e-03,-1.465058326721191406e-02
1.251064240932464600e-03,-5.878672003746032715e-03,-1.474237442016601562e-02
1.039024442434310913e-03,-5.926247686147689819e-03,-1.485270261764526367e-02
8.573196828365325928e-04,-5.797654390335083008e-03,-1.494476199150085449e-02
7.891282439231872559e-04,-5.716606974601745605e-03,-1.507899165153503418e-02
7.996223866939544678e-04,-5.744919180870056152e-03,-1.508501172065734863e-02
7.528439164161682129e-04,-5.680363625288009644e-03,-1.494491100311279297e-02
7.659830152988433838e-04,-5.553685128688812256e-03,-1.484712958335876465e-02
7.978081703186035156e-04,-5.516894161701202393e-03,-1.472443342208862305e-02
8.180700242519378662e-04,-5.681999027729034424e-03,-1.471558213233947754e-02
9.184554219245910645e-04,-5.777031183242797852e-03,-1.468649506568908691e-02
1.159746199846267700e-03,-5.794554948806762695e-03,-1.479941606521606445e-02
1.486524939537048340e-03,-5.874570459127426147e-03,-1.479393243789672852e-02
1.868233084678649902e-03,-5.777847021818161011e-03,-1.483488082885742188e-02
2.187568694353103638e-03,-5.460906773805618286e-03,-1.486766338348388672e-02
2.478446811437606812e-03,-5.045533180236816406e-03,-1.486992835998535156e-02
2.725839614868164062e-03,-4.640400409698486328e-03,-1.488888263702392578e-02
2.977829426527023315e-03,-4.291016608476638794e-03,-1.488870382308959961e-02
3.182288259267807007e-03,-4.053935408592224121e-03,-1.496705412864685059e-02
3.378953784704208374e-03,-3.833673894405364990e-03,-1.484051346778869629e-02
3.261532634496688843e-03,-3.882527351379394531e-03,-1.461613178253173828e-02
3.191281110048294067e-03,-4.000321030616760254e-03,-1.449543237686157227e-02
3.087151795625686646e-03,-4.185907542705535889e-03,-1.442345976829528809e-02
3.005661070346832275e-03,-4.493959248065948486e-03,-1.444080471992492676e-02
2.953905612230300903e-03,-4.786696285009384155e-03,-1.451623439788818359e-02
2.884332090616226196e-03,-5.118768662214279175e-03,-1.446300745010375977e-02
2.565212547779083252e-03,-5.453951656818389893e-03,-1.430785655975341797e-02
2.217601984739303589e-03,-5.798719823360443115e-03,-1.406800746917724609e-02
1.865942031145095825e-03,-6.135027855634689331e-03,-1.373571157455444336e-02
1.644562929868698120e-03,-6.467834115028381348e-03,-1.346188783645629883e-02
1.382190734148025513e-03,-6.748884916305541992e-03,-1.305720210075378418e-02
1.053795218467712402e-03,-7.016990333795547485e-03,-1.253968477249145508e-02
8.381195366382598877e-04,-7.128406316041946411e-03,-1.198580861091613770e-02
6.840564310550689697e-04,-7.239159196615219116e-03,-1.141196489334106445e-02
6.144754588603973389e-04,-7.333073765039443970e-03,-1.096400618553161621e-02
6.019249558448791504e-04,-7.369436323642730713e-03,-1.068967580795288086e-02
6.995424628257751465e-04,-7.431723177433013916e-03,-1.052346825599670410e-02
8.367374539375305176e-04,-7.497422397136688232e-03,-1.030105352401733398e-02
1.067042350769042969e-03,-7.572975009679794312e-03,-1.028275489807128906e-02
1.408424228429794312e-03,-7.654204964637756348e-03,-1.035836338996887207e-02
1.810714602470397949e-03,-7.670395076274871826e-03,-1.048177480697631836e-02
2.259291708469390869e-03,-7.580034434795379639e-03,-1.069343090057373047e-02
2.526760101318359375e-03,-7.475737482309341431e-03,-1.081752777099609375e-02
2.679787576198577881e-03,-7.347717881202697754e-03,-1.084229350090026855e-02
2.783522009849548340e-03,-7.162194699048995972e-03,-1.081529259681701660e-02
2.807106822729110718e-03,-7.057245820760726929e-03,-1.072975993156433105e-02
2.816822379827499390e-03,-7.063388824462890625e-03,-1.068034768104553223e-02
2.804003655910491943e-03,-7.038149982690811157e-03,-1.069241762161254883e-02
2.746585756540298462e-03,-6.929151713848114014e-03,-1.075994968414306641e-02
2.755701541900634766e-03,-6.739962846040725708e-03,-1.094266772270202637e-02
2.715650945901870728e-03,-6.657116115093231201e-03,-1.106840372085571289e-02
2.650421112775802612e-03,-6.643567234277725220e-03,-1.118922233581542969e-02
2.517476677894592285e-03,-6.727103143930435181e-03,-1.126557588577270508e-02
2.425119280815124512e-03,-6.913829594850540161e-03,-1.138979196548461914e-02
2.323068678379058838e-03,-6.915178149938583374e-03,-1.152309775352478027e-02
2.330120652914047241e-03,-6.944924592971801758e-03,-1.169082522392272949e-02
2.295583486557006836e-03,-7.004376500844955444e-03,-1.179054379463195801e-02
2.233099192380905151e-03,-6.974954158067703247e-03,-1.182171702384948730e-02
2.151031047105789185e-03,-6.919838488101959229e-03,-1.181387901306152344e-02
1.979473978281021118e-03,-6.866384297609329224e-03,-1.176705956459045410e-02
1.799367368221282959e-03,-6.891831755638122559e-03,-1.166868209838867188e-02
1.637764275074005127e-03,-6.928499788045883179e-03,-1.155501604080200195e-02
1.467976719141006470e-03,-6.925284862518310547e-03,-1.146921515464782715e-02
1.420643180608749390e-03,-6.935004144906997681e-03,-1.140496134757995605e-02
1.433450728654861450e-03,-6.913125514984130859e-03,-1.146626472473144531e-02
1.520898193120956421e-03,-6.941214203834533691e-03,-1.156446337699890137e-02
1.644812524318695068e-03,-6.884768605232238770e-03,-1.174250245094299316e-02
1.763667911291122437e-03,-6.848070770502090454e-03,-1.192685961723327637e-02
1.996617764234542847e-03,-6.935790181159973145e-03,-1.214754581451416016e-02
2.132844179868698120e-03,-7.007032632827758789e-03,-1.233935356140136719e-02
2.245608717203140259e-03,-7.061235606670379639e-03,-1.249662041664123535e-02
2.325605601072311401e-03,-7.077708840370178223e-03,-1.264509558677673340e-02
2.424973994493484497e-03,-7.024474442005157471e-03,-1.283124089241027832e-02
2.641487866640090942e-03,-6.916962563991546631e-03,-1.294234395027160645e-02
2.803687006235122681e-03,-6.714768707752227783e-03,-1.305133104324340820e-02
2.930007874965667725e-03,-6.411097943782806396e-03,-1.312267780303955078e-02
3.079794347286224365e-03,-6.034582853317260742e-03,-1.319190859794616699e-02
3.160979598760604858e-03,-5.701407790184020996e-03,-1.326820254325866699e-02
3.220748156309127808e-03,-5.394000560045242310e-03,-1.344051957130432129e-02
3.256127238273620605e-03,-5.128625780344009399e-03,-1.363453269004821777e-02
3.252942115068435669e-03,-5.013830959796905518e-03,-1.378825306892395020e-02
3.125853836536407471e-03,-4.747498780488967896e-03,-1.393371820449829102e-02
2.951648086309432983e-03,-4.479441791772842407e-03,-1.404196023941040039e-02
2.755347639322280884e-03,-4.275299608707427979e-03,-1.411959528923034668e-02
2.585172653198242188e-03,-4.135843366384506226e-03,-1.422712206840515137e-02
2.383463084697723389e-03,-4.077319055795669556e-03,-1.422739028930664062e-02
2.043936401605606079e-03,-4.119094461202621460e-03,-1.406103372573852539e-02
1.690056174993515015e-03,-4.120700061321258545e-03,-1.383367180824279785e-02
1.460455358028411865e-03,-4.187528043985366821e-03,-1.361677050590515137e-02
1.164365559816360474e-03,-4.143815487623214722e-03,-1.329725980758666992e-02
8.890740573406219482e-04,-4.040282219648361206e-03,-1.302552223205566406e-02
5.968175828456878662e-04,-3.908339887857437134e-03,-1.275208592414855957e-02
3.672428429126739502e-04,-3.818076103925704956e-03,-1.253283023834228516e-02
1.922324299812316895e-04,-3.755394369363784790e-03,-1.241430640220642090e-02
4.095956683158874512e-05,-3.785081207752227783e-03,-1.228293776512145996e-02
2.165511250495910645e-05,-3.800641745328903198e-03,-1.227056980133056641e-02
4.112347960472106934e-05,-3.781057894229888916e-03,-1.230171322822570801e-02
1.601092517375946045e-04,-3.790397197008132935e-03,-1.237460970878601074e-02
2.653338015079498291e-04,-3.759194165468215942e-03,-1.243910193443298340e-02
3.285519778728485107e-04,-3.828719258308410645e-03,-1.243448257446289062e-02
4.034489393234252930e-04,-3.864008933305740356e-03,-1.238381862640380859e-02
3.640539944171905518e-04,-3.911830484867095947e-03,-1.226091384887695312e-02
4.222430288791656494e-04,-3.924861550331115723e-03,-1.217290759086608887e-02
5.056858062744140625e-04,-3.935746848583221436e-03,-1.207247376441955566e-02
6.402097642421722412e-04,-3.867950290441513062e-03,-1.201823353767395020e-02
7.515735924243927002e-04,-3.809042274951934814e-03,-1.201328635215759277e-02
8.362568914890289307e-04,-3.784343600273132324e-03,-1.199346780776977539e-02
9.345524013042449951e-04,-3.807738423347473145e-03,-1.199573278427124023e-02
1.044951379299163818e-03,-3.805421292781829834e-03,-1.208880543708801270e-02
1.205183565616607666e-03,-3.791883587837219238e-03,-1.231437921524047852e-02
1.389566808938980103e-03,-3.767337650060653687e-03,-1.261192560195922852e-02
1.564234495162963867e-03,-3.720786422491073608e-03,-1.290091872215270996e-02
1.732856035232543945e-03,-3.717191517353057861e-03,-1.314407587051391602e-02
1.883640885353088379e-03,-3.651641309261322021e-03,-1.337352395057678223e-02
2.017978578805923462e-03,-3.575291484594345093e-03,-1.358389854431152344e-02
2.045746892690658569e-03,-3.534302115440368652e-03,-1.374465227127075195e-02
2.036180347204208374e-03,-3.419596701860427856e-03,-1.379472017288208008e-02
1.996401697397232056e-03,-3.407653421163558960e-03,-1.379394531250000000e-02
1.955546438694000244e-03,-3.403265029191970825e-03,-1.377341151237487793e-02
1.833718270063400269e-03,-3.390237689018249512e-03,-1.360595226287841797e-02
1.626059412956237793e-03,-3.415748476982116699e-03,-1.341164112091064453e-02
1.314941793680191040e-03,-3.496211022138595581e-03,-1.322820782661437988e-02
1.047469675540924072e-03,-3.600709140300750732e-03,-1.310208439826965332e-02
8.175186812877655029e-04,-3.734573721885681152e-03,-1.292356848716735840e-02
6.595030426979064941e-04,-3.803435713052749634e-03,-1.268592476844787598e-02
5.309246480464935303e-04,-3.806557506322860718e-03,-1.240476965904235840e-02
4.363842308521270752e-04,-3.789059817790985107e-03,-1.217752695083618164e-02
4.325844347476959229e-04,-3.725234419107437134e-03,-1.205986738204956055e-02
4.629753530025482178e-04,-3.632653504610061646e-03,-1.191321015357971191e-02
4.669576883316040039e-04,-3.557909280061721802e-03,-1.179051399230957031e-02
5.290657281875610352e-04,-3.505263477563858032e-03,-1.175969839096069336e-02
6.235055625438690186e-04,-3.412671387195587158e-03,-1.184350252151489258e-02
7.245875895023345947e-04,-3.365218639373779297e-03,-1.193651556968688965e-02
8.385814726352691650e-04,-3.336541354656219482e-03,-1.206588745117187500e-02
9.594261646270751953e-04,-3.326930105686187744e-03,-1.222935318946838379e-02
1.075226813554763794e-03,-3.369331359863281250e-03,-1.245138049125671387e-02
1.130741089582443237e-03,-3.383561968803405762e-03,-1.263165473937988281e-02
1.203186810016632080e-03,-3.330048173666000366e-03,-1.280429959297180176e-02
1.283232122659683228e-03,-3.252789378166198730e-03,-1.303946971893310547e-02
1.344248652458190918e-03,-3.173481673002243042e-03,-1.337888836860656738e-02
1.388486474752426147e-03,-3.146208822727203369e-03,-1.368746161460876465e-02
1.427162438631057739e-03,-3.212809562683105469e-03,-1.394763588905334473e-02
1.423936337232589722e-03,-3.312401473522186279e-03,-1.414203643798828125e-02
1.406077295541763306e-03,-3.405373543500900269e-03,-1.430350542068481445e-02
1.362502574920654297e-03,-3.469415009021759033e-03,-1.448124647140502930e-02
1.364495605230331421e-03,-3.501355648040771484e-03,-1.460918784141540527e-02
1.275204122066497803e-03,-3.482166677713394165e-03,-1.466244459152221680e-02
1.148942857980728149e-03,-3.534484654664993286e-03,-1.462087035179138184e-02
1.022815704345703125e-03,-3.734610974788665771e-03,-1.452288031578063965e-02
7.893852889537811279e-04,-3.952544182538986206e-03,-1.425826549530029297e-02
4.976987838745117188e-04,-4.174798727035522461e-03,-1.389211416244506836e-02
1.572556793689727783e-04,-4.420299082994461060e-03,-1.343563199043273926e-02
-1.770406961441040039e-04,-4.683464765548706055e-03,-1.290756464004516602e-02
-4.300624132156372070e-04,-4.847370088100433350e-03,-1.244327425956726074e-02
-6.162375211715698242e-04,-4.915770143270492554e-03,-1.200854778289794922e-02
-6.460547447204589844e-04,-4.913996905088424683e-03,-1.172184944152832031e-02
-5.762279033660888672e-04,-4.907298833131790161e-03,-1.151666045188903809e-02
-4.804171621799468994e-04,-4.819992929697036743e-03,-1.143100857734680176e-02
-3.237463533878326416e-04,-4.740998148918151855e-03,-1.147207617759704590e-02
-1.742616295814514160e-04,-4.683237522840499878e-03,-1.148644089698791504e-02
-1.385919749736785889e-04,-4.608508199453353882e-03,-1.147133111953735352e-02
-1.383870840072631836e-04,-4.545699805021286011e-03,-1.138794422149658203e-02
-1.170001924037933350e-04,-4.598699510097503662e-03,-1.132491230964660645e-02
-4.949048161506652832e-05,-4.687793552875518799e-03,-1.125028729438781738e-02
-2.000853419303894043e-05,-4.694577306509017944e-03,-1.131990551948547363e-02
3.934279084205627441e-05,-4.643753170967102051e-03,-1.147463917732238770e-02
1.366809010505676270e-04,-4.514146596193313599e-03,-1.168662309646606445e-02
2.925843000411987305e-04,-4.436720162630081177e-03,-1.195353269577026367e-02
4.709772765636444092e-04,-4.370838403701782227e-03,-1.220789551734924316e-02
6.898231804370880127e-04,-4.371453076601028442e-03,-1.255071163177490234e-02
8.021332323551177979e-04,-4.383493214845657349e-03,-1.279291510581970215e-02
8.424967527389526367e-04,-4.380859434604644775e-03,-1.294127106666564941e-02
7.669664919376373291e-04,-4.432547837495803833e-03,-1.292121410369873047e-02
5.740895867347717285e-04,-4.508603364229202271e-03,-1.282271742820739746e-02
3.391131758689880371e-04,-4.607073962688446045e-03,-1.262104511260986328e-02
1.112632453441619873e-04,-4.702728241682052612e-03,-1.232978701591491699e-02
-9.238719940185546875e-05,-4.732921719551086426e-03,-1.206132769584655762e-02
-2.110749483108520508e-04,-4.731860011816024780e-03,-1.187115907669067383e-02
-2.764202654361724854e-04,-4.706338047981262207e-03,-1.169204711914062500e-02
-2.253949642181396484e-04,-4.661045968532562256e-03,-1.162472367286682129e-02
-2.545490860939025879e-05,-4.534691572189331055e-03,-1.173523068428039551e-02
2.399533987045288086e-04,-4.458371549844741821e-03,-1.193821430206298828e-02
5.612336099147796631e-04,-4.472956061363220215e-03,-1.224136352539062500e-02
8.749850094318389893e-04,-4.570927470922470093e-03,-1.253682374954223633e-02
1.163277775049209595e-03,-4.675537347793579102e-03,-1.281720399856567383e-02
1.408245414495468140e-03,-4.780646413564682007e-03,-1.308611035346984863e-02
1.560058444738388062e-03,-4.849024116992950439e-03,-1.327589154243469238e-02
1.662641763687133789e-03,-4.824914038181304932e-03,-1.341405510902404785e-02
1.695767045021057129e-03,-4.757825285196304321e-03,-1.345548033714294434e-02
1.685351133346557617e-03,-4.599645733833312988e-03,-1.337537169456481934e-02
1.662656664848327637e-03,-4.500258713960647583e-03,-1.321238279342651367e-02
1.619700342416763306e-03,-4.466317594051361084e-03,-1.310980319976806641e-02
1.516878604888916016e-03,-4.529345780611038208e-03,-1.294004917144775391e-02
1.451376825571060181e-03,-5.014628171920776367e-03,-1.292747259140014648e-02
1.411296427249908447e-03,-5.459114909172058105e-03,-1.294401288032531738e-02
1.409310847520828247e-03,-5.802806466817855835e-03,-1.299333572387695312e-02
1.432165503501892090e-03,-6.004046648740768433e-03,-1.307040452957153320e-02
1.419357955455780029e-03,-6.147444248199462891e-03,-1.316329836845397949e-02
1.383792608976364136e-03,-6.250731647014617920e-03,-1.325291395187377930e-02
1.316916197538375854e-03,-6.292298436164855957e-03,-1.331070065498352051e-02
1.209441572427749634e-03,-6.374444812536239624e-03,-1.331242918968200684e-02
1.129850745201110840e-03,-6.487201899290084839e-03,-1.335501670837402344e-02
1.048013567924499512e-03,-6.590943783521652222e-03,-1.323503255844116211e-02
8.213669061660766602e-04,-6.635520607233047485e-03,-1.300328969955444336e-02
6.259791553020477295e-04,-6.649218499660491943e-03,-1.272070407867431641e-02
4.336684942245483398e-04,-6.612256169319152832e-03,-1.238843798637390137e-02
3.174096345901489258e-04,-6.502725183963775635e-03,-1.208731532096862793e-02
3.044791519641876221e-04,-6.389427930116653442e-03,-1.185435056686401367e-02
3.619603812694549561e-04,-6.279047578573226929e-03,-1.163026690483093262e-02
4.383362829685211182e-04,-6.138917058706283569e-03,-1.145744323730468750e-02
5.822367966175079346e-04,-5.979079753160476685e-03,-1.137608289718627930e-02
7.666386663913726807e-04,-5.817715078592300415e-03,-1.135092973709106445e-02
9.344816207885742188e-04,-5.646206438541412354e-03,-1.129364967346191406e-02
1.053094863891601562e-03,-5.545243620872497559e-03,-1.127362251281738281e-02
1.211967319250106812e-03,-5.467981100082397461e-03,-1.135611534118652344e-02
1.351974904537200928e-03,-5.438320338726043701e-03,-1.152604818344116211e-02
1.445773988962173462e-03,-5.515463650226593018e-03,-1.165929436683654785e-02
1.563813537359237671e-03,-5.646891891956329346e-03,-1.184487342834472656e-02
1.720223575830459595e-03,-5.791462957859039307e-03,-1.209488511085510254e-02
1.913938671350479126e-03,-5.958449095487594604e-03,-1.241222023963928223e-02
2.096999436616897583e-03,-6.115376949310302734e-03,-1.269620656967163086e-02
2.311844378709793091e-03,-6.290793418884277344e-03,-1.299786567687988281e-02
2.504631876945495605e-03,-6.420332938432693481e-03,-1.327046751976013184e-02
2.685274928808212280e-03,-6.556853652000427246e-03,-1.346811652183532715e-02
2.815805375576019287e-03,-6.636250764131546021e-03,-1.355573534965515137e-02
2.978034317493438721e-03,-6.702996790409088135e-03,-1.367750763893127441e-02
3.146924078464508057e-03,-6.745703518390655518e-03,-1.386287808418273926e-02
3.386992961168289185e-03,-6.783101707696914673e-03,-1.416060328483581543e-02
3.700148314237594604e-03,-6.702516227960586548e-03,-1.457011699676513672e-02
4.052270203828811646e-03,-6.631832569837570190e-03,-1.502871513366699219e-02
4.389561712741851807e-03,-6.520748138427734375e-03,-1.544946432113647461e-02
4.693970084190368652e-03,-6.441887468099594116e-03,-1.588296890258789062e-02
4.994187504053115845e-03,-6.480962038040161133e-03,-1.629191637039184570e-02
5.219183862209320068e-03,-6.584070622920989990e-03,-1.666444540023803711e-02
5.371484905481338501e-03,-6.746333092451095581e-03,-1.696985960006713867e-02
5.451068282127380371e-03,-6.956994533538818359e-03,-1.721653342247009277e-02
5.469284951686859131e-03,-7.195014506578445435e-03,-1.732569932937622070e-02
5.399797111749649048e-03,-7.436022162437438965e-03,-1.736721396446228027e-02
5.283493548631668091e-03,-7.611345499753952026e-03,-1.733919978141784668e-02
5.070473998785018921e-03,-7.790651172399520874e-03,-1.724490523338317871e-02
4.774156957864761353e-03,-7.920745760202407837e-03,-1.710689067840576172e-02
4.446439445018768311e-03,-8.049178868532180786e-03,-1.693120598793029785e-02
4.059243947267532349e-03,-8.211363106966018677e-03,-1.669019460678100586e-02
3.676086664199829102e-03,-8.348170667886734009e-03,-1.636344194412231445e-02
3.354780375957489014e-03,-8.506078273057937622e-03,-1.602604985237121582e-02
3.043763339519500732e-03,-8.658356964588165283e-03,-1.572805643081665039e-02
2.745114266872406006e-03,-8.818391710519790649e-03,-1.551732420921325684e-02
2.492215484380722046e-03,-8.940331637859344482e-03,-1.531335711479187012e-02
2.288896590471267700e-03,-9.034186601638793945e-03,-1.518243551254272461e-02
2.137955278158187866e-03,-9.138014167547225952e-03,-1.512873172760009766e-02
2.118416130542755127e-03,-9.206488728523254395e-03,-1.515614986419677734e-02
2.103574573993682861e-03,-9.170316159725189209e-03,-1.519313454627990723e-02
2.150684595108032227e-03,-9.097881615161895752e-03,-1.523354649543762207e-02
2.173829823732376099e-03,-8.971542119979858398e-03,-1.521706581115722656e-02
2.216376364231109619e-03,-8.676704019308090210e-03,-1.514244079589843750e-02
2.219609916210174561e-03,-8.386973291635513306e-03,-1.503363251686096191e-02
2.179693430662155151e-03,-8.181203156709671021e-03,-1.493811607360839844e-02
2.118065953254699707e-03,-8.043065667152404785e-03,-1.482230424880981445e-02
2.114415168762207031e-03,-7.955320179462432861e-03,-1.477193832397460938e-02
2.065982669591903687e-03,-7.967695593833923340e-03,-1.472881436347961426e-02
2.012081444263458252e-03,-8.029386401176452637e-03,-1.468276977539062500e-02
1.969579607248306274e-03,-8.138164877891540527e-03,-1.454696059226989746e-02
1.933027058839797974e-03,-8.196838200092315674e-03,-1.438999176025390625e-02
1.919243484735488892e-03,-8.241355419158935547e-03,-1.424586772918701172e-02
1.943863928318023682e-03,-8.167065680027008057e-03,-1.415136456489562988e-02
1.971211284399032593e-03,-8.005380630493164062e-03,-1.402500271797180176e-02
2.014562487602233887e-03,-7.816065102815628052e-03,-1.388815045356750488e-02
2.070359885692596436e-03,-7.602132856845855713e-03,-1.379406452178955078e-02
2.088759094476699829e-03,-7.413670420646667480e-03,-1.367577910423278809e-02
2.090264111757278442e-03,-7.236182689666748047e-03,-1.352921128273010254e-02
2.077296376228332520e-03,-7.125437259674072266e-03,-1.334190368652343750e-02
2.038728445768356323e-03,-7.084641605615615845e-03,-1.315712928771972656e-02
1.954685896635055542e-03,-7.045727223157882690e-03,-1.299640536308288574e-02
1.925926655530929565e-03,-7.074594497680664062e-03,-1.283156871795654297e-02
1.893587410449981689e-03,-7.209882140159606934e-03,-1.263284683227539062e-02
1.899987459182739258e-03,-7.436215877532958984e-03,-1.253136992454528809e-02
1.922171562910079956e-03,-7.643856108188629150e-03,-1.241031289100646973e-02
1.972056925296783447e-03,-7.783144712448120117e-03,-1.232790946960449219e-02
2.070251852273941040e-03,-7.871326059103012085e-03,-1.224571466445922852e-02
2.182051539421081543e-03,-7.881447672843933105e-03,-1.215830445289611816e-02
2.259977161884307861e-03,-7.847331464290618896e-03,-1.206851005554199219e-02
2.360340207815170288e-03,-7.700551301240921021e-03,-1.197743415832519531e-02
2.439502626657485962e-03,-7.475949823856353760e-03,-1.185089349746704102e-02
2.531621605157852173e-03,-7.233180105686187744e-03,-1.172655820846557617e-02
2.630189061164855957e-03,-6.916075944900512695e-03,-1.167297363281250000e-02
2.758879214525222778e-03,-6.593108177185058594e-03,-1.165273785591125488e-02
2.883214503526687622e-03,-6.307851523160934448e-03,-1.170557737350463867e-02
2.913482487201690674e-03,-6.090357899665832520e-03,-1.169130206108093262e-02
2.927601337432861328e-03,-5.928024649620056152e-03,-1.169392466545104980e-02
2.913761883974075317e-03,-5.816597491502761841e-03,-1.170808076858520508e-02
2.890832722187042236e-03,-5.966536700725555420e-03,-1.161229610443115234e-02
2.835337072610855103e-03,-6.152708083391189575e-03,-1.155993342399597168e-02
2.754844725131988525e-03,-6.331801414489746094e-03,-1.161307096481323242e-02
2.636983990669250488e-03,-6.526317447423934937e-03,-1.171001791954040527e-02
2.543512731790542603e-03,-6.847664713859558105e-03,-1.173242926597595215e-02
2.471428364515304565e-03,-7.147710770368576050e-03,-1.180773973464965820e-02
2.445835620164871216e-03,-7.459435611963272095e-03,-1.193743944168090820e-02
2.412520349025726318e-03,-7.689043879508972168e-03,-1.204571127891540527e-02
2.386633306741714478e-03,-7.817603647708892822e-03,-1.215195655822753906e-02
2.424255013465881348e-03,-7.849130779504776001e-03,-1.225727796554565430e-02
2.493925392627716064e-03,-7.763173431158065796e-03,-1.233300566673278809e-02
2.533700317144393921e-03,-7.653523236513137817e-03,-1.241227984428405762e-02
2.570800483226776123e-03,-7.510632276535034180e-03,-1.246550679206848145e-02
2.544086426496505737e-03,-7.376912981271743774e-03,-1.250371336936950684e-02
2.480737864971160889e-03,-7.261700928211212158e-03,-1.250711083412170410e-02
2.408884465694427490e-03,-7.186673581600189209e-03,-1.257741451263427734e-02
2.359043806791305542e-03,-7.165938615798950195e-03,-1.263037323951721191e-02
2.241089940071105957e-03,-7.288634777069091797e-03,-1.269778609275817871e-02
2.122227102518081665e-03,-7.435034960508346558e-03,-1.271891593933105469e-02
1.974061131477355957e-03,-7.600504904985427856e-03,-1.273152232170104980e-02
1.810956746339797974e-03,-7.776446640491485596e-03,-1.272901892662048340e-02
1.653097569942474365e-03,-7.924564182758331299e-03,-1.271063089370727539e-02
1.467950642108917236e-03,-8.068308234214782715e-03,-1.269677281379699707e-02
1.312430948019027710e-03,-8.144889026880264282e-03,-1.268151402473449707e-02
1.256022602319717407e-03,-8.133590221405029297e-03,-1.263657212257385254e-02
1.207627356052398682e-03,-8.023384958505630493e-03,-1.255983114242553711e-02
1.202065497636795044e-03,-7.849171757698059082e-03,-1.251402497291564941e-02
1.186970621347427368e-03,-7.690120488405227661e-03,-1.245957612991333008e-02
1.131452620029449463e-03,-7.555156946182250977e-03,-1.226300001144409180e-02
1.140244305133819580e-03,-7.454551756381988525e-03,-1.214271783828735352e-02
1.168739050626754761e-03,-7.368564605712890625e-03,-1.200824975967407227e-02
1.224905252456665039e-03,-7.301412522792816162e-03,-1.188895106315612793e-02
1.314722001552581787e-03,-7.240440696477890015e-03,-1.186513900756835938e-02
1.423783600330352783e-03,-7.186632603406906128e-03,-1.184818148612976074e-02
1.514047384262084961e-03,-7.144212722778320312e-03,-1.184859871864318848e-02
1.596283167600631714e-03,-7.132753729820251465e-03,-1.185122132301330566e-02
1.680154353380203247e-03,-7.125396281480789185e-03,-1.192328333854675293e-02
1.925442367792129517e-03,-7.010247558355331421e-03,-1.200968027114868164e-02
2.145558595657348633e-03,-6.837371736764907837e-03,-1.209285855293273926e-02
2.380937337875366211e-03,-6.634835153818130493e-03,-1.212930679321289062e-02
2.514265477657318115e-03,-6.420336663722991943e-03,-1.207655668258666992e-02
2.493031322956085205e-03,-6.260495632886886597e-03,-1.198461651802062988e-02
2.443067729473114014e-03,-6.151400506496429443e-03,-1.190266013145446777e-02
2.327524125576019287e-03,-6.077878177165985107e-03,-1.179069280624389648e-02
2.233296632766723633e-03,-6.170310080051422119e-03,-1.175194978713989258e-02
2.142410725355148315e-03,-6.239272654056549072e-03,-1.168462634086608887e-02
2.095192670822143555e-03,-6.234738975763320923e-03,-1.153615117073059082e-02
2.103585749864578247e-03,-6.153006106615066528e-03,-1.147323846817016602e-02
2.174336463212966919e-03,-6.001409143209457397e-03,-1.147481799125671387e-02
2.323601394891738892e-03,-5.844078958034515381e-03,-1.154848933219909668e-02
2.539068460464477539e-03,-5.717251449823379517e-03,-1.172670722007751465e-02
2.799518406391143799e-03,-5.538523197174072266e-03,-1.191899180412292480e-02
3.081005066633224487e-03,-5.411665886640548706e-03,-1.215440034866333008e-02
3.315847367048263550e-03,-5.281336605548858643e-03,-1.234784722328186035e-02
3.532435745000839233e-03,-5.195748060941696167e-03,-1.249024271965026855e-02
3.726746886968612671e-03,-5.169801414012908936e-03,-1.266056299209594727e-02
3.859423100948333740e-03,-5.180813372135162354e-03,-1.278087496757507324e-02
3.908861428499221802e-03,-5.224984139204025269e-03,-1.285204291343688965e-02
3.848608583211898804e-03,-5.322340875864028931e-03,-1.283326745033264160e-02
3.634098917245864868e-03,-5.406141281127929688e-03,-1.274612545967102051e-02
3.390502184629440308e-03,-5.487877875566482544e-03,-1.259204745292663574e-02
3.154277801513671875e-03,-5.532264709472656250e-03,-1.240620017051696777e-02
2.949208021163940430e-03,-5.565810948610305786e-03,-1.223465800285339355e-02
2.755224704742431641e-03,-5.604781210422515869e-03,-1.208028197288513184e-02
2.533484250307083130e-03,-5.630630999803543091e-03,-1.190763711929321289e-02
2.297747880220413208e-03,-5.625423043966293335e-03,-1.169466972351074219e-02
2.099849283695220947e-03,-5.570501089096069336e-03,-1.148808002471923828e-02
1.918919384479522705e-03,-5.501940846443176270e-03,-1.131433248519897461e-02
1.713600009679794312e-03,-5.377836525440216064e-03,-1.108571887016296387e-02
1.475457102060317993e-03,-5.307473242282867432e-03,-1.088717579841613770e-02
1.229390501976013184e-03,-5.285523831844329834e-03,-1.074853539466857910e-02
1.020099967718124390e-03,-5.218546837568283081e-03,-1.067513227462768555e-02
8.396953344345092773e-04,-5.164884030818939209e-03,-1.063397526741027832e-02
6.856732070446014404e-04,-5.151458084583282471e-03,-1.060470938682556152e-02
5.153268575668334961e-04,-5.147062242031097412e-03,-1.060619950294494629e-02
3.064200282096862793e-04,-5.186744034290313721e-03,-1.055848598480224609e-02
8.793175220489501953e-05,-5.254220217466354370e-03,-1.051819324493408203e-02
-1.238510012626647949e-04,-5.313228815793991089e-03,-1.043406128883361816e-02
-3.213770687580108643e-04,-5.330365151166915894e-03,-1.034748554229736328e-02
-5.028210580348968506e-04,-5.327884107828140259e-03,-1.015579700469970703e-02
-6.451010704040527344e-04,-5.299869924783706665e-03,-9.969949722290039062e-03
-8.151456713676452637e-04,-5.326718091964721680e-03,-9.760051965713500977e-03
-9.835287928581237793e-04,-5.357749760150909424e-03,-9.554654359817504883e-03
-1.095067709684371948e-03,-5.388785153627395630e-03,-9.386509656906127930e-03
-1.163542270660400391e-03,-5.378678441047668457e-03,-9.265154600143432617e-03
-1.073434948921203613e-03,-5.392502993345260620e-03,-9.259194135665893555e-03
-8.943341672420501709e-04,-5.395185202360153198e-03,-9.306997060775756836e-03
-6.623528897762298584e-04,-5.451049655675888062e-03,-9.435713291168212891e-03
-2.900101244449615479e-04,-5.537919700145721436e-03,-9.570538997650146484e-03
8.786469697952270508e-05,-5.631636828184127808e-03,-9.695470333099365234e-03
4.310905933380126953e-04,-5.758270621299743652e-03,-9.819090366363525391e-03
7.121898233890533447e-04,-5.852233618497848511e-03,-9.870350360870361328e-03
9.024664759635925293e-04,-5.905438214540481567e-03,-9.836167097091674805e-03
1.064315438270568848e-03,-5.919590592384338379e-03,-9.855836629867553711e-03
1.222878694534301758e-03,-5.875773727893829346e-03,-9.685069322586059570e-03
1.342628151178359985e-03,-5.838844925165176392e-03,-9.502530097961425781e-03
1.313384622335433960e-03,-5.768757313489913940e-03,-9.197294712066650391e-03
1.296237111091613770e-03,-5.690794438123703003e-03,-8.954733610153198242e-03
1.263868063688278198e-03,-5.615867674350738525e-03,-8.711695671081542969e-03
1.211486756801605225e-03,-5.581591278314590454e-03,-8.534103631973266602e-03
1.165669411420822144e-03,-5.559954792261123657e-03,-8.435696363449096680e-03
1.200780272483825684e-03,-5.562156438827514648e-03,-8.418381214141845703e-03
1.357033848762512207e-03,-5.625016987323760986e-03,-8.475065231323242188e-03
1.522019505500793457e-03,-5.710877478122711182e-03,-8.595407009124755859e-03
1.678332686424255371e-03,-5.751091986894607544e-03,-8.716642856597900391e-03
1.842804253101348877e-03,-5.741216242313385010e-03,-8.838832378387451172e-03
1.961074769496917725e-03,-5.734618753194808960e-03,-8.943170309066772461e-03
2.030499279499053955e-03,-5.743879824876785278e-03,-8.969724178314208984e-03
2.007465809583663940e-03,-5.778521299362182617e-03,-8.998990058898925781e-03
1.973621547222137451e-03,-5.805529654026031494e-03,-8.999168872833251953e-03
1.892689615488052368e-03,-5.829680711030960083e-03,-8.951574563980102539e-03
1.763880252838134766e-03,-5.843557417392730713e-03,-8.932292461395263672e-03
1.595593988895416260e-03,-5.794096738100051880e-03,-8.854776620864868164e-03
1.400403678417205811e-03,-5.720920860767364502e-03,-8.725583553314208984e-03
1.170184463262557983e-03,-5.666129291057586670e-03,-8.576303720474243164e-03
9.732879698276519775e-04,-5.630537867546081543e-03,-8.474469184875488281e-03
8.476376533508300781e-04,-5.669441074132919312e-03,-8.442699909210205078e-03
7.571019232273101807e-04,-5.703613162040710449e-03,-8.457213640213012695e-03
6.350129842758178711e-04,-5.761176347732543945e-03,-8.549213409423828125e-03
4.678517580032348633e-04,-5.758617073297500610e-03,-8.540958166122436523e-03
3.698766231536865234e-04,-5.756027996540069580e-03,-8.590251207351684570e-03
2.572275698184967041e-04,-5.751557648181915283e-03,-8.607923984527587891e-03
1.330226659774780273e-04,-5.742359906435012817e-03,-8.601844310760498047e-03
3.388151526451110840e-05,-5.707565695047378540e-03,-8.604109287261962891e-03
4.058703780174255371e-05,-5.695462226867675781e-03,-8.645087480545043945e-03
4.789233207702636719e-05,-5.669809877872467041e-03,-8.678287267684936523e-03
1.625269651412963867e-04,-5.640830844640731812e-03,-8.742988109588623047e-03
3.006309270858764648e-04,-5.596205592155456543e-03,-8.828461170196533203e-03
4.342272877693176270e-04,-5.525078624486923218e-03,-8.904188871383666992e-03
5.348846316337585449e-04,-5.361899733543395996e-03,-8.977025747299194336e-03
6.272420287132263184e-04,-5.182038992643356323e-03,-8.989721536636352539e-03
6.442219018936157227e-04,-4.993837326765060425e-03,-8.927673101425170898e-03
6.349459290504455566e-04,-4.824303090572357178e-03,-8.898049592971801758e-03
6.518326699733734131e-04,-4.679825156927108765e-03,-8.910596370697021484e-03
6.754174828529357910e-04,-4.555828869342803955e-03,-8.917719125747680664e-03
7.205009460449218750e-04,-4.453811794519424438e-03,-8.946567773818969727e-03
7.663518190383911133e-04,-4.358917474746704102e-03,-9.012848138809204102e-03
7.696375250816345215e-04,-4.288256168365478516e-03,-9.098708629608154297e-03
8.042268455028533936e-04,-4.240628331899642944e-03,-9.204834699630737305e-03
7.905103266239166260e-04,-4.242222756147384644e-03,-9.309887886047363281e-03
7.218867540359497070e-04,-4.279173910617828369e-03,-9.406238794326782227e-03
6.499029695987701416e-04,-4.324927926063537598e-03,-9.482771158218383789e-03
4.858858883380889893e-04,-4.345502704381942749e-03,-9.531617164611816406e-03
3.081783652305603027e-04,-4.318803548812866211e-03,-9.513109922409057617e-03
1.504346728324890137e-04,-4.274237900972366333e-03,-9.545922279357910156e-03
7.182359695434570312e-06,-4.220403730869293213e-03,-9.620815515518188477e-03
-6.551295518875122070e-05,-4.192318767309188843e-03,-9.689807891845703125e-03
-1.039206981658935547e-04,-4.191394895315170288e-03,-9.756594896316528320e-03
-1.129470765590667725e-04,-4.136618226766586304e-03,-9.823024272918701172e-03
-7.348507642745971680e-05,-4.056762903928756714e-03,-9.898304939270019531e-03
1.151114702224731445e-05,-4.014104604721069336e-03,-9.961605072021484375e-03
1.777447760105133057e-04,-3.978073596954345703e-03,-1.010498404502868652e-02
3.999508917331695557e-04,-3.953371196985244751e-03,-1.027595996856689453e-02
5.997754633426666260e-04,-3.924943506717681885e-03,-1.048740744590759277e-02
7.934644818305969238e-04,-3.853440284729003906e-03,-1.069599390029907227e-02
9.183101356029510498e-04,-3.800466656684875488e-03,-1.093560457229614258e-02
1.065928488969802856e-03,-3.763291984796524048e-03,-1.115050911903381348e-02
1.184005290269851685e-03,-3.689613193273544312e-03,-1.139393448829650879e-02
1.270212233066558838e-03,-3.618512302637100220e-03,-1.159748435020446777e-02
1.243043690919876099e-03,-3.560077399015426636e-03,-1.171410083770751953e-02
1.180615276098251343e-03,-3.472179174423217773e-03,-1.175832748413085938e-02
1.092266291379928589e-03,-3.399282693862915039e-03,-1.178610324859619141e-02
9.844079613685607910e-04,-3.361605107784271240e-03,-1.180604100227355957e-02
8.090734481811523438e-04,-3.377262502908706665e-03,-1.177677512168884277e-02
6.172470748424530029e-04,-3.447610884904861450e-03,-1.173156499862670898e-02
4.397109150886535645e-04,-3.525454550981521606e-03,-1.166391372680664062e-02
2.983547747135162354e-04,-3.628384321928024292e-03,-1.162984967231750488e-02
2.027302980422973633e-04,-3.715585917234420776e-03,-1.162487268447875977e-02
1.216270029544830322e-04,-3.768730908632278442e-03,-1.160401105880737305e-02
4.566088318824768066e-05,-3.822881728410720825e-03,-1.156425476074218750e-02
-2.051889896392822266e-05,-3.875371068716049194e-03,-1.153162121772766113e-02
-1.241415739059448242e-04,-3.914941102266311646e-03,-1.151141524314880371e-02
-2.198368310928344727e-04,-3.942333161830902100e-03,-1.147401332855224609e-02
-3.343075513839721680e-04,-3.949750214815139771e-03,-1.136121153831481934e-02
-4.761777818202972412e-04,-3.989476710557937622e-03,-1.124325394630432129e-02
-6.256699562072753906e-04,-4.050552845001220703e-03,-1.112323999404907227e-02
-7.905364036560058594e-04,-4.205141216516494751e-03,-1.098775863647460938e-02
-9.261108934879302979e-04,-4.375919699668884277e-03,-1.086947321891784668e-02
-1.100577414035797119e-03,-4.530526697635650635e-03,-1.072314381599426270e-02
-1.267235726118087769e-03,-4.680279642343521118e-03,-1.057890057563781738e-02
-1.336835324764251709e-03,-4.820410162210464478e-03,-1.049187779426574707e-02
-1.362197101116180420e-03,-4.926510155200958252e-03,-1.044693589210510254e-02
-1.346815377473831177e-03,-5.004581063985824585e-03,-1.038545370101928711e-02
-1.264825463294982910e-03,-5.064994096755981445e-03,-1.035997271537780762e-02
-1.137267798185348511e-03,-5.098633468151092529e-03,-1.036739349365234375e-02
-9.720288217067718506e-04,-5.158510059118270874e-03,-1.040378212928771973e-02
-7.857307791709899902e-04,-5.241058766841888428e-03,-1.045876741409301758e-02
-6.449557840824127197e-04,-5.322165787220001221e-03,-1.051574945449829102e-02
-5.452409386634826660e-04,-5.411412566900253296e-03,-1.054203510284423828e-02
-4.373341798782348633e-04,-5.449909716844558716e-03,-1.053079962730407715e-02
-3.752522170543670654e-04,-5.533702671527862549e-03,-1.046225428581237793e-02
-3.407672047615051270e-04,-5.620691925287246704e-03,-1.033669710159301758e-02
-3.187954425811767578e-04,-5.675196647644042969e-03,-1.022440195083618164e-02
-2.846643328666687012e-04,-5.690101534128189087e-03,-1.009768247604370117e-02
-2.164579927921295166e-04,-5.706373602151870728e-03,-9.950190782546997070e-03
-1.254938542842864990e-04,-5.695477128028869629e-03,-9.805887937545776367e-03
-1.159682869911193848e-05,-5.663726478815078735e-03,-9.720206260681152344e-03
1.031495630741119385e-04,-5.600269883871078491e-03,-9.639292955398559570e-03
2.588517963886260986e-04,-5.486886948347091675e-03,-9.559184312820434570e-03
4.318132996559143066e-04,-5.380701273679733276e-03,-9.318172931671142578e-03
6.470382213592529297e-04,-5.303561687469482422e-03,-9.189218282699584961e-03
8.513703942298889160e-04,-5.281001329421997070e-03,-9.145915508270263672e-03
1.091897487640380859e-03,-5.299892276525497437e-03,-9.155958890914916992e-03
1.323699951171875000e-03,-5.335405468940734863e-03,-9.190440177917480469e-03
1.511182636022567749e-03,-5.432318896055221558e-03,-9.285479784011840820e-03
1.681271940469741821e-03,-5.569521337747573853e-03,-9.393364191055297852e-03
1.867447048425674438e-03,-5.692254751920700073e-03,-9.503424167633056641e-03
2.012282609939575195e-03,-5.776669830083847046e-03,-9.539037942886352539e-03
2.116169780492782593e-03,-5.846504122018814087e-03,-9.534388780593872070e-03
2.139739692211151123e-03,-5.885049700736999512e-03,-9.447425603866577148e-03
2.116430550813674927e-03,-5.938000977039337158e-03,-9.331464767456054688e-03
2.063844352960586548e-03,-5.980215966701507568e-03,-9.167134761810302734e-03
1.949515193700790405e-03,-5.948625504970550537e-03,-8.940398693084716797e-03
1.828022301197052002e-03,-5.895491689443588257e-03,-8.689612150192260742e-03
1.723036170005798340e-03,-5.853403359651565552e-03,-8.406192064285278320e-03
1.623913645744323730e-03,-5.838047713041305542e-03,-8.120775222778320312e-03
1.479957252740859985e-03,-5.803119391202926636e-03,-7.882654666900634766e-03
1.347266137599945068e-03,-5.816303193569183350e-03,-7.712543010711669922e-03
1.284189522266387939e-03,-5.837261676788330078e-03,-7.660597562789916992e-03
1.259654760360717773e-03,-5.898922681808471680e-03,-7.707566022872924805e-03
1.254957169294357300e-03,-6.014619022607803345e-03,-7.792264223098754883e-03
1.226019114255905151e-03,-6.154853850603103638e-03,-7.877886295318603516e-03
1.213736832141876221e-03,-6.253156810998916626e-03,-8.005797863006591797e-03
1.162145286798477173e-03,-6.335251033306121826e-03,-8.092761039733886719e-03
1.058828085660934448e-03,-6.418060511350631714e-03,-8.188992738723754883e-03
9.506531059741973877e-04,-6.528951227664947510e-03,-8.263826370239257812e-03
8.190497756004333496e-04,-6.633769720792770386e-03,-8.277088403701782227e-03
6.724372506141662598e-04,-6.690759211778640747e-03,-8.280992507934570312e-03
5.463659763336181641e-04,-6.704084575176239014e-03,-8.207172155380249023e-03
3.829076886177062988e-04,-6.656851619482040405e-03,-8.103460073471069336e-03
1.755766570568084717e-04,-6.565779447555541992e-03,-7.978826761245727539e-03
-4.812330007553100586e-05,-6.483796983957290649e-03,-7.849186658859252930e-03
-2.174675464630126953e-04,-6.432399153709411621e-03,-7.726699113845825195e-03
-3.881826996803283691e-04,-6.408978253602981567e-03,-7.604330778121948242e-03
-5.501918494701385498e-04,-6.448168307542800903e-03,-7.520169019699096680e-03
-6.512738764286041260e-04,-6.502602249383926392e-03,-7.465243339538574219e-03
-6.817206740379333496e-04,-6.562251597642898560e-03,-7.462471723556518555e-03
-6.516985595226287842e-04,-6.602384150028228760e-03,-7.487744092941284180e-03
-5.605816841125488281e-04,-6.632544100284576416e-03,-7.563114166259765625e-03
-3.694482147693634033e-04,-6.646811962127685547e-03,-7.653623819351196289e-03
-1.601353287696838379e-04,-6.575468927621841431e-03,-7.712602615356445312e-03
1.271776854991912842e-04,-6.502170115709304810e-03,-7.859528064727783203e-03
4.444830119609832764e-04,-6.449591368436813354e-03,-8.000105619430541992e-03
7.762983441352844238e-04,-6.386987864971160889e-03,-8.151382207870483398e-03
1.121565699577331543e-03,-6.316032260656356812e-03,-8.321225643157958984e-03
1.424130052328109741e-03,-6.241448223590850830e-03,-8.484095335006713867e-03
1.681119203567504883e-03,-6.194151937961578369e-03,-8.663266897201538086e-03
1.890253275632858276e-03,-6.187587976455688477e-03,-8.849561214447021484e-03
2.029288560152053833e-03,-6.178174167871475220e-03,-9.037315845489501953e-03
2.081234008073806763e-03,-6.238594651222229004e-03,-9.186327457427978516e-03
2.121277153491973877e-03,-6.291955709457397461e-03,-9.338766336441040039e-03
2.154827117919921875e-03,-6.325859576463699341e-03,-9.504050016403198242e-03
2.194292843341827393e-03,-6.333757191896438599e-03,-9.697318077087402344e-03
2.219501882791519165e-03,-6.434503942728042603e-03,-9.820580482482910156e-03
2.257745712995529175e-03,-6.563354283571243286e-03,-9.940415620803833008e-03
2.309862524271011353e-03,-6.678011268377304077e-03,-1.009738445281982422e-02
2.342101186513900757e-03,-6.806530058383941650e-03,-1.026332378387451172e-02
2.368234097957611084e-03,-6.902586668729782104e-03,-1.036402583122253418e-02
2.348668873310089111e-03,-6.992515176534652710e-03,-1.048365235328674316e-02
2.321820706129074097e-03,-7.072694599628448486e-03,-1.058751344680786133e-02
2.335648983716964722e-03,-7.088769227266311646e-03,-1.070064306259155273e-02
2.349611371755599976e-03,-7.073532789945602417e-03,-1.080611348152160645e-02
2.343259751796722412e-03,-7.024340331554412842e-03,-1.090839505195617676e-02
2.328258007764816284e-03,-7.007051259279251099e-03,-1.099002361297607422e-02
2.321705222129821777e-03,-6.969265639781951904e-03,-1.103940606117248535e-02
2.293724566698074341e-03,-6.973035633563995361e-03,-1.109036803245544434e-02
2.275098115205764771e-03,-7.021915167570114136e-03,-1.112413406372070312e-02
2.216953784227371216e-03,-7.088430225849151611e-03,-1.114645600318908691e-02
2.170164138078689575e-03,-7.164780050516128540e-03,-1.119327545166015625e-02
2.132106572389602661e-03,-7.276233285665512085e-03,-1.123771071434020996e-02
2.095915377140045166e-03,-7.395274937152862549e-03,-1.131191849708557129e-02
2.033535391092300415e-03,-7.488083094358444214e-03,-1.135739684104919434e-02
1.970633864402770996e-03,-7.668815553188323975e-03,-1.139310002326965332e-02
1.895099878311157227e-03,-7.823742926120758057e-03,-1.142263412475585938e-02
1.823205500841140747e-03,-7.879082113504409790e-03,-1.138299703598022461e-02
1.763254404067993164e-03,-7.881291210651397705e-03,-1.131954789161682129e-02
1.747310161590576172e-03,-7.849235087633132935e-03,-1.125985383987426758e-02
1.719366759061813354e-03,-7.807735353708267212e-03,-1.118728518486022949e-02
1.651179045438766479e-03,-7.728345692157745361e-03,-1.111054420471191406e-02
1.601316034793853760e-03,-7.633544504642486572e-03,-1.102563738822937012e-02
1.525551080703735352e-03,-7.576432079076766968e-03,-1.092356443405151367e-02
1.415770500898361206e-03,-7.540088146924972534e-03,-1.082685589790344238e-02
1.340825110673904419e-03,-7.527034729719161987e-03,-1.078942418098449707e-02
1.311492174863815308e-03,-7.483333349227905273e-03,-1.080080866813659668e-02
1.283373683691024780e-03,-7.491689175367355347e-03,-1.080068945884704590e-02
1.243695616722106934e-03,-7.541239261627197266e-03,-1.078432798385620117e-02
1.203350722789764404e-03,-7.620561867952346802e-03,-1.075720787048339844e-02
1.172065734863281250e-03,-7.676832377910614014e-03,-1.070314645767211914e-02
1.154270023107528687e-03,-7.730912417173385620e-03,-1.065108180046081543e-02
1.171473413705825806e-03,-7.758624851703643799e-03,-1.060658693313598633e-02
1.205466687679290771e-03,-7.728930562734603882e-03,-1.057958602905273438e-02
1.270372420549392700e-03,-7.691033184528350830e-03,-1.053100824356079102e-02
1.375101506710052490e-03,-7.597297430038452148e-03,-1.053643226623535156e-02
1.482229679822921753e-03,-7.509261369705200195e-03,-1.056325435638427734e-02
1.581143587827682495e-03,-7.421571761369705200e-03,-1.057595014572143555e-02
1.675255596637725830e-03,-7.294479757547378540e-03,-1.054468750953674316e-02
1.792058348655700684e-03,-7.181253284215927124e-03,-1.053085923194885254e-02
1.911666244268417358e-03,-7.049884647130966187e-03,-1.053673028945922852e-02
2.008803188800811768e-03,-6.958667188882827759e-03,-1.052874326705932617e-02
2.045366913080215454e-03,-6.941638886928558350e-03,-1.047632098197937012e-02
2.081073820590972900e-03,-6.996259093284606934e-03,-1.046937704086303711e-02
2.082753926515579224e-03,-7.086545228958129883e-03,-1.045489311218261719e-02
2.061259001493453979e-03,-7.223386317491531372e-03,-1.046401262283325195e-02
2.152036875486373901e-03,-7.401686161756515503e-03,-1.033222675323486328e-02
2.247508615255355835e-03,-7.580343633890151978e-03,-1.024270057678222656e-02
2.344191074371337891e-03,-7.685370743274688721e-03,-1.019212603569030762e-02
2.483736723661422729e-03,-7.755067199468612671e-03,-1.018044352531433105e-02
2.626650035381317139e-03,-7.762633264064788818e-03,-1.013457775115966797e-02
2.798844128847122192e-03,-7.699135690927505493e-03,-1.012286543846130371e-02
3.000278025865554810e-03,-7.597476243972778320e-03,-1.011535525321960449e-02
3.170054405927658081e-03,-7.444571703672409058e-03,-1.013490557670593262e-02
3.328319638967514038e-03,-7.286950945854187012e-03,-1.018917560577392578e-02
3.471117466688156128e-03,-7.124315947294235229e-03,-1.024276018142700195e-02
3.605905920267105103e-03,-6.984826177358627319e-03,-1.030358672142028809e-02
3.731723874807357788e-03,-6.899714469909667969e-03,-1.034507155418395996e-02
3.859821707010269165e-03,-6.855964660644531250e-03,-1.038283109664916992e-02
3.923419862985610962e-03,-6.878588348627090454e-03,-1.042985916137695312e-02
3.960408270359039307e-03,-6.940204650163650513e-03,-1.050335168838500977e-02
3.928720951080322266e-03,-6.987843662500381470e-03,-1.054820418357849121e-02
3.917854279279708862e-03,-7.002741098403930664e-03,-1.062536239624023438e-02
3.854695707559585571e-03,-7.030904293060302734e-03,-1.065903902053833008e-02
3.729991614818572998e-03,-7.089074701070785522e-03,-1.065549254417419434e-02
3.503087908029556274e-03,-7.270917296409606934e-03,-1.054349541664123535e-02
3.234006464481353760e-03,-7.466107606887817383e-03,-1.040485501289367676e-02
3.018364310264587402e-03,-7.639028131961822510e-03,-1.025226712226867676e-02
2.779386937618255615e-03,-7.797993719577789307e-03,-1.010537147521972656e-02
2.537477761507034302e-03,-7.918827235698699951e-03,-9.969055652618408203e-03
2.343427389860153198e-03,-7.946178317070007324e-03,-9.895563125610351562e-03
2.162180840969085693e-03,-7.972978055477142334e-03,-9.702235460281372070e-03
2.087607979774475098e-03,-7.955927401781082153e-03,-9.602427482604980469e-03
2.054121345281600952e-03,-7.931429892778396606e-03,-9.566903114318847656e-03
2.058848738670349121e-03,-7.835190743207931519e-03,-9.558945894241333008e-03
2.091582864522933960e-03,-7.734995335340499878e-03,-9.580582380294799805e-03
1.885760575532913208e-03,-7.909078150987625122e-03,-9.577453136444091797e-03
1.708339899778366089e-03,-8.066218346357345581e-03,-9.617477655410766602e-03
1.540571451187133789e-03,-8.182417601346969604e-03,-9.668439626693725586e-03
1.346804201602935791e-03,-8.263796567916870117e-03,-9.802013635635375977e-03
1.208275556564331055e-03,-8.266977965831756592e-03,-9.982973337173461914e-03
1.123901456594467163e-03,-8.217703551054000854e-03,-1.013365387916564941e-02
1.101568341255187988e-03,-8.121803402900695801e-03,-1.032537221908569336e-02
1.100841909646987915e-03,-8.032355457544326782e-03,-1.051768660545349121e-02
1.141007989645004272e-03,-7.944349199533462524e-03,-1.068565249443054199e-02
1.176893711090087891e-03,-7.877945899963378906e-03,-1.083096861839294434e-02
1.220740377902984619e-03,-7.857762277126312256e-03,-1.093408465385437012e-02
1.199062913656234741e-03,-7.865320891141891479e-03,-1.099112629890441895e-02
1.115668565034866333e-03,-7.866974920034408569e-03,-1.097789406776428223e-02
1.002863049507141113e-03,-7.864214479923248291e-03,-1.094469428062438965e-02
9.059831500053405762e-04,-7.844090461730957031e-03,-1.092985272407531738e-02
8.527487516403198242e-04,-7.823973894119262695e-03,-1.091313362121582031e-02
8.195079863071441650e-04,-7.741898298263549805e-03,-1.087626814842224121e-02
8.468553423881530762e-04,-7.633090019226074219e-03,-1.083695888519287109e-02
8.814334869384765625e-04,-7.538836449384689331e-03,-1.081043481826782227e-02
9.907484054565429688e-04,-7.421676069498062134e-03,-1.086962223052978516e-02
1.143053174018859863e-03,-7.313776761293411255e-03,-1.094192266464233398e-02
1.270614564418792725e-03,-7.206045091152191162e-03,-1.099240779876708984e-02
1.415207982063293457e-03,-7.111635059118270874e-03,-1.106882095336914062e-02
1.513388007879257202e-03,-7.015112787485122681e-03,-1.110666990280151367e-02
1.590337604284286499e-03,-6.905581802129745483e-03,-1.107141375541687012e-02
1.639142632484436035e-03,-6.855975836515426636e-03,-1.107591390609741211e-02
1.682266592979431152e-03,-6.848778575658798218e-03,-1.107600331306457520e-02
1.726035028696060181e-03,-6.860867142677307129e-03,-1.108095049858093262e-02
1.785129308700561523e-03,-6.860457360744476318e-03,-1.112365722656250000e-02
1.839894801378250122e-03,-6.901182234287261963e-03,-1.116916537284851074e-02
1.900985836982727051e-03,-6.954696029424667358e-03,-1.123014092445373535e-02
1.999285072088241577e-03,-7.049083709716796875e-03,-1.136958599090576172e-02
2.138562500476837158e-03,-7.156386971473693848e-03,-1.152431964874267578e-02
2.286862581968307495e-03,-7.235210388898849487e-03,-1.165902614593505859e-02
2.409510314464569092e-03,-7.272303104400634766e-03,-1.178961992263793945e-02
2.522241324186325073e-03,-7.298924028873443604e-03,-1.192030310630798340e-02
2.646889537572860718e-03,-7.290352135896682739e-03,-1.201769709587097168e-02
2.701677381992340088e-03,-7.268387824296951294e-03,-1.206213235855102539e-02
2.708461135625839233e-03,-7.259242236614227295e-03,-1.205718517303466797e-02
2.693366259336471558e-03,-7.195588201284408569e-03,-1.200255751609802246e-02
2.648331224918365479e-03,-7.158402353525161743e-03,-1.190119981765747070e-02
2.585336565971374512e-03,-7.190190255641937256e-03,-1.180535554885864258e-02
2.500735223293304443e-03,-7.222622632980346680e-03,-1.171463727951049805e-02
2.383675426244735718e-03,-7.286928594112396240e-03,-1.161652803421020508e-02
2.258699387311935425e-03,-7.361911237239837646e-03,-1.151636242866516113e-02
2.096965909004211426e-03,-7.465906441211700439e-03,-1.140817999839782715e-02
1.958414912223815918e-03,-7.565412670373916626e-03,-1.130619645118713379e-02
1.847062259912490845e-03,-7.691785693168640137e-03,-1.120889186859130859e-02
1.723062247037887573e-03,-7.871039211750030518e-03,-1.113811135292053223e-02
1.629546284675598145e-03,-8.044570684432983398e-03,-1.109260320663452148e-02
1.576576381921768188e-03,-8.229441940784454346e-03,-1.108324527740478516e-02
1.543324440717697144e-03,-8.381545543670654297e-03,-1.109823584556579590e-02
1.489661633968353271e-03,-8.453920483589172363e-03,-1.111361384391784668e-02
1.459561288356781006e-03,-8.444990962743759155e-03,-1.112148165702819824e-02
1.426238566637039185e-03,-8.418843150138854980e-03,-1.107934117317199707e-02
1.387536525726318359e-03,-8.371565490961074829e-03,-1.113441586494445801e-02
1.460935920476913452e-03,-8.385572582483291626e-03,-1.127368211746215820e-02
1.529842615127563477e-03,-8.367888629436492920e-03,-1.140451431274414062e-02
1.532096415758132935e-03,-8.335150778293609619e-03,-1.148822903633117676e-02
1.494266092777252197e-03,-8.281964808702468872e-03,-1.149475574493408203e-02
1.313887536525726318e-03,-8.253928273916244507e-03,-1.144358515739440918e-02
1.159638166427612305e-03,-8.211392909288406372e-03,-1.137405633926391602e-02
1.059409230947494507e-03,-8.164238184690475464e-03,-1.130038499832153320e-02
9.730868041515350342e-04,-8.131582289934158325e-03,-1.125186681747436523e-02
9.411945939064025879e-04,-8.115284144878387451e-03,-1.123633980751037598e-02
9.662173688411712646e-04,-8.117280900478363037e-03,-1.126298308372497559e-02
1.036237925291061401e-03,-8.121807128190994263e-03,-1.131299138069152832e-02
1.110009849071502686e-03,-8.145857602357864380e-03,-1.138684153556823730e-02
1.202013343572616577e-03,-8.183352649211883545e-03,-1.150059700012207031e-02
1.340765506029129028e-03,-8.233059197664260864e-03,-1.165333390235900879e-02
1.515768468379974365e-03,-8.240696042776107788e-03,-1.184982061386108398e-02
1.731496304273605347e-03,-8.228324353694915771e-03,-1.205223798751831055e-02
1.954440027475357056e-03,-8.187673985958099365e-03,-1.226040720939636230e-02
2.175129950046539307e-03,-8.144143968820571899e-03,-1.244044303894042969e-02
2.380479127168655396e-03,-8.105631917715072632e-03,-1.260733604431152344e-02
2.565406262874603271e-03,-8.059784770011901855e-03,-1.274359226226806641e-02
2.726860344409942627e-03,-7.999006658792495728e-03,-1.281812787055969238e-02
2.843044698238372803e-03,-7.953509688377380371e-03,-1.285955309867858887e-02
2.905279397964477539e-03,-7.896579802036285400e-03,-1.285234093666076660e-02
2.955082803964614868e-03,-7.834337651729583740e-03,-1.283901929855346680e-02
2.951532602310180664e-03,-7.778000086545944214e-03,-1.279878616333007812e-02
2.886660397052764893e-03,-7.732398808002471924e-03,-1.271575689315795898e-02
2.835720777511596680e-03,-7.722157984972000122e-03,-1.264819502830505371e-02
2.760592848062515259e-03,-7.711477577686309814e-03,-1.261994242668151855e-02
2.654515206813812256e-03,-7.764339447021484375e-03,-1.257100701332092285e-02
2.581346780061721802e-03,-7.844533771276473999e-03,-1.256942749023437500e-02
2.562355250120162964e-03,-7.985532283782958984e-03,-1.261186599731445312e-02
2.538654953241348267e-03,-8.110564202070236206e-03,-1.263704895973205566e-02
2.548728138208389282e-03,-8.193045854568481445e-03,-1.266062259674072266e-02
2.596579492092132568e-03,-8.255053311586380005e-03,-1.268267631530761719e-02
2.680867910385131836e-03,-8.289370685815811157e-03,-1.271563768386840820e-02
2.707574516534805298e-03,-8.296102285385131836e-03,-1.267197728157043457e-02
2.753879874944686890e-03,-8.272804319858551025e-03,-1.270115375518798828e-02
2.793971449136734009e-03,-8.241154253482818604e-03,-1.271113753318786621e-02
