4.109513759613037109e-02,4.352331161499023438e-03,-1.495036482810974121e-02
4.109513759613037109e-02,4.352331161499023438e-03,-1.495036482810974121e-02
4.009509086608886719e-02,3.352403640747070312e-03,-1.595035195350646973e-02
3.911626338958740234e-02,2.521753311157226562e-03,-1.600143313407897949e-02
3.835296630859375000e-02,2.836585044860839844e-03,-1.536798477172851562e-02
3.816807270050048828e-02,2.870321273803710938e-03,-1.516319811344146729e-02
3.781783580780029297e-02,3.234267234802246094e-03,-1.499199867248535156e-02
3.751111030578613281e-02,3.491640090942382812e-03,-1.466877758502960205e-02
3.716838359832763672e-02,3.832817077636718750e-03,-1.424746215343475342e-02
3.687977790832519531e-02,4.408240318298339844e-03,-1.394452154636383057e-02
3.639936447143554688e-02,4.993677139282226562e-03,-1.355797052383422852e-02
3.590834140777587891e-02,5.615949630737304688e-03,-1.322066783905029297e-02
3.543174266815185547e-02,5.994081497192382812e-03,-1.304389536380767822e-02
3.494668006896972656e-02,6.455063819885253906e-03,-1.298268139362335205e-02
3.483402729034423828e-02,6.970524787902832031e-03,-1.310908794403076172e-02
3.455042839050292969e-02,7.572412490844726562e-03,-1.330615580081939697e-02
3.427195549011230469e-02,8.286595344543457031e-03,-1.328787207603454590e-02
3.401982784271240234e-02,8.676886558532714844e-03,-1.323722302913665771e-02
3.395271301269531250e-02,8.988738059997558594e-03,-1.317231357097625732e-02
3.376054763793945312e-02,9.225964546203613281e-03,-1.326762139797210693e-02
3.337073326110839844e-02,9.529948234558105469e-03,-1.331800222396850586e-02
3.323245048522949219e-02,9.854197502136230469e-03,-1.311500370502471924e-02
3.299224376678466797e-02,1.025915145874023438e-02,-1.291534304618835449e-02
3.273594379425048828e-02,1.076388359069824219e-02,-1.270490884780883789e-02
3.260016441345214844e-02,1.115477085113525391e-02,-1.261246204376220703e-02
3.243291378021240234e-02,1.154589653015136719e-02,-1.262249052524566650e-02
3.196978569030761719e-02,1.117527484893798828e-02,-1.284039020538330078e-02
3.149318695068359375e-02,1.084506511688232422e-02,-1.312997937202453613e-02
3.105950355529785156e-02,1.051926612854003906e-02,-1.339343190193176270e-02
3.071928024291992188e-02,1.020181179046630859e-02,-1.364341378211975098e-02
3.038668632507324219e-02,9.925007820129394531e-03,-1.371960341930389404e-02
3.016352653503417969e-02,9.703993797302246094e-03,-1.377743482589721680e-02
2.990460395812988281e-02,9.518027305603027344e-03,-1.382571458816528320e-02
2.970707416534423828e-02,9.332180023193359375e-03,-1.383280754089355469e-02
2.951991558074951172e-02,9.124636650085449219e-03,-1.372037827968597412e-02
2.934718132019042969e-02,9.047031402587890625e-03,-1.370230317115783691e-02
2.915787696838378906e-02,9.111166000366210938e-03,-1.382242143154144287e-02
2.902519702911376953e-02,9.217619895935058594e-03,-1.393586397171020508e-02
2.885890007019042969e-02,9.341955184936523438e-03,-1.393233239650726318e-02
2.878916263580322266e-02,9.483218193054199219e-03,-1.383979618549346924e-02
2.877116203308105469e-02,9.679436683654785156e-03,-1.375190913677215576e-02
2.875423431396484375e-02,9.846687316894531250e-03,-1.374472677707672119e-02
2.871477603912353516e-02,1.000356674194335938e-02,-1.380926370620727539e-02
2.873218059539794922e-02,1.014029979705810547e-02,-1.378132402896881104e-02
2.869141101837158203e-02,1.028823852539062500e-02,-1.381036639213562012e-02
2.866375446319580078e-02,1.035761833190917969e-02,-1.380285620689392090e-02
2.859795093536376953e-02,1.047098636627197266e-02,-1.385834813117980957e-02
2.844047546386718750e-02,1.058554649353027344e-02,-1.389597356319427490e-02
2.821516990661621094e-02,1.070904731750488281e-02,-1.390448212623596191e-02
2.805030345916748047e-02,1.079404354095458984e-02,-1.381187140941619873e-02
2.796554565429687500e-02,1.087701320648193359e-02,-1.372703909873962402e-02
2.774906158447265625e-02,1.088643074035644531e-02,-1.358799636363983154e-02
2.755200862884521484e-02,1.094126701354980469e-02,-1.346789300441741943e-02
2.738380432128906250e-02,1.103866100311279297e-02,-1.328060030937194824e-02
2.717673778533935547e-02,1.108801364898681641e-02,-1.305595040321350098e-02
2.700674533843994141e-02,1.111066341400146484e-02,-1.275734603404998779e-02
2.693033218383789062e-02,1.117360591888427734e-02,-1.257117092609405518e-02
2.696645259857177734e-02,1.127171516418457031e-02,-1.254646480083465576e-02
2.684020996093750000e-02,1.133334636688232422e-02,-1.248055696487426758e-02
2.676105499267578125e-02,1.143550872802734375e-02,-1.258257031440734863e-02
2.662158012390136719e-02,1.153111457824707031e-02,-1.241220533847808838e-02
2.654039859771728516e-02,1.161670684814453125e-02,-1.237230002880096436e-02
2.646732330322265625e-02,1.169514656066894531e-02,-1.231575012207031250e-02
2.640366554260253906e-02,1.135003566741943359e-02,-1.301428675651550293e-02
2.634739875793457031e-02,1.101374626159667969e-02,-1.366032660007476807e-02
2.623927593231201172e-02,1.069939136505126953e-02,-1.424051821231842041e-02
2.601528167724609375e-02,1.044189929962158203e-02,-1.476825773715972900e-02
2.586591243743896484e-02,1.025736331939697266e-02,-1.525390148162841797e-02
2.579379081726074219e-02,1.008379459381103516e-02,-1.571527123451232910e-02
2.573418617248535156e-02,9.907007217407226562e-03,-1.612198352813720703e-02
2.574694156646728516e-02,9.770989418029785156e-03,-1.652529835700988770e-02
2.579438686370849609e-02,9.699940681457519531e-03,-1.686878502368927002e-02
2.570986747741699219e-02,9.686470031738281250e-03,-1.719029247760772705e-02
2.564811706542968750e-02,9.675264358520507812e-03,-1.748864352703094482e-02
2.560877799987792969e-02,9.682297706604003906e-03,-1.772938668727874756e-02
2.604258060455322266e-02,9.746074676513671875e-03,-1.784351468086242676e-02
2.661252021789550781e-02,9.796142578125000000e-03,-1.796498894691467285e-02
2.724015712738037109e-02,9.926676750183105469e-03,-1.809120178222656250e-02
2.763843536376953125e-02,1.016712188720703125e-02,-1.807186007499694824e-02
2.806067466735839844e-02,1.052117347717285156e-02,-1.806306838989257812e-02
2.838397026062011719e-02,1.090013980865478516e-02,-1.801997423171997070e-02
2.869677543640136719e-02,1.133263111114501953e-02,-1.800328493118286133e-02
2.895069122314453125e-02,1.168310642242431641e-02,-1.804332435131072998e-02
2.914571762084960938e-02,1.204895973205566406e-02,-1.806937158107757568e-02
2.936518192291259766e-02,1.239347457885742188e-02,-1.809035241603851318e-02
2.950358390808105469e-02,1.265037059783935547e-02,-1.807051897048950195e-02
2.958405017852783203e-02,1.288104057312011719e-02,-1.805169880390167236e-02
2.964127063751220703e-02,1.312696933746337891e-02,-1.803295314311981201e-02
2.962732315063476562e-02,1.332056522369384766e-02,-1.804254949092864990e-02
2.969551086425781250e-02,1.344072818756103516e-02,-1.805299520492553711e-02
2.978801727294921875e-02,1.359272003173828125e-02,-1.805402338504791260e-02
2.968263626098632812e-02,1.374840736389160156e-02,-1.805819571018218994e-02
2.965283393859863281e-02,1.394915580749511719e-02,-1.807676255702972412e-02
2.975094318389892578e-02,1.418304443359375000e-02,-1.806773245334625244e-02
2.981579303741455078e-02,1.436829566955566406e-02,-1.809757947921752930e-02
2.994120121002197266e-02,1.453638076782226562e-02,-1.816006004810333252e-02
3.007578849792480469e-02,1.473951339721679688e-02,-1.819953322410583496e-02
3.028011322021484375e-02,1.488423347473144531e-02,-1.824083924293518066e-02
3.046572208404541016e-02,1.508080959320068359e-02,-1.826116442680358887e-02
3.063941001892089844e-02,1.525413990020751953e-02,-1.827502250671386719e-02
3.075146675109863281e-02,1.540231704711914062e-02,-1.834394037723541260e-02
3.084504604339599609e-02,1.560533046722412109e-02,-1.841560006141662598e-02
3.095316886901855469e-02,1.579070091247558594e-02,-1.850636303424835205e-02
3.111422061920166016e-02,1.599717140197753906e-02,-1.862746477127075195e-02
3.131222724914550781e-02,1.621174812316894531e-02,-1.876077055931091309e-02
3.145432472229003906e-02,1.646566390991210938e-02,-1.888535916805267334e-02
3.153383731842041016e-02,1.672601699829101562e-02,-1.899696886539459229e-02
3.169047832489013672e-02,1.703202724456787109e-02,-1.907271146774291992e-02
3.188562393188476562e-02,1.724493503570556641e-02,-1.913504302501678467e-02
3.209900856018066406e-02,1.743650436401367188e-02,-1.918601989746093750e-02
3.230977058410644531e-02,1.758003234863281250e-02,-1.926155388355255127e-02
3.281831741333007812e-02,1.733410358428955078e-02,-1.926755905151367188e-02
3.335094451904296875e-02,1.713335514068603516e-02,-1.927673816680908203e-02
3.384757041931152344e-02,1.704120635986328125e-02,-1.929870247840881348e-02
3.425455093383789062e-02,1.699709892272949219e-02,-1.935446262359619141e-02
3.458416461944580078e-02,1.693546772003173828e-02,-1.939018070697784424e-02
3.490340709686279297e-02,1.685690879821777344e-02,-1.943393051624298096e-02
3.531503677368164062e-02,1.680338382720947266e-02,-1.950705051422119141e-02
3.567051887512207031e-02,1.671421527862548828e-02,-1.955999433994293213e-02
3.603386878967285156e-02,1.663517951965332031e-02,-1.957389712333679199e-02
3.630959987640380859e-02,1.658928394317626953e-02,-1.959815621376037598e-02
3.661549091339111328e-02,1.658391952514648438e-02,-1.962761580944061279e-02
3.692650794982910156e-02,1.660394668579101562e-02,-1.963387429714202881e-02
3.719651699066162109e-02,1.650738716125488281e-02,-1.964847743511199951e-02
3.742897510528564453e-02,1.640677452087402344e-02,-1.970008015632629395e-02
3.772640228271484375e-02,1.635468006134033203e-02,-1.974228024482727051e-02
3.797125816345214844e-02,1.632440090179443359e-02,-1.978382468223571777e-02
3.823590278625488281e-02,1.627862453460693359e-02,-1.983496546745300293e-02
3.844630718231201172e-02,1.627528667449951172e-02,-1.991772651672363281e-02
3.859257698059082031e-02,1.627695560455322266e-02,-1.999588310718536377e-02
3.866255283355712891e-02,1.630520820617675781e-02,-2.004717290401458740e-02
3.869652748107910156e-02,1.634418964385986328e-02,-2.010661363601684570e-02
3.873765468597412109e-02,1.646709442138671875e-02,-2.016641199588775635e-02
3.878855705261230469e-02,1.660871505737304688e-02,-2.027420699596405029e-02
3.884088993072509766e-02,1.673543453216552734e-02,-2.037630975246429443e-02
3.891217708587646484e-02,1.685416698455810547e-02,-2.048626542091369629e-02
3.894817829132080078e-02,1.700985431671142578e-02,-2.054822444915771484e-02
3.912246227264404297e-02,1.714444160461425781e-02,-2.056552469730377197e-02
3.930795192718505859e-02,1.732337474822998047e-02,-2.056090533733367920e-02
3.954589366912841797e-02,1.750898361206054688e-02,-2.056176960468292236e-02
3.968262672424316406e-02,1.759004592895507812e-02,-2.058082818984985352e-02
3.975737094879150391e-02,1.776182651519775391e-02,-2.062202990055084229e-02
3.993499279022216797e-02,1.793551445007324219e-02,-2.062200009822845459e-02
4.005932807922363281e-02,1.805233955383300781e-02,-2.062360942363739014e-02
4.011380672454833984e-02,1.815986633300781250e-02,-2.060231566429138184e-02
4.016971588134765625e-02,1.826679706573486328e-02,-2.055025100708007812e-02
4.026663303375244141e-02,1.841187477111816406e-02,-2.049928903579711914e-02
4.034197330474853516e-02,1.857864856719970703e-02,-2.040490508079528809e-02
4.038286209106445312e-02,1.873672008514404297e-02,-2.032266557216644287e-02
4.036748409271240234e-02,1.884055137634277344e-02,-2.023202180862426758e-02
4.040682315826416016e-02,1.894843578338623047e-02,-2.018052339553833008e-02
4.045391082763671875e-02,1.906096935272216797e-02,-2.016153931617736816e-02
4.055392742156982422e-02,1.920819282531738281e-02,-2.017425000667572021e-02
4.068362712860107422e-02,1.935565471649169922e-02,-2.017819881439208984e-02
4.074132442474365234e-02,1.946055889129638672e-02,-2.014741301536560059e-02
4.093122482299804688e-02,1.959359645843505859e-02,-2.011543512344360352e-02
4.110002517700195312e-02,1.977598667144775391e-02,-2.008122205734252930e-02
4.128324985504150391e-02,1.997292041778564453e-02,-2.003772556781768799e-02
4.149317741394042969e-02,2.010262012481689453e-02,-2.002388238906860352e-02
4.175221920013427734e-02,2.026498317718505859e-02,-1.997904479503631592e-02
4.197263717651367188e-02,2.034449577331542969e-02,-1.991532742977142334e-02
4.218244552612304688e-02,2.048826217651367188e-02,-1.983383297920227051e-02
4.250502586364746094e-02,2.059960365295410156e-02,-1.972489058971405029e-02
4.282343387603759766e-02,2.069914340972900391e-02,-1.962639391422271729e-02
4.314303398132324219e-02,2.074527740478515625e-02,-1.968017220497131348e-02
4.344069957733154297e-02,2.073085308074951172e-02,-1.969842612743377686e-02
4.371201992034912109e-02,2.071547508239746094e-02,-1.969984173774719238e-02
4.396140575408935547e-02,2.071034908294677734e-02,-1.970230042934417725e-02
4.430818557739257812e-02,2.068185806274414062e-02,-1.966892182826995850e-02
4.467868804931640625e-02,2.064454555511474609e-02,-1.962316036224365234e-02
4.504799842834472656e-02,2.066349983215332031e-02,-1.958544552326202393e-02
4.543578624725341797e-02,2.072083950042724609e-02,-1.950813829898834229e-02
4.598796367645263672e-02,2.072048187255859375e-02,-1.943531632423400879e-02
4.623985290527343750e-02,2.084529399871826172e-02,-1.943953335285186768e-02
4.653298854827880859e-02,2.087938785552978516e-02,-1.945304870605468750e-02
4.683542251586914062e-02,2.094292640686035156e-02,-1.943114399909973145e-02
4.718041419982910156e-02,2.098798751831054688e-02,-1.937392354011535645e-02
4.748904705047607422e-02,2.100253105163574219e-02,-1.927189528942108154e-02
4.783809185028076172e-02,2.106010913848876953e-02,-1.921162009239196777e-02
4.817008972167968750e-02,2.109396457672119141e-02,-1.916322112083435059e-02
4.866755008697509766e-02,2.111554145812988281e-02,-1.911449432373046875e-02
4.914736747741699219e-02,2.110087871551513672e-02,-1.905116438865661621e-02
4.970622062683105469e-02,2.112734317779541016e-02,-1.895835995674133301e-02
5.027103424072265625e-02,2.119982242584228516e-02,-1.890395581722259521e-02
5.083024501800537109e-02,2.121257781982421875e-02,-1.880197227001190186e-02
5.130410194396972656e-02,2.117490768432617188e-02,-1.871046423912048340e-02
5.177736282348632812e-02,2.118885517120361328e-02,-1.862916350364685059e-02
5.209803581237792969e-02,2.111315727233886719e-02,-1.859492063522338867e-02
5.238187313079833984e-02,2.093696594238281250e-02,-1.855099201202392578e-02
5.272436141967773438e-02,2.078092098236083984e-02,-1.849704980850219727e-02
5.304884910583496094e-02,2.068984508514404297e-02,-1.845479011535644531e-02
5.328512191772460938e-02,2.058982849121093750e-02,-1.840613782405853271e-02
5.350697040557861328e-02,2.042603492736816406e-02,-1.841029524803161621e-02
5.371201038360595703e-02,2.038109302520751953e-02,-1.845751702785491943e-02
5.381679534912109375e-02,2.041566371917724609e-02,-1.852409541606903076e-02
5.393624305725097656e-02,2.042043209075927734e-02,-1.858448982238769531e-02
5.407822132110595703e-02,2.052366733551025391e-02,-1.866027712821960449e-02
5.418324470520019531e-02,2.060592174530029297e-02,-1.873011887073516846e-02
5.419540405273437500e-02,2.072131633758544922e-02,-1.878024637699127197e-02
5.418229103088378906e-02,2.070391178131103516e-02,-1.880955696105957031e-02
5.415773391723632812e-02,2.071809768676757812e-02,-1.882433891296386719e-02
5.428421497344970703e-02,2.068984508514404297e-02,-1.879782974720001221e-02
5.435740947723388672e-02,2.067244052886962891e-02,-1.875440776348114014e-02
5.447447299957275391e-02,2.073049545288085938e-02,-1.873898506164550781e-02
5.462360382080078125e-02,2.071869373321533203e-02,-1.868794858455657959e-02
5.418598651885986328e-02,2.146506309509277344e-02,-1.864458620548248291e-02
5.378818511962890625e-02,2.208316326141357422e-02,-1.861809194087982178e-02
5.338001251220703125e-02,2.265596389770507812e-02,-1.855947077274322510e-02
5.298733711242675781e-02,2.321982383728027344e-02,-1.851934194564819336e-02
5.263364315032958984e-02,2.374017238616943359e-02,-1.849494874477386475e-02
5.231845378875732422e-02,2.412676811218261719e-02,-1.845487952232360840e-02
5.205929279327392578e-02,2.453637123107910156e-02,-1.842612028121948242e-02
5.192804336547851562e-02,2.478575706481933594e-02,-1.838253438472747803e-02
5.176341533660888672e-02,2.496254444122314453e-02,-1.833370327949523926e-02
5.155682563781738281e-02,2.513635158538818359e-02,-1.831363141536712646e-02
5.125105381011962891e-02,2.534234523773193359e-02,-1.823249459266662598e-02
5.090212821960449219e-02,2.554500102996826172e-02,-1.817083358764648438e-02
5.049550533294677734e-02,2.566516399383544922e-02,-1.808001101016998291e-02
5.018210411071777344e-02,2.575051784515380859e-02,-1.798850297927856445e-02
4.991507530212402344e-02,2.584362030029296875e-02,-1.789033412933349609e-02
4.966080188751220703e-02,2.582061290740966797e-02,-1.777915656566619873e-02
4.886865615844726562e-02,2.574706077575683594e-02,-1.812192797660827637e-02
4.810869693756103516e-02,2.562618255615234375e-02,-1.843515038490295410e-02
4.741311073303222656e-02,2.551913261413574219e-02,-1.868641376495361328e-02
4.663932323455810547e-02,2.543306350708007812e-02,-1.888760924339294434e-02
4.592418670654296875e-02,2.536165714263916016e-02,-1.907598972320556641e-02
4.526245594024658203e-02,2.529096603393554688e-02,-1.923131942749023438e-02
4.458451271057128906e-02,2.513968944549560547e-02,-1.938667893409729004e-02
4.394102096557617188e-02,2.499508857727050781e-02,-1.949518918991088867e-02
4.339957237243652344e-02,2.466499805450439453e-02,-1.957724988460540771e-02
4.288542270660400391e-02,2.432692050933837891e-02,-1.966343820095062256e-02
4.246783256530761719e-02,2.396523952484130859e-02,-1.977427303791046143e-02
4.209876060485839844e-02,2.359640598297119141e-02,-1.988537609577178955e-02
4.177916049957275391e-02,2.321064472198486328e-02,-1.996886730194091797e-02
4.150676727294921875e-02,2.287817001342773438e-02,-2.006191015243530273e-02
4.123437404632568359e-02,2.259397506713867188e-02,-2.015006542205810547e-02
4.094123840332031250e-02,2.233254909515380859e-02,-2.020034193992614746e-02
4.072701930999755859e-02,2.219426631927490234e-02,-2.021852135658264160e-02
4.055345058441162109e-02,2.201116085052490234e-02,-2.027021348476409912e-02
4.035389423370361328e-02,2.184593677520751953e-02,-2.026283740997314453e-02
4.014408588409423828e-02,2.168262004852294922e-02,-2.021168172359466553e-02
3.994703292846679688e-02,2.153742313385009766e-02,-2.019162476062774658e-02
3.980255126953125000e-02,2.139794826507568359e-02,-2.017608284950256348e-02
3.961062431335449219e-02,2.117478847503662109e-02,-2.017115056514739990e-02
3.944420814514160156e-02,2.094233036041259766e-02,-2.017265558242797852e-02
3.935754299163818359e-02,2.065563201904296875e-02,-2.017213404178619385e-02
3.928482532501220703e-02,2.040266990661621094e-02,-2.015919983386993408e-02
3.926169872283935547e-02,2.020192146301269531e-02,-2.016165852546691895e-02
3.922975063323974609e-02,1.999497413635253906e-02,-2.014477550983428955e-02
3.923714160919189453e-02,1.982617378234863281e-02,-2.014626562595367432e-02
3.926992416381835938e-02,1.972544193267822266e-02,-2.011385560035705566e-02
3.933477401733398438e-02,1.968109607696533203e-02,-2.002617716789245605e-02
3.944313526153564453e-02,1.964771747589111328e-02,-1.995821297168731689e-02
3.955221176147460938e-02,1.966691017150878906e-02,-1.989822089672088623e-02
3.960394859313964844e-02,1.964700222015380859e-02,-1.983456313610076904e-02
3.966009616851806641e-02,1.962494850158691406e-02,-1.978389918804168701e-02
3.966367244720458984e-02,1.957988739013671875e-02,-1.972639560699462891e-02
3.966104984283447266e-02,1.953363418579101562e-02,-1.965884864330291748e-02
3.958570957183837891e-02,1.953482627868652344e-02,-1.962937414646148682e-02
3.946268558502197266e-02,1.948356628417968750e-02,-1.954865455627441406e-02
3.933393955230712891e-02,1.945912837982177734e-02,-1.940648257732391357e-02
3.933393955230712891e-02,1.945912837982177734e-02,-1.940648257732391357e-02
3.933393955230712891e-02,1.945912837982177734e-02,-1.940648257732391357e-02
3.933393955230712891e-02,1.945912837982177734e-02,-1.940648257732391357e-02
3.918313980102539062e-02,1.947987079620361328e-02,-1.929026842117309570e-02
3.904974460601806641e-02,1.943182945251464844e-02,-1.918365061283111572e-02
3.893589973449707031e-02,1.934087276458740234e-02,-1.908980309963226318e-02
3.895735740661621094e-02,1.927208900451660156e-02,-1.902948319911956787e-02
3.899896144866943359e-02,1.916062831878662109e-02,-1.897318661212921143e-02
3.905475139617919922e-02,1.905226707458496094e-02,-1.892744004726409912e-02
3.917527198791503906e-02,1.898968219757080078e-02,-1.892317831516265869e-02
3.932940959930419922e-02,1.894319057464599609e-02,-1.895061135292053223e-02
3.948879241943359375e-02,1.890194416046142578e-02,-1.898434758186340332e-02
3.962039947509765625e-02,1.883983612060546875e-02,-1.899221539497375488e-02
3.975462913513183594e-02,1.876592636108398438e-02,-1.898171007633209229e-02
3.985571861267089844e-02,1.866924762725830078e-02,-1.896862685680389404e-02
4.002165794372558594e-02,1.859104633331298828e-02,-1.897658407688140869e-02
4.013669490814208984e-02,1.852524280548095703e-02,-1.895982027053833008e-02
4.019665718078613281e-02,1.845955848693847656e-02,-1.897108554840087891e-02
4.025495052337646484e-02,1.845920085906982422e-02,-1.895581185817718506e-02
4.024493694305419922e-02,1.854419708251953125e-02,-1.893170177936553955e-02
4.024565219879150391e-02,1.858508586883544922e-02,-1.894684135913848877e-02
4.023230075836181641e-02,1.864564418792724609e-02,-1.895210146903991699e-02
4.014122486114501953e-02,1.875901222229003906e-02,-1.899702847003936768e-02
4.004621505737304688e-02,1.885867118835449219e-02,-1.906715333461761475e-02
3.993606567382812500e-02,1.897931098937988281e-02,-1.915109157562255859e-02
3.987538814544677734e-02,1.911163330078125000e-02,-1.919250190258026123e-02
3.979349136352539062e-02,1.919889450073242188e-02,-1.920104026794433594e-02
3.968286514282226562e-02,1.932668685913085938e-02,-1.921910047531127930e-02
3.959226608276367188e-02,1.937568187713623047e-02,-1.918929815292358398e-02
3.945481777191162109e-02,1.936769485473632812e-02,-1.918610930442810059e-02
3.932917118072509766e-02,1.931929588317871094e-02,-1.918703317642211914e-02
3.913080692291259766e-02,1.930975914001464844e-02,-1.918210089206695557e-02
3.897631168365478516e-02,1.928687095642089844e-02,-1.918673515319824219e-02
3.887915611267089844e-02,1.923429965972900391e-02,-1.912148296833038330e-02
3.877794742584228516e-02,1.910209655761718750e-02,-1.905903220176696777e-02
3.865921497344970703e-02,1.895427703857421875e-02,-1.899504661560058594e-02
3.862607479095458984e-02,1.874613761901855469e-02,-1.891523599624633789e-02
3.858625888824462891e-02,1.856315135955810547e-02,-1.882474124431610107e-02
3.851544857025146484e-02,1.837623119354248047e-02,-1.870435476303100586e-02
3.843867778778076172e-02,1.823353767395019531e-02,-1.854935288429260254e-02
3.836119174957275391e-02,1.814126968383789062e-02,-1.840630173683166504e-02
3.831100463867187500e-02,1.799309253692626953e-02,-1.825176179409027100e-02
3.826022148132324219e-02,1.782715320587158203e-02,-1.806184649467468262e-02
3.815793991088867188e-02,1.767802238464355469e-02,-1.787079870700836182e-02
3.814947605133056641e-02,1.756453514099121094e-02,-1.770892739295959473e-02
3.813481330871582031e-02,1.746332645416259766e-02,-1.757051050662994385e-02
3.814446926116943359e-02,1.738929748535156250e-02,-1.742394268512725830e-02
3.815937042236328125e-02,1.723575592041015625e-02,-1.726749539375305176e-02
3.819262981414794922e-02,1.702940464019775391e-02,-1.714096963405609131e-02
3.819453716278076172e-02,1.673674583435058594e-02,-1.698398590087890625e-02
3.820025920867919922e-02,1.645028591156005859e-02,-1.682542264461517334e-02
3.823888301849365234e-02,1.619255542755126953e-02,-1.667907834053039551e-02
3.825497627258300781e-02,1.590919494628906250e-02,-1.654197275638580322e-02
3.826630115509033203e-02,1.561796665191650391e-02,-1.644037663936614990e-02
3.823566436767578125e-02,1.535773277282714844e-02,-1.631207764148712158e-02
3.819990158081054688e-02,1.509809494018554688e-02,-1.623909175395965576e-02
3.815746307373046875e-02,1.483070850372314453e-02,-1.616406440734863281e-02
3.817617893218994141e-02,1.462781429290771484e-02,-1.605930924415588379e-02
3.815221786499023438e-02,1.441419124603271484e-02,-1.598851382732391357e-02
3.818273544311523438e-02,1.425945758819580078e-02,-1.595523953437805176e-02
3.820455074310302734e-02,1.402080059051513672e-02,-1.593288779258728027e-02
3.815627098083496094e-02,1.374697685241699219e-02,-1.592122018337249756e-02
3.813874721527099609e-02,1.350343227386474609e-02,-1.591564714908599854e-02
3.804850578308105469e-02,1.328527927398681641e-02,-1.588372886180877686e-02
3.797912597656250000e-02,1.307821273803710938e-02,-1.578406989574432373e-02
3.789412975311279297e-02,1.286578178405761719e-02,-1.570826768875122070e-02
3.783488273620605469e-02,1.264584064483642578e-02,-1.565334200859069824e-02
3.775441646575927734e-02,1.250934600830078125e-02,-1.559878885746002197e-02
3.770530223846435547e-02,1.240909099578857422e-02,-1.554870605468750000e-02
3.762269020080566406e-02,1.229739189147949219e-02,-1.546569168567657471e-02
3.761839866638183594e-02,1.211357116699218750e-02,-1.537087559700012207e-02
3.759038448333740234e-02,1.196467876434326172e-02,-1.527813076972961426e-02
3.757774829864501953e-02,1.178944110870361328e-02,-1.522879302501678467e-02
3.753840923309326172e-02,1.168560981750488281e-02,-1.518680155277252197e-02
3.747856616973876953e-02,1.155066490173339844e-02,-1.515474915504455566e-02
3.743350505828857422e-02,1.141476631164550781e-02,-1.519109308719635010e-02
3.736555576324462891e-02,1.127791404724121094e-02,-1.520204544067382812e-02
3.723692893981933594e-02,1.123237609863281250e-02,-1.522243022918701172e-02
3.713035583496093750e-02,1.120519638061523438e-02,-1.519604027271270752e-02
3.708052635192871094e-02,1.122999191284179688e-02,-1.508916914463043213e-02
3.702795505523681641e-02,1.133525371551513672e-02,-1.501771807670593262e-02
3.695642948150634766e-02,1.132118701934814453e-02,-1.497371494770050049e-02
3.679394721984863281e-02,1.119887828826904297e-02,-1.494048535823822021e-02
3.661906719207763672e-02,1.111078262329101562e-02,-1.488189399242401123e-02
3.643715381622314453e-02,1.102876663208007812e-02,-1.484180986881256104e-02
3.622210025787353516e-02,1.095449924468994141e-02,-1.479178667068481445e-02
3.603065013885498047e-02,1.087462902069091797e-02,-1.476076245307922363e-02
3.582787513732910156e-02,1.084291934967041016e-02,-1.468917727470397949e-02
3.563201427459716797e-02,1.075017452239990234e-02,-1.455217599868774414e-02
3.545308113098144531e-02,1.068866252899169922e-02,-1.445370912551879883e-02
3.524637222290039062e-02,1.069474220275878906e-02,-1.435568928718566895e-02
3.499257564544677734e-02,1.069033145904541016e-02,-1.429383456707000732e-02
3.474795818328857422e-02,1.067268848419189453e-02,-1.424239575862884521e-02
3.457641601562500000e-02,1.063108444213867188e-02,-1.419582962989807129e-02
3.448390960693359375e-02,1.051950454711914062e-02,-1.416029036045074463e-02
3.436100482940673828e-02,1.032841205596923828e-02,-1.409082114696502686e-02
3.403115272521972656e-02,1.015067100524902344e-02,-1.397427916526794434e-02
3.373289108276367188e-02,9.986877441406250000e-03,-1.388138532638549805e-02
3.342998027801513672e-02,9.792923927307128906e-03,-1.377776265144348145e-02
3.310990333557128906e-02,9.623527526855468750e-03,-1.366202533245086670e-02
3.304660320281982422e-02,9.554743766784667969e-03,-1.352310180664062500e-02
3.305613994598388672e-02,9.451150894165039062e-03,-1.341187953948974609e-02
3.305244445800781250e-02,9.363293647766113281e-03,-1.326595246791839600e-02
3.306508064270019531e-02,9.257555007934570312e-03,-1.311072707176208496e-02
3.300714492797851562e-02,9.171962738037109375e-03,-1.293003559112548828e-02
3.295695781707763672e-02,9.123206138610839844e-03,-1.278065145015716553e-02
3.291654586791992188e-02,9.049534797668457031e-03,-1.263044774532318115e-02
3.286492824554443359e-02,8.929491043090820312e-03,-1.245412230491638184e-02
3.281915187835693359e-02,8.798122406005859375e-03,-1.228311657905578613e-02
3.277266025543212891e-02,8.684515953063964844e-03,-1.217362284660339355e-02
3.273487091064453125e-02,8.523941040039062500e-03,-1.206633448600769043e-02
3.271079063415527344e-02,8.380889892578125000e-03,-1.200108230113983154e-02
3.267002105712890625e-02,8.276343345642089844e-03,-1.197911798954010010e-02
3.258001804351806641e-02,8.150815963745117188e-03,-1.192867755889892578e-02
3.248858451843261719e-02,7.965803146362304688e-03,-1.190891861915588379e-02
3.241550922393798828e-02,7.798910140991210938e-03,-1.190388202667236328e-02
3.237044811248779297e-02,7.598638534545898438e-03,-1.187583804130554199e-02
3.229641914367675781e-02,7.416725158691406250e-03,-1.186527311801910400e-02
3.226101398468017578e-02,7.306098937988281250e-03,-1.185561716556549072e-02
3.222262859344482422e-02,7.198810577392578125e-03,-1.187554001808166504e-02
3.211236000061035156e-02,7.089495658874511719e-03,-1.190236210823059082e-02
3.206491470336914062e-02,7.050395011901855469e-03,-1.191292703151702881e-02
3.204202651977539062e-02,7.001280784606933594e-03,-1.186032593250274658e-02
3.206777572631835938e-02,6.939172744750976562e-03,-1.176519691944122314e-02
3.206801414489746094e-02,6.909728050231933594e-03,-1.168400049209594727e-02
3.200447559356689453e-02,6.873965263366699219e-03,-1.158094406127929688e-02
3.195464611053466797e-02,6.808757781982421875e-03,-1.148976385593414307e-02
3.183639049530029297e-02,6.736993789672851562e-03,-1.141120493412017822e-02
3.173136711120605469e-02,6.637692451477050781e-03,-1.130394637584686279e-02
3.160619735717773438e-02,6.559729576110839844e-03,-1.122729480266571045e-02
3.153777122497558594e-02,6.480336189270019531e-03,-1.113379001617431641e-02
3.149127960205078125e-02,6.379008293151855469e-03,-1.105685532093048096e-02
3.145515918731689453e-02,6.165623664855957031e-03,-1.095384359359741211e-02
3.199660778045654297e-02,6.566047668457031250e-03,-1.097774505615234375e-02
3.249299526214599609e-02,6.868600845336914062e-03,-1.102341711521148682e-02
3.286564350128173828e-02,7.134318351745605469e-03,-1.106612384319305420e-02
3.316199779510498047e-02,7.443070411682128906e-03,-1.106463372707366943e-02
3.337788581848144531e-02,7.806301116943359375e-03,-1.109147071838378906e-02
3.361070156097412109e-02,8.155941963195800781e-03,-1.115050911903381348e-02
3.378760814666748047e-02,8.490204811096191406e-03,-1.117977499961853027e-02
3.401708602905273438e-02,8.832097053527832031e-03,-1.113827526569366455e-02
3.426945209503173828e-02,9.220242500305175781e-03,-1.116235554218292236e-02
3.449702262878417969e-02,9.581089019775390625e-03,-1.118971407413482666e-02
3.467726707458496094e-02,9.915947914123535156e-03,-1.118797063827514648e-02
3.477180004119873047e-02,1.022052764892578125e-02,-1.116774976253509521e-02
3.479158878326416016e-02,1.042747497558593750e-02,-1.114250719547271729e-02
3.480529785156250000e-02,1.058685779571533203e-02,-1.110544800758361816e-02
3.477168083190917969e-02,1.070261001586914062e-02,-1.103210449218750000e-02
3.477644920349121094e-02,1.080918312072753906e-02,-1.096653938293457031e-02
3.476834297180175781e-02,1.091623306274414062e-02,-1.088525354862213135e-02
3.471136093139648438e-02,1.106715202331542969e-02,-1.077631115913391113e-02
3.468239307403564453e-02,1.119983196258544922e-02,-1.066429913043975830e-02
3.465175628662109375e-02,1.129138469696044922e-02,-1.055862009525299072e-02
3.464758396148681641e-02,1.140177249908447266e-02,-1.044882833957672119e-02
3.456580638885498047e-02,1.156997680664062500e-02,-1.042872667312622070e-02
3.450596332550048828e-02,1.170516014099121094e-02,-1.036566495895385742e-02
3.450381755828857422e-02,1.187705993652343750e-02,-1.026336848735809326e-02
3.448224067687988281e-02,1.200628280639648438e-02,-1.009231805801391602e-02
3.447258472442626953e-02,1.211631298065185547e-02,-9.947553277015686035e-03
3.444910049438476562e-02,1.219272613525390625e-02,-9.785205125808715820e-03
3.444695472717285156e-02,1.223826408386230469e-02,-9.612634778022766113e-03
3.441691398620605469e-02,1.224291324615478516e-02,-9.501054883003234863e-03
3.432011604309082031e-02,1.220130920410156250e-02,-9.430512785911560059e-03
3.420937061309814453e-02,1.213133335113525391e-02,-9.348765015602111816e-03
3.408885002136230469e-02,1.207959651947021484e-02,-9.291395545005798340e-03
3.396821022033691406e-02,1.200342178344726562e-02,-9.307473897933959961e-03
3.381955623626708984e-02,1.193368434906005859e-02,-9.363487362861633301e-03
3.369367122650146484e-02,1.184213161468505859e-02,-9.397163987159729004e-03
3.357398509979248047e-02,1.174974441528320312e-02,-9.428754448890686035e-03
3.349113464355468750e-02,1.161694526672363281e-02,-9.419962763786315918e-03
3.332340717315673828e-02,1.155745983123779297e-02,-9.356826543807983398e-03
3.313791751861572266e-02,1.149725914001464844e-02,-9.297192096710205078e-03
3.299081325531005859e-02,1.142132282257080078e-02,-9.269699454307556152e-03
3.284728527069091797e-02,1.123845577239990234e-02,-9.286209940910339355e-03
3.270184993743896484e-02,1.117527484893798828e-02,-9.278148412704467773e-03
3.258860111236572266e-02,1.118266582489013672e-02,-9.242340922355651855e-03
3.250885009765625000e-02,1.120042800903320312e-02,-9.258955717086791992e-03
3.241956233978271484e-02,1.115965843200683594e-02,-9.244635701179504395e-03
3.232443332672119141e-02,1.114201545715332031e-02,-9.241163730621337891e-03
3.209829330444335938e-02,1.109457015991210938e-02,-9.211495518684387207e-03
3.189826011657714844e-02,1.110529899597167969e-02,-9.176820516586303711e-03
3.161251544952392578e-02,1.106715202331542969e-02,-9.186074137687683105e-03
3.132748603820800781e-02,1.100540161132812500e-02,-9.205967187881469727e-03
3.105342388153076172e-02,1.088774204254150391e-02,-9.198024868965148926e-03
3.080236911773681641e-02,1.074087619781494141e-02,-9.185686707496643066e-03
3.049981594085693359e-02,1.059746742248535156e-02,-9.206727147102355957e-03
3.026044368743896484e-02,1.043581962585449219e-02,-9.137049317359924316e-03
3.005552291870117188e-02,1.028895378112792969e-02,-9.088173508644104004e-03
2.982842922210693359e-02,1.022315025329589844e-02,-9.051933884620666504e-03
2.961373329162597656e-02,1.017236709594726562e-02,-9.015515446662902832e-03
2.942872047424316406e-02,1.008272171020507812e-02,-8.919611573219299316e-03
2.929079532623291016e-02,9.933352470397949219e-03,-8.761659264564514160e-03
2.911818027496337891e-02,9.781241416931152344e-03,-8.611783385276794434e-03
2.892911434173583984e-02,9.629964828491210938e-03,-8.432239294052124023e-03
2.874433994293212891e-02,9.503364562988281250e-03,-8.212879300117492676e-03
2.850520610809326172e-02,9.303689002990722656e-03,-7.954329252243041992e-03
2.826893329620361328e-02,9.133100509643554688e-03,-7.713377475738525391e-03
2.803218364715576172e-02,8.938193321228027344e-03,-7.521450519561767578e-03
2.782070636749267578e-02,8.766770362854003906e-03,-7.363066077232360840e-03
2.762925624847412109e-02,8.629918098449707031e-03,-7.227778434753417969e-03
2.740240097045898438e-02,8.466601371765136719e-03,-7.066354155540466309e-03
2.718091011047363281e-02,8.337259292602539062e-03,-6.947159767150878906e-03
2.697944641113281250e-02,8.188128471374511719e-03,-6.815269589424133301e-03
2.593219280242919922e-02,8.059740066528320312e-03,-6.723120808601379395e-03
2.497565746307373047e-02,7.889032363891601562e-03,-6.628692150115966797e-03
2.408146858215332031e-02,7.670760154724121094e-03,-6.541848182678222656e-03
2.327036857604980469e-02,7.495880126953125000e-03,-6.453797221183776855e-03
2.249896526336669922e-02,7.347702980041503906e-03,-6.345897912979125977e-03
2.179861068725585938e-02,7.276535034179687500e-03,-6.213694810867309570e-03
2.117359638214111328e-02,7.228970527648925781e-03,-6.111189723014831543e-03
2.063262462615966797e-02,7.206559181213378906e-03,-6.027072668075561523e-03
2.014410495758056641e-02,7.189393043518066406e-03,-5.910173058509826660e-03
1.973807811737060547e-02,7.264137268066406250e-03,-5.841672420501708984e-03
1.939499378204345703e-02,7.328629493713378906e-03,-5.765005946159362793e-03
1.902937889099121094e-02,7.416725158691406250e-03,-5.694001913070678711e-03
1.867127418518066406e-02,7.488369941711425781e-03,-5.588158965110778809e-03
1.836252212524414062e-02,7.551431655883789062e-03,-5.496680736541748047e-03
1.807224750518798828e-02,7.573843002319335938e-03,-5.418121814727783203e-03
1.777935028076171875e-02,7.591605186462402344e-03,-5.407512187957763672e-03
1.753139495849609375e-02,7.602453231811523438e-03,-5.427360534667968750e-03
1.730024814605712891e-02,7.598400115966796875e-03,-5.428507924079895020e-03
1.706957817077636719e-02,7.522940635681152344e-03,-5.383104085922241211e-03
1.687526702880859375e-02,7.516503334045410156e-03,-5.356654524803161621e-03
1.674902439117431641e-02,7.557630538940429688e-03,-5.350723862648010254e-03
1.662743091583251953e-02,7.585525512695312500e-03,-5.350545048713684082e-03
1.654505729675292969e-02,7.630944252014160156e-03,-5.379483103752136230e-03
1.647174358367919922e-02,7.691264152526855469e-03,-5.426630377769470215e-03
1.641762256622314453e-02,7.802844047546386719e-03,-5.448520183563232422e-03
1.635611057281494141e-02,7.972240447998046875e-03,-5.454495549201965332e-03
1.629126071929931641e-02,8.088469505310058594e-03,-5.466505885124206543e-03
1.620614528656005859e-02,8.182406425476074219e-03,-5.458503961563110352e-03
1.618289947509765625e-02,8.275747299194335938e-03,-5.423828959465026855e-03
1.616001129150390625e-02,8.333444595336914062e-03,-5.377769470214843750e-03
1.626038551330566406e-02,8.314728736877441406e-03,-5.562320351600646973e-03
1.636135578155517578e-02,8.265256881713867188e-03,-5.693495273590087891e-03
1.646375656127929688e-02,8.197069168090820312e-03,-5.800321698188781738e-03
1.655852794647216797e-02,8.103489875793457031e-03,-5.934089422225952148e-03
1.665949821472167969e-02,8.017659187316894531e-03,-6.058499217033386230e-03
1.672291755676269531e-02,7.932662963867187500e-03,-6.152868270874023438e-03
1.680719852447509766e-02,7.928848266601562500e-03,-6.183058023452758789e-03
1.691424846649169922e-02,7.922291755676269531e-03,-6.203040480613708496e-03
1.697468757629394531e-02,7.902264595031738281e-03,-6.206423044204711914e-03
1.704251766204833984e-02,7.930278778076171875e-03,-6.186008453369140625e-03
1.708674430847167969e-02,7.919669151306152344e-03,-6.145372986793518066e-03
1.713562011718750000e-02,7.916331291198730469e-03,-6.090432405471801758e-03
1.717638969421386719e-02,7.914781570434570312e-03,-6.069645285606384277e-03
1.721668243408203125e-02,8.001804351806640625e-03,-6.020978093147277832e-03
1.731920242309570312e-02,8.083105087280273438e-03,-5.986750125885009766e-03
1.740705966949462891e-02,8.095979690551757812e-03,-5.957141518592834473e-03
1.751363277435302734e-02,8.139491081237792969e-03,-5.968376994132995605e-03
1.762235164642333984e-02,8.173346519470214844e-03,-5.945086479187011719e-03
1.774787902832031250e-02,8.198738098144531250e-03,-5.932942032814025879e-03
1.789093017578125000e-02,8.276343345642089844e-03,-5.918428301811218262e-03
1.802492141723632812e-02,8.368849754333496094e-03,-5.936682224273681641e-03
1.816356182098388672e-02,8.450150489807128906e-03,-5.999833345413208008e-03
1.829290390014648438e-02,8.498191833496093750e-03,-6.047800183296203613e-03
1.842176914215087891e-02,8.504390716552734375e-03,-6.108924746513366699e-03
1.850318908691406250e-02,8.475899696350097656e-03,-6.138652563095092773e-03
1.858580112457275391e-02,8.462667465209960938e-03,-6.122514605522155762e-03
1.867246627807617188e-02,8.474469184875488281e-03,-6.085664033889770508e-03
1.878607273101806641e-02,8.440375328063964844e-03,-6.034612655639648438e-03
1.894497871398925781e-02,8.463621139526367188e-03,-6.048023700714111328e-03
1.918041706085205078e-02,8.525609970092773438e-03,-6.083235144615173340e-03
1.935732364654541016e-02,8.531093597412109375e-03,-6.114915013313293457e-03
1.949429512023925781e-02,8.547902107238769531e-03,-6.098061800003051758e-03
1.962077617645263672e-02,8.508443832397460938e-03,-6.002366542816162109e-03
1.971733570098876953e-02,8.503198623657226562e-03,-5.883991718292236328e-03
1.981210708618164062e-02,8.428573608398437500e-03,-5.755424499511718750e-03
1.987671852111816406e-02,8.314132690429687500e-03,-5.662649869918823242e-03
1.993405818939208984e-02,8.228421211242675781e-03,-5.565837025642395020e-03
1.994049549102783203e-02,8.135676383972167969e-03,-5.464479327201843262e-03
1.995146274566650391e-02,8.057236671447753906e-03,-5.348101258277893066e-03
1.991581916809082031e-02,7.964730262756347656e-03,-5.212888121604919434e-03
1.989030838012695312e-02,7.849812507629394531e-03,-5.101218819618225098e-03
1.988017559051513672e-02,7.692813873291015625e-03,-4.958733916282653809e-03
1.983296871185302734e-02,7.520556449890136719e-03,-4.857838153839111328e-03
1.977288722991943359e-02,7.275462150573730469e-03,-4.778593778610229492e-03
1.966965198516845703e-02,7.035493850708007812e-03,-4.717588424682617188e-03
1.955378055572509766e-02,6.824135780334472656e-03,-4.588663578033447266e-03
1.944053173065185547e-02,6.604313850402832031e-03,-4.474222660064697266e-03
1.933455467224121094e-02,6.430864334106445312e-03,-4.404991865158081055e-03
1.927387714385986328e-02,6.259560585021972656e-03,-4.341065883636474609e-03
1.921951770782470703e-02,6.140947341918945312e-03,-4.267320036888122559e-03
1.920437812805175781e-02,6.036639213562011719e-03,-4.190579056739807129e-03
1.920461654663085938e-02,5.909204483032226562e-03,-4.145607352256774902e-03
1.923966407775878906e-02,5.777835845947265625e-03,-4.114970564842224121e-03
1.928448677062988281e-02,5.648136138916015625e-03,-4.100874066352844238e-03
1.934540271759033203e-02,5.513906478881835938e-03,-4.146367311477661133e-03
1.941239833831787109e-02,5.394101142883300781e-03,-4.215553402900695801e-03
1.946580410003662109e-02,5.234599113464355469e-03,-4.311293363571166992e-03
1.953721046447753906e-02,5.096554756164550781e-03,-4.444673657417297363e-03
1.957964897155761719e-02,4.958748817443847656e-03,-4.567056894302368164e-03
1.959431171417236328e-02,4.860758781433105469e-03,-4.631012678146362305e-03
1.962316036224365234e-02,4.842638969421386719e-03,-4.678130149841308594e-03
1.958501338958740234e-02,4.689216613769531250e-03,-4.696458578109741211e-03
1.954269409179687500e-02,4.576802253723144531e-03,-4.701733589172363281e-03
1.948761940002441406e-02,4.544854164123535156e-03,-4.674583673477172852e-03
1.942121982574462891e-02,4.477620124816894531e-03,-4.703551530838012695e-03
1.935732364654541016e-02,4.443764686584472656e-03,-4.679262638092041016e-03
1.931118965148925781e-02,4.425883293151855469e-03,-4.619479179382324219e-03
1.924252510070800781e-02,4.429817199707031250e-03,-4.539817571640014648e-03
1.914143562316894531e-02,4.403233528137207031e-03,-4.479587078094482422e-03
1.903748512268066406e-02,4.389047622680664062e-03,-4.360944032669067383e-03
1.897311210632324219e-02,4.395127296447753906e-03,-4.274100065231323242e-03
1.887118816375732422e-02,4.225492477416992188e-03,-4.224345088005065918e-03
1.876199245452880859e-02,4.125237464904785156e-03,-4.211425781250000000e-03
1.865684986114501953e-02,4.055500030517578125e-03,-4.179731011390686035e-03
1.856291294097900391e-02,4.010796546936035156e-03,-4.112973809242248535e-03
1.851284503936767578e-02,3.919243812561035156e-03,-4.020288586616516113e-03
1.846551895141601562e-02,3.768801689147949219e-03,-3.939241170883178711e-03
1.843488216400146484e-02,3.651499748229980469e-03,-3.862872719764709473e-03
1.842641830444335938e-02,3.596782684326171875e-03,-3.825977444648742676e-03
1.843428611755371094e-02,3.534913063049316406e-03,-3.784194588661193848e-03
1.849830150604248047e-02,3.529906272888183594e-03,-3.725782036781311035e-03
1.855945587158203125e-02,3.548860549926757812e-03,-3.687605261802673340e-03
1.863169670104980469e-02,3.582596778869628906e-03,-3.628164529800415039e-03
1.869535446166992188e-02,3.623008728027343750e-03,-3.560885787010192871e-03
1.875030994415283203e-02,3.669857978820800781e-03,-3.486618399620056152e-03
1.880502700805664062e-02,3.719091415405273438e-03,-3.423213958740234375e-03
1.887273788452148438e-02,3.778100013732910156e-03,-3.390714526176452637e-03
1.893603801727294922e-02,3.883838653564453125e-03,-3.351107239723205566e-03
1.896882057189941406e-02,3.959417343139648438e-03,-3.261178731918334961e-03
1.896333694458007812e-02,4.059910774230957031e-03,-3.197595477104187012e-03
1.899039745330810547e-02,4.162192344665527344e-03,-3.146335482597351074e-03
1.903510093688964844e-02,4.272937774658203125e-03,-3.161802887916564941e-03
1.909589767456054688e-02,4.354000091552734375e-03,-3.176122903823852539e-03
1.918339729309082031e-02,4.428625106811523438e-03,-3.199458122253417969e-03
1.929628849029541016e-02,4.495263099670410156e-03,-3.230318427085876465e-03
1.936113834381103516e-02,4.549384117126464844e-03,-3.294199705123901367e-03
1.939094066619873047e-02,4.608035087585449219e-03,-3.359332680702209473e-03
1.941752433776855469e-02,4.762411117553710938e-03,-3.370240330696105957e-03
1.943874359130859375e-02,4.908442497253417969e-03,-3.417313098907470703e-03
1.947534084320068359e-02,5.075693130493164062e-03,-3.391385078430175781e-03
1.950371265411376953e-02,5.349755287170410156e-03,-3.385946154594421387e-03
1.957201957702636719e-02,5.579352378845214844e-03,-3.363266587257385254e-03
1.965546607971191406e-02,5.797505378723144531e-03,-3.358170390129089355e-03
1.974236965179443359e-02,5.992412567138671875e-03,-3.375619649887084961e-03
1.979839801788330078e-02,6.133794784545898438e-03,-3.425821661949157715e-03
1.984393596649169922e-02,6.331801414489746094e-03,-3.478601574897766113e-03
1.989173889160156250e-02,6.568789482116699219e-03,-3.542229533195495605e-03
1.995849609375000000e-02,6.782531738281250000e-03,-3.604233264923095703e-03
2.001261711120605469e-02,7.029652595520019531e-03,-3.707915544509887695e-03
2.009415626525878906e-02,7.269859313964843750e-03,-3.800749778747558594e-03
2.013611793518066406e-02,7.498502731323242188e-03,-3.922298550605773926e-03
2.012896537780761719e-02,7.702350616455078125e-03,-4.000306129455566406e-03
2.014529705047607422e-02,7.816791534423828125e-03,-4.059597849845886230e-03
2.015876770019531250e-02,7.946133613586425781e-03,-4.060581326484680176e-03
2.016174793243408203e-02,8.063673973083496094e-03,-4.019081592559814453e-03
2.016556262969970703e-02,8.171796798706054688e-03,-3.962904214859008789e-03
2.019095420837402344e-02,8.221268653869628906e-03,-3.791257739067077637e-03
2.022552490234375000e-02,8.191347122192382812e-03,-3.662988543510437012e-03
2.020239830017089844e-02,8.189678192138671875e-03,-3.552749752998352051e-03
2.017045021057128906e-02,8.205294609069824219e-03,-3.430008888244628906e-03
2.013230323791503906e-02,8.197307586669921875e-03,-3.305152058601379395e-03
2.008926868438720703e-02,8.106589317321777344e-03,-3.248646855354309082e-03
2.001500129699707031e-02,8.019447326660156250e-03,-3.193154931068420410e-03
1.994419097900390625e-02,7.894635200500488281e-03,-3.183498978614807129e-03
1.986300945281982422e-02,7.821321487426757812e-03,-3.138750791549682617e-03
1.980018615722656250e-02,7.746219635009765625e-03,-3.095045685768127441e-03
1.969003677368164062e-02,7.624268531799316406e-03,-3.131002187728881836e-03
1.961660385131835938e-02,7.523417472839355469e-03,-3.176078200340270996e-03
1.953947544097900391e-02,7.513999938964843750e-03,-3.222987055778503418e-03
1.947832107543945312e-02,7.529973983764648438e-03,-3.270506858825683594e-03
1.938450336456298828e-02,7.536292076110839844e-03,-3.318235278129577637e-03
1.933598518371582031e-02,7.561922073364257812e-03,-3.350079059600830078e-03
1.927816867828369141e-02,7.542967796325683594e-03,-3.336682915687561035e-03
1.925063133239746094e-02,7.551670074462890625e-03,-3.252908587455749512e-03
1.935482025146484375e-02,7.554650306701660156e-03,-3.155454993247985840e-03
1.941120624542236328e-02,7.558941841125488281e-03,-3.090843558311462402e-03
1.945376396179199219e-02,7.550597190856933594e-03,-3.034174442291259766e-03
1.949989795684814453e-02,7.556796073913574219e-03,-2.963662147521972656e-03
1.953089237213134766e-02,7.571697235107421875e-03,-2.924665808677673340e-03
1.948618888854980469e-02,7.642626762390136719e-03,-2.895399928092956543e-03
1.944243907928466797e-02,7.714748382568359375e-03,-2.831935882568359375e-03
1.936328411102294922e-02,7.781863212585449219e-03,-2.728506922721862793e-03
1.931524276733398438e-02,7.770419120788574219e-03,-2.649843692779541016e-03
1.924574375152587891e-02,7.783532142639160156e-03,-2.584055066108703613e-03
1.922464370727539062e-02,7.862925529479980469e-03,-2.490967512130737305e-03
1.918411254882812500e-02,7.967472076416015625e-03,-2.356886863708496094e-03
1.917374134063720703e-02,8.072495460510253906e-03,-2.239450812339782715e-03
1.917934417724609375e-02,8.163452148437500000e-03,-2.086520195007324219e-03
1.919019222259521484e-02,8.270144462585449219e-03,-1.919239759445190430e-03
1.922309398651123047e-02,8.377671241760253906e-03,-1.746118068695068359e-03
1.926672458648681641e-02,8.460640907287597656e-03,-1.612633466720581055e-03
1.929700374603271484e-02,8.472681045532226562e-03,-1.504182815551757812e-03
1.936507225036621094e-02,8.501887321472167969e-03,-1.443192362785339355e-03
1.940894126892089844e-02,8.548974990844726562e-03,-1.357644796371459961e-03
1.945602893829345703e-02,8.587360382080078125e-03,-1.276925206184387207e-03
1.954185962677001953e-02,8.640170097351074219e-03,-1.164808869361877441e-03
1.959729194641113281e-02,8.677124977111816406e-03,-1.016095280647277832e-03
1.970100402832031250e-02,8.699536323547363281e-03,-8.454322814941406250e-04
1.977682113647460938e-02,8.674263954162597656e-03,-6.470382213592529297e-04
1.982247829437255859e-02,8.672952651977539062e-03,-4.661083221435546875e-04
1.986610889434814453e-02,8.716940879821777344e-03,-3.056824207305908203e-04
1.991009712219238281e-02,8.742570877075195312e-03,-1.362413167953491211e-04
1.996469497680664062e-02,8.742928504943847656e-03,4.588067531585693359e-05
2.001798152923583984e-02,8.833289146423339844e-03,2.047270536422729492e-04
2.005636692047119141e-02,8.959412574768066406e-03,3.304332494735717773e-04
2.008664608001708984e-02,9.059548377990722656e-03,4.479289054870605469e-04
2.000510692596435547e-02,9.162664413452148438e-03,5.574673414230346680e-04
1.994419097900390625e-02,9.251713752746582031e-03,7.341206073760986328e-04
1.988291740417480469e-02,9.340167045593261719e-03,9.216815233230590820e-04
1.981425285339355469e-02,9.424209594726562500e-03,1.082807779312133789e-03
1.977741718292236328e-02,9.483098983764648438e-03,1.244068145751953125e-03
1.974666118621826172e-02,9.535670280456542969e-03,1.409366726875305176e-03
1.968204975128173828e-02,9.600996971130371094e-03,1.550480723381042480e-03
1.960849761962890625e-02,9.657621383666992188e-03,1.667410135269165039e-03
1.954054832458496094e-02,9.685754776000976562e-03,1.791477203369140625e-03
1.947176456451416016e-02,9.750962257385253906e-03,1.894623041152954102e-03
1.943552494049072266e-02,9.865880012512207031e-03,1.981154084205627441e-03
1.937603950500488281e-02,9.927749633789062500e-03,2.047196030616760254e-03
1.927661895751953125e-02,9.991765022277832031e-03,2.081006765365600586e-03
1.920175552368164062e-02,1.007723808288574219e-02,2.140954136848449707e-03
1.911342144012451172e-02,1.018857955932617188e-02,2.254992723464965820e-03
1.904165744781494141e-02,1.027953624725341797e-02,2.356216311454772949e-03
1.897692680358886719e-02,1.035332679748535156e-02,2.461493015289306641e-03
1.888000965118408203e-02,1.039743423461914062e-02,2.535209059715270996e-03
1.876509189605712891e-02,1.049935817718505859e-02,2.614468336105346680e-03
1.863873004913330078e-02,1.062953472137451172e-02,2.678975462913513184e-03
1.853251457214355469e-02,1.072716712951660156e-02,2.748668193817138672e-03
1.840233802795410156e-02,1.085925102233886719e-02,2.807065844535827637e-03
1.826322078704833984e-02,1.099777221679687500e-02,2.905279397964477539e-03
1.814901828765869141e-02,1.115632057189941406e-02,2.956405282020568848e-03
1.802945137023925781e-02,1.132488250732421875e-02,2.965807914733886719e-03
1.789796352386474609e-02,1.144349575042724609e-02,2.973601222038269043e-03
1.776421070098876953e-02,1.156246662139892578e-02,3.003910183906555176e-03
1.768028736114501953e-02,1.164841651916503906e-02,3.055214881896972656e-03
1.761150360107421875e-02,1.175630092620849609e-02,3.099113702774047852e-03
1.755023002624511719e-02,1.187014579772949219e-02,3.074720501899719238e-03
1.748895645141601562e-02,1.193988323211669922e-02,3.012999892234802246e-03
1.740598678588867188e-02,1.199591159820556641e-02,2.960070967674255371e-03
1.733386516571044922e-02,1.203644275665283203e-02,2.910301089286804199e-03
1.726579666137695312e-02,1.201951503753662109e-02,2.877980470657348633e-03
1.724445819854736328e-02,1.203787326812744141e-02,2.880707383155822754e-03
1.720261573791503906e-02,1.204264163970947266e-02,2.877280116081237793e-03
1.713848114013671875e-02,1.200819015502929688e-02,2.873331308364868164e-03
1.707732677459716797e-02,1.199519634246826172e-02,2.831190824508666992e-03
1.700377464294433594e-02,1.216459274291992188e-02,2.997159957885742188e-03
1.690077781677246094e-02,1.233088970184326172e-02,3.106415271759033203e-03
1.683485507965087891e-02,1.246440410614013672e-02,3.225222229957580566e-03
1.679670810699462891e-02,1.254081726074218750e-02,3.297537565231323242e-03
1.681065559387207031e-02,1.262056827545166016e-02,3.332480788230895996e-03
1.680111885070800781e-02,1.271665096282958984e-02,3.358259797096252441e-03
1.674199104309082031e-02,1.281642913818359375e-02,3.346040844917297363e-03
1.668834686279296875e-02,1.294195652008056641e-02,3.296926617622375488e-03
1.663136482238769531e-02,1.300764083862304688e-02,3.267347812652587891e-03
1.657843589782714844e-02,1.310551166534423828e-02,3.235787153244018555e-03
1.652896404266357422e-02,1.314830780029296875e-02,3.187522292137145996e-03
1.638793945312500000e-02,1.309978961944580078e-02,3.097936511039733887e-03
1.627171039581298828e-02,1.304638385772705078e-02,3.046125173568725586e-03
1.615965366363525391e-02,1.299464702606201172e-02,2.857536077499389648e-03
1.606786251068115234e-02,1.300525665283203125e-02,2.660661935806274414e-03
1.596879959106445312e-02,1.298904418945312500e-02,2.504259347915649414e-03
1.585876941680908203e-02,1.298546791076660156e-02,2.399310469627380371e-03
1.572036743164062500e-02,1.299643516540527344e-02,2.326041460037231445e-03
1.561808586120605469e-02,1.297914981842041016e-02,2.255186438560485840e-03
1.553201675415039062e-02,1.296663284301757812e-02,2.159237861633300781e-03
1.545310020446777344e-02,1.300323009490966797e-02,2.082049846649169922e-03
1.539731025695800781e-02,1.307404041290283203e-02,2.015739679336547852e-03
1.533973217010498047e-02,1.308286190032958984e-02,1.992821693420410156e-03
1.529598236083984375e-02,1.311993598937988281e-02,2.010822296142578125e-03
1.522588729858398438e-02,1.317310333251953125e-02,2.029940485954284668e-03
1.516091823577880859e-02,1.323032379150390625e-02,2.008497714996337891e-03
1.511812210083007812e-02,1.325523853302001953e-02,2.003952860832214355e-03
1.511323451995849609e-02,1.328492164611816406e-02,2.004832029342651367e-03
1.508438587188720703e-02,1.331245899200439453e-02,2.023771405220031738e-03
1.501762866973876953e-02,1.334500312805175781e-02,2.057194709777832031e-03
1.493513584136962891e-02,1.339006423950195312e-02,2.140358090400695801e-03
1.484930515289306641e-02,1.344001293182373047e-02,2.201288938522338867e-03
1.474153995513916016e-02,1.345539093017578125e-02,2.280473709106445312e-03
1.465594768524169922e-02,1.346743106842041016e-02,2.310961484909057617e-03
1.454913616180419922e-02,1.345932483673095703e-02,2.347618341445922852e-03
1.442396640777587891e-02,1.348125934600830078e-02,2.397418022155761719e-03
1.431167125701904297e-02,1.349794864654541016e-02,2.471491694450378418e-03
1.420199871063232422e-02,1.349270343780517578e-02,2.560332417488098145e-03
1.416277885437011719e-02,1.344430446624755859e-02,2.618581056594848633e-03
1.412928104400634766e-02,1.341724395751953125e-02,2.614647150039672852e-03
1.404368877410888672e-02,1.333081722259521484e-02,2.592340111732482910e-03
1.396250724792480469e-02,1.318848133087158203e-02,2.574652433395385742e-03
1.388537883758544922e-02,1.303017139434814453e-02,2.583071589469909668e-03
1.380848884582519531e-02,1.287102699279785156e-02,2.558946609497070312e-03
1.372873783111572266e-02,1.275873184204101562e-02,2.535268664360046387e-03
1.362979412078857422e-02,1.267087459564208984e-02,2.516701817512512207e-03
1.353430747985839844e-02,1.256024837493896484e-02,2.464145421981811523e-03
1.344656944274902344e-02,1.249146461486816406e-02,2.407342195510864258e-03
1.337707042694091797e-02,1.244485378265380859e-02,2.323612570762634277e-03
1.329672336578369141e-02,1.244878768920898438e-02,2.230599522590637207e-03
1.320707798004150391e-02,1.243984699249267578e-02,2.168446779251098633e-03
1.319432258605957031e-02,1.231145858764648438e-02,2.013072371482849121e-03
1.315689086914062500e-02,1.217865943908691406e-02,1.872181892395019531e-03
1.312053203582763672e-02,1.203465461730957031e-02,1.720413565635681152e-03
1.307606697082519531e-02,1.184868812561035156e-02,1.583889126777648926e-03
1.300227642059326172e-02,1.175308227539062500e-02,1.414924860000610352e-03
1.292860507965087891e-02,1.163291931152343750e-02,1.260221004486083984e-03
1.285982131958007812e-02,1.154685020446777344e-02,1.098975539207458496e-03
1.278614997863769531e-02,1.144206523895263672e-02,9.462237358093261719e-04
1.270365715026855469e-02,1.129722595214843750e-02,8.530765771865844727e-04
1.262438297271728516e-02,1.116323471069335938e-02,7.934570312500000000e-04
1.254367828369140625e-02,1.106560230255126953e-02,7.092505693435668945e-04
1.249492168426513672e-02,1.096689701080322266e-02,6.227791309356689453e-04
1.246738433837890625e-02,1.089525222778320312e-02,5.175173282623291016e-04
1.240658760070800781e-02,1.081264019012451172e-02,4.406571388244628906e-04
1.234090328216552734e-02,1.072347164154052734e-02,3.875494003295898438e-04
1.227307319641113281e-02,1.068615913391113281e-02,3.681778907775878906e-04
1.217401027679443359e-02,1.072490215301513672e-02,3.664940595626831055e-04
1.208603382110595703e-02,1.073765754699707031e-02,3.731399774551391602e-04
1.200532913208007812e-02,1.069104671478271484e-02,4.137903451919555664e-04
1.193559169769287109e-02,1.062989234924316406e-02,4.737824201583862305e-04
1.187312602996826172e-02,1.058101654052734375e-02,5.558729171752929688e-04
1.178097724914550781e-02,1.051831245422363281e-02,6.769299507141113281e-04
1.168608665466308594e-02,1.046466827392578125e-02,7.830262184143066406e-04
1.158547401428222656e-02,1.034426689147949219e-02,8.701831102371215820e-04
1.146459579467773438e-02,1.024210453033447266e-02,9.725391864776611328e-04
1.135706901550292969e-02,1.015257835388183594e-02,1.017630100250244141e-03
1.124572753906250000e-02,1.007699966430664062e-02,1.079514622688293457e-03
1.114261150360107422e-02,9.995222091674804688e-03,1.132309436798095703e-03
1.107120513916015625e-02,9.878993034362792969e-03,1.209914684295654297e-03
1.102924346923828125e-02,9.733438491821289062e-03,1.314476132392883301e-03
1.099109649658203125e-02,9.644269943237304688e-03,1.388058066368103027e-03
1.095783710479736328e-02,9.533047676086425781e-03,1.415058970451354980e-03
1.093852519989013672e-02,9.424448013305664062e-03,1.450255513191223145e-03
1.092696189880371094e-02,9.309053421020507812e-03,1.498863101005554199e-03
1.087427139282226562e-02,9.231805801391601562e-03,1.532167196273803711e-03
1.082587242126464844e-02,9.118556976318359375e-03,1.545727252960205078e-03
1.078903675079345703e-02,9.085297584533691406e-03,1.516610383987426758e-03
1.078557968139648438e-02,9.051680564880371094e-03,1.502826809883117676e-03
1.079607009887695312e-02,9.029626846313476562e-03,1.456037163734436035e-03
1.081335544586181641e-02,8.996963500976562500e-03,1.409143209457397461e-03
1.083743572235107422e-02,8.970141410827636719e-03,1.341074705123901367e-03
1.081061363220214844e-02,8.919358253479003906e-03,1.267805695533752441e-03
1.085245609283447266e-02,8.876681327819824219e-03,1.180008053779602051e-03
1.092493534088134766e-02,8.833765983581542969e-03,1.099750399589538574e-03
1.092517375946044922e-02,8.821964263916015625e-03,1.024395227432250977e-03
1.087868213653564453e-02,8.796215057373046875e-03,9.629279375076293945e-04
1.082825660705566406e-02,8.803606033325195312e-03,8.905231952667236328e-04
1.077330112457275391e-02,8.776664733886718750e-03,7.747858762741088867e-04
1.069748401641845703e-02,8.678436279296875000e-03,6.941407918930053711e-04
1.063048839569091797e-02,8.615136146545410156e-03,6.089210510253906250e-04
1.055324077606201172e-02,8.581757545471191406e-03,5.396902561187744141e-04
1.047313213348388672e-02,8.437752723693847656e-03,5.028098821640014648e-04
1.035213470458984375e-02,8.358001708984375000e-03,4.816502332687377930e-04
1.022243499755859375e-02,8.275270462036132812e-03,4.752874374389648438e-04
1.009178161621093750e-02,8.186578750610351562e-03,4.477649927139282227e-04
9.973049163818359375e-03,8.066296577453613281e-03,4.342347383499145508e-04
9.817957878112792969e-03,7.946133613586425781e-03,4.813820123672485352e-04
9.673833847045898438e-03,7.843494415283203125e-03,4.875957965850830078e-04
9.520292282104492188e-03,7.790923118591308594e-03,5.198419094085693359e-04
9.395122528076171875e-03,7.735133171081542969e-03,6.058663129806518555e-04
9.240865707397460938e-03,7.678508758544921875e-03,6.535053253173828125e-04
9.085416793823242188e-03,7.624268531799316406e-03,6.953328847885131836e-04
8.951902389526367188e-03,7.552862167358398438e-03,7.249712944030761719e-04
8.826851844787597656e-03,7.495880126953125000e-03,7.508546113967895508e-04
8.706092834472656250e-03,7.325291633605957031e-03,7.277131080627441406e-04
8.646368980407714844e-03,7.185578346252441406e-03,6.907284259796142578e-04
8.589625358581542969e-03,7.071971893310546875e-03,6.583780050277709961e-04
8.540868759155273438e-03,6.967782974243164062e-03,6.136596202850341797e-04
8.489966392517089844e-03,6.888031959533691406e-03,5.979686975479125977e-04
8.463621139526367188e-03,6.819844245910644531e-03,5.266070365905761719e-04
8.445382118225097656e-03,6.802797317504882812e-03,4.899203777313232422e-04
8.394956588745117188e-03,6.801605224609375000e-03,4.430711269378662109e-04
8.377313613891601562e-03,6.817936897277832031e-03,4.188567399978637695e-04
8.356451988220214844e-03,6.858468055725097656e-03,4.070252180099487305e-04
8.329749107360839844e-03,6.893992424011230469e-03,3.549456596374511719e-04
8.332252502441406250e-03,6.886720657348632812e-03,2.727806568145751953e-04
8.351087570190429688e-03,6.879329681396484375e-03,2.284944057464599609e-04
8.350014686584472656e-03,6.898045539855957031e-03,1.807957887649536133e-04
8.326649665832519531e-03,6.933212280273437500e-03,1.324415206909179688e-04
8.319616317749023438e-03,6.979823112487792969e-03,4.851818084716796875e-05
8.278965950012207031e-03,7.047057151794433594e-03,-1.427531242370605469e-05
8.256077766418457031e-03,7.146120071411132812e-03,-2.999603748321533203e-05
8.229136466979980469e-03,7.208585739135742188e-03,-4.333257675170898438e-05
8.249402046203613281e-03,7.257223129272460938e-03,-1.001507043838500977e-04
8.291602134704589844e-03,7.298946380615234375e-03,-1.601427793502807617e-04
8.328437805175781250e-03,7.378578186035156250e-03,-2.018660306930541992e-04
8.349418640136718750e-03,7.467150688171386719e-03,-2.837330102920532227e-04
8.355736732482910156e-03,7.521510124206542969e-03,-3.580451011657714844e-04
8.335590362548828125e-03,7.561326026916503906e-03,-4.076957702636718750e-04
8.340597152709960938e-03,7.579088211059570312e-03,-4.671216011047363281e-04
8.363842964172363281e-03,7.588982582092285156e-03,-5.360692739486694336e-04
8.411049842834472656e-03,7.622003555297851562e-03,-5.916208028793334961e-04
8.429527282714843750e-03,7.606625556945800781e-03,-6.394982337951660156e-04
8.439302444458007812e-03,7.497072219848632812e-03,-6.411522626876831055e-04
8.467435836791992188e-03,7.404804229736328125e-03,-5.986839532852172852e-04
8.473634719848632812e-03,7.278323173522949219e-03,-5.360096693038940430e-04
8.490800857543945312e-03,7.195472717285156250e-03,-4.381835460662841797e-04
8.503794670104980469e-03,7.179141044616699219e-03,-3.676712512969970703e-04
8.499264717102050781e-03,7.176041603088378906e-03,-2.450197935104370117e-04
8.482098579406738281e-03,7.178664207458496094e-03,-1.223087310791015625e-04
8.442044258117675781e-03,7.177948951721191406e-03,3.953278064727783203e-05
8.428812026977539062e-03,7.140159606933593750e-03,2.242624759674072266e-04
8.417487144470214844e-03,7.152199745178222656e-03,4.219412803649902344e-04
8.370161056518554688e-03,7.189989089965820312e-03,6.255060434341430664e-04
8.343935012817382812e-03,7.208108901977539062e-03,8.073598146438598633e-04
8.296251296997070312e-03,7.224440574645996094e-03,9.673535823822021484e-04
8.247375488281250000e-03,7.276415824890136719e-03,1.119375228881835938e-03
8.201599121093750000e-03,7.317185401916503906e-03,1.249194145202636719e-03
8.135795593261718750e-03,7.323384284973144531e-03,1.393660902976989746e-03
8.077383041381835938e-03,7.292151451110839844e-03,1.506641507148742676e-03
8.028268814086914062e-03,7.261991500854492188e-03,1.601904630661010742e-03
8.012771606445312500e-03,7.244944572448730469e-03,1.699462532997131348e-03
7.979869842529296875e-03,7.277846336364746094e-03,1.792430877685546875e-03
7.933616638183593750e-03,7.306933403015136719e-03,1.878738403320312500e-03
7.879614830017089844e-03,7.337689399719238281e-03,1.955464482307434082e-03
7.842779159545898438e-03,7.368087768554687500e-03,2.064391970634460449e-03
7.838368415832519531e-03,7.441282272338867188e-03,2.121701836585998535e-03
7.823228836059570312e-03,7.507205009460449219e-03,2.190977334976196289e-03
7.787942886352539062e-03,7.576465606689453125e-03,2.247557044029235840e-03
7.752418518066406250e-03,7.625818252563476562e-03,2.332136034965515137e-03
7.686614990234375000e-03,7.699131965637207031e-03,2.390652894973754883e-03
7.618427276611328125e-03,7.741570472717285156e-03,2.450332045555114746e-03
7.552266120910644531e-03,7.727146148681640625e-03,2.514705061912536621e-03
7.501244544982910156e-03,7.648468017578125000e-03,2.578124403953552246e-03
7.460832595825195312e-03,7.568359375000000000e-03,2.661317586898803711e-03
7.410407066345214844e-03,7.522702217102050781e-03,2.771228551864624023e-03
7.331252098083496094e-03,7.469296455383300781e-03,2.890124917030334473e-03
7.270216941833496094e-03,7.394671440124511719e-03,3.021612763404846191e-03
7.245421409606933594e-03,7.339596748352050781e-03,3.143459558486938477e-03
7.226824760437011719e-03,7.303476333618164062e-03,3.274425864219665527e-03
7.201671600341796875e-03,7.260680198669433594e-03,3.371536731719970703e-03
7.179617881774902344e-03,7.199048995971679688e-03,3.504186868667602539e-03
7.143735885620117188e-03,7.118344306945800781e-03,3.644585609436035156e-03
7.137179374694824219e-03,7.060766220092773438e-03,3.800630569458007812e-03
7.112383842468261719e-03,6.997704505920410156e-03,3.918007016181945801e-03
7.068395614624023438e-03,6.930470466613769531e-03,3.997832536697387695e-03
7.030129432678222656e-03,6.878733634948730469e-03,4.125311970710754395e-03
7.001638412475585938e-03,6.807804107666015625e-03,4.213914275169372559e-03
6.966948509216308594e-03,6.729841232299804688e-03,4.295945167541503906e-03
6.908416748046875000e-03,6.659269332885742188e-03,4.416987299919128418e-03
6.822705268859863281e-03,6.537795066833496094e-03,4.501476883888244629e-03
6.741523742675781250e-03,6.434679031372070312e-03,4.521027207374572754e-03
6.943464279174804688e-03,6.351828575134277344e-03,4.536911845207214355e-03
7.106542587280273438e-03,6.241321563720703125e-03,4.533007740974426270e-03
7.203578948974609375e-03,6.055831909179687500e-03,4.551038146018981934e-03
7.276535034179687500e-03,5.903363227844238281e-03,4.540026187896728516e-03
7.335662841796875000e-03,5.707383155822753906e-03,4.519075155258178711e-03
7.370591163635253906e-03,5.578756332397460938e-03,4.530578851699829102e-03
7.379770278930664062e-03,5.532383918762207031e-03,4.567354917526245117e-03
7.359504699707031250e-03,5.466818809509277344e-03,4.597067832946777344e-03
7.352471351623535156e-03,5.397319793701171875e-03,4.597961902618408203e-03
7.317304611206054688e-03,5.326509475708007812e-03,4.517495632171630859e-03
7.296919822692871094e-03,5.242228507995605469e-03,4.416659474372863770e-03
7.282972335815429688e-03,5.214333534240722656e-03,4.321068525314331055e-03
7.269144058227539062e-03,5.199193954467773438e-03,4.200354218482971191e-03
7.223248481750488281e-03,5.167007446289062500e-03,4.052147269248962402e-03
7.192730903625488281e-03,5.107045173645019531e-03,3.914862871170043945e-03
7.139444351196289062e-03,5.069971084594726562e-03,3.800079226493835449e-03
7.078170776367187500e-03,5.020141601562500000e-03,3.696784377098083496e-03
6.999492645263671875e-03,5.025029182434082031e-03,3.594607114791870117e-03
6.905913352966308594e-03,5.026459693908691406e-03,3.500133752822875977e-03
6.844401359558105469e-03,5.133748054504394531e-03,3.524631261825561523e-03
6.780743598937988281e-03,5.193710327148437500e-03,3.582373261451721191e-03
6.690621376037597656e-03,5.234718322753906250e-03,3.633171319961547852e-03
6.581783294677734375e-03,5.238056182861328125e-03,3.689110279083251953e-03
6.459236145019531250e-03,5.274534225463867188e-03,3.735423088073730469e-03
6.340384483337402344e-03,5.346536636352539062e-03,3.766685724258422852e-03
6.235957145690917969e-03,5.408287048339843750e-03,3.815442323684692383e-03
6.191134452819824219e-03,5.491971969604492188e-03,3.886446356773376465e-03
6.182670593261718750e-03,5.594134330749511719e-03,3.970429301261901855e-03
6.183862686157226562e-03,5.621075630187988281e-03,4.094213247299194336e-03
6.179690361022949219e-03,5.660295486450195312e-03,4.245817661285400391e-03
6.179451942443847656e-03,5.669832229614257812e-03,4.425749182701110840e-03
6.165504455566406250e-03,5.673408508300781250e-03,4.578784108161926270e-03
6.150841712951660156e-03,5.679965019226074219e-03,4.736110568046569824e-03
6.167888641357421875e-03,5.675315856933593750e-03,4.890918731689453125e-03
6.197094917297363281e-03,5.680799484252929688e-03,5.042493343353271484e-03
6.219148635864257812e-03,5.705714225769042969e-03,5.175039172172546387e-03
6.212472915649414062e-03,5.645275115966796875e-03,5.301564931869506836e-03
6.227016448974609375e-03,5.553841590881347656e-03,5.419626832008361816e-03
6.265401840209960938e-03,5.485415458679199219e-03,5.493298172950744629e-03
6.297469139099121094e-03,5.433082580566406250e-03,5.513116717338562012e-03
6.318092346191406250e-03,5.369186401367187500e-03,5.500063300132751465e-03
6.327033042907714844e-03,5.292773246765136719e-03,5.461484193801879883e-03
6.361484527587890625e-03,5.234479904174804688e-03,5.415856838226318359e-03
6.375789642333984375e-03,5.203247070312500000e-03,5.370467901229858398e-03
6.415963172912597656e-03,5.192875862121582031e-03,5.326047539710998535e-03
6.415247917175292969e-03,5.185842514038085938e-03,5.195185542106628418e-03
6.428360939025878906e-03,5.259394645690917969e-03,5.035579204559326172e-03
6.443619728088378906e-03,5.312323570251464844e-03,4.875347018241882324e-03
6.462812423706054688e-03,5.350470542907714844e-03,4.718318581581115723e-03
6.453394889831542969e-03,5.435109138488769531e-03,4.584610462188720703e-03
6.475329399108886719e-03,5.579948425292968750e-03,4.462867975234985352e-03
6.474137306213378906e-03,5.679726600646972656e-03,4.394307732582092285e-03
6.475329399108886719e-03,5.829215049743652344e-03,4.389941692352294922e-03
6.460547447204589844e-03,5.952954292297363281e-03,4.395544528961181641e-03
6.433725357055664062e-03,6.079554557800292969e-03,4.387795925140380859e-03
6.362438201904296875e-03,6.205201148986816406e-03,4.395499825477600098e-03
6.281733512878417969e-03,6.313323974609375000e-03,4.407688975334167480e-03
6.238818168640136719e-03,6.439924240112304688e-03,4.427194595336914062e-03
6.183505058288574219e-03,6.515264511108398438e-03,4.460126161575317383e-03
6.096839904785156250e-03,6.592631340026855469e-03,4.484787583351135254e-03
6.016731262207031250e-03,6.655693054199218750e-03,4.528671503067016602e-03
5.966305732727050781e-03,6.688475608825683594e-03,4.568755626678466797e-03
5.882859230041503906e-03,6.679654121398925781e-03,4.644721746444702148e-03
5.811452865600585938e-03,6.693124771118164062e-03,4.733428359031677246e-03
5.783438682556152344e-03,6.709575653076171875e-03,4.789069294929504395e-03
5.754590034484863281e-03,6.806969642639160156e-03,4.854172468185424805e-03
5.737900733947753906e-03,6.932854652404785156e-03,4.911243915557861328e-03
5.727052688598632812e-03,7.045626640319824219e-03,4.971489310264587402e-03
5.736708641052246094e-03,7.144570350646972656e-03,5.007728934288024902e-03
5.724906921386718750e-03,7.243037223815917969e-03,5.048781633377075195e-03
5.697369575500488281e-03,7.301330566406250000e-03,5.099490284919738770e-03
5.698204040527343750e-03,7.403492927551269531e-03,5.156382918357849121e-03
5.822658538818359375e-03,7.494926452636718750e-03,5.176886916160583496e-03
5.936384201049804688e-03,7.631063461303710938e-03,5.217805504798889160e-03
6.034135818481445312e-03,7.782578468322753906e-03,5.256265401840209961e-03
6.135821342468261719e-03,7.902622222900390625e-03,5.296051502227783203e-03
6.218671798706054688e-03,8.093833923339843750e-03,5.295231938362121582e-03
6.294131278991699219e-03,8.265495300292968750e-03,5.317449569702148438e-03
6.362080574035644531e-03,8.405804634094238281e-03,5.353778600692749023e-03
6.456613540649414062e-03,8.496880531311035156e-03,5.380719900131225586e-03
6.526112556457519531e-03,8.609652519226074219e-03,5.371838808059692383e-03
6.613492965698242188e-03,8.726477622985839844e-03,5.390986800193786621e-03
6.708145141601562500e-03,8.849501609802246094e-03,5.465641617774963379e-03
6.786584854125976562e-03,8.908987045288085938e-03,5.608558654785156250e-03
6.842970848083496094e-03,8.975744247436523438e-03,5.775660276412963867e-03
6.966948509216308594e-03,9.046196937561035156e-03,5.930110812187194824e-03
7.094979286193847656e-03,9.053707122802734375e-03,6.050258874893188477e-03
7.198691368103027344e-03,8.998394012451171875e-03,6.115406751632690430e-03
7.246613502502441406e-03,8.967041969299316406e-03,6.177574396133422852e-03
7.277607917785644531e-03,8.917093276977539062e-03,6.215348839759826660e-03
7.315754890441894531e-03,8.821010589599609375e-03,6.263613700866699219e-03
7.349848747253417969e-03,8.754849433898925781e-03,6.326884031295776367e-03
7.341265678405761719e-03,8.690834045410156250e-03,6.385013461112976074e-03
7.329463958740234375e-03,8.614897727966308594e-03,6.439849734306335449e-03
7.294774055480957031e-03,8.543133735656738281e-03,6.494015455245971680e-03
7.278800010681152344e-03,8.441329002380371094e-03,6.515771150588989258e-03
7.238149642944335938e-03,8.366584777832031250e-03,6.536126136779785156e-03
7.205724716186523438e-03,8.313894271850585938e-03,6.552040576934814453e-03
7.206559181213378906e-03,8.189797401428222656e-03,6.533011794090270996e-03
7.202267646789550781e-03,8.043885231018066406e-03,6.477564573287963867e-03
7.203578948974609375e-03,7.903337478637695312e-03,6.446912884712219238e-03
7.159709930419921875e-03,7.772445678710937500e-03,6.411761045455932617e-03
7.116675376892089844e-03,7.694721221923828125e-03,6.329625844955444336e-03
6.987929344177246094e-03,7.743239402770996094e-03,6.257072091102600098e-03
6.868839263916015625e-03,7.779002189636230469e-03,6.192311644554138184e-03
6.704807281494140625e-03,7.854819297790527344e-03,6.220713257789611816e-03
6.559014320373535156e-03,7.918834686279296875e-03,6.233766674995422363e-03
6.428837776184082031e-03,8.011221885681152344e-03,6.262287497520446777e-03
6.321549415588378906e-03,8.086085319519042969e-03,6.344035267829895020e-03
