2.455155178904533386e-02
2.455155178904533386e-02
2.404145896434783936e-02
2.372392266988754272e-02
2.304479479789733887e-02
2.239392325282096863e-02
2.187502756714820862e-02
2.121730707585811615e-02
2.106927707791328430e-02
2.094745635986328125e-02
2.094246074557304382e-02
2.110530622303485870e-02
2.115536853671073914e-02
2.121078222990036011e-02
2.142427116632461548e-02
2.159362472593784332e-02
2.171120792627334595e-02
2.187535166740417480e-02
2.210089191794395447e-02
2.235695533454418182e-02
