2.455155178904533386e-02
2.455155178904533386e-02
2.628290466964244843e-02
2.660080604255199432e-02
2.685162052512168884e-02
2.721322700381278992e-02
2.760774455964565277e-02
2.766433544456958771e-02
2.742558345198631287e-02
2.711226977407932281e-02
2.672583051025867462e-02
2.672583051025867462e-02
2.672583051025867462e-02
2.672583051025867462e-02
2.629396505653858185e-02
2.591575868427753448e-02
2.557174116373062134e-02
2.531216293573379517e-02
2.507869340479373932e-02
2.478066459298133850e-02
2.452808059751987457e-02
2.433164045214653015e-02
2.419430203735828400e-02
2.396461367607116699e-02
2.371910586953163147e-02
2.346042171120643616e-02
2.322803810238838196e-02
2.302349731326103210e-02
2.281256020069122314e-02
2.269885502755641937e-02
2.258481830358505249e-02
2.236352674663066864e-02
2.221482247114181519e-02
2.205117419362068176e-02
2.189362794160842896e-02
2.180202864110469818e-02
2.165954187512397766e-02
2.169954404234886169e-02
2.176917158067226410e-02
2.186643704771995544e-02
2.198253944516181946e-02
2.214532159268856049e-02
2.234780229628086090e-02
2.253843285143375397e-02
2.265235222876071930e-02
2.279025502502918243e-02
2.293612807989120483e-02
2.303143218159675598e-02
2.313521690666675568e-02
2.323477156460285187e-02
2.333038672804832458e-02
2.334349974989891052e-02
2.332300879061222076e-02
2.325367741286754608e-02
2.311038784682750702e-02
2.299183607101440430e-02
2.291062287986278534e-02
2.288104221224784851e-02
2.282561548054218292e-02
2.280334755778312683e-02
2.270462363958358765e-02
2.253369987010955811e-02
2.235162258148193359e-02
2.215408533811569214e-02
2.204288542270660400e-02
2.195672132074832916e-02
2.192870713770389557e-02
2.194692194461822510e-02
2.190475352108478546e-02
2.174311690032482147e-02
2.163633517920970917e-02
2.155275829136371613e-02
2.160300500690937042e-02
2.170740813016891479e-02
2.187592163681983948e-02
2.201768197119235992e-02
2.203433960676193237e-02
2.207879908382892609e-02
2.216889150440692902e-02
2.213913574814796448e-02
2.212015539407730103e-02
2.208693511784076691e-02
2.207242883741855621e-02
2.210743725299835205e-02
2.215092256665229797e-02
2.219589240849018097e-02
2.220360003411769867e-02
2.221052162349224091e-02
2.204351499676704407e-02
2.196656353771686554e-02
2.193107083439826965e-02
2.188230678439140320e-02
2.182943932712078094e-02
2.174374833703041077e-02
2.164657041430473328e-02
2.158434316515922546e-02
2.155250683426856995e-02
2.150498516857624054e-02
2.140952087938785553e-02
2.131063304841518402e-02
2.129246294498443604e-02
2.131242677569389343e-02
2.134268544614315033e-02
2.145267464220523834e-02
2.151447720825672150e-02
2.153917215764522552e-02
2.153181470930576324e-02
2.152676694095134735e-02
2.145776525139808655e-02
2.142805233597755432e-02
2.142978645861148834e-02
2.142978645861148834e-02
2.142978645861148834e-02
2.140241302549839020e-02
2.134029939770698547e-02
2.124997973442077637e-02
2.130811102688312531e-02
2.131551131606101990e-02
2.130336314439773560e-02
2.142336405813694000e-02
2.131771109998226166e-02
2.134470082819461823e-02
2.135777473449707031e-02
2.141975611448287964e-02
2.160344459116458893e-02
2.173307538032531738e-02
2.180952019989490509e-02
2.186286449432373047e-02
2.188833057880401611e-02
2.185959927737712860e-02
2.185837365686893463e-02
2.188158966600894928e-02
2.183873951435089111e-02
2.182494290173053741e-02
2.179881371557712555e-02
2.179473452270030975e-02
2.169941179454326630e-02
2.256808243691921234e-02
2.331817150115966797e-02
2.403960749506950378e-02
2.464847080409526825e-02
2.520885877311229706e-02
2.572795376181602478e-02
2.614937350153923035e-02
2.651282213628292084e-02
2.692464366555213928e-02
2.728151530027389526e-02
2.761225588619709015e-02
2.788085862994194031e-02
2.814485691487789154e-02
2.833347953855991364e-02
2.850505895912647247e-02
2.859261445701122284e-02
2.858718112111091614e-02
2.856830507516860962e-02
2.855504117906093597e-02
2.855356037616729736e-02
2.862004004418849945e-02
2.853755839169025421e-02
2.846060693264007568e-02
2.838017791509628296e-02
2.832639031112194061e-02
2.830012142658233643e-02
2.829419262707233429e-02
2.829034999012947083e-02
2.827648445963859558e-02
2.826674282550811768e-02
2.820910140872001648e-02
2.811095118522644043e-02
2.801393717527389526e-02
2.791914716362953186e-02
2.787780016660690308e-02
2.779580093920230865e-02
2.770602330565452576e-02
2.759675122797489166e-02
2.748360857367515564e-02
2.728861756622791290e-02
2.707642689347267151e-02
2.691432461142539978e-02
2.673172950744628906e-02
2.656570822000503540e-02
2.641605585813522339e-02
2.631505578756332397e-02
2.623640187084674835e-02
2.613904513418674469e-02
2.600884623825550079e-02
2.585707418620586395e-02
2.571796998381614685e-02
2.560559287667274475e-02
2.552659809589385986e-02
2.542453072965145111e-02
2.533992007374763489e-02
2.530466020107269287e-02
2.526094950735569000e-02
2.524651214480400085e-02
2.517636679112911224e-02
2.510433457791805267e-02
2.502441778779029846e-02
2.495955862104892731e-02
2.485177107155323029e-02
2.470144815742969513e-02
2.452176995575428009e-02
2.434929832816123962e-02
2.416757866740226746e-02
2.402769960463047028e-02
2.390076220035552979e-02
2.375923842191696167e-02
2.359841950237751007e-02
2.344893664121627808e-02
2.325293794274330139e-02
2.306352742016315460e-02
2.291056141257286072e-02
2.277034148573875427e-02
2.263609878718852997e-02
2.246563509106636047e-02
2.231435663998126984e-02
2.215017192065715790e-02
2.198282256722450256e-02
2.180265448987483978e-02
2.162656374275684357e-02
2.142612077295780182e-02
2.123030088841915131e-02
2.109478414058685303e-02
2.099180035293102264e-02
2.084711752831935883e-02
2.068392001092433929e-02
2.048402465879917145e-02
2.035755291581153870e-02
2.021890878677368164e-02
2.011845633387565613e-02
2.004237845540046692e-02
2.004237845540046692e-02
1.996608078479766846e-02
1.993840746581554413e-02
1.993328332901000977e-02
1.995973847806453705e-02
1.997982710599899292e-02
2.004652842879295349e-02
2.011109143495559692e-02
2.017967961728572845e-02
2.027972415089607239e-02
2.032759040594100952e-02
2.040263637900352478e-02
2.048683911561965942e-02
2.057069912552833557e-02
2.062228135764598846e-02
2.066942490637302399e-02
2.072018012404441833e-02
2.073283120989799500e-02
2.074907533824443817e-02
2.075276523828506470e-02
2.075001783668994904e-02
2.070406265556812286e-02
2.067496255040168762e-02
2.057039178907871246e-02
2.047502994537353516e-02
2.036114223301410675e-02
2.021501585841178894e-02
2.010568976402282715e-02
1.997165381908416748e-02
1.988271810114383698e-02
1.983615942299365997e-02
1.984608545899391174e-02
1.985145732760429382e-02
1.983514986932277679e-02
1.983888633549213409e-02
1.987167261540889740e-02
1.988015510141849518e-02
1.990868523716926575e-02
1.997618377208709717e-02
2.002586610615253448e-02
2.004428394138813019e-02
2.006197534501552582e-02
2.009451948106288910e-02
2.006815373897552490e-02
2.006566710770130157e-02
2.007205225527286530e-02
2.009535953402519226e-02
2.012103796005249023e-02
2.010843902826309204e-02
2.008202858269214630e-02
2.003548480570316315e-02
1.998264156281948090e-02
1.987881585955619812e-02
1.977139338850975037e-02
1.967954076826572418e-02
1.961258426308631897e-02
1.958003267645835876e-02
1.958548836410045624e-02
1.962863467633724213e-02
1.966604776680469513e-02
1.973420567810535431e-02
1.980481110513210297e-02
1.987889595329761505e-02
1.993894577026367188e-02
1.998611912131309509e-02
2.004383504390716553e-02
2.007432654500007629e-02
2.009331434965133667e-02
2.009106241166591644e-02
2.011704072356224060e-02
2.011298760771751404e-02
2.009830251336097717e-02
2.003808878362178802e-02
1.999852992594242096e-02
1.995739899575710297e-02
1.993221789598464966e-02
1.995195262134075165e-02
2.003083191812038422e-02
2.007641829550266266e-02
2.011809684336185455e-02
2.018372714519500732e-02
2.020717971026897430e-02
2.026876993477344513e-02
2.028875797986984253e-02
2.032184787094593048e-02
2.035281807184219360e-02
2.035761438310146332e-02
2.033863402903079987e-02
2.033265493810176849e-02
2.035302296280860901e-02
2.039760164916515350e-02
2.041644416749477386e-02
2.042744494974613190e-02
2.042746543884277344e-02
2.039231732487678528e-02
2.036350592970848083e-02
2.032584324479103088e-02
2.027997374534606934e-02
2.026231586933135986e-02
2.023364230990409851e-02
2.025811187922954559e-02
2.024763822555541992e-02
2.023484930396080017e-02
2.021552063524723053e-02
2.013884857296943665e-02
2.004853636026382446e-02
2.000841498374938965e-02
1.999759115278720856e-02
1.999509520828723907e-02
2.003026753664016724e-02
2.008599787950515747e-02
2.009292319416999817e-02
2.010738477110862732e-02
2.014721184968948364e-02
2.024864591658115387e-02
2.029204182326793671e-02
2.032301761209964752e-02
2.033761516213417053e-02
2.035548910498619080e-02
2.035249769687652588e-02
2.033062279224395752e-02
2.033700607717037201e-02
2.035823091864585876e-02
2.029600925743579865e-02
2.023512311279773712e-02
2.018354646861553192e-02
2.009283378720283508e-02
1.997956819832324982e-02
1.984528638422489166e-02
1.973246224224567413e-02
1.961526274681091309e-02
1.949429884552955627e-02
1.934725232422351837e-02
1.931208930909633636e-02
1.928147301077842712e-02
1.925930380821228027e-02
1.926531270146369934e-02
1.927090249955654144e-02
1.927046850323677063e-02
1.925750076770782471e-02
1.927106454968452454e-02
1.930944249033927917e-02
1.937088929116725922e-02
1.943144388496875763e-02
1.950304023921489716e-02
1.957729458808898926e-02
1.965232752263545990e-02
1.979698054492473602e-02
1.993323303759098053e-02
2.008418925106525421e-02
2.018974348902702332e-02
2.026753686368465424e-02
2.036297880113124847e-02
2.044871821999549866e-02
2.049994468688964844e-02
2.052436023950576782e-02
2.051629871129989624e-02
2.048104815185070038e-02
2.045765519142150879e-02
2.038487792015075684e-02
2.032258734107017517e-02
2.023956365883350372e-02
2.016801014542579651e-02
2.010367438197135925e-02
2.000696584582328796e-02
1.987439580261707306e-02
1.972755230963230133e-02
1.956981047987937927e-02
1.944229938089847565e-02
1.926859095692634583e-02
1.908333040773868561e-02
1.897211559116840363e-02
1.891919039189815521e-02
1.888400502502918243e-02
1.885282620787620544e-02
1.885109208524227142e-02
1.885890401899814606e-02
1.886952854692935944e-02
1.888456940650939941e-02
1.887626759707927704e-02
1.886579953134059906e-02
1.882881112396717072e-02
1.882008649408817291e-02
1.883084885776042938e-02
1.885459013283252716e-02
1.888245530426502228e-02
1.890919357538223267e-02
1.895938068628311157e-02
1.900360360741615295e-02
1.905535161495208740e-02
1.909085921943187714e-02
1.911124959588050842e-02
1.912086643278598785e-02
1.912643015384674072e-02
1.912762597203254700e-02
1.909958012402057648e-02
1.906701363623142242e-02
1.905868388712406158e-02
1.899438910186290741e-02
1.894912496209144592e-02
1.891894824802875519e-02
1.889827102422714233e-02
1.888539828360080719e-02
1.889654621481895447e-02
1.883571594953536987e-02
1.879213005304336548e-02
1.886988244950771332e-02
1.896337047219276428e-02
1.910309679806232452e-02
1.923005282878875732e-02
1.930420286953449249e-02
1.941143535077571869e-02
1.954603940248489380e-02
1.969294808804988861e-02
1.985113881528377533e-02
1.996559463441371918e-02
2.014028094708919525e-02
2.031015045940876007e-02
2.044713683426380157e-02
2.056727558374404907e-02
2.070317044854164124e-02
2.087103575468063354e-02
2.103828079998493195e-02
2.119001187384128571e-02
2.131340838968753815e-02
2.140028774738311768e-02
2.150900848209857941e-02
2.161333151161670685e-02
2.167093008756637573e-02
2.170665748417377472e-02
2.172658406198024750e-02
2.179484255611896515e-02
2.186368219554424286e-02
2.195926569402217865e-02
2.204390801489353180e-02
2.211026847362518311e-02
2.214659005403518677e-02
2.216772176325321198e-02
2.219980582594871521e-02
2.220868878066539764e-02
2.203276194632053375e-02
2.189225703477859497e-02
2.173872105777263641e-02
2.165168710052967072e-02
2.160624973475933075e-02
2.162024937570095062e-02
2.164005115628242493e-02
2.164007909595966339e-02
2.161690220236778259e-02
2.160047926008701324e-02
2.170163020491600037e-02
2.176878601312637329e-02
2.183953858911991119e-02
2.189343236386775970e-02
2.200854569673538208e-02
2.212663367390632629e-02
2.219248935580253601e-02
2.224986813962459564e-02
2.227991074323654175e-02
2.225724421441555023e-02
2.221081592142581940e-02
2.220681123435497284e-02
2.227398753166198730e-02
2.235491015017032623e-02
2.245283126831054688e-02
2.252764441072940826e-02
2.261435426771640778e-02
2.264277264475822449e-02
2.256033197045326233e-02
2.246114425361156464e-02
2.238765172660350800e-02
2.228770218789577484e-02
2.214665897190570831e-02
2.203343994915485382e-02
2.194711193442344666e-02
2.193747647106647491e-02
2.187921293079853058e-02
2.190231159329414368e-02
2.203613705933094025e-02
2.217338234186172485e-02
2.226738631725311279e-02
2.236415632069110870e-02
2.246959321200847626e-02
2.252778969705104828e-02
2.253250591456890106e-02
2.243898808956146240e-02
2.230213768780231476e-02
2.218262851238250732e-02
2.213292941451072693e-02
2.208861522376537323e-02
2.204477228224277496e-02
2.201633155345916748e-02
2.198150195181369781e-02
2.196273393929004669e-02
2.191959694027900696e-02
2.187173441052436829e-02
2.186905406415462494e-02
2.191011235117912292e-02
2.191847003996372223e-02
2.196825668215751648e-02
2.202790416777133942e-02
2.209671959280967712e-02
2.214681170880794525e-02
2.222972176969051361e-02
2.231793478131294250e-02
2.238522656261920929e-02
2.242452278733253479e-02
2.241766825318336487e-02
2.243822813034057617e-02
2.242210507392883301e-02
2.239865623414516449e-02
2.239664271473884583e-02
2.232426404953002930e-02
2.225560508668422699e-02
2.215269021689891815e-02
2.207786962389945984e-02
2.201290987432003021e-02
2.197698689997196198e-02
2.195755019783973694e-02
2.195120416581630707e-02
2.202800288796424866e-02
2.214367873966693878e-02
2.222207374870777130e-02
2.227783016860485077e-02
2.230983600020408630e-02
2.227201871573925018e-02
2.226986363530158997e-02
2.227846719324588776e-02
2.224045619368553162e-02
2.220833860337734222e-02
2.215661294758319855e-02
2.209658548235893250e-02
2.203396707773208618e-02
2.196343243122100830e-02
2.189010009169578552e-02
2.180989831686019897e-02
2.177438698709011078e-02
2.176699601113796234e-02
2.175988256931304932e-02
2.174693346023559570e-02
2.177880890667438507e-02
2.184197679162025452e-02
2.191914618015289307e-02
2.197563461959362030e-02
2.204502187669277191e-02
2.214564569294452667e-02
2.227364294230937958e-02
2.238480187952518463e-02
2.250457741320133209e-02
2.250133454799652100e-02
2.246803417801856995e-02
2.244485728442668915e-02
2.237197570502758026e-02
2.227110043168067932e-02
2.219649776816368103e-02
2.216287702322006226e-02
2.218519710004329681e-02
2.218435332179069519e-02
2.218560874462127686e-02
2.221285365521907806e-02
2.225570380687713623e-02
2.231108956038951874e-02
2.235400117933750153e-02
2.238489128649234772e-02
2.236651256680488586e-02
2.234091423451900482e-02
2.232883498072624207e-02
2.227491699159145355e-02
2.227541618049144745e-02
2.229850739240646362e-02
2.227659337222576141e-02
2.227056585252285004e-02
2.226460725069046021e-02
2.229144051671028137e-02
2.236185967922210693e-02
2.243954688310623169e-02
2.250205352902412415e-02
2.256029285490512848e-02
2.260850742459297180e-02
2.264788933098316193e-02
2.264841087162494659e-02
2.261679805815219879e-02
2.253936976194381714e-02
2.245786972343921661e-02
2.237381227314472198e-02
2.227872237563133240e-02
2.222644537687301636e-02
2.216792851686477661e-02
2.209701947867870331e-02
2.203696407377719879e-02
2.199325896799564362e-02
2.195125818252563477e-02
2.190897613763809204e-02
2.187272906303405762e-02
2.188654430210590363e-02
2.194724604487419128e-02
2.196347527205944061e-02
2.196513302624225616e-02
2.195159159600734711e-02
2.198813296854496002e-02
2.198270522058010101e-02
2.196721173822879791e-02
2.192888036370277405e-02
2.189365774393081665e-02
2.186585962772369385e-02
2.185348607599735260e-02
2.184352092444896698e-02
2.180449105799198151e-02
2.177369222044944763e-02
2.173976786434650421e-02
2.173932455480098724e-02
2.175162360072135925e-02
2.177591994404792786e-02
2.182054333388805389e-02
2.188287861645221710e-02
2.197926305234432220e-02
2.203946001827716827e-02
2.209309302270412445e-02
2.209219336509704590e-02
2.209222130477428436e-02
2.210555225610733032e-02
2.212902903556823730e-02
2.214130759239196777e-02
2.214084751904010773e-02
2.211710624396800995e-02
2.209099568426609039e-02
2.202778495848178864e-02
2.195926010608673096e-02
2.186863683164119720e-02
2.179580554366111755e-02
2.171965874731540680e-02
2.166372910141944885e-02
2.163736335933208466e-02
2.165222167968750000e-02
2.175213024020195007e-02
2.188156172633171082e-02
2.198606356978416443e-02
2.208388410508632660e-02
2.215388603508472443e-02
2.222091704607009888e-02
2.224869281053543091e-02
2.224001102149486542e-02
2.218436263501644135e-02
2.207376249134540558e-02
2.196365222334861755e-02
2.186571247875690460e-02
2.180472202599048615e-02
2.177340909838676453e-02
2.181599661707878113e-02
2.189920656383037567e-02
2.199522405862808228e-02
2.214104309678077698e-02
2.226375229656696320e-02
2.237481437623500824e-02
2.242891117930412292e-02
2.243942022323608398e-02
2.239678800106048584e-02
2.235196158289909363e-02
2.226905524730682373e-02
2.215999737381935120e-02
2.206665463745594025e-02
2.200344949960708618e-02
2.193772606551647186e-02
2.190881222486495972e-02
2.194615826010704041e-02
2.202270179986953735e-02
2.215352654457092285e-02
2.225472219288349152e-02
2.229969017207622528e-02
2.229347825050354004e-02
2.229512296617031097e-02
2.229881472885608673e-02
2.226431667804718018e-02
2.227468229830265045e-02
2.229260280728340149e-02
2.231983840465545654e-02
2.232106961309909821e-02
2.234325930476188660e-02
2.235838584601879120e-02
2.233994938433170319e-02
2.235247567296028137e-02
2.236928418278694153e-02
2.240566164255142212e-02
2.246819809079170227e-02
2.248633094131946564e-02
2.244588918983936310e-02
2.241780236363410950e-02
2.239310368895530701e-02
2.235558442771434784e-02
2.230267599225044250e-02
2.228028140962123871e-02
2.222252450883388519e-02
2.217199094593524933e-02
2.211556024849414825e-02
2.205259352922439575e-02
2.200297079980373383e-02
2.194876968860626221e-02
2.190927229821681976e-02
2.191769890487194061e-02
2.195496857166290283e-02
2.198717743158340454e-02
2.209067530930042267e-02
2.218522317707538605e-02
2.224437892436981201e-02
2.228812687098979950e-02
2.232294715940952301e-02
2.227627485990524292e-02
2.221221290528774261e-02
2.213322557508945465e-02
2.205316536128520966e-02
2.196932397782802582e-02
2.186492457985877991e-02
2.175975032150745392e-02
2.161131985485553741e-02
2.148746326565742493e-02
2.137661725282669067e-02
2.127619273960590363e-02
2.121860533952713013e-02
2.120483666658401489e-02
2.126788906753063202e-02
2.135391347110271454e-02
2.141319774091243744e-02
2.146881073713302612e-02
2.148011885583400726e-02
2.144867368042469025e-02
2.142524346709251404e-02
2.143504098057746887e-02
2.147967927157878876e-02
2.154665812849998474e-02
2.158644050359725952e-02
2.159957773983478546e-02
2.159036137163639069e-02
2.152519300580024719e-02
2.149227634072303772e-02
2.151978388428688049e-02
2.158988080918788910e-02
2.168602868914604187e-02
2.173755876719951630e-02
2.176514826714992523e-02
2.177290618419647217e-02
2.180296741425991058e-02
2.185473963618278503e-02
2.192171663045883179e-02
2.198806963860988617e-02
2.202672883868217468e-02
2.205622754991054535e-02
2.207068353891372681e-02
2.207479067146778107e-02
2.210745587944984436e-02
2.209263108670711517e-02
2.202763222157955170e-02
2.193281427025794983e-02
2.185096219182014465e-02
2.176355198025703430e-02
2.173268981277942657e-02
2.177306823432445526e-02
2.183243818581104279e-02
2.189991623163223267e-02
2.197590842843055725e-02
2.205031923949718475e-02
2.212579175829887390e-02
2.217429876327514648e-02
2.221196889877319336e-02
2.223551832139492035e-02
2.223431318998336792e-02
2.220710180699825287e-02
2.214942686259746552e-02
2.212089486420154572e-02
2.208751067519187927e-02
2.205826155841350555e-02
2.201119437813758850e-02
2.194714918732643127e-02
2.187757939100265503e-02
2.183178626000881195e-02
2.178056538105010986e-02
2.176712639629840851e-02
2.174067497253417969e-02
2.175609953701496124e-02
2.180810645222663879e-02
2.182796783745288849e-02
2.191017940640449524e-02
2.200553752481937408e-02
2.210276946425437927e-02
2.212422899901866913e-02
2.212637662887573242e-02
2.215703576803207397e-02
2.221544645726680756e-02
2.224694006145000458e-02
2.230047062039375305e-02
2.232760749757289886e-02
2.237998880445957184e-02
2.240968495607376099e-02
2.241814881563186646e-02
2.232976444065570831e-02
2.223663777112960815e-02
2.212648093700408936e-02
2.203212305903434753e-02
2.193733863532543182e-02
2.184857800602912903e-02
2.177469059824943542e-02
2.172390930354595184e-02
2.121582441031932831e-02
2.087320573627948761e-02
2.062923274934291840e-02
2.039500698447227478e-02
2.021743170917034149e-02
2.008989639580249786e-02
1.998130045831203461e-02
1.989332213997840881e-02
1.979456096887588501e-02
1.970181800425052643e-02
1.961305737495422363e-02
1.951506733894348145e-02
1.941055059432983398e-02
1.931953057646751404e-02
1.921713538467884064e-02
1.910736039280891418e-02
1.898446865379810333e-02
1.885619945824146271e-02
1.873306930065155029e-02
1.861848123371601105e-02
1.854146830737590790e-02
1.847524568438529968e-02
1.843583397567272186e-02
1.841219142079353333e-02
1.841320842504501343e-02
1.841875724494457245e-02
1.839682459831237793e-02
1.837674155831336975e-02
1.835734583437442780e-02
1.833673380315303802e-02
1.832367293536663055e-02
1.830765791237354279e-02
1.831472478806972504e-02
1.830721646547317505e-02
1.830849051475524902e-02
1.847648248076438904e-02
1.860385015606880188e-02
1.869996450841426849e-02
1.876050233840942383e-02
1.880037598311901093e-02
1.882356032729148865e-02
1.883410662412643433e-02
1.880690082907676697e-02
1.874444447457790375e-02
1.866033859550952911e-02
1.856852136552333832e-02
1.849284023046493530e-02
1.840933784842491150e-02
1.832721382379531860e-02
1.825952157378196716e-02
1.820217072963714600e-02
1.818675547838211060e-02
1.817661896347999573e-02
1.813655346632003784e-02
1.808750070631504059e-02
1.805464923381805420e-02
1.803760603070259094e-02
1.804073713719844818e-02
1.803766377270221710e-02
1.803294755518436432e-02
1.803585886955261230e-02
1.802703179419040680e-02
1.801839843392372131e-02
1.802487112581729889e-02
1.804325543344020844e-02
1.805966533720493317e-02
1.808549091219902039e-02
1.811077818274497986e-02
1.813905872404575348e-02
1.818692684173583984e-02
1.824067719280719757e-02
1.828433014452457428e-02
1.831951923668384552e-02
1.835492625832557678e-02
1.838784292340278625e-02
1.839393004775047302e-02
1.838393323123455048e-02
1.837053708732128143e-02
1.835329458117485046e-02
1.833494938910007477e-02
1.830244995653629303e-02
1.828753389418125153e-02
1.824485324323177338e-02
1.820763200521469116e-02
1.816872693598270416e-02
1.812375523149967194e-02
1.804787665605545044e-02
1.799555867910385132e-02
1.791374757885932922e-02
1.784470863640308380e-02
1.780361123383045197e-02
1.776052825152873993e-02
1.773480139672756195e-02
1.770491525530815125e-02
1.789085380733013153e-02
1.805945485830307007e-02
1.819815486669540405e-02
1.832084171473979950e-02
1.840790174901485443e-02
1.848843134939670563e-02
1.853649504482746124e-02
1.855834946036338806e-02
1.855730637907981873e-02
1.851333491504192352e-02
1.842205785214900970e-02
1.827655918896198273e-02
1.813776791095733643e-02
1.799122057855129242e-02
1.782754622399806976e-02
1.767740584909915924e-02
1.753467880189418793e-02
1.740213111042976379e-02
1.727668382227420807e-02
1.717960089445114136e-02
1.711604371666908264e-02
1.705990359187126160e-02
1.706116646528244019e-02
1.708784326910972595e-02
1.718392781913280487e-02
1.729694381356239319e-02
1.744421198964118958e-02
1.760632358491420746e-02
1.775866746902465820e-02
1.787451095879077911e-02
1.796409487724304199e-02
1.801460236310958862e-02
1.801757141947746277e-02
1.799396425485610962e-02
1.795661076903343201e-02
1.787673495709896088e-02
1.775486208498477936e-02
1.759297400712966919e-02
1.743075065314769745e-02
1.729084923863410950e-02
1.718663051724433899e-02
1.709926500916481018e-02
1.702354848384857178e-02
1.697253808379173279e-02
1.697043143212795258e-02
1.698760502040386200e-02
1.704932749271392822e-02
1.711654476821422577e-02
1.719885505735874176e-02
1.726875640451908112e-02
1.730936951935291290e-02
1.730662956833839417e-02
1.730636879801750183e-02
1.728629879653453827e-02
1.726407930254936218e-02
1.724112406373023987e-02
1.722816936671733856e-02
1.719706133008003235e-02
1.715883053839206696e-02
1.712702214717864990e-02
1.712458208203315735e-02
1.709291897714138031e-02
1.710006594657897949e-02
1.714091002941131592e-02
1.719869300723075867e-02
1.728514395654201508e-02
1.736124046146869659e-02
1.742798648774623871e-02
1.748240366578102112e-02
1.750602759420871735e-02
1.752953231334686279e-02
1.753556728363037109e-02
1.750786975026130676e-02
1.749514043331146240e-02
