-5.288553237915039062e-02,4.112726449966430664e-02,-6.104218959808349609e-02
-5.188560485839843750e-02,4.012727737426757812e-02,-6.004220247268676758e-02
-5.091667175292968750e-02,3.921467065811157227e-02,-6.040185689926147461e-02
-5.063986778259277344e-02,3.826689720153808594e-02,-5.982857942581176758e-02
-5.015110969543457031e-02,3.731089830398559570e-02,-5.938738584518432617e-02
-5.015110969543457031e-02,3.731089830398559570e-02,-5.938738584518432617e-02
-5.015110969543457031e-02,3.731089830398559570e-02,-5.938738584518432617e-02
-5.015110969543457031e-02,3.731089830398559570e-02,-5.938738584518432617e-02
-4.972577095031738281e-02,3.701490163803100586e-02,-5.879426002502441406e-02
-4.919075965881347656e-02,3.654414415359497070e-02,-5.807262659072875977e-02
-4.863739013671875000e-02,3.615576028823852539e-02,-5.728003382682800293e-02
-4.835081100463867188e-02,3.654694557189941406e-02,-5.648279190063476562e-02
-4.785585403442382812e-02,3.694283962249755859e-02,-5.572003126144409180e-02
-4.821968078613281250e-02,3.747570514678955078e-02,-5.506089329719543457e-02
-4.852485656738281250e-02,3.781425952911376953e-02,-5.435118079185485840e-02
-4.869437217712402344e-02,3.808045387268066406e-02,-5.367007851600646973e-02
-4.877972602844238281e-02,3.825438022613525391e-02,-5.300924181938171387e-02
-4.895043373107910156e-02,3.835856914520263672e-02,-5.240702629089355469e-02
-4.906010627746582031e-02,3.844773769378662109e-02,-5.187538266181945801e-02
-4.904580116271972656e-02,3.849887847900390625e-02,-5.134460330009460449e-02
-4.895901679992675781e-02,3.856128454208374023e-02,-5.082833766937255859e-02
-4.885077476501464844e-02,3.859907388687133789e-02,-5.026051402091979980e-02
-4.868960380554199219e-02,3.864675760269165039e-02,-4.971477389335632324e-02
-4.853820800781250000e-02,3.869253396987915039e-02,-4.924473166465759277e-02
-4.837298393249511719e-02,3.859543800354003906e-02,-4.866704344749450684e-02
-4.822731018066406250e-02,3.847223520278930664e-02,-4.812842607498168945e-02
-4.809641838073730469e-02,3.839075565338134766e-02,-4.768466949462890625e-02
-4.779553413391113281e-02,3.828251361846923828e-02,-4.720509052276611328e-02
-4.749393463134765625e-02,3.810268640518188477e-02,-4.672503471374511719e-02
-4.723787307739257812e-02,3.791552782058715820e-02,-4.624855518341064453e-02
-4.691529273986816406e-02,3.767973184585571289e-02,-4.580044746398925781e-02
-4.654884338378906250e-02,3.749179840087890625e-02,-4.544991254806518555e-02
-4.619121551513671875e-02,3.741645812988281250e-02,-4.517993330955505371e-02
-4.590582847595214844e-02,3.724771738052368164e-02,-4.493373632431030273e-02
-4.564332962036132812e-02,3.711545467376708984e-02,-4.462325572967529297e-02
-4.530906677246093750e-02,3.693819046020507812e-02,-4.425713419914245605e-02
-4.493236541748046875e-02,3.671258687973022461e-02,-4.391589760780334473e-02
-4.455494880676269531e-02,3.646427392959594727e-02,-4.370614886283874512e-02
-4.414701461791992188e-02,3.614377975463867188e-02,-4.351848363876342773e-02
-4.378366470336914062e-02,3.583443164825439453e-02,-4.328012466430664062e-02
-4.341959953308105469e-02,3.550595045089721680e-02,-4.297310113906860352e-02
-4.311442375183105469e-02,3.513878583908081055e-02,-4.262477159500122070e-02
-4.274964332580566406e-02,3.474801778793334961e-02,-4.227349162101745605e-02
-4.246902465820312500e-02,3.436219692230224609e-02,-4.201245307922363281e-02
-4.221343994140625000e-02,3.411722183227539062e-02,-4.175782203674316406e-02
-4.194593429565429688e-02,3.390628099441528320e-02,-4.161942005157470703e-02
-4.165220260620117188e-02,3.365916013717651367e-02,-4.142111539840698242e-02
-4.138684272766113281e-02,3.341907262802124023e-02,-4.123228788375854492e-02
-4.113841056823730469e-02,3.324133157730102539e-02,-4.108902812004089355e-02
-4.081916809082031250e-02,3.309345245361328125e-02,-4.092004895210266113e-02
-4.062390327453613281e-02,3.306233882904052734e-02,-4.083847999572753906e-02
-4.043459892272949219e-02,3.305906057357788086e-02,-4.067847132682800293e-02
-4.023504257202148438e-02,3.321391344070434570e-02,-4.041996598243713379e-02
-4.009652137756347656e-02,3.335285186767578125e-02,-4.012390971183776855e-02
-4.004025459289550781e-02,3.340327739715576172e-02,-3.979250788688659668e-02
-4.004764556884765625e-02,3.344720602035522461e-02,-3.940072655677795410e-02
-3.996658325195312500e-02,3.346186876296997070e-02,-3.905165195465087891e-02
-3.975033760070800781e-02,3.341370820999145508e-02,-3.867155313491821289e-02
-3.952836990356445312e-02,3.332829475402832031e-02,-3.834113478660583496e-02
-3.929829597473144531e-02,3.333032131195068359e-02,-3.814491629600524902e-02
-3.912258148193359375e-02,3.329950571060180664e-02,-3.784912824630737305e-02
-3.895473480224609375e-02,3.321635723114013672e-02,-3.753894567489624023e-02
-3.883051872253417969e-02,3.304648399353027344e-02,-3.720715641975402832e-02
-3.862667083740234375e-02,3.279238939285278320e-02,-3.695492446422576904e-02
-3.849053382873535156e-02,3.262692689895629883e-02,-3.660726547241210938e-02
-3.834819793701171875e-02,3.250437974929809570e-02,-3.627268970012664795e-02
-3.821921348571777344e-02,3.237050771713256836e-02,-3.608554601669311523e-02
-3.811693191528320312e-02,3.229039907455444336e-02,-3.586634993553161621e-02
-3.790140151977539062e-02,3.208971023559570312e-02,-3.559219837188720703e-02
-3.772497177124023438e-02,3.187912702560424805e-02,-3.529419004917144775e-02
-3.757262229919433594e-02,3.162914514541625977e-02,-3.494724631309509277e-02
-3.755855560302734375e-02,3.134840726852416992e-02,-3.465460240840911865e-02
-3.752851486206054688e-02,3.106796741485595703e-02,-3.434151411056518555e-02
-3.748941421508789062e-02,3.082805871963500977e-02,-3.407397866249084473e-02
-3.744864463806152344e-02,3.055000305175781250e-02,-3.389339148998260498e-02
-3.739690780639648438e-02,3.028512001037597656e-02,-3.365246951580047607e-02
-3.718256950378417969e-02,3.003132343292236328e-02,-3.340227901935577393e-02
-3.689980506896972656e-02,2.973079681396484375e-02,-3.328321874141693115e-02
-3.657603263854980469e-02,2.944123744964599609e-02,-3.317975997924804688e-02
-3.631448745727539062e-02,2.914965152740478516e-02,-3.324939310550689697e-02
-3.593325614929199219e-02,2.878886461257934570e-02,-3.352740406990051270e-02
-3.546452522277832031e-02,2.831101417541503906e-02,-3.375242650508880615e-02
-3.501820564270019531e-02,2.791506052017211914e-02,-3.393654525279998779e-02
-3.459310531616210938e-02,2.759510278701782227e-02,-3.414878249168395996e-02
-3.412961959838867188e-02,2.730929851531982422e-02,-3.424261510372161865e-02
-3.368520736694335938e-02,2.700507640838623047e-02,-3.430217504501342773e-02
-3.322649002075195312e-02,2.665239572525024414e-02,-3.441958129405975342e-02
-3.284192085266113281e-02,2.634418010711669922e-02,-3.453800082206726074e-02
-3.258872032165527344e-02,2.642059326171875000e-02,-3.479868173599243164e-02
-3.227114677429199219e-02,2.648097276687622070e-02,-3.506328165531158447e-02
-3.183174133300781250e-02,2.654027938842773438e-02,-3.530082106590270996e-02
-3.140807151794433594e-02,2.651166915893554688e-02,-3.547491133213043213e-02
-3.097796440124511719e-02,2.643263339996337891e-02,-3.553226590156555176e-02
-3.055858612060546875e-02,2.637988328933715820e-02,-3.563731908798217773e-02
-3.014707565307617188e-02,2.632385492324829102e-02,-3.572539985179901123e-02
-2.979183197021484375e-02,2.629244327545166016e-02,-3.580166399478912354e-02
-2.946305274963378906e-02,2.623093128204345703e-02,-3.585408627986907959e-02
-2.910780906677246094e-02,2.612650394439697266e-02,-3.594675660133361816e-02
-2.883434295654296875e-02,2.606511116027832031e-02,-3.607082366943359375e-02
-2.858591079711914062e-02,2.594596147537231445e-02,-3.612336516380310059e-02
-2.827167510986328125e-02,2.575451135635375977e-02,-3.617681562900543213e-02
-2.796149253845214844e-02,2.560776472091674805e-02,-3.617693483829498291e-02
-2.768683433532714844e-02,2.540427446365356445e-02,-3.614209592342376709e-02
-2.745366096496582031e-02,2.526092529296875000e-02,-3.604017198085784912e-02
-2.721238136291503906e-02,2.512371540069580078e-02,-3.596764802932739258e-02
-2.704715728759765625e-02,2.494424581527709961e-02,-3.567381203174591064e-02
-2.681183815002441406e-02,2.479940652847290039e-02,-3.531317412853240967e-02
-2.661871910095214844e-02,2.461570501327514648e-02,-3.483925759792327881e-02
-2.648735046386718750e-02,2.440202236175537109e-02,-3.442680835723876953e-02
-2.635884284973144531e-02,2.419024705886840820e-02,-3.398662805557250977e-02
-2.618718147277832031e-02,2.390933036804199219e-02,-3.320841491222381592e-02
-2.609610557556152344e-02,2.387702465057373047e-02,-3.231886029243469238e-02
-2.594995498657226562e-02,2.391195297241210938e-02,-3.143368661403656006e-02
-2.580404281616210938e-02,2.388888597488403320e-02,-3.056791424751281738e-02
-2.566385269165039062e-02,2.410352230072021484e-02,-2.989080548286437988e-02
-2.549171447753906250e-02,2.428627014160156250e-02,-2.925625443458557129e-02
-2.525949478149414062e-02,2.446001768112182617e-02,-2.865414321422576904e-02
-2.500867843627929688e-02,2.469730377197265625e-02,-2.812808752059936523e-02
-2.485203742980957031e-02,2.493375539779663086e-02,-2.761502563953399658e-02
-2.470493316650390625e-02,2.515763044357299805e-02,-2.706742286682128906e-02
-2.462768554687500000e-02,2.531164884567260742e-02,-2.654810249805450439e-02
-2.450108528137207031e-02,2.539712190628051758e-02,-2.603796124458312988e-02
-2.434611320495605469e-02,2.547568082809448242e-02,-2.559176087379455566e-02
-2.415895462036132812e-02,2.555817365646362305e-02,-2.514360845088958740e-02
-2.402114868164062500e-02,2.574968338012695312e-02,-2.468532323837280273e-02
-2.390289306640625000e-02,2.588862180709838867e-02,-2.431422472000122070e-02
-2.375006675720214844e-02,2.596789598464965820e-02,-2.406515181064605713e-02
-2.359104156494140625e-02,2.596724033355712891e-02,-2.387112379074096680e-02
-2.336263656616210938e-02,2.590590715408325195e-02,-2.368184924125671387e-02
-2.305364608764648438e-02,2.577096223831176758e-02,-2.350592613220214844e-02
-2.270150184631347656e-02,2.565288543701171875e-02,-2.333934605121612549e-02
-2.240204811096191406e-02,2.549773454666137695e-02,-2.320994436740875244e-02
-2.198839187622070312e-02,2.525836229324340820e-02,-2.316881716251373291e-02
-2.169322967529296875e-02,2.504575252532958984e-02,-2.313868701457977295e-02
-2.151584625244140625e-02,2.490651607513427734e-02,-2.310974895954132080e-02
-2.141356468200683594e-02,2.475947141647338867e-02,-2.311168611049652100e-02
-2.141737937927246094e-02,2.471351623535156250e-02,-2.313180267810821533e-02
-2.142572402954101562e-02,2.468353509902954102e-02,-2.312862873077392578e-02
-2.119588851928710938e-02,2.459800243377685547e-02,-2.302893996238708496e-02
-2.087831497192382812e-02,2.457618713378906250e-02,-2.290445566177368164e-02
-2.057027816772460938e-02,2.442616224288940430e-02,-2.257570624351501465e-02
-2.025294303894042969e-02,2.424615621566772461e-02,-2.230203151702880859e-02
-1.999378204345703125e-02,2.408522367477416992e-02,-2.212066948413848877e-02
-1.975154876708984375e-02,2.391046285629272461e-02,-2.193582057952880859e-02
-1.948857307434082031e-02,2.372789382934570312e-02,-2.171301841735839844e-02
-1.913714408874511719e-02,2.346205711364746094e-02,-2.147644758224487305e-02
-1.878523826599121094e-02,2.314448356628417969e-02,-2.123108506202697754e-02
-1.841378211975097656e-02,2.262324094772338867e-02,-2.097018063068389893e-02
-1.804041862487792969e-02,2.209329605102539062e-02,-2.066797018051147461e-02
-1.768445968627929688e-02,2.161061763763427734e-02,-2.033069729804992676e-02
-1.726865768432617188e-02,2.127939462661743164e-02,-1.995001733303070068e-02
-1.693677902221679688e-02,2.091008424758911133e-02,-1.965296268463134766e-02
-1.669716835021972656e-02,2.059143781661987305e-02,-1.947326958179473877e-02
-1.647973060607910156e-02,2.031022310256958008e-02,-1.927421987056732178e-02
-1.624941825866699219e-02,2.005714178085327148e-02,-1.890763640403747559e-02
-1.602578163146972656e-02,1.974552869796752930e-02,-1.859055459499359131e-02
-1.583170890808105469e-02,1.937121152877807617e-02,-1.832477748394012451e-02
-1.552939414978027344e-02,1.897501945495605469e-02,-1.807373762130737305e-02
-1.527690887451171875e-02,1.860356330871582031e-02,-1.786492764949798584e-02
-1.513910293579101562e-02,1.834607124328613281e-02,-1.776054501533508301e-02
-1.495766639709472656e-02,1.809847354888916016e-02,-1.768542826175689697e-02
-1.464009284973144531e-02,1.777738332748413086e-02,-1.759839057922363281e-02
-1.430511474609375000e-02,1.756995916366577148e-02,-1.756852865219116211e-02
-1.402783393859863281e-02,1.740568876266479492e-02,-1.758621633052825928e-02
-1.378250122070312500e-02,1.713836193084716797e-02,-1.756513118743896484e-02
-1.365232467651367188e-02,1.691246032714843750e-02,-1.758760213851928711e-02
-1.352334022521972656e-02,1.669669151306152344e-02,-1.738826930522918701e-02
-1.338982582092285156e-02,1.650547981262207031e-02,-1.723293960094451904e-02
-1.325416564941406250e-02,1.628118753433227539e-02,-1.701223850250244141e-02
-1.303958892822265625e-02,1.599752902984619141e-02,-1.677936315536499023e-02
-1.297354698181152344e-02,1.577532291412353516e-02,-1.655106246471405029e-02
-1.292490959167480469e-02,1.561629772186279297e-02,-1.634278893470764160e-02
-1.279973983764648438e-02,1.539570093154907227e-02,-1.603120565414428711e-02
-1.263618469238281250e-02,1.506572961807250977e-02,-1.584661006927490234e-02
-1.237845420837402344e-02,1.476877927780151367e-02,-1.566991209983825684e-02
-1.201844215393066406e-02,1.440852880477905273e-02,-1.545144617557525635e-02
-1.160311698913574219e-02,1.402938365936279297e-02,-1.528553664684295654e-02
-1.118087768554687500e-02,1.363092660903930664e-02,-1.507869362831115723e-02
-1.063394546508789062e-02,1.317775249481201172e-02,-1.481693983078002930e-02
-1.018404960632324219e-02,1.279830932617187500e-02,-1.455764472484588623e-02
-9.660720825195312500e-03,1.250910758972167969e-02,-1.433923840522766113e-02
-9.182214736938476562e-03,1.215142011642456055e-02,-1.418747007846832275e-02
-8.821249008178710938e-03,1.192808151245117188e-02,-1.410393416881561279e-02
-8.538484573364257812e-03,1.171177625656127930e-02,-1.405498385429382324e-02
-8.335113525390625000e-03,1.149743795394897461e-02,-1.405757665634155273e-02
-8.213281631469726562e-03,1.135200262069702148e-02,-1.406024396419525146e-02
-8.184432983398437500e-03,1.120787858963012695e-02,-1.413480937480926514e-02
-8.285999298095703125e-03,1.104760169982910156e-02,-1.419098675251007080e-02
-8.401870727539062500e-03,1.079332828521728516e-02,-1.416264474391937256e-02
-8.435010910034179688e-03,1.048815250396728516e-02,-1.407508552074432373e-02
-8.460283279418945312e-03,1.024562120437622070e-02,-1.407265663146972656e-02
-8.550882339477539062e-03,1.001632213592529297e-02,-1.405732333660125732e-02
-8.702278137207031250e-03,9.751737117767333984e-03,-1.397545635700225830e-02
-8.831977844238281250e-03,9.430050849914550781e-03,-1.391968131065368652e-02
-8.944272994995117188e-03,9.243190288543701172e-03,-1.383346319198608398e-02
-8.800268173217773438e-03,8.672952651977539062e-03,-1.380024850368499756e-02
-8.652925491333007812e-03,8.231341838836669922e-03,-1.376301050186157227e-02
-8.532047271728515625e-03,7.826626300811767578e-03,-1.368893682956695557e-02
-8.428335189819335938e-03,7.370412349700927734e-03,-1.364463567733764648e-02
-8.372068405151367188e-03,7.017254829406738281e-03,-1.358291506767272949e-02
-8.296012878417968750e-03,6.650328636169433594e-03,-1.364710927009582520e-02
-8.244752883911132812e-03,6.400644779205322266e-03,-1.366522908210754395e-02
-8.224487304687500000e-03,6.194531917572021484e-03,-1.368056237697601318e-02
-8.347272872924804688e-03,6.032407283782958984e-03,-1.366966962814331055e-02
-8.575439453125000000e-03,5.880117416381835938e-03,-1.363444328308105469e-02
-8.773565292358398438e-03,5.743920803070068359e-03,-1.359190046787261963e-02
-8.997440338134765625e-03,5.618870258331298828e-03,-1.347641646862030029e-02
-9.191989898681640625e-03,5.440235137939453125e-03,-1.341648399829864502e-02
-9.360074996948242188e-03,5.340754985809326172e-03,-1.331458985805511475e-02
-9.542703628540039062e-03,5.175292491912841797e-03,-1.312899589538574219e-02
-9.669303894042968750e-03,4.896283149719238281e-03,-1.261994242668151855e-02
-9.912729263305664062e-03,4.637181758880615234e-03,-1.203836500644683838e-02
-1.008176803588867188e-02,4.368484020233154297e-03,-1.154892146587371826e-02
-1.012015342712402344e-02,4.108726978302001953e-03,-1.101727783679962158e-02
-1.020479202270507812e-02,3.903985023498535156e-03,-1.050062477588653564e-02
-1.028585433959960938e-02,3.647029399871826172e-03,-1.002858579158782959e-02
-1.035404205322265625e-02,3.446519374847412109e-03,-9.627878665924072266e-03
-1.046752929687500000e-02,3.296971321105957031e-03,-9.212225675582885742e-03
-1.050543785095214844e-02,3.098547458648681641e-03,-8.709073066711425781e-03
-1.043891906738281250e-02,2.861320972442626953e-03,-8.325919508934020996e-03
-1.026272773742675781e-02,2.567350864410400391e-03,-7.938995957374572754e-03
-9.831428527832031250e-03,2.153217792510986328e-03,-7.660418748855590820e-03
-9.455442428588867188e-03,1.724541187286376953e-03,-7.364347577095031738e-03
-9.124040603637695312e-03,1.265883445739746094e-03,-7.059529423713684082e-03
-8.766651153564453125e-03,8.773803710937500000e-04,-6.760522723197937012e-03
-8.530855178833007812e-03,5.467534065246582031e-04,-6.426990032196044922e-03
-8.264303207397460938e-03,1.962780952453613281e-04,-5.998820066452026367e-03
-7.920265197753906250e-03,-2.649426460266113281e-04,-5.578264594078063965e-03
-7.526397705078125000e-03,-7.464289665222167969e-04,-5.084857344627380371e-03
-7.062196731567382812e-03,-1.317977905273437500e-03,-4.626870155334472656e-03
-6.516695022583007812e-03,-2.035856246948242188e-03,-4.183441400527954102e-03
-5.960702896118164062e-03,-2.719759941101074219e-03,-3.749713301658630371e-03
-5.128383636474609375e-03,-3.416478633880615234e-03,-3.439351916313171387e-03
-4.409790039062500000e-03,-4.087805747985839844e-03,-3.193020820617675781e-03
-3.586053848266601562e-03,-4.723668098449707031e-03,-2.960219979286193848e-03
-2.853155136108398438e-03,-5.264878273010253906e-03,-2.735644578933715820e-03
-2.137899398803710938e-03,-5.805969238281250000e-03,-2.467617392539978027e-03
-1.479625701904296875e-03,-6.264865398406982422e-03,-2.208039164543151855e-03
-8.373260498046875000e-04,-6.696462631225585938e-03,-1.850977540016174316e-03
-3.199577331542968750e-04,-7.031500339508056641e-03,-1.409769058227539062e-03
6.556510925292968750e-05,-7.239282131195068359e-03,-9.771138429641723633e-04
4.320144653320312500e-04,-7.384598255157470703e-03,-4.143416881561279297e-04
7.250308990478515625e-04,-7.500350475311279297e-03,1.965314149856567383e-04
1.072406768798828125e-03,-7.466137409210205078e-03,6.777346134185791016e-04
1.235008239746093750e-03,-7.273554801940917969e-03,1.193448901176452637e-03
1.461505889892578125e-03,-7.190883159637451172e-03,1.823797821998596191e-03
1.567840576171875000e-03,-6.968557834625244141e-03,2.466425299644470215e-03
1.998662948608398438e-03,-6.772875785827636719e-03,3.115370869636535645e-03
2.462625503540039062e-03,-6.606459617614746094e-03,3.642708063125610352e-03
2.961158752441406250e-03,-6.312906742095947266e-03,4.187360405921936035e-03
3.235340118408203125e-03,-6.009340286254882812e-03,4.648327827453613281e-03
3.490209579467773438e-03,-5.722463130950927734e-03,5.104973912239074707e-03
3.795385360717773438e-03,-5.333483219146728516e-03,5.466982722282409668e-03
4.164457321166992188e-03,-5.179524421691894531e-03,5.690395832061767578e-03
4.809379577636718750e-03,-5.057275295257568359e-03,5.779534578323364258e-03
5.429029464721679688e-03,-5.092501640319824219e-03,5.699530243873596191e-03
5.967855453491210938e-03,-5.062937736511230469e-03,5.645707249641418457e-03
6.457567214965820312e-03,-5.037367343902587891e-03,5.564659833908081055e-03
6.831884384155273438e-03,-4.866838455200195312e-03,5.437567830085754395e-03
7.118463516235351562e-03,-4.660546779632568359e-03,5.271688103675842285e-03
7.328510284423828125e-03,-4.369318485260009766e-03,5.166113376617431641e-03
7.585763931274414062e-03,-4.086136817932128906e-03,5.016744136810302734e-03
7.952690124511718750e-03,-3.914415836334228516e-03,4.804939031600952148e-03
8.212089538574218750e-03,-3.656148910522460938e-03,4.511252045631408691e-03
8.493423461914062500e-03,-3.440201282501220703e-03,4.250690340995788574e-03
8.788347244262695312e-03,-3.203094005584716797e-03,3.992855548858642578e-03
8.971929550170898438e-03,-2.857983112335205078e-03,3.783449530601501465e-03
9.067296981811523438e-03,-2.525687217712402344e-03,3.644824028015136719e-03
9.213685989379882812e-03,-2.274036407470703125e-03,3.632187843322753906e-03
9.341239929199218750e-03,-2.124369144439697266e-03,3.649264574050903320e-03
9.359359741210937500e-03,-1.918137073516845703e-03,3.607958555221557617e-03
9.323120117187500000e-03,-1.718580722808837891e-03,3.651544451713562012e-03
9.355545043945312500e-03,-1.630604267120361328e-03,3.672242164611816406e-03
9.330034255981445312e-03,-1.548767089843750000e-03,3.715321421623229980e-03
9.351968765258789062e-03,-1.430511474609375000e-03,3.741487860679626465e-03
9.414434432983398438e-03,-1.375913619995117188e-03,3.863781690597534180e-03
9.497880935668945312e-03,-1.351952552795410156e-03,3.989443182945251465e-03
9.864568710327148438e-03,-1.334488391876220703e-03,4.309818148612976074e-03
1.034903526306152344e-02,-1.343965530395507812e-03,4.745304584503173828e-03
1.080131530761718750e-02,-1.330256462097167969e-03,5.102992057800292969e-03
1.122236251831054688e-02,-1.296281814575195312e-03,5.355358123779296875e-03
1.160550117492675781e-02,-1.236259937286376953e-03,5.577936768531799316e-03
1.179146766662597656e-02,-9.891390800476074219e-04,5.791515111923217773e-03
1.192045211791992188e-02,-6.843805313110351562e-04,5.928710103034973145e-03
1.206231117248535156e-02,-4.825592041015625000e-04,5.980670452117919922e-03
1.215314865112304688e-02,-3.294944763183593750e-04,6.012007594108581543e-03
1.221585273742675781e-02,-1.876354217529296875e-04,6.018191576004028320e-03
1.220059394836425781e-02,-8.869171142578125000e-05,5.894914269447326660e-03
1.215839385986328125e-02,-6.973743438720703125e-06,5.734026432037353516e-03
1.206946372985839844e-02,2.970099449157714844e-04,5.543783307075500488e-03
1.202034950256347656e-02,5.350112915039062500e-04,5.358368158340454102e-03
1.207423210144042969e-02,6.538629531860351562e-04,5.118921399116516113e-03
1.194262504577636719e-02,1.017749309539794922e-03,4.746437072753906250e-03
1.190495491027832031e-02,1.300692558288574219e-03,4.305973649024963379e-03
1.180338859558105469e-02,1.600503921508789062e-03,3.807857632637023926e-03
1.182675361633300781e-02,1.626491546630859375e-03,3.264352679252624512e-03
1.195478439331054688e-02,1.630961894989013672e-03,2.761870622634887695e-03
1.204943656921386719e-02,1.700162887573242188e-03,2.292290329933166504e-03
1.213145256042480469e-02,1.676201820373535156e-03,1.869335770606994629e-03
1.227855682373046875e-02,1.727521419525146484e-03,1.506820321083068848e-03
1.237750053405761719e-02,1.794576644897460938e-03,1.244187355041503906e-03
1.252245903015136719e-02,1.829624176025390625e-03,1.011788845062255859e-03
1.254320144653320312e-02,1.902639865875244141e-03,8.912384510040283203e-04
1.248955726623535156e-02,2.058982849121093750e-03,8.795559406280517578e-04
1.249980926513671875e-02,2.200305461883544922e-03,9.574443101882934570e-04
1.250386238098144531e-02,2.293169498443603516e-03,1.006841659545898438e-03
1.251363754272460938e-02,2.330422401428222656e-03,1.130178570747375488e-03
1.246213912963867188e-02,2.416312694549560547e-03,1.327633857727050781e-03
1.227569580078125000e-02,2.612769603729248047e-03,1.536130905151367188e-03
1.214194297790527344e-02,2.693057060241699219e-03,1.775622367858886719e-03
1.203751564025878906e-02,2.755224704742431641e-03,1.967623829841613770e-03
1.201248168945312500e-02,2.720654010772705078e-03,2.201214432716369629e-03
1.189112663269042969e-02,2.561271190643310547e-03,2.425283193588256836e-03
1.180315017700195312e-02,2.352118492126464844e-03,2.703547477722167969e-03
1.176428794860839844e-02,2.014100551605224609e-03,2.888083457946777344e-03
1.158380508422851562e-02,1.594841480255126953e-03,3.061547875404357910e-03
1.143956184387207031e-02,1.149952411651611328e-03,3.152206540107727051e-03
1.112556457519531250e-02,6.871223449707031250e-04,3.199413418769836426e-03
1.091575622558593750e-02,1.929402351379394531e-04,3.261238336563110352e-03
1.083993911743164062e-02,-3.266930580139160156e-04,3.301873803138732910e-03
1.071119308471679688e-02,-8.330941200256347656e-04,3.352329134941101074e-03
1.054263114929199219e-02,-1.332581043243408203e-03,3.325328230857849121e-03
1.046872138977050781e-02,-1.889944076538085938e-03,3.256171941757202148e-03
1.048994064331054688e-02,-2.351462841033935547e-03,3.237098455429077148e-03
1.145672798156738281e-02,-2.863526344299316406e-03,3.519043326377868652e-03
1.231002807617187500e-02,-3.396511077880859375e-03,3.608807921409606934e-03
1.308894157409667969e-02,-3.844618797302246094e-03,3.738209605216979980e-03
1.377058029174804688e-02,-4.237771034240722656e-03,3.774017095565795898e-03
1.439452171325683594e-02,-4.512012004852294922e-03,3.779619932174682617e-03
1.494288444519042969e-02,-4.793584346771240234e-03,3.762006759643554688e-03
1.540160179138183594e-02,-5.002617835998535156e-03,3.763496875762939453e-03
1.575446128845214844e-02,-5.087614059448242188e-03,3.631755709648132324e-03
1.604390144348144531e-02,-5.162596702575683594e-03,3.413185477256774902e-03
1.631975173950195312e-02,-5.214393138885498047e-03,3.166586160659790039e-03
1.655578613281250000e-02,-5.068063735961914062e-03,2.819716930389404297e-03
1.676154136657714844e-02,-4.965066909790039062e-03,2.541065216064453125e-03
1.693940162658691406e-02,-4.858732223510742188e-03,2.144083380699157715e-03
1.711225509643554688e-02,-4.748523235321044922e-03,1.637682318687438965e-03
1.724672317504882812e-02,-4.621446132659912109e-03,1.142874360084533691e-03
1.734948158264160156e-02,-4.529178142547607422e-03,6.942003965377807617e-04
1.747059822082519531e-02,-4.481971263885498047e-03,3.124624490737915039e-04
1.755976676940917969e-02,-4.396855831146240234e-03,-4.385411739349365234e-05
1.762914657592773438e-02,-4.345834255218505859e-03,-3.339350223541259766e-04
1.770925521850585938e-02,-4.277229309082031250e-03,-6.101280450820922852e-04
1.772117614746093750e-02,-4.075706005096435547e-03,-8.921623229980468750e-04
1.772999763488769531e-02,-3.885626792907714844e-03,-1.160264015197753906e-03
1.778793334960937500e-02,-3.648579120635986328e-03,-1.455783843994140625e-03
1.771497726440429688e-02,-3.408074378967285156e-03,-1.719161868095397949e-03
1.763272285461425781e-02,-3.120601177215576172e-03,-2.028495073318481445e-03
1.755928993225097656e-02,-2.933561801910400391e-03,-2.257466316223144531e-03
1.746273040771484375e-02,-2.703011035919189453e-03,-2.429783344268798828e-03
1.732707023620605469e-02,-2.406001091003417969e-03,-2.540811896324157715e-03
1.719188690185546875e-02,-2.117216587066650391e-03,-2.567306160926818848e-03
1.710963249206542969e-02,-1.876592636108398438e-03,-2.547830343246459961e-03
1.699972152709960938e-02,-1.653850078582763672e-03,-2.493619918823242188e-03
1.688265800476074219e-02,-1.385092735290527344e-03,-2.330943942070007324e-03
1.676225662231445312e-02,-1.080691814422607422e-03,-2.120688557624816895e-03
1.666212081909179688e-02,-8.162260055541992188e-04,-1.898318529129028320e-03
1.655316352844238281e-02,-5.149245262145996094e-04,-1.743689179420471191e-03
1.644921302795410156e-02,-2.049207687377929688e-04,-1.496672630310058594e-03
1.632857322692871094e-02,9.107589721679687500e-05,-1.236408948898315430e-03
1.621365547180175781e-02,4.205703735351562500e-04,-9.334534406661987305e-04
1.612138748168945312e-02,7.573366165161132812e-04,-6.492286920547485352e-04
1.608920097351074219e-02,1.006186008453369141e-03,-3.522783517837524414e-04
1.604080200195312500e-02,1.273036003112792969e-03,-8.484721183776855469e-05
1.603269577026367188e-02,1.423120498657226562e-03,1.557171344757080078e-04
1.607131958007812500e-02,1.516699790954589844e-03,3.206133842468261719e-04
1.612782478332519531e-02,1.483023166656494141e-03,4.886537790298461914e-04
1.621913909912109375e-02,1.447200775146484375e-03,6.177574396133422852e-04
1.630115509033203125e-02,1.382410526275634766e-03,7.710158824920654297e-04
1.631259918212890625e-02,1.450955867767333984e-03,9.477585554122924805e-04
1.634716987609863281e-02,1.397192478179931641e-03,1.125693321228027344e-03
1.640248298645019531e-02,1.289129257202148438e-03,1.265108585357666016e-03
1.651740074157714844e-02,1.022458076477050781e-03,1.457720994949340820e-03
1.663684844970703125e-02,8.347034454345703125e-04,1.654714345932006836e-03
1.675844192504882812e-02,7.344484329223632812e-04,1.665800809860229492e-03
1.689171791076660156e-02,6.110072135925292969e-04,1.681193709373474121e-03
1.709270477294921875e-02,4.343986511230468750e-04,1.616984605789184570e-03
1.730799674987792969e-02,2.810955047607421875e-04,1.534581184387207031e-03
1.730537414550781250e-02,1.212954521179199219e-04,1.426249742507934570e-03
1.729273796081542969e-02,-4.255771636962890625e-05,1.305311918258666992e-03
1.743197441101074219e-02,-3.857612609863281250e-04,1.156270503997802734e-03
1.755046844482421875e-02,-6.788969039916992188e-04,1.034498214721679688e-03
1.760363578796386719e-02,-9.477734565734863281e-04,9.561777114868164062e-04
1.761841773986816406e-02,-1.063764095306396484e-03,9.039640426635742188e-04
1.760411262512207031e-02,-1.001060009002685547e-03,8.669942617416381836e-04
1.753497123718261719e-02,-8.444786071777343750e-04,7.636100053787231445e-04
1.744055747985839844e-02,-6.436109542846679688e-04,6.219148635864257812e-04
1.728940010070800781e-02,-4.171133041381835938e-04,3.551691770553588867e-04
1.713371276855468750e-02,-1.785159111022949219e-04,1.862645149230957031e-05
1.695990562438964844e-02,4.154443740844726562e-05,-2.399832010269165039e-04
1.679921150207519531e-02,2.661943435668945312e-04,-4.276186227798461914e-04
1.661705970764160156e-02,5.026459693908691406e-04,-5.908757448196411133e-04
1.641225814819335938e-02,7.921457290649414062e-04,-7.101744413375854492e-04
1.612877845764160156e-02,1.066207885742187500e-03,-8.635520935058593750e-04
1.580595970153808594e-02,1.397013664245605469e-03,-9.871572256088256836e-04
1.548051834106445312e-02,1.796305179595947266e-03,-1.055538654327392578e-03
1.516985893249511719e-02,2.174615859985351562e-03,-1.067712903022766113e-03
1.486659049987792969e-02,2.620220184326171875e-03,-1.056805253028869629e-03
1.455926895141601562e-02,2.985775470733642578e-03,-9.460002183914184570e-04
1.429629325866699219e-02,3.301501274108886719e-03,-7.656663656234741211e-04
1.406240463256835938e-02,3.506064414978027344e-03,-5.592256784439086914e-04
1.385521888732910156e-02,3.684818744659423828e-03,-3.989636898040771484e-04
1.358294486999511719e-02,3.837108612060546875e-03,-2.869963645935058594e-04
1.332211494445800781e-02,3.966569900512695312e-03,-2.242177724838256836e-04
1.309490203857421875e-02,4.052162170410156250e-03,-1.762360334396362305e-04
1.291131973266601562e-02,4.138171672821044922e-03,-1.042932271957397461e-04
1.270174980163574219e-02,4.145324230194091797e-03,-2.405047416687011719e-05
1.253199577331542969e-02,4.072666168212890625e-03,7.140636444091796875e-05
1.240205764770507812e-02,3.977000713348388672e-03,2.043098211288452148e-04
1.231169700622558594e-02,3.745555877685546875e-03,4.330873489379882812e-04
1.220345497131347656e-02,3.478884696960449219e-03,8.979737758636474609e-04
1.210522651672363281e-02,3.279745578765869141e-03,1.326695084571838379e-03
1.202821731567382812e-02,3.119349479675292969e-03,1.760244369506835938e-03
1.196193695068359375e-02,3.008246421813964844e-03,2.108678221702575684e-03
1.189637184143066406e-02,2.845168113708496094e-03,2.346992492675781250e-03
1.187872886657714844e-02,2.707600593566894531e-03,2.554059028625488281e-03
1.190185546875000000e-02,2.639710903167724609e-03,2.655074000358581543e-03
1.189494132995605469e-02,2.603530883789062500e-03,2.663910388946533203e-03
1.187491416931152344e-02,2.563118934631347656e-03,2.636089920997619629e-03
1.185822486877441406e-02,2.523481845855712891e-03,2.605289220809936523e-03
1.182699203491210938e-02,2.580881118774414062e-03,2.629727125167846680e-03
1.174354553222656250e-02,2.676486968994140625e-03,2.614066004753112793e-03
1.164507865905761719e-02,2.822458744049072266e-03,2.619326114654541016e-03
1.153779029846191406e-02,3.023982048034667969e-03,2.527609467506408691e-03
1.146531105041503906e-02,3.133952617645263672e-03,2.350360155105590820e-03
1.138043403625488281e-02,3.276705741882324219e-03,2.197995781898498535e-03
1.130890846252441406e-02,3.399372100830078125e-03,2.048298716545104980e-03
1.119780540466308594e-02,3.545820713043212891e-03,1.888483762741088867e-03
1.113486289978027344e-02,3.642261028289794922e-03,1.868978142738342285e-03
1.101613044738769531e-02,3.802955150604248047e-03,1.880303025245666504e-03
1.091074943542480469e-02,3.986060619354248047e-03,1.900315284729003906e-03
1.080346107482910156e-02,4.186689853668212891e-03,1.879125833511352539e-03
1.069736480712890625e-02,4.267930984497070312e-03,1.823678612709045410e-03
1.063823699951171875e-02,4.353284835815429688e-03,1.725375652313232422e-03
1.056337356567382812e-02,4.511892795562744141e-03,1.656129956245422363e-03
1.049327850341796875e-02,4.596054553985595703e-03,1.613855361938476562e-03
1.049494743347167969e-02,4.578173160552978516e-03,1.663222908973693848e-03
1.049757003784179688e-02,4.525780677795410156e-03,1.781284809112548828e-03
1.052999496459960938e-02,4.529774188995361328e-03,2.016171813011169434e-03
1.055431365966796875e-02,4.550933837890625000e-03,2.209022641181945801e-03
1.059365272521972656e-02,4.540920257568359375e-03,2.379268407821655273e-03
1.067185401916503906e-02,4.548370838165283203e-03,2.498745918273925781e-03
1.078104972839355469e-02,4.429876804351806641e-03,2.573773264884948730e-03
1.084494590759277344e-02,4.312813282012939453e-03,2.514556050300598145e-03
1.093173027038574219e-02,4.118561744689941406e-03,2.488180994987487793e-03
1.096439361572265625e-02,3.839194774627685547e-03,2.339705824851989746e-03
1.107358932495117188e-02,3.520607948303222656e-03,2.226606011390686035e-03
1.119947433471679688e-02,3.222644329071044922e-03,2.020567655563354492e-03
1.131296157836914062e-02,2.935290336608886719e-03,1.764178276062011719e-03
1.143431663513183594e-02,2.676069736480712891e-03,1.489102840423583984e-03
1.154518127441406250e-02,2.477645874023437500e-03,1.180112361907958984e-03
1.160478591918945312e-02,2.305030822753906250e-03,9.472370147705078125e-04
1.161456108093261719e-02,2.127468585968017578e-03,7.627159357070922852e-04
1.159954071044921875e-02,1.965939998626708984e-03,6.159245967864990234e-04
1.154971122741699219e-02,1.905679702758789062e-03,5.080103874206542969e-04
1.149344444274902344e-02,1.847863197326660156e-03,4.845857620239257812e-04
1.140165328979492188e-02,1.814484596252441406e-03,5.052983760833740234e-04
1.133012771606445312e-02,1.748025417327880859e-03,5.592405796051025391e-04
1.121854782104492188e-02,1.726388931274414062e-03,6.292760372161865234e-04
1.107192039489746094e-02,1.719474792480468750e-03,7.128119468688964844e-04
1.097202301025390625e-02,1.665413379669189453e-03,8.052140474319458008e-04
1.086902618408203125e-02,1.613974571228027344e-03,9.544193744659423828e-04
1.072382926940917969e-02,1.674115657806396484e-03,1.059085130691528320e-03
1.056528091430664062e-02,1.746833324432373047e-03,1.109212636947631836e-03
1.042842864990234375e-02,1.822888851165771484e-03,1.175671815872192383e-03
1.026272773742675781e-02,2.546072006225585938e-03,1.258477568626403809e-03
1.001334190368652344e-02,3.248751163482666016e-03,1.384198665618896484e-03
9.759664535522460938e-03,3.907144069671630859e-03,1.503854990005493164e-03
9.543895721435546875e-03,4.435062408447265625e-03,1.609846949577331543e-03
9.323596954345703125e-03,4.977285861968994141e-03,1.684874296188354492e-03
9.096860885620117188e-03,5.437135696411132812e-03,1.801311969757080078e-03
8.857965469360351562e-03,5.826950073242187500e-03,1.909941434860229492e-03
8.690834045410156250e-03,6.146848201751708984e-03,2.028033137321472168e-03
8.540153503417968750e-03,6.510257720947265625e-03,2.266675233840942383e-03
8.454322814941406250e-03,6.793260574340820312e-03,2.381652593612670898e-03
8.406162261962890625e-03,6.983101367950439453e-03,2.462580800056457520e-03
8.399963378906250000e-03,7.150769233703613281e-03,2.552300691604614258e-03
8.409261703491210938e-03,7.296979427337646484e-03,2.564534544944763184e-03
8.422136306762695312e-03,7.241606712341308594e-03,2.541348338127136230e-03
8.448600769042968750e-03,7.166683673858642578e-03,2.541810274124145508e-03
8.461236953735351562e-03,7.020115852355957031e-03,2.526432275772094727e-03
8.494138717651367188e-03,6.857812404632568359e-03,2.521812915802001953e-03
8.697032928466796875e-03,6.636142730712890625e-03,2.464056015014648438e-03
8.876562118530273438e-03,6.370246410369873047e-03,2.361804246902465820e-03
9.047508239746093750e-03,6.151378154754638672e-03,2.254948019981384277e-03
9.212732315063476562e-03,5.804300308227539062e-03,2.108529210090637207e-03
9.381532669067382812e-03,5.438446998596191406e-03,1.958131790161132812e-03
9.500026702880859375e-03,5.126893520355224609e-03,1.803517341613769531e-03
9.683609008789062500e-03,4.637420177459716797e-03,1.623764634132385254e-03
9.757518768310546875e-03,4.153251647949218750e-03,1.441732048988342285e-03
9.831666946411132812e-03,3.542423248291015625e-03,1.260921359062194824e-03
9.824991226196289062e-03,3.018856048583984375e-03,9.897947311401367188e-04
9.813070297241210938e-03,2.549767494201660156e-03,1.064375042915344238e-03
9.743690490722656250e-03,2.156853675842285156e-03,1.166284084320068359e-03
9.652853012084960938e-03,1.788973808288574219e-03,1.262664794921875000e-03
9.515523910522460938e-03,1.479923725128173828e-03,1.359060406684875488e-03
9.305238723754882812e-03,1.191675662994384766e-03,1.441329717636108398e-03
9.103059768676757812e-03,9.693503379821777344e-04,1.578941941261291504e-03
8.867740631103515625e-03,8.295178413391113281e-04,1.639515161514282227e-03
8.867740631103515625e-03,8.295178413391113281e-04,1.639515161514282227e-03
8.612871170043945312e-03,7.429122924804687500e-04,1.769572496414184570e-03
8.334398269653320312e-03,7.423758506774902344e-04,1.868844032287597656e-03
8.044481277465820312e-03,8.120536804199218750e-04,1.966252923011779785e-03
7.758855819702148438e-03,9.012818336486816406e-04,2.027004957199096680e-03
7.483720779418945312e-03,1.044929027557373047e-03,2.059429883956909180e-03
7.202863693237304688e-03,1.221776008605957031e-03,2.068489789962768555e-03
6.952047348022460938e-03,1.376390457153320312e-03,2.123489975929260254e-03
6.735801696777343750e-03,1.502811908721923828e-03,2.149328589439392090e-03
6.510019302368164062e-03,1.619517803192138672e-03,2.159476280212402344e-03
6.298303604125976562e-03,1.736104488372802734e-03,2.090483903884887695e-03
6.101846694946289062e-03,1.848280429840087891e-03,1.951262354850769043e-03
5.947589874267578125e-03,1.919984817504882812e-03,1.669064164161682129e-03
5.829811096191406250e-03,2.010524272918701172e-03,1.415133476257324219e-03
5.740880966186523438e-03,2.054154872894287109e-03,1.197695732116699219e-03
5.702733993530273438e-03,2.063155174255371094e-03,1.078337430953979492e-03
5.694866180419921875e-03,2.077281475067138672e-03,9.395778179168701172e-04
5.697011947631835938e-03,2.103567123413085938e-03,8.720904588699340820e-04
5.733013153076171875e-03,2.045929431915283203e-03,8.434802293777465820e-04
5.799770355224609375e-03,2.005755901336669922e-03,8.457005023956298828e-04
5.867004394531250000e-03,1.984357833862304688e-03,8.656829595565795898e-04
5.948305130004882812e-03,1.964151859283447266e-03,8.711665868759155273e-04
6.038427352905273438e-03,1.952648162841796875e-03,7.593631744384765625e-04
6.166696548461914062e-03,1.932442188262939453e-03,7.122159004211425781e-04
6.250858306884765625e-03,1.950621604919433594e-03,5.987733602523803711e-04
6.375312805175781250e-03,1.902282238006591797e-03,4.875808954238891602e-04
6.505727767944335938e-03,1.811921596527099609e-03,4.481971263885498047e-04
6.610631942749023438e-03,1.744151115417480469e-03,4.499107599258422852e-04
6.702423095703125000e-03,1.735091209411621094e-03,4.303902387619018555e-04
6.776094436645507812e-03,1.693546772003173828e-03,4.234164953231811523e-04
6.854057312011718750e-03,1.629054546356201172e-03,4.818886518478393555e-04
6.915092468261718750e-03,1.592814922332763672e-03,5.673319101333618164e-04
6.981134414672851562e-03,1.496791839599609375e-03,6.932020187377929688e-04
7.021665573120117188e-03,1.361608505249023438e-03,8.513480424880981445e-04
7.031679153442382812e-03,1.297891139984130859e-03,1.055330038070678711e-03
7.060527801513671875e-03,1.224339008331298828e-03,1.257762312889099121e-03
7.075548171997070312e-03,1.218676567077636719e-03,1.416742801666259766e-03
7.091522216796875000e-03,1.235127449035644531e-03,1.551434397697448730e-03
7.067203521728515625e-03,1.316726207733154297e-03,1.679748296737670898e-03
7.009983062744140625e-03,1.456499099731445312e-03,1.718759536743164062e-03
6.954669952392578125e-03,1.563251018524169922e-03,1.748099923133850098e-03
6.901979446411132812e-03,1.691758632659912109e-03,1.816034317016601562e-03
6.824970245361328125e-03,1.861631870269775391e-03,1.893550157546997070e-03
6.770372390747070312e-03,2.019464969635009766e-03,1.880437135696411133e-03
6.656646728515625000e-03,2.210497856140136719e-03,1.850575208663940430e-03
6.534099578857421875e-03,2.416431903839111328e-03,1.897618174552917480e-03
6.438732147216796875e-03,2.576649188995361328e-03,1.926556229591369629e-03
6.369113922119140625e-03,2.656340599060058594e-03,1.913115382194519043e-03
6.259202957153320312e-03,2.737224102020263672e-03,1.803010702133178711e-03
6.169080734252929688e-03,2.849280834197998047e-03,1.633971929550170898e-03
6.103515625000000000e-03,2.910375595092773438e-03,1.372173428535461426e-03
6.039381027221679688e-03,2.970278263092041016e-03,1.128837466239929199e-03
6.025552749633789062e-03,3.033161163330078125e-03,9.486526250839233398e-04
5.988359451293945312e-03,3.137648105621337891e-03,7.515549659729003906e-04
5.950212478637695312e-03,3.280997276306152344e-03,5.617886781692504883e-04
5.942106246948242188e-03,3.378093242645263672e-03,4.369765520095825195e-04
5.934953689575195312e-03,3.405690193176269531e-03,2.769082784652709961e-04
5.941390991210937500e-03,3.454864025115966797e-03,3.115832805633544922e-05
6.053924560546875000e-03,3.663003444671630859e-03,1.474618911743164062e-04
6.157636642456054688e-03,3.870606422424316406e-03,1.985281705856323242e-04
6.248474121093750000e-03,4.023134708404541016e-03,2.484470605850219727e-04
6.319522857666015625e-03,4.159331321716308594e-03,2.538412809371948242e-04
6.375551223754882812e-03,4.353165626525878906e-03,1.942515373229980469e-04
6.400346755981445312e-03,4.555523395538330078e-03,1.337230205535888672e-04
6.465673446655273438e-03,4.764139652252197266e-03,7.542967796325683594e-05
6.516456604003906250e-03,4.944860935211181641e-03,-1.475214958190917969e-06
6.544589996337890625e-03,5.128204822540283203e-03,5.847215652465820312e-05
6.589889526367187500e-03,5.241274833679199219e-03,1.420527696609497070e-04
6.640672683715820312e-03,5.329787731170654297e-03,2.660900354385375977e-04
6.693124771118164062e-03,5.357861518859863281e-03,3.600120544433593750e-04
6.716728210449218750e-03,5.367338657379150391e-03,4.489421844482421875e-04
6.720304489135742188e-03,5.383193492889404297e-03,5.653798580169677734e-04
6.748437881469726562e-03,5.345404148101806641e-03,5.815625190734863281e-04
6.739377975463867188e-03,5.345940589904785156e-03,5.503594875335693359e-04
6.702184677124023438e-03,5.324721336364746094e-03,5.254745483398437500e-04
6.675958633422851562e-03,5.258560180664062500e-03,4.977732896804809570e-04
6.677627563476562500e-03,5.154430866241455078e-03,4.641711711883544922e-04
6.697893142700195312e-03,5.045592784881591797e-03,4.368573427200317383e-04
6.736516952514648438e-03,4.919290542602539062e-03,3.416985273361206055e-04
6.758928298950195312e-03,4.783332347869873047e-03,2.183467149734497070e-04
6.775617599487304688e-03,4.677712917327880859e-03,9.101629257202148438e-05
6.773471832275390625e-03,4.605591297149658203e-03,-4.217028617858886719e-05
6.792783737182617188e-03,4.479765892028808594e-03,-2.360343933105468750e-04
6.430625915527343750e-03,4.356622695922851562e-03,-3.960430622100830078e-04
6.088256835937500000e-03,4.176020622253417969e-03,-5.038380622863769531e-04
5.784749984741210938e-03,4.048824310302734375e-03,-5.541592836380004883e-04
5.513429641723632812e-03,3.868997097015380859e-03,-6.347298622131347656e-04
5.276441574096679688e-03,3.711104393005371094e-03,-7.075667381286621094e-04
5.140781402587890625e-03,3.527164459228515625e-03,-7.475167512893676758e-04
5.024909973144531250e-03,3.379881381988525391e-03,-7.669776678085327148e-04
4.955053329467773438e-03,3.232538700103759766e-03,-7.669031620025634766e-04
4.897832870483398438e-03,3.070414066314697266e-03,-6.631463766098022461e-04
4.884481430053710938e-03,2.872288227081298828e-03,-5.127489566802978516e-04
4.884004592895507812e-03,2.655088901519775391e-03,-3.508478403091430664e-04
4.895448684692382812e-03,2.382814884185791016e-03,-2.544075250625610352e-04
4.917621612548828125e-03,2.171397209167480469e-03,-2.193301916122436523e-04
4.972696304321289062e-03,1.940071582794189453e-03,-2.077966928482055664e-04
5.027055740356445312e-03,1.703023910522460938e-03,-2.168118953704833984e-04
5.085945129394531250e-03,1.504361629486083984e-03,-1.325756311416625977e-04
5.138874053955078125e-03,1.363813877105712891e-03,-3.771483898162841797e-05
5.206584930419921875e-03,1.273274421691894531e-03,3.615021705627441406e-05
5.244255065917968750e-03,1.241743564605712891e-03,1.102834939956665039e-04
5.267143249511718750e-03,1.209497451782226562e-03,2.391040325164794922e-04
5.286455154418945312e-03,1.254141330718994141e-03,3.610253334045410156e-04
5.264759063720703125e-03,1.338064670562744141e-03,4.850029945373535156e-04
5.204200744628906250e-03,1.457929611206054688e-03,5.793720483779907227e-04
5.140781402587890625e-03,1.577615737915039062e-03,6.754249334335327148e-04
5.156993865966796875e-03,1.599490642547607422e-03,7.400661706924438477e-04
5.209684371948242188e-03,1.576423645019531250e-03,7.502585649490356445e-04
5.271911621093750000e-03,1.566052436828613281e-03,6.795972585678100586e-04
5.373716354370117188e-03,1.529276371002197266e-03,5.596280097961425781e-04
5.481004714965820312e-03,1.505076885223388672e-03,3.953278064727783203e-04
5.507230758666992188e-03,1.566350460052490234e-03,2.253651618957519531e-04
5.496025085449218750e-03,1.603066921234130859e-03,1.039206981658935547e-04
5.526542663574218750e-03,1.661956310272216797e-03,5.498528480529785156e-06
5.578279495239257812e-03,1.691818237304687500e-03,-1.267790794372558594e-04
5.614757537841796875e-03,1.722455024719238281e-03,-2.830624580383300781e-04
5.636930465698242188e-03,1.811385154724121094e-03,-4.582405090332031250e-04
5.672931671142578125e-03,1.863956451416015625e-03,-6.049722433090209961e-04
5.687236785888671875e-03,1.915872097015380859e-03,-7.382333278656005859e-04
5.692958831787109375e-03,1.979649066925048828e-03,-8.578896522521972656e-04
5.722999572753906250e-03,1.987397670745849609e-03,-9.350627660751342773e-04
5.779027938842773438e-03,1.912951469421386719e-03,-9.173601865768432617e-04
5.838871002197265625e-03,1.833796501159667969e-03,-8.866339921951293945e-04
5.904197692871093750e-03,1.687943935394287109e-03,-8.432865142822265625e-04
6.020545959472656250e-03,1.544952392578125000e-03,-7.671564817428588867e-04
6.121635437011718750e-03,1.415371894836425781e-03,-7.216334342956542969e-04
6.215095520019531250e-03,1.230895519256591797e-03,-6.506592035293579102e-04
6.298780441284179688e-03,1.128852367401123047e-03,-6.382912397384643555e-04
6.368398666381835938e-03,1.031219959259033203e-03,-6.357133388519287109e-04
6.458520889282226562e-03,9.547472000122070312e-04,-7.361173629760742188e-04
6.549835205078125000e-03,9.264349937438964844e-04,-8.193254470825195312e-04
6.671428680419921875e-03,8.997917175292968750e-04,-8.385628461837768555e-04
6.771087646484375000e-03,8.631348609924316406e-04,-8.450299501419067383e-04
6.850957870483398438e-03,8.032917976379394531e-04,-8.309632539749145508e-04
6.867885589599609375e-03,7.690787315368652344e-04,-8.151829242706298828e-04
6.882905960083007812e-03,7.153153419494628906e-04,-6.957352161407470703e-04
6.894588470458984375e-03,6.941556930541992188e-04,-5.636066198348999023e-04
6.891489028930664062e-03,6.941556930541992188e-04,-3.839284181594848633e-04
6.873607635498046875e-03,7.134675979614257812e-04,-2.144426107406616211e-04
6.843090057373046875e-03,7.764101028442382812e-04,-2.348423004150390625e-05
6.831645965576171875e-03,8.457899093627929688e-04,1.731365919113159180e-04
6.823062896728515625e-03,8.795261383056640625e-04,3.772526979446411133e-04
6.836652755737304688e-03,8.640289306640625000e-04,6.080716848373413086e-04
6.863594055175781250e-03,8.215308189392089844e-04,8.585304021835327148e-04
6.886720657348632812e-03,7.930994033813476562e-04,1.084625720977783203e-03
6.916761398315429688e-03,7.491707801818847656e-04,1.260176301002502441e-03
6.924390792846679688e-03,6.760358810424804688e-04,1.474007964134216309e-03
6.810426712036132812e-03,6.964206695556640625e-04,1.629158854484558105e-03
6.625652313232421875e-03,7.954835891723632812e-04,1.675143837928771973e-03
6.478071212768554688e-03,8.550882339477539062e-04,1.704633235931396484e-03
6.343841552734375000e-03,9.051561355590820312e-04,1.682966947555541992e-03
6.226062774658203125e-03,9.764432907104492188e-04,1.560389995574951172e-03
6.226062774658203125e-03,9.764432907104492188e-04,1.560389995574951172e-03
6.226062774658203125e-03,9.764432907104492188e-04,1.560389995574951172e-03
6.134510040283203125e-03,1.050353050231933594e-03,1.447305083274841309e-03
6.095886230468750000e-03,1.098453998565673828e-03,1.340419054031372070e-03
6.067514419555664062e-03,1.136958599090576172e-03,1.267045736312866211e-03
6.103277206420898438e-03,1.103103160858154297e-03,1.201465725898742676e-03
6.135225296020507812e-03,1.111209392547607422e-03,1.054912805557250977e-03
6.108999252319335938e-03,1.147389411926269531e-03,8.643120527267456055e-04
6.073236465454101562e-03,1.195311546325683594e-03,6.474107503890991211e-04
6.046056747436523438e-03,1.251518726348876953e-03,3.440827131271362305e-04
6.018638610839843750e-03,1.335024833679199219e-03,2.111494541168212891e-05
5.914688110351562500e-03,1.434981822967529297e-03,-2.476274967193603516e-04
5.820751190185546875e-03,1.564860343933105469e-03,-4.561096429824829102e-04
5.745410919189453125e-03,1.694858074188232422e-03,-6.270259618759155273e-04
5.650281906127929688e-03,1.800179481506347656e-03,-7.667690515518188477e-04
5.604505538940429688e-03,1.876771450042724609e-03,-8.601397275924682617e-04
5.560874938964843750e-03,1.923620700836181641e-03,-9.239763021469116211e-04
5.520343780517578125e-03,1.984953880310058594e-03,-8.915215730667114258e-04
5.460977554321289062e-03,2.037942409515380859e-03,-8.727610111236572266e-04
5.407333374023437500e-03,2.111732959747314453e-03,-8.598119020462036133e-04
5.337476730346679688e-03,2.229094505310058594e-03,-8.523464202880859375e-04
5.272626876831054688e-03,2.272963523864746094e-03,-7.821470499038696289e-04
5.233049392700195312e-03,2.322316169738769531e-03,-6.668567657470703125e-04
5.191802978515625000e-03,2.360284328460693359e-03,-5.221068859100341797e-04
5.147695541381835938e-03,2.419173717498779297e-03,-3.997981548309326172e-04
5.122661590576171875e-03,2.441525459289550781e-03,-2.867430448532104492e-04
5.102634429931640625e-03,2.419710159301757812e-03,-1.780241727828979492e-04
5.079507827758789062e-03,2.348005771636962891e-03,-1.215934753417968750e-04
5.042791366577148438e-03,2.278983592987060547e-03,-1.155585050582885742e-04
5.005121231079101562e-03,2.232253551483154297e-03,-1.935660839080810547e-04
4.955053329467773438e-03,2.171754837036132812e-03,-2.640038728713989258e-04
4.889249801635742188e-03,2.141714096069335938e-03,-3.753900527954101562e-04
4.827737808227539062e-03,2.085506916046142578e-03,-4.906207323074340820e-04
4.798173904418945312e-03,2.032518386840820312e-03,-5.960762500762939453e-04
4.777431488037109375e-03,1.975119113922119141e-03,-6.472021341323852539e-04
4.746198654174804688e-03,1.835167407989501953e-03,-6.398111581802368164e-04
4.721403121948242188e-03,1.689374446868896484e-03,-6.362646818161010742e-04
4.745960235595703125e-03,1.475632190704345703e-03,-5.804151296615600586e-04
4.766225814819335938e-03,1.300573348999023438e-03,-4.927814006805419922e-04
4.803180694580078125e-03,1.157999038696289062e-03,-3.667175769805908203e-04
4.808664321899414062e-03,1.083314418792724609e-03,-2.224892377853393555e-04
4.772186279296875000e-03,1.051306724548339844e-03,-1.227408647537231445e-04
4.721879959106445312e-03,1.070201396942138672e-03,-7.480382919311523438e-06
4.671573638916015625e-03,1.129269599914550781e-03,4.869699478149414062e-05
4.607439041137695312e-03,1.222670078277587891e-03,9.766221046447753906e-05
4.546165466308593750e-03,1.314640045166015625e-03,1.187622547149658203e-04
4.498481750488281250e-03,1.400709152221679688e-03,1.189112663269042969e-04
4.449129104614257812e-03,1.496732234954833984e-03,6.766617298126220703e-05
4.386663436889648438e-03,1.618087291717529297e-03,-1.882016658782958984e-05
4.333257675170898438e-03,1.700460910797119141e-03,-1.595169305801391602e-04
4.298686981201171875e-03,1.769602298736572266e-03,-2.944916486740112305e-04
4.248380661010742188e-03,1.865506172180175781e-03,-4.249662160873413086e-04
4.213333129882812500e-03,1.948297023773193359e-03,-5.910843610763549805e-04
4.183769226074218750e-03,2.015292644500732422e-03,-6.826370954513549805e-04
4.187583923339843750e-03,2.068996429443359375e-03,-7.398575544357299805e-04
4.183530807495117188e-03,2.134203910827636719e-03,-7.313936948776245117e-04
4.216670989990234375e-03,2.170264720916748047e-03,-6.812810897827148438e-04
4.294157028198242188e-03,2.161145210266113281e-03,-3.714114427566528320e-04
4.402399063110351562e-03,2.121329307556152344e-03,-1.088380813598632812e-04
4.526376724243164062e-03,2.087056636810302734e-03,1.021474599838256836e-04
4.638671875000000000e-03,2.034187316894531250e-03,3.003180027008056641e-04
4.735231399536132812e-03,2.001285552978515625e-03,4.743337631225585938e-04
4.806041717529296875e-03,1.993536949157714844e-03,5.973726511001586914e-04
4.870653152465820312e-03,1.954197883605957031e-03,6.921142339706420898e-04
4.888296127319335938e-03,1.947045326232910156e-03,7.280260324478149414e-04
4.890203475952148438e-03,1.937925815582275391e-03,7.053017616271972656e-04
4.875659942626953125e-03,1.993536949157714844e-03,6.760209798812866211e-04
4.838705062866210938e-03,2.103388309478759766e-03,5.910694599151611328e-04
4.809141159057617188e-03,2.183496952056884766e-03,4.305541515350341797e-04
4.770278930664062500e-03,2.257764339447021484e-03,2.537816762924194336e-04
4.767894744873046875e-03,2.281665802001953125e-03,1.351088285446166992e-04
4.759311676025390625e-03,2.308189868927001953e-03,3.188848495483398438e-06
4.817247390747070312e-03,2.068817615509033203e-03,-1.990646123886108398e-04
4.881143569946289062e-03,1.862466335296630859e-03,-2.901107072830200195e-04
4.901170730590820312e-03,1.685500144958496094e-03,-3.419071435928344727e-04
4.920721054077148438e-03,1.537680625915527344e-03,-3.961920738220214844e-04
4.931688308715820312e-03,1.469075679779052734e-03,-4.993081092834472656e-04
4.916191101074218750e-03,1.429200172424316406e-03,-5.672723054885864258e-04
4.886627197265625000e-03,1.415610313415527344e-03,-6.521195173263549805e-04
4.831552505493164062e-03,1.429021358489990234e-03,-7.324516773223876953e-04
4.831552505493164062e-03,1.429021358489990234e-03,-7.324516773223876953e-04
4.831552505493164062e-03,1.429021358489990234e-03,-7.324516773223876953e-04
4.831552505493164062e-03,1.429021358489990234e-03,-7.324516773223876953e-04
4.786968231201171875e-03,1.491725444793701172e-03,-7.844567298889160156e-04
4.741430282592773438e-03,1.581907272338867188e-03,-9.060204029083251953e-04
4.667997360229492188e-03,1.780927181243896484e-03,-9.469985961914062500e-04
4.621505737304687500e-03,1.957654953002929688e-03,-9.410828351974487305e-04
4.600524902343750000e-03,2.141237258911132812e-03,-9.412020444869995117e-04
4.600524902343750000e-03,2.141237258911132812e-03,-9.412020444869995117e-04
4.610776901245117188e-03,2.293407917022705078e-03,-9.291470050811767578e-04
4.633426666259765625e-03,2.423584461212158203e-03,-8.995682001113891602e-04
4.654645919799804688e-03,2.534747123718261719e-03,-8.416026830673217773e-04
4.676818847656250000e-03,2.685606479644775391e-03,-7.736831903457641602e-04
4.706859588623046875e-03,2.851605415344238281e-03,-6.912499666213989258e-04
4.726648330688476562e-03,3.024220466613769531e-03,-6.266087293624877930e-04
4.802465438842773438e-03,3.143191337585449219e-03,-4.956573247909545898e-04
4.879474639892578125e-03,3.230333328247070312e-03,-3.395378589630126953e-04
4.967451095581054688e-03,3.241539001464843750e-03,-1.621991395950317383e-04
5.061388015747070312e-03,3.232717514038085938e-03,-2.335011959075927734e-05
5.136013031005859375e-03,3.208875656127929688e-03,3.978610038757324219e-05
5.196571350097656250e-03,3.144502639770507812e-03,7.629394531250000000e-05
5.280971527099609375e-03,3.077626228332519531e-03,1.204460859298706055e-04
5.308628082275390625e-03,3.036439418792724609e-03,1.732409000396728516e-04
5.339384078979492188e-03,3.036439418792724609e-03,2.524256706237792969e-04
5.381345748901367188e-03,3.051757812500000000e-03,2.633184194564819336e-04
5.414247512817382812e-03,3.016829490661621094e-03,2.847164869308471680e-04
5.417346954345703125e-03,3.005743026733398438e-03,2.972930669784545898e-04
5.409717559814453125e-03,3.000617027282714844e-03,3.373473882675170898e-04
5.473375320434570312e-03,2.896189689636230469e-03,2.845078706741333008e-04
5.516290664672851562e-03,2.815842628479003906e-03,2.017170190811157227e-04
5.523920059204101562e-03,2.786040306091308594e-03,1.474022865295410156e-04
5.492210388183593750e-03,2.799510955810546875e-03,1.040995121002197266e-04
5.446195602416992188e-03,2.833843231201171875e-03,7.468461990356445312e-05
5.332946777343750000e-03,2.907216548919677734e-03,5.260109901428222656e-05
5.209445953369140625e-03,2.963542938232421875e-03,-4.217028617858886719e-06
5.072116851806640625e-03,3.040790557861328125e-03,-7.076561450958251953e-05
4.936695098876953125e-03,3.118157386779785156e-03,-1.477152109146118164e-04
4.815340042114257812e-03,3.199696540832519531e-03,-1.770555973052978516e-04
4.726886749267578125e-03,3.229081630706787109e-03,-1.945942640304565430e-04
4.662990570068359375e-03,3.262937068939208984e-03,-2.316087484359741211e-04
4.594802856445312500e-03,3.286004066467285156e-03,-1.958459615707397461e-04
4.539251327514648438e-03,3.261208534240722656e-03,-1.324117183685302734e-04
4.489421844482421875e-03,3.232061862945556641e-03,-5.537271499633789062e-05
4.453420639038085938e-03,3.196537494659423828e-03,5.573034286499023438e-05
4.456996917724609375e-03,3.182113170623779297e-03,5.511939525604248047e-05
4.508256912231445312e-03,3.065109252929687500e-03,7.799267768859863281e-05
4.593849182128906250e-03,2.919495105743408203e-03,9.292364120483398438e-05
4.703283309936523438e-03,2.779603004455566406e-03,2.214610576629638672e-04
4.828453063964843750e-03,2.635657787322998047e-03,3.132671117782592773e-04
4.966735839843750000e-03,2.307593822479248047e-03,3.973990678787231445e-04
5.125999450683593750e-03,1.994311809539794922e-03,5.478262901306152344e-04
5.288124084472656250e-03,1.780867576599121094e-03,6.988197565078735352e-04
5.415439605712890625e-03,1.595914363861083984e-03,8.069127798080444336e-04
5.527734756469726562e-03,1.472353935241699219e-03,9.262114763259887695e-04
5.642414093017578125e-03,1.370728015899658203e-03,1.024425029754638672e-03
5.741834640502929688e-03,1.311123371124267578e-03,1.152038574218750000e-03
5.797863006591796875e-03,1.292288303375244141e-03,1.264706254005432129e-03
5.846977233886718750e-03,1.322567462921142578e-03,1.356571912765502930e-03
5.846738815307617188e-03,1.384556293487548828e-03,1.446411013603210449e-03
5.830049514770507812e-03,1.432955265045166016e-03,1.568809151649475098e-03
5.774259567260742188e-03,1.507461071014404297e-03,1.709699630737304688e-03
5.788564682006835938e-03,1.538753509521484375e-03,1.837074756622314453e-03
5.797863006591796875e-03,1.531422138214111328e-03,1.885473728179931641e-03
5.785703659057617188e-03,1.506686210632324219e-03,1.932412385940551758e-03
5.754947662353515625e-03,1.497507095336914062e-03,1.948624849319458008e-03
5.724191665649414062e-03,1.506865024566650391e-03,1.974776387214660645e-03
5.728006362915039062e-03,1.530170440673828125e-03,1.938849687576293945e-03
5.670309066772460938e-03,1.565098762512207031e-03,1.803085207939147949e-03
5.601406097412109375e-03,1.623511314392089844e-03,1.652166247367858887e-03
5.529642105102539062e-03,1.716017723083496094e-03,1.408964395523071289e-03
5.437850952148437500e-03,1.844823360443115234e-03,1.188382506370544434e-03
5.327701568603515625e-03,1.941740512847900391e-03,9.405016899108886719e-04
5.236387252807617188e-03,2.035737037658691406e-03,7.091760635375976562e-04
5.125522613525390625e-03,2.158999443054199219e-03,5.066990852355957031e-04
5.044698715209960938e-03,2.261102199554443359e-03,3.420412540435791016e-04
4.906177520751953125e-03,2.333402633666992188e-03,1.990497112274169922e-04
4.808902740478515625e-03,2.347171306610107422e-03,1.108348369598388672e-04
4.693269729614257812e-03,2.325773239135742188e-03,8.659064769744873047e-05
4.578828811645507812e-03,2.279996871948242188e-03,7.064640522003173828e-05
4.509210586547851562e-03,2.192854881286621094e-03,1.165419816970825195e-04
4.448413848876953125e-03,2.136349678039550781e-03,2.430081367492675781e-04
4.422187805175781250e-03,2.060949802398681641e-03,4.289597272872924805e-04
4.432439804077148438e-03,2.000808715820312500e-03,5.977153778076171875e-04
4.444599151611328125e-03,1.967251300811767578e-03,8.071362972259521484e-04
4.483461380004882812e-03,1.913547515869140625e-03,9.945631027221679688e-04
4.537582397460937500e-03,1.846075057983398438e-03,1.145899295806884766e-03
4.578351974487304688e-03,1.762807369232177734e-03,1.191601157188415527e-03
4.624605178833007812e-03,1.676201820373535156e-03,1.147001981735229492e-03
4.662513732910156250e-03,1.578629016876220703e-03,1.044660806655883789e-03
4.755735397338867188e-03,1.551508903503417969e-03,7.233619689941406250e-04
4.821777343750000000e-03,1.556277275085449219e-03,4.171729087829589844e-04
4.884243011474609375e-03,1.562833786010742188e-03,1.159906387329101562e-04
4.943609237670898438e-03,1.576423645019531250e-03,-1.425594091415405273e-04
4.993677139282226562e-03,1.598179340362548828e-03,-3.545135259628295898e-04
5.015850067138671875e-03,1.779079437255859375e-03,-5.039423704147338867e-04
5.030870437622070312e-03,1.928269863128662109e-03,-5.832910537719726562e-04
5.036830902099609375e-03,2.073228359222412109e-03,-6.020814180374145508e-04
5.057811737060546875e-03,2.147972583770751953e-03,-5.405694246292114258e-04
5.127906799316406250e-03,2.261400222778320312e-03,-5.048513412475585938e-04
5.259037017822265625e-03,2.302765846252441406e-03,-4.381835460662841797e-04
5.390167236328125000e-03,2.301692962646484375e-03,-3.488212823867797852e-04
5.482673645019531250e-03,2.247512340545654297e-03,-2.129673957824707031e-04
5.576133728027343750e-03,2.096056938171386719e-03,-2.738833427429199219e-05
5.666971206665039062e-03,1.943767070770263672e-03,1.865625381469726562e-04
5.734682083129882812e-03,1.817941665649414062e-03,4.131942987442016602e-04
5.774259567260742188e-03,1.745045185089111328e-03,6.293207406997680664e-04
5.808115005493164062e-03,1.661002635955810547e-03,8.164942264556884766e-04
5.820751190185546875e-03,1.597702503204345703e-03,1.008898019790649414e-03
5.781412124633789062e-03,1.529276371002197266e-03,1.173958182334899902e-03
5.731582641601562500e-03,1.486182212829589844e-03,1.296535134315490723e-03
5.675792694091796875e-03,1.450777053833007812e-03,1.410096883773803711e-03
5.747079849243164062e-03,1.427769660949707031e-03,1.541420817375183105e-03
5.795240402221679688e-03,1.410424709320068359e-03,1.628622412681579590e-03
5.842208862304687500e-03,1.380443572998046875e-03,1.674979925155639648e-03
5.867481231689453125e-03,1.366734504699707031e-03,1.652881503105163574e-03
5.883932113647460938e-03,1.350700855255126953e-03,1.622438430786132812e-03
5.893945693969726562e-03,1.346766948699951172e-03,1.561418175697326660e-03
5.933761596679687500e-03,1.337468624114990234e-03,1.493081450462341309e-03
5.983352661132812500e-03,1.332283020019531250e-03,1.458242535591125488e-03
6.054401397705078125e-03,1.335501670837402344e-03,1.409932971000671387e-03
6.145715713500976562e-03,1.329600811004638672e-03,1.396417617797851562e-03
6.244897842407226562e-03,1.378715038299560547e-03,1.410230994224548340e-03
6.366491317749023438e-03,1.417517662048339844e-03,1.402780413627624512e-03
6.461620330810546875e-03,1.494824886322021484e-03,1.410841941833496094e-03
6.520986557006835938e-03,1.589477062225341797e-03,1.454219222068786621e-03
6.572246551513671875e-03,1.709759235382080078e-03,1.502946019172668457e-03
6.595611572265625000e-03,1.859009265899658203e-03,1.507446169853210449e-03
6.631374359130859375e-03,1.983761787414550781e-03,1.498058438301086426e-03
6.650447845458984375e-03,2.087891101837158203e-03,1.467376947402954102e-03
6.682157516479492188e-03,2.159416675567626953e-03,1.430884003639221191e-03
6.696224212646484375e-03,2.249538898468017578e-03,1.550182700157165527e-03
6.698131561279296875e-03,2.288401126861572266e-03,1.656249165534973145e-03
6.691932678222656250e-03,2.353072166442871094e-03,1.743897795677185059e-03
6.697416305541992188e-03,2.403974533081054688e-03,1.795619726181030273e-03
6.699085235595703125e-03,2.476990222930908203e-03,1.804739236831665039e-03
6.699562072753906250e-03,2.521157264709472656e-03,1.783475279808044434e-03
6.693363189697265625e-03,2.596139907836914062e-03,1.720130443572998047e-03
6.714105606079101562e-03,2.671003341674804688e-03,1.633018255233764648e-03
6.747245788574218750e-03,2.701520919799804688e-03,1.568287611007690430e-03
6.798982620239257812e-03,2.636253833770751953e-03,1.512959599494934082e-03
6.844997406005859375e-03,2.584755420684814453e-03,1.484706997871398926e-03
6.894826889038085938e-03,2.543449401855468750e-03,1.451998949050903320e-03
6.931304931640625000e-03,2.499043941497802734e-03,1.394912600517272949e-03
6.988286972045898438e-03,2.411723136901855469e-03,1.379415392875671387e-03
7.023334503173828125e-03,2.347171306610107422e-03,1.408517360687255859e-03
7.078647613525390625e-03,2.267539501190185547e-03,1.494139432907104492e-03
7.113695144653320312e-03,2.215504646301269531e-03,1.567870378494262695e-03
7.154464721679687500e-03,2.182841300964355469e-03,1.617953181266784668e-03
7.148265838623046875e-03,2.151429653167724609e-03,1.698210835456848145e-03
7.128477096557617188e-03,2.103030681610107422e-03,1.727819442749023438e-03
7.091045379638671875e-03,2.077937126159667969e-03,1.716196537017822266e-03
7.047414779663085938e-03,2.077281475067138672e-03,1.664698123931884766e-03
7.002115249633789062e-03,2.102375030517578125e-03,1.623079180717468262e-03
6.972551345825195312e-03,2.129197120666503906e-03,1.516073942184448242e-03
6.944417953491210938e-03,2.194106578826904297e-03,1.383230090141296387e-03
6.895065307617187500e-03,2.270936965942382812e-03,1.247808337211608887e-03
6.849527359008789062e-03,2.354562282562255859e-03,1.096785068511962891e-03
6.782293319702148438e-03,2.473771572113037109e-03,9.983777999877929688e-04
6.677150726318359375e-03,2.643764019012451172e-03,9.234249591827392578e-04
6.554365158081054688e-03,2.823948860168457031e-03,8.796006441116333008e-04
6.451129913330078125e-03,2.977013587951660156e-03,8.419603109359741211e-04
6.357192993164062500e-03,3.046214580535888672e-03,8.882582187652587891e-04
6.311655044555664062e-03,3.045737743377685547e-03,9.471029043197631836e-04
6.292104721069335938e-03,2.989292144775390625e-03,1.016288995742797852e-03
6.272077560424804688e-03,2.920627593994140625e-03,1.142457127571105957e-03
6.272315979003906250e-03,2.856731414794921875e-03,1.315236091613769531e-03
6.298542022705078125e-03,2.772867679595947266e-03,1.457154750823974609e-03
6.332874298095703125e-03,2.695441246032714844e-03,1.573950052261352539e-03
6.358385086059570312e-03,2.625823020935058594e-03,1.661017537117004395e-03
6.370782852172851562e-03,2.582967281341552734e-03,1.712724566459655762e-03
6.390810012817382812e-03,2.563357353210449219e-03,1.920491456985473633e-03
6.512165069580078125e-03,2.222120761871337891e-03,2.073362469673156738e-03
6.635189056396484375e-03,1.916229724884033203e-03,2.188250422477722168e-03
6.746530532836914062e-03,1.655399799346923828e-03,2.263754606246948242e-03
6.836175918579101562e-03,1.426517963409423828e-03,2.304151654243469238e-03
6.870985031127929688e-03,1.248240470886230469e-03,2.297043800354003906e-03
6.898403167724609375e-03,1.109719276428222656e-03,2.260074019432067871e-03
6.907939910888671875e-03,1.018822193145751953e-03,2.164214849472045898e-03
6.899595260620117188e-03,9.841322898864746094e-04,2.016648650169372559e-03
6.865501403808593750e-03,9.641051292419433594e-04,1.834839582443237305e-03
6.803035736083984375e-03,1.007616519927978516e-03,1.688137650489807129e-03
6.730794906616210938e-03,1.061677932739257812e-03,1.589968800544738770e-03
6.653308868408203125e-03,1.153469085693359375e-03,1.528903841972351074e-03
6.570816040039062500e-03,1.254022121429443359e-03,1.468837261199951172e-03
6.487131118774414062e-03,1.353085041046142578e-03,1.438885927200317383e-03
6.416320800781250000e-03,1.449942588806152344e-03,1.433283090591430664e-03
6.305932998657226562e-03,1.604378223419189453e-03,1.424416899681091309e-03
6.181955337524414062e-03,1.765906810760498047e-03,1.443520188331604004e-03
6.082534790039062500e-03,1.904070377349853516e-03,1.458153128623962402e-03
5.984306335449218750e-03,2.039670944213867188e-03,1.438558101654052734e-03
5.879878997802734375e-03,2.165853977203369141e-03,1.399472355842590332e-03
5.777835845947265625e-03,2.306044101715087891e-03,1.341372728347778320e-03
5.692958831787109375e-03,2.431571483612060547e-03,1.272693276405334473e-03
5.657911300659179688e-03,2.489209175109863281e-03,1.219123601913452148e-03
5.621194839477539062e-03,2.515614032745361328e-03,1.158475875854492188e-03
5.617141723632812500e-03,2.498984336853027344e-03,1.101434230804443359e-03
5.629301071166992188e-03,2.487361431121826172e-03,1.029029488563537598e-03
5.658864974975585938e-03,2.472698688507080078e-03,9.645968675613403320e-04
5.702257156372070312e-03,2.450644969940185547e-03,8.902400732040405273e-04
5.775213241577148438e-03,2.390325069427490234e-03,7.948130369186401367e-04
5.867242813110351562e-03,2.304852008819580078e-03,7.112175226211547852e-04
5.972862243652343750e-03,2.215683460235595703e-03,6.347596645355224609e-04
6.056547164916992188e-03,2.153158187866210938e-03,5.547404289245605469e-04
6.133079528808593750e-03,2.099573612213134766e-03,5.117654800415039062e-04
6.249427795410156250e-03,2.039194107055664062e-03,5.306899547576904297e-04
6.376028060913085938e-03,2.000033855438232422e-03,5.772560834884643555e-04
6.513595581054687500e-03,1.895368099212646484e-03,6.583184003829956055e-04
6.668090820312500000e-03,1.810789108276367188e-03,7.374435663223266602e-04
6.821393966674804688e-03,1.707017421722412109e-03,1.139000058174133301e-03
6.965637207031250000e-03,1.626849174499511719e-03,1.475542783737182617e-03
7.111549377441406250e-03,1.549780368804931641e-03,1.744613051414489746e-03
7.230043411254882812e-03,1.507759094238281250e-03,1.921355724334716797e-03
7.324457168579101562e-03,1.484274864196777344e-03,2.034351229667663574e-03
7.392406463623046875e-03,1.482605934143066406e-03,2.077654004096984863e-03
7.471799850463867188e-03,1.467466354370117188e-03,2.051427960395812988e-03
7.530927658081054688e-03,1.471400260925292969e-03,1.965060830116271973e-03
7.574319839477539062e-03,1.491904258728027344e-03,1.853823661804199219e-03
7.627964019775390625e-03,1.498162746429443359e-03,1.735985279083251953e-03
7.691144943237304688e-03,1.486241817474365234e-03,1.597642898559570312e-03
7.774829864501953125e-03,1.429021358489990234e-03,1.474067568778991699e-03
7.834434509277343750e-03,1.361072063446044922e-03,1.341909170150756836e-03
7.902622222900390625e-03,1.314759254455566406e-03,1.245498657226562500e-03
7.991552352905273438e-03,1.265466213226318359e-03,1.201525330543518066e-03
8.028268814086914062e-03,1.262962818145751953e-03,1.228213310241699219e-03
8.045673370361328125e-03,1.298964023590087891e-03,1.299843192100524902e-03
8.061408996582031250e-03,1.328468322753906250e-03,1.406118273735046387e-03
8.068323135375976562e-03,1.330971717834472656e-03,1.540124416351318359e-03
8.081436157226562500e-03,1.315236091613769531e-03,1.671627163887023926e-03
8.116245269775390625e-03,1.318752765655517578e-03,1.794010400772094727e-03
8.145809173583984375e-03,1.300334930419921875e-03,1.890376210212707520e-03
8.181571960449218750e-03,1.268506050109863281e-03,1.964733004570007324e-03
8.204698562622070312e-03,1.218318939208984375e-03,2.008348703384399414e-03
8.256435394287109375e-03,1.197218894958496094e-03,2.054214477539062500e-03
8.310317993164062500e-03,1.189529895782470703e-03,2.071842551231384277e-03
8.333444595336914062e-03,1.205563545227050781e-03,2.070546150207519531e-03
8.356571197509765625e-03,1.219570636749267578e-03,2.037674188613891602e-03
8.417367935180664062e-03,1.235187053680419922e-03,2.018347382545471191e-03
8.473634719848632812e-03,1.274883747100830078e-03,1.995623111724853516e-03
8.469343185424804688e-03,1.364648342132568359e-03,1.973196864128112793e-03
8.447885513305664062e-03,1.436948776245117188e-03,1.969724893569946289e-03
8.399963378906250000e-03,1.523375511169433594e-03,1.949220895767211914e-03
8.359909057617187500e-03,1.611888408660888672e-03,1.915618777275085449e-03
8.305788040161132812e-03,1.704752445220947266e-03,1.888245344161987305e-03
8.236646652221679688e-03,1.824021339416503906e-03,1.839756965637207031e-03
8.151292800903320312e-03,1.931965351104736328e-03,1.772627234458923340e-03
8.063316345214843750e-03,2.016484737396240234e-03,1.736029982566833496e-03
8.063316345214843750e-03,2.016484737396240234e-03,1.736029982566833496e-03
8.063316345214843750e-03,2.016484737396240234e-03,1.736029982566833496e-03
8.063316345214843750e-03,2.016484737396240234e-03,1.736029982566833496e-03
7.979869842529296875e-03,2.027332782745361328e-03,1.716405153274536133e-03
7.894039154052734375e-03,2.071917057037353516e-03,1.700505614280700684e-03
7.826805114746093750e-03,2.121865749359130859e-03,1.717358827590942383e-03
7.766723632812500000e-03,2.189517021179199219e-03,1.753807067871093750e-03
7.699489593505859375e-03,2.268433570861816406e-03,1.840323209762573242e-03
7.597446441650390625e-03,2.366065979003906250e-03,1.931086182594299316e-03
7.517099380493164062e-03,2.452135086059570312e-03,2.005085349082946777e-03
7.414817810058593750e-03,2.554535865783691406e-03,2.057641744613647461e-03
7.312297821044921875e-03,2.657830715179443359e-03,2.082332968711853027e-03
7.214546203613281250e-03,2.723276615142822266e-03,2.067863941192626953e-03
7.122993469238281250e-03,2.732336521148681641e-03,2.045497298240661621e-03
7.063865661621093750e-03,2.746820449829101562e-03,2.007782459259033203e-03
7.016420364379882812e-03,2.743780612945556641e-03,1.960724592208862305e-03
7.000446319580078125e-03,2.737462520599365234e-03,1.928880810737609863e-03
6.989479064941406250e-03,2.737104892730712891e-03,1.923322677612304688e-03
7.006883621215820312e-03,2.705752849578857422e-03,1.939654350280761719e-03
6.983280181884765625e-03,2.693295478820800781e-03,1.974418759346008301e-03
6.965398788452148438e-03,2.656221389770507812e-03,1.994848251342773438e-03
