7.749676704406738281e-02,-3.916263580322265625e-02,-1.610307395458221436e-02
7.749676704406738281e-02,-3.916263580322265625e-02,-1.610307395458221436e-02
7.649683952331542969e-02,-3.816270828247070312e-02,-1.510307937860488892e-02
7.552123069763183594e-02,-3.851199150085449219e-02,-1.465621590614318848e-02
7.453846931457519531e-02,-3.879547119140625000e-02,-1.466504484415054321e-02
7.383275032043457031e-02,-3.868627548217773438e-02,-1.442613452672958374e-02
7.305431365966796875e-02,-3.909373283386230469e-02,-1.430501788854598999e-02
7.249617576599121094e-02,-3.960931301116943359e-02,-1.392966508865356445e-02
7.181811332702636719e-02,-3.948926925659179688e-02,-1.373895257711410522e-02
7.106351852416992188e-02,-3.929328918457031250e-02,-1.340879499912261963e-02
7.024955749511718750e-02,-3.889715671539306641e-02,-1.298121362924575806e-02
6.946492195129394531e-02,-3.879046440124511719e-02,-1.268018782138824463e-02
6.881928443908691406e-02,-3.878557682037353516e-02,-1.231570541858673096e-02
6.808447837829589844e-02,-3.888189792633056641e-02,-1.225635409355163574e-02
6.747150421142578125e-02,-3.896629810333251953e-02,-1.234901696443557739e-02
6.674146652221679688e-02,-3.919696807861328125e-02,-1.242987811565399170e-02
6.596446037292480469e-02,-3.940510749816894531e-02,-1.244110614061355591e-02
6.519579887390136719e-02,-3.934085369110107422e-02,-1.272422820329666138e-02
6.445884704589843750e-02,-3.912746906280517578e-02,-1.272836327552795410e-02
6.368160247802734375e-02,-3.907990455627441406e-02,-1.268277317285537720e-02
6.288695335388183594e-02,-3.896152973175048828e-02,-1.246508955955505371e-02
6.213259696960449219e-02,-3.880262374877929688e-02,-1.219214498996734619e-02
6.158614158630371094e-02,-3.850483894348144531e-02,-1.192854344844818115e-02
6.112504005432128906e-02,-3.799557685852050781e-02,-1.154909282922744751e-02
6.061935424804687500e-02,-3.760790824890136719e-02,-1.114649325609207153e-02
6.014013290405273438e-02,-3.725552558898925781e-02,-1.085449755191802979e-02
5.972599983215332031e-02,-3.705644607543945312e-02,-1.054565608501434326e-02
5.930447578430175781e-02,-3.675663471221923828e-02,-1.018514484167098999e-02
5.892467498779296875e-02,-3.653168678283691406e-02,-1.004971563816070557e-02
5.855607986450195312e-02,-3.628146648406982422e-02,-9.842954576015472412e-03
5.813550949096679688e-02,-3.604483604431152344e-02,-9.643718600273132324e-03
5.773544311523437500e-02,-3.566384315490722656e-02,-9.486384689807891846e-03
5.737876892089843750e-02,-3.526365756988525391e-02,-9.306408464908599854e-03
5.711221694946289062e-02,-3.489339351654052734e-02,-8.990019559860229492e-03
5.679988861083984375e-02,-3.453016281127929688e-02,-8.656203746795654297e-03
5.656671524047851562e-02,-3.414952754974365234e-02,-8.230336010456085205e-03
5.634045600891113281e-02,-3.358447551727294922e-02,-7.754042744636535645e-03
5.604863166809082031e-02,-3.292858600616455078e-02,-7.341936230659484863e-03
5.575919151306152344e-02,-3.228890895843505859e-02,-7.057495415210723877e-03
5.545568466186523438e-02,-3.159749507904052734e-02,-6.681293249130249023e-03
5.506920814514160156e-02,-3.093695640563964844e-02,-6.221070885658264160e-03
5.477356910705566406e-02,-3.028118610382080078e-02,-5.634158849716186523e-03
5.443549156188964844e-02,-2.960062026977539062e-02,-5.055151879787445068e-03
5.416107177734375000e-02,-2.883493900299072266e-02,-4.516616463661193848e-03
5.402302742004394531e-02,-2.796435356140136719e-02,-3.838934004306793213e-03
5.397772789001464844e-02,-2.715408802032470703e-02,-3.184556961059570312e-03
5.371689796447753906e-02,-2.630686759948730469e-02,-2.529375255107879639e-03
5.335068702697753906e-02,-2.552020549774169922e-02,-1.873254776000976562e-03
5.285501480102539062e-02,-2.480018138885498047e-02,-1.156203448772430420e-03
5.234789848327636719e-02,-2.402389049530029297e-02,-3.157183527946472168e-04
5.184912681579589844e-02,-2.329254150390625000e-02,4.048347473144531250e-04
5.150556564331054688e-02,-2.258229255676269531e-02,1.174330711364746094e-03
5.110192298889160156e-02,-2.171432971954345703e-02,1.995481550693511963e-03
5.059385299682617188e-02,-2.088320255279541016e-02,2.898074686527252197e-03
5.010795593261718750e-02,-1.998651027679443359e-02,3.846071660518646240e-03
4.960036277770996094e-02,-1.912474632263183594e-02,4.644580185413360596e-03
4.910778999328613281e-02,-1.831376552581787109e-02,5.366407334804534912e-03
4.860520362854003906e-02,-1.752448081970214844e-02,5.884893238544464111e-03
4.806852340698242188e-02,-1.677906513214111328e-02,6.571315228939056396e-03
4.752373695373535156e-02,-1.614344120025634766e-02,7.316522300243377686e-03
4.695701599121093750e-02,-1.552069187164306641e-02,8.024625480175018311e-03
4.644656181335449219e-02,-1.510429382324218750e-02,8.424334228038787842e-03
4.602575302124023438e-02,-1.452577114105224609e-02,8.910931646823883057e-03
4.562306404113769531e-02,-1.392960548400878906e-02,9.486846625804901123e-03
4.536080360412597656e-02,-1.339602470397949219e-02,1.001126319169998169e-02
4.521441459655761719e-02,-1.273095607757568359e-02,1.045358926057815552e-02
4.506087303161621094e-02,-1.210379600524902344e-02,1.077014952898025513e-02
4.493355751037597656e-02,-1.148402690887451172e-02,1.109503954648971558e-02
4.474949836730957031e-02,-1.090049743652343750e-02,1.136647909879684448e-02
4.453396797180175781e-02,-1.024937629699707031e-02,1.161260157823562622e-02
4.422903060913085938e-02,-9.487867355346679688e-03,1.185304671525955200e-02
4.387688636779785156e-02,-8.773088455200195312e-03,1.200278848409652710e-02
4.365110397338867188e-02,-8.077740669250488281e-03,1.221179217100143433e-02
4.343390464782714844e-02,-7.356405258178710938e-03,1.247287541627883911e-02
4.321479797363281250e-02,-6.775736808776855469e-03,1.261306554079055786e-02
4.296159744262695312e-02,-6.224751472473144531e-03,1.278149336576461792e-02
4.271674156188964844e-02,-5.677461624145507812e-03,1.294840127229690552e-02
4.247784614562988281e-02,-5.021452903747558594e-03,1.315998286008834839e-02
4.221963882446289062e-02,-4.434347152709960938e-03,1.331321150064468384e-02
4.190397262573242188e-02,-4.023194313049316406e-03,1.336031407117843628e-02
4.165458679199218750e-02,-3.647446632385253906e-03,1.339260488748550415e-02
4.141163825988769531e-02,-3.287196159362792969e-03,1.339312642812728882e-02
4.125380516052246094e-02,-2.920150756835937500e-03,1.350320130586624146e-02
4.113602638244628906e-02,-2.489686012268066406e-03,1.358433812856674194e-02
4.092669486999511719e-02,-2.042651176452636719e-03,1.372062414884567261e-02
4.068255424499511719e-02,-1.772403717041015625e-03,1.372750848531723022e-02
4.026436805725097656e-02,-1.540422439575195312e-03,1.386059075593948364e-02
3.984522819519042969e-02,-1.292347908020019531e-03,1.392612606287002563e-02
3.947305679321289062e-02,-9.627342224121093750e-04,1.417864114046096802e-02
3.906202316284179688e-02,-6.252527236938476562e-04,1.459958404302597046e-02
3.850626945495605469e-02,-2.249479293823242188e-04,1.514659076929092407e-02
3.797149658203125000e-02,2.421140670776367188e-04,1.575046032667160034e-02
3.750967979431152344e-02,6.111860275268554688e-04,1.633409410715103149e-02
3.707098960876464844e-02,8.783340454101562500e-04,1.662497967481613159e-02
3.675413131713867188e-02,1.090168952941894531e-03,1.682395488023757935e-02
3.645467758178710938e-02,1.322984695434570312e-03,1.682237535715103149e-02
3.623819351196289062e-02,1.421689987182617188e-03,1.679495722055435181e-02
3.603506088256835938e-02,1.277089118957519531e-03,1.665493100881576538e-02
3.589630126953125000e-02,1.030564308166503906e-03,1.628988236188888550e-02
3.564977645874023438e-02,7.838010787963867188e-04,1.594121009111404419e-02
3.534412384033203125e-02,6.119012832641601562e-04,1.566844433546066284e-02
3.497648239135742188e-02,2.743005752563476562e-04,1.533814519643783569e-02
3.465127944946289062e-02,1.378059387207031250e-04,1.515584439039230347e-02
3.429746627807617188e-02,1.968145370483398438e-04,1.522556692361831665e-02
3.399753570556640625e-02,4.169940948486328125e-04,1.543594151735305786e-02
3.369569778442382812e-02,7.357597351074218750e-04,1.579726487398147583e-02
3.329277038574218750e-02,1.067638397216796875e-03,1.608578115701675415e-02
3.343152999877929688e-02,1.439809799194335938e-03,1.631579548120498657e-02
3.343439102172851562e-02,1.918077468872070312e-03,1.664390414953231812e-02
3.341388702392578125e-02,2.466201782226562500e-03,1.706746965646743774e-02
3.335762023925781250e-02,3.012299537658691406e-03,1.755439490079879761e-02
3.332805633544921875e-02,3.463745117187500000e-03,1.799268275499343872e-02
3.324007987976074219e-02,3.827452659606933594e-03,1.830858737230300903e-02
3.310847282409667969e-02,4.119157791137695312e-03,1.855381578207015991e-02
3.284883499145507812e-02,4.274487495422363281e-03,1.874440163373947144e-02
3.265762329101562500e-02,4.436016082763671875e-03,1.894185692071914673e-02
3.247094154357910156e-02,4.493117332458496094e-03,1.907254010438919067e-02
3.233742713928222656e-02,4.384160041809082031e-03,1.902913302183151245e-02
3.229451179504394531e-02,4.116654396057128906e-03,1.881799846887588501e-02
3.221607208251953125e-02,3.857731819152832031e-03,1.853612810373306274e-02
3.212976455688476562e-02,3.582596778869628906e-03,1.806151121854782104e-02
3.209471702575683594e-02,3.304839134216308594e-03,1.758793741464614868e-02
3.212666511535644531e-02,3.285288810729980469e-03,1.733369380235671997e-02
3.211855888366699219e-02,3.219008445739746094e-03,1.711972802877426147e-02
3.212332725524902344e-02,3.335118293762207031e-03,1.714506000280380249e-02
3.203916549682617188e-02,3.507137298583984375e-03,1.722734421491622925e-02
3.195023536682128906e-02,3.721594810485839844e-03,1.748374849557876587e-02
3.188633918762207031e-02,4.072427749633789062e-03,1.796437054872512817e-02
3.184628486633300781e-02,4.448890686035156250e-03,1.835260540246963501e-02
3.178143501281738281e-02,4.875779151916503906e-03,1.871681958436965942e-02
3.166770935058593750e-02,5.251884460449218750e-03,1.900923997163772583e-02
3.148531913757324219e-02,5.517482757568359375e-03,1.916978508234024048e-02
3.141260147094726562e-02,5.663275718688964844e-03,1.914200931787490845e-02
3.143930435180664062e-02,5.718827247619628906e-03,1.904592663049697876e-02
3.150606155395507812e-02,5.822181701660156250e-03,1.890968531370162964e-02
3.166484832763671875e-02,5.825996398925781250e-03,1.858042925596237183e-02
3.181004524230957031e-02,5.728483200073242188e-03,1.815243810415267944e-02
3.195977210998535156e-02,5.551218986511230469e-03,1.769929379224777222e-02
3.208947181701660156e-02,5.502700805664062500e-03,1.744715124368667603e-02
3.221631050109863281e-02,5.523443222045898438e-03,1.748531311750411987e-02
3.218030929565429688e-02,5.498647689819335938e-03,1.752784103155136108e-02
3.213787078857421875e-02,5.507349967956542969e-03,1.766050606966018677e-02
3.213572502136230469e-02,5.253076553344726562e-03,1.776199787855148315e-02
3.214335441589355469e-02,5.083680152893066406e-03,1.798995584249496460e-02
3.212428092956542969e-02,5.038738250732421875e-03,1.838486641645431519e-02
3.203797340393066406e-02,5.082368850708007812e-03,1.884988695383071899e-02
3.196787834167480469e-02,5.249857902526855469e-03,1.937960833311080933e-02
3.182268142700195312e-02,5.392193794250488281e-03,1.991105824708938599e-02
3.166413307189941406e-02,5.512595176696777344e-03,2.033201605081558228e-02
3.152441978454589844e-02,5.645275115966796875e-03,2.073762565851211548e-02
3.130912780761718750e-02,5.589723587036132812e-03,2.103283256292343140e-02
3.117847442626953125e-02,5.474567413330078125e-03,2.125684171915054321e-02
3.095912933349609375e-02,5.269050598144531250e-03,2.143765240907669067e-02
3.082513809204101562e-02,5.052208900451660156e-03,2.150901407003402710e-02
3.063941001892089844e-02,4.662275314331054688e-03,2.146036177873611450e-02
3.042817115783691406e-02,4.196882247924804688e-03,2.129880338907241821e-02
3.016257286071777344e-02,3.740191459655761719e-03,2.111495286226272583e-02
2.980828285217285156e-02,3.257989883422851562e-03,2.093517035245895386e-02
2.951574325561523438e-02,2.745270729064941406e-03,2.079460769891738892e-02
2.921032905578613281e-02,2.331376075744628906e-03,2.073898166418075562e-02
2.903962135314941406e-02,2.180933952331542969e-03,2.086137980222702026e-02
2.887725830078125000e-02,2.080321311950683594e-03,2.098367363214492798e-02
2.863550186157226562e-02,2.026200294494628906e-03,2.111210674047470093e-02
2.837061882019042969e-02,2.048730850219726562e-03,2.126505225896835327e-02
2.809858322143554688e-02,2.110004425048828125e-03,2.145744115114212036e-02
2.785873413085937500e-02,2.126693725585937500e-03,2.156118303537368774e-02
2.765297889709472656e-02,2.171754837036132812e-03,2.164501696825027466e-02
2.756857872009277344e-02,2.169847488403320312e-03,2.155905216932296753e-02
2.755832672119140625e-02,2.187252044677734375e-03,2.141266316175460815e-02
2.756810188293457031e-02,2.331495285034179688e-03,2.123523503541946411e-02
2.768278121948242188e-02,2.314686775207519531e-03,2.088635414838790894e-02
2.777409553527832031e-02,2.252817153930664062e-03,2.048132568597793579e-02
2.784276008605957031e-02,2.068877220153808594e-03,2.006807178258895874e-02
2.781820297241210938e-02,1.906752586364746094e-03,1.989143341779708862e-02
2.779793739318847656e-02,1.801133155822753906e-03,1.965001970529556274e-02
2.776050567626953125e-02,1.646399497985839844e-03,1.947633177042007446e-02
2.769136428833007812e-02,1.487255096435546875e-03,1.938226073980331421e-02
2.755284309387207031e-02,1.348137855529785156e-03,1.941224187612533569e-02
2.729153633117675781e-02,1.275062561035156250e-03,1.951967924833297729e-02
2.693462371826171875e-02,1.111149787902832031e-03,1.963373273611068726e-02
2.661705017089843750e-02,9.520053863525390625e-04,1.969567686319351196e-02
2.637147903442382812e-02,7.812976837158203125e-04,1.972431689500808716e-02
2.613067626953125000e-02,5.040168762207031250e-04,1.962465792894363403e-02
2.605390548706054688e-02,9.417533874511718750e-06,1.943015307188034058e-02
2.592182159423828125e-02,-5.184412002563476562e-04,1.923253387212753296e-02
2.574753761291503906e-02,-9.738206863403320312e-04,1.904175430536270142e-02
2.548551559448242188e-02,-1.443862915039062500e-03,1.883035153150558472e-02
2.517533302307128906e-02,-1.859307289123535156e-03,1.861182600259780884e-02
2.490663528442382812e-02,-2.227783203125000000e-03,1.799163967370986938e-02
2.452421188354492188e-02,-2.689361572265625000e-03,1.736579090356826782e-02
2.404522895812988281e-02,-3.195524215698242188e-03,1.678261905908584595e-02
2.357244491577148438e-02,-3.708362579345703125e-03,1.646389812231063843e-02
2.295684814453125000e-02,-4.276275634765625000e-03,1.623871177434921265e-02
2.229881286621093750e-02,-4.922509193420410156e-03,1.601187139749526978e-02
2.160692214965820312e-02,-5.580663681030273438e-03,1.582174748182296753e-02
2.094411849975585938e-02,-6.051182746887207031e-03,1.572861522436141968e-02
2.036070823669433594e-02,-6.454348564147949219e-03,1.571608334779739380e-02
1.983237266540527344e-02,-6.754398345947265625e-03,1.564259082078933716e-02
1.937532424926757812e-02,-7.063269615173339844e-03,1.552326232194900513e-02
1.899051666259765625e-02,-7.289528846740722656e-03,1.538240164518356323e-02
1.875495910644531250e-02,-7.616043090820312500e-03,1.514273136854171753e-02
1.858043670654296875e-02,-7.804870605468750000e-03,1.491334289312362671e-02
1.851749420166015625e-02,-7.923841476440429688e-03,1.471806317567825317e-02
1.850414276123046875e-02,-8.031249046325683594e-03,1.453603059053421021e-02
1.847243309020996094e-02,-8.125901222229003906e-03,1.440987735986709595e-02
1.842832565307617188e-02,-8.070707321166992188e-03,1.431184262037277222e-02
1.838302612304687500e-02,-8.028626441955566406e-03,1.417274028062820435e-02
1.839089393615722656e-02,-7.871627807617187500e-03,1.409054547548294067e-02
1.848936080932617188e-02,-7.576942443847656250e-03,1.418771594762802124e-02
1.860952377319335938e-02,-7.149934768676757812e-03,1.433388143777847290e-02
1.864290237426757812e-02,-6.611824035644531250e-03,1.462633162736892700e-02
1.871371269226074219e-02,-5.971074104309082031e-03,1.494429260492324829e-02
1.872658729553222656e-02,-5.451083183288574219e-03,1.525814086198806763e-02
1.862406730651855469e-02,-4.936337471008300781e-03,1.557648926973342896e-02
1.843309402465820312e-02,-4.554152488708496094e-03,1.578485220670700073e-02
1.828908920288085938e-02,-4.321455955505371094e-03,1.586287468671798706e-02
1.826953887939453125e-02,-4.166364669799804688e-03,1.587662845849990845e-02
1.835250854492187500e-02,-4.078984260559082031e-03,1.588431745767593384e-02
1.839184761047363281e-02,-4.110932350158691406e-03,1.585816591978073120e-02
1.847958564758300781e-02,-4.070758819580078125e-03,1.583581417798995972e-02
1.832365989685058594e-02,-4.199147224426269531e-03,1.574044674634933472e-02
1.803255081176757812e-02,-4.399657249450683594e-03,1.556637138128280640e-02
1.778531074523925781e-02,-4.764318466186523438e-03,1.527947932481765747e-02
1.745343208312988281e-02,-5.196571350097656250e-03,1.499939709901809692e-02
1.711225509643554688e-02,-5.557417869567871094e-03,1.472883671522140503e-02
1.674127578735351562e-02,-5.852818489074707031e-03,1.448219269514083862e-02
1.632356643676757812e-02,-6.031751632690429688e-03,1.426319032907485962e-02
1.591610908508300781e-02,-6.043672561645507812e-03,1.418561488389968872e-02
1.574635505676269531e-02,-5.925297737121582031e-03,1.415208727121353149e-02
1.555895805358886719e-02,-5.740761756896972656e-03,1.418284326791763306e-02
1.535272598266601562e-02,-5.659937858581542969e-03,1.426739245653152466e-02
1.523351669311523438e-02,-5.519747734069824219e-03,1.430148631334304810e-02
1.524424552917480469e-02,-5.324721336364746094e-03,1.420404762029647827e-02
1.544094085693359375e-02,-5.059003829956054688e-03,1.402496546506881714e-02
1.572871208190917969e-02,-4.822134971618652344e-03,1.370877772569656372e-02
1.592993736267089844e-02,-4.666447639465332031e-03,1.332326978445053101e-02
1.626801490783691406e-02,-4.582881927490234375e-03,1.280183345079421997e-02
1.656556129455566406e-02,-4.534244537353515625e-03,1.225966960191726685e-02
1.681470870971679688e-02,-4.440784454345703125e-03,1.172273606061935425e-02
1.689457893371582031e-02,-4.337906837463378906e-03,1.131530851125717163e-02
1.674723625183105469e-02,-4.288196563720703125e-03,1.095212250947952271e-02
1.658773422241210938e-02,-4.214406013488769531e-03,1.064874976873397827e-02
1.633024215698242188e-02,-4.114508628845214844e-03,1.041991263628005981e-02
1.606535911560058594e-02,-3.884196281433105469e-03,1.025853306055068970e-02
1.577591896057128906e-02,-3.569483757019042969e-03,1.015051454305648804e-02
1.539134979248046875e-02,-3.105521202087402344e-03,1.011800020933151245e-02
1.495456695556640625e-02,-2.619624137878417969e-03,1.017548888921737671e-02
1.450347900390625000e-02,-2.075314521789550781e-03,1.027036458253860474e-02
1.404166221618652344e-02,-1.505017280578613281e-03,1.040846854448318481e-02
1.360797882080078125e-02,-9.537935256958007812e-04,1.059835404157638550e-02
1.322484016418457031e-02,-3.666877746582031250e-04,1.073207706212997437e-02
1.288986206054687500e-02,9.047985076904296875e-05,1.076715439558029175e-02
1.260876655578613281e-02,6.201267242431640625e-04,1.081369072198867798e-02
1.227855682373046875e-02,1.013517379760742188e-03,1.082352548837661743e-02
1.198315620422363281e-02,1.288533210754394531e-03,1.089424639940261841e-02
1.182079315185546875e-02,1.564264297485351562e-03,1.097921282052993774e-02
1.166844367980957031e-02,1.843452453613281250e-03,1.110298186540603638e-02
1.141786575317382812e-02,2.075195312500000000e-03,1.124598830938339233e-02
1.064944267272949219e-02,2.214789390563964844e-03,1.148923486471176147e-02
1.001405715942382812e-02,2.247333526611328125e-03,1.168835908174514771e-02
9.624004364013671875e-03,2.393126487731933594e-03,1.194071024656295776e-02
9.345054626464843750e-03,2.476811408996582031e-03,1.208835095167160034e-02
9.240150451660156250e-03,2.527475357055664062e-03,1.217063516378402710e-02
9.099721908569335938e-03,2.533674240112304688e-03,1.223897188901901245e-02
8.980751037597656250e-03,2.527952194213867188e-03,1.238723844289779663e-02
8.825540542602539062e-03,2.418756484985351562e-03,1.253107935190200806e-02
8.594036102294921875e-03,2.297282218933105469e-03,1.258487254381179810e-02
8.344411849975585938e-03,2.293586730957031250e-03,1.274009793996810913e-02
8.094072341918945312e-03,2.197265625000000000e-03,1.288900524377822876e-02
7.737636566162109375e-03,2.129554748535156250e-03,1.308683305978775024e-02
7.311582565307617188e-03,1.891016960144042969e-03,1.318611949682235718e-02
6.940603256225585938e-03,1.589655876159667969e-03,1.324813812971115112e-02
6.551980972290039062e-03,1.527309417724609375e-03,1.324545592069625854e-02
6.174087524414062500e-03,1.526236534118652344e-03,1.320730894804000854e-02
5.887746810913085938e-03,1.637458801269531250e-03,1.323200017213821411e-02
5.785226821899414062e-03,1.877307891845703125e-03,1.330538839101791382e-02
5.791902542114257812e-03,2.153158187866210938e-03,1.333957165479660034e-02
5.860328674316406250e-03,2.536654472351074219e-03,1.339954882860183716e-02
5.962610244750976562e-03,2.948284149169921875e-03,1.348572224378585815e-02
6.164550781250000000e-03,3.365755081176757812e-03,1.355179399251937866e-02
6.383180618286132812e-03,3.790736198425292969e-03,1.363716274499893188e-02
6.567239761352539062e-03,4.218578338623046875e-03,1.378504186868667603e-02
6.615877151489257812e-03,4.545092582702636719e-03,1.391377300024032593e-02
6.676197052001953125e-03,4.786014556884765625e-03,1.403038948774337769e-02
6.666183471679687500e-03,4.988193511962890625e-03,1.415348798036575317e-02
6.614685058593750000e-03,5.023479461669921875e-03,1.423081010580062866e-02
6.507873535156250000e-03,4.996538162231445312e-03,1.423545926809310913e-02
6.345272064208984375e-03,4.908084869384765625e-03,1.411732286214828491e-02
6.158590316772460938e-03,4.721641540527343750e-03,1.390516012907028198e-02
5.976676940917968750e-03,4.432559013366699219e-03,1.378371566534042358e-02
5.751371383666992188e-03,4.091024398803710938e-03,1.374027878046035767e-02
5.567789077758789062e-03,3.737449645996093750e-03,1.368051022291183472e-02
5.268335342407226562e-03,3.412246704101562500e-03,1.365857571363449097e-02
4.987955093383789062e-03,3.072738647460937500e-03,1.367355138063430786e-02
4.580497741699218750e-03,2.727150917053222656e-03,1.368013769388198853e-02
4.292488098144531250e-03,2.417802810668945312e-03,1.377954334020614624e-02
3.817558288574218750e-03,1.904726028442382812e-03,1.380544155836105347e-02
3.368616104125976562e-03,1.465797424316406250e-03,1.385048776865005493e-02
3.065586090087890625e-03,1.085758209228515625e-03,1.397835463285446167e-02
2.932310104370117188e-03,6.932020187377929688e-04,1.400458067655563354e-02
2.869606018066406250e-03,2.821683883666992188e-04,1.401486247777938843e-02
2.906560897827148438e-03,-1.305341720581054688e-04,1.393882185220718384e-02
3.050804138183593750e-03,-7.016658782958984375e-04,1.384288817644119263e-02
3.324747085571289062e-03,-1.190662384033203125e-03,1.370935887098312378e-02
3.713846206665039062e-03,-1.738190650939941406e-03,1.350439339876174927e-02
4.102230072021484375e-03,-2.205252647399902344e-03,1.329488307237625122e-02
4.514455795288085938e-03,-2.620100975036621094e-03,1.310270279645919800e-02
4.962444305419921875e-03,-3.027796745300292969e-03,1.286170631647109985e-02
5.358457565307617188e-03,-3.304719924926757812e-03,1.263389736413955688e-02
5.702733993530273438e-03,-3.440976142883300781e-03,1.244228333234786987e-02
5.979776382446289062e-03,-3.491163253784179688e-03,1.230324059724807739e-02
6.163835525512695312e-03,-3.517627716064453125e-03,1.221009343862533569e-02
6.358385086059570312e-03,-3.554940223693847656e-03,1.210295408964157104e-02
6.402015686035156250e-03,-3.506541252136230469e-03,1.203735917806625366e-02
6.346225738525390625e-03,-3.493785858154296875e-03,1.201444119215011597e-02
6.249427795410156250e-03,-3.564000129699707031e-03,1.183196157217025757e-02
6.051540374755859375e-03,-3.576874732971191406e-03,1.170448213815689087e-02
5.810499191284179688e-03,-3.567695617675781250e-03,1.171126216650009155e-02
5.534648895263671875e-03,-3.498315811157226562e-03,1.175511628389358521e-02
5.302429199218750000e-03,-3.312230110168457031e-03,1.180071383714675903e-02
5.049467086791992188e-03,-3.105998039245605469e-03,1.177538186311721802e-02
4.795789718627929688e-03,-2.885699272155761719e-03,1.179652661085128784e-02
4.639625549316406250e-03,-2.648115158081054688e-03,1.183850318193435669e-02
4.631042480468750000e-03,-2.306580543518066406e-03,1.189298182725906372e-02
4.595994949340820312e-03,-1.904726028442382812e-03,1.197417825460433960e-02
4.647731781005859375e-03,-1.532316207885742188e-03,1.207380741834640503e-02
4.745483398437500000e-03,-1.147508621215820312e-03,1.220697909593582153e-02
4.874229431152343750e-03,-7.382631301879882812e-04,1.227120310068130493e-02
5.034446716308593750e-03,-2.827644348144531250e-04,1.237339526414871216e-02
5.177497863769531250e-03,2.212524414062500000e-04,1.256094127893447876e-02
5.370140075683593750e-03,7.358789443969726562e-04,1.273456960916519165e-02
5.550622940063476562e-03,1.214385032653808594e-03,1.292588561773300171e-02
5.736112594604492188e-03,1.622796058654785156e-03,1.304960995912551880e-02
5.897998809814453125e-03,1.902341842651367188e-03,1.316142827272415161e-02
5.921840667724609375e-03,2.061843872070312500e-03,1.333907991647720337e-02
5.914449691772460938e-03,2.047896385192871094e-03,1.340615004301071167e-02
5.891799926757812500e-03,1.931071281433105469e-03,1.333571225404739380e-02
5.839824676513671875e-03,1.756191253662109375e-03,1.321699470281600952e-02
5.805492401123046875e-03,1.439094543457031250e-03,1.294823735952377319e-02
5.766391754150390625e-03,1.027107238769531250e-03,1.268313080072402954e-02
5.722522735595703125e-03,5.582571029663085938e-04,1.235780864953994751e-02
5.639553070068359375e-03,-1.299381256103515625e-05,1.205006986856460571e-02
5.441665649414062500e-03,-5.817413330078125000e-04,1.176812499761581421e-02
5.240917205810546875e-03,-1.113057136535644531e-03,1.156158000230789185e-02
4.952669143676757812e-03,-1.595377922058105469e-03,1.140228658914566040e-02
4.646539688110351562e-03,-1.962780952453613281e-03,1.134368032217025757e-02
4.272460937500000000e-03,-2.123236656188964844e-03,1.130805164575576782e-02
3.962993621826171875e-03,-2.155542373657226562e-03,1.133494824171066284e-02
3.714561462402343750e-03,-2.067923545837402344e-03,1.144500821828842163e-02
3.518581390380859375e-03,-1.875638961791992188e-03,1.161075383424758911e-02
3.369569778442382812e-03,-1.564860343933105469e-03,1.186276227235794067e-02
3.244400024414062500e-03,-1.200556755065917969e-03,1.212311536073684692e-02
3.163814544677734375e-03,-8.190870285034179688e-04,1.236975938081741333e-02
3.165006637573242188e-03,-4.386901855468750000e-04,1.255693286657333374e-02
3.241062164306640625e-03,2.622604370117187500e-06,1.271574944257736206e-02
3.352880477905273438e-03,4.339218139648437500e-04,1.284796744585037231e-02
3.459930419921875000e-03,8.516311645507812500e-04,1.296446472406387329e-02
3.565788269042968750e-03,1.124143600463867188e-03,1.294992119073867798e-02
3.693342208862304688e-03,1.414299011230468750e-03,1.298385113477706909e-02
4.002809524536132812e-03,1.591801643371582031e-03,1.284760981798171997e-02
4.295825958251953125e-03,1.724720001220703125e-03,1.273789256811141968e-02
4.538774490356445312e-03,1.755118370056152344e-03,1.256711035966873169e-02
4.721641540527343750e-03,1.730561256408691406e-03,1.238834112882614136e-02
4.818439483642578125e-03,1.746416091918945312e-03,1.223456114530563354e-02
4.839897155761718750e-03,1.716136932373046875e-03,1.212225109338760376e-02
4.808902740478515625e-03,1.645445823669433594e-03,1.212088018655776978e-02
4.663944244384765625e-03,1.575231552124023438e-03,1.211132854223251343e-02
4.578351974487304688e-03,1.540064811706542969e-03,1.207274943590164185e-02
4.530429840087890625e-03,1.433253288269042969e-03,1.190502196550369263e-02
4.549503326416015625e-03,1.295447349548339844e-03,1.167608052492141724e-02
4.445075988769531250e-03,1.226544380187988281e-03,1.137491315603256226e-02
4.251480102539062500e-03,1.103162765502929688e-03,1.111052185297012329e-02
4.155635833740234375e-03,9.919404983520507812e-04,1.086392253637313843e-02
4.131793975830078125e-03,9.311437606811523438e-04,1.071434468030929565e-02
4.145383834838867188e-03,8.300542831420898438e-04,1.066119223833084106e-02
4.191637039184570312e-03,6.350278854370117188e-04,1.051700860261917114e-02
4.261255264282226562e-03,4.781484603881835938e-04,1.039024442434310913e-02
4.313707351684570312e-03,3.995895385742187500e-04,1.032594591379165649e-02
4.395723342895507812e-03,4.050731658935546875e-04,1.032783836126327515e-02
4.444122314453125000e-03,4.509687423706054688e-04,1.035260409116744995e-02
4.537820816040039062e-03,5.674362182617187500e-04,1.041970402002334595e-02
4.540681838989257812e-03,6.663799285888671875e-04,1.046756654977798462e-02
4.488706588745117188e-03,6.924867630004882812e-04,1.041347533464431763e-02
4.350900650024414062e-03,6.575584411621093750e-04,1.032573729753494263e-02
4.240751266479492188e-03,6.784200668334960938e-04,1.025409251451492310e-02
4.071474075317382812e-03,7.568597793579101562e-04,1.022533327341079712e-02
3.837347030639648438e-03,7.643699645996093750e-04,1.010981947183609009e-02
3.612518310546875000e-03,8.292198181152343750e-04,1.004541665315628052e-02
3.395795822143554688e-03,9.963512420654296875e-04,9.997494518756866455e-03
3.185272216796875000e-03,1.189947128295898438e-03,9.972490370273590088e-03
3.033638000488281250e-03,1.505136489868164062e-03,1.001193374395370483e-02
2.911567687988281250e-03,1.801490783691406250e-03,9.993530809879302979e-03
2.791881561279296875e-03,2.062082290649414062e-03,1.001109927892684937e-02
2.742528915405273438e-03,2.304911613464355469e-03,9.974412620067596436e-03
2.745628356933593750e-03,2.468347549438476562e-03,9.889341890811920166e-03
2.882242202758789062e-03,2.640724182128906250e-03,9.890966117382049561e-03
2.946615219116210938e-03,2.640604972839355469e-03,9.964548051357269287e-03
3.063440322875976562e-03,2.644300460815429688e-03,1.007334142923355103e-02
3.163576126098632812e-03,2.672672271728515625e-03,1.014823466539382935e-02
3.326654434204101562e-03,2.641916275024414062e-03,1.021274179220199585e-02
3.543853759765625000e-03,2.670526504516601562e-03,1.025710254907608032e-02
3.890514373779296875e-03,2.535223960876464844e-03,1.013965159654617310e-02
4.182577133178710938e-03,2.351045608520507812e-03,1.004468649625778198e-02
4.500150680541992188e-03,1.976132392883300781e-03,9.885273873805999756e-03
4.712581634521484375e-03,1.591920852661132812e-03,9.718693792819976807e-03
4.840135574340820312e-03,1.219868659973144531e-03,9.534157812595367432e-03
4.937410354614257812e-03,9.337663650512695312e-04,9.463496506214141846e-03
5.006313323974609375e-03,6.452798843383789062e-04,9.371690452098846436e-03
4.980325698852539062e-03,4.067420959472656250e-04,9.328253567218780518e-03
4.854202270507812500e-03,2.267360687255859375e-04,9.352110326290130615e-03
4.647731781005859375e-03,8.237361907958984375e-05,9.346134960651397705e-03
4.421472549438476562e-03,1.072883605957031250e-05,9.338013827800750732e-03
4.211902618408203125e-03,-4.148483276367187500e-05,9.416289627552032471e-03
3.997087478637695312e-03,-1.764297485351562500e-05,9.565569460391998291e-03
3.792285919189453125e-03,-2.491474151611328125e-05,9.745635092258453369e-03
3.622293472290039062e-03,-2.443790435791015625e-05,9.923897683620452881e-03
3.462553024291992188e-03,-2.276897430419921875e-05,1.008308678865432739e-02
3.278017044067382812e-03,-3.731250762939453125e-05,1.031514257192611694e-02
3.110647201538085938e-03,-6.866455078125000000e-05,1.051100343465805054e-02
3.022909164428710938e-03,-9.727478027343750000e-05,1.069714874029159546e-02
2.995252609252929688e-03,-2.064704895019531250e-04,1.084149628877639771e-02
3.032684326171875000e-03,-3.021955490112304688e-04,1.100233942270278931e-02
3.087520599365234375e-03,-3.764629364013671875e-04,1.118399947881698608e-02
3.135204315185546875e-03,-4.968643188476562500e-04,1.121517270803451538e-02
3.161430358886718750e-03,-6.382465362548828125e-04,1.114083081483840942e-02
3.127098083496093750e-03,-8.871555328369140625e-04,1.098521798849105835e-02
3.072261810302734375e-03,-1.153349876403808594e-03,1.079515367746353149e-02
2.942562103271484375e-03,-1.352190971374511719e-03,1.063039153814315796e-02
2.697467803955078125e-03,-1.557707786560058594e-03,1.036990433931350708e-02
2.418994903564453125e-03,-1.760721206665039062e-03,1.011183112859725952e-02
2.111911773681640625e-03,-1.909732818603515625e-03,9.954996407032012939e-03
1.791477203369140625e-03,-2.071738243103027344e-03,9.787552058696746826e-03
1.503467559814453125e-03,-2.067565917968750000e-03,9.755738079547882080e-03
1.272439956665039062e-03,-1.988768577575683594e-03,9.742207825183868408e-03
1.029729843139648438e-03,-1.845717430114746094e-03,9.734310209751129150e-03
9.012222290039062500e-04,-1.641392707824707031e-03,9.748227894306182861e-03
8.018016815185546875e-04,-1.339912414550781250e-03,9.808935225009918213e-03
7.615089416503906250e-04,-9.539127349853515625e-04,9.974844753742218018e-03
7.565021514892578125e-04,-4.990100860595703125e-04,1.017486304044723511e-02
7.843971252441406250e-04,2.026557922363281250e-06,1.042289286851882935e-02
8.454322814941406250e-04,4.721879959106445312e-04,1.061519235372543335e-02
9.000301361083984375e-04,9.224414825439453125e-04,1.076786965131759644e-02
1.027822494506835938e-03,1.196622848510742188e-03,1.083650439977645874e-02
1.190185546875000000e-03,1.428961753845214844e-03,1.091261953115463257e-02
1.360893249511718750e-03,1.556992530822753906e-03,1.081142574548721313e-02
1.512050628662109375e-03,1.666069030761718750e-03,1.067961007356643677e-02
1.574754714965820312e-03,1.790404319763183594e-03,1.054088026285171509e-02
1.643896102905273438e-03,1.929163932800292969e-03,1.046239584684371948e-02
1.621246337890625000e-03,2.096652984619140625e-03,1.054485887289047241e-02
1.565456390380859375e-03,2.280235290527343750e-03,1.067750900983810425e-02
1.456737518310546875e-03,2.332329750061035156e-03,1.081795245409011841e-02
1.342535018920898438e-03,2.400875091552734375e-03,1.099916547536849976e-02
1.195669174194335938e-03,2.439379692077636719e-03,1.116820424795150757e-02
1.056432723999023438e-03,2.522826194763183594e-03,1.128458231687545776e-02
9.157657623291015625e-04,2.536058425903320312e-03,1.139246672391891479e-02
7.855892181396484375e-04,2.473592758178710938e-03,1.142441481351852417e-02
6.434917449951171875e-04,2.400875091552734375e-03,1.145798712968826294e-02
4.937648773193359375e-04,2.331614494323730469e-03,1.147518306970596313e-02
3.354549407958984375e-04,2.235770225524902344e-03,1.146004348993301392e-02
1.192092895507812500e-04,2.138018608093261719e-03,1.144083589315414429e-02
-5.006790161132812500e-05,2.061247825622558594e-03,1.139373332262039185e-02
-2.424716949462890625e-04,1.939058303833007812e-03,1.134014874696731567e-02
-2.980232238769531250e-04,1.882195472717285156e-03,1.130317896604537964e-02
-3.414154052734375000e-04,1.874089241027832031e-03,1.124810427427291870e-02
-4.208087921142578125e-04,1.834630966186523438e-03,1.120828837156295776e-02
-4.208087921142578125e-04,1.804709434509277344e-03,1.117791980504989624e-02
-4.799365997314453125e-04,1.848459243774414062e-03,1.124530285596847534e-02
-5.152225494384765625e-04,1.870751380920410156e-03,1.129675656557083130e-02
-5.345344543457031250e-04,1.847147941589355469e-03,1.131220906972885132e-02
-5.581378936767578125e-04,1.844644546508789062e-03,1.130341738462448120e-02
-6.523132324218750000e-04,1.886248588562011719e-03,1.130876690149307251e-02
-7.340908050537109375e-04,1.891613006591796875e-03,1.135202497243881226e-02
-7.200241088867187500e-04,1.896500587463378906e-03,1.142648607492446899e-02
-6.468296051025390625e-04,1.897573471069335938e-03,1.157104223966598511e-02
-6.010532379150390625e-04,1.937389373779296875e-03,1.167995482683181763e-02
-5.183219909667968750e-04,2.031445503234863281e-03,1.178800314664840698e-02
-3.924369812011718750e-04,2.158284187316894531e-03,1.191524416208267212e-02
-2.207756042480468750e-04,2.293944358825683594e-03,1.203470677137374878e-02
4.005432128906250000e-05,2.388119697570800781e-03,1.207003742456436157e-02
3.263950347900390625e-04,2.489089965820312500e-03,1.213572174310684204e-02
6.077289581298828125e-04,2.503991127014160156e-03,1.215294748544692993e-02
8.175373077392578125e-04,2.426028251647949219e-03,1.205370575189590454e-02
9.734630584716796875e-04,2.357482910156250000e-03,1.195404678583145142e-02
1.056194305419921875e-03,2.299427986145019531e-03,1.182236522436141968e-02
1.083374023437500000e-03,2.242088317871093750e-03,1.174213737249374390e-02
1.022338867187500000e-03,2.166509628295898438e-03,1.167375594377517700e-02
8.647441864013671875e-04,2.122521400451660156e-03,1.170026510953903198e-02
6.644725799560546875e-04,2.056837081909179688e-03,1.172886043787002563e-02
4.413127899169921875e-04,1.927375793457031250e-03,1.177489012479782104e-02
2.162456512451171875e-04,1.746058464050292969e-03,1.179813593626022339e-02
4.291534423828125000e-05,1.543283462524414062e-03,1.173525303602218628e-02
-9.799003601074218750e-05,1.355171203613281250e-03,1.170969754457473755e-02
-1.637935638427734375e-04,1.172423362731933594e-03,1.167442649602890015e-02
-2.381801605224609375e-04,9.919404983520507812e-04,1.162039488554000854e-02
-1.909732818603515625e-04,8.199214935302734375e-04,1.163359731435775757e-02
-3.647804260253906250e-05,6.799697875976562500e-04,1.171492785215377808e-02
1.580715179443359375e-04,5.416870117187500000e-04,1.182445138692855835e-02
4.439353942871093750e-04,4.475116729736328125e-04,1.196161657571792603e-02
7.274150848388671875e-04,4.551410675048828125e-04,1.214682310819625854e-02
9.968280792236328125e-04,4.709959030151367188e-04,1.228597015142440796e-02
1.257658004760742188e-03,4.394054412841796875e-04,1.239103823900222778e-02
1.651525497436523438e-03,3.842115402221679688e-04,1.239881664514541626e-02
1.958847045898437500e-03,3.404617309570312500e-04,1.237177103757858276e-02
2.202749252319335938e-03,2.247095108032226562e-04,1.228865236043930054e-02
2.331733703613281250e-03,8.547306060791015625e-05,1.224140077829360962e-02
2.456426620483398438e-03,-1.257658004760742188e-04,1.211651414632797241e-02
2.508640289306640625e-03,-4.131793975830078125e-04,1.197662204504013062e-02
2.492189407348632812e-03,-7.272958755493164062e-04,1.186610013246536255e-02
2.390146255493164062e-03,-1.038670539855957031e-03,1.171044260263442993e-02
2.264261245727539062e-03,-1.375794410705566406e-03,1.149954646825790405e-02
2.132415771484375000e-03,-1.713275909423828125e-03,1.128252595663070679e-02
2.033948898315429688e-03,-1.991629600524902344e-03,1.104144006967544556e-02
1.933336257934570312e-03,-2.346873283386230469e-03,1.074185222387313843e-02
1.880645751953125000e-03,-2.582550048828125000e-03,1.050486415624618530e-02
1.843452453613281250e-03,-2.853274345397949219e-03,1.027516275644302368e-02
1.791477203369140625e-03,-3.038287162780761719e-03,1.012427359819412231e-02
1.801967620849609375e-03,-3.140211105346679688e-03,1.007481664419174194e-02
1.823663711547851562e-03,-3.080844879150390625e-03,1.018048077821731567e-02
1.837491989135742188e-03,-2.970457077026367188e-03,1.027386635541915894e-02
1.888990402221679688e-03,-2.745747566223144531e-03,1.044747978448867798e-02
1.969814300537109375e-03,-2.469182014465332031e-03,1.064399629831314087e-02
2.020120620727539062e-03,-2.212166786193847656e-03,1.083479076623916626e-02
2.012729644775390625e-03,-1.940727233886718750e-03,1.097797602415084839e-02
1.979827880859375000e-03,-1.710295677185058594e-03,1.108808070421218872e-02
1.883745193481445312e-03,-1.592278480529785156e-03,1.113525778055191040e-02
1.826286315917968750e-03,-1.392126083374023438e-03,1.119852811098098755e-02
1.766681671142578125e-03,-1.227498054504394531e-03,1.121888309717178345e-02
1.683473587036132812e-03,-1.105308532714843750e-03,1.118699461221694946e-02
1.573324203491210938e-03,-9.397268295288085938e-04,1.123697310686111450e-02
1.383543014526367188e-03,-7.174015045166015625e-04,1.135396212339401245e-02
1.280307769775390625e-03,-4.785060882568359375e-04,1.141821593046188354e-02
1.155138015747070312e-03,-2.398490905761718750e-04,1.147092133760452271e-02
1.086711883544921875e-03,-4.816055297851562500e-05,1.152948290109634399e-02
1.022815704345703125e-03,1.224279403686523438e-04,1.155125349760055542e-02
9.224414825439453125e-04,2.694129943847656250e-04,1.150081306695938110e-02
7.779598236083984375e-04,3.930330276489257812e-04,1.141443103551864624e-02
6.644725799560546875e-04,4.475116729736328125e-04,1.127950102090835571e-02
5.908012390136718750e-04,5.284547805786132812e-04,1.115644723176956177e-02
4.682540893554687500e-04,6.077289581298828125e-04,1.098781079053878784e-02
3.023147583007812500e-04,6.810426712036132812e-04,1.082474738359451294e-02
1.416206359863281250e-04,6.917715072631835938e-04,1.058464497327804565e-02
-1.478195190429687500e-05,6.583929061889648438e-04,1.036449521780014038e-02
-1.804828643798828125e-04,5.873441696166992188e-04,1.008103042840957642e-02
-3.445148468017578125e-04,5.517005920410156250e-04,9.774871170520782471e-03
-4.522800445556640625e-04,5.614757537841796875e-04,9.488888084888458252e-03
-4.799365997314453125e-04,5.981922149658203125e-04,9.209610521793365479e-03
-3.569126129150390625e-04,7.026195526123046875e-04,8.936412632465362549e-03
-2.663135528564453125e-04,7.840394973754882812e-04,8.670218288898468018e-03
-1.723766326904296875e-04,8.085966110229492188e-04,8.444748818874359131e-03
-1.080036163330078125e-04,8.279085159301757812e-04,8.339650928974151611e-03
-8.773803710937500000e-05,8.513927459716796875e-04,8.294977247714996338e-03
-1.118183135986328125e-04,8.713006973266601562e-04,8.333079516887664795e-03
-1.943111419677734375e-04,8.561611175537109375e-04,8.351944386959075928e-03
-3.225803375244140625e-04,7.923841476440429688e-04,8.403994143009185791e-03
-4.506111145019531250e-04,6.901025772094726562e-04,8.412249386310577393e-03
-5.512237548828125000e-04,5.573034286499023438e-04,8.356742560863494873e-03
-6.129741668701171875e-04,3.941059112548828125e-04,8.224748075008392334e-03
-6.699562072753906250e-04,1.997947692871093750e-04,8.039556443691253662e-03
-6.480216979980468750e-04,3.516674041748046875e-05,7.809288799762725830e-03
-6.244182586669921875e-04,-1.521110534667968750e-04,7.513023912906646729e-03
-5.638599395751953125e-04,-3.317594528198242188e-04,7.179863750934600830e-03
-4.212856292724609375e-04,-5.351305007934570312e-04,6.808318197727203369e-03
-2.069473266601562500e-04,-7.216930389404296875e-04,6.395481526851654053e-03
-1.239776611328125000e-05,-8.970499038696289062e-04,6.029658019542694092e-03
1.888275146484375000e-04,-1.038908958435058594e-03,5.662389099597930908e-03
3.793239593505859375e-04,-1.184225082397460938e-03,5.372755229473114014e-03
4.308223724365234375e-04,-1.278519630432128906e-03,5.177639424800872803e-03
4.403591156005859375e-04,-1.378059387207031250e-03,5.064569413661956787e-03
4.303455352783203125e-04,-1.373648643493652344e-03,4.970200359821319580e-03
3.323554992675781250e-04,-1.365780830383300781e-03,4.970036447048187256e-03
1.642704010009765625e-04,-1.277565956115722656e-03,5.058266222476959229e-03
-2.861022949218750000e-06,-1.229524612426757812e-03,5.111671984195709229e-03
-2.183914184570312500e-04,-1.215934753417968750e-03,5.233876407146453857e-03
-3.790855407714843750e-04,-1.186728477478027344e-03,5.347318947315216064e-03
-4.105567932128906250e-04,-1.152992248535156250e-03,5.465380847454071045e-03
-4.489421844482421875e-04,-1.066327095031738281e-03,5.567096173763275146e-03
-4.339218139648437500e-04,-9.716749191284179688e-04,5.667023360729217529e-03
-3.724098205566406250e-04,-8.789300918579101562e-04,5.756832659244537354e-03
-2.355575561523437500e-04,-8.149147033691406250e-04,5.784712731838226318e-03
-1.342296600341796875e-04,-7.205009460449218750e-04,5.815438926219940186e-03
-6.699562072753906250e-05,-6.307363510131835938e-04,5.829356610774993896e-03
-6.031990051269531250e-05,-5.885362625122070312e-04,5.824200809001922607e-03
-7.581710815429687500e-05,-6.109476089477539062e-04,5.765728652477264404e-03
-3.528594970703125000e-05,-6.034374237060546875e-04,5.730263888835906982e-03
-6.699562072753906250e-05,-5.165338516235351562e-04,5.788482725620269775e-03
-1.056194305419921875e-04,-4.431009292602539062e-04,5.849502980709075928e-03
-1.857280731201171875e-04,-3.685951232910156250e-04,5.945138633251190186e-03
-2.751350402832031250e-04,-3.111362457275390625e-04,5.988322198390960693e-03
-3.671646118164062500e-04,-2.881288528442382812e-04,6.040461361408233643e-03
-4.506111145019531250e-04,-2.899169921875000000e-04,6.029985845088958740e-03
-5.292892456054687500e-04,-2.267360687255859375e-04,6.039164960384368896e-03
-5.893707275390625000e-04,-2.022981643676757812e-04,5.985878407955169678e-03
-5.984306335449218750e-04,-2.322196960449218750e-04,5.921311676502227783e-03
-6.005764007568359375e-04,-2.385377883911132812e-04,5.873151123523712158e-03
-6.527900695800781250e-04,-1.728534698486328125e-04,5.892492830753326416e-03
-6.995201110839843750e-04,-1.357793807983398438e-04,5.923919379711151123e-03
-7.197856903076171875e-04,-9.942054748535156250e-05,5.950503051280975342e-03
-7.371902465820312500e-04,-4.208087921142578125e-05,5.976878106594085693e-03
-7.123947143554687500e-04,9.298324584960937500e-06,5.928628146648406982e-03
-6.623268127441406250e-04,-3.409385681152343750e-05,5.815483629703521729e-03
-6.771087646484375000e-04,-1.288652420043945312e-04,5.707271397113800049e-03
-6.968975067138671875e-04,-2.359151840209960938e-04,5.567692220211029053e-03
-7.376670837402343750e-04,-3.523826599121093750e-04,5.396164953708648682e-03
-8.227825164794921875e-04,-5.210638046264648438e-04,5.208544433116912842e-03
-9.181499481201171875e-04,-7.067918777465820312e-04,5.016081035137176514e-03
-9.758472442626953125e-04,-8.828639984130859375e-04,4.759021103382110596e-03
-1.005411148071289062e-03,-1.048445701599121094e-03,4.485286772251129150e-03
-1.070261001586914062e-03,-1.209378242492675781e-03,4.227422177791595459e-03
-1.112699508666992188e-03,-1.335144042968750000e-03,3.988452255725860596e-03
-1.165151596069335938e-03,-1.367330551147460938e-03,3.818593919277191162e-03
-1.091003417968750000e-03,-1.316905021667480469e-03,3.678746521472930908e-03
-1.010417938232421875e-03,-1.226425170898437500e-03,3.596358001232147217e-03
-9.560585021972656250e-04,-1.080989837646484375e-03,3.565274178981781006e-03
-8.311271667480468750e-04,-9.198188781738281250e-04,3.505371510982513428e-03
-7.247924804687500000e-04,-6.774663925170898438e-04,3.526933491230010986e-03
-6.210803985595703125e-04,-4.204511642456054688e-04,3.636188805103302002e-03
-5.624294281005859375e-04,-1.496076583862304688e-04,3.743596374988555908e-03
-5.552768707275390625e-04,6.449222564697265625e-05,3.842957317829132080e-03
-5.755424499511718750e-04,3.004074096679687500e-04,3.965504467487335205e-03
-6.422996520996093750e-04,5.077123641967773438e-04,4.085846245288848877e-03
-7.498264312744140625e-04,6.384849548339843750e-04,4.120953381061553955e-03
-8.549690246582031250e-04,6.687641143798828125e-04,4.114292562007904053e-03
-9.527206420898437500e-04,7.033348083496093750e-04,4.115737974643707275e-03
-9.646415710449218750e-04,7.294416427612304688e-04,4.092358052730560303e-03
-9.250640869140625000e-04,7.874965667724609375e-04,4.052333533763885498e-03
-8.566379547119140625e-04,8.397102355957031250e-04,4.024051129817962646e-03
-7.762908935546875000e-04,8.463859558105468750e-04,3.933511674404144287e-03
-6.716251373291015625e-04,8.578300476074218750e-04,3.915809094905853271e-03
-6.268024444580078125e-04,9.371042251586914062e-04,3.984935581684112549e-03
-6.718635559082031250e-04,1.037359237670898438e-03,4.110954701900482178e-03
-7.221698760986328125e-04,1.023173332214355469e-03,4.188396036624908447e-03
-7.252693176269531250e-04,1.052737236022949219e-03,4.256986081600189209e-03
-7.441043853759765625e-04,1.069545745849609375e-03,4.317991435527801514e-03
-8.037090301513671875e-04,1.128554344177246094e-03,4.370294511318206787e-03
-8.311271667480468750e-04,1.204133033752441406e-03,4.499770700931549072e-03
-8.709430694580078125e-04,1.300811767578125000e-03,4.660509526729583740e-03
-9.315013885498046875e-04,1.378178596496582031e-03,4.793234169483184814e-03
-1.017808914184570312e-03,1.347303390502929688e-03,4.849486052989959717e-03
-1.088142395019531250e-03,1.259207725524902344e-03,4.828043282032012939e-03
-1.147270202636718750e-03,1.144886016845703125e-03,4.821471869945526123e-03
-1.356124877929687500e-03,9.872913360595703125e-04,4.829920828342437744e-03
-1.536846160888671875e-03,8.624792098999023438e-04,4.906289279460906982e-03
-1.748323440551757812e-03,7.144212722778320312e-04,4.950426518917083740e-03
-1.942396163940429688e-03,5.193948745727539062e-04,4.978530108928680420e-03
-2.118587493896484375e-03,3.122091293334960938e-04,4.970349371433258057e-03
-2.305984497070312500e-03,1.471042633056640625e-04,4.986546933650970459e-03
-2.476930618286132812e-03,1.597404479980468750e-05,5.014531314373016357e-03
-2.571582794189453125e-03,-7.700920104980468750e-05,5.078427493572235107e-03
-2.596855163574218750e-03,-1.710653305053710938e-04,5.138985812664031982e-03
-2.608060836791992188e-03,-2.969503402709960938e-04,5.203790962696075439e-03
-2.630472183227539062e-03,-3.772974014282226562e-04,5.276910960674285889e-03
-2.622127532958984375e-03,-5.145072937011718750e-04,5.378939211368560791e-03
-2.679109573364257812e-03,-6.426572799682617188e-04,5.444474518299102783e-03
-2.736568450927734375e-03,-8.195638656616210938e-04,5.501188337802886963e-03
-2.835273742675781250e-03,-9.829998016357421875e-04,5.556412041187286377e-03
-2.980947494506835938e-03,-1.154780387878417969e-03,5.586199462413787842e-03
-3.037214279174804688e-03,-1.256108283996582031e-03,5.618311464786529541e-03
-3.098487854003906250e-03,-1.424074172973632812e-03,5.644194781780242920e-03
-3.149747848510742188e-03,-1.567244529724121094e-03,5.667038261890411377e-03
-3.208875656127929688e-03,-1.658439636230468750e-03,5.660794675350189209e-03
-3.318548202514648438e-03,-1.775741577148437500e-03,5.654595792293548584e-03
-3.473997116088867188e-03,-1.840829849243164062e-03,5.690582096576690674e-03
-3.655910491943359375e-03,-1.970291137695312500e-03,5.721934139728546143e-03
-3.834724426269531250e-03,-2.086520195007324219e-03,5.781717598438262939e-03
-3.958463668823242188e-03,-2.137780189514160156e-03,5.801789462566375732e-03
-4.020690917968750000e-03,-2.156257629394531250e-03,5.829595029354095459e-03
-4.101037979125976562e-03,-2.127408981323242188e-03,5.899406969547271729e-03
-4.102230072021484375e-03,-1.964569091796875000e-03,6.029449403285980225e-03
-4.084825515747070312e-03,-1.763939857482910156e-03,6.158016622066497803e-03
-4.055023193359375000e-03,-1.623153686523437500e-03,6.250508129596710205e-03
-4.076004028320312500e-03,-1.478195190429687500e-03,6.311215460300445557e-03
-4.126548767089843750e-03,-1.310944557189941406e-03,6.371386349201202393e-03
-4.226446151733398438e-03,-1.099944114685058594e-03,6.485186517238616943e-03
-4.332542419433593750e-03,-8.933544158935546875e-04,6.602205336093902588e-03
-4.533290863037109375e-03,-7.114410400390625000e-04,6.736911833286285400e-03
-4.818201065063476562e-03,-5.520582199096679688e-04,6.865017116069793701e-03
-5.140542984008789062e-03,-3.998279571533203125e-04,6.945677101612091064e-03
-5.423069000244140625e-03,-3.350973129272460938e-04,7.017217576503753662e-03
-5.709648132324218750e-03,-2.639293670654296875e-04,7.103316485881805420e-03
-5.951642990112304688e-03,-1.999139785766601562e-04,7.240809500217437744e-03
-6.183624267578125000e-03,-1.074075698852539062e-04,7.421664893627166748e-03
-6.350517272949218750e-03,-9.417533874511718750e-06,7.605426013469696045e-03
-6.494760513305664062e-03,1.370906829833984375e-05,7.792927324771881104e-03
-6.561994552612304688e-03,4.720687866210937500e-05,8.007146418094635010e-03
-6.600856781005859375e-03,3.349781036376953125e-05,8.144460618495941162e-03
-6.553888320922851562e-03,9.596347808837890625e-05,8.284755051136016846e-03
-6.457805633544921875e-03,1.296997070312500000e-04,8.414886891841888428e-03
-6.300926208496093750e-03,1.966953277587890625e-04,8.572779595851898193e-03
-6.141901016235351562e-03,2.653598785400390625e-04,8.727319538593292236e-03
-5.916833877563476562e-03,3.814697265625000000e-04,8.875243365764617920e-03
-5.754232406616210938e-03,4.978179931640625000e-04,9.013779461383819580e-03
-5.641460418701171875e-03,5.934238433837890625e-04,9.153775870800018311e-03
-5.543947219848632812e-03,7.779598236083984375e-04,8.963771164417266846e-03
-5.460262298583984375e-03,9.276866912841796875e-04,8.769132196903228760e-03
-5.436182022094726562e-03,1.077532768249511719e-03,8.609317243099212646e-03
-5.445003509521484375e-03,1.182317733764648438e-03,8.495278656482696533e-03
-5.501508712768554688e-03,1.262307167053222656e-03,8.405186235904693604e-03
-5.557537078857421875e-03,1.370906829833984375e-03,8.355669677257537842e-03
-5.617856979370117188e-03,1.420617103576660156e-03,8.298464119434356689e-03
-5.701780319213867188e-03,1.433968544006347656e-03,8.210666477680206299e-03
-5.750656127929687500e-03,1.406431198120117188e-03,8.094541728496551514e-03
-5.665302276611328125e-03,1.402497291564941406e-03,7.919602096080780029e-03
-5.510568618774414062e-03,1.409530639648437500e-03,7.816128432750701904e-03
-5.362987518310546875e-03,1.431584358215332031e-03,7.728762924671173096e-03
-5.168437957763671875e-03,1.506567001342773438e-03,7.659159600734710693e-03
-4.961729049682617188e-03,1.604437828063964844e-03,7.585398852825164795e-03
-4.758834838867187500e-03,1.712203025817871094e-03,7.577486336231231689e-03
-4.591226577758789062e-03,1.854062080383300781e-03,7.545821368694305420e-03
-4.431009292602539062e-03,1.959800720214843750e-03,7.521308958530426025e-03
-4.248857498168945312e-03,2.079129219055175781e-03,7.513515651226043701e-03
-4.078388214111328125e-03,2.184867858886718750e-03,7.573224604129791260e-03
-3.910303115844726562e-03,2.250909805297851562e-03,7.607243955135345459e-03
-3.715991973876953125e-03,2.283215522766113281e-03,7.614471018314361572e-03
-3.630638122558593750e-03,2.351880073547363281e-03,7.688812911510467529e-03
-3.588676452636718750e-03,2.443790435791015625e-03,7.796131074428558350e-03
-3.608942031860351562e-03,2.541780471801757812e-03,7.905505597591400146e-03
-3.601551055908203125e-03,2.641320228576660156e-03,7.960088551044464111e-03
-3.614664077758789062e-03,2.692818641662597656e-03,7.998429238796234131e-03
-3.636360168457031250e-03,2.681612968444824219e-03,8.053444325923919678e-03
-3.697395324707031250e-03,2.680659294128417969e-03,8.139468729496002197e-03
-3.742218017578125000e-03,2.684116363525390625e-03,8.237279951572418213e-03
-3.814935684204101562e-03,2.710580825805664062e-03,8.385099470615386963e-03
-3.929138183593750000e-03,2.733826637268066406e-03,8.568547666072845459e-03
-4.045963287353515625e-03,2.872943878173828125e-03,8.854873478412628174e-03
-4.130125045776367188e-03,2.987742424011230469e-03,9.185858070850372314e-03
-4.168748855590820312e-03,3.124237060546875000e-03,9.528391063213348389e-03
-4.130363464355468750e-03,3.275275230407714844e-03,9.886272251605987549e-03
-4.052877426147460938e-03,3.418445587158203125e-03,1.027169078588485718e-02
-3.937005996704101562e-03,3.515720367431640625e-03,1.068394631147384644e-02
-3.790140151977539062e-03,3.572344779968261719e-03,1.111600548028945923e-02
-3.615856170654296875e-03,3.625869750976562500e-03,1.155174523591995239e-02
-3.520727157592773438e-03,3.652334213256835938e-03,1.196808367967605591e-02
-3.496170043945312500e-03,3.660321235656738281e-03,1.234441250562667847e-02
-3.507614135742187500e-03,3.595829010009765625e-03,1.263002306222915649e-02
-3.502845764160156250e-03,3.571033477783203125e-03,1.283834129571914673e-02
-3.549814224243164062e-03,3.549695014953613281e-03,1.296824961900711060e-02
-3.653287887573242188e-03,3.498554229736328125e-03,1.305428892374038696e-02
-3.726243972778320312e-03,3.455281257629394531e-03,1.309903711080551147e-02
-3.801584243774414062e-03,3.391623497009277344e-03,1.310104876756668091e-02
-3.817796707153320312e-03,3.314137458801269531e-03,1.309471577405929565e-02
-3.811836242675781250e-03,3.207802772521972656e-03,1.309501379728317261e-02
-3.745079040527343750e-03,3.093242645263671875e-03,1.308309286832809448e-02
-3.755569458007812500e-03,3.040075302124023438e-03,1.306494325399398804e-02
-3.737211227416992188e-03,2.964973449707031250e-03,1.304771751165390015e-02
-3.642320632934570312e-03,2.899169921875000000e-03,1.303847879171371460e-02
-3.476858139038085938e-03,2.856850624084472656e-03,1.307895034551620483e-02
-3.299951553344726562e-03,2.792477607727050781e-03,1.311957091093063354e-02
-3.130674362182617188e-03,2.711415290832519531e-03,1.313029974699020386e-02
-2.973318099975585938e-03,2.641081809997558594e-03,1.316081732511520386e-02
-2.793073654174804688e-03,2.565622329711914062e-03,1.323489099740982056e-02
-2.698183059692382812e-03,2.514123916625976562e-03,1.332140713930130005e-02
-2.688407897949218750e-03,2.425074577331542969e-03,1.341376453638076782e-02
-2.737283706665039062e-03,2.348899841308593750e-03,1.350808888673782349e-02
-2.791166305541992188e-03,2.239108085632324219e-03,1.361445337533950806e-02
-2.878904342651367188e-03,2.091169357299804688e-03,1.368681341409683228e-02
-2.955675125122070312e-03,1.942396163940429688e-03,1.374243944883346558e-02
-3.057956695556640625e-03,1.752257347106933594e-03,1.375455409288406372e-02
-3.199338912963867188e-03,1.534104347229003906e-03,1.374801248311996460e-02
-3.374576568603515625e-03,1.360058784484863281e-03,1.375810056924819946e-02
-3.345489501953125000e-03,1.222014427185058594e-03,1.357237249612808228e-02
-3.245592117309570312e-03,1.152634620666503906e-03,1.340088993310928345e-02
-3.175735473632812500e-03,1.042962074279785156e-03,1.323881000280380249e-02
-3.126144409179687500e-03,9.737014770507812500e-04,1.313703507184982300e-02
-3.079414367675781250e-03,8.958578109741210938e-04,1.306303590536117554e-02
-3.044366836547851562e-03,8.124113082885742188e-04,1.303882151842117310e-02
-3.005504608154296875e-03,7.461309432983398438e-04,1.304484158754348755e-02
-2.974033355712890625e-03,6.972551345825195312e-04,1.307485252618789673e-02
-2.895832061767578125e-03,6.895065307617187500e-04,1.312070339918136597e-02
-2.847433090209960938e-03,7.368326187133789062e-04,1.318026334047317505e-02
-2.783536911010742188e-03,7.724761962890625000e-04,1.321437209844589233e-02
-2.696037292480468750e-03,7.761716842651367188e-04,1.325028389692306519e-02
-2.622365951538085938e-03,7.328987121582031250e-04,1.323053985834121704e-02
-2.556324005126953125e-03,6.682872772216796875e-04,1.318532973527908325e-02
-2.567768096923828125e-03,5.536079406738281250e-04,1.314858347177505493e-02
-2.544164657592773438e-03,4.810094833374023438e-04,1.307887583971023560e-02
-2.544879913330078125e-03,3.901720046997070312e-04,1.299510151147842407e-02
-2.578973770141601562e-03,2.616643905639648438e-04,1.297149807214736938e-02
-2.650499343872070312e-03,1.022815704345703125e-04,1.292165368795394897e-02
-2.741575241088867188e-03,-2.884864807128906250e-05,1.288909465074539185e-02
-2.819538116455078125e-03,-1.072883605957031250e-04,1.288975030183792114e-02
-2.942085266113281250e-03,-1.111030578613281250e-04,1.284851878881454468e-02
-3.097057342529296875e-03,-1.283884048461914062e-04,1.282174140214920044e-02
-3.189802169799804688e-03,-5.078315734863281250e-05,1.283360272645950317e-02
-3.229618072509765625e-03,3.516674041748046875e-05,1.287867873907089233e-02
-3.244876861572265625e-03,1.215934753417968750e-04,1.295300573110580444e-02
-3.324985504150390625e-03,1.888275146484375000e-04,1.306430250406265259e-02
-3.393888473510742188e-03,3.021955490112304688e-04,1.322535425424575806e-02
-3.442049026489257812e-03,4.523992538452148438e-04,1.340784877538681030e-02
-3.523349761962890625e-03,5.422830581665039062e-04,1.360159367322921753e-02
-3.596544265747070312e-03,6.580352783203125000e-04,1.381438225507736206e-02
-3.646612167358398438e-03,7.429122924804687500e-04,1.400793343782424927e-02
-3.682136535644531250e-03,8.071660995483398438e-04,1.413329690694808960e-02
-3.704309463500976562e-03,8.441209793090820312e-04,1.424332708120346069e-02
-3.732919692993164062e-03,9.024143218994140625e-04,1.435025781393051147e-02
-3.799438476562500000e-03,9.688138961791992188e-04,1.443172246217727661e-02
-3.840208053588867188e-03,9.859800338745117188e-04,1.449974626302719116e-02
-3.930807113647460938e-03,9.518861770629882812e-04,1.455984264612197876e-02
-4.003763198852539062e-03,9.222030639648437500e-04,1.457764953374862671e-02
-4.026651382446289062e-03,9.138584136962890625e-04,1.456957310438156128e-02
-4.029989242553710938e-03,8.665323257446289062e-04,1.449023932218551636e-02
-3.988981246948242188e-03,9.093284606933593750e-04,1.442181318998336792e-02
-3.954410552978515625e-03,9.222030639648437500e-04,1.444088667631149292e-02
-3.886938095092773438e-03,8.713006973266601562e-04,1.447362452745437622e-02
-3.785848617553710938e-03,8.323192596435546875e-04,1.450636237859725952e-02
-3.661155700683593750e-03,7.830858230590820312e-04,1.455398648977279663e-02
-3.545999526977539062e-03,7.286071777343750000e-04,1.453024893999099731e-02
-3.459215164184570312e-03,6.515979766845703125e-04,1.451046019792556763e-02
-3.353834152221679688e-03,5.804300308227539062e-04,1.435517519712448120e-02
-3.298997879028320312e-03,4.940032958984375000e-04,1.414103060960769653e-02
-3.283262252807617188e-03,3.601312637329101562e-04,1.394627243280410767e-02
-3.317356109619140625e-03,1.496076583862304688e-04,1.373062282800674438e-02
-3.421545028686523438e-03,-6.139278411865234375e-05,1.354879885911941528e-02
-3.532409667968750000e-03,-1.755952835083007812e-04,1.336032897233963013e-02
-3.610849380493164062e-03,-2.638101577758789062e-04,1.319553703069686890e-02
-3.643512725830078125e-03,-3.087520599365234375e-04,1.304043084383010864e-02
-3.699302673339843750e-03,-2.657175064086914062e-04,1.297741383314132690e-02
-3.756999969482421875e-03,-1.307725906372070312e-04,1.293744891881942749e-02
-3.829717636108398438e-03,-3.135204315185546875e-05,1.289284974336624146e-02
-3.950119018554687500e-03,1.171827316284179688e-04,1.287991553544998169e-02
-4.012823104858398438e-03,3.006458282470703125e-04,1.290930062532424927e-02
-4.022121429443359375e-03,5.569458007812500000e-04,1.300331205129623413e-02
-3.991603851318359375e-03,8.093118667602539062e-04,1.307678967714309692e-02
-3.959894180297851562e-03,1.041054725646972656e-03,1.311812549829483032e-02
-3.900766372680664062e-03,1.208543777465820312e-03,1.317148655652999878e-02
-3.774642944335937500e-03,1.351952552795410156e-03,1.320741325616836548e-02
-3.636598587036132812e-03,1.493930816650390625e-03,1.323764771223068237e-02
-3.460168838500976562e-03,1.605749130249023438e-03,1.324436813592910767e-02
-3.206253051757812500e-03,1.691937446594238281e-03,1.322153955698013306e-02
-2.926588058471679688e-03,1.765370368957519531e-03,1.319103688001632690e-02
-2.647399902343750000e-03,1.869082450866699219e-03,1.318349689245223999e-02
-2.391576766967773438e-03,1.929521560668945312e-03,1.316130906343460083e-02
-2.204418182373046875e-03,1.971960067749023438e-03,1.316066831350326538e-02
-2.052068710327148438e-03,2.009987831115722656e-03,1.312545686960220337e-02
-1.901865005493164062e-03,2.062678337097167969e-03,1.310894638299942017e-02
-1.804828643798828125e-03,2.091407775878906250e-03,1.306159049272537231e-02
-1.712799072265625000e-03,2.116084098815917969e-03,1.302964240312576294e-02
-1.615762710571289062e-03,2.119064331054687500e-03,1.296768337488174438e-02
-1.493692398071289062e-03,2.171993255615234375e-03,1.298869401216506958e-02
-1.435518264770507812e-03,2.249956130981445312e-03,1.306035369634628296e-02
-1.423597335815429688e-03,2.363562583923339844e-03,1.314897090196609497e-02
-1.451492309570312500e-03,2.500534057617187500e-03,1.323398202657699585e-02
-1.503467559814453125e-03,2.583265304565429688e-03,1.336955279111862183e-02
-1.579999923706054688e-03,2.653717994689941406e-03,1.353139430284500122e-02
-1.702547073364257812e-03,2.702713012695312500e-03,1.368270069360733032e-02
-1.869201660156250000e-03,2.753019332885742188e-03,1.383816450834274292e-02
-2.104997634887695312e-03,2.746343612670898438e-03,1.399750262498855591e-02
-2.364158630371093750e-03,2.706408500671386719e-03,1.412019878625869751e-02
-2.599000930786132812e-03,2.652883529663085938e-03,1.425466686487197876e-02
-2.789020538330078125e-03,2.608180046081542969e-03,1.438767462968826294e-02
-2.887487411499023438e-03,2.634763717651367188e-03,1.452197879552841187e-02
-2.924919128417968750e-03,2.709150314331054688e-03,1.467043906450271606e-02
-2.989768981933593750e-03,2.797842025756835938e-03,1.483746618032455444e-02
-3.039598464965820312e-03,2.893209457397460938e-03,1.496654003858566284e-02
-3.180503845214843750e-03,2.819418907165527344e-03,1.521619409322738647e-02
-3.256320953369140625e-03,2.730131149291992188e-03,1.538284868001937866e-02
-3.325462341308593750e-03,2.667784690856933594e-03,1.550931483507156372e-02
-3.365039825439453125e-03,2.597689628601074219e-03,1.562067121267318726e-02
-3.385066986083984375e-03,2.463102340698242188e-03,1.568155735731124878e-02
-3.500223159790039062e-03,2.292990684509277344e-03,1.566050201654434204e-02
-3.638267517089843750e-03,2.123475074768066406e-03,1.568342000246047974e-02
-3.732681274414062500e-03,1.958250999450683594e-03,1.568540185689926147e-02
-3.839015960693359375e-03,1.796841621398925781e-03,1.568310707807540894e-02
-4.020452499389648438e-03,1.640319824218750000e-03,1.570156961679458618e-02
-4.211187362670898438e-03,1.532077789306640625e-03,1.576996594667434692e-02
-4.420518875122070312e-03,1.336455345153808594e-03,1.583301275968551636e-02
-4.595041275024414062e-03,1.154184341430664062e-03,1.589664071798324585e-02
-4.781961441040039062e-03,9.763240814208984375e-04,1.595763117074966431e-02
-4.963636398315429688e-03,7.920265197753906250e-04,1.602102071046829224e-02
-5.131721496582031250e-03,6.171464920043945312e-04,1.607406884431838989e-02
-5.288839340209960938e-03,4.007816314697265625e-04,1.611296087503433228e-02
-5.404472351074218750e-03,2.055168151855468750e-04,1.614407449960708618e-02
-5.504131317138671875e-03,-4.053115844726562500e-06,1.613766700029373169e-02
-5.616903305053710938e-03,-1.724958419799804688e-04,1.612294465303421021e-02
-5.688905715942382812e-03,-2.321004867553710938e-04,1.609017699956893921e-02
-5.688905715942382812e-03,-2.321004867553710938e-04,1.609017699956893921e-02
-5.793333053588867188e-03,-2.851486206054687500e-04,1.610302180051803589e-02
-5.853176116943359375e-03,-3.553628921508789062e-04,1.611573249101638794e-02
-5.819797515869140625e-03,-4.235506057739257812e-04,1.616489142179489136e-02
-5.792856216430664062e-03,-4.297494888305664062e-04,1.629675179719924927e-02
-5.765438079833984375e-03,-4.003047943115234375e-04,1.641383022069931030e-02
-5.723714828491210938e-03,-2.979040145874023438e-04,1.660834997892379761e-02
-5.675554275512695312e-03,-1.614093780517578125e-04,1.678254455327987671e-02
-5.616664886474609375e-03,-3.373622894287109375e-05,1.692570000886917114e-02
-5.518436431884765625e-03,1.696348190307617188e-04,1.706118136644363403e-02
-5.426168441772460938e-03,4.768371582031250000e-04,1.705714315176010132e-02
-5.309343338012695312e-03,7.451772689819335938e-04,1.704690605401992798e-02
-5.230665206909179688e-03,9.975433349609375000e-04,1.707416027784347534e-02
-5.197763442993164062e-03,1.146912574768066406e-03,1.704042404890060425e-02
-5.166769027709960938e-03,1.230359077453613281e-03,1.697883754968643188e-02
-5.111455917358398438e-03,1.257300376892089844e-03,1.685161143541336060e-02
-5.060434341430664062e-03,1.292467117309570312e-03,1.673043519258499146e-02
-5.056142807006835938e-03,1.245498657226562500e-03,1.657020300626754761e-02
-5.117893218994140625e-03,1.201152801513671875e-03,1.642616838216781616e-02
-5.167961120605468750e-03,1.164317131042480469e-03,1.629304140806198120e-02
-5.181550979614257812e-03,1.145124435424804688e-03,1.614270359277725220e-02
-5.226850509643554688e-03,1.109838485717773438e-03,1.598062366247177124e-02
-5.331516265869140625e-03,1.098275184631347656e-03,1.579395681619644165e-02
-5.403041839599609375e-03,1.129269599914550781e-03,1.564266532659530640e-02
-5.681514739990234375e-03,1.024723052978515625e-03,1.548456400632858276e-02
-5.892276763916015625e-03,1.006603240966796875e-03,1.543284207582473755e-02
-6.014823913574218750e-03,1.038193702697753906e-03,1.534665375947952271e-02
-6.083011627197265625e-03,1.086592674255371094e-03,1.527554541826248169e-02
-6.119251251220703125e-03,1.201510429382324219e-03,1.525577157735824585e-02
-6.107807159423828125e-03,1.338005065917968750e-03,1.524037867784500122e-02
-6.002664566040039062e-03,1.552581787109375000e-03,1.532103866338729858e-02
-5.886316299438476562e-03,1.787781715393066406e-03,1.537733525037765503e-02
-5.717992782592773438e-03,2.069950103759765625e-03,1.548659056425094604e-02
-5.556583404541015625e-03,2.361893653869628906e-03,1.560875028371810913e-02
-5.366563796997070312e-03,2.660751342773437500e-03,1.575949043035507202e-02
-5.117893218994140625e-03,2.972722053527832031e-03,1.591948419809341431e-02
-4.863023757934570312e-03,3.263592720031738281e-03,1.606390625238418579e-02
-4.589319229125976562e-03,3.548979759216308594e-03,1.616827398538589478e-02
-4.343986511230468750e-03,3.798723220825195312e-03,1.627350598573684692e-02
-4.116773605346679688e-03,3.928899765014648438e-03,1.625195890665054321e-02
-3.914833068847656250e-03,4.009008407592773438e-03,1.627864688634872437e-02
-3.684043884277343750e-03,4.144787788391113281e-03,1.631283015012741089e-02
-3.457784652709960938e-03,4.257678985595703125e-03,1.633790880441665649e-02
-3.319501876831054688e-03,4.268288612365722656e-03,1.631548255681991577e-02
-3.193855285644531250e-03,4.246354103088378906e-03,1.629438251256942749e-02
-3.100156784057617188e-03,4.193067550659179688e-03,1.625766605138778687e-02
-3.027439117431640625e-03,4.118561744689941406e-03,1.623521000146865845e-02
-2.955913543701171875e-03,3.999948501586914062e-03,1.619244366884231567e-02
-2.916812896728515625e-03,3.923058509826660156e-03,1.622935384511947632e-02
-2.851963043212890625e-03,3.855109214782714844e-03,1.624945551156997681e-02
-2.857923507690429688e-03,3.794431686401367188e-03,1.631578058004379272e-02
-2.857923507690429688e-03,3.734469413757324219e-03,1.637030392885208130e-02
-2.860784530639648438e-03,3.692507743835449219e-03,1.646376401185989380e-02
-2.859354019165039062e-03,3.680109977722167969e-03,1.659066230058670044e-02
-2.921104431152343750e-03,3.664016723632812500e-03,1.673453301191329956e-02
-3.014802932739257812e-03,3.633856773376464844e-03,1.687891036272048950e-02
-3.140687942504882812e-03,3.614425659179687500e-03,1.701123267412185669e-02
-3.245115280151367188e-03,3.658652305603027344e-03,1.725416630506515503e-02
-3.337860107421875000e-03,3.701448440551757812e-03,1.749134808778762817e-02
-3.407001495361328125e-03,3.740668296813964844e-03,1.767394691705703735e-02
-3.476619720458984375e-03,3.769516944885253906e-03,1.785901933908462524e-02
-3.567457199096679688e-03,3.783464431762695312e-03,1.803932338953018188e-02
-3.636598587036132812e-03,3.830552101135253906e-03,1.819003373384475708e-02
-3.733634948730468750e-03,3.884196281433105469e-03,1.838759332895278931e-02
-3.861188888549804688e-03,3.911137580871582031e-03,1.857992261648178101e-02
-3.946065902709960938e-03,3.858804702758789062e-03,1.872739940881729126e-02
-4.007577896118164062e-03,3.806591033935546875e-03,1.886925846338272095e-02
-4.057884216308593750e-03,3.718256950378417969e-03,1.898566633462905884e-02
-4.111528396606445312e-03,3.682732582092285156e-03,1.908311992883682251e-02
-4.150867462158203125e-03,3.655314445495605469e-03,1.919402927160263062e-02
-4.171848297119140625e-03,3.600835800170898438e-03,1.926284283399581909e-02
-4.188776016235351562e-03,3.535866737365722656e-03,1.934850960969924927e-02
-4.155635833740234375e-03,3.454446792602539062e-03,1.946676522493362427e-02
-4.130363464355468750e-03,3.423571586608886719e-03,1.957754045724868774e-02
-4.064083099365234375e-03,3.345489501953125000e-03,1.965180784463882446e-02
-3.998041152954101562e-03,3.266453742980957031e-03,1.973304897546768188e-02
-3.913640975952148438e-03,3.208756446838378906e-03,1.979134231805801392e-02
-3.802061080932617188e-03,3.167629241943359375e-03,1.986289769411087036e-02
-3.704071044921875000e-03,3.155112266540527344e-03,1.990649849176406860e-02
-3.601789474487304688e-03,3.150582313537597656e-03,1.993935555219650269e-02
-3.528118133544921875e-03,3.128290176391601562e-03,1.994726806879043579e-02
-3.534793853759765625e-03,3.061532974243164062e-03,1.992476731538772583e-02
-3.527164459228515625e-03,2.985000610351562500e-03,1.990426331758499146e-02
-3.568887710571289062e-03,2.894282341003417969e-03,1.988863199949264526e-02
-3.619194030761718750e-03,2.727389335632324219e-03,1.982937008142471313e-02
-3.648042678833007812e-03,2.563953399658203125e-03,1.975310593843460083e-02
-3.548145294189453125e-03,2.372741699218750000e-03,1.966192573308944702e-02
-3.373384475708007812e-03,2.162575721740722656e-03,1.957439631223678589e-02
-3.212690353393554688e-03,1.965761184692382812e-03,1.949665695428848267e-02
-3.089189529418945312e-03,1.759648323059082031e-03,1.946326345205307007e-02
-3.022909164428710938e-03,1.539826393127441406e-03,1.943970471620559692e-02
-2.967834472656250000e-03,1.318097114562988281e-03,1.947487145662307739e-02
-2.970457077026367188e-03,1.091122627258300781e-03,1.951544731855392456e-02
-2.998590469360351562e-03,9.100437164306640625e-04,1.957001537084579468e-02
-3.093719482421875000e-03,7.090568542480468750e-04,1.964462548494338989e-02
-3.247261047363281250e-03,5.288124084472656250e-04,1.971674710512161255e-02
-3.431797027587890625e-03,3.423690795898437500e-04,1.977985352277755737e-02
-3.637313842773437500e-03,1.543760299682617188e-04,1.983549445867538452e-02
-3.813505172729492188e-03,3.480911254882812500e-05,1.992148905992507935e-02
-4.004240036010742188e-03,-8.177757263183593750e-05,2.001246064901351929e-02
-4.078865051269531250e-03,-9.620189666748046875e-05,2.000831812620162964e-02
-4.158973693847656250e-03,-1.330375671386718750e-04,2.001752704381942749e-02
-4.264116287231445312e-03,-1.840591430664062500e-04,2.002377063035964966e-02
-4.361152648925781250e-03,-1.965761184692382812e-04,1.999112218618392944e-02
-4.425525665283203125e-03,-1.668930053710937500e-04,1.995875686407089233e-02
-4.483699798583984375e-03,-1.536607742309570312e-04,1.993330568075180054e-02
-4.558324813842773438e-03,-1.207590103149414062e-04,1.991575211286544800e-02
-4.600048065185546875e-03,-5.865097045898437500e-05,1.993823796510696411e-02
-4.556417465209960938e-03,-1.931190490722656250e-05,1.997301727533340454e-02
-4.523992538452148438e-03,2.896785736083984375e-05,2.003734558820724487e-02
-4.511594772338867188e-03,7.426738739013671875e-05,2.010082453489303589e-02
-4.498004913330078125e-03,1.331567764282226562e-04,2.017272263765335083e-02
-4.462957382202148438e-03,2.062320709228515625e-04,2.021167427301406860e-02
-4.427671432495117188e-03,2.713203430175781250e-04,2.022346109151840210e-02
-4.386901855468750000e-03,3.147125244140625000e-04,2.026052027940750122e-02
-4.371643066406250000e-03,3.672838211059570312e-04,2.030713111162185669e-02
-4.378318786621093750e-03,4.265308380126953125e-04,2.033417671918869019e-02
-4.400968551635742188e-03,4.831552505493164062e-04,2.039817720651626587e-02
-4.451751708984375000e-03,5.643367767333984375e-04,2.043812721967697144e-02
-4.527091979980468750e-03,6.842613220214843750e-04,2.051686495542526245e-02
-4.558324813842773438e-03,7.845163345336914062e-04,2.056177705526351929e-02
-4.548549652099609375e-03,9.105205535888671875e-04,2.062084525823593140e-02
-4.543304443359375000e-03,1.040101051330566406e-03,2.068925648927688599e-02
-4.579305648803710938e-03,1.169323921203613281e-03,2.075497061014175415e-02
-4.630804061889648438e-03,1.320838928222656250e-03,2.085017412900924683e-02
-4.679441452026367188e-03,1.486539840698242188e-03,2.092663198709487915e-02
