9.322643280029296875e-03,-3.308928012847900391e-02,4.262167215347290039e-02
9.322643280029296875e-03,-3.308928012847900391e-02,4.262167215347290039e-02
1.032257080078125000e-02,-3.208935260772705078e-02,4.162168502807617188e-02
1.130199432373046875e-02,-3.220880031585693359e-02,4.223987460136413574e-02
1.213073730468750000e-02,-3.219139575958251953e-02,4.266542196273803711e-02
1.258516311645507812e-02,-3.209912776947021484e-02,4.300305247306823730e-02
1.268339157104492188e-02,-3.203225135803222656e-02,4.317337274551391602e-02
1.241827011108398438e-02,-3.187143802642822266e-02,4.316133260726928711e-02
1.204252243041992188e-02,-3.164947032928466797e-02,4.305008053779602051e-02
1.157665252685546875e-02,-3.168070316314697266e-02,4.303008317947387695e-02
1.111888885498046875e-02,-3.150749206542968750e-02,4.277035593986511230e-02
1.089525222778320312e-02,-3.141283988952636719e-02,4.250150918960571289e-02
1.109838485717773438e-02,-3.185307979583740234e-02,4.227414727210998535e-02
1.129531860351562500e-02,-3.221476078033447266e-02,4.195469617843627930e-02
1.136350631713867188e-02,-3.253746032714843750e-02,4.169353842735290527e-02
1.124763488769531250e-02,-3.283834457397460938e-02,4.146620631217956543e-02
1.097631454467773438e-02,-3.302621841430664062e-02,4.096090793609619141e-02
1.063156127929687500e-02,-3.320503234863281250e-02,4.034402966499328613e-02
1.023578643798828125e-02,-3.325378894805908203e-02,3.994616866111755371e-02
9.839057922363281250e-03,-3.323566913604736328e-02,3.949427604675292969e-02
9.430885314941406250e-03,-3.326368331909179688e-02,3.899365663528442383e-02
9.173870086669921875e-03,-3.325784206390380859e-02,3.856238722801208496e-02
9.161472320556640625e-03,-3.330099582672119141e-02,3.843864798545837402e-02
9.071350097656250000e-03,-3.349411487579345703e-02,3.815326094627380371e-02
8.953094482421875000e-03,-3.370141983032226562e-02,3.794822096824645996e-02
8.787631988525390625e-03,-3.393220901489257812e-02,3.785717487335205078e-02
8.580207824707031250e-03,-3.404021263122558594e-02,3.787118196487426758e-02
8.394718170166015625e-03,-3.404080867767333984e-02,3.800958395004272461e-02
8.245944976806640625e-03,-3.398644924163818359e-02,3.815770149230957031e-02
8.084297180175781250e-03,-3.400969505310058594e-02,3.807541728019714355e-02
7.946968078613281250e-03,-3.396654129028320312e-02,3.806513547897338867e-02
7.716655731201171875e-03,-3.384006023406982422e-02,3.807768225669860840e-02
7.356166839599609375e-03,-3.360891342163085938e-02,3.809162974357604980e-02
7.154941558837890625e-03,-3.339135646820068359e-02,3.814104199409484863e-02
6.948947906494140625e-03,-3.316724300384521484e-02,3.821176290512084961e-02
6.809234619140625000e-03,-3.299677371978759766e-02,3.825831413269042969e-02
6.692409515380859375e-03,-3.289961814880371094e-02,3.819584846496582031e-02
6.627559661865234375e-03,-3.298032283782958984e-02,3.820735216140747070e-02
6.622314453125000000e-03,-3.306519985198974609e-02,3.828474879264831543e-02
6.576061248779296875e-03,-3.305017948150634766e-02,3.849071264266967773e-02
6.528854370117187500e-03,-3.302633762359619141e-02,3.860566020011901855e-02
6.368637084960937500e-03,-3.301334381103515625e-02,3.870317339897155762e-02
6.141662597656250000e-03,-3.302514553070068359e-02,3.872123360633850098e-02
5.855560302734375000e-03,-3.291165828704833984e-02,3.872692584991455078e-02
5.573272705078125000e-03,-3.286957740783691406e-02,3.870004415512084961e-02
5.277156829833984375e-03,-3.275108337402343750e-02,3.875872492790222168e-02
5.081176757812500000e-03,-3.267776966094970703e-02,3.890764713287353516e-02
5.002498626708984375e-03,-3.267490863800048828e-02,3.874155879020690918e-02
4.891872406005859375e-03,-3.271627426147460938e-02,3.859534859657287598e-02
4.886150360107421875e-03,-3.291869163513183594e-02,3.838223218917846680e-02
4.871368408203125000e-03,-3.307521343231201172e-02,3.811299800872802734e-02
4.786968231201171875e-03,-3.317582607269287109e-02,3.794547915458679199e-02
4.669666290283203125e-03,-3.331589698791503906e-02,3.783062100410461426e-02
4.431724548339843750e-03,-3.339922428131103516e-02,3.778174519538879395e-02
4.189491271972656250e-03,-3.355348110198974609e-02,3.773939609527587891e-02
3.950595855712890625e-03,-3.367519378662109375e-02,3.756153583526611328e-02
3.641128540039062500e-03,-3.372275829315185547e-02,3.746491670608520508e-02
3.170013427734375000e-03,-3.382742404937744141e-02,3.728261590003967285e-02
2.758979797363281250e-03,-3.385412693023681641e-02,3.695401549339294434e-02
2.185821533203125000e-03,-3.386521339416503906e-02,3.661412000656127930e-02
1.623630523681640625e-03,-3.389930725097656250e-02,3.623124957084655762e-02
1.139640808105468750e-03,-3.393495082855224609e-02,3.593659400939941406e-02
3.104209899902343750e-04,-3.463757038116455078e-02,3.566813468933105469e-02
-4.520416259765625000e-04,-3.528583049774169922e-02,3.552159667015075684e-02
-1.173973083496093750e-03,-3.587412834167480469e-02,3.544422984123229980e-02
-1.848220825195312500e-03,-3.640580177307128906e-02,3.509709239006042480e-02
-2.312183380126953125e-03,-3.688311576843261719e-02,3.494274616241455078e-02
-2.702713012695312500e-03,-3.729176521301269531e-02,3.474897146224975586e-02
-3.026008605957031250e-03,-3.768444061279296875e-02,3.464254736900329590e-02
-3.317832946777343750e-03,-3.803658485412597656e-02,3.439086675643920898e-02
-3.645420074462890625e-03,-3.836357593536376953e-02,3.401610255241394043e-02
-4.016399383544921875e-03,-3.865063190460205078e-02,3.379172086715698242e-02
-4.352092742919921875e-03,-3.889524936676025391e-02,3.356564044952392578e-02
-4.723072052001953125e-03,-3.911566734313964844e-02,3.344160318374633789e-02
-5.048751831054687500e-03,-3.930914402008056641e-02,3.350085020065307617e-02
-5.311012268066406250e-03,-3.943681716918945312e-02,3.336927294731140137e-02
-5.546569824218750000e-03,-3.959953784942626953e-02,3.309386968612670898e-02
-5.793094635009765625e-03,-3.973114490509033203e-02,3.281182050704956055e-02
-6.132125854492187500e-03,-3.986668586730957031e-02,3.243210911750793457e-02
-6.321430206298828125e-03,-4.002177715301513672e-02,3.214383125305175781e-02
-6.500244140625000000e-03,-4.015707969665527344e-02,3.184252977371215820e-02
-6.664276123046875000e-03,-4.026257991790771484e-02,3.146284818649291992e-02
-6.848812103271484375e-03,-4.033672809600830078e-02,3.104844689369201660e-02
-7.127285003662109375e-03,-4.038870334625244141e-02,3.052204847335815430e-02
-7.233142852783203125e-03,-4.042732715606689453e-02,3.000256419181823730e-02
-7.401943206787109375e-03,-4.049205780029296875e-02,2.955678105354309082e-02
-7.746219635009765625e-03,-4.057443141937255859e-02,2.910244464874267578e-02
-8.108139038085937500e-03,-4.066121578216552734e-02,2.862325310707092285e-02
-8.432865142822265625e-03,-4.074299335479736328e-02,2.809303998947143555e-02
-8.844852447509765625e-03,-4.080951213836669922e-02,2.757430076599121094e-02
-9.300708770751953125e-03,-4.086148738861083984e-02,2.722585201263427734e-02
-9.768486022949218750e-03,-4.090392589569091797e-02,2.694070339202880859e-02
-1.024484634399414062e-02,-4.090690612792968750e-02,2.663066983222961426e-02
-1.072740554809570312e-02,-4.079353809356689453e-02,2.622354030609130859e-02
-1.116037368774414062e-02,-4.065799713134765625e-02,2.581763267517089844e-02
-1.154136657714843750e-02,-4.052567481994628906e-02,2.557489275932312012e-02
-1.182889938354492188e-02,-4.038393497467041016e-02,2.539902925491333008e-02
-1.203393936157226562e-02,-4.026353359222412109e-02,2.505844831466674805e-02
-1.236629486083984375e-02,-4.017817974090576172e-02,2.483412623405456543e-02
-1.258850097656250000e-02,-4.010725021362304688e-02,2.444344758987426758e-02
-1.288557052612304688e-02,-4.002177715301513672e-02,2.394235134124755859e-02
-1.309680938720703125e-02,-3.994655609130859375e-02,2.346035838127136230e-02
-1.325941085815429688e-02,-3.986215591430664062e-02,2.309951186180114746e-02
-1.338672637939453125e-02,-3.977715969085693359e-02,2.270802855491638184e-02
-1.351070404052734375e-02,-3.972625732421875000e-02,2.219521999359130859e-02
-1.363086700439453125e-02,-3.966414928436279297e-02,2.165505290031433105e-02
-1.375722885131835938e-02,-3.956723213195800781e-02,2.126771211624145508e-02
-1.381397247314453125e-02,-3.946709632873535156e-02,2.076762914657592773e-02
-1.397275924682617188e-02,-3.931939601898193359e-02,2.013632655143737793e-02
-1.422786712646484375e-02,-3.919017314910888672e-02,1.949352025985717773e-02
-1.465368270874023438e-02,-3.910171985626220703e-02,1.892489194869995117e-02
-1.484680175781250000e-02,-3.903925418853759766e-02,1.833969354629516602e-02
-1.499700546264648438e-02,-3.895294666290283203e-02,1.794561743736267090e-02
-1.521301269531250000e-02,-3.884613513946533203e-02,1.757833361625671387e-02
-1.546001434326171875e-02,-3.872835636138916016e-02,1.713401079177856445e-02
-1.583766937255859375e-02,-3.864240646362304688e-02,1.669538021087646484e-02
-1.615953445434570312e-02,-3.855812549591064453e-02,1.629671454429626465e-02
-1.641798019409179688e-02,-3.848671913146972656e-02,1.586246490478515625e-02
-1.672267913818359375e-02,-3.838086128234863281e-02,1.530483365058898926e-02
-1.740264892578125000e-02,-3.820955753326416016e-02,1.485669612884521484e-02
-1.798772811889648438e-02,-3.803062438964843750e-02,1.443818211555480957e-02
-1.845502853393554688e-02,-3.787958621978759766e-02,1.408055424690246582e-02
-1.903915405273437500e-02,-3.770160675048828125e-02,1.380330324172973633e-02
-1.968383789062500000e-02,-3.753614425659179688e-02,1.360267400741577148e-02
-2.039337158203125000e-02,-3.730058670043945312e-02,1.349702477455139160e-02
-2.095985412597656250e-02,-3.707945346832275391e-02,1.331666111946105957e-02
-2.140283584594726562e-02,-3.690004348754882812e-02,1.328787207603454590e-02
-2.177476882934570312e-02,-3.671419620513916016e-02,1.331472396850585938e-02
-2.214908599853515625e-02,-3.656041622161865234e-02,1.332169771194458008e-02
-2.246141433715820312e-02,-3.642535209655761719e-02,1.348426938056945801e-02
-2.281904220581054688e-02,-3.627479076385498047e-02,1.365855336189270020e-02
-2.304649353027343750e-02,-3.617608547210693359e-02,1.373904943466186523e-02
-2.313947677612304688e-02,-3.622484207153320312e-02,1.376819610595703125e-02
-2.326774597167968750e-02,-3.624439239501953125e-02,1.380246877670288086e-02
-2.359819412231445312e-02,-3.617238998413085938e-02,1.374983787536621094e-02
-2.390003204345703125e-02,-3.610670566558837891e-02,1.370579004287719727e-02
-2.420282363891601562e-02,-3.600990772247314453e-02,1.369002461433410645e-02
-2.440929412841796875e-02,-3.592777252197265625e-02,1.376801729202270508e-02
-2.461910247802734375e-02,-3.579366207122802734e-02,1.401475071907043457e-02
-2.487182617187500000e-02,-3.562796115875244141e-02,1.438814401626586914e-02
-2.507305145263671875e-02,-3.542661666870117188e-02,1.489177346229553223e-02
-2.533864974975585938e-02,-3.527414798736572266e-02,1.522940397262573242e-02
-2.559041976928710938e-02,-3.516602516174316406e-02,1.557871699333190918e-02
-2.580165863037109375e-02,-3.500008583068847656e-02,1.584318280220031738e-02
-2.592420578002929688e-02,-3.481876850128173828e-02,1.595306396484375000e-02
-2.607250213623046875e-02,-3.467226028442382812e-02,1.604521274566650391e-02
-2.629852294921875000e-02,-3.455018997192382812e-02,1.615381240844726562e-02
-2.641153335571289062e-02,-3.448891639709472656e-02,1.622551679611206055e-02
-2.650928497314453125e-02,-3.441333770751953125e-02,1.631227135658264160e-02
-2.663993835449218750e-02,-3.432071208953857422e-02,1.652771234512329102e-02
-2.683115005493164062e-02,-3.419137001037597656e-02,1.676833629608154297e-02
-2.705430984497070312e-02,-3.412628173828125000e-02,1.704889535903930664e-02
-2.715206146240234375e-02,-3.408253192901611328e-02,1.721084117889404297e-02
-2.710723876953125000e-02,-3.403747081756591797e-02,1.726657152175903320e-02
-2.713966369628906250e-02,-3.394377231597900391e-02,1.738303899765014648e-02
-2.723312377929687500e-02,-3.384804725646972656e-02,1.737597584724426270e-02
-2.735233306884765625e-02,-3.374516963958740234e-02,1.725336909294128418e-02
-2.756690979003906250e-02,-3.360211849212646484e-02,1.698023080825805664e-02
-2.775335311889648438e-02,-3.346800804138183594e-02,1.696038246154785156e-02
-2.803373336791992188e-02,-3.341126441955566406e-02,1.683166623115539551e-02
-2.831172943115234375e-02,-3.336071968078613281e-02,1.672703027725219727e-02
-2.857732772827148438e-02,-3.328812122344970703e-02,1.675915718078613281e-02
-2.886533737182617188e-02,-3.319728374481201172e-02,1.687103509902954102e-02
-2.921438217163085938e-02,-3.309977054595947266e-02,1.694658398628234863e-02
-2.939558029174804688e-02,-3.304028511047363281e-02,1.713797450065612793e-02
-2.945661544799804688e-02,-3.299772739410400391e-02,1.726081967353820801e-02
-2.952957153320312500e-02,-3.293728828430175781e-02,1.724141836166381836e-02
-2.965545654296875000e-02,-3.284275531768798828e-02,1.725065708160400391e-02
-2.993583679199218750e-02,-3.268051147460937500e-02,1.732319593429565430e-02
-3.012561798095703125e-02,-3.251588344573974609e-02,1.740938425064086914e-02
-3.026962280273437500e-02,-3.239417076110839844e-02,1.748567819595336914e-02
-3.040313720703125000e-02,-3.222143650054931641e-02,1.750048995018005371e-02
-3.053665161132812500e-02,-3.204131126403808594e-02,1.743578910827636719e-02
-3.064489364624023438e-02,-3.189313411712646484e-02,1.745620369911193848e-02
-3.067541122436523438e-02,-3.169512748718261719e-02,1.747649908065795898e-02
-3.076362609863281250e-02,-3.149855136871337891e-02,1.752409338951110840e-02
-3.093624114990234375e-02,-3.128302097320556641e-02,1.760998368263244629e-02
-3.115463256835937500e-02,-3.101539611816406250e-02,1.770958304405212402e-02
-3.128719329833984375e-02,-3.079187870025634766e-02,1.798459887504577637e-02
-3.146362304687500000e-02,-3.060090541839599609e-02,1.824823021888732910e-02
-3.099298477172851562e-02,-3.055834770202636719e-02,1.884561777114868164e-02
-3.048706054687500000e-02,-3.044390678405761719e-02,1.931214332580566406e-02
-3.032779693603515625e-02,-3.030157089233398438e-02,1.960113644599914551e-02
-3.038358688354492188e-02,-3.007340431213378906e-02,1.972112059593200684e-02
-3.039741516113281250e-02,-2.986395359039306641e-02,1.987835764884948730e-02
-3.042364120483398438e-02,-2.969324588775634766e-02,2.000921964645385742e-02
-3.040313720703125000e-02,-2.955079078674316406e-02,2.018374204635620117e-02
-3.042411804199218750e-02,-2.943193912506103516e-02,2.038621902465820312e-02
-3.043222427368164062e-02,-2.939295768737792969e-02,2.041083574295043945e-02
-3.041887283325195312e-02,-2.931702136993408203e-02,2.046731114387512207e-02
-3.047323226928710938e-02,-2.929019927978515625e-02,2.045428752899169922e-02
-3.050374984741210938e-02,-2.924203872680664062e-02,2.036008238792419434e-02
-3.057765960693359375e-02,-2.919864654541015625e-02,2.023804187774658203e-02
-3.070354461669921875e-02,-2.909886837005615234e-02,1.996552944183349609e-02
-3.074932098388671875e-02,-2.913773059844970703e-02,1.955786347389221191e-02
-3.079462051391601562e-02,-2.917766571044921875e-02,1.901781558990478516e-02
-3.084754943847656250e-02,-2.916145324707031250e-02,1.857984066009521484e-02
-3.091144561767578125e-02,-2.914047241210937500e-02,1.822444796562194824e-02
-3.108787536621093750e-02,-2.913498878479003906e-02,1.782184839248657227e-02
-3.147125244140625000e-02,-2.911984920501708984e-02,1.728582382202148438e-02
-3.178787231445312500e-02,-2.915430068969726562e-02,1.678934693336486816e-02
-3.199243545532226562e-02,-2.926468849182128906e-02,1.623141765594482422e-02
-3.218412399291992188e-02,-2.930617332458496094e-02,1.563301682472229004e-02
-3.244161605834960938e-02,-2.928447723388671875e-02,1.507538557052612305e-02
-3.264284133911132812e-02,-2.930164337158203125e-02,1.468288898468017578e-02
-3.288173675537109375e-02,-2.930319309234619141e-02,1.437953114509582520e-02
-3.321361541748046875e-02,-2.930760383605957031e-02,1.404044032096862793e-02
-3.363656997680664062e-02,-2.921783924102783203e-02,1.372122764587402344e-02
-3.401374816894531250e-02,-2.911925315856933594e-02,1.344665884971618652e-02
-3.438472747802734375e-02,-2.895307540893554688e-02,1.318499445915222168e-02
-3.465843200683593750e-02,-2.883410453796386719e-02,1.294669508934020996e-02
-3.483295440673828125e-02,-2.875804901123046875e-02,1.270562410354614258e-02
-3.497743606567382812e-02,-2.860558032989501953e-02,1.252394914627075195e-02
-3.502130508422851562e-02,-2.851057052612304688e-02,1.230508089065551758e-02
-3.507947921752929688e-02,-2.841985225677490234e-02,1.209232211112976074e-02
-3.512477874755859375e-02,-2.834451198577880859e-02,1.184886693954467773e-02
-3.523588180541992188e-02,-2.827107906341552734e-02,1.159143447875976562e-02
-3.531265258789062500e-02,-2.820682525634765625e-02,1.133367419242858887e-02
-3.535032272338867188e-02,-2.810215950012207031e-02,1.111811399459838867e-02
-3.532552719116210938e-02,-2.800011634826660156e-02,1.101103425025939941e-02
-3.522920608520507812e-02,-2.790665626525878906e-02,1.085531711578369141e-02
-3.516721725463867188e-02,-2.782773971557617188e-02,1.077005267143249512e-02
-3.514480590820312500e-02,-2.781665325164794922e-02,1.061713695526123047e-02
-3.511190414428710938e-02,-2.782392501831054688e-02,1.042446494102478027e-02
-3.492498397827148438e-02,-2.796280384063720703e-02,1.020467281341552734e-02
-3.486585617065429688e-02,-2.806448936462402344e-02,9.995490312576293945e-03
-3.473901748657226562e-02,-2.818858623504638672e-02,9.728074073791503906e-03
-3.467559814453125000e-02,-2.823948860168457031e-02,9.588450193405151367e-03
-3.461933135986328125e-02,-2.805852890014648438e-02,9.614855051040649414e-03
-3.458452224731445312e-02,-2.787852287292480469e-02,9.519249200820922852e-03
-3.453874588012695312e-02,-2.770280838012695312e-02,9.452819824218750000e-03
-3.453731536865234375e-02,-2.758133411407470703e-02,9.472519159317016602e-03
-3.452062606811523438e-02,-2.748894691467285156e-02,9.465754032135009766e-03
-3.449916839599609375e-02,-2.733278274536132812e-02,9.507030248641967773e-03
-3.451871871948242188e-02,-2.716696262359619141e-02,9.426116943359375000e-03
-3.451919555664062500e-02,-2.700257301330566406e-02,9.334921836853027344e-03
-3.444623947143554688e-02,-2.683866024017333984e-02,9.226888418197631836e-03
-3.434276580810546875e-02,-2.668917179107666016e-02,9.119868278503417969e-03
-3.430938720703125000e-02,-2.649307250976562500e-02,9.259015321731567383e-03
-3.422117233276367188e-02,-2.632033824920654297e-02,9.365886449813842773e-03
-3.409862518310546875e-02,-2.611863613128662109e-02,9.542047977447509766e-03
-3.401756286621093750e-02,-2.592301368713378906e-02,9.946912527084350586e-03
-3.396940231323242188e-02,-2.585017681121826172e-02,1.039516925811767578e-02
-3.397989273071289062e-02,-2.577865123748779297e-02,1.071044802665710449e-02
-3.403711318969726562e-02,-2.567648887634277344e-02,1.094478368759155273e-02
-3.415822982788085938e-02,-2.565443515777587891e-02,1.128458976745605469e-02
-3.415822982788085938e-02,-2.565443515777587891e-02,1.128458976745605469e-02
-3.420972824096679688e-02,-2.564537525177001953e-02,1.156029105186462402e-02
-3.423309326171875000e-02,-2.561295032501220703e-02,1.164072751998901367e-02
-3.422212600708007812e-02,-2.560985088348388672e-02,1.170179247856140137e-02
-3.411674499511718750e-02,-2.562355995178222656e-02,1.168704032897949219e-02
-3.409147262573242188e-02,-2.557575702667236328e-02,1.174795627593994141e-02
-3.412246704101562500e-02,-2.553796768188476562e-02,1.175639033317565918e-02
-3.416919708251953125e-02,-2.549684047698974609e-02,1.169872283935546875e-02
-3.413534164428710938e-02,-2.537620067596435547e-02,1.172351837158203125e-02
-3.409910202026367188e-02,-2.531874179840087891e-02,1.177501678466796875e-02
-3.408098220825195312e-02,-2.529895305633544922e-02,1.178473234176635742e-02
-3.405666351318359375e-02,-2.523696422576904297e-02,1.175478100776672363e-02
-3.403949737548828125e-02,-2.517366409301757812e-02,1.176020503044128418e-02
-3.388309478759765625e-02,-2.518689632415771484e-02,1.172134280204772949e-02
-3.377246856689453125e-02,-2.518773078918457031e-02,1.166462898254394531e-02
-3.361082077026367188e-02,-2.523720264434814453e-02,1.159965991973876953e-02
-3.342628479003906250e-02,-2.529644966125488281e-02,1.154866814613342285e-02
-3.327131271362304688e-02,-2.531659603118896484e-02,1.146110892295837402e-02
-3.320312500000000000e-02,-2.537262439727783203e-02,1.132538914680480957e-02
-3.319311141967773438e-02,-2.541172504425048828e-02,1.121807098388671875e-02
-3.311061859130859375e-02,-2.543926239013671875e-02,1.111942529678344727e-02
-3.295278549194335938e-02,-2.544701099395751953e-02,1.094314455986022949e-02
-3.277397155761718750e-02,-2.546441555023193359e-02,1.078191399574279785e-02
-3.256416320800781250e-02,-2.547371387481689453e-02,1.070767641067504883e-02
-3.233718872070312500e-02,-2.549433708190917969e-02,1.045286655426025391e-02
-3.219890594482421875e-02,-2.542757987976074219e-02,1.019021868705749512e-02
-3.205394744873046875e-02,-2.531361579895019531e-02,9.970158338546752930e-03
-3.191661834716796875e-02,-2.515089511871337891e-02,9.656935930252075195e-03
-3.181648254394531250e-02,-2.496063709259033203e-02,9.391844272613525391e-03
-3.177690505981445312e-02,-2.471649646759033203e-02,9.256243705749511719e-03
-3.177309036254882812e-02,-2.443289756774902344e-02,9.182810783386230469e-03
-3.171777725219726562e-02,-2.410793304443359375e-02,9.130597114562988281e-03
-3.155946731567382812e-02,-2.375578880310058594e-02,9.063303470611572266e-03
-3.129720687866210938e-02,-2.345228195190429688e-02,9.061068296432495117e-03
-3.092575073242187500e-02,-2.308833599090576172e-02,9.078085422515869141e-03
-3.050088882446289062e-02,-2.268064022064208984e-02,9.148865938186645508e-03
-3.000736236572265625e-02,-2.232086658477783203e-02,9.286880493164062500e-03
-2.959251403808593750e-02,-2.197635173797607422e-02,9.520232677459716797e-03
-2.909231185913085938e-02,-2.165734767913818359e-02,9.817451238632202148e-03
-2.859163284301757812e-02,-2.135360240936279297e-02,1.020443439483642578e-02
-2.805376052856445312e-02,-2.093935012817382812e-02,1.070144772529602051e-02
-2.755880355834960938e-02,-2.060556411743164062e-02,1.109847426414489746e-02
-2.710247039794921875e-02,-2.025091648101806641e-02,1.158574223518371582e-02
-2.671670913696289062e-02,-1.994621753692626953e-02,1.198169589042663574e-02
-2.643680572509765625e-02,-1.968836784362792969e-02,1.229882240295410156e-02
-2.611207962036132812e-02,-1.952826976776123047e-02,1.245954632759094238e-02
-2.582597732543945312e-02,-1.933383941650390625e-02,1.263540983200073242e-02
-2.563142776489257812e-02,-1.915502548217773438e-02,1.253542304039001465e-02
-2.554988861083984375e-02,-1.912713050842285156e-02,1.242583990097045898e-02
-2.553939819335937500e-02,-1.910912990570068359e-02,1.234045624732971191e-02
-2.558040618896484375e-02,-1.908707618713378906e-02,1.216244697570800781e-02
-2.567386627197265625e-02,-1.915836334228515625e-02,1.195213198661804199e-02
-2.577161788940429688e-02,-1.929807662963867188e-02,1.164147257804870605e-02
-2.589750289916992188e-02,-1.946520805358886719e-02,1.126110553741455078e-02
-2.600383758544921875e-02,-1.964783668518066406e-02,1.087835431098937988e-02
-2.615070343017578125e-02,-1.979196071624755859e-02,1.047173142433166504e-02
-2.639532089233398438e-02,-1.995384693145751953e-02,1.024979352951049805e-02
-2.654886245727539062e-02,-2.008545398712158203e-02,1.011678576469421387e-02
-2.666187286376953125e-02,-2.030658721923828125e-02,1.007089018821716309e-02
-2.670955657958984375e-02,-2.048325538635253906e-02,1.016622781753540039e-02
-2.665472030639648438e-02,-2.065885066986083984e-02,1.032170653343200684e-02
-2.660942077636718750e-02,-2.077865600585937500e-02,1.045662164688110352e-02
-2.659320831298828125e-02,-2.083647251129150391e-02,1.050692796707153320e-02
-2.661752700805664062e-02,-2.086234092712402344e-02,1.056700944900512695e-02
-2.671480178833007812e-02,-2.081620693206787109e-02,1.062992215156555176e-02
-2.680444717407226562e-02,-2.072882652282714844e-02,1.064762473106384277e-02
-2.693080902099609375e-02,-2.063322067260742188e-02,1.041355729103088379e-02
-2.704572677612304688e-02,-2.059185504913330078e-02,1.012605428695678711e-02
-2.705049514770507812e-02,-2.053976058959960938e-02,9.837180376052856445e-03
-2.711629867553710938e-02,-2.051365375518798828e-02,9.385108947753906250e-03
-2.724981307983398438e-02,-2.054047584533691406e-02,8.955329656600952148e-03
-2.734661102294921875e-02,-2.047622203826904297e-02,8.538812398910522461e-03
-2.737474441528320312e-02,-2.040529251098632812e-02,8.205533027648925781e-03
-2.738618850708007812e-02,-2.025985717773437500e-02,7.800817489624023438e-03
-2.742290496826171875e-02,-2.017033100128173828e-02,7.497608661651611328e-03
-2.757835388183593750e-02,-2.018058300018310547e-02,7.315009832382202148e-03
-2.770423889160156250e-02,-2.016973495483398438e-02,7.241725921630859375e-03
-2.777099609375000000e-02,-2.016580104827880859e-02,7.119178771972656250e-03
-2.778005599975585938e-02,-2.014994621276855469e-02,7.039427757263183594e-03
-2.769756317138671875e-02,-2.014064788818359375e-02,7.048696279525756836e-03
-2.764368057250976562e-02,-2.016043663024902344e-02,7.227897644042968750e-03
-2.760887145996093750e-02,-2.017223834991455078e-02,7.498979568481445312e-03
-2.755260467529296875e-02,-2.017700672149658203e-02,7.730036973953247070e-03
-2.752256393432617188e-02,-2.018249034881591797e-02,7.925003767013549805e-03
-2.753448486328125000e-02,-2.019608020782470703e-02,8.116155862808227539e-03
-2.759933471679687500e-02,-2.015852928161621094e-02,8.300602436065673828e-03
-2.771377563476562500e-02,-2.014505863189697266e-02,8.463919162750244141e-03
-2.783679962158203125e-02,-2.011477947235107422e-02,8.529394865036010742e-03
-2.785253524780273438e-02,-2.008521556854248047e-02,8.530348539352416992e-03
-2.788686752319335938e-02,-2.006077766418457031e-02,8.566588163375854492e-03
-2.788209915161132812e-02,-1.999807357788085938e-02,8.542180061340332031e-03
-2.794551849365234375e-02,-1.991999149322509766e-02,8.442729711532592773e-03
-2.802515029907226562e-02,-1.980376243591308594e-02,8.294880390167236328e-03
-2.825355529785156250e-02,-1.960492134094238281e-02,8.178889751434326172e-03
-2.849245071411132812e-02,-1.940357685089111328e-02,8.089482784271240234e-03
-2.860736846923828125e-02,-1.921558380126953125e-02,7.942199707031250000e-03
-2.865266799926757812e-02,-1.903152465820312500e-02,7.824093103408813477e-03
-2.873182296752929688e-02,-1.887392997741699219e-02,7.705539464950561523e-03
-2.881526947021484375e-02,-1.873779296875000000e-02,7.639825344085693359e-03
-2.880477905273437500e-02,-1.859879493713378906e-02,7.744878530502319336e-03
-2.881288528442382812e-02,-1.844239234924316406e-02,7.948309183120727539e-03
-2.867794036865234375e-02,-1.825881004333496094e-02,8.177071809768676758e-03
-2.849578857421875000e-02,-1.803839206695556641e-02,8.372515439987182617e-03
-2.827167510986328125e-02,-1.783406734466552734e-02,8.688300848007202148e-03
-2.804899215698242188e-02,-1.762843132019042969e-02,9.105265140533447266e-03
-2.780723571777343750e-02,-1.739716529846191406e-02,9.437322616577148438e-03
-2.751445770263671875e-02,-1.722657680511474609e-02,9.757965803146362305e-03
-2.724409103393554688e-02,-1.705992221832275391e-02,1.004883646965026855e-02
-2.701568603515625000e-02,-1.693522930145263672e-02,1.044067740440368652e-02
-2.683639526367187500e-02,-1.688206195831298828e-02,1.077097654342651367e-02
-2.662992477416992188e-02,-1.685869693756103516e-02,1.107430458068847656e-02
-2.641534805297851562e-02,-1.684665679931640625e-02,1.139998435974121094e-02
-2.609062194824218750e-02,-1.686263084411621094e-02,1.164764165878295898e-02
-2.578639984130859375e-02,-1.686811447143554688e-02,1.191040873527526855e-02
-2.549123764038085938e-02,-1.696014404296875000e-02,1.211386919021606445e-02
-2.523612976074218750e-02,-1.701712608337402344e-02,1.197716593742370605e-02
-2.506399154663085938e-02,-1.701855659484863281e-02,1.192870736122131348e-02
-2.488803863525390625e-02,-1.705825328826904297e-02,1.203706860542297363e-02
-2.481746673583984375e-02,-1.701092720031738281e-02,1.224946975708007812e-02
-2.467346191406250000e-02,-1.691293716430664062e-02,1.250785589218139648e-02
-2.452230453491210938e-02,-1.680171489715576172e-02,1.279723644256591797e-02
-2.429914474487304688e-02,-1.663291454315185547e-02,1.314452290534973145e-02
-2.405214309692382812e-02,-1.652133464813232422e-02,1.361462473869323730e-02
-2.379512786865234375e-02,-1.637554168701171875e-02,1.406094431877136230e-02
-2.359580993652343750e-02,-1.616966724395751953e-02,1.451995968818664551e-02
-2.348804473876953125e-02,-1.597547531127929688e-02,1.483893394470214844e-02
-2.340316772460937500e-02,-1.573014259338378906e-02,1.512545347213745117e-02
-2.341508865356445312e-02,-1.548993587493896484e-02,1.535159349441528320e-02
-2.336406707763671875e-02,-1.529967784881591797e-02,1.551374793052673340e-02
-2.335691452026367188e-02,-1.516127586364746094e-02,1.553410291671752930e-02
-2.326154708862304688e-02,-1.498889923095703125e-02,1.558640599250793457e-02
-2.320098876953125000e-02,-1.480615139007568359e-02,1.558846235275268555e-02
-2.310371398925781250e-02,-1.464962959289550781e-02,1.549765467643737793e-02
-2.303695678710937500e-02,-1.447665691375732422e-02,1.537266373634338379e-02
-2.299833297729492188e-02,-1.425814628601074219e-02,1.527038216590881348e-02
-2.284431457519531250e-02,-1.413357257843017578e-02,1.537117362022399902e-02
-2.259302139282226562e-02,-1.401782035827636719e-02,1.546210050582885742e-02
-2.237415313720703125e-02,-1.393485069274902344e-02,1.560112833976745605e-02
-2.212047576904296875e-02,-1.390314102172851562e-02,1.572057604789733887e-02
-2.189779281616210938e-02,-1.390027999877929688e-02,1.591560244560241699e-02
-2.167463302612304688e-02,-1.394855976104736328e-02,1.610860228538513184e-02
-2.149915695190429688e-02,-1.404345035552978516e-02,1.631399989128112793e-02
-2.149915695190429688e-02,-1.404345035552978516e-02,1.631399989128112793e-02
-2.149915695190429688e-02,-1.404345035552978516e-02,1.631399989128112793e-02
-2.149915695190429688e-02,-1.404345035552978516e-02,1.631399989128112793e-02
-2.129793167114257812e-02,-1.419198513031005859e-02,1.648223400115966797e-02
-2.118301391601562500e-02,-1.432788372039794922e-02,1.661548018455505371e-02
-2.108240127563476562e-02,-1.449143886566162109e-02,1.669135689735412598e-02
-2.103185653686523438e-02,-1.458954811096191406e-02,1.677906513214111328e-02
-2.095270156860351562e-02,-1.470196247100830078e-02,1.687654852867126465e-02
-2.084732055664062500e-02,-1.481544971466064453e-02,1.696947216987609863e-02
-2.071952819824218750e-02,-1.491141319274902344e-02,1.707848906517028809e-02
-2.052831649780273438e-02,-1.498353481292724609e-02,1.717534661293029785e-02
-2.027893066406250000e-02,-1.509630680084228516e-02,1.734200119972229004e-02
-2.004432678222656250e-02,-1.521289348602294922e-02,1.749241352081298828e-02
-1.988315582275390625e-02,-1.524007320404052734e-02,1.761788129806518555e-02
-1.975774765014648438e-02,-1.529884338378906250e-02,1.781091094017028809e-02
-1.962423324584960938e-02,-1.532018184661865234e-02,1.791763305664062500e-02
-1.951456069946289062e-02,-1.539361476898193359e-02,1.803424954414367676e-02
-1.936435699462890625e-02,-1.541256904602050781e-02,1.818892359733581543e-02
-1.919507980346679688e-02,-1.536870002746582031e-02,1.838299632072448730e-02
-1.907110214233398438e-02,-1.532089710235595703e-02,1.860067248344421387e-02
-1.894092559814453125e-02,-1.530337333679199219e-02,1.886096596717834473e-02
-1.889991760253906250e-02,-1.520597934722900391e-02,1.909133791923522949e-02
-1.890802383422851562e-02,-1.507890224456787109e-02,1.926669478416442871e-02
-1.900529861450195312e-02,-1.490402221679687500e-02,1.937955617904663086e-02
-1.911783218383789062e-02,-1.475012302398681641e-02,1.952379941940307617e-02
-1.915693283081054688e-02,-1.465046405792236328e-02,1.944631338119506836e-02
-1.916360855102539062e-02,-1.462805271148681641e-02,1.939526200294494629e-02
-1.917839050292968750e-02,-1.460731029510498047e-02,1.936882734298706055e-02
-1.911973953247070312e-02,-1.456415653228759766e-02,1.944470405578613281e-02
-1.900196075439453125e-02,-1.452350616455078125e-02,1.953729987144470215e-02
-1.873111724853515625e-02,-1.450967788696289062e-02,1.970750093460083008e-02
-1.851749420166015625e-02,-1.449668407440185547e-02,1.992172002792358398e-02
-1.821565628051757812e-02,-1.453840732574462891e-02,2.016726136207580566e-02
-1.793336868286132812e-02,-1.462852954864501953e-02,2.037322521209716797e-02
-1.767206192016601562e-02,-1.471233367919921875e-02,2.046427130699157715e-02
-1.737403869628906250e-02,-1.484763622283935547e-02,2.038657665252685547e-02
-1.705408096313476562e-02,-1.507365703582763672e-02,2.029743790626525879e-02
-1.669073104858398438e-02,-1.521384716033935547e-02,2.016642689704895020e-02
-1.622438430786132812e-02,-1.542198657989501953e-02,1.990273594856262207e-02
-1.584196090698242188e-02,-1.555621623992919922e-02,1.962834596633911133e-02
-1.552963256835937500e-02,-1.565301418304443359e-02,1.940605044364929199e-02
-1.527881622314453125e-02,-1.569139957427978516e-02,1.914134621620178223e-02
-1.506757736206054688e-02,-1.565766334533691406e-02,1.898184418678283691e-02
-1.493167877197265625e-02,-1.563668251037597656e-02,1.887965202331542969e-02
-1.469850540161132812e-02,-1.568174362182617188e-02,1.877126097679138184e-02
-1.441812515258789062e-02,-1.571643352508544922e-02,1.876801252365112305e-02
-1.415157318115234375e-02,-1.571834087371826172e-02,1.878485083580017090e-02
-1.392364501953125000e-02,-1.566386222839355469e-02,1.880374550819396973e-02
-1.381826400756835938e-02,-1.554167270660400391e-02,1.881805062294006348e-02
-1.369524002075195312e-02,-1.540493965148925781e-02,1.887765526771545410e-02
-1.366043090820312500e-02,-1.512837409973144531e-02,1.887992024421691895e-02
-1.356697082519531250e-02,-1.478850841522216797e-02,1.896706223487854004e-02
-1.346874237060546875e-02,-1.449322700500488281e-02,1.908397674560546875e-02
-1.334428787231445312e-02,-1.424694061279296875e-02,1.931634545326232910e-02
-1.318693161010742188e-02,-1.403272151947021484e-02,1.957094669342041016e-02
-1.313018798828125000e-02,-1.392436027526855469e-02,1.987171173095703125e-02
-1.308536529541015625e-02,-1.382803916931152344e-02,2.006423473358154297e-02
-1.294374465942382812e-02,-1.376879215240478516e-02,2.029773592948913574e-02
-1.275491714477539062e-02,-1.374673843383789062e-02,2.047660946846008301e-02
-1.258516311645507812e-02,-1.373422145843505859e-02,2.062603831291198730e-02
-1.233196258544921875e-02,-1.377499103546142578e-02,2.070373296737670898e-02
-1.201248168945312500e-02,-1.378023624420166016e-02,2.082613110542297363e-02
-1.158618927001953125e-02,-1.383757591247558594e-02,2.088648080825805664e-02
-1.125001907348632812e-02,-1.391327381134033203e-02,2.093562483787536621e-02
-1.096010208129882812e-02,-1.403689384460449219e-02,2.095261216163635254e-02
-1.063203811645507812e-02,-1.417946815490722656e-02,2.079880237579345703e-02
-1.028680801391601562e-02,-1.426970958709716797e-02,2.062037587165832520e-02
-9.916305541992187500e-03,-1.443064212799072266e-02,2.044138312339782715e-02
-9.692668914794921875e-03,-1.457786560058593750e-02,2.022171020507812500e-02
-9.440898895263671875e-03,-1.471316814422607422e-02,2.005809545516967773e-02
-9.073734283447265625e-03,-1.486814022064208984e-02,1.982256770133972168e-02
-8.781909942626953125e-03,-1.502561569213867188e-02,1.962864398956298828e-02
-8.429527282714843750e-03,-1.523125171661376953e-02,1.953613758087158203e-02
-8.142948150634765625e-03,-1.538050174713134766e-02,1.949748396873474121e-02
-7.837772369384765625e-03,-1.554191112518310547e-02,1.949492096900939941e-02
-7.634162902832031250e-03,-1.567173004150390625e-02,1.946261525154113770e-02
-7.466793060302734375e-03,-1.578533649444580078e-02,1.948410272598266602e-02
-7.205486297607421875e-03,-1.589179039001464844e-02,1.956528425216674805e-02
-6.968975067138671875e-03,-1.590371131896972656e-02,1.970699429512023926e-02
-6.803035736083984375e-03,-1.586174964904785156e-02,1.978674530982971191e-02
-6.721019744873046875e-03,-1.564383506774902344e-02,1.972663402557373047e-02
-6.584167480468750000e-03,-1.545143127441406250e-02,1.974302530288696289e-02
-6.472587585449218750e-03,-1.527369022369384766e-02,1.982432603836059570e-02
-6.472587585449218750e-03,-1.527369022369384766e-02,1.982432603836059570e-02
-6.472587585449218750e-03,-1.527369022369384766e-02,1.982432603836059570e-02
-6.472587585449218750e-03,-1.527369022369384766e-02,1.982432603836059570e-02
-6.381511688232421875e-03,-1.511418819427490234e-02,1.990085840225219727e-02
-6.185531616210937500e-03,-1.496183872222900391e-02,2.001279592514038086e-02
-5.979061126708984375e-03,-1.474761962890625000e-02,2.031430602073669434e-02
-5.751609802246093750e-03,-1.454401016235351562e-02,2.064660191535949707e-02
-5.503177642822265625e-03,-1.432824134826660156e-02,2.092325687408447266e-02
-5.237102508544921875e-03,-1.412844657897949219e-02,2.121379971504211426e-02
-5.014896392822265625e-03,-1.393675804138183594e-02,2.145862579345703125e-02
-4.789829254150390625e-03,-1.377367973327636719e-02,2.155929803848266602e-02
-4.529953002929687500e-03,-1.366770267486572266e-02,2.167445421218872070e-02
-4.217147827148437500e-03,-1.355719566345214844e-02,2.170497179031372070e-02
-3.943443298339843750e-03,-1.353299617767333984e-02,2.170783281326293945e-02
-3.636360168457031250e-03,-1.352822780609130859e-02,2.171638607978820801e-02
-3.290176391601562500e-03,-1.358759403228759766e-02,2.172178030014038086e-02
-2.906799316406250000e-03,-1.370739936828613281e-02,2.163729071617126465e-02
-2.576351165771484375e-03,-1.384842395782470703e-02,2.150967717170715332e-02
-2.278327941894531250e-03,-1.397883892059326172e-02,2.131360769271850586e-02
-1.957416534423828125e-03,-1.407766342163085938e-02,2.114528417587280273e-02
-1.549720764160156250e-03,-1.421320438385009766e-02,2.086916565895080566e-02
-1.189231872558593750e-03,-1.435196399688720703e-02,2.057868242263793945e-02
-8.149147033691406250e-04,-1.448476314544677734e-02,2.030676603317260742e-02
-4.010200500488281250e-04,-1.460170745849609375e-02,2.008920907974243164e-02
2.193450927734375000e-05,-1.473832130432128906e-02,1.986888051033020020e-02
4.391670227050781250e-04,-1.484060287475585938e-02,1.978352665901184082e-02
7.386207580566406250e-04,-1.483118534088134766e-02,1.975676417350769043e-02
1.038551330566406250e-03,-1.473844051361083984e-02,1.982304453849792480e-02
1.205921173095703125e-03,-1.461446285247802734e-02,1.989185810089111328e-02
1.350879669189453125e-03,-1.445758342742919922e-02,2.002352476119995117e-02
1.545906066894531250e-03,-1.431059837341308594e-02,2.022820711135864258e-02
1.572608947753906250e-03,-1.403295993804931641e-02,2.058660984039306641e-02
1.668453216552734375e-03,-1.381349563598632812e-02,2.086579799652099609e-02
1.808166503906250000e-03,-1.366770267486572266e-02,2.110344171524047852e-02
1.942634582519531250e-03,-1.352810859680175781e-02,2.124798297882080078e-02
1.968383789062500000e-03,-1.337516307830810547e-02,2.135545015335083008e-02
2.127170562744140625e-03,-1.329565048217773438e-02,2.129733562469482422e-02
2.184391021728515625e-03,-1.322841644287109375e-02,2.117475867271423340e-02
2.253532409667968750e-03,-1.318323612213134766e-02,2.102354168891906738e-02
2.375125885009765625e-03,-1.312971115112304688e-02,2.080753445625305176e-02
2.497673034667968750e-03,-1.310038566589355469e-02,2.054885029792785645e-02
2.508163452148437500e-03,-1.301360130310058594e-02,2.032524347305297852e-02
2.580642700195312500e-03,-1.296150684356689453e-02,2.015015482902526855e-02
2.686977386474609375e-03,-1.290905475616455078e-02,2.010965347290039062e-02
2.759933471679687500e-03,-1.281046867370605469e-02,2.010956406593322754e-02
2.910137176513671875e-03,-1.276266574859619141e-02,2.022555470466613770e-02
3.069400787353515625e-03,-1.278841495513916016e-02,2.029737830162048340e-02
3.175735473632812500e-03,-1.289546489715576172e-02,2.031233906745910645e-02
3.248691558837890625e-03,-1.302123069763183594e-02,2.027824521064758301e-02
3.305912017822265625e-03,-1.313269138336181641e-02,2.032473683357238770e-02
3.293991088867187500e-03,-1.316714286804199219e-02,2.037751674652099609e-02
3.284454345703125000e-03,-1.313185691833496094e-02,2.050024271011352539e-02
3.158569335937500000e-03,-1.300644874572753906e-02,2.062350511550903320e-02
3.074169158935546875e-03,-1.279401779174804688e-02,2.096062898635864258e-02
3.022670745849609375e-03,-1.245415210723876953e-02,2.133432030677795410e-02
2.937793731689453125e-03,-1.207840442657470703e-02,2.169874310493469238e-02
2.899169921875000000e-03,-1.175570487976074219e-02,2.205872535705566406e-02
2.845764160156250000e-03,-1.148653030395507812e-02,2.228569984436035156e-02
2.704143524169921875e-03,-1.126849651336669922e-02,2.244797348976135254e-02
2.689361572265625000e-03,-1.113903522491455078e-02,2.260300517082214355e-02
2.624034881591796875e-03,-1.099932193756103516e-02,2.260917425155639648e-02
2.561569213867187500e-03,-1.089406013488769531e-02,2.246457338333129883e-02
2.421379089355468750e-03,-1.073038578033447266e-02,2.221757173538208008e-02
2.391815185546875000e-03,-1.076745986938476562e-02,2.190828323364257812e-02
2.452850341796875000e-03,-1.095712184906005859e-02,2.158752083778381348e-02
2.469539642333984375e-03,-1.115965843200683594e-02,2.132275700569152832e-02
2.365112304687500000e-03,-1.132810115814208984e-02,2.101305127143859863e-02
2.269744873046875000e-03,-1.141786575317382812e-02,2.075257897377014160e-02
2.200126647949218750e-03,-1.150059700012207031e-02,2.057835459709167480e-02
2.185344696044921875e-03,-1.161873340606689453e-02,2.047741413116455078e-02
2.162933349609375000e-03,-1.172626018524169922e-02,2.035641670227050781e-02
2.101898193359375000e-03,-1.180994510650634766e-02,2.027025818824768066e-02
2.108097076416015625e-03,-1.189053058624267578e-02,2.023607492446899414e-02
2.227783203125000000e-03,-1.186501979827880859e-02,2.035260200500488281e-02
2.286911010742187500e-03,-1.179242134094238281e-02,2.045777440071105957e-02
2.350807189941406250e-03,-1.172482967376708984e-02,2.052363753318786621e-02
2.244472503662109375e-03,-1.163828372955322266e-02,2.049273252487182617e-02
2.154350280761718750e-03,-1.159656047821044922e-02,2.047860622406005859e-02
2.056598663330078125e-03,-1.157367229461669922e-02,2.042201161384582520e-02
1.983642578125000000e-03,-1.157784461975097656e-02,2.032572031021118164e-02
1.996994018554687500e-03,-1.161503791809082031e-02,2.021282911300659180e-02
2.128601074218750000e-03,-1.170980930328369141e-02,2.003434300422668457e-02
2.251148223876953125e-03,-1.208758354187011719e-02,1.967287063598632812e-02
2.295494079589843750e-03,-1.241981983184814453e-02,1.937723159790039062e-02
2.409458160400390625e-03,-1.271283626556396484e-02,1.907262206077575684e-02
2.449989318847656250e-03,-1.296961307525634766e-02,1.875028014183044434e-02
2.469062805175781250e-03,-1.323246955871582031e-02,1.851308345794677734e-02
2.320766448974609375e-03,-1.346755027770996094e-02,1.822313666343688965e-02
2.131938934326171875e-03,-1.366877555847167969e-02,1.793000102043151855e-02
2.041816711425781250e-03,-1.387786865234375000e-02,1.773771643638610840e-02
1.947402954101562500e-03,-1.403355598449707031e-02,1.759290695190429688e-02
1.834869384765625000e-03,-1.413559913635253906e-02,1.748782396316528320e-02
1.698970794677734375e-03,-1.416373252868652344e-02,1.743271946907043457e-02
1.617431640625000000e-03,-1.416313648223876953e-02,1.738622784614562988e-02
1.776218414306640625e-03,-1.416349411010742188e-02,1.734086871147155762e-02
1.933097839355468750e-03,-1.414239406585693359e-02,1.732712984085083008e-02
2.160072326660156250e-03,-1.414656639099121094e-02,1.735743880271911621e-02
2.388477325439453125e-03,-1.412189006805419922e-02,1.747411489486694336e-02
2.556324005126953125e-03,-1.407933235168457031e-02,1.761665940284729004e-02
2.749443054199218750e-03,-1.397621631622314453e-02,1.763197779655456543e-02
2.853870391845703125e-03,-1.377463340759277344e-02,1.767241954803466797e-02
2.888679504394531250e-03,-1.355433464050292969e-02,1.762908697128295898e-02
2.747535705566406250e-03,-1.323235034942626953e-02,1.759609580039978027e-02
2.613067626953125000e-03,-1.279759407043457031e-02,1.761579513549804688e-02
2.490520477294921875e-03,-1.232361793518066406e-02,1.766309142112731934e-02
2.308368682861328125e-03,-1.220428943634033203e-02,1.770305633544921875e-02
2.334594726562500000e-03,-1.201140880584716797e-02,1.765868067741394043e-02
2.377510070800781250e-03,-1.181101799011230469e-02,1.765277981758117676e-02
2.499103546142578125e-03,-1.159870624542236328e-02,1.757943630218505859e-02
2.602100372314453125e-03,-1.141107082366943359e-02,1.755973696708679199e-02
2.667903900146484375e-03,-1.121068000793457031e-02,1.754125952720642090e-02
2.739429473876953125e-03,-1.107144355773925781e-02,1.757109165191650391e-02
2.825736999511718750e-03,-1.092720031738281250e-02,1.762792468070983887e-02
2.916336059570312500e-03,-1.083195209503173828e-02,1.774251461029052734e-02
2.967834472656250000e-03,-1.073479652404785156e-02,1.789996027946472168e-02
3.023147583007812500e-03,-1.061666011810302734e-02,1.808008551597595215e-02
3.091812133789062500e-03,-1.054763793945312500e-02,1.824134588241577148e-02
3.207206726074218750e-03,-1.048076152801513672e-02,1.849529147148132324e-02
3.305435180664062500e-03,-1.041626930236816406e-02,1.874327659606933594e-02
3.417015075683593750e-03,-1.042187213897705078e-02,1.899018883705139160e-02
3.564834594726562500e-03,-1.042962074279785156e-02,1.927962899208068848e-02
3.602027893066406250e-03,-1.040232181549072266e-02,1.956793665885925293e-02
3.720283508300781250e-03,-1.037025451660156250e-02,1.982480287551879883e-02
3.857135772705078125e-03,-1.044976711273193359e-02,2.000406384468078613e-02
4.002571105957031250e-03,-1.051783561706542969e-02,2.024269104003906250e-02
4.118919372558593750e-03,-1.060819625854492188e-02,2.048170566558837891e-02
4.177570343017578125e-03,-1.065635681152343750e-02,2.069056034088134766e-02
4.233360290527343750e-03,-1.072323322296142578e-02,2.081155776977539062e-02
4.212856292724609375e-03,-1.075780391693115234e-02,2.085882425308227539e-02
4.096508026123046875e-03,-1.079261302947998047e-02,2.076685428619384766e-02
3.963947296142578125e-03,-1.080167293548583984e-02,2.066311240196228027e-02
3.861904144287109375e-03,-1.076233386993408203e-02,2.058249711990356445e-02
3.773212432861328125e-03,-1.071643829345703125e-02,2.046966552734375000e-02
3.673553466796875000e-03,-1.069319248199462891e-02,2.041050791740417480e-02
3.511428833007812500e-03,-1.064503192901611328e-02,2.033495903015136719e-02
3.210544586181640625e-03,-1.054549217224121094e-02,2.039527893066406250e-02
2.828121185302734375e-03,-1.044344902038574219e-02,2.046060562133789062e-02
2.432346343994140625e-03,-1.036024093627929688e-02,2.054241299629211426e-02
2.099514007568359375e-03,-1.026868820190429688e-02,2.065551280975341797e-02
1.823902130126953125e-03,-1.019942760467529297e-02,2.072796225547790527e-02
1.586437225341796875e-03,-1.011765003204345703e-02,2.087184786796569824e-02
1.398086547851562500e-03,-9.933233261108398438e-03,2.092868089675903320e-02
1.255035400390625000e-03,-9.741306304931640625e-03,2.098256349563598633e-02
1.168251037597656250e-03,-9.582400321960449219e-03,2.110055088996887207e-02
9.737014770507812500e-04,-9.411931037902832031e-03,2.120363712310791016e-02
8.034706115722656250e-04,-9.257435798645019531e-03,2.133554220199584961e-02
6.794929504394531250e-04,-9.097218513488769531e-03,2.147749066352844238e-02
5.373954772949218750e-04,-8.956789970397949219e-03,2.168729901313781738e-02
5.025863647460937500e-04,-8.927226066589355469e-03,2.175205945968627930e-02
4.696846008300781250e-04,-8.956313133239746094e-03,2.180716395378112793e-02
4.310607910156250000e-04,-8.993268013000488281e-03,2.167859673500061035e-02
4.758834838867187500e-04,-9.039640426635742188e-03,2.159154415130615234e-02
5.378723144531250000e-04,-9.093761444091796875e-03,2.154269814491271973e-02
6.136894226074218750e-04,-9.120225906372070312e-03,2.154326438903808594e-02
7.085800170898437500e-04,-9.149789810180664062e-03,2.151292562484741211e-02
8.602142333984375000e-04,-9.203195571899414062e-03,2.143064141273498535e-02
1.019477844238281250e-03,-9.365320205688476562e-03,2.127024531364440918e-02
1.192569732666015625e-03,-9.484171867370605469e-03,2.113488316535949707e-02
1.354217529296875000e-03,-9.653925895690917969e-03,2.097523212432861328e-02
1.544475555419921875e-03,-9.785413742065429688e-03,2.087500691413879395e-02
1.627445220947265625e-03,-9.904026985168457031e-03,2.082857489585876465e-02
1.640319824218750000e-03,-9.992599487304687500e-03,2.077043056488037109e-02
1.694202423095703125e-03,-1.006221771240234375e-02,2.071651816368103027e-02
1.648902893066406250e-03,-1.005017757415771484e-02,2.071917057037353516e-02
1.699447631835937500e-03,-1.008379459381103516e-02,2.071535587310791016e-02
1.727581024169921875e-03,-1.013541221618652344e-02,2.075165510177612305e-02
1.714229583740234375e-03,-1.017415523529052734e-02,2.079138159751892090e-02
1.694202423095703125e-03,-1.020324230194091797e-02,2.085646986961364746e-02
1.693248748779296875e-03,-1.017999649047851562e-02,2.089902758598327637e-02
1.685619354248046875e-03,-1.016449928283691406e-02,2.092903852462768555e-02
1.652240753173828125e-03,-1.009750366210937500e-02,2.100458741188049316e-02
1.565933227539062500e-03,-1.006376743316650391e-02,2.099707722663879395e-02
1.421451568603515625e-03,-9.981393814086914062e-03,2.098017930984497070e-02
1.176357269287109375e-03,-9.889125823974609375e-03,2.100384235382080078e-02
9.365081787109375000e-04,-9.750962257385253906e-03,2.103146910667419434e-02
7.028579711914062500e-04,-9.607195854187011719e-03,2.100256085395812988e-02
4.510879516601562500e-04,-9.443759918212890625e-03,2.114811539649963379e-02
2.117156982421875000e-04,-9.331107139587402344e-03,2.122423052787780762e-02
1.478195190429687500e-05,-9.200811386108398438e-03,2.122673392295837402e-02
-1.316070556640625000e-04,-9.093880653381347656e-03,2.122613787651062012e-02
-2.379417419433593750e-04,-9.021759033203125000e-03,2.123034000396728516e-02
-2.074241638183593750e-04,-8.975505828857421875e-03,2.124479413032531738e-02
-2.088546752929687500e-04,-8.904576301574707031e-03,2.125343680381774902e-02
-2.279281616210937500e-04,-8.792877197265625000e-03,2.125486731529235840e-02
-1.339912414550781250e-04,-8.774995803833007812e-03,2.127858996391296387e-02
3.385543823242187500e-05,-8.803129196166992188e-03,2.123239636421203613e-02
2.660751342773437500e-04,-8.876204490661621094e-03,2.119123935699462891e-02
4.863739013671875000e-04,-8.969545364379882812e-03,2.112638950347900391e-02
8.873939514160156250e-04,-9.070158004760742188e-03,2.105060219764709473e-02
1.269340515136718750e-03,-9.163022041320800781e-03,2.092090249061584473e-02
1.580715179443359375e-03,-9.272933006286621094e-03,2.078524231910705566e-02
1.871585845947265625e-03,-9.288787841796875000e-03,2.064174413681030273e-02
2.161979675292968750e-03,-9.265899658203125000e-03,2.051594853401184082e-02
2.360820770263671875e-03,-9.211897850036621094e-03,2.040150761604309082e-02
2.616882324218750000e-03,-9.292960166931152344e-03,2.027651667594909668e-02
2.756118774414062500e-03,-9.350419044494628906e-03,2.010372281074523926e-02
2.828121185302734375e-03,-9.385347366333007812e-03,1.996135711669921875e-02
2.885341644287109375e-03,-9.133338928222656250e-03,1.982170343399047852e-02
2.965927124023437500e-03,-8.906245231628417969e-03,1.974517107009887695e-02
3.088474273681640625e-03,-8.726716041564941406e-03,1.966276764869689941e-02
3.167152404785156250e-03,-8.550763130187988281e-03,1.958140730857849121e-02
3.194332122802734375e-03,-8.363962173461914062e-03,1.949736475944519043e-02
3.217220306396484375e-03,-8.196592330932617188e-03,1.938766241073608398e-02
3.257274627685546875e-03,-8.047103881835937500e-03,1.927405595779418945e-02
3.254413604736328125e-03,-7.942080497741699219e-03,1.912495493888854980e-02
3.258705139160156250e-03,-7.855296134948730469e-03,1.900160312652587891e-02
3.285408020019531250e-03,-7.795929908752441406e-03,1.892495155334472656e-02
3.339290618896484375e-03,-7.794618606567382812e-03,1.882469654083251953e-02
3.295421600341796875e-03,-7.783174514770507812e-03,1.873052120208740234e-02
3.263473510742187500e-03,-7.809281349182128906e-03,1.857772469520568848e-02
3.270149230957031250e-03,-7.884621620178222656e-03,1.834771037101745605e-02
3.286361694335937500e-03,-8.011698722839355469e-03,1.810559630393981934e-02
3.298759460449218750e-03,-8.119821548461914062e-03,1.792547106742858887e-02
3.291606903076171875e-03,-8.214235305786132812e-03,1.777520775794982910e-02
3.292083740234375000e-03,-8.306026458740234375e-03,1.767626404762268066e-02
3.242015838623046875e-03,-8.379459381103515625e-03,1.759889721870422363e-02
3.133773803710937500e-03,-8.462429046630859375e-03,1.744398474693298340e-02
2.803325653076171875e-03,-8.517265319824218750e-03,1.729327440261840820e-02
2.527236938476562500e-03,-8.599042892456054688e-03,1.716962456703186035e-02
2.384185791015625000e-03,-8.756518363952636719e-03,1.696303486824035645e-02
2.231597900390625000e-03,-8.921623229980468750e-03,1.678094267845153809e-02
2.099990844726562500e-03,-9.046077728271484375e-03,1.662737131118774414e-02
2.004146575927734375e-03,-9.100914001464843750e-03,1.657930016517639160e-02
1.943588256835937500e-03,-9.145975112915039062e-03,1.641452312469482422e-02
1.871585845947265625e-03,-9.146451950073242188e-03,1.629030704498291016e-02
1.852035522460937500e-03,-9.137392044067382812e-03,1.629301905632019043e-02
1.989364624023437500e-03,-9.157538414001464844e-03,1.627227663993835449e-02
2.117156982421875000e-03,-9.110093116760253906e-03,1.622930169105529785e-02
2.206325531005859375e-03,-8.985400199890136719e-03,1.632118225097656250e-02
2.253532409667968750e-03,-8.817076683044433594e-03,1.640462875366210938e-02
2.269744873046875000e-03,-8.633971214294433594e-03,1.654258370399475098e-02
2.304553985595703125e-03,-8.444666862487792969e-03,1.665413379669189453e-02
2.379894256591796875e-03,-8.245706558227539062e-03,1.675331592559814453e-02
2.457618713378906250e-03,-8.095622062683105469e-03,1.681801676750183105e-02
2.534866333007812500e-03,-7.959604263305664062e-03,1.686277985572814941e-02
2.611160278320312500e-03,-7.858037948608398438e-03,1.684042811393737793e-02
2.654075622558593750e-03,-7.780075073242187500e-03,1.684510707855224609e-02
2.743244171142578125e-03,-7.748126983642578125e-03,1.684823632240295410e-02
2.852439880371093750e-03,-7.817625999450683594e-03,1.688539981842041016e-02
2.926349639892578125e-03,-7.939219474792480469e-03,1.685929298400878906e-02
2.954483032226562500e-03,-8.084774017333984375e-03,1.674443483352661133e-02
3.069400787353515625e-03,-8.285999298095703125e-03,1.666793227195739746e-02
3.230094909667968750e-03,-8.512139320373535156e-03,1.657593250274658203e-02
3.463268280029296875e-03,-8.746027946472167969e-03,1.652020215988159180e-02
3.666400909423828125e-03,-8.986711502075195312e-03,1.646816730499267578e-02
3.849029541015625000e-03,-9.215116500854492188e-03,1.642426848411560059e-02
4.010200500488281250e-03,-9.392738342285156250e-03,1.640146970748901367e-02
4.105567932128906250e-03,-9.555697441101074219e-03,1.646131277084350586e-02
4.219055175781250000e-03,-9.690046310424804688e-03,1.650664210319519043e-02
4.294872283935546875e-03,-9.789109230041503906e-03,1.650953292846679688e-02
4.332065582275390625e-03,-9.861469268798828125e-03,1.655939221382141113e-02
4.328250885009765625e-03,-9.898781776428222656e-03,1.664066314697265625e-02
4.319190979003906250e-03,-9.938836097717285156e-03,1.665911078453063965e-02
4.273891448974609375e-03,-9.930253028869628906e-03,1.669657230377197266e-02
4.275798797607421875e-03,-9.897112846374511719e-03,1.674285531044006348e-02
4.257678985595703125e-03,-9.863615036010742188e-03,1.678425073623657227e-02
4.204750061035156250e-03,-9.822249412536621094e-03,1.684856414794921875e-02
4.133224487304687500e-03,-9.788274765014648438e-03,1.685452461242675781e-02
4.138469696044921875e-03,-9.823203086853027344e-03,1.681190729141235352e-02
4.118919372558593750e-03,-9.972572326660156250e-03,1.689928770065307617e-02
4.078865051269531250e-03,-1.009488105773925781e-02,1.701217889785766602e-02
3.991603851318359375e-03,-1.022732257843017578e-02,1.708433032035827637e-02
3.941059112548828125e-03,-1.034939289093017578e-02,1.716703176498413086e-02
3.925800323486328125e-03,-1.048374176025390625e-02,1.723471283912658691e-02
3.897190093994140625e-03,-1.058077812194824219e-02,1.735112071037292480e-02
3.857135772705078125e-03,-1.067864894866943359e-02,1.742511987686157227e-02
3.711700439453125000e-03,-1.078987121582031250e-02,1.747515797615051270e-02
3.523826599121093750e-03,-1.089930534362792969e-02,1.738348603248596191e-02
3.365993499755859375e-03,-1.095104217529296875e-02,1.732546091079711914e-02
3.213882446289062500e-03,-1.100325584411621094e-02,1.727870106697082520e-02
3.154754638671875000e-03,-1.111686229705810547e-02,1.717033982276916504e-02
3.135681152343750000e-03,-1.121234893798828125e-02,1.702591776847839355e-02
3.070354461669921875e-03,-1.084733009338378906e-02,1.705852150917053223e-02
2.959728240966796875e-03,-1.050281524658203125e-02,1.702812314033508301e-02
2.786636352539062500e-03,-1.018345355987548828e-02,1.701605319976806641e-02
2.593517303466796875e-03,-9.863972663879394531e-03,1.693794131278991699e-02
2.380847930908203125e-03,-9.581208229064941406e-03,1.683807373046875000e-02
2.202987670898437500e-03,-9.342551231384277344e-03,1.673349738121032715e-02
1.997470855712890625e-03,-9.165525436401367188e-03,1.662054657936096191e-02
1.898288726806640625e-03,-9.014725685119628906e-03,1.652306318283081055e-02
1.782417297363281250e-03,-8.897423744201660156e-03,1.643380522727966309e-02
1.441955566406250000e-03,-8.712053298950195312e-03,1.633507013320922852e-02
1.091480255126953125e-03,-8.572340011596679688e-03,1.621595025062561035e-02
9.608268737792968750e-04,-8.462429046630859375e-03,1.617014408111572266e-02
8.354187011718750000e-04,-8.366107940673828125e-03,1.611745357513427734e-02
7.610321044921875000e-04,-8.288979530334472656e-03,1.619943976402282715e-02
6.666183471679687500e-04,-8.321285247802734375e-03,1.625251770019531250e-02
6.217956542968750000e-04,-8.369445800781250000e-03,1.629137992858886719e-02
6.661415100097656250e-04,-8.434534072875976562e-03,1.626676321029663086e-02
7.238388061523437500e-04,-8.462190628051757812e-03,1.627495884895324707e-02
7.996559143066406250e-04,-8.484363555908203125e-03,1.624768972396850586e-02
9.484291076660156250e-04,-8.575081825256347656e-03,1.616454124450683594e-02
1.041889190673828125e-03,-8.684277534484863281e-03,1.608288288116455078e-02
1.135349273681640625e-03,-8.816838264465332031e-03,1.602980494499206543e-02
1.219272613525390625e-03,-8.930444717407226562e-03,1.598948240280151367e-02
1.284599304199218750e-03,-9.065389633178710938e-03,1.593071222305297852e-02
1.365661621093750000e-03,-9.218573570251464844e-03,1.581627130508422852e-02
1.495838165283203125e-03,-9.392619132995605469e-03,1.575788855552673340e-02
1.660346984863281250e-03,-9.468555450439453125e-03,1.575627923011779785e-02
1.759529113769531250e-03,-9.539723396301269531e-03,1.564863324165344238e-02
1.818656921386718750e-03,-9.562492370605468750e-03,1.551586389541625977e-02
1.843452453613281250e-03,-9.583473205566406250e-03,1.534050703048706055e-02
1.839637756347656250e-03,-9.583830833435058594e-03,1.515349745750427246e-02
1.795291900634765625e-03,-9.582519531250000000e-03,1.498183608055114746e-02
1.719474792480468750e-03,-9.545207023620605469e-03,1.478812098503112793e-02
1.648426055908203125e-03,-9.489655494689941406e-03,1.463851332664489746e-02
1.528263092041015625e-03,-9.403586387634277344e-03,1.448905467987060547e-02
1.430988311767578125e-03,-9.327173233032226562e-03,1.434695720672607422e-02
1.324653625488281250e-03,-9.319663047790527344e-03,1.413702964782714844e-02
1.278877258300781250e-03,-9.310126304626464844e-03,1.397684216499328613e-02
1.261711120605468750e-03,-9.281516075134277344e-03,1.388102769851684570e-02
1.246929168701171875e-03,-9.241104125976562500e-03,1.386964321136474609e-02
1.225948333740234375e-03,-9.187221527099609375e-03,1.386097073554992676e-02
1.265525817871093750e-03,-9.132385253906250000e-03,1.388099789619445801e-02
1.299858093261718750e-03,-9.078025817871093750e-03,1.388716697692871094e-02
1.425266265869140625e-03,-9.057998657226562500e-03,1.393067836761474609e-02
1.546859741210937500e-03,-9.047150611877441406e-03,1.395338773727416992e-02
1.771926879882812500e-03,-9.035110473632812500e-03,1.393848657608032227e-02
1.975536346435546875e-03,-9.032726287841796875e-03,1.392886042594909668e-02
2.188205718994140625e-03,-9.047150611877441406e-03,1.390367746353149414e-02
2.330303192138671875e-03,-9.032845497131347656e-03,1.385849714279174805e-02
2.480506896972656250e-03,-9.027481079101562500e-03,1.381239295005798340e-02
2.649784088134765625e-03,-9.039402008056640625e-03,1.373633742332458496e-02
2.838611602783203125e-03,-9.033441543579101562e-03,1.361963152885437012e-02
3.021240234375000000e-03,-9.047985076904296875e-03,1.349198818206787109e-02
3.196716308593750000e-03,-9.038209915161132812e-03,1.333013176918029785e-02
3.391265869140625000e-03,-9.053587913513183594e-03,1.315680146217346191e-02
3.597259521484375000e-03,-9.050488471984863281e-03,1.298999786376953125e-02
3.804683685302734375e-03,-9.032011032104492188e-03,1.286181807518005371e-02
4.033565521240234375e-03,-9.008169174194335938e-03,1.271009445190429688e-02
4.228115081787109375e-03,-8.973717689514160156e-03,1.256752014160156250e-02
4.386425018310546875e-03,-8.947968482971191406e-03,1.242992281913757324e-02
4.513263702392578125e-03,-8.921027183532714844e-03,1.228660345077514648e-02
4.647254943847656250e-03,-8.933424949645996094e-03,1.213872432708740234e-02
4.783153533935546875e-03,-8.924722671508789062e-03,1.197725534439086914e-02
4.920959472656250000e-03,-8.931159973144531250e-03,1.182910799980163574e-02
5.032539367675781250e-03,-8.880376815795898438e-03,1.168301701545715332e-02
5.147933959960937500e-03,-8.826136589050292969e-03,1.148301362991333008e-02
5.189418792724609375e-03,-8.747458457946777344e-03,1.132082939147949219e-02
5.232810974121093750e-03,-8.684635162353515625e-03,1.119795441627502441e-02
5.219936370849609375e-03,-8.595585823059082031e-03,1.113778352737426758e-02
5.216598510742187500e-03,-8.475065231323242188e-03,1.106163859367370605e-02
5.180835723876953125e-03,-8.378624916076660156e-03,1.097047328948974609e-02
5.146026611328125000e-03,-8.312344551086425781e-03,1.082679629325866699e-02
5.209922790527343750e-03,-8.354663848876953125e-03,1.067680120468139648e-02
5.266666412353515625e-03,-8.409380912780761719e-03,1.053413748741149902e-02
5.326747894287109375e-03,-8.263468742370605469e-03,1.039937138557434082e-02
5.356788635253906250e-03,-8.120894432067871094e-03,1.024204492568969727e-02
5.334854125976562500e-03,-7.984638214111328125e-03,1.003524661064147949e-02
5.213260650634765625e-03,-7.886767387390136719e-03,9.785562753677368164e-03
5.036830902099609375e-03,-7.759571075439453125e-03,9.551644325256347656e-03
4.837989807128906250e-03,-7.623553276062011719e-03,9.317517280578613281e-03
4.640102386474609375e-03,-7.488369941711425781e-03,8.991450071334838867e-03
4.455566406250000000e-03,-7.341146469116210938e-03,8.724570274353027344e-03
4.289627075195312500e-03,-7.197618484497070312e-03,8.514404296875000000e-03
4.118442535400390625e-03,-7.035732269287109375e-03,8.303135633468627930e-03
4.019737243652343750e-03,-6.932497024536132812e-03,8.126825094223022461e-03
3.973484039306640625e-03,-6.839513778686523438e-03,8.007943630218505859e-03
3.934383392333984375e-03,-6.790757179260253906e-03,7.898718118667602539e-03
3.908157348632812500e-03,-6.750464439392089844e-03,7.780194282531738281e-03
3.946781158447265625e-03,-6.725788116455078125e-03,7.713496685028076172e-03
4.028797149658203125e-03,-6.687164306640625000e-03,7.736563682556152344e-03
4.129886627197265625e-03,-6.637454032897949219e-03,7.774859666824340820e-03
4.224300384521484375e-03,-6.614923477172851562e-03,7.825911045074462891e-03
4.390239715576171875e-03,-6.665587425231933594e-03,7.764071226119995117e-03
4.615783691406250000e-03,-6.728649139404296875e-03,7.696002721786499023e-03
4.757881164550781250e-03,-6.738066673278808594e-03,7.559239864349365234e-03
4.845619201660156250e-03,-6.701350212097167969e-03,7.474213838577270508e-03
4.848480224609375000e-03,-6.643891334533691406e-03,7.341086864471435547e-03
4.822731018066406250e-03,-6.589770317077636719e-03,7.239997386932373047e-03
4.799842834472656250e-03,-6.527543067932128906e-03,7.099986076354980469e-03
4.709243774414062500e-03,-6.453394889831542969e-03,6.968885660171508789e-03
4.577159881591796875e-03,-6.397128105163574219e-03,6.837725639343261719e-03
4.364490509033203125e-03,-6.332039833068847656e-03,6.709486246109008789e-03
4.166603088378906250e-03,-6.283521652221679688e-03,6.608009338378906250e-03
3.942966461181640625e-03,-6.224274635314941406e-03,6.465435028076171875e-03
3.712177276611328125e-03,-6.172776222229003906e-03,6.326198577880859375e-03
3.504753112792968750e-03,-6.126642227172851562e-03,6.280988454818725586e-03
3.344058990478515625e-03,-6.053686141967773438e-03,6.272703409194946289e-03
3.193378448486328125e-03,-6.013989448547363281e-03,6.267428398132324219e-03
2.992153167724609375e-03,-5.965352058410644531e-03,6.266742944717407227e-03
2.868175506591796875e-03,-5.966663360595703125e-03,6.288021802902221680e-03
2.728939056396484375e-03,-5.987405776977539062e-03,6.329119205474853516e-03
2.573013305664062500e-03,-6.007790565490722656e-03,6.369233131408691406e-03
2.400875091552734375e-03,-6.043434143066406250e-03,6.478101015090942383e-03
2.287864685058593750e-03,-6.062984466552734375e-03,6.645888090133666992e-03
2.157211303710937500e-03,-6.084203720092773438e-03,6.781220436096191406e-03
2.058029174804687500e-03,-6.129980087280273438e-03,6.854683160781860352e-03
1.969337463378906250e-03,-6.166219711303710938e-03,6.916522979736328125e-03
1.861095428466796875e-03,-6.197333335876464844e-03,6.975531578063964844e-03
1.756668090820312500e-03,-6.657361984252929688e-03,7.097184658050537109e-03
1.762390136718750000e-03,-7.101178169250488281e-03,7.215946912765502930e-03
1.753330230712890625e-03,-7.500767707824707031e-03,7.237792015075683594e-03
1.727104187011718750e-03,-7.848381996154785156e-03,7.194131612777709961e-03
1.697540283203125000e-03,-8.177042007446289062e-03,7.108122110366821289e-03
1.691341400146484375e-03,-8.473992347717285156e-03,7.065027952194213867e-03
1.666545867919921875e-03,-8.764743804931640625e-03,6.984114646911621094e-03
1.700401306152343750e-03,-9.040832519531250000e-03,6.889194250106811523e-03
1.761913299560546875e-03,-9.282588958740234375e-03,6.797552108764648438e-03
1.842498779296875000e-03,-9.462833404541015625e-03,6.751775741577148438e-03
1.941204071044921875e-03,-9.604811668395996094e-03,6.732225418090820312e-03
2.028465270996093750e-03,-9.712457656860351562e-03,6.729573011398315430e-03
2.168655395507812500e-03,-9.787440299987792969e-03,6.733119487762451172e-03
2.216339111328125000e-03,-9.796023368835449219e-03,6.703525781631469727e-03
2.270698547363281250e-03,-9.782433509826660156e-03,6.707191467285156250e-03
2.342700958251953125e-03,-9.738445281982421875e-03,6.769210100173950195e-03
2.429962158203125000e-03,-9.669303894042968750e-03,6.861984729766845703e-03
2.480030059814453125e-03,-9.585618972778320312e-03,7.012873888015747070e-03
2.530097961425781250e-03,-9.509205818176269531e-03,7.217913866043090820e-03
2.556800842285156250e-03,-9.438872337341308594e-03,7.368057966232299805e-03
2.578735351562500000e-03,-9.355664253234863281e-03,7.512003183364868164e-03
2.641677856445312500e-03,-9.264230728149414062e-03,7.677108049392700195e-03
2.721786499023437500e-03,-9.179472923278808594e-03,7.819622755050659180e-03
2.797603607177734375e-03,-9.105920791625976562e-03,7.938921451568603516e-03
2.894401550292968750e-03,-9.058356285095214844e-03,8.019983768463134766e-03
2.951622009277343750e-03,-9.006261825561523438e-03,8.109122514724731445e-03
2.996444702148437500e-03,-8.990287780761718750e-03,8.219182491302490234e-03
3.026008605957031250e-03,-8.932471275329589844e-03,8.314907550811767578e-03
3.064155578613281250e-03,-8.895993232727050781e-03,8.336186408996582031e-03
3.090858459472656250e-03,-8.864641189575195312e-03,8.308321237564086914e-03
3.108024597167968750e-03,-8.875489234924316406e-03,8.213579654693603516e-03
3.114700317382812500e-03,-8.903622627258300781e-03,8.083462715148925781e-03
3.125667572021484375e-03,-8.931040763854980469e-03,7.947832345962524414e-03
3.106594085693359375e-03,-8.950591087341308594e-03,7.826417684555053711e-03
3.131389617919921875e-03,-8.957147598266601562e-03,7.706195116043090820e-03
3.168582916259765625e-03,-8.971095085144042969e-03,7.578313350677490234e-03
3.235816955566406250e-03,-9.033560752868652344e-03,7.482558488845825195e-03
3.302574157714843750e-03,-9.068727493286132812e-03,7.410317659378051758e-03
3.437995910644531250e-03,-9.151816368103027344e-03,7.373958826065063477e-03
3.572463989257812500e-03,-9.259223937988281250e-03,7.294237613677978516e-03
3.674030303955078125e-03,-9.331822395324707031e-03,7.201522588729858398e-03
3.767013549804687500e-03,-9.344339370727539062e-03,6.974130868911743164e-03
3.840923309326171875e-03,-9.248018264770507812e-03,6.798535585403442383e-03
3.929138183593750000e-03,-9.141087532043457031e-03,6.639599800109863281e-03
4.003047943115234375e-03,-9.023547172546386719e-03,6.478160619735717773e-03
4.081726074218750000e-03,-8.913755416870117188e-03,6.337523460388183594e-03
4.124164581298828125e-03,-8.809804916381835938e-03,6.263077259063720703e-03
4.276752471923828125e-03,-8.800745010375976562e-03,6.209909915924072266e-03
4.388809204101562500e-03,-8.774757385253906250e-03,6.166547536849975586e-03
4.495620727539062500e-03,-8.719444274902343750e-03,6.129205226898193359e-03
4.621028900146484375e-03,-8.677244186401367188e-03,6.124883890151977539e-03
4.757404327392578125e-03,-8.624911308288574219e-03,6.112277507781982422e-03
4.904270172119140625e-03,-8.573651313781738281e-03,6.107747554779052734e-03
5.076408386230468750e-03,-8.527636528015136719e-03,6.147176027297973633e-03
5.164623260498046875e-03,-8.473992347717285156e-03,6.214141845703125000e-03
5.212306976318359375e-03,-8.411526679992675781e-03,6.265699863433837891e-03
5.253791809082031250e-03,-8.365511894226074219e-03,6.283700466156005859e-03
5.258560180664062500e-03,-8.283615112304687500e-03,6.268262863159179688e-03
5.231380462646484375e-03,-8.231401443481445312e-03,6.276071071624755859e-03
5.203723907470703125e-03,-8.176803588867187500e-03,6.307005882263183594e-03
5.145549774169921875e-03,-8.113384246826171875e-03,6.346255540847778320e-03
5.090236663818359375e-03,-8.057236671447753906e-03,6.396383047103881836e-03
5.013942718505859375e-03,-8.015632629394531250e-03,6.429433822631835938e-03
4.964828491210937500e-03,-8.001327514648437500e-03,6.453514099121093750e-03
4.892349243164062500e-03,-7.964253425598144531e-03,6.442785263061523438e-03
4.875183105468750000e-03,-8.000493049621582031e-03,6.485939025878906250e-03
4.883289337158203125e-03,-8.053302764892578125e-03,6.521731615066528320e-03
4.876613616943359375e-03,-8.117437362670898438e-03,6.501674652099609375e-03
4.832267761230468750e-03,-8.150458335876464844e-03,6.508111953735351562e-03
4.805564880371093750e-03,-8.218646049499511719e-03,6.556630134582519531e-03
4.781723022460937500e-03,-8.299350738525390625e-03,6.582289934158325195e-03
4.779338836669921875e-03,-8.388400077819824219e-03,6.607800722122192383e-03
4.801273345947265625e-03,-8.498072624206542969e-03,6.588399410247802734e-03
4.836082458496093750e-03,-8.642435073852539062e-03,6.509184837341308594e-03
4.964351654052734375e-03,-8.803606033325195312e-03,6.443560123443603516e-03
5.094051361083984375e-03,-8.921504020690917969e-03,6.387650966644287109e-03
5.260467529296875000e-03,-9.054064750671386719e-03,6.356745958328247070e-03
5.398273468017578125e-03,-9.216427803039550781e-03,6.325125694274902344e-03
5.481719970703125000e-03,-9.356141090393066406e-03,6.267577409744262695e-03
5.553245544433593750e-03,-9.497046470642089844e-03,6.244570016860961914e-03
5.609989166259765625e-03,-9.599566459655761719e-03,6.236195564270019531e-03
5.667686462402343750e-03,-9.698867797851562500e-03,6.297141313552856445e-03
5.681514739990234375e-03,-9.772658348083496094e-03,6.349027156829833984e-03
5.615234375000000000e-03,-9.848356246948242188e-03,6.364196538925170898e-03
5.541324615478515625e-03,-9.880304336547851562e-03,6.336599588394165039e-03
5.475044250488281250e-03,-9.865880012512207031e-03,6.274431943893432617e-03
5.383968353271484375e-03,-9.791374206542968750e-03,6.215244531631469727e-03
5.245208740234375000e-03,-9.679317474365234375e-03,6.175220012664794922e-03
5.035400390625000000e-03,-9.517908096313476562e-03,6.105154752731323242e-03
4.745960235595703125e-03,-9.320139884948730469e-03,6.041646003723144531e-03
4.428386688232421875e-03,-9.113430976867675781e-03,5.997329950332641602e-03
4.072666168212890625e-03,-8.903741836547851562e-03,5.968809127807617188e-03
3.711223602294921875e-03,-8.687257766723632812e-03,5.979001522064208984e-03
3.362655639648437500e-03,-8.501529693603515625e-03,5.994349718093872070e-03
3.013134002685546875e-03,-8.309721946716308594e-03,6.015926599502563477e-03
2.700805664062500000e-03,-8.134126663208007812e-03,6.050586700439453125e-03
2.437591552734375000e-03,-7.988691329956054688e-03,6.203144788742065430e-03
2.228736877441406250e-03,-7.899165153503417969e-03,6.340682506561279297e-03
2.049922943115234375e-03,-7.817149162292480469e-03,6.473720073699951172e-03
1.862525939941406250e-03,-7.752537727355957031e-03,6.565988063812255859e-03
1.698970794677734375e-03,-7.745265960693359375e-03,6.681531667709350586e-03
1.605033874511718750e-03,-7.754206657409667969e-03,6.739944219589233398e-03
1.535415649414062500e-03,-7.799744606018066406e-03,6.795704364776611328e-03
1.462459564208984375e-03,-7.859230041503906250e-03,6.900548934936523438e-03
1.385688781738281250e-03,-7.932782173156738281e-03,6.952911615371704102e-03
1.290321350097656250e-03,-7.998824119567871094e-03,6.976246833801269531e-03
1.194000244140625000e-03,-8.016586303710937500e-03,7.003664970397949219e-03
1.134872436523437500e-03,-8.059144020080566406e-03,7.062315940856933594e-03
1.068115234375000000e-03,-8.107185363769531250e-03,7.068753242492675781e-03
9.913444519042968750e-04,-8.132934570312500000e-03,7.023692131042480469e-03
8.883476257324218750e-04,-8.162498474121093750e-03,6.989747285842895508e-03
8.163452148437500000e-04,-8.174538612365722656e-03,6.949722766876220703e-03
7.514953613281250000e-04,-8.191227912902832031e-03,6.880283355712890625e-03
6.561279296875000000e-04,-8.216261863708496094e-03,6.746500730514526367e-03
6.299018859863281250e-04,-8.229970932006835938e-03,6.624341011047363281e-03
6.136894226074218750e-04,-8.261561393737792969e-03,6.519496440887451172e-03
5.311965942382812500e-04,-8.239388465881347656e-03,6.436794996261596680e-03
4.463195800781250000e-04,-8.229494094848632812e-03,6.402403116226196289e-03
4.158020019531250000e-04,-8.190155029296875000e-03,6.431907415390014648e-03
3.781318664550781250e-04,-8.124709129333496094e-03,6.483644247055053711e-03
3.452301025390625000e-04,-8.022904396057128906e-03,6.529629230499267578e-03
2.994537353515625000e-04,-7.889270782470703125e-03,6.561726331710815430e-03
2.679824829101562500e-04,-7.767558097839355469e-03,6.611734628677368164e-03
2.350807189941406250e-04,-7.648110389709472656e-03,6.675899028778076172e-03
2.365112304687500000e-04,-7.546901702880859375e-03,6.738573312759399414e-03
2.312660217285156250e-04,-7.405161857604980469e-03,6.786972284317016602e-03
2.841949462890625000e-04,-7.326364517211914062e-03,6.867170333862304688e-03
3.976821899414062500e-04,-7.284402847290039062e-03,6.979435682296752930e-03
4.892349243164062500e-04,-7.262229919433593750e-03,7.058709859848022461e-03
5.936622619628906250e-04,-7.260203361511230469e-03,7.126510143280029297e-03
6.761550903320312500e-04,-7.306933403015136719e-03,7.152378559112548828e-03
7.705688476562500000e-04,-7.385969161987304688e-03,7.145494222640991211e-03
8.735656738281250000e-04,-7.428288459777832031e-03,7.096767425537109375e-03
9.956359863281250000e-04,-7.493376731872558594e-03,6.973534822463989258e-03
1.114368438720703125e-03,-7.540464401245117188e-03,6.836563348770141602e-03
1.250267028808593750e-03,-7.589221000671386719e-03,5.996614694595336914e-03
1.390933990478515625e-03,-7.606267929077148438e-03,5.248069763183593750e-03
1.515388488769531250e-03,-7.618308067321777344e-03,4.589825868606567383e-03
1.651287078857421875e-03,-7.608532905578613281e-03,3.993242979049682617e-03
