2.020251750946044922e-02,9.430927038192749023e-02,8.728891611099243164e-03
2.020251750946044922e-02,9.430927038192749023e-02,8.728891611099243164e-03
2.120256423950195312e-02,9.530925750732421875e-02,7.728904485702514648e-03
2.153682708740234375e-02,9.461200237274169922e-02,6.934113800525665283e-03
2.143275737762451172e-02,9.380418062210083008e-02,6.242632865905761719e-03
2.088761329650878906e-02,9.350132942199707031e-02,5.769688636064529419e-03
2.118575572967529297e-02,9.395784139633178711e-02,5.289226770401000977e-03
2.120339870452880859e-02,9.429699182510375977e-02,4.979569464921951294e-03
2.114868164062500000e-02,9.442734718322753906e-02,4.695139825344085693e-03
2.105045318603515625e-02,9.442216157913208008e-02,4.348140209913253784e-03
2.089536190032958984e-02,9.420502185821533203e-02,4.260536283254623413e-03
2.087533473968505859e-02,9.383833408355712891e-02,3.857351839542388916e-03
2.063500881195068359e-02,9.353011846542358398e-02,3.477878868579864502e-03
2.035045623779296875e-02,9.321141242980957031e-02,3.117147833108901978e-03
2.036213874816894531e-02,9.289920330047607422e-02,2.761185169219970703e-03
2.037656307220458984e-02,9.254914522171020508e-02,2.349704504013061523e-03
2.054679393768310547e-02,9.225064516067504883e-02,1.753207296133041382e-03
2.066409587860107422e-02,9.195792675018310547e-02,1.180060207843780518e-03
2.085936069488525391e-02,9.160810708999633789e-02,5.884990096092224121e-04
2.101171016693115234e-02,9.125578403472900391e-02,-7.614865899085998535e-05
2.108526229858398438e-02,9.093803167343139648e-02,-6.439276039600372314e-04
2.119815349578857422e-02,9.058487415313720703e-02,-1.113217324018478394e-03
2.127659320831298828e-02,9.023523330688476562e-02,-1.570682972669601440e-03
2.163052558898925781e-02,8.977967500686645508e-02,-2.152189612388610840e-03
2.193069458007812500e-02,8.930277824401855469e-02,-2.793882042169570923e-03
2.229237556457519531e-02,8.886206150054931641e-02,-3.186047077178955078e-03
2.278375625610351562e-02,8.847212791442871094e-02,-3.437202423810958862e-03
2.315115928649902344e-02,8.811718225479125977e-02,-3.657247871160507202e-03
2.345800399780273438e-02,8.790260553359985352e-02,-3.801546990871429443e-03
2.372121810913085938e-02,8.762419223785400391e-02,-3.924280405044555664e-03
2.392375469207763672e-02,8.739387989044189453e-02,-4.061959683895111084e-03
2.418220043182373047e-02,8.733260631561279297e-02,-4.369746893644332886e-03
2.454066276550292969e-02,8.728963136672973633e-02,-4.656657576560974121e-03
2.496528625488281250e-02,8.731573820114135742e-02,-4.877172410488128662e-03
2.538311481475830078e-02,8.717000484466552734e-02,-5.307514220476150513e-03
2.572059631347656250e-02,8.703881502151489258e-02,-5.668289959430694580e-03
2.608609199523925781e-02,8.680999279022216797e-02,-6.129976361989974976e-03
2.638101577758789062e-02,8.657288551330566406e-02,-6.633698940277099609e-03
2.640223503112792969e-02,8.629864454269409180e-02,-6.953492760658264160e-03
2.638745307922363281e-02,8.598279953002929688e-02,-7.299695163965225220e-03
2.635765075683593750e-02,8.557492494583129883e-02,-7.655259221792221069e-03
2.640283107757568359e-02,8.494496345520019531e-02,-8.104756474494934082e-03
2.642095088958740234e-02,8.432066440582275391e-02,-8.414674550294876099e-03
2.626228332519531250e-02,8.376431465148925781e-02,-8.695915341377258301e-03
2.608895301818847656e-02,8.327919244766235352e-02,-9.003575891256332397e-03
2.595472335815429688e-02,8.286160230636596680e-02,-9.207859635353088379e-03
2.568352222442626953e-02,8.232468366622924805e-02,-9.201180189847946167e-03
2.541053295135498047e-02,8.215022087097167969e-02,-9.227003902196884155e-03
2.505660057067871094e-02,8.195203542709350586e-02,-9.157240390777587891e-03
2.470850944519042969e-02,8.165913820266723633e-02,-9.070098400115966797e-03
2.420616149902343750e-02,8.138126134872436523e-02,-8.870806545019149780e-03
2.377402782440185547e-02,8.114111423492431641e-02,-8.601889014244079590e-03
2.329134941101074219e-02,8.095884323120117188e-02,-8.209493011236190796e-03
2.280783653259277344e-02,8.078557252883911133e-02,-8.034992963075637817e-03
2.218937873840332031e-02,8.054441213607788086e-02,-7.754184305667877197e-03
2.159154415130615234e-02,8.021467924118041992e-02,-7.655765861272811890e-03
2.106106281280517578e-02,7.987904548645019531e-02,-7.461342960596084595e-03
2.051925659179687500e-02,7.951945066452026367e-02,-7.257413119077682495e-03
1.973748207092285156e-02,7.906931638717651367e-02,-7.054664194583892822e-03
1.903688907623291016e-02,7.858705520629882812e-02,-6.795056164264678955e-03
1.844155788421630859e-02,7.801431417465209961e-02,-6.587717682123184204e-03
1.787555217742919922e-02,7.749634981155395508e-02,-6.433568894863128662e-03
1.734745502471923828e-02,7.696002721786499023e-02,-6.516236811876296997e-03
1.680469512939453125e-02,7.645499706268310547e-02,-6.545316427946090698e-03
1.663661003112792969e-02,7.609939575195312500e-02,-7.211804389953613281e-03
1.649165153503417969e-02,7.580816745758056641e-02,-7.738456130027770996e-03
1.631414890289306641e-02,7.547330856323242188e-02,-8.266750723123550415e-03
1.628303527832031250e-02,7.525080442428588867e-02,-8.720584213733673096e-03
1.626908779144287109e-02,7.516539096832275391e-02,-9.091701358556747437e-03
1.632761955261230469e-02,7.516598701477050781e-02,-9.409058839082717896e-03
1.634192466735839844e-02,7.524842023849487305e-02,-9.693834930658340454e-03
1.633620262145996094e-02,7.543617486953735352e-02,-9.899139404296875000e-03
1.632571220397949219e-02,7.564198970794677734e-02,-1.000850275158882141e-02
1.562809944152832031e-02,7.494598627090454102e-02,-9.903073310852050781e-03
1.496684551239013672e-02,7.433199882507324219e-02,-9.772822260856628418e-03
1.432871818542480469e-02,7.376551628112792969e-02,-9.648077189922332764e-03
1.371335983276367188e-02,7.325977087020874023e-02,-9.528290480375289917e-03
1.315557956695556641e-02,7.280492782592773438e-02,-9.374324232339859009e-03
1.269459724426269531e-02,7.259154319763183594e-02,-9.060136973857879639e-03
1.242625713348388672e-02,7.261282205581665039e-02,-8.706450462341308594e-03
1.221024990081787109e-02,7.264268398284912109e-02,-8.361991494894027710e-03
1.207113265991210938e-02,7.266628742218017578e-02,-8.007697761058807373e-03
1.197361946105957031e-02,7.270085811614990234e-02,-7.639035582542419434e-03
1.207399368286132812e-02,7.279360294342041016e-02,-7.310390472412109375e-03
1.214897632598876953e-02,7.288628816604614258e-02,-6.958495825529098511e-03
1.226532459259033203e-02,7.298040390014648438e-02,-6.677202880382537842e-03
1.238358020782470703e-02,7.309281826019287109e-02,-6.432652473449707031e-03
1.245284080505371094e-02,7.320225238800048828e-02,-6.419699639081954956e-03
1.259911060333251953e-02,7.329398393630981445e-02,-6.435044109821319580e-03
1.280212402343750000e-02,7.337969541549682617e-02,-6.509143859148025513e-03
1.299893856048583984e-02,7.347357273101806641e-02,-6.567716598510742188e-03
1.321721076965332031e-02,7.355868816375732422e-02,-6.614852696657180786e-03
1.344406604766845703e-02,7.364571094512939453e-02,-6.774302572011947632e-03
1.367568969726562500e-02,7.375222444534301758e-02,-6.929051131010055542e-03
1.384902000427246094e-02,7.386416196823120117e-02,-7.072225213050842285e-03
1.403605937957763672e-02,7.400143146514892578e-02,-7.155574858188629150e-03
1.435947418212890625e-02,7.417774200439453125e-02,-7.201004773378372192e-03
1.467418670654296875e-02,7.434451580047607422e-02,-7.216725498437881470e-03
1.495850086212158203e-02,7.449167966842651367e-02,-7.226876914501190186e-03
1.523876190185546875e-02,7.461786270141601562e-02,-7.239442318677902222e-03
1.550149917602539062e-02,7.473301887512207031e-02,-7.249835878610610962e-03
1.574134826660156250e-02,7.484209537506103516e-02,-7.232964038848876953e-03
1.597845554351806641e-02,7.493847608566284180e-02,-7.191091775894165039e-03
1.619291305541992188e-02,7.512462139129638672e-02,-7.285330444574356079e-03
1.642620563507080078e-02,7.530671358108520508e-02,-7.417127490043640137e-03
1.664328575134277344e-02,7.546055316925048828e-02,-7.598921656608581543e-03
1.684737205505371094e-02,7.559758424758911133e-02,-7.721345871686935425e-03
1.700532436370849609e-02,7.572889328002929688e-02,-7.754079997539520264e-03
1.720035076141357422e-02,7.584041357040405273e-02,-7.879722863435745239e-03
1.737117767333984375e-02,7.590615749359130859e-02,-7.950849831104278564e-03
1.752328872680664062e-02,7.602304220199584961e-02,-8.062534034252166748e-03
1.768231391906738281e-02,7.610905170440673828e-02,-8.122529834508895874e-03
1.786339282989501953e-02,7.616269588470458984e-02,-8.313231170177459717e-03
1.804554462432861328e-02,7.619303464889526367e-02,-8.507788181304931641e-03
1.809012889862060547e-02,7.610821723937988281e-02,-8.752487599849700928e-03
1.814258098602294922e-02,7.604289054870605469e-02,-8.964166045188903809e-03
1.819312572479248047e-02,7.597893476486206055e-02,-9.153578430414199829e-03
1.825141906738281250e-02,7.593268156051635742e-02,-9.338159114122390747e-03
1.829743385314941406e-02,7.582592964172363281e-02,-9.498052299022674561e-03
1.834499835968017578e-02,7.571983337402343750e-02,-9.639114141464233398e-03
1.845765113830566406e-02,7.563483715057373047e-02,-9.864717721939086914e-03
1.858460903167724609e-02,7.554978132247924805e-02,-1.006695628166198730e-02
1.880598068237304688e-02,7.572036981582641602e-02,-1.024049893021583557e-02
1.900792121887207031e-02,7.584625482559204102e-02,-1.043599471449851990e-02
1.916241645812988281e-02,7.592916488647460938e-02,-1.060651987791061401e-02
1.935625076293945312e-02,7.600617408752441406e-02,-1.072533428668975830e-02
1.956856250762939453e-02,7.607382535934448242e-02,-1.086675003170967102e-02
1.976466178894042969e-02,7.611382007598876953e-02,-1.096814498305320740e-02
1.994311809539794922e-02,7.612222433090209961e-02,-1.112158223986625671e-02
2.009069919586181641e-02,7.605910301208496094e-02,-1.135091111063957214e-02
2.024340629577636719e-02,7.603549957275390625e-02,-1.153948903083801270e-02
2.062749862670898438e-02,7.617372274398803711e-02,-1.189496740698814392e-02
2.096819877624511719e-02,7.628202438354492188e-02,-1.215576380491256714e-02
2.129244804382324219e-02,7.636988162994384766e-02,-1.226906850934028625e-02
2.154922485351562500e-02,7.641917467117309570e-02,-1.240257918834686279e-02
2.182114124298095703e-02,7.647752761840820312e-02,-1.180457323789596558e-02
2.204310894012451172e-02,7.653427124023437500e-02,-1.129510253667831421e-02
2.229893207550048828e-02,7.660257816314697266e-02,-1.082542538642883301e-02
2.257299423217773438e-02,7.669401168823242188e-02,-1.041660085320472717e-02
2.281534671783447266e-02,7.681626081466674805e-02,-1.007820293307304382e-02
2.304255962371826172e-02,7.694578170776367188e-02,-9.756200015544891357e-03
2.324140071868896484e-02,7.706683874130249023e-02,-9.421810507774353027e-03
2.338027954101562500e-02,7.705169916152954102e-02,-9.133428335189819336e-03
2.352273464202880859e-02,7.703292369842529297e-02,-8.897863328456878662e-03
2.365970611572265625e-02,7.703065872192382812e-02,-8.621830493211746216e-03
2.380478382110595703e-02,7.701182365417480469e-02,-8.364651352167129517e-03
2.396202087402343750e-02,7.699352502822875977e-02,-8.144292980432510376e-03
2.405917644500732422e-02,7.695496082305908203e-02,-7.925808429718017578e-03
2.415966987609863281e-02,7.693225145339965820e-02,-7.567498832941055298e-03
2.432096004486083984e-02,7.691502571105957031e-02,-7.224742323160171509e-03
2.444720268249511719e-02,7.687216997146606445e-02,-6.896983832120895386e-03
2.454280853271484375e-02,7.679629325866699219e-02,-6.628610193729400635e-03
2.464008331298828125e-02,7.657068967819213867e-02,-6.394501775503158569e-03
2.472877502441406250e-02,7.633554935455322266e-02,-6.181597709655761719e-03
2.483689785003662109e-02,7.611697912216186523e-02,-5.982965230941772461e-03
2.495145797729492188e-02,7.590603828430175781e-02,-5.826901644468307495e-03
2.506935596466064453e-02,7.566308975219726562e-02,-5.740758031606674194e-03
2.516543865203857422e-02,7.544422149658203125e-02,-5.649205297231674194e-03
2.526545524597167969e-02,7.528090476989746094e-02,-5.588103085756301880e-03
2.535700798034667969e-02,7.511746883392333984e-02,-5.534384399652481079e-03
2.542150020599365234e-02,7.493907213211059570e-02,-5.487967282533645630e-03
2.544379234313964844e-02,7.472848892211914062e-02,-5.408134311437606812e-03
2.527582645416259766e-02,7.455879449844360352e-02,-5.161561071872711182e-03
2.515077590942382812e-02,7.440948486328125000e-02,-4.959128797054290771e-03
2.507567405700683594e-02,7.428926229476928711e-02,-4.790544509887695312e-03
2.504849433898925781e-02,7.415497303009033203e-02,-4.687823355197906494e-03
2.498996257781982422e-02,7.401698827743530273e-02,-4.607960581779479980e-03
2.493286132812500000e-02,7.392662763595581055e-02,-4.551246762275695801e-03
2.490651607513427734e-02,7.384890317916870117e-02,-4.485186189413070679e-03
2.480196952819824219e-02,7.374525070190429688e-02,-4.444804042577743530e-03
2.464783191680908203e-02,7.364046573638916016e-02,-4.402697086334228516e-03
2.449893951416015625e-02,7.352209091186523438e-02,-4.365999251604080200e-03
2.428829669952392578e-02,7.340455055236816406e-02,-4.358384758234024048e-03
2.407276630401611328e-02,7.328104972839355469e-02,-4.394847899675369263e-03
2.393746376037597656e-02,7.315272092819213867e-02,-4.444632679224014282e-03
2.373516559600830078e-02,7.299137115478515625e-02,-4.535011947154998779e-03
2.353930473327636719e-02,7.284009456634521484e-02,-4.609595984220504761e-03
2.336537837982177734e-02,7.268518209457397461e-02,-4.695054143667221069e-03
2.321553230285644531e-02,7.256174087524414062e-02,-4.765801131725311279e-03
2.311873435974121094e-02,7.244563102722167969e-02,-4.867933690547943115e-03
2.301931381225585938e-02,7.231450080871582031e-02,-4.967913031578063965e-03
2.294898033142089844e-02,7.219356298446655273e-02,-5.060140043497085571e-03
2.287912368774414062e-02,7.206654548645019531e-02,-5.161177366971969604e-03
2.280688285827636719e-02,7.193630933761596680e-02,-5.243971943855285645e-03
2.273845672607421875e-02,7.187271118164062500e-02,-5.371391773223876953e-03
2.269673347473144531e-02,7.182335853576660156e-02,-5.538839846849441528e-03
2.258944511413574219e-02,7.177019119262695312e-02,-5.708429962396621704e-03
2.246534824371337891e-02,7.175022363662719727e-02,-5.876164883375167847e-03
2.233278751373291016e-02,7.173615694046020508e-02,-6.038211286067962646e-03
2.223324775695800781e-02,7.173973321914672852e-02,-6.062671542167663574e-03
2.204239368438720703e-02,7.172125577926635742e-02,-6.116863340139389038e-03
2.188360691070556641e-02,7.166594266891479492e-02,-6.194606423377990723e-03
2.178347110748291016e-02,7.159769535064697266e-02,-6.312727928161621094e-03
2.165257930755615234e-02,7.153540849685668945e-02,-6.405364722013473511e-03
2.150094509124755859e-02,7.147508859634399414e-02,-6.508607417345046997e-03
2.137207984924316406e-02,7.141005992889404297e-02,-6.646268069744110107e-03
2.123427391052246094e-02,7.136017084121704102e-02,-6.687693297863006592e-03
2.116489410400390625e-02,7.134759426116943359e-02,-6.748341023921966553e-03
2.110481262207031250e-02,7.130861282348632812e-02,-6.869070231914520264e-03
2.105164527893066406e-02,7.126152515411376953e-02,-7.035225629806518555e-03
2.098405361175537109e-02,7.123440504074096680e-02,-7.188435643911361694e-03
2.090573310852050781e-02,7.117140293121337891e-02,-7.438521832227706909e-03
2.077710628509521484e-02,7.112747430801391602e-02,-7.639691233634948730e-03
2.067160606384277344e-02,7.108092308044433594e-02,-7.883451879024505615e-03
2.072727680206298828e-02,7.109516859054565430e-02,-8.168473839759826660e-03
2.078175544738769531e-02,7.109093666076660156e-02,-8.546359837055206299e-03
2.075648307800292969e-02,7.105171680450439453e-02,-8.925616741180419922e-03
2.077043056488037109e-02,7.100343704223632812e-02,-9.298913180828094482e-03
2.077364921569824219e-02,7.097524404525756836e-02,-9.659007191658020020e-03
2.081966400146484375e-02,7.098239660263061523e-02,-9.949259459972381592e-03
2.082455158233642578e-02,7.097768783569335938e-02,-1.019069552421569824e-02
2.081942558288574219e-02,7.095265388488769531e-02,-1.045828312635421753e-02
2.078795433044433594e-02,7.094949483871459961e-02,-1.074650511145591736e-02
2.081823348999023438e-02,7.096254825592041016e-02,-1.102894172072410583e-02
2.086520195007324219e-02,7.098627090454101562e-02,-1.136144250631332397e-02
2.091443538665771484e-02,7.100701332092285156e-02,-1.169090718030929565e-02
2.096939086914062500e-02,7.100069522857666016e-02,-1.202591136097908020e-02
2.100384235382080078e-02,7.102799415588378906e-02,-1.235010102391242981e-02
2.100360393524169922e-02,7.104259729385375977e-02,-1.267367973923683167e-02
2.101492881774902344e-02,7.106184959411621094e-02,-1.296229660511016846e-02
2.102220058441162109e-02,7.110947370529174805e-02,-1.323466375470161438e-02
2.102243900299072266e-02,7.115411758422851562e-02,-1.350485906004905701e-02
2.104771137237548828e-02,7.118093967437744141e-02,-1.399818807840347290e-02
2.104902267456054688e-02,7.123237848281860352e-02,-1.445998623967170715e-02
2.106654644012451172e-02,7.128441333770751953e-02,-1.489866524934768677e-02
2.108752727508544922e-02,7.131600379943847656e-02,-1.532481983304023743e-02
2.104330062866210938e-02,7.130843400955200195e-02,-1.574008911848068237e-02
2.101957798004150391e-02,7.129192352294921875e-02,-1.617809012532234192e-02
2.102088928222656250e-02,7.129383087158203125e-02,-1.658092439174652100e-02
2.105808258056640625e-02,7.133239507675170898e-02,-1.700195297598838806e-02
2.098929882049560547e-02,7.140481472015380859e-02,-1.719267293810844421e-02
2.091372013092041016e-02,7.141828536987304688e-02,-1.734989136457443237e-02
2.083992958068847656e-02,7.137542963027954102e-02,-1.749625802040100098e-02
2.079248428344726562e-02,7.133102416992187500e-02,-1.763417571783065796e-02
2.080619335174560547e-02,7.128393650054931641e-02,-1.781501993536949158e-02
2.085554599761962891e-02,7.122272253036499023e-02,-1.799020543694496155e-02
2.091729640960693359e-02,7.117152214050292969e-02,-1.819586008787155151e-02
2.096927165985107422e-02,7.111704349517822266e-02,-1.842992380261421204e-02
2.103996276855468750e-02,7.106941938400268555e-02,-1.867003738880157471e-02
2.111542224884033203e-02,7.105505466461181641e-02,-1.902215927839279175e-02
2.115929126739501953e-02,7.108831405639648438e-02,-1.926245540380477905e-02
2.120769023895263672e-02,7.110911607742309570e-02,-1.943917572498321533e-02
2.120447158813476562e-02,7.112360000610351562e-02,-1.963920891284942627e-02
2.121210098266601562e-02,7.115328311920166016e-02,-1.979497075080871582e-02
2.122008800506591797e-02,7.120633125305175781e-02,-1.989144831895828247e-02
2.124392986297607422e-02,7.123655080795288086e-02,-1.998170465230941772e-02
2.132368087768554688e-02,7.136988639831542969e-02,-2.008361369371414185e-02
2.139008045196533203e-02,7.148778438568115234e-02,-2.019979059696197510e-02
2.146863937377929688e-02,7.157075405120849609e-02,-2.030897885560989380e-02
2.149474620819091797e-02,7.159131765365600586e-02,-2.039833366870880127e-02
2.154433727264404297e-02,7.159584760665893555e-02,-2.051629871129989624e-02
2.157008647918701172e-02,7.160335779190063477e-02,-2.056922763586044312e-02
2.136909961700439453e-02,7.161027193069458008e-02,-2.058182656764984131e-02
2.124953269958496094e-02,7.161945104598999023e-02,-2.058272808790206909e-02
2.117121219635009766e-02,7.159775495529174805e-02,-2.058124542236328125e-02
2.114176750183105469e-02,7.155966758728027344e-02,-2.061472088098526001e-02
2.110755443572998047e-02,7.149451971054077148e-02,-2.061410248279571533e-02
2.101874351501464844e-02,7.144129276275634766e-02,-2.057597786188125610e-02
2.093529701232910156e-02,7.136237621307373047e-02,-2.054075151681900024e-02
2.087104320526123047e-02,7.127451896667480469e-02,-2.051464468240737915e-02
2.084219455718994141e-02,7.119524478912353516e-02,-2.050027251243591309e-02
2.079045772552490234e-02,7.109308242797851562e-02,-2.034233510494232178e-02
2.073431015014648438e-02,7.101130485534667969e-02,-2.023143321275711060e-02
2.065992355346679688e-02,7.089960575103759766e-02,-2.013252675533294678e-02
2.058434486389160156e-02,7.079154253005981445e-02,-2.003286033868789673e-02
2.047383785247802734e-02,7.065963745117187500e-02,-1.992936432361602783e-02
2.041923999786376953e-02,7.054352760314941406e-02,-1.985072344541549683e-02
2.036845684051513672e-02,7.039600610733032227e-02,-1.984083652496337891e-02
2.028155326843261719e-02,7.020246982574462891e-02,-1.982495188713073730e-02
2.023899555206298828e-02,6.998574733734130859e-02,-1.989600807428359985e-02
2.015852928161621094e-02,6.977665424346923828e-02,-1.994034647941589355e-02
2.018773555755615234e-02,6.973999738693237305e-02,-1.988101005554199219e-02
2.024137973785400391e-02,6.964820623397827148e-02,-1.983214169740676880e-02
2.026641368865966797e-02,6.951266527175903320e-02,-1.985220611095428467e-02
2.026200294494628906e-02,6.935906410217285156e-02,-1.981656253337860107e-02
2.020549774169921875e-02,6.918388605117797852e-02,-1.978744566440582275e-02
2.014851570129394531e-02,6.900495290756225586e-02,-1.980277895927429199e-02
2.008819580078125000e-02,6.881827116012573242e-02,-1.984443515539169312e-02
1.998639106750488281e-02,6.857281923294067383e-02,-1.985498517751693726e-02
1.990079879760742188e-02,6.848341226577758789e-02,-1.986556500196456909e-02
1.984977722167968750e-02,6.842082738876342773e-02,-1.987239718437194824e-02
1.982080936431884766e-02,6.834930181503295898e-02,-1.988816261291503906e-02
1.976776123046875000e-02,6.827038526535034180e-02,-1.993653178215026855e-02
1.968455314636230469e-02,6.819492578506469727e-02,-1.995925605297088623e-02
1.960635185241699219e-02,6.812971830368041992e-02,-1.996792107820510864e-02
1.950120925903320312e-02,6.806033849716186523e-02,-1.996433734893798828e-02
1.943254470825195312e-02,6.800979375839233398e-02,-1.994922012090682983e-02
1.940345764160156250e-02,6.795644760131835938e-02,-1.998001337051391602e-02
1.939618587493896484e-02,6.792527437210083008e-02,-2.000685036182403564e-02
1.942503452301025391e-02,6.790363788604736328e-02,-2.004081010818481445e-02
1.946580410003662109e-02,6.792312860488891602e-02,-2.011912316083908081e-02
1.950836181640625000e-02,6.789302825927734375e-02,-2.032446861267089844e-02
1.951837539672851562e-02,6.787019968032836914e-02,-2.046836912631988525e-02
1.925790309906005859e-02,6.771391630172729492e-02,-2.058354020118713379e-02
1.898419857025146484e-02,6.758409738540649414e-02,-2.074352651834487915e-02
1.875448226928710938e-02,6.749069690704345703e-02,-2.087394893169403076e-02
1.854407787322998047e-02,6.741565465927124023e-02,-2.098722755908966064e-02
1.836204528808593750e-02,6.734198331832885742e-02,-2.110735327005386353e-02
1.814889907836914062e-02,6.729048490524291992e-02,-2.117829769849777222e-02
1.802718639373779297e-02,6.711375713348388672e-02,-2.145005017518997192e-02
1.788473129272460938e-02,6.695634126663208008e-02,-2.161185443401336670e-02
1.766836643218994141e-02,6.680285930633544922e-02,-2.171479165554046631e-02
1.749634742736816406e-02,6.664699316024780273e-02,-2.183969318866729736e-02
1.737105846405029297e-02,6.650793552398681641e-02,-2.200954407453536987e-02
1.727914810180664062e-02,6.639444828033447266e-02,-2.218856662511825562e-02
1.722621917724609375e-02,6.631016731262207031e-02,-2.234109491109848022e-02
1.712942123413085938e-02,6.622278690338134766e-02,-2.247192710638046265e-02
1.704204082489013672e-02,6.614208221435546875e-02,-2.258688211441040039e-02
1.702213287353515625e-02,6.609177589416503906e-02,-2.268183231353759766e-02
1.701414585113525391e-02,6.605839729309082031e-02,-2.279605716466903687e-02
1.700639724731445312e-02,6.600916385650634766e-02,-2.291219681501388550e-02
1.694118976593017578e-02,6.596899032592773438e-02,-2.305346727371215820e-02
1.616275310516357422e-02,6.590229272842407227e-02,-2.314477413892745972e-02
1.552271842956542969e-02,6.589412689208984375e-02,-2.324775606393814087e-02
1.492941379547119141e-02,6.589978933334350586e-02,-2.338232100009918213e-02
1.440453529357910156e-02,6.593334674835205078e-02,-2.356226742267608643e-02
1.398909091949462891e-02,6.596672534942626953e-02,-2.370548248291015625e-02
1.362049579620361328e-02,6.601071357727050781e-02,-2.385043352842330933e-02
1.330780982971191406e-02,6.604784727096557617e-02,-2.398081868886947632e-02
1.304578781127929688e-02,6.607049703598022461e-02,-2.410432696342468262e-02
1.282262802124023438e-02,6.605339050292968750e-02,-2.418408542871475220e-02
1.283264160156250000e-02,6.601601839065551758e-02,-2.433060109615325928e-02
1.283860206604003906e-02,6.597512960433959961e-02,-2.452919632196426392e-02
1.280856132507324219e-02,6.592136621475219727e-02,-2.472559362649917603e-02
1.280951499938964844e-02,6.583714485168457031e-02,-2.501164376735687256e-02
1.280796527862548828e-02,6.576138734817504883e-02,-2.526976913213729858e-02
1.277649402618408203e-02,6.568837165832519531e-02,-2.553078532218933105e-02
1.273083686828613281e-02,6.561607122421264648e-02,-2.576941996812820435e-02
1.268458366394042969e-02,6.549781560897827148e-02,-2.597569674253463745e-02
1.265668869018554688e-02,6.539946794509887695e-02,-2.615547925233840942e-02
1.264953613281250000e-02,6.529742479324340820e-02,-2.633567154407501221e-02
1.259422302246093750e-02,6.522685289382934570e-02,-2.651577442884445190e-02
1.256465911865234375e-02,6.518632173538208008e-02,-2.667236328125000000e-02
1.246261596679687500e-02,6.513172388076782227e-02,-2.672597765922546387e-02
1.237368583679199219e-02,6.506609916687011719e-02,-2.672220021486282349e-02
1.236760616302490234e-02,6.497967243194580078e-02,-2.674070000648498535e-02
1.235342025756835938e-02,6.491023302078247070e-02,-2.675583213567733765e-02
1.231086254119873047e-02,6.486564874649047852e-02,-2.675372362136840820e-02
1.225125789642333984e-02,6.482541561126708984e-02,-2.672625333070755005e-02
1.217734813690185547e-02,6.476920843124389648e-02,-2.677863091230392456e-02
1.209878921508789062e-02,6.473124027252197266e-02,-2.682092040777206421e-02
1.202702522277832031e-02,6.471592187881469727e-02,-2.677369117736816406e-02
1.195132732391357422e-02,6.473171710968017578e-02,-2.674721181392669678e-02
1.178407669067382812e-02,6.472086906433105469e-02,-2.673760801553726196e-02
1.166224479675292969e-02,6.474786996841430664e-02,-2.673994749784469604e-02
1.157832145690917969e-02,6.479591131210327148e-02,-2.674703299999237061e-02
1.150202751159667969e-02,6.487429141998291016e-02,-2.671666443347930908e-02
1.143348217010498047e-02,6.495916843414306641e-02,-2.670194953680038452e-02
1.141083240509033203e-02,6.506180763244628906e-02,-2.666581422090530396e-02
1.141989231109619141e-02,6.517583131790161133e-02,-2.663920074701309204e-02
1.143050193786621094e-02,6.527745723724365234e-02,-2.660120278596878052e-02
1.148164272308349609e-02,6.537514925003051758e-02,-2.651029825210571289e-02
1.152420043945312500e-02,6.548410654067993164e-02,-2.645693719387054443e-02
1.156735420227050781e-02,6.557822227478027344e-02,-2.639375627040863037e-02
1.165723800659179688e-02,6.563639640808105469e-02,-2.640567719936370850e-02
1.173233985900878906e-02,6.568503379821777344e-02,-2.643380314111709595e-02
1.183223724365234375e-02,6.574445962905883789e-02,-2.643358707427978516e-02
1.193547248840332031e-02,6.578129529953002930e-02,-2.641975879669189453e-02
1.203334331512451172e-02,6.583160161972045898e-02,-2.640648186206817627e-02
1.212716102600097656e-02,6.588476896286010742e-02,-2.642143517732620239e-02
1.220393180847167969e-02,6.591790914535522461e-02,-2.646088600158691406e-02
1.225078105926513672e-02,6.596428155899047852e-02,-2.647897601127624512e-02
1.229274272918701172e-02,6.601083278656005859e-02,-2.646490931510925293e-02
1.234424114227294922e-02,6.605762243270874023e-02,-2.647873759269714355e-02
1.240694522857666016e-02,6.610590219497680664e-02,-2.652343362569808960e-02
1.246500015258789062e-02,6.615042686462402344e-02,-2.659253031015396118e-02
1.249420642852783203e-02,6.618535518646240234e-02,-2.665365487337112427e-02
1.253652572631835938e-02,6.620573997497558594e-02,-2.669400721788406372e-02
1.257050037384033203e-02,6.621718406677246094e-02,-2.673748135566711426e-02
1.257956027984619141e-02,6.621658802032470703e-02,-2.678998559713363647e-02
1.263916492462158203e-02,6.619614362716674805e-02,-2.683559060096740723e-02
1.271593570709228516e-02,6.620466709136962891e-02,-2.686740458011627197e-02
1.279294490814208984e-02,6.624662876129150391e-02,-2.690806984901428223e-02
1.282238960266113281e-02,6.626999378204345703e-02,-2.693082392215728760e-02
1.286458969116210938e-02,6.624549627304077148e-02,-2.699306607246398926e-02
1.291322708129882812e-02,6.623804569244384766e-02,-2.703678607940673828e-02
1.296627521514892578e-02,6.601375341415405273e-02,-2.723281830549240112e-02
1.307582855224609375e-02,6.577759981155395508e-02,-2.746913582086563110e-02
1.315891742706298828e-02,6.539487838745117188e-02,-2.792335301637649536e-02
1.323580741882324219e-02,6.504493951797485352e-02,-2.834463119506835938e-02
1.332533359527587891e-02,6.473606824874877930e-02,-2.873362600803375244e-02
1.340830326080322266e-02,6.443101167678833008e-02,-2.914095669984817505e-02
1.352345943450927734e-02,6.413900852203369141e-02,-2.950389683246612549e-02
1.361882686614990234e-02,6.388741731643676758e-02,-2.981580048799514771e-02
1.368761062622070312e-02,6.368064880371093750e-02,-3.005951642990112305e-02
1.377105712890625000e-02,6.348705291748046875e-02,-3.026529401540756226e-02
1.389324665069580078e-02,6.335312128067016602e-02,-3.047346323728561401e-02
1.401853561401367188e-02,6.325972080230712891e-02,-3.061140328645706177e-02
1.411962509155273438e-02,6.317538022994995117e-02,-3.078868240118026733e-02
1.421797275543212891e-02,6.309878826141357422e-02,-3.097144514322280884e-02
1.435160636901855469e-02,6.302934885025024414e-02,-3.122174739837646484e-02
1.450884342193603516e-02,6.293636560440063477e-02,-3.155513107776641846e-02
1.470434665679931641e-02,6.288582086563110352e-02,-3.183136880397796631e-02
1.483702659606933594e-02,6.284499168395996094e-02,-3.203668445348739624e-02
1.495611667633056641e-02,6.281846761703491211e-02,-3.224184364080429077e-02
1.505768299102783203e-02,6.279718875885009766e-02,-3.243363648653030396e-02
1.512885093688964844e-02,6.279098987579345703e-02,-3.259997814893722534e-02
1.516628265380859375e-02,6.278091669082641602e-02,-3.273146599531173706e-02
1.523089408874511719e-02,6.279075145721435547e-02,-3.288908302783966064e-02
1.525044441223144531e-02,6.280750036239624023e-02,-3.303549438714981079e-02
1.529943943023681641e-02,6.283670663833618164e-02,-3.317382931709289551e-02
1.531779766082763672e-02,6.284016370773315430e-02,-3.327777981758117676e-02
1.533079147338867188e-02,6.282520294189453125e-02,-3.339610993862152100e-02
1.531279087066650391e-02,6.283849477767944336e-02,-3.351760655641555786e-02
1.528978347778320312e-02,6.282448768615722656e-02,-3.362435102462768555e-02
1.524221897125244141e-02,6.280952692031860352e-02,-3.371762484312057495e-02
1.520299911499023438e-02,6.276887655258178711e-02,-3.377361595630645752e-02
1.513445377349853516e-02,6.266903877258300781e-02,-3.369339555501937866e-02
1.507806777954101562e-02,6.255006790161132812e-02,-3.364473581314086914e-02
1.506507396697998047e-02,6.242418289184570312e-02,-3.359880298376083374e-02
1.501262187957763672e-02,6.228268146514892578e-02,-3.353103250265121460e-02
1.491725444793701172e-02,6.214958429336547852e-02,-3.345749527215957642e-02
1.477813720703125000e-02,6.202620267868041992e-02,-3.336135298013687134e-02
1.470172405242919922e-02,6.196910142898559570e-02,-3.321816772222518921e-02
1.463699340820312500e-02,6.191951036453247070e-02,-3.312882781028747559e-02
1.457214355468750000e-02,6.182479858398437500e-02,-3.303890675306320190e-02
1.457417011260986328e-02,6.173408031463623047e-02,-3.297272324562072754e-02
1.457035541534423828e-02,6.160360574722290039e-02,-3.293649852275848389e-02
1.457118988037109375e-02,6.152278184890747070e-02,-3.290275484323501587e-02
1.455438137054443359e-02,6.147736310958862305e-02,-3.282874077558517456e-02
1.454198360443115234e-02,6.141680479049682617e-02,-3.275450319051742554e-02
1.452112197875976562e-02,6.138497591018676758e-02,-3.261491656303405762e-02
1.444101333618164062e-02,6.136214733123779297e-02,-3.253808617591857910e-02
1.437902450561523438e-02,6.135308742523193359e-02,-3.239788115024566650e-02
1.433539390563964844e-02,6.131190061569213867e-02,-3.233784437179565430e-02
1.436793804168701172e-02,6.128823757171630859e-02,-3.230322152376174927e-02
1.441657543182373047e-02,6.124967336654663086e-02,-3.229110687971115112e-02
1.451945304870605469e-02,6.118464469909667969e-02,-3.235905617475509644e-02
1.465141773223876953e-02,6.114751100540161133e-02,-3.238722681999206543e-02
1.476645469665527344e-02,6.110012531280517578e-02,-3.245049715042114258e-02
1.494705677032470703e-02,6.100600957870483398e-02,-3.255668282508850098e-02
1.515364646911621094e-02,6.091427803039550781e-02,-3.262073546648025513e-02
1.537644863128662109e-02,6.078308820724487305e-02,-3.275606781244277954e-02
1.561892032623291016e-02,6.063145399093627930e-02,-3.290984034538269043e-02
1.588857173919677734e-02,6.060689687728881836e-02,-3.299268335103988647e-02
1.622390747070312500e-02,6.058955192565917969e-02,-3.310894221067428589e-02
1.651859283447265625e-02,6.055265665054321289e-02,-3.324873000383377075e-02
1.677203178405761719e-02,6.052350997924804688e-02,-3.334733098745346069e-02
1.705527305603027344e-02,6.049585342407226562e-02,-3.339377790689468384e-02
1.726377010345458984e-02,6.058835983276367188e-02,-3.342399001121520996e-02
1.752066612243652344e-02,6.062316894531250000e-02,-3.348035365343093872e-02
1.772844791412353516e-02,6.061989068984985352e-02,-3.348076343536376953e-02
1.791894435882568359e-02,6.060886383056640625e-02,-3.345336019992828369e-02
1.808822154998779297e-02,6.057024002075195312e-02,-3.344542533159255981e-02
1.826262474060058594e-02,6.059736013412475586e-02,-3.347424417734146118e-02
1.847922801971435547e-02,6.061375141143798828e-02,-3.350242227315902710e-02
1.866436004638671875e-02,6.061929464340209961e-02,-3.354765474796295166e-02
1.885688304901123047e-02,6.060129404067993164e-02,-3.358203172683715820e-02
1.903319358825683594e-02,6.057029962539672852e-02,-3.360006213188171387e-02
1.921510696411132812e-02,6.054806709289550781e-02,-3.364636749029159546e-02
1.939761638641357422e-02,6.052750349044799805e-02,-3.362737596035003662e-02
1.953256130218505859e-02,6.049996614456176758e-02,-3.358475118875503540e-02
1.967823505401611328e-02,6.046605110168457031e-02,-3.357711434364318848e-02
1.998996734619140625e-02,6.052577495574951172e-02,-3.368072956800460815e-02
2.028739452362060547e-02,6.058591604232788086e-02,-3.377469629049301147e-02
2.051627635955810547e-02,6.060218811035156250e-02,-3.385671973228454590e-02
2.069306373596191406e-02,6.060552597045898438e-02,-3.391276299953460693e-02
2.090907096862792969e-02,6.055891513824462891e-02,-3.400858491659164429e-02
2.113854885101318359e-02,6.048613786697387695e-02,-3.413507342338562012e-02
2.136564254760742188e-02,6.039065122604370117e-02,-3.430417925119400024e-02
2.161765098571777344e-02,6.041890382766723633e-02,-3.445690870285034180e-02
2.181088924407958984e-02,6.040310859680175781e-02,-3.458005189895629883e-02
2.197146415710449219e-02,6.038033962249755859e-02,-3.469970822334289551e-02
2.211391925811767578e-02,6.033539772033691406e-02,-3.485750406980514526e-02
2.227878570556640625e-02,6.030261516571044922e-02,-3.500513732433319092e-02
2.243173122406005859e-02,6.027400493621826172e-02,-3.513976931571960449e-02
2.256572246551513672e-02,6.025111675262451172e-02,-3.530969470739364624e-02
2.271211147308349609e-02,6.021273136138916016e-02,-3.544976562261581421e-02
2.282106876373291016e-02,6.013947725296020508e-02,-3.555540740489959717e-02
2.294230461120605469e-02,6.003731489181518555e-02,-3.567394614219665527e-02
2.308881282806396484e-02,5.995094776153564453e-02,-3.583467006683349609e-02
2.323305606842041016e-02,5.987685918807983398e-02,-3.603582829236984253e-02
2.337467670440673828e-02,5.984902381896972656e-02,-3.621274977922439575e-02
2.352786064147949219e-02,5.984073877334594727e-02,-3.634550422430038452e-02
2.368044853210449219e-02,5.981576442718505859e-02,-3.649451583623886108e-02
2.377784252166748047e-02,5.976575613021850586e-02,-3.665585815906524658e-02
2.392196655273437500e-02,5.972671508789062500e-02,-3.683664649724960327e-02
2.406644821166992188e-02,5.969125032424926758e-02,-3.698620945215225220e-02
2.421617507934570312e-02,5.966293811798095703e-02,-3.706654906272888184e-02
2.437615394592285156e-02,5.965936183929443359e-02,-3.713361918926239014e-02
2.453088760375976562e-02,5.962628126144409180e-02,-3.722149878740310669e-02
2.468383312225341797e-02,5.960148572921752930e-02,-3.732363879680633545e-02
2.478742599487304688e-02,5.957132577896118164e-02,-3.743080049753189087e-02
2.483236789703369141e-02,5.951815843582153320e-02,-3.753987699747085571e-02
2.491796016693115234e-02,5.946975946426391602e-02,-3.762296587228775024e-02
2.502810955047607422e-02,5.942499637603759766e-02,-3.776073455810546875e-02
2.509772777557373047e-02,5.925500392913818359e-02,-3.796043246984481812e-02
2.517843246459960938e-02,5.916845798492431641e-02,-3.813461959362030029e-02
2.526700496673583984e-02,5.909323692321777344e-02,-3.829567134380340576e-02
2.531945705413818359e-02,5.913156270980834961e-02,-3.838342428207397461e-02
2.537107467651367188e-02,5.919593572616577148e-02,-3.840281814336776733e-02
2.541661262512207031e-02,5.924272537231445312e-02,-3.840365260839462280e-02
2.546274662017822266e-02,5.928313732147216797e-02,-3.840014338493347168e-02
2.551639080047607422e-02,5.934590101242065430e-02,-3.827565908432006836e-02
2.558481693267822266e-02,5.939048528671264648e-02,-3.814910352230072021e-02
2.549254894256591797e-02,5.936151742935180664e-02,-3.791274130344390869e-02
2.535414695739746094e-02,5.935204029083251953e-02,-3.765009343624114990e-02
2.520430088043212891e-02,5.934357643127441406e-02,-3.742826730012893677e-02
2.508771419525146484e-02,5.930286645889282227e-02,-3.726399689912796021e-02
2.498805522918701172e-02,5.928289890289306641e-02,-3.709129989147186279e-02
2.500653266906738281e-02,5.924177169799804688e-02,-3.695791214704513550e-02
2.502524852752685547e-02,5.920952558517456055e-02,-3.680860251188278198e-02
2.506244182586669922e-02,5.915033817291259766e-02,-3.669313341379165649e-02
2.508568763732910156e-02,5.905550718307495117e-02,-3.659340739250183105e-02
2.513062953948974609e-02,5.895745754241943359e-02,-3.652189671993255615e-02
2.521216869354248047e-02,5.888122320175170898e-02,-3.650075197219848633e-02
2.528691291809082031e-02,5.882829427719116211e-02,-3.645329177379608154e-02
2.539348602294921875e-02,5.879157781600952148e-02,-3.637579083442687988e-02
2.550947666168212891e-02,5.874425172805786133e-02,-3.629923611879348755e-02
2.557957172393798828e-02,5.870240926742553711e-02,-3.621316701173782349e-02
2.565836906433105469e-02,5.868291854858398438e-02,-3.615779429674148560e-02
2.573621273040771484e-02,5.866086483001708984e-02,-3.615682572126388550e-02
2.588176727294921875e-02,5.861979722976684570e-02,-3.620114177465438843e-02
2.598440647125244141e-02,5.854880809783935547e-02,-3.621580451726913452e-02
2.649033069610595703e-02,5.850303173065185547e-02,-3.626795858144760132e-02
2.697169780731201172e-02,5.846422910690307617e-02,-3.632281720638275146e-02
2.737450599670410156e-02,5.838513374328613281e-02,-3.634522110223770142e-02
2.775347232818603516e-02,5.832988023757934570e-02,-3.644245862960815430e-02
2.810943126678466797e-02,5.828273296356201172e-02,-3.649804741144180298e-02
2.840113639831542969e-02,5.831307172775268555e-02,-3.660468012094497681e-02
2.865076065063476562e-02,5.834227800369262695e-02,-3.666869550943374634e-02
2.885651588439941406e-02,5.837047100067138672e-02,-3.673020750284194946e-02
2.905857563018798828e-02,5.843985080718994141e-02,-3.680442273616790771e-02
2.929532527923583984e-02,5.850046873092651367e-02,-3.687684983015060425e-02
2.948880195617675781e-02,5.857205390930175781e-02,-3.691606968641281128e-02
2.968788146972656250e-02,5.868488550186157227e-02,-3.695627301931381226e-02
2.988469600677490234e-02,5.878520011901855469e-02,-3.698930889368057251e-02
3.009629249572753906e-02,5.887275934219360352e-02,-3.699619323015213013e-02
3.029048442840576172e-02,5.896329879760742188e-02,-3.698789328336715698e-02
3.035390377044677734e-02,5.910462141036987305e-02,-3.684744238853454590e-02
3.046393394470214844e-02,5.923199653625488281e-02,-3.670613467693328857e-02
3.054821491241455078e-02,5.932188034057617188e-02,-3.663113713264465332e-02
3.058493137359619141e-02,5.936610698699951172e-02,-3.664336353540420532e-02
3.063011169433593750e-02,5.934262275695800781e-02,-3.667183220386505127e-02
3.060400485992431641e-02,5.923789739608764648e-02,-3.666736185550689697e-02
3.057086467742919922e-02,5.917477607727050781e-02,-3.665144741535186768e-02
3.054118156433105469e-02,5.908244848251342773e-02,-3.661978989839553833e-02
3.052604198455810547e-02,5.898809432983398438e-02,-3.658665716648101807e-02
3.049004077911376953e-02,5.888217687606811523e-02,-3.627882897853851318e-02
3.045547008514404297e-02,5.875903367996215820e-02,-3.606288135051727295e-02
3.040206432342529297e-02,5.862599611282348633e-02,-3.584771603345870972e-02
3.023052215576171875e-02,5.839014053344726562e-02,-3.566109389066696167e-02
3.009521961212158203e-02,5.818116664886474609e-02,-3.550512343645095825e-02
2.996969223022460938e-02,5.799007415771484375e-02,-3.534938395023345947e-02
2.988505363464355469e-02,5.784988403320312500e-02,-3.519249707460403442e-02
2.985310554504394531e-02,5.773270130157470703e-02,-3.508538007736206055e-02
2.987360954284667969e-02,5.762064456939697266e-02,-3.496059030294418335e-02
2.987802028656005859e-02,5.752104520797729492e-02,-3.485555946826934814e-02
2.998888492584228516e-02,5.735009908676147461e-02,-3.458256274461746216e-02
3.013348579406738281e-02,5.718386173248291016e-02,-3.437280654907226562e-02
3.026783466339111328e-02,5.700647830963134766e-02,-3.416339308023452759e-02
3.029775619506835938e-02,5.695641040802001953e-02,-3.382292389869689941e-02
3.038597106933593750e-02,5.695348978042602539e-02,-3.352865576744079590e-02
3.044593334197998047e-02,5.695223808288574219e-02,-3.332284837961196899e-02
3.050768375396728516e-02,5.694264173507690430e-02,-3.309562802314758301e-02
3.053987026214599609e-02,5.663132667541503906e-02,-3.289703279733657837e-02
3.077495098114013672e-02,5.634737014770507812e-02,-3.273998200893402100e-02
3.100645542144775391e-02,5.614578723907470703e-02,-3.234732896089553833e-02
3.122258186340332031e-02,5.595189332962036133e-02,-3.202579915523529053e-02
3.140234947204589844e-02,5.575942993164062500e-02,-3.175013512372970581e-02
3.153729438781738281e-02,5.558955669403076172e-02,-3.147280216217041016e-02
3.165841102600097656e-02,5.542671680450439453e-02,-3.122503310441970825e-02
3.176081180572509766e-02,5.527502298355102539e-02,-3.099037706851959229e-02
3.182291984558105469e-02,5.511665344238281250e-02,-3.073923289775848389e-02
3.184330463409423828e-02,5.497395992279052734e-02,-3.048947453498840332e-02
3.184413909912109375e-02,5.473542213439941406e-02,-3.024665266275405884e-02
3.182065486907958984e-02,5.440145730972290039e-02,-2.996478229761123657e-02
3.178691864013671875e-02,5.411654710769653320e-02,-2.961559593677520752e-02
3.176844120025634766e-02,5.388730764389038086e-02,-2.927350997924804688e-02
3.182804584503173828e-02,5.368196964263916016e-02,-2.896161377429962158e-02
3.189408779144287109e-02,5.350750684738159180e-02,-2.864287793636322021e-02
3.193116188049316406e-02,5.330151319503784180e-02,-2.836377918720245361e-02
3.196632862091064453e-02,5.311387777328491211e-02,-2.814587205648422241e-02
3.198337554931640625e-02,5.293685197830200195e-02,-2.791720628738403320e-02
3.194916248321533203e-02,5.272370576858520508e-02,-2.773920446634292603e-02
3.194582462310791016e-02,5.250400304794311523e-02,-2.761155366897583008e-02
3.194618225097656250e-02,5.233013629913330078e-02,-2.747476845979690552e-02
3.193879127502441406e-02,5.217748880386352539e-02,-2.737057954072952271e-02
3.184497356414794922e-02,5.202358961105346680e-02,-2.717721462249755859e-02
3.173375129699707031e-02,5.190122127532958984e-02,-2.698472142219543457e-02
3.164982795715332031e-02,5.181187391281127930e-02,-2.678665518760681152e-02
3.157055377960205078e-02,5.190277099609375000e-02,-2.657584846019744873e-02
3.148460388183593750e-02,5.197721719741821289e-02,-2.641694992780685425e-02
3.144443035125732422e-02,5.203121900558471680e-02,-2.626138925552368164e-02
3.140532970428466797e-02,5.207556486129760742e-02,-2.613411843776702881e-02
3.138482570648193359e-02,5.212646722793579102e-02,-2.603373676538467407e-02
3.141331672668457031e-02,5.214047431945800781e-02,-2.598296850919723511e-02
3.144192695617675781e-02,5.214780569076538086e-02,-2.593255788087844849e-02
3.148949146270751953e-02,5.217421054840087891e-02,-2.590901404619216919e-02
3.155338764190673828e-02,5.220234394073486328e-02,-2.591150999069213867e-02
3.159260749816894531e-02,5.223184823989868164e-02,-2.585782855749130249e-02
3.163051605224609375e-02,5.222630500793457031e-02,-2.583061158657073975e-02
3.167665004730224609e-02,5.221003293991088867e-02,-2.583288401365280151e-02
3.171920776367187500e-02,5.219578742980957031e-02,-2.581104636192321777e-02
3.184390068054199219e-02,5.218738317489624023e-02,-2.582067251205444336e-02
3.199064731597900391e-02,5.221837759017944336e-02,-2.584452927112579346e-02
3.216409683227539062e-02,5.226081609725952148e-02,-2.583197504281997681e-02
3.230667114257812500e-02,5.227988958358764648e-02,-2.579110115766525269e-02
3.245317935943603516e-02,5.232614278793334961e-02,-2.577003091573715210e-02
3.255426883697509766e-02,5.239880084991455078e-02,-2.572993934154510498e-02
3.264796733856201172e-02,5.242979526519775391e-02,-2.575014531612396240e-02
3.274178504943847656e-02,5.244857072830200195e-02,-2.578471601009368896e-02
3.293097019195556641e-02,5.246746540069580078e-02,-2.588602155447006226e-02
3.308343887329101562e-02,5.246502161026000977e-02,-2.594498544931411743e-02
3.320360183715820312e-02,5.244433879852294922e-02,-2.596614509820938110e-02
3.328347206115722656e-02,5.241888761520385742e-02,-2.597980946302413940e-02
3.331625461578369141e-02,5.233430862426757812e-02,-2.601151168346405029e-02
3.327941894531250000e-02,5.220866203308105469e-02,-2.603211253881454468e-02
3.319633007049560547e-02,5.211567878723144531e-02,-2.597022056579589844e-02
3.312599658966064453e-02,5.203455686569213867e-02,-2.588038891553878784e-02
3.299522399902343750e-02,5.192089080810546875e-02,-2.574659138917922974e-02
3.287220001220703125e-02,5.178976058959960938e-02,-2.560990303754806519e-02
3.271102905273437500e-02,5.163830518722534180e-02,-2.547703683376312256e-02
3.258645534515380859e-02,5.143994092941284180e-02,-2.539747953414916992e-02
3.248238563537597656e-02,5.127519369125366211e-02,-2.531237900257110596e-02
3.243541717529296875e-02,5.123221874237060547e-02,-2.521409094333648682e-02
3.237545490264892578e-02,5.116295814514160156e-02,-2.509234100580215454e-02
3.230428695678710938e-02,5.108815431594848633e-02,-2.499983459711074829e-02
3.233110904693603516e-02,5.102944374084472656e-02,-2.502391487360000610e-02
3.233647346496582031e-02,5.094897747039794922e-02,-2.509947121143341064e-02
3.236258029937744141e-02,5.083960294723510742e-02,-2.512303739786148071e-02
3.240227699279785156e-02,5.069148540496826172e-02,-2.521214634180068970e-02
3.243315219879150391e-02,5.053341388702392578e-02,-2.528187632560729980e-02
3.250658512115478516e-02,5.039256811141967773e-02,-2.538031339645385742e-02
3.258597850799560547e-02,5.025762319564819336e-02,-2.547338604927062988e-02
3.261375427246093750e-02,5.014300346374511719e-02,-2.542822808027267456e-02
3.250002861022949219e-02,5.000060796737670898e-02,-2.523698657751083374e-02
3.239476680755615234e-02,4.983526468276977539e-02,-2.504184842109680176e-02
3.228783607482910156e-02,4.968577623367309570e-02,-2.499869465827941895e-02
3.229677677154541016e-02,4.951918125152587891e-02,-2.496322244405746460e-02
3.228318691253662109e-02,4.933536052703857422e-02,-2.491292357444763184e-02
3.228461742401123047e-02,4.914307594299316406e-02,-2.488647401332855225e-02
3.223657608032226562e-02,4.893177747726440430e-02,-2.487201988697052002e-02
3.219008445739746094e-02,4.859489202499389648e-02,-2.484182268381118774e-02
3.215551376342773438e-02,4.825717210769653320e-02,-2.485508471727371216e-02
3.209674358367919922e-02,4.789811372756958008e-02,-2.492257207632064819e-02
3.207170963287353516e-02,4.755312204360961914e-02,-2.498774975538253784e-02
3.206419944763183594e-02,4.728651046752929688e-02,-2.499857544898986816e-02
3.205847740173339844e-02,4.713958501815795898e-02,-2.503053098917007446e-02
3.201448917388916016e-02,4.700219631195068359e-02,-2.505704760551452637e-02
3.194940090179443359e-02,4.684919118881225586e-02,-2.506110817193984985e-02
3.189361095428466797e-02,4.671770334243774414e-02,-2.501872926950454712e-02
3.180074691772460938e-02,4.657864570617675781e-02,-2.495266497135162354e-02
3.169488906860351562e-02,4.646754264831542969e-02,-2.489601075649261475e-02
3.158736228942871094e-02,4.634684324264526367e-02,-2.484697103500366211e-02
3.148281574249267578e-02,4.620361328125000000e-02,-2.485273033380508423e-02
3.136932849884033203e-02,4.605495929718017578e-02,-2.486117929220199585e-02
3.126955032348632812e-02,4.588675498962402344e-02,-2.490484714508056641e-02
3.137934207916259766e-02,4.581582546234130859e-02,-2.472084760665893555e-02
3.146588802337646484e-02,4.565674066543579102e-02,-2.447444200515747070e-02
3.152740001678466797e-02,4.551130533218383789e-02,-2.425698190927505493e-02
3.154468536376953125e-02,4.530382156372070312e-02,-2.403745800256729126e-02
3.151869773864746094e-02,4.508441686630249023e-02,-2.384547889232635498e-02
3.180432319641113281e-02,4.482078552246093750e-02,-2.370505779981613159e-02
3.204834461212158203e-02,4.454630613327026367e-02,-2.362706512212753296e-02
3.225839138031005859e-02,4.427528381347656250e-02,-2.358346432447433472e-02
3.243303298950195312e-02,4.401612281799316406e-02,-2.359253913164138794e-02
3.253197669982910156e-02,4.376703500747680664e-02,-2.364923804998397827e-02
3.261363506317138672e-02,4.356282949447631836e-02,-2.370438724756240845e-02
3.266251087188720703e-02,4.337853193283081055e-02,-2.377521991729736328e-02
3.269362449645996094e-02,4.320698976516723633e-02,-2.382899820804595947e-02
3.271281719207763672e-02,4.305106401443481445e-02,-2.389865368604660034e-02
3.267335891723632812e-02,4.286044836044311523e-02,-2.398303896188735962e-02
3.263413906097412109e-02,4.265558719635009766e-02,-2.405545115470886230e-02
3.257989883422851562e-02,4.244077205657958984e-02,-2.412500232458114624e-02
3.253042697906494141e-02,4.221296310424804688e-02,-2.422483265399932861e-02
3.249585628509521484e-02,4.201424121856689453e-02,-2.428606897592544556e-02
3.250241279602050781e-02,4.183256626129150391e-02,-2.434711903333663940e-02
3.252208232879638672e-02,4.165399074554443359e-02,-2.438153326511383057e-02
3.251457214355468750e-02,4.143631458282470703e-02,-2.442442625761032104e-02
3.247082233428955078e-02,4.122841358184814453e-02,-2.445842325687408447e-02
3.244090080261230469e-02,4.104977846145629883e-02,-2.444504946470260620e-02
3.240358829498291016e-02,4.089772701263427734e-02,-2.445729076862335205e-02
3.231751918792724609e-02,4.074466228485107422e-02,-2.444843947887420654e-02
3.224086761474609375e-02,4.059523344039916992e-02,-2.440636605024337769e-02
3.215003013610839844e-02,4.042452573776245117e-02,-2.437400817871093750e-02
3.205358982086181641e-02,4.024034738540649414e-02,-2.437959611415863037e-02
3.198325634002685547e-02,4.006344079971313477e-02,-2.438651025295257568e-02
3.189277648925781250e-02,3.988331556320190430e-02,-2.440538257360458374e-02
3.180670738220214844e-02,3.971701860427856445e-02,-2.443070709705352783e-02
3.171646595001220703e-02,3.954815864562988281e-02,-2.444892376661300659e-02
3.163003921508789062e-02,3.940528631210327148e-02,-2.451140433549880981e-02
3.160715103149414062e-02,3.931218385696411133e-02,-2.458725124597549438e-02
3.156018257141113281e-02,3.923755884170532227e-02,-2.464582771062850952e-02
3.150093555450439453e-02,3.914797306060791016e-02,-2.466659247875213623e-02
3.144896030426025391e-02,3.900241851806640625e-02,-2.471923083066940308e-02
3.137242794036865234e-02,3.885000944137573242e-02,-2.477324008941650391e-02
3.128731250762939453e-02,3.869247436523437500e-02,-2.481163293123245239e-02
3.119742870330810547e-02,3.855127096176147461e-02,-2.486373484134674072e-02
3.109598159790039062e-02,3.845095634460449219e-02,-2.490691095590591431e-02
3.099572658538818359e-02,3.834033012390136719e-02,-2.494859695434570312e-02
3.087198734283447266e-02,3.822833299636840820e-02,-2.500386536121368408e-02
3.075850009918212891e-02,3.811860084533691406e-02,-2.507591247558593750e-02
3.075826168060302734e-02,3.802394866943359375e-02,-2.514574676752090454e-02
3.078413009643554688e-02,3.794902563095092773e-02,-2.519347518682479858e-02
3.080177307128906250e-02,3.787130117416381836e-02,-2.522443979978561401e-02
3.079223632812500000e-02,3.778636455535888672e-02,-2.525323629379272461e-02
3.077673912048339844e-02,3.770190477371215820e-02,-2.527883648872375488e-02
3.074550628662109375e-02,3.761512041091918945e-02,-2.526051551103591919e-02
3.071498870849609375e-02,3.754705190658569336e-02,-2.524617314338684082e-02
3.066086769104003906e-02,3.749853372573852539e-02,-2.517757564783096313e-02
3.061234951019287109e-02,3.738695383071899414e-02,-2.520501613616943359e-02
3.059387207031250000e-02,3.731453418731689453e-02,-2.520360797643661499e-02
3.059422969818115234e-02,3.724944591522216797e-02,-2.518474310636520386e-02
3.057849407196044922e-02,3.718048334121704102e-02,-2.514597773551940918e-02
3.054440021514892578e-02,3.711026906967163086e-02,-2.512883394956588745e-02
3.053331375122070312e-02,3.705620765686035156e-02,-2.510867267847061157e-02
3.053057193756103516e-02,3.697776794433593750e-02,-2.507177740335464478e-02
3.053927421569824219e-02,3.689277172088623047e-02,-2.504214644432067871e-02
3.052866458892822266e-02,3.682738542556762695e-02,-2.500340342521667480e-02
3.053081035614013672e-02,3.675049543380737305e-02,-2.496662735939025879e-02
3.051853179931640625e-02,3.668552637100219727e-02,-2.490288764238357544e-02
3.047394752502441406e-02,3.662055730819702148e-02,-2.483779191970825195e-02
3.044438362121582031e-02,3.660011291503906250e-02,-2.482860535383224487e-02
3.043186664581298828e-02,3.658217191696166992e-02,-2.480224519968032837e-02
3.042352199554443359e-02,3.658163547515869141e-02,-2.478442341089248657e-02
3.039193153381347656e-02,3.657859563827514648e-02,-2.472259849309921265e-02
3.036534786224365234e-02,3.658390045166015625e-02,-2.465654164552688599e-02
3.034937381744384766e-02,3.662097454071044922e-02,-2.458367496728897095e-02
3.033006191253662109e-02,3.670483827590942383e-02,-2.450852096080780029e-02
3.031659126281738281e-02,3.676778078079223633e-02,-2.444766461849212646e-02
3.030610084533691406e-02,3.681576251983642578e-02,-2.438754588365554810e-02
3.032946586608886719e-02,3.688025474548339844e-02,-2.429448068141937256e-02
3.033268451690673828e-02,3.694838285446166992e-02,-2.419932931661605835e-02
3.032958507537841797e-02,3.700143098831176758e-02,-2.411887049674987793e-02
3.034567832946777344e-02,3.704816102981567383e-02,-2.408380806446075439e-02
3.034627437591552734e-02,3.706473112106323242e-02,-2.405591309070587158e-02
3.034901618957519531e-02,3.706932067871093750e-02,-2.404966205358505249e-02
3.031039237976074219e-02,3.705990314483642578e-02,-2.404733002185821533e-02
3.025174140930175781e-02,3.704345226287841797e-02,-2.407517284154891968e-02
3.020560741424560547e-02,3.701710700988769531e-02,-2.415204048156738281e-02
3.016293048858642578e-02,3.700411319732666016e-02,-2.420293539762496948e-02
3.010773658752441406e-02,3.697931766510009766e-02,-2.426704764366149902e-02
3.005433082580566406e-02,3.695911169052124023e-02,-2.430257946252822876e-02
2.998471260070800781e-02,3.690403699874877930e-02,-2.440560609102249146e-02
2.991449832916259766e-02,3.685516119003295898e-02,-2.454006671905517578e-02
2.985966205596923828e-02,3.681635856628417969e-02,-2.459666877985000610e-02
2.980411052703857422e-02,3.677421808242797852e-02,-2.463231980800628662e-02
2.974724769592285156e-02,3.674268722534179688e-02,-2.466347068548202515e-02
2.969694137573242188e-02,3.671711683273315430e-02,-2.466392517089843750e-02
2.966535091400146484e-02,3.669548034667968750e-02,-2.469833195209503174e-02
2.962505817413330078e-02,3.667867183685302734e-02,-2.469717711210250854e-02
2.962732315063476562e-02,3.669023513793945312e-02,-2.470722049474716187e-02
2.962791919708251953e-02,3.667593002319335938e-02,-2.472261339426040649e-02
2.959036827087402344e-02,3.662425279617309570e-02,-2.474493533372879028e-02
2.957069873809814453e-02,3.657072782516479492e-02,-2.477177977561950684e-02
2.952396869659423828e-02,3.651756048202514648e-02,-2.474851161241531372e-02
2.947068214416503906e-02,3.645038604736328125e-02,-2.473841607570648193e-02
2.940142154693603516e-02,3.637582063674926758e-02,-2.474156767129898071e-02
2.932095527648925781e-02,3.630107641220092773e-02,-2.472780644893646240e-02
2.925431728363037109e-02,3.622508049011230469e-02,-2.474205940961837769e-02
2.918601036071777344e-02,3.613197803497314453e-02,-2.475401759147644043e-02
2.911913394927978516e-02,3.602069616317749023e-02,-2.477745711803436279e-02
2.904772758483886719e-02,3.592473268508911133e-02,-2.484542131423950195e-02
2.896678447723388672e-02,3.582000732421875000e-02,-2.492843568325042725e-02
2.888011932373046875e-02,3.570908308029174805e-02,-2.503439038991928101e-02
2.876758575439453125e-02,3.559607267379760742e-02,-2.514353394508361816e-02
2.862167358398437500e-02,3.549772500991821289e-02,-2.520433068275451660e-02
2.849161624908447266e-02,3.540682792663574219e-02,-2.524738758802413940e-02
2.838933467864990234e-02,3.533965349197387695e-02,-2.530197054147720337e-02
2.830016613006591797e-02,3.527975082397460938e-02,-2.537170052528381348e-02
2.820098400115966797e-02,3.525382280349731445e-02,-2.539851516485214233e-02
2.811920642852783203e-02,3.520399332046508789e-02,-2.541548013687133789e-02
2.806484699249267578e-02,3.514146804809570312e-02,-2.543459832668304443e-02
2.804732322692871094e-02,3.508377075195312500e-02,-2.549927681684494019e-02
2.800714969635009766e-02,3.503811359405517578e-02,-2.558612078428268433e-02
2.794396877288818359e-02,3.498923778533935547e-02,-2.565889805555343628e-02
2.786624431610107422e-02,3.492724895477294922e-02,-2.572055906057357788e-02
2.775645256042480469e-02,3.485184907913208008e-02,-2.576981484889984131e-02
2.765214443206787109e-02,3.476953506469726562e-02,-2.579990029335021973e-02
2.754878997802734375e-02,3.468137979507446289e-02,-2.586626261472702026e-02
2.748620510101318359e-02,3.462314605712890625e-02,-2.591038495302200317e-02
2.731919288635253906e-02,3.457415103912353516e-02,-2.591092139482498169e-02
2.716445922851562500e-02,3.454113006591796875e-02,-2.589543163776397705e-02
2.698016166687011719e-02,3.449910879135131836e-02,-2.585919946432113647e-02
2.683281898498535156e-02,3.446072340011596680e-02,-2.582724392414093018e-02
2.667772769927978516e-02,3.442764282226562500e-02,-2.580685913562774658e-02
2.652919292449951172e-02,3.440231084823608398e-02,-2.580678462982177734e-02
2.638220787048339844e-02,3.438085317611694336e-02,-2.584365010261535645e-02
2.620911598205566406e-02,3.437262773513793945e-02,-2.586256712675094604e-02
2.603805065155029297e-02,3.433835506439208984e-02,-2.591817080974578857e-02
2.589142322540283203e-02,3.427320718765258789e-02,-2.599913626909255981e-02
2.560532093048095703e-02,3.415805101394653320e-02,-2.602843940258026123e-02
2.533745765686035156e-02,3.397530317306518555e-02,-2.607562392950057983e-02
2.506530284881591797e-02,3.376525640487670898e-02,-2.610888332128524780e-02
2.479779720306396484e-02,3.356617689132690430e-02,-2.613802254199981689e-02
2.457666397094726562e-02,3.337746858596801758e-02,-2.618595212697982788e-02
2.435481548309326172e-02,3.318494558334350586e-02,-2.621719241142272949e-02
2.415752410888671875e-02,3.299987316131591797e-02,-2.624221891164779663e-02
2.395689487457275391e-02,3.283709287643432617e-02,-2.627123892307281494e-02
2.377808094024658203e-02,3.270286321640014648e-02,-2.626948058605194092e-02
2.358233928680419922e-02,3.258508443832397461e-02,-2.620846033096313477e-02
2.339851856231689453e-02,3.245824575424194336e-02,-2.617575973272323608e-02
2.322149276733398438e-02,3.232336044311523438e-02,-2.617519348859786987e-02
2.304375171661376953e-02,3.217935562133789062e-02,-2.616958320140838623e-02
2.290582656860351562e-02,3.203105926513671875e-02,-2.616013586521148682e-02
2.275657653808593750e-02,3.191184997558593750e-02,-2.614354342222213745e-02
2.259135246276855469e-02,3.178411722183227539e-02,-2.611203491687774658e-02
2.239549160003662109e-02,3.165870904922485352e-02,-2.606221288442611694e-02
2.223169803619384766e-02,3.152549266815185547e-02,-2.604486793279647827e-02
2.210557460784912109e-02,3.139376640319824219e-02,-2.601819485425949097e-02
2.195882797241210938e-02,3.125751018524169922e-02,-2.606330811977386475e-02
2.186036109924316406e-02,3.115510940551757812e-02,-2.607744187116622925e-02
2.177560329437255859e-02,3.107106685638427734e-02,-2.607429027557373047e-02
2.168464660644531250e-02,3.098857402801513672e-02,-2.602502703666687012e-02
2.156233787536621094e-02,3.090274333953857422e-02,-2.594896405935287476e-02
2.140986919403076172e-02,3.081738948822021484e-02,-2.585065364837646484e-02
2.124691009521484375e-02,3.073793649673461914e-02,-2.572605758905410767e-02
2.109193801879882812e-02,3.065890073776245117e-02,-2.560029178857803345e-02
2.094662189483642578e-02,3.055709600448608398e-02,-2.548046410083770752e-02
2.081048488616943359e-02,3.045731782913208008e-02,-2.538878470659255981e-02
2.070796489715576172e-02,3.038012981414794922e-02,-2.526601403951644897e-02
2.055919170379638672e-02,3.024995326995849609e-02,-2.516052871942520142e-02
2.044439315795898438e-02,3.012537956237792969e-02,-2.508331090211868286e-02
2.034866809844970703e-02,2.999967336654663086e-02,-2.500003576278686523e-02
2.031743526458740234e-02,2.986592054367065430e-02,-2.493144571781158447e-02
2.032172679901123047e-02,2.977949380874633789e-02,-2.487634867429733276e-02
2.030479907989501953e-02,2.967548370361328125e-02,-2.483040094375610352e-02
2.027833461761474609e-02,2.955526113510131836e-02,-2.480278909206390381e-02
2.025663852691650391e-02,2.942651510238647461e-02,-2.479675412178039551e-02
2.023589611053466797e-02,2.929961681365966797e-02,-2.479181438684463501e-02
2.021229267120361328e-02,2.916228771209716797e-02,-2.479278296232223511e-02
2.014362812042236328e-02,2.900081872940063477e-02,-2.476908266544342041e-02
2.006375789642333984e-02,2.882111072540283203e-02,-2.470333874225616455e-02
1.994025707244873047e-02,2.861362695693969727e-02,-2.462947368621826172e-02
1.982879638671875000e-02,2.842718362808227539e-02,-2.458497881889343262e-02
1.969170570373535156e-02,2.823042869567871094e-02,-2.454058825969696045e-02
1.954090595245361328e-02,2.803570032119750977e-02,-2.451039850711822510e-02
1.942408084869384766e-02,2.784860134124755859e-02,-2.451484650373458862e-02
1.934647560119628906e-02,2.768367528915405273e-02,-2.453944087028503418e-02
1.923513412475585938e-02,2.751296758651733398e-02,-2.457280457019805908e-02
1.907217502593994141e-02,2.732741832733154297e-02,-2.462309598922729492e-02
1.887369155883789062e-02,2.715790271759033203e-02,-2.466735988855361938e-02
1.868689060211181641e-02,2.700054645538330078e-02,-2.468812465667724609e-02
1.850152015686035156e-02,2.685320377349853516e-02,-2.474804222583770752e-02
1.833283901214599609e-02,2.670127153396606445e-02,-2.479808777570724487e-02
1.807582378387451172e-02,2.654105424880981445e-02,-2.484408766031265259e-02
1.784849166870117188e-02,2.637529373168945312e-02,-2.487159520387649536e-02
1.760816574096679688e-02,2.618223428726196289e-02,-2.494417130947113037e-02
1.725399494171142578e-02,2.587175369262695312e-02,-2.492634207010269165e-02
1.691210269927978516e-02,2.557730674743652344e-02,-2.488776296377182007e-02
1.655483245849609375e-02,2.530312538146972656e-02,-2.481497079133987427e-02
1.625502109527587891e-02,2.507978677749633789e-02,-2.475406974554061890e-02
1.599991321563720703e-02,2.488845586776733398e-02,-2.469087392091751099e-02
1.574742794036865234e-02,2.470844984054565430e-02,-2.460908889770507812e-02
1.554107666015625000e-02,2.455306053161621094e-02,-2.452738583087921143e-02
1.535499095916748047e-02,2.440905570983886719e-02,-2.443896979093551636e-02
1.519680023193359375e-02,2.430021762847900391e-02,-2.440155297517776489e-02
1.511001586914062500e-02,2.411830425262451172e-02,-2.447921037673950195e-02
1.503098011016845703e-02,2.398526668548583984e-02,-2.451766282320022583e-02
1.494276523590087891e-02,2.386629581451416016e-02,-2.454822510480880737e-02
1.488387584686279297e-02,2.378898859024047852e-02,-2.457995712757110596e-02
1.481950283050537109e-02,2.374804019927978516e-02,-2.457766979932785034e-02
1.475119590759277344e-02,2.370703220367431641e-02,-2.458047866821289062e-02
1.466357707977294922e-02,2.366089820861816406e-02,-2.458859980106353760e-02
1.457655429840087891e-02,2.363753318786621094e-02,-2.454715222120285034e-02
1.451599597930908203e-02,2.362883090972900391e-02,-2.449396997690200806e-02
1.447474956512451172e-02,2.361786365509033203e-02,-2.443042397499084473e-02
1.445937156677246094e-02,2.361470460891723633e-02,-2.443275600671768188e-02
1.444458961486816406e-02,2.357530593872070312e-02,-2.442997694015502930e-02
1.446080207824707031e-02,2.355337142944335938e-02,-2.444249391555786133e-02
1.451301574707031250e-02,2.354705333709716797e-02,-2.446239441633224487e-02
1.456749439239501953e-02,2.352952957153320312e-02,-2.450081706047058105e-02
1.459467411041259766e-02,2.349960803985595703e-02,-2.451570332050323486e-02
1.460945606231689453e-02,2.347809076309204102e-02,-2.451655268669128418e-02
1.464581489562988281e-02,2.344983816146850586e-02,-2.455257624387741089e-02
1.464605331420898438e-02,2.339810132980346680e-02,-2.461657673120498657e-02
1.462566852569580078e-02,2.333146333694458008e-02,-2.463278919458389282e-02
1.461875438690185547e-02,2.328824996948242188e-02,-2.461580932140350342e-02
1.462030410766601562e-02,2.330249547958374023e-02,-2.455008029937744141e-02
1.460266113281250000e-02,2.331924438476562500e-02,-2.447734028100967407e-02
1.456892490386962891e-02,2.334541082382202148e-02,-2.438550442457199097e-02
1.450014114379882812e-02,2.337789535522460938e-02,-2.430890500545501709e-02
1.441037654876708984e-02,2.341860532760620117e-02,-2.422546595335006714e-02
1.433634757995605469e-02,2.343636751174926758e-02,-2.414602786302566528e-02
1.425778865814208984e-02,2.347624301910400391e-02,-2.408499270677566528e-02
1.419031620025634766e-02,2.352595329284667969e-02,-2.403809875249862671e-02
1.415765285491943359e-02,2.357304096221923828e-02,-2.399768680334091187e-02
1.412653923034667969e-02,2.362209558486938477e-02,-2.399783581495285034e-02
1.411032676696777344e-02,2.367985248565673828e-02,-2.400387823581695557e-02
1.407074928283691406e-02,2.375811338424682617e-02,-2.399743348360061646e-02
1.399898529052734375e-02,2.384907007217407227e-02,-2.400217950344085693e-02
1.394069194793701172e-02,2.393639087677001953e-02,-2.397462725639343262e-02
1.388382911682128906e-02,2.401536703109741211e-02,-2.394285053014755249e-02
1.380968093872070312e-02,2.407491207122802734e-02,-2.390233427286148071e-02
1.367282867431640625e-02,2.406364679336547852e-02,-2.385228127241134644e-02
1.356434822082519531e-02,2.407550811767578125e-02,-2.388688176870346069e-02
1.345002651214599609e-02,2.405977249145507812e-02,-2.393049001693725586e-02
1.330542564392089844e-02,2.406734228134155273e-02,-2.394492179155349731e-02
1.316595077514648438e-02,2.403885126113891602e-02,-2.397605776786804199e-02
1.303613185882568359e-02,2.398931980133056641e-02,-2.391365915536880493e-02
1.290774345397949219e-02,2.394092082977294922e-02,-2.389106154441833496e-02
1.278030872344970703e-02,2.388578653335571289e-02,-2.386523783206939697e-02
1.268172264099121094e-02,2.385067939758300781e-02,-2.385929971933364868e-02
1.257693767547607422e-02,2.380907535552978516e-02,-2.384382486343383789e-02
1.246702671051025391e-02,2.377325296401977539e-02,-2.383468300104141235e-02
1.234650611877441406e-02,2.370876073837280273e-02,-2.384133636951446533e-02
1.224756240844726562e-02,2.365565299987792969e-02,-2.386553585529327393e-02
1.218128204345703125e-02,2.361053228378295898e-02,-2.384576946496963501e-02
1.212739944458007812e-02,2.356189489364624023e-02,-2.383937686681747437e-02
1.209437847137451172e-02,2.349960803985595703e-02,-2.379386872053146362e-02
1.208651065826416016e-02,2.341830730438232422e-02,-2.377514541149139404e-02
1.211667060852050781e-02,2.336162328720092773e-02,-2.376019209623336792e-02
1.213252544403076172e-02,2.330225706100463867e-02,-2.373076230287551880e-02
1.215767860412597656e-02,2.324706315994262695e-02,-2.372732758522033691e-02
1.217484474182128906e-02,2.320373058319091797e-02,-2.370113879442214966e-02
1.215398311614990234e-02,2.314680814743041992e-02,-2.371560782194137573e-02
1.210391521453857422e-02,2.310293912887573242e-02,-2.373590320348739624e-02
1.205289363861083984e-02,2.305942773818969727e-02,-2.377637475728988647e-02
1.200556755065917969e-02,2.303415536880493164e-02,-2.381732314825057983e-02
1.194691658020019531e-02,2.300059795379638672e-02,-2.385595440864562988e-02
1.187956333160400391e-02,2.297908067703247070e-02,-2.389268577098846436e-02
1.180064678192138672e-02,2.296179533004760742e-02,-2.390417456626892090e-02
1.171088218688964844e-02,2.294498682022094727e-02,-2.389568835496902466e-02
1.166546344757080078e-02,2.289456129074096680e-02,-2.387340366840362549e-02
1.162672042846679688e-02,2.289801836013793945e-02,-2.380116283893585205e-02
1.157593727111816406e-02,2.291429042816162109e-02,-2.373497933149337769e-02
1.149582862854003906e-02,2.290922403335571289e-02,-2.371464669704437256e-02
1.143109798431396484e-02,2.291101217269897461e-02,-2.365796267986297607e-02
1.137220859527587891e-02,2.294301986694335938e-02,-2.358108758926391602e-02
1.132285594940185547e-02,2.297562360763549805e-02,-2.345855534076690674e-02
1.126551628112792969e-02,2.303147315979003906e-02,-2.329564839601516724e-02
1.122212409973144531e-02,2.310556173324584961e-02,-2.316848933696746826e-02
1.120138168334960938e-02,2.316737174987792969e-02,-2.310017496347427368e-02
1.117360591888427734e-02,2.325499057769775391e-02,-2.298548817634582520e-02
1.117968559265136719e-02,2.334392070770263672e-02,-2.290076762437820435e-02
1.117634773254394531e-02,2.340054512023925781e-02,-2.282114326953887939e-02
1.119065284729003906e-02,2.344721555709838867e-02,-2.272990345954895020e-02
1.121044158935546875e-02,2.348864078521728516e-02,-2.261879295110702515e-02
1.122272014617919922e-02,2.350437641143798828e-02,-2.252157777547836304e-02
1.123511791229248047e-02,2.357488870620727539e-02,-2.239693701267242432e-02
1.125931739807128906e-02,2.362763881683349609e-02,-2.226904034614562988e-02
1.129651069641113281e-02,2.368843555450439453e-02,-2.216155827045440674e-02
1.129901409149169922e-02,2.372533082962036133e-02,-2.209681272506713867e-02
1.130473613739013672e-02,2.374476194381713867e-02,-2.206224948167800903e-02
1.130294799804687500e-02,2.373725175857543945e-02,-2.209494262933731079e-02
1.126885414123535156e-02,2.371633052825927734e-02,-2.212738245725631714e-02
1.126420497894287109e-02,2.366954088211059570e-02,-2.219258993864059448e-02
1.127171516418457031e-02,2.363693714141845703e-02,-2.225996553897857666e-02
1.136922836303710938e-02,2.361214160919189453e-02,-2.232755720615386963e-02
1.148128509521484375e-02,2.360373735427856445e-02,-2.239259332418441772e-02
1.153504848480224609e-02,2.355086803436279297e-02,-2.225498110055923462e-02
1.155173778533935547e-02,2.348774671554565430e-02,-2.212404459714889526e-02
1.155161857604980469e-02,2.341955900192260742e-02,-2.201090008020401001e-02
1.144897937774658203e-02,2.330744266510009766e-02,-2.193237841129302979e-02
1.134037971496582031e-02,2.317661046981811523e-02,-2.187719196081161499e-02
1.123368740081787109e-02,2.303129434585571289e-02,-2.181104570627212524e-02
1.114583015441894531e-02,2.289152145385742188e-02,-2.174828201532363892e-02
1.105892658233642578e-02,2.273684740066528320e-02,-2.172057330608367920e-02
1.097166538238525391e-02,2.259439229965209961e-02,-2.171238511800765991e-02
1.088869571685791016e-02,2.242910861968994141e-02,-2.171078324317932129e-02
1.084351539611816406e-02,2.227663993835449219e-02,-2.168836444616317749e-02
1.079320907592773438e-02,2.207422256469726562e-02,-2.167276293039321899e-02
1.070153713226318359e-02,2.186161279678344727e-02,-2.163800597190856934e-02
1.066696643829345703e-02,2.172821760177612305e-02,-2.164097875356674194e-02
1.066446304321289062e-02,2.156853675842285156e-02,-2.174272388219833374e-02
1.067638397216796875e-02,2.143955230712890625e-02,-2.184473723173141479e-02
1.068663597106933594e-02,2.130663394927978516e-02,-2.199646085500717163e-02
1.068913936614990234e-02,2.118915319442749023e-02,-2.210667729377746582e-02
1.068067550659179688e-02,2.106082439422607422e-02,-2.219466865062713623e-02
1.070141792297363281e-02,2.094137668609619141e-02,-2.229844778776168823e-02
1.072382926940917969e-02,2.089810371398925781e-02,-2.237114310264587402e-02
1.074147224426269531e-02,2.087312936782836914e-02,-2.242909371852874756e-02
1.075494289398193359e-02,2.083790302276611328e-02,-2.247096598148345947e-02
1.074469089508056641e-02,2.078455686569213867e-02,-2.250962704420089722e-02
1.072657108306884766e-02,2.076053619384765625e-02,-2.250085026025772095e-02
1.071596145629882812e-02,2.075135707855224609e-02,-2.247020602226257324e-02
1.074063777923583984e-02,2.076023817062377930e-02,-2.243770658969879150e-02
1.076221466064453125e-02,2.078402042388916016e-02,-2.242059260606765747e-02
1.080477237701416016e-02,2.080756425857543945e-02,-2.241239696741104126e-02
1.086795330047607422e-02,2.082663774490356445e-02,-2.244747430086135864e-02
1.091623306274414062e-02,2.089273929595947266e-02,-2.241633832454681396e-02
1.097369194030761719e-02,2.096277475357055664e-02,-2.236895263195037842e-02
1.099061965942382812e-02,2.103722095489501953e-02,-2.228998392820358276e-02
1.099729537963867188e-02,2.112150192260742188e-02,-2.221059054136276245e-02
1.100254058837890625e-02,2.119547128677368164e-02,-2.212974429130554199e-02
1.101100444793701172e-02,2.122795581817626953e-02,-2.205982804298400879e-02
1.103448867797851562e-02,2.126628160476684570e-02,-2.202994376420974731e-02
1.105082035064697266e-02,2.129399776458740234e-02,-2.200354635715484619e-02
1.107490062713623047e-02,2.131086587905883789e-02,-2.196745574474334717e-02
1.110458374023437500e-02,2.132427692413330078e-02,-2.191543579101562500e-02
1.112794876098632812e-02,2.131867408752441406e-02,-2.189356833696365356e-02
1.117432117462158203e-02,2.132052183151245117e-02,-2.184510231018066406e-02
1.121234893798828125e-02,2.131742238998413086e-02,-2.177265286445617676e-02
1.122534275054931641e-02,2.130860090255737305e-02,-2.172048389911651611e-02
1.126313209533691406e-02,2.129811048507690430e-02,-2.166773378849029541e-02
1.129376888275146484e-02,2.126926183700561523e-02,-2.158805727958679199e-02
1.130855083465576172e-02,2.120697498321533203e-02,-2.155090123414993286e-02
1.130282878875732422e-02,2.112305164337158203e-02,-2.152212709188461304e-02
1.128542423248291016e-02,2.102202177047729492e-02,-2.147914469242095947e-02
1.124036312103271484e-02,2.090781927108764648e-02,-2.145378291606903076e-02
1.121294498443603516e-02,2.079075574874877930e-02,-2.144752442836761475e-02
1.118814945220947266e-02,2.070719003677368164e-02,-2.142677456140518188e-02
1.114332675933837891e-02,2.062368392944335938e-02,-2.138407528400421143e-02
1.107525825500488281e-02,2.049899101257324219e-02,-2.133734524250030518e-02
1.101243495941162109e-02,2.036333084106445312e-02,-2.131593227386474609e-02
1.096880435943603516e-02,2.023404836654663086e-02,-2.129926532506942749e-02
1.091277599334716797e-02,2.010786533355712891e-02,-2.128863334655761719e-02
1.084792613983154297e-02,1.998406648635864258e-02,-2.127863466739654541e-02
1.079666614532470703e-02,1.989096403121948242e-02,-2.126896381378173828e-02
