2.556121163070201874e-02
2.556121163070201874e-02
2.699314430356025696e-02
2.611824683845043182e-02
2.571509033441543579e-02
2.560226432979106903e-02
2.514753304421901703e-02
2.476633526384830475e-02
2.441813051700592041e-02
2.388030849397182465e-02
2.316197939217090607e-02
2.246320061385631561e-02
2.168562822043895721e-02
2.101720497012138367e-02
2.049953490495681763e-02
2.007594332098960876e-02
1.968943886458873749e-02
1.928768865764141083e-02
1.883736997842788696e-02
1.818506233394145966e-02
1.753037795424461365e-02
1.705010235309600830e-02
1.660206355154514313e-02
1.631918735802173615e-02
1.622843556106090546e-02
1.611233316361904144e-02
1.603482849895954132e-02
1.574294827878475189e-02
1.530225761234760284e-02
1.491557154804468155e-02
1.459050923585891724e-02
1.428985502570867538e-02
1.387703977525234222e-02
1.335334125906229019e-02
1.274123787879943848e-02
1.205436326563358307e-02
1.139991451054811478e-02
1.070860028266906738e-02
1.001271791756153107e-02
9.296918287873268127e-03
8.612374775111675262e-03
8.015231229364871979e-03
7.527981884777545929e-03
6.975595373660326004e-03
6.608590483665466309e-03
6.501699797809123993e-03
6.369587965309619904e-03
6.173831876367330551e-03
5.965152289718389511e-03
5.858043674379587173e-03
5.587940569967031479e-03
5.437512882053852081e-03
5.174942780286073685e-03
4.833198152482509613e-03
4.610391799360513687e-03
4.255879670381546021e-03
4.165232647210359573e-03
4.333656281232833862e-03
4.579472355544567108e-03
4.836861509829759598e-03
4.935875535011291504e-03
5.105871707201004028e-03
5.316366441547870636e-03
5.225852131843566895e-03
4.932296928018331528e-03
4.572350997477769852e-03
4.413853399455547333e-03
4.344536922872066498e-03
4.470532294362783432e-03
4.473337437957525253e-03
4.580403212457895279e-03
4.698500502854585648e-03
4.847196862101554871e-03
4.761055577546358109e-03
4.556610248982906342e-03
4.347034264355897903e-03
4.237510263919830322e-03
4.105484578758478165e-03
4.079424310475587845e-03
4.076828714460134506e-03
4.130638204514980316e-03
4.320489708334207535e-03
4.541486036032438278e-03
4.689116962254047394e-03
4.777528811246156693e-03
4.774354398250579834e-03
4.946263507008552551e-03
5.205031950026750565e-03
5.532549228519201279e-03
5.820488091558218002e-03
5.838250741362571716e-03
5.657720379531383514e-03
5.410200916230678558e-03
5.013707093894481659e-03
4.739301279187202454e-03
4.597179591655731201e-03
4.520438145846128464e-03
4.543342161923646927e-03
4.587413743138313293e-03
4.633061122149229050e-03
4.694581031799316406e-03
4.720490891486406326e-03
4.536410793662071228e-03
4.364567808806896210e-03
4.209702368825674057e-03
4.133409820497035980e-03
4.002326633781194687e-03
3.746367758139967918e-03
3.509310539811849594e-03
3.442893503233790398e-03
3.675851505249738693e-03
4.061165731400251389e-03
4.295282531529664993e-03
4.428138490766286850e-03
4.530134145170450211e-03
4.584077280014753342e-03
4.730264656245708466e-03
4.715548828244209290e-03
4.720203112810850143e-03
4.735834430903196335e-03
4.825210664421319962e-03
4.987310152500867844e-03
5.142800044268369675e-03
5.361226387321949005e-03
5.579864606261253357e-03
5.687764380127191544e-03
5.631079431623220444e-03
5.533971358090639114e-03
5.355611909180879593e-03
5.181005224585533142e-03
5.087705329060554504e-03
5.088661331683397293e-03
5.155454389750957489e-03
5.341015290468931198e-03
5.539040546864271164e-03
5.211974959820508957e-03
5.352113395929336548e-03
5.360290408134460449e-03
5.284322891384363174e-03
5.127083044499158859e-03
4.822297487407922745e-03
4.500042181462049484e-03
4.379756283015012741e-03
4.276153631508350372e-03
4.241828341037034988e-03
4.197070840746164322e-03
4.020832013338804245e-03
3.982751630246639252e-03
4.010117147117853165e-03
4.073048941791057587e-03
4.122793674468994141e-03
4.077604971826076508e-03
4.119264427572488785e-03
4.151758737862110138e-03
4.148664418607950211e-03
4.142938181757926941e-03
4.217335022985935211e-03
4.287396091967821121e-03
4.472063388675451279e-03
4.646877758204936981e-03
4.855011124163866043e-03
5.029661115258932114e-03
5.138836801052093506e-03
5.078576039522886276e-03
5.022321827709674835e-03
5.056113936007022858e-03
5.090573336929082870e-03
5.242244806140661240e-03
5.375695880502462387e-03
5.514666438102722168e-03
5.565137602388858795e-03
5.658591631799936295e-03
5.615495145320892334e-03
5.475954152643680573e-03
5.395033862441778183e-03
5.353010725229978561e-03
5.349674727767705917e-03
5.345718469470739365e-03
5.397903732955455780e-03
5.410383921116590500e-03
5.395531188696622849e-03
5.268173292279243469e-03
5.150147248059511185e-03
5.246262997388839722e-03
5.362110212445259094e-03
5.496611818671226501e-03
5.630793515592813492e-03
5.740939173847436905e-03
5.716671235859394073e-03
5.504142027348279953e-03
5.335052497684955597e-03
5.248039960861206055e-03
5.227886606007814407e-03
5.346796941012144089e-03
5.365624558180570602e-03
5.418655928224325180e-03
5.574044771492481232e-03
5.586104467511177063e-03
5.526931956410408020e-03
5.343449767678976059e-03
5.120929330587387085e-03
4.806723445653915405e-03
4.470454994589090347e-03
4.139159806072711945e-03
3.795574652031064034e-03
3.606689628213644028e-03
3.549837274476885796e-03
3.593746107071638107e-03
3.666117321699857712e-03
3.800119273364543915e-03
3.827234730124473572e-03
3.842333331704139709e-03
4.070179071277379990e-03
4.285202827304601669e-03
4.336574580520391464e-03
4.400121979415416718e-03
4.545550327748060226e-03
4.622836131602525711e-03
4.765964578837156296e-03
4.695713520050048828e-03
4.640508908778429031e-03
5.002705845981836319e-03
5.364263430237770081e-03
5.681165028363466263e-03
5.974233616143465042e-03
6.026891525834798813e-03
6.142615806311368942e-03
6.138608325272798538e-03
6.090894807130098343e-03
5.854703020304441452e-03
5.502187181264162064e-03
5.173225421458482742e-03
4.787590820342302322e-03
4.535285290330648422e-03
4.437398631125688553e-03
4.530399106442928314e-03
4.617155063897371292e-03
4.629821050912141800e-03
4.757827613502740860e-03
4.831841215491294861e-03
4.683199804276227951e-03
4.406206309795379639e-03
3.973186481744050980e-03
3.597315866500139236e-03
3.504427848383784294e-03
3.436321625486016273e-03
3.535913536325097084e-03
3.608133876696228981e-03
3.756055841222405434e-03
3.905178513377904892e-03
3.971270751208066940e-03
3.917227964848279953e-03
3.858901560306549072e-03
3.846365725621581078e-03
3.758809529244899750e-03
3.503515850752592087e-03
3.273271024227142334e-03
3.145863534882664680e-03
3.088172990828752518e-03
3.206692403182387352e-03
3.425132250413298607e-03
4.221764393150806427e-03
4.961710888892412186e-03
5.538350436836481094e-03
6.005743984133005142e-03
6.220846436917781830e-03
6.311797071248292923e-03
6.265330128371715546e-03
6.151993293315172195e-03
6.168565247207880020e-03
6.286054383963346481e-03
6.418381817638874054e-03
6.606860086321830750e-03
6.845895666629076004e-03
7.135332562029361725e-03
7.368743419647216797e-03
7.615781389176845551e-03
7.845892570912837982e-03
8.028978481888771057e-03
8.233101107180118561e-03
8.272198028862476349e-03
8.311586454510688782e-03
8.312995545566082001e-03
8.327937684953212738e-03
8.211171254515647888e-03
8.154352195560932159e-03
8.171628229320049286e-03
8.182118646800518036e-03
8.259883150458335876e-03
8.349827490746974945e-03
8.442315272986888885e-03
8.494546636939048767e-03
8.508632890880107880e-03
8.522669784724712372e-03
8.509079925715923309e-03
8.533663116395473480e-03
8.523846976459026337e-03
8.469506166875362396e-03
8.448917418718338013e-03
8.299702778458595276e-03
8.092932403087615967e-03
7.857935503125190735e-03
7.660463918000459671e-03
7.356510031968355179e-03
7.055082358419895172e-03
6.735884118825197220e-03
6.349611096084117889e-03
6.033499725162982941e-03
5.642565432935953140e-03
5.291129928082227707e-03
4.933591000735759735e-03
4.622859880328178406e-03
4.376495722681283951e-03
4.141728393733501434e-03
4.516881424933671951e-03
4.869942553341388702e-03
5.247701890766620636e-03
5.606254562735557556e-03
5.865389015525579453e-03
6.007797550410032272e-03
6.024341564625501633e-03
5.988099612295627594e-03
5.790194030851125717e-03
5.678764078766107559e-03
5.525810178369283676e-03
5.312795750796794891e-03
5.087281111627817154e-03
4.857852123677730560e-03
4.677097778767347336e-03
4.562417510896921158e-03
4.511275794357061386e-03
4.508345387876033783e-03
4.561642650514841080e-03
4.643979482352733612e-03
4.778200294822454453e-03
4.890216514468193054e-03
5.018049385398626328e-03
5.047467537224292755e-03
5.027876235544681549e-03
4.967995919287204742e-03
4.804155323654413223e-03
4.593213088810443878e-03
4.374961368739604950e-03
4.207138437777757645e-03
4.067368339747190475e-03
3.973680082708597183e-03
3.887342754751443863e-03
3.897035727277398109e-03
3.942504525184631348e-03
4.044690635055303574e-03
4.191956482827663422e-03
4.481663927435874939e-03
4.691789392381906509e-03
4.814020823687314987e-03
4.905650392174720764e-03
4.977408330887556076e-03
5.000278353691101074e-03
4.954232368618249893e-03
4.851844161748886108e-03
4.822986200451850891e-03
4.813881125301122665e-03
4.771216772496700287e-03
4.809540696442127228e-03
4.809542093425989151e-03
4.854016471654176712e-03
4.878954496234655380e-03
4.924099426716566086e-03
4.988758359104394913e-03
5.026586353778839111e-03
4.991197027266025543e-03
4.982982296496629715e-03
5.040741059929132462e-03
5.040185991674661636e-03
4.996283911168575287e-03
4.875754006206989288e-03
4.741119220852851868e-03
4.622111096978187561e-03
4.524068906903266907e-03
4.404573235660791397e-03
4.301194567233324051e-03
4.267301876097917557e-03
4.237623885273933411e-03
4.181167576462030411e-03
4.146573133766651154e-03
4.195379558950662613e-03
4.295925144106149673e-03
4.381977953016757965e-03
4.455680027604103088e-03
4.449650179594755173e-03
4.389871843159198761e-03
4.240677691996097565e-03
4.029655829071998596e-03
3.784151282161474228e-03
3.573189023882150650e-03
3.394869854673743248e-03
3.214658005163073540e-03
3.047227393835783005e-03
2.920164261013269424e-03
2.783183474093675613e-03
2.667148597538471222e-03
2.600206062197685242e-03
2.543934388086199760e-03
2.538315951824188232e-03
2.498304704204201698e-03
2.381352940574288368e-03
2.344776177778840065e-03
2.301229629665613174e-03
2.276115585118532181e-03
2.295300364494323730e-03
2.393573056906461716e-03
2.446691738441586494e-03
1.808603527024388313e-03
1.330832717940211296e-03
1.040498958900570869e-03
8.671240066178143024e-04
8.004319388419389725e-04
8.226546924561262131e-04
8.572268416173756123e-04
9.786743903532624245e-04
1.078279106877744198e-03
1.224066712893545628e-03
1.388843869790434837e-03
1.509760972112417221e-03
1.606179284863173962e-03
1.594786648638546467e-03
1.547653926536440849e-03
1.484526670537889004e-03
1.486967084929347038e-03
1.422580680809915066e-03
1.373733743093907833e-03
1.353226136416196823e-03
1.380571513436734676e-03
1.417370513081550598e-03
1.447311602532863617e-03
1.500554382801055908e-03
1.553503214381635189e-03
1.636769622564315796e-03
1.696831313893198967e-03
1.736403792165219784e-03
1.751515781506896019e-03
1.765206921845674515e-03
1.859095878899097443e-03
2.020098501816391945e-03
2.199209528043866158e-03
2.308210590854287148e-03
2.442656317725777626e-03
2.633942756801843643e-03
2.856352832168340683e-03
3.043118631467223167e-03
2.990182489156723022e-03
3.019663738086819649e-03
3.085083561018109322e-03
3.127449424937367439e-03
3.278355579823255539e-03
3.473096992820501328e-03
3.532069502398371696e-03
3.486758563667535782e-03
3.463065950199961662e-03
3.448894945904612541e-03
3.440975910052657127e-03
3.465354908257722855e-03
3.496520454064011574e-03
3.530689748004078865e-03
3.564057173207402229e-03
3.586443839594721794e-03
3.653257153928279877e-03
3.742180997505784035e-03
3.881113370880484581e-03
3.928017802536487579e-03
3.982036374509334564e-03
3.994255326688289642e-03
4.016587510704994202e-03
4.076113458722829819e-03
4.167077131569385529e-03
4.258315544575452805e-03
4.297625273466110229e-03
4.272441845387220383e-03
4.281060770153999329e-03
4.254989326000213623e-03
4.163614939898252487e-03
4.063381813466548920e-03
3.938941285014152527e-03
3.840191755443811417e-03
3.788914531469345093e-03
3.689978271722793579e-03
3.597292350605130196e-03
3.517160424962639809e-03
3.399016335606575012e-03
3.342621494084596634e-03
3.325896803289651871e-03
3.321083495393395424e-03
3.317080670967698097e-03
3.314890665933489799e-03
3.347380552440881729e-03
3.376456210389733315e-03
3.337846836075186729e-03
3.299054224044084549e-03
3.314958652481436729e-03
3.269297769293189049e-03
3.075709333643317223e-03
2.940882230177521706e-03
2.924920292571187019e-03
2.988477237522602081e-03
3.037378890439867973e-03
3.081859089434146881e-03
3.096977714449167252e-03
3.100021742284297943e-03
3.137422725558280945e-03
3.250940702855587006e-03
3.383474191650748253e-03
3.534048330038785934e-03
3.750045783817768097e-03
3.988732118159532547e-03
4.212448839098215103e-03
4.431489389389753342e-03
4.534895997494459152e-03
4.506781697273254395e-03
4.438073374330997467e-03
4.326562862843275070e-03
4.214344080537557602e-03
4.053320735692977905e-03
3.992468584328889847e-03
3.960539586842060089e-03
3.903645556420087814e-03
3.898225724697113037e-03
3.979186527431011200e-03
4.106257110834121704e-03
4.226052667945623398e-03
4.326162394136190414e-03
4.461979493498802185e-03
4.547792486846446991e-03
4.658848978579044342e-03
4.683944862335920334e-03
4.684811923652887344e-03
4.666563123464584351e-03
4.619882907718420029e-03
4.581952933222055435e-03
4.515552893280982971e-03
4.489191342145204544e-03
4.475297871977090836e-03
4.468476399779319763e-03
4.450392443686723709e-03
4.431885201483964920e-03
4.456360358744859695e-03
4.467504564672708511e-03
4.499403759837150574e-03
4.467259161174297333e-03
4.431311041116714478e-03
4.385000094771385193e-03
4.388876259326934814e-03
4.376210737973451614e-03
4.368051420897245407e-03
4.505193792283535004e-03
4.603235516697168350e-03
4.636221565306186676e-03
4.640908911824226379e-03
4.615679848939180374e-03
4.534019157290458679e-03
4.470161627978086472e-03
4.408143926411867142e-03
4.364094696938991547e-03
4.367546178400516510e-03
4.405244719237089157e-03
4.455924499779939651e-03
4.470686893910169601e-03
4.456190858036279678e-03
4.422651138156652451e-03
4.336956888437271118e-03
4.147176165133714676e-03
3.946402110159397125e-03
3.718014573678374290e-03
3.522285260260105133e-03
3.373402170836925507e-03
3.297687740996479988e-03
3.198321443051099777e-03
3.154144156724214554e-03
3.150173230096697807e-03
3.426321316510438919e-03
3.632225794717669487e-03
3.830405883491039276e-03
4.017722327262163162e-03
4.157729912549257278e-03
4.293229430913925171e-03
4.425460472702980042e-03
4.517272580415010452e-03
4.538580775260925293e-03
4.414019640535116196e-03
4.255649633705615997e-03
4.098216537386178970e-03
3.913009073585271835e-03
3.675951389595866203e-03
3.437401028349995613e-03
3.232441842555999756e-03
3.119600238278508186e-03
3.017968265339732170e-03
2.924834610894322395e-03
2.850486198440194130e-03
2.810416510328650475e-03
2.605202840641140938e-03
2.413799753412604332e-03
2.335150027647614479e-03
2.313119824975728989e-03
2.397726522758603096e-03
2.505978569388389587e-03
2.613389864563941956e-03
2.706053666770458221e-03
2.791087143123149872e-03
2.893035532906651497e-03
2.980577759444713593e-03
3.074869979172945023e-03
3.131597768515348434e-03
3.204304957762360573e-03
3.326542209833860397e-03
3.463517641648650169e-03
3.663237206637859344e-03
3.828608663752675056e-03
3.921994008123874664e-03
3.939692862331867218e-03
3.949723672121763229e-03
3.962627612054347992e-03
3.908944316208362579e-03
3.832442220300436020e-03
3.668236080557107925e-03
3.482266096398234367e-03
3.299165517091751099e-03
3.144305897876620293e-03
3.018765011802315712e-03
2.930402057245373726e-03
2.823468297719955444e-03
2.711483743041753769e-03
2.585307462140917778e-03
2.463380806148052216e-03
2.235437044873833656e-03
2.077769255265593529e-03
1.980162691324949265e-03
1.905168406665325165e-03
1.871921354904770851e-03
1.892283326014876366e-03
1.958277542144060135e-03
2.013572724536061287e-03
2.116954186931252480e-03
2.188877668231725693e-03
2.215987537056207657e-03
2.215929795056581497e-03
2.188798505812883377e-03
2.145560691133141518e-03
2.124079037457704544e-03
3.124125069007277489e-03
4.046790767461061478e-03
4.776225890964269638e-03
5.378025118261575699e-03
5.829527042806148529e-03
6.156416144222021103e-03
6.451829802244901657e-03
6.655545905232429504e-03
6.864982191473245621e-03
6.976054050028324127e-03
7.022102363407611847e-03
7.035929709672927856e-03
6.892886944115161896e-03
6.751044653356075287e-03
6.655508186668157578e-03
6.531152408570051193e-03
6.387137807905673981e-03
6.251257378607988358e-03
6.091254763305187225e-03
5.898735485970973969e-03
5.741450004279613495e-03
5.572175607085227966e-03
5.410862620919942856e-03
5.244311876595020294e-03
5.038259085267782211e-03
4.846332129091024399e-03
4.686914384365081787e-03
4.604217130690813065e-03
4.564532078802585602e-03
4.574654158204793930e-03
4.616153892129659653e-03
4.675241187214851379e-03
4.706074018031358719e-03
4.786024801433086395e-03
4.832958336919546127e-03
4.883246030658483505e-03
4.898804705590009689e-03
4.907653201371431351e-03
4.908693023025989532e-03
4.881539382040500641e-03
4.857844207435846329e-03
4.854610655456781387e-03
4.837600048631429672e-03
4.764545243233442307e-03
4.604830406606197357e-03
4.488569684326648712e-03
4.331773612648248672e-03
4.221882205456495285e-03
4.178943578153848648e-03
4.222927615046501160e-03
4.251677077263593674e-03
4.273998085409402847e-03
4.359534010291099548e-03
4.424595274031162262e-03
4.475680645555257797e-03
4.513099323958158493e-03
4.537937697023153305e-03
4.550450015813112259e-03
4.566001240164041519e-03
4.586009308695793152e-03
4.628296010196208954e-03
4.696831107139587402e-03
4.762693773955106735e-03
4.793795291334390640e-03
4.829348996281623840e-03
4.854818340390920639e-03
4.827597178518772125e-03
4.732842557132244110e-03
4.643874242901802063e-03
4.567679483443498611e-03
4.490423016250133514e-03
4.441362340003252029e-03
4.434171598404645920e-03
4.400131758302450180e-03
4.395866766571998596e-03
4.390184301882982254e-03
4.377343226224184036e-03
4.384685773402452469e-03
4.393761046230792999e-03
4.435510374605655670e-03
4.486334510147571564e-03
4.547200165688991547e-03
4.533372353762388229e-03
4.520792979747056961e-03
4.480472765862941742e-03
4.434674046933650970e-03
4.372418392449617386e-03
4.346607718616724014e-03
4.324221983551979065e-03
4.322951193898916245e-03
4.332846030592918396e-03
4.306803457438945770e-03
4.262597300112247467e-03
4.222213290631771088e-03
4.201482515782117844e-03
4.180697258561849594e-03
4.160779062658548355e-03
4.134382121264934540e-03
4.120970610529184341e-03
4.100124351680278778e-03
4.125914070755243301e-03
4.172708839178085327e-03
4.211304243654012680e-03
4.244081210345029831e-03
4.263025708496570587e-03
4.266382195055484772e-03
4.335030913352966309e-03
4.421024117618799210e-03
4.570617806166410446e-03
4.687109496444463730e-03
4.742208868265151978e-03
4.758561030030250549e-03
4.773118067532777786e-03
4.775766748934984207e-03
4.779000300914049149e-03
4.728319123387336731e-03
4.539518151432275772e-03
4.397999029606580734e-03
4.314487800002098083e-03
4.253967199474573135e-03
4.240597132593393326e-03
4.220520611852407455e-03
4.245436750352382660e-03
4.222074057906866074e-03
4.210321232676506042e-03
4.164246376603841782e-03
4.125055857002735138e-03
4.103263374418020248e-03
4.129308275878429413e-03
4.168542567640542984e-03
4.200412426143884659e-03
4.253796767443418503e-03
4.285221919417381287e-03
4.308248404413461685e-03
4.293419886380434036e-03
4.285065922886133194e-03
4.278075881302356720e-03
4.250032361596822739e-03
4.210558719933032990e-03
4.159383010119199753e-03
4.117481876164674759e-03
4.100872203707695007e-03
4.044954199343919754e-03
3.980840090662240982e-03
3.916331566870212555e-03
3.897842951118946075e-03
3.906325902789831161e-03
3.918389789760112762e-03
3.945645410567522049e-03
3.966029267758131027e-03
4.039190243929624557e-03
4.130742046982049942e-03
4.218926653265953064e-03
4.304769448935985565e-03
4.370260518044233322e-03
4.356871359050273895e-03
4.368538968265056610e-03
4.371331539005041122e-03
4.394271876662969589e-03
4.391716327518224716e-03
4.409569781273603439e-03
4.503856878727674484e-03
4.650385119020938873e-03
4.759448114782571793e-03
4.886801820248365402e-03
5.028759129345417023e-03
5.130994599312543869e-03
5.226538050919771194e-03
5.284372717142105103e-03
5.277280230075120926e-03
5.214275792241096497e-03
5.125718656927347183e-03
5.041217431426048279e-03
5.192422773689031601e-03
5.307533312588930130e-03
5.403551738709211349e-03
5.417028442025184631e-03
5.416687112301588058e-03
5.345304962247610092e-03
5.200717132538557053e-03
5.082236602902412415e-03
4.963644780218601227e-03
4.868050105869770050e-03
4.766894038766622543e-03
4.686334170401096344e-03
4.621936008334159851e-03
4.576244857162237167e-03
4.541140981018543243e-03
4.030368290841579437e-03
3.645207034423947334e-03
3.323417389765381813e-03
3.055200912058353424e-03
2.902411622926592827e-03
2.820838475599884987e-03
2.792278304696083069e-03
2.841498237103223801e-03
2.915109042078256607e-03
3.014927962794899940e-03
3.123873844742774963e-03
3.195228986442089081e-03
3.249922767281532288e-03
3.282657824456691742e-03
3.332824911922216415e-03
3.375157946720719337e-03
3.389507532119750977e-03
3.398720640689134598e-03
3.415975486859679222e-03
3.458280581980943680e-03
3.510241862386465073e-03
3.532841335982084274e-03
3.551373491063714027e-03
3.562167985364794731e-03
3.568983171135187149e-03
3.573820693418383598e-03
3.608099883422255516e-03
3.644569078460335732e-03
3.682801267132163048e-03
3.723669564351439476e-03
3.750152885913848877e-03
3.798608900979161263e-03
3.852522233501076698e-03
3.897030372172594070e-03
3.966689109802246094e-03
4.019114654511213303e-03
4.088920541107654572e-03
4.182867705821990967e-03
4.303306806832551956e-03
4.418722353875637054e-03
4.513469524681568146e-03
4.635741002857685089e-03
4.774100612848997116e-03
4.922170192003250122e-03
5.068994127213954926e-03
5.185870453715324402e-03
5.291268229484558105e-03
5.412948783487081528e-03
5.498313810676336288e-03
5.545414518564939499e-03
5.524046253412961960e-03
5.437005776911973953e-03
5.322616081684827805e-03
5.254302639514207840e-03
5.187082570046186447e-03
5.148828495293855667e-03
5.137074738740921021e-03
5.165288690477609634e-03
5.260174628347158432e-03
5.359010305255651474e-03
5.454742815345525742e-03
5.552639253437519073e-03
5.586956162005662918e-03
5.648443941026926041e-03
5.678337533026933670e-03
5.710457917302846909e-03
5.689029581844806671e-03
5.654353182762861252e-03
5.595356225967407227e-03
5.526577122509479523e-03
5.463680718094110489e-03
5.376063287258148193e-03
5.259165540337562561e-03
5.121891852468252182e-03
5.012849345803260803e-03
4.933395422995090485e-03
4.859107546508312225e-03
4.797238390892744064e-03
4.731784109026193619e-03
4.651097580790519714e-03
4.630832001566886902e-03
4.644264001399278641e-03
4.671610891819000244e-03
4.720980301499366760e-03
4.747713916003704071e-03
4.737121053040027618e-03
4.701234865933656693e-03
4.643944557756185532e-03
4.601309075951576233e-03
4.564455244690179825e-03
4.523502197116613388e-03
4.454695619642734528e-03
4.420302808284759521e-03
4.397248849272727966e-03
4.372473340481519699e-03
4.311293363571166992e-03
4.264836199581623077e-03
4.230613354593515396e-03
4.224433097988367081e-03
4.207509569823741913e-03
4.243087954819202423e-03
4.294559359550476074e-03
4.356679972261190414e-03
4.427114501595497131e-03
4.481439944356679916e-03
4.502332303673028946e-03
4.519481677561998367e-03
4.525398835539817810e-03
4.541546571999788284e-03
4.541068337857723236e-03
4.533146042376756668e-03
4.505076911300420761e-03
4.471953958272933960e-03
4.441166296601295471e-03
4.394965711981058121e-03
4.302137065678834915e-03
4.245675634592771530e-03
4.210798069834709167e-03
4.196434281766414642e-03
4.219698719680309296e-03
4.290705546736717224e-03
4.352534189820289612e-03
4.346042871475219727e-03
4.378085955977439880e-03
4.379200283437967300e-03
4.382180050015449524e-03
4.414214286953210831e-03
4.427706357091665268e-03
4.447437357157468796e-03
4.490424878895282745e-03
4.502370953559875488e-03
4.507190547883510590e-03
4.552029073238372803e-03
4.599588457494974136e-03
4.606117960065603256e-03
4.610604606568813324e-03
4.596046172082424164e-03
4.556903615593910217e-03
4.513525869697332382e-03
4.490027204155921936e-03
4.429614637047052383e-03
4.361653700470924377e-03
4.301686771214008331e-03
4.275001585483551025e-03
4.272094927728176117e-03
4.275646526366472244e-03
4.302698653191328049e-03
4.361344501376152039e-03
4.449750296771526337e-03
4.534060601145029068e-03
4.600971471518278122e-03
4.668650217354297638e-03
4.780411254614591599e-03
4.845670890063047409e-03
4.887676797807216644e-03
4.873072728514671326e-03
4.779196344316005707e-03
4.664144478738307953e-03
4.539566580206155777e-03
4.427938256412744522e-03
4.340219777077436447e-03
4.213984590023756027e-03
4.091297741979360580e-03
4.010140895843505859e-03
3.936920315027236938e-03
3.844933118671178818e-03
3.784412983804941177e-03
3.744095098227262497e-03
3.756148973479866982e-03
3.774546086788177490e-03
3.810620401054620743e-03
3.871449967846274376e-03
3.963822033256292343e-03
4.056164063513278961e-03
4.129048902541399002e-03
4.202655982226133347e-03
4.275978077203035355e-03
4.327869508415460587e-03
4.387833643704652786e-03
4.297619685530662537e-03
4.224296659231185913e-03
4.207620862871408463e-03
4.187084734439849854e-03
4.132514819502830505e-03
4.109051078557968140e-03
4.093024414032697678e-03
4.082694184035062790e-03
4.085595253854990005e-03
4.040085244923830032e-03
4.020331893116235733e-03
4.009471740573644638e-03
4.017016384750604630e-03
4.023095127195119858e-03
4.055453464388847351e-03
4.113051109015941620e-03
4.148576408624649048e-03
4.204923752695322037e-03
4.163299687206745148e-03
4.130360670387744904e-03
4.145147744566202164e-03
4.159907810389995575e-03
4.157484509050846100e-03
4.126352723687887192e-03
4.084758460521697998e-03
4.035651683807373047e-03
4.015491344034671783e-03
4.005160182714462280e-03
4.007041919976472855e-03
4.020164255052804947e-03
4.034629557281732559e-03
4.056656267493963242e-03
4.108600318431854248e-03
4.185891244560480118e-03
4.251954145729541779e-03
4.319468513131141663e-03
4.333811346441507339e-03
4.365707747638225555e-03
4.388808738440275192e-03
4.414196591824293137e-03
4.435563925653696060e-03
4.492941312491893768e-03
4.568058531731367111e-03
4.641668871045112610e-03
4.708790220320224762e-03
4.751552361994981766e-03
4.793268628418445587e-03
4.826598335057497025e-03
4.850013647228479385e-03
4.890118725597858429e-03
4.926988855004310608e-03
4.977965261787176132e-03
5.004791077226400375e-03
5.036393646150827408e-03
5.067275837063789368e-03
5.118987988680601120e-03
5.151845514774322510e-03
5.144012626260519028e-03
5.125693976879119873e-03
5.125536117702722549e-03
5.143109243363142014e-03
5.176814272999763489e-03
5.239218007773160934e-03
5.308547057211399078e-03
5.379447713494300842e-03
5.394466686993837357e-03
5.400856956839561462e-03
5.396520718932151794e-03
5.360790994018316269e-03
5.343595054000616074e-03
5.311818793416023254e-03
5.263505037873983383e-03
5.199757870286703110e-03
5.143643356859683990e-03
5.156155675649642944e-03
5.166482180356979370e-03
5.190181080251932144e-03
5.201376508921384811e-03
5.188231822103261948e-03
5.181698128581047058e-03
5.172074306756258011e-03
5.179661791771650314e-03
5.189125891774892807e-03
5.259374622255563736e-03
5.320659372955560684e-03
5.360496230423450470e-03
5.403802264481782913e-03
5.448624026030302048e-03
5.499039776623249054e-03
5.540071986615657806e-03
5.554034840315580368e-03
5.590404383838176727e-03
5.555582698434591293e-03
5.512122996151447296e-03
5.447336006909608841e-03
5.367602687329053879e-03
5.295156966894865036e-03
5.255306139588356018e-03
5.256628617644309998e-03
5.287148524075746536e-03
5.377518478780984879e-03
5.469720810651779175e-03
5.564308725297451019e-03
5.611612461507320404e-03
5.650036036968231201e-03
5.692559294402599335e-03
5.720261484384536743e-03
5.748005583882331848e-03
5.781720392405986786e-03
5.767000839114189148e-03
5.726409144699573517e-03
5.693521816283464432e-03
5.656988825649023056e-03
5.622189491987228394e-03
5.586846265941858292e-03
5.549500230699777603e-03
5.529515910893678665e-03
5.546440836042165756e-03
5.561028607189655304e-03
5.551515612751245499e-03
5.556274671107530594e-03
5.556963849812746048e-03
5.563631653785705566e-03
5.591941066086292267e-03
5.637199152261018753e-03
5.685981828719377518e-03
5.739229265600442886e-03
5.790264345705509186e-03
5.794773343950510025e-03
5.809628870338201523e-03
5.626037251204252243e-03
5.467041395604610443e-03
5.309399217367172241e-03
5.181339569389820099e-03
5.083170253783464432e-03
4.996951669454574585e-03
4.936422687023878098e-03
4.916737321764230728e-03
4.898936022073030472e-03
4.901274573057889938e-03
4.923972301185131073e-03
4.948671907186508179e-03
4.971173126250505447e-03
5.029085557907819748e-03
5.143191199749708176e-03
5.379271693527698517e-03
5.582263693213462830e-03
5.727301351726055145e-03
5.833210889250040054e-03
5.881035234779119492e-03
5.875643342733383179e-03
5.842620972543954849e-03
5.808111745864152908e-03
5.754402838647365570e-03
5.675620865076780319e-03
5.582364276051521301e-03
5.507735535502433777e-03
5.419336259365081787e-03
5.343109369277954102e-03
5.245674401521682739e-03
5.187304690480232239e-03
5.200103856623172760e-03
5.226075183600187302e-03
5.254894960671663284e-03
5.265162326395511627e-03
5.305225029587745667e-03
5.359269678592681885e-03
5.385220982134342194e-03
5.387773737311363220e-03
5.382658913731575012e-03
5.371039733290672302e-03
5.355716682970523834e-03
5.278960801661014557e-03
5.208587739616632462e-03
5.103185307234525681e-03
4.992882255464792252e-03
4.908332601189613342e-03
4.821397364139556885e-03
4.735352471470832825e-03
4.684510175138711929e-03
4.605216439813375473e-03
4.576493985950946808e-03
4.577249288558959961e-03
4.634868819266557693e-03
4.662336781620979309e-03
4.684243816882371902e-03
4.691691603511571884e-03
4.724469501525163651e-03
4.769150167703628540e-03
4.815863911062479019e-03
4.872134421020746231e-03
4.943266045302152634e-03
5.009889602661132812e-03
5.059145856648683548e-03
5.068431142717599869e-03
5.063372664153575897e-03
5.039940588176250458e-03
5.017186049371957779e-03
4.969996865838766098e-03
4.906181246042251587e-03
4.848369862884283066e-03
4.770646337419748306e-03
4.677418619394302368e-03
4.555602557957172394e-03
4.441461991518735886e-03
4.355985205620527267e-03
4.303791560232639313e-03
4.292636178433895111e-03
4.269708413630723953e-03
4.272532183676958084e-03
4.285538569092750549e-03
4.296089988201856613e-03
4.297419916838407516e-03
4.336505196988582611e-03
4.379085265100002289e-03
4.420274402946233749e-03
4.433056339621543884e-03
4.427121952176094055e-03
4.433505702763795853e-03
4.416874609887599945e-03
4.413347225636243820e-03
4.387482069432735443e-03
4.356606397777795792e-03
4.334046971052885056e-03
4.307262133806943893e-03
4.245813470333814621e-03
4.211247898638248444e-03
4.195459652692079544e-03
4.188823513686656952e-03
4.172761458903551102e-03
4.141306504607200623e-03
4.099220503121614456e-03
4.083124455064535141e-03
4.088529851287603378e-03
4.108418710529804230e-03
4.143493715673685074e-03
4.149894230067729950e-03
4.167329985648393631e-03
4.176438320428133011e-03
4.305953159928321838e-03
4.392140544950962067e-03
4.464049357920885086e-03
4.530729725956916809e-03
4.565017297863960266e-03
4.557975102216005325e-03
4.532632417976856232e-03
4.503422416746616364e-03
4.470035899430513382e-03
4.438492935150861740e-03
4.387274850159883499e-03
4.337459336966276169e-03
4.278015810996294022e-03
4.232620354741811752e-03
4.225160460919141769e-03
4.222959745675325394e-03
4.232109524309635162e-03
4.257703665643930435e-03
4.267153330147266388e-03
4.277376923710107803e-03
4.323681816458702087e-03
4.352891352027654648e-03
4.379752092063426971e-03
4.387885332107543945e-03
4.367548506706953049e-03
4.325152374804019928e-03
4.342223051935434341e-03
4.302468150854110718e-03
4.250265657901763916e-03
4.256756510585546494e-03
4.291816614568233490e-03
4.308177158236503601e-03
4.275282844901084900e-03
4.271676298230886459e-03
4.263391252607107162e-03
4.247432108968496323e-03
4.234738182276487350e-03
4.211120773106813431e-03
4.181953612715005875e-03
4.166124388575553894e-03
4.155610688030719757e-03
4.121307283639907837e-03
4.098581150174140930e-03
4.079583100974559784e-03
4.078678321093320847e-03
4.093183670192956924e-03
4.109558649361133575e-03
4.153731744736433029e-03
4.186475183814764023e-03
4.208386875689029694e-03
4.256699699908494949e-03
4.279781598597764969e-03
4.348140675574541092e-03
4.410103429108858109e-03
4.475168418139219284e-03
4.539729561656713486e-03
4.597111139446496964e-03
4.681712947785854340e-03
4.727903753519058228e-03
4.756813403218984604e-03
4.763579927384853363e-03
4.768372047692537308e-03
4.760046023875474930e-03
4.747734870761632919e-03
4.741642624139785767e-03
4.727232735604047775e-03
4.718375857919454575e-03
4.727455787360668182e-03
4.761880263686180115e-03
4.758129827678203583e-03
4.743993747979402542e-03
4.739701282232999802e-03
4.737626761198043823e-03
4.719697404652833939e-03
4.706474021077156067e-03
4.706274718046188354e-03
4.737391602247953415e-03
4.802293609827756882e-03
4.835899919271469116e-03
4.897754173725843430e-03
4.962117411196231842e-03
5.003564059734344482e-03
5.019637290388345718e-03
5.001804791390895844e-03
4.981362726539373398e-03
4.968364257365465164e-03
4.929203074425458908e-03
4.877448547631502151e-03
4.864445887506008148e-03
4.849924705922603607e-03
4.827664233744144440e-03
4.799021873623132706e-03
4.778811708092689514e-03
4.771755542606115341e-03
4.773887805640697479e-03
4.763565491884946823e-03
4.744825884699821472e-03
4.725418053567409515e-03
4.687482956796884537e-03
4.649156704545021057e-03
4.619672428816556931e-03
4.621871747076511383e-03
4.640222527086734772e-03
4.655024968087673187e-03
4.647960886359214783e-03
4.647764842957258224e-03
4.617386031895875931e-03
4.579519852995872498e-03
4.551400430500507355e-03
4.521032329648733139e-03
4.490419290959835052e-03
4.461510572582483292e-03
4.441753961145877838e-03
4.430828616023063660e-03
4.450624343007802963e-03
4.475821275264024734e-03
4.510879982262849808e-03
4.542936105281114578e-03
4.548492375761270523e-03
4.563463851809501648e-03
4.595425445586442947e-03
4.632353316992521286e-03
4.668369889259338379e-03
4.704262129962444305e-03
4.719143733382225037e-03
4.737252369523048401e-03
4.763495642691850662e-03
4.794083535671234131e-03
4.838490393012762070e-03
4.870595876127481461e-03
4.923609085381031036e-03
4.995988216251134872e-03
5.066064186394214630e-03
5.108698736876249313e-03
5.117810796946287155e-03
5.092586390674114227e-03
5.085890647023916245e-03
5.093034822493791580e-03
5.098186433315277100e-03
5.072333849966526031e-03
5.036332644522190094e-03
5.040382035076618195e-03
5.049717146903276443e-03
5.055287387222051620e-03
5.078592337667942047e-03
5.108761601150035858e-03
5.106010939925909042e-03
5.139480810612440109e-03
5.157384555786848068e-03
5.163962021470069885e-03
5.179653875529766083e-03
5.207533948123455048e-03
5.227991845458745956e-03
5.208864808082580566e-03
5.166226532310247421e-03
5.125120747834444046e-03
5.081386771053075790e-03
5.041446536779403687e-03
5.023738835006952286e-03
5.020685028284788132e-03
5.017004907131195068e-03
5.008101463317871094e-03
4.983599297702312469e-03
4.950186237692832947e-03
4.939348902553319931e-03
4.926488269120454788e-03
4.921939224004745483e-03
4.902432672679424286e-03
4.884200636297464371e-03
4.854072816669940948e-03
4.835706669837236404e-03
4.811031743884086609e-03
4.791029728949069977e-03
4.760717041790485382e-03
4.742846358567476273e-03
4.733351059257984161e-03
4.692933522164821625e-03
4.664992913603782654e-03
4.632653202861547470e-03
4.626258276402950287e-03
4.611419513821601868e-03
4.581200890243053436e-03
4.528964869678020477e-03
4.478896968066692352e-03
4.464037250727415085e-03
4.448842257261276245e-03
4.454529378563165665e-03
4.463859833776950836e-03
4.483002703636884689e-03
4.493849817663431168e-03
4.505976103246212006e-03
4.456370603293180466e-03
4.424018785357475281e-03
4.388621542602777481e-03
4.341647028923034668e-03
4.281241912394762039e-03
4.215063061565160751e-03
4.142811987549066544e-03
4.081825725734233856e-03
4.050651099532842636e-03
4.023906774818897247e-03
3.983365837484598160e-03
3.937424160540103912e-03
3.940283786505460739e-03
3.956251777708530426e-03
4.005192313343286514e-03
4.051199648529291153e-03
4.071095958352088928e-03
4.073738586157560349e-03
4.060655832290649414e-03
3.987926058471202850e-03
3.941379953175783157e-03
3.913205582648515701e-03
3.885946236550807953e-03
3.866865998134016991e-03
3.887642640620470047e-03
3.913142252713441849e-03
3.951778169721364975e-03
3.995047882199287415e-03
4.042186774313449860e-03
4.076626617461442947e-03
4.103243350982666016e-03
4.124426282942295074e-03
4.152600187808275223e-03
4.195240326225757599e-03
4.213331267237663269e-03
4.242451395839452744e-03
4.255893174558877945e-03
4.246116615831851959e-03
4.250780679285526276e-03
4.273907281458377838e-03
4.295042715966701508e-03
4.321954213082790375e-03
4.359283018857240677e-03
4.403171595185995102e-03
4.421606194227933884e-03
4.432731773704290390e-03
4.437868949025869370e-03
4.461263306438922882e-03
4.476622678339481354e-03
4.481576848775148392e-03
4.476308822631835938e-03
4.465808160603046417e-03
4.466524347662925720e-03
4.450730048120021820e-03
4.438790027052164078e-03
4.432804416865110397e-03
4.424398299306631088e-03
4.434238653630018234e-03
4.426051396876573563e-03
4.405535291880369186e-03
4.363222979009151459e-03
4.338186234235763550e-03
4.329460207372903824e-03
4.357631318271160126e-03
4.389989655464887619e-03
4.419745877385139465e-03
4.431362263858318329e-03
4.410312511026859283e-03
4.397932440042495728e-03
4.372357390820980072e-03
4.358403850346803665e-03
4.351900890469551086e-03
4.349838010966777802e-03
4.324724897742271423e-03
4.313842393457889557e-03
4.301706794649362564e-03
4.263275768607854843e-03
4.219667520374059677e-03
4.159490112215280533e-03
4.092935472726821899e-03
4.065976478159427643e-03
3.989899996668100357e-03
3.920358140021562576e-03
3.876795992255210876e-03
3.836867632344365120e-03
3.826547879725694656e-03
3.813585499301552773e-03
3.826441708952188492e-03
3.847303334623575211e-03
3.859781427308917046e-03
3.887177677825093269e-03
3.930365201085805893e-03
3.990046214312314987e-03
4.054682329297065735e-03
4.103058949112892151e-03
4.155689850449562073e-03
4.196825437247753143e-03
4.201834090054035187e-03
4.179076291620731354e-03
4.146023187786340714e-03
4.105748608708381653e-03
4.047537222504615784e-03
3.981162793934345245e-03
3.931708168238401413e-03
3.886962542310357094e-03
3.834867617115378380e-03
3.789412323385477066e-03
3.757788334041833878e-03
3.726618830114603043e-03
3.735088277608156204e-03
3.764816792681813240e-03
3.807485569268465042e-03
3.858643583953380585e-03
3.933907020837068558e-03
4.017152823507785797e-03
4.091801121830940247e-03
4.184826742857694626e-03
4.281489644199609756e-03
4.392198752611875534e-03
4.509574268013238907e-03
4.581228829920291901e-03
4.643766209483146667e-03
4.726688843220472336e-03
4.799187649041414261e-03
4.851587116718292236e-03
4.928693175315856934e-03
4.985601641237735748e-03
5.013120826333761215e-03
5.034877918660640717e-03
5.042708478868007660e-03
5.022072233259677887e-03
4.998468328267335892e-03
4.959705285727977753e-03
4.921436309814453125e-03
4.861248657107353210e-03
4.789199214428663254e-03
4.737846087664365768e-03
4.699677694588899612e-03
4.659702535718679428e-03
4.610982257872819901e-03
4.562735091894865036e-03
4.551293794065713882e-03
4.722897429019212723e-03
4.889618605375289917e-03
5.071964114904403687e-03
5.234413314610719681e-03
5.364323500543832779e-03
5.489115603268146515e-03
5.662444978952407837e-03
5.809518974274396896e-03
5.931114312261343002e-03
6.031702272593975067e-03
6.078393198549747467e-03
6.106993649154901505e-03
6.120759993791580200e-03
6.124808453023433685e-03
6.124994717538356781e-03
6.124517880380153656e-03
6.117209326475858688e-03
6.097560282796621323e-03
6.075450684875249863e-03
6.046640221029520035e-03
5.995951592922210693e-03
5.933273583650588989e-03
5.863944534212350845e-03
5.788671784102916718e-03
5.717445164918899536e-03
5.641146562993526459e-03
5.555337294936180115e-03
5.473288241773843765e-03
5.418026354163885117e-03
5.377226043492555618e-03
5.343211349099874496e-03
5.312762688845396042e-03
5.281372927129268646e-03
5.243782885372638702e-03
5.206855479627847672e-03
5.161493085324764252e-03
5.125286988914012909e-03
5.078438203781843185e-03
5.039237439632415771e-03
5.031778477132320404e-03
5.030748900026082993e-03
5.025960970669984818e-03
5.004094913601875305e-03
4.996078554540872574e-03
4.985881969332695007e-03
4.983388353139162064e-03
4.977894481271505356e-03
4.965035244822502136e-03
4.941328894346952438e-03
4.913983866572380066e-03
4.883344750851392746e-03
4.851143807172775269e-03
4.825355019420385361e-03
4.804755095392465591e-03
4.791936837136745453e-03
4.734712187200784683e-03
4.702818114310503006e-03
4.685994237661361694e-03
4.675597883760929108e-03
4.677499644458293915e-03
4.691033624112606049e-03
4.749399609863758087e-03
4.788717720657587051e-03
4.822574090212583542e-03
4.858555272221565247e-03
4.878466017544269562e-03
4.900661297142505646e-03
4.911615047603845596e-03
4.912580363452434540e-03
4.935080185532569885e-03
4.939208272844552994e-03
4.938941914588212967e-03
4.929526709020137787e-03
4.913977812975645065e-03
4.890382755547761917e-03
4.873420111835002899e-03
4.869392607361078262e-03
4.855558276176452637e-03
4.841774236410856247e-03
4.846076481044292450e-03
4.860890563577413559e-03
4.878857173025608063e-03
4.889981821179389954e-03
4.816330038011074066e-03
4.765567369759082794e-03
4.731518216431140900e-03
4.688437096774578094e-03
4.640024155378341675e-03
4.587631206959486008e-03
4.506907891482114792e-03
4.425579681992530823e-03
4.361718427389860153e-03
4.302024375647306442e-03
4.266909323632717133e-03
4.250239580869674683e-03
4.229043144732713699e-03
4.212179686874151230e-03
4.204431548714637756e-03
4.200950730592012405e-03
4.204704426229000092e-03
4.210579209029674530e-03
4.216997418552637100e-03
4.239728208631277084e-03
4.260850138962268829e-03
4.276716150343418121e-03
4.281641915440559387e-03
4.302118904888629913e-03
4.321010783314704895e-03
4.344221204519271851e-03
4.351970274001359940e-03
4.361863713711500168e-03
4.362125881016254425e-03
4.354751668870449066e-03
4.338829312473535538e-03
4.335933830589056015e-03
4.353491589426994324e-03
4.351096227765083313e-03
4.354932345449924469e-03
4.383774474263191223e-03
4.416354466229677200e-03
4.447346553206443787e-03
4.489708226174116135e-03
4.533180501312017441e-03
4.566053859889507294e-03
4.593650810420513153e-03
4.627320915460586548e-03
4.660093691200017929e-03
4.675055854022502899e-03
4.708923865109682083e-03
4.704299848526716232e-03
4.703014157712459564e-03
4.703864455223083496e-03
4.717251285910606384e-03
4.719655495136976242e-03
4.715620540082454681e-03
4.700958728790283203e-03
4.662571474909782410e-03
4.622919950634241104e-03
4.597512073814868927e-03
4.562873858958482742e-03
4.542753566056489944e-03
4.529848229140043259e-03
4.506465513259172440e-03
4.471351858228445053e-03
4.446095786988735199e-03
4.436920862644910812e-03
4.421348683536052704e-03
4.453382454812526703e-03
4.481313750147819519e-03
4.545831121504306793e-03
4.592254292219877243e-03
4.621402826160192490e-03
4.643691703677177429e-03
4.657470155507326126e-03
4.672015085816383362e-03
4.673135001212358475e-03
4.672625102102756500e-03
4.651228431612253189e-03
4.614855628460645676e-03
4.571955185383558273e-03
4.518998786807060242e-03
4.466825164854526520e-03
4.416173789650201797e-03
4.377917852252721786e-03
4.343663342297077179e-03
4.308650735765695572e-03
4.280762281268835068e-03
4.255779087543487549e-03
4.275740124285221100e-03
4.327597562223672867e-03
4.377075005322694778e-03
4.416046664118766785e-03
4.459119401872158051e-03
4.480172414332628250e-03
4.524074494838714600e-03
4.552958067506551743e-03
4.581757355481386185e-03
4.613937344402074814e-03
4.626505542546510696e-03
4.649257287383079529e-03
4.676812328398227692e-03
4.678546451032161713e-03
4.667468834668397903e-03
4.652043804526329041e-03
4.627634771168231964e-03
4.605437628924846649e-03
4.570813383907079697e-03
4.518441855907440186e-03
4.487571306526660919e-03
4.464480094611644745e-03
4.446908831596374512e-03
4.421136807650327682e-03
4.397040233016014099e-03
4.382668528705835342e-03
4.365062806755304337e-03
4.341782536357641220e-03
4.328399896621704102e-03
4.324325360357761383e-03
4.313740413635969162e-03
4.300228320062160492e-03
4.300548695027828217e-03
4.319882486015558243e-03
4.338881466537714005e-03
4.365310072898864746e-03
4.385424312204122543e-03
4.396500531584024429e-03
4.411046393215656281e-03
4.419628996402025223e-03
4.405008628964424133e-03
4.368298687040805817e-03
4.346147179603576660e-03
4.328692331910133362e-03
4.284839145839214325e-03
4.222784191370010376e-03
4.169820342212915421e-03
4.121570847928524017e-03
4.075981210917234421e-03
4.030528478324413300e-03
4.000789951533079147e-03
3.984517883509397507e-03
3.975186031311750412e-03
3.969216253608465195e-03
3.974822815507650375e-03
3.985648974776268005e-03
3.996225539594888687e-03
4.005507100373506546e-03
4.028529860079288483e-03
4.061815794557332993e-03
4.093612078577280045e-03
4.122327547520399094e-03
4.129574168473482132e-03
4.123412072658538818e-03
4.115841817110776901e-03
4.112904891371726990e-03
4.128549247980117798e-03
4.153763875365257263e-03
4.190570209175348282e-03
4.230276215821504593e-03
4.271298181265592575e-03
4.313105251640081406e-03
4.348522983491420746e-03
4.355909768491983414e-03
4.363661166280508041e-03
4.397501237690448761e-03
4.425645805895328522e-03
4.435248207300901413e-03
4.447859246283769608e-03
4.457652103155851364e-03
4.453668370842933655e-03
4.436942748725414276e-03
4.427081905305385590e-03
4.404172301292419434e-03
4.388889297842979431e-03
4.377897363156080246e-03
4.347793292254209518e-03
4.328855779021978378e-03
4.292911384254693985e-03
4.254214931279420853e-03
4.209904465824365616e-03
4.173828288912773132e-03
4.133084788918495178e-03
4.086295142769813538e-03
4.050579387694597244e-03
4.014746285974979401e-03
4.000303801149129868e-03
4.017924889922142029e-03
4.043672233819961548e-03
4.082720726728439331e-03
4.113447852432727814e-03
4.158503375947475433e-03
4.194576293230056763e-03
4.241116344928741455e-03
4.285220988094806671e-03
4.337172023952007294e-03
4.376151598989963531e-03
4.405646584928035736e-03
4.423860926181077957e-03
4.441564437001943588e-03
4.451770801097154617e-03
4.457700066268444061e-03
4.458628594875335693e-03
4.442891571670770645e-03
4.437335766851902008e-03
4.421727266162633896e-03
4.404956940561532974e-03
4.419176373630762100e-03
4.431744571775197983e-03
4.431664478033781052e-03
4.413133021444082260e-03
4.392373841255903244e-03
4.364841617643833160e-03
4.353625699877738953e-03
4.351520910859107971e-03
4.351490642875432968e-03
4.361775238066911697e-03
4.360573366284370422e-03
4.338382277637720108e-03
4.322301130741834641e-03
4.310572054237127304e-03
4.296779632568359375e-03
4.292075987905263901e-03
4.305975977331399918e-03
4.328554961830377579e-03
4.352247342467308044e-03
4.368201829493045807e-03
4.376138094812631607e-03
4.384964704513549805e-03
4.409532062709331512e-03
4.437777213752269745e-03
4.481986630707979202e-03
4.520701244473457336e-03
4.546801559627056122e-03
4.569415468722581863e-03
4.587738309055566788e-03
4.604290705174207687e-03
4.622402135282754898e-03
4.614680074155330658e-03
4.609642084687948227e-03
4.602073226124048233e-03
4.598421975970268250e-03
4.582808818668127060e-03
4.558870103210210800e-03
4.538365174084901810e-03
4.513136111199855804e-03
4.507505800575017929e-03
4.505652934312820435e-03
4.503089934587478638e-03
4.477134440094232559e-03
4.455695860087871552e-03
4.433745518326759338e-03
4.415130708366632462e-03
4.404153674840927124e-03
4.413567949086427689e-03
4.412434529513120651e-03
4.414046648889780045e-03
4.429828375577926636e-03
4.420357290655374527e-03
4.415622912347316742e-03
4.407675936818122864e-03
4.404648207128047943e-03
4.392479080706834793e-03
4.378816112875938416e-03
4.375915508717298508e-03
4.377278033643960953e-03
4.375732969492673874e-03
4.379543010145425797e-03
4.370510112494230270e-03
4.305114038288593292e-03
4.236808978021144867e-03
4.184341058135032654e-03
4.155932459980249405e-03
4.133587703108787537e-03
4.109491128474473953e-03
4.075817763805389404e-03
4.056191071867942810e-03
4.030352458357810974e-03
4.024637863039970398e-03
4.034799057990312576e-03
4.038538783788681030e-03
4.044071305543184280e-03
4.034775774925947189e-03
4.028436262160539627e-03
4.025921691209077835e-03
4.023941699415445328e-03
4.024509806185960770e-03
4.042939282953739166e-03
4.069349728524684906e-03
4.089601337909698486e-03
4.122654441744089127e-03
4.137776326388120651e-03
4.144727718085050583e-03
4.157924093306064606e-03
4.159671720117330551e-03
4.170457366853952408e-03
4.188563674688339233e-03
4.212335217744112015e-03
4.231797065585851669e-03
4.250006750226020813e-03
4.238630179315805435e-03
4.195054527372121811e-03
4.168226383626461029e-03
4.141101613640785217e-03
4.128235857933759689e-03
4.114825744181871414e-03
4.112576600164175034e-03
4.113949835300445557e-03
4.114924464374780655e-03
4.130911082029342651e-03
4.163516219705343246e-03
4.203679505735635757e-03
4.227777011692523956e-03
4.241849295794963837e-03
4.267118871212005615e-03
4.285540431737899780e-03
4.302298184484243393e-03
4.371668212115764618e-03
4.440741147845983505e-03
4.493609070777893066e-03
4.529590718448162079e-03
4.570655990391969681e-03
4.614320117980241776e-03
4.646936431527137756e-03
4.682624712586402893e-03
4.700114950537681580e-03
4.711349960416555405e-03
4.713180009275674820e-03
4.714109934866428375e-03
4.723908845335245132e-03
4.731547553092241287e-03
4.726481623947620392e-03
4.718005657196044922e-03
4.715383984148502350e-03
4.707613959908485413e-03
4.704462829977273941e-03
4.701497498899698257e-03
4.706527572125196457e-03
4.705145489424467087e-03
4.709006287157535553e-03
4.708973225206136703e-03
4.697603173553943634e-03
4.678881261497735977e-03
4.657505080103874207e-03
4.620613995939493179e-03
4.584075883030891418e-03
4.562613554298877716e-03
4.542649723589420319e-03
4.528358578681945801e-03
4.518545698374509811e-03
4.508161451667547226e-03
4.497420508414506912e-03
4.499104339629411697e-03
4.451116546988487244e-03
4.418225958943367004e-03
4.398025572299957275e-03
4.341797437518835068e-03
4.306683316826820374e-03
4.267320968210697174e-03
4.233293235301971436e-03
4.206302110105752945e-03
4.183348268270492554e-03
4.175499547272920609e-03
4.179100506007671356e-03
4.206775221973657608e-03
4.231461323797702789e-03
4.251811653375625610e-03
4.269850440323352814e-03
4.274275619536638260e-03
4.286952316761016846e-03
4.301270470023155212e-03
4.317510407418012619e-03
4.330546595156192780e-03
4.341642372310161591e-03
4.358236212283372879e-03
4.373866133391857147e-03
4.394811112433671951e-03
4.394899122416973114e-03
4.399854224175214767e-03
4.457362927496433258e-03
4.517530091106891632e-03
4.563020076602697372e-03
4.598154686391353607e-03
4.621289204806089401e-03
4.634830635040998459e-03
4.631611984223127365e-03
4.625892732292413712e-03
4.618568811565637589e-03
4.597325343638658524e-03
4.584336187690496445e-03
4.572162870317697525e-03
4.555705003440380096e-03
4.538465291261672974e-03
4.521860275417566299e-03
4.518168978393077850e-03
4.509276710450649261e-03
4.508539102971553802e-03
4.519425798207521439e-03
4.541454836726188660e-03
4.551806952804327011e-03
4.548350814729928970e-03
4.578324500471353531e-03
4.604259505867958069e-03
4.626620095223188400e-03
4.643689841032028198e-03
4.651813302189111710e-03
4.660626407712697983e-03
4.663886502385139465e-03
4.667771048843860626e-03
4.666750784963369370e-03
4.662904422730207443e-03
4.659756086766719818e-03
4.673513118177652359e-03
4.686223808676004410e-03
4.690806847065687180e-03
4.699791781604290009e-03
4.718626849353313446e-03
4.728785715997219086e-03
4.722345620393753052e-03
4.697251133620738983e-03
4.683475010097026825e-03
4.668248817324638367e-03
4.662020131945610046e-03
4.651864059269428253e-03
4.651074297726154327e-03
4.638824146240949631e-03
4.623148590326309204e-03
4.600092303007841110e-03
4.584175068885087967e-03
4.577515181154012680e-03
4.578114021569490433e-03
4.580341279506683350e-03
4.568291362375020981e-03
4.549394827336072922e-03
4.543107002973556519e-03
4.541581030935049057e-03
4.529253114014863968e-03
4.479986615478992462e-03
4.433375783264636993e-03
4.369981121271848679e-03
4.318985622376203537e-03
4.272692836821079254e-03
4.230408929288387299e-03
4.195030778646469116e-03
4.163115285336971283e-03
4.159240983426570892e-03
4.154641646891832352e-03
4.143128171563148499e-03
4.135271999984979630e-03
4.138412419706583023e-03
4.136475734412670135e-03
4.135407507419586182e-03
4.138380289077758789e-03
4.126074258238077164e-03
4.162992350757122040e-03
4.204598255455493927e-03
4.251140635460615158e-03
4.297460429370403290e-03
4.346591886132955551e-03
4.389732610434293747e-03
4.435654263943433762e-03
4.477520007640123367e-03
4.517788998782634735e-03
4.563971422612667084e-03
4.629387054592370987e-03
4.684692248702049255e-03
4.714454058557748795e-03
4.725344944745302200e-03
4.729474894702434540e-03
4.724501166492700577e-03
4.712861031293869019e-03
4.682554863393306732e-03
4.651890601962804794e-03
4.611691925674676895e-03
4.565740469843149185e-03
4.534636624157428741e-03
4.496125970035791397e-03
4.456542897969484329e-03
4.426354542374610901e-03
4.415689036250114441e-03
4.404791630804538727e-03
4.404436796903610229e-03
4.415890201926231384e-03
4.431142937391996384e-03
4.429794382303953171e-03
4.438415635377168655e-03
4.462375305593013763e-03
4.464371129870414734e-03
4.468673840165138245e-03
4.462843295186758041e-03
4.450410604476928711e-03
4.439301323145627975e-03
4.437605850398540497e-03
4.443408455699682236e-03
4.456882830709218979e-03
4.468630999326705933e-03
4.466572776436805725e-03
4.465036559849977493e-03
4.465314093977212906e-03
4.458022769540548325e-03
4.457636270672082901e-03
4.453315865248441696e-03
4.452636465430259705e-03
4.457899834960699081e-03
4.485905636101961136e-03
4.501945339143276215e-03
4.520813468843698502e-03
4.527558572590351105e-03
4.538675304502248764e-03
4.536869470030069351e-03
4.545009694993495941e-03
4.561438690871000290e-03
4.570368211716413498e-03
4.570791963487863541e-03
4.574409220367670059e-03
4.582964349538087845e-03
4.595457576215267181e-03
4.604154266417026520e-03
4.627140704542398453e-03
4.647849593311548233e-03
4.664526786655187607e-03
4.675331059843301773e-03
4.680304788053035736e-03
4.668551497161388397e-03
4.644964355975389481e-03
4.609780386090278625e-03
4.569712094962596893e-03
4.523499868810176849e-03
4.470209125429391861e-03
4.423285834491252899e-03
4.382108338177204132e-03
4.350268281996250153e-03
4.328314680606126785e-03
4.310037940740585327e-03
4.285704344511032104e-03
4.266961012035608292e-03
4.245828371495008469e-03
4.230179823935031891e-03
4.215958993881940842e-03
4.206728655844926834e-03
4.199001938104629517e-03
4.194071516394615173e-03
4.205381963402032852e-03
4.217611625790596008e-03
4.227665252983570099e-03
4.245677497237920761e-03
4.267239477485418320e-03
4.280521534383296967e-03
4.294549580663442612e-03
4.321087151765823364e-03
4.351106006652116776e-03
4.374076612293720245e-03
4.385831300169229507e-03
4.371987190097570419e-03
4.362524021416902542e-03
4.356443881988525391e-03
4.335688427090644836e-03
4.309650510549545288e-03
4.297662992030382156e-03
4.287351388484239578e-03
4.280481487512588501e-03
4.267876967787742615e-03
4.256500396877527237e-03
4.241401329636573792e-03
4.219809547066688538e-03
4.207399673759937286e-03
4.206613637506961823e-03
4.206162411719560623e-03
4.209611099213361740e-03
4.209455568343400955e-03
4.204947035759687424e-03
4.190488252788782120e-03
4.154195543378591537e-03
4.121673759073019028e-03
4.099787212908267975e-03
4.080911166965961456e-03
4.064275883138179779e-03
4.047951661050319672e-03
4.049029201269149780e-03
4.042779095470905304e-03
4.048543982207775116e-03
4.049403127282857895e-03
4.064957145601511002e-03
4.092380404472351074e-03
4.124114289879798889e-03
4.151522181928157806e-03
4.169926512986421585e-03
4.181183408945798874e-03
4.193034023046493530e-03
4.210870712995529175e-03
4.221273120492696762e-03
4.238712135702371597e-03
4.247081466019153595e-03
4.241780377924442291e-03
4.235337488353252411e-03
4.220265429466962814e-03
4.205633886158466339e-03
4.176834132522344589e-03
4.151861649006605148e-03
4.121895879507064819e-03
4.104665480554103851e-03
4.097098484635353088e-03
4.098352510482072830e-03
4.097747150808572769e-03
4.108939785510301590e-03
4.126145970076322556e-03
4.147408995777368546e-03
4.172390326857566833e-03
4.187830723822116852e-03
4.212903790175914764e-03
4.235593602061271667e-03
4.248142708092927933e-03
4.253842867910861969e-03
4.262025933712720871e-03
4.268232733011245728e-03
4.270785022526979446e-03
4.276379477232694626e-03
4.269051831215620041e-03
4.262560047209262848e-03
4.250872880220413208e-03
4.238960333168506622e-03
4.228740464895963669e-03
4.233368672430515289e-03
4.244700539857149124e-03
4.257497843354940414e-03
4.261464346200227737e-03
4.267296288162469864e-03
4.277496132999658585e-03
4.284699913114309311e-03
4.288523457944393158e-03
4.290877375751733780e-03
4.293545614928007126e-03
4.299998749047517776e-03
4.311132244765758514e-03
4.320356994867324829e-03
4.335753154009580612e-03
4.350018687546253204e-03
4.372573457658290863e-03
4.385683219879865646e-03
4.376680124551057816e-03
4.347078967839479446e-03
4.312275908887386322e-03
4.275991115719079971e-03
4.250893834978342056e-03
4.230908583849668503e-03
4.220931325107812881e-03
4.239103756844997406e-03
4.253704100847244263e-03
4.280224908143281937e-03
4.313766956329345703e-03
4.330245777964591980e-03
4.329660441726446152e-03
4.323269706219434738e-03
4.310208838433027267e-03
4.288705997169017792e-03
4.271914251148700714e-03
4.259125795215368271e-03
4.245080985128879547e-03
4.247444216161966324e-03
4.242300987243652344e-03
4.238736815750598907e-03
4.231381695717573166e-03
4.217128735035657883e-03
4.214840009808540344e-03
4.211501218378543854e-03
4.210531245917081833e-03
4.217007663100957870e-03
4.224692936986684799e-03
4.238976165652275085e-03
4.246387165039777756e-03
4.259941633790731430e-03
4.254319705069065094e-03
4.255758132785558701e-03
4.265974741429090500e-03
4.276796244084835052e-03
4.274860490113496780e-03
4.269220866262912750e-03
4.275584593415260315e-03
4.277484025806188583e-03
4.245252348482608795e-03
4.209168255329132080e-03
4.175323527306318283e-03
4.148297011852264404e-03
4.124450962990522385e-03
4.097874276340007782e-03
4.083237145096063614e-03
4.074981901794672012e-03
4.074417520314455032e-03
4.083522129803895950e-03
4.084222484380006790e-03
4.091924056410789490e-03
4.092732444405555725e-03
4.086839035153388977e-03
4.086770117282867432e-03
4.081238526850938797e-03
4.076445475220680237e-03
4.076958633959293365e-03
4.083835985511541367e-03
4.091796930879354477e-03
4.104707855731248856e-03
4.120782483369112015e-03
4.135770257562398911e-03
4.140703473240137100e-03
4.126353655010461807e-03
4.114768002182245255e-03
4.092221148312091827e-03
4.077515099197626114e-03
4.077018238604068756e-03
4.086990375071763992e-03
4.101835191249847412e-03
4.113090690225362778e-03
4.131944850087165833e-03
4.152417648583650589e-03
4.166924860328435898e-03
4.183181095868349075e-03
4.188679158687591553e-03
4.186650738120079041e-03
4.190569743514060974e-03
4.191883839666843414e-03
4.194323904812335968e-03
4.196523223072290421e-03
4.210259299725294113e-03
4.231532569974660873e-03
4.248660057783126831e-03
4.267231095582246780e-03
4.282317124307155609e-03
4.292921163141727448e-03
4.308610688894987106e-03
4.325934685766696930e-03
4.341362975537776947e-03
4.352892749011516571e-03
4.378000739961862564e-03
4.409273155033588409e-03
4.447434097528457642e-03
4.481752868741750717e-03
4.515878856182098389e-03
4.545382224023342133e-03
4.574612714350223541e-03
4.597679246217012405e-03
4.618888720870018005e-03
4.630052018910646439e-03
4.640989936888217926e-03
4.646178334951400757e-03
4.637792706489562988e-03
4.633151926100254059e-03
4.632276948541402817e-03
4.632578697055578232e-03
4.635345190763473511e-03
4.648089874535799026e-03
4.660314414650201797e-03
4.677332006394863129e-03
4.698883742094039917e-03
4.722977988421916962e-03
4.740880336612462997e-03
4.748781677335500717e-03
4.756564274430274963e-03
4.749116022139787674e-03
4.733853507786989212e-03
4.717587027698755264e-03
4.689029417932033539e-03
4.661031067371368408e-03
4.633645992726087570e-03
4.610839299857616425e-03
4.469360224902629852e-03
4.334762692451477051e-03
4.221398849040269852e-03
4.125740844756364822e-03
4.039890132844448090e-03
3.973176702857017517e-03
3.920605871826410294e-03
3.878155024722218513e-03
3.848596243187785149e-03
3.830963512882590294e-03
3.825146937742829323e-03
3.821495920419692993e-03
3.815064905211329460e-03
3.813311224803328514e-03
3.816636046394705772e-03
3.828100394457578659e-03
3.849986940622329712e-03
3.866733750328421593e-03
3.879297291859984398e-03
3.898834809660911560e-03
3.917129244655370712e-03
3.941677045077085495e-03
3.977810032665729523e-03
4.018319770693778992e-03
4.060095641762018204e-03
4.091870971024036407e-03
4.123249556869268417e-03
4.148408304899930954e-03
4.168581217527389526e-03
4.188311286270618439e-03
4.209440201520919800e-03
4.228872247040271759e-03
4.248069599270820618e-03
4.263393580913543701e-03
4.276911262422800064e-03
4.286631010472774506e-03
4.294576123356819153e-03
4.308611620217561722e-03
4.312393721193075180e-03
4.315457772463560104e-03
4.315261729061603546e-03
4.324968904256820679e-03
4.333300516009330750e-03
4.338519182056188583e-03
4.363922402262687683e-03
4.393224604427814484e-03
4.418646916747093201e-03
4.440200049430131912e-03
4.463398829102516174e-03
4.484914708882570267e-03
4.502587486058473587e-03
4.508093465119600296e-03
4.514481872320175171e-03
4.510537255555391312e-03
4.500197712332010269e-03
4.493756219744682312e-03
4.487244877964258194e-03
4.486958961933851242e-03
4.488579928874969482e-03
4.492121282964944839e-03
4.478850401937961578e-03
4.467654973268508911e-03
4.456397145986557007e-03
4.437432624399662018e-03
4.415928386151790619e-03
4.408118780702352524e-03
4.400595091283321381e-03
4.396229051053524017e-03
4.393515177071094513e-03
4.396435804665088654e-03
4.398927558213472366e-03
4.402830731123685837e-03
4.412748850882053375e-03
4.424588754773139954e-03
4.426902625709772110e-03
4.432992544025182724e-03
4.436238668859004974e-03
4.439880140125751495e-03
4.444285295903682709e-03
4.449280910193920135e-03
4.461419768631458282e-03
4.472238477319478989e-03
4.481571726500988007e-03
4.485826473683118820e-03
4.489664919674396515e-03
4.525689873844385147e-03
4.555427003651857376e-03
4.583030473440885544e-03
4.613808821886777878e-03
4.639888182282447815e-03
4.658416844904422760e-03
4.674551542848348618e-03
4.694154486060142517e-03
4.710105713456869125e-03
4.722674377262592316e-03
4.721914418041706085e-03
4.712291527539491653e-03
4.702978767454624176e-03
4.695310723036527634e-03
4.691960755735635757e-03
4.685670137405395508e-03
4.682056605815887451e-03
4.689868539571762085e-03
4.693849477916955948e-03
4.694590810686349869e-03
4.688776563853025436e-03
4.675757139921188354e-03
4.663442727178335190e-03
4.649861250072717667e-03
4.630508832633495331e-03
4.614375066012144089e-03
4.608840215951204300e-03
4.611177369952201843e-03
4.617835860699415207e-03
4.625648260116577148e-03
4.624587018042802811e-03
4.620836116373538971e-03
4.615387879312038422e-03
4.607889801263809204e-03
4.604293033480644226e-03
4.597425460815429688e-03
4.585910122841596603e-03
4.573872312903404236e-03
4.557206295430660248e-03
4.537634085863828659e-03
4.510950762778520584e-03
4.496184177696704865e-03
4.484363365918397903e-03
4.479656927287578583e-03
4.484661389142274857e-03
4.487648140639066696e-03
4.491812549531459808e-03
4.521961323916912079e-03
4.549294710159301758e-03
4.572205711156129837e-03
4.591462202370166779e-03
4.609823692589998245e-03
4.628522787243127823e-03
4.646758548915386200e-03
4.659938160330057144e-03
4.668424371629953384e-03
4.669111222028732300e-03
4.668949171900749207e-03
4.666423890739679337e-03
4.649899899959564209e-03
4.629336763173341751e-03
4.603906068950891495e-03
4.581969697028398514e-03
4.546055570244789124e-03
4.509847145527601242e-03
4.483310505747795105e-03
4.457811359316110611e-03
4.435822367668151855e-03
4.421791527420282364e-03
4.418184515088796616e-03
4.448005463927984238e-03
4.460738971829414368e-03
4.478788934648036957e-03
4.504629410803318024e-03
4.533017054200172424e-03
4.555287770926952362e-03
4.587651696056127548e-03
4.618475679308176041e-03
4.646550863981246948e-03
4.664283245801925659e-03
4.678868688642978668e-03
4.691330250352621078e-03
4.696044139564037323e-03
4.696241579949855804e-03
4.697137046605348587e-03
4.698712844401597977e-03
4.692760296165943146e-03
4.691675771027803421e-03
4.689747933298349380e-03
4.686499014496803284e-03
4.682113882154226303e-03
4.682853817939758301e-03
4.682420287281274796e-03
4.681212361901998520e-03
4.678180441260337830e-03
4.669617395848035812e-03
4.663092549890279770e-03
4.654895979911088943e-03
4.641371779143810272e-03
4.626535810530185699e-03
4.605662543326616287e-03
4.572693258523941040e-03
4.544750321656465530e-03
4.522758070379495621e-03
4.500294104218482971e-03
4.484131466597318649e-03
4.466286860406398773e-03
4.442250356078147888e-03
4.420178011059761047e-03
4.402858670800924301e-03
4.396888893097639084e-03
4.398851189762353897e-03
4.407203756272792816e-03
4.412965383380651474e-03
4.423820413649082184e-03
4.432204179465770721e-03
4.434863571077585220e-03
4.441007971763610840e-03
4.442119970917701721e-03
4.449388943612575531e-03
4.459339193999767303e-03
4.475724883377552032e-03
4.488161765038967133e-03
4.491926170885562897e-03
4.495836328715085983e-03
4.501448944211006165e-03
4.502953961491584778e-03
4.506907425820827484e-03
4.510239232331514359e-03
4.515294451266527176e-03
4.520920105278491974e-03
4.515830893069505692e-03
4.518423695117235184e-03
4.523552954196929932e-03
4.526341799646615982e-03
4.522161558270454407e-03
4.518809728324413300e-03
4.510635975748300552e-03
4.506198689341545105e-03
4.503965377807617188e-03
4.497672896832227707e-03
4.487225320190191269e-03
4.474968649446964264e-03
4.447564017027616501e-03
4.433131776750087738e-03
4.417954012751579285e-03
4.400687292218208313e-03
4.384282976388931274e-03
4.369169473648071289e-03
4.353905562311410904e-03
4.345426335930824280e-03
4.344515968114137650e-03
4.342322237789630890e-03
4.346791189163923264e-03
4.346775356680154800e-03
4.340042360126972198e-03
4.331633448600769043e-03
4.326493479311466217e-03
4.329677671194076538e-03
4.328421317040920258e-03
4.328803159296512604e-03
4.324716981500387192e-03
4.328800830990076065e-03
4.340082872658967972e-03
4.351854790002107620e-03
4.364431370049715042e-03
4.370796028524637222e-03
4.376264289021492004e-03
4.383809864521026611e-03
4.389273934066295624e-03
4.398404154926538467e-03
4.403967410326004028e-03
4.414074588567018509e-03
4.423427395522594452e-03
4.437465220689773560e-03
4.454267211258411407e-03
4.474502522498369217e-03
4.488012287765741348e-03
4.498782102018594742e-03
4.505586810410022736e-03
4.509123973548412323e-03
4.512901417911052704e-03
4.516712389886379242e-03
4.518907982856035233e-03
4.523832350969314575e-03
4.522792529314756393e-03
4.521375056356191635e-03
4.519616253674030304e-03
4.519986454397439957e-03
4.521862138062715530e-03
4.524859134107828140e-03
4.526370670646429062e-03
4.530684091150760651e-03
4.536603111773729324e-03
4.540288820862770081e-03
4.555844701826572418e-03
4.566081799566745758e-03
4.576957318931818008e-03
4.590382333844900131e-03
4.589369986206293106e-03
4.586985334753990173e-03
4.590836819261312485e-03
4.594570025801658630e-03
4.594081081449985504e-03
4.600715823471546173e-03
4.612925928086042404e-03
4.619833081960678101e-03
4.635356366634368896e-03
4.647864494472742081e-03
4.659791011363267899e-03
4.663554951548576355e-03
4.663902334868907928e-03
4.661846905946731567e-03
4.661899991333484650e-03
4.660236183553934097e-03
4.653376061469316483e-03
4.640693776309490204e-03
4.640167579054832458e-03
4.633326083421707153e-03
4.623392131179571152e-03
4.612139891833066940e-03
4.600665997713804245e-03
4.593845456838607788e-03
4.577420651912689209e-03
4.555458202958106995e-03
4.535885527729988098e-03
4.522414412349462509e-03
4.508209880441427231e-03
4.500583279877901077e-03
4.494102671742439270e-03
4.490318708121776581e-03
4.487548954784870148e-03
4.493765067309141159e-03
4.489647224545478821e-03
4.492780659347772598e-03
4.495765082538127899e-03
4.496279638260602951e-03
4.495692905038595200e-03
4.491538275033235550e-03
4.489493090659379959e-03
4.485045094043016434e-03
4.479972645640373230e-03
4.474204499274492264e-03
4.478577524423599243e-03
4.479180090129375458e-03
4.478388465940952301e-03
4.348248243331909180e-03
4.235225263983011246e-03
4.144675098359584808e-03
4.067510366439819336e-03
4.002880305051803589e-03
3.944336436688899994e-03
3.889608895406126976e-03
3.846897976472973824e-03
3.806320251896977425e-03
3.770004957914352417e-03
3.738222643733024597e-03
3.705673152580857277e-03
3.674447303637862206e-03
3.643819363787770271e-03
3.617650130763649940e-03
3.601246047765016556e-03
3.592765424400568008e-03
3.586504841223359108e-03
3.574701724573969841e-03
3.565570572391152382e-03
3.555403556674718857e-03
3.544234205037355423e-03
3.536402713507413864e-03
3.531410358846187592e-03
3.526858054101467133e-03
3.526605898514389992e-03
3.529579378664493561e-03
3.533438779413700104e-03
3.534429939463734627e-03
3.536745440214872360e-03
3.545845858752727509e-03
3.558682743459939957e-03
3.568779677152633667e-03
3.581918776035308838e-03
3.600296797230839729e-03
3.624650649726390839e-03
3.647734411060810089e-03
3.665909171104431152e-03
3.681476227939128876e-03
3.697666339576244354e-03
3.712608711794018745e-03
3.732094541192054749e-03
3.747791284695267677e-03
3.761369967833161354e-03
3.779506310820579529e-03
3.802617779001593590e-03
3.822259139269590378e-03
3.843658138066530228e-03
3.839762881398200989e-03
3.829884808510541916e-03
3.816606476902961731e-03
3.804313251748681068e-03
3.793243085965514183e-03
3.780464176088571548e-03
3.773135365918278694e-03
3.768754890188574791e-03
3.769169095903635025e-03
3.768457798287272453e-03
3.767157904803752899e-03
3.767597256228327751e-03
3.764406312257051468e-03
3.758847480639815331e-03
3.757182741537690163e-03
3.758635371923446655e-03
3.757925704121589661e-03
3.762591397389769554e-03
3.765626111999154091e-03
3.772370750084519386e-03
3.776842029765248299e-03
3.784456523135304451e-03
3.789534559473395348e-03
3.797534853219985962e-03
3.806133521720767021e-03
3.808091161772608757e-03
3.809424582868814468e-03
3.806508379057049751e-03
3.804845036938786507e-03
3.803940024226903915e-03
3.806014545261859894e-03
3.812301205471158028e-03
3.822399536147713661e-03
3.831940004602074623e-03
3.842975478619337082e-03
3.859652904793620110e-03
3.882539458572864532e-03
3.906800411641597748e-03
3.928808029741048813e-03
3.950698766857385635e-03
3.973539918661117554e-03
3.992514219135046005e-03
4.012042190879583359e-03
4.027103073894977570e-03
4.036602564156055450e-03
4.037264268845319748e-03
4.038922954350709915e-03
4.040864296257495880e-03
4.042137879878282547e-03
4.039002116769552231e-03
4.037575330585241318e-03
4.036567639559507370e-03
4.033293575048446655e-03
4.028168506920337677e-03
4.021980334073305130e-03
4.020059015601873398e-03
4.019568208605051041e-03
4.016487393528223038e-03
3.997477237135171890e-03
3.978524357080459595e-03
3.961062990128993988e-03
3.944595344364643097e-03
3.932224586606025696e-03
3.922383766621351242e-03
3.914762288331985474e-03
3.912303131073713303e-03
3.912959713488817215e-03
3.918626345694065094e-03
3.926735837012529373e-03
3.933859989047050476e-03
3.942886833101511002e-03
3.947561606764793396e-03
3.953073173761367798e-03
3.958866000175476074e-03
3.961137495934963226e-03
3.960463218390941620e-03
3.959930501878261566e-03
3.958156332373619080e-03
3.953423351049423218e-03
3.950356971472501755e-03
3.945668693631887436e-03
3.940078895539045334e-03
3.934732638299465179e-03
3.928788471966981888e-03
3.925512079149484634e-03
3.921864088624715805e-03
3.924417775124311447e-03
3.929760772734880447e-03
3.934050444513559341e-03
3.938351757824420929e-03
3.942202776670455933e-03
3.947207238525152206e-03
3.949469421058893204e-03
3.960277419537305832e-03
3.971319645643234253e-03
3.987928852438926697e-03
4.004460293799638748e-03
4.023854155093431473e-03
4.044813103973865509e-03
4.062417894601821899e-03
4.078498575836420059e-03
4.089812282472848892e-03
4.094847012311220169e-03
4.095271229743957520e-03
4.093991126865148544e-03
4.095569252967834473e-03
4.101763013750314713e-03
4.109045490622520447e-03
4.116699099540710449e-03
4.123982973396778107e-03
4.131545778363943100e-03
4.143695347011089325e-03
4.157334100455045700e-03
4.181978758424520493e-03
4.207946360111236572e-03
4.232189152389764786e-03
4.258581902831792831e-03
4.287456627935171127e-03
4.316149745136499405e-03
4.340627696365118027e-03
4.358029458671808243e-03
4.370571579784154892e-03
4.383394960314035416e-03
4.398962482810020447e-03
4.410479683429002762e-03
4.418765660375356674e-03
4.422761499881744385e-03
4.422862548381090164e-03
4.421871155500411987e-03
4.416668787598609924e-03
4.412403330206871033e-03
4.406061954796314240e-03
4.406229127198457718e-03
4.405430052429437637e-03
4.404631908982992172e-03
4.404070321470499039e-03
4.402974154800176620e-03
4.402923397719860077e-03
4.403014667332172394e-03
4.402859136462211609e-03
4.405952524393796921e-03
4.400811623781919479e-03
4.395385272800922394e-03
4.390619229525327682e-03
4.382734186947345734e-03
4.366884939372539520e-03
4.350938834249973297e-03
4.336351063102483749e-03
4.321497399359941483e-03
4.310991149395704269e-03
4.307367838919162750e-03
4.312179051339626312e-03
4.318739753216505051e-03
4.325984045863151550e-03
4.338039085268974304e-03
4.349861294031143188e-03
4.367370624095201492e-03
4.385815467685461044e-03
4.406866151839494705e-03
4.425374325364828110e-03
4.444114398211240768e-03
4.468025173991918564e-03
4.490676335990428925e-03
4.508071113377809525e-03
4.522562492638826370e-03
4.538640845566987991e-03
4.550759680569171906e-03
4.556247033178806305e-03
4.563120193779468536e-03
4.569106735289096832e-03
4.578881897032260895e-03
4.587870091199874878e-03
4.593178629875183105e-03
4.591385368257761002e-03
4.589191637933254242e-03
4.588894546031951904e-03
4.587785806506872177e-03
4.587327595800161362e-03
4.587436560541391373e-03
4.586914554238319397e-03
4.587747622281312943e-03
4.585701040923595428e-03
4.582521039992570877e-03
4.576553590595722198e-03
4.565383307635784149e-03
4.557102452963590622e-03
4.546081181615591049e-03
4.535590298473834991e-03
4.524907097220420837e-03
4.515241365879774094e-03
4.500471521168947220e-03
4.489779472351074219e-03
4.481238778680562973e-03
4.473513457924127579e-03
