-2.811437845230102539e-02,-5.064153671264648438e-02,1.571236550807952881e-02
-2.911436557769775391e-02,-4.964160919189453125e-02,1.471236348152160645e-02
-2.980956435203552246e-02,-4.866468906402587891e-02,1.444143056869506836e-02
-3.035804629325866699e-02,-4.791688919067382812e-02,1.440589129924774170e-02
-3.080701828002929688e-02,-4.710376262664794922e-02,1.478089392185211182e-02
-3.117603063583374023e-02,-4.652535915374755859e-02,1.502966880798339844e-02
-3.148993849754333496e-02,-4.621481895446777344e-02,1.482860743999481201e-02
-3.175631165504455566e-02,-4.569351673126220703e-02,1.450142264366149902e-02
-3.198799490928649902e-02,-4.508602619171142578e-02,1.412464678287506104e-02
-3.217878937721252441e-02,-4.502451419830322266e-02,1.382778584957122803e-02
-3.236606717109680176e-02,-4.481780529022216797e-02,1.354508101940155029e-02
-3.254297375679016113e-02,-4.453933238983154297e-02,1.326796412467956543e-02
-3.270605206489562988e-02,-4.416024684906005859e-02,1.301123201847076416e-02
-3.284418582916259766e-02,-4.382860660552978516e-02,1.273706555366516113e-02
-3.298604488372802734e-02,-4.358482360839843750e-02,1.256839931011199951e-02
-3.313273191452026367e-02,-4.321420192718505859e-02,1.228600740432739258e-02
-3.327113389968872070e-02,-4.295146465301513672e-02,1.242582499980926514e-02
-3.338816761970520020e-02,-4.283881187438964844e-02,1.262067258358001709e-02
-3.348883986473083496e-02,-4.268705844879150391e-02,1.275981962680816650e-02
-3.357800841331481934e-02,-4.256224632263183594e-02,1.300482451915740967e-02
-3.365045785903930664e-02,-4.243338108062744141e-02,1.331235468387603760e-02
-3.372734785079956055e-02,-4.223728179931640625e-02,1.356004178524017334e-02
-3.378513455390930176e-02,-4.225897789001464844e-02,1.372309029102325439e-02
-3.384831547737121582e-02,-4.235088825225830078e-02,1.385565102100372314e-02
-3.390944004058837891e-02,-4.245185852050781250e-02,1.387237012386322021e-02
-3.395968675613403320e-02,-4.262411594390869141e-02,1.383556425571441650e-02
-3.402310609817504883e-02,-4.279768466949462891e-02,1.382876932621002197e-02
-3.407663106918334961e-02,-4.283738136291503906e-02,1.363918185234069824e-02
-3.412634134292602539e-02,-4.287838935852050781e-02,1.365321874618530273e-02
-3.418332338333129883e-02,-4.289793968200683594e-02,1.383692026138305664e-02
-3.423482179641723633e-02,-4.302382469177246094e-02,1.414728164672851562e-02
-3.429520130157470703e-02,-4.319608211517333984e-02,1.460355520248413086e-02
-3.436416387557983398e-02,-4.314970970153808594e-02,1.442919671535491943e-02
-3.444120287895202637e-02,-4.316198825836181641e-02,1.422953605651855469e-02
-3.449800610542297363e-02,-4.320752620697021484e-02,1.390524208545684814e-02
-3.459346294403076172e-02,-4.316139221191406250e-02,1.368536055088043213e-02
-3.469744324684143066e-02,-4.309797286987304688e-02,1.339709758758544922e-02
-3.472599387168884277e-02,-4.303026199340820312e-02,1.300188899040222168e-02
-3.477355837821960449e-02,-4.294562339782714844e-02,1.252824068069458008e-02
-3.482601046562194824e-02,-4.293179512023925781e-02,1.192571222782135010e-02
-3.486046195030212402e-02,-4.293632507324218750e-02,1.140049099922180176e-02
-3.488317131996154785e-02,-4.283428192138671875e-02,1.087833940982818604e-02
-3.491359949111938477e-02,-4.265511035919189453e-02,1.045534014701843262e-02
-3.492367267608642578e-02,-4.250240325927734375e-02,1.016931235790252686e-02
-3.493782877922058105e-02,-4.245913028717041016e-02,9.969338774681091309e-03
-3.494754433631896973e-02,-4.228723049163818359e-02,9.779542684555053711e-03
-3.496858477592468262e-02,-4.217195510864257812e-02,9.586751461029052734e-03
-3.498697280883789062e-02,-4.204022884368896484e-02,9.291872382164001465e-03
-3.499677777290344238e-02,-4.180753231048583984e-02,8.998453617095947266e-03
-3.501036763191223145e-02,-4.152894020080566406e-02,8.879512548446655273e-03
-3.498291969299316406e-02,-4.130792617797851562e-02,8.826151490211486816e-03
-3.497737646102905273e-02,-4.103326797485351562e-02,8.890733122825622559e-03
-3.498113155364990234e-02,-4.074895381927490234e-02,8.883461356163024902e-03
-3.501117229461669922e-02,-4.043221473693847656e-02,9.029895067214965820e-03
-3.504443168640136719e-02,-4.010260105133056641e-02,9.099736809730529785e-03
-3.509089350700378418e-02,-3.976392745971679688e-02,9.111672639846801758e-03
-3.512170910835266113e-02,-3.941857814788818359e-02,9.030848741531372070e-03
-3.517255187034606934e-02,-3.910827636718750000e-02,8.843481540679931641e-03
-3.518953919410705566e-02,-3.859746456146240234e-02,8.732452988624572754e-03
-3.518125414848327637e-02,-3.811669349670410156e-02,8.506670594215393066e-03
-3.519394993782043457e-02,-3.770172595977783203e-02,8.314654231071472168e-03
-3.519803285598754883e-02,-3.738415241241455078e-02,8.010968565940856934e-03
-3.520119190216064453e-02,-3.702998161315917969e-02,7.590398192405700684e-03
-3.519490361213684082e-02,-3.674685955047607422e-02,7.156565785408020020e-03
-3.519353270530700684e-02,-3.645312786102294922e-02,6.725326180458068848e-03
-3.517919778823852539e-02,-3.647387027740478516e-02,6.425991654396057129e-03
-3.519746661186218262e-02,-3.659451007843017578e-02,6.050705909729003906e-03
-3.523677587509155273e-02,-3.671920299530029297e-02,5.700573325157165527e-03
-3.526848554611206055e-02,-3.684866428375244141e-02,5.275785923004150391e-03
-3.530585765838623047e-02,-3.693139553070068359e-02,4.975974559783935547e-03
-3.535875678062438965e-02,-3.696060180664062500e-02,4.628077149391174316e-03
-3.540721535682678223e-02,-3.700375556945800781e-02,4.303365945816040039e-03
-3.545001149177551270e-02,-3.703284263610839844e-02,4.046127200126647949e-03
-3.544259071350097656e-02,-3.771567344665527344e-02,3.760427236557006836e-03
-3.548318147659301758e-02,-3.828489780426025391e-02,3.441333770751953125e-03
-3.553944826126098633e-02,-3.878831863403320312e-02,3.076344728469848633e-03
-3.562381863594055176e-02,-3.915071487426757812e-02,2.630591392517089844e-03
-3.568598628044128418e-02,-3.945815563201904297e-02,2.194419503211975098e-03
-3.576302528381347656e-02,-3.972220420837402344e-02,1.686200499534606934e-03
-3.584042191505432129e-02,-3.992438316345214844e-02,1.319184899330139160e-03
-3.591966629028320312e-02,-4.011082649230957031e-02,9.881705045700073242e-04
-3.597840666770935059e-02,-4.025065898895263672e-02,7.185488939285278320e-04
-3.601804375648498535e-02,-4.048204421997070312e-02,2.136081457138061523e-04
-3.603965044021606445e-02,-4.065108299255371094e-02,-4.425346851348876953e-04
-3.608891367912292480e-02,-4.076480865478515625e-02,-1.170858740806579590e-03
-3.611886501312255859e-02,-4.089546203613281250e-02,-1.957938075065612793e-03
-3.612807393074035645e-02,-4.097914695739746094e-02,-2.765998244285583496e-03
-3.611847758293151855e-02,-4.108726978302001953e-02,-3.404706716537475586e-03
-3.611832857131958008e-02,-4.117131233215332031e-02,-3.942683339118957520e-03
-3.616073727607727051e-02,-4.119622707366943359e-02,-4.428744316101074219e-03
-3.617650270462036133e-02,-4.114508628845214844e-02,-4.919409751892089844e-03
-3.620097041130065918e-02,-4.119038581848144531e-02,-5.539581179618835449e-03
-3.623360395431518555e-02,-4.119896888732910156e-02,-6.148755550384521484e-03
-3.626278042793273926e-02,-4.119718074798583984e-02,-6.592661142349243164e-03
-3.626254200935363770e-02,-4.117417335510253906e-02,-7.049798965454101562e-03
-3.625842928886413574e-02,-4.110133647918701172e-02,-7.404476404190063477e-03
-3.628021478652954102e-02,-4.107630252838134766e-02,-7.591634988784790039e-03
-3.629815578460693359e-02,-4.098939895629882812e-02,-7.832705974578857422e-03
-3.635799884796142578e-02,-4.093706607818603516e-02,-8.029222488403320312e-03
-3.642481565475463867e-02,-4.083478450775146484e-02,-8.191496133804321289e-03
-3.652828931808471680e-02,-4.078829288482666016e-02,-8.205294609069824219e-03
-3.658828139305114746e-02,-4.075574874877929688e-02,-8.217424154281616211e-03
-3.672933578491210938e-02,-4.060244560241699219e-02,-8.254081010818481445e-03
-3.685650229454040527e-02,-4.045271873474121094e-02,-8.245378732681274414e-03
-3.698143362998962402e-02,-4.029810428619384766e-02,-8.247017860412597656e-03
-3.711548447608947754e-02,-4.017221927642822266e-02,-8.068442344665527344e-03
-3.724870085716247559e-02,-4.010987281799316406e-02,-7.912397384643554688e-03
-3.738248348236083984e-02,-4.004132747650146484e-02,-7.711887359619140625e-03
-3.753438591957092285e-02,-4.000616073608398438e-02,-7.504105567932128906e-03
-3.763633966445922852e-02,-3.999209403991699219e-02,-7.277101278305053711e-03
-3.773739933967590332e-02,-3.998446464538574219e-02,-7.035166025161743164e-03
-3.782385587692260742e-02,-4.004728794097900391e-02,-6.772309541702270508e-03
-3.796020150184631348e-02,-4.001176357269287109e-02,-6.523042917251586914e-03
-3.811144828796386719e-02,-3.992879390716552734e-02,-6.232082843780517578e-03
-3.828716278076171875e-02,-3.982102870941162109e-02,-5.911678075790405273e-03
-3.840965032577514648e-02,-3.989851474761962891e-02,-5.638182163238525391e-03
-3.858125209808349609e-02,-3.998053073883056641e-02,-5.407109856605529785e-03
-3.875529766082763672e-02,-3.995466232299804688e-02,-5.386576056480407715e-03
-3.894108533859252930e-02,-3.993451595306396484e-02,-5.416855216026306152e-03
-3.911033272743225098e-02,-3.987443447113037109e-02,-5.503669381141662598e-03
-3.924658894538879395e-02,-3.977274894714355469e-02,-5.542159080505371094e-03
-3.938212990760803223e-02,-3.969967365264892578e-02,-5.549222230911254883e-03
-3.950715065002441406e-02,-3.958034515380859375e-02,-5.536332726478576660e-03
-3.963273763656616211e-02,-3.945958614349365234e-02,-5.533143877983093262e-03
-3.975170850753784180e-02,-3.927803039550781250e-02,-5.584418773651123047e-03
-3.985720872879028320e-02,-3.920018672943115234e-02,-5.673393607139587402e-03
-3.995004296302795410e-02,-3.912627696990966797e-02,-5.752235651016235352e-03
-4.002282023429870605e-02,-3.894484043121337891e-02,-5.859613418579101562e-03
-4.009208083152770996e-02,-3.874528408050537109e-02,-5.997121334075927734e-03
-4.017660021781921387e-02,-3.850364685058593750e-02,-6.063669919967651367e-03
-4.022943973541259766e-02,-3.822195529937744141e-02,-6.084233522415161133e-03
-4.028049111366271973e-02,-3.789365291595458984e-02,-6.129324436187744141e-03
-4.029604792594909668e-02,-3.759980201721191406e-02,-6.012797355651855469e-03
-4.035595059394836426e-02,-3.731215000152587891e-02,-5.835905671119689941e-03
-4.046204686164855957e-02,-3.692960739135742188e-02,-5.735412240028381348e-03
-4.052478075027465820e-02,-3.660464286804199219e-02,-5.676269531250000000e-03
-4.061281681060791016e-02,-3.624987602233886719e-02,-5.708679556846618652e-03
-4.068490862846374512e-02,-3.588700294494628906e-02,-5.785748362541198730e-03
-4.075914621353149414e-02,-3.569006919860839844e-02,-5.504980683326721191e-03
-4.071748256683349609e-02,-3.548359870910644531e-02,-5.306825041770935059e-03
-4.066425561904907227e-02,-3.521060943603515625e-02,-5.084887146949768066e-03
-4.064324498176574707e-02,-3.496670722961425781e-02,-4.810974001884460449e-03
-4.062393307685852051e-02,-3.472447395324707031e-02,-4.782810807228088379e-03
-4.062491655349731445e-02,-3.441762924194335938e-02,-4.760831594467163086e-03
-4.078951478004455566e-02,-3.406763076782226562e-02,-4.875093698501586914e-03
-4.096150398254394531e-02,-3.377664089202880859e-02,-4.923254251480102539e-03
-4.116985201835632324e-02,-3.342831134796142578e-02,-4.994794726371765137e-03
-4.137468338012695312e-02,-3.306388854980468750e-02,-5.097448825836181641e-03
-4.154005646705627441e-02,-3.269839286804199219e-02,-5.126103758811950684e-03
-4.178375005722045898e-02,-3.243398666381835938e-02,-5.304679274559020996e-03
-4.202991724014282227e-02,-3.211522102355957031e-02,-5.433425307273864746e-03
-4.229775071144104004e-02,-3.183901309967041016e-02,-5.485728383064270020e-03
-4.263937473297119141e-02,-3.153276443481445312e-02,-5.351752042770385742e-03
-4.293391108512878418e-02,-3.123855590820312500e-02,-5.434915423393249512e-03
-4.322522878646850586e-02,-3.090310096740722656e-02,-5.664154887199401855e-03
-4.348602890968322754e-02,-3.060138225555419922e-02,-5.810782313346862793e-03
-4.372391104698181152e-02,-3.020823001861572266e-02,-5.999088287353515625e-03
-4.395216703414916992e-02,-2.978932857513427734e-02,-6.135314702987670898e-03
-4.418048262596130371e-02,-2.938508987426757812e-02,-6.276369094848632812e-03
-4.438817501068115234e-02,-2.893185615539550781e-02,-6.501853466033935547e-03
-4.459217190742492676e-02,-2.852201461791992188e-02,-6.660431623458862305e-03
-4.479050636291503906e-02,-2.805101871490478516e-02,-6.801009178161621094e-03
-4.496783018112182617e-02,-2.767896652221679688e-02,-6.922841072082519531e-03
-4.514199495315551758e-02,-2.735912799835205078e-02,-6.920129060745239258e-03
-4.534965753555297852e-02,-2.697682380676269531e-02,-6.867170333862304688e-03
-4.554763436317443848e-02,-2.665746212005615234e-02,-6.752997636795043945e-03
-4.570856690406799316e-02,-2.635121345520019531e-02,-6.797552108764648438e-03
-4.585561156272888184e-02,-2.605748176574707031e-02,-6.784468889236450195e-03
-4.603594541549682617e-02,-2.575027942657470703e-02,-6.784319877624511719e-03
-4.620221257209777832e-02,-2.546095848083496094e-02,-6.796717643737792969e-03
-4.630568623542785645e-02,-2.520227432250976562e-02,-6.769865751266479492e-03
-4.640638828277587891e-02,-2.496182918548583984e-02,-6.819486618041992188e-03
-4.650259017944335938e-02,-2.480208873748779297e-02,-6.952762603759765625e-03
-4.663616418838500977e-02,-2.460038661956787109e-02,-7.066398859024047852e-03
-4.678839445114135742e-02,-2.431118488311767578e-02,-7.238060235977172852e-03
-4.691952466964721680e-02,-2.397406101226806641e-02,-7.407128810882568359e-03
-4.705613851547241211e-02,-2.375161647796630859e-02,-7.474064826965332031e-03
-4.722157120704650879e-02,-2.353811264038085938e-02,-7.514685392379760742e-03
-4.734185338020324707e-02,-2.338480949401855469e-02,-7.707655429840087891e-03
-4.756301641464233398e-02,-2.312183380126953125e-02,-7.854193449020385742e-03
-4.776355624198913574e-02,-2.272510528564453125e-02,-7.972061634063720703e-03
-4.793417453765869141e-02,-2.235627174377441406e-02,-8.095860481262207031e-03
-4.809886217117309570e-02,-2.202475070953369141e-02,-8.170813322067260742e-03
-4.829037189483642578e-02,-2.170085906982421875e-02,-8.304476737976074219e-03
-4.849901795387268066e-02,-2.133762836456298828e-02,-8.404970169067382812e-03
-4.862254858016967773e-02,-2.104675769805908203e-02,-8.492678403854370117e-03
-4.873999953269958496e-02,-2.073013782501220703e-02,-8.553177118301391602e-03
-4.892385005950927734e-02,-2.041983604431152344e-02,-8.493423461914062500e-03
-4.907131195068359375e-02,-2.001619338989257812e-02,-8.414417505264282227e-03
-4.918417334556579590e-02,-1.966857910156250000e-02,-8.314013481140136719e-03
-4.921591281890869141e-02,-1.939725875854492188e-02,-8.292585611343383789e-03
-4.924771189689636230e-02,-1.920330524444580078e-02,-8.295923471450805664e-03
-4.928806424140930176e-02,-1.894223690032958984e-02,-8.309125900268554688e-03
-4.940754175186157227e-02,-1.853930950164794922e-02,-8.042842149734497070e-03
-4.953297972679138184e-02,-1.811921596527099609e-02,-7.861673831939697266e-03
-4.964968562126159668e-02,-1.776182651519775391e-02,-7.723897695541381836e-03
-4.971387982368469238e-02,-1.752352714538574219e-02,-7.650941610336303711e-03
-4.979789257049560547e-02,-1.725375652313232422e-02,-7.576376199722290039e-03
-4.982757568359375000e-02,-1.701295375823974609e-02,-7.500112056732177734e-03
-4.979407787322998047e-02,-1.684951782226562500e-02,-7.388502359390258789e-03
-4.979315400123596191e-02,-1.666414737701416016e-02,-7.297873497009277344e-03
-4.978954792022705078e-02,-1.656293869018554688e-02,-7.179230451583862305e-03
-4.980915784835815430e-02,-1.648235321044921875e-02,-7.083624601364135742e-03
-4.977089166641235352e-02,-1.634967327117919922e-02,-7.075399160385131836e-03
-4.977065324783325195e-02,-1.616418361663818359e-02,-7.236570119857788086e-03
-4.978740215301513672e-02,-1.590490341186523438e-02,-7.388979196548461914e-03
-4.978674650192260742e-02,-1.566159725189208984e-02,-7.504612207412719727e-03
-4.979369044303894043e-02,-1.549446582794189453e-02,-7.605701684951782227e-03
-4.984378814697265625e-02,-1.524877548217773438e-02,-7.737219333648681641e-03
-4.989272356033325195e-02,-1.501524448394775391e-02,-7.796585559844970703e-03
-4.993191361427307129e-02,-1.475656032562255859e-02,-7.936626672744750977e-03
-4.999446868896484375e-02,-1.448786258697509766e-02,-8.092463016510009766e-03
-5.000436305999755859e-02,-1.430249214172363281e-02,-8.290499448776245117e-03
-5.004104971885681152e-02,-1.404321193695068359e-02,-8.424401283264160156e-03
-5.005359649658203125e-02,-1.379203796386718750e-02,-8.597075939178466797e-03
-5.008363723754882812e-02,-1.352560520172119141e-02,-8.691072463989257812e-03
-5.009582638740539551e-02,-1.328694820404052734e-02,-8.770912885665893555e-03
-5.010056495666503906e-02,-1.305437088012695312e-02,-8.828192949295043945e-03
-5.010369420051574707e-02,-1.279020309448242188e-02,-8.931547403335571289e-03
-5.010056495666503906e-02,-1.254880428314208984e-02,-8.970141410827636719e-03
-5.004119873046875000e-02,-1.234197616577148438e-02,-9.133875370025634766e-03
-4.989421367645263672e-02,-1.214730739593505859e-02,-9.152412414550781250e-03
-4.973584413528442383e-02,-1.186430454254150391e-02,-9.294778108596801758e-03
-4.956710338592529297e-02,-1.160323619842529297e-02,-9.417921304702758789e-03
-4.945313930511474609e-02,-1.137971878051757812e-02,-9.621918201446533203e-03
-4.936435818672180176e-02,-1.123499870300292969e-02,-9.868919849395751953e-03
-4.918506741523742676e-02,-1.124429702758789062e-02,-1.005804538726806641e-02
-4.903507232666015625e-02,-1.117277145385742188e-02,-1.024824380874633789e-02
-4.890736937522888184e-02,-1.097726821899414062e-02,-1.039671897888183594e-02
-4.876101016998291016e-02,-1.078271865844726562e-02,-1.059222221374511719e-02
-4.863271117210388184e-02,-1.051962375640869141e-02,-1.087835431098937988e-02
-4.863271117210388184e-02,-1.051962375640869141e-02,-1.087835431098937988e-02
-4.848647117614746094e-02,-1.032900810241699219e-02,-1.108896732330322266e-02
-4.832053184509277344e-02,-1.020526885986328125e-02,-1.118445396423339844e-02
-4.810574650764465332e-02,-1.015412807464599609e-02,-1.136654615402221680e-02
-4.792723059654235840e-02,-1.016891002655029297e-02,-1.161968708038330078e-02
-4.771554470062255859e-02,-1.009237766265869141e-02,-1.177424192428588867e-02
-4.749420285224914551e-02,-1.004528999328613281e-02,-1.181468367576599121e-02
-4.725587368011474609e-02,-9.980201721191406250e-03,-1.195937395095825195e-02
-4.706388711929321289e-02,-9.911656379699707031e-03,-1.215976476669311523e-02
-4.687690734863281250e-02,-9.795784950256347656e-03,-1.218253374099731445e-02
-4.668617248535156250e-02,-9.726762771606445312e-03,-1.223751902580261230e-02
-4.653492569923400879e-02,-9.598135948181152344e-03,-1.241287589073181152e-02
-4.644781351089477539e-02,-9.484767913818359375e-03,-1.266181468963623047e-02
-4.633399844169616699e-02,-9.311199188232421875e-03,-1.296946406364440918e-02
-4.619601368904113770e-02,-9.121656417846679688e-03,-1.325544714927673340e-02
-4.616585373878479004e-02,-9.129166603088378906e-03,-1.368618011474609375e-02
-4.614466428756713867e-02,-9.153127670288085938e-03,-1.408553123474121094e-02
-4.608258605003356934e-02,-9.197592735290527344e-03,-1.453191041946411133e-02
-4.602128267288208008e-02,-9.297370910644531250e-03,-1.497083902359008789e-02
-4.595667123794555664e-02,-9.375452995300292969e-03,-1.526203751564025879e-02
-4.591232538223266602e-02,-9.417653083801269531e-03,-1.554185152053833008e-02
-4.586741328239440918e-02,-9.440898895263671875e-03,-1.573917269706726074e-02
-4.585778713226318359e-02,-9.372591972351074219e-03,-1.601055264472961426e-02
-4.581657052040100098e-02,-9.145498275756835938e-03,-1.630625128746032715e-02
-4.582574963569641113e-02,-8.779764175415039062e-03,-1.659816503524780273e-02
-4.586943984031677246e-02,-8.438467979431152344e-03,-1.692825555801391602e-02
-4.590937495231628418e-02,-8.140087127685546875e-03,-1.717671751976013184e-02
-4.591590166091918945e-02,-7.835865020751953125e-03,-1.750174164772033691e-02
-4.593515396118164062e-02,-7.509350776672363281e-03,-1.786577701568603516e-02
-4.595944285392761230e-02,-7.143855094909667969e-03,-1.819506287574768066e-02
-4.589772224426269531e-02,-6.842613220214843750e-03,-1.862508058547973633e-02
-4.589772224426269531e-02,-6.842613220214843750e-03,-1.862508058547973633e-02
-4.589772224426269531e-02,-6.842613220214843750e-03,-1.862508058547973633e-02
-4.591426253318786621e-02,-6.537556648254394531e-03,-1.899522542953491211e-02
-4.590791463851928711e-02,-6.288290023803710938e-03,-1.940473914146423340e-02
-4.583537578582763672e-02,-6.044030189514160156e-03,-1.995319128036499023e-02
-4.575958847999572754e-02,-5.809664726257324219e-03,-2.049317955970764160e-02
-4.562452435493469238e-02,-5.688786506652832031e-03,-2.099752426147460938e-02
-4.556971788406372070e-02,-5.517601966857910156e-03,-2.151164412498474121e-02
-4.549956321716308594e-02,-5.254030227661132812e-03,-2.194064855575561523e-02
-4.535412788391113281e-02,-4.827141761779785156e-03,-2.236121892929077148e-02
-4.521724581718444824e-02,-4.351735115051269531e-03,-2.274724841117858887e-02
-4.499861598014831543e-02,-3.837823867797851562e-03,-2.290874719619750977e-02
-4.480779170989990234e-02,-3.395080566406250000e-03,-2.318543195724487305e-02
-4.465880990028381348e-02,-2.967715263366699219e-03,-2.377000451087951660e-02
-4.453071951866149902e-02,-2.549886703491210938e-03,-2.429279685020446777e-02
-4.442164301872253418e-02,-2.193450927734375000e-03,-2.472496032714843750e-02
-4.436329007148742676e-02,-1.828670501708984375e-03,-2.514639496803283691e-02
-4.430270195007324219e-02,-1.494646072387695312e-03,-2.552640438079833984e-02
-4.422172904014587402e-02,-1.239895820617675781e-03,-2.589461207389831543e-02
-4.412499070167541504e-02,-1.036524772644042969e-03,-2.622887492179870605e-02
-4.401350021362304688e-02,-9.486675262451171875e-04,-2.658063173294067383e-02
-4.394510388374328613e-02,-8.574724197387695312e-04,-2.696099877357482910e-02
-4.387307167053222656e-02,-7.693767547607421875e-04,-2.736499905586242676e-02
-4.378396272659301758e-02,-3.427267074584960938e-04,-2.735567092895507812e-02
-4.374179244041442871e-02,1.573562622070312500e-05,-2.745237946510314941e-02
-4.378971457481384277e-02,3.660917282104492188e-04,-2.732768654823303223e-02
-4.377740621566772461e-02,6.676912307739257812e-04,-2.721688151359558105e-02
-4.362827539443969727e-02,5.277395248413085938e-04,-2.720502018928527832e-02
-4.352834820747375488e-02,4.347562789916992188e-04,-2.726691961288452148e-02
-4.330551624298095703e-02,4.035234451293945312e-04,-2.739647030830383301e-02
-4.310923814773559570e-02,4.423856735229492188e-04,-2.750715613365173340e-02
-4.295459389686584473e-02,4.061460494995117188e-04,-2.770593762397766113e-02
-4.282882809638977051e-02,3.690719604492187500e-04,-2.800354361534118652e-02
-4.271769523620605469e-02,2.579689025878906250e-04,-2.831631898880004883e-02
-4.256790876388549805e-02,6.031990051269531250e-05,-2.857714891433715820e-02
-4.243013262748718262e-02,-2.344846725463867188e-04,-2.872458100318908691e-02
-4.229480028152465820e-02,-4.385709762573242188e-04,-2.896967530250549316e-02
-4.210320115089416504e-02,-7.156133651733398438e-04,-2.923899888992309570e-02
-4.192817211151123047e-02,-9.437799453735351562e-04,-2.946385741233825684e-02
-4.179844260215759277e-02,-1.044154167175292969e-03,-2.965930104255676270e-02
-4.172423481941223145e-02,-1.039385795593261719e-03,-2.986508607864379883e-02
-4.161480069160461426e-02,-1.007318496704101562e-03,-3.003489971160888672e-02
-4.156255722045898438e-02,-1.021742820739746094e-03,-3.014016151428222656e-02
-4.147717356681823730e-02,-1.056432723999023438e-03,-3.016817569732666016e-02
-4.134348034858703613e-02,-1.124501228332519531e-03,-3.024053573608398438e-02
-4.122915863990783691e-02,-1.189708709716796875e-03,-3.018260002136230469e-02
-4.117661714553833008e-02,-1.268267631530761719e-03,-3.002130985260009766e-02
-4.112404584884643555e-02,-1.274228096008300781e-03,-2.985808253288269043e-02
-4.109227657318115234e-02,-1.281738281250000000e-03,-2.965962886810302734e-02
-4.105398058891296387e-02,-1.305460929870605469e-03,-2.946740388870239258e-02
-4.105609655380249023e-02,-1.275181770324707031e-03,-2.913323044776916504e-02
-4.103147983551025391e-02,-1.210808753967285156e-03,-2.886274456977844238e-02
-4.102936387062072754e-02,-1.108527183532714844e-03,-2.873462438583374023e-02
-4.101732373237609863e-02,-1.147150993347167969e-03,-2.867633104324340820e-02
-4.099404811859130859e-02,-1.199483871459960938e-03,-2.860802412033081055e-02
-4.096001386642456055e-02,-1.228809356689453125e-03,-2.855157852172851562e-02
-4.097867012023925781e-02,-1.309394836425781250e-03,-2.850043773651123047e-02
-4.100745916366577148e-02,-1.322507858276367188e-03,-2.839636802673339844e-02
-4.099372029304504395e-02,-1.334786415100097656e-03,-2.831301093101501465e-02
-4.099968075752258301e-02,-1.324415206909179688e-03,-2.838218212127685547e-02
-4.103070497512817383e-02,-1.334786415100097656e-03,-2.842989563941955566e-02
-4.106852412223815918e-02,-1.350760459899902344e-03,-2.846163511276245117e-02
-4.110044240951538086e-02,-1.386642456054687500e-03,-2.842840552330017090e-02
-4.107171297073364258e-02,-1.460194587707519531e-03,-2.841162681579589844e-02
-4.101234674453735352e-02,-1.549959182739257812e-03,-2.834549546241760254e-02
-4.096856713294982910e-02,-1.670241355895996094e-03,-2.827891707420349121e-02
-4.090371727943420410e-02,-1.683950424194335938e-03,-2.826428413391113281e-02
-4.083022475242614746e-02,-1.717329025268554688e-03,-2.824491262435913086e-02
-4.077368974685668945e-02,-1.710176467895507812e-03,-2.830442786216735840e-02
-4.070588946342468262e-02,-1.793980598449707031e-03,-2.833846211433410645e-02
-4.060047864913940430e-02,-1.923918724060058594e-03,-2.826789021492004395e-02
-4.051378369331359863e-02,-2.023935317993164062e-03,-2.817630767822265625e-02
-4.043370485305786133e-02,-1.960396766662597656e-03,-2.814912796020507812e-02
-4.033419489860534668e-02,-1.929879188537597656e-03,-2.820193767547607422e-02
-4.031482338905334473e-02,-1.832962036132812500e-03,-2.820819616317749023e-02
-4.032111167907714844e-02,-1.750707626342773438e-03,-2.829280495643615723e-02
-4.020473361015319824e-02,-1.775145530700683594e-03,-2.836686372756958008e-02
-4.000765085220336914e-02,-1.915693283081054688e-03,-2.846544981002807617e-02
-3.979906439781188965e-02,-1.898169517517089844e-03,-2.859050035476684570e-02
-3.958165645599365234e-02,-1.943707466125488281e-03,-2.860021591186523438e-02
-3.942522406578063965e-02,-1.972556114196777344e-03,-2.867826819419860840e-02
-3.920388221740722656e-02,-2.169489860534667969e-03,-2.871271967887878418e-02
-3.910091519355773926e-02,-2.311110496520996094e-03,-2.874895930290222168e-02
-3.902131319046020508e-02,-2.340793609619140625e-03,-2.875989675521850586e-02
-3.897225856781005859e-02,-2.294778823852539062e-03,-2.873715758323669434e-02
-3.885835409164428711e-02,-2.345085144042968750e-03,-2.842712402343750000e-02
-3.881087899208068848e-02,-2.383351325988769531e-03,-2.814009785652160645e-02
-3.879448771476745605e-02,-2.424359321594238281e-03,-2.786365151405334473e-02
-3.880256414413452148e-02,-2.407670021057128906e-03,-2.758726477622985840e-02
-3.889530897140502930e-02,-2.321243286132812500e-03,-2.730542421340942383e-02
-3.905558586120605469e-02,-2.138614654541015625e-03,-2.695760130882263184e-02
-3.920814394950866699e-02,-2.010345458984375000e-03,-2.665981650352478027e-02
-3.935039043426513672e-02,-1.824736595153808594e-03,-2.640509605407714844e-02
-3.945270180702209473e-02,-1.682162284851074219e-03,-2.616032958030700684e-02
-3.956934809684753418e-02,-1.511454582214355469e-03,-2.601170539855957031e-02
-3.967413306236267090e-02,-1.320958137512207031e-03,-2.596500515937805176e-02
-3.977459669113159180e-02,-1.120567321777343750e-03,-2.593842148780822754e-02
-3.982758522033691406e-02,-9.030103683471679688e-04,-2.589794993400573730e-02
-3.983506560325622559e-02,-6.710290908813476562e-04,-2.593085169792175293e-02
-3.975528478622436523e-02,-5.544424057006835938e-04,-2.605301141738891602e-02
-3.967192769050598145e-02,-3.825426101684570312e-04,-2.609762549400329590e-02
-3.964054584503173828e-02,-2.335309982299804688e-04,-2.611508965492248535e-02
-3.957438468933105469e-02,-1.045465469360351562e-04,-2.613919973373413086e-02
-3.953897953033447266e-02,-1.025199890136718750e-04,-2.607998251914978027e-02
-3.951457142829895020e-02,-1.144409179687500000e-04,-2.596110105514526367e-02
-3.951388597488403320e-02,-7.736682891845703125e-05,-2.585905790328979492e-02
-3.919687867164611816e-02,-9.691715240478515625e-05,-2.581840753555297852e-02
-3.892689943313598633e-02,-8.928775787353515625e-05,-2.579638361930847168e-02
-3.877645730972290039e-02,3.612041473388671875e-05,-2.583485841751098633e-02
-3.870120644569396973e-02,1.881122589111328125e-04,-2.592939138412475586e-02
-3.862828016281127930e-02,3.340244293212890625e-04,-2.596682310104370117e-02
-3.857451677322387695e-02,4.688501358032226562e-04,-2.592778205871582031e-02
-3.847551345825195312e-02,4.698038101196289062e-04,-2.586004137992858887e-02
-3.836166858673095703e-02,4.823207855224609375e-04,-2.583113312721252441e-02
-3.820249438285827637e-02,4.345178604125976562e-04,-2.573907375335693359e-02
-3.812658786773681641e-02,5.463361740112304688e-04,-2.571073174476623535e-02
-3.808334469795227051e-02,5.992650985717773438e-04,-2.562770247459411621e-02
-3.807204961776733398e-02,6.942749023437500000e-04,-2.555117011070251465e-02
-3.807717561721801758e-02,9.114742279052734375e-04,-2.557715773582458496e-02
-3.811663389205932617e-02,1.156926155090332031e-03,-2.558681368827819824e-02
-3.806895017623901367e-02,1.314997673034667969e-03,-2.553591132164001465e-02
-3.804808855056762695e-02,1.485943794250488281e-03,-2.556446194648742676e-02
-3.793829679489135742e-02,1.592040061950683594e-03,-2.565285563468933105e-02
-3.785559535026550293e-02,1.751065254211425781e-03,-2.570515871047973633e-02
-3.780481219291687012e-02,1.945257186889648438e-03,-2.577283978462219238e-02
-3.781527280807495117e-02,2.058506011962890625e-03,-2.574685215950012207e-02
-3.779584169387817383e-02,2.143859863281250000e-03,-2.576616406440734863e-02
-3.779351711273193359e-02,2.188682556152343750e-03,-2.575901150703430176e-02
-3.775542974472045898e-02,2.047061920166015625e-03,-2.575713396072387695e-02
-3.771704435348510742e-02,1.933336257934570312e-03,-2.574691176414489746e-02
-3.768196702003479004e-02,1.809954643249511719e-03,-2.581205964088439941e-02
-3.768014907836914062e-02,1.684308052062988281e-03,-2.583637833595275879e-02
-3.771933913230895996e-02,1.643776893615722656e-03,-2.586007118225097656e-02
-3.778511285781860352e-02,1.624107360839843750e-03,-2.587863802909851074e-02
-3.788283467292785645e-02,1.586079597473144531e-03,-2.583831548690795898e-02
-3.794223070144653320e-02,1.460313796997070312e-03,-2.571967244148254395e-02
-3.800287842750549316e-02,1.353383064270019531e-03,-2.546367049217224121e-02
-3.806376457214355469e-02,1.256465911865234375e-03,-2.518326044082641602e-02
-3.813377022743225098e-02,1.149296760559082031e-03,-2.487722039222717285e-02
-3.820729255676269531e-02,1.115083694458007812e-03,-2.463632822036743164e-02
-3.831619024276733398e-02,1.116871833801269531e-03,-2.435532212257385254e-02
-3.845226764678955078e-02,8.262395858764648438e-04,-2.401423454284667969e-02
-3.849586844444274902e-02,5.749464035034179688e-04,-2.380210161209106445e-02
-3.858715295791625977e-02,3.625154495239257812e-04,-2.354767918586730957e-02
-3.864061832427978516e-02,1.885890960693359375e-04,-2.326408028602600098e-02
-3.860145807266235352e-02,-4.315376281738281250e-05,-2.313974499702453613e-02
-3.856337070465087891e-02,-2.197027206420898438e-04,-2.313923835754394531e-02
-3.855872154235839844e-02,-4.001855850219726562e-04,-2.320492267608642578e-02
-3.851264715194702148e-02,-5.794763565063476562e-04,-2.336484193801879883e-02
-3.848525881767272949e-02,-6.800889968872070312e-04,-2.351844310760498047e-02
-3.848817944526672363e-02,-7.840394973754882812e-04,-2.372476458549499512e-02
-3.847339749336242676e-02,-8.341073989868164062e-04,-2.396488189697265625e-02
-3.854233026504516602e-02,-8.157491683959960938e-04,-2.420005202293395996e-02
-3.862598538398742676e-02,-7.101297378540039062e-04,-2.437940239906311035e-02
-3.868427872657775879e-02,-5.373954772949218750e-04,-2.455696463584899902e-02
-3.872373700141906738e-02,-6.735324859619140625e-04,-2.483764290809631348e-02
-3.873735666275024414e-02,-8.203983306884765625e-04,-2.513808012008666992e-02
-3.876805305480957031e-02,-9.281635284423828125e-04,-2.540948987007141113e-02
-3.873652219772338867e-02,-1.098990440368652344e-03,-2.563700079917907715e-02
-3.870120644569396973e-02,-1.229405403137207031e-03,-2.592119574546813965e-02
-3.866252303123474121e-02,-1.366615295410156250e-03,-2.620720863342285156e-02
-3.858041763305664062e-02,-1.465678215026855469e-03,-2.653452754020690918e-02
-3.851923346519470215e-02,-1.479029655456542969e-03,-2.688798308372497559e-02
-3.838500380516052246e-02,-1.505851745605468750e-03,-2.719593048095703125e-02
-3.840482234954833984e-02,-1.490831375122070312e-03,-2.750518918037414551e-02
-3.837659955024719238e-02,-1.468420028686523438e-03,-2.780860662460327148e-02
-3.831788897514343262e-02,-1.337766647338867188e-03,-2.804490923881530762e-02
-3.823286294937133789e-02,-1.292228698730468750e-03,-2.826213836669921875e-02
-3.811615705490112305e-02,-1.415252685546875000e-03,-2.842944860458374023e-02
-3.797227144241333008e-02,-1.477837562561035156e-03,-2.853396534919738770e-02
-3.784841299057006836e-02,-1.516819000244140625e-03,-2.859601378440856934e-02
-3.773668408393859863e-02,-1.554369926452636719e-03,-2.864280343055725098e-02
-3.760650753974914551e-02,-1.693010330200195312e-03,-2.873575687408447266e-02
-3.749942779541015625e-02,-1.810550689697265625e-03,-2.874457836151123047e-02
-3.734454512596130371e-02,-1.880168914794921875e-03,-2.864024043083190918e-02
-3.722384572029113770e-02,-1.904249191284179688e-03,-2.862441539764404297e-02
-3.712907433509826660e-02,-1.927852630615234375e-03,-2.862629294395446777e-02
-3.704673051834106445e-02,-1.899123191833496094e-03,-2.867436408996582031e-02
-3.804585337638854980e-02,-8.082389831542968750e-04,-2.783617377281188965e-02
-3.898912668228149414e-02,1.941919326782226562e-04,-2.711853384971618652e-02
-3.982147574424743652e-02,1.072168350219726562e-03,-2.645307779312133789e-02
-4.056197404861450195e-02,1.861929893493652344e-03,-2.584773302078247070e-02
-4.121407866477966309e-02,2.551436424255371094e-03,-2.531456947326660156e-02
-4.178982973098754883e-02,3.162026405334472656e-03,-2.485772967338562012e-02
-4.228520393371582031e-02,3.719925880432128906e-03,-2.446889877319335938e-02
-4.272091388702392578e-02,4.213333129882812500e-03,-2.410745620727539062e-02
-4.311692714691162109e-02,4.673480987548828125e-03,-2.378144860267639160e-02
-4.348298907279968262e-02,5.074620246887207031e-03,-2.349838614463806152e-02
-4.378509521484375000e-02,5.425930023193359375e-03,-2.330127358436584473e-02
-4.405289888381958008e-02,5.739092826843261719e-03,-2.308934926986694336e-02
-4.428333044052124023e-02,6.015062332153320312e-03,-2.295839786529541016e-02
-4.450190067291259766e-02,6.278634071350097656e-03,-2.282065153121948242e-02
-4.468524456024169922e-02,6.529808044433593750e-03,-2.273729443550109863e-02
-4.485741257667541504e-02,6.759881973266601562e-03,-2.262535691261291504e-02
-4.500958323478698730e-02,6.960630416870117188e-03,-2.254056930541992188e-02
-4.513490200042724609e-02,7.146954536437988281e-03,-2.251383662223815918e-02
-4.525810480117797852e-02,7.326841354370117188e-03,-2.252569794654846191e-02
-4.536700248718261719e-02,7.489323616027832031e-03,-2.254343032836914062e-02
-4.545912146568298340e-02,7.643938064575195312e-03,-2.261304855346679688e-02
-4.554575681686401367e-02,7.793426513671875000e-03,-2.265849709510803223e-02
-4.562136530876159668e-02,7.939457893371582031e-03,-2.268463373184204102e-02
-4.568585753440856934e-02,8.084535598754882812e-03,-2.274769544601440430e-02
-4.572406411170959473e-02,8.231282234191894531e-03,-2.276951074600219727e-02
-4.576754570007324219e-02,8.366227149963378906e-03,-2.278965711593627930e-02
-4.575935006141662598e-02,8.482813835144042969e-03,-2.283582091331481934e-02
-4.576084017753601074e-02,8.609771728515625000e-03,-2.292254567146301270e-02
-4.575535655021667480e-02,8.740544319152832031e-03,-2.296647429466247559e-02
-4.575094580650329590e-02,8.885860443115234375e-03,-2.303430438041687012e-02
-4.573595523834228516e-02,9.008884429931640625e-03,-2.312955260276794434e-02
-4.571196436882019043e-02,9.116530418395996094e-03,-2.323186397552490234e-02
-4.569888114929199219e-02,9.214162826538085938e-03,-2.331829071044921875e-02
-4.568326473236083984e-02,9.306788444519042969e-03,-2.336978912353515625e-02
-4.567587375640869141e-02,9.420275688171386719e-03,-2.339574694633483887e-02
-4.567471146583557129e-02,9.517550468444824219e-03,-2.341610193252563477e-02
-4.567393660545349121e-02,9.611487388610839844e-03,-2.344566583633422852e-02
-4.566743969917297363e-02,9.681344032287597656e-03,-2.347221970558166504e-02
-4.565408825874328613e-02,9.742617607116699219e-03,-2.350363135337829590e-02
-4.561981558799743652e-02,9.779810905456542969e-03,-2.358913421630859375e-02
-4.558524489402770996e-02,9.811043739318847656e-03,-2.369412779808044434e-02
-4.562664031982421875e-02,9.878039360046386719e-03,-2.361938357353210449e-02
-4.565542936325073242e-02,9.938359260559082031e-03,-2.358511090278625488e-02
-4.568693041801452637e-02,1.000416278839111328e-02,-2.357202768325805664e-02
-4.570275545120239258e-02,1.006031036376953125e-02,-2.353575825691223145e-02
-4.573771357536315918e-02,1.013123989105224609e-02,-2.352198958396911621e-02
-4.575878381729125977e-02,1.019537448883056641e-02,-2.359437942504882812e-02
-4.577770829200744629e-02,1.025676727294921875e-02,-2.368077635765075684e-02
-4.578068852424621582e-02,1.031756401062011719e-02,-2.372524142265319824e-02
-4.579755663871765137e-02,1.042461395263671875e-02,-2.379998564720153809e-02
-4.585087299346923828e-02,1.052808761596679688e-02,-2.386155724525451660e-02
-4.589876532554626465e-02,1.063048839569091797e-02,-2.393630146980285645e-02
-4.594433307647705078e-02,1.072931289672851562e-02,-2.398920059204101562e-02
-4.600054025650024414e-02,1.083183288574218750e-02,-2.407401800155639648e-02
-4.603207111358642578e-02,1.093316078186035156e-02,-2.384811639785766602e-02
-4.607579112052917480e-02,1.102209091186523438e-02,-2.368792891502380371e-02
-4.609090089797973633e-02,1.111638545989990234e-02,-2.354311943054199219e-02
-4.612293839454650879e-02,1.119232177734375000e-02,-2.342873811721801758e-02
-4.616335034370422363e-02,1.126134395599365234e-02,-2.334076166152954102e-02
-4.619085788726806641e-02,1.129031181335449219e-02,-2.323493361473083496e-02
-4.619085788726806641e-02,1.129031181335449219e-02,-2.323493361473083496e-02
-4.618686437606811523e-02,1.130306720733642578e-02,-2.321374416351318359e-02
-4.617491364479064941e-02,1.130211353302001953e-02,-2.321934700012207031e-02
-4.615223407745361328e-02,1.127171516418457031e-02,-2.321964502334594727e-02
-4.613238573074340820e-02,1.124584674835205078e-02,-2.320975065231323242e-02
-4.610529541969299316e-02,1.122868061065673828e-02,-2.322587370872497559e-02
-4.608854651451110840e-02,1.120328903198242188e-02,-2.323088049888610840e-02
-4.605269432067871094e-02,1.117658615112304688e-02,-2.320820093154907227e-02
-4.602918028831481934e-02,1.116192340850830078e-02,-2.317783236503601074e-02
-4.599806666374206543e-02,1.115632057189941406e-02,-2.317121624946594238e-02
-4.597786068916320801e-02,1.113915443420410156e-02,-2.315458655357360840e-02
-4.595950245857238770e-02,1.113390922546386719e-02,-2.314949035644531250e-02
-4.593017697334289551e-02,1.111137866973876953e-02,-2.314242720603942871e-02
-4.589933156967163086e-02,1.109707355499267578e-02,-2.311512827873229980e-02
-4.586237668991088867e-02,1.106584072113037109e-02,-2.308651804924011230e-02
-4.580792784690856934e-02,1.104044914245605469e-02,-2.308973670005798340e-02
-4.576587677001953125e-02,1.102304458618164062e-02,-2.306416630744934082e-02
-4.571929574012756348e-02,1.098918914794921875e-02,-2.308478951454162598e-02
-4.568877816200256348e-02,1.097452640533447266e-02,-2.309799194335937500e-02
-4.565882682800292969e-02,1.099860668182373047e-02,-2.311483025550842285e-02
-4.562309384346008301e-02,1.102590560913085938e-02,-2.312847971916198730e-02
-4.559117555618286133e-02,1.105189323425292969e-02,-2.314180135726928711e-02
-4.555621743202209473e-02,1.108133792877197266e-02,-2.320140600204467773e-02
-4.557010531425476074e-02,1.112222671508789062e-02,-2.323308587074279785e-02
-4.558855295181274414e-02,1.116824150085449219e-02,-2.326288819313049316e-02
-4.561316967010498047e-02,1.121032238006591797e-02,-2.328041195869445801e-02
-4.559341073036193848e-02,1.124060153961181641e-02,-2.336877584457397461e-02
-4.557824134826660156e-02,1.126909255981445312e-02,-2.347740530967712402e-02
-4.556763172149658203e-02,1.130211353302001953e-02,-2.357631921768188477e-02
-4.555121064186096191e-02,1.132237911224365234e-02,-2.369627356529235840e-02
-4.553979635238647461e-02,1.134920120239257812e-02,-2.375119924545288086e-02
-4.552096128463745117e-02,1.137411594390869141e-02,-2.379179000854492188e-02
-4.551497101783752441e-02,1.140677928924560547e-02,-2.379378676414489746e-02
-4.550790786743164062e-02,1.145386695861816406e-02,-2.381902933120727539e-02
-4.549548029899597168e-02,1.148080825805664062e-02,-2.382799983024597168e-02
-4.548767209053039551e-02,1.151299476623535156e-02,-2.380871772766113281e-02
-4.546228051185607910e-02,1.154136657714843750e-02,-2.379226684570312500e-02
-4.542902112007141113e-02,1.160085201263427734e-02,-2.381652593612670898e-02
-4.535970091819763184e-02,1.164567470550537109e-02,-2.383500337600708008e-02
-4.529255628585815430e-02,1.167523860931396484e-02,-2.389192581176757812e-02
-4.559510946273803711e-02,1.182925701141357422e-02,-2.390003204345703125e-02
-4.586142301559448242e-02,1.195740699768066406e-02,-2.392983436584472656e-02
-4.609873890876770020e-02,1.205575466156005859e-02,-2.398586273193359375e-02
-4.631194472312927246e-02,1.217854022979736328e-02,-2.404162287712097168e-02
-4.648175835609436035e-02,1.229584217071533203e-02,-2.410626411437988281e-02
-4.662415385246276855e-02,1.238429546356201172e-02,-2.415886521339416504e-02
-4.668077826499938965e-02,1.243197917938232422e-02,-2.419799566268920898e-02
-4.672825336456298828e-02,1.247620582580566406e-02,-2.424854040145874023e-02
-4.675927758216857910e-02,1.251423358917236328e-02,-2.430289983749389648e-02
-4.679122567176818848e-02,1.252460479736328125e-02,-2.435728907585144043e-02
-4.683193564414978027e-02,1.253044605255126953e-02,-2.437356114387512207e-02
-4.685342311859130859e-02,1.254701614379882812e-02,-2.438589930534362793e-02
-4.688176512718200684e-02,1.254856586456298828e-02,-2.436220645904541016e-02
-4.689821600914001465e-02,1.253414154052734375e-02,-2.431401610374450684e-02
-4.693904519081115723e-02,1.252520084381103516e-02,-2.424186468124389648e-02
-4.697743058204650879e-02,1.250910758972167969e-02,-2.416902780532836914e-02
-4.699921607971191406e-02,1.251626014709472656e-02,-2.413728833198547363e-02
-4.700824618339538574e-02,1.249778270721435547e-02,-2.415022253990173340e-02
-4.697117209434509277e-02,1.246225833892822266e-02,-2.431869506835937500e-02
-4.692345857620239258e-02,1.237690448760986328e-02,-2.446806430816650391e-02
-4.686018824577331543e-02,1.229095458984375000e-02,-2.461561560630798340e-02
-4.673951864242553711e-02,1.221036911010742188e-02,-2.474427223205566406e-02
-4.662156105041503906e-02,1.212787628173828125e-02,-2.484813332557678223e-02
-4.652166366577148438e-02,1.204085350036621094e-02,-2.493003010749816895e-02
-4.643267393112182617e-02,1.196098327636718750e-02,-2.500405907630920410e-02
-4.633632302284240723e-02,1.189601421356201172e-02,-2.506521344184875488e-02
-4.625761508941650391e-02,1.186120510101318359e-02,-2.511048316955566406e-02
-4.619961977005004883e-02,1.182568073272705078e-02,-2.515614032745361328e-02
-4.614779353141784668e-02,1.181197166442871094e-02,-2.521818876266479492e-02
-4.610556364059448242e-02,1.177108287811279297e-02,-2.524808049201965332e-02
-4.608172178268432617e-02,1.172387599945068359e-02,-2.528521418571472168e-02
-4.606926441192626953e-02,1.167619228363037109e-02,-2.534767985343933105e-02
-4.604145884513854980e-02,1.161110401153564453e-02,-2.538767457008361816e-02
-4.601562023162841797e-02,1.154422760009765625e-02,-2.544605731964111328e-02
-4.602089524269104004e-02,1.148009300231933594e-02,-2.554446458816528320e-02
-4.602152109146118164e-02,1.141846179962158203e-02,-2.564114332199096680e-02
-4.600685834884643555e-02,1.135170459747314453e-02,-2.575567364692687988e-02
-4.600146412849426270e-02,1.127624511718750000e-02,-2.585771679878234863e-02
-4.598757624626159668e-02,1.122343540191650391e-02,-2.598881721496582031e-02
-4.597043991088867188e-02,1.117420196533203125e-02,-2.613928914070129395e-02
-4.594200849533081055e-02,1.111805438995361328e-02,-2.628397941589355469e-02
-4.592218995094299316e-02,1.105260848999023438e-02,-2.644011378288269043e-02
-4.590463638305664062e-02,1.099956035614013672e-02,-2.659231424331665039e-02
-4.589745402336120605e-02,1.096045970916748047e-02,-2.670481801033020020e-02
-4.588925838470458984e-02,1.092016696929931641e-02,-2.678763866424560547e-02
-4.583859443664550781e-02,1.087343692779541016e-02,-2.681827545166015625e-02
-4.577609896659851074e-02,1.080667972564697266e-02,-2.688363194465637207e-02
-4.569345712661743164e-02,1.071703433990478516e-02,-2.698671817779541016e-02
-4.559218883514404297e-02,1.060271263122558594e-02,-2.704274654388427734e-02
-4.550972580909729004e-02,1.048290729522705078e-02,-2.710065245628356934e-02
-4.542750120162963867e-02,1.038181781768798828e-02,-2.717021107673645020e-02
-4.535025358200073242e-02,1.028096675872802734e-02,-2.722677588462829590e-02
-4.526829719543457031e-02,1.018428802490234375e-02,-2.727270126342773438e-02
-4.516679048538208008e-02,1.006150245666503906e-02,-2.731487154960632324e-02
-4.507559537887573242e-02,9.949207305908203125e-03,-2.735704183578491211e-02
-4.499804973602294922e-02,9.848117828369140625e-03,-2.739876508712768555e-02
-4.494273662567138672e-02,9.754538536071777344e-03,-2.744302153587341309e-02
-4.488453269004821777e-02,9.660840034484863281e-03,-2.750870585441589355e-02
-4.483091831207275391e-02,9.564757347106933594e-03,-2.755656838417053223e-02
-4.478141665458679199e-02,9.477376937866210938e-03,-2.757281064987182617e-02
-4.472231864929199219e-02,9.392380714416503906e-03,-2.764406800270080566e-02
-4.465636610984802246e-02,9.318590164184570312e-03,-2.771556377410888672e-02
-4.460245370864868164e-02,9.241461753845214844e-03,-2.778568863868713379e-02
-4.455044865608215332e-02,9.184241294860839844e-03,-2.786964178085327148e-02
-4.450866580009460449e-02,9.144663810729980469e-03,-2.796405553817749023e-02
-4.447993636131286621e-02,9.135365486145019531e-03,-2.804303169250488281e-02
-4.445526003837585449e-02,9.095788002014160156e-03,-2.810424566268920898e-02
-4.446405172348022461e-02,9.068846702575683594e-03,-2.814689278602600098e-02
-4.447728395462036133e-02,9.052038192749023438e-03,-2.815121412277221680e-02
-4.447942972183227539e-02,9.042978286743164062e-03,-2.817434072494506836e-02
-4.447647929191589355e-02,9.032964706420898438e-03,-2.819392085075378418e-02
-4.445928335189819336e-02,9.008288383483886719e-03,-2.820077538490295410e-02
-4.443749785423278809e-02,8.993506431579589844e-03,-2.820217609405517578e-02
-4.442632198333740234e-02,8.989810943603515625e-03,-2.820226550102233887e-02
-4.441034793853759766e-02,9.005784988403320312e-03,-2.816918492317199707e-02
-4.439762234687805176e-02,9.006977081298828125e-03,-2.812951803207397461e-02
-4.438078403472900391e-02,8.993029594421386719e-03,-2.806362509727478027e-02
-4.436206817626953125e-02,8.983612060546875000e-03,-2.804642915725708008e-02
-4.433465003967285156e-02,8.962035179138183594e-03,-2.802705764770507812e-02
-4.432731866836547852e-02,8.949875831604003906e-03,-2.798995375633239746e-02
-4.432564973831176758e-02,8.931875228881835938e-03,-2.793896198272705078e-02
-4.431179165840148926e-02,8.913278579711914062e-03,-2.793022990226745605e-02
-4.427662491798400879e-02,8.904457092285156250e-03,-2.796790003776550293e-02
-4.424795508384704590e-02,8.908629417419433594e-03,-2.797520160675048828e-02
-4.421922564506530762e-02,8.913397789001464844e-03,-2.798706293106079102e-02
-4.420748353004455566e-02,8.902311325073242188e-03,-2.799695730209350586e-02
-4.418027400970458984e-02,8.890986442565917969e-03,-2.801230549812316895e-02
-4.415845870971679688e-02,8.878946304321289062e-03,-2.803042531013488770e-02
-4.415217041969299316e-02,8.887648582458496094e-03,-2.805688977241516113e-02
-4.414358735084533691e-02,8.895874023437500000e-03,-2.806910872459411621e-02
-4.413288831710815430e-02,8.908271789550781250e-03,-2.809724211692810059e-02
-4.413402080535888672e-02,8.896708488464355469e-03,-2.814421057701110840e-02
-4.414978623390197754e-02,8.887529373168945312e-03,-2.820503711700439453e-02
-4.415318369865417480e-02,8.870601654052734375e-03,-2.825999259948730469e-02
-4.416123032569885254e-02,8.834719657897949219e-03,-2.833405137062072754e-02
-4.417827725410461426e-02,8.810877799987792969e-03,-2.841702103614807129e-02
-4.416188597679138184e-02,8.818507194519042969e-03,-2.871271967887878418e-02
-4.414165019989013672e-02,8.845090866088867188e-03,-2.899444103240966797e-02
-4.412204027175903320e-02,8.880019187927246094e-03,-2.926331758499145508e-02
-4.409998655319213867e-02,8.902311325073242188e-03,-2.953043580055236816e-02
-4.407283663749694824e-02,8.918642997741699219e-03,-2.978226542472839355e-02
-4.405635595321655273e-02,8.962273597717285156e-03,-3.001752495765686035e-02
-4.403108358383178711e-02,9.006738662719726562e-03,-3.020876646041870117e-02
-4.401534795761108398e-02,9.051442146301269531e-03,-3.037914633750915527e-02
-4.401534795761108398e-02,9.051442146301269531e-03,-3.037914633750915527e-02
-4.398971796035766602e-02,9.098410606384277344e-03,-3.055629134178161621e-02
-4.396873712539672852e-02,9.152889251708984375e-03,-3.072106838226318359e-02
-4.396247863769531250e-02,9.231090545654296875e-03,-3.088974952697753906e-02
-4.392877221107482910e-02,9.314298629760742188e-03,-3.139865398406982422e-02
-4.390391707420349121e-02,9.394526481628417969e-03,-3.186827898025512695e-02
-4.381793737411499023e-02,9.457707405090332031e-03,-3.228458762168884277e-02
-4.373705387115478516e-02,9.537339210510253906e-03,-3.267347812652587891e-02
-4.365557432174682617e-02,9.607076644897460938e-03,-3.298425674438476562e-02
-4.359051585197448730e-02,9.689211845397949219e-03,-3.325217962265014648e-02
-4.353666305541992188e-02,9.773015975952148438e-03,-3.348308801651000977e-02
-4.348346590995788574e-02,9.845376014709472656e-03,-3.371697664260864258e-02
-4.342478513717651367e-02,9.904146194458007812e-03,-3.392165899276733398e-02
-4.336115717887878418e-02,9.947657585144042969e-03,-3.412261605262756348e-02
-4.331755638122558594e-02,9.995937347412109375e-03,-3.431421518325805664e-02
-4.330617189407348633e-02,1.003479957580566406e-02,-3.447943925857543945e-02
-4.331621527671813965e-02,1.004862785339355469e-02,-3.466808795928955078e-02
-4.332891106605529785e-02,1.006639003753662109e-02,-3.483828902244567871e-02
-4.337751865386962891e-02,1.009011268615722656e-02,-3.499159216880798340e-02
-4.342299699783325195e-02,1.010155677795410156e-02,-3.512474894523620605e-02
-4.346102476119995117e-02,1.011383533477783203e-02,-3.528320789337158203e-02
-4.350274801254272461e-02,1.016187667846679688e-02,-3.545528650283813477e-02
-4.355046153068542480e-02,1.020729541778564453e-02,-3.561121225357055664e-02
-4.360273480415344238e-02,1.026654243469238281e-02,-3.580868244171142578e-02
-4.364949464797973633e-02,1.032555103302001953e-02,-3.601998090744018555e-02
-4.369091987609863281e-02,1.037144660949707031e-02,-3.617820143699645996e-02
-4.373347759246826172e-02,1.039886474609375000e-02,-3.630515933036804199e-02
-4.374700784683227539e-02,1.039910316467285156e-02,-3.645086288452148438e-02
-4.377543926239013672e-02,1.038622856140136719e-02,-3.656205534934997559e-02
-4.378122091293334961e-02,1.038873195648193359e-02,-3.669318556785583496e-02
-4.377853870391845703e-02,1.037156581878662109e-02,-3.680363297462463379e-02
-4.377004504203796387e-02,1.035571098327636719e-02,-3.691354393959045410e-02
-4.378095269203186035e-02,1.035511493682861328e-02,-3.703221678733825684e-02
-4.379719495773315430e-02,1.035618782043457031e-02,-3.715723752975463867e-02
-4.379543662071228027e-02,1.036345958709716797e-02,-3.728258609771728516e-02
-4.379764199256896973e-02,1.037013530731201172e-02,-3.740140795707702637e-02
-4.378178715705871582e-02,1.034998893737792969e-02,-3.749957680702209473e-02
-4.375344514846801758e-02,1.034343242645263672e-02,-3.760862350463867188e-02
-4.373693466186523438e-02,1.031982898712158203e-02,-3.767961263656616211e-02
-4.372176527976989746e-02,1.028144359588623047e-02,-3.773063421249389648e-02
-4.368406534194946289e-02,1.023352146148681641e-02,-3.781017661094665527e-02
-4.364734888076782227e-02,1.017355918884277344e-02,-3.788843750953674316e-02
-4.362651705741882324e-02,1.012778282165527344e-02,-3.796067833900451660e-02
-4.360190033912658691e-02,1.008367538452148438e-02,-3.798270225524902344e-02
-4.355809092521667480e-02,1.001298427581787109e-02,-3.801822662353515625e-02
-4.352128505706787109e-02,9.939551353454589844e-03,-3.805378079414367676e-02
-4.349088668823242188e-02,9.865880012512207031e-03,-3.809285163879394531e-02
-4.344618320465087891e-02,9.784460067749023438e-03,-3.818720579147338867e-02
-4.340231418609619141e-02,9.719967842102050781e-03,-3.826740384101867676e-02
-4.335784912109375000e-02,9.685158729553222656e-03,-3.835102915763854980e-02
-4.332247376441955566e-02,9.652733802795410156e-03,-3.844711184501647949e-02
-4.328542947769165039e-02,9.623169898986816406e-03,-3.852951526641845703e-02
-4.325640201568603516e-02,9.608149528503417969e-03,-3.858438134193420410e-02
-4.322034120559692383e-02,9.593129158020019531e-03,-3.862729668617248535e-02
-4.317778348922729492e-02,9.574651718139648438e-03,-3.865203261375427246e-02
-4.315555095672607422e-02,9.567379951477050781e-03,-3.867551684379577637e-02
-4.315525293350219727e-02,9.562015533447265625e-03,-3.871601819992065430e-02
-4.315602779388427734e-02,9.554982185363769531e-03,-3.873211145401000977e-02
-4.315888881683349609e-02,9.553670883178710938e-03,-3.876695036888122559e-02
-4.316061735153198242e-02,9.546637535095214844e-03,-3.877276182174682617e-02
-4.318010807037353516e-02,9.557366371154785156e-03,-3.879085183143615723e-02
-4.321026802062988281e-02,9.579896926879882812e-03,-3.881633281707763672e-02
-4.325789213180541992e-02,9.619712829589843750e-03,-3.884223103523254395e-02
-4.331091046333312988e-02,9.647965431213378906e-03,-3.889089822769165039e-02
-4.335734248161315918e-02,9.671092033386230469e-03,-3.890988230705261230e-02
-4.342019557952880859e-02,9.699344635009765625e-03,-3.894793987274169922e-02
-4.347094893455505371e-02,9.755730628967285156e-03,-3.903198242187500000e-02
-4.351347684860229492e-02,9.806752204895019531e-03,-3.909111022949218750e-02
-4.354697465896606445e-02,9.870052337646484375e-03,-3.911185264587402344e-02
-4.358619451522827148e-02,9.926199913024902344e-03,-3.912928700447082520e-02
-4.358935356140136719e-02,9.968519210815429688e-03,-3.910791873931884766e-02
-4.360616207122802734e-02,1.000380516052246094e-02,-3.904172778129577637e-02
-4.363268613815307617e-02,1.005005836486816406e-02,-3.896582126617431641e-02
-4.365879297256469727e-02,1.010715961456298828e-02,-3.891980648040771484e-02
-4.366332292556762695e-02,1.015591621398925781e-02,-3.887948393821716309e-02
-4.364299774169921875e-02,1.023435592651367188e-02,-3.882992267608642578e-02
-4.359892010688781738e-02,1.030111312866210938e-02,-3.877201676368713379e-02
-4.354488849639892578e-02,1.034450531005859375e-02,-3.874585032463073730e-02
-4.348585009574890137e-02,1.036870479583740234e-02,-3.871658444404602051e-02
-4.343357682228088379e-02,1.039302349090576172e-02,-3.870627284049987793e-02
-4.338017106056213379e-02,1.041400432586669922e-02,-3.866699337959289551e-02
-4.334515333175659180e-02,1.044476032257080078e-02,-3.861555457115173340e-02
-4.330343008041381836e-02,1.046943664550781250e-02,-3.856015205383300781e-02
-4.326945543289184570e-02,1.049256324768066406e-02,-3.851801156997680664e-02
-4.326310753822326660e-02,1.052379608154296875e-02,-3.848406672477722168e-02
-4.326578974723815918e-02,1.054203510284423828e-02,-3.844451904296875000e-02
-4.324945807456970215e-02,1.056766510009765625e-02,-3.844273090362548828e-02
-4.322454333305358887e-02,1.058411598205566406e-02,-3.842440247535705566e-02
-4.321694374084472656e-02,1.062643527984619141e-02,-3.839594125747680664e-02
-4.320624470710754395e-02,1.067876815795898438e-02,-3.841474652290344238e-02
-4.319074749946594238e-02,1.072001457214355469e-02,-3.847071528434753418e-02
-4.319030046463012695e-02,1.077270507812500000e-02,-3.850108385086059570e-02
-4.319238662719726562e-02,1.081645488739013672e-02,-3.856009244918823242e-02
-4.318943619728088379e-02,1.086449623107910156e-02,-3.861370682716369629e-02
-4.317605495452880859e-02,1.089000701904296875e-02,-3.865900635719299316e-02
-4.315882921218872070e-02,1.089406013488769531e-02,-3.868347406387329102e-02
-4.313585162162780762e-02,1.086866855621337891e-02,-3.870284557342529297e-02
-4.310184717178344727e-02,1.084399223327636719e-02,-3.870499134063720703e-02
-4.306650161743164062e-02,1.081883907318115234e-02,-3.872144222259521484e-02
-4.301220178604125977e-02,1.077771186828613281e-02,-3.875103592872619629e-02
-4.295799136161804199e-02,1.074481010437011719e-02,-3.878328204154968262e-02
-4.290255904197692871e-02,1.072800159454345703e-02,-3.882476687431335449e-02
-4.285314679145812988e-02,1.071774959564208984e-02,-3.888213634490966797e-02
-4.280436038970947266e-02,1.070427894592285156e-02,-3.893557190895080566e-02
-4.273810982704162598e-02,1.068353652954101562e-02,-3.895121812820434570e-02
-4.268270730972290039e-02,1.066541671752929688e-02,-3.895297646522521973e-02
-4.263046383857727051e-02,1.064777374267578125e-02,-3.897532820701599121e-02
-4.259642958641052246e-02,1.065099239349365234e-02,-3.899604082107543945e-02
-4.256784915924072266e-02,1.064515113830566406e-02,-3.903514146804809570e-02
-4.251888394355773926e-02,1.061964035034179688e-02,-3.904348611831665039e-02
-4.245904088020324707e-02,1.060044765472412109e-02,-3.904607892036437988e-02
-4.237949848175048828e-02,1.056778430938720703e-02,-3.902542591094970703e-02
-4.231721162796020508e-02,1.054215431213378906e-02,-3.901743888854980469e-02
-4.225283861160278320e-02,1.052725315093994141e-02,-3.898668289184570312e-02
-4.219952225685119629e-02,1.052320003509521484e-02,-3.893896937370300293e-02
-4.215511679649353027e-02,1.051378250122070312e-02,-3.887748718261718750e-02
-4.210299253463745117e-02,1.050794124603271484e-02,-3.880184888839721680e-02
-4.205462336540222168e-02,1.052033901214599609e-02,-3.874304890632629395e-02
-4.200619459152221680e-02,1.053154468536376953e-02,-3.868061304092407227e-02
-4.195600748062133789e-02,1.053094863891601562e-02,-3.862175345420837402e-02
-4.191344976425170898e-02,1.052463054656982422e-02,-3.864187002182006836e-02
-4.184436798095703125e-02,1.053416728973388672e-02,-3.865063190460205078e-02
-4.178318381309509277e-02,1.056277751922607422e-02,-3.867080807685852051e-02
-4.173710942268371582e-02,1.059806346893310547e-02,-3.868073225021362305e-02
-4.170376062393188477e-02,1.063048839569091797e-02,-3.868162631988525391e-02
-4.167443513870239258e-02,1.067626476287841797e-02,-3.869652748107910156e-02
-4.166620969772338867e-02,1.070392131805419922e-02,-3.869360685348510742e-02
-4.166984558105468750e-02,1.070737838745117188e-02,-3.868740797042846680e-02
-4.167577624320983887e-02,1.068508625030517578e-02,-3.869074583053588867e-02
-4.167756438255310059e-02,1.066255569458007812e-02,-3.870707750320434570e-02
-4.168069362640380859e-02,1.063346862792968750e-02,-3.871902823448181152e-02
-4.167732596397399902e-02,1.059556007385253906e-02,-3.872644901275634766e-02
-4.168242216110229492e-02,1.056468486785888672e-02,-3.870454430580139160e-02
-4.168274998664855957e-02,1.053917407989501953e-02,-3.869965672492980957e-02
-4.165962338447570801e-02,1.050317287445068359e-02,-3.870356082916259766e-02
-4.165029525756835938e-02,1.047980785369873047e-02,-3.869488835334777832e-02
-4.163902997970581055e-02,1.046514511108398438e-02,-3.871548175811767578e-02
-4.162898659706115723e-02,1.046729087829589844e-02,-3.873658180236816406e-02
-4.170072078704833984e-02,1.051175594329833984e-02,-3.873553872108459473e-02
-4.176366329193115234e-02,1.056027412414550781e-02,-3.874513506889343262e-02
-4.182049632072448730e-02,1.064252853393554688e-02,-3.877532482147216797e-02
-4.189062118530273438e-02,1.072621345520019531e-02,-3.878921270370483398e-02
-4.195472598075866699e-02,1.080298423767089844e-02,-3.881502151489257812e-02
-4.199701547622680664e-02,1.086342334747314453e-02,-3.890609741210937500e-02
-4.203435778617858887e-02,1.092493534088134766e-02,-3.900772333145141602e-02
-4.208129644393920898e-02,1.101326942443847656e-02,-3.911280632019042969e-02
-4.212608933448791504e-02,1.108729839324951172e-02,-3.918811678886413574e-02
-4.214760661125183105e-02,1.117634773254394531e-02,-3.927189111709594727e-02
-4.215806722640991211e-02,1.124644279479980469e-02,-3.934359550476074219e-02
-4.216009378433227539e-02,1.131880283355712891e-02,-3.940501809120178223e-02
-4.215240478515625000e-02,1.138615608215332031e-02,-3.947475552558898926e-02
-4.213941097259521484e-02,1.143479347229003906e-02,-3.954929113388061523e-02
-4.212477803230285645e-02,1.150262355804443359e-02,-3.962177038192749023e-02
-4.211875796318054199e-02,1.156783103942871094e-02,-3.970274329185485840e-02
-4.211708903312683105e-02,1.163375377655029297e-02,-3.975749015808105469e-02
-4.210290312767028809e-02,1.168596744537353516e-02,-3.978458046913146973e-02
-4.208290576934814453e-02,1.172840595245361328e-02,-3.979745507240295410e-02
-4.205483198165893555e-02,1.176118850708007812e-02,-3.979781270027160645e-02
-4.200562834739685059e-02,1.179397106170654297e-02,-3.980267047882080078e-02
-4.195633530616760254e-02,1.180446147918701172e-02,-3.980374336242675781e-02
-4.189831018447875977e-02,1.179873943328857422e-02,-3.976964950561523438e-02
-4.184851050376892090e-02,1.178979873657226562e-02,-3.975310921669006348e-02
-4.180613160133361816e-02,1.177608966827392578e-02,-3.971248865127563477e-02
-4.175770282745361328e-02,1.175463199615478516e-02,-3.967359662055969238e-02
-4.171407222747802734e-02,1.173913478851318359e-02,-3.967115283012390137e-02
-4.169592261314392090e-02,1.174020767211914062e-02,-3.962090611457824707e-02
-4.167240858078002930e-02,1.175200939178466797e-02,-3.957673907279968262e-02
-4.165530204772949219e-02,1.176154613494873047e-02,-3.953912854194641113e-02
-4.163080453872680664e-02,1.176726818084716797e-02,-3.956457972526550293e-02
-4.160547256469726562e-02,1.178288459777832031e-02,-3.955549001693725586e-02
-4.157817363739013672e-02,1.180088520050048828e-02,-3.954952955245971680e-02
-4.156598448753356934e-02,1.182436943054199219e-02,-3.953772783279418945e-02
-4.155364632606506348e-02,1.186704635620117188e-02,-3.950604796409606934e-02
-4.154890775680541992e-02,1.192891597747802734e-02,-3.945106267929077148e-02
-4.154178500175476074e-02,1.198899745941162109e-02,-3.936645388603210449e-02
-4.153221845626831055e-02,1.203441619873046875e-02,-3.927728533744812012e-02
-4.152250289916992188e-02,1.208806037902832031e-02,-3.916645050048828125e-02
-4.150298237800598145e-02,1.212418079376220703e-02,-3.905600309371948242e-02
-4.149144887924194336e-02,1.215779781341552734e-02,-3.896388411521911621e-02
-4.146441817283630371e-02,1.218152046203613281e-02,-3.885844349861145020e-02
-4.143619537353515625e-02,1.220202445983886719e-02,-3.875225782394409180e-02
-4.140967130661010742e-02,1.221847534179687500e-02,-3.865018486976623535e-02
-4.139488935470581055e-02,1.224195957183837891e-02,-3.854358196258544922e-02
-4.138958454132080078e-02,1.227676868438720703e-02,-3.843089938163757324e-02
-4.138830304145812988e-02,1.233565807342529297e-02,-3.838169574737548828e-02
-4.141083359718322754e-02,1.239824295043945312e-02,-3.837755322456359863e-02
-4.141867160797119141e-02,1.245629787445068359e-02,-3.836303949356079102e-02
-4.142439365386962891e-02,1.251769065856933594e-02,-3.838837146759033203e-02
-4.144108295440673828e-02,1.256549358367919922e-02,-3.841030597686767578e-02
-4.144886136054992676e-02,1.259934902191162109e-02,-3.846389055252075195e-02
-4.144939780235290527e-02,1.263034343719482422e-02,-3.852060437202453613e-02
-4.144805669784545898e-02,1.265907287597656250e-02,-3.853723406791687012e-02
-4.145008325576782227e-02,1.268887519836425781e-02,-3.854018449783325195e-02
-4.145148396492004395e-02,1.270377635955810547e-02,-3.851139545440673828e-02
-4.144889116287231445e-02,1.271843910217285156e-02,-3.848013281822204590e-02
-4.145342111587524414e-02,1.271522045135498047e-02,-3.846317529678344727e-02
-4.149121046066284180e-02,1.277685165405273438e-02,-3.861987590789794922e-02
-4.153046011924743652e-02,1.282596588134765625e-02,-3.875714540481567383e-02
-4.156866669654846191e-02,1.285898685455322266e-02,-3.890195488929748535e-02
-4.159632325172424316e-02,1.288080215454101562e-02,-3.903317451477050781e-02
-4.160985350608825684e-02,1.289999485015869141e-02,-3.912597894668579102e-02
-4.160946607589721680e-02,1.290774345397949219e-02,-3.919693827629089355e-02
-4.159444570541381836e-02,1.289105415344238281e-02,-3.924760222434997559e-02
-4.159942269325256348e-02,1.287484169006347656e-02,-3.929656744003295898e-02
-4.160875082015991211e-02,1.286935806274414062e-02,-3.932851552963256836e-02
-4.161751270294189453e-02,1.286435127258300781e-02,-3.936311602592468262e-02
-4.161751270294189453e-02,1.286435127258300781e-02,-3.936311602592468262e-02
-4.161751270294189453e-02,1.286435127258300781e-02,-3.936311602592468262e-02
-4.164379835128784180e-02,1.277697086334228516e-02,-3.922146558761596680e-02
-4.168269038200378418e-02,1.270675659179687500e-02,-3.907606005668640137e-02
-4.172039031982421875e-02,1.261341571807861328e-02,-3.893965482711791992e-02
-4.174813628196716309e-02,1.251196861267089844e-02,-3.881847858428955078e-02
-4.179269075393676758e-02,1.245093345642089844e-02,-3.871440887451171875e-02
-4.182311892509460449e-02,1.237785816192626953e-02,-3.869029879570007324e-02
-4.185003042221069336e-02,1.232874393463134766e-02,-3.867003321647644043e-02
-4.186978936195373535e-02,1.227641105651855469e-02,-3.862458467483520508e-02
-4.187577962875366211e-02,1.222133636474609375e-02,-3.859305381774902344e-02
-4.188209772109985352e-02,1.215946674346923828e-02,-3.857737779617309570e-02
-4.187870025634765625e-02,1.210784912109375000e-02,-3.859698772430419922e-02
-4.187861084938049316e-02,1.207077503204345703e-02,-3.866526484489440918e-02
-4.188922047615051270e-02,1.202321052551269531e-02,-3.872433304786682129e-02
-4.189327359199523926e-02,1.196813583374023438e-02,-3.877162933349609375e-02
-4.188442230224609375e-02,1.190781593322753906e-02,-3.884178400039672852e-02
-4.189050197601318359e-02,1.187217235565185547e-02,-3.892496228218078613e-02
-4.189956188201904297e-02,1.185929775238037109e-02,-3.901317715644836426e-02
-4.190611839294433594e-02,1.183748245239257812e-02,-3.908368945121765137e-02
-4.192620515823364258e-02,1.181924343109130859e-02,-3.918004035949707031e-02
-4.195657372474670410e-02,1.180160045623779297e-02,-3.925397992134094238e-02
-4.197561740875244141e-02,1.178169250488281250e-02,-3.929924964904785156e-02
-4.199171066284179688e-02,1.176440715789794922e-02,-3.935357928276062012e-02
-4.199945926666259766e-02,1.173138618469238281e-02,-3.941005468368530273e-02
-4.201400279998779297e-02,1.168835163116455078e-02,-3.944301605224609375e-02
-4.201763868331909180e-02,1.166296005249023438e-02,-3.950417041778564453e-02
-4.215642809867858887e-02,1.176369190216064453e-02,-3.955999016761779785e-02
-4.228171706199645996e-02,1.186048984527587891e-02,-3.960460424423217773e-02
-4.239457845687866211e-02,1.195335388183593750e-02,-3.966656327247619629e-02
-4.250308871269226074e-02,1.202821731567382812e-02,-3.971353173255920410e-02
-4.259258508682250977e-02,1.209843158721923828e-02,-3.976106643676757812e-02
-4.266446828842163086e-02,1.215481758117675781e-02,-3.978127241134643555e-02
-4.271844029426574707e-02,1.221418380737304688e-02,-3.977400064468383789e-02
-4.276102781295776367e-02,1.226520538330078125e-02,-3.976726531982421875e-02
-4.276102781295776367e-02,1.226520538330078125e-02,-3.976726531982421875e-02
-4.276102781295776367e-02,1.226520538330078125e-02,-3.976726531982421875e-02
-4.276102781295776367e-02,1.226520538330078125e-02,-3.976726531982421875e-02
-4.278579354286193848e-02,1.229238510131835938e-02,-3.976476192474365234e-02
-4.278579354286193848e-02,1.229238510131835938e-02,-3.976476192474365234e-02
-4.279848933219909668e-02,1.230955123901367188e-02,-3.978013992309570312e-02
-4.279607534408569336e-02,1.232862472534179688e-02,-3.979575634002685547e-02
-4.279586672782897949e-02,1.233971118927001953e-02,-3.979793190956115723e-02
-4.278567433357238770e-02,1.231956481933593750e-02,-3.981062769889831543e-02
-4.276248812675476074e-02,1.229977607727050781e-02,-3.982025384902954102e-02
-4.272472858428955078e-02,1.225805282592773438e-02,-3.986802697181701660e-02
-4.270321130752563477e-02,1.221966743469238281e-02,-3.990134596824645996e-02
-4.269170761108398438e-02,1.218497753143310547e-02,-3.993141651153564453e-02
-4.267591238021850586e-02,1.214683055877685547e-02,-3.996700048446655273e-02
-4.266843199729919434e-02,1.210606098175048828e-02,-3.999918699264526367e-02
-4.266017675399780273e-02,1.207387447357177734e-02,-4.004180431365966797e-02
-4.265195131301879883e-02,1.205742359161376953e-02,-4.009780287742614746e-02
-4.263672232627868652e-02,1.202130317687988281e-02,-4.014188051223754883e-02
-4.263326525688171387e-02,1.201856136322021484e-02,-4.021844267845153809e-02
-4.264754056930541992e-02,1.201367378234863281e-02,-4.027596116065979004e-02
-4.265409708023071289e-02,1.201236248016357422e-02,-4.031619429588317871e-02
-4.265299439430236816e-02,1.197707653045654297e-02,-4.035559296607971191e-02
-4.266104102134704590e-02,1.194739341735839844e-02,-4.042175412178039551e-02
-4.268050193786621094e-02,1.196122169494628906e-02,-4.045620560646057129e-02
-4.268136620521545410e-02,1.197218894958496094e-02,-4.048275947570800781e-02
-4.267421364784240723e-02,1.198387145996093750e-02,-4.051181674003601074e-02
-4.267525672912597656e-02,1.197099685668945312e-02,-4.044535756111145020e-02
-4.268383979797363281e-02,1.194798946380615234e-02,-4.038333892822265625e-02
-4.269674420356750488e-02,1.192319393157958984e-02,-4.031494259834289551e-02
-4.271021485328674316e-02,1.188647747039794922e-02,-4.025766253471374512e-02
-4.272159934043884277e-02,1.185607910156250000e-02,-4.015281796455383301e-02
-4.273119568824768066e-02,1.183283329010009766e-02,-4.009595513343811035e-02
-4.275035858154296875e-02,1.182639598846435547e-02,-4.003337025642395020e-02
-4.276898503303527832e-02,1.180696487426757812e-02,-3.995299339294433594e-02
-4.280248284339904785e-02,1.181149482727050781e-02,-3.989616036415100098e-02
-4.284334182739257812e-02,1.182556152343750000e-02,-3.988069295883178711e-02
-4.288437962532043457e-02,1.184749603271484375e-02,-3.987404704093933105e-02
-4.291045665740966797e-02,1.181936264038085938e-02,-3.987759351730346680e-02
-4.295417666435241699e-02,1.178646087646484375e-02,-3.989326953887939453e-02
-4.298299551010131836e-02,1.175761222839355469e-02,-3.990298509597778320e-02
-4.300054907798767090e-02,1.172649860382080078e-02,-3.990641236305236816e-02
-4.304102063179016113e-02,1.170206069946289062e-02,-3.990313410758972168e-02
-4.307764768600463867e-02,1.165187358856201172e-02,-3.990703821182250977e-02
-4.312840104103088379e-02,1.162981986999511719e-02,-3.990647196769714355e-02
-4.317143559455871582e-02,1.159977912902832031e-02,-3.992888331413269043e-02
-4.320272803306579590e-02,1.154816150665283203e-02,-3.993651270866394043e-02
-4.323324561119079590e-02,1.150608062744140625e-02,-3.994551301002502441e-02
-4.326182603836059570e-02,1.142954826354980469e-02,-3.993940353393554688e-02
-4.328545928001403809e-02,1.135480403900146484e-02,-3.995871543884277344e-02
-4.330739378929138184e-02,1.127183437347412109e-02,-3.995689749717712402e-02
-4.332554340362548828e-02,1.116526126861572266e-02,-3.997528553009033203e-02
-4.333990812301635742e-02,1.107096672058105469e-02,-4.000428318977355957e-02
-4.335105419158935547e-02,1.100826263427734375e-02,-4.004094004631042480e-02
-4.337301850318908691e-02,1.095199584960937500e-02,-4.006227850914001465e-02
-4.339390993118286133e-02,1.093244552612304688e-02,-4.005190730094909668e-02
-4.341617226600646973e-02,1.093196868896484375e-02,-4.001358151435852051e-02
-4.345417022705078125e-02,1.093351840972900391e-02,-3.999516367912292480e-02
-4.349741339683532715e-02,1.094388961791992188e-02,-3.997397422790527344e-02
-4.353386163711547852e-02,1.097583770751953125e-02,-3.994777798652648926e-02
-4.357591271400451660e-02,1.103007793426513672e-02,-3.991353511810302734e-02
-4.361692070960998535e-02,1.108217239379882812e-02,-3.986376523971557617e-02
-4.364755749702453613e-02,1.113438606262207031e-02,-3.984633088111877441e-02
-4.367637634277343750e-02,1.117885112762451172e-02,-3.983283042907714844e-02
-4.370480775833129883e-02,1.122570037841796875e-02,-3.983512520790100098e-02
-4.372313618659973145e-02,1.125979423522949219e-02,-3.985384106636047363e-02
-4.374784231185913086e-02,1.131975650787353516e-02,-3.987905383110046387e-02
-4.376348853111267090e-02,1.138019561767578125e-02,-3.991800546646118164e-02
-4.377731680870056152e-02,1.145744323730468750e-02,-3.996926546096801758e-02
-4.378056526184082031e-02,1.150918006896972656e-02,-4.002010822296142578e-02
-4.376900196075439453e-02,1.154112815856933594e-02,-4.006868600845336914e-02
-4.376453161239624023e-02,1.157605648040771484e-02,-4.011082649230957031e-02
-4.375368356704711914e-02,1.160311698913574219e-02,-4.014676809310913086e-02
-4.374647140502929688e-02,1.161253452301025391e-02,-4.019820690155029297e-02
-4.376071691513061523e-02,1.163458824157714844e-02,-4.025429487228393555e-02
-4.378548264503479004e-02,1.164710521697998047e-02,-4.026728868484497070e-02
-4.380092024803161621e-02,1.164662837982177734e-02,-4.033264517784118652e-02
-4.382425546646118164e-02,1.163816452026367188e-02,-4.038411378860473633e-02
-4.383707046508789062e-02,1.159334182739257812e-02,-4.045587778091430664e-02
-4.385602474212646484e-02,1.156520843505859375e-02,-4.051989316940307617e-02
-4.387971758842468262e-02,1.154828071594238281e-02,-4.056724905967712402e-02
-4.390981793403625488e-02,1.154899597167968750e-02,-4.060205817222595215e-02
-4.392150044441223145e-02,1.152563095092773438e-02,-4.058891534805297852e-02
-4.394307732582092285e-02,1.150536537170410156e-02,-4.055288434028625488e-02
-4.396420717239379883e-02,1.147651672363281250e-02,-4.053521156311035156e-02
-4.396706819534301758e-02,1.145243644714355469e-02,-4.053729772567749023e-02
-4.396769404411315918e-02,1.141881942749023438e-02,-4.053327441215515137e-02
-4.395815730094909668e-02,1.138651371002197266e-02,-4.055210947990417480e-02
-4.395040869712829590e-02,1.134121417999267578e-02,-4.057171940803527832e-02
-4.392829537391662598e-02,1.128292083740234375e-02,-4.061010479927062988e-02
-4.391872882843017578e-02,1.122641563415527344e-02,-4.064771533012390137e-02
-4.390305280685424805e-02,1.117587089538574219e-02,-4.069209098815917969e-02
-4.389142990112304688e-02,1.113700866699218750e-02,-4.074677824974060059e-02
-4.388162493705749512e-02,1.109743118286132812e-02,-4.080164432525634766e-02
-4.387563467025756836e-02,1.104927062988281250e-02,-4.079464077949523926e-02
-4.388767480850219727e-02,1.099479198455810547e-02,-4.080817103385925293e-02
-4.389801621437072754e-02,1.096379756927490234e-02,-4.083007574081420898e-02
-4.391014575958251953e-02,1.093435287475585938e-02,-4.087445139884948730e-02
-4.392036795616149902e-02,1.090812683105468750e-02,-4.092097282409667969e-02
-4.393908381462097168e-02,1.087427139282226562e-02,-4.100030660629272461e-02
-4.395446181297302246e-02,1.084864139556884766e-02,-4.107990860939025879e-02
-4.398581385612487793e-02,1.082265377044677734e-02,-4.115340113639831543e-02
-4.401138424873352051e-02,1.078963279724121094e-02,-4.122683405876159668e-02
-4.401019215583801270e-02,1.074898242950439453e-02,-4.129698872566223145e-02
-4.401659965515136719e-02,1.070582866668701172e-02,-4.141050577163696289e-02
-4.402267932891845703e-02,1.065206527709960938e-02,-4.151862859725952148e-02
-4.402291774749755859e-02,1.060056686401367188e-02,-4.163300991058349609e-02
-4.401600360870361328e-02,1.055407524108886719e-02,-4.173496365547180176e-02
-4.400819540023803711e-02,1.050245761871337891e-02,-4.180893301963806152e-02
-4.400897026062011719e-02,1.046895980834960938e-02,-4.188543558120727539e-02
-4.400587081909179688e-02,1.043057441711425781e-02,-4.194462299346923828e-02
-4.399421811103820801e-02,1.038885116577148438e-02,-4.198199510574340820e-02
-4.397648572921752930e-02,1.034247875213623047e-02,-4.202795028686523438e-02
-4.396727681159973145e-02,1.031672954559326172e-02,-4.206463694572448730e-02
-4.397004842758178711e-02,1.029634475708007812e-02,-4.210367798805236816e-02
-4.396033287048339844e-02,1.028084754943847656e-02,-4.214945435523986816e-02
