3.117177005857229080e-02
3.117177005857229080e-02
3.094271610490977736e-02
3.087909861467778849e-02
3.082848986610770350e-02
3.073733445256948346e-02
3.056192240677773828e-02
3.040735807269811727e-02
3.025379203259944902e-02
3.009144354611635250e-02
2.994439841248094925e-02
2.982984780333936339e-02
2.974079050123691614e-02
2.965929888188838931e-02
2.953994817100465131e-02
2.946994666010141484e-02
2.937088019214570411e-02
2.931800724007189302e-02
2.926770941354334479e-02
2.923155168071389295e-02
2.921332446858286927e-02
2.918834754265844933e-02
2.915648503229022193e-02
2.910552481189370225e-02
2.903790848329663304e-02
2.899691824801266249e-02
2.896761416457593538e-02
2.895508806221187142e-02
2.893206404522061237e-02
2.890752083621919016e-02
2.887445626780390726e-02
2.881173243746161516e-02
2.872783525846898597e-02
2.867727241944521832e-02
2.858621698804199654e-02
2.849563350901007652e-02
2.841157085262238993e-02
2.832319924607873060e-02
2.824827344622463099e-02
2.817868191283196336e-02
2.811596304178238040e-02
2.805875432677567075e-02
2.801465341355651589e-02
2.796098719816654879e-02
2.791257474105805075e-02
2.786108276806771589e-02
2.781327530741691673e-02
2.774287601932883332e-02
2.767880989238619832e-02
2.759836769662797618e-02
2.751459273975342609e-02
2.745266228914260837e-02
2.737667736364528606e-02
2.731880336534231804e-02
2.726070130709558684e-02
2.722805655095726293e-02
2.720642226282507167e-02
2.718322418630123027e-02
2.716022392734885119e-02
2.714735683985054424e-02
2.712069698609411578e-02
2.711998317390680244e-02
2.711221395526081449e-02
2.710463317576795872e-02
2.707945346366614006e-02
2.705066572874784483e-02
2.702148432843387224e-02
2.698712377808988247e-02
2.693963419180363250e-02
2.690275901462882771e-02
2.686684301123022992e-02
2.684405829757452108e-02
2.682758175767958192e-02
2.680085650179535317e-02
2.679952085949480547e-02
2.679944711737334770e-02
2.679922711104154587e-02
2.679255033377557840e-02
2.676677440293133425e-02
2.674920479767024448e-02
2.672477460466325325e-02
2.669462274760008025e-02
2.667979961261153152e-02
2.665549900382757284e-02
2.663605320267379423e-02
2.661280156113207326e-02
2.658162535168230589e-02
2.656980489380657631e-02
2.656515019945800138e-02
2.655219386331737069e-02
2.651880658231675625e-02
2.648699771147221271e-02
2.645999262109398689e-02
2.644513828214258011e-02
2.642956114374101287e-02
2.643052876461297190e-02
2.642294920515269110e-02
2.641432313015684361e-02
2.638139703311026193e-02
2.637054970022291098e-02
2.636132342275232174e-02
2.634840914048254545e-02
2.633968211244791871e-02
2.634517313446849487e-02
2.634277225006371667e-02
2.633576474618166616e-02
2.632071507163345758e-02
2.629481886979192357e-02
2.626172360498458050e-02
2.623482059221714582e-02
2.620505183003842692e-02
2.618369628675281877e-02
2.615642170421779086e-02
2.608472096733749010e-02
2.604801674373448048e-02
2.601724309381097527e-02
2.599191928748041322e-02
2.595910432282835106e-02
2.589910381007939563e-02
2.585129454731941237e-02
2.576883982401341130e-02
2.570008262060582624e-02
2.563599578570574522e-02
2.557532014325260977e-02
2.553472339175641426e-02
2.548972269520163522e-02
2.545523844193667284e-02
2.543001525569707141e-02
2.539754664991051084e-02
2.535699953325092765e-02
2.532122987322509358e-02
2.532531981356441961e-02
2.532576563768088734e-02
2.531970359385013469e-02
2.529868200421333396e-02
2.527063581161200986e-02
2.525468792766332599e-02
2.528106377460062615e-02
2.528974135406315479e-02
2.531482927501201713e-02
2.532742465846240382e-02
2.534221122972667162e-02
2.533359663560986672e-02
2.530967150814831396e-02
2.527928909286856693e-02
2.522231205366552015e-02
2.517267066054046029e-02
2.511004469357431060e-02
2.505658288486302052e-02
2.498498556204140075e-02
2.493555723689496600e-02
2.490436092019081282e-02
2.487620591185987079e-02
2.484432474710047273e-02
2.483471282292157301e-02
2.482269244734197980e-02
2.483884499408304733e-02
2.486579381395131322e-02
2.488946296740323152e-02
2.491052427329122979e-02
2.493553737178444765e-02
2.496463264338672286e-02
2.497684312984347482e-02
2.497170687653124319e-02
2.498927638866007411e-02
2.501067142002284457e-02
2.503577182069420884e-02
2.504340657964348668e-02
2.504049484618008081e-02
2.503048433922231211e-02
2.500137719325721403e-02
2.496740868315100795e-02
2.493635183665901534e-02
2.489874940365553041e-02
2.484959771856665514e-02
2.479610749520361548e-02
2.473690439946949621e-02
2.468795278575271201e-02
2.465595178306102808e-02
2.463844243902713060e-02
2.463630500715225866e-02
2.463978485204279534e-02
2.464400212746113705e-02
2.464583144523203526e-02
2.466235472820699215e-02
2.466260837856680196e-02
2.466042861342430254e-02
2.467590078245848403e-02
2.468689670786261559e-02
2.470733465626835657e-02
2.469103729352355170e-02
2.468484381213784107e-02
2.468989530578255542e-02
2.470255564898252501e-02
2.470823543146252743e-02
2.470531322062015367e-02
2.468023046851158114e-02
2.465941567439585910e-02
2.463559006340801730e-02
2.462151888757944246e-02
2.460008998867124416e-02
2.457081909291446153e-02
2.454855837859213491e-02
2.453155826311558332e-02
2.451468457002192736e-02
2.448513177689164849e-02
2.447132600005716072e-02
2.446938693523406996e-02
2.446118331514298902e-02
2.446196141652762918e-02
2.444946778938174303e-02
2.444243076723068980e-02
2.441375009715556973e-02
2.437380711082369131e-02
2.432762314565479686e-02
2.426864600274711986e-02
2.420816694386303258e-02
2.415385131258517351e-02
2.410806721309199929e-02
2.406280219787731642e-02
2.402279910864308504e-02
2.399176671635359567e-02
2.397367686033248860e-02
2.395949299912899719e-02
2.396007180213928153e-02
2.395340263377875034e-02
2.392583468696102625e-02
2.388787790201604352e-02
2.384267338784411619e-02
2.380253095878288178e-02
2.376212511560879537e-02
2.370616139378398796e-02
2.365558675490319826e-02
2.361920733936130959e-02
2.358914128737524263e-02
2.357059685280546435e-02
2.353549780324101434e-02
2.350855305558070471e-02
2.349066665861755665e-02
2.348976030480116536e-02
2.349040738306939699e-02
2.349310257006436559e-02
2.349985820241272394e-02
2.349155853735283156e-02
2.349851890699937787e-02
2.351687838323414381e-02
2.352954020723700690e-02
2.351753239752724794e-02
2.351226334692910203e-02
2.348559681326150769e-02
2.346181949367746877e-02
2.343924388755112831e-02
2.341748818522319114e-02
2.341574379242956569e-02
2.340874185669235968e-02
2.338959384942427416e-02
2.336079603875987343e-02
2.334330490208231038e-02
2.332072985824197586e-02
2.326854750979691702e-02
2.321976337814703542e-02
2.317480352008715119e-02
2.313427307875827107e-02
2.311774861416779348e-02
2.309060560888610836e-02
2.307084119878709261e-02
2.306475296616554427e-02
2.304812980117276408e-02
2.304389735101722292e-02
2.305048915790394032e-02
2.306074237974826274e-02
2.305860563414171421e-02
2.305481416871771327e-02
2.303956556716002524e-02
2.302179608959704568e-02
2.302192083327099514e-02
2.302063838578760624e-02
2.300931941485032453e-02
2.299551889533177004e-02
2.299378337571397410e-02
2.299139515962451627e-02
2.301436202600598210e-02
2.303277667146176252e-02
2.304115520324558075e-02
2.302971960976719912e-02
2.300685247872024872e-02
2.299788324628025335e-02
2.299045509658753997e-02
2.299484185874462253e-02
2.300194194074720033e-02
2.300832334440201452e-02
2.299472591374069480e-02
2.296869039535522419e-02
2.294324847403913722e-02
2.291191675700247204e-02
2.288127449341118350e-02
2.285207423381507494e-02
2.284787993412464718e-02
2.283893771469593104e-02
2.283586868317797822e-02
2.283959303051233403e-02
2.285610734485089834e-02
2.286343918647617060e-02
2.285696662496775403e-02
2.284899617545306516e-02
2.285111500881612315e-02
2.285166103858500553e-02
2.284924805629998459e-02
2.284886077977716853e-02
2.284326376859098506e-02
2.283173976466059546e-02
2.281796521507203565e-02
2.281773821450770040e-02
2.281298156129196383e-02
2.285412549506872851e-02
2.290071914670989070e-02
2.293683554744347861e-02
2.296560378512367551e-02
2.298554555745795439e-02
2.300611980492249173e-02
2.302484931191429648e-02
2.304838023148476911e-02
2.306190480478107971e-02
2.308483200147748091e-02
2.309142896207049336e-02
2.306952595710754297e-02
2.305034937802702064e-02
2.303610434290021686e-02
2.301032686140388334e-02
2.298420275794342202e-02
2.295854848111048355e-02
2.293353669578209603e-02
2.292033398523926624e-02
2.291905636666342547e-02
2.293688778067007675e-02
2.295581760350614772e-02
2.297200724016874862e-02
2.298517118208110235e-02
2.299169450066983547e-02
2.300518241710960976e-02
2.301863510161638107e-02
2.302544252015650134e-02
2.303308567497879336e-02
2.302713267039507503e-02
2.302714297082275249e-02
2.301464765798300408e-02
2.300511496141553064e-02
2.299068537075072555e-02
2.298158532939851423e-02
2.296504897996783090e-02
2.295339439995586900e-02
2.295065340120345382e-02
2.294246339239179935e-02
2.294966623187065166e-02
2.296875133644789291e-02
2.297631015069782900e-02
2.300640746019780650e-02
2.301891071721911403e-02
2.303024592343717869e-02
2.303855046629905631e-02
2.304470382630825070e-02
2.303192159160971642e-02
2.301141528412699658e-02
2.299165031872689793e-02
2.297420800663530979e-02
2.295745986048132112e-02
2.293631780892610439e-02
2.291338888462633033e-02
2.288999966811388828e-02
2.287681481335311975e-02
2.286510188598185611e-02
2.285676669795065966e-02
2.285235579591244487e-02
2.286789393052458819e-02
2.288210603874176602e-02
2.288530788384377998e-02
2.289398093707859655e-02
2.289681356865912523e-02
2.291758598759770227e-02
2.295352664310485249e-02
2.298650690820068163e-02
2.302813239395618342e-02
2.306804536841809694e-02
2.311071069445461146e-02
2.313433222007006337e-02
2.315141945611685556e-02
2.314752751495689070e-02
2.313483395613729829e-02
2.311626439448445994e-02
2.307744728401303277e-02
2.303891874384135161e-02
2.298616239335387820e-02
2.291337480768561308e-02
2.283642738591879634e-02
2.276387553662061539e-02
2.269471264444291453e-02
2.263629764318466145e-02
2.257422330323606563e-02
2.251437901053577814e-02
2.246802815236151329e-02
2.243021252565085763e-02
2.240834760945290341e-02
2.239092967472970652e-02
2.238401824608445001e-02
2.237352598458528657e-02
2.235873098485171781e-02
2.235946386819705201e-02
2.236166110029444085e-02
2.235904459375888040e-02
2.234934478066861671e-02
2.232785701286047614e-02
2.229749800637364360e-02
2.226900232024491000e-02
2.223863050807267303e-02
2.220959850819781423e-02
2.219049464911222388e-02
2.217315598390996387e-02
2.216178066562861371e-02
2.215294460300356108e-02
2.215039544040337330e-02
2.214260582812130340e-02
2.214382558828219619e-02
2.214099582750350334e-02
2.213964475085958977e-02
2.213668264681473499e-02
2.212537275860086000e-02
2.212232046760618728e-02
2.211876558372750934e-02
2.211627152981236744e-02
2.211101095192134422e-02
2.211053668521344509e-02
2.211543980985879870e-02
2.213018391747027802e-02
2.214409718755632611e-02
2.215327336452901225e-02
2.215173064731061625e-02
2.214545992203056923e-02
2.214611972216516678e-02
2.214903168845921630e-02
2.216261941939592223e-02
2.217702998314052820e-02
2.219013057649135701e-02
2.219789653550833380e-02
2.219082610681653162e-02
2.218765922356396789e-02
2.217444866430014205e-02
2.215469837188720550e-02
2.213703950401395629e-02
2.212767726741731236e-02
2.211547688581049290e-02
2.206920493859797563e-02
2.203371519688517022e-02
2.200080320239066953e-02
2.197963341604918311e-02
2.195184460841119456e-02
2.192796732299029730e-02
2.190900592133402866e-02
2.189233839511871282e-02
2.188639398664236208e-02
2.188460455741733299e-02
2.186770374421030325e-02
2.182561367750167694e-02
2.179611067753285322e-02
2.178077334072441029e-02
2.176841171458363672e-02
2.175031241960823439e-02
2.172535338439047364e-02
2.169981117360293699e-02
2.167493637651204952e-02
2.164540840312838624e-02
2.162129769800230986e-02
2.159694120055064698e-02
2.157815007492899784e-02
2.155690693296492128e-02
2.153262402396649219e-02
2.150299275759607470e-02
2.147269407752901149e-02
2.143406266812235283e-02
2.140416052658110704e-02
2.135245145764201949e-02
2.129450088366866001e-02
2.124563924502581233e-02
2.120595376007258781e-02
2.116438527591526370e-02
2.114668897818773943e-02
2.112042378634214346e-02
2.108805159106850666e-02
2.107594672124833007e-02
2.107371952850371766e-02
2.106701246462762411e-02
2.106884453445672864e-02
2.106058431323617683e-02
2.104435279499739311e-02
2.103502934332936863e-02
2.102434405125677697e-02
2.100828548893332592e-02
2.099205917678773417e-02
2.097602618858218290e-02
2.096438474487513290e-02
2.095384261570871001e-02
2.094307983294129219e-02
2.092924967408180126e-02
2.090868087951093870e-02
2.088940341025590994e-02
2.087481349240988618e-02
2.086269032210111632e-02
2.084672597702592542e-02
2.081681093666702675e-02
2.079585386905819303e-02
2.077076706336811185e-02
2.075518579687923165e-02
2.074882491258904504e-02
2.075528458924964098e-02
2.077081789029762079e-02
2.078747144434600971e-02
2.079927430488169235e-02
2.079642491647973671e-02
2.078761906363070164e-02
2.076507532270625150e-02
2.074370210757479210e-02
2.073086867108940926e-02
2.071976712439209389e-02
2.072134149726480301e-02
2.072302641347050639e-02
2.072753627318888944e-02
2.074531455058604631e-02
2.077351176179945483e-02
2.079522537533193965e-02
2.083459510933607928e-02
2.084680320695042610e-02
2.084775782190263424e-02
2.085075653158128400e-02
2.085287610068917163e-02
2.084545528981834525e-02
2.082446286454796638e-02
2.079446221701800740e-02
2.075211196672171327e-02
2.070879779756069211e-02
2.066277244128286728e-02
2.061733326874673478e-02
2.057835638523101973e-02
2.054221980739385015e-02
2.050912750419229408e-02
2.047444933559745481e-02
2.044084935914725065e-02
2.041410522535443139e-02
2.039416780229657764e-02
2.038198977243155241e-02
2.039050382096320446e-02
2.039638315793126933e-02
2.039568765554576960e-02
2.040410036686807899e-02
2.039727678988128776e-02
2.038756936788559126e-02
2.039692110847681622e-02
2.040275344625115325e-02
2.040060999337583655e-02
2.039699261076748441e-02
2.038871271535754037e-02
2.036609254311770242e-02
2.032331295311451055e-02
2.027294016908854149e-02
2.024067754857242218e-02
2.022079888731241268e-02
2.020540641155093783e-02
2.019427267368882964e-02
2.018803235609084243e-02
2.018760814797133235e-02
2.017874967306852382e-02
2.016098029445856712e-02
2.013943292666226653e-02
2.012184127233922551e-02
2.010845405049621962e-02
2.009795293677598196e-02
2.008240181021392345e-02
2.007042024750262457e-02
2.005897091701626736e-02
2.004688824061304220e-02
2.002704360522329641e-02
2.001005249097943459e-02
1.999557476490736174e-02
1.998336297925561514e-02
1.997871457133442233e-02
1.997532378882169862e-02
1.997188148088753154e-02
1.997749621048569568e-02
1.999176420737057772e-02
2.001665012910962271e-02
2.005295941606163868e-02
2.008752543479204108e-02
2.011731703300028914e-02
2.013373003341257725e-02
2.014761561062186970e-02
2.014954587910324293e-02
2.013242736458778492e-02
2.011077920440584518e-02
2.008431202732026410e-02
2.005741272121668028e-02
2.003365058917552094e-02
2.001226836349815144e-02
1.999856622889637989e-02
1.999311028048396041e-02
1.999348715879023172e-02
1.999477829318493591e-02
1.998323665000498184e-02
1.997988681774586286e-02
1.998190136626362690e-02
1.998260273598134393e-02
1.999045874457806501e-02
1.999677841551601720e-02
2.001123668625950924e-02
2.003117842599749440e-02
2.004316094331443435e-02
2.006552504841238246e-02
2.008521337062120493e-02
2.009984801057726131e-02
2.010745038744062019e-02
2.010851095896214191e-02
2.011058175470679943e-02
2.011659613344818354e-02
2.011693127918988411e-02
2.011982466094195884e-02
2.013257437385618590e-02
2.015099787153303706e-02
2.016297856811434183e-02
2.017391055822372395e-02
2.019398877862840780e-02
2.020834806840866860e-02
2.019967283587902757e-02
2.019535938277840573e-02
2.018207931891083731e-02
2.016639365348964902e-02
2.015990395098924554e-02
2.015045943669974832e-02
2.014681088272482143e-02
2.015756009146571145e-02
2.017054295167326761e-02
2.017844727262854687e-02
2.019063775893300758e-02
2.021460007876157636e-02
2.022970689460635088e-02
2.023800142575055486e-02
2.024538407567888498e-02
2.025810815859585903e-02
2.029419565573334708e-02
2.033643368165940005e-02
2.037466436158865551e-02
2.040081075858324669e-02
2.041110952850431343e-02
2.041473772842437168e-02
2.040363577194511877e-02
2.038187467027455582e-02
2.037185819353908370e-02
2.036119217053055860e-02
2.034873611759394421e-02
2.033121533691882935e-02
2.030841445550322574e-02
2.030396101996302660e-02
2.028211760800331664e-02
2.025959441903978434e-02
2.024069443810731089e-02
2.022713863756507580e-02
2.022068643476813976e-02
2.022962943650782192e-02
2.024479107465594965e-02
2.027404845692217308e-02
2.028554132208228167e-02
2.029324505012482238e-02
2.030094181653112340e-02
2.030621724203228798e-02
2.030401270370930586e-02
2.030805592890828903e-02
2.030732052400708101e-02
2.029290954582393253e-02
2.027550561353564165e-02
2.024954186286777313e-02
2.023225423879921464e-02
2.023317121434956706e-02
2.023041397798806471e-02
2.022021042648702860e-02
2.020275051705539351e-02
2.019391833804547870e-02
2.018846570979803898e-02
2.018501869868487286e-02
2.017110922839492407e-02
2.017339301761239892e-02
2.017854715697467438e-02
2.017713746521622095e-02
2.019053418189287186e-02
2.019919554237276441e-02
2.020520644262432941e-02
2.020878354553133291e-02
2.020482806488871699e-02
2.019246377516538057e-02
2.017932357266545226e-02
2.016430771211162251e-02
2.014245903352275546e-02
2.011301987571641886e-02
2.007928654784336617e-02
2.004908695816993644e-02
2.001805653795599854e-02
1.999400021741166641e-02
1.997702149907127148e-02
1.995731147006154019e-02
1.994102194672450409e-02
1.992885251529514720e-02
1.990179585525765973e-02
1.987782752607017769e-02
1.985278893494978394e-02
1.982153424527496183e-02
1.979037783108651694e-02
1.975744339637458200e-02
1.972372184041887647e-02
1.970019072061404697e-02
1.967854803893715268e-02
1.966935499338433313e-02
1.965206803986802725e-02
1.963755908887833412e-02
1.963551348308101296e-02
1.962915889918804072e-02
1.962975260801613428e-02
1.963129318784922334e-02
1.966267011594027142e-02
1.969340835697949016e-02
1.972132192924618693e-02
1.974803030025213887e-02
1.976842049509286783e-02
1.976369094569236165e-02
1.974477070849388685e-02
1.972448267973959599e-02
1.971446420997381363e-02
1.970991529989987723e-02
1.970715656876563873e-02
1.969154587946832236e-02
1.967754059005528619e-02
1.966222499497234655e-02
1.965084336232393938e-02
1.964108255691826219e-02
1.963071043137460878e-02
1.962939422577619428e-02
1.962167687714099981e-02
1.962317444849759340e-02
1.962631445843726272e-02
1.962123601231724121e-02
1.961614967323839498e-02
1.961067925207317028e-02
1.960390418767929063e-02
1.958937978837639246e-02
1.957912537269294179e-02
1.956123039126396110e-02
1.953979170881211744e-02
1.951193779241293738e-02
1.949085185769945314e-02
1.946857271250337224e-02
1.942998837213963381e-02
1.939197778236120828e-02
1.936294351471588154e-02
1.934265192598104421e-02
1.932906288653611984e-02
1.932572942925617210e-02
1.932624016422778215e-02
1.934319684747606502e-02
1.936246966943144798e-02
1.937286467058584039e-02
1.938519772375002503e-02
1.939466187497600885e-02
1.940139645477756761e-02
1.940467498730867948e-02
1.940808103187009748e-02
1.941266748355701538e-02
1.941041901241987930e-02
1.940546517027541898e-02
1.939433796098455690e-02
1.939567546825855804e-02
1.939499035011977082e-02
1.939495701808482270e-02
1.938437649048864800e-02
1.937242601998150418e-02
1.935550118563696825e-02
1.934588134987279620e-02
1.933697669766843222e-02
1.932797287125140318e-02
1.932416604133322877e-02
1.931748611852526776e-02
1.930379885248839980e-02
1.928853992372751153e-02
1.926590206800028737e-02
1.924911701818927956e-02
1.923263140255585327e-02
1.922302241902798525e-02
1.920426504453644212e-02
1.919795802794396766e-02
1.919439286459237448e-02
1.919250967446714529e-02
1.918279963079840000e-02
1.917209520936012310e-02
1.916046483442187393e-02
1.913041559513658368e-02
1.911431299522519181e-02
1.910904983058571774e-02
1.910163432825356597e-02
1.909782063215971146e-02
1.909534430596977403e-02
1.909317368641495760e-02
1.909555789083242430e-02
1.909101319033652475e-02
1.908723135013133329e-02
1.908047243021428543e-02
1.907070727553218659e-02
1.906260171905159798e-02
1.905107563361525466e-02
1.904466317035257913e-02
1.904023829847574165e-02
1.902695870492607244e-02
1.901063567958772085e-02
1.899392135441303406e-02
1.898238829802721683e-02
1.897086419630795648e-02
1.897179645020514657e-02
1.897524328436702573e-02
1.897061056923121311e-02
1.897174570709466920e-02
1.898233349900692660e-02
1.899002325721085155e-02
1.899696761276573054e-02
1.900075989309698427e-02
1.900407707318663500e-02
1.900298039894551122e-02
1.900272662751376768e-02
1.900397461839020349e-02
1.900714406743645585e-02
1.902056390885263626e-02
1.903561246581375599e-02
1.904762996826320914e-02
1.906105543486773940e-02
1.907386882230639388e-02
1.909006800036877269e-02
1.910103072877973249e-02
1.911296986509114504e-02
1.912195759359747171e-02
1.912390568293631174e-02
1.912622272036969620e-02
1.912004200275987248e-02
1.910617438610643162e-02
1.909656122792512123e-02
1.908681870438158623e-02
1.907754980493336916e-02
1.908424445893615318e-02
1.909115972928702998e-02
1.910428779665380647e-02
1.911665427498519462e-02
1.912659759167581811e-02
1.913554189726710333e-02
1.914333837106823796e-02
1.914405482821166654e-02
1.914431302808225141e-02
1.914849168621003683e-02
1.914512109011411514e-02
1.913356245029717781e-02
1.911927965469658458e-02
1.911286918912082772e-02
1.910229995846748213e-02
1.909450227860361171e-02
1.907843883149325931e-02
1.906159200705587892e-02
1.904349043499678484e-02
1.903203134424984524e-02
1.902955455705523588e-02
1.902596989646554090e-02
1.902783429715782307e-02
1.902330058161169277e-02
1.902282012626528573e-02
1.903120333328843158e-02
1.905029482673853761e-02
1.906956533435731974e-02
1.908216091338545140e-02
1.909649141598492722e-02
1.911420302465557941e-02
1.912405476439744262e-02
1.912965516094118287e-02
1.913085994310676982e-02
1.912949221208691541e-02
1.912689124234020696e-02
1.912402938120067244e-02
1.912179060745984246e-02
1.911936757154762689e-02
1.912183724343776564e-02
1.912074017804115886e-02
1.911525125615298748e-02
1.910867208614945578e-02
1.909962434787303154e-02
1.910128702409565407e-02
1.910624199081212282e-02
1.911510583478957456e-02
1.913347335997968995e-02
1.915148403495550017e-02
1.917011143639683890e-02
1.918770124204456640e-02
1.919933594763278961e-02
1.920881466008722907e-02
1.921581458300352166e-02
1.922931282781064483e-02
1.924296229612082118e-02
1.925233358051627736e-02
1.925471435766666975e-02
1.925777928438037606e-02
1.925252279732376365e-02
1.924294627271592659e-02
1.923447628505527834e-02
1.922286378219723729e-02
1.920907695777714086e-02
1.919850530102849145e-02
1.919054659083485603e-02
1.919229592196643186e-02
1.918919918127358001e-02
1.918468898162245875e-02
1.919083088636398468e-02
1.919578075408935602e-02
1.919832747429609313e-02
1.919542257674038480e-02
1.919823223724961142e-02
1.919964397326111641e-02
1.920483323279768145e-02
1.920979708898812657e-02
1.921184154693037285e-02
1.921363947913050721e-02
1.922264422755688359e-02
1.922646067105233600e-02
1.922997217625379424e-02
1.922739397734403444e-02
1.921837884001433711e-02
1.920419965870678522e-02
1.919131432194262632e-02
1.917722585611045250e-02
1.916000172030180720e-02
1.914235463365912548e-02
1.912804535590112084e-02
1.911193490959704061e-02
1.909702626988291768e-02
1.908601284492760994e-02
1.908479412086307864e-02
1.908135157078504410e-02
1.908334411215037094e-02
1.908322825096547479e-02
1.908030940219759830e-02
1.906958836130797849e-02
1.906483086291700657e-02
1.905927592888474395e-02
1.905454055871814642e-02
1.904653130099177513e-02
1.904800958000123570e-02
1.905377565417438676e-02
1.906997201032936684e-02
1.909013138152658787e-02
1.910817592870444129e-02
1.913069935049861725e-02
1.915534368716180491e-02
1.917354110628366470e-02
1.918838963378220741e-02
1.919351830147206922e-02
1.919199641793966141e-02
1.918391850311309058e-02
1.917727802414447014e-02
1.916920400690287282e-02
1.915655741933733336e-02
1.914433864876628061e-02
1.912603929638862638e-02
1.911091104149818462e-02
1.909128731116652503e-02
1.906638261396437911e-02
1.903927838895469807e-02
1.902145990636199685e-02
1.900352018885314437e-02
1.898283878806978492e-02
1.896648633759468947e-02
1.895465968642383661e-02
1.894330696668476005e-02
1.893486640416085567e-02
1.893087469972670051e-02
1.892208116594702033e-02
1.891752640716731423e-02
1.890911173075437643e-02
1.890440275892615180e-02
1.889066431205719751e-02
1.887626858893782025e-02
1.885982707142829992e-02
1.884605176281184055e-02
1.883441556710750003e-02
1.882276639342308003e-02
1.882313068024814295e-02
1.882523856125771847e-02
1.882588626351207328e-02
1.882636436261236543e-02
1.882297169417142951e-02
1.881848601158708431e-02
1.881247356534004184e-02
1.880896680057048825e-02
1.881803220137953647e-02
1.881916067097336165e-02
1.881683816201984785e-02
