6.278330110944807529e-04
1.971642486751079559e-03
3.160350024700164795e-03
3.786616027355194092e-03
4.170071333646774292e-03
4.689758177846670151e-03
4.812465980648994446e-03
4.808549303561449051e-03
4.802686162292957306e-03
4.610258154571056366e-03
4.510333295911550522e-03
4.379512276500463486e-03
4.312896169722080231e-03
4.402850288897752762e-03
4.442941397428512573e-03
4.522735252976417542e-03
4.592400975525379181e-03
4.694610368460416794e-03
4.864574410021305084e-03
5.058722104877233505e-03
5.241262260824441910e-03
5.471132230013608932e-03
5.650387611240148544e-03
5.717524792999029160e-03
5.765668582171201706e-03
5.757185164839029312e-03
5.726860370486974716e-03
5.653243046253919601e-03
5.703969392925500870e-03
5.822549108415842056e-03
5.953121930360794067e-03
6.150754634290933609e-03
6.333281751722097397e-03
6.485774647444486618e-03
6.684299558401107788e-03
6.868302356451749802e-03
7.099044974893331528e-03
7.160138804465532303e-03
7.130429148674011230e-03
6.970304530113935471e-03
6.948339752852916718e-03
7.048189640045166016e-03
7.129515986889600754e-03
7.284855004400014877e-03
7.311525754630565643e-03
7.275399751961231232e-03
7.234846241772174835e-03
7.251932285726070404e-03
7.253677118569612503e-03
7.363305892795324326e-03
7.498612161725759506e-03
7.641723379492759705e-03
7.816995494067668915e-03
8.079455234110355377e-03
8.308742195367813110e-03
8.395922370254993439e-03
8.358005434274673462e-03
8.271350525319576263e-03
8.141114376485347748e-03
8.035830222070217133e-03
8.014741353690624237e-03
7.956255227327346802e-03
7.980914786458015442e-03
8.038341999053955078e-03
8.129771798849105835e-03
8.156272582709789276e-03
8.186944760382175446e-03
8.152213878929615021e-03
8.156527765095233917e-03
8.301161229610443115e-03
8.532162755727767944e-03
8.814930915832519531e-03
9.087142534554004669e-03
9.332081303000450134e-03
9.630753658711910248e-03
9.927962906658649445e-03
1.008554082363843918e-02
1.009268872439861298e-02
1.008918602019548416e-02
9.829963557422161102e-03
9.502289816737174988e-03
9.277946315705776215e-03
9.103756397962570190e-03
8.964695967733860016e-03
8.895277976989746094e-03
8.875020779669284821e-03
8.884514681994915009e-03
8.940259926021099091e-03
9.009656496345996857e-03
9.136273525655269623e-03
9.285365231335163116e-03
9.422144852578639984e-03
9.560883045196533203e-03
9.459596127271652222e-03
9.434347040951251984e-03
9.483360685408115387e-03
9.581279009580612183e-03
9.711420163512229919e-03
9.919852949678897858e-03
9.978291578590869904e-03
1.004578825086355209e-02
1.006677187979221344e-02
1.008651684969663620e-02
1.011517550796270370e-02
1.017452310770750046e-02
1.011868193745613098e-02
1.008594967424869537e-02
1.014033611863851547e-02
1.020944863557815552e-02
1.025229506194591522e-02
1.032628398388624191e-02
1.037118677049875259e-02
1.041808724403381348e-02
1.034038513898849487e-02
1.027111243456602097e-02
1.026064995676279068e-02
1.023550610989332199e-02
1.015790831297636032e-02
9.994946420192718506e-03
9.949432685971260071e-03
9.883034043014049530e-03
9.887437336146831512e-03
1.000225730240345001e-02
1.013366412371397018e-02
1.022262778133153915e-02
1.031307876110076904e-02
1.034858264029026031e-02
1.050260569900274277e-02
1.065708324313163757e-02
1.071479264646768570e-02
1.086274906992912292e-02
1.093024574220180511e-02
1.110603846609592438e-02
1.128133665770292282e-02
1.135441847145557404e-02
1.137069519609212875e-02
1.116770785301923752e-02
1.095278654247522354e-02
1.082008052617311478e-02
1.071243640035390854e-02
1.068248320370912552e-02
1.064745150506496429e-02
1.069355476647615433e-02
1.064787711948156357e-02
1.050027552992105484e-02
1.036126352846622467e-02
1.033370196819305420e-02
1.035083364695310593e-02
1.038571540266275406e-02
1.035697013139724731e-02
1.019112765789031982e-02
1.008362416177988052e-02
9.990057907998561859e-03
9.844376705586910248e-03
9.710887446999549866e-03
9.671797975897789001e-03
9.573139250278472900e-03
9.382664225995540619e-03
9.148438461124897003e-03
8.928115479648113251e-03
8.826212026178836823e-03
8.716031908988952637e-03
8.606758899986743927e-03
8.519274182617664337e-03
8.463916368782520294e-03
8.449629880487918854e-03
8.509030565619468689e-03
8.514198474586009979e-03
8.566412143409252167e-03
8.545435033738613129e-03
8.522832766175270081e-03
8.540119044482707977e-03
8.630562573671340942e-03
8.724725805222988129e-03
8.769268169999122620e-03
8.732303977012634277e-03
8.599273860454559326e-03
8.413078263401985168e-03
8.194311521947383881e-03
8.092395029962062836e-03
7.921195589005947113e-03
7.746758405119180679e-03
7.838621735572814941e-03
8.044818416237831116e-03
8.268312551081180573e-03
8.583855815231800079e-03
8.870064280927181244e-03
9.047687985002994537e-03
9.213334880769252777e-03
9.311019442975521088e-03
9.380311705172061920e-03
9.548598900437355042e-03
9.653797373175621033e-03
9.782825596630573273e-03
9.784246794879436493e-03
9.763750247657299042e-03
9.618843905627727509e-03
9.451450780034065247e-03
9.325432591140270233e-03
9.533029980957508087e-03
9.745842777192592621e-03
9.977247565984725952e-03
1.017967518419027328e-02
1.027223560959100723e-02
1.041492912918329239e-02
1.054743677377700806e-02
1.062434725463390350e-02
1.065324433147907257e-02
1.062837243080139160e-02
1.061419863253831863e-02
1.038756966590881348e-02
1.008062064647674561e-02
9.801485575735569000e-03
9.528768248856067657e-03
9.174440056085586548e-03
8.994136936962604523e-03
8.853291161358356476e-03
8.828698657453060150e-03
8.777556940913200378e-03
8.820128627121448517e-03
8.855143561959266663e-03
8.887760341167449951e-03
8.870872668921947479e-03
8.838735520839691162e-03
8.722345344722270966e-03
8.534615859389305115e-03
8.371690288186073303e-03
8.226285688579082489e-03
8.137354627251625061e-03
8.143832907080650330e-03
8.231935091316699982e-03
8.391817100346088409e-03
8.579242974519729614e-03
8.787373080849647522e-03
8.931032381951808929e-03
9.140806272625923157e-03
9.331937879323959351e-03
9.528200142085552216e-03
9.686877019703388214e-03
9.895429015159606934e-03
1.012188196182250977e-02
1.039261277765035629e-02
1.063722372055053711e-02
1.083221100270748138e-02
1.094747241586446762e-02
1.099505182355642319e-02
1.097734738141298294e-02
1.093008741736412048e-02
1.081537641584873199e-02
1.075548399239778519e-02
1.075694244354963303e-02
1.070174481719732285e-02
1.065270975232124329e-02
1.058576628565788269e-02
1.052727457135915756e-02
1.054063998162746429e-02
1.058753859251737595e-02
1.065211929380893707e-02
1.087273657321929932e-02
1.108747068792581558e-02
1.131125073879957199e-02
1.152062136679887772e-02
1.167279016226530075e-02
1.181850582361221313e-02
1.178215630352497101e-02
1.180739980190992355e-02
1.183218788355588913e-02
1.180214341729879379e-02
1.179555989801883698e-02
1.179293449968099594e-02
1.186234783381223679e-02
1.193515956401824951e-02
1.219445746392011642e-02
1.235944777727127075e-02
1.243412587791681290e-02
1.252349745482206345e-02
1.249669026583433151e-02
1.247266680002212524e-02
1.238459441810846329e-02
1.231926586478948593e-02
1.232238207012414932e-02
1.236403640359640121e-02
1.239499449729919434e-02
1.243666745722293854e-02
1.235406473278999329e-02
1.204582303762435913e-02
1.176182460039854050e-02
1.169489510357379913e-02
1.160301361232995987e-02
1.150623802095651627e-02
1.146863400936126709e-02
1.145074330270290375e-02
1.148696523159742355e-02
1.152333989739418030e-02
1.155737973749637604e-02
1.166266854852437973e-02
1.174879353493452072e-02
1.181249227374792099e-02
1.189280301332473755e-02
1.203846465796232224e-02
1.221482735127210617e-02
1.235553156584501266e-02
1.246075518429279327e-02
1.243682391941547394e-02
1.240525487810373306e-02
1.233813911676406860e-02
1.228349376469850540e-02
1.219655573368072510e-02
1.211454439908266068e-02
1.201495435088872910e-02
1.189303211867809296e-02
1.179607398808002472e-02
1.172358635812997818e-02
1.155407167971134186e-02
1.135095674544572830e-02
1.114362664520740509e-02
1.094366610050201416e-02
1.080488320440053940e-02
1.072708331048488617e-02
1.064193435013294220e-02
1.065733376890420914e-02
1.074138376861810684e-02
1.078684814274311066e-02
1.077987439930438995e-02
1.078206114470958710e-02
1.082817837595939636e-02
1.082630828022956848e-02
1.118421275168657303e-02
1.148725673556327820e-02
1.175500825047492981e-02
1.192409172654151917e-02
1.204281952232122421e-02
1.205638237297534943e-02
1.208578608930110931e-02
1.199305802583694458e-02
1.190266571938991547e-02
1.188013236969709396e-02
1.194476708769798279e-02
1.192844659090042114e-02
1.186553854495286942e-02
1.177070941776037216e-02
1.164574269205331802e-02
1.148853078484535217e-02
1.123141217976808548e-02
1.098368503153324127e-02
1.073773205280303955e-02
1.050516963005065918e-02
1.038768887519836426e-02
1.025172974914312363e-02
1.015700399875640869e-02
1.007029693573713303e-02
9.918573312461376190e-03
9.764345362782478333e-03
9.678315371274948120e-03
9.880864061415195465e-03
1.011219620704650879e-02
1.037783827632665634e-02
1.059279218316078186e-02
1.080995704978704453e-02
1.095361076295375824e-02
1.104568503797054291e-02
1.113563124090433121e-02
1.127069909125566483e-02
1.141708623617887497e-02
1.152768172323703766e-02
1.161214895546436310e-02
1.151538453996181488e-02
1.143268775194883347e-02
1.135853864252567291e-02
1.129055581986904144e-02
1.117785181850194931e-02
1.116549503058195114e-02
1.112827379256486893e-02
1.107874605804681778e-02
1.100572571158409119e-02
1.089872885495424271e-02
1.073321141302585602e-02
1.059889700263738632e-02
1.054595131427049637e-02
1.055677887052297592e-02
1.064303517341613770e-02
1.080146338790655136e-02
1.092273648828268051e-02
1.105678640305995941e-02
1.116679050028324127e-02
1.124151982367038727e-02
1.128516066819429398e-02
1.132873259484767914e-02
1.129109598696231842e-02
1.125336997210979462e-02
1.119153667241334915e-02
1.108263712376356125e-02
1.097845844924449921e-02
1.082490198314189911e-02
1.073085330426692963e-02
1.058393530547618866e-02
1.051620300859212875e-02
1.043985597789287567e-02
1.038810424506664276e-02
1.036447752267122269e-02
1.035148464143276215e-02
1.033691782504320145e-02
1.035972777754068375e-02
1.033406332135200500e-02
1.027895137667655945e-02
1.026968006044626236e-02
1.025271881371736526e-02
1.025271881371736526e-02
1.025271881371736526e-02
1.017720717936754227e-02
1.009791623800992966e-02
9.957239963114261627e-03
9.870859794318675995e-03
9.828312322497367859e-03
9.818201884627342224e-03
9.855483658611774445e-03
9.886302053928375244e-03
9.929815307259559631e-03
9.970404207706451416e-03
9.979922324419021606e-03
1.002034358680248260e-02
9.987622499465942383e-03
9.973708540201187134e-03
9.833481162786483765e-03
9.710605256259441376e-03
9.607304818928241730e-03
9.609411470592021942e-03
9.514262899756431580e-03
9.397737681865692139e-03
9.363849647343158722e-03
9.337399154901504517e-03
9.278031997382640839e-03
9.202511049807071686e-03
9.186224080622196198e-03
9.307458065450191498e-03
9.402074851095676422e-03
9.530083276331424713e-03
9.717199020087718964e-03
9.746017865836620331e-03
9.804483503103256226e-03
9.851805865764617920e-03
9.918206371366977692e-03
9.894669055938720703e-03
9.818223305046558380e-03
9.725603275001049042e-03
9.660438634455204010e-03
9.532596915960311890e-03
9.441896341741085052e-03
9.347938932478427887e-03
9.274683892726898193e-03
9.202602319419384003e-03
9.173781611025333405e-03
9.211079217493534088e-03
9.206866845488548279e-03
9.182833135128021240e-03
9.255346842110157013e-03
9.283085353672504425e-03
9.302652440965175629e-03
9.322819299995899200e-03
9.294532239437103271e-03
9.216258302330970764e-03
9.182090871036052704e-03
9.059394709765911102e-03
8.980338461697101593e-03
8.920940570533275604e-03
8.926014415919780731e-03
8.935568854212760925e-03
8.983486331999301910e-03
9.134759195148944855e-03
9.292823262512683868e-03
9.650691412389278412e-03
9.953239932656288147e-03
1.021828781813383102e-02
1.043498143553733826e-02
1.051912084221839905e-02
1.055293530225753784e-02
1.053322479128837585e-02
1.043049618601799011e-02
1.031400263309478760e-02
9.805280715227127075e-03
9.425218217074871063e-03
9.040840901434421539e-03
8.761983364820480347e-03
8.538623340427875519e-03
7.713865488767623901e-03
7.298033684492111206e-03
7.277383934706449509e-03
7.457078434526920319e-03
7.861122488975524902e-03
8.367358706891536713e-03
8.928639814257621765e-03
9.427908807992935181e-03
9.916513226926326752e-03
1.033234968781471252e-02
1.074109692126512527e-02
1.113520283252000809e-02
1.149894483387470245e-02
1.189330779016017914e-02
1.226001419126987457e-02
1.261734031140804291e-02
1.299062091857194901e-02
1.337010972201824188e-02
1.375062298029661179e-02
1.413223799318075180e-02
1.447366084903478622e-02
1.478412561118602753e-02
1.510430220514535904e-02
1.541732996702194214e-02
1.571624539792537689e-02
1.603667438030242920e-02
1.633284799754619598e-02
1.659898459911346436e-02
1.682573929429054260e-02
1.702777855098247528e-02
1.721072196960449219e-02
1.732270792126655579e-02
1.743224263191223145e-02
1.756398007273674011e-02
1.767592504620552063e-02
1.774012483656406403e-02
1.783392578363418579e-02
1.793602854013442993e-02
1.799379847943782806e-02
1.804549805819988251e-02
1.809738576412200928e-02
1.812277734279632568e-02
1.809769868850708008e-02
1.807679980993270874e-02
1.806035265326499939e-02
1.808216609060764313e-02
1.808834075927734375e-02
1.810078136622905731e-02
1.801104098558425903e-02
1.792876608669757843e-02
1.782026328146457672e-02
1.770886406302452087e-02
1.764955930411815643e-02
1.757688075304031372e-02
1.750131510198116302e-02
1.742915064096450806e-02
1.736201532185077667e-02
1.730079948902130127e-02
1.725729182362556458e-02
1.725900918245315552e-02
1.726284809410572052e-02
1.728131249547004700e-02
1.733411289751529694e-02
1.739277318120002747e-02
1.743011362850666046e-02
1.748970150947570801e-02
1.754140667617321014e-02
1.756887324154376984e-02
1.756923273205757141e-02
1.758715882897377014e-02
1.761276647448539734e-02
1.764158159494400024e-02
1.761885359883308411e-02
1.754849590361118317e-02
1.748589240014553070e-02
1.740755699574947357e-02
1.735377870500087738e-02
1.734139211475849152e-02
1.734099909663200378e-02
1.737640425562858582e-02
1.738085970282554626e-02
1.741177961230278015e-02
1.745825819671154022e-02
1.750764995813369751e-02
1.754982769489288330e-02
1.760499924421310425e-02
1.765736006200313568e-02
1.772769168019294739e-02
1.780558750033378601e-02
1.786167174577713013e-02
1.793157495558261871e-02
1.800006814301013947e-02
1.807110197842121124e-02
1.814925484359264374e-02
1.817500218749046326e-02
1.818768866360187531e-02
1.819653064012527466e-02
1.823874376714229584e-02
1.832037605345249176e-02
1.839538291096687317e-02
1.849365048110485077e-02
1.860429532825946808e-02
1.870382949709892273e-02
1.880578696727752686e-02
1.894211582839488983e-02
1.910399831831455231e-02
1.924234442412853241e-02
1.940231211483478546e-02
1.955786533653736115e-02
1.975246146321296692e-02
1.997786201536655426e-02
2.016535587608814240e-02
2.032376267015933990e-02
2.047353424131870270e-02
2.058123052120208740e-02
2.067233808338642120e-02
2.072234451770782471e-02
2.079810947179794312e-02
2.085583284497261047e-02
2.085681073367595673e-02
2.089669555425643921e-02
2.092247828841209412e-02
2.093789726495742798e-02
2.094361186027526855e-02
2.095180004835128784e-02
2.098436839878559113e-02
2.099919691681861877e-02
2.105003036558628082e-02
2.109854109585285187e-02
2.117522619664669037e-02
2.124813757836818695e-02
2.131646499037742615e-02
2.135612815618515015e-02
2.137152850627899170e-02
2.136114984750747681e-02
2.133322507143020630e-02
2.129711583256721497e-02
2.126232720911502838e-02
2.124385908246040344e-02
2.121233940124511719e-02
2.118342369794845581e-02
2.122844941914081573e-02
2.125259675085544586e-02
2.124850638210773468e-02
2.126764133572578430e-02
2.125351689755916595e-02
2.124250121414661407e-02
2.121067605912685394e-02
2.116043306887149811e-02
2.110340818762779236e-02
2.104702219367027283e-02
2.099329791963100433e-02
2.093211933970451355e-02
2.085901796817779541e-02
2.078497782349586487e-02
2.069045044481754303e-02
2.057432942092418671e-02
2.044572494924068451e-02
2.031873911619186401e-02
2.018756605684757233e-02
2.007015049457550049e-02
1.996458321809768677e-02
1.985787041485309601e-02
1.980195194482803345e-02
1.977873593568801880e-02
1.986341550946235657e-02
1.996076107025146484e-02
2.003285102546215057e-02
2.007238753139972687e-02
2.010784298181533813e-02
2.010650373995304108e-02
2.012645453214645386e-02
2.013771049678325653e-02
2.015878073871135712e-02
2.019391953945159912e-02
2.022777870297431946e-02
2.025389857590198517e-02
2.022432163357734680e-02
2.020172588527202606e-02
2.014350146055221558e-02
2.015190385282039642e-02
2.018899284303188324e-02
2.029783092439174652e-02
2.038430608808994293e-02
2.044873870909214020e-02
2.052582055330276489e-02
2.055777981877326965e-02
2.057586796581745148e-02
2.056397683918476105e-02
2.062398009002208710e-02
2.067818306386470795e-02
2.077371440827846527e-02
2.085459791123867035e-02
2.091446705162525177e-02
2.099415659904479980e-02
2.105327881872653961e-02
2.111128531396389008e-02
2.118526026606559753e-02
2.121587470173835754e-02
2.121519111096858978e-02
2.124081552028656006e-02
2.128572203218936920e-02
2.132420241832733154e-02
2.133875340223312378e-02
2.131518162786960602e-02
2.128482051193714142e-02
2.125922031700611115e-02
2.125932462513446808e-02
2.126860991120338440e-02
2.125336602330207825e-02
2.122668735682964325e-02
2.117913216352462769e-02
2.112077735364437103e-02
2.107672020792961121e-02
2.088450826704502106e-02
2.073192223906517029e-02
2.059929631650447845e-02
2.046223916113376617e-02
2.027156203985214233e-02
2.010282315313816071e-02
1.960585638880729675e-02
1.916912198066711426e-02
1.877800375223159790e-02
1.845700107514858246e-02
1.813381910324096680e-02
1.785091683268547058e-02
1.759294606745243073e-02
1.741168461740016937e-02
1.724975556135177612e-02
1.710592955350875854e-02
1.696980558335781097e-02
1.686151884496212006e-02
1.679193601012229919e-02
1.673091761767864227e-02
1.669933088123798370e-02
1.670200377702713013e-02
1.671197824180126190e-02
1.673377677798271179e-02
1.673464477062225342e-02
1.670577004551887512e-02
1.666116714477539062e-02
1.660831831395626068e-02
1.659063622355461121e-02
1.659232750535011292e-02
1.659506373107433319e-02
1.660093851387500763e-02
1.662042178213596344e-02
1.660468801856040955e-02
1.660337112843990326e-02
1.661487482488155365e-02
1.661944948136806488e-02
1.661701500415802002e-02
1.659883558750152588e-02
1.655928790569305420e-02
1.654484495520591736e-02
1.655649952590465546e-02
1.657326705753803253e-02
1.658587157726287842e-02
1.662204228341579437e-02
1.663922704756259918e-02
1.663676835596561432e-02
1.662399433553218842e-02
1.662747003138065338e-02
1.663778722286224365e-02
1.667931303381919861e-02
1.672858186066150665e-02
1.673949509859085083e-02
1.674986630678176880e-02
1.679583638906478882e-02
1.684138365089893341e-02
1.690908521413803101e-02
1.698913052678108215e-02
1.705187372863292694e-02
1.709918119013309479e-02
1.714065484702587128e-02
1.719625480473041534e-02
1.723809912800788879e-02
1.727390661835670471e-02
1.729252561926841736e-02
1.729788817465305328e-02
1.729792542755603790e-02
1.732121407985687256e-02
1.736486330628395081e-02
1.738359965384006500e-02
1.740051805973052979e-02
1.743894442915916443e-02
1.748578995466232300e-02
1.752813905477523804e-02
1.755644194781780243e-02
1.762909442186355591e-02
1.767580024898052216e-02
1.773070357739925385e-02
1.778733916580677032e-02
1.783925667405128479e-02
1.788767799735069275e-02
1.792439073324203491e-02
1.795464195311069489e-02
1.797447167336940765e-02
1.797721534967422485e-02
1.800752803683280945e-02
1.803452707827091217e-02
1.806560903787612915e-02
1.809354498982429504e-02
1.810645870864391327e-02
1.809823513031005859e-02
1.810727268457412720e-02
1.813911646604537964e-02
1.814982853829860687e-02
1.818894408643245697e-02
1.823781430721282959e-02
1.832101121544837952e-02
1.841019280254840851e-02
1.848577521741390228e-02
1.855234056711196899e-02
1.863354444503784180e-02
1.873848028481006622e-02
1.881063356995582581e-02
1.886307075619697571e-02
1.889258436858654022e-02
1.894243061542510986e-02
1.897746697068214417e-02
1.902451738715171814e-02
1.907879859209060669e-02
1.911980099976062775e-02
1.916810497641563416e-02
1.922461763024330139e-02
1.928107067942619324e-02
1.928983815014362335e-02
1.933780685067176819e-02
1.936330646276473999e-02
1.941141299903392792e-02
1.945108547806739807e-02
1.946378126740455627e-02
1.950202882289886475e-02
1.954881846904754639e-02
1.960921846330165863e-02
1.951699890196323395e-02
1.940507255494594574e-02
1.929590106010437012e-02
1.920936629176139832e-02
1.914271526038646698e-02
1.908970810472965240e-02
1.903693005442619324e-02
1.902280189096927643e-02
1.901165395975112915e-02
1.901860721409320831e-02
1.901392266154289246e-02
1.900593936443328857e-02
1.900490373373031616e-02
1.902181282639503479e-02
1.908515021204948425e-02
1.915243081748485565e-02
1.922802627086639404e-02
1.929790712893009186e-02
1.938546262681484222e-02
1.944340765476226807e-02
1.951550133526325226e-02
1.956757344305515289e-02
1.962003484368324280e-02
1.967740990221500397e-02
1.972303353250026703e-02
1.937604136765003204e-02
1.906412653625011444e-02
1.881342194974422455e-02
1.856375113129615784e-02
1.835005357861518860e-02
1.816295646131038666e-02
1.797519065439701080e-02
1.781290397047996521e-02
1.765649579465389252e-02
1.752839051187038422e-02
1.740350201725959778e-02
1.729919575154781342e-02
1.722506247460842133e-02
1.716336794197559357e-02
1.711576245725154877e-02
1.709643006324768066e-02
1.707240752875804901e-02
1.704722642898559570e-02
1.702351495623588562e-02
1.699226535856723785e-02
1.696601510047912598e-02
1.694093830883502960e-02
1.693224534392356873e-02
1.693868078291416168e-02
1.694922149181365967e-02
1.695839688181877136e-02
1.697886362671852112e-02
1.698710769414901733e-02
1.700411178171634674e-02
1.704940758645534515e-02
1.711111329495906830e-02
1.719023659825325012e-02
1.725548133254051208e-02
1.733127236366271973e-02
1.740321144461631775e-02
1.747157424688339233e-02
1.753958873450756073e-02
1.757161691784858704e-02
1.761395670473575592e-02
1.763926260173320770e-02
1.764204911887645721e-02
1.763537712395191193e-02
1.763806864619255066e-02
1.763524860143661499e-02
1.764131337404251099e-02
1.761463657021522522e-02
1.756911166012287140e-02
1.753783226013183594e-02
1.747366413474082947e-02
1.741950958967208862e-02
1.736435294151306152e-02
1.733396016061306000e-02
1.730019040405750275e-02
1.728533767163753510e-02
1.727846078574657440e-02
1.727731712162494659e-02
1.729383505880832672e-02
1.731666177511215210e-02
1.736133545637130737e-02
1.739808358252048492e-02
1.743870973587036133e-02
1.750537380576133728e-02
1.755317673087120056e-02
1.759710907936096191e-02
1.766998879611492157e-02
1.773921586573123932e-02
1.779519952833652496e-02
1.785494014620780945e-02
1.792320050299167633e-02
1.799672283232212067e-02
1.806270517408847809e-02
1.809671893715858459e-02
1.813603937625885010e-02
1.816152036190032959e-02
1.818078011274337769e-02
1.822020113468170166e-02
1.824223436415195465e-02
1.825327426195144653e-02
1.827071048319339752e-02
1.828130707144737244e-02
1.830718852579593658e-02
1.833916082978248596e-02
1.835045032203197479e-02
1.837006770074367523e-02
1.840383000671863556e-02
1.844641007483005524e-02
1.850627735257148743e-02
1.855949498713016510e-02
1.861353963613510132e-02
1.864072307944297791e-02
1.865746825933456421e-02
1.866425015032291412e-02
1.867682300508022308e-02
1.866699382662773132e-02
1.865465939044952393e-02
1.864890009164810181e-02
1.864038780331611633e-02
1.858768425881862640e-02
1.853870600461959839e-02
1.848228834569454193e-02
1.842256076633930206e-02
1.838639378547668457e-02
1.836428418755531311e-02
1.836662553250789642e-02
1.837003231048583984e-02
1.837319880723953247e-02
1.837421767413616180e-02
1.839714869856834412e-02
1.841808296740055084e-02
1.844520680606365204e-02
1.848048344254493713e-02
1.849388517439365387e-02
1.847796700894832611e-02
1.844657398760318756e-02
1.844444684684276581e-02
1.843710429966449738e-02
1.842414960265159607e-02
1.840094476938247681e-02
1.837437041103839874e-02
1.835513673722743988e-02
1.831564493477344513e-02
1.826822012662887573e-02
1.823460496962070465e-02
1.818547956645488739e-02
1.816923357546329498e-02
1.817029342055320740e-02
1.817036233842372894e-02
1.817097887396812439e-02
1.817609369754791260e-02
1.815833523869514465e-02
1.816095784306526184e-02
1.815267652273178101e-02
1.812332496047019958e-02
1.810128428041934967e-02
1.808715425431728363e-02
1.806071773171424866e-02
1.802857778966426849e-02
1.801995933055877686e-02
1.798510365188121796e-02
1.794923655688762665e-02
1.790201477706432343e-02
1.786924898624420166e-02
1.785399578511714935e-02
1.787670329213142395e-02
1.788714528083801270e-02
1.789616234600543976e-02
1.792461425065994263e-02
1.792808622121810913e-02
1.793385297060012817e-02
1.794371753931045532e-02
1.794815622270107269e-02
1.794623211026191711e-02
1.796309463679790497e-02
1.799206621944904327e-02
1.800036616623401642e-02
1.799058727920055389e-02
1.799058727920055389e-02
1.798970624804496765e-02
1.799988374114036560e-02
1.799458079040050507e-02
1.798968203365802765e-02
1.798838563263416290e-02
1.799394562840461731e-02
1.799499988555908203e-02
1.799441315233707428e-02
1.798651367425918579e-02
1.798699796199798584e-02
1.800145395100116730e-02
1.800432428717613220e-02
1.801036670804023743e-02
1.801868155598640442e-02
1.802293770015239716e-02
1.802560128271579742e-02
1.803052425384521484e-02
1.805258728563785553e-02
1.808320730924606323e-02
1.809381693601608276e-02
1.809269003570079803e-02
1.810780912637710571e-02
1.812287792563438416e-02
1.814923621714115143e-02
1.817033998668193817e-02
1.818889752030372620e-02
1.822067052125930786e-02
1.822301372885704041e-02
1.823568716645240784e-02
1.823647506535053253e-02
1.824422739446163177e-02
1.825364679098129272e-02
1.825781352818012238e-02
1.826639100909233093e-02
1.836933568120002747e-02
1.847636140882968903e-02
1.858334988355636597e-02
1.868963427841663361e-02
1.877857744693756104e-02
1.885412260890007019e-02
1.893287897109985352e-02
1.900957897305488586e-02
1.907246932387351990e-02
1.913175173103809357e-02
1.919340342283248901e-02
1.923026330769062042e-02
1.926423609256744385e-02
1.928046718239784241e-02
1.931089907884597778e-02
1.936921104788780212e-02
1.943624392151832581e-02
1.950018852949142456e-02
1.954648084938526154e-02
1.959011703729629517e-02
1.962683908641338348e-02
1.965182274580001831e-02
1.966537907719612122e-02
1.966574415564537048e-02
1.964923739433288574e-02
1.962400600314140320e-02
1.960683241486549377e-02
1.958844996988773346e-02
1.957359351217746735e-02
1.955901458859443665e-02
1.953749172389507294e-02
1.950988732278347015e-02
1.948833838105201721e-02
1.946227997541427612e-02
1.943833753466606140e-02
1.940231770277023315e-02
1.935752294957637787e-02
1.932983472943305969e-02
1.930788531899452209e-02
1.930564083158969879e-02
1.930586621165275574e-02
1.930681802332401276e-02
1.930932514369487762e-02
1.930921338498592377e-02
1.930796355009078979e-02
1.930175162851810455e-02
1.932722702622413635e-02
1.936573907732963562e-02
1.940253376960754395e-02
1.944953575730323792e-02
1.949535869061946869e-02
1.953082531690597534e-02
1.954918354749679565e-02
1.956011727452278137e-02
1.957122422754764557e-02
1.957176439464092255e-02
1.954183913767337799e-02
1.952296122908592224e-02
1.952167786657810211e-02
1.953008212149143219e-02
1.952543482184410095e-02
1.951756700873374939e-02
1.951359398663043976e-02
1.952864974737167358e-02
1.953314058482646942e-02
1.952757127583026886e-02
1.952149905264377594e-02
1.951885595917701721e-02
1.949982531368732452e-02
1.947401650249958038e-02
1.945499703288078308e-02
1.941728033125400543e-02
1.938464678823947906e-02
1.934760808944702148e-02
1.931241527199745178e-02
1.927783712744712830e-02
1.924168691039085388e-02
1.920828595757484436e-02
1.919246464967727661e-02
1.917780004441738129e-02
1.918031647801399231e-02
1.919909194111824036e-02
1.922310143709182739e-02
1.925010234117507935e-02
1.928505674004554749e-02
1.932963542640209198e-02
1.936240680515766144e-02
1.939060725271701813e-02
1.941210217773914337e-02
1.944554783403873444e-02
1.947237364947795868e-02
1.948934048414230347e-02
1.948373764753341675e-02
1.944583840668201447e-02
1.940960995852947235e-02
1.937869377434253693e-02
1.934667862951755524e-02
1.931907050311565399e-02
1.929309591650962830e-02
1.928541623055934906e-02
1.926907524466514587e-02
1.926230452954769135e-02
1.923956722021102905e-02
1.920713856816291809e-02
1.918473094701766968e-02
1.916180364787578583e-02
1.915985345840454102e-02
1.916687190532684326e-02
1.917466893792152405e-02
1.918028667569160461e-02
1.919838599860668182e-02
1.922317594289779663e-02
1.924321427941322327e-02
1.924603059887886047e-02
1.925262808799743652e-02
1.925235986709594727e-02
1.924482360482215881e-02
1.925918646156787872e-02
1.923768594861030579e-02
1.922457292675971985e-02
1.922865211963653564e-02
1.923815906047821045e-02
1.926064863801002502e-02
1.925707422196865082e-02
1.925209723412990570e-02
1.925210654735565186e-02
1.926893740892410278e-02
1.931262202560901642e-02
1.935893669724464417e-02
1.939531229436397552e-02
1.942514628171920776e-02
1.948821730911731720e-02
1.953235082328319550e-02
1.956658624112606049e-02
1.961480267345905304e-02
1.964704692363739014e-02
1.965993270277976990e-02
1.967842318117618561e-02
1.968606375157833099e-02
1.970681361854076385e-02
1.972504332661628723e-02
1.973474957048892975e-02
1.973776891827583313e-02
1.973204314708709717e-02
1.973211020231246948e-02
1.973139494657516479e-02
1.973095908761024475e-02
1.974114216864109039e-02
1.973613910377025604e-02
1.974260807037353516e-02
1.975417323410511017e-02
1.974985934793949127e-02
1.974553614854812622e-02
1.972504146397113800e-02
1.971270516514778137e-02
1.955473609268665314e-02
1.943361572921276093e-02
1.933207921683788300e-02
1.924064941704273224e-02
1.916694268584251404e-02
1.909855194389820099e-02
1.901902258396148682e-02
1.895273476839065552e-02
1.889755763113498688e-02
1.885898038744926453e-02
1.883359253406524658e-02
1.882901042699813843e-02
1.884786225855350494e-02
1.912194490432739258e-02
1.937732659280300140e-02
1.958974823355674744e-02
1.980483718216419220e-02
2.002351544797420502e-02
2.023572474718093872e-02
2.043802849948406219e-02
2.062866650521755219e-02
2.081030048429965973e-02
2.099137566983699799e-02
2.116147056221961975e-02
2.131831459701061249e-02
2.145780809223651886e-02
2.157570421695709229e-02
2.167901769280433655e-02
2.175691537559032440e-02
2.182103134691715240e-02
2.188443765044212341e-02
2.193392626941204071e-02
2.197660319507122040e-02
2.200936712324619293e-02
2.202303521335124969e-02
2.202842943370342255e-02
2.202095091342926025e-02
2.200861647725105286e-02
2.198705449700355530e-02
2.194422110915184021e-02
2.189514040946960449e-02
2.183935232460498810e-02
2.178293094038963318e-02
2.172812446951866150e-02
2.167909778654575348e-02
2.167282067239284515e-02
2.166316658258438110e-02
2.165771089494228363e-02
2.163762971758842468e-02
2.160582877695560455e-02
2.158568240702152252e-02
2.158072218298912048e-02
2.157725952565670013e-02
2.156696841120719910e-02
2.156359702348709106e-02
2.156144753098487854e-02
2.153902873396873474e-02
2.149864286184310913e-02
2.145040966570377350e-02
2.140089310705661774e-02
2.135849185287952423e-02
2.132570371031761169e-02
2.129811048507690430e-02
2.127346210181713104e-02
2.125631272792816162e-02
2.125623635947704315e-02
2.126832678914070129e-02
2.127067558467388153e-02
2.125942893326282501e-02
2.123132906854152679e-02
2.119966968894004822e-02
2.115864306688308716e-02
2.112206257879734039e-02
2.108759060502052307e-02
2.106675133109092712e-02
2.104664780199527740e-02
2.103551849722862244e-02
2.102231606841087341e-02
2.100100554525852203e-02
2.096433006227016449e-02
2.093007415533065796e-02
2.088164165616035461e-02
2.084623835980892181e-02
2.081549540162086487e-02
2.077767625451087952e-02
2.076079882681369781e-02
2.074974402785301208e-02
2.071911655366420746e-02
2.069520391523838043e-02
2.067263610661029816e-02
2.065800130367279053e-02
2.064796164631843567e-02
2.064664103090763092e-02
2.064256370067596436e-02
2.063052728772163391e-02
2.061642706394195557e-02
2.060735784471035004e-02
2.059301733970642090e-02
2.062157727777957916e-02
2.064175158739089966e-02
2.064585313200950623e-02
2.064584381878376007e-02
2.064681611955165863e-02
2.064180374145507812e-02
2.063973620533943176e-02
2.063323557376861572e-02
2.061627432703971863e-02
2.057548798620700836e-02
2.054317109286785126e-02
2.050832845270633698e-02
2.048043534159660339e-02
2.044524997472763062e-02
2.041481621563434601e-02
2.038856223225593567e-02
2.037394978106021881e-02
2.035730890929698944e-02
2.035357616841793060e-02
2.036063745617866516e-02
2.038211002945899963e-02
2.040593698620796204e-02
2.043512091040611267e-02
2.046595327556133270e-02
2.048971131443977356e-02
2.046509087085723877e-02
2.045635692775249481e-02
2.044486813247203827e-02
2.042485214769840240e-02
2.040529623627662659e-02
2.038734033703804016e-02
2.037724480032920837e-02
2.036513388156890869e-02
2.035430073738098145e-02
2.035486511886119843e-02
2.036872506141662598e-02
2.037986181676387787e-02
2.040758170187473297e-02
2.043255977332592010e-02
2.046721428632736206e-02
2.051495388150215149e-02
2.054482698440551758e-02
2.056676521897315979e-02
2.058206126093864441e-02
2.059537358582019806e-02
2.060922048985958099e-02
2.061763592064380646e-02
2.063203975558280945e-02
2.064921148121356964e-02
2.066520974040031433e-02
2.067380025982856750e-02
2.066650986671447754e-02
2.065329626202583313e-02
2.063587866723537445e-02
2.062701061367988586e-02
2.062085643410682678e-02
2.062103338539600372e-02
2.062235586345195770e-02
2.060884796082973480e-02
2.060506679117679596e-02
2.059736847877502441e-02
2.059300616383552551e-02
2.059231698513031006e-02
2.060623653233051300e-02
2.061377279460430145e-02
2.081935666501522064e-02
2.102972939610481262e-02
2.124789357185363770e-02
2.146469429135322571e-02
2.167251333594322205e-02
2.188468538224697113e-02
2.208436839282512665e-02
2.227966859936714172e-02
2.247113920748233795e-02
2.265076339244842529e-02
2.283327281475067139e-02
2.300657704472541809e-02
2.316439151763916016e-02
2.331594191491603851e-02
2.345401979982852936e-02
2.359219826757907867e-02
2.371599152684211731e-02
2.382220141589641571e-02
2.391446381807327271e-02
2.399979718029499054e-02
2.406208403408527374e-02
2.410009317100048065e-02
2.412042394280433655e-02
2.412869036197662354e-02
2.412611618638038635e-02
2.410870417952537537e-02
2.407971583306789398e-02
2.405499853193759918e-02
2.402297779917716980e-02
2.398401685059070587e-02
2.393664419651031494e-02
2.388957142829895020e-02
2.384271100163459778e-02
2.379600331187248230e-02
2.374223433434963226e-02
2.368943393230438232e-02
2.362870983779430389e-02
2.356784977018833160e-02
2.352038957178592682e-02
2.347278036177158356e-02
2.342693507671356201e-02
2.337732166051864624e-02
2.332794480025768280e-02
2.327928505837917328e-02
2.322889864444732666e-02
2.317983657121658325e-02
2.311961539089679718e-02
2.305482886731624603e-02
2.298594824969768524e-02
2.291787974536418915e-02
2.285507880151271820e-02
2.279334329068660736e-02
2.273244969546794891e-02
2.266900986433029175e-02
2.260436862707138062e-02
2.254936285316944122e-02
2.249634638428688049e-02
2.244747616350650787e-02
2.239973098039627075e-02
2.235850878059864044e-02
2.232206240296363831e-02
2.227433398365974426e-02
2.222832664847373962e-02
2.218034490942955017e-02
2.212884277105331421e-02
2.207350544631481171e-02
2.201514877378940582e-02
2.195258252322673798e-02
2.190081775188446045e-02
2.185747213661670685e-02
2.181700617074966431e-02
2.177321165800094604e-02
2.172811329364776611e-02
2.167957462370395660e-02
2.161459065973758698e-02
2.154607698321342468e-02
2.147598005831241608e-02
2.140639722347259521e-02
2.133089303970336914e-02
2.126393467187881470e-02
2.119920961558818817e-02
2.114455401897430420e-02
2.107872813940048218e-02
2.105098217725753784e-02
2.102275565266609192e-02
2.099433355033397675e-02
2.095942385494709015e-02
2.092118933796882629e-02
2.087803930044174194e-02
2.083565853536128998e-02
2.080141566693782806e-02
2.076553367078304291e-02
2.073243632912635803e-02
2.070062793791294098e-02
2.066875435411930084e-02
2.064469456672668457e-02
2.060847170650959015e-02
2.057191543281078339e-02
2.053537592291831970e-02
2.049304544925689697e-02
2.046461217105388641e-02
2.044431306421756744e-02
2.043535374104976654e-02
2.043312229216098785e-02
2.042682841420173645e-02
2.041025646030902863e-02
2.039461769163608551e-02
2.039324864745140076e-02
2.038199827075004578e-02
2.037215046584606171e-02
2.036056853830814362e-02
2.033601701259613037e-02
2.030217833817005157e-02
2.026259340345859528e-02
2.022402547299861908e-02
2.019054442644119263e-02
2.016796357929706573e-02
2.013970911502838135e-02
2.010910771787166595e-02
2.007750421762466431e-02
2.003951743245124817e-02
2.000707201659679413e-02
1.997706294059753418e-02
1.994429156184196472e-02
1.991036720573902130e-02
1.987805403769016266e-02
1.985879801213741302e-02
1.984564028680324554e-02
1.982982829213142395e-02
1.980100385844707489e-02
1.977060176432132721e-02
1.974032446742057800e-02
1.972077973186969757e-02
1.970621570944786072e-02
1.969395950436592102e-02
1.968631707131862640e-02
1.967581361532211304e-02
1.965446583926677704e-02
1.963292062282562256e-02
1.960630528628826141e-02
1.959036476910114288e-02
1.957497000694274902e-02
1.957017183303833008e-02
1.957530900835990906e-02
1.958081685006618500e-02
1.959406957030296326e-02
1.961362361907958984e-02
1.962983049452304840e-02
1.965523511171340942e-02
1.967245526611804962e-02
1.969276741147041321e-02
1.972029358148574829e-02
1.974554732441902161e-02
1.976794935762882233e-02
1.978871040046215057e-02
1.979074627161026001e-02
1.978801377117633820e-02
1.978622935712337494e-02
1.977938786149024963e-02
1.977853477001190186e-02
1.977593638002872467e-02
1.975495368242263794e-02
1.974111236631870270e-02
1.971522904932498932e-02
1.968795806169509888e-02
1.965763978660106659e-02
1.962293311953544617e-02
1.960256695747375488e-02
1.958275958895683289e-02
1.955807395279407501e-02
1.953808218240737915e-02
1.952241547405719757e-02
1.951010897755622864e-02
1.949676312506198883e-02
1.949081756174564362e-02
1.948236115276813507e-02
1.947591640055179596e-02
1.947303675115108490e-02
1.946963183581829071e-02
1.947406306862831116e-02
1.949071325361728668e-02
1.951058022677898407e-02
1.953066512942314148e-02
1.954066194593906403e-02
1.955838501453399658e-02
1.955261081457138062e-02
1.953693293035030365e-02
1.952106691896915436e-02
1.949853450059890747e-02
1.946618780493736267e-02
1.943516917526721954e-02
1.940541714429855347e-02
1.936257630586624146e-02
1.932908408343791962e-02
1.929391734302043915e-02
1.926285400986671448e-02
1.923523284494876862e-02
1.921868883073329926e-02
1.922788098454475403e-02
1.923768594861030579e-02
1.924304477870464325e-02
1.924731582403182983e-02
1.926159299910068512e-02
1.928570866584777832e-02
1.931341551244258881e-02
1.934013515710830688e-02
1.936648972332477570e-02
1.939052902162075043e-02
1.942075788974761963e-02
1.944942958652973175e-02
1.947095990180969238e-02
1.948526687920093536e-02
1.950162276625633240e-02
1.952738501131534576e-02
1.955380477011203766e-02
1.957934908568859100e-02
1.959853433072566986e-02
1.961021497845649719e-02
1.961510442197322845e-02
1.960688643157482147e-02
1.960340142250061035e-02
1.959219202399253845e-02
1.958668977022171021e-02
1.957613229751586914e-02
1.956439204514026642e-02
1.954839378595352173e-02
1.952619478106498718e-02
1.950555108487606049e-02
1.948174647986888885e-02
1.946231722831726074e-02
1.944869756698608398e-02
1.943713985383510590e-02
1.943391188979148865e-02
1.943621411919593811e-02
1.943374983966350555e-02
1.943241432309150696e-02
1.943340338766574860e-02
1.943300664424896240e-02
1.943294331431388855e-02
1.943599618971347809e-02
1.943906396627426147e-02
1.943494752049446106e-02
1.941749267280101776e-02
1.940024271607398987e-02
1.936914026737213135e-02
1.934090070426464081e-02
1.932220719754695892e-02
1.930603757500648499e-02
1.929084584116935730e-02
1.929459907114505768e-02
1.930421032011508942e-02
1.930953562259674072e-02
1.931681670248508453e-02
1.932565122842788696e-02
1.934340968728065491e-02
1.937057264149188995e-02
1.939339190721511841e-02
1.941718347370624542e-02
1.943967491388320923e-02
1.946946233510971069e-02
1.949789375066757202e-02
1.952377893030643463e-02
1.954901218414306641e-02
1.956900767982006073e-02
1.958463713526725769e-02
1.958961971104145050e-02
1.959239691495895386e-02
1.959474198520183563e-02
1.959658786654472351e-02
1.958794146776199341e-02
1.957297511398792267e-02
1.955629512667655945e-02
1.953370124101638794e-02
1.951360143721103668e-02
1.950136944651603699e-02
1.949345506727695465e-02
1.948114484548568726e-02
1.948058977723121643e-02
1.947487890720367432e-02
1.946926862001419067e-02
1.946057938039302826e-02
1.944513618946075439e-02
1.942758820950984955e-02
1.941472664475440979e-02
1.937902718782424927e-02
1.934403367340564728e-02
1.930678635835647583e-02
1.927541010081768036e-02
1.925432682037353516e-02
1.923847012221813202e-02
1.921642385423183441e-02
1.919993385672569275e-02
1.918463967740535736e-02
1.917003840208053589e-02
1.915773376822471619e-02
1.914702914655208588e-02
1.912857033312320709e-02
1.910782791674137115e-02
1.909319497644901276e-02
1.907492429018020630e-02
1.905202865600585938e-02
1.903552375733852386e-02
1.901957765221595764e-02
1.900840364396572113e-02
1.900458522140979767e-02
1.900892704725265503e-02
1.900379918515682220e-02
1.898973993957042694e-02
1.898724026978015900e-02
1.899523474276065826e-02
1.901517249643802643e-02
1.902602985501289368e-02
1.903893612325191498e-02
1.904908940196037292e-02
1.905397139489650726e-02
1.906278729438781738e-02
1.906301267445087433e-02
1.906827092170715332e-02
1.907418854534626007e-02
1.907929778099060059e-02
1.908244565129280090e-02
1.907455548644065857e-02
1.907112449407577515e-02
1.907595992088317871e-02
1.908551156520843506e-02
1.909821107983589172e-02
1.911146380007266998e-02
1.911754161119461060e-02
1.911923475563526154e-02
1.912248693406581879e-02
1.912694051861763000e-02
1.912960596382617950e-02
1.913307607173919678e-02
1.912973821163177490e-02
1.912962645292282104e-02
1.912922970950603485e-02
1.912382431328296661e-02
1.911420747637748718e-02
1.910676434636116028e-02
1.909784600138664246e-02
1.909035816788673401e-02
1.909052953124046326e-02
1.908943988382816315e-02
1.908655837178230286e-02
1.907548494637012482e-02
1.906526461243629456e-02
1.906077377498149872e-02
1.905675604939460754e-02
1.906121335923671722e-02
1.906115561723709106e-02
1.905853487551212311e-02
1.904174126684665680e-02
1.902619749307632446e-02
1.901459693908691406e-02
1.900990679860115051e-02
1.900398731231689453e-02
1.900298520922660828e-02
1.900456659495830536e-02
1.900188438594341278e-02
1.900080777704715729e-02
1.899910345673561096e-02
1.899979822337627411e-02
1.899892836809158325e-02
1.899674534797668457e-02
1.899248734116554260e-02
1.898328028619289398e-02
1.897691935300827026e-02
1.896869577467441559e-02
1.895949803292751312e-02
1.894991472363471985e-02
1.893149875104427338e-02
1.890857331454753876e-02
1.888725906610488892e-02
1.888296566903591156e-02
1.887665875256061554e-02
1.886441931128501892e-02
1.885784789919853210e-02
1.885967887938022614e-02
1.886053942143917084e-02
1.886145770549774170e-02
1.886377856135368347e-02
1.886826939880847931e-02
1.886693574488162994e-02
1.886454410851001740e-02
1.886385865509510040e-02
1.886609010398387909e-02
1.886937022209167480e-02
1.887304335832595825e-02
1.887317001819610596e-02
1.886859908699989319e-02
1.885822974145412445e-02
1.884995214641094208e-02
1.885086670517921448e-02
1.885113306343555450e-02
1.885010860860347748e-02
1.886012032628059387e-02
1.886752247810363770e-02
1.887178793549537659e-02
1.888002082705497742e-02
1.888798736035823822e-02
1.889386400580406189e-02
1.889733783900737762e-02
1.890070736408233643e-02
1.891109161078929901e-02
1.891795918345451355e-02
1.892235130071640015e-02
1.892950013279914856e-02
1.893180981278419495e-02
1.893191598355770111e-02
1.892736740410327911e-02
1.891919970512390137e-02
1.891354471445083618e-02
1.891073025763034821e-02
1.890877448022365570e-02
1.891013607382774353e-02
1.893626525998115540e-02
1.896587572991847992e-02
1.900021918118000031e-02
1.903108879923820496e-02
1.906510815024375916e-02
1.908777467906475067e-02
1.910186745226383209e-02
1.912237145006656647e-02
1.913843862712383270e-02
1.914490573108196259e-02
1.914784684777259827e-02
1.915138587355613708e-02
1.915755867958068848e-02
1.916839368641376495e-02
1.916996017098426819e-02
1.917930319905281067e-02
1.918441429734230042e-02
1.918165571987628937e-02
1.917826011776924133e-02
1.917391270399093628e-02
1.916670612990856171e-02
1.915221475064754486e-02
1.939265988767147064e-02
1.961636729538440704e-02
1.982138864696025848e-02
2.001689560711383820e-02
2.019748650491237640e-02
2.036287263035774231e-02
2.051410824060440063e-02
2.065379172563552856e-02
2.079117856919765472e-02
2.092388458549976349e-02
2.104927040636539459e-02
2.116594277322292328e-02
2.127045951783657074e-02
2.136762812733650208e-02
2.145156078040599823e-02
2.152513898909091949e-02
2.158509008586406708e-02
2.164334058761596680e-02
2.169375307857990265e-02
2.173543348908424377e-02
2.176980115473270416e-02
2.180135808885097504e-02
2.182618156075477600e-02
2.184340916574001312e-02
2.185675315558910370e-02
2.186885103583335876e-02
2.187408879399299622e-02
2.187936939299106598e-02
2.187585458159446716e-02
2.187459357082843781e-02
2.187020331621170044e-02
2.186607010662555695e-02
2.185103856027126312e-02
2.182947658002376556e-02
2.179425396025180817e-02
2.176084928214550018e-02
2.172344736754894257e-02
2.168365567922592163e-02
2.164210751652717590e-02
2.159806154668331146e-02
2.155655063688755035e-02
2.151087298989295959e-02
2.146723493933677673e-02
2.142746374011039734e-02
2.138715423643589020e-02
2.135206386446952820e-02
2.132057398557662964e-02
2.127997577190399170e-02
2.124185860157012939e-02
2.120925858616828918e-02
2.117758058011531830e-02
2.114725299179553986e-02
2.111904323101043701e-02
2.109611593186855316e-02
2.107535302639007568e-02
2.105327323079109192e-02
2.103518508374691010e-02
2.101944759488105774e-02
2.100316435098648071e-02
2.098454348742961884e-02
2.095974795520305634e-02
2.094027772545814514e-02
2.092526480555534363e-02
2.090365998446941376e-02
2.087596245110034943e-02
2.084794454276561737e-02
2.081903815269470215e-02
2.079717256128787994e-02
2.076936513185501099e-02
2.073855139315128326e-02
2.070680074393749237e-02
2.067900449037551880e-02
2.064863219857215881e-02
2.061970904469490051e-02
2.059656381607055664e-02
2.057615481317043304e-02
2.056010067462921143e-02
2.053942345082759857e-02
2.051882818341255188e-02
2.049984969198703766e-02
2.048416994512081146e-02
2.046977542340755463e-02
2.046302147209644318e-02
2.045915462076663971e-02
2.045446448028087616e-02
2.044668048620223999e-02
2.044091187417507172e-02
2.043510414659976959e-02
2.042857930064201355e-02
2.041755616664886475e-02
2.040708810091018677e-02
2.039548940956592560e-02
2.038597688078880310e-02
2.037332952022552490e-02
2.036147378385066986e-02
2.034918777644634247e-02
2.033547125756740570e-02
2.032222226262092590e-02
2.031732536852359772e-02
2.031104452908039093e-02
2.030122466385364532e-02
2.029067464172840118e-02
2.028673514723777771e-02
2.029093913733959198e-02
2.029401436448097229e-02
2.029793336987495422e-02
2.029688470065593719e-02
2.028851583600044250e-02
2.027928642928600311e-02
2.026893943548202515e-02
2.025604620575904846e-02
2.024410106241703033e-02
2.023268677294254303e-02
2.022164873778820038e-02
2.020928636193275452e-02
2.019413746893405914e-02
2.018130198121070862e-02
2.017221227288246155e-02
2.016401104629039764e-02
2.015581168234348297e-02
2.015314996242523193e-02
2.015307173132896423e-02
2.015282213687896729e-02
2.015220560133457184e-02
2.014936320483684540e-02
2.014828287065029144e-02
2.014647237956523895e-02
2.014958113431930542e-02
2.015169709920883179e-02
2.015153691172599792e-02
2.015162631869316101e-02
2.015397697687149048e-02
2.015561796724796295e-02
2.015563100576400757e-02
2.014988288283348083e-02
2.014291286468505859e-02
2.013300731778144836e-02
2.011476643383502960e-02
2.010219730436801910e-02
2.008930407464504242e-02
2.007795311510562897e-02
2.006841450929641724e-02
2.005956321954727173e-02
2.005405910313129425e-02
2.005012147128582001e-02
2.004469558596611023e-02
2.003978006541728973e-02
2.003286033868789673e-02
2.002217248082160950e-02
2.001632936298847198e-02
2.000932767987251282e-02
2.000282518565654755e-02
1.999426074326038361e-02
1.998437009751796722e-02
1.997733116149902344e-02
1.997158676385879517e-02
1.996399834752082825e-02
1.995812170207500458e-02
1.994649693369865417e-02
1.993261836469173431e-02
1.991800032556056976e-02
1.990649662911891937e-02
1.989562623202800751e-02
1.989281736314296722e-02
1.988881081342697144e-02
1.988316141068935394e-02
1.987498439848423004e-02
1.986364088952541351e-02
1.985419355332851410e-02
1.984339393675327301e-02
1.983232237398624420e-02
1.982174627482891083e-02
1.981088891625404358e-02
1.979998499155044556e-02
1.979112811386585236e-02
1.978173293173313141e-02
1.976958289742469788e-02
1.975450105965137482e-02
1.974221505224704742e-02
1.973157748579978943e-02
1.971763931214809418e-02
1.970583386719226837e-02
1.968185603618621826e-02
1.965967938303947449e-02
1.964028552174568176e-02
1.961688511073589325e-02
1.959365233778953552e-02
1.957307010889053345e-02
1.955649442970752716e-02
1.953445002436637878e-02
1.951359398663043976e-02
1.949351653456687927e-02
1.947023905813694000e-02
1.944548077881336212e-02
1.941875927150249481e-02
1.938848197460174561e-02
1.935717463493347168e-02
1.932445727288722992e-02
1.929623633623123169e-02
1.927231252193450928e-02
1.925284229218959808e-02
1.922690309584140778e-02
1.920389384031295776e-02
1.917899586260318756e-02
1.915874518454074860e-02
1.913629658520221710e-02
1.911613717675209045e-02
1.910002343356609344e-02
1.908847503364086151e-02
