-1.638305187225341797e-02,-1.960539817810058594e-02,-7.317574322223663330e-02
-1.638305187225341797e-02,-1.960539817810058594e-02,-7.317574322223663330e-02
-1.738309860229492188e-02,-1.860535144805908203e-02,-7.217575609683990479e-02
-1.834726333618164062e-02,-1.842653751373291016e-02,-7.127916812896728516e-02
-1.900637149810791016e-02,-1.827669143676757812e-02,-7.042957842350006104e-02
-1.979494094848632812e-02,-1.831424236297607422e-02,-6.956237554550170898e-02
-2.060365676879882812e-02,-1.810383796691894531e-02,-6.868119537830352783e-02
-2.132689952850341797e-02,-1.800525188446044922e-02,-6.806436181068420410e-02
-2.202761173248291016e-02,-1.790785789489746094e-02,-6.736524403095245361e-02
-2.207016944885253906e-02,-1.804530620574951172e-02,-6.681470572948455811e-02
-2.205526828765869141e-02,-1.821362972259521484e-02,-6.616552174091339111e-02
-2.201771736145019531e-02,-1.847708225250244141e-02,-6.553123891353607178e-02
-2.180039882659912109e-02,-1.857185363769531250e-02,-6.486780941486358643e-02
-2.153337001800537109e-02,-1.866567134857177734e-02,-6.422398984432220459e-02
-2.152061462402343750e-02,-1.876688003540039062e-02,-6.348654627799987793e-02
-2.155482769012451172e-02,-1.880168914794921875e-02,-6.269545853137969971e-02
-2.156710624694824219e-02,-1.858079433441162109e-02,-6.187832355499267578e-02
-2.157592773437500000e-02,-1.837587356567382812e-02,-6.100676953792572021e-02
-2.160727977752685547e-02,-1.811015605926513672e-02,-6.030270457267761230e-02
-2.171230316162109375e-02,-1.769113540649414062e-02,-5.963657796382904053e-02
-2.144455909729003906e-02,-1.790452003479003906e-02,-5.954867601394653320e-02
-2.134513854980468750e-02,-1.804602146148681641e-02,-5.973103642463684082e-02
-2.123749256134033203e-02,-1.819753646850585938e-02,-5.997045338153839111e-02
-2.105903625488281250e-02,-1.839458942413330078e-02,-6.030976772308349609e-02
-2.084112167358398438e-02,-1.849496364593505859e-02,-6.064312160015106201e-02
-2.108943462371826172e-02,-1.873469352722167969e-02,-6.117761135101318359e-02
-2.126812934875488281e-02,-1.897001266479492188e-02,-6.156152486801147461e-02
-2.158296108245849609e-02,-1.902902126312255859e-02,-6.175239384174346924e-02
-2.186107635498046875e-02,-1.914560794830322266e-02,-6.187199056148529053e-02
-2.198588848114013672e-02,-1.926374435424804688e-02,-6.182248890399932861e-02
-2.205824851989746094e-02,-1.939439773559570312e-02,-6.165853142738342285e-02
-2.209842205047607422e-02,-1.954388618469238281e-02,-6.143940985202789307e-02
-2.211964130401611328e-02,-1.968741416931152344e-02,-6.125786900520324707e-02
-2.211749553680419922e-02,-1.981401443481445312e-02,-6.109753251075744629e-02
-2.210617065429687500e-02,-1.994371414184570312e-02,-6.088908016681671143e-02
-2.213954925537109375e-02,-2.003788948059082031e-02,-6.062826514244079590e-02
-2.212798595428466797e-02,-2.021980285644531250e-02,-6.035599112510681152e-02
-2.209615707397460938e-02,-2.042019367218017578e-02,-6.015540659427642822e-02
-2.198255062103271484e-02,-2.063989639282226562e-02,-5.996964871883392334e-02
-2.189636230468750000e-02,-2.083528041839599609e-02,-5.982820689678192139e-02
-2.183008193969726562e-02,-2.099502086639404297e-02,-5.974982678890228271e-02
-2.181029319763183594e-02,-2.113771438598632812e-02,-5.957499146461486816e-02
-2.176523208618164062e-02,-2.127385139465332031e-02,-5.937188863754272461e-02
-2.176892757415771484e-02,-2.140021324157714844e-02,-5.915783345699310303e-02
-2.170479297637939453e-02,-2.161777019500732422e-02,-5.890746414661407471e-02
-2.165174484252929688e-02,-2.183997631072998047e-02,-5.876894295215606689e-02
-2.153193950653076172e-02,-2.217793464660644531e-02,-5.870340764522552490e-02
-2.142846584320068359e-02,-2.251994609832763672e-02,-5.869732797145843506e-02
-2.133619785308837891e-02,-2.286851406097412109e-02,-5.873134732246398926e-02
-2.122163772583007812e-02,-2.317953109741210938e-02,-5.874849855899810791e-02
-2.106797695159912109e-02,-2.318346500396728516e-02,-5.836616456508636475e-02
-2.087283134460449219e-02,-2.343094348907470703e-02,-5.807113647460937500e-02
-2.074015140533447266e-02,-2.357590198516845703e-02,-5.777959525585174561e-02
-2.062785625457763672e-02,-2.365851402282714844e-02,-5.745156109333038330e-02
-2.050578594207763672e-02,-2.374136447906494141e-02,-5.712443590164184570e-02
-2.038133144378662109e-02,-2.393472194671630859e-02,-5.669692158699035645e-02
-2.023303508758544922e-02,-2.410626411437988281e-02,-5.622003972530364990e-02
-2.008235454559326172e-02,-2.433121204376220703e-02,-5.585873126983642578e-02
-1.996362209320068359e-02,-2.450215816497802734e-02,-5.554088950157165527e-02
-1.984393596649169922e-02,-2.464711666107177734e-02,-5.519326031208038330e-02
-1.977300643920898438e-02,-2.488136291503906250e-02,-5.484588444232940674e-02
-1.967394351959228516e-02,-2.517998218536376953e-02,-5.463291704654693604e-02
-1.954221725463867188e-02,-2.548217773437500000e-02,-5.437521636486053467e-02
-1.936042308807373047e-02,-2.580285072326660156e-02,-5.419138073921203613e-02
-1.906454563140869141e-02,-2.612841129302978516e-02,-5.402787029743194580e-02
-1.879429817199707031e-02,-2.644670009613037109e-02,-5.386839807033538818e-02
-1.860821247100830078e-02,-2.671945095062255859e-02,-5.363845825195312500e-02
-1.840436458587646484e-02,-2.697908878326416016e-02,-5.335901677608489990e-02
-1.821506023406982422e-02,-2.726399898529052734e-02,-5.305792391300201416e-02
-1.803362369537353516e-02,-2.756154537200927734e-02,-5.273680388927459717e-02
-1.783299446105957031e-02,-2.782618999481201172e-02,-5.251744389533996582e-02
-1.765346527099609375e-02,-2.808296680450439453e-02,-5.235387384891510010e-02
-1.743876934051513672e-02,-2.830886840820312500e-02,-5.200734734535217285e-02
-1.720142364501953125e-02,-2.857410907745361328e-02,-5.173501372337341309e-02
-1.689040660858154297e-02,-2.882778644561767578e-02,-5.147950351238250732e-02
-1.642513275146484375e-02,-2.912390232086181641e-02,-5.120448768138885498e-02
-1.602256298065185547e-02,-2.942466735839843750e-02,-5.096115171909332275e-02
-1.574981212615966797e-02,-2.974295616149902344e-02,-5.071151256561279297e-02
-1.557421684265136719e-02,-3.009080886840820312e-02,-5.051845312118530273e-02
-1.536238193511962891e-02,-3.046739101409912109e-02,-5.027848482131958008e-02
-1.512157917022705078e-02,-3.082263469696044922e-02,-5.002318322658538818e-02
-1.503896713256835938e-02,-3.111028671264648438e-02,-4.968886077404022217e-02
-1.499152183532714844e-02,-3.135645389556884766e-02,-4.933120310306549072e-02
-1.487004756927490234e-02,-3.162920475006103516e-02,-4.898902773857116699e-02
-1.470017433166503906e-02,-3.197467327117919922e-02,-4.857100546360015869e-02
-1.449537277221679688e-02,-3.233504295349121094e-02,-4.813311994075775146e-02
-1.434600353240966797e-02,-3.274142742156982422e-02,-4.770314693450927734e-02
-1.416194438934326172e-02,-3.319978713989257812e-02,-4.733543097972869873e-02
-1.415264606475830078e-02,-3.351080417633056641e-02,-4.692536592483520508e-02
-1.408886909484863281e-02,-3.376221656799316406e-02,-4.655975103378295898e-02
-1.400411128997802734e-02,-3.401362895965576172e-02,-4.627825319766998291e-02
-1.390421390533447266e-02,-3.432822227478027344e-02,-4.609785974025726318e-02
-1.371896266937255859e-02,-3.466558456420898438e-02,-4.605810344219207764e-02
-1.342082023620605469e-02,-3.512692451477050781e-02,-4.608219861984252930e-02
-1.301300525665283203e-02,-3.554451465606689453e-02,-4.610095918178558350e-02
-1.267600059509277344e-02,-3.591179847717285156e-02,-4.610727727413177490e-02
-1.239156723022460938e-02,-3.620791435241699219e-02,-4.603420197963714600e-02
-1.205217838287353516e-02,-3.645575046539306641e-02,-4.601022601127624512e-02
-1.171422004699707031e-02,-3.673756122589111328e-02,-4.602718353271484375e-02
-1.135575771331787109e-02,-3.697204589843750000e-02,-4.617796838283538818e-02
-1.109850406646728516e-02,-3.721892833709716797e-02,-4.631316661834716797e-02
-1.086807250976562500e-02,-3.749895095825195312e-02,-4.650476574897766113e-02
-1.060116291046142578e-02,-3.779721260070800781e-02,-4.668495059013366699e-02
-1.029920578002929688e-02,-3.823554515838623047e-02,-4.681816697120666504e-02
-1.007211208343505859e-02,-3.866040706634521484e-02,-4.697492718696594238e-02
-9.846210479736328125e-03,-3.911328315734863281e-02,-4.702898859977722168e-02
-9.676694869995117188e-03,-3.951823711395263672e-02,-4.702305793762207031e-02
-9.557962417602539062e-03,-3.985905647277832031e-02,-4.696202278137207031e-02
-9.469270706176757812e-03,-4.014921188354492188e-02,-4.677984118461608887e-02
-9.454607963562011719e-03,-4.032266139984130859e-02,-4.652824997901916504e-02
-9.424090385437011719e-03,-4.040849208831787109e-02,-4.625220596790313721e-02
-9.391784667968750000e-03,-4.047966003417968750e-02,-4.593671858310699463e-02
-9.089708328247070312e-03,-4.054701328277587891e-02,-4.563136398792266846e-02
-8.754491806030273438e-03,-4.062461853027343750e-02,-4.543624818325042725e-02
-8.411049842834472656e-03,-4.063212871551513672e-02,-4.526811838150024414e-02
-8.079528808593750000e-03,-4.090166091918945312e-02,-4.490008950233459473e-02
-7.917523384094238281e-03,-4.104483127593994141e-02,-4.449693858623504639e-02
-7.793784141540527344e-03,-4.115188121795654297e-02,-4.408659040927886963e-02
-7.735133171081542969e-03,-4.117131233215332031e-02,-4.368640482425689697e-02
-7.694482803344726562e-03,-4.117727279663085938e-02,-4.336896538734436035e-02
-7.603883743286132812e-03,-4.113614559173583984e-02,-4.297858476638793945e-02
-7.628083229064941406e-03,-4.093039035797119141e-02,-4.261812567710876465e-02
-7.641792297363281250e-03,-4.073107242584228516e-02,-4.236787557601928711e-02
-7.600426673889160156e-03,-4.052793979644775391e-02,-4.217483103275299072e-02
-7.608532905578613281e-03,-4.023659229278564453e-02,-4.194015264511108398e-02
-7.668375968933105469e-03,-3.990340232849121094e-02,-4.176466166973114014e-02
-7.698893547058105469e-03,-3.957700729370117188e-02,-4.159660637378692627e-02
-7.659435272216796875e-03,-3.927087783813476562e-02,-4.150484502315521240e-02
-7.575392723083496094e-03,-3.910624980926513672e-02,-4.142394661903381348e-02
-7.503509521484375000e-03,-3.892970085144042969e-02,-4.128932952880859375e-02
-7.436275482177734375e-03,-3.877985477447509766e-02,-4.123590886592864990e-02
-7.405281066894531250e-03,-3.855144977569580078e-02,-4.122556746006011963e-02
-7.366061210632324219e-03,-3.844559192657470703e-02,-4.128143191337585449e-02
-7.234692573547363281e-03,-3.818845748901367188e-02,-4.128165543079376221e-02
-7.110595703125000000e-03,-3.799617290496826172e-02,-4.109041392803192139e-02
-6.980776786804199219e-03,-3.780567646026611328e-02,-4.093866050243377686e-02
-6.809473037719726562e-03,-3.765642642974853516e-02,-4.082196950912475586e-02
-6.564497947692871094e-03,-3.750395774841308594e-02,-4.084046185016632080e-02
-6.366968154907226562e-03,-3.746569156646728516e-02,-4.085899889469146729e-02
-6.117463111877441406e-03,-3.740000724792480469e-02,-4.082013666629791260e-02
-5.802273750305175781e-03,-3.742063045501708984e-02,-4.084876179695129395e-02
-5.541682243347167969e-03,-3.730154037475585938e-02,-4.078705608844757080e-02
-5.341887474060058594e-03,-3.709948062896728516e-02,-4.075309634208679199e-02
-5.171537399291992188e-03,-3.686201572418212891e-02,-4.070489108562469482e-02
-5.038976669311523438e-03,-3.662240505218505859e-02,-4.070988297462463379e-02
-4.928469657897949219e-03,-3.633093833923339844e-02,-4.072652757167816162e-02
-4.769325256347656250e-03,-3.612840175628662109e-02,-4.076023399829864502e-02
-4.585266113281250000e-03,-3.586983680725097656e-02,-4.073141515254974365e-02
-4.426598548889160156e-03,-3.561913967132568359e-02,-4.072764515876770020e-02
-4.244565963745117188e-03,-3.541719913482666016e-02,-4.074320197105407715e-02
-4.184603691101074219e-03,-3.514873981475830078e-02,-4.082685708999633789e-02
-4.189252853393554688e-03,-3.482377529144287109e-02,-4.096740484237670898e-02
-4.164576530456542969e-03,-3.457820415496826172e-02,-4.106438159942626953e-02
-4.064321517944335938e-03,-3.439676761627197266e-02,-4.120050370693206787e-02
-3.942489624023437500e-03,-3.424227237701416016e-02,-4.117393493652343750e-02
-3.771901130676269531e-03,-3.414714336395263672e-02,-4.115571081638336182e-02
-3.556966781616210938e-03,-3.407156467437744141e-02,-4.112592339515686035e-02
-3.254652023315429688e-03,-3.404939174652099609e-02,-4.116769134998321533e-02
-2.904415130615234375e-03,-3.407800197601318359e-02,-4.117080569267272949e-02
-2.540230751037597656e-03,-3.404772281646728516e-02,-4.117029905319213867e-02
-2.128362655639648438e-03,-3.400778770446777344e-02,-4.091416299343109131e-02
-1.819729804992675781e-03,-3.392279148101806641e-02,-4.055492579936981201e-02
-1.459121704101562500e-03,-3.380978107452392578e-02,-4.026623070240020752e-02
-1.059293746948242188e-03,-3.367602825164794922e-02,-3.997555375099182129e-02
-7.328987121582031250e-04,-3.346800804138183594e-02,-3.967969119548797607e-02
-5.081892013549804688e-04,-3.321671485900878906e-02,-3.943128883838653564e-02
-1.565217971801757812e-04,-3.295278549194335938e-02,-3.925597667694091797e-02
1.264810562133789062e-04,-3.254079818725585938e-02,-3.903697431087493896e-02
3.699064254760742188e-04,-3.216445446014404297e-02,-3.878490626811981201e-02
6.219148635864257812e-04,-3.174281120300292969e-02,-3.856842219829559326e-02
5.955696105957031250e-04,-3.134393692016601562e-02,-3.822563588619232178e-02
5.700588226318359375e-04,-3.096830844879150391e-02,-3.784227371215820312e-02
6.846189498901367188e-04,-3.064203262329101562e-02,-3.758138418197631836e-02
8.549690246582031250e-04,-3.041112422943115234e-02,-3.738208115100860596e-02
1.008749008178710938e-03,-3.007316589355468750e-02,-3.733371198177337646e-02
1.123785972595214844e-03,-2.974081039428710938e-02,-3.724040091037750244e-02
1.177549362182617188e-03,-2.931725978851318359e-02,-3.710721433162689209e-02
1.183629035949707031e-03,-2.889168262481689453e-02,-3.695632517337799072e-02
1.214385032653808594e-03,-2.863371372222900391e-02,-3.676527738571166992e-02
1.270651817321777344e-03,-2.846348285675048828e-02,-3.649106621742248535e-02
1.356720924377441406e-03,-2.834522724151611328e-02,-3.624558448791503906e-02
1.517891883850097656e-03,-2.825331687927246094e-02,-3.590126335620880127e-02
1.757383346557617188e-03,-2.823770046234130859e-02,-3.550879657268524170e-02
1.999735832214355469e-03,-2.824544906616210938e-02,-3.512848913669586182e-02
2.318501472473144531e-03,-2.836012840270996094e-02,-3.458218276500701904e-02
2.580165863037109375e-03,-2.849245071411132812e-02,-3.397174179553985596e-02
2.809166908264160156e-03,-2.866315841674804688e-02,-3.336866199970245361e-02
2.989292144775390625e-03,-2.881479263305664062e-02,-3.281673789024353027e-02
3.104448318481445312e-03,-2.889776229858398438e-02,-3.233705461025238037e-02
3.307104110717773438e-03,-2.890264987945556641e-02,-3.195573389530181885e-02
3.533601760864257812e-03,-2.896463871002197266e-02,-3.165410459041595459e-02
3.970623016357421875e-03,-2.900183200836181641e-02,-3.129401803016662598e-02
4.313707351684570312e-03,-2.888345718383789062e-02,-3.106653690338134766e-02
4.610657691955566406e-03,-2.890765666961669922e-02,-3.090412914752960205e-02
4.689574241638183594e-03,-2.885484695434570312e-02,-3.076010942459106445e-02
4.647493362426757812e-03,-2.872705459594726562e-02,-3.068299591541290283e-02
4.572033882141113281e-03,-2.850961685180664062e-02,-3.063187003135681152e-02
4.474997520446777344e-03,-2.822649478912353516e-02,-3.054714202880859375e-02
4.315495491027832031e-03,-2.788507938385009766e-02,-3.046949207782745361e-02
4.154562950134277344e-03,-2.754664421081542969e-02,-3.037561476230621338e-02
4.078626632690429688e-03,-2.711606025695800781e-02,-3.027737140655517578e-02
3.962993621826171875e-03,-2.666676044464111328e-02,-3.033323585987091064e-02
3.723025321960449219e-03,-2.621901035308837891e-02,-3.038522601127624512e-02
3.440618515014648438e-03,-2.567434310913085938e-02,-3.035631775856018066e-02
3.132462501525878906e-03,-2.511727809906005859e-02,-3.034621477127075195e-02
2.765536308288574219e-03,-2.464258670806884766e-02,-3.027006983757019043e-02
2.447485923767089844e-03,-2.423131465911865234e-02,-3.005503118038177490e-02
2.137184143066406250e-03,-2.383863925933837891e-02,-2.982866764068603516e-02
2.303600311279296875e-03,-2.356040477752685547e-02,-2.964930236339569092e-02
2.446651458740234375e-03,-2.325713634490966797e-02,-2.937902510166168213e-02
2.433180809020996094e-03,-2.286219596862792969e-02,-2.900668978691101074e-02
2.438783645629882812e-03,-2.239096164703369141e-02,-2.883706986904144287e-02
2.422094345092773438e-03,-2.197635173797607422e-02,-2.873405814170837402e-02
2.420663833618164062e-03,-2.160561084747314453e-02,-2.871170639991760254e-02
2.532958984375000000e-03,-2.125132083892822266e-02,-2.885627746582031250e-02
2.676129341125488281e-03,-2.087903022766113281e-02,-2.899666130542755127e-02
2.892017364501953125e-03,-2.053987979888916016e-02,-2.916601300239562988e-02
3.151059150695800781e-03,-2.007925510406494141e-02,-2.923400700092315674e-02
3.411531448364257812e-03,-1.964902877807617188e-02,-2.921469509601593018e-02
3.639221191406250000e-03,-1.925086975097656250e-02,-2.915748953819274902e-02
3.795862197875976562e-03,-1.893079280853271484e-02,-2.897286415100097656e-02
3.950476646423339844e-03,-1.860725879669189453e-02,-2.871030569076538086e-02
4.198908805847167969e-03,-1.823496818542480469e-02,-2.850224077701568604e-02
4.441857337951660156e-03,-1.784169673919677734e-02,-2.839003503322601318e-02
4.624485969543457031e-03,-1.744186878204345703e-02,-2.848811447620391846e-02
4.770278930664062500e-03,-1.728940010070800781e-02,-2.857047319412231445e-02
5.247831344604492188e-03,-1.716279983520507812e-02,-2.858394384384155273e-02
5.612134933471679688e-03,-1.700484752655029297e-02,-2.859006822109222412e-02
5.784869194030761719e-03,-1.675927639007568359e-02,-2.857111394405364990e-02
5.782842636108398438e-03,-1.640498638153076172e-02,-2.862621843814849854e-02
5.686879158020019531e-03,-1.607859134674072266e-02,-2.864055335521697998e-02
5.578637123107910156e-03,-1.566219329833984375e-02,-2.866069972515106201e-02
5.455970764160156250e-03,-1.530849933624267578e-02,-2.867512404918670654e-02
5.303025245666503906e-03,-1.499986648559570312e-02,-2.872833609580993652e-02
5.031228065490722656e-03,-1.463258266448974609e-02,-2.878974378108978271e-02
4.712700843811035156e-03,-1.422381401062011719e-02,-2.889160811901092529e-02
4.361033439636230469e-03,-1.381075382232666016e-02,-2.897067368030548096e-02
3.963708877563476562e-03,-1.347780227661132812e-02,-2.899846434593200684e-02
3.515005111694335938e-03,-1.302993297576904297e-02,-2.898176014423370361e-02
3.062129020690917969e-03,-1.254379749298095703e-02,-2.891322970390319824e-02
2.706766128540039062e-03,-1.216089725494384766e-02,-2.884639799594879150e-02
2.401947975158691406e-03,-1.186347007751464844e-02,-2.876552939414978027e-02
2.178549766540527344e-03,-1.173496246337890625e-02,-2.861972153186798096e-02
2.073407173156738281e-03,-1.167464256286621094e-02,-2.842445671558380127e-02
2.094864845275878906e-03,-1.162075996398925781e-02,-2.830418944358825684e-02
2.074599266052246094e-03,-1.159226894378662109e-02,-2.814815938472747803e-02
2.365708351135253906e-03,-1.162838935852050781e-02,-2.795910835266113281e-02
2.668738365173339844e-03,-1.169097423553466797e-02,-2.771887183189392090e-02
3.029346466064453125e-03,-1.182794570922851562e-02,-2.747394144535064697e-02
3.399968147277832031e-03,-1.187181472778320312e-02,-2.732002735137939453e-02
3.782868385314941406e-03,-1.194989681243896484e-02,-2.723757922649383545e-02
4.137277603149414062e-03,-1.181614398956298828e-02,-2.739554643630981445e-02
4.442453384399414062e-03,-1.169049739837646484e-02,-2.748879790306091309e-02
4.704952239990234375e-03,-1.152038574218750000e-02,-2.761884033679962158e-02
4.941940307617187500e-03,-1.139438152313232422e-02,-2.774418890476226807e-02
5.134582519531250000e-03,-1.137912273406982422e-02,-2.762840688228607178e-02
5.325555801391601562e-03,-1.133692264556884766e-02,-2.757462859153747559e-02
5.506873130798339844e-03,-1.130878925323486328e-02,-2.739384770393371582e-02
5.677461624145507812e-03,-1.124632358551025391e-02,-2.719333767890930176e-02
5.848646163940429688e-03,-1.111483573913574219e-02,-2.691549062728881836e-02
5.929589271545410156e-03,-1.101005077362060547e-02,-2.670021355152130127e-02
6.146430969238281250e-03,-1.103436946868896484e-02,-2.618525922298431396e-02
6.351351737976074219e-03,-1.101517677307128906e-02,-2.560180425643920898e-02
6.525516510009765625e-03,-1.096177101135253906e-02,-2.500072121620178223e-02
6.434440612792968750e-03,-1.076745986938476562e-02,-2.439774572849273682e-02
6.266117095947265625e-03,-1.048290729522705078e-02,-2.394127845764160156e-02
6.073474884033203125e-03,-1.016962528228759766e-02,-2.353422343730926514e-02
5.860567092895507812e-03,-9.837985038757324219e-03,-2.311091125011444092e-02
5.726218223571777344e-03,-9.578824043273925781e-03,-2.270503342151641846e-02
5.582451820373535156e-03,-9.307622909545898438e-03,-2.236124873161315918e-02
5.540728569030761719e-03,-9.195327758789062500e-03,-2.213001251220703125e-02
5.543470382690429688e-03,-9.013414382934570312e-03,-2.195861935615539551e-02
5.597710609436035156e-03,-8.841395378112792969e-03,-2.176277339458465576e-02
5.652666091918945312e-03,-8.607864379882812500e-03,-2.154546976089477539e-02
5.725979804992675781e-03,-8.315443992614746094e-03,-2.132812142372131348e-02
5.831241607666015625e-03,-8.025765419006347656e-03,-2.119091153144836426e-02
5.859851837158203125e-03,-7.766485214233398438e-03,-2.108292281627655029e-02
5.930662155151367188e-03,-7.518291473388671875e-03,-2.100031077861785889e-02
5.602121353149414062e-03,-7.365703582763671875e-03,-2.090220153331756592e-02
5.288481712341308594e-03,-7.135748863220214844e-03,-2.081377804279327393e-02
4.983544349670410156e-03,-7.086396217346191406e-03,-2.089644968509674072e-02
4.670143127441406250e-03,-7.182359695434570312e-03,-2.095808088779449463e-02
4.472494125366210938e-03,-7.359147071838378906e-03,-2.083420753479003906e-02
4.322648048400878906e-03,-7.646322250366210938e-03,-2.048820257186889648e-02
4.203438758850097656e-03,-7.898092269897460938e-03,-1.999418437480926514e-02
4.138946533203125000e-03,-8.112072944641113281e-03,-1.945503056049346924e-02
4.125595092773437500e-03,-8.260130882263183594e-03,-1.883362233638763428e-02
4.225969314575195312e-03,-8.496761322021484375e-03,-1.828983426094055176e-02
4.384398460388183594e-03,-8.799195289611816406e-03,-1.782177388668060303e-02
4.591941833496093750e-03,-9.052753448486328125e-03,-1.741170883178710938e-02
4.838109016418457031e-03,-9.307980537414550781e-03,-1.710005104541778564e-02
5.058169364929199219e-03,-9.434103965759277344e-03,-1.680804789066314697e-02
5.305171012878417969e-03,-9.581327438354492188e-03,-1.663105189800262451e-02
5.624651908874511719e-03,-9.823083877563476562e-03,-1.653404533863067627e-02
5.898594856262207031e-03,-9.843707084655761719e-03,-1.652446389198303223e-02
6.363511085510253906e-03,-9.982824325561523438e-03,-1.644450426101684570e-02
6.807804107666015625e-03,-1.019644737243652344e-02,-1.641190052032470703e-02
7.201194763183593750e-03,-1.040637493133544922e-02,-1.646283268928527832e-02
7.548093795776367188e-03,-1.061463356018066406e-02,-1.646614074707031250e-02
7.907390594482421875e-03,-1.080667972564697266e-02,-1.661865413188934326e-02
8.161544799804687500e-03,-1.089477539062500000e-02,-1.674498617649078369e-02
8.480072021484375000e-03,-1.098239421844482422e-02,-1.679842174053192139e-02
8.808851242065429688e-03,-1.115882396697998047e-02,-1.672524213790893555e-02
9.121656417846679688e-03,-1.120221614837646484e-02,-1.655581593513488770e-02
9.392380714416503906e-03,-1.123762130737304688e-02,-1.632347702980041504e-02
9.643912315368652344e-03,-1.136088371276855469e-02,-1.599919795989990234e-02
9.885311126708984375e-03,-1.152348518371582031e-02,-1.566924154758453369e-02
1.013708114624023438e-02,-1.163399219512939453e-02,-1.526431739330291748e-02
1.039326190948486328e-02,-1.173710823059082031e-02,-1.479960978031158447e-02
1.035141944885253906e-02,-1.132130622863769531e-02,-1.439622044563293457e-02
1.027464866638183594e-02,-1.092791557312011719e-02,-1.394712924957275391e-02
1.013088226318359375e-02,-1.046955585479736328e-02,-1.358976960182189941e-02
9.982109069824218750e-03,-1.012969017028808594e-02,-1.316943764686584473e-02
9.784579277038574219e-03,-9.698033332824707031e-03,-1.278088986873626709e-02
9.570479393005371094e-03,-9.246706962585449219e-03,-1.241216063499450684e-02
9.327173233032226562e-03,-8.906960487365722656e-03,-1.199331879615783691e-02
9.259939193725585938e-03,-8.663058280944824219e-03,-1.166018843650817871e-02
9.150266647338867188e-03,-8.374094963073730469e-03,-1.127667725086212158e-02
9.033203125000000000e-03,-8.024334907531738281e-03,-1.082889735698699951e-02
8.855581283569335938e-03,-7.637023925781250000e-03,-1.038633286952972412e-02
8.642911911010742188e-03,-7.204532623291015625e-03,-1.004737615585327148e-02
8.548259735107421875e-03,-6.855130195617675781e-03,-9.763672947883605957e-03
8.432149887084960938e-03,-6.517887115478515625e-03,-9.530618786811828613e-03
8.369445800781250000e-03,-6.277322769165039062e-03,-9.492591023445129395e-03
8.291244506835937500e-03,-5.941867828369140625e-03,-9.526878595352172852e-03
8.221626281738281250e-03,-5.677819252014160156e-03,-9.600728750228881836e-03
8.220553398132324219e-03,-5.372405052185058594e-03,-9.811833500862121582e-03
8.203268051147460938e-03,-5.115628242492675781e-03,-9.908139705657958984e-03
8.175015449523925781e-03,-4.852414131164550781e-03,-9.914502501487731934e-03
8.118271827697753906e-03,-4.546880722045898438e-03,-9.765446186065673828e-03
8.038520812988281250e-03,-4.215240478515625000e-03,-9.524703025817871094e-03
7.964491844177246094e-03,-3.797292709350585938e-03,-9.264081716537475586e-03
7.929921150207519531e-03,-3.409862518310546875e-03,-9.029343724250793457e-03
7.877826690673828125e-03,-3.038644790649414062e-03,-8.915364742279052734e-03
7.787227630615234375e-03,-2.635955810546875000e-03,-9.014070034027099609e-03
7.482409477233886719e-03,-2.246022224426269531e-03,-9.167388081550598145e-03
7.242321968078613281e-03,-1.873731613159179688e-03,-9.478807449340820312e-03
7.051706314086914062e-03,-1.441597938537597656e-03,-9.842991828918457031e-03
6.898522377014160156e-03,-1.139640808105468750e-03,-1.019398868083953857e-02
6.682753562927246094e-03,-8.326768875122070312e-04,-1.046214997768402100e-02
6.591558456420898438e-03,-4.886388778686523438e-04,-1.064975559711456299e-02
6.499409675598144531e-03,-1.558065414428710938e-04,-1.070807874202728271e-02
6.319165229797363281e-03,1.959800720214843750e-04,-1.061102747917175293e-02
6.171226501464843750e-03,4.155635833740234375e-04,-1.035790145397186279e-02
6.101012229919433594e-03,5.536079406738281250e-04,-1.010048389434814453e-02
6.029129028320312500e-03,6.783008575439453125e-04,-9.795114398002624512e-03
6.035327911376953125e-03,7.230043411254882812e-04,-9.462565183639526367e-03
6.052970886230468750e-03,7.199048995971679688e-04,-9.353756904602050781e-03
6.112098693847656250e-03,6.011724472045898438e-04,-9.273946285247802734e-03
6.090164184570312500e-03,5.011558532714843750e-04,-9.206444025039672852e-03
6.095767021179199219e-03,3.467798233032226562e-04,-9.031549096107482910e-03
6.106615066528320312e-03,2.175569534301757812e-04,-8.751332759857177734e-03
6.139993667602539062e-03,8.070468902587890625e-05,-8.461818099021911621e-03
6.073474884033203125e-03,9.059906005859375000e-06,-8.125931024551391602e-03
5.972743034362792969e-03,-1.503229141235351562e-04,-7.847934961318969727e-03
5.793929100036621094e-03,-1.040697097778320312e-04,-7.537201046943664551e-03
5.446434020996093750e-03,1.319646835327148438e-04,-7.316201925277709961e-03
5.135655403137207031e-03,4.297494888305664062e-04,-6.983205676078796387e-03
4.873037338256835938e-03,6.940364837646484375e-04,-6.637439131736755371e-03
4.513025283813476562e-03,1.073122024536132812e-03,-6.275802850723266602e-03
4.085183143615722656e-03,1.433849334716796875e-03,-6.028175354003906250e-03
3.811120986938476562e-03,1.796483993530273438e-03,-5.805805325508117676e-03
3.481626510620117188e-03,2.143740653991699219e-03,-5.613073706626892090e-03
3.228068351745605469e-03,2.455830574035644531e-03,-5.492329597473144531e-03
3.128051757812500000e-03,2.732872962951660156e-03,-5.334615707397460938e-03
3.243803977966308594e-03,3.015995025634765625e-03,-5.161941051483154297e-03
3.367900848388671875e-03,3.282070159912109375e-03,-5.034610629081726074e-03
3.454566001892089844e-03,3.632187843322753906e-03,-5.047321319580078125e-03
3.478050231933593750e-03,3.978967666625976562e-03,-5.163341760635375977e-03
3.464698791503906250e-03,4.160881042480468750e-03,-5.290970206260681152e-03
3.320217132568359375e-03,4.412055015563964844e-03,-5.526542663574218750e-03
3.086566925048828125e-03,4.707694053649902344e-03,-5.696430802345275879e-03
2.742886543273925781e-03,5.089759826660156250e-03,-5.736142396926879883e-03
2.425312995910644531e-03,5.426406860351562500e-03,-5.718454718589782715e-03
2.142429351806640625e-03,5.688190460205078125e-03,-5.627408623695373535e-03
1.445293426513671875e-03,5.879759788513183594e-03,-5.584314465522766113e-03
8.021593093872070312e-04,6.037831306457519531e-03,-5.396410822868347168e-03
2.105236053466796875e-04,6.194829940795898438e-03,-5.130857229232788086e-03
-2.348423004150390625e-04,6.256580352783203125e-03,-4.829019308090209961e-03
-5.944967269897460938e-04,6.309866905212402344e-03,-4.471793770790100098e-03
-7.792711257934570312e-04,6.264567375183105469e-03,-4.001602530479431152e-03
-9.331703186035156250e-04,6.218910217285156250e-03,-3.674820065498352051e-03
-1.003146171569824219e-03,6.090641021728515625e-03,-3.493815660476684570e-03
-1.022696495056152344e-03,5.994558334350585938e-03,-3.475189208984375000e-03
-1.021981239318847656e-03,5.912065505981445312e-03,-3.570765256881713867e-03
-9.462833404541015625e-04,5.797147750854492188e-03,-3.800392150878906250e-03
-8.658170700073242188e-04,5.663752555847167969e-03,-4.116192460060119629e-03
-7.749795913696289062e-04,5.502700805664062500e-03,-4.479870200157165527e-03
-6.693601608276367188e-04,5.332231521606445312e-03,-4.722788929939270020e-03
-5.275011062622070312e-04,5.255341529846191406e-03,-5.072042346000671387e-03
-4.670619964599609375e-04,5.172729492187500000e-03,-5.561769008636474609e-03
-3.318786621093750000e-04,5.030870437622070312e-03,-6.015732884407043457e-03
-3.027915954589843750e-04,5.057573318481445312e-03,-6.390541791915893555e-03
-2.351999282836914062e-04,4.946827888488769531e-03,-6.961494684219360352e-03
-2.212524414062500000e-04,4.877209663391113281e-03,-7.349953055381774902e-03
-2.589225769042968750e-04,4.821062088012695312e-03,-7.549017667770385742e-03
-3.540515899658203125e-04,4.760861396789550781e-03,-7.579043507575988770e-03
-4.861354827880859375e-04,4.672527313232421875e-03,-7.443040609359741211e-03
-5.918741226196289062e-04,4.544734954833984375e-03,-7.196649909019470215e-03
-7.057189941406250000e-04,4.363417625427246094e-03,-6.837785243988037109e-03
-8.230209350585937500e-04,4.157781600952148438e-03,-6.427094340324401855e-03
-9.862184524536132812e-04,4.097342491149902344e-03,-5.912855267524719238e-03
-1.129746437072753906e-03,4.101991653442382812e-03,-5.351498723030090332e-03
-1.314878463745117188e-03,4.199981689453125000e-03,-4.802078008651733398e-03
-1.525044441223144531e-03,4.385113716125488281e-03,-4.336655139923095703e-03
-1.656055450439453125e-03,4.530429840087890625e-03,-4.054471850395202637e-03
-1.743078231811523438e-03,4.695892333984375000e-03,-3.938779234886169434e-03
-1.757264137268066406e-03,4.842877388000488281e-03,-3.967553377151489258e-03
-1.772999763488769531e-03,4.965662956237792969e-03,-4.040554165840148926e-03
-1.749634742736816406e-03,5.038619041442871094e-03,-4.174038767814636230e-03
-1.666188240051269531e-03,5.027413368225097656e-03,-4.377961158752441406e-03
-1.605868339538574219e-03,5.006909370422363281e-03,-5.365774035453796387e-03
-1.525044441223144531e-03,4.935622215270996094e-03,-6.273925304412841797e-03
-1.526713371276855469e-03,4.748344421386718750e-03,-7.017150521278381348e-03
-1.518845558166503906e-03,4.566431045532226562e-03,-7.604196667671203613e-03
-1.568436622619628906e-03,4.451274871826171875e-03,-8.050143718719482422e-03
-1.636385917663574219e-03,4.393696784973144531e-03,-8.361563086509704590e-03
-1.740574836730957031e-03,4.326343536376953125e-03,-8.555471897125244141e-03
-1.831173896789550781e-03,4.273176193237304688e-03,-8.656263351440429688e-03
-1.973271369934082031e-03,4.248738288879394531e-03,-8.683010935783386230e-03
-2.145886421203613281e-03,4.278302192687988281e-03,-8.680954575538635254e-03
-2.249360084533691406e-03,4.241466522216796875e-03,-8.608192205429077148e-03
-2.369046211242675781e-03,4.225254058837890625e-03,-8.541539311408996582e-03
-2.449989318847656250e-03,4.164099693298339844e-03,-8.538722991943359375e-03
-2.449989318847656250e-03,4.108190536499023438e-03,-8.552283048629760742e-03
-2.419471740722656250e-03,4.133582115173339844e-03,-8.617892861366271973e-03
-2.300143241882324219e-03,4.108071327209472656e-03,-8.699685335159301758e-03
-2.164602279663085938e-03,4.068732261657714844e-03,-8.798643946647644043e-03
-2.023935317993164062e-03,4.068851470947265625e-03,-8.880451321601867676e-03
-1.886606216430664062e-03,4.082918167114257812e-03,-8.904606103897094727e-03
-1.768708229064941406e-03,4.164695739746093750e-03,-8.986279368400573730e-03
-1.648306846618652344e-03,4.225373268127441406e-03,-8.928924798965454102e-03
-1.539826393127441406e-03,4.271507263183593750e-03,-8.811011910438537598e-03
-1.485347747802734375e-03,4.289150238037109375e-03,-8.625045418739318848e-03
-1.459360122680664062e-03,4.281759262084960938e-03,-8.409813046455383301e-03
-1.471757888793945312e-03,4.238009452819824219e-03,-8.182331919670104980e-03
-1.536846160888671875e-03,4.218101501464843750e-03,-8.016511797904968262e-03
-1.550078392028808594e-03,4.192471504211425781e-03,-7.889881730079650879e-03
-1.554965972900390625e-03,4.153251647949218750e-03,-7.821738719940185547e-03
-1.548886299133300781e-03,4.106760025024414062e-03,-7.781237363815307617e-03
-1.529812812805175781e-03,4.067182540893554688e-03,-7.798865437507629395e-03
-1.497030258178710938e-03,3.974556922912597656e-03,-7.802173495292663574e-03
-1.482605934143066406e-03,3.902792930603027344e-03,-7.799163460731506348e-03
-1.562118530273437500e-03,3.833174705505371094e-03,-7.830470800399780273e-03
-1.633048057556152344e-03,3.813385963439941406e-03,-7.834330201148986816e-03
-1.669049263000488281e-03,3.736495971679687500e-03,-7.761731743812561035e-03
-1.696348190307617188e-03,3.602504730224609375e-03,-7.662907242774963379e-03
-1.700997352600097656e-03,3.447771072387695312e-03,-7.481366395950317383e-03
-1.726865768432617188e-03,3.299593925476074219e-03,-7.217943668365478516e-03
-1.735448837280273438e-03,3.210425376892089844e-03,-6.918504834175109863e-03
-1.731991767883300781e-03,3.067612648010253906e-03,-6.583482027053833008e-03
-1.666307449340820312e-03,2.919316291809082031e-03,-6.320819258689880371e-03
-1.500487327575683594e-03,2.758502960205078125e-03,-6.143078207969665527e-03
-1.300811767578125000e-03,2.637505531311035156e-03,-5.975455045700073242e-03
-1.059055328369140625e-03,2.518415451049804688e-03,-5.849048495292663574e-03
-8.081197738647460938e-04,2.399086952209472656e-03,-5.814582109451293945e-03
-6.016492843627929688e-04,2.280712127685546875e-03,-5.772992968559265137e-03
-4.495382308959960938e-04,2.184510231018066406e-03,-5.827099084854125977e-03
-3.359317779541015625e-04,2.164006233215332031e-03,-5.923300981521606445e-03
-2.465248107910156250e-04,2.193927764892578125e-03,-6.046518683433532715e-03
9.667873382568359375e-05,2.305507659912109375e-03,-6.148904561996459961e-03
3.499984741210937500e-04,2.402186393737792969e-03,-6.146818399429321289e-03
5.257129669189453125e-04,2.477407455444335938e-03,-6.040558218955993652e-03
7.326602935791015625e-04,2.556562423706054688e-03,-5.928203463554382324e-03
8.500814437866210938e-04,2.619504928588867188e-03,-5.790308117866516113e-03
9.571313858032226562e-04,2.662539482116699219e-03,-5.609944462776184082e-03
1.016616821289062500e-03,2.753615379333496094e-03,-5.357593297958374023e-03
1.099586486816406250e-03,2.805829048156738281e-03,-5.151867866516113281e-03
1.167893409729003906e-03,2.808094024658203125e-03,-5.001947283744812012e-03
1.290202140808105469e-03,2.747893333435058594e-03,-4.882663488388061523e-03
1.425981521606445312e-03,2.703666687011718750e-03,-4.811108112335205078e-03
1.520633697509765625e-03,2.707362174987792969e-03,-4.768058657646179199e-03
1.630663871765136719e-03,2.720832824707031250e-03,-4.808574914932250977e-03
1.734972000122070312e-03,2.722740173339843750e-03,-4.876464605331420898e-03
1.838445663452148438e-03,2.805233001708984375e-03,-4.890620708465576172e-03
1.935720443725585938e-03,2.942323684692382812e-03,-4.892021417617797852e-03
2.084970474243164062e-03,3.027558326721191406e-03,-4.846408963203430176e-03
2.217292785644531250e-03,3.134965896606445312e-03,-4.773780703544616699e-03
2.305626869201660156e-03,3.176212310791015625e-03,-4.716232419013977051e-03
2.340435981750488281e-03,3.217577934265136719e-03,-4.651635885238647461e-03
2.375483512878417969e-03,3.309607505798339844e-03,-4.591941833496093750e-03
2.360224723815917969e-03,3.404021263122558594e-03,-4.528313875198364258e-03
2.411007881164550781e-03,3.511905670166015625e-03,-4.516929388046264648e-03
2.509236335754394531e-03,3.549456596374511719e-03,-4.518821835517883301e-03
2.647519111633300781e-03,3.547549247741699219e-03,-4.560574889183044434e-03
2.779364585876464844e-03,3.560662269592285156e-03,-4.640161991119384766e-03
2.856135368347167969e-03,3.586769104003906250e-03,-4.703879356384277344e-03
2.926349639892578125e-03,3.557324409484863281e-03,-4.781931638717651367e-03
2.999544143676757812e-03,3.582000732421875000e-03,-4.805803298950195312e-03
3.566384315490722656e-03,3.422260284423828125e-03,-4.350990056991577148e-03
4.083395004272460938e-03,3.295302391052246094e-03,-3.983169794082641602e-03
4.532694816589355469e-03,3.248810768127441406e-03,-3.711327910423278809e-03
4.909992218017578125e-03,3.320813179016113281e-03,-3.511503338813781738e-03
5.163431167602539062e-03,3.535509109497070312e-03,-3.385901451110839844e-03
5.337476730346679688e-03,3.733158111572265625e-03,-3.313705325126647949e-03
5.516886711120605469e-03,3.837108612060546875e-03,-3.298386931419372559e-03
5.656480789184570312e-03,3.949165344238281250e-03,-3.290534019470214844e-03
5.714774131774902344e-03,4.097342491149902344e-03,-3.316655755043029785e-03
5.796194076538085938e-03,4.213690757751464844e-03,-3.289714455604553223e-03
5.831837654113769531e-03,4.342913627624511719e-03,-3.291934728622436523e-03
5.791187286376953125e-03,4.540443420410156250e-03,-3.310561180114746094e-03
5.744934082031250000e-03,4.720449447631835938e-03,-3.337770700454711914e-03
5.762577056884765625e-03,4.861831665039062500e-03,-3.336027264595031738e-03
5.790829658508300781e-03,5.032658576965332031e-03,-3.383263945579528809e-03
5.774259567260742188e-03,5.207300186157226562e-03,-3.421992063522338867e-03
5.739212036132812500e-03,5.411982536315917969e-03,-3.462955355644226074e-03
5.664467811584472656e-03,5.654215812683105469e-03,-3.526851534843444824e-03
5.638837814331054688e-03,5.881428718566894531e-03,-3.601193428039550781e-03
5.610466003417968750e-03,6.085157394409179688e-03,-3.676027059555053711e-03
5.592584609985351562e-03,6.283760070800781250e-03,-3.719523549079895020e-03
5.566000938415527344e-03,6.481409072875976562e-03,-3.729820251464843750e-03
5.517244338989257812e-03,6.710052490234375000e-03,-3.779843449592590332e-03
5.526781082153320312e-03,6.803035736083984375e-03,-3.865420818328857422e-03
5.541205406188964844e-03,6.921768188476562500e-03,-3.951370716094970703e-03
5.589008331298828125e-03,7.059693336486816406e-03,-4.049032926559448242e-03
5.629062652587890625e-03,7.232427597045898438e-03,-4.177957773208618164e-03
5.722641944885253906e-03,7.328987121582031250e-03,-4.336848855018615723e-03
5.801796913146972656e-03,7.390737533569335938e-03,-4.470065236091613770e-03
5.967736244201660156e-03,7.380366325378417969e-03,-4.607066512107849121e-03
6.140232086181640625e-03,7.343053817749023438e-03,-4.723578691482543945e-03
6.266236305236816406e-03,7.272601127624511719e-03,-4.823431372642517090e-03
6.433844566345214844e-03,7.017374038696289062e-03,-4.916593432426452637e-03
6.543040275573730469e-03,6.824731826782226562e-03,-5.039840936660766602e-03
6.660580635070800781e-03,6.661891937255859375e-03,-5.120620131492614746e-03
6.749987602233886719e-03,6.479024887084960938e-03,-5.204647779464721680e-03
6.789803504943847656e-03,6.377339363098144531e-03,-5.273669958114624023e-03
6.763815879821777344e-03,6.506800651550292969e-03,-5.340203642845153809e-03
6.720542907714843750e-03,6.601810455322265625e-03,-5.373969674110412598e-03
6.645321846008300781e-03,6.725907325744628906e-03,-5.405873060226440430e-03
6.576657295227050781e-03,6.894350051879882812e-03,-5.520969629287719727e-03
6.466627120971679688e-03,7.242441177368164062e-03,-5.646020174026489258e-03
6.294608116149902344e-03,7.633090019226074219e-03,-5.788490176200866699e-03
6.095409393310546875e-03,8.013248443603515625e-03,-5.926221609115600586e-03
5.865454673767089844e-03,8.384585380554199219e-03,-5.906835198402404785e-03
5.651354789733886719e-03,8.632421493530273438e-03,-5.921736359596252441e-03
5.457639694213867188e-03,8.908271789550781250e-03,-5.959883332252502441e-03
5.238771438598632812e-03,9.191989898681640625e-03,-5.996733903884887695e-03
5.029916763305664062e-03,9.463429450988769531e-03,-6.023675203323364258e-03
4.812240600585937500e-03,9.725332260131835938e-03,-6.041094660758972168e-03
4.689097404479980469e-03,9.860277175903320312e-03,-6.053656339645385742e-03
4.567384719848632812e-03,1.000714302062988281e-02,-6.081610918045043945e-03
4.435062408447265625e-03,1.018118858337402344e-02,-6.064936518669128418e-03
4.320979118347167969e-03,1.040422916412353516e-02,-6.073072552680969238e-03
4.212737083435058594e-03,1.058375835418701172e-02,-6.092190742492675781e-03
4.094600677490234375e-03,1.080846786499023438e-02,-6.150424480438232422e-03
3.904938697814941406e-03,1.106679439544677734e-02,-6.226807832717895508e-03
3.780841827392578125e-03,1.130640506744384766e-02,-6.308794021606445312e-03
3.667593002319335938e-03,1.150679588317871094e-02,-6.371513009071350098e-03
3.574490547180175781e-03,1.163518428802490234e-02,-6.393775343894958496e-03
3.524780273437500000e-03,1.176118850708007812e-02,-6.384044885635375977e-03
3.381729125976562500e-03,1.202893257141113281e-02,-6.313651800155639648e-03
3.276348114013671875e-03,1.227521896362304688e-02,-6.264582276344299316e-03
3.157854080200195312e-03,1.253294944763183594e-02,-6.195038557052612305e-03
3.050446510314941406e-03,1.281118392944335938e-02,-6.129488348960876465e-03
2.972126007080078125e-03,1.296460628509521484e-02,-6.104782223701477051e-03
2.930402755737304688e-03,1.305949687957763672e-02,-6.062939763069152832e-03
2.910852432250976562e-03,1.306438446044921875e-02,-6.043702363967895508e-03
2.839684486389160156e-03,1.309883594512939453e-02,-6.023660302162170410e-03
2.782821655273437500e-03,1.311159133911132812e-02,-6.006389856338500977e-03
2.697706222534179688e-03,1.313924789428710938e-02,-6.024822592735290527e-03
2.649903297424316406e-03,1.312732696533203125e-02,-6.067767739295959473e-03
2.585053443908691406e-03,1.304161548614501953e-02,-6.104126572608947754e-03
2.550363540649414062e-03,1.286613941192626953e-02,-6.156459450721740723e-03
2.474784851074218750e-03,1.273560523986816406e-02,-6.227806210517883301e-03
2.399086952209472656e-03,1.253354549407958984e-02,-6.309732794761657715e-03
2.289891242980957031e-03,1.233398914337158203e-02,-6.416574120521545410e-03
2.237200736999511719e-03,1.214933395385742188e-02,-6.548076868057250977e-03
2.184987068176269531e-03,1.194417476654052734e-02,-6.710112094879150391e-03
2.102971076965332031e-03,1.175713539123535156e-02,-6.835892796516418457e-03
2.002716064453125000e-03,1.161146163940429688e-02,-6.974264979362487793e-03
1.890063285827636719e-03,1.146352291107177734e-02,-7.059738039970397949e-03
1.793265342712402344e-03,1.138031482696533203e-02,-7.131606340408325195e-03
1.650929450988769531e-03,1.135468482971191406e-02,-7.159873843193054199e-03
1.493692398071289062e-03,1.137685775756835938e-02,-7.147192955017089844e-03
1.394987106323242188e-03,1.145267486572265625e-02,-7.083207368850708008e-03
1.296997070312500000e-03,1.145887374877929688e-02,-7.021650671958923340e-03
1.191735267639160156e-03,1.149010658264160156e-02,-6.983458995819091797e-03
1.147866249084472656e-03,1.144492626190185547e-02,-6.945446133613586426e-03
1.115322113037109375e-03,1.137673854827880859e-02,-6.873354315757751465e-03
1.065373420715332031e-03,1.132369041442871094e-02,-6.838873028755187988e-03
1.001119613647460938e-03,1.127302646636962891e-02,-6.843820214271545410e-03
9.368658065795898438e-04,1.130020618438720703e-02,-6.863340735435485840e-03
8.813142776489257812e-04,1.131892204284667969e-02,-6.871744990348815918e-03
8.049011230468750000e-04,1.136684417724609375e-02,-6.866052746772766113e-03
7.941722869873046875e-04,1.134741306304931641e-02,-6.883144378662109375e-03
7.722377777099609375e-04,1.127147674560546875e-02,-6.890371441841125488e-03
7.278919219970703125e-04,1.116299629211425781e-02,-6.876796483993530273e-03
7.300376892089843750e-04,1.103472709655761719e-02,-6.822615861892700195e-03
7.205009460449218750e-04,1.091647148132324219e-02,-6.764784455299377441e-03
7.200241088867187500e-04,1.079797744750976562e-02,-6.708249449729919434e-03
7.307529449462890625e-04,1.072967052459716797e-02,-6.638929247856140137e-03
7.255077362060546875e-04,1.073348522186279297e-02,-6.568670272827148438e-03
6.957054138183593750e-04,1.074659824371337891e-02,-6.483271718025207520e-03
6.499290466308593750e-04,1.078510284423828125e-02,-6.440311670303344727e-03
6.138086318969726562e-04,1.084983348846435547e-02,-6.444871425628662109e-03
5.915164947509765625e-04,1.085495948791503906e-02,-6.507739424705505371e-03
5.927085876464843750e-04,1.086485385894775391e-02,-6.555229425430297852e-03
5.661249160766601562e-04,1.089036464691162109e-02,-6.584063172340393066e-03
5.151033401489257812e-04,1.088881492614746094e-02,-6.554424762725830078e-03
5.321502685546875000e-04,1.073503494262695312e-02,-6.481513381004333496e-03
5.549192428588867188e-04,1.063358783721923828e-02,-6.380528211593627930e-03
5.391836166381835938e-04,1.052320003509521484e-02,-6.290629506111145020e-03
4.569292068481445312e-04,1.051020622253417969e-02,-6.180897355079650879e-03
3.677606582641601562e-04,1.051259040832519531e-02,-6.080895662307739258e-03
2.294778823852539062e-04,1.057028770446777344e-02,-6.020680069923400879e-03
4.649162292480468750e-05,1.063573360443115234e-02,-6.017878651618957520e-03
-1.791715621948242188e-04,1.070249080657958984e-02,-6.041631102561950684e-03
-3.682374954223632812e-04,1.077520847320556641e-02,-6.102681159973144531e-03
-5.578994750976562500e-04,1.081359386444091797e-02,-6.198793649673461914e-03
-7.666349411010742188e-04,1.082324981689453125e-02,-6.300434470176696777e-03
-9.551048278808593750e-04,1.083421707153320312e-02,-6.458058953285217285e-03
-1.129388809204101562e-03,1.079714298248291016e-02,-6.600156426429748535e-03
-1.292228698730468750e-03,1.079344749450683594e-02,-6.732597947120666504e-03
-1.532673835754394531e-03,1.080179214477539062e-02,-6.825849413871765137e-03
-1.754641532897949219e-03,1.083433628082275391e-02,-6.854385137557983398e-03
-1.978158950805664062e-03,1.085150241851806641e-02,-6.801784038543701172e-03
-2.167582511901855469e-03,1.095950603485107422e-02,-6.713226437568664551e-03
-2.388238906860351562e-03,1.108801364898681641e-02,-6.587922573089599609e-03
-2.627849578857421875e-03,1.127004623413085938e-02,-6.440714001655578613e-03
-2.902030944824218750e-03,1.151537895202636719e-02,-6.302595138549804688e-03
-3.080964088439941406e-03,1.173949241638183594e-02,-6.150662899017333984e-03
-3.310084342956542969e-03,1.195383071899414062e-02,-6.044238805770874023e-03
-3.538489341735839844e-03,1.216101646423339844e-02,-5.988761782646179199e-03
-3.818154335021972656e-03,1.241433620452880859e-02,-5.906775593757629395e-03
-4.084110260009765625e-03,1.260113716125488281e-02,-5.906373262405395508e-03
-4.272937774658203125e-03,1.272642612457275391e-02,-5.906268954277038574e-03
-4.428267478942871094e-03,1.289916038513183594e-02,-5.909174680709838867e-03
-4.534721374511718750e-03,1.303780078887939453e-02,-5.868121981620788574e-03
-4.606604576110839844e-03,1.320743560791015625e-02,-5.835905671119689941e-03
-4.626393318176269531e-03,1.333367824554443359e-02,-5.830153822898864746e-03
-4.585146903991699219e-03,1.333725452423095703e-02,-5.810737609863281250e-03
-4.526257514953613281e-03,1.330745220184326172e-02,-5.757421255111694336e-03
-4.388093948364257812e-03,1.323544979095458984e-02,-5.710691213607788086e-03
-4.268884658813476562e-03,1.318097114562988281e-02,-5.664587020874023438e-03
-4.126429557800292969e-03,1.311695575714111328e-02,-5.579993128776550293e-03
-3.966808319091796875e-03,1.304519176483154297e-02,-5.531370639801025391e-03
-3.806352615356445312e-03,1.296436786651611328e-02,-5.466550588607788086e-03
-3.642916679382324219e-03,1.295435428619384766e-02,-5.391761660575866699e-03
-3.556728363037109375e-03,1.296687126159667969e-02,-5.332306027412414551e-03
-3.432154655456542969e-03,1.296532154083251953e-02,-5.279317498207092285e-03
-3.346562385559082031e-03,1.299464702606201172e-02,-5.233466625213623047e-03
-3.268718719482421875e-03,1.302027702331542969e-02,-5.188658833503723145e-03
-3.195047378540039062e-03,1.307725906372070312e-02,-5.080789327621459961e-03
-3.112435340881347656e-03,1.312339305877685547e-02,-4.990100860595703125e-03
-3.039598464965820312e-03,1.319336891174316406e-02,-4.898309707641601562e-03
-2.882242202758789062e-03,1.319432258605957031e-02,-4.816010594367980957e-03
-2.679228782653808594e-03,1.316988468170166016e-02,-4.797056317329406738e-03
-2.480626106262207031e-03,1.312029361724853516e-02,-4.799485206604003906e-03
-2.295374870300292969e-03,1.302146911621093750e-02,-4.790097475051879883e-03
-2.080202102661132812e-03,1.289737224578857422e-02,-4.802480340003967285e-03
-1.812458038330078125e-03,1.263666152954101562e-02,-4.805922508239746094e-03
-1.538395881652832031e-03,1.245641708374023438e-02,-4.745736718177795410e-03
-1.245260238647460938e-03,1.228046417236328125e-02,-4.719212651252746582e-03
-9.250640869140625000e-04,1.211428642272949219e-02,-4.743680357933044434e-03
-6.468296051025390625e-04,1.203227043151855469e-02,-4.814848303794860840e-03
-3.584623336791992188e-04,1.190018653869628906e-02,-4.904717206954956055e-03
-1.020431518554687500e-04,1.183664798736572266e-02,-5.036830902099609375e-03
1.355409622192382812e-04,1.174199581146240234e-02,-5.177810788154602051e-03
3.120899200439453125e-04,1.167774200439453125e-02,-5.307450890541076660e-03
4.539489746093750000e-04,1.170146465301513672e-02,-5.379617214202880859e-03
5.735158920288085938e-04,1.170825958251953125e-02,-5.389019846916198730e-03
6.644725799560546875e-04,1.173055171966552734e-02,-5.345389246940612793e-03
7.419586181640625000e-04,1.176118850708007812e-02,-5.179464817047119141e-03
8.029937744140625000e-04,1.180362701416015625e-02,-5.009591579437255859e-03
8.202791213989257812e-04,1.187801361083984375e-02,-4.816085100173950195e-03
7.723569869995117188e-04,1.196193695068359375e-02,-4.622384905815124512e-03
7.150173187255859375e-04,1.206696033477783203e-02,-4.400476813316345215e-03
7.368326187133789062e-04,1.200830936431884766e-02,-4.206255078315734863e-03
7.332563400268554688e-04,1.191926002502441406e-02,-4.026725888252258301e-03
7.390975952148437500e-04,1.182889938354492188e-02,-3.854393959045410156e-03
7.320642471313476562e-04,1.176190376281738281e-02,-3.740653395652770996e-03
7.082223892211914062e-04,1.166665554046630859e-02,-3.667965531349182129e-03
6.797313690185546875e-04,1.153862476348876953e-02,-3.615051507949829102e-03
6.319284439086914062e-04,1.145124435424804688e-02,-3.593012690544128418e-03
5.983114242553710938e-04,1.138234138488769531e-02,-3.587365150451660156e-03
5.391836166381835938e-04,1.137781143188476562e-02,-3.549680113792419434e-03
4.719495773315429688e-04,1.139163970947265625e-02,-3.551036119461059570e-03
3.509521484375000000e-04,1.145446300506591797e-02,-3.539264202117919922e-03
2.523660659790039062e-04,1.144325733184814453e-02,-3.505811095237731934e-03
1.310110092163085938e-04,1.145982742309570312e-02,-3.441870212554931641e-03
8.344650268554687500e-06,1.153326034545898438e-02,-3.345698118209838867e-03
-8.308887481689453125e-05,1.159918308258056641e-02,-3.241986036300659180e-03
-1.646280288696289062e-04,1.157379150390625000e-02,-3.092214465141296387e-03
-1.975297927856445312e-04,1.158857345581054688e-02,-2.872139215469360352e-03
-2.331733703613281250e-04,1.162624359130859375e-02,-2.664163708686828613e-03
-3.203153610229492188e-04,1.164734363555908203e-02,-2.493500709533691406e-03
-4.101991653442382812e-04,1.162886619567871094e-02,-2.331584692001342773e-03
-4.248619079589843750e-04,1.158630847930908203e-02,-2.216592431068420410e-03
-4.456043243408203125e-04,1.151335239410400391e-02,-2.081900835037231445e-03
-4.484653472900390625e-04,1.144051551818847656e-02,-2.009108662605285645e-03
-3.765821456909179688e-04,1.136052608489990234e-02,-2.017542719841003418e-03
-3.023147583007812500e-04,1.122748851776123047e-02,-2.027139067649841309e-03
-1.776218414306640625e-04,1.083981990814208984e-02,-2.054199576377868652e-03
-4.148483276367187500e-05,1.048362255096435547e-02,-2.114489674568176270e-03
5.984306335449218750e-05,1.018941402435302734e-02,-2.198666334152221680e-03
1.810789108276367188e-04,9.879469871520996094e-03,-2.286612987518310547e-03
3.341436386108398438e-04,9.574174880981445312e-03,-2.320304512977600098e-03
4.729032516479492188e-04,9.301424026489257812e-03,-2.304449677467346191e-03
6.046295166015625000e-04,9.057998657226562500e-03,-2.281621098518371582e-03
7.582902908325195312e-04,8.805871009826660156e-03,-2.224728465080261230e-03
8.889436721801757812e-04,8.522748947143554688e-03,-2.131566405296325684e-03
1.030087471008300781e-03,8.284926414489746094e-03,-2.024903893470764160e-03
1.170516014099121094e-03,8.082032203674316406e-03,-1.939207315444946289e-03
1.265645027160644531e-03,7.936239242553710938e-03,-1.874342560768127441e-03
1.353144645690917969e-03,7.776618003845214844e-03,-1.815035939216613770e-03
1.437544822692871094e-03,7.630705833435058594e-03,-1.775369048118591309e-03
1.491308212280273438e-03,7.484793663024902344e-03,-1.741722226142883301e-03
1.492619514465332031e-03,7.408499717712402344e-03,-1.722052693367004395e-03
1.445174217224121094e-03,7.424116134643554688e-03,-1.660302281379699707e-03
1.382946968078613281e-03,7.417559623718261719e-03,-1.580178737640380859e-03
1.359462738037109375e-03,7.428050041198730469e-03,-1.478001475334167480e-03
1.258015632629394531e-03,7.489442825317382812e-03,-1.369997859001159668e-03
1.145958900451660156e-03,7.547736167907714844e-03,-1.246273517608642578e-03
1.037716865539550781e-03,7.633924484252929688e-03,-1.145988702774047852e-03
1.018404960632324219e-03,7.682800292968750000e-03,-1.046210527420043945e-03
9.977817535400390625e-04,7.737755775451660156e-03,-9.443014860153198242e-04
1.035213470458984375e-03,7.786989212036132812e-03,-8.557736873626708984e-04
1.059174537658691406e-03,7.831573486328125000e-03,-7.763355970382690430e-04
1.179933547973632812e-03,7.814049720764160156e-03,-7.292032241821289062e-04
1.324295997619628906e-03,7.792830467224121094e-03,-7.324963808059692383e-04
1.473665237426757812e-03,7.819890975952148438e-03,-7.617771625518798828e-04
1.613378524780273438e-03,7.848381996154785156e-03,-8.060485124588012695e-04
1.739740371704101562e-03,7.902503013610839844e-03,-8.728504180908203125e-04
1.875042915344238281e-03,7.913589477539062500e-03,-9.084641933441162109e-04
1.991391181945800781e-03,7.952809333801269531e-03,-9.330362081527709961e-04
2.131342887878417969e-03,7.974743843078613281e-03,-9.887516498565673828e-04
2.308726310729980469e-03,7.972240447998046875e-03,-1.038700342178344727e-03
2.473473548889160156e-03,7.993817329406738281e-03,-1.082897186279296875e-03
2.560496330261230469e-03,8.076786994934082031e-03,-1.086816191673278809e-03
2.625465393066406250e-03,8.146405220031738281e-03,-1.103490591049194336e-03
2.718687057495117188e-03,8.260011672973632812e-03,-1.118078827857971191e-03
2.866744995117187500e-03,8.393168449401855469e-03,-1.166433095932006836e-03
2.991557121276855469e-03,8.485436439514160156e-03,-1.216351985931396484e-03
3.160595893859863281e-03,8.583068847656250000e-03,-1.228883862495422363e-03
3.306746482849121094e-03,8.679747581481933594e-03,-1.242116093635559082e-03
3.397345542907714844e-03,8.835554122924804688e-03,-1.274079084396362305e-03
3.474235534667968750e-03,8.985757827758789062e-03,-1.306235790252685547e-03
3.506660461425781250e-03,9.124755859375000000e-03,-1.382872462272644043e-03
3.535866737365722656e-03,9.231090545654296875e-03,-1.477614045143127441e-03
3.546118736267089844e-03,9.452581405639648438e-03,-1.562237739562988281e-03
3.535270690917968750e-03,9.723067283630371094e-03,-1.639187335968017578e-03
3.523230552673339844e-03,9.982347488403320312e-03,-1.730754971504211426e-03
3.489017486572265625e-03,1.023054122924804688e-02,-1.805827021598815918e-03
3.456473350524902344e-03,1.047074794769287109e-02,-1.873999834060668945e-03
3.460288047790527344e-03,1.067411899566650391e-02,-1.891061663627624512e-03
3.479361534118652344e-03,1.082086563110351562e-02,-1.902416348457336426e-03
3.495693206787109375e-03,1.092100143432617188e-02,-1.882001757621765137e-03
3.505110740661621094e-03,1.101267337799072266e-02,-1.866355538368225098e-03
3.525614738464355469e-03,1.107418537139892578e-02,-1.862943172454833984e-03
3.516793251037597656e-03,1.117181777954101562e-02,-1.867860555648803711e-03
3.518581390380859375e-03,1.123821735382080078e-02,-1.874104142189025879e-03
3.503799438476562500e-03,1.131224632263183594e-02,-1.897215843200683594e-03
3.468751907348632812e-03,1.143753528594970703e-02,-1.942515373229980469e-03
3.418684005737304688e-03,1.151823997497558594e-02,-1.946404576301574707e-03
3.444314002990722656e-03,1.154386997222900391e-02,-1.898303627967834473e-03
3.444314002990722656e-03,1.154386997222900391e-02,-1.898303627967834473e-03
3.444314002990722656e-03,1.154386997222900391e-02,-1.898303627967834473e-03
3.369808197021484375e-03,1.158750057220458984e-02,-1.796260476112365723e-03
3.337502479553222656e-03,1.156485080718994141e-02,-1.681268215179443359e-03
3.318786621093750000e-03,1.151275634765625000e-02,-1.572236418724060059e-03
3.251791000366210938e-03,1.149082183837890625e-02,-1.478597521781921387e-03
3.215312957763671875e-03,1.143252849578857422e-02,-1.381352543830871582e-03
3.167510032653808594e-03,1.132845878601074219e-02,-1.280173659324645996e-03
3.115177154541015625e-03,1.127123832702636719e-02,-1.237869262695312500e-03
3.279924392700195312e-03,1.115012168884277344e-02,-1.221507787704467773e-03
3.418326377868652344e-03,1.099514961242675781e-02,-1.192793250083923340e-03
3.509402275085449219e-03,1.095807552337646484e-02,-1.203581690788269043e-03
3.595232963562011719e-03,1.094317436218261719e-02,-1.208886504173278809e-03
3.614544868469238281e-03,1.101231575012207031e-02,-1.202970743179321289e-03
3.574490547180175781e-03,1.112043857574462891e-02,-1.202300190925598145e-03
3.550887107849121094e-03,1.122784614562988281e-02,-1.223117113113403320e-03
3.544092178344726562e-03,1.132595539093017578e-02,-1.282438635826110840e-03
3.528237342834472656e-03,1.142966747283935547e-02,-1.319020986557006836e-03
3.492474555969238281e-03,1.155686378479003906e-02,-1.352891325950622559e-03
3.465056419372558594e-03,1.167190074920654297e-02,-1.320958137512207031e-03
3.418207168579101562e-03,1.175010204315185547e-02,-1.234173774719238281e-03
3.378033638000488281e-03,1.182913780212402344e-02,-1.136019825935363770e-03
3.355264663696289062e-03,1.192355155944824219e-02,-1.068830490112304688e-03
3.297328948974609375e-03,1.206219196319580078e-02,-1.012995839118957520e-03
3.257989883422851562e-03,1.212596893310546875e-02,-9.505003690719604492e-04
3.229379653930664062e-03,1.224398612976074219e-02,-9.331703186035156250e-04
3.185033798217773438e-03,1.224911212921142578e-02,-9.063184261322021484e-04
3.169536590576171875e-03,1.222813129425048828e-02,-8.916556835174560547e-04
2.740502357482910156e-03,1.218008995056152344e-02,-8.779168128967285156e-04
2.369880676269531250e-03,1.212823390960693359e-02,-8.189529180526733398e-04
2.070665359497070312e-03,1.201534271240234375e-02,-6.945878267288208008e-04
1.824021339416503906e-03,1.187503337860107422e-02,-5.654394626617431641e-04
1.625061035156250000e-03,1.169121265411376953e-02,-4.732459783554077148e-04
1.502752304077148438e-03,1.142835617065429688e-02,-4.450976848602294922e-04
1.455903053283691406e-03,1.101756095886230469e-02,-4.323720932006835938e-04
1.472115516662597656e-03,1.057398319244384766e-02,-4.666596651077270508e-04
1.537680625915527344e-03,1.013016700744628906e-02,-5.888044834136962891e-04
1.646637916564941406e-03,9.712696075439453125e-03,-7.351338863372802734e-04
1.763463020324707031e-03,9.359359741210937500e-03,-8.530169725418090820e-04
1.868963241577148438e-03,9.072780609130859375e-03,-9.150803089141845703e-04
1.987457275390625000e-03,8.806705474853515625e-03,-9.446591138839721680e-04
2.125859260559082031e-03,8.536934852600097656e-03,-8.859485387802124023e-04
2.254009246826171875e-03,8.197188377380371094e-03,-7.592290639877319336e-04
2.335309982299804688e-03,7.823228836059570312e-03,-6.152838468551635742e-04
2.348542213439941406e-03,7.528543472290039062e-03,-4.103928804397583008e-04
2.352833747863769531e-03,7.262587547302246094e-03,-1.778602600097656250e-04
2.325534820556640625e-03,7.008314132690429688e-03,6.949901580810546875e-05
2.268791198730468750e-03,6.882905960083007812e-03,3.787726163864135742e-04
2.243638038635253906e-03,6.749153137207031250e-03,7.010996341705322266e-04
2.220034599304199219e-03,6.628632545471191406e-03,1.018658280372619629e-03
2.226948738098144531e-03,6.502389907836914062e-03,1.290023326873779297e-03
2.193689346313476562e-03,6.388068199157714844e-03,1.603752374649047852e-03
2.228856086730957031e-03,6.234765052795410156e-03,1.839846372604370117e-03
2.278447151184082031e-03,6.003975868225097656e-03,2.057969570159912109e-03
2.327919006347656250e-03,5.769371986389160156e-03,2.219125628471374512e-03
2.526402473449707031e-03,5.452513694763183594e-03,2.356082201004028320e-03
2.738714218139648438e-03,5.138993263244628906e-03,2.426758408546447754e-03
2.930045127868652344e-03,4.875898361206054688e-03,2.450600266456604004e-03
3.094792366027832031e-03,4.640817642211914062e-03,2.456843852996826172e-03
3.243446350097656250e-03,4.423141479492187500e-03,2.474531531333923340e-03
3.374695777893066406e-03,4.298686981201171875e-03,2.517789602279663086e-03
3.482341766357421875e-03,4.215359687805175781e-03,2.520814538002014160e-03
3.566265106201171875e-03,4.132509231567382812e-03,2.563580870628356934e-03
3.651261329650878906e-03,4.043459892272949219e-03,2.620801329612731934e-03
3.738641738891601562e-03,3.963947296142578125e-03,2.685457468032836914e-03
3.806233406066894531e-03,3.904581069946289062e-03,2.724990248680114746e-03
3.911256790161132812e-03,3.847002983093261719e-03,2.742618322372436523e-03
3.995537757873535156e-03,3.773331642150878906e-03,2.792239189147949219e-03
4.079461097717285156e-03,3.766655921936035156e-03,2.856686711311340332e-03
4.135608673095703125e-03,3.846168518066406250e-03,2.881765365600585938e-03
4.236459732055664062e-03,3.955841064453125000e-03,2.887472510337829590e-03
4.325032234191894531e-03,4.127740859985351562e-03,2.862304449081420898e-03
4.474163055419921875e-03,4.225850105285644531e-03,2.791956067085266113e-03
4.573464393615722656e-03,4.354953765869140625e-03,2.690196037292480469e-03
4.739046096801757812e-03,4.547357559204101562e-03,2.535492181777954102e-03
4.917263984680175781e-03,4.749178886413574219e-03,2.369165420532226562e-03
5.090951919555664062e-03,5.006909370422363281e-03,2.223819494247436523e-03
5.216836929321289062e-03,5.324959754943847656e-03,2.122402191162109375e-03
5.299806594848632812e-03,5.694746971130371094e-03,2.035602927207946777e-03
5.352377891540527344e-03,6.023168563842773438e-03,1.967564225196838379e-03
5.354642868041992188e-03,6.325721740722656250e-03,1.926720142364501953e-03
5.385160446166992188e-03,6.575226783752441406e-03,1.907899975776672363e-03
5.387187004089355469e-03,6.836295127868652344e-03,1.867294311523437500e-03
5.389332771301269531e-03,7.128238677978515625e-03,1.838415861129760742e-03
5.406379699707031250e-03,7.433891296386718750e-03,1.812383532524108887e-03
5.460023880004882812e-03,7.691383361816406250e-03,1.800298690795898438e-03
5.516529083251953125e-03,7.906436920166015625e-03,1.779109239578247070e-03
5.567908287048339844e-03,8.096456527709960938e-03,1.750752329826354980e-03
5.643486976623535156e-03,8.166551589965820312e-03,1.714184880256652832e-03
5.721092224121093750e-03,8.192181587219238281e-03,1.638025045394897461e-03
5.831360816955566406e-03,8.146524429321289062e-03,1.587733626365661621e-03
5.949497222900390625e-03,8.055448532104492188e-03,1.512914896011352539e-03
6.093382835388183594e-03,7.931947708129882812e-03,1.408711075782775879e-03
6.293296813964843750e-03,7.738232612609863281e-03,1.282647252082824707e-03
6.481647491455078125e-03,7.654190063476562500e-03,1.210361719131469727e-03
6.707906723022460938e-03,7.490158081054687500e-03,1.227885484695434570e-03
6.840705871582031250e-03,7.374763488769531250e-03,1.286402344703674316e-03
7.006525993347167969e-03,7.264137268066406250e-03,1.383051276206970215e-03
7.200837135314941406e-03,7.102012634277343750e-03,1.468747854232788086e-03
7.390737533569335938e-03,6.963014602661132812e-03,1.558691263198852539e-03
7.515907287597656250e-03,6.854414939880371094e-03,1.673594117164611816e-03
7.610321044921875000e-03,6.789565086364746094e-03,1.783505082130432129e-03
7.660508155822753906e-03,6.809949874877929688e-03,1.873806118965148926e-03
7.669806480407714844e-03,6.895542144775390625e-03,1.955896615982055664e-03
7.589221000671386719e-03,7.039308547973632812e-03,2.046644687652587891e-03
7.506728172302246094e-03,7.143259048461914062e-03,2.100542187690734863e-03
7.454872131347656250e-03,7.225275039672851562e-03,2.120286226272583008e-03
7.398366928100585938e-03,7.324099540710449219e-03,2.114057540893554688e-03
7.341623306274414062e-03,7.437348365783691406e-03,2.152979373931884766e-03
7.292270660400390625e-03,7.589697837829589844e-03,2.153888344764709473e-03
7.257938385009765625e-03,7.689237594604492188e-03,2.168715000152587891e-03
7.199764251708984375e-03,7.809042930603027344e-03,2.174079418182373047e-03
7.154464721679687500e-03,7.907032966613769531e-03,2.214387059211730957e-03
7.109880447387695312e-03,8.028507232666015625e-03,2.246528863906860352e-03
7.110357284545898438e-03,8.105397224426269531e-03,2.280220389366149902e-03
7.123351097106933594e-03,8.121848106384277344e-03,2.296522259712219238e-03
7.155537605285644531e-03,8.121609687805175781e-03,2.320706844329833984e-03
7.212042808532714844e-03,8.035898208618164062e-03,2.359092235565185547e-03
7.273077964782714844e-03,7.934570312500000000e-03,2.366945147514343262e-03
7.342696189880371094e-03,7.850170135498046875e-03,2.379804849624633789e-03
7.382154464721679688e-03,7.824182510375976562e-03,2.452448010444641113e-03
7.391452789306640625e-03,7.886409759521484375e-03,2.512753009796142578e-03
7.387638092041015625e-03,7.929801940917968750e-03,2.567663788795471191e-03
7.390260696411132812e-03,8.008599281311035156e-03,2.603337168693542480e-03
7.389426231384277344e-03,8.047342300415039062e-03,2.587959170341491699e-03
7.399559020996093750e-03,8.074164390563964844e-03,1.810520887374877930e-03
7.399439811706542969e-03,8.110046386718750000e-03,1.111716032028198242e-03
7.408618927001953125e-03,8.136034011840820312e-03,5.010515451431274414e-04
7.372379302978515625e-03,8.186817169189453125e-03,-3.471970558166503906e-05
7.316350936889648438e-03,8.169651031494140625e-03,-4.915297031402587891e-04
7.218480110168457031e-03,8.140087127685546875e-03,-9.104907512664794922e-04
7.124066352844238281e-03,8.152365684509277344e-03,-1.291513442993164062e-03
7.021307945251464844e-03,8.150935173034667969e-03,-1.603797078132629395e-03
6.886720657348632812e-03,8.147478103637695312e-03,-1.884117722511291504e-03
6.776213645935058594e-03,8.119821548461914062e-03,-2.117574214935302734e-03
6.954193115234375000e-03,8.121728897094726562e-03,-2.312064170837402344e-03
7.078051567077636719e-03,8.120894432067871094e-03,-2.474024891853332520e-03
7.166981697082519531e-03,8.106470108032226562e-03,-2.620562911033630371e-03
7.243633270263671875e-03,8.101940155029296875e-03,-2.740532159805297852e-03
7.282853126525878906e-03,8.095264434814453125e-03,-2.851679921150207520e-03
7.294535636901855469e-03,8.122205734252929688e-03,-2.936005592346191406e-03
7.296442985534667969e-03,8.137226104736328125e-03,-3.011420369148254395e-03
7.263541221618652344e-03,8.201718330383300781e-03,-3.050714731216430664e-03
7.221102714538574219e-03,8.237600326538085938e-03,-3.103643655776977539e-03
7.129669189453125000e-03,8.323311805725097656e-03,-3.132268786430358887e-03
7.043838500976562500e-03,8.372068405151367188e-03,-3.157854080200195312e-03
6.987214088439941406e-03,8.417844772338867188e-03,-3.181010484695434570e-03
6.893515586853027344e-03,8.471965789794921875e-03,-3.181785345077514648e-03
6.805777549743652344e-03,8.505702018737792969e-03,-3.176823258399963379e-03
6.712913513183593750e-03,8.559584617614746094e-03,-3.160730004310607910e-03
6.646156311035156250e-03,8.610010147094726562e-03,-3.144159913063049316e-03
6.603956222534179688e-03,8.641600608825683594e-03,-3.103792667388916016e-03
6.537199020385742188e-03,8.715391159057617188e-03,-3.058955073356628418e-03
6.509304046630859375e-03,8.800983428955078125e-03,-3.012031316757202148e-03
6.487369537353515625e-03,8.883595466613769531e-03,-2.973929047584533691e-03
6.490945816040039062e-03,8.905768394470214844e-03,-2.960830926895141602e-03
6.491661071777343750e-03,8.886337280273437500e-03,-2.927213907241821289e-03
6.501197814941406250e-03,8.894085884094238281e-03,-2.893418073654174805e-03
6.494045257568359375e-03,8.911967277526855469e-03,-2.845302224159240723e-03
6.478905677795410156e-03,8.873462677001953125e-03,-2.808704972267150879e-03
6.451249122619628906e-03,8.862376213073730469e-03,-2.752587199211120605e-03
6.448984146118164062e-03,8.872747421264648438e-03,-2.705991268157958984e-03
6.369709968566894531e-03,8.945465087890625000e-03,-2.670690417289733887e-03
6.287097930908203125e-03,9.016871452331542969e-03,-2.637639641761779785e-03
6.240606307983398438e-03,9.061098098754882812e-03,-2.612844109535217285e-03
6.190776824951171875e-03,9.086966514587402344e-03,-2.578586339950561523e-03
6.115794181823730469e-03,9.124994277954101562e-03,-2.518475055694580078e-03
6.107807159423828125e-03,9.209513664245605469e-03,-2.453103661537170410e-03
6.101012229919433594e-03,9.258627891540527344e-03,-2.386510372161865234e-03
6.035447120666503906e-03,9.285569190979003906e-03,-2.309098839759826660e-03
5.804777145385742188e-03,9.368062019348144531e-03,-2.214640378952026367e-03
5.609989166259765625e-03,9.457230567932128906e-03,-2.135962247848510742e-03
5.415916442871093750e-03,9.544730186462402344e-03,-2.058908343315124512e-03
5.230545997619628906e-03,9.624361991882324219e-03,-2.004578709602355957e-03
5.091190338134765625e-03,9.700775146484375000e-03,-1.949697732925415039e-03
5.014300346374511719e-03,9.684443473815917969e-03,-1.893371343612670898e-03
4.978775978088378906e-03,9.683847427368164062e-03,-1.845344901084899902e-03
4.918813705444335938e-03,9.703993797302246094e-03,-1.811057329177856445e-03
4.902362823486328125e-03,9.712934494018554688e-03,-1.780316233634948730e-03
4.886865615844726562e-03,9.690880775451660156e-03,-1.768946647644042969e-03
4.878163337707519531e-03,9.681224822998046875e-03,-1.744523644447326660e-03
4.881978034973144531e-03,9.641528129577636719e-03,-1.738220453262329102e-03
4.896759986877441406e-03,9.581565856933593750e-03,-1.724466681480407715e-03
4.896879196166992188e-03,9.513735771179199219e-03,-1.704230904579162598e-03
4.891753196716308594e-03,9.480476379394531250e-03,-1.694545149803161621e-03
4.864454269409179688e-03,9.458780288696289062e-03,-1.682490110397338867e-03
4.859566688537597656e-03,9.430050849914550781e-03,-1.670405268669128418e-03
4.850029945373535156e-03,9.388089179992675781e-03,-1.662239432334899902e-03
4.866600036621093750e-03,9.333848953247070312e-03,-1.659452915191650391e-03
4.897594451904296875e-03,9.288549423217773438e-03,-1.654952764511108398e-03
4.923939704895019531e-03,9.222388267517089844e-03,-1.651018857955932617e-03
4.909038543701171875e-03,9.181857109069824219e-03,-1.632466912269592285e-03
4.894852638244628906e-03,9.140968322753906250e-03,-1.586124300956726074e-03
4.887104034423828125e-03,9.722352027893066406e-03,-1.527115702629089355e-03
4.904866218566894531e-03,1.025974750518798828e-02,-1.469194889068603516e-03
4.904627799987792969e-03,1.075851917266845703e-02,-1.401200890541076660e-03
4.924893379211425781e-03,1.117765903472900391e-02,-1.348316669464111328e-03
4.905700683593750000e-03,1.154148578643798828e-02,-1.304015517234802246e-03
4.899621009826660156e-03,1.182031631469726562e-02,-1.262754201889038086e-03
4.866838455200195312e-03,1.208412647247314453e-02,-1.235231757164001465e-03
4.821419715881347656e-03,1.230168342590332031e-02,-1.194164156913757324e-03
4.793882369995117188e-03,1.249873638153076172e-02,-1.159071922302246094e-03
4.778027534484863281e-03,1.268732547760009766e-02,-1.118421554565429688e-03
4.763484001159667969e-03,1.282036304473876953e-02,-1.082524657249450684e-03
4.787683486938476562e-03,1.288270950317382812e-02,-1.041933894157409668e-03
4.773020744323730469e-03,1.296782493591308594e-02,-9.987205266952514648e-04
4.737496376037597656e-03,1.305317878723144531e-02,-9.631961584091186523e-04
4.691123962402343750e-03,1.312804222106933594e-02,-9.229630231857299805e-04
4.628658294677734375e-03,1.318192481994628906e-02,-8.869767189025878906e-04
4.557609558105468750e-03,1.324510574340820312e-02,-8.427500724792480469e-04
4.503846168518066406e-03,1.328384876251220703e-02,-7.844716310501098633e-04
4.435539245605468750e-03,1.331496238708496094e-02,-7.383078336715698242e-04
4.356622695922851562e-03,1.335406303405761719e-02,-7.019340991973876953e-04
4.281759262084960938e-03,1.339268684387207031e-02,-6.712526082992553711e-04
4.197239875793457031e-03,1.344501972198486328e-02,-6.515383720397949219e-04
4.104256629943847656e-03,1.339459419250488281e-02,-6.146430969238281250e-04
4.080176353454589844e-03,1.335287094116210938e-02,-6.079673767089843750e-04
4.071950912475585938e-03,1.339006423950195312e-02,-6.098300218582153320e-04
4.108667373657226562e-03,1.340317726135253906e-02,-6.122887134552001953e-04
4.152536392211914062e-03,1.340115070343017578e-02,-6.195157766342163086e-04
4.214048385620117188e-03,1.340508460998535156e-02,-6.457716226577758789e-04
4.278898239135742188e-03,1.341414451599121094e-02,-6.637722253799438477e-04
4.366517066955566406e-03,1.340579986572265625e-02,-6.811618804931640625e-04
4.416227340698242188e-03,1.341772079467773438e-02,-6.707757711410522461e-04
4.477381706237792969e-03,1.343369483947753906e-02,-6.604939699172973633e-04
4.600882530212402344e-03,1.338434219360351562e-02,-6.659328937530517578e-04
4.716873168945312500e-03,1.334416866302490234e-02,-6.582289934158325195e-04
4.824638366699218750e-03,1.329588890075683594e-02,-6.168931722640991211e-04
4.932641983032226562e-03,1.328492164611816406e-02,-5.795210599899291992e-04
5.027294158935546875e-03,1.329219341278076172e-02,-5.359351634979248047e-04
5.105137825012207031e-03,1.327657699584960938e-02,-5.079209804534912109e-04
5.231976509094238281e-03,1.320314407348632812e-02,-4.745721817016601562e-04
5.346536636352539062e-03,1.312184333801269531e-02,-4.351139068603515625e-04
5.464911460876464844e-03,1.301932334899902344e-02,-4.085004329681396484e-04
5.605816841125488281e-03,1.291310787200927734e-02,-4.069209098815917969e-04
5.713939666748046875e-03,1.279258728027343750e-02,-3.880709409713745117e-04
5.828857421875000000e-03,1.270890235900878906e-02,-3.708899021148681641e-04
5.976676940917968750e-03,1.262819766998291016e-02,-3.601610660552978516e-04
6.095170974731445312e-03,1.256394386291503906e-02,-3.633201122283935547e-04
6.180644035339355469e-03,1.250350475311279297e-02,-3.749579191207885742e-04
6.267786026000976562e-03,1.237654685974121094e-02,-3.007054328918457031e-04
6.357789039611816406e-03,1.225578784942626953e-02,-2.594888210296630859e-04
6.531834602355957031e-03,1.210033893585205078e-02,-2.041906118392944336e-04
6.715297698974609375e-03,1.194047927856445312e-02,-1.745522022247314453e-04
6.868481636047363281e-03,1.182842254638671875e-02,-1.634210348129272461e-04
