2.400480397045612335e-02
2.400480397045612335e-02
2.436752431094646454e-02
2.379474602639675140e-02
2.413216419517993927e-02
2.479043230414390564e-02
2.540767937898635864e-02
2.612539753317832947e-02
2.688626199960708618e-02
2.747788093984127045e-02
2.804948948323726654e-02
2.851003408432006836e-02
2.858108282089233398e-02
2.874969132244586945e-02
2.920391969382762909e-02
2.962783537805080414e-02
2.999069914221763611e-02
3.021639958024024963e-02
3.027390316128730774e-02
3.046041168272495270e-02
3.036472946405410767e-02
3.038428351283073425e-02
3.031041286885738373e-02
3.018617257475852966e-02
3.006612323224544525e-02
3.025893308222293854e-02
3.049989603459835052e-02
3.098823502659797668e-02
3.132713958621025085e-02
3.169143572449684143e-02
3.188288584351539612e-02
3.185975179076194763e-02
3.188056871294975281e-02
3.192987293004989624e-02
3.186907619237899780e-02
3.185239806771278381e-02
3.186444938182830811e-02
3.176874667406082153e-02
3.164399042725563049e-02
3.161218762397766113e-02
3.164580091834068298e-02
3.171058744192123413e-02
3.178196027874946594e-02
3.193951770663261414e-02
3.203995525836944580e-02
3.217006847262382507e-02
3.224209323525428772e-02
3.234454244375228882e-02
3.239999338984489441e-02
3.238755837082862854e-02
3.287556022405624390e-02
3.273993358016014099e-02
3.262870386242866516e-02
3.253210708498954773e-02
3.244766220450401306e-02
3.235252946615219116e-02
3.216470777988433838e-02
3.193650767207145691e-02
3.169279173016548157e-02
3.148909658193588257e-02
3.132805973291397095e-02
3.112076036632061005e-02
3.087216243147850037e-02
3.062436543405056000e-02
3.037883900105953217e-02
3.018904104828834534e-02
3.007560595870018005e-02
2.997437305748462677e-02
2.988948486745357513e-02
2.978905476629734039e-02
2.968798950314521790e-02
2.960745058953762054e-02
2.951039187610149384e-02
2.940599992871284485e-02
2.925960347056388855e-02
2.908974513411521912e-02
2.897929027676582336e-02
2.883555740118026733e-02
2.871076948940753937e-02
2.857737615704536438e-02
2.842940390110015869e-02
2.831421606242656708e-02
2.819479629397392273e-02
2.805056422948837280e-02
2.791881561279296875e-02
2.777791582047939301e-02
2.761289291083812714e-02
2.748813666403293610e-02
2.740403264760971069e-02
2.728678844869136810e-02
2.719969861209392548e-02
2.707405947148799896e-02
2.685551159083843231e-02
2.653465978801250458e-02
2.617169916629791260e-02
2.580067515373229980e-02
2.544102445244789124e-02
2.508701197803020477e-02
2.473630011081695557e-02
2.448276057839393616e-02
2.423807047307491302e-02
2.396792359650135040e-02
2.365622110664844513e-02
2.331947349011898041e-02
2.297622524201869965e-02
2.271415293216705322e-02
2.250677160918712616e-02
2.234710194170475006e-02
2.226113528013229370e-02
2.224090509116649628e-02
2.225158922374248505e-02
2.228756807744503021e-02
2.222625352442264557e-02
2.208851836621761322e-02
2.192294038832187653e-02
2.180140651762485504e-02
2.167577482759952545e-02
2.153369784355163574e-02
2.140629105269908905e-02
2.136914990842342377e-02
2.129247225821018219e-02
2.125685289502143860e-02
2.112381532788276672e-02
2.100617811083793640e-02
2.093118801712989807e-02
2.096434123814105988e-02
2.099426463246345520e-02
2.102688513696193695e-02
2.107330970466136932e-02
2.111101709306240082e-02
2.108064852654933929e-02
2.108342573046684265e-02
2.106365375220775604e-02
2.094392850995063782e-02
2.081714384257793427e-02
2.070837281644344330e-02
2.065462432801723480e-02
2.056935057044029236e-02
2.050252445042133331e-02
2.037674374878406525e-02
2.019824273884296417e-02
2.005651965737342834e-02
1.994902826845645905e-02
1.979369670152664185e-02
1.955424062907695770e-02
1.931185647845268250e-02
1.908018626272678375e-02
1.870979741215705872e-02
1.836735010147094727e-02
1.806644164025783539e-02
1.776505075395107269e-02
1.752443797886371613e-02
1.717343553900718689e-02
1.687848009169101715e-02
1.644877530634403229e-02
1.604514569044113159e-02
1.571547985076904297e-02
1.536289602518081665e-02
1.502564549446105957e-02
1.471666712313890457e-02
1.445557363331317902e-02
1.425005402415990829e-02
1.397008635103702545e-02
1.378137432038784027e-02
1.361188013106584549e-02
1.343525387346744537e-02
1.323889195919036865e-02
1.305967383086681366e-02
1.294405478984117508e-02
1.287477836012840271e-02
1.282615214586257935e-02
1.281523331999778748e-02
1.274452637881040573e-02
1.262356340885162354e-02
1.250150334089994431e-02
1.246805768460035324e-02
1.250597182661294937e-02
1.250541675835847855e-02
1.252066344022750854e-02
1.258474122732877731e-02
1.259519811719655991e-02
1.257918030023574829e-02
1.262857764959335327e-02
1.263401936739683151e-02
1.266404055058956146e-02
1.276333443820476532e-02
1.284074969589710236e-02
1.277532707899808884e-02
1.269906293600797653e-02
1.254990883171558380e-02
1.228817086666822433e-02
1.196036394685506821e-02
1.163620594888925552e-02
1.133524440228939056e-02
1.103495620191097260e-02
1.074141263961791992e-02
1.043250411748886108e-02
1.017952989786863327e-02
9.995717555284500122e-03
9.870577603578567505e-03
9.729918092489242554e-03
9.515588171780109406e-03
9.377216920256614685e-03
9.411022998392581940e-03
9.530595503747463226e-03
9.641534648835659027e-03
9.764020331203937531e-03
9.935875423252582550e-03
9.935333393514156342e-03
1.000120490789413452e-02
1.006370130926370621e-02
1.006750855594873428e-02
1.013338845223188400e-02
1.020889263600111008e-02
1.019176375120878220e-02
1.004705671221017838e-02
9.898050688207149506e-03
9.695997461676597595e-03
9.423428215086460114e-03
9.106528945267200470e-03
8.825679309666156769e-03
8.571157231926918030e-03
8.360099047422409058e-03
8.110143244266510010e-03
7.928571663796901703e-03
7.493653334677219391e-03
7.108087185770273209e-03
6.827841978520154953e-03
6.684952881187200546e-03
6.508945487439632416e-03
6.417261902242898941e-03
6.387776695191860199e-03
6.421246565878391266e-03
6.436014082282781601e-03
6.489296909421682358e-03
6.552782375365495682e-03
6.642344407737255096e-03
6.718949414789676666e-03
6.817806046456098557e-03
6.961795501410961151e-03
7.246792316436767578e-03
7.442861795425415039e-03
7.573027629405260086e-03
7.662469055503606796e-03
7.687148172408342361e-03
7.667105644941329956e-03
7.581480778753757477e-03
7.487034425139427185e-03
7.353996392339468002e-03
7.252803072333335876e-03
7.087324280291795731e-03
6.786190439015626907e-03
6.612630095332860947e-03
6.421272642910480499e-03
6.184017285704612732e-03
6.037516053766012192e-03
5.939155351370573044e-03
5.867490544915199280e-03
5.841088946908712387e-03
5.888146813958883286e-03
5.906115286052227020e-03
5.802343133836984634e-03
5.719608161598443985e-03
5.725222639739513397e-03
5.871688015758991241e-03
6.124125793576240540e-03
6.388014648109674454e-03
6.636423058807849884e-03
6.802015006542205811e-03
6.918368861079216003e-03
6.835882551968097687e-03
6.759353447705507278e-03
6.603898946195840836e-03
6.507119163870811462e-03
6.363020278513431549e-03
6.196917966008186340e-03
5.996171850711107254e-03
5.763210356235504150e-03
6.028112955391407013e-03
6.281944923102855682e-03
6.312749348580837250e-03
6.338553968816995621e-03
6.439627613872289658e-03
6.471020635217428207e-03
6.540725938975811005e-03
6.622194312512874603e-03
6.650222931057214737e-03
6.551945116370916367e-03
6.470612715929746628e-03
6.399761885404586792e-03
6.340491585433483124e-03
6.323955021798610687e-03
6.264578085392713547e-03
6.177341565489768982e-03
6.041751243174076080e-03
5.890323780477046967e-03
5.718677304685115814e-03
5.572158377617597580e-03
5.470985081046819687e-03
5.322186741977930069e-03
5.257999524474143982e-03
5.319129209965467453e-03
5.379437934607267380e-03
5.471272394061088562e-03
5.578531417995691299e-03
5.607639439404010773e-03
5.648886784911155701e-03
5.663073156028985977e-03
5.619552917778491974e-03
5.622189957648515701e-03
5.609992891550064087e-03
5.656505469232797623e-03
5.654878914356231689e-03
5.643772426992654800e-03
5.618995055556297302e-03
5.641155410557985306e-03
5.577170290052890778e-03
5.451170727610588074e-03
5.272209178656339645e-03
5.089561920613050461e-03
5.006858613342046738e-03
4.895059391856193542e-03
4.830864258110523224e-03
4.814270883798599243e-03
4.854855593293905258e-03
4.932067357003688812e-03
5.019226577132940292e-03
5.117191001772880554e-03
5.169670097529888153e-03
5.145852454006671906e-03
5.060860887169837952e-03
4.898831248283386230e-03
4.713447298854589462e-03
4.575570579618215561e-03
4.522858653217554092e-03
4.460282623767852783e-03
4.451712127774953842e-03
4.575079772621393204e-03
4.736981820315122604e-03
4.874456673860549927e-03
4.993275273591279984e-03
5.027654580771923065e-03
5.021617282181978226e-03
4.955957178026437759e-03
4.880015272647142410e-03
4.792007617652416229e-03
4.707848187536001205e-03
4.679252393543720245e-03
4.648773465305566788e-03
4.657604731619358063e-03
4.682797938585281372e-03
4.676164127886295319e-03
4.651110619306564331e-03
4.581846296787261963e-03
4.525356460362672806e-03
4.548861179500818253e-03
4.543648567050695419e-03
4.507932811975479126e-03
4.491890314966440201e-03
4.387241788208484650e-03
4.334071651101112366e-03
4.348545335233211517e-03
4.353494849056005478e-03
4.434642381966114044e-03
4.436052870005369186e-03
4.462081473320722580e-03
4.539674147963523865e-03
4.659535828977823257e-03
4.849914927035570145e-03
5.083646159619092941e-03
5.272634793072938919e-03
5.468403920531272888e-03
5.517354700714349747e-03
5.579594057053327560e-03
5.573622882366180420e-03
5.547552369534969330e-03
5.522626452147960663e-03
5.400473251938819885e-03
5.203523207455873489e-03
4.941383376717567444e-03
4.584338515996932983e-03
4.330867901444435120e-03
4.236234351992607117e-03
4.254782106727361679e-03
4.354598931968212128e-03
4.478530026972293854e-03
4.609775263816118240e-03
4.729724954813718796e-03
4.834851250052452087e-03
4.982410930097103119e-03
5.173812154680490494e-03
5.442611407488584518e-03
5.604954902082681656e-03
6.206958089023828506e-03
6.619615014642477036e-03
6.987785454839468002e-03
7.204715162515640259e-03
7.320924196392297745e-03
7.369626779109239578e-03
7.404270116239786148e-03
7.387136574834585190e-03
7.217091042548418045e-03
6.991790607571601868e-03
6.763901561498641968e-03
6.547409109771251678e-03
6.440522614866495132e-03
6.316110026091337204e-03
6.243905983865261078e-03
6.134289782494306564e-03
6.123617757111787796e-03
6.201690528541803360e-03
6.532742641866207123e-03
6.798673886805772781e-03
6.966337561607360840e-03
7.073423825204372406e-03
7.116081658750772476e-03
7.094767875969409943e-03
7.044688332825899124e-03
6.931620184332132339e-03
6.807622034102678299e-03
6.708770524710416794e-03
6.639395374804735184e-03
6.527706515043973923e-03
6.461391691118478775e-03
6.444276776164770126e-03
6.401315797120332718e-03
6.351124495267868042e-03
6.314829457551240921e-03
6.332278717309236526e-03
6.340201012790203094e-03
6.379447411745786667e-03
6.347678136080503464e-03
6.323105655610561371e-03
6.252370774745941162e-03
6.164310965687036514e-03
6.086019333451986313e-03
6.030022166669368744e-03
6.025793496519327164e-03
5.994305014610290527e-03
5.979436449706554413e-03
5.963779520243406296e-03
5.955184344202280045e-03
5.965929944068193436e-03
5.964502226561307907e-03
5.940397735685110092e-03
5.924476310610771179e-03
5.906616803258657455e-03
5.876357201486825943e-03
5.788779817521572113e-03
5.671330727636814117e-03
5.562106613069772720e-03
5.445054266601800919e-03
5.363945849239826202e-03
5.308507010340690613e-03
5.330792628228664398e-03
5.409836769104003906e-03
5.499598570168018341e-03
5.615612491965293884e-03
5.726742092519998550e-03
5.829198751598596573e-03
5.923026241362094879e-03
5.955947563052177429e-03
5.892870947718620300e-03
5.849493201822042465e-03
5.801652558147907257e-03
5.702715367078781128e-03
5.546574480831623077e-03
5.419516935944557190e-03
5.304439924657344818e-03
5.225985310971736908e-03
5.199507344514131546e-03
5.179770290851593018e-03
5.180030129849910736e-03
5.267334170639514923e-03
5.336910486221313477e-03
5.372352432459592819e-03
5.349648185074329376e-03
5.316261667758226395e-03
5.224637687206268311e-03
5.126621574163436890e-03
4.980895668268203735e-03
4.848090931773185730e-03
4.764581099152565002e-03
4.722104407846927643e-03
4.674642812460660934e-03
4.710777197033166885e-03
4.784869030117988586e-03
4.922940861433744431e-03
5.029689986258745193e-03
4.319145809859037399e-03
3.808108391240239143e-03
3.484549466520547867e-03
3.271482419222593307e-03
3.121426794677972794e-03
2.968675689771771431e-03
2.832407597452402115e-03
2.723921323195099831e-03
2.612880896776914597e-03
2.492145868018269539e-03
2.408786909654736519e-03
2.282425295561552048e-03
2.257945016026496887e-03
2.280492102727293968e-03
2.237073611468076706e-03
2.116307383403182030e-03
2.044667955487966537e-03
1.980800414457917213e-03
1.932558254338800907e-03
1.949992845766246319e-03
1.998750725761055946e-03
2.080077305436134338e-03
2.158091170713305473e-03
2.264075446873903275e-03
2.327677793800830841e-03
2.371066948398947716e-03
2.423750702291727066e-03
2.518754219636321068e-03
2.648996654897928238e-03
2.808572025969624519e-03
3.001764183863997459e-03
3.232725197449326515e-03
3.517195582389831543e-03
3.770518116652965546e-03
4.049380775541067123e-03
4.338012542575597763e-03
4.568078089505434036e-03
4.721584729850292206e-03
4.856209736317396164e-03
4.993062932044267654e-03
5.088875535875558853e-03
5.225259810686111450e-03
5.218748468905687332e-03
5.293905269354581833e-03
5.309590604156255722e-03
5.368235055357217789e-03
5.489117465913295746e-03
5.585191771388053894e-03
5.657033994793891907e-03
5.739168263971805573e-03
5.771213211119174957e-03
5.788641516119241714e-03
5.849286448210477829e-03
5.910594016313552856e-03
6.026754155755043030e-03
6.120322272181510925e-03
6.208122707903385162e-03
6.338892038911581039e-03
6.408037152141332626e-03
6.535569671541452408e-03
6.661692634224891663e-03
6.745442748069763184e-03
6.806558929383754730e-03
6.810510996729135513e-03
6.914755329489707947e-03
7.054166868329048157e-03
7.252494804561138153e-03
7.448646239936351776e-03
7.471639197319746017e-03
7.556122262030839920e-03
7.618731819093227386e-03
7.693499792367219925e-03
7.724141702055931091e-03
7.813282310962677002e-03
7.840286009013652802e-03
7.920031435787677765e-03
7.963594980537891388e-03
7.985730655491352081e-03
7.937873713672161102e-03
7.921782322227954865e-03
7.889031432569026947e-03
7.860473357141017914e-03
7.818161509931087494e-03
7.773591671139001846e-03
7.759684696793556213e-03
7.815271615982055664e-03
7.891358807682991028e-03
7.961958646774291992e-03
8.033518679440021515e-03
8.111494593322277069e-03
8.142910897731781006e-03
8.179880678653717041e-03
8.165387436747550964e-03
8.132998831570148468e-03
8.123190142214298248e-03
8.114963769912719727e-03
8.133093826472759247e-03
8.113251067698001862e-03
8.152049034833908081e-03
8.210812695324420929e-03
8.288441225886344910e-03
8.321253582835197449e-03
8.350141346454620361e-03
8.406044915318489075e-03
8.442001417279243469e-03
8.466823026537895203e-03
8.552546612918376923e-03
8.760187774896621704e-03
9.002464823424816132e-03
9.275209158658981323e-03
9.544254280626773834e-03
9.842672385275363922e-03
1.005936786532402039e-02
1.025325804948806763e-02
1.042541302740573883e-02
1.055948995053768158e-02
1.060042530298233032e-02
1.058227196335792542e-02
1.053307298570871353e-02
1.041071023792028427e-02
1.025099959224462509e-02
1.012547034770250320e-02
9.965019300580024719e-03
9.815054945647716522e-03
9.712795726954936981e-03
9.594293311238288879e-03
9.513746947050094604e-03
9.423291310667991638e-03
9.354746900498867035e-03
9.255398996174335480e-03
9.150690399110317230e-03
9.178513661026954651e-03
9.197934530675411224e-03
9.195464663207530975e-03
9.049458429217338562e-03
8.613905869424343109e-03
8.215070702135562897e-03
7.891394197940826416e-03
7.675300817936658859e-03
7.466142531484365463e-03
7.365800905972719193e-03
7.340379059314727783e-03
7.333232089877128601e-03
7.336818613111972809e-03
7.346925325691699982e-03
7.394147105515003204e-03
7.485769689083099365e-03
7.606309838593006134e-03
7.760601118206977844e-03
7.854267023503780365e-03
7.964478805661201477e-03
7.931975647807121277e-03
7.927343249320983887e-03
7.983536459505558014e-03
8.068753406405448914e-03
8.110081776976585388e-03
8.146527223289012909e-03
8.263360708951950073e-03
8.344930596649646759e-03
8.429598994553089142e-03
8.504594676196575165e-03
8.712050504982471466e-03
8.911903016269207001e-03
9.141447953879833221e-03
9.361141361296176910e-03
9.550651535391807556e-03
9.722606278955936432e-03
9.878124110400676727e-03
1.007859967648983002e-02
1.024187635630369186e-02
1.036336831748485565e-02
1.044734008610248566e-02
1.054258365184068680e-02
1.062590628862380981e-02
1.069520413875579834e-02
1.078337710350751877e-02
1.086691953241825104e-02
1.099594589322805405e-02
1.110657583922147751e-02
1.120458543300628662e-02
1.126649044454097748e-02
1.132611930370330811e-02
1.131398230791091919e-02
1.131271664053201675e-02
1.129830721765756607e-02
1.125350780785083771e-02
1.120047178119421005e-02
1.113295275717973709e-02
1.098702289164066315e-02
1.083177793771028519e-02
1.068004034459590912e-02
1.059059891849756241e-02
1.051066443324089050e-02
1.040394045412540436e-02
1.035778783261775970e-02
1.029064785689115524e-02
1.022670324891805649e-02
1.020555198192596436e-02
1.019654050469398499e-02
1.017264649271965027e-02
1.011820416897535324e-02
1.007365249097347260e-02
1.004355866461992264e-02
1.003014482557773590e-02
1.000178977847099304e-02
1.000580657273530960e-02
1.004098448902368546e-02
1.008320692926645279e-02
1.015322934836149216e-02
1.021890062838792801e-02
1.028315443545579910e-02
1.031896099448204041e-02
1.033079996705055237e-02
1.034637168049812317e-02
1.031938660889863968e-02
1.030928827822208405e-02
1.030516717582941055e-02
1.027808152139186859e-02
1.025038864463567734e-02
1.021147891879081726e-02
1.016924716532230377e-02
1.014150213450193405e-02
1.014106441289186478e-02
1.010909955948591232e-02
1.005596760660409927e-02
1.007843203842639923e-02
1.007744204252958298e-02
1.005239598453044891e-02
1.004110835492610931e-02
1.003319490700960159e-02
1.000247802585363388e-02
9.994710795581340790e-03
9.960560128092765808e-03
9.952433407306671143e-03
9.960444644093513489e-03
9.974285028874874115e-03
1.001691073179244995e-02
1.010074187070131302e-02
1.015140675008296967e-02
1.024265587329864502e-02
1.032970659434795380e-02
1.038640923798084259e-02
1.047559455037117004e-02
1.056854799389839172e-02
1.067068800330162048e-02
1.069950219243764877e-02
1.071305479854345322e-02
1.070135273039340973e-02
1.072326023131608963e-02
1.075607258826494217e-02
1.079463306814432144e-02
1.082777138799428940e-02
1.082888618111610413e-02
1.083440240472555161e-02
1.084499433636665344e-02
1.085441187024116516e-02
1.087521295994520187e-02
1.086003798991441727e-02
1.087902858853340149e-02
1.090246904641389847e-02
1.090759504586458206e-02
1.094237901270389557e-02
1.098708156496286392e-02
1.100004184991121292e-02
1.102345902472734451e-02
1.108082383871078491e-02
1.108082383871078491e-02
1.108082383871078491e-02
1.118016522377729416e-02
1.129165198653936386e-02
1.141657400876283646e-02
1.150682661682367325e-02
1.163115166127681732e-02
1.169033721089363098e-02
1.170061063021421432e-02
1.182649098336696625e-02
1.191468816250562668e-02
1.195331383496522903e-02
1.196933351457118988e-02
1.193439960479736328e-02
1.186841726303100586e-02
1.178352348506450653e-02
1.169338263571262360e-02
1.159721799194812775e-02
1.152810268104076385e-02
1.146397832781076431e-02
1.137585099786520004e-02
1.131094153970479965e-02
1.122364774346351624e-02
1.115288957953453064e-02
1.108165271580219269e-02
1.099749747663736343e-02
1.089529972523450851e-02
1.080263033509254456e-02
1.037378888577222824e-02
1.010233536362648010e-02
9.973061271011829376e-03
9.925671853125095367e-03
9.935703128576278687e-03
9.992738254368305206e-03
1.007825881242752075e-02
1.027499046176671982e-02
1.049550436437129974e-02
1.070235855877399445e-02
1.089588832110166550e-02
1.104924641549587250e-02
1.117262616753578186e-02
1.126426365226507187e-02
1.130297593772411346e-02
1.133797969669103622e-02
1.134032197296619415e-02
1.131630316376686096e-02
1.128267403692007065e-02
1.121895015239715576e-02
1.115604490041732788e-02
1.108484994620084763e-02
1.101795770227909088e-02
1.087335310876369476e-02
1.075682323426008224e-02
1.065172068774700165e-02
1.057423278689384460e-02
1.051399856805801392e-02
1.048481650650501251e-02
1.047943066805601120e-02
1.046722661703824997e-02
1.046526432037353516e-02
1.044755335897207260e-02
1.044830493628978729e-02
1.043077092617750168e-02
1.040669251233339310e-02
1.038274820894002914e-02
1.034148130565881729e-02
1.029647793620824814e-02
1.022855564951896667e-02
1.014829054474830627e-02
1.007121335715055466e-02
1.001684926450252533e-02
9.965906850993633270e-03
9.932854212820529938e-03
9.897206909954547882e-03
9.868189692497253418e-03
9.851240552961826324e-03
9.834950789809226990e-03
9.808600880205631256e-03
9.780313819646835327e-03
9.748036973178386688e-03
9.708805009722709656e-03
9.668725542724132538e-03
9.612730704247951508e-03
9.564189240336418152e-03
9.514018893241882324e-03
9.473302401602268219e-03
9.438571520149707794e-03
9.422693401575088501e-03
9.410847909748554230e-03
9.407266974449157715e-03
9.401070885360240936e-03
9.399149566888809204e-03
9.450191631913185120e-03
9.486313909292221069e-03
9.528158232569694519e-03
9.553055278956890106e-03
9.562254883348941803e-03
9.564182721078395844e-03
9.561988525092601776e-03
9.556489996612071991e-03
9.525973349809646606e-03
9.475965984165668488e-03
9.421373717486858368e-03
9.369106031954288483e-03
9.307867847383022308e-03
9.263390675187110901e-03
9.228225797414779663e-03
9.192863479256629944e-03
9.154844097793102264e-03
9.129518643021583557e-03
9.114957414567470551e-03
9.109446778893470764e-03
9.108826518058776855e-03
9.114192798733711243e-03
9.134301915764808655e-03
9.143024682998657227e-03
9.145192801952362061e-03
9.139408357441425323e-03
9.159968234598636627e-03
9.162320755422115326e-03
9.085676632821559906e-03
9.021840058267116547e-03
8.955369703471660614e-03
8.903576061129570007e-03
8.866443298757076263e-03
8.835987187922000885e-03
8.809141814708709717e-03
8.787023834884166718e-03
8.731520734727382660e-03
8.667010813951492310e-03
8.588055148720741272e-03
8.511762134730815887e-03
8.441170677542686462e-03
8.361797779798507690e-03
8.278620429337024689e-03
8.204241283237934113e-03
8.132818154990673065e-03
8.052315562963485718e-03
7.958834990859031677e-03
7.895573973655700684e-03
7.818001322448253632e-03
7.748638279736042023e-03
7.673235610127449036e-03
7.626256905496120453e-03
7.578506600111722946e-03
7.545345462858676910e-03
7.520838640630245209e-03
7.487236987799406052e-03
7.453944999724626541e-03
7.416080217808485031e-03
7.379625458270311356e-03
7.334729656577110291e-03
7.285986561328172684e-03
7.236653473228216171e-03
7.178719155490398407e-03
7.127771154046058655e-03
7.073103450238704681e-03
7.013161666691303253e-03
6.961930543184280396e-03
6.923944223672151566e-03
6.877289153635501862e-03
6.843354087322950363e-03
6.819632370024919510e-03
6.829726044088602066e-03
6.847819313406944275e-03
6.868978030979633331e-03
6.875602528452873230e-03
6.885606329888105392e-03
6.891442928463220596e-03
6.882173009216785431e-03
6.846891716122627258e-03
6.804619915783405304e-03
6.771659944206476212e-03
6.731663830578327179e-03
6.694038864225149155e-03
6.652908399701118469e-03
6.618784274905920029e-03
6.604184396564960480e-03
6.602029781788587570e-03
6.617954932153224945e-03
6.630708929151296616e-03
6.643505766987800598e-03
6.665249820798635483e-03
6.683865562081336975e-03
6.699623540043830872e-03
6.699014455080032349e-03
6.701877340674400330e-03
6.711401510983705521e-03
6.720898207277059555e-03
6.718832533806562424e-03
6.706940475851297379e-03
6.689325440675020218e-03
6.659334525465965271e-03
6.623983848839998245e-03
6.647688802331686020e-03
6.667335983365774155e-03
6.702888291329145432e-03
6.757018622010946274e-03
6.820878013968467712e-03
6.881486624479293823e-03
6.946520414203405380e-03
7.017381954938173294e-03
7.083359640091657639e-03
7.165084127336740494e-03
7.240992039442062378e-03
7.296023890376091003e-03
7.335151080042123795e-03
7.365473080426454544e-03
7.379210088402032852e-03
7.382102776318788528e-03
7.354327011853456497e-03
7.306151092052459717e-03
7.256401237100362778e-03
7.211280055344104767e-03
7.174246478825807571e-03
7.122418377548456192e-03
7.090486586093902588e-03
7.056500762701034546e-03
7.053873501718044281e-03
7.058334536850452423e-03
7.072078995406627655e-03
7.092972751706838608e-03
7.120204158127307892e-03
7.113632746040821075e-03
7.119198329746723175e-03
7.153669372200965881e-03
7.175842765718698502e-03
7.184225600212812424e-03
7.195081561803817749e-03
7.201438769698143005e-03
7.205174770206212997e-03
7.227909751236438751e-03
7.254078518599271774e-03
7.287513930350542068e-03
7.324529811739921570e-03
7.333485875278711319e-03
7.353946566581726074e-03
7.373612839728593826e-03
7.405930198729038239e-03
7.417361252009868622e-03
7.382610347121953964e-03
7.360104937106370926e-03
7.345467805862426758e-03
7.345761638134717941e-03
7.341759279370307922e-03
