3.026592917740345001e-02
2.903817594051361084e-02
2.806514874100685120e-02
2.721828781068325043e-02
2.658220008015632629e-02
2.609908208250999451e-02
2.555529586970806122e-02
2.504966035485267639e-02
2.446226775646209717e-02
2.400154806673526764e-02
2.377917058765888214e-02
2.343743108212947845e-02
2.312481403350830078e-02
2.254587225615978241e-02
2.201796881854534149e-02
2.149356901645660400e-02
2.092674933373928070e-02
2.051429823040962219e-02
2.027754671871662140e-02
2.012925222516059875e-02
2.008553780615329742e-02
2.007824368774890900e-02
2.015576884150505066e-02
2.013668790459632874e-02
2.004703134298324585e-02
1.989812590181827545e-02
1.981739327311515808e-02
1.990237087011337280e-02
2.007775940001010895e-02
2.029092237353324890e-02
2.073101140558719635e-02
2.115069329738616943e-02
2.144308760762214661e-02
2.156470343470573425e-02
2.155811712145805359e-02
2.144829370081424713e-02
2.112229727208614349e-02
2.065705694258213043e-02
2.007971331477165222e-02
1.948942989110946655e-02
1.886730268597602844e-02
1.823218725621700287e-02
1.772573590278625488e-02
1.717342995107173920e-02
1.658998988568782806e-02
1.595043390989303589e-02
1.542740128934383392e-02
1.497076824307441711e-02
1.478513050824403763e-02
1.450189668685197830e-02
1.449224166572093964e-02
1.446558069437742233e-02
1.457901857793331146e-02
1.458632480353116989e-02
1.459256280213594437e-02
1.475515961647033691e-02
1.485790964215993881e-02
1.488229166716337204e-02
1.495125144720077515e-02
1.508362963795661926e-02
1.527863368391990662e-02
1.566251739859580994e-02
1.605791412293910980e-02
1.653411611914634705e-02
1.705468446016311646e-02
1.729863509535789490e-02
1.742546819150447845e-02
1.779905147850513458e-02
1.806169934570789337e-02
1.828831061720848083e-02
1.847825013101100922e-02
1.857071928679943085e-02
1.826032251119613647e-02
1.783771067857742310e-02
1.742852106690406799e-02
1.708862744271755219e-02
1.672076620161533356e-02
1.644503697752952576e-02
1.620791479945182800e-02
1.608041860163211823e-02
1.624369248747825623e-02
1.650859415531158447e-02
1.682266592979431152e-02
1.713238842785358429e-02
1.734624803066253662e-02
1.762813702225685120e-02
1.777739077806472778e-02
1.791414432227611542e-02
1.799748837947845459e-02
1.812478154897689819e-02
1.818837225437164307e-02
1.812567748129367828e-02
1.804044283926486969e-02
1.792406477034091949e-02
1.782632246613502502e-02
1.762195304036140442e-02
1.740660145878791809e-02
1.716683246195316315e-02
1.705271005630493164e-02
1.692355610430240631e-02
1.681967638432979584e-02
1.688924990594387054e-02
1.700165681540966034e-02
1.703605428338050842e-02
1.711906306445598602e-02
1.715639978647232056e-02
1.712555065751075745e-02
1.705415733158588409e-02
1.679053716361522675e-02
1.639377325773239136e-02
1.601851359009742737e-02
1.588268019258975983e-02
1.581902801990509033e-02
1.587652042508125305e-02
1.589154638350009918e-02
1.582687348127365112e-02
1.579111814498901367e-02
1.572212763130664825e-02
1.583182625472545624e-02
1.605643704533576965e-02
1.640718057751655579e-02
1.675819419324398041e-02
1.689226366579532623e-02
1.718766987323760986e-02
1.741329394280910492e-02
1.766035705804824829e-02
1.785204000771045685e-02
1.807370595633983612e-02
1.817907206714153290e-02
1.812385022640228271e-02
1.803312078118324280e-02
1.781097427010536194e-02
1.766742579638957977e-02
1.737441495060920715e-02
1.725826412439346313e-02
1.717589981853961945e-02
1.707962155342102051e-02
1.702549494802951813e-02
1.701433025300502777e-02
1.708132214844226837e-02
1.703821681439876556e-02
1.697543077170848846e-02
1.693526282906532288e-02
1.701973192393779755e-02
1.704777404665946960e-02
1.709422282874584198e-02
1.718773320317268372e-02
1.781397871673107147e-02
1.833625324070453644e-02
1.885673217475414276e-02
1.941454783082008362e-02
1.991379074752330780e-02
2.037121169269084930e-02
2.076254971325397491e-02
2.102969028055667877e-02
2.115535177290439606e-02
2.101518213748931885e-02
2.096265926957130432e-02
2.075920626521110535e-02
2.059232443571090698e-02
2.039759233593940735e-02
2.009937539696693420e-02
1.979481987655162811e-02
1.938541978597640991e-02
1.897830329835414886e-02
1.862711645662784576e-02
1.835378259420394897e-02
1.817988045513629913e-02
1.798858493566513062e-02
1.791039668023586273e-02
1.804159767925739288e-02
1.808814331889152527e-02
1.817446388304233551e-02
1.840729452669620514e-02
1.888671144843101501e-02
1.935585774481296539e-02
1.981931179761886597e-02
2.024159766733646393e-02
2.062841318547725677e-02
2.108167298138141632e-02
2.150584757328033447e-02
2.188177034258842468e-02
2.214972674846649170e-02
2.234299480915069580e-02
2.220465056598186493e-02
2.201367542147636414e-02
2.175060659646987915e-02
2.149998955428600311e-02
2.115336060523986816e-02
2.085780352354049683e-02
2.065076120197772980e-02
2.046158164739608765e-02
2.025742642581462860e-02
1.975342817604541779e-02
1.933222822844982147e-02
1.899736560881137848e-02
1.870740763843059540e-02
1.845350861549377441e-02
1.839153468608856201e-02
1.834733970463275909e-02
1.840051636099815369e-02
1.852685026824474335e-02
1.875879429280757904e-02
1.907035894691944122e-02
1.938080415129661560e-02
1.973262242972850800e-02
1.998503319919109344e-02
2.022596262395381927e-02
2.029380574822425842e-02
2.030582353472709656e-02
2.049477957189083099e-02
2.063746191561222076e-02
2.073273062705993652e-02
2.070240862667560577e-02
2.070983126759529114e-02
2.061515487730503082e-02
2.049879543483257294e-02
2.030362561345100403e-02
2.012183144688606262e-02
2.001451700925827026e-02
1.985396072268486023e-02
1.989465206861495972e-02
1.995858177542686462e-02
1.995860226452350616e-02
2.001853100955486298e-02
2.014844864606857300e-02
2.025839313864707947e-02
2.039864845573902130e-02
2.047386951744556427e-02
2.047165296971797943e-02
2.050954475998878479e-02
2.054107002913951874e-02
2.065614610910415649e-02
2.072314359247684479e-02
2.075963839888572693e-02
2.081476338207721710e-02
2.088244445621967316e-02
2.095156908035278320e-02
2.104738354682922363e-02
2.099920623004436493e-02
2.098991535604000092e-02
2.107057347893714905e-02
2.112495712935924530e-02
2.116500400006771088e-02
2.111641503870487213e-02
2.108386904001235962e-02
2.102195098996162415e-02
2.064576931297779083e-02
2.024902962148189545e-02
1.990916021168231964e-02
1.964854076504707336e-02
1.944880932569503784e-02
1.928954012691974640e-02
1.923054084181785583e-02
1.922181807458400726e-02
1.919727213680744171e-02
1.925840042531490326e-02
1.918270252645015717e-02
1.907809264957904816e-02
1.913624629378318787e-02
1.926157809793949127e-02
1.946741715073585510e-02
1.967699266970157623e-02
1.988817937672138214e-02
2.015631645917892456e-02
2.041414566338062286e-02
2.070945315062999725e-02
2.084398455917835236e-02
2.099485695362091064e-02
2.121335826814174652e-02
2.140534669160842896e-02
2.165594883263111115e-02
2.177092246711254120e-02
2.184037491679191589e-02
2.187930233776569366e-02
2.187909930944442749e-02
2.185062691569328308e-02
2.178147621452808380e-02
2.165800519287586212e-02
2.165591344237327576e-02
2.165970578789710999e-02
2.160876803100109100e-02
2.154836058616638184e-02
2.151433750987052917e-02
2.152104862034320831e-02
2.158001437783241272e-02
2.153282612562179565e-02
2.150961011648178101e-02
2.145384624600410461e-02
2.138131111860275269e-02
2.139839343726634979e-02
2.143394388258457184e-02
2.150279097259044647e-02
2.160105295479297638e-02
2.169155143201351166e-02
2.173412032425403595e-02
2.169890329241752625e-02
2.155609615147113800e-02
2.135450951755046844e-02
2.116784639656543732e-02
2.105239592492580414e-02
2.092301473021507263e-02
2.083509229123592377e-02
2.064084820449352264e-02
2.042106352746486664e-02
2.025786973536014557e-02
2.016622200608253479e-02
2.047934941947460175e-02
2.076924778521060944e-02
2.093462646007537842e-02
2.146844565868377686e-02
2.191784419119358063e-02
2.225436456501483917e-02
2.250571735203266144e-02
2.268081344664096832e-02
2.283372543752193451e-02
2.301017381250858307e-02
2.305427938699722290e-02
2.310656569898128510e-02
2.313330769538879395e-02
2.313221991062164307e-02
2.307955175638198853e-02
2.301243506371974945e-02
2.300912141799926758e-02
2.308196015655994415e-02
2.320674434304237366e-02
2.330397441983222961e-02
2.332568354904651642e-02
2.324898354709148407e-02
2.324003912508487701e-02
2.310160920023918152e-02
2.299677208065986633e-02
2.280986867845058441e-02
2.257989719510078430e-02
2.236940898001194000e-02
2.215307205915451050e-02
2.198083512485027313e-02
2.184948511421680450e-02
2.182268351316452026e-02
2.194944210350513458e-02
2.212795987725257874e-02
2.238972298800945282e-02
2.263389900326728821e-02
2.284578233957290649e-02
2.301448211073875427e-02
2.318362705409526825e-02
2.318756096065044403e-02
2.317547611892223358e-02
2.318498492240905762e-02
2.320361696183681488e-02
2.326431497931480408e-02
2.332881093025207520e-02
2.332360856235027313e-02
2.341700531542301178e-02
2.339825220406055450e-02
2.337435632944107056e-02
2.333060838282108307e-02
2.328054234385490417e-02
2.317773550748825073e-02
2.313059754669666290e-02
2.320702001452445984e-02
2.327535860240459442e-02
2.343590371310710907e-02
2.350373938679695129e-02
2.347114123404026031e-02
2.344235777854919434e-02
2.344576641917228699e-02
2.340538240969181061e-02
2.343356236815452576e-02
2.355082519352436066e-02
2.366595715284347534e-02
2.385644614696502686e-02
2.399618551135063171e-02
2.419217303395271301e-02
2.425959706306457520e-02
2.435811050236225128e-02
2.439666539430618286e-02
2.439820952713489532e-02
2.440214157104492188e-02
2.374804951250553131e-02
2.315898053348064423e-02
2.266483195126056671e-02
2.225877158343791962e-02
2.193459123373031616e-02
2.167934738099575043e-02
2.147391624748706818e-02
2.126624435186386108e-02
2.097116783261299133e-02
2.075903862714767456e-02
2.060712315142154694e-02
2.049218863248825073e-02
2.032903581857681274e-02
2.017953805625438690e-02
2.007318474352359772e-02
2.004108391702175140e-02
1.992305181920528412e-02
1.982479542493820190e-02
1.971838437020778656e-02
1.963754743337631226e-02
1.954266242682933807e-02
1.943470165133476257e-02
1.930954307317733765e-02
1.926522143185138702e-02
1.919223926961421967e-02
1.913183741271495819e-02
1.909531839191913605e-02
1.910462416708469391e-02
1.914844848215579987e-02
1.920040696859359741e-02
1.932558603584766388e-02
1.945143938064575195e-02
1.958088204264640808e-02
1.969260536134243011e-02
1.980390772223472595e-02
1.986824348568916321e-02
1.990052498877048492e-02
1.984419487416744232e-02
1.972662284970283508e-02
1.964101009070873260e-02
1.954383775591850281e-02
1.939539611339569092e-02
1.928408443927764893e-02
1.924783922731876373e-02
1.920649595558643341e-02
1.912236399948596954e-02
1.903439499437808990e-02
1.896903663873672485e-02
1.883790642023086548e-02
1.869341172277927399e-02
1.858467608690261841e-02
1.846410892903804779e-02
1.836530491709709167e-02
1.831522397696971893e-02
1.830339059233665466e-02
1.831006258726119995e-02
1.834947243332862854e-02
1.846684515476226807e-02
1.866598986089229584e-02
1.890767365694046021e-02
1.910610869526863098e-02
1.930932514369487762e-02
1.953364722430706024e-02
1.973394863307476044e-02
1.988082379102706909e-02
1.989137753844261169e-02
1.994483731687068939e-02
2.005605213344097137e-02
2.011588215827941895e-02
2.009824290871620178e-02
2.004359662532806396e-02
2.005010098218917847e-02
2.000574208796024323e-02
1.984861679375171661e-02
1.961828954517841339e-02
1.940427534282207489e-02
1.922259479761123657e-02
1.900660619139671326e-02
1.878877356648445129e-02
1.859060302376747131e-02
1.847291551530361176e-02
1.838882826268672943e-02
1.833879761397838593e-02
1.803326420485973358e-02
1.775159128010272980e-02
1.750363223254680634e-02
1.735378243029117584e-02
1.721996441483497620e-02
1.710605621337890625e-02
1.701981388032436371e-02
1.695779524743556976e-02
1.689759455621242523e-02
1.682257652282714844e-02
1.678534597158432007e-02
1.674640364944934845e-02
1.672572828829288483e-02
1.668853685259819031e-02
1.666959747672080994e-02
1.663525030016899109e-02
1.664050668478012085e-02
1.652242988348007202e-02
1.640181615948677063e-02
1.629205606877803802e-02
1.618862524628639221e-02
1.612215302884578705e-02
1.605651341378688812e-02
1.607504114508628845e-02
1.609466597437858582e-02
1.608554646372795105e-02
1.609505340456962585e-02
1.616441085934638977e-02
1.622830331325531006e-02
1.634209044277667999e-02
1.645672693848609924e-02
1.666289940476417542e-02
1.683405786752700806e-02
1.698822900652885437e-02
1.720915921032428741e-02
1.745359599590301514e-02
1.770878024399280548e-02
1.804231852293014526e-02
1.804231852293014526e-02
1.833110116422176361e-02
1.859361119568347931e-02
1.878491230309009552e-02
1.894892379641532898e-02
1.905983500182628632e-02
1.911875233054161072e-02
1.912097632884979248e-02
1.911571994423866272e-02
1.909048110246658325e-02
1.903934776782989502e-02
1.897094585001468658e-02
1.887908764183521271e-02
1.877775974571704865e-02
1.870908401906490326e-02
1.869845576584339142e-02
1.862926222383975983e-02
1.856847666203975677e-02
1.860223151743412018e-02
1.865337602794170380e-02
1.872931607067584991e-02
1.878553628921508789e-02
1.893898844718933105e-02
1.908831484615802765e-02
1.932062022387981415e-02
1.952656358480453491e-02
1.969453319907188416e-02
1.979916170239448547e-02
1.989580877125263214e-02
1.997677050530910492e-02
1.996585726737976074e-02
1.995260454714298248e-02
1.990330033004283905e-02
1.985293999314308167e-02
1.980504952371120453e-02
1.974974945187568665e-02
1.971672847867012024e-02
1.968032121658325195e-02
1.968585513532161713e-02
1.969902776181697845e-02
1.974859274923801422e-02
1.978149265050888062e-02
1.976593956351280212e-02
1.972406730055809021e-02
1.972198113799095154e-02
1.974029280245304108e-02
1.977735199034214020e-02
1.982076838612556458e-02
1.973297260701656342e-02
1.968027837574481964e-02
1.961925812065601349e-02
1.953010261058807373e-02
1.942441612482070923e-02
1.936519891023635864e-02
1.930275559425354004e-02
1.925671659409999847e-02
1.920756138861179352e-02
1.914621517062187195e-02
1.909761689603328705e-02
1.909721456468105316e-02
1.911012269556522369e-02
1.913937367498874664e-02
1.915441453456878662e-02
1.915649138391017914e-02
1.914611831307411194e-02
1.913235522806644440e-02
1.911657676100730896e-02
1.910307630896568298e-02
1.909347064793109894e-02
1.901334896683692932e-02
1.896973513066768646e-02
1.892860047519207001e-02
1.887838728725910187e-02
1.882921345531940460e-02
1.874187029898166656e-02
1.865764893591403961e-02
1.853302679955959320e-02
1.845077611505985260e-02
1.837441138923168182e-02
1.829863153398036957e-02
1.829255372285842896e-02
1.832270622253417969e-02
1.833123899996280670e-02
1.831165328621864319e-02
1.827288977801799774e-02
1.829277910292148590e-02
1.831365190446376801e-02
1.828406006097793579e-02
1.821840368211269379e-02
1.812850683927536011e-02
1.807950809597969055e-02
1.803857274353504181e-02
1.800258085131645203e-02
1.798309385776519775e-02
1.798020675778388977e-02
1.801449805498123169e-02
1.808698102831840515e-02
1.810638792812824249e-02
1.814137212932109833e-02
1.812853664159774780e-02
1.811485365033149719e-02
1.808536238968372345e-02
1.805844902992248535e-02
1.801648363471031189e-02
1.797270588576793671e-02
1.795221865177154541e-02
1.791491545736789703e-02
1.790798641741275787e-02
1.785542070865631104e-02
1.781675405800342560e-02
1.780850253999233246e-02
1.782456785440444946e-02
1.788594573736190796e-02
1.797430217266082764e-02
1.810024306178092957e-02
1.824692077934741974e-02
1.836151257157325745e-02
1.845194585621356964e-02
1.852582767605781555e-02
1.859677769243717194e-02
1.866450160741806030e-02
1.870623044669628143e-02
1.875033043324947357e-02
1.874948292970657349e-02
1.876680366694927216e-02
1.875628717243671417e-02
1.870401389896869659e-02
1.865785382688045502e-02
1.857133582234382629e-02
1.847674697637557983e-02
1.835774071514606476e-02
1.821281015872955322e-02
1.811934262514114380e-02
1.802221126854419708e-02
1.793490536510944366e-02
1.793312653899192810e-02
1.794778183102607727e-02
1.797693036496639252e-02
1.804986968636512756e-02
1.809788867831230164e-02
1.821876503527164459e-02
1.837919466197490692e-02
1.853302679955959320e-02
1.872499100863933563e-02
1.886104978621006012e-02
1.897975802421569824e-02
1.905363984405994415e-02
1.912658847868442535e-02
1.916133798658847809e-02
1.912388950586318970e-02
1.909079775214195251e-02
1.902744919061660767e-02
1.895271055400371552e-02
1.882787793874740601e-02
1.871044561266899109e-02
1.856450736522674561e-02
1.846298389136791229e-02
1.836428977549076080e-02
1.828983053565025330e-02
1.823726668953895569e-02
1.817970350384712219e-02
1.814544573426246643e-02
1.806920394301414490e-02
1.799220591783523560e-02
1.788294501602649689e-02
1.780150085687637329e-02
1.775569655001163483e-02
1.769004203379154205e-02
1.761438883841037750e-02
1.755439862608909607e-02
1.749775186181068420e-02
1.748161576688289642e-02
1.749961078166961670e-02
1.752640493214130402e-02
1.753088831901550293e-02
1.760268770158290863e-02
1.767206192016601562e-02
1.772570051252841949e-02
1.776314713060855865e-02
1.777381263673305511e-02
1.776479184627532959e-02
1.771878078579902649e-02
1.769678480923175812e-02
1.768515631556510925e-02
1.766362227499485016e-02
1.762182451784610748e-02
1.762644015252590179e-02
1.763928122818470001e-02
1.763835549354553223e-02
1.764614880084991455e-02
1.769849099218845367e-02
1.773544028401374817e-02
1.778270676732063293e-02
1.785774901509284973e-02
1.798160746693611145e-02
1.811044476926326752e-02
1.822239719331264496e-02
1.833818666636943817e-02
1.842966116964817047e-02
1.852445490658283234e-02
1.857746578752994537e-02
1.859229989349842072e-02
1.861548982560634613e-02
1.862131431698799133e-02
1.863883249461650848e-02
1.863704435527324677e-02
1.861312426626682281e-02
1.853833161294460297e-02
1.844665221869945526e-02
1.833088137209415436e-02
1.822963356971740723e-02
1.814574748277664185e-02
1.805922202765941620e-02
1.797243021428585052e-02
1.792184263467788696e-02
1.790957152843475342e-02
1.790983974933624268e-02
1.792082749307155609e-02
1.795546710491180420e-02
1.799051463603973389e-02
1.800332777202129364e-02
1.800881512463092804e-02
1.801422797143459320e-02
1.802229508757591248e-02
1.800131984055042267e-02
1.800286211073398590e-02
1.801194995641708374e-02
1.797832734882831573e-02
1.793028786778450012e-02
1.787583157420158386e-02
1.781701482832431793e-02
1.778326183557510376e-02
1.777086593210697174e-02
1.775172539055347443e-02
1.776916719973087311e-02
1.775803603231906891e-02
1.775522343814373016e-02
1.776790991425514221e-02
1.778576336801052094e-02
1.785540208220481873e-02
1.791202276945114136e-02
1.797416806221008301e-02
1.801398210227489471e-02
1.804040744900703430e-02
1.802935637533664703e-02
1.803098060190677643e-02
1.805308833718299866e-02
1.806265302002429962e-02
1.806323602795600891e-02
1.804548315703868866e-02
1.801932603120803833e-02
1.797759160399436951e-02
1.794987171888351440e-02
1.791123300790786743e-02
1.787099801003932953e-02
1.784060709178447723e-02
1.776222512125968933e-02
1.765720732510089874e-02
1.755401492118835449e-02
1.753409579396247864e-02
1.756694912910461426e-02
1.761486381292343140e-02
1.762487553060054779e-02
1.766297593712806702e-02
1.773436367511749268e-02
1.776087097823619843e-02
1.778474450111389160e-02
1.783845201134681702e-02
1.789124682545661926e-02
1.791478134691715240e-02
1.795838586986064911e-02
1.798854023218154907e-02
1.805540174245834351e-02
1.807868853211402893e-02
1.811608299612998962e-02
1.814150251448154449e-02
1.819457113742828369e-02
1.826072297990322113e-02
1.830687560141086578e-02
1.834844425320625305e-02
1.839091628789901733e-02
1.841496117413043976e-02
1.844796352088451385e-02
1.850881986320018768e-02
1.858264207839965820e-02
1.862489245831966400e-02
1.865397952497005463e-02
1.866106130182743073e-02
1.862056367099285126e-02
1.859138160943984985e-02
1.858636364340782166e-02
1.854716241359710693e-02
1.850076206028461456e-02
1.847113296389579773e-02
1.850013062357902527e-02
1.853801682591438293e-02
1.857088506221771240e-02
1.860324852168560028e-02
1.865924522280693054e-02
1.873971335589885712e-02
1.875523105263710022e-02
1.878155209124088287e-02
1.881270483136177063e-02
1.884461008012294769e-02
1.888049207627773285e-02
1.891129277646541595e-02
1.893099211156368256e-02
1.893209107220172882e-02
1.895140856504440308e-02
1.895344816148281097e-02
1.893973350524902344e-02
1.893597654998302460e-02
1.899105682969093323e-02
1.900683529675006866e-02
1.899501308798789978e-02
1.899712160229682922e-02
1.898950524628162384e-02
1.895476505160331726e-02
1.888764649629592896e-02
1.884829625487327576e-02
1.882960833609104156e-02
1.884206384420394897e-02
1.882445625960826874e-02
1.884647645056247711e-02
1.888382248580455780e-02
1.893717795610427856e-02
1.897009462118148804e-02
1.903752796351909637e-02
1.910143904387950897e-02
1.912740804255008698e-02
1.918498240411281586e-02
1.923524215817451477e-02
1.928852871060371399e-02
1.938539557158946991e-02
1.948067173361778259e-02
1.954704709351062775e-02
1.960609667003154755e-02
1.962340809404850006e-02
1.962071470916271210e-02
1.960291899740695953e-02
1.957629621028900146e-02
1.955716498196125031e-02
1.954258792102336884e-02
1.952435448765754700e-02
1.954979822039604187e-02
1.961258240044116974e-02
1.967297866940498352e-02
1.975369453430175781e-02
1.983635500073432922e-02
1.990198716521263123e-02
1.997029967606067657e-02
2.003675326704978943e-02
2.008667960762977600e-02
2.010116353631019592e-02
2.009323053061962128e-02
2.011738345026969910e-02
2.016353607177734375e-02
2.017972059547901154e-02
2.019167877733707428e-02
2.023149468004703522e-02
2.040376327931880951e-02
2.053409442305564880e-02
2.064140141010284424e-02
2.070636302232742310e-02
2.075132727622985840e-02
2.076012268662452698e-02
2.076750993728637695e-02
2.076853439211845398e-02
2.078991010785102844e-02
2.080119773745536804e-02
2.087008021771907806e-02
2.096477709710597992e-02
2.109046839177608490e-02
2.118870057165622711e-02
2.132836729288101196e-02
2.148697525262832642e-02
2.162797749042510986e-02
2.178115025162696838e-02
2.192576974630355835e-02
2.203171886503696442e-02
2.209024503827095032e-02
2.210031077265739441e-02
2.207815274596214294e-02
2.206619828939437866e-02
2.203694730997085571e-02
2.202504500746726990e-02
2.203313075006008148e-02
2.208098210394382477e-02
2.214550785720348358e-02
2.217486687004566193e-02
2.222856506705284119e-02
2.229077741503715515e-02
2.246864140033721924e-02
2.259221114218235016e-02
2.271024510264396667e-02
2.280175313353538513e-02
2.291265130043029785e-02
2.301533147692680359e-02
2.308733202517032623e-02
2.315870486199855804e-02
2.320842631161212921e-02
2.322355844080448151e-02
2.326576225459575653e-02
2.329082787036895752e-02
2.333847992122173309e-02
2.335879392921924591e-02
2.339105494320392609e-02
2.339282073080539703e-02
2.341338805854320526e-02
2.344407886266708374e-02
2.346183918416500092e-02
2.348172850906848907e-02
2.346815168857574463e-02
2.347098849713802338e-02
2.347907610237598419e-02
2.347026206552982330e-02
2.360851131379604340e-02
2.372445538640022278e-02
2.385143935680389404e-02
2.396676875650882721e-02
2.406729944050312042e-02
2.419224940240383148e-02
2.427586354315280914e-02
2.433841489255428314e-02
2.443465031683444977e-02
2.452027052640914917e-02
2.455694787204265594e-02
2.457938529551029205e-02
2.460237219929695129e-02
2.463071420788764954e-02
2.466022782027721405e-02
2.422010153532028198e-02
2.378077805042266846e-02
2.338149584829807281e-02
2.308303490281105042e-02
2.276149205863475800e-02
2.248210459947586060e-02
2.227891050279140472e-02
2.206458896398544312e-02
2.186341211199760437e-02
2.168302796781063080e-02
2.152246609330177307e-02
2.139539271593093872e-02
2.129223942756652832e-02
2.124460227787494659e-02
2.120661176741123199e-02
2.120216935873031616e-02
2.116838656365871429e-02
2.118519693613052368e-02
2.121944911777973175e-02
2.126082032918930054e-02
2.132466435432434082e-02
2.140200510621070862e-02
2.148372866213321686e-02
2.154984138906002045e-02
2.165275253355503082e-02
2.178330719470977783e-02
2.190488576889038086e-02
2.206170186400413513e-02
2.218442969024181366e-02
2.225879207253456116e-02
2.233894541859626770e-02
2.239641547203063965e-02
2.244528383016586304e-02
2.248897030949592590e-02
2.248807623982429504e-02
2.251974493265151978e-02
2.254522778093814850e-02
2.254031226038932800e-02
2.253662794828414917e-02
2.254136279225349426e-02
2.255807071924209595e-02
2.255079895257949829e-02
2.252464927732944489e-02
2.249085158109664917e-02
2.249124832451343536e-02
2.248532511293888092e-02
2.250508591532707214e-02
2.253071963787078857e-02
2.258201315999031067e-02
2.266867645084857941e-02
2.277168072760105133e-02
2.288881130516529083e-02
2.299504354596138000e-02
2.310529537498950958e-02
2.322324737906455994e-02
2.333491481840610504e-02
2.343524433672428131e-02
2.350686304271221161e-02
2.357750758528709412e-02
2.360430359840393066e-02
2.359393052756786346e-02
2.353691123425960541e-02
2.349299937486648560e-02
2.342055551707744598e-02
2.331951260566711426e-02
2.320899628102779388e-02
2.311077527701854706e-02
2.304040268063545227e-02
2.294955402612686157e-02
