1.785564422607421875e-02,7.389473915100097656e-02,-2.591350674629211426e-02
1.885557174682617188e-02,7.489466667175292969e-02,-2.691350877285003662e-02
1.984930038452148438e-02,7.470619678497314453e-02,-2.790941298007965088e-02
2.061569690704345703e-02,7.488787174224853516e-02,-2.817204594612121582e-02
2.092885971069335938e-02,7.497131824493408203e-02,-2.831926941871643066e-02
2.095115184783935547e-02,7.506406307220458984e-02,-2.798689901828765869e-02
2.052140235900878906e-02,7.528150081634521484e-02,-2.764756977558135986e-02
1.996898651123046875e-02,7.550954818725585938e-02,-2.752403914928436279e-02
1.934885978698730469e-02,7.549715042114257812e-02,-2.735681831836700439e-02
1.878273487091064453e-02,7.552611827850341797e-02,-2.700614929199218750e-02
1.874113082885742188e-02,7.520425319671630859e-02,-2.651898562908172607e-02
1.857578754425048828e-02,7.469356060028076172e-02,-2.614286541938781738e-02
1.832234859466552734e-02,7.431173324584960938e-02,-2.572397887706756592e-02
1.797223091125488281e-02,7.384896278381347656e-02,-2.530634403228759766e-02
1.750886440277099609e-02,7.340204715728759766e-02,-2.490106225013732910e-02
1.698184013366699219e-02,7.299745082855224609e-02,-2.438879013061523438e-02
1.649129390716552734e-02,7.262396812438964844e-02,-2.391435205936431885e-02
1.602280139923095703e-02,7.241404056549072266e-02,-2.337038516998291016e-02
1.563704013824462891e-02,7.219743728637695312e-02,-2.285836637020111084e-02
1.532399654388427734e-02,7.210230827331542969e-02,-2.219313383102416992e-02
1.515364646911621094e-02,7.199549674987792969e-02,-2.150313556194305420e-02
1.499128341674804688e-02,7.180464267730712891e-02,-2.091899514198303223e-02
1.471555233001708984e-02,7.159149646759033203e-02,-2.037252485752105713e-02
1.449930667877197266e-02,7.157170772552490234e-02,-1.987792551517486572e-02
1.440393924713134766e-02,7.151257991790771484e-02,-1.977300643920898438e-02
1.455795764923095703e-02,7.138240337371826172e-02,-1.967014372348785400e-02
1.473557949066162109e-02,7.126438617706298828e-02,-1.953892409801483154e-02
1.488709449768066406e-02,7.111370563507080078e-02,-1.943670213222503662e-02
1.490497589111328125e-02,7.093536853790283203e-02,-1.934137940406799316e-02
1.492869853973388672e-02,7.072949409484863281e-02,-1.923815906047821045e-02
1.509463787078857422e-02,7.054948806762695312e-02,-1.914355158805847168e-02
1.552438735961914062e-02,7.044768333435058594e-02,-1.899161934852600098e-02
1.607799530029296875e-02,7.016432285308837891e-02,-1.914553344249725342e-02
1.654207706451416016e-02,6.954193115234375000e-02,-1.945923268795013428e-02
1.694858074188232422e-02,6.896531581878662109e-02,-1.969425380229949951e-02
1.735174655914306641e-02,6.849098205566406250e-02,-1.990464329719543457e-02
1.781356334686279297e-02,6.811392307281494141e-02,-2.007465064525604248e-02
1.840269565582275391e-02,6.773316860198974609e-02,-2.036049962043762207e-02
1.893997192382812500e-02,6.745529174804687500e-02,-2.063450217247009277e-02
1.956069469451904297e-02,6.714665889739990234e-02,-2.091343700885772705e-02
2.004575729370117188e-02,6.687438488006591797e-02,-2.133238315582275391e-02
2.054381370544433594e-02,6.657040119171142578e-02,-2.170509099960327148e-02
2.093827724456787109e-02,6.630349159240722656e-02,-2.194723486900329590e-02
2.148783206939697266e-02,6.608104705810546875e-02,-2.225503325462341309e-02
2.197110652923583984e-02,6.587898731231689453e-02,-2.257248759269714355e-02
2.242231369018554688e-02,6.568837165832519531e-02,-2.291819453239440918e-02
2.292978763580322266e-02,6.552779674530029297e-02,-2.328443527221679688e-02
2.339279651641845703e-02,6.536233425140380859e-02,-2.362871170043945312e-02
2.381670475006103516e-02,6.508851051330566406e-02,-2.394872903823852539e-02
2.430415153503417969e-02,6.481707096099853516e-02,-2.420487999916076660e-02
2.478671073913574219e-02,6.459307670593261719e-02,-2.440589666366577148e-02
2.514314651489257812e-02,6.438624858856201172e-02,-2.465625107288360596e-02
2.556264400482177734e-02,6.413459777832031250e-02,-2.476222813129425049e-02
2.603375911712646484e-02,6.396782398223876953e-02,-2.488231658935546875e-02
2.649438381195068359e-02,6.382322311401367188e-02,-2.486987411975860596e-02
2.695286273956298828e-02,6.369388103485107422e-02,-2.494353055953979492e-02
2.718448638916015625e-02,6.366360187530517578e-02,-2.503761649131774902e-02
2.742528915405273438e-02,6.368756294250488281e-02,-2.488443255424499512e-02
2.760839462280273438e-02,6.376504898071289062e-02,-2.484837174415588379e-02
2.777719497680664062e-02,6.381916999816894531e-02,-2.473352849483489990e-02
2.777016162872314453e-02,6.402301788330078125e-02,-2.452911436557769775e-02
2.775704860687255859e-02,6.418406963348388672e-02,-2.432389557361602783e-02
2.766168117523193359e-02,6.441354751586914062e-02,-2.413702011108398438e-02
2.763772010803222656e-02,6.464648246765136719e-02,-2.395445108413696289e-02
2.767813205718994141e-02,6.476712226867675781e-02,-2.394446730613708496e-02
2.775895595550537109e-02,6.491947174072265625e-02,-2.389852702617645264e-02
2.781426906585693359e-02,6.509780883789062500e-02,-2.377985417842864990e-02
2.781069278717041016e-02,6.522965431213378906e-02,-2.362705767154693604e-02
2.791500091552734375e-02,6.536233425140380859e-02,-2.353866398334503174e-02
2.823042869567871094e-02,6.550741195678710938e-02,-2.338337898254394531e-02
2.851915359497070312e-02,6.556034088134765625e-02,-2.320724725723266602e-02
2.873337268829345703e-02,6.559562683105468750e-02,-2.314889430999755859e-02
2.896940708160400391e-02,6.563925743103027344e-02,-2.313356101512908936e-02
2.919089794158935547e-02,6.564998626708984375e-02,-2.303703129291534424e-02
2.917504310607910156e-02,6.564581394195556641e-02,-2.290175855159759521e-02
2.917301654815673828e-02,6.571626663208007812e-02,-2.285118401050567627e-02
2.894091606140136719e-02,6.589233875274658203e-02,-2.281425893306732178e-02
2.875351905822753906e-02,6.600773334503173828e-02,-2.284657955169677734e-02
2.855980396270751953e-02,6.616878509521484375e-02,-2.349123358726501465e-02
2.829480171203613281e-02,6.632769107818603516e-02,-2.414119243621826172e-02
2.798676490783691406e-02,6.646859645843505859e-02,-2.448540925979614258e-02
2.792489528656005859e-02,6.655192375183105469e-02,-2.484393119812011719e-02
2.788555622100830078e-02,6.670260429382324219e-02,-2.521301805973052979e-02
2.765119075775146484e-02,6.693363189697265625e-02,-2.560389041900634766e-02
2.725601196289062500e-02,6.719172000885009766e-02,-2.591246366500854492e-02
2.688920497894287109e-02,6.732153892517089844e-02,-2.627333998680114746e-02
2.652370929718017578e-02,6.750071048736572266e-02,-2.658307552337646484e-02
2.611196041107177734e-02,6.778168678283691406e-02,-2.679273486137390137e-02
2.577352523803710938e-02,6.802213191986083984e-02,-2.696856856346130371e-02
2.552080154418945312e-02,6.826293468475341797e-02,-2.703751623630523682e-02
2.538061141967773438e-02,6.848537921905517578e-02,-2.695418894290924072e-02
2.516007423400878906e-02,6.870102882385253906e-02,-2.682293951511383057e-02
2.488064765930175781e-02,6.892848014831542969e-02,-2.670212090015411377e-02
2.489161491394042969e-02,6.908309459686279297e-02,-2.665470540523529053e-02
2.479290962219238281e-02,6.923723220825195312e-02,-2.667884528636932373e-02
2.462840080261230469e-02,6.934058666229248047e-02,-2.667075395584106445e-02
2.455246448516845703e-02,6.946456432342529297e-02,-2.675981819629669189e-02
2.447772026062011719e-02,6.956219673156738281e-02,-2.687391638755798340e-02
2.439320087432861328e-02,6.965053081512451172e-02,-2.686542272567749023e-02
2.433729171752929688e-02,6.966614723205566406e-02,-2.683268487453460693e-02
2.416586875915527344e-02,6.961965560913085938e-02,-2.678853273391723633e-02
2.402269840240478516e-02,6.960844993591308594e-02,-2.673743665218353271e-02
2.386224269866943359e-02,6.948781013488769531e-02,-2.668392658233642578e-02
2.399551868438720703e-02,6.919443607330322266e-02,-2.665396034717559814e-02
2.403962612152099609e-02,6.891620159149169922e-02,-2.671214938163757324e-02
2.388572692871093750e-02,6.862521171569824219e-02,-2.667577564716339111e-02
2.361083030700683594e-02,6.826567649841308594e-02,-2.659657597541809082e-02
2.271425724029541016e-02,6.793546676635742188e-02,-2.649493515491485596e-02
2.190566062927246094e-02,6.771087646484375000e-02,-2.644366025924682617e-02
2.112960815429687500e-02,6.755232810974121094e-02,-2.639882266521453857e-02
2.050316333770751953e-02,6.743955612182617188e-02,-2.647136151790618896e-02
1.994812488555908203e-02,6.734013557434082031e-02,-2.657447755336761475e-02
1.915848255157470703e-02,6.767678260803222656e-02,-2.673028409481048584e-02
1.852917671203613281e-02,6.805992126464843750e-02,-2.682213485240936279e-02
1.791989803314208984e-02,6.839478015899658203e-02,-2.687783539295196533e-02
1.737260818481445312e-02,6.868195533752441406e-02,-2.703332901000976562e-02
1.680946350097656250e-02,6.902301311492919922e-02,-2.714954316616058350e-02
1.635169982910156250e-02,6.930387020111083984e-02,-2.722944319248199463e-02
1.594650745391845703e-02,6.951093673706054688e-02,-2.720139920711517334e-02
1.558244228363037109e-02,6.958925724029541016e-02,-2.727766335010528564e-02
1.527655124664306641e-02,6.964385509490966797e-02,-2.736920118331909180e-02
1.498162746429443359e-02,6.967473030090332031e-02,-2.736407518386840820e-02
1.461434364318847656e-02,6.970489025115966797e-02,-2.730077505111694336e-02
1.436161994934082031e-02,6.981956958770751953e-02,-2.718722820281982422e-02
1.411926746368408203e-02,6.986296176910400391e-02,-2.699393033981323242e-02
1.388466358184814453e-02,6.987822055816650391e-02,-2.680426836013793945e-02
1.363825798034667969e-02,6.983888149261474609e-02,-2.660454809665679932e-02
1.342785358428955078e-02,6.973659992218017578e-02,-2.638185024261474609e-02
1.326417922973632812e-02,6.968259811401367188e-02,-2.622947096824645996e-02
1.314055919647216797e-02,6.965541839599609375e-02,-2.603429555892944336e-02
1.307058334350585938e-02,6.981074810028076172e-02,-2.581578493118286133e-02
1.299238204956054688e-02,6.995320320129394531e-02,-2.564427256584167480e-02
1.292395591735839844e-02,7.007288932800292969e-02,-2.544471621513366699e-02
1.286888122558593750e-02,7.016658782958984375e-02,-2.525064349174499512e-02
1.275801658630371094e-02,7.016825675964355469e-02,-2.498798072338104248e-02
1.260864734649658203e-02,7.019448280334472656e-02,-2.475525438785552979e-02
1.249182224273681641e-02,7.022988796234130859e-02,-2.459828555583953857e-02
1.237583160400390625e-02,7.025134563446044922e-02,-2.442213892936706543e-02
1.222074031829833984e-02,7.049286365509033203e-02,-2.434758841991424561e-02
1.205551624298095703e-02,7.069301605224609375e-02,-2.435293793678283691e-02
1.187956333160400391e-02,7.085061073303222656e-02,-2.434277534484863281e-02
1.174414157867431641e-02,7.098090648651123047e-02,-2.348259091377258301e-02
1.170361042022705078e-02,7.108545303344726562e-02,-2.258220314979553223e-02
1.166999340057373047e-02,7.114779949188232422e-02,-2.171559631824493408e-02
1.163804531097412109e-02,7.122802734375000000e-02,-2.086886763572692871e-02
1.161825656890869141e-02,7.120013236999511719e-02,-2.007609605789184570e-02
1.163244247436523438e-02,7.137632369995117188e-02,-1.936684548854827881e-02
1.165032386779785156e-02,7.145619392395019531e-02,-1.869714260101318359e-02
1.167094707489013672e-02,7.155227661132812500e-02,-1.807291805744171143e-02
1.171469688415527344e-02,7.182848453521728516e-02,-1.752404868602752686e-02
1.176238059997558594e-02,7.211232185363769531e-02,-1.700466871261596680e-02
1.184642314910888672e-02,7.238388061523437500e-02,-1.656547188758850098e-02
1.226091384887695312e-02,7.315838336944580078e-02,-1.615557074546813965e-02
1.263344287872314453e-02,7.383024692535400391e-02,-1.582060754299163818e-02
1.266360282897949219e-02,7.466495037078857422e-02,-1.559391617774963379e-02
1.269030570983886719e-02,7.538545131683349609e-02,-1.540593802928924561e-02
1.269614696502685547e-02,7.598376274108886719e-02,-1.521456241607666016e-02
1.268899440765380859e-02,7.648611068725585938e-02,-1.503363251686096191e-02
1.268315315246582031e-02,7.692933082580566406e-02,-1.485799252986907959e-02
1.273512840270996094e-02,7.729136943817138672e-02,-1.470275223255157471e-02
1.277732849121093750e-02,7.760643959045410156e-02,-1.453375816345214844e-02
1.278734207153320312e-02,7.792067527770996094e-02,-1.439566910266876221e-02
1.283633708953857422e-02,7.778704166412353516e-02,-1.444068551063537598e-02
1.280283927917480469e-02,7.775127887725830078e-02,-1.450479030609130859e-02
1.272368431091308594e-02,7.772862911224365234e-02,-1.458823680877685547e-02
1.181709766387939453e-02,7.693219184875488281e-02,-1.444864273071289062e-02
1.101469993591308594e-02,7.622361183166503906e-02,-1.430816948413848877e-02
1.026141643524169922e-02,7.566213607788085938e-02,-1.461292803287506104e-02
9.597182273864746094e-03,7.514452934265136719e-02,-1.485708355903625488e-02
8.973956108093261719e-03,7.476782798767089844e-02,-1.497893035411834717e-02
8.394360542297363281e-03,7.440209388732910156e-02,-1.505634188652038574e-02
7.711648941040039062e-03,7.378745079040527344e-02,-1.521021127700805664e-02
7.071971893310546875e-03,7.322704792022705078e-02,-1.533576846122741699e-02
6.429195404052734375e-03,7.272958755493164062e-02,-1.548036932945251465e-02
5.841135978698730469e-03,7.229447364807128906e-02,-1.560863852500915527e-02
5.447745323181152344e-03,7.205510139465332031e-02,-1.575703918933868408e-02
5.108356475830078125e-03,7.182693481445312500e-02,-1.587778329849243164e-02
4.817128181457519531e-03,7.160925865173339844e-02,-1.598724722862243652e-02
4.552602767944335938e-03,7.141470909118652344e-02,-1.609577238559722900e-02
4.308462142944335938e-03,7.095324993133544922e-02,-1.615241169929504395e-02
4.083991050720214844e-03,7.070779800415039062e-02,-1.627406477928161621e-02
3.890991210937500000e-03,7.047688961029052734e-02,-1.636385917663574219e-02
3.723025321960449219e-03,7.025337219238281250e-02,-1.643835008144378662e-02
3.542780876159667969e-03,6.992065906524658203e-02,-1.651480793952941895e-02
3.387212753295898438e-03,6.960916519165039062e-02,-1.654402911663055420e-02
2.755045890808105469e-03,6.954514980316162109e-02,-1.592236757278442383e-02
2.194404602050781250e-03,6.945931911468505859e-02,-1.535248756408691406e-02
1.700878143310546875e-03,6.939482688903808594e-02,-1.485440135002136230e-02
1.249313354492187500e-03,6.932306289672851562e-02,-1.442277431488037109e-02
8.331537246704101562e-04,6.926465034484863281e-02,-1.399631798267364502e-02
4.544258117675781250e-04,6.919920444488525391e-02,-1.359166204929351807e-02
1.131296157836914062e-04,6.920385360717773438e-02,-1.318550109863281250e-02
-1.945495605468750000e-04,6.917226314544677734e-02,-1.282732188701629639e-02
-5.133152008056640625e-04,6.919097900390625000e-02,-1.251375675201416016e-02
-7.941722869873046875e-04,6.919372081756591797e-02,-1.221463084220886230e-02
-1.073122024536132812e-03,6.913375854492187500e-02,-1.194041967391967773e-02
-1.329064369201660156e-03,6.906306743621826172e-02,-1.166741549968719482e-02
-1.561760902404785156e-03,6.900429725646972656e-02,-1.139731705188751221e-02
-1.782298088073730469e-03,6.892645359039306641e-02,-1.111972332000732422e-02
-1.978993415832519531e-03,6.888067722320556641e-02,-1.087169349193572998e-02
-2.156376838684082031e-03,6.885957717895507812e-02,-1.062975823879241943e-02
-2.320051193237304688e-03,6.883573532104492188e-02,-1.041112840175628662e-02
-2.470850944519042969e-03,6.880521774291992188e-02,-1.036106050014495850e-02
-2.589344978332519531e-03,6.873857975006103516e-02,-1.031583547592163086e-02
-2.730250358581542969e-03,6.872725486755371094e-02,-1.019574701786041260e-02
-2.487421035766601562e-03,6.875813007354736328e-02,-1.001259684562683105e-02
-2.259016036987304688e-03,6.890714168548583984e-02,-9.847894310951232910e-03
-2.074122428894042969e-03,6.902813911437988281e-02,-9.671851992607116699e-03
-1.843571662902832031e-03,6.930279731750488281e-02,-9.520247578620910645e-03
-1.633882522583007812e-03,6.957471370697021484e-02,-9.423613548278808594e-03
-1.467227935791015625e-03,6.980919837951660156e-02,-9.340777993202209473e-03
-1.301884651184082031e-03,6.999874114990234375e-02,-9.293362498283386230e-03
-1.133918762207031250e-03,7.016193866729736328e-02,-9.259536862373352051e-03
-1.003384590148925781e-03,7.030212879180908203e-02,-9.201020002365112305e-03
-8.857250213623046875e-04,7.040917873382568359e-02,-9.120538830757141113e-03
-7.603168487548828125e-04,7.049691677093505859e-02,-9.047299623489379883e-03
-6.505250930786132812e-04,7.056105136871337891e-02,-9.002789855003356934e-03
-5.518198013305664062e-04,7.063746452331542969e-02,-8.972689509391784668e-03
-5.216598510742187500e-04,7.061755657196044922e-02,-8.964538574218750000e-03
-4.996061325073242188e-04,7.059609889984130859e-02,-8.950963616371154785e-03
-4.831552505493164062e-04,7.058870792388916016e-02,-8.860513567924499512e-03
-4.880428314208984375e-04,7.054865360260009766e-02,-8.802697062492370605e-03
-5.115270614624023438e-04,7.050204277038574219e-02,-8.734896779060363770e-03
-5.193948745727539062e-04,7.058620452880859375e-02,-8.716046810150146484e-03
-5.359649658203125000e-04,7.112765312194824219e-02,-8.395567536354064941e-03
-4.069805145263671875e-04,7.222151756286621094e-02,-7.761940360069274902e-03
-2.936124801635742188e-04,7.319939136505126953e-02,-7.193252444267272949e-03
-2.052783966064453125e-04,7.407879829406738281e-02,-6.684884428977966309e-03
-1.593828201293945312e-04,7.487654685974121094e-02,-6.245002150535583496e-03
-9.107589721679687500e-05,7.561123371124267578e-02,-5.838602781295776367e-03
-2.002716064453125000e-05,7.627248764038085938e-02,-5.529329180717468262e-03
-3.457069396972656250e-06,7.685065269470214844e-02,-5.266636610031127930e-03
1.502037048339843750e-05,7.737922668457031250e-02,-5.109488964080810547e-03
-1.513957977294921875e-05,7.789993286132812500e-02,-4.955247044563293457e-03
-5.996227264404296875e-05,7.848608493804931641e-02,-4.829302430152893066e-03
-8.535385131835937500e-05,7.900404930114746094e-02,-4.703506827354431152e-03
3.981590270996093750e-04,7.970321178436279297e-02,-4.793211817741394043e-03
8.602142333984375000e-04,8.031702041625976562e-02,-4.955992102622985840e-03
1.213908195495605469e-03,8.101201057434082031e-02,-5.108863115310668945e-03
1.525878906250000000e-03,8.162593841552734375e-02,-5.273222923278808594e-03
1.797199249267578125e-03,8.216655254364013672e-02,-5.472004413604736328e-03
2.390503883361816406e-03,8.288037776947021484e-02,-5.933120846748352051e-03
2.940058708190917969e-03,8.353531360626220703e-02,-6.452500820159912109e-03
3.420472145080566406e-03,8.408665657043457031e-02,-6.912231445312500000e-03
4.165172576904296875e-03,8.453214168548583984e-02,-7.718145847320556641e-03
4.826664924621582031e-03,8.495771884918212891e-02,-8.445784449577331543e-03
5.426168441772460938e-03,8.534908294677734375e-02,-9.179145097732543945e-03
5.971908569335937500e-03,8.574092388153076172e-02,-9.837836027145385742e-03
6.459951400756835938e-03,8.608782291412353516e-02,-1.041689515113830566e-02
6.893396377563476562e-03,8.637762069702148438e-02,-1.092359423637390137e-02
7.284998893737792969e-03,8.661520481109619141e-02,-1.134561002254486084e-02
7.643938064575195312e-03,8.682584762573242188e-02,-1.174724102020263672e-02
7.968783378601074219e-03,8.701431751251220703e-02,-1.212039589881896973e-02
8.261919021606445312e-03,8.719849586486816406e-02,-1.247863471508026123e-02
8.509635925292968750e-03,8.737933635711669922e-02,-1.276677846908569336e-02
8.688688278198242188e-03,8.748209476470947266e-02,-1.300273835659027100e-02
8.835911750793457031e-03,8.757853507995605469e-02,-1.322300732135772705e-02
8.940577507019042969e-03,8.766376972198486328e-02,-1.339405775070190430e-02
9.050011634826660156e-03,8.774757385253906250e-02,-1.353244483470916748e-02
9.151101112365722656e-03,8.782351016998291016e-02,-1.366733014583587646e-02
9.233474731445312500e-03,8.787655830383300781e-02,-1.380497217178344727e-02
9.307146072387695312e-03,8.791208267211914062e-02,-1.387557387351989746e-02
9.368896484375000000e-03,8.795368671417236328e-02,-1.396511495113372803e-02
9.443044662475585938e-03,8.800220489501953125e-02,-1.405869424343109131e-02
9.507417678833007812e-03,8.808338642120361328e-02,-1.414710283279418945e-02
9.561657905578613281e-03,8.813631534576416016e-02,-1.423214375972747803e-02
9.595274925231933594e-03,8.817088603973388672e-02,-1.430448889732360840e-02
9.605646133422851562e-03,8.818924427032470703e-02,-1.439870893955230713e-02
9.611606597900390625e-03,8.819556236267089844e-02,-1.455527544021606445e-02
9.604811668395996094e-03,8.821797370910644531e-02,-1.452006399631500244e-02
9.608387947082519531e-03,8.822953701019287109e-02,-1.450571417808532715e-02
9.623646736145019531e-03,8.824622631072998047e-02,-1.449869573116302490e-02
9.641647338867187500e-03,8.825337886810302734e-02,-1.449580490589141846e-02
9.650468826293945312e-03,8.827197551727294922e-02,-1.448717713356018066e-02
9.653329849243164062e-03,8.831441402435302734e-02,-1.448053121566772461e-02
9.697318077087402344e-03,8.829665184020996094e-02,-1.454044878482818604e-02
9.726762771606445312e-03,8.830153942108154297e-02,-1.458339393138885498e-02
9.775638580322265625e-03,8.829653263092041016e-02,-1.460316777229309082e-02
9.825468063354492188e-03,8.835148811340332031e-02,-1.462870836257934570e-02
9.902834892272949219e-03,8.823788166046142578e-02,-1.465523242950439453e-02
9.978652000427246094e-03,8.866333961486816406e-02,-1.451031863689422607e-02
1.005387306213378906e-02,8.905589580535888672e-02,-1.437631249427795410e-02
1.013910770416259766e-02,8.937358856201171875e-02,-1.424656808376312256e-02
1.025307178497314453e-02,8.967101573944091797e-02,-1.412057876586914062e-02
1.034665107727050781e-02,8.994388580322265625e-02,-1.401562988758087158e-02
1.040077209472656250e-02,9.018874168395996094e-02,-1.390503346920013428e-02
1.044631004333496094e-02,9.040617942810058594e-02,-1.380985975265502930e-02
1.050031185150146484e-02,9.057939052581787109e-02,-1.372019946575164795e-02
1.055419445037841797e-02,9.072732925415039062e-02,-1.364403963088989258e-02
1.058745384216308594e-02,9.084224700927734375e-02,-1.354816555976867676e-02
1.063120365142822266e-02,9.092915058135986328e-02,-1.345409452915191650e-02
1.064348220825195312e-02,9.100794792175292969e-02,-1.335479319095611572e-02
1.066505908966064453e-02,9.106171131134033203e-02,-1.326176524162292480e-02
1.067423820495605469e-02,9.112036228179931641e-02,-1.317456364631652832e-02
1.086997985839843750e-02,9.114611148834228516e-02,-1.309931278228759766e-02
1.105940341949462891e-02,9.118056297302246094e-02,-1.302745938301086426e-02
1.122117042541503906e-02,9.120738506317138672e-02,-1.297670602798461914e-02
1.135349273681640625e-02,9.122431278228759766e-02,-1.291461288928985596e-02
1.147818565368652344e-02,9.121191501617431641e-02,-1.286482810974121094e-02
1.159286499023437500e-02,9.118056297302246094e-02,-1.283538341522216797e-02
1.169908046722412109e-02,9.113347530364990234e-02,-1.280593872070312500e-02
1.179981231689453125e-02,9.104657173156738281e-02,-1.276999711990356445e-02
1.187360286712646484e-02,9.096252918243408203e-02,-1.269772648811340332e-02
1.198327541351318359e-02,9.103834629058837891e-02,-1.248031854629516602e-02
1.218342781066894531e-02,9.112095832824707031e-02,-1.231157779693603516e-02
1.270961761474609375e-02,9.120309352874755859e-02,-1.215441524982452393e-02
1.317381858825683594e-02,9.128570556640625000e-02,-1.203270256519317627e-02
1.358032226562500000e-02,9.121346473693847656e-02,-1.192779839038848877e-02
1.418685913085937500e-02,9.113156795501708984e-02,-1.192514598369598389e-02
1.470589637756347656e-02,9.106469154357910156e-02,-1.190997660160064697e-02
1.517868041992187500e-02,9.100341796875000000e-02,-1.182653009891510010e-02
1.562023162841796875e-02,9.094989299774169922e-02,-1.176558434963226318e-02
1.601552963256835938e-02,9.090638160705566406e-02,-1.170174777507781982e-02
1.636457443237304688e-02,9.086370468139648438e-02,-1.160244643688201904e-02
1.666116714477539062e-02,9.082996845245361328e-02,-1.152378320693969727e-02
1.691961288452148438e-02,9.080374240875244141e-02,-1.146925985813140869e-02
1.715636253356933594e-02,9.077394008636474609e-02,-1.141318678855895996e-02
1.736378669738769531e-02,9.074652194976806641e-02,-1.136557757854461670e-02
1.756882667541503906e-02,9.070968627929687500e-02,-1.134441792964935303e-02
1.774609088897705078e-02,9.066867828369140625e-02,-1.134808361530303955e-02
1.788532733917236328e-02,9.062743186950683594e-02,-1.133367419242858887e-02
1.802825927734375000e-02,9.057199954986572266e-02,-1.130740344524383545e-02
1.841342449188232422e-02,9.050631523132324219e-02,-1.132026314735412598e-02
1.879000663757324219e-02,9.042620658874511719e-02,-1.130847632884979248e-02
1.909947395324707031e-02,9.033358097076416016e-02,-1.132486760616302490e-02
1.937425136566162109e-02,9.031987190246582031e-02,-1.133561134338378906e-02
1.964831352233886719e-02,9.036505222320556641e-02,-1.137109100818634033e-02
1.989626884460449219e-02,9.038531780242919922e-02,-1.140412688255310059e-02
2.012825012207031250e-02,9.040379524230957031e-02,-1.144416630268096924e-02
2.035617828369140625e-02,9.038448333740234375e-02,-1.148821413516998291e-02
2.056241035461425781e-02,9.037840366363525391e-02,-1.151545345783233643e-02
2.073585987091064453e-02,9.037077426910400391e-02,-1.154190301895141602e-02
2.088952064514160156e-02,9.035694599151611328e-02,-1.157203316688537598e-02
2.104890346527099609e-02,9.034836292266845703e-02,-1.158344745635986328e-02
2.120268344879150391e-02,9.036886692047119141e-02,-1.160834729671478271e-02
2.137732505798339844e-02,9.041666984558105469e-02,-1.163892447948455811e-02
2.153348922729492188e-02,9.044647216796875000e-02,-1.168616116046905518e-02
2.169144153594970703e-02,9.043490886688232422e-02,-1.171468198299407959e-02
2.176177501678466797e-02,9.050536155700683594e-02,-1.174959540367126465e-02
2.182471752166748047e-02,9.056437015533447266e-02,-1.177871227264404297e-02
2.188336849212646484e-02,9.060788154602050781e-02,-1.179453730583190918e-02
2.193307876586914062e-02,9.062469005584716797e-02,-1.180854439735412598e-02
2.195441722869873047e-02,9.062683582305908203e-02,-1.177127659320831299e-02
2.197170257568359375e-02,9.061896800994873047e-02,-1.173137128353118896e-02
2.197480201721191406e-02,9.061729907989501953e-02,-1.169969141483306885e-02
2.199387550354003906e-02,9.057581424713134766e-02,-1.165582239627838135e-02
2.200543880462646484e-02,9.053397178649902344e-02,-1.163002848625183105e-02
2.199470996856689453e-02,9.049642086029052734e-02,-1.158447563648223877e-02
2.199804782867431641e-02,9.044778347015380859e-02,-1.152975857257843018e-02
2.200543880462646484e-02,9.040689468383789062e-02,-1.148721575736999512e-02
2.201640605926513672e-02,9.035456180572509766e-02,-1.144573092460632324e-02
2.201688289642333984e-02,9.030830860137939453e-02,-1.139692962169647217e-02
2.202594280242919922e-02,9.025728702545166016e-02,-1.135753095149993896e-02
2.205026149749755859e-02,9.023225307464599609e-02,-1.133020222187042236e-02
2.207314968109130859e-02,9.021568298339843750e-02,-1.131519675254821777e-02
2.207791805267333984e-02,9.018576145172119141e-02,-1.130013167858123779e-02
2.206552028656005859e-02,9.018039703369140625e-02,-1.127354800701141357e-02
2.206909656524658203e-02,9.014856815338134766e-02,-1.123732328414916992e-02
2.205336093902587891e-02,9.011685848236083984e-02,-1.119318604469299316e-02
2.205240726470947266e-02,9.004938602447509766e-02,-1.112908124923706055e-02
2.204775810241699219e-02,8.998262882232666016e-02,-1.107864081859588623e-02
2.197754383087158203e-02,8.989667892456054688e-02,-1.108294725418090820e-02
2.192783355712890625e-02,8.990859985351562500e-02,-1.117002964019775391e-02
2.187979221343994141e-02,8.992350101470947266e-02,-1.127757132053375244e-02
2.178919315338134766e-02,8.999729156494140625e-02,-1.136291027069091797e-02
2.169322967529296875e-02,9.015321731567382812e-02,-1.143720746040344238e-02
2.160882949829101562e-02,9.031438827514648438e-02,-1.150399446487426758e-02
2.153837680816650391e-02,9.042990207672119141e-02,-1.154753565788269043e-02
2.146208286285400391e-02,9.053802490234375000e-02,-1.179811358451843262e-02
2.138769626617431641e-02,9.063446521759033203e-02,-1.203472912311553955e-02
2.130961418151855469e-02,9.076154232025146484e-02,-1.224033534526824951e-02
2.123796939849853516e-02,9.086918830871582031e-02,-1.242414116859436035e-02
2.116167545318603516e-02,9.097850322723388672e-02,-1.259396970272064209e-02
2.109444141387939453e-02,9.105134010314941406e-02,-1.275299489498138428e-02
2.103888988494873047e-02,9.112906455993652344e-02,-1.290716230869293213e-02
2.097213268280029297e-02,9.119248390197753906e-02,-1.308220624923706055e-02
2.090966701507568359e-02,9.121537208557128906e-02,-1.322048902511596680e-02
2.087271213531494141e-02,9.124243259429931641e-02,-1.334629952907562256e-02
2.085065841674804688e-02,9.124982357025146484e-02,-1.348669826984405518e-02
2.081096172332763672e-02,9.126961231231689453e-02,-1.353673636913299561e-02
2.077019214630126953e-02,9.129059314727783203e-02,-1.358292996883392334e-02
2.073884010314941406e-02,9.133100509643554688e-02,-1.363135874271392822e-02
2.069413661956787109e-02,9.136080741882324219e-02,-1.368239521980285645e-02
2.064621448516845703e-02,9.139513969421386719e-02,-1.373012363910675049e-02
2.061641216278076172e-02,9.142065048217773438e-02,-1.381619274616241455e-02
2.057766914367675781e-02,9.129679203033447266e-02,-1.391395926475524902e-02
2.055108547210693359e-02,9.120440483093261719e-02,-1.403962075710296631e-02
2.054774761199951172e-02,9.108650684356689453e-02,-1.414579153060913086e-02
2.053260803222656250e-02,9.099984169006347656e-02,-1.426769793033599854e-02
2.053153514862060547e-02,9.092700481414794922e-02,-1.435826718807220459e-02
2.053534984588623047e-02,9.084153175354003906e-02,-1.444509625434875488e-02
2.054524421691894531e-02,9.074056148529052734e-02,-1.448358595371246338e-02
2.055978775024414062e-02,9.054720401763916016e-02,-1.451118290424346924e-02
2.058506011962890625e-02,9.038233757019042969e-02,-1.454710960388183594e-02
2.060449123382568359e-02,9.020042419433593750e-02,-1.457899808883666992e-02
2.063190937042236328e-02,9.002482891082763672e-02,-1.462735235691070557e-02
2.063167095184326172e-02,8.985984325408935547e-02,-1.467674970626831055e-02
2.061295509338378906e-02,8.971035480499267578e-02,-1.470859348773956299e-02
2.059459686279296875e-02,8.957910537719726562e-02,-1.473452150821685791e-02
2.057564258575439453e-02,8.943474292755126953e-02,-1.476112008094787598e-02
2.055978775024414062e-02,8.932054042816162109e-02,-1.480373740196228027e-02
2.056396007537841797e-02,8.920991420745849609e-02,-1.484340429306030273e-02
2.057790756225585938e-02,8.907103538513183594e-02,-1.487079262733459473e-02
2.058088779449462891e-02,8.892989158630371094e-02,-1.489509642124176025e-02
2.057611942291259766e-02,8.881342411041259766e-02,-1.493926346302032471e-02
2.056086063385009766e-02,8.870482444763183594e-02,-1.496003568172454834e-02
2.054834365844726562e-02,8.859193325042724609e-02,-1.498752832412719727e-02
2.054131031036376953e-02,8.848083019256591797e-02,-1.501283049583435059e-02
2.053534984588623047e-02,8.840024471282958984e-02,-1.503218710422515869e-02
2.051877975463867188e-02,8.832442760467529297e-02,-1.503945887088775635e-02
2.050638198852539062e-02,8.825743198394775391e-02,-1.503710448741912842e-02
2.049624919891357422e-02,8.818900585174560547e-02,-1.500700414180755615e-02
2.046453952789306641e-02,8.814513683319091797e-02,-1.497368514537811279e-02
2.044296264648437500e-02,8.809232711791992188e-02,-1.494657993316650391e-02
2.043294906616210938e-02,8.804249763488769531e-02,-1.492714881896972656e-02
2.044486999511718750e-02,8.799088001251220703e-02,-1.491211354732513428e-02
2.049422264099121094e-02,8.794283866882324219e-02,-1.493689417839050293e-02
2.054500579833984375e-02,8.789551258087158203e-02,-1.495036482810974121e-02
2.058994770050048828e-02,8.780479431152343750e-02,-1.496377587318420410e-02
2.062594890594482422e-02,8.772194385528564453e-02,-1.498639583587646484e-02
2.063715457916259766e-02,8.766472339630126953e-02,-1.499219238758087158e-02
2.066552639007568359e-02,8.759438991546630859e-02,-1.502305269241333008e-02
2.070462703704833984e-02,8.753728866577148438e-02,-1.504607498645782471e-02
2.071690559387207031e-02,8.747005462646484375e-02,-1.503702998161315918e-02
2.075266838073730469e-02,8.739447593688964844e-02,-1.503352820873260498e-02
2.078926563262939453e-02,8.733415603637695312e-02,-1.500508189201354980e-02
2.082145214080810547e-02,8.726918697357177734e-02,-1.498313248157501221e-02
2.085304260253906250e-02,8.720183372497558594e-02,-1.498764753341674805e-02
2.085256576538085938e-02,8.711504936218261719e-02,-1.496076583862304688e-02
2.083230018615722656e-02,8.703386783599853516e-02,-1.492069661617279053e-02
2.082109451293945312e-02,8.691954612731933594e-02,-1.490749418735504150e-02
2.082228660583496094e-02,8.682084083557128906e-02,-1.486077904701232910e-02
2.082657814025878906e-02,8.673441410064697266e-02,-1.479619741439819336e-02
2.081894874572753906e-02,8.665406703948974609e-02,-1.474232971668243408e-02
2.082002162933349609e-02,8.657860755920410156e-02,-1.470415294170379639e-02
2.084529399871826172e-02,8.648586273193359375e-02,-1.459756493568420410e-02
2.086389064788818359e-02,8.639907836914062500e-02,-1.449060440063476562e-02
2.089583873748779297e-02,8.630001544952392578e-02,-1.440784335136413574e-02
2.091121673583984375e-02,8.619487285614013672e-02,-1.425331830978393555e-02
2.092778682708740234e-02,8.610165119171142578e-02,-1.411463320255279541e-02
2.094566822052001953e-02,8.601367473602294922e-02,-1.396210491657257080e-02
2.096569538116455078e-02,8.593094348907470703e-02,-1.380510628223419189e-02
2.100825309753417969e-02,8.584535121917724609e-02,-1.367387175559997559e-02
2.105724811553955078e-02,8.575987815856933594e-02,-1.357778906822204590e-02
2.109229564666748047e-02,8.568084239959716797e-02,-1.351463794708251953e-02
2.113056182861328125e-02,8.560752868652343750e-02,-1.346112787723541260e-02
2.116930484771728516e-02,8.556246757507324219e-02,-1.342085003852844238e-02
2.118968963623046875e-02,8.551299571990966797e-02,-1.338170468807220459e-02
2.119851112365722656e-02,8.544957637786865234e-02,-1.333926618099212646e-02
2.118110656738281250e-02,8.536565303802490234e-02,-1.330021023750305176e-02
2.119135856628417969e-02,8.531546592712402344e-02,-1.328010857105255127e-02
2.118909358978271484e-02,8.527195453643798828e-02,-1.326534152030944824e-02
2.119970321655273438e-02,8.524167537689208984e-02,-1.324599981307983398e-02
2.119743824005126953e-02,8.520627021789550781e-02,-1.324881613254547119e-02
2.117669582366943359e-02,8.515739440917968750e-02,-1.326043903827667236e-02
2.116215229034423828e-02,8.509469032287597656e-02,-1.328997313976287842e-02
2.114605903625488281e-02,8.503055572509765625e-02,-1.332485675811767578e-02
2.113640308380126953e-02,8.496773242950439453e-02,-1.336075365543365479e-02
2.114367485046386719e-02,8.489286899566650391e-02,-1.340866088867187500e-02
2.104330062866210938e-02,8.468365669250488281e-02,-1.326902210712432861e-02
2.097463607788085938e-02,8.449053764343261719e-02,-1.317244768142700195e-02
2.092623710632324219e-02,8.426058292388916016e-02,-1.306998729705810547e-02
2.089846134185791016e-02,8.404982089996337891e-02,-1.299206912517547607e-02
2.087783813476562500e-02,8.383727073669433594e-02,-1.289995014667510986e-02
2.083587646484375000e-02,8.364665508270263672e-02,-1.279099285602569580e-02
2.078068256378173828e-02,8.348906040191650391e-02,-1.269498467445373535e-02
2.071988582611083984e-02,8.336102962493896484e-02,-1.257872581481933594e-02
2.066802978515625000e-02,8.322095870971679688e-02,-1.250043511390686035e-02
2.063024044036865234e-02,8.310544490814208984e-02,-1.243586838245391846e-02
2.058577537536621094e-02,8.301365375518798828e-02,-1.241885125637054443e-02
2.055513858795166016e-02,8.294534683227539062e-02,-1.240003108978271484e-02
2.053189277648925781e-02,8.290064334869384766e-02,-1.238627731800079346e-02
2.055120468139648438e-02,8.283758163452148438e-02,-1.236915588378906250e-02
2.057301998138427734e-02,8.259761333465576172e-02,-1.235572993755340576e-02
2.058660984039306641e-02,8.236241340637207031e-02,-1.235583424568176270e-02
2.059090137481689453e-02,8.206415176391601562e-02,-1.232159137725830078e-02
2.057683467864990234e-02,8.178818225860595703e-02,-1.229992508888244629e-02
2.050018310546875000e-02,8.154177665710449219e-02,-1.226964592933654785e-02
2.046883106231689453e-02,8.132004737854003906e-02,-1.229991018772125244e-02
2.045023441314697266e-02,8.095574378967285156e-02,-1.242554187774658203e-02
2.051401138305664062e-02,8.051204681396484375e-02,-1.255348324775695801e-02
2.058374881744384766e-02,8.010935783386230469e-02,-1.270642876625061035e-02
2.061140537261962891e-02,7.975566387176513672e-02,-1.284866034984588623e-02
2.062606811523437500e-02,7.941949367523193359e-02,-1.298730075359344482e-02
2.063715457916259766e-02,7.909476757049560547e-02,-1.308296620845794678e-02
2.064561843872070312e-02,7.880938053131103516e-02,-1.317167282104492188e-02
2.064919471740722656e-02,7.853055000305175781e-02,-1.324394345283508301e-02
2.064430713653564453e-02,7.827317714691162109e-02,-1.330810785293579102e-02
2.064847946166992188e-02,7.802009582519531250e-02,-1.344513893127441406e-02
2.064251899719238281e-02,7.778596878051757812e-02,-1.356782019138336182e-02
2.063655853271484375e-02,7.758879661560058594e-02,-1.367539167404174805e-02
2.062809467315673828e-02,7.744109630584716797e-02,-1.373971998691558838e-02
2.061343193054199219e-02,7.732987403869628906e-02,-1.380221545696258545e-02
2.058804035186767578e-02,7.721602916717529297e-02,-1.383244991302490234e-02
2.056562900543212891e-02,7.713055610656738281e-02,-1.384107768535614014e-02
2.054178714752197266e-02,7.706093788146972656e-02,-1.382102072238922119e-02
2.052283287048339844e-02,7.699990272521972656e-02,-1.378865540027618408e-02
2.051186561584472656e-02,7.693350315093994141e-02,-1.375782489776611328e-02
2.051663398742675781e-02,7.684481143951416016e-02,-1.372827589511871338e-02
2.052915096282958984e-02,7.678735256195068359e-02,-1.373794674873352051e-02
2.052915096282958984e-02,7.678735256195068359e-02,-1.373794674873352051e-02
2.050507068634033203e-02,7.680356502532958984e-02,-1.373453438282012939e-02
2.049207687377929688e-02,7.682621479034423828e-02,-1.371517777442932129e-02
2.048480510711669922e-02,7.687866687774658203e-02,-1.369212567806243896e-02
2.048397064208984375e-02,7.691609859466552734e-02,-1.365850865840911865e-02
2.048563957214355469e-02,7.696104049682617188e-02,-1.365636289119720459e-02
2.049601078033447266e-02,7.700955867767333984e-02,-1.363848149776458740e-02
2.050828933715820312e-02,7.704150676727294922e-02,-1.363500952720642090e-02
2.052628993988037109e-02,7.706165313720703125e-02,-1.364028453826904297e-02
2.054762840270996094e-02,7.708525657653808594e-02,-1.364362239837646484e-02
2.057194709777832031e-02,7.708907127380371094e-02,-1.362407207489013672e-02
2.061319351196289062e-02,7.710099220275878906e-02,-1.361083984375000000e-02
2.064990997314453125e-02,7.710683345794677734e-02,-1.357166469097137451e-02
2.067589759826660156e-02,7.711112499237060547e-02,-1.352708041667938232e-02
2.070212364196777344e-02,7.710492610931396484e-02,-1.346346735954284668e-02
2.071642875671386719e-02,7.709133625030517578e-02,-1.340596377849578857e-02
2.072715759277343750e-02,7.706022262573242188e-02,-1.333484053611755371e-02
2.074539661407470703e-02,7.702696323394775391e-02,-1.324976980686187744e-02
2.075207233428955078e-02,7.700073719024658203e-02,-1.316842436790466309e-02
2.076160907745361328e-02,7.696592807769775391e-02,-1.309494674205780029e-02
2.081263065338134766e-02,7.692134380340576172e-02,-1.305083930492401123e-02
2.085649967193603516e-02,7.688653469085693359e-02,-1.299341022968292236e-02
2.088761329650878906e-02,7.685279846191406250e-02,-1.292186975479125977e-02
2.091646194458007812e-02,7.681751251220703125e-02,-1.286950707435607910e-02
2.096486091613769531e-02,7.678592205047607422e-02,-1.281248033046722412e-02
2.100324630737304688e-02,7.676303386688232422e-02,-1.275727152824401855e-02
2.106165885925292969e-02,7.672810554504394531e-02,-1.269856095314025879e-02
2.110266685485839844e-02,7.669365406036376953e-02,-1.265837252140045166e-02
2.114343643188476562e-02,7.667589187622070312e-02,-1.262854039669036865e-02
2.118623256683349609e-02,7.666707038879394531e-02,-1.260258257389068604e-02
2.121818065643310547e-02,7.665169239044189453e-02,-1.258695125579833984e-02
2.124142646789550781e-02,7.662320137023925781e-02,-1.258379220962524414e-02
2.128338813781738281e-02,7.657313346862792969e-02,-1.259028911590576172e-02
2.132189273834228516e-02,7.651531696319580078e-02,-1.261226832866668701e-02
2.135491371154785156e-02,7.644271850585937500e-02,-1.264333724975585938e-02
2.137625217437744141e-02,7.634031772613525391e-02,-1.266273856163024902e-02
2.140927314758300781e-02,7.624077796936035156e-02,-1.267623901367187500e-02
2.145755290985107422e-02,7.616627216339111328e-02,-1.265956461429595947e-02
2.148389816284179688e-02,7.610619068145751953e-02,-1.264786720275878906e-02
2.151918411254882812e-02,7.604765892028808594e-02,-1.262874901294708252e-02
2.153015136718750000e-02,7.598721981048583984e-02,-1.264983415603637695e-02
2.154493331909179688e-02,7.592856884002685547e-02,-1.265159249305725098e-02
2.156710624694824219e-02,7.588660717010498047e-02,-1.266495883464813232e-02
2.158927917480468750e-02,7.585561275482177734e-02,-1.266904175281524658e-02
2.161133289337158203e-02,7.580614089965820312e-02,-1.266007125377655029e-02
2.164435386657714844e-02,7.575011253356933594e-02,-1.265352964401245117e-02
2.167844772338867188e-02,7.569515705108642578e-02,-1.263269782066345215e-02
2.173399925231933594e-02,7.566690444946289062e-02,-1.259441673755645752e-02
2.177810668945312500e-02,7.563829421997070312e-02,-1.255226135253906250e-02
2.184021472930908203e-02,7.559847831726074219e-02,-1.251246035099029541e-02
2.190017700195312500e-02,7.554483413696289062e-02,-1.249700784683227539e-02
2.190160751342773438e-02,7.549190521240234375e-02,-1.246149837970733643e-02
2.188658714294433594e-02,7.545852661132812500e-02,-1.244187355041503906e-02
2.188944816589355469e-02,7.541930675506591797e-02,-1.242205500602722168e-02
2.189826965332031250e-02,7.535135746002197266e-02,-1.236209273338317871e-02
2.191019058227539062e-02,7.527458667755126953e-02,-1.228962838649749756e-02
2.192544937133789062e-02,7.520115375518798828e-02,-1.222392916679382324e-02
2.194607257843017578e-02,7.513272762298583984e-02,-1.213517785072326660e-02
2.195191383361816406e-02,7.506704330444335938e-02,-1.205767691135406494e-02
2.195072174072265625e-02,7.500147819519042969e-02,-1.194852590560913086e-02
2.192962169647216797e-02,7.494688034057617188e-02,-1.186692714691162109e-02
2.190721035003662109e-02,7.488739490509033203e-02,-1.180206239223480225e-02
2.189099788665771484e-02,7.482182979583740234e-02,-1.174297928810119629e-02
2.189171314239501953e-02,7.475018501281738281e-02,-1.166395843029022217e-02
2.188539505004882812e-02,7.471859455108642578e-02,-1.156902313232421875e-02
2.188313007354736328e-02,7.467973232269287109e-02,-1.149059832096099854e-02
2.186286449432373047e-02,7.464206218719482422e-02,-1.138226687908172607e-02
2.182924747467041016e-02,7.461261749267578125e-02,-1.128062605857849121e-02
2.180767059326171875e-02,7.459878921508789062e-02,-1.120388507843017578e-02
2.181994915008544922e-02,7.454621791839599609e-02,-1.113000512123107910e-02
2.184092998504638672e-02,7.450735569000244141e-02,-1.089848577976226807e-02
2.184069156646728516e-02,7.445728778839111328e-02,-1.067733764648437500e-02
2.185761928558349609e-02,7.446765899658203125e-02,-1.046335697174072266e-02
2.194964885711669922e-02,7.445240020751953125e-02,-1.023857295513153076e-02
2.202188968658447266e-02,7.440197467803955078e-02,-1.004639267921447754e-02
2.209293842315673828e-02,7.435250282287597656e-02,-9.876653552055358887e-03
2.217519283294677734e-02,7.430648803710937500e-02,-9.717479348182678223e-03
2.226376533508300781e-02,7.425546646118164062e-02,-9.569332003593444824e-03
2.234399318695068359e-02,7.420969009399414062e-02,-9.422168135643005371e-03
2.240884304046630859e-02,7.416558265686035156e-02,-9.281203150749206543e-03
2.246654033660888672e-02,7.411456108093261719e-02,-9.141981601715087891e-03
2.249455451965332031e-02,7.404565811157226562e-02,-8.989632129669189453e-03
2.253246307373046875e-02,7.397329807281494141e-02,-8.867025375366210938e-03
2.253961563110351562e-02,7.390820980072021484e-02,-8.742377161979675293e-03
2.252626419067382812e-02,7.382237911224365234e-02,-8.656248450279235840e-03
2.250397205352783203e-02,7.373631000518798828e-02,-8.589684963226318359e-03
2.245700359344482422e-02,7.365512847900390625e-02,-8.523836731910705566e-03
2.239012718200683594e-02,7.357060909271240234e-02,-8.428931236267089844e-03
2.232050895690917969e-02,7.349646091461181641e-02,-8.368879556655883789e-03
2.225816249847412109e-02,7.344770431518554688e-02,-8.322268724441528320e-03
2.219760417938232422e-02,7.340657711029052734e-02,-8.291065692901611328e-03
2.215683460235595703e-02,7.336318492889404297e-02,-8.268862962722778320e-03
2.215921878814697266e-02,7.333230972290039062e-02,-8.245795965194702148e-03
2.216148376464843750e-02,7.330548763275146484e-02,-8.263811469078063965e-03
2.219557762145996094e-02,7.327568531036376953e-02,-8.318975567817687988e-03
2.223348617553710938e-02,7.326197624206542969e-02,-8.389815688133239746e-03
2.224910259246826172e-02,7.327079772949218750e-02,-8.467927575111389160e-03
2.225446701049804688e-02,7.327032089233398438e-02,-8.532822132110595703e-03
2.226912975311279297e-02,7.327568531036376953e-02,-8.625432848930358887e-03
2.226924896240234375e-02,7.327628135681152344e-02,-8.723974227905273438e-03
2.231693267822265625e-02,7.325875759124755859e-02,-8.842036128044128418e-03
2.237892150878906250e-02,7.323265075683593750e-02,-8.951559662818908691e-03
2.242124080657958984e-02,7.319498062133789062e-02,-9.050443768501281738e-03
2.243435382843017578e-02,7.317745685577392578e-02,-9.107485413551330566e-03
2.243947982788085938e-02,7.318782806396484375e-02,-9.172543883323669434e-03
2.242326736450195312e-02,7.318794727325439453e-02,-9.258881211280822754e-03
2.241122722625732422e-02,7.316935062408447266e-02,-9.340390563011169434e-03
2.239775657653808594e-02,7.314348220825195312e-02,-9.422928094863891602e-03
2.237558364868164062e-02,7.311820983886718750e-02,-9.481534361839294434e-03
2.236843109130859375e-02,7.309854030609130859e-02,-9.535253047943115234e-03
2.232468128204345703e-02,7.305407524108886719e-02,-9.574741125106811523e-03
2.227079868316650391e-02,7.301652431488037109e-02,-9.598016738891601562e-03
2.220976352691650391e-02,7.296252250671386719e-02,-9.637862443923950195e-03
2.217388153076171875e-02,7.286655902862548828e-02,-9.670808911323547363e-03
2.212464809417724609e-02,7.278037071228027344e-02,-9.672254323959350586e-03
2.210712432861328125e-02,7.265031337738037109e-02,-9.632915258407592773e-03
2.210640907287597656e-02,7.253372669219970703e-02,-9.562283754348754883e-03
2.211463451385498047e-02,7.242202758789062500e-02,-9.494960308074951172e-03
2.211010456085205078e-02,7.232141494750976562e-02,-9.439855813980102539e-03
2.211117744445800781e-02,7.224225997924804688e-02,-9.374484419822692871e-03
2.213692665100097656e-02,7.217049598693847656e-02,-9.321540594100952148e-03
2.216815948486328125e-02,7.209372520446777344e-02,-9.270608425140380859e-03
2.217745780944824219e-02,7.201826572418212891e-02,-9.199321269989013672e-03
2.218639850616455078e-02,7.193970680236816406e-02,-9.123995900154113770e-03
2.217721939086914062e-02,7.185995578765869141e-02,-9.057462215423583984e-03
2.218389511108398438e-02,7.179057598114013672e-02,-8.994340896606445312e-03
2.218854427337646484e-02,7.173228263854980469e-02,-8.942320942878723145e-03
2.216684818267822266e-02,7.166373729705810547e-02,-8.901789784431457520e-03
2.216207981109619141e-02,7.159185409545898438e-02,-8.870616555213928223e-03
2.215540409088134766e-02,7.150423526763916016e-02,-8.856177330017089844e-03
2.213382720947265625e-02,7.142639160156250000e-02,-8.832573890686035156e-03
2.211356163024902344e-02,7.134473323822021484e-02,-8.793041110038757324e-03
2.209436893463134766e-02,7.126879692077636719e-02,-8.752301335334777832e-03
2.209150791168212891e-02,7.121467590332031250e-02,-8.730784058570861816e-03
2.207624912261962891e-02,7.117712497711181641e-02,-8.717611432075500488e-03
2.207720279693603516e-02,7.112431526184082031e-02,-8.700326085090637207e-03
2.207553386688232422e-02,7.106924057006835938e-02,-8.631184697151184082e-03
2.206349372863769531e-02,7.099294662475585938e-02,-8.548021316528320312e-03
2.204120159149169922e-02,7.093787193298339844e-02,-8.488714694976806641e-03
2.196764945983886719e-02,7.081866264343261719e-02,-8.398473262786865234e-03
2.190232276916503906e-02,7.071018218994140625e-02,-8.325442671775817871e-03
2.182900905609130859e-02,7.059395313262939453e-02,-8.244261145591735840e-03
2.177226543426513672e-02,7.048583030700683594e-02,-8.155271410942077637e-03
2.172482013702392578e-02,7.038748264312744141e-02,-8.089557290077209473e-03
2.167010307312011719e-02,7.029497623443603516e-02,-8.033514022827148438e-03
2.162921428680419922e-02,7.020711898803710938e-02,-7.975012063980102539e-03
2.159082889556884766e-02,7.013380527496337891e-02,-7.911309599876403809e-03
2.152407169342041016e-02,7.005202770233154297e-02,-7.829293608665466309e-03
2.146577835083007812e-02,6.998276710510253906e-02,-7.746532559394836426e-03
2.139961719512939453e-02,6.991386413574218750e-02,-7.677957415580749512e-03
2.133727073669433594e-02,6.984794139862060547e-02,-7.626906037330627441e-03
2.127480506896972656e-02,6.978249549865722656e-02,-7.561430335044860840e-03
2.122294902801513672e-02,6.972301006317138672e-02,-7.488876581192016602e-03
2.118146419525146484e-02,6.967544555664062500e-02,-7.418513298034667969e-03
2.114641666412353516e-02,6.961941719055175781e-02,-7.331579923629760742e-03
2.112698554992675781e-02,6.956374645233154297e-02,-7.261395454406738281e-03
2.110552787780761719e-02,6.952071189880371094e-02,-7.211416959762573242e-03
2.107405662536621094e-02,6.946074962615966797e-02,-7.144123315811157227e-03
2.105188369750976562e-02,6.935918331146240234e-02,-7.089227437973022461e-03
2.102065086364746094e-02,6.926476955413818359e-02,-7.025912404060363770e-03
2.099537849426269531e-02,6.916749477386474609e-02,-6.979674100875854492e-03
2.097821235656738281e-02,6.908869743347167969e-02,-6.946176290512084961e-03
2.097177505493164062e-02,6.898403167724609375e-02,-6.923511624336242676e-03
2.097296714782714844e-02,6.887197494506835938e-02,-6.919860839843750000e-03
2.096080780029296875e-02,6.876528263092041016e-02,-6.925135850906372070e-03
2.094471454620361328e-02,6.864929199218750000e-02,-6.921410560607910156e-03
2.093040943145751953e-02,6.853520870208740234e-02,-6.958931684494018555e-03
2.034080028533935547e-02,6.846034526824951172e-02,-6.964534521102905273e-03
1.982843875885009766e-02,6.838726997375488281e-02,-6.982594728469848633e-03
1.935958862304687500e-02,6.829285621643066406e-02,-7.017478346824645996e-03
1.892173290252685547e-02,6.821322441101074219e-02,-7.043585181236267090e-03
1.853859424591064453e-02,6.812572479248046875e-02,-7.050439715385437012e-03
1.818442344665527344e-02,6.803429126739501953e-02,-7.058575749397277832e-03
1.785552501678466797e-02,6.794095039367675781e-02,-7.070630788803100586e-03
1.755344867706298828e-02,6.785833835601806641e-02,-7.091239094734191895e-03
1.728451251983642578e-02,6.780195236206054688e-02,-7.126376032829284668e-03
1.702868938446044922e-02,6.774735450744628906e-02,-7.183551788330078125e-03
1.680421829223632812e-02,6.772065162658691406e-02,-7.244393229484558105e-03
1.659762859344482422e-02,6.768214702606201172e-02,-7.304832339286804199e-03
1.640164852142333984e-02,6.762921810150146484e-02,-7.385373115539550781e-03
1.622736454010009766e-02,6.756985187530517578e-02,-7.397189736366271973e-03
1.607048511505126953e-02,6.751334667205810547e-02,-7.405504584312438965e-03
1.591706275939941406e-02,6.745362281799316406e-02,-7.429569959640502930e-03
1.578366756439208984e-02,6.740069389343261719e-02,-7.465943694114685059e-03
1.569581031799316406e-02,6.736469268798828125e-02,-7.486492395401000977e-03
1.558959484100341797e-02,6.732463836669921875e-02,-7.499530911445617676e-03
1.549196243286132812e-02,6.727695465087890625e-02,-7.500395178794860840e-03
1.539754867553710938e-02,6.723058223724365234e-02,-7.494062185287475586e-03
1.532495021820068359e-02,6.719064712524414062e-02,-7.539942860603332520e-03
1.526510715484619141e-02,6.714403629302978516e-02,-7.607370615005493164e-03
1.521277427673339844e-02,6.710028648376464844e-02,-7.667079567909240723e-03
1.515758037567138672e-02,6.703901290893554688e-02,-7.741495966911315918e-03
1.510643959045410156e-02,6.697797775268554688e-02,-7.819831371307373047e-03
1.506686210632324219e-02,6.689834594726562500e-02,-7.921114563941955566e-03
1.502513885498046875e-02,6.681489944458007812e-02,-8.026555180549621582e-03
1.500117778778076172e-02,6.673824787139892578e-02,-8.148893713951110840e-03
1.497852802276611328e-02,6.666350364685058594e-02,-8.261069655418395996e-03
1.494336128234863281e-02,6.662058830261230469e-02,-8.344233036041259766e-03
1.488816738128662109e-02,6.657648086547851562e-02,-8.379295468330383301e-03
1.482093334197998047e-02,6.653547286987304688e-02,-8.405357599258422852e-03
1.473534107208251953e-02,6.650376319885253906e-02,-8.385777473449707031e-03
1.465225219726562500e-02,6.646704673767089844e-02,-8.341312408447265625e-03
1.453626155853271484e-02,6.645011901855468750e-02,-8.279621601104736328e-03
1.442766189575195312e-02,6.643271446228027344e-02,-8.208394050598144531e-03
1.431274414062500000e-02,6.640481948852539062e-02,-8.169919252395629883e-03
1.421475410461425781e-02,6.637299060821533203e-02,-8.160948753356933594e-03
1.413702964782714844e-02,6.632137298583984375e-02,-8.182883262634277344e-03
1.400148868560791016e-02,6.629955768585205078e-02,-8.299738168716430664e-03
1.386332511901855469e-02,6.626093387603759766e-02,-8.394792675971984863e-03
1.373147964477539062e-02,6.622016429901123047e-02,-8.493170142173767090e-03
1.359474658966064453e-02,6.617379188537597656e-02,-8.591279387474060059e-03
1.345908641815185547e-02,6.611847877502441406e-02,-8.672058582305908203e-03
1.332521438598632812e-02,6.605374813079833984e-02,-8.741900324821472168e-03
1.321494579315185547e-02,6.587171554565429688e-02,-8.711919188499450684e-03
1.312470436096191406e-02,6.570172309875488281e-02,-8.680760860443115234e-03
1.302504539489746094e-02,6.557595729827880859e-02,-8.644551038742065430e-03
1.292550563812255859e-02,6.545078754425048828e-02,-8.598312735557556152e-03
1.282370090484619141e-02,6.532943248748779297e-02,-8.569926023483276367e-03
1.273238658905029297e-02,6.521224975585937500e-02,-8.541956543922424316e-03
1.263988018035888672e-02,6.510806083679199219e-02,-8.510589599609375000e-03
1.253700256347656250e-02,6.500506401062011719e-02,-8.483290672302246094e-03
1.245403289794921875e-02,6.490623950958251953e-02,-8.488342165946960449e-03
1.235985755920410156e-02,6.480205059051513672e-02,-8.495613932609558105e-03
1.225352287292480469e-02,6.471085548400878906e-02,-8.493259549140930176e-03
1.216042041778564453e-02,6.460094451904296875e-02,-8.465096354484558105e-03
1.207804679870605469e-02,6.448996067047119141e-02,-8.440494537353515625e-03
1.198363304138183594e-02,6.440043449401855469e-02,-8.418291807174682617e-03
1.190233230590820312e-02,6.432092189788818359e-02,-8.405253291130065918e-03
1.184237003326416016e-02,6.423711776733398438e-02,-8.386373519897460938e-03
1.178073883056640625e-02,6.415700912475585938e-02,-8.362650871276855469e-03
1.171040534973144531e-02,6.407344341278076172e-02,-8.370324969291687012e-03
1.166415214538574219e-02,6.396913528442382812e-02,-8.379518985748291016e-03
1.159727573394775391e-02,6.387221813201904297e-02,-8.417874574661254883e-03
1.152682304382324219e-02,6.379890441894531250e-02,-8.439555764198303223e-03
1.146328449249267578e-02,6.372213363647460938e-02,-8.459359407424926758e-03
1.141321659088134766e-02,6.364941596984863281e-02,-8.473739027976989746e-03
1.135921478271484375e-02,6.357705593109130859e-02,-8.495509624481201172e-03
1.129555702209472656e-02,6.351637840270996094e-02,-8.516848087310791016e-03
1.122450828552246094e-02,6.345605850219726562e-02,-8.528083562850952148e-03
1.114392280578613281e-02,6.341195106506347656e-02,-8.532539010047912598e-03
1.108610630035400391e-02,6.335747241973876953e-02,-8.549407124519348145e-03
1.100504398345947266e-02,6.331753730773925781e-02,-8.599594235420227051e-03
1.091945171356201172e-02,6.329035758972167969e-02,-8.647903800010681152e-03
1.083266735076904297e-02,6.326043605804443359e-02,-8.763954043388366699e-03
1.072108745574951172e-02,6.328058242797851562e-02,-8.857294917106628418e-03
1.059734821319580078e-02,6.328547000885009766e-02,-8.966699242591857910e-03
1.048719882965087891e-02,6.328570842742919922e-02,-9.112760424613952637e-03
1.038932800292968750e-02,6.328523159027099609e-02,-9.257361292839050293e-03
1.029324531555175781e-02,6.325113773345947266e-02,-9.399577975273132324e-03
1.018679141998291016e-02,6.319546699523925781e-02,-9.534403681755065918e-03
1.007008552551269531e-02,6.313550472259521484e-02,-9.668812155723571777e-03
9.971380233764648438e-03,6.311297416687011719e-02,-9.803920984268188477e-03
9.870290756225585938e-03,6.309103965759277344e-02,-9.922176599502563477e-03
9.748339653015136719e-03,6.306815147399902344e-02,-1.003798842430114746e-02
9.622812271118164062e-03,6.304645538330078125e-02,-1.015286147594451904e-02
9.505629539489746094e-03,6.303012371063232422e-02,-1.025527715682983398e-02
9.370565414428710938e-03,6.300652027130126953e-02,-1.034265756607055664e-02
9.256482124328613281e-03,6.297957897186279297e-02,-1.037585735321044922e-02
9.142994880676269531e-03,6.293702125549316406e-02,-1.042261719703674316e-02
9.032368659973144531e-03,6.287395954132080078e-02,-1.043091714382171631e-02
8.916378021240234375e-03,6.281363964080810547e-02,-1.043812930583953857e-02
8.761286735534667969e-03,6.275749206542968750e-02,-1.045611500740051270e-02
8.607506752014160156e-03,6.270468235015869141e-02,-1.042638719081878662e-02
8.455276489257812500e-03,6.264173984527587891e-02,-1.038299500942230225e-02
8.290648460388183594e-03,6.256806850433349609e-02,-1.032881438732147217e-02
8.128046989440917969e-03,6.249558925628662109e-02,-1.031050086021423340e-02
7.964015007019042969e-03,6.242132186889648438e-02,-1.027336716651916504e-02
7.797122001647949219e-03,6.234538555145263672e-02,-1.026044785976409912e-02
7.629275321960449219e-03,6.226027011871337891e-02,-1.024915277957916260e-02
7.468581199645996094e-03,6.218934059143066406e-02,-1.019325852394104004e-02
7.350683212280273438e-03,6.213557720184326172e-02,-1.012612879276275635e-02
7.231712341308593750e-03,6.206965446472167969e-02,-1.003806293010711670e-02
7.110476493835449219e-03,6.200325489044189453e-02,-9.948760271072387695e-03
6.995201110839843750e-03,6.193339824676513672e-02,-9.877145290374755859e-03
6.868124008178710938e-03,6.184911727905273438e-02,-9.792581200599670410e-03
6.738305091857910156e-03,6.174945831298828125e-02,-9.707614779472351074e-03
6.593346595764160156e-03,6.161248683929443359e-02,-9.639844298362731934e-03
6.443619728088378906e-03,6.147360801696777344e-02,-9.586423635482788086e-03
6.296038627624511719e-03,6.133890151977539062e-02,-9.526833891868591309e-03
6.148457527160644531e-03,6.121873855590820312e-02,-9.488537907600402832e-03
6.018519401550292969e-03,6.110870838165283203e-02,-9.459525346755981445e-03
5.881786346435546875e-03,6.099057197570800781e-02,-9.426847100257873535e-03
5.750894546508789062e-03,6.086969375610351562e-02,-9.422287344932556152e-03
5.602598190307617188e-03,6.075346469879150391e-02,-9.392544627189636230e-03
5.448102951049804688e-03,6.063055992126464844e-02,-9.372442960739135742e-03
5.295038223266601562e-03,6.048083305358886719e-02,-9.350582957267761230e-03
5.138158798217773438e-03,6.032168865203857422e-02,-9.314686059951782227e-03
4.973053932189941406e-03,6.017494201660156250e-02,-9.302377700805664062e-03
4.823207855224609375e-03,6.002056598663330078e-02,-9.298548102378845215e-03
4.661202430725097656e-03,5.986011028289794922e-02,-9.319782257080078125e-03
4.510998725891113281e-03,5.970704555511474609e-02,-9.312465786933898926e-03
4.391312599182128906e-03,5.957758426666259766e-02,-9.313091635704040527e-03
4.283428192138671875e-03,5.943953990936279297e-02,-9.334504604339599609e-03
4.199504852294921875e-03,5.927538871765136719e-02,-9.365245699882507324e-03
4.130601882934570312e-03,5.911254882812500000e-02,-9.410351514816284180e-03
4.078865051269531250e-03,5.894744396209716797e-02,-9.451299905776977539e-03
4.029393196105957031e-03,5.880022048950195312e-02,-9.491235017776489258e-03
3.977298736572265625e-03,5.867016315460205078e-02,-9.524390101432800293e-03
3.916382789611816406e-03,5.851757526397705078e-02,-9.534999728202819824e-03
3.865718841552734375e-03,5.836963653564453125e-02,-9.545952081680297852e-03
3.814697265625000000e-03,5.821955204010009766e-02,-9.561657905578613281e-03
3.768920898437500000e-03,5.807352066040039062e-02,-9.568765759468078613e-03
3.722548484802246094e-03,5.795407295227050781e-02,-9.564563632011413574e-03
3.673434257507324219e-03,5.784833431243896484e-02,-9.567841887474060059e-03
3.628969192504882812e-03,5.774509906768798828e-02,-9.579971432685852051e-03
3.582477569580078125e-03,5.764889717102050781e-02,-9.580776095390319824e-03
3.550052642822265625e-03,5.756080150604248047e-02,-9.564921259880065918e-03
3.505706787109375000e-03,5.747509002685546875e-02,-9.582534432411193848e-03
3.460645675659179688e-03,5.739033222198486328e-02,-9.600415825843811035e-03
3.427028656005859375e-03,5.731594562530517578e-02,-9.593456983566284180e-03
3.399252891540527344e-03,5.724895000457763672e-02,-9.599804878234863281e-03
3.396272659301757812e-03,5.718159675598144531e-02,-9.554654359817504883e-03
3.392457962036132812e-03,5.711030960083007812e-02,-9.497016668319702148e-03
3.405928611755371094e-03,5.703270435333251953e-02,-9.427443146705627441e-03
3.410339355468750000e-03,5.695378780364990234e-02,-9.360536932945251465e-03
3.425598144531250000e-03,5.688500404357910156e-02,-9.312301874160766602e-03
3.440976142883300781e-03,5.681324005126953125e-02,-9.246304631233215332e-03
3.452539443969726562e-03,5.677163600921630859e-02,-9.155333042144775391e-03
3.545165061950683594e-03,5.673825740814208984e-02,-9.098753333091735840e-03
3.626108169555664062e-03,5.671119689941406250e-02,-9.079724550247192383e-03
3.687262535095214844e-03,5.669224262237548828e-02,-9.039357304573059082e-03
3.747224807739257812e-03,5.668342113494873047e-02,-9.025365114212036133e-03
3.772258758544921875e-03,5.661928653717041016e-02,-9.004995226860046387e-03
3.804445266723632812e-03,5.655777454376220703e-02,-8.969575166702270508e-03
3.837704658508300781e-03,5.648601055145263672e-02,-8.947849273681640625e-03
3.842473030090332031e-03,5.642235279083251953e-02,-8.915647864341735840e-03
3.858923912048339844e-03,5.635404586791992188e-02,-8.904024958610534668e-03
3.885030746459960938e-03,5.625259876251220703e-02,-8.958831429481506348e-03
3.901958465576171875e-03,5.615508556365966797e-02,-9.025543928146362305e-03
3.903627395629882812e-03,5.608654022216796875e-02,-9.084582328796386719e-03
3.876686096191406250e-03,5.601525306701660156e-02,-9.143084287643432617e-03
3.834128379821777344e-03,5.594396591186523438e-02,-9.202659130096435547e-03
3.836035728454589844e-03,5.588674545288085938e-02,-9.261846542358398438e-03
3.839850425720214844e-03,5.585277080535888672e-02,-9.308785200119018555e-03
3.830432891845703125e-03,5.582022666931152344e-02,-9.351238608360290527e-03
3.826022148132324219e-03,5.575287342071533203e-02,-9.375914931297302246e-03
3.831624984741210938e-03,5.568754673004150391e-02,-9.383663535118103027e-03
3.818869590759277344e-03,5.563151836395263672e-02,-9.381726384162902832e-03
3.814101219177246094e-03,5.557262897491455078e-02,-9.393841028213500977e-03
3.806471824645996094e-03,5.551624298095703125e-02,-9.405106306076049805e-03
3.778815269470214844e-03,5.545783042907714844e-02,-9.407997131347656250e-03
3.772974014282226562e-03,5.539584159851074219e-02,-9.401425719261169434e-03
3.767848014831542969e-03,5.533313751220703125e-02,-9.384661912918090820e-03
3.744006156921386719e-03,5.528831481933593750e-02,-9.364992380142211914e-03
3.698825836181640625e-03,5.524420738220214844e-02,-9.371176362037658691e-03
3.648400306701660156e-03,5.520927906036376953e-02,-9.332507848739624023e-03
3.591775894165039062e-03,5.515980720520019531e-02,-9.297937154769897461e-03
3.528952598571777344e-03,5.510532855987548828e-02,-9.308546781539916992e-03
3.477334976196289062e-03,5.503761768341064453e-02,-9.288564324378967285e-03
3.414869308471679688e-03,5.497908592224121094e-02,-9.259253740310668945e-03
3.361225128173828125e-03,5.492234230041503906e-02,-9.217783808708190918e-03
3.311872482299804688e-03,5.485999584197998047e-02,-9.175166487693786621e-03
3.277897834777832031e-03,5.479681491851806641e-02,-9.138777852058410645e-03
3.237962722778320312e-03,5.472564697265625000e-02,-9.114980697631835938e-03
3.218770027160644531e-03,5.465734004974365234e-02,-9.103670716285705566e-03
3.200411796569824219e-03,5.460238456726074219e-02,-9.076669812202453613e-03
3.200411796569824219e-03,5.453896522521972656e-02,-9.065702557563781738e-03
3.204107284545898438e-03,5.446815490722656250e-02,-9.064301848411560059e-03
3.207683563232421875e-03,5.440151691436767578e-02,-9.054183959960937500e-03
3.213882446289062500e-03,5.433428287506103516e-02,-9.041175246238708496e-03
3.223061561584472656e-03,5.425572395324707031e-02,-9.002044796943664551e-03
3.234148025512695312e-03,5.418217182159423828e-02,-8.985936641693115234e-03
3.259420394897460938e-03,5.412805080413818359e-02,-8.995011448860168457e-03
3.286600112915039062e-03,5.407321453094482422e-02,-8.994847536087036133e-03
3.336429595947265625e-03,5.401194095611572266e-02,-8.999317884445190430e-03
3.384351730346679688e-03,5.395543575286865234e-02,-8.991897106170654297e-03
3.432512283325195312e-03,5.390620231628417969e-02,-8.973613381385803223e-03
3.478288650512695312e-03,5.386018753051757812e-02,-8.947879076004028320e-03
3.547906875610351562e-03,5.381953716278076172e-02,-8.925721049308776855e-03
3.635048866271972656e-03,5.378389358520507812e-02,-8.936449885368347168e-03
3.706455230712890625e-03,5.373561382293701172e-02,-8.973732590675354004e-03
3.767490386962890625e-03,5.363023281097412109e-02,-9.003251791000366211e-03
3.826618194580078125e-03,5.352616310119628906e-02,-9.030669927597045898e-03
3.887653350830078125e-03,5.344140529632568359e-02,-9.090662002563476562e-03
3.943204879760742188e-03,5.333900451660156250e-02,-9.177938103675842285e-03
3.993988037109375000e-03,5.323946475982666016e-02,-9.262159466743469238e-03
4.063129425048828125e-03,5.312168598175048828e-02,-9.347096085548400879e-03
4.129290580749511719e-03,5.301952362060546875e-02,-9.448364377021789551e-03
4.193902015686035156e-03,5.292654037475585938e-02,-9.526133537292480469e-03
4.247903823852539062e-03,5.285596847534179688e-02,-9.579375386238098145e-03
4.300236701965332031e-03,5.278205871582031250e-02,-9.613528847694396973e-03
4.352450370788574219e-03,5.273151397705078125e-02,-9.631603956222534180e-03
4.421949386596679688e-03,5.264794826507568359e-02,-9.624511003494262695e-03
4.512786865234375000e-03,5.256986618041992188e-02,-9.635493159294128418e-03
4.593372344970703125e-03,5.250144004821777344e-02,-9.638816118240356445e-03
4.680275917053222656e-03,5.244743824005126953e-02,-9.661242365837097168e-03
4.750609397888183594e-03,5.239474773406982422e-02,-9.671300649642944336e-03
4.840254783630371094e-03,5.234551429748535156e-02,-9.676650166511535645e-03
4.911541938781738281e-03,5.229330062866210938e-02,-9.707480669021606445e-03
4.979372024536132812e-03,5.223989486694335938e-02,-9.763106703758239746e-03
5.058646202087402344e-03,5.219900608062744141e-02,-9.836480021476745605e-03
5.132317543029785156e-03,5.215859413146972656e-02,-9.911879897117614746e-03
5.195856094360351562e-03,5.211663246154785156e-02,-9.998813271522521973e-03
5.263805389404296875e-03,5.207669734954833984e-02,-1.008769869804382324e-02
5.309700965881347656e-03,5.203282833099365234e-02,-1.015944778919219971e-02
5.342245101928710938e-03,5.199313163757324219e-02,-1.026161015033721924e-02
5.363821983337402344e-03,5.194699764251708984e-02,-1.037429273128509521e-02
5.385637283325195312e-03,5.188000202178955078e-02,-1.047387719154357910e-02
5.405902862548828125e-03,5.180811882019042969e-02,-1.054941117763519287e-02
5.414128303527832031e-03,5.173146724700927734e-02,-1.059567928314208984e-02
5.427956581115722656e-03,5.167853832244873047e-02,-1.063480973243713379e-02
5.444526672363281250e-03,5.161607265472412109e-02,-1.065021753311157227e-02
5.459904670715332031e-03,5.154991149902343750e-02,-1.063905656337738037e-02
5.432844161987304688e-03,5.142199993133544922e-02,-1.061461865901947021e-02
5.403995513916015625e-03,5.129301548004150391e-02,-1.059055328369140625e-02
5.381107330322265625e-03,5.117070674896240234e-02,-1.053398847579956055e-02
5.363583564758300781e-03,5.102038383483886719e-02,-1.044104993343353271e-02
5.343198776245117188e-03,5.089044570922851562e-02,-1.033101975917816162e-02
5.308032035827636719e-03,5.074536800384521484e-02,-1.018527150154113770e-02
5.270481109619140625e-03,5.058991909027099609e-02,-1.005369424819946289e-02
5.269527435302734375e-03,5.045032501220703125e-02,-9.933739900588989258e-03
5.255579948425292969e-03,5.030405521392822266e-02,-9.824514389038085938e-03
5.236864089965820312e-03,5.017268657684326172e-02,-9.713575243949890137e-03
5.222201347351074219e-03,5.005180835723876953e-02,-9.620591998100280762e-03
5.212545394897460938e-03,4.993808269500732422e-02,-9.542375802993774414e-03
5.195856094360351562e-03,4.981279373168945312e-02,-9.488031268119812012e-03
5.175828933715820312e-03,4.969358444213867188e-02,-9.467601776123046875e-03
5.139112472534179688e-03,4.956889152526855469e-02,-9.460195899009704590e-03
5.087494850158691406e-03,4.944622516632080078e-02,-9.475126862525939941e-03
5.031228065490722656e-03,4.932606220245361328e-02,-9.501308202743530273e-03
4.981517791748046875e-03,4.921042919158935547e-02,-9.500756859779357910e-03
4.940629005432128906e-03,4.910767078399658203e-02,-9.512305259704589844e-03
4.958629608154296875e-03,4.900753498077392578e-02,-9.496405720710754395e-03
4.969954490661621094e-03,4.890882968902587891e-02,-9.455084800720214844e-03
4.984021186828613281e-03,4.882729053497314453e-02,-9.455785155296325684e-03
5.019664764404296875e-03,4.874908924102783203e-02,-9.444072842597961426e-03
5.039334297180175781e-03,4.866778850555419922e-02,-9.423330426216125488e-03
5.046010017395019531e-03,4.856944084167480469e-02,-9.393900632858276367e-03
5.048394203186035156e-03,4.848611354827880859e-02,-9.371668100357055664e-03
5.062699317932128906e-03,4.840791225433349609e-02,-9.347423911094665527e-03
5.073904991149902344e-03,4.832994937896728516e-02,-9.346619248390197754e-03
5.106329917907714844e-03,4.825890064239501953e-02,-9.375184774398803711e-03
5.121827125549316406e-03,4.819500446319580078e-02,-9.411275386810302734e-03
5.131125450134277344e-03,4.814040660858154297e-02,-9.438022971153259277e-03
5.168557167053222656e-03,4.802894592285156250e-02,-9.456530213356018066e-03
5.268096923828125000e-03,4.797279834747314453e-02,-9.490042924880981445e-03
5.382657051086425781e-03,4.793930053710937500e-02,-9.516075253486633301e-03
5.477309226989746094e-03,4.789638519287109375e-02,-9.546160697937011719e-03
5.561828613281250000e-03,4.785048961639404297e-02,-9.569287300109863281e-03
5.634546279907226562e-03,4.781341552734375000e-02,-9.590119123458862305e-03
5.706667900085449219e-03,4.776215553283691406e-02,-9.606435894966125488e-03
5.794048309326171875e-03,4.770660400390625000e-02,-9.640678763389587402e-03
5.895137786865234375e-03,4.764783382415771484e-02,-9.640976786613464355e-03
5.996584892272949219e-03,4.760169982910156250e-02,-9.653225541114807129e-03
6.083011627197265625e-03,4.750621318817138672e-02,-9.676352143287658691e-03
6.176710128784179688e-03,4.742383956909179688e-02,-9.686261415481567383e-03
6.266355514526367188e-03,4.735791683197021484e-02,-9.719803929328918457e-03
6.346821784973144531e-03,4.730284214019775391e-02,-9.752228856086730957e-03
6.432056427001953125e-03,4.723882675170898438e-02,-9.816244244575500488e-03
6.494522094726562500e-03,4.718029499053955078e-02,-9.864196181297302246e-03
6.549239158630371094e-03,4.713249206542968750e-02,-9.913161396980285645e-03
6.599068641662597656e-03,4.707562923431396484e-02,-9.935781359672546387e-03
6.647706031799316406e-03,4.703605175018310547e-02,-9.956166148185729980e-03
6.693482398986816406e-03,4.697883129119873047e-02,-9.993851184844970703e-03
6.731152534484863281e-03,4.692363739013671875e-02,-1.001989841461181641e-02
6.738185882568359375e-03,4.686808586120605469e-02,-1.004186272621154785e-02
6.710767745971679688e-03,4.685211181640625000e-02,-1.008079946041107178e-02
6.684541702270507812e-03,4.681658744812011719e-02,-1.012863218784332275e-02
6.642103195190429688e-03,4.676699638366699219e-02,-1.017069816589355469e-02
6.591558456420898438e-03,4.670381546020507812e-02,-1.018959283828735352e-02
6.601333618164062500e-03,4.663503170013427734e-02,-1.018784940242767334e-02
6.596326828002929688e-03,4.655742645263671875e-02,-1.015901565551757812e-02
6.584763526916503906e-03,4.647958278656005859e-02,-1.013763248920440674e-02
6.580948829650878906e-03,4.638552665710449219e-02,-1.010999083518981934e-02
6.556510925292968750e-03,4.628944396972656250e-02,-1.009452342987060547e-02
6.520628929138183594e-03,4.618573188781738281e-02,-1.008199155330657959e-02
6.490945816040039062e-03,4.607439041137695312e-02,-1.006183028221130371e-02
6.462812423706054688e-03,4.598534107208251953e-02,-1.004005968570709229e-02
6.422519683837890625e-03,4.589605331420898438e-02,-1.000165939331054688e-02
6.370544433593750000e-03,4.581463336944580078e-02,-9.952127933502197266e-03
6.318926811218261719e-03,4.573571681976318359e-02,-9.905233979225158691e-03
6.263256072998046875e-03,4.566681385040283203e-02,-9.838879108428955078e-03
6.191253662109375000e-03,4.558718204498291016e-02,-9.813994169235229492e-03
6.129384040832519531e-03,4.550635814666748047e-02,-9.826391935348510742e-03
6.066322326660156250e-03,4.542863368988037109e-02,-9.786933660507202148e-03
6.013631820678710938e-03,4.535222053527832031e-02,-9.770169854164123535e-03
5.960583686828613281e-03,4.527354240417480469e-02,-9.692758321762084961e-03
5.911111831665039062e-03,4.517471790313720703e-02,-9.638547897338867188e-03
5.868673324584960938e-03,4.507589340209960938e-02,-9.621232748031616211e-03
5.838751792907714844e-03,4.497516155242919922e-02,-9.619325399398803711e-03
5.814671516418457031e-03,4.489672183990478516e-02,-9.660884737968444824e-03
5.784869194030761719e-03,4.479110240936279297e-02,-9.717091917991638184e-03
5.777716636657714844e-03,4.468023777008056641e-02,-9.802252054214477539e-03
5.768179893493652344e-03,4.457652568817138672e-02,-9.877875447273254395e-03
5.775570869445800781e-03,4.447829723358154297e-02,-9.962946176528930664e-03
5.788683891296386719e-03,4.439783096313476562e-02,-1.007327437400817871e-02
5.809664726257324219e-03,4.434287548065185547e-02,-1.016846299171447754e-02
5.827784538269042969e-03,4.428887367248535156e-02,-1.025287806987762451e-02
5.869865417480468750e-03,4.442262649536132812e-02,-1.031935214996337891e-02
5.918025970458984375e-03,4.454994201660156250e-02,-1.040700078010559082e-02
5.966424942016601562e-03,4.464781284332275391e-02,-1.049058139324188232e-02
6.007552146911621094e-03,4.473185539245605469e-02,-1.055313646793365479e-02
6.053447723388671875e-03,4.480409622192382812e-02,-1.059889793395996094e-02
6.102323532104492188e-03,4.486358165740966797e-02,-1.066361367702484131e-02
6.185293197631835938e-03,4.492902755737304688e-02,-1.070334017276763916e-02
6.258487701416015625e-03,4.498338699340820312e-02,-1.072983443737030029e-02
6.334066390991210938e-03,4.502987861633300781e-02,-1.074866950511932373e-02
6.402969360351562500e-03,4.509818553924560547e-02,-1.074808835983276367e-02
6.481170654296875000e-03,4.513025283813476562e-02,-1.071493327617645264e-02
6.524801254272460938e-03,4.515540599822998047e-02,-1.066862046718597412e-02
