4.003552347421646118e-02
3.913389518857002258e-02
3.977195918560028076e-02
4.036411643028259277e-02
4.082842543721199036e-02
4.130688309669494629e-02
4.158451780676841736e-02
4.187240451574325562e-02
4.203496873378753662e-02
4.185935482382774353e-02
4.196898266673088074e-02
4.192147031426429749e-02
4.192419350147247314e-02
4.190106689929962158e-02
4.193742573261260986e-02
4.183749482035636902e-02
4.166578873991966248e-02
4.159350693225860596e-02
4.146708175539970398e-02
4.149246588349342346e-02
4.133232310414314270e-02
4.120329394936561584e-02
4.106661677360534668e-02
4.097824171185493469e-02
4.086245596408843994e-02
4.071587696671485901e-02
4.066885262727737427e-02
4.065885767340660095e-02
4.053395241498947144e-02
4.046823456883430481e-02
4.038736224174499512e-02
4.032243788242340088e-02
4.037068784236907959e-02
4.057721048593521118e-02
4.078694060444831848e-02
4.105004668235778809e-02
4.144609719514846802e-02
4.184877499938011169e-02
4.230407252907752991e-02
4.275325313210487366e-02
4.313541948795318604e-02
4.358529299497604370e-02
4.404425993561744690e-02
4.461621120572090149e-02
4.517637565732002258e-02
4.563534632325172424e-02
4.620604217052459717e-02
4.673767462372779846e-02
4.714411497116088867e-02
4.751159250736236572e-02
4.790709912776947021e-02
4.835331812500953674e-02
4.858244955539703369e-02
4.876897856593132019e-02
4.884096607565879822e-02
4.898086562752723694e-02
4.924399033188819885e-02
4.959999769926071167e-02
4.994183778762817383e-02
5.030385777354240417e-02
5.088566988706588745e-02
5.143018439412117004e-02
5.206683650612831116e-02
5.270055681467056274e-02
5.318823456764221191e-02
5.373693257570266724e-02
5.422760918736457825e-02
5.475622788071632385e-02
5.515297874808311462e-02
5.554641410708427429e-02
5.592225864529609680e-02
5.615349486470222473e-02
5.631001293659210205e-02
5.659228935837745667e-02
5.691388249397277832e-02
5.722054839134216309e-02
5.746051669120788574e-02
5.764667317271232605e-02
5.780118703842163086e-02
5.797633901238441467e-02
5.810600519180297852e-02
5.835115164518356323e-02
5.851149559020996094e-02
5.860650166869163513e-02
5.867153406143188477e-02
5.860701203346252441e-02
5.860415101051330566e-02
5.862499773502349854e-02
5.871042981743812561e-02
5.873206257820129395e-02
5.882150679826736450e-02
5.901876464486122131e-02
5.938158556818962097e-02
5.968767032027244568e-02
5.984210595488548279e-02
5.994936078786849976e-02
6.001536548137664795e-02
6.008312851190567017e-02
6.017532572150230408e-02
6.016940996050834656e-02
6.013007089495658875e-02
6.000720709562301636e-02
5.977905541658401489e-02
5.949351936578750610e-02
5.930288508534431458e-02
5.912602692842483521e-02
5.894010141491889954e-02
5.888633057475090027e-02
5.880412831902503967e-02
5.869672447443008423e-02
5.852601304650306702e-02
5.831133201718330383e-02
5.823115259408950806e-02
5.822630599141120911e-02
5.811728909611701965e-02
5.804940685629844666e-02
5.793053656816482544e-02
5.777543783187866211e-02
5.764476954936981201e-02
5.737466737627983093e-02
5.720539018511772156e-02
5.701192468404769897e-02
5.698212608695030212e-02
5.717902630567550659e-02
5.725874006748199463e-02
5.740668997168540955e-02
5.741865560412406921e-02
5.734506621956825256e-02
5.726433172821998596e-02
5.736516416072845459e-02
5.737657845020294189e-02
5.737905204296112061e-02
5.731081217527389526e-02
5.737088620662689209e-02
5.738795548677444458e-02
5.737952142953872681e-02
5.735335871577262878e-02
5.696620419621467590e-02
5.664002895355224609e-02
5.636545270681381226e-02
5.612869188189506531e-02
5.596725642681121826e-02
5.587586015462875366e-02
5.584488809108734131e-02
5.589947849512100220e-02
5.585226789116859436e-02
5.586069449782371521e-02
5.594799667596817017e-02
5.597482621669769287e-02
5.612618103623390198e-02
5.636642128229141235e-02
5.660718679428100586e-02
5.709743872284889221e-02
5.741046369075775146e-02
5.769932642579078674e-02
5.794524028897285461e-02
5.809328332543373108e-02
5.833295732736587524e-02
5.849103629589080811e-02
5.868451297283172607e-02
5.892582610249519348e-02
5.912349373102188110e-02
5.930846929550170898e-02
5.949608981609344482e-02
5.968962609767913818e-02
5.966476723551750183e-02
5.975075066089630127e-02
5.983024090528488159e-02
6.003874167799949646e-02
6.026348099112510681e-02
6.041797623038291931e-02
6.052862480282783508e-02
6.063774973154067993e-02
6.073415279388427734e-02
6.094118580222129822e-02
6.119273975491523743e-02
6.136706843972206116e-02
6.144947186112403870e-02
6.157786026597023010e-02
6.163281202316284180e-02
6.162055954337120056e-02
6.164178252220153809e-02
6.155788525938987732e-02
6.134784966707229614e-02
6.115058064460754395e-02
6.104503571987152100e-02
6.098005920648574829e-02
6.085134297609329224e-02
6.066029146313667297e-02
6.053426116704940796e-02
6.037236377596855164e-02
6.020340323448181152e-02
6.004949659109115601e-02
5.998738482594490051e-02
5.997547879815101624e-02
5.982310697436332703e-02
5.975313857197761536e-02
5.963676795363426208e-02
5.968902260065078735e-02
5.985256284475326538e-02
6.007644161581993103e-02
6.024192273616790771e-02
6.045643612742424011e-02
6.052590906620025635e-02
6.053684651851654053e-02
6.044781208038330078e-02
6.039145216345787048e-02
6.026992574334144592e-02
6.020509079098701477e-02
6.018506735563278198e-02
6.017475202679634094e-02
6.009495630860328674e-02
5.992877855896949768e-02
5.973764508962631226e-02
5.962095409631729126e-02
5.955478176474571228e-02
5.935458466410636902e-02
5.895153060555458069e-02
5.861645936965942383e-02
5.828960239887237549e-02
5.809406936168670654e-02
5.774503946304321289e-02
5.737654492259025574e-02
5.706322938203811646e-02
5.663500353693962097e-02
5.638279393315315247e-02
5.616962909698486328e-02
5.612436309456825256e-02
5.605497211217880249e-02
5.616808310151100159e-02
5.610500648617744446e-02
5.608422309160232544e-02
5.597665533423423767e-02
5.595709010958671570e-02
5.603573098778724670e-02
5.619490519165992737e-02
5.637026205658912659e-02
5.638048797845840454e-02
5.649441480636596680e-02
5.664625763893127441e-02
5.677903071045875549e-02
5.700107291340827942e-02
5.713412538170814514e-02
5.714653432369232178e-02
5.720775201916694641e-02
5.720647051930427551e-02
5.731315538287162781e-02
5.741681903600692749e-02
5.752469971776008606e-02
5.757379159331321716e-02
5.760971456766128540e-02
5.765564367175102234e-02
5.757427215576171875e-02
5.751706287264823914e-02
5.745706334710121155e-02
5.737271532416343689e-02
5.723236873745918274e-02
5.717053636908531189e-02
5.715253204107284546e-02
5.698975548148155212e-02
5.688994377851486206e-02
5.678119137883186340e-02
5.662012845277786255e-02
5.649168789386749268e-02
5.658081546425819397e-02
5.663196370005607605e-02
5.664299428462982178e-02
5.657898634672164917e-02
5.659526214003562927e-02
5.659380555152893066e-02
5.649253353476524353e-02
5.641103908419609070e-02
5.633197352290153503e-02
5.632464587688446045e-02
5.623161792755126953e-02
5.621881037950515747e-02
5.617602542042732239e-02
5.626923590898513794e-02
5.644265189766883850e-02
5.652568489313125610e-02
5.657270550727844238e-02
5.669266358017921448e-02
5.679492652416229248e-02
5.697568878531455994e-02
5.711491405963897705e-02
5.720394104719161987e-02
5.726067721843719482e-02
5.720429494976997375e-02
5.706473067402839661e-02
5.688181892037391663e-02
5.674735829234123230e-02
5.661769956350326538e-02
5.631705373525619507e-02
5.601711943745613098e-02
5.574630573391914368e-02
5.559579282999038696e-02
5.540020391345024109e-02
5.519503727555274963e-02
5.499693006277084351e-02
5.478370562195777893e-02
5.451341345906257629e-02
5.412499979138374329e-02
5.377738550305366516e-02
5.342877656221389771e-02
5.307724326848983765e-02
5.283292382955551147e-02
5.255682393908500671e-02
5.237117782235145569e-02
5.202587693929672241e-02
5.165261402726173401e-02
5.129980295896530151e-02
5.094041302800178528e-02
5.068989098072052002e-02
5.050184950232505798e-02
5.032405629754066467e-02
5.003643780946731567e-02
4.974946752190589905e-02
4.948257282376289368e-02
4.924806207418441772e-02
4.894877970218658447e-02
4.874090850353240967e-02
4.845341667532920837e-02
4.816608875989913940e-02
4.779049754142761230e-02
4.722686484456062317e-02
4.669973254203796387e-02
4.616650193929672241e-02
4.566397517919540405e-02
4.519452527165412903e-02
4.470654577016830444e-02
4.427102208137512207e-02
4.382142424583435059e-02
4.340224340558052063e-02
4.297086596488952637e-02
4.266325756907463074e-02
4.235572367906570435e-02
4.202732071280479431e-02
4.169096425175666809e-02
4.122462868690490723e-02
4.090249165892601013e-02
4.059883207082748413e-02
4.025750607252120972e-02
3.991268202662467957e-02
3.951618447899818420e-02
3.914486244320869446e-02
3.864119946956634521e-02
3.820846602320671082e-02
3.778279945254325867e-02
3.740041702985763550e-02
3.712842985987663269e-02
3.690006211400032043e-02
3.676842153072357178e-02
3.658874332904815674e-02
3.662557899951934814e-02
3.666132688522338867e-02
3.663901984691619873e-02
3.659439459443092346e-02
3.652243316173553467e-02
3.642365708947181702e-02
3.642102330923080444e-02
3.637810796499252319e-02
3.617902472615242004e-02
3.595929220318794250e-02
3.576172143220901489e-02
3.557309135794639587e-02
3.523039072751998901e-02
3.495648875832557678e-02
3.461856395006179810e-02
3.431748226284980774e-02
3.410398215055465698e-02
3.395025059580802917e-02
3.381233662366867065e-02
3.360433876514434814e-02
3.331450000405311584e-02
3.315507993102073669e-02
3.306774795055389404e-02
3.295872732996940613e-02
3.284008800983428955e-02
3.279362991452217102e-02
3.276525065302848816e-02
3.270657360553741455e-02
3.274410590529441833e-02
3.280888497829437256e-02
3.277705609798431396e-02
3.276627138257026672e-02
3.276275470852851868e-02
3.277160227298736572e-02
3.281053900718688965e-02
3.294032812118530273e-02
3.305435180664062500e-02
3.315772488713264465e-02
3.325308114290237427e-02
3.339064121246337891e-02
3.350514546036720276e-02
3.357246518135070801e-02
3.367053717374801636e-02
3.387576714158058167e-02
3.406655788421630859e-02
3.428535163402557373e-02
3.444849327206611633e-02
3.456804528832435608e-02
3.454283624887466431e-02
3.444524854421615601e-02
3.427726402878761292e-02
3.411809355020523071e-02
3.403163328766822815e-02
3.393840417265892029e-02
3.393129631876945496e-02
3.394433856010437012e-02
3.392229601740837097e-02
3.393660485744476318e-02
3.397393599152565002e-02
3.397191315889358521e-02
3.392665088176727295e-02
3.383133932948112488e-02
3.378139063715934753e-02
3.375588357448577881e-02
3.380184248089790344e-02
3.376725316047668457e-02
3.375587612390518188e-02
3.372349962592124939e-02
3.368631005287170410e-02
3.370563313364982605e-02
3.363029658794403076e-02
3.347792848944664001e-02
3.331299871206283569e-02
3.330389410257339478e-02
3.330489620566368103e-02
3.310056775808334351e-02
3.294061124324798584e-02
3.268277645111083984e-02
3.245170041918754578e-02
3.213836625218391418e-02
3.187820315361022949e-02
3.157756477594375610e-02
3.138509020209312439e-02
3.123405389487743378e-02
3.105732984840869904e-02
3.085804358124732971e-02
3.070191666483879089e-02
3.053541854023933411e-02
3.035707958042621613e-02
3.018532879650592804e-02
3.012288548052310944e-02
3.005222603678703308e-02
2.994298376142978668e-02
2.997520752251148224e-02
3.004010207951068878e-02
3.003192692995071411e-02
2.999685890972614288e-02
3.005031682550907135e-02
3.006802499294281006e-02
3.009386360645294189e-02
3.000871278345584869e-02
2.992151118814945221e-02
2.977525070309638977e-02
2.966076135635375977e-02
2.952320687472820282e-02
2.932920120656490326e-02
2.916207723319530487e-02
2.905118092894554138e-02
2.894273027777671814e-02
2.873883582651615143e-02
2.851988188922405243e-02
2.827473729848861694e-02
2.822766080498695374e-02
2.816577441990375519e-02
2.805609628558158875e-02
2.795273065567016602e-02
2.785020135343074799e-02
2.782656811177730560e-02
2.780410088598728180e-02
2.776782587170600891e-02
2.774647437036037445e-02
2.767281793057918549e-02
2.760740928351879120e-02
2.761287055909633636e-02
2.766529843211174011e-02
2.772511728107929230e-02
2.779716439545154572e-02
2.792983874678611755e-02
2.804589644074440002e-02
2.823945507407188416e-02
2.836036868393421173e-02
2.842837944626808167e-02
2.847790159285068512e-02
2.851016074419021606e-02
2.854613214731216431e-02
2.858822606503963470e-02
2.859591692686080933e-02
2.866943553090095520e-02
2.893073856830596924e-02
2.914972789585590363e-02
2.940633520483970642e-02
2.967469953000545502e-02
2.975050173699855804e-02
2.985862456262111664e-02
2.995528653264045715e-02
2.993819676339626312e-02
2.995601668953895569e-02
2.995601668953895569e-02
3.005924634635448456e-02
3.021701239049434662e-02
3.033364191651344299e-02
3.044290468096733093e-02
3.055798821151256561e-02
3.062957711517810822e-02
3.068367950618267059e-02
3.075773641467094421e-02
3.084236197173595428e-02
3.085979074239730835e-02
3.084882907569408417e-02
3.085714764893054962e-02
3.089264221489429474e-02
3.090913780033588409e-02
3.088327310979366302e-02
3.074999153614044189e-02
3.052796795964241028e-02
3.034021891653537750e-02
3.019559383392333984e-02
3.005769662559032440e-02
2.985846996307373047e-02
2.957159839570522308e-02
2.931821532547473907e-02
2.911591716110706329e-02
2.892012894153594971e-02
2.870168723165988922e-02
2.860416471958160400e-02
2.850236184895038605e-02
2.846191823482513428e-02
2.835787832736968994e-02
2.828595414757728577e-02
2.812818624079227448e-02
2.802385017275810242e-02
2.794547006487846375e-02
2.783784084022045135e-02
2.778900973498821259e-02
2.786051668226718903e-02
2.789340540766716003e-02
2.788792364299297333e-02
2.787994965910911560e-02
2.787849679589271545e-02
2.788796648383140564e-02
2.776101417839527130e-02
2.756061777472496033e-02
2.737403661012649536e-02
2.718293294310569763e-02
2.700099535286426544e-02
2.684698626399040222e-02
2.665813826024532318e-02
2.637267298996448517e-02
2.604030445218086243e-02
2.584613300859928131e-02
2.562916837632656097e-02
2.541437186300754547e-02
2.515207976102828979e-02
2.492853067815303802e-02
2.461979351937770844e-02
2.432708069682121277e-02
2.407661639153957367e-02
2.381769940257072449e-02
2.357105724513530731e-02
2.335157617926597595e-02
2.320017851889133453e-02
2.319811470806598663e-02
2.309996075928211212e-02
2.304937876760959625e-02
2.304276637732982635e-02
2.307274192571640015e-02
2.300919406116008759e-02
2.298979833722114563e-02
2.297806739807128906e-02
2.302026376128196716e-02
2.307789772748947144e-02
2.310163900256156921e-02
2.313978783786296844e-02
2.316951565444469452e-02
2.323522977530956268e-02
2.324245870113372803e-02
2.325753122568130493e-02
2.319160848855972290e-02
2.313534915447235107e-02
2.305683493614196777e-02
2.294952049851417542e-02
2.277633920311927795e-02
2.261131256818771362e-02
2.248249948024749756e-02
2.232843451201915741e-02
2.218212746083736420e-02
2.204195596277713776e-02
2.189940214157104492e-02
2.179069444537162781e-02
2.157403342425823212e-02
2.130612544715404510e-02
2.100647240877151489e-02
2.074122242629528046e-02
2.052023075520992279e-02
2.039469406008720398e-02
2.025663293898105621e-02
2.010718360543251038e-02
1.994821429252624512e-02
1.973825134336948395e-02
1.940485648810863495e-02
1.912026293575763702e-02
1.882479153573513031e-02
1.851102896034717560e-02
1.820077933371067047e-02
1.788174174726009369e-02
1.757091283798217773e-02
1.717111840844154358e-02
1.679490320384502411e-02
1.637242175638675690e-02
1.591459847986698151e-02
1.540719531476497650e-02
1.496701408177614212e-02
1.442454475909471512e-02
1.397354714572429657e-02
1.352369785308837891e-02
1.311376504600048065e-02
1.271167956292629242e-02
1.238991972059011459e-02
1.204450055956840515e-02
1.179819181561470032e-02
1.161620579659938812e-02
1.141062751412391663e-02
1.123243663460016251e-02
1.101550087332725525e-02
1.083717402070760727e-02
1.065154466778039932e-02
1.050621643662452698e-02
1.037664711475372314e-02
1.034988276660442352e-02
1.032933127135038376e-02
1.030797511339187622e-02
1.028601359575986862e-02
1.030825730413198471e-02
1.030781865119934082e-02
1.029206439852714539e-02
1.030750852078199387e-02
1.030090264976024628e-02
1.033158320933580399e-02
1.026014145463705063e-02
1.015982590615749359e-02
1.009444799274206161e-02
1.000505778938531876e-02
9.906388819217681885e-03
9.863621555268764496e-03
9.762273170053958893e-03
9.646558202803134918e-03
9.560787118971347809e-03
9.489247575402259827e-03
9.431506507098674774e-03
9.340786375105381012e-03
9.265855886042118073e-03
9.233410470187664032e-03
9.167626500129699707e-03
9.140949696302413940e-03
9.041967801749706268e-03
8.928035385906696320e-03
8.848635479807853699e-03
8.794378489255905151e-03
8.745791390538215637e-03
8.700614795088768005e-03
8.635993115603923798e-03
8.548983372747898102e-03
8.395588956773281097e-03
8.248668164014816284e-03
6.968521978706121445e-03
6.041184533387422562e-03
5.441975779831409454e-03
5.174338351935148239e-03
5.154818762093782425e-03
5.334467627108097076e-03
5.616797599941492081e-03
5.949599668383598328e-03
6.315224803984165192e-03
6.686702836304903030e-03
7.055006921291351318e-03
7.407722063362598419e-03
7.761474698781967163e-03
8.082389831542968750e-03
8.398232981562614441e-03
8.708797395229339600e-03
9.011402726173400879e-03
9.309344924986362457e-03
9.590240195393562317e-03
9.866982698440551758e-03
1.011952012777328491e-02
1.034897845238447189e-02
1.057663373649120331e-02
1.077969558537006378e-02
1.099052932113409042e-02
1.118483301252126694e-02
1.137289777398109436e-02
1.153822895139455795e-02
1.168405544012784958e-02
1.181859429925680161e-02
1.190512720495462418e-02
1.213631220161914825e-02
1.238564494997262955e-02
1.264747139066457748e-02
1.292874570935964584e-02
1.316712424159049988e-02
1.333506219089031219e-02
1.348647754639387131e-02
1.366147678345441818e-02
1.381738856434822083e-02
1.396818459033966064e-02
1.408368069678544998e-02
1.418734341859817505e-02
1.425694581121206284e-02
1.431362517178058624e-02
1.437302120029926300e-02
1.444813236594200134e-02
1.453257258981466293e-02
1.462030131369829178e-02
1.466729864478111267e-02
1.473459973931312561e-02
1.470864191651344299e-02
1.468606665730476379e-02
1.468429435044527054e-02
1.468616258352994919e-02
1.469660829752683640e-02
1.469820085912942886e-02
1.470445841550827026e-02
1.466642692685127258e-02
1.459179632365703583e-02
1.455696672201156616e-02
1.457121223211288452e-02
1.456586830317974091e-02
1.459094788879156113e-02
1.462486572563648224e-02
1.465592626482248306e-02
1.469416264444589615e-02
1.473200600594282150e-02
1.478366181254386902e-02
1.480331458151340485e-02
1.481196563690900803e-02
1.481250394135713577e-02
1.478819642215967178e-02
1.474930066615343094e-02
1.470275595784187317e-02
1.461466215550899506e-02
1.455284003168344498e-02
1.452437508851289749e-02
1.452112756669521332e-02
1.451611611992120743e-02
1.450516935437917709e-02
1.452051103115081787e-02
1.456172671169042587e-02
1.459054835140705109e-02
1.461727544665336609e-02
1.464731339365243912e-02
1.464553922414779663e-02
1.464275456964969635e-02
1.463120803236961365e-02
1.457177381962537766e-02
1.452028471976518631e-02
1.445588376373052597e-02
1.437804196029901505e-02
1.429786253720521927e-02
1.425344031304121017e-02
1.423414517194032669e-02
1.424258761107921600e-02
1.430363208055496216e-02
1.437270455062389374e-02
1.445753686130046844e-02
1.455987058579921722e-02
1.465387176722288132e-02
1.471495162695646286e-02
1.472416426986455917e-02
1.470784191042184830e-02
1.467610150575637817e-02
1.466239430010318756e-02
1.461533829569816589e-02
1.456360798329114914e-02
1.455644611269235611e-02
1.457800529897212982e-02
1.459457818418741226e-02
1.463407650589942932e-02
1.466870494186878204e-02
1.471579819917678833e-02
1.481624133884906769e-02
1.494223158806562424e-02
1.505415793508291245e-02
1.515928562730550766e-02
1.526834536343812943e-02
1.538146659731864929e-02
1.552136056125164032e-02
1.568229310214519501e-02
1.586068049073219299e-02
1.603723503649234772e-02
1.621386222541332245e-02
1.639092713594436646e-02
1.656451262533664703e-02
1.673096604645252228e-02
1.689361967146396637e-02
1.705997064709663391e-02
1.723785884678363800e-02
1.743820868432521820e-02
1.759837754070758820e-02
1.774105802178382874e-02
1.786254346370697021e-02
1.800695434212684631e-02
1.812367513775825500e-02
1.822086796164512634e-02
1.830548234283924103e-02
1.833370514214038849e-02
1.836967654526233673e-02
1.837557740509510040e-02
1.835563778877258301e-02
1.833394542336463928e-02
1.828712970018386841e-02
1.826842688024044037e-02
1.821774244308471680e-02
1.814508810639381409e-02
1.805456727743148804e-02
1.789998449385166168e-02
1.777428574860095978e-02
1.764193736016750336e-02
1.746883988380432129e-02
1.729766093194484711e-02
1.717947795987129211e-02
1.704748161137104034e-02
1.694456115365028381e-02
1.686517521739006042e-02
1.676920428872108459e-02
1.670386083424091339e-02
1.667603850364685059e-02
1.663176156580448151e-02
1.660289056599140167e-02
1.657062396407127380e-02
1.655134558677673340e-02
1.649361848831176758e-02
1.644650101661682129e-02
1.641306839883327484e-02
1.639994233846664429e-02
1.637519150972366333e-02
1.631374470889568329e-02
1.627392694354057312e-02
1.624250970780849457e-02
1.619758456945419312e-02
1.615164242684841156e-02
1.610904000699520111e-02
1.606999710202217102e-02
1.603341475129127502e-02
1.601698249578475952e-02
1.600464992225170135e-02
1.598045602440834045e-02
1.595162227749824524e-02
1.594172418117523193e-02
1.591924950480461121e-02
1.592899300158023834e-02
1.591674238443374634e-02
1.591759175062179565e-02
1.589555293321609497e-02
1.581478118896484375e-02
1.577830873429775238e-02
1.577310077846050262e-02
1.576825045049190521e-02
1.576730608940124512e-02
1.576692797243595123e-02
1.577921025454998016e-02
1.579708233475685120e-02
1.581143029034137726e-02
1.580450870096683502e-02
1.579269208014011383e-02
1.578342542052268982e-02
1.579079963266849518e-02
1.576611027121543884e-02
1.574405096471309662e-02
1.571206934750080109e-02
1.570389792323112488e-02
1.572073251008987427e-02
1.573483832180500031e-02
1.574622094631195068e-02
1.571006514132022858e-02
1.567494496703147888e-02
1.562531106173992157e-02
1.556347589939832687e-02
1.550942845642566681e-02
1.543879602104425430e-02
1.538591459393501282e-02
1.527150161564350128e-02
1.514439191669225693e-02
1.504838373512029648e-02
1.496307179331779480e-02
1.490771584212779999e-02
1.488881092518568039e-02
1.489413343369960785e-02
1.490105688571929932e-02
1.493271533399820328e-02
1.496054884046316147e-02
1.497725211083889008e-02
1.499384641647338867e-02
1.499935705214738846e-02
1.497856341302394867e-02
1.496267970651388168e-02
1.493427902460098267e-02
1.489835232496261597e-02
1.487725786864757538e-02
1.483073644340038300e-02
1.481985487043857574e-02
1.480625197291374207e-02
1.478113979101181030e-02
1.473401114344596863e-02
1.470120251178741455e-02
1.467522326856851578e-02
1.462486758828163147e-02
1.458847522735595703e-02
1.453036349266767502e-02
1.449232734739780426e-02
1.444882899522781372e-02
1.441200822591781616e-02
1.436547562479972839e-02
1.437112782150506973e-02
1.438942644745111465e-02
1.441439799964427948e-02
1.444917079061269760e-02
1.450749114155769348e-02
1.454007718712091446e-02
1.455159951001405716e-02
1.459076721221208572e-02
1.461301092058420181e-02
1.464992575347423553e-02
1.468154322355985641e-02
1.472213957458734512e-02
1.477993745356798172e-02
1.482173241674900055e-02
1.482698414474725723e-02
1.484807301312685013e-02
1.489866338670253754e-02
1.494228560477495193e-02
1.497850567102432251e-02
1.502464991062879562e-02
1.507637370377779007e-02
1.501673366874456406e-02
1.495310664176940918e-02
1.488746516406536102e-02
1.481450349092483521e-02
1.478769537061452866e-02
1.472118310630321503e-02
1.464167889207601547e-02
1.453993655741214752e-02
1.444288529455661774e-02
1.432099472731351852e-02
1.418308448046445847e-02
1.406656485050916672e-02
1.395548693835735321e-02
1.384920906275510788e-02
1.367355138063430786e-02
1.351150497794151306e-02
1.337393652647733688e-02
1.328796707093715668e-02
1.322873495519161224e-02
1.317143999040126801e-02
1.312550343573093414e-02
1.311702094972133636e-02
1.313420012593269348e-02
1.316063012927770615e-02
1.318837981671094894e-02
1.323050074279308319e-02
1.322841551154851913e-02
1.322654169052839279e-02
1.321913115680217743e-02
1.319576706737279892e-02
1.316783577203750610e-02
1.312590390443801880e-02
1.308747939765453339e-02
1.306091435253620148e-02
1.303565688431262970e-02
1.300674863159656525e-02
1.302958931773900986e-02
1.304487697780132294e-02
1.309239305555820465e-02
1.313122920691967010e-02
1.317182555794715881e-02
1.320332009345293045e-02
1.323646400123834610e-02
1.327351853251457214e-02
1.331934705376625061e-02
1.336476858705282211e-02
1.341117452830076218e-02
1.347485743463039398e-02
1.354733388870954514e-02
1.361917890608310699e-02
1.366338785737752914e-02
1.371758989989757538e-02
1.375225372612476349e-02
1.376460865139961243e-02
1.373901963233947754e-02
1.369083300232887268e-02
1.363527961075305939e-02
1.359726302325725555e-02
1.355345640331506729e-02
1.349795982241630554e-02
1.343934051692485809e-02
1.336106006056070328e-02
1.329226139932870865e-02
1.321650017052888870e-02
