5.864281579852104187e-02
5.864281579852104187e-02
6.033458188176155090e-02
6.089496612548828125e-02
6.113811954855918884e-02
6.091157346963882446e-02
6.057057529687881470e-02
6.032606214284896851e-02
5.994094535708427429e-02
5.963826552033424377e-02
5.926673486828804016e-02
5.892661586403846741e-02
5.862427875399589539e-02
5.823204293847084045e-02
5.791360512375831604e-02
5.755697935819625854e-02
5.716861039400100708e-02
5.681146681308746338e-02
5.658825114369392395e-02
5.630597472190856934e-02
