3.634978830814361572e-02
3.634978830814361572e-02
3.708845004439353943e-02
3.693113476037979126e-02
3.771692141890525818e-02
3.794569522142410278e-02
3.804357349872589111e-02
3.816913813352584839e-02
3.826540336012840271e-02
3.811531886458396912e-02
3.793567419052124023e-02
3.787759691476821899e-02
3.773640096187591553e-02
3.769727796316146851e-02
3.765054419636726379e-02
3.748838976025581360e-02
3.730629384517669678e-02
3.735419362783432007e-02
3.731967136263847351e-02
3.725629299879074097e-02
3.726509585976600647e-02
3.738205507397651672e-02
3.752306476235389709e-02
3.766270354390144348e-02
3.764387965202331543e-02
3.745753318071365356e-02
3.716648742556571960e-02
3.689797967672348022e-02
3.680276125669479370e-02
3.648923709988594055e-02
3.618307411670684814e-02
3.594226390123367310e-02
3.562407940626144409e-02
3.550902381539344788e-02
3.546440601348876953e-02
3.543207794427871704e-02
3.528982400894165039e-02
3.527848795056343079e-02
3.522074967622756958e-02
3.509397432208061218e-02
3.512144088745117188e-02
3.504574671387672424e-02
3.500368818640708923e-02
3.484715148806571960e-02
3.404569253325462341e-02
3.333068266510963440e-02
3.269261121749877930e-02
3.212280198931694031e-02
3.161635622382164001e-02
3.116383031010627747e-02
3.075913153588771820e-02
3.039728291332721710e-02
3.007345832884311676e-02
2.978510409593582153e-02
2.952687442302703857e-02
2.929508313536643982e-02
2.908718772232532501e-02
2.890028059482574463e-02
2.873367816209793091e-02
2.858354896306991577e-02
2.844863012433052063e-02
2.832745201885700226e-02
2.821887098252773285e-02
2.812104113399982452e-02
2.803315967321395874e-02
2.795408852398395538e-02
2.788283862173557281e-02
2.781885676085948944e-02
2.776118740439414978e-02
2.770847454667091370e-02
2.766078710556030273e-02
2.761745452880859375e-02
2.757884189486503601e-02
2.754397504031658173e-02
2.751246467232704163e-02
2.748385444283485413e-02
2.745824493467807770e-02
2.743514440953731537e-02
2.741461060941219330e-02
2.739606238901615143e-02
2.737937122583389282e-02
2.736489847302436829e-02
2.735195122659206390e-02
2.733963355422019958e-02
2.732868306338787079e-02
2.731896005570888519e-02
2.731035463511943817e-02
2.730326168239116669e-02
2.729686349630355835e-02
2.729088440537452698e-02
2.728577889502048492e-02
2.728183940052986145e-02
2.727815508842468262e-02
2.727546170353889465e-02
2.727546170353889465e-02
2.727311663329601288e-02
2.727085724472999573e-02
2.726862952113151550e-02
2.726691216230392456e-02
2.726523391902446747e-02
2.726383693516254425e-02
2.726336009800434113e-02
2.726328931748867035e-02
2.726357057690620422e-02
2.726387232542037964e-02
2.726467698812484741e-02
2.726585790514945984e-02
2.726665511727333069e-02
2.726716548204421997e-02
2.726799808442592621e-02
2.726850472390651703e-02
2.726941555738449097e-02
2.727011777460575104e-02
2.727201767265796661e-02
2.727401815354824066e-02
2.727616764605045319e-02
2.727850899100303650e-02
2.728107385337352753e-02
2.728318050503730774e-02
2.728548645973205566e-02
2.728713303804397583e-02
2.728964947164058685e-02
2.729308232665061951e-02
2.729496918618679047e-02
2.729644253849983215e-02
2.729802392423152924e-02
2.729924581944942474e-02
2.730068936944007874e-02
2.730271592736244202e-02
2.730463817715644836e-02
2.730672433972358704e-02
2.730818837881088257e-02
2.730933576822280884e-02
2.731059305369853973e-02
2.731172181665897369e-02
2.731278538703918457e-02
2.731382660567760468e-02
2.731506153941154480e-02
2.731696330010890961e-02
2.731778472661972046e-02
2.731900848448276520e-02
2.731988206505775452e-02
2.732056193053722382e-02
2.732076309621334076e-02
2.732202969491481781e-02
2.732215449213981628e-02
2.732075192034244537e-02
2.731915563344955444e-02
2.731749042868614197e-02
2.731641009449958801e-02
2.731510624289512634e-02
2.731317654252052307e-02
2.731139585375785828e-02
2.730929106473922729e-02
2.730747684836387634e-02
2.730671688914299011e-02
2.730633318424224854e-02
2.730426751077175140e-02
2.730219997465610504e-02
2.730102278292179108e-02
2.729970216751098633e-02
2.729805372655391693e-02
2.729611098766326904e-02
2.729412168264389038e-02
2.729261852800846100e-02
2.729261852800846100e-02
2.729156054556369781e-02
2.728996239602565765e-02
2.728996239602565765e-02
2.728914655745029449e-02
2.728805691003799438e-02
2.728704176843166351e-02
2.728611417114734650e-02
2.728622965514659882e-02
2.728739753365516663e-02
2.728867530822753906e-02
2.728924900293350220e-02
2.729026786983013153e-02
2.729037590324878693e-02
2.729034982621669769e-02
2.729001641273498535e-02
2.728877402842044830e-02
2.728771232068538666e-02
2.728583477437496185e-02
2.728486061096191406e-02
2.728421054780483246e-02
2.728399261832237244e-02
2.728359773755073547e-02
2.728275209665298462e-02
2.728322334587574005e-02
2.728433161973953247e-02
2.729361504316329956e-02
2.730069123208522797e-02
2.730683796107769012e-02
2.731132507324218750e-02
2.731559984385967255e-02
2.731956727802753448e-02
2.732284739613533020e-02
2.732519619166851044e-02
2.732655405998229980e-02
2.732925303280353546e-02
2.733252383768558502e-02
2.733522094786167145e-02
2.733754180371761322e-02
2.733807824552059174e-02
2.734020352363586426e-02
2.734310179948806763e-02
2.734460309147834778e-02
2.734594605863094330e-02
2.734713815152645111e-02
2.734630554914474487e-02
2.734561078250408173e-02
2.734457701444625854e-02
2.734344080090522766e-02
2.734217420220375061e-02
2.734031900763511658e-02
2.733887173235416412e-02
2.733741514384746552e-02
2.733544632792472839e-02
2.733243629336357117e-02
2.733100578188896179e-02
2.732846513390541077e-02
2.732228301465511322e-02
2.731690369546413422e-02
2.731350064277648926e-02
2.731074206531047821e-02
2.730855531990528107e-02
2.730647660791873932e-02
2.730560675263404846e-02
2.730531990528106689e-02
2.730484306812286377e-02
2.730291523039340973e-02
2.730174176394939423e-02
2.730061486363410950e-02
2.730131335556507111e-02
2.730233408510684967e-02
2.730408869683742523e-02
2.730653062462806702e-02
2.730832807719707489e-02
2.730968222022056580e-02
2.730945125222206116e-02
2.730987966060638428e-02
2.731049992144107819e-02
2.731125801801681519e-02
2.731223776936531067e-02
2.731281705200672150e-02
2.731280215084552765e-02
2.731416560709476471e-02
2.731652557849884033e-02
2.731825225055217743e-02
2.731938287615776062e-02
2.732074446976184845e-02
2.732252143323421478e-02
2.732370235025882721e-02
2.732566371560096741e-02
2.732761204242706299e-02
2.732761204242706299e-02
2.732975594699382782e-02
2.733228728175163269e-02
2.733415737748146057e-02
2.733599022030830383e-02
2.733781933784484863e-02
2.733859606087207794e-02
2.733868360519409180e-02
2.733778953552246094e-02
2.733884193003177643e-02
2.733917720615863800e-02
2.733651734888553619e-02
2.733464352786540985e-02
2.733345516026020050e-02
2.733452059328556061e-02
2.733633294701576233e-02
2.733857184648513794e-02
2.734329551458358765e-02
2.734622173011302948e-02
2.734955027699470520e-02
2.735282108187675476e-02
2.735641971230506897e-02
2.735979296267032623e-02
2.736325748264789581e-02
2.736676111817359924e-02
2.736965008080005646e-02
2.737241052091121674e-02
2.737623266875743866e-02
2.737982198596000671e-02
2.738285064697265625e-02
2.738425508141517639e-02
2.738641388714313507e-02
2.738858014345169067e-02
2.739051170647144318e-02
2.739202231168746948e-02
2.739306353032588959e-02
2.739330567419528961e-02
2.739326842129230499e-02
2.739194408059120178e-02
2.739064022898674011e-02
2.738998271524906158e-02
2.738870866596698761e-02
2.738794125616550446e-02
2.738691307604312897e-02
2.738437615334987640e-02
2.738176845014095306e-02
2.737973630428314209e-02
2.737795002758502960e-02
2.737795002758502960e-02
2.737544849514961243e-02
2.737374417483806610e-02
2.737125381827354431e-02
2.736955508589744568e-02
2.736761607229709625e-02
2.736499533057212830e-02
2.736176922917366028e-02
2.735804207623004913e-02
2.735476195812225342e-02
2.735387906432151794e-02
2.735334821045398712e-02
2.735286019742488861e-02
2.735396288335323334e-02
2.735541947185993195e-02
2.735751308500766754e-02
2.736008539795875549e-02
2.736270241439342499e-02
2.736525237560272217e-02
2.736708335578441620e-02
2.736878767609596252e-02
2.737197838723659515e-02
2.737410925328731537e-02
2.737607061862945557e-02
2.737800404429435730e-02
2.737877517938613892e-02
2.737932279706001282e-02
2.737971022725105286e-02
2.738020755350589752e-02
2.737885713577270508e-02
2.737804688513278961e-02
2.737828157842159271e-02
2.737773023545742035e-02
2.738001197576522827e-02
2.738213352859020233e-02
2.738389745354652405e-02
2.738613262772560120e-02
2.738912962377071381e-02
2.739168144762516022e-02
2.739461697638034821e-02
2.739580534398555756e-02
2.739680185914039612e-02
2.739840559661388397e-02
2.740703336894512177e-02
2.741636335849761963e-02
2.742437459528446198e-02
2.743027918040752411e-02
2.743564173579216003e-02
2.744065038859844208e-02
2.744610607624053955e-02
2.745021320879459381e-02
2.745501883327960968e-02
2.745501883327960968e-02
2.745890989899635315e-02
2.746213786303997040e-02
2.746439725160598755e-02
2.746594138443470001e-02
2.746827900409698486e-02
2.746978774666786194e-02
2.747143059968948364e-02
2.747364714741706848e-02
2.747501991689205170e-02
2.747590839862823486e-02
2.747705020010471344e-02
2.747770771384239197e-02
2.747904881834983826e-02
2.748195454478263855e-02
2.748483978211879730e-02
2.748515643179416656e-02
2.748415805399417877e-02
2.748310938477516174e-02
2.748058922588825226e-02
2.747655473649501801e-02
2.747306600213050842e-02
2.746938541531562805e-02
2.746677398681640625e-02
2.746475860476493835e-02
2.746414020657539368e-02
2.746298536658287048e-02
2.746256068348884583e-02
2.746218629181385040e-02
2.746244147419929504e-02
2.746275812387466431e-02
2.746544033288955688e-02
2.746739052236080170e-02
2.746720239520072937e-02
2.746703848242759705e-02
2.746806479990482330e-02
2.746790274977684021e-02
2.746829017996788025e-02
2.746902778744697571e-02
2.746943756937980652e-02
2.746981382369995117e-02
2.746947482228279114e-02
2.746894583106040955e-02
2.746794372797012329e-02
2.746769785881042480e-02
2.746882289648056030e-02
2.747082337737083435e-02
2.747306227684020996e-02
2.747493982315063477e-02
2.747633866965770721e-02
2.747810259461402893e-02
2.747950889170169830e-02
2.748011983931064606e-02
2.748284488916397095e-02
2.748562954366207123e-02
2.748787589371204376e-02
2.749014087021350861e-02
2.749268338084220886e-02
2.749635651707649231e-02
2.750159054994583130e-02
2.750488556921482086e-02
2.750787697732448578e-02
2.751061692833900452e-02
2.751364558935165405e-02
2.751680091023445129e-02
2.751980908215045929e-02
2.752231433987617493e-02
2.752480655908584595e-02
2.752739563584327698e-02
2.752870880067348480e-02
2.752918377518653870e-02
2.752874977886676788e-02
2.752704545855522156e-02
2.752605453133583069e-02
2.752653323113918304e-02
2.752597816288471222e-02
2.752575650811195374e-02
2.752629294991493225e-02
2.752630785107612610e-02
2.752649597823619843e-02
2.752762846648693085e-02
2.752916328608989716e-02
2.753096446394920349e-02
2.753243036568164825e-02
2.753220312297344208e-02
2.753295376896858215e-02
2.753461338579654694e-02
2.753518521785736084e-02
2.753585763275623322e-02
2.753625065088272095e-02
2.753732912242412567e-02
2.753620781004428864e-02
2.753645181655883789e-02
2.753729745745658875e-02
2.753968909382820129e-02
2.754105627536773682e-02
2.754220552742481232e-02
2.754507772624492645e-02
2.754774875938892365e-02
2.755010686814785004e-02
2.755226194858551025e-02
2.755319885909557343e-02
2.755230292677879333e-02
2.755070850253105164e-02
2.754943631589412689e-02
2.754693478345870972e-02
2.754411473870277405e-02
2.754010260105133057e-02
2.753592841327190399e-02
2.753322012722492218e-02
2.752929367125034332e-02
2.752505242824554443e-02
2.752117998898029327e-02
2.751786820590496063e-02
2.751430310308933258e-02
2.751217782497406006e-02
2.751034684479236603e-02
2.750995941460132599e-02
2.751006372272968292e-02
2.751098386943340302e-02
2.751214243471622467e-02
2.751382254064083099e-02
2.751634083688259125e-02
2.751784771680831909e-02
2.751634456217288971e-02
2.751515991985797882e-02
2.751369588077068329e-02
2.751188538968563080e-02
2.750959992408752441e-02
2.750621736049652100e-02
2.750356309115886688e-02
2.750161476433277130e-02
2.749978564679622650e-02
2.749763429164886475e-02
2.749539725482463837e-02
2.749272063374519348e-02
2.749138697981834412e-02
2.748877741396427155e-02
2.748537622392177582e-02
2.748168259859085083e-02
2.747804857790470123e-02
2.747340872883796692e-02
2.747103013098239899e-02
2.746907994151115417e-02
2.746646478772163391e-02
2.746477723121643066e-02
2.746297977864742279e-02
2.746321260929107666e-02
2.746404893696308136e-02
2.746540866792201996e-02
2.746686898171901703e-02
2.746559865772724152e-02
2.746547758579254150e-02
2.746512554585933685e-02
2.746442519128322601e-02
2.746473997831344604e-02
2.746429108083248138e-02
2.746401913464069366e-02
2.746508829295635223e-02
2.746578305959701538e-02
2.746744453907012939e-02
2.746858634054660797e-02
2.746940217912197113e-02
2.747170068323612213e-02
2.747341804206371307e-02
2.747350372374057770e-02
2.747344970703125000e-02
2.747211419045925140e-02
2.747121825814247131e-02
2.746915258467197418e-02
2.746753767132759094e-02
2.746623568236827850e-02
2.746528573334217072e-02
2.746445871889591217e-02
2.746335603296756744e-02
2.746268734335899353e-02
2.746203728020191193e-02
2.746199257671833038e-02
2.746146172285079956e-02
2.745948173105716705e-02
2.745730429887771606e-02
2.745428122580051422e-02
2.745104208588600159e-02
2.744860015809535980e-02
2.744646742939949036e-02
2.744472958147525787e-02
2.744232863187789917e-02
2.744093351066112518e-02
2.744056656956672668e-02
2.744248136878013611e-02
2.744299732148647308e-02
2.744442969560623169e-02
2.744515985250473022e-02
2.744722180068492889e-02
2.744799666106700897e-02
2.744682133197784424e-02
2.744640782475471497e-02
2.744499593973159790e-02
2.744167111814022064e-02
2.743825316429138184e-02
2.743575163185596466e-02
2.743256092071533203e-02
2.743091434240341187e-02
2.742948010563850403e-02
2.742711640894412994e-02
2.742663584649562836e-02
2.742420695722103119e-02
2.742301486432552338e-02
2.742163278162479401e-02
2.742199040949344635e-02
2.742489054799079895e-02
2.742638438940048218e-02
2.742610685527324677e-02
2.742691710591316223e-02
2.742691710591316223e-02
2.742861583828926086e-02
2.742971666157245636e-02
2.743039652705192566e-02
2.743298560380935669e-02
2.743453532457351685e-02
2.743800915777683258e-02
2.744073048233985901e-02
2.744336239993572235e-02
2.744663320481777191e-02
2.745049260556697845e-02
2.745340205729007721e-02
2.745721489191055298e-02
2.746089361608028412e-02
2.746308781206607819e-02
2.746508084237575531e-02
2.746722474694252014e-02
2.746916003525257111e-02
2.747062593698501587e-02
2.747137844562530518e-02
2.746946923434734344e-02
2.746954001486301422e-02
2.747091837227344513e-02
2.747077494859695435e-02
2.747050300240516663e-02
2.747109904885292053e-02
2.747208252549171448e-02
2.747328206896781921e-02
2.747478336095809937e-02
2.747581340372562408e-02
2.747750282287597656e-02
2.747810445725917816e-02
2.747849188745021820e-02
2.747875638306140900e-02
2.747805789113044739e-02
2.747585438191890717e-02
2.747451141476631165e-02
2.747309394180774689e-02
2.747142314910888672e-02
2.747014164924621582e-02
2.746574021875858307e-02
2.746218256652355194e-02
2.745964564383029938e-02
2.745877951383590698e-02
2.745700813829898834e-02
2.745587192475795746e-02
2.745546773076057434e-02
2.745416760444641113e-02
2.745186910033226013e-02
2.744830027222633362e-02
2.744560688734054565e-02
2.744377404451370239e-02
2.744174376130104065e-02
2.743961103260517120e-02
2.743949927389621735e-02
2.743808925151824951e-02
2.743826620280742645e-02
2.743787132203578949e-02
2.743721567094326019e-02
2.743776887655258179e-02
2.743468806147575378e-02
2.743377350270748138e-02
2.743336930871009827e-02
2.743519470095634460e-02
2.743576839566230774e-02
2.743558958172798157e-02
2.743539214134216309e-02
2.743608132004737854e-02
2.743815816938877106e-02
2.744116261601448059e-02
2.744332328438758850e-02
2.744506113231182098e-02
2.744662202894687653e-02
2.744923159480094910e-02
2.745353244245052338e-02
2.745738066732883453e-02
2.746172249317169189e-02
2.746546268463134766e-02
2.746824547648429871e-02
2.746852301061153412e-02
2.747030183672904968e-02
2.747218124568462372e-02
2.747479267418384552e-02
2.747692540287971497e-02
2.748073451220989227e-02
2.748417668044567108e-02
2.748793922364711761e-02
2.749124914407730103e-02
2.749440073966979980e-02
2.750009112060070038e-02
2.750421129167079926e-02
2.750778198242187500e-02
2.751213312149047852e-02
2.751661464571952820e-02
2.752063795924186707e-02
2.752544172108173370e-02
2.753059938549995422e-02
2.753493934869766235e-02
2.753883413970470428e-02
2.754333987832069397e-02
2.754711359739303589e-02
2.755136229097843170e-02
2.755426242947578430e-02
2.755655162036418915e-02
2.755723893642425537e-02
2.755721658468246460e-02
2.755643054842948914e-02
2.755577117204666138e-02
2.755489386618137360e-02
2.755592763423919678e-02
2.755628712475299835e-02
2.755761146545410156e-02
2.755935490131378174e-02
2.756107226014137268e-02
2.756275795400142670e-02
2.756536006927490234e-02
2.756794169545173645e-02
2.757077291607856750e-02
2.757301926612854004e-02
2.757466398179531097e-02
2.757895924150943756e-02
2.758186310529708862e-02
2.758508361876010895e-02
2.758754417300224304e-02
2.758857421576976776e-02
2.759044431149959564e-02
2.759145759046077728e-02
2.759095095098018646e-02
2.761893346905708313e-02
2.764513716101646423e-02
2.766808494925498962e-02
2.768713608384132385e-02
2.770487964153289795e-02
2.772546745836734772e-02
2.774277515709400177e-02
2.775911614298820496e-02
2.777189202606678009e-02
2.778343111276626587e-02
2.779529057443141937e-02
2.780415862798690796e-02
2.781252376735210419e-02
2.781876362860202789e-02
2.782366052269935608e-02
2.782802470028400421e-02
2.783091180026531219e-02
2.783184684813022614e-02
2.783308736979961395e-02
2.783287502825260162e-02
2.783258073031902313e-02
2.783324941992759705e-02
2.783250622451305389e-02
2.783116512000560760e-02
2.783007733523845673e-02
2.782899141311645508e-02
2.782838791608810425e-02
2.782783471047878265e-02
2.782682143151760101e-02
2.782574854791164398e-02
2.782669477164745331e-02
2.782887406647205353e-02
2.783150039613246918e-02
2.783413790166378021e-02
2.783410809934139252e-02
2.783229202032089233e-02
2.783059515058994293e-02
2.782804518938064575e-02
2.782740443944931030e-02
2.782721444964408875e-02
2.782608009874820709e-02
2.782286331057548523e-02
2.781966142356395721e-02
2.781675569713115692e-02
2.781591005623340607e-02
2.781511470675468445e-02
2.781371772289276123e-02
2.781256474554538727e-02
2.781209163367748260e-02
2.781174518167972565e-02
2.781155332922935486e-02
2.781033515930175781e-02
2.780879475176334381e-02
2.780747972428798676e-02
2.780741453170776367e-02
2.780679799616336823e-02
2.780764177441596985e-02
2.780522406101226807e-02
2.780149877071380615e-02
2.779865451157093048e-02
2.779680863022804260e-02
2.779373340308666229e-02
2.778778970241546631e-02
2.778262645006179810e-02
2.777877077460289001e-02
2.777526900172233582e-02
2.777267433702945709e-02
2.777346968650817871e-02
2.777638286352157593e-02
2.778039127588272095e-02
2.778394706547260284e-02
2.778625860810279846e-02
2.778741903603076935e-02
2.778779529035091400e-02
2.778807841241359711e-02
2.778813987970352173e-02
2.779002301394939423e-02
2.779176458716392517e-02
2.779151685535907745e-02
2.779040299355983734e-02
2.778938412666320801e-02
2.778721228241920471e-02
2.778434008359909058e-02
2.777950465679168701e-02
2.777950465679168701e-02
2.777467668056488037e-02
2.777026966214179993e-02
2.776662260293960571e-02
2.776304073631763458e-02
2.776066958904266357e-02
2.775799855589866638e-02
2.775414474308490753e-02
2.775033377110958099e-02
2.774577960371971130e-02
2.774110622704029083e-02
2.773588895797729492e-02
2.773106098175048828e-02
2.772708609700202942e-02
2.772244811058044434e-02
2.771962806582450867e-02
2.771843597292900085e-02
2.771866694092750549e-02
2.771929837763309479e-02
2.771980501711368561e-02
2.771809697151184082e-02
2.771758474409580231e-02
2.771656215190887451e-02
2.771587856113910675e-02
2.771752513945102692e-02
2.771690674126148224e-02
2.771561592817306519e-02
2.771420404314994812e-02
2.771333046257495880e-02
2.771425060927867889e-02
2.771547809243202209e-02
2.771857939660549164e-02
2.772166021168231964e-02
2.772499062120914459e-02
2.772685699164867401e-02
2.773002162575721741e-02
2.773420512676239014e-02
2.773827314376831055e-02
2.774447575211524963e-02
2.774994447827339172e-02
2.775320783257484436e-02
2.775536105036735535e-02
2.775704115629196167e-02
2.775784954428672791e-02
2.775897644460201263e-02
2.776072733104228973e-02
2.776228077709674835e-02
2.776307612657546997e-02
2.776379510760307312e-02
2.776406332850456238e-02
2.776253037154674530e-02
2.776112593710422516e-02
2.775927446782588959e-02
2.775794826447963715e-02
2.775498107075691223e-02
2.775201946496963501e-02
2.774952352046966553e-02
2.774621546268463135e-02
2.774360962212085724e-02
2.774089947342872620e-02
2.773709036409854889e-02
2.773551642894744873e-02
2.773311734199523926e-02
2.772849611937999725e-02
2.772554010152816772e-02
2.772405557334423065e-02
2.772185206413269043e-02
2.772135287523269653e-02
2.771975286304950714e-02
2.771329134702682495e-02
2.770552784204483032e-02
2.769711054861545563e-02
2.768897451460361481e-02
2.768153697252273560e-02
2.767567522823810577e-02
2.767099253833293915e-02
2.766674384474754333e-02
2.766267582774162292e-02
2.765778079628944397e-02
2.765422314405441284e-02
2.765150740742683411e-02
2.765071392059326172e-02
2.764894999563694000e-02
2.764698490500450134e-02
2.764405310153961182e-02
2.764162048697471619e-02
2.763821929693222046e-02
2.763630263507366180e-02
2.763477154076099396e-02
2.763250842690467834e-02
2.763090468943119049e-02
2.762850187718868256e-02
2.762637473642826080e-02
2.762388065457344055e-02
2.762199006974697113e-02
2.762117050588130951e-02
2.761944942176342010e-02
2.761844731867313385e-02
2.761863358318805695e-02
2.761701308190822601e-02
2.761413343250751495e-02
2.761150337755680084e-02
2.760894037783145905e-02
2.760951034724712372e-02
2.761031873524188995e-02
2.760943956673145294e-02
2.760874293744564056e-02
2.760925516486167908e-02
2.760905958712100983e-02
2.760763280093669891e-02
2.760631404817104340e-02
2.760406211018562317e-02
2.760436013340950012e-02
2.760482765734195709e-02
2.760438434779644012e-02
2.760353311896324158e-02
2.760338410735130310e-02
2.760111913084983826e-02
2.759631164371967316e-02
2.759046107530593872e-02
2.758526615798473358e-02
2.757938206195831299e-02
2.757381461560726166e-02
2.757022902369499207e-02
2.757435292005538940e-02
2.757829986512660980e-02
2.758116275072097778e-02
2.758325822651386261e-02
2.758661843836307526e-02
2.758839353919029236e-02
2.758836559951305389e-02
2.758783288300037384e-02
2.758737653493881226e-02
2.758647128939628601e-02
2.758411318063735962e-02
2.758187800645828247e-02
2.758052758872509003e-02
2.757949009537696838e-02
2.758077159523963928e-02
2.758168801665306091e-02
2.758219838142395020e-02
2.758184075355529785e-02
2.758188545703887939e-02
2.758115902543067932e-02
2.757956460118293762e-02
2.757783420383930206e-02
2.757651172578334808e-02
2.757506072521209717e-02
2.757389843463897705e-02
2.757379412651062012e-02
2.757442742586135864e-02
2.757532522082328796e-02
2.757608518004417419e-02
2.757660113275051117e-02
2.757751941680908203e-02
2.757799439132213593e-02
2.757952921092510223e-02
2.758235298097133636e-02
2.758481353521347046e-02
2.758589200675487518e-02
2.758475765585899353e-02
2.758396975696086884e-02
2.758251689374446869e-02
2.758050523698329926e-02
2.757852524518966675e-02
2.757797390222549438e-02
2.757747471332550049e-02
2.757833898067474365e-02
2.758050337433815002e-02
2.758215740323066711e-02
2.758336812257766724e-02
2.758384868502616882e-02
2.758437208831310272e-02
2.758491039276123047e-02
2.758403681218624115e-02
2.758127450942993164e-02
2.757826820015907288e-02
2.757618576288223267e-02
2.757456898689270020e-02
2.757180295884609222e-02
2.756871655583381653e-02
2.756583876907825470e-02
2.756249159574508667e-02
2.756073139607906342e-02
2.755943313241004944e-02
2.755722776055335999e-02
2.755473926663398743e-02
2.755221724510192871e-02
2.754944004118442535e-02
2.754691615700721741e-02
2.754580602049827576e-02
2.754382230341434479e-02
2.754266746342182159e-02
2.754129469394683838e-02
2.754716575145721436e-02
2.755158953368663788e-02
2.755464240908622742e-02
2.755828388035297394e-02
2.756211347877979279e-02
2.756688185036182404e-02
2.757139876484870911e-02
2.757655829191207886e-02
2.758264541625976562e-02
2.758779749274253845e-02
2.759323269128799438e-02
2.759915404021739960e-02
2.760425023734569550e-02
2.760731428861618042e-02
2.761020138859748840e-02
2.761377207934856415e-02
2.761776000261306763e-02
2.762030996382236481e-02
2.762465924024581909e-02
2.762904949486255646e-02
2.763351239264011383e-02
2.763550728559494019e-02
2.763543277978897095e-02
2.763433568179607391e-02
2.763236127793788910e-02
2.763140946626663208e-02
2.763263694941997528e-02
2.763287723064422607e-02
2.763280086219310760e-02
2.763270959258079529e-02
2.763196267187595367e-02
2.763210982084274292e-02
2.763200365006923676e-02
2.763312123715877533e-02
2.763255685567855835e-02
2.763256430625915527e-02
2.762940339744091034e-02
2.762730605900287628e-02
2.762517891824245453e-02
2.762521989643573761e-02
2.762238308787345886e-02
2.762220241129398346e-02
2.762059494853019714e-02
2.762007154524326324e-02
2.761765383183956146e-02
2.761556394398212433e-02
2.761323750019073486e-02
2.761108428239822388e-02
2.760843560099601746e-02
2.760523557662963867e-02
2.760162763297557831e-02
2.759820967912673950e-02
2.759612165391445160e-02
2.759522199630737305e-02
2.759576402604579926e-02
2.759686112403869629e-02
2.759887464344501495e-02
2.759887464344501495e-02
2.760033495724201202e-02
2.760097011923789978e-02
2.760160714387893677e-02
2.760143764317035675e-02
2.760088257491588593e-02
2.760224975645542145e-02
2.760308235883712769e-02
2.760395221412181854e-02
2.760531194508075714e-02
2.760677598416805267e-02
2.760840952396392822e-02
2.760995179414749146e-02
2.761229127645492554e-02
2.761555835604667664e-02
2.762013860046863556e-02
2.762440219521522522e-02
2.762658521533012390e-02
2.762676216661930084e-02
2.762636542320251465e-02
2.762608416378498077e-02
2.762692049145698547e-02
2.762692049145698547e-02
2.762692049145698547e-02
2.762769535183906555e-02
2.762861177325248718e-02
2.762868627905845642e-02
2.762836031615734100e-02
2.762947790324687958e-02
2.763132192194461823e-02
2.763315476477146149e-02
2.763545140624046326e-02
2.763670124113559723e-02
2.764034457504749298e-02
2.764283493161201477e-02
2.764314971864223480e-02
2.764188870787620544e-02
2.764078415930271149e-02
2.763861790299415588e-02
2.763745374977588654e-02
2.763842232525348663e-02
2.763897925615310669e-02
2.764163166284561157e-02
2.764228917658329010e-02
2.764232270419597626e-02
2.764374576508998871e-02
2.764589525759220123e-02
2.765007317066192627e-02
2.765217237174510956e-02
2.765616029500961304e-02
2.766156755387783051e-02
2.766677550971508026e-02
2.767154015600681305e-02
2.767619676887989044e-02
2.768095768988132477e-02
2.768636494874954224e-02
2.769480831921100616e-02
2.770270220935344696e-02
2.771026268601417542e-02
2.771272696554660797e-02
2.771725878119468689e-02
2.772111073136329651e-02
2.772429212927818298e-02
2.772608585655689240e-02
2.772768773138523102e-02
2.772962301969528198e-02
2.773222327232360840e-02
2.773290500044822693e-02
2.773391082882881165e-02
2.773432992398738861e-02
2.773556672036647797e-02
2.773547917604446411e-02
2.773466520011425018e-02
2.773412875831127167e-02
2.773297391831874847e-02
2.773057855665683746e-02
2.772969007492065430e-02
2.772816643118858337e-02
2.773100882768630981e-02
2.773100882768630981e-02
2.773314900696277618e-02
2.773492969572544098e-02
2.773649804294109344e-02
2.773841284215450287e-02
2.773688361048698425e-02
2.773639932274818420e-02
2.773407846689224243e-02
2.773282490670681000e-02
2.773033641278743744e-02
2.772872522473335266e-02
2.772749029099941254e-02
2.772616595029830933e-02
2.772525884211063385e-02
2.772472240030765533e-02
2.772432565689086914e-02
2.772358618676662445e-02
2.772417850792407990e-02
2.772527188062667847e-02
2.772485651075839996e-02
2.772384323179721832e-02
2.772205881774425507e-02
2.772025577723979950e-02
2.772034890949726105e-02
2.771846391260623932e-02
2.771593444049358368e-02
2.771382406353950500e-02
2.771204710006713867e-02
2.771053463220596313e-02
2.771038375794887543e-02
2.771035581827163696e-02
2.771042473614215851e-02
2.771026082336902618e-02
2.770984172821044922e-02
2.771151252090930939e-02
2.771206386387348175e-02
2.771407924592494965e-02
2.771453745663166046e-02
2.771656773984432220e-02
2.772092819213867188e-02
2.772337011992931366e-02
2.772558480501174927e-02
2.772537060081958771e-02
2.772879414260387421e-02
2.773100323975086212e-02
2.773350849747657776e-02
2.773649990558624268e-02
2.774042822420597076e-02
2.774478495121002197e-02
2.774985134601593018e-02
2.775464579463005066e-02
2.775702252984046936e-02
2.775740623474121094e-02
2.775591053068637848e-02
2.775367908179759979e-02
2.774929814040660858e-02
2.774534374475479126e-02
2.774139307439327240e-02
2.773733623325824738e-02
2.773285657167434692e-02
2.772936969995498657e-02
2.772621996700763702e-02
2.772246673703193665e-02
2.771880477666854858e-02
2.771426923573017120e-02
2.770834043622016907e-02
2.770037017762660980e-02
2.769322693347930908e-02
2.768625319004058838e-02
2.767971158027648926e-02
2.767300046980381012e-02
2.766676992177963257e-02
2.766148932278156281e-02
2.765788137912750244e-02
2.765575423836708069e-02
2.765268832445144653e-02
2.764992043375968933e-02
2.764892205595970154e-02
2.764765359461307526e-02
2.764452621340751648e-02
2.764137089252471924e-02
2.763849496841430664e-02
2.763554826378822327e-02
2.763380296528339386e-02
2.763226628303527832e-02
2.762982062995433807e-02
2.762678824365139008e-02
2.762377448379993439e-02
2.762151882052421570e-02
2.761886268854141235e-02
2.761616371572017670e-02
2.761262096464633942e-02
2.760915830731391907e-02
2.760575897991657257e-02
2.760243602097034454e-02
2.759766578674316406e-02
2.759200520813465118e-02
2.758744359016418457e-02
2.758330292999744415e-02
2.757950127124786377e-02
2.757644653320312500e-02
2.757357992231845856e-02
2.757280692458152771e-02
2.757602185010910034e-02
2.757845632731914520e-02
2.758109383285045624e-02
2.758251316845417023e-02
2.758470363914966583e-02
2.758683077991008759e-02
2.758966758847236633e-02
2.759202010929584503e-02
2.759533375501632690e-02
2.759602107107639313e-02
2.759393490850925446e-02
2.759302780032157898e-02
2.759191021323204041e-02
2.759085036814212799e-02
2.758648060262203217e-02
2.758199907839298248e-02
2.758286893367767334e-02
2.758319862186908722e-02
2.758463285863399506e-02
2.758617140352725983e-02
2.758692763745784760e-02
2.758861891925334930e-02
2.758943475782871246e-02
2.759029529988765717e-02
2.759070880711078644e-02
2.759365178644657135e-02
2.759365178644657135e-02
2.759365178644657135e-02
2.759524434804916382e-02
2.759786881506443024e-02
2.759993821382522583e-02
2.760416269302368164e-02
2.760888822376728058e-02
2.761301212012767792e-02
2.761721611022949219e-02
2.762026526033878326e-02
2.762350440025329590e-02
2.762755565345287323e-02
2.763086929917335510e-02
2.763480693101882935e-02
2.763864584267139435e-02
2.764363214373588562e-02
2.764740027487277985e-02
2.765228599309921265e-02
2.765664272010326385e-02
2.765906229615211487e-02
2.765992842614650726e-02
2.765859663486480713e-02
2.765152044594287872e-02
2.764614485204219818e-02
2.764094248414039612e-02
2.763558924198150635e-02
2.762971445918083191e-02
2.762312628328800201e-02
2.761493995785713196e-02
2.760796435177326202e-02
2.760202996432781219e-02
2.759600989520549774e-02
2.756911888718605042e-02
2.754658646881580353e-02
2.752720750868320465e-02
2.751006931066513062e-02
2.749510481953620911e-02
2.748162485659122467e-02
2.746758237481117249e-02
2.745566144585609436e-02
2.744510769844055176e-02
2.743526361882686615e-02
2.742600254714488983e-02
2.741702646017074585e-02
2.741019055247306824e-02
2.740437351167201996e-02
2.740027196705341339e-02
2.740027196705341339e-02
2.740027196705341339e-02
2.739896066486835480e-02
2.739829197525978088e-02
2.739782445132732391e-02
2.739747241139411926e-02
2.739782817661762238e-02
2.739726752042770386e-02
2.739774994552135468e-02
2.739932760596275330e-02
2.740076370537281036e-02
2.740339003503322601e-02
2.740706130862236023e-02
2.740978449583053589e-02
2.741219103336334229e-02
2.741354331374168396e-02
2.741591446101665497e-02
2.741779386997222900e-02
2.741894498467445374e-02
2.741991169750690460e-02
2.742168493568897247e-02
2.742273919284343719e-02
2.742339298129081726e-02
2.742467634379863739e-02
2.742689847946166992e-02
2.742923051118850708e-02
2.743126638233661652e-02
2.743400447070598602e-02
2.743647061288356781e-02
2.743867039680480957e-02
2.744140662252902985e-02
2.744331583380699158e-02
2.744421362876892090e-02
2.744409814476966858e-02
2.744302339851856232e-02
2.744178473949432373e-02
2.743942476809024811e-02
2.743521519005298615e-02
2.742954902350902557e-02
2.742400206625461578e-02
2.742018923163414001e-02
2.741708420217037201e-02
2.741507254540920258e-02
2.741466090083122253e-02
2.741457521915435791e-02
2.741567045450210571e-02
2.741616778075695038e-02
2.741713076829910278e-02
2.741778641939163208e-02
2.742028608918190002e-02
2.742427401244640350e-02
2.742707729339599609e-02
2.743005938827991486e-02
2.743346244096755981e-02
2.743473835289478302e-02
2.743431553244590759e-02
2.743340097367763519e-02
2.742965705692768097e-02
2.742585167288780212e-02
2.742064371705055237e-02
2.741525694727897644e-02
2.740711718797683716e-02
2.739927545189857483e-02
2.739067561924457550e-02
2.738375030457973480e-02
2.737770788371562958e-02
2.737396582961082458e-02
2.737242914736270905e-02
2.737055160105228424e-02
2.736887522041797638e-02
2.736762538552284241e-02
2.736643329262733459e-02
2.736406214535236359e-02
2.736199088394641876e-02
2.735970541834831238e-02
2.735697291791439056e-02
2.735426649451255798e-02
2.735139615833759308e-02
2.734845317900180817e-02
2.734629623591899872e-02
2.734389156103134155e-02
2.734171599149703979e-02
2.734023332595825195e-02
2.733812853693962097e-02
2.733704634010791779e-02
2.733653225004673004e-02
2.733650803565979004e-02
2.733510360121726990e-02
2.733436971902847290e-02
2.733368612825870514e-02
2.733317203819751740e-02
2.733183093369007111e-02
2.732973545789718628e-02
2.732805348932743073e-02
2.732755802571773529e-02
2.732768096029758453e-02
2.732867375016212463e-02
2.732928469777107239e-02
2.733028307557106018e-02
2.733142860233783722e-02
2.733235247433185577e-02
2.733338624238967896e-02
2.733478881418704987e-02
2.733526006340980530e-02
2.733521908521652222e-02
2.733413130044937134e-02
2.733302302658557892e-02
2.733270265161991119e-02
2.733221836388111115e-02
2.733230032026767731e-02
2.733161114156246185e-02
2.733161114156246185e-02
2.733142301440238953e-02
2.733047492802143097e-02
2.732796408236026764e-02
2.732584439218044281e-02
2.732152119278907776e-02
2.731642499566078186e-02
2.731215022504329681e-02
2.730900235474109650e-02
2.730692736804485321e-02
2.730388939380645752e-02
2.730040997266769409e-02
2.729724161326885223e-02
2.729536965489387512e-02
2.729419246315956116e-02
2.729278616607189178e-02
2.729201503098011017e-02
2.729032002389431000e-02
2.728874795138835907e-02
2.728754654526710510e-02
2.728617750108242035e-02
2.728481963276863098e-02
2.728318236768245697e-02
2.728201635181903839e-02
2.728083543479442596e-02
2.728083543479442596e-02
2.727106772363185883e-02
2.726396732032299042e-02
2.725742943584918976e-02
2.725333347916603088e-02
2.724794484674930573e-02
2.724307589232921600e-02
2.723889984190464020e-02
2.723482809960842133e-02
2.723111957311630249e-02
2.722783014178276062e-02
2.722544036805629730e-02
2.722883224487304688e-02
2.723176404833793640e-02
2.723449282348155975e-02
2.723723091185092926e-02
2.723965980112552643e-02
2.724254317581653595e-02
2.724454179406166077e-02
2.724709920585155487e-02
2.724942192435264587e-02
2.725225873291492462e-02
2.725392021238803864e-02
2.725526690483093262e-02
2.725716307759284973e-02
2.725967019796371460e-02
2.726128138601779938e-02
2.726263552904129028e-02
2.726368047297000885e-02
2.726504206657409668e-02
2.726512029767036438e-02
2.726503834128379822e-02
2.726654708385467529e-02
2.726769447326660156e-02
2.726848423480987549e-02
2.726914174854755402e-02
2.726840786635875702e-02
2.726814523339271545e-02
2.726786769926548004e-02
2.726841159164905548e-02
2.726993337273597717e-02
2.727146260440349579e-02
2.727321162819862366e-02
2.727395668625831604e-02
2.727350592613220215e-02
2.727290615439414978e-02
2.727312594652175903e-02
2.727444097399711609e-02
2.727541327476501465e-02
2.727618254721164703e-02
2.727638371288776398e-02
2.727658674120903015e-02
2.727657929062843323e-02
2.727591432631015778e-02
2.727478370070457458e-02
2.727457322180271149e-02
2.727216482162475586e-02
2.726923488080501556e-02
2.726711519062519073e-02
2.726542204618453979e-02
2.726364322006702423e-02
2.726292237639427185e-02
2.726192586123943329e-02
2.726002968847751617e-02
2.725831419229507446e-02
2.725657820701599121e-02
2.725511975586414337e-02
2.725434117019176483e-02
2.725379541516304016e-02
2.725447155535221100e-02
2.725568972527980804e-02
2.725631557404994965e-02
2.725674211978912354e-02
2.725745178759098053e-02
2.725832350552082062e-02
2.725890465080738068e-02
2.725948020815849304e-02
2.726009301841259003e-02
2.725971862673759460e-02
2.725977264344692230e-02
2.726224623620510101e-02
2.726387046277523041e-02
2.726527675986289978e-02
2.726837806403636932e-02
2.727113105356693268e-02
2.727300859987735748e-02
2.727334387600421906e-02
2.727377414703369141e-02
2.727413922548294067e-02
2.727242186665534973e-02
2.727064304053783417e-02
2.726764604449272156e-02
2.726318500936031342e-02
2.726041898131370544e-02
2.725868672132492065e-02
2.725685760378837585e-02
2.725434117019176483e-02
2.725257724523544312e-02
2.725040726363658905e-02
2.724749967455863953e-02
2.724401280283927917e-02
2.723586373031139374e-02
2.722778171300888062e-02
2.722111716866493225e-02
2.721454016864299774e-02
2.720882929861545563e-02
2.720338664948940277e-02
2.719930559396743774e-02
2.719610370695590973e-02
2.719393745064735413e-02
2.719222754240036011e-02
2.719036489725112915e-02
2.718901075422763824e-02
2.718760445713996887e-02
2.718675881624221802e-02
2.718675695359706879e-02
2.718675695359706879e-02
2.718808315694332123e-02
2.719008922576904297e-02
2.719204500317573547e-02
2.719333209097385406e-02
2.719555608928203583e-02
2.719780430197715759e-02
2.719921432435512543e-02
2.720039710402488708e-02
2.720175683498382568e-02
2.720458060503005981e-02
2.720796316862106323e-02
2.721134945750236511e-02
2.721338719129562378e-02
2.721448242664337158e-02
2.721579931676387787e-02
2.721710875630378723e-02
2.721840701997280121e-02
2.722096256911754608e-02
2.722231671214103699e-02
2.722421102225780487e-02
2.722537145018577576e-02
2.722638286650180817e-02
2.722736820578575134e-02
2.722878195345401764e-02
2.722971327602863312e-02
2.722891047596931458e-02
2.722813189029693604e-02
2.722786739468574524e-02
2.722786739468574524e-02
2.722713537514209747e-02
2.722713537514209747e-02
2.722628787159919739e-02
2.722439169883728027e-02
2.722286991775035858e-02
2.722224406898021698e-02
2.722224034368991852e-02
2.722292393445968628e-02
2.722370438277721405e-02
2.722961828112602234e-02
2.723637595772743225e-02
2.724251151084899902e-02
2.725154161453247070e-02
2.726013399660587311e-02
2.726894989609718323e-02
2.727736346423625946e-02
2.728527784347534180e-02
2.729204110801219940e-02
2.729818038642406464e-02
2.730298973619937897e-02
2.730884961783885956e-02
2.731393650174140930e-02
2.731913328170776367e-02
2.732373215258121490e-02
2.732576988637447357e-02
2.732819877564907074e-02
2.733106166124343872e-02
2.733382768929004669e-02
2.733643352985382080e-02
2.733919955790042877e-02
2.734223939478397369e-02
2.734526619315147400e-02
2.734764106571674347e-02
2.735124155879020691e-02
2.735441923141479492e-02
2.735820785164833069e-02
2.736184000968933105e-02
2.736501768231391907e-02
2.736874110996723175e-02
2.737283147871494293e-02
2.737795002758502960e-02
2.738341502845287323e-02
2.738809399306774139e-02
2.739184349775314331e-02
2.739623934030532837e-02
2.739998325705528259e-02
2.740273438394069672e-02
2.740558050572872162e-02
2.740805037319660187e-02
2.741104550659656525e-02
2.741413749754428864e-02
2.741278894245624542e-02
2.741207554936408997e-02
2.741163410246372223e-02
2.741163410246372223e-02
2.741163410246372223e-02
2.741169743239879608e-02
2.741194330155849457e-02
2.741194330155849457e-02
2.741194330155849457e-02
2.741194330155849457e-02
2.741108089685440063e-02
2.741177380084991455e-02
2.741255797445774078e-02
2.741229347884654999e-02
2.741164341568946838e-02
2.741074748337268829e-02
2.741017006337642670e-02
2.741040661931037903e-02
2.741111814975738525e-02
2.741188183426856995e-02
2.741370163857936859e-02
2.741642110049724579e-02
2.741923183202743530e-02
2.742162346839904785e-02
2.742389775812625885e-02
2.742521464824676514e-02
2.742620930075645447e-02
2.742751874029636383e-02
2.742782048881053925e-02
2.742846310138702393e-02
2.742940746247768402e-02
2.743129990994930267e-02
2.743252739310264587e-02
2.743387036025524139e-02
2.743377722799777985e-02
2.743346616625785828e-02
2.743250131607055664e-02
2.743178792297840118e-02
2.743184566497802734e-02
2.743133343756198883e-02
2.743109688162803650e-02
2.743174508213996887e-02
2.743156813085079193e-02
2.743236348032951355e-02
2.743165567517280579e-02
2.743149735033512115e-02
2.743139676749706268e-02
2.743097394704818726e-02
2.743104845285415649e-02
2.743200026452541351e-02
2.743234485387802124e-02
2.743232063949108124e-02
2.743248082697391510e-02
2.743362635374069214e-02
2.743545547127723694e-02
2.743706293404102325e-02
2.743897773325443268e-02
2.744074538350105286e-02
2.743691578507423401e-02
2.743317931890487671e-02
2.743015065789222717e-02
2.742744795978069305e-02
2.742781117558479309e-02
2.742909453809261322e-02
2.743014134466648102e-02
2.743005752563476562e-02
2.742905355989933014e-02
2.742801979184150696e-02
2.742742933332920074e-02
2.742720581591129303e-02
2.742713876068592072e-02
2.742769382894039154e-02
2.743086963891983032e-02
2.743342705070972443e-02
2.743622288107872009e-02
2.743937447667121887e-02
2.744184993207454681e-02
2.744333259761333466e-02
2.744395844638347626e-02
2.744519896805286407e-02
2.744534611701965332e-02
2.739797346293926239e-02
2.735784091055393219e-02
2.732400037348270416e-02
2.729556709527969360e-02
2.727070078253746033e-02
2.724757790565490723e-02
2.722672931849956512e-02
2.720820717513561249e-02
2.719281986355781555e-02
2.717850916087627411e-02
2.716646343469619751e-02
2.715531550347805023e-02
2.714580856263637543e-02
2.713708207011222839e-02
2.712919563055038452e-02
2.712219208478927612e-02
2.711634151637554169e-02
2.711127325892448425e-02
2.710620686411857605e-02
2.710176631808280945e-02
2.709840424358844757e-02
2.709550783038139343e-02
2.709291689097881317e-02
2.709075063467025757e-02
2.708909474313259125e-02
2.708759717643260956e-02
2.708637341856956482e-02
2.708462625741958618e-02
2.708289586007595062e-02
2.708103507757186890e-02
2.707934565842151642e-02
2.707848511636257172e-02
2.707739546895027161e-02
2.707701362669467926e-02
2.707647159695625305e-02
2.707581408321857452e-02
2.707543969154357910e-02
2.707475982606410980e-02
2.707424387335777283e-02
2.707378938794136047e-02
2.707352302968502045e-02
2.707468159496784210e-02
2.707641758024692535e-02
2.707845717668533325e-02
2.708129212260246277e-02
2.708407677710056305e-02
2.708693966269493103e-02
2.708788588643074036e-02
2.708918787539005280e-02
2.708968333899974823e-02
2.709047310054302216e-02
2.709092386066913605e-02
2.709090709686279297e-02
2.709103189408779144e-02
2.709166519343852997e-02
2.709199301898479462e-02
2.709278836846351624e-02
2.709311991930007935e-02
2.709434181451797485e-02
2.709500305354595184e-02
2.709644287824630737e-02
2.709901332855224609e-02
2.710216678678989410e-02
2.710585668683052063e-02
2.710947208106517792e-02
2.711295895278453827e-02
2.711629308760166168e-02
2.711945213377475739e-02
2.712200395762920380e-02
2.712379209697246552e-02
2.712469547986984253e-02
2.712630853056907654e-02
2.712771296501159668e-02
2.712942287325859070e-02
2.713121660053730011e-02
2.713256888091564178e-02
2.713389322161674500e-02
2.713542804121971130e-02
2.713741548359394073e-02
2.713910117745399475e-02
2.714123576879501343e-02
2.714328654110431671e-02
2.714462950825691223e-02
2.714582532644271851e-02
2.714720182120800018e-02
2.714864164590835571e-02
2.715069241821765900e-02
2.715290896594524384e-02
2.715492993593215942e-02
2.715767361223697662e-02
2.716107666492462158e-02
2.716378122568130493e-02
2.716652303934097290e-02
2.716949209570884705e-02
2.717268094420433044e-02
2.717449516057968140e-02
2.717546559870243073e-02
2.717642858624458313e-02
2.717710100114345551e-02
2.717638760805130005e-02
2.717588655650615692e-02
2.717528305947780609e-02
2.717459388077259064e-02
2.717358246445655823e-02
2.717383392155170441e-02
2.717396244406700134e-02
2.717398665845394135e-02
2.717414684593677521e-02
2.717288397252559662e-02
2.717127464711666107e-02
2.716969884932041168e-02
2.716704457998275757e-02
2.716396003961563110e-02
2.716105245053768158e-02
2.715754136443138123e-02
2.715443447232246399e-02
2.715213410556316376e-02
2.714974991977214813e-02
2.714837342500686646e-02
2.714691497385501862e-02
2.714543044567108154e-02
2.714359201490879059e-02
2.714137732982635498e-02
2.713915519416332245e-02
2.713698893785476685e-02
2.713563293218612671e-02
2.713456563651561737e-02
2.713403850793838501e-02
2.713411115109920502e-02
2.713410556316375732e-02
2.713440731167793274e-02
2.713453769683837891e-02
2.713431976735591888e-02
2.713333070278167725e-02
2.713207714259624481e-02
2.713093347847461700e-02
2.712965570390224457e-02
2.712886407971382141e-02
2.712905593216419220e-02
2.712854370474815369e-02
2.712794952094554901e-02
2.712722308933734894e-02
2.712636068463325500e-02
2.712621353566646576e-02
2.712631039321422577e-02
2.712635323405265808e-02
2.712669409811496735e-02
2.712702192366123199e-02
2.712789922952651978e-02
2.713314630091190338e-02
2.713720500469207764e-02
2.714081294834613800e-02
2.714472636580467224e-02
2.714823186397552490e-02
2.715081907808780670e-02
2.715416811406612396e-02
2.715788036584854126e-02
2.716170623898506165e-02
2.716508693993091583e-02
2.716766484081745148e-02
2.717005461454391479e-02
2.717303298413753510e-02
2.717661485075950623e-02
2.718024328351020813e-02
2.718206867575645447e-02
2.718682400882244110e-02
2.719064429402351379e-02
2.719422057271003723e-02
2.719720266759395599e-02
2.720012515783309937e-02
2.720319852232933044e-02
2.720566093921661377e-02
2.720790542662143707e-02
2.720814198255538940e-02
2.720881626009941101e-02
2.720868214964866638e-02
2.720839902758598328e-02
2.720728702843189240e-02
2.720601856708526611e-02
2.720404975116252899e-02
2.720304764807224274e-02
2.720208838582038879e-02
2.720066159963607788e-02
2.719955146312713623e-02
2.719908207654953003e-02
2.719825506210327148e-02
2.719735726714134216e-02
2.719609998166561127e-02
2.719471044838428497e-02
2.719373814761638641e-02
2.719251625239849091e-02
2.719180099666118622e-02
2.719127573072910309e-02
2.719053253531455994e-02
2.718910202383995056e-02
2.718851156532764435e-02
2.718731574714183807e-02
2.718586660921573639e-02
2.718338742852210999e-02
2.718088403344154358e-02
2.717913314700126648e-02
2.717772498726844788e-02
2.717679366469383240e-02
2.717684768140316010e-02
2.717572636902332306e-02
2.717575617134571075e-02
2.717549353837966919e-02
2.717540785670280457e-02
2.717572823166847229e-02
2.717696130275726318e-02
2.717805840075016022e-02
2.717948518693447113e-02
2.718042396008968353e-02
2.718182466924190521e-02
2.718394808471202850e-02
2.718544006347656250e-02
2.718689292669296265e-02
2.718942612409591675e-02
2.719158865511417389e-02
2.719378471374511719e-02
2.719647623598575592e-02
2.719978615641593933e-02
2.720314078032970428e-02
2.720605395734310150e-02
2.720851637423038483e-02
2.721106261014938354e-02
2.721318975090980530e-02
2.721492573618888855e-02
2.721778303384780884e-02
2.722067013382911682e-02
2.722286060452461243e-02
2.722427994012832642e-02
2.722636051476001740e-02
2.722783200442790985e-02
2.723024412989616394e-02
2.723146788775920868e-02
2.723315730690956116e-02
2.723481133580207825e-02
2.723675407469272614e-02
2.723849751055240631e-02
2.723849751055240631e-02
2.723849751055240631e-02
2.723849751055240631e-02
2.723944000899791718e-02
2.724032290279865265e-02
2.724082581698894501e-02
2.724187821149826050e-02
2.724250778555870056e-02
2.724466659128665924e-02
2.724693343043327332e-02
2.725034393370151520e-02
2.725350297987461090e-02
2.725681848824024200e-02
2.725979313254356384e-02
2.726249955594539642e-02
2.726467698812484741e-02
2.726628631353378296e-02
2.726792544126510620e-02
2.726901508867740631e-02
2.726945839822292328e-02
2.727042697370052338e-02
2.727244794368743896e-02
2.727459184825420380e-02
2.727691456675529480e-02
2.727961353957653046e-02
2.728190459311008453e-02
2.728476189076900482e-02
2.728804387152194977e-02
2.729142270982265472e-02
2.729640528559684753e-02
2.730102837085723877e-02
2.730590291321277618e-02
2.731010317802429199e-02
2.731342613697052002e-02
2.731700800359249115e-02
2.732102572917938232e-02
2.732305601239204407e-02
2.732381597161293030e-02
2.732418477535247803e-02
2.732433192431926727e-02
2.732459828257560730e-02
2.732453681528568268e-02
2.732541412115097046e-02
2.732516266405582428e-02
2.732351981103420258e-02
2.732178755104541779e-02
2.732031792402267456e-02
2.731818892061710358e-02
2.731680124998092651e-02
2.731519378721714020e-02
2.731431275606155396e-02
2.731238864362239838e-02
2.731047011911869049e-02
2.730919979512691498e-02
2.730805799365043640e-02
2.730698697268962860e-02
2.730570174753665924e-02
2.730395086109638214e-02
