4.457460716366767883e-02
4.457460716366767883e-02
4.287719726562500000e-02
4.322648420929908752e-02
4.333025962114334106e-02
4.335280135273933411e-02
4.358918592333793640e-02
4.371238872408866882e-02
4.386144876480102539e-02
4.398591816425323486e-02
4.433347657322883606e-02
4.467599466443061829e-02
4.490558430552482605e-02
4.526052623987197876e-02
4.571388289332389832e-02
4.606336355209350586e-02
4.632097482681274414e-02
4.629568383097648621e-02
4.616088420152664185e-02
4.601036757230758667e-02
4.576236009597778320e-02
4.534741491079330444e-02
4.493980854749679565e-02
4.460101574659347534e-02
4.437748715281486511e-02
4.411634430289268494e-02
4.385722056031227112e-02
4.355289414525032043e-02
4.341420531272888184e-02
4.329017177224159241e-02
4.321055114269256592e-02
4.298367723822593689e-02
4.272973909974098206e-02
4.240028560161590576e-02
4.207712411880493164e-02
4.180001094937324524e-02
4.122911766171455383e-02
4.069597274065017700e-02
4.014234617352485657e-02
3.965514898300170898e-02
3.914411738514900208e-02
3.866457566618919373e-02
3.826295584440231323e-02
3.787836804986000061e-02
3.748253732919692993e-02
3.709528222680091858e-02
3.696461021900177002e-02
3.677850589156150818e-02
3.666913881897926331e-02
3.649549931287765503e-02
3.641067445278167725e-02
3.632386401295661926e-02
3.615677356719970703e-02
3.600261360406875610e-02
3.583940491080284119e-02
3.560200706124305725e-02
3.542649373412132263e-02
3.519675135612487793e-02
3.500756248831748962e-02
3.492635488510131836e-02
3.477330133318901062e-02
3.457293286919593811e-02
3.432060033082962036e-02
3.403463587164878845e-02
3.369772806763648987e-02
3.330248966813087463e-02
3.315368294715881348e-02
3.299921751022338867e-02
3.284151852130889893e-02
3.270457684993743896e-02
3.252451121807098389e-02
3.236807510256767273e-02
3.229732438921928406e-02
3.211647644639015198e-02
3.184709325432777405e-02
3.156961500644683838e-02
3.128405287861824036e-02
3.099136985838413239e-02
3.066164813935756683e-02
3.037767298519611359e-02
3.023467957973480225e-02
3.013897687196731567e-02
3.001880645751953125e-02
2.982294373214244843e-02
2.971877716481685638e-02
2.960508316755294800e-02
2.949100174009799957e-02
2.940906211733818054e-02
2.925384789705276489e-02
2.908640168607234955e-02
2.897885441780090332e-02
2.892426960170269012e-02
2.891534194350242615e-02
2.887606993317604065e-02
2.878810092806816101e-02
2.869307063519954681e-02
2.859403379261493683e-02
2.846115268766880035e-02
2.833316847681999207e-02
2.827919274568557739e-02
2.818262390792369843e-02
2.810273505747318268e-02
2.802365645766258240e-02
2.792900055646896362e-02
2.783766016364097595e-02
2.775088138878345490e-02
2.771999686956405640e-02
2.764051221311092377e-02
2.751114405691623688e-02
2.744028344750404358e-02
2.733244188129901886e-02
2.726997435092926025e-02
2.721168845891952515e-02
2.713394910097122192e-02
2.706103213131427765e-02
2.702208422124385834e-02
2.705724723637104034e-02
2.704895287752151489e-02
2.700685523450374603e-02
2.679421938955783844e-02
2.665093168616294861e-02
2.655275538563728333e-02
2.636837586760520935e-02
2.617459185421466827e-02
2.603186294436454773e-02
2.579170837998390198e-02
2.553743869066238403e-02
2.528282441198825836e-02
2.510183677077293396e-02
2.494559809565544128e-02
2.478239871561527252e-02
2.460505440831184387e-02
2.436184696853160858e-02
2.413103170692920685e-02
2.396853268146514893e-02
2.380556240677833557e-02
2.366456761956214905e-02
2.353623323142528534e-02
2.350614406168460846e-02
2.347217872738838196e-02
2.342865057289600372e-02
2.340567670762538910e-02
2.337340451776981354e-02
2.331517823040485382e-02
2.323351800441741943e-02
2.311824262142181396e-02
2.297582104802131653e-02
2.275751717388629913e-02
2.249394543468952179e-02
2.228296361863613129e-02
2.209203690290451050e-02
2.183646894991397858e-02
2.159125357866287231e-02
2.140773832798004150e-02
2.126664295792579651e-02
2.104157954454421997e-02
2.087009511888027191e-02
2.084425278007984161e-02
2.078552730381488800e-02
2.072500064969062805e-02
2.065797708928585052e-02
2.058342471718788147e-02
2.049765735864639282e-02
2.040486782789230347e-02
2.030825428664684296e-02
2.022657729685306549e-02
2.012340910732746124e-02
2.007829584181308746e-02
2.002749033272266388e-02
2.000178582966327667e-02
1.998635940253734589e-02
1.996862143278121948e-02
1.994625478982925415e-02
1.989260502159595490e-02
1.986355520784854889e-02
1.981355436146259308e-02
1.974356174468994141e-02
1.966345496475696564e-02
1.963217183947563171e-02
1.956301368772983551e-02
1.942853815853595734e-02
1.923351176083087921e-02
1.899557001888751984e-02
1.878512278199195862e-02
1.858348026871681213e-02
1.845615357160568237e-02
1.831366308033466339e-02
1.822757907211780548e-02
1.807842589914798737e-02
1.796543039381504059e-02
1.784873753786087036e-02
1.755739003419876099e-02
1.737262494862079620e-02
1.716315187513828278e-02
1.690497435629367828e-02
1.667389646172523499e-02
1.640007272362709045e-02
1.612657681107521057e-02
1.576309464871883392e-02
1.542768161743879318e-02
1.491587329655885696e-02
1.443343795835971832e-02
1.394091267138719559e-02
1.348960120230913162e-02
1.311786565929651260e-02
1.272573694586753845e-02
1.240120828151702881e-02
1.217198837548494339e-02
1.202532742172479630e-02
1.193897519260644913e-02
1.193062681704759598e-02
1.198711805045604706e-02
1.207404956221580505e-02
1.218897663056850433e-02
1.230153255164623260e-02
1.239615958184003830e-02
1.243907399475574493e-02
1.247804705053567886e-02
1.250069309026002884e-02
1.250402256846427917e-02
1.269330177456140518e-02
1.277044881135225296e-02
1.285519544035196304e-02
1.284294761717319489e-02
1.280138641595840454e-02
1.262412033975124359e-02
1.233876030892133713e-02
1.200500410050153732e-02
1.172837708145380020e-02
1.153341121971607208e-02
1.137046329677104950e-02
1.131846662610769272e-02
1.135822944343090057e-02
1.146495901048183441e-02
1.161101553589105606e-02
1.176173612475395203e-02
1.186734344810247421e-02
1.196755096316337585e-02
1.209871564060449600e-02
1.226082723587751389e-02
1.237715966999530792e-02
1.248068735003471375e-02
1.262309774756431580e-02
1.268400717526674271e-02
1.268916577100753784e-02
1.265178807079792023e-02
1.260471157729625702e-02
1.248071249574422836e-02
1.230973657220602036e-02
1.211522333323955536e-02
1.198379416018724442e-02
1.176754385232925415e-02
1.164309773594141006e-02
1.160406880080699921e-02
1.157446298748254776e-02
1.163287181407213211e-02
1.169074885547161102e-02
1.179136801511049271e-02
1.191488746553659439e-02
1.202938146889209747e-02
1.210134010761976242e-02
1.216217037290334702e-02
1.216001529246568680e-02
1.202730741351842880e-02
1.193831395357847214e-02
1.178853027522563934e-02
1.167353056371212006e-02
1.161037664860486984e-02
1.160901691764593124e-02
1.163232140243053436e-02
1.169801782816648483e-02
1.176389027386903763e-02
1.177511923015117645e-02
1.168552972376346588e-02
1.156334113329648972e-02
1.147101633250713348e-02
1.140237227082252502e-02
1.125990599393844604e-02
1.079486217349767685e-02
1.050169393420219421e-02
1.033013965934514999e-02
1.030588988214731216e-02
9.574092924594879150e-03
8.978184312582015991e-03
8.519046008586883545e-03
8.167316205799579620e-03
7.887091487646102905e-03
7.636827416718006134e-03
7.469809148460626602e-03
7.323971018195152283e-03
7.134617306292057037e-03
6.925849243998527527e-03
6.660354323685169220e-03
6.390846800059080124e-03
6.147257518023252487e-03
5.893263500183820724e-03
5.608081351965665817e-03
5.339317955076694489e-03
5.101468414068222046e-03
4.907660651952028275e-03
4.713365808129310608e-03
4.558016080409288406e-03
4.498958587646484375e-03
4.491183441132307053e-03
4.537354689091444016e-03
4.610747098922729492e-03
4.717345815151929855e-03
4.894293379038572311e-03
5.055578891187906265e-03
5.216829478740692139e-03
5.442458204925060272e-03
5.712052807211875916e-03
6.005531642585992813e-03
6.349431816488504410e-03
6.790762301534414291e-03
7.224343251436948776e-03
7.589455228298902512e-03
7.868560962378978729e-03
8.007348515093326569e-03
7.978736422955989838e-03
7.868874818086624146e-03
7.700968999415636063e-03
7.443589158356189728e-03
7.170215249061584473e-03
6.878138519823551178e-03
6.586778908967971802e-03
6.290748249739408493e-03
6.118206307291984558e-03
6.002067122608423233e-03
5.974566098302602768e-03
5.977979395538568497e-03
6.054127588868141174e-03
6.144710816442966461e-03
6.265232339501380920e-03
6.373604293912649155e-03
6.428347434848546982e-03
6.492698565125465393e-03
6.530079524964094162e-03
6.566511001437902451e-03
6.503486074507236481e-03
6.417376454919576645e-03
6.420012563467025757e-03
6.407126318663358688e-03
6.346346810460090637e-03
6.277065724134445190e-03
6.209396757185459137e-03
6.093028932809829712e-03
6.004248280078172684e-03
5.951859988272190094e-03
5.988986697047948837e-03
6.008028984069824219e-03
6.108095403760671616e-03
6.390186958014965057e-03
6.688005290925502777e-03
6.750896573066711426e-03
6.955732125788927078e-03
7.163892034441232681e-03
7.230991497635841370e-03
7.266677450388669968e-03
7.210284005850553513e-03
7.101668044924736023e-03
6.936488673090934753e-03
6.784007884562015533e-03
6.669860798865556717e-03
6.573267281055450439e-03
6.499866954982280731e-03
6.405082996934652328e-03
6.369993556290864944e-03
6.350686773657798767e-03
6.366174668073654175e-03
6.344845984131097794e-03
6.325820926576852798e-03
6.258877925574779510e-03
6.237409077584743500e-03
6.241881754249334335e-03
6.242626346647739410e-03
6.218799855560064316e-03
6.165279075503349304e-03
6.141559686511754990e-03
6.135789677500724792e-03
6.096589379012584686e-03
6.044427864253520966e-03
6.010354030877351761e-03
5.978795234113931656e-03
5.974652711302042007e-03
6.027461029589176178e-03
6.123325321823358536e-03
6.192809436470270157e-03
6.224674172699451447e-03
6.256295368075370789e-03
6.254070904105901718e-03
6.236207671463489532e-03
6.220730952918529510e-03
6.199982482939958572e-03
6.266958545893430710e-03
6.369290407747030258e-03
6.410267204046249390e-03
6.262782029807567596e-03
6.103384308516979218e-03
5.998256616294384003e-03
5.932562518864870071e-03
5.886808503419160843e-03
5.890969187021255493e-03
5.963901989161968231e-03
6.028419360518455505e-03
6.066208705306053162e-03
6.104875355958938599e-03
6.139561999589204788e-03
6.171365268528461456e-03
6.207357626408338547e-03
6.149836815893650055e-03
6.032931152731180191e-03
5.812429357320070267e-03
5.617515649646520615e-03
5.516211967915296555e-03
5.446685012429952621e-03
5.409829318523406982e-03
5.343737080693244934e-03
5.332930479198694229e-03
5.479522980749607086e-03
5.576712079346179962e-03
5.673916079103946686e-03
5.698932334780693054e-03
5.663554184138774872e-03
5.587956868112087250e-03
5.484377965331077576e-03
5.357663147151470184e-03
5.156409926712512970e-03
4.855982493609189987e-03
4.529195372015237808e-03
4.287667572498321533e-03
4.144475329667329788e-03
4.068250767886638641e-03
4.089937079697847366e-03
4.238757304847240448e-03
4.394395742565393448e-03
4.524475894868373871e-03
4.633478820323944092e-03
4.695488139986991882e-03
4.639444872736930847e-03
4.516473039984703064e-03
4.321745596826076508e-03
4.246648866683244705e-03
4.152308218181133270e-03
4.034503828734159470e-03
3.967700526118278503e-03
3.932003863155841827e-03
4.005320835858583450e-03
4.131632391363382339e-03
4.285913426429033279e-03
4.394723102450370789e-03
4.549952689558267593e-03
4.816459491848945618e-03
5.016966257244348526e-03
5.228795576840639114e-03
5.394674837589263916e-03
5.493279546499252319e-03
5.631627049297094345e-03
5.557824857532978058e-03
5.520477890968322754e-03
5.326705984771251678e-03
5.066161043941974640e-03
4.839191678911447525e-03
4.670928698033094406e-03
4.529122263193130493e-03
4.437729250639677048e-03
4.414257593452930450e-03
4.419374745339155197e-03
4.454462323337793350e-03
4.482755903154611588e-03
4.457291215658187866e-03
4.340789746493101120e-03
4.284488502889871597e-03
4.198779817670583725e-03
4.037771373987197876e-03
3.920893650501966476e-03
3.857244970276951790e-03
3.831200068816542625e-03
3.828966524451971054e-03
3.806127468124032021e-03
3.964756615459918976e-03
4.084347281605005264e-03
4.278689622879028320e-03
4.392883740365505219e-03
4.480017814785242081e-03
4.648560192435979843e-03
4.796915687620639801e-03
4.797031171619892120e-03
4.619422834366559982e-03
4.321268759667873383e-03
3.951488994061946869e-03
3.683701157569885254e-03
3.425149014219641685e-03
3.340812632814049721e-03
3.358383197337388992e-03
3.373606363311409950e-03
3.326455596834421158e-03
3.311595879495143890e-03
3.330040490254759789e-03
3.304832382127642632e-03
3.364144125953316689e-03
3.381429007276892662e-03
3.322243923321366310e-03
3.224972635507583618e-03
3.126841038465499878e-03
3.038079012185335159e-03
2.978980541229248047e-03
2.922332147136330605e-03
2.886973554268479347e-03
2.896489342674612999e-03
2.888897666707634926e-03
2.922869753092527390e-03
2.954937750473618507e-03
2.957265591248869896e-03
2.982976380735635757e-03
3.001282224431633949e-03
3.088975790888071060e-03
3.180570667609572411e-03
3.240036079660058022e-03
3.338287817314267159e-03
3.446839516982436180e-03
3.548437729477882385e-03
3.583238460123538971e-03
3.598716808483004570e-03
3.585950471460819244e-03
3.544346895068883896e-03
3.499169833958148956e-03
3.500921884551644325e-03
3.446983639150857925e-03
3.498161444440484047e-03
3.562501166015863419e-03
3.622412914410233498e-03
3.516716649755835533e-03
3.473451593890786171e-03
3.435487626120448112e-03
3.445981070399284363e-03
3.531084628775715828e-03
3.630731720477342606e-03
3.769321134313941002e-03
3.971368540078401566e-03
4.197735805064439774e-03
4.286015871912240982e-03
4.342534113675355911e-03
4.365031141787767410e-03
4.373103845864534378e-03
4.354224074631929398e-03
4.370710812509059906e-03
4.337364342063665390e-03
4.240501206368207932e-03
4.179471638053655624e-03
4.166946746408939362e-03
4.106031730771064758e-03
4.072689451277256012e-03
4.053873475641012192e-03
4.025246482342481613e-03
4.103370476514101028e-03
4.176462069153785706e-03
4.223561380058526993e-03
4.217487759888172150e-03
4.313912242650985718e-03
4.431207664310932159e-03
4.440231714397668839e-03
4.377002362161874771e-03
4.365301690995693207e-03
4.357285331934690475e-03
4.289703909307718277e-03
4.265626426786184311e-03
4.272637423127889633e-03
4.270839970558881760e-03
4.261655732989311218e-03
4.306694492697715759e-03
4.269976168870925903e-03
4.241275601089000702e-03
4.166999366134405136e-03
4.114798270165920258e-03
4.090483300387859344e-03
4.036739002913236618e-03
3.972455393522977829e-03
3.965281415730714798e-03
3.937444183975458145e-03
3.846441395580768585e-03
3.772518364712595940e-03
3.677541855722665787e-03
3.582107136026024818e-03
3.554442198947072029e-03
3.542149206623435020e-03
3.532105591148138046e-03
3.508992493152618408e-03
3.479115199297666550e-03
3.558815922588109970e-03
3.633691696450114250e-03
3.790934570133686066e-03
4.039039835333824158e-03
4.259359557181596756e-03
4.393890965729951859e-03
4.454918205738067627e-03
4.416017327457666397e-03
4.338349681347608566e-03
4.221526905894279480e-03
4.078180994838476181e-03
4.001284949481487274e-03
3.881421638652682304e-03
3.838811535388231277e-03
3.840474877506494522e-03
3.832853166386485100e-03
3.795056836679577827e-03
3.789571346715092659e-03
3.755043959245085716e-03
3.785785753279924393e-03
3.814796218648552895e-03
3.848124761134386063e-03
3.930558916181325912e-03
4.059412050992250443e-03
4.222040995955467224e-03
4.347171634435653687e-03
4.527091514319181442e-03
4.550490062683820724e-03
4.476684611290693283e-03
4.384517204016447067e-03
4.277410916984081268e-03
4.211102612316608429e-03
4.187522456049919128e-03
4.163434263318777084e-03
4.142988938838243484e-03
4.226506222039461136e-03
4.297685343772172928e-03
4.418132826685905457e-03
4.486605059355497360e-03
4.482573829591274261e-03
4.410369787365198135e-03
4.312797449529170990e-03
4.138426389545202255e-03
3.997921012341976166e-03
3.874170361086726189e-03
3.813409944996237755e-03
3.829542547464370728e-03
3.842093050479888916e-03
3.849624190479516983e-03
3.883455647155642509e-03
3.895538859069347382e-03
3.946368582546710968e-03
4.096858203411102295e-03
4.268278833478689194e-03
4.366516601294279099e-03
4.339717794209718704e-03
4.231689497828483582e-03
4.182762932032346725e-03
4.195227287709712982e-03
4.179608542472124100e-03
4.129522480070590973e-03
4.024259746074676514e-03
3.940080292522907257e-03
3.833947237581014633e-03
3.745784517377614975e-03
3.641800489276647568e-03
3.537612967193126678e-03
3.541261656209826469e-03
3.635788103565573692e-03
3.742199623957276344e-03
3.850865643471479416e-03
3.964559640735387802e-03
4.052601289004087448e-03
4.140902310609817505e-03
4.130621906369924545e-03
4.161423537880182266e-03
4.163181409239768982e-03
4.158101975917816162e-03
4.220689181238412857e-03
4.365667235106229782e-03
4.446544684469699860e-03
4.583762027323246002e-03
4.648003727197647095e-03
4.716055467724800110e-03
4.693994764238595963e-03
4.634117707610130310e-03
4.559959284961223602e-03
4.481552168726921082e-03
4.463589750230312347e-03
4.444070626050233841e-03
4.517733119428157806e-03
4.562151618301868439e-03
4.524052608758211136e-03
4.472378175705671310e-03
4.351745825260877609e-03
3.974005114287137985e-03
3.683066694065928459e-03
3.348262747749686241e-03
3.074369393289089203e-03
2.951228758320212364e-03
2.891736105084419250e-03
2.859027590602636337e-03
2.902652369812130928e-03
3.009286010637879372e-03
3.094427753239870071e-03
3.207187633961439133e-03
3.264321247115731239e-03
3.264127764850854874e-03
3.229376394301652908e-03
3.183344844728708267e-03
3.140934510156512260e-03
3.136752638965845108e-03
3.190833376720547676e-03
3.275718307122588158e-03
3.340085735544562340e-03
3.432277124375104904e-03
3.621309529989957809e-03
3.858961164951324463e-03
4.093773197382688522e-03
4.270418081432580948e-03
4.449943546205759048e-03
4.609711933881044388e-03
4.660919308662414551e-03
4.673694260418415070e-03
4.632009193301200867e-03
4.576855339109897614e-03
4.535000305622816086e-03
4.484979435801506042e-03
4.534034524112939835e-03
4.579900298267602921e-03
4.622736014425754547e-03
4.692446440458297729e-03
4.788667429238557816e-03
4.777954425662755966e-03
4.669867921620607376e-03
4.585740622133016586e-03
4.448577761650085449e-03
4.272041376680135727e-03
4.080873448401689529e-03
3.923151176422834396e-03
3.795665223151445389e-03
3.826979780569672585e-03
3.829187713563442230e-03
3.826348576694726944e-03
3.847613465040922165e-03
3.921790514141321182e-03
4.130144603550434113e-03
4.355267621576786041e-03
4.582243505865335464e-03
4.776583984494209290e-03
4.935028031468391418e-03
4.987110383808612823e-03
4.936119541525840759e-03
4.814587533473968506e-03
4.703985061496496201e-03
4.546167794615030289e-03
4.420418757945299149e-03
4.300797823816537857e-03
4.249519202858209610e-03
4.219131078571081161e-03
4.222616087645292282e-03
4.265858791768550873e-03
4.315888509154319763e-03
4.404438659548759460e-03
4.539249464869499207e-03
4.671080503612756729e-03
4.789880942553281784e-03
4.762796219438314438e-03
4.714336711913347244e-03
4.592961631715297699e-03
4.511803388595581055e-03
4.315566737204790115e-03
4.121271427720785141e-03
3.916929010301828384e-03
3.726309863850474358e-03
3.622877644374966621e-03
3.570895874872803688e-03
3.603273537009954453e-03
3.647645702585577965e-03
3.697837004438042641e-03
3.794839372858405113e-03
3.723989473655819893e-03
3.701906185597181320e-03
3.664714051410555840e-03
3.612956730648875237e-03
3.550553228706121445e-03
3.475240431725978851e-03
3.435112303122878075e-03
3.428148105740547180e-03
3.468044800683856010e-03
3.536419710144400597e-03
3.504199441522359848e-03
3.479977371171116829e-03
3.419628366827964783e-03
3.361688693985342979e-03
3.327931277453899384e-03
3.322481410577893257e-03
3.364786738529801369e-03
3.442261135205626488e-03
3.510815091431140900e-03
3.580587217584252357e-03
3.627038793638348579e-03
3.693493548780679703e-03
3.697890788316726685e-03
3.721750807017087936e-03
3.779976861551403999e-03
3.846629755571484566e-03
3.923833835870027542e-03
3.995325416326522827e-03
4.075754899531602859e-03
4.123416729271411896e-03
4.143437836319208145e-03
4.106529057025909424e-03
4.125550389289855957e-03
4.133870359510183334e-03
4.126088693737983704e-03
4.141831304877996445e-03
4.154332913458347321e-03
4.140113946050405502e-03
4.133942071348428726e-03
4.088066518306732178e-03
4.094169940799474716e-03
4.119626246392726898e-03
5.181916058063507080e-03
6.114500109106302261e-03
6.945395376533269882e-03
7.669653743505477905e-03
8.255876600742340088e-03
8.706126362085342407e-03
9.063180536031723022e-03
9.354960173368453979e-03
9.589114226400852203e-03
9.780065156519412994e-03
9.943231940269470215e-03
1.003514416515827179e-02
1.011073496192693710e-02
1.014062948524951935e-02
1.014368329197168350e-02
1.011087466031312943e-02
1.003558002412319183e-02
9.913799352943897247e-03
9.788445197045803070e-03
9.623678401112556458e-03
9.484197944402694702e-03
9.325833059847354889e-03
9.211084805428981781e-03
9.068095125257968903e-03
8.896308951079845428e-03
8.722315542399883270e-03
8.580201305449008942e-03
8.432926610112190247e-03
8.284153416752815247e-03
8.157005533576011658e-03
8.068625815212726593e-03
7.980164140462875366e-03
7.911354303359985352e-03
7.828746922314167023e-03
7.767998613417148590e-03
7.697928231209516525e-03
7.617726922035217285e-03
7.570593152195215225e-03
7.485589012503623962e-03
7.349374238401651382e-03
7.206288632005453110e-03
6.982748862355947495e-03
6.777652073651552200e-03
6.613505072891712189e-03
6.438604090362787247e-03
6.277844775468111038e-03
6.100112572312355042e-03
5.903982091695070267e-03
5.691823083907365799e-03
5.516741424798965454e-03
5.390392616391181946e-03
5.275383591651916504e-03
5.172748584300279617e-03
5.080138333141803741e-03
4.997887182980775833e-03
4.925365094095468521e-03
4.868969786912202835e-03
4.829704761505126953e-03
4.759388510137796402e-03
4.710459616035223007e-03
4.670421127229928970e-03
4.633983131498098373e-03
4.594497848302125931e-03
4.530262202024459839e-03
4.458444193005561829e-03
4.398624878376722336e-03
4.407391883432865143e-03
4.409987013787031174e-03
4.424702841788530350e-03
4.430209752172231674e-03
4.430715925991535187e-03
4.452006425708532333e-03
4.467567428946495056e-03
4.488393198698759079e-03
4.500841256231069565e-03
4.500036127865314484e-03
4.529029596596956253e-03
4.545988980680704117e-03
4.537361674010753632e-03
4.532899707555770874e-03
4.507553763687610626e-03
4.497599322348833084e-03
4.487744998186826706e-03
4.482888616621494293e-03
4.511802922934293747e-03
4.528907593339681625e-03
4.538263659924268723e-03
4.538211040198802948e-03
4.532714374363422394e-03
4.533587954938411713e-03
4.518347326666116714e-03
4.498412366956472397e-03
4.490604158490896225e-03
4.925767425447702408e-03
5.319715477526187897e-03
5.644871853291988373e-03
5.909748375415802002e-03
6.082632113248109818e-03
6.184978410601615906e-03
6.262805778533220291e-03
6.300618872046470642e-03
6.271788850426673889e-03
6.200344301760196686e-03
6.122082471847534180e-03
6.015768740326166153e-03
5.905198864638805389e-03
5.816624034196138382e-03
5.751536693423986435e-03
5.664131138473749161e-03
5.597383249551057816e-03
5.567179527133703232e-03
5.562038160860538483e-03
5.547950509935617447e-03
5.532841198146343231e-03
5.539409816265106201e-03
5.547878332436084747e-03
5.613023415207862854e-03
5.660371389240026474e-03
5.688800010830163956e-03
5.658869165927171707e-03
5.609470885246992111e-03
5.576451774686574936e-03
5.516191478818655014e-03
5.436033010482788086e-03
5.347205791622400284e-03
5.237523932009935379e-03
5.170083139091730118e-03
5.090704187750816345e-03
5.025347229093313217e-03
5.020793061703443527e-03
5.029280669987201691e-03
5.020357668399810791e-03
5.017228424549102783e-03
5.008392967283725739e-03
5.005185026675462723e-03
4.989112727344036102e-03
4.973825067281723022e-03
4.942155908793210983e-03
4.923941567540168762e-03
4.956549499183893204e-03
4.953685682266950607e-03
4.898050799965858459e-03
4.811841994524002075e-03
4.745165817439556122e-03
4.719529300928115845e-03
4.690517205744981766e-03
4.654530901461839676e-03
4.650931339710950851e-03
4.657843615859746933e-03
4.705532453954219818e-03
4.748788196593523026e-03
4.797968547791242599e-03
4.829806741327047348e-03
4.856378305703401566e-03
4.863546695560216904e-03
4.846919793635606766e-03
4.812404513359069824e-03
4.794282838702201843e-03
4.783895798027515411e-03
4.747701808810234070e-03
4.694113973528146744e-03
4.648946691304445267e-03
4.598174244165420532e-03
4.575592000037431717e-03
4.547549877315759659e-03
4.541662521660327911e-03
4.552490077912807465e-03
4.568418022245168686e-03
4.580298438668251038e-03
4.599015228450298309e-03
4.620389081537723541e-03
4.644372034817934036e-03
4.659845028072595596e-03
4.684201907366514206e-03
4.664689302444458008e-03
4.643446300178766251e-03
4.600330255925655365e-03
4.519899375736713409e-03
4.465247038751840591e-03
4.425242543220520020e-03
4.395336844027042389e-03
4.373450763523578644e-03
4.398212302476167679e-03
4.439388867467641830e-03
4.467654973268508911e-03
4.462932236492633820e-03
4.380485508590936661e-03
4.319885279983282089e-03
4.282331559807062149e-03
4.077303223311901093e-03
3.940663300454616547e-03
3.842984791845083237e-03
3.777131438255310059e-03
3.709623124450445175e-03
3.631311468780040741e-03
3.573038848116993904e-03
3.564951475709676743e-03
3.600296331569552422e-03
3.658213652670383453e-03
3.744779620319604874e-03
3.829466411843895912e-03
3.899601055309176445e-03
3.942588809877634048e-03
4.008131567388772964e-03
4.046660847961902618e-03
4.085824824869632721e-03
4.108993336558341980e-03
4.079106729477643967e-03
4.052148200571537018e-03
4.104355350136756897e-03
4.144997335970401764e-03
4.143953323364257812e-03
4.109113477170467377e-03
4.035245627164840698e-03
3.989882301539182663e-03
3.942581359297037125e-03
3.928144928067922592e-03
3.914066590368747711e-03
3.883181605488061905e-03
3.882969263941049576e-03
3.882075659930706024e-03
3.928798250854015350e-03
3.989790566265583038e-03
4.144249483942985535e-03
4.273009486496448517e-03
4.359025973826646805e-03
4.407496191561222076e-03
4.425205290317535400e-03
4.384930711239576340e-03
4.283319227397441864e-03
4.148944281041622162e-03
4.022263921797275543e-03
3.935424145311117172e-03
3.904840443283319473e-03
3.899272764101624489e-03
3.884952515363693237e-03
3.899786854162812233e-03
3.961420617997646332e-03
4.036224447190761566e-03
4.076848272234201431e-03
4.092075396329164505e-03
4.114470910280942917e-03
4.126851912587881088e-03
4.123824182897806168e-03
4.118490498512983322e-03
4.107072949409484863e-03
4.095777403563261032e-03
4.070623312145471573e-03
4.034946672618389130e-03
3.964268602430820465e-03
3.890326246619224548e-03
3.860410535708069801e-03
3.841151716187596321e-03
3.823023056611418724e-03
3.797561628744006157e-03
3.802612656727433205e-03
3.827780252322554588e-03
3.841541707515716553e-03
3.876205766573548317e-03
3.917705267667770386e-03
3.938413225114345551e-03
3.947833087295293808e-03
3.944418393075466156e-03
3.959711641073226929e-03
4.007175564765930176e-03
4.051404539495706558e-03
4.089886788278818130e-03
4.155735485255718231e-03
4.219722468405961990e-03
4.275565035641193390e-03
4.297597799450159073e-03
4.299954045563936234e-03
4.297800827771425247e-03
4.293718840926885605e-03
4.302312619984149933e-03
4.265375435352325439e-03
4.212591797113418579e-03
4.153658170253038406e-03
4.122792743146419525e-03
4.053020384162664413e-03
3.955940250307321548e-03
3.873935667797923088e-03
3.792348317801952362e-03
3.728189738467335701e-03
3.678055014461278915e-03
3.644193056970834732e-03
3.630063030868768692e-03
3.628977807238698006e-03
3.662514267489314079e-03
3.730506636202335358e-03
3.783463267609477043e-03
3.857292234897613525e-03
3.905710764229297638e-03
3.918832167983055115e-03
3.878048155456781387e-03
3.810812253504991531e-03
3.739634063094854355e-03
3.699028864502906799e-03
3.656746121123433113e-03
3.639558795839548111e-03
3.628466743975877762e-03
3.620235947892069817e-03
3.611935069784522057e-03
3.628455800935626030e-03
3.632189240306615829e-03
3.663239069283008575e-03
3.700643777847290039e-03
3.738555591553449631e-03
3.764196764677762985e-03
3.799908561632037163e-03
3.746485803276300430e-03
3.704958362504839897e-03
3.674405394122004509e-03
3.664827207103371620e-03
3.652208717539906502e-03
3.671258920803666115e-03
3.677211934700608253e-03
3.691456513479351997e-03
3.693079343065619469e-03
3.719949396327137947e-03
3.746238769963383675e-03
3.775257384404540062e-03
3.791370894759893417e-03
3.791252616792917252e-03
3.819085191935300827e-03
3.837373806163668633e-03
3.852749476209282875e-03
3.860883181914687157e-03
3.864192403852939606e-03
3.892569569870829582e-03
3.901450429111719131e-03
3.923469688743352890e-03
3.965734969824552536e-03
3.981171175837516785e-03
3.977134358137845993e-03
3.954396583139896393e-03
3.948213532567024231e-03
3.986286465078592300e-03
4.009417723864316940e-03
4.068674519658088684e-03
4.137027077376842499e-03
4.200181923806667328e-03
4.254265688359737396e-03
4.291505552828311920e-03
4.290961194783449173e-03
4.291848279535770416e-03
4.313328303396701813e-03
4.329867660999298096e-03
4.332052543759346008e-03
4.310970660299062729e-03
4.303561057895421982e-03
4.305522423237562180e-03
4.314844496548175812e-03
4.321658518165349960e-03
4.350812640041112900e-03
4.360705614089965820e-03
4.373897332698106766e-03
4.401595797389745712e-03
4.447112325578927994e-03
4.596632905304431915e-03
4.727504216134548187e-03
4.853464197367429733e-03
4.966029431670904160e-03
5.065300501883029938e-03
5.155605729669332504e-03
5.222853273153305054e-03
5.259020254015922546e-03
5.291066598147153854e-03
5.306985694915056229e-03
5.307514220476150513e-03
5.306228995323181152e-03
5.291528534144163132e-03
5.214500706642866135e-03
5.127853713929653168e-03
5.061863455921411514e-03
4.984678234905004501e-03
4.904696717858314514e-03
4.843260627239942551e-03
4.821334034204483032e-03
4.789174068719148636e-03
4.765022080391645432e-03
4.740635864436626434e-03
4.702352453023195267e-03
4.661399871110916138e-03
4.634073004126548767e-03
4.629879258573055267e-03
4.553207196295261383e-03
4.527369048446416855e-03
4.545431584119796753e-03
4.560540895909070969e-03
4.601411055773496628e-03
4.641631152480840683e-03
4.646225832402706146e-03
4.652679897844791412e-03
4.669257905334234238e-03
4.684408660978078842e-03
4.709202796220779419e-03
4.752836655825376511e-03
4.800945520401000977e-03
4.837295971810817719e-03
4.858810454607009888e-03
4.868491552770137787e-03
4.886919166892766953e-03
4.905469249933958054e-03
4.926126915961503983e-03
4.914117977023124695e-03
4.889209754765033722e-03
4.854791332036256790e-03
4.809958860278129578e-03
4.783679265528917313e-03
4.763983190059661865e-03
4.767581354826688766e-03
4.787269979715347290e-03
4.815555177628993988e-03
4.879848100244998932e-03
4.922573454678058624e-03
4.977473989129066467e-03
5.018077790737152100e-03
5.049450788646936417e-03
5.089459940791130066e-03
5.129469092935323715e-03
5.129541736096143723e-03
5.123930983245372772e-03
5.103821866214275360e-03
5.099565256386995316e-03
5.094347056001424789e-03
5.101049784570932388e-03
5.104034673422574997e-03
5.104238633066415787e-03
5.085173062980175018e-03
5.078654270619153976e-03
5.065145436674356461e-03
4.930687602609395981e-03
4.828142002224922180e-03
4.760447423905134201e-03
4.685023333877325058e-03
4.639241844415664673e-03
4.604236222803592682e-03
4.608199000358581543e-03
4.605827853083610535e-03
4.614284262061119080e-03
4.634672310203313828e-03
4.676718730479478836e-03
4.717093892395496368e-03
4.763114266097545624e-03
4.821166861802339554e-03
4.906540270894765854e-03
4.956492688506841660e-03
4.986901301890611649e-03
4.988195374608039856e-03
4.965591710060834885e-03
4.935036413371562958e-03
4.857323598116636276e-03
4.756799899041652679e-03
4.683929495513439178e-03
4.639180377125740051e-03
4.597892519086599350e-03
4.545888863503932953e-03
4.448878578841686249e-03
4.383707884699106216e-03
4.318279679864645004e-03
4.245131276547908783e-03
4.171840846538543701e-03
4.106424283236265182e-03
4.050541669130325317e-03
4.003338050097227097e-03
3.923594485968351364e-03
3.842400619760155678e-03
3.758720587939023972e-03
3.667628159746527672e-03
3.598808310925960541e-03
3.561988938599824905e-03
3.736654296517372131e-03
3.911902662366628647e-03
4.064018838107585907e-03
4.179402254521846771e-03
4.306847695261240005e-03
4.402517341077327728e-03
4.494769964367151260e-03
4.557538311928510666e-03
4.590270575135946274e-03
4.591476172208786011e-03
4.543602932244539261e-03
4.532338585704565048e-03
4.523511510342359543e-03
4.494262393563985825e-03
4.449560306966304779e-03
4.412079695612192154e-03
4.358217585831880569e-03
4.318964201956987381e-03
4.290221258997917175e-03
4.290353041142225266e-03
4.308504052460193634e-03
4.335069097578525543e-03
4.390654619783163071e-03
4.446677863597869873e-03
4.498636350035667419e-03
4.509097430855035782e-03
4.533371888101100922e-03
4.535952582955360413e-03
4.550304729491472244e-03
4.533230327069759369e-03
4.521762020885944366e-03
4.512337036430835724e-03
4.484659060835838318e-03
4.469572100788354874e-03
4.484528210014104843e-03
4.502662457525730133e-03
4.500484559684991837e-03
4.489085637032985687e-03
4.457165952771902084e-03
4.433574154973030090e-03
4.414506722241640091e-03
4.374361131340265274e-03
4.362361971288919449e-03
4.349109251052141190e-03
4.344619810581207275e-03
4.341742489486932755e-03
4.352096468210220337e-03
4.384568892419338226e-03
4.411535337567329407e-03
4.453293979167938232e-03
4.503153264522552490e-03
4.556496627628803253e-03
4.602007102221250534e-03
4.634196404367685318e-03
4.673774819821119308e-03
4.685556516051292419e-03
4.703941289335489273e-03
4.669501911848783493e-03
4.633182194083929062e-03
4.600282758474349976e-03
4.561387468129396439e-03
4.517969209700822830e-03
4.485405515879392624e-03
4.452653694897890091e-03
4.445411730557680130e-03
4.445509519428014755e-03
4.458686802536249161e-03
4.492340609431266785e-03
4.554912913590669632e-03
4.608835093677043915e-03
4.655304364860057831e-03
4.686084575951099396e-03
4.693942610174417496e-03
4.671030677855014801e-03
4.660003818571567535e-03
4.673751071095466614e-03
4.707711748778820038e-03
4.757329355925321579e-03
4.802582785487174988e-03
4.852708429098129272e-03
4.915066994726657867e-03
4.969015251845121384e-03
4.999001976102590561e-03
5.001648794859647751e-03
5.007317755371332169e-03
5.032206885516643524e-03
5.049841012805700302e-03
5.057487636804580688e-03
5.061841569840908051e-03
5.063431337475776672e-03
5.051895044744014740e-03
5.059753544628620148e-03
5.060899071395397186e-03
5.081141367554664612e-03
5.088799167424440384e-03
5.109098739922046661e-03
5.138151347637176514e-03
5.164173897355794907e-03
5.159973632544279099e-03
5.167831666767597198e-03
5.190894939005374908e-03
5.188747774809598923e-03
5.172920878976583481e-03
5.166293587535619736e-03
5.152995232492685318e-03
5.122220143675804138e-03
5.089984741061925888e-03
5.065935663878917694e-03
5.053682718425989151e-03
5.022366065531969070e-03
5.013109184801578522e-03
4.992846399545669556e-03
4.975706338882446289e-03
4.987146705389022827e-03
4.979824181646108627e-03
4.977817181497812271e-03
4.959689918905496597e-03
4.939298611134290695e-03
4.921168554574251175e-03
4.892983939498662949e-03
4.871387965977191925e-03
4.845355171710252762e-03
4.838483873754739761e-03
4.821424372494220734e-03
4.793807864189147949e-03
4.747713916003704071e-03
4.696063231676816940e-03
4.646616987884044647e-03
4.602658562362194061e-03
4.575396887958049774e-03
4.560254048556089401e-03
4.549633711576461792e-03
4.540729336440563202e-03
4.544604569673538208e-03
4.555557854473590851e-03
4.580478183925151825e-03
4.598289728164672852e-03
4.577952902764081955e-03
4.577135667204856873e-03
4.567288327962160110e-03
4.554923158138990402e-03
4.545575007796287537e-03
4.507317673414945602e-03
4.487509373575448990e-03
4.491181578487157822e-03
4.521486349403858185e-03
4.562465008348226547e-03
4.610642325133085251e-03
4.637470003217458725e-03
4.671438597142696381e-03
4.698968026787042618e-03
4.725830163806676865e-03
4.753169137984514236e-03
4.785385448485612869e-03
4.827855620533227921e-03
4.858710337430238724e-03
4.872428718954324722e-03
4.860052838921546936e-03
4.849073477089405060e-03
4.839826375246047974e-03
4.833260085433721542e-03
4.831684753298759460e-03
4.834765102714300156e-03
4.848835989832878113e-03
4.877097904682159424e-03
4.911732859909534454e-03
4.970945883542299271e-03
5.029321648180484772e-03
5.082657560706138611e-03
5.128338932991027832e-03
5.177893675863742828e-03
5.209273193031549454e-03
5.252040922641754150e-03
5.280029959976673126e-03
5.287734325975179672e-03
5.266598891466856003e-03
5.253443494439125061e-03
5.241475533694028854e-03
5.243625491857528687e-03
5.262644030153751373e-03
5.282008089125156403e-03
5.284935701638460159e-03
5.282076541334390640e-03
5.278137512505054474e-03
5.293728318065404892e-03
5.306954029947519302e-03
5.296699237078428268e-03
5.290403962135314941e-03
5.288109183311462402e-03
5.287663545459508896e-03
5.306934472173452377e-03
5.316064227372407913e-03
5.316806025803089142e-03
5.357510410249233246e-03
5.376607645303010941e-03
5.368012003600597382e-03
5.340553820133209229e-03
5.329675506800413132e-03
5.321288481354713440e-03
5.308667663484811783e-03
5.291877314448356628e-03
5.268069449812173843e-03
5.252597853541374207e-03
5.246280692517757416e-03
5.235813092440366745e-03
5.230559501796960831e-03
5.263072438538074493e-03
5.290202796459197998e-03
5.309737287461757660e-03
5.308014806360006332e-03
5.297344643622636795e-03
5.293764639645814896e-03
5.279584787786006927e-03
5.254233255982398987e-03
5.235783755779266357e-03
5.225871223956346512e-03
5.268143955618143082e-03
5.298975855112075806e-03
5.308124702423810959e-03
5.322732962667942047e-03
5.327336490154266357e-03
5.324760917574167252e-03
5.313130095601081848e-03
5.310737527906894684e-03
5.305057391524314880e-03
5.288548767566680908e-03
5.281036254018545151e-03
5.291238427162170410e-03
5.302297882735729218e-03
5.315639544278383255e-03
5.344171542674303055e-03
5.367076955735683441e-03
5.377314519137144089e-03
5.383891984820365906e-03
5.403851624578237534e-03
5.427320487797260284e-03
5.447780247777700424e-03
5.465239752084016800e-03
5.469864699989557266e-03
5.489768460392951965e-03
5.500886123627424240e-03
5.517870187759399414e-03
5.527206696569919586e-03
5.529303569346666336e-03
5.539055913686752319e-03
5.520082078874111176e-03
5.518407560884952545e-03
5.507274065166711807e-03
5.494990851730108261e-03
5.485451780259609222e-03
5.457360763102769852e-03
5.467948503792285919e-03
5.468010902404785156e-03
5.462453234940767288e-03
5.461462773382663727e-03
5.461150314658880234e-03
5.452271085232496262e-03
5.452476907521486282e-03
5.459867883473634720e-03
5.465222056955099106e-03
5.454341880977153778e-03
5.447166506201028824e-03
5.449455697089433670e-03
5.425972398370504379e-03
5.431768018752336502e-03
5.454437341541051865e-03
5.454456433653831482e-03
5.426612682640552521e-03
5.389508325606584549e-03
5.343053489923477173e-03
5.249329842627048492e-03
5.179915577173233032e-03
5.108737386763095856e-03
5.064097233116626740e-03
5.046615842729806900e-03
5.031745880842208862e-03
5.020927172154188156e-03
5.013959016650915146e-03
5.007104016840457916e-03
5.002574063837528229e-03
4.989145789295434952e-03
4.968703258782625198e-03
4.958206322044134140e-03
4.954405594617128372e-03
4.949192982167005539e-03
4.883762914687395096e-03
4.824206698685884476e-03
4.724866710603237152e-03
4.654279444366693497e-03
4.617817234247922897e-03
4.598849453032016754e-03
4.604591522365808487e-03
4.607022739946842194e-03
4.605867899954319000e-03
4.623041953891515732e-03
4.648761823773384094e-03
4.690474364906549454e-03
4.738991148769855499e-03
4.778843838721513748e-03
4.811796825379133224e-03
4.882616456598043442e-03
4.944670945405960083e-03
4.980598110705614090e-03
5.004403181374073029e-03
5.036096554249525070e-03
5.053355824202299118e-03
5.048744846135377884e-03
5.047987215220928192e-03
5.041387863457202911e-03
5.028595682233572006e-03
5.012784153223037720e-03
5.019022151827812195e-03
5.029776133596897125e-03
5.049390252679586411e-03
5.080754403024911880e-03
5.076110828667879105e-03
5.060728639364242554e-03
5.012904293835163116e-03
4.977881442755460739e-03
4.953817464411258698e-03
4.909976385533809662e-03
4.862050991505384445e-03
4.792666994035243988e-03
4.741574171930551529e-03
4.715982824563980103e-03
4.701771307736635208e-03
4.687361884862184525e-03
4.678777884691953659e-03
4.671660717576742172e-03
4.672990646213293076e-03
4.660531412810087204e-03
4.650739487260580063e-03
4.636742174625396729e-03
4.625541158020496368e-03
4.598502535372972488e-03
4.579194821417331696e-03
4.578144755214452744e-03
4.581349436193704605e-03
4.581805318593978882e-03
4.565076436847448349e-03
4.548592958599328995e-03
4.536531399935483932e-03
4.509499762207269669e-03
4.490078892558813095e-03
4.455980844795703888e-03
4.435640294104814529e-03
4.444551654160022736e-03
4.429847002029418945e-03
4.412716720253229141e-03
4.372529685497283936e-03
4.360001534223556519e-03
4.339778330177068710e-03
4.299561493098735809e-03
4.266602452844381332e-03
4.231033846735954285e-03
4.205791279673576355e-03
4.183166660368442535e-03
4.162738565355539322e-03
4.163070116192102432e-03
4.165499936789274216e-03
4.160964395850896835e-03
4.159736912697553635e-03
4.155320115387439728e-03
4.149577114731073380e-03
4.142118152230978012e-03
4.145129583775997162e-03
4.138995427638292313e-03
4.124757368117570877e-03
4.113666247576475143e-03
4.103037994354963303e-03
4.097850061953067780e-03
4.102324135601520538e-03
4.110835958272218704e-03
4.126573912799358368e-03
4.142471589148044586e-03
4.159696865826845169e-03
4.191687330603599548e-03
4.231216851621866226e-03
4.273873288184404373e-03
4.308924544602632523e-03
4.348824266344308853e-03
4.402085673063993454e-03
4.471601918339729309e-03
4.545259289443492889e-03
4.611775744706392288e-03
4.661512095481157303e-03
4.694502335041761398e-03
4.715702496469020844e-03
4.715089220553636551e-03
4.698648117482662201e-03
4.665707703679800034e-03
4.643937107175588608e-03
4.606882575899362564e-03
4.552712198346853256e-03
4.512891173362731934e-03
4.477972164750099182e-03
4.443541169166564941e-03
4.412308800965547562e-03
4.384054336696863174e-03
4.361955914646387100e-03
4.358045291155576706e-03
4.374873358756303787e-03
4.403052851557731628e-03
4.450368694961071014e-03
4.508689977228641510e-03
4.568876698613166809e-03
4.627386573702096939e-03
4.677167162299156189e-03
4.723677877336740494e-03
4.765118006616830826e-03
4.796462133526802063e-03
4.795326851308345795e-03
4.808306228369474411e-03
4.808347206562757492e-03
4.799196030944585800e-03
4.775985609740018845e-03
4.752371460199356079e-03
4.724957048892974854e-03
4.713011439889669418e-03
4.698924720287322998e-03
4.686879925429821014e-03
4.671049769967794418e-03
4.650147166103124619e-03
4.645350389182567596e-03
4.606126807630062103e-03
4.446554929018020630e-03
4.323197528719902039e-03
4.210374318063259125e-03
4.121318459510803223e-03
4.061346873641014099e-03
4.035949707031250000e-03
4.021297208964824677e-03
3.995992708951234818e-03
3.972216974943876266e-03
3.951326943933963776e-03
3.958679735660552979e-03
3.964310511946678162e-03
3.991097211837768555e-03
4.041706677526235580e-03
4.107408225536346436e-03
4.173137247562408447e-03
4.227329045534133911e-03
4.294317215681076050e-03
4.363892599940299988e-03
4.423895850777626038e-03
4.477778449654579163e-03
4.508979152888059616e-03
4.533302038908004761e-03
4.521285649389028549e-03
4.507687874138355255e-03
4.486445337533950806e-03
4.455024842172861099e-03
4.428788553923368454e-03
4.397152457386255264e-03
4.340444691479206085e-03
4.284076858311891556e-03
4.237093031406402588e-03
4.183155484497547150e-03
4.159162286669015884e-03
4.121163394302129745e-03
4.092004615813493729e-03
4.073700867593288422e-03
4.044026136398315430e-03
4.010776523500680923e-03
3.994869999587535858e-03
3.991183824837207794e-03
3.999484702944755554e-03
3.986367955803871155e-03
3.969400189816951752e-03
3.963970579206943512e-03
3.970433026552200317e-03
3.974295221269130707e-03
3.989545628428459167e-03
4.007450304925441742e-03
4.026925191283226013e-03
4.050499759614467621e-03
4.067400936037302017e-03
4.068132489919662476e-03
4.129691515117883682e-03
4.176564514636993408e-03
4.224845673888921738e-03
4.259142093360424042e-03
4.296314436942338943e-03
4.311460535973310471e-03
4.337915219366550446e-03
4.342577885836362839e-03
4.343275446444749832e-03
4.336048383265733719e-03
4.361966624855995178e-03
4.397963639348745346e-03
4.419312346726655960e-03
4.441567230969667435e-03
4.441870376467704773e-03
4.430902656167745590e-03
4.405310843139886856e-03
4.387545399367809296e-03
4.430416971445083618e-03
4.483190830796957016e-03
4.530882928520441055e-03
4.571582656353712082e-03
4.601902328431606293e-03
4.630065057426691055e-03
4.631635267287492752e-03
4.645877983421087265e-03
4.680863115936517715e-03
4.725069738924503326e-03
4.754221532493829727e-03
4.776530899107456207e-03
4.789114464074373245e-03
4.779810551553964615e-03
4.760507959872484207e-03
4.719876218587160110e-03
4.678420256823301315e-03
4.644996486604213715e-03
4.617401398718357086e-03
4.586828872561454773e-03
4.550697281956672668e-03
4.528623074293136597e-03
4.512276966124773026e-03
4.498132970184087753e-03
4.489067010581493378e-03
4.484273027628660202e-03
4.466919694095849991e-03
4.461966920644044876e-03
4.444249905645847321e-03
4.422025755047798157e-03
4.407300613820552826e-03
4.446537699550390244e-03
4.479272291064262390e-03
4.518891219049692154e-03
4.541383124887943268e-03
4.551544785499572754e-03
4.548923578113317490e-03
4.560416098684072495e-03
4.552525468170642853e-03
4.552630241960287094e-03
4.570467863231897354e-03
4.605226218700408936e-03
4.631339572370052338e-03
4.644661210477352142e-03
4.646087531000375748e-03
4.650023300200700760e-03
4.653580021113157272e-03
4.648320842534303665e-03
4.635420162230730057e-03
4.620323423296213150e-03
4.585500806570053101e-03
4.553988575935363770e-03
4.540298134088516235e-03
4.534580279141664505e-03
4.520134534686803818e-03
4.513560794293880463e-03
4.515729844570159912e-03
4.511822480708360672e-03
4.514698870480060577e-03
4.468398634344339371e-03
4.415333271026611328e-03
4.379206802695989609e-03
4.354726988822221756e-03
4.334187135100364685e-03
4.316300619393587112e-03
4.305873066186904907e-03
4.287684801965951920e-03
4.279955290257930756e-03
4.263945855200290680e-03
4.248952493071556091e-03
4.226864781230688095e-03
4.199820104986429214e-03
4.173604305833578110e-03
4.163358826190233231e-03
4.143606405705213547e-03
4.130258224904537201e-03
4.110661335289478302e-03
4.082960542291402817e-03
4.060668405145406723e-03
4.045052919536828995e-03
4.028499126434326172e-03
4.017161671072244644e-03
4.018150735646486282e-03
4.018932580947875977e-03
4.025123082101345062e-03
4.036980681121349335e-03
4.051845986396074295e-03
4.061322659254074097e-03
4.057726822793483734e-03
4.067657981067895889e-03
4.074572585523128510e-03
4.082181025296449661e-03
4.073626361787319183e-03
4.068945534527301788e-03
4.056731238961219788e-03
4.051242023706436157e-03
4.045155830681324005e-03
4.037969745695590973e-03
4.033763427287340164e-03
4.041612613946199417e-03
4.048238042742013931e-03
4.067451227456331253e-03
4.075989592820405960e-03
4.093504045158624649e-03
4.112291615456342697e-03
4.103919025510549545e-03
4.116469994187355042e-03
4.136367235332727432e-03
4.229515325278043747e-03
4.325355403125286102e-03
4.413472022861242294e-03
4.485883750021457672e-03
4.535163752734661102e-03
4.563472233712673187e-03
4.585011396557092667e-03
4.595462232828140259e-03
4.591827746480703354e-03
4.567279480397701263e-03
4.535089712589979172e-03
4.495600704103708267e-03
4.447716753929853439e-03
4.399647470563650131e-03
4.359108861535787582e-03
4.288501106202602386e-03
4.237048793584108353e-03
4.191588144749403000e-03
4.157862626016139984e-03
4.129178822040557861e-03
4.098100587725639343e-03
4.074409138411283493e-03
4.055586177855730057e-03
4.035041667520999908e-03
4.013371653854846954e-03
3.990670200437307358e-03
3.965106792747974396e-03
3.946969751268625259e-03
3.933449275791645050e-03
3.929856233298778534e-03
3.936827182769775391e-03
3.950350452214479446e-03
3.975932486355304718e-03
3.996502608060836792e-03
4.026415292173624039e-03
4.057717509567737579e-03
4.079654812812805176e-03
4.100619815289974213e-03
4.117447882890701294e-03
4.127613734453916550e-03
4.139044787734746933e-03
4.140463657677173615e-03
4.125234670937061310e-03
4.105382133275270462e-03
4.082698840647935867e-03
4.047567490488290787e-03
4.014255944639444351e-03
3.979812841862440109e-03
3.969261422753334045e-03
3.968995064496994019e-03
3.980702720582485199e-03
4.001383204013109207e-03
4.016130696982145309e-03
4.037056583911180496e-03
4.048687871545553207e-03
4.056048579514026642e-03
4.047992173582315445e-03
4.045599605888128281e-03
4.044672008603811264e-03
4.039063584059476852e-03
4.039395600557327271e-03
4.044292494654655457e-03
4.035846795886754990e-03
4.029317293316125870e-03
4.028510302305221558e-03
4.032658413052558899e-03
4.043342079967260361e-03
4.051060415804386139e-03
4.058958031237125397e-03
4.059123340994119644e-03
4.075084347277879715e-03
4.066937603056430817e-03
4.039932973682880402e-03
4.014424979686737061e-03
3.993734717369079590e-03
3.970112651586532593e-03
3.946185577660799026e-03
3.944738768041133881e-03
3.957377281039953232e-03
3.990543074905872345e-03
4.020351450890302658e-03
4.061177838593721390e-03
4.099594429135322571e-03
4.136219155043363571e-03
4.171562846750020981e-03
4.202539566904306412e-03
4.236619453877210617e-03
4.281525500118732452e-03
4.330942407250404358e-03
4.364649765193462372e-03
4.401913844048976898e-03
4.422957543283700943e-03
4.448913503438234329e-03
4.469877574592828751e-03
4.489739425480365753e-03
4.508106969296932220e-03
4.519928712397813797e-03
4.527341574430465698e-03
4.525850061327219009e-03
4.536020569503307343e-03
4.550667479634284973e-03
4.563683643937110901e-03
4.479423165321350098e-03
4.399648867547512054e-03
4.338672850281000137e-03
4.292296711355447769e-03
4.239777568727731705e-03
4.197708796709775925e-03
4.166559781879186630e-03
4.150930326431989670e-03
4.143862519413232803e-03
4.144780337810516357e-03
4.152531269937753677e-03
4.170591942965984344e-03
4.199587274342775345e-03
4.233466461300849915e-03
4.271765239536762238e-03
4.308437928557395935e-03
4.331621807068586349e-03
4.355678800493478775e-03
4.386594984680414200e-03
4.392498172819614410e-03
4.392737988382577896e-03
4.399829544126987457e-03
4.390559159219264984e-03
4.370245151221752167e-03
4.336674232035875320e-03
4.312426317483186722e-03
4.296345636248588562e-03
4.296735860407352448e-03
4.296468570828437805e-03
4.299119114875793457e-03
4.291783086955547333e-03
4.287795629352331161e-03
4.269505385309457779e-03
4.258814733475446701e-03
4.247915931046009064e-03
4.263474605977535248e-03
4.267905373126268387e-03
4.270056728273630142e-03
4.283345304429531097e-03
4.298019688576459885e-03
4.312757868319749832e-03
4.328316543251276016e-03
4.347533918917179108e-03
4.372626077383756638e-03
4.394154064357280731e-03
4.413773771375417709e-03
4.430022090673446655e-03
4.448324441909790039e-03
4.475369118154048920e-03
4.496396519243717194e-03
4.520188551396131516e-03
4.538493230938911438e-03
4.553104750812053680e-03
4.572323057800531387e-03
4.592833109200000763e-03
4.618078470230102539e-03
4.635218996554613113e-03
4.642691928893327713e-03
4.642987158149480820e-03
4.647565074265003204e-03
4.651968833059072495e-03
4.662582185119390488e-03
4.665653686970472336e-03
4.679743200540542603e-03
4.683029372245073318e-03
4.676155745983123779e-03
4.676049109548330307e-03
4.680681042373180389e-03
4.685138352215290070e-03
4.678923636674880981e-03
4.686207976192235947e-03
4.704789724200963974e-03
4.717061296105384827e-03
4.728826694190502167e-03
4.743615631014108658e-03
4.765026737004518509e-03
4.781823139637708664e-03
4.801403265446424484e-03
4.812949337065219879e-03
4.830801859498023987e-03
4.875092767179012299e-03
4.912227857857942581e-03
4.944807384163141251e-03
4.973545670509338379e-03
5.001984536647796631e-03
5.024880636483430862e-03
5.045012105256319046e-03
5.064200609922409058e-03
5.089404061436653137e-03
5.129207391291856766e-03
5.160188302397727966e-03
5.182643420994281769e-03
5.197801627218723297e-03
5.210255272686481476e-03
5.211961455643177032e-03
5.218251142650842667e-03
5.224110092967748642e-03
5.229742266237735748e-03
5.247809924185276031e-03
5.270188674330711365e-03
5.288774613291025162e-03
5.296748597174882889e-03
5.303004290908575058e-03
5.305859260261058807e-03
5.299496930092573166e-03
5.288390442728996277e-03
5.282957106828689575e-03
5.273129791021347046e-03
5.251360125839710236e-03
5.231197923421859741e-03
5.215364973992109299e-03
5.202228669077157974e-03
5.194771103560924530e-03
5.193109624087810516e-03
5.195919424295425415e-03
5.205149296671152115e-03
5.201996304094791412e-03
5.188310984522104263e-03
5.181123968213796616e-03
5.157287698239088058e-03
5.133574362844228745e-03
5.119130481034517288e-03
5.117991473525762558e-03
5.124459508806467056e-03
5.122991744428873062e-03
5.102252587676048279e-03
5.091273691505193710e-03
5.077533889561891556e-03
5.049424711614847183e-03
5.024456884711980820e-03
5.000050179660320282e-03
4.976797848939895630e-03
4.991179332137107849e-03
4.999568220227956772e-03
5.018162541091442108e-03
5.039148032665252686e-03
5.060967057943344116e-03
5.077042151242494583e-03
5.085771903395652771e-03
5.087931174784898758e-03
5.085671320557594299e-03
5.081184674054384232e-03
5.076250061392784119e-03
5.068387370556592941e-03
5.062302108854055405e-03
5.049052648246288300e-03
5.036971997469663620e-03
5.032846238464117050e-03
5.025086458772420883e-03
5.011503119021654129e-03
5.003882106393575668e-03
4.995298106223344803e-03
4.980725236237049103e-03
4.956649150699377060e-03
4.941005259752273560e-03
4.929566755890846252e-03
4.917039535939693451e-03
4.903817549347877502e-03
4.881310276687145233e-03
4.865437746047973633e-03
4.844057839363813400e-03
4.822745919227600098e-03
4.790008068084716797e-03
4.762757103890180588e-03
4.742015153169631958e-03
4.722387529909610748e-03
4.713104572147130966e-03
4.696108866482973099e-03
4.679317586123943329e-03
4.674676340073347092e-03
4.676817450672388077e-03
4.682756494730710983e-03
4.694532137364149094e-03
4.695933312177658081e-03
4.698708187788724899e-03
4.703299608081579208e-03
4.710705950856208801e-03
4.737108014523983002e-03
4.768236540257930756e-03
4.791822750121355057e-03
4.801198374480009079e-03
4.817584995180368423e-03
4.830523859709501266e-03
4.839724861085414886e-03
4.847751464694738388e-03
4.858365748077630997e-03
4.859479609876871109e-03
4.846686031669378281e-03
4.845228977501392365e-03
4.856999963521957397e-03
4.877410363405942917e-03
4.899278748780488968e-03
4.926492460072040558e-03
4.957596305757761002e-03
4.975728690624237061e-03
4.996334202587604523e-03
5.002979654818773270e-03
5.017148330807685852e-03
5.024343729019165039e-03
5.033726338297128677e-03
5.035633686929941177e-03
5.042196251451969147e-03
5.048284772783517838e-03
5.061569623649120331e-03
5.064647644758224487e-03
5.072333849966526031e-03
5.070584360510110855e-03
5.064473953098058701e-03
5.064932629466056824e-03
5.067432764917612076e-03
5.069693084806203842e-03
5.085060372948646545e-03
5.095839966088533401e-03
5.112708546221256256e-03
5.126955453306436539e-03
5.137748084962368011e-03
5.147972609847784042e-03
5.146683659404516220e-03
5.149184726178646088e-03
5.160933826118707657e-03
5.163672380149364471e-03
5.164513364434242249e-03
5.161031149327754974e-03
5.158099811524152756e-03
5.154979880899190903e-03
5.145973060280084610e-03
5.130492616444826126e-03
5.119273904711008072e-03
5.114323459565639496e-03
5.115277133882045746e-03
5.110418424010276794e-03
5.090177524834871292e-03
5.081134382635354996e-03
5.064614117145538330e-03
5.044731311500072479e-03
5.024916958063840866e-03
5.013620015233755112e-03
5.015899427235126495e-03
5.014533642679452896e-03
5.020554177463054657e-03
5.032693967223167419e-03
5.045142490416765213e-03
5.052044056355953217e-03
5.059414077550172806e-03
5.062520503997802734e-03
5.059650167822837830e-03
5.056469235569238663e-03
5.049691069871187210e-03
5.028496962040662766e-03
5.016651004552841187e-03
5.006987601518630981e-03
5.004965700209140778e-03
5.003008060157299042e-03
5.004678852856159210e-03
4.997658077627420425e-03
4.981953185051679611e-03
4.963958170264959335e-03
4.953462164849042892e-03
4.944697022438049316e-03
4.946300294250249863e-03
4.944628104567527771e-03
4.947713110595941544e-03
4.945282358676195145e-03
4.943775944411754608e-03
4.937460180371999741e-03
4.929705522954463959e-03
4.916449543088674545e-03
4.906575661152601242e-03
4.891353193670511246e-03
4.872683901339769363e-03
4.842382390052080154e-03
4.801105707883834839e-03
4.774411674588918686e-03
4.750797525048255920e-03
4.727666266262531281e-03
4.695836920291185379e-03
4.665715154260396957e-03
4.629998467862606049e-03
4.601072985678911209e-03
4.573970567435026169e-03
4.549948032945394516e-03
4.521482624113559723e-03
4.491288214921951294e-03
4.463826306164264679e-03
4.438227973878383636e-03
4.412942565977573395e-03
4.381094127893447876e-03
4.352082032710313797e-03
4.333684686571359634e-03
4.325123969465494156e-03
4.317604936659336090e-03
4.306578543037176132e-03
4.306626506149768829e-03
4.309292882680892944e-03
4.307182971388101578e-03
4.309448879212141037e-03
4.322364926338195801e-03
4.337759222835302353e-03
4.338911734521389008e-03
4.347381182014942169e-03
4.353703465312719345e-03
4.356450866907835007e-03
4.371106158941984177e-03
4.389907233417034149e-03
4.418453667312860489e-03
4.438660107553005219e-03
4.456002730876207352e-03
4.461145028471946716e-03
4.459659568965435028e-03
4.444608930498361588e-03
4.412455949932336807e-03
4.385193344205617905e-03
4.355711862444877625e-03
4.294644109904766083e-03
4.235907923430204391e-03
4.182665608823299408e-03
4.146051593124866486e-03
4.124136641621589661e-03
4.113721661269664764e-03
4.113561473786830902e-03
4.119867924600839615e-03
4.123324993997812271e-03
4.131394438445568085e-03
4.135884344577789307e-03
4.143133293837308884e-03
4.147862084209918976e-03
4.149047192186117172e-03
4.157108254730701447e-03
4.165334161370992661e-03
4.178996197879314423e-03
4.203515592962503433e-03
4.235512111335992813e-03
4.259439650923013687e-03
4.280230961740016937e-03
4.296712111681699753e-03
4.311785101890563965e-03
4.325503017753362656e-03
4.343984648585319519e-03
4.361782222986221313e-03
4.388438537716865540e-03
4.403573460876941681e-03
4.420657642185688019e-03
4.436572548002004623e-03
4.444702062755823135e-03
4.446047358214855194e-03
4.449537955224514008e-03
4.454884212464094162e-03
4.455140326172113419e-03
4.444852005690336227e-03
4.439695272594690323e-03
4.427217878401279449e-03
4.421334248036146164e-03
4.414408467710018158e-03
4.412281326949596405e-03
4.411143716424703598e-03
4.408018197864294052e-03
4.409453831613063812e-03
4.415039438754320145e-03
4.426068160682916641e-03
4.434380214661359787e-03
4.435219801962375641e-03
4.441382829099893570e-03
4.457045346498489380e-03
4.463491030037403107e-03
4.461591131985187531e-03
4.452169407159090042e-03
4.445259459316730499e-03
4.439269192516803741e-03
4.436815623193979263e-03
4.443389829248189926e-03
4.445042926818132401e-03
4.443312063813209534e-03
4.434792324900627136e-03
4.427206702530384064e-03
4.426395054906606674e-03
4.409302026033401489e-03
4.391526337713003159e-03
4.376308061182498932e-03
4.364121705293655396e-03
4.351459909230470657e-03
4.339464474469423294e-03
4.325208254158496857e-03
4.310619551688432693e-03
4.305359441787004471e-03
4.306380171328783035e-03
4.315494094043970108e-03
4.332161508500576019e-03
4.346012603491544724e-03
4.352617543190717697e-03
4.364013206213712692e-03
4.372156225144863129e-03
4.376290366053581238e-03
4.383985418826341629e-03
4.387621767818927765e-03
4.387547727674245834e-03
4.386671818792819977e-03
4.384793341159820557e-03
4.386340267956256866e-03
4.387825727462768555e-03
4.387503024190664291e-03
4.388987552374601364e-03
4.386492539197206497e-03
4.386445041745901108e-03
4.387851804494857788e-03
4.390973132103681564e-03
4.394570365548133850e-03
4.390836693346500397e-03
4.383734427392482758e-03
4.379347898066043854e-03
4.383353982120752335e-03
4.383257124572992325e-03
4.382250364869832993e-03
4.380309022963047028e-03
4.384855739772319794e-03
4.385777749121189117e-03
4.392125643789768219e-03
4.401279147714376450e-03
4.407419823110103607e-03
4.416372161358594894e-03
4.423872567713260651e-03
4.438299685716629028e-03
4.455026239156723022e-03
4.471838939934968948e-03
4.495833069086074829e-03
4.517139866948127747e-03
4.534601699560880661e-03
4.559806082397699356e-03
4.582436289638280869e-03
4.601573571562767029e-03
4.615325015038251877e-03
4.618460778146982193e-03
4.625152330845594406e-03
4.631265532225370407e-03
4.635388031601905823e-03
4.718990065157413483e-03
4.799107089638710022e-03
4.863833542913198471e-03
4.917972255498170853e-03
4.963687621057033539e-03
5.001029931008815765e-03
5.026713944971561432e-03
5.049631930887699127e-03
5.066524725407361984e-03
5.077353212982416153e-03
5.084094591438770294e-03
5.121613852679729462e-03
5.156722851097583771e-03
5.184537265449762344e-03
5.196561105549335480e-03
5.201112478971481323e-03
5.207211244851350784e-03
5.166569259017705917e-03
5.176569335162639618e-03
5.196890793740749359e-03
5.209803115576505661e-03
5.222822539508342743e-03
5.241430830210447311e-03
5.253270734101533890e-03
5.261006299406290054e-03
5.264729727059602737e-03
5.267224740236997604e-03
5.263478029519319534e-03
5.244340281933546066e-03
5.227113142609596252e-03
5.207082722336053848e-03
5.189392250031232834e-03
5.163075402379035950e-03
5.141342058777809143e-03
5.123407579958438873e-03
5.101711489260196686e-03
5.082626361399888992e-03
5.067380145192146301e-03
5.062051117420196533e-03
5.058142356574535370e-03
5.054461304098367691e-03
5.052454303950071335e-03
5.051825661212205887e-03
5.053993314504623413e-03
5.050044506788253784e-03
5.052622873336076736e-03
5.054668523371219635e-03
5.061744246631860733e-03
5.078456364572048187e-03
5.096066743135452271e-03
5.115174222737550735e-03
5.124792922288179398e-03
5.136352963745594025e-03
5.140257533639669418e-03
5.138946697115898132e-03
5.139477550983428955e-03
5.145952571183443069e-03
5.147153511643409729e-03
5.146617069840431213e-03
5.142230540513992310e-03
5.133199971169233322e-03
5.121060181409120560e-03
5.108029115945100784e-03
5.098804831504821777e-03
5.090990103781223297e-03
5.080462433397769928e-03
5.074824206531047821e-03
5.076942499727010727e-03
5.076018627732992172e-03
5.077802576124668121e-03
5.083157215267419815e-03
5.087217316031455994e-03
5.095034837722778320e-03
5.099269095808267593e-03
5.121412221342325211e-03
5.141405388712882996e-03
5.158340558409690857e-03
5.167283117771148682e-03
5.182436201721429825e-03
5.192313808947801590e-03
5.207761656492948532e-03
5.223230924457311630e-03
5.222342442721128464e-03
5.212758667767047882e-03
5.196393001824617386e-03
5.176553037017583847e-03
5.156391300261020660e-03
5.140376277267932892e-03
5.127415526658296585e-03
5.111387930810451508e-03
5.094853229820728302e-03
5.074337590485811234e-03
5.051799584180116653e-03
5.028857849538326263e-03
5.010743159800767899e-03
4.991615656763315201e-03
4.974998999387025833e-03
4.965051542967557907e-03
4.959170240908861160e-03
4.950499162077903748e-03
4.942812025547027588e-03
4.934511147439479828e-03
4.919460974633693695e-03
4.906049929559230804e-03
4.895451478660106659e-03
4.884489811956882477e-03
4.867979791015386581e-03
4.853887017816305161e-03
4.841089714318513870e-03
4.825900774449110031e-03
4.818038549274206161e-03
4.822846502065658569e-03
4.848603624850511551e-03
4.872274119406938553e-03
4.894602112472057343e-03
4.915964324027299881e-03
4.927858710289001465e-03
4.941822495311498642e-03
4.956734366714954376e-03
4.968786612153053284e-03
4.974306095391511917e-03
4.975436720997095108e-03
4.978484939783811569e-03
4.979130811989307404e-03
4.968914669007062912e-03
4.959179088473320007e-03
4.949498921632766724e-03
4.940584767609834671e-03
4.943719133734703064e-03
4.948463290929794312e-03
4.949145019054412842e-03
4.959919955581426620e-03
4.965788219124078751e-03
4.968124441802501678e-03
4.965547006577253342e-03
4.966750275343656540e-03
4.973336588591337204e-03
4.984850063920021057e-03
4.997138865292072296e-03
5.001234821975231171e-03
5.003947764635086060e-03
4.995914641767740250e-03
4.988791886717081070e-03
4.983418155461549759e-03
4.977878183126449585e-03
4.970700480043888092e-03
4.966118372976779938e-03
4.961575847119092941e-03
4.952622111886739731e-03
4.948724061250686646e-03
4.945644643157720566e-03
4.950679838657379150e-03
4.953079856932163239e-03
4.956106189638376236e-03
4.955058917403221130e-03
4.951877985149621964e-03
4.951537586748600006e-03
4.949578084051609039e-03
4.949930123984813690e-03
4.952947609126567841e-03
4.953759256750345230e-03
4.958278965204954147e-03
4.962158389389514923e-03
4.963131621479988098e-03
4.960078280419111252e-03
4.954626318067312241e-03
4.957601893693208694e-03
4.954113624989986420e-03
4.952031187713146210e-03
4.951588809490203857e-03
4.950079135596752167e-03
4.951002541929483414e-03
4.955836571753025055e-03
4.958944395184516907e-03
4.954207222908735275e-03
4.950468428432941437e-03
4.952086601406335831e-03
4.952205345034599304e-03
4.951643757522106171e-03
4.949651658535003662e-03
4.951745737344026566e-03
4.950532689690589905e-03
4.958499688655138016e-03
4.962936509400606155e-03
4.966914653778076172e-03
4.971459042280912399e-03
4.980917088687419891e-03
4.989167209714651108e-03
4.998449236154556274e-03
5.001917015761137009e-03
5.018701311200857162e-03
5.030378233641386032e-03
5.032489076256752014e-03
5.028057377785444260e-03
5.023372359573841095e-03
5.025266204029321671e-03
5.023491568863391876e-03
5.027434788644313812e-03
5.028735846281051636e-03
5.034390836954116821e-03
5.037793423980474472e-03
5.039417650550603867e-03
5.036705173552036285e-03
5.028801504522562027e-03
5.014677066355943680e-03
5.001374520361423492e-03
5.001169163733720779e-03
4.999167751520872116e-03
4.999906755983829498e-03
5.000634584575891495e-03
5.005170125514268875e-03
5.009046755731105804e-03
5.011274479329586029e-03
5.004604812711477280e-03
4.996665287762880325e-03
4.989483859390020370e-03
4.972812719643115997e-03
4.955743439495563507e-03
4.936874844133853912e-03
4.915958270430564880e-03
4.896373022347688675e-03
4.876870661973953247e-03
4.856450483202934265e-03
4.852597601711750031e-03
4.850252997130155563e-03
4.850300494581460953e-03
4.854259546846151352e-03
4.850922152400016785e-03
4.845188930630683899e-03
4.839526955038309097e-03
4.835599567741155624e-03
4.834903869777917862e-03
4.835159052163362503e-03
4.830553196370601654e-03
4.817458335310220718e-03
4.807628691196441650e-03
4.791746847331523895e-03
4.772459622472524643e-03
4.755913279950618744e-03
4.738525021821260452e-03
4.727951250970363617e-03
4.708452615886926651e-03
4.686417058110237122e-03
4.663462750613689423e-03
4.636003635823726654e-03
4.618172533810138702e-03
4.600672516971826553e-03
4.584801848977804184e-03
4.571815952658653259e-03
4.564074333757162094e-03
4.556772764772176743e-03
4.549947567284107208e-03
4.543846938759088516e-03
4.541526082903146744e-03
4.551874473690986633e-03
4.561210982501506805e-03
4.565596580505371094e-03
4.566593095660209656e-03
4.564486443996429443e-03
4.559295717626810074e-03
4.552708473056554794e-03
4.541640635579824448e-03
4.529498051851987839e-03
4.513420164585113525e-03
4.496084526181221008e-03
4.478449933230876923e-03
4.462585318833589554e-03
4.446191713213920593e-03
4.438034724444150925e-03
4.427615553140640259e-03
4.420179408043622971e-03
4.419424105435609818e-03
4.416116513311862946e-03
4.412450361996889114e-03
4.410835448652505875e-03
4.411955364048480988e-03
4.421344958245754242e-03
4.432278219610452652e-03
4.443878307938575745e-03
4.456603433936834335e-03
4.464243538677692413e-03
4.472890868782997131e-03
4.481746815145015717e-03
4.490869585424661636e-03
4.499614704400300980e-03
4.510657861828804016e-03
4.519504960626363754e-03
4.529647063463926315e-03
4.537443630397319794e-03
4.549267236143350601e-03
4.554118029773235321e-03
4.560618661344051361e-03
4.568778909742832184e-03
4.575779195874929428e-03
4.578046500682830811e-03
4.581997171044349670e-03
4.578476306051015854e-03
4.571011755615472794e-03
4.560774657875299454e-03
4.555511288344860077e-03
4.550010431557893753e-03
4.541657865047454834e-03
4.539385903626680374e-03
4.537974484264850616e-03
4.535430576652288437e-03
4.532732535153627396e-03
4.531965125352144241e-03
4.532920196652412415e-03
4.539853427559137344e-03
4.542935173958539963e-03
4.543744958937168121e-03
4.548258613795042038e-03
4.553155507892370224e-03
4.556701052933931351e-03
4.559709690511226654e-03
4.569768439978361130e-03
4.579709377139806747e-03
4.584507085382938385e-03
4.587021656334400177e-03
4.596291575580835342e-03
4.604457411915063858e-03
4.612139426171779633e-03
4.617542959749698639e-03
4.621239844709634781e-03
4.624879918992519379e-03
4.628447350114583969e-03
4.632512573152780533e-03
4.635880701243877411e-03
4.637044854462146759e-03
4.640934057533740997e-03
4.642530344426631927e-03
4.646887537091970444e-03
4.650251939892768860e-03
4.655253142118453979e-03
4.662435967475175858e-03
4.670627880841493607e-03
4.679819103330373764e-03
4.683803766965866089e-03
4.689617082476615906e-03
4.696235060691833496e-03
4.703557584434747696e-03
4.707688931375741959e-03
4.704409744590520859e-03
4.696412477642297745e-03
4.681253805756568909e-03
4.678451456129550934e-03
4.678136203438043594e-03
4.683104809373617172e-03
4.688005428761243820e-03
4.693016409873962402e-03
4.697666037827730179e-03
4.701524972915649414e-03
4.705000668764114380e-03
4.709622822701931000e-03
4.716928116977214813e-03
4.725143313407897949e-03
4.729575943201780319e-03
4.736723378300666809e-03
4.748771432787179947e-03
4.763656295835971832e-03
4.778738599270582199e-03
4.791438113898038864e-03
4.804737400263547897e-03
4.814451560378074646e-03
4.820358008146286011e-03
4.832246340811252594e-03
4.845363087952136993e-03
4.853042308241128922e-03
4.854264669120311737e-03
4.850546363741159439e-03
4.840908106416463852e-03
4.829377867281436920e-03
4.821160808205604553e-03
4.817536100745201111e-03
4.820563364773988724e-03
4.823425784707069397e-03
4.823474213480949402e-03
4.823189228773117065e-03
4.819096066057682037e-03
4.813383799046278000e-03
4.803815856575965881e-03
4.793416708707809448e-03
4.781784489750862122e-03
4.769499413669109344e-03
4.769802559167146683e-03
4.768888466060161591e-03
4.765306133776903152e-03
4.759529139846563339e-03
4.753961693495512009e-03
4.745018202811479568e-03
4.730846732854843140e-03
4.718506708741188049e-03
4.708533640950918198e-03
4.703312646597623825e-03
4.696432501077651978e-03
4.688921850174665451e-03
4.681367892771959305e-03
4.676095675677061081e-03
4.668050445616245270e-03
4.658928140997886658e-03
4.658743273466825485e-03
4.665503744035959244e-03
4.675171803683042526e-03
4.682512022554874420e-03
4.687009379267692566e-03
4.696138668805360794e-03
4.708750639110803604e-03
4.720854107290506363e-03
4.726418294012546539e-03
4.726277664303779602e-03
4.728574305772781372e-03
4.727154038846492767e-03
4.730277229100465775e-03
4.734045360237360001e-03
4.738197196274995804e-03
4.736896138638257980e-03
4.751084838062524796e-03
4.763320554047822952e-03
4.765984602272510529e-03
4.771902225911617279e-03
4.781431518495082855e-03
4.789554513990879059e-03
4.798715934157371521e-03
4.805854521691799164e-03
4.812844563275575638e-03
4.816559609025716782e-03
4.820624366402626038e-03
4.829200450330972672e-03
4.837616346776485443e-03
4.845639225095510483e-03
4.855774343013763428e-03
4.864869173616170883e-03
4.871265497058629990e-03
4.877938888967037201e-03
4.882529843598604202e-03
4.881377797573804855e-03
4.871489014476537704e-03
4.856850020587444305e-03
4.837526474148035049e-03
4.815549124032258987e-03
4.800792783498764038e-03
4.788954742252826691e-03
4.780718125402927399e-03
4.771123174577951431e-03
4.779038485139608383e-03
4.784299992024898529e-03
4.786193836480379105e-03
4.787467885762453079e-03
4.785983357578516006e-03
4.785589408129453659e-03
4.778651054948568344e-03
4.773843567818403244e-03
4.772334825247526169e-03
4.772969521582126617e-03
4.775207489728927612e-03
4.776649642735719681e-03
4.768614657223224640e-03
4.759239498525857925e-03
4.751574248075485229e-03
4.754385445266962051e-03
4.755950998514890671e-03
4.756684880703687668e-03
4.755755886435508728e-03
4.760097712278366089e-03
4.762345924973487854e-03
4.766193684190511703e-03
4.769139457494020462e-03
4.763939417898654938e-03
4.762767348438501358e-03
4.762439988553524017e-03
4.760417621582746506e-03
4.754947032779455185e-03
4.749468527734279633e-03
4.739699419587850571e-03
4.730851855129003525e-03
4.711976740509271622e-03
4.695653915405273438e-03
4.680648446083068848e-03
4.664513282477855682e-03
4.648131318390369415e-03
4.637714475393295288e-03
4.629937466233968735e-03
4.626400303095579147e-03
4.620422609150409698e-03
4.618963692337274551e-03
4.619678016752004623e-03
4.619314800947904587e-03
4.610117059201002121e-03
4.606402013450860977e-03
4.606442525982856750e-03
4.603933542966842651e-03
4.599120467901229858e-03
4.595191217958927155e-03
4.587966017425060272e-03
4.584007896482944489e-03
4.582396242767572403e-03
4.581412766128778458e-03
4.586632363498210907e-03
4.587481729686260223e-03
4.588705953210592270e-03
4.593384917825460434e-03
4.597445018589496613e-03
4.607167560607194901e-03
4.616547841578722000e-03
4.625583533197641373e-03
4.632234107702970505e-03
4.637472331523895264e-03
4.647812806069850922e-03
4.659472964704036713e-03
4.677955061197280884e-03
4.692714661359786987e-03
4.761162679642438889e-03
4.826850257813930511e-03
4.879199434071779251e-03
4.921896383166313171e-03
4.959765356034040451e-03
4.993404261767864227e-03
5.023759789764881134e-03
5.052069667726755142e-03
5.068537779152393341e-03
5.088064819574356079e-03
5.102811381220817566e-03
5.114178173243999481e-03
5.120127461850643158e-03
5.124504212290048599e-03
5.125358235090970993e-03
5.121883470565080643e-03
5.115001928061246872e-03
5.110945086926221848e-03
5.106661003082990646e-03
5.104307550936937332e-03
5.096499808132648468e-03
5.086913239210844040e-03
5.080917384475469589e-03
5.073370411992073059e-03
5.064997356384992599e-03
5.058770999312400818e-03
5.056088324636220932e-03
5.054071545600891113e-03
5.053884349763393402e-03
5.052613094449043274e-03
5.050921346992254257e-03
5.053884349763393402e-03
5.057026632130146027e-03
5.052876658737659454e-03
5.043492652475833893e-03
5.020368844270706177e-03
4.993585869669914246e-03
4.970659967511892319e-03
4.950189962983131409e-03
4.931654781103134155e-03
4.913723096251487732e-03
4.899549763649702072e-03
4.891676828265190125e-03
4.887906368821859360e-03
4.886180628091096878e-03
4.884080030024051666e-03
4.883807152509689331e-03
4.886555485427379608e-03
4.887689836323261261e-03
4.886840004473924637e-03
4.883730318397283554e-03
4.879737272858619690e-03
4.882658366113901138e-03
4.886427894234657288e-03
4.887394141405820847e-03
4.886655136942863464e-03
4.889356438070535660e-03
4.888951312750577927e-03
4.885860253125429153e-03
4.879103973507881165e-03
4.872927442193031311e-03
4.865820053964853287e-03
4.863530397415161133e-03
4.867585841566324234e-03
4.874222911894321442e-03
