2.972429245710372925e-02
2.972429245710372925e-02
3.126786276698112488e-02
3.080961480736732483e-02
3.001047484576702118e-02
2.928053960204124451e-02
2.884416654706001282e-02
2.817805483937263489e-02
2.734422497451305389e-02
2.664734423160552979e-02
2.578028477728366852e-02
2.495091967284679413e-02
2.414982207119464874e-02
2.381443791091442108e-02
2.349064312875270844e-02
2.312491089105606079e-02
2.292802371084690094e-02
2.258830145001411438e-02
2.228743396699428558e-02
2.212132886052131653e-02
2.222222648561000824e-02
2.232251502573490143e-02
2.235157974064350128e-02
2.208805456757545471e-02
2.175308577716350555e-02
2.134862169623374939e-02
2.110867947340011597e-02
2.112485282123088837e-02
2.125638350844383240e-02
2.157850190997123718e-02
2.193685807287693024e-02
2.222741395235061646e-02
2.257515862584114075e-02
2.290555089712142944e-02
2.319076284766197205e-02
2.355424501001834869e-02
2.405414357781410217e-02
2.446993440389633179e-02
2.482098527252674103e-02
2.513434179127216339e-02
2.535334229469299316e-02
2.538989111781120300e-02
2.515360899269580841e-02
2.469462528824806213e-02
2.407871931791305542e-02
2.335077524185180664e-02
2.271902188658714294e-02
2.217380329966545105e-02
2.169813588261604309e-02
2.128134854137897491e-02
2.092027105391025543e-02
2.060681581497192383e-02
2.034684270620346069e-02
2.013554237782955170e-02
1.994943246245384216e-02
1.979164220392704010e-02
1.965237781405448914e-02
1.954027451574802399e-02
1.942977309226989746e-02
1.932093873620033264e-02
1.920706778764724731e-02
1.910079643130302429e-02
1.900577731430530548e-02
1.892520114779472351e-02
1.884856075048446655e-02
1.878699101507663727e-02
1.873361505568027496e-02
1.868500187993049622e-02
1.863839849829673767e-02
1.860122010111808777e-02
1.857489161193370819e-02
1.853653788566589355e-02
1.846999302506446838e-02
1.840659603476524353e-02
1.834463514387607574e-02
1.830994710326194763e-02
1.830017752945423126e-02
1.829038560390472412e-02
1.828381977975368500e-02
1.826903223991394043e-02
1.824348606169223785e-02
1.821261085569858551e-02
1.818835362792015076e-02
1.817089132964611053e-02
1.815793290734291077e-02
1.813797838985919952e-02
1.812337525188922882e-02
1.811666786670684814e-02
1.809643208980560303e-02
1.807743869721889496e-02
1.803816109895706177e-02
1.798813417553901672e-02
1.794424653053283691e-02
1.790367066860198975e-02
1.790367066860198975e-02
1.790367066860198975e-02
1.785347238183021545e-02
1.780020259320735931e-02
1.775028556585311890e-02
1.770086027681827545e-02
1.766101457178592682e-02
1.762837544083595276e-02
1.759948208928108215e-02
1.757171750068664551e-02
1.753153093159198761e-02
1.748878881335258484e-02
1.746202632784843445e-02
1.744091883301734924e-02
1.741105504333972931e-02
1.738239452242851257e-02
1.736983098089694977e-02
1.734831184148788452e-02
1.734831184148788452e-02
1.733084395527839661e-02
1.730187609791755676e-02
1.764364540576934814e-02
1.797789707779884338e-02
1.827810145914554596e-02
1.854172535240650177e-02
1.878567785024642944e-02
1.899902708828449249e-02
1.918461546301841736e-02
1.936203241348266602e-02
1.951818168163299561e-02
1.965745538473129272e-02
1.978516206145286560e-02
1.987471617758274078e-02
1.995380409061908722e-02
2.003371529281139374e-02
2.007756941020488739e-02
2.009734697639942169e-02
2.009470760822296143e-02
2.009470760822296143e-02
2.006417512893676758e-02
2.003342658281326294e-02
2.000070735812187195e-02
1.995070464909076691e-02
1.985550671815872192e-02
1.976912654936313629e-02
1.969167217612266541e-02
1.963279210031032562e-02
1.956925168633460999e-02
1.952854730188846588e-02
1.949679292738437653e-02
1.944968104362487793e-02
1.941585540771484375e-02
1.937845163047313690e-02
1.934531331062316895e-02
1.930817030370235443e-02
1.925660483539104462e-02
1.921513117849826813e-02
1.915981993079185486e-02
1.909443549811840057e-02
1.902754604816436768e-02
1.894021779298782349e-02
1.884062774479389191e-02
1.874963194131851196e-02
1.866898313164710999e-02
1.860648952424526215e-02
1.853641122579574585e-02
1.846647448837757111e-02
1.839424856007099152e-02
1.831826008856296539e-02
1.826608739793300629e-02
1.823194138705730438e-02
1.819052360951900482e-02
1.816098392009735107e-02
1.813045330345630646e-02
1.809126138687133789e-02
1.804753206670284271e-02
1.798442192375659943e-02
1.793546788394451141e-02
1.789340749382972717e-02
1.779891178011894226e-02
1.767942123115062714e-02
1.755252294242382050e-02
1.744673773646354675e-02
1.734765246510505676e-02
1.722262986004352570e-02
1.711774617433547974e-02
1.702842488884925842e-02
1.692846044898033142e-02
1.683225482702255249e-02
1.673682406544685364e-02
1.663544960319995880e-02
1.655645482242107391e-02
1.648116856813430786e-02
1.642345450818538666e-02
1.638190262019634247e-02
1.633322052657604218e-02
1.630130037665367126e-02
1.625139079988002777e-02
1.619365438818931580e-02
1.613448560237884521e-02
1.605816558003425598e-02
1.599158532917499542e-02
1.593520864844322205e-02
1.579535007476806641e-02
1.564160548150539398e-02
1.549253519624471664e-02
1.531112752854824066e-02
1.511603035032749176e-02
1.493527833372354507e-02
1.477843802422285080e-02
1.463124528527259827e-02
1.448040362447500229e-02
1.432299148291349411e-02
1.414943300187587738e-02
1.399466022849082947e-02
1.382766198366880417e-02
1.366538554430007935e-02
1.352652162313461304e-02
1.338646095246076584e-02
1.322571374475955963e-02
1.309640612453222275e-02
1.298593915998935699e-02
1.290460675954818726e-02
1.283611170947551727e-02
1.280259806662797928e-02
1.279359124600887299e-02
1.281410828232765198e-02
1.284073945134878159e-02
1.287870667874813080e-02
1.284452527761459351e-02
1.279665436595678329e-02
1.273357588797807693e-02
1.264988072216510773e-02
1.259660068899393082e-02
1.258455310016870499e-02
1.260053459554910660e-02
1.261788792908191681e-02
1.262269914150238037e-02
1.259953062981367111e-02
1.255949959158897400e-02
1.253154873847961426e-02
1.251639425754547119e-02
1.250690873712301254e-02
1.250639185309410095e-02
1.249864883720874786e-02
1.252782624214887619e-02
1.257481426000595093e-02
1.264255307614803314e-02
1.268479321151971817e-02
1.274827308952808380e-02
1.280215382575988770e-02
1.281345635652542114e-02
1.279960293322801590e-02
1.277399715036153793e-02
1.277050003409385681e-02
1.274309027940034866e-02
1.273935101926326752e-02
1.272301189601421356e-02
1.270194258540868759e-02
1.266610715538263321e-02
1.261963788419961929e-02
1.261732075363397598e-02
1.260832138359546661e-02
1.259588543325662613e-02
1.264118589460849762e-02
1.267561130225658417e-02
1.273670885711908340e-02
1.280178967863321304e-02
1.284555345773696899e-02
1.288088317960500717e-02
1.288875937461853027e-02
1.288322359323501587e-02
1.284787151962518692e-02
1.280836202204227448e-02
1.278010196983814240e-02
1.274768542498350143e-02
1.273781619966030121e-02
1.271910499781370163e-02
1.269806548953056335e-02
1.264752913266420364e-02
1.261937431991100311e-02
1.259421650320291519e-02
1.259414199739694595e-02
1.262534875422716141e-02
1.267311722040176392e-02
1.271132752299308777e-02
1.277634501457214355e-02
1.282124593853950500e-02
1.285804901272058487e-02
1.289130374789237976e-02
1.293554436415433884e-02
1.299067679792642593e-02
1.303312834352254868e-02
1.304145436733961105e-02
1.305207516998052597e-02
1.306109968572854996e-02
1.306660380214452744e-02
1.305979769676923752e-02
1.303792279213666916e-02
1.301648002117872238e-02
1.294582802802324295e-02
1.291410345584154129e-02
1.290440745651721954e-02
1.291419100016355515e-02
1.294531486928462982e-02
1.294120587408542633e-02
1.294438540935516357e-02
1.293994020670652390e-02
1.293406449258327484e-02
1.290317252278327942e-02
1.287424378097057343e-02
1.286908797919750214e-02
1.283784117549657822e-02
1.279948465526103973e-02
1.276530046015977859e-02
1.270673424005508423e-02
1.264605298638343811e-02
1.258166600018739700e-02
1.254122518002986908e-02
1.251993142068386078e-02
1.253455877304077148e-02
1.257055532187223434e-02
1.263681706041097641e-02
1.269370783120393753e-02
1.275076996535062790e-02
1.278856303542852402e-02
1.282413583248853683e-02
1.285431161522865295e-02
1.288563571870326996e-02
1.291799824684858322e-02
1.295709237456321716e-02
1.297401543706655502e-02
1.291780918836593628e-02
1.287198159843683243e-02
1.282240822911262512e-02
1.280216965824365616e-02
1.276325806975364685e-02
1.271757297217845917e-02
1.268554944545030594e-02
1.266585756093263626e-02
1.264295168220996857e-02
1.265138015151023865e-02
1.267284061759710312e-02
1.268986240029335022e-02
1.271351333707571030e-02
1.270288787782192230e-02
1.269434206187725067e-02
1.270635798573493958e-02
1.272136531770229340e-02
1.276166178286075592e-02
1.310370210558176041e-02
1.339838560670614243e-02
1.370967086404561996e-02
1.391818281263113022e-02
1.409257017076015472e-02
1.423549838364124298e-02
1.437991857528686523e-02
1.451972220093011856e-02
1.461884565651416779e-02
1.469610910862684250e-02
1.458066795021295547e-02
1.444014441221952438e-02
1.426486484706401825e-02
1.409513130784034729e-02
1.392010692507028580e-02
1.379505079239606857e-02
1.366013661026954651e-02
1.353743486106395721e-02
1.342649012804031372e-02
1.330938562750816345e-02
1.321673393249511719e-02
1.315329410135746002e-02
1.304273214191198349e-02
1.296426076442003250e-02
1.290349289774894714e-02
1.285755168646574020e-02
1.279791072010993958e-02
1.275058835744857788e-02
1.274564210325479507e-02
1.275802496820688248e-02
1.280047278851270676e-02
1.286609936505556107e-02
1.293104607611894608e-02
1.301989518105983734e-02
1.310325134545564651e-02
1.314853318035602570e-02
1.321376580744981766e-02
1.329392194747924805e-02
1.334656309336423874e-02
1.336917560547590256e-02
1.336070615798234940e-02
1.334447413682937622e-02
1.328794099390506744e-02
1.321193762123584747e-02
1.314619556069374084e-02
1.305093523114919662e-02
1.296526286751031876e-02
1.288161706179380417e-02
1.279158238321542740e-02
1.271873340010643005e-02
1.266380306333303452e-02
1.263706479221582413e-02
1.263772789388895035e-02
1.265718508511781693e-02
1.266009267419576645e-02
1.268405374139547348e-02
1.271848566830158234e-02
1.275456231087446213e-02
1.275608222931623459e-02
1.263614464551210403e-02
1.252389512956142426e-02
1.244166307151317596e-02
1.235897466540336609e-02
1.229878235608339310e-02
1.226393878459930420e-02
1.224093697965145111e-02
1.224182266741991043e-02
1.220604777336120605e-02
1.219850685447454453e-02
1.217982918024063110e-02
1.217763405293226242e-02
1.216747146099805832e-02
1.216526608914136887e-02
1.215612422674894333e-02
1.212037913501262665e-02
1.204149331897497177e-02
1.196214836090803146e-02
1.188588328659534454e-02
1.183882635086774826e-02
1.178639009594917297e-02
1.171539444476366043e-02
1.165376789867877960e-02
1.160547230392694473e-02
1.154804136604070663e-02
1.149765495210886002e-02
1.145975943654775620e-02
1.141795050352811813e-02
1.137235853821039200e-02
1.136366743594408035e-02
1.136772986501455307e-02
1.138281822204589844e-02
1.134903170168399811e-02
1.132492814213037491e-02
1.125133410096168518e-02
1.119184680283069611e-02
1.114227343350648880e-02
1.110861264169216156e-02
1.108276937156915665e-02
1.105729397386312485e-02
1.103632431477308273e-02
1.102300826460123062e-02
1.101658307015895844e-02
1.104264240711927414e-02
1.107010897248983383e-02
1.108354423195123672e-02
1.111687067896127701e-02
1.114373654127120972e-02
1.116108428686857224e-02
1.116890087723731995e-02
1.116411853581666946e-02
1.116669271141290665e-02
1.118248328566551208e-02
1.121325232088565826e-02
1.123502198606729507e-02
1.125664636492729187e-02
1.128918677568435669e-02
1.130450144410133362e-02
1.129668764770030975e-02
1.136288698762655258e-02
1.141479145735502243e-02
1.152125000953674316e-02
1.160328742116689682e-02
1.166047621518373489e-02
1.170086953788995743e-02
1.169072929769754410e-02
1.166492979973554611e-02
1.163517218083143234e-02
1.155510731041431427e-02
1.152970641851425171e-02
1.148424390703439713e-02
1.144578587263822556e-02
1.137297321110963821e-02
1.127878949046134949e-02
1.121390890330076218e-02
1.115493196994066238e-02
1.106150634586811066e-02
1.099310722202062607e-02
1.094848476350307465e-02
1.088997535407543182e-02
1.086621172726154327e-02
1.084121409803628922e-02
1.085348054766654968e-02
1.116743776947259903e-02
1.146777626127004623e-02
1.176738925278186798e-02
1.203344203531742096e-02
1.224561873823404312e-02
1.240932289510965347e-02
1.255329605191946030e-02
1.259298622608184814e-02
1.260064262896776199e-02
1.259558927267789841e-02
1.258527394384145737e-02
1.253045629709959030e-02
1.248444337397813797e-02
1.243375614285469055e-02
1.237561367452144623e-02
1.231144834309816360e-02
1.227311417460441589e-02
1.225134450942277908e-02
1.224078983068466187e-02
1.223827060312032700e-02
1.226578559726476669e-02
1.232346240431070328e-02
1.241629011929035187e-02
1.251788903027772903e-02
1.266025006771087646e-02
1.281971856951713562e-02
1.296391431242227554e-02
1.309721358120441437e-02
1.319100521504878998e-02
1.328807696700096130e-02
1.335189677774906158e-02
1.340572163462638855e-02
1.345636323094367981e-02
1.348911225795745850e-02
1.351047307252883911e-02
1.350082550197839737e-02
1.346426084637641907e-02
1.345031708478927612e-02
1.341438665986061096e-02
1.336113922297954559e-02
1.332704070955514908e-02
1.330329943448305130e-02
1.329270377755165100e-02
1.332977041602134705e-02
1.336019858717918396e-02
1.340117212384939194e-02
1.340420730412006378e-02
1.342358626425266266e-02
1.344424299895763397e-02
1.349028479307889938e-02
1.351152639836072922e-02
1.353047695010900497e-02
1.356456056237220764e-02
1.359948515892028809e-02
1.363041810691356659e-02
1.368155982345342636e-02
1.372349541634321213e-02
1.377155818045139313e-02
1.377204712480306625e-02
1.376020815223455429e-02
1.371816545724868774e-02
1.368362922221422195e-02
1.368557661771774292e-02
1.367210224270820618e-02
1.364662591367959976e-02
1.366166304796934128e-02
1.366951502859592438e-02
1.367329154163599014e-02
1.365445461124181747e-02
1.366495154798030853e-02
1.367594301700592041e-02
1.369637437164783478e-02
1.367156300693750381e-02
1.362504530698060989e-02
1.357687730342149734e-02
1.352401915937662125e-02
1.345324236899614334e-02
1.340940129011869431e-02
1.336941402405500412e-02
1.332964748144149780e-02
1.331097073853015900e-02
1.330205239355564117e-02
1.329949777573347092e-02
1.331939827650785446e-02
1.334718056023120880e-02
1.340076699852943420e-02
1.344160363078117371e-02
1.348108518868684769e-02
1.350877247750759125e-02
1.350860856473445892e-02
1.349850650876760483e-02
1.349487248808145523e-02
1.349862199276685715e-02
1.349982339888811111e-02
1.350446976721286774e-02
1.352663990110158920e-02
1.352835353463888168e-02
1.354468613862991333e-02
1.354013942182064056e-02
1.353745721280574799e-02
1.355842594057321548e-02
1.358627434819936752e-02
1.361250411719083786e-02
1.362171210348606110e-02
1.364486012607812881e-02
1.366510987281799316e-02
1.367922127246856689e-02
1.369027141481637955e-02
1.362026482820510864e-02
1.355043984949588776e-02
1.349944248795509338e-02
1.347503159195184708e-02
1.348142884671688080e-02
1.346100494265556335e-02
1.343933772295713425e-02
1.341111864894628525e-02
1.333643496036529541e-02
1.328374538570642471e-02
1.324121188372373581e-02
1.321839913725852966e-02
1.322424784302711487e-02
1.322040241211652756e-02
1.324429456144571304e-02
1.334724947810173035e-02
1.342980097979307175e-02
1.352904830127954483e-02
1.358980592340230942e-02
1.365283038467168808e-02
1.372663490474224091e-02
1.377570629119873047e-02
1.384901162236928940e-02
1.391801796853542328e-02
1.397080533206462860e-02
1.402713451534509659e-02
1.406290754675865173e-02
1.408069487661123276e-02
1.408037450164556503e-02
1.409454271197319031e-02
1.406242419034242630e-02
1.403044816106557846e-02
1.399081666022539139e-02
1.402188185602426529e-02
1.403351128101348877e-02
1.406512781977653503e-02
1.409745588898658752e-02
1.411801017820835114e-02
1.414132118225097656e-02
1.412655878812074661e-02
1.413299422711133957e-02
1.413387898355722427e-02
1.416062004864215851e-02
1.415992621332406998e-02
1.416481379419565201e-02
1.421587541699409485e-02
1.426810119301080704e-02
1.431492250412702560e-02
1.436817087233066559e-02
1.367592811584472656e-02
1.305131614208221436e-02
1.249894127249717712e-02
1.201272383332252502e-02
1.160109974443912506e-02
1.125690992921590805e-02
1.094753015786409378e-02
1.066336128860712051e-02
1.041377987712621689e-02
1.021268498152494431e-02
1.007963251322507858e-02
9.990638121962547302e-03
9.941652417182922363e-03
9.923635981976985931e-03
9.909819811582565308e-03
9.904157370328903198e-03
9.911240078508853912e-03
9.918838739395141602e-03
9.920494630932807922e-03
9.911589324474334717e-03
9.912037290632724762e-03
9.929545223712921143e-03
9.951086714863777161e-03
9.963155724108219147e-03
9.975656867027282715e-03
9.995890781283378601e-03
1.005728822201490402e-02
1.014460436999797821e-02
1.024482864886522293e-02
1.037883944809436798e-02
1.053770817816257477e-02
1.066474430263042450e-02
1.078056916594505310e-02
1.090448535978794098e-02
1.102786511182785034e-02
1.115521695464849472e-02
1.126059982925653458e-02
1.134350057691335678e-02
1.140554808080196381e-02
1.143302582204341888e-02
1.144355162978172302e-02
1.143164094537496567e-02
1.139078941196203232e-02
1.131150685250759125e-02
1.123486179858446121e-02
1.116722449660301208e-02
1.110467500984668732e-02
1.103238482028245926e-02
1.095886714756488800e-02
1.089846435934305191e-02
1.035675685852766037e-02
9.885491803288459778e-03
9.483409114181995392e-03
9.132036007940769196e-03
8.849533274769783020e-03
8.640953339636325836e-03
8.457734249532222748e-03
8.304989896714687347e-03
8.177791722118854523e-03
8.062298409640789032e-03
7.945199497044086456e-03
7.847909815609455109e-03
7.762265857309103012e-03
7.680875249207019806e-03
7.589660119265317917e-03
7.497211918234825134e-03
7.406525313854217529e-03
7.334817666560411453e-03
7.278739940375089645e-03
7.411940488964319229e-03
7.550789508968591690e-03
7.719977293163537979e-03
7.868295535445213318e-03
8.029231801629066467e-03
8.173573762178421021e-03
8.285608142614364624e-03
8.382231928408145905e-03
8.449850603938102722e-03
8.494989946484565735e-03
8.506544865667819977e-03
8.512029424309730530e-03
8.513958193361759186e-03
8.498118259012699127e-03
8.484574034810066223e-03
8.441224694252014160e-03
8.391038514673709869e-03
8.320280350744724274e-03
8.258065208792686462e-03
8.197395130991935730e-03
8.133804425597190857e-03
8.062737062573432922e-03
8.016109466552734375e-03
7.978828623890876770e-03
7.954273372888565063e-03
7.951979525387287140e-03
7.964699529111385345e-03
7.983164861798286438e-03
8.007272146642208099e-03
8.027222938835620880e-03
8.092864416539669037e-03
8.146251551806926727e-03
8.208683691918849945e-03
8.269533514976501465e-03
8.323756046593189240e-03
8.396266959607601166e-03
8.455700241029262543e-03
8.514715358614921570e-03
8.583760820329189301e-03
8.647440932691097260e-03
8.700205013155937195e-03
8.741945028305053711e-03
8.830208331346511841e-03
8.906145580112934113e-03
8.970761671662330627e-03
9.028105996549129486e-03
9.060231968760490417e-03
9.071382693946361542e-03
9.074678644537925720e-03
9.081942029297351837e-03
9.088931605219841003e-03
9.088680148124694824e-03
9.095022454857826233e-03
9.137682616710662842e-03
9.178303182125091553e-03
9.235631674528121948e-03
9.281843900680541992e-03
9.311703965067863464e-03
8.737502619624137878e-03
8.306865580379962921e-03
7.999897934496402740e-03
7.793593686074018478e-03
7.650177925825119019e-03
7.571220397949218750e-03
7.533679716289043427e-03
7.516112178564071655e-03
7.523143198341131210e-03
7.546535227447748184e-03
7.566588930785655975e-03
7.588730659335851669e-03
7.615457754582166672e-03
7.661616895347833633e-03
7.709695957601070404e-03
7.724765688180923462e-03
7.747046183794736862e-03
7.762120105326175690e-03
7.776926271617412567e-03
7.786059286445379257e-03
7.780818734318017960e-03
7.780496031045913696e-03
7.778123952448368073e-03
7.768295705318450928e-03
7.763733156025409698e-03
7.759746629744768143e-03
7.769614923745393753e-03
7.791530340909957886e-03
7.802838925272226334e-03
7.806352339684963226e-03
7.817992009222507477e-03
7.823734544217586517e-03
7.823316380381584167e-03
7.803605403751134872e-03
7.783540524542331696e-03
7.776077836751937866e-03
7.773600053042173386e-03
7.767458911985158920e-03
7.768214214593172073e-03
7.758360821753740311e-03
7.774146273732185364e-03
7.795916404575109482e-03
7.831106893718242645e-03
7.878128439188003540e-03
7.934823632240295410e-03
7.984307594597339630e-03
8.027046918869018555e-03
8.064333349466323853e-03
8.123725652694702148e-03
8.176105096936225891e-03
8.199775591492652893e-03
8.203987032175064087e-03
8.212894201278686523e-03
8.218592964112758636e-03
8.213253691792488098e-03
8.205548860132694244e-03
8.211354725062847137e-03
8.228859864175319672e-03
8.240631781518459320e-03
8.255029097199440002e-03
8.270242251455783844e-03
8.290909230709075928e-03
8.306779898703098297e-03
8.365732617676258087e-03
8.407464250922203064e-03
8.438956923782825470e-03
8.485828526318073273e-03
8.529451675713062286e-03
8.562339469790458679e-03
8.594727143645286560e-03
8.632416836917400360e-03
8.656223304569721222e-03
8.660178631544113159e-03
8.643607608973979950e-03
8.624315261840820312e-03
8.632294833660125732e-03
8.650289848446846008e-03
8.659387007355690002e-03
8.660545572638511658e-03
8.664788678288459778e-03
8.666195906698703766e-03
8.680085651576519012e-03
8.699623867869377136e-03
8.721277117729187012e-03
8.730567991733551025e-03
8.738245815038681030e-03
8.743431419134140015e-03
8.742263540625572205e-03
8.738308213651180267e-03
8.727312088012695312e-03
8.714622817933559418e-03
8.696199394762516022e-03
8.645017631351947784e-03
8.560639806091785431e-03
8.496303111314773560e-03
8.445461280643939972e-03
8.414445444941520691e-03
8.411287330090999603e-03
8.427661843597888947e-03
8.453260175883769989e-03
8.479606360197067261e-03
8.510629646480083466e-03
8.528479374945163727e-03
8.545903488993644714e-03
8.578691631555557251e-03
8.599109016358852386e-03
8.606672286987304688e-03
8.610107935965061188e-03
8.624466136097908020e-03
8.660108782351016998e-03
8.692168630659580231e-03
8.750180713832378387e-03
8.789097890257835388e-03
8.825846947729587555e-03
8.880654349923133850e-03
8.931160904467105865e-03
8.976033888757228851e-03
8.997756056487560272e-03
9.000105783343315125e-03
8.994978852570056915e-03
8.984856307506561279e-03
8.967362344264984131e-03
8.950702846050262451e-03
8.943733759224414825e-03
8.951597847044467926e-03
8.924424648284912109e-03
8.894425816833972931e-03
8.857172913849353790e-03
8.829285390675067902e-03
8.800439536571502686e-03
8.727873675525188446e-03
8.670127950608730316e-03
8.641693741083145142e-03
8.622865192592144012e-03
8.604438044130802155e-03
8.579273708164691925e-03
8.548066951334476471e-03
8.513190783560276031e-03
8.461687713861465454e-03
8.431875146925449371e-03
8.419784717261791229e-03
8.406721055507659912e-03
8.397297002375125885e-03
8.391714654862880707e-03
8.382995612919330597e-03
8.368386887013912201e-03
8.353554643690586090e-03
8.329675532877445221e-03
8.319731801748275757e-03
8.295862004160881042e-03
8.267926052212715149e-03
8.253344334661960602e-03
8.234568871557712555e-03
8.223234675824642181e-03
8.223136886954307556e-03
8.197699673473834991e-03
8.172008208930492401e-03
8.164216764271259308e-03
8.162646554410457611e-03
7.919677533209323883e-03
7.648481521755456924e-03
7.400149945169687271e-03
7.183310110121965408e-03
6.991044152528047562e-03
6.820705719292163849e-03
6.682179402559995651e-03
6.550391670316457748e-03
6.438386160880327225e-03
6.361329928040504456e-03
6.301767658442258835e-03
6.280785426497459412e-03
6.271375343203544617e-03
6.263194605708122253e-03
6.296645849943161011e-03
6.353014614433050156e-03
6.422444246709346771e-03
6.513630505651235580e-03
6.603864487260580063e-03
6.683799438178539276e-03
6.749360822141170502e-03
6.814954802393913269e-03
6.885014008730649948e-03
6.936703342944383621e-03
7.036635652184486389e-03
7.134188897907733917e-03
7.209235802292823792e-03
7.262046914547681808e-03
7.302951533347368240e-03
7.325728889554738998e-03
7.332683075219392776e-03
7.340885698795318604e-03
7.349491585046052933e-03
7.351514883339405060e-03
7.338305003941059113e-03
7.336657959967851639e-03
7.341594435274600983e-03
7.345156278461217880e-03
7.359167095273733139e-03
7.381475530564785004e-03
7.402606308460235596e-03
7.436906453222036362e-03
7.458333857357501984e-03
7.482828106731176376e-03
7.506431080400943756e-03
7.537538651376962662e-03
7.572913076728582382e-03
7.613692432641983032e-03
7.656482513993978500e-03
7.695672102272510529e-03
7.740913890302181244e-03
7.791513577103614807e-03
7.834671065211296082e-03
7.855373434722423553e-03
7.885170169174671173e-03
7.907914929091930389e-03
7.940439507365226746e-03
7.969903759658336639e-03
7.985093630850315094e-03
8.003967814147472382e-03
8.044102229177951813e-03
8.081708103418350220e-03
8.120014332234859467e-03
8.161897771060466766e-03
8.203078992664813995e-03
8.238052017986774445e-03
8.336439728736877441e-03
8.415236137807369232e-03
8.488110266625881195e-03
8.548408746719360352e-03
8.604431524872779846e-03
8.652522228658199310e-03
8.610187098383903503e-03
8.573077619075775146e-03
8.535120636224746704e-03
8.521043695509433746e-03
8.499867282807826996e-03
8.475881069898605347e-03
8.455278351902961731e-03
8.435631170868873596e-03
8.417024277150630951e-03
8.409559726715087891e-03
8.391824550926685333e-03
8.375509642064571381e-03
8.365320973098278046e-03
8.376566693186759949e-03
8.401970379054546356e-03
8.421814069151878357e-03
8.447699248790740967e-03
8.482746779918670654e-03
8.537054061889648438e-03
8.587034419178962708e-03
8.646306581795215607e-03
8.704119361937046051e-03
8.752620778977870941e-03
8.801614865660667419e-03
8.844021707773208618e-03
8.879042230546474457e-03
8.899848908185958862e-03
8.901460096240043640e-03
8.890287950634956360e-03
8.877241052687168121e-03
8.864902891218662262e-03
8.873004466295242310e-03
8.896541781723499298e-03
8.897443301975727081e-03
8.893006481230258942e-03
8.888076990842819214e-03
8.871386758983135223e-03
8.863814175128936768e-03
8.850229904055595398e-03
8.839977905154228210e-03
8.828463964164257050e-03
8.820805698633193970e-03
8.818493224680423737e-03
8.821424096822738647e-03
8.847746066749095917e-03
8.879792876541614532e-03
8.924422785639762878e-03
8.952408097684383392e-03
9.002786129713058472e-03
9.044979698956012726e-03
9.098983369767665863e-03
9.161177091300487518e-03
9.211135096848011017e-03
9.267467074096202850e-03
9.324384853243827820e-03
9.384305216372013092e-03
9.435904212296009064e-03
9.470276534557342529e-03
9.486013092100620270e-03
9.507653303444385529e-03
9.532111696898937225e-03
9.555356577038764954e-03
9.571153670549392700e-03
9.574588388204574585e-03
9.579732082784175873e-03
9.564761072397232056e-03
9.549231268465518951e-03
9.539084509015083313e-03
9.526271373033523560e-03
9.521519765257835388e-03
9.523028507828712463e-03
9.518273174762725830e-03
9.510260075330734253e-03
9.490368887782096863e-03
9.488111361861228943e-03
9.506203234195709229e-03
9.530534967780113220e-03
9.534442797303199768e-03
9.543423540890216827e-03
9.541844949126243591e-03
9.541850537061691284e-03
9.548555128276348114e-03
9.558590129017829895e-03
9.561759419739246368e-03
9.578705765306949615e-03
9.603448212146759033e-03
9.637379087507724762e-03
9.674879722297191620e-03
9.713016450405120850e-03
9.743219241499900818e-03
9.772106073796749115e-03
9.804300032556056976e-03
9.853705763816833496e-03
9.892599657177925110e-03
9.924346581101417542e-03
9.962797164916992188e-03
1.000300329178571701e-02
1.003869529813528061e-02
1.006672065705060959e-02
1.009240187704563141e-02
1.012466475367546082e-02
1.015066262334585190e-02
1.023857481777667999e-02
1.032110024243593216e-02
1.038914080709218979e-02
1.045124791562557220e-02
1.050550118088722229e-02
1.055490504950284958e-02
1.060137711465358734e-02
1.063860580325126648e-02
1.065900363028049469e-02
1.067845430225133896e-02
1.068715471774339676e-02
1.070668920874595642e-02
1.074023824185132980e-02
1.076191011816263199e-02
1.077750045806169510e-02
1.077079866081476212e-02
1.076670084148645401e-02
1.076074037700891495e-02
1.075011584907770157e-02
1.072331611067056656e-02
1.070335227996110916e-02
1.068585272878408432e-02
1.066382881253957748e-02
1.064337324351072311e-02
1.062069647014141083e-02
1.058383099734783173e-02
1.057811547070741653e-02
1.057589519768953323e-02
1.057762932032346725e-02
1.058098301291465759e-02
1.059408579021692276e-02
1.059837918728590012e-02
1.059631910175085068e-02
1.059237215667963028e-02
1.062193606048822403e-02
1.065044105052947998e-02
1.067953277379274368e-02
1.070607639849185944e-02
1.073101162910461426e-02
1.075118780136108398e-02
1.078093890100717545e-02
1.080143637955188751e-02
1.080365478992462158e-02
1.080861873924732208e-02
1.080703269690275192e-02
1.078921929001808167e-02
1.073642261326313019e-02
1.068748068064451218e-02
1.062161661684513092e-02
1.056574936956167221e-02
1.052162423729896545e-02
1.047506462782621384e-02
1.043239608407020569e-02
1.039098110049962997e-02
1.036433037370443344e-02
1.034585852175951004e-02
1.032751798629760742e-02
1.030459813773632050e-02
1.029055565595626831e-02
1.029098685830831528e-02
1.031169202178716660e-02
1.033168006688356400e-02
1.035497616976499557e-02
1.038232445716857910e-02
1.040406990796327591e-02
1.043614931404590607e-02
1.047320570796728134e-02
1.050587743520736694e-02
1.053992472589015961e-02
1.056608464568853378e-02
1.059452351182699203e-02
1.061423774808645248e-02
1.062897965312004089e-02
1.063290890306234360e-02
1.062272209674119949e-02
1.059904694557189941e-02
1.056192629039287567e-02
1.052677165716886520e-02
1.049258559942245483e-02
1.045503653585910797e-02
1.042128913104534149e-02
1.039057318121194839e-02
1.037615537643432617e-02
1.036950759589672089e-02
1.031087152659893036e-02
1.026297733187675476e-02
1.022687740623950958e-02
1.019284501671791077e-02
1.015938259661197662e-02
1.013339031487703323e-02
1.011310052126646042e-02
1.009547524154186249e-02
1.007727254182100296e-02
1.006222981959581375e-02
1.005274057388305664e-02
1.002958603203296661e-02
1.001227833330631256e-02
9.955763816833496094e-03
9.915443137288093567e-03
9.883440099656581879e-03
9.859717451035976410e-03
9.850449860095977783e-03
9.839830920100212097e-03
9.826960973441600800e-03
9.799693711102008820e-03
9.776606224477291107e-03
9.750927798449993134e-03
9.740702807903289795e-03
9.760499000549316406e-03
9.778414852917194366e-03
9.804474189877510071e-03
9.835570119321346283e-03
9.874760173261165619e-03
9.922486729919910431e-03
9.957799687981605530e-03
9.992301464080810547e-03
1.002750173211097717e-02
1.005244813859462738e-02
1.007885392755270004e-02
1.010258309543132782e-02
1.012458465993404388e-02
1.014066394418478012e-02
1.014316827058792114e-02
1.013828814029693604e-02
1.013610046356916428e-02
1.013765856623649597e-02
1.013892516493797302e-02
1.014660671353340149e-02
1.016717404127120972e-02
1.022065244615077972e-02
1.027109380811452866e-02
1.032655593007802963e-02
1.039114035665988922e-02
1.045102626085281372e-02
1.052279490977525711e-02
1.058157812803983688e-02
1.062371395528316498e-02
1.066839415580034256e-02
1.070199999958276749e-02
1.072377618402242661e-02
1.075864396989345551e-02
1.078938134014606476e-02
1.081806048750877380e-02
1.083425525575876236e-02
1.084056869149208069e-02
1.085415203124284744e-02
1.087106950581073761e-02
1.088103652000427246e-02
1.089549530297517776e-02
1.091463025659322739e-02
1.093327812850475311e-02
1.095745339989662170e-02
1.097391545772552490e-02
1.097987499088048935e-02
1.097591407597064972e-02
1.097272802144289017e-02
1.096552703529596329e-02
1.096885185688734055e-02
1.097770966589450836e-02
1.098365150392055511e-02
1.098612695932388306e-02
1.098754163831472397e-02
1.099346391856670380e-02
1.098587829619646072e-02
1.098149642348289490e-02
1.102051883935928345e-02
1.106962095946073532e-02
1.111954357475042343e-02
1.117533072829246521e-02
1.123220659792423248e-02
1.126715261489152908e-02
1.130686234682798386e-02
1.135073695331811905e-02
1.140025258064270020e-02
1.143760792911052704e-02
1.146517228335142136e-02
1.150383520871400833e-02
1.154043152928352356e-02
1.155070774257183075e-02
1.155189052224159241e-02
1.153842266649007797e-02
1.151956897228956223e-02
1.152082905173301697e-02
1.151849981397390366e-02
1.151746138930320740e-02
1.151362247765064240e-02
1.151813659816980362e-02
1.151746790856122971e-02
1.152570731937885284e-02
1.153051760047674179e-02
1.154016144573688507e-02
1.155319996178150177e-02
1.157188788056373596e-02
1.160443201661109924e-02
1.163107436150312424e-02
1.166051533073186874e-02
1.169391721487045288e-02
1.173354778438806534e-02
1.177770923823118210e-02
1.182820368558168411e-02
1.188056915998458862e-02
1.191248837858438492e-02
1.195203047245740891e-02
1.197779830545186996e-02
1.200766488909721375e-02
1.202245801687240601e-02
1.202946435660123825e-02
1.204692292958498001e-02
1.205946691334247589e-02
1.206478290259838104e-02
1.207382604479789734e-02
1.207488402724266052e-02
1.207668427377939224e-02
1.206493843346834183e-02
1.206566952168941498e-02
1.207271311432123184e-02
1.209070254117250443e-02
1.211229898035526276e-02
1.213334221392869949e-02
1.216433849185705185e-02
1.219279877841472626e-02
1.222483254969120026e-02
1.225513033568859100e-02
1.228141598403453827e-02
1.231424789875745773e-02
1.234730705618858337e-02
1.237357780337333679e-02
1.239529997110366821e-02
1.241069659590721130e-02
1.244878303259611130e-02
1.250567007809877396e-02
1.255474425852298737e-02
1.259701233357191086e-02
1.263851393014192581e-02
1.268088724464178085e-02
1.271531824022531509e-02
1.273838710039854050e-02
1.274861954152584076e-02
1.273621711879968643e-02
1.272280793637037277e-02
1.270801946520805359e-02
1.269101630896329880e-02
1.268118899315595627e-02
1.268068607896566391e-02
1.267701946198940277e-02
1.267371978610754013e-02
1.266844384372234344e-02
1.267234236001968384e-02
1.267338544130325317e-02
1.268186420202255249e-02
1.269456185400485992e-02
1.271165255457162857e-02
1.272398699074983597e-02
1.273520756512880325e-02
1.274164021015167236e-02
1.273957174271345139e-02
1.274098269641399384e-02
1.274206396192312241e-02
1.279744785279035568e-02
1.285491138696670532e-02
1.290959212929010391e-02
1.295626163482666016e-02
1.298644859343767166e-02
1.301146391779184341e-02
1.304945815354585648e-02
1.307773962616920471e-02
1.309879962354898453e-02
1.310012582689523697e-02
1.309422496706247330e-02
1.307887956500053406e-02
1.306793559342622757e-02
1.307104900479316711e-02
1.308058016002178192e-02
1.308034267276525497e-02
1.307493913918733597e-02
1.308093219995498657e-02
1.308377366513013840e-02
1.307571958750486374e-02
1.307457592338323593e-02
1.306793559342622757e-02
1.306338235735893250e-02
1.305734738707542419e-02
1.307675614953041077e-02
1.309683918952941895e-02
1.312237605452537537e-02
1.314123347401618958e-02
1.315622683614492416e-02
1.317262277007102966e-02
1.315416675060987473e-02
1.315927319228649139e-02
1.316950842738151550e-02
1.318659540265798569e-02
1.320707611739635468e-02
1.322834100574254990e-02
1.325203198939561844e-02
1.329146511852741241e-02
1.332762558013200760e-02
1.335518714040517807e-02
1.338525302708148956e-02
1.341580692678689957e-02
1.344858296215534210e-02
1.347206253558397293e-02
1.349417213350534439e-02
1.350712776184082031e-02
1.352722197771072388e-02
1.354594435542821884e-02
1.357444748282432556e-02
1.359466835856437683e-02
1.362639945000410080e-02
1.365037169307470322e-02
1.367942336946725845e-02
1.370898913592100143e-02
1.374725904315710068e-02
1.376850996166467667e-02
1.378680206835269928e-02
1.381030771881341934e-02
1.382979936897754669e-02
1.384521462023258209e-02
1.385258976370096207e-02
1.385232433676719666e-02
1.385520957410335541e-02
1.387138571590185165e-02
1.387872360646724701e-02
1.388494484126567841e-02
1.388842705637216568e-02
1.389178540557622910e-02
1.388708595186471939e-02
1.388158556073904037e-02
1.387329585850238800e-02
1.385826990008354187e-02
1.383828278630971909e-02
1.383006852120161057e-02
1.382364984601736069e-02
1.382401119917631149e-02
1.381124369800090790e-02
1.380321569740772247e-02
1.379397604614496231e-02
1.378181483596563339e-02
1.376692298799753189e-02
1.375926379114389420e-02
1.375846937298774719e-02
1.375232823193073273e-02
1.375640928745269775e-02
1.375825796276330948e-02
1.375275757163763046e-02
1.375965680927038193e-02
1.375565677881240845e-02
1.374324318021535873e-02
1.376007124781608582e-02
1.377369742840528488e-02
1.378596015274524689e-02
1.378629356622695923e-02
1.378229167312383652e-02
1.378063578158617020e-02
1.377695146948099136e-02
1.378000248223543167e-02
1.378321461379528046e-02
1.379589829593896866e-02
1.381610985845327377e-02
1.383559592068195343e-02
1.385267451405525208e-02
1.386349275708198547e-02
1.387413032352924347e-02
1.388301886618137360e-02
1.389065943658351898e-02
1.391109544783830643e-02
1.394150312989950180e-02
1.395131181925535202e-02
1.395849417895078659e-02
1.397127378731966019e-02
1.396792382001876831e-02
1.397970039397478104e-02
1.398649718612432480e-02
1.399476733058691025e-02
1.401336863636970520e-02
1.402488723397254944e-02
1.403474994003772736e-02
1.402994338423013687e-02
1.399565488100051880e-02
1.395987439900636673e-02
1.392724830657243729e-02
1.390209142118692398e-02
1.388062350451946259e-02
1.386133395135402679e-02
1.385589595884084702e-02
1.385220419615507126e-02
1.385166496038436890e-02
1.386388763785362244e-02
1.388215832412242889e-02
1.386501546949148178e-02
1.384729240089654922e-02
1.384066790342330933e-02
1.384258177131414413e-02
1.386387832462787628e-02
1.388086937367916107e-02
1.390375196933746338e-02
1.393264345824718475e-02
1.395530998706817627e-02
1.398308202624320984e-02
1.400375179946422577e-02
1.402594987303018570e-02
1.404593046754598618e-02
1.406412851065397263e-02
1.407120656222105026e-02
1.407254021614789963e-02
1.406244188547134399e-02
1.405551377683877945e-02
1.404031738638877869e-02
1.402344368398189545e-02
1.399729773402214050e-02
1.398792024701833725e-02
1.390591356903314590e-02
1.382468640804290771e-02
1.375251077115535736e-02
1.370465103536844254e-02
1.366153266280889511e-02
1.362063735723495483e-02
1.358260400593280792e-02
1.354136969894170761e-02
1.350302156060934067e-02
1.347418967634439468e-02
1.345868315547704697e-02
1.345574576407670975e-02
1.344948541373014450e-02
1.344775594770908356e-02
1.345176156610250473e-02
1.346592139452695847e-02
1.362244226038455963e-02
1.376910507678985596e-02
1.391134504228830338e-02
1.403889711946249008e-02
1.414909493178129196e-02
1.425377093255519867e-02
1.434591505676507950e-02
1.444719918072223663e-02
1.452563703060150146e-02
1.458498276770114899e-02
1.464721281081438065e-02
1.469864696264266968e-02
1.472429744899272919e-02
1.473619975149631500e-02
1.474213320761919022e-02
1.473077386617660522e-02
1.467987243086099625e-02
1.462897192686796188e-02
1.457727421075105667e-02
1.452606450766324997e-02
1.447038445621728897e-02
1.441863365471363068e-02
1.437299884855747223e-02
1.432635355740785599e-02
1.428770832717418671e-02
1.424543187022209167e-02
1.420817431062459946e-02
1.416986621916294098e-02
1.413274090737104416e-02
1.410187315195798874e-02
1.408608723431825638e-02
1.406530849635601044e-02
1.404944714158773422e-02
1.403256598860025406e-02
1.401163451373577118e-02
1.399586442857980728e-02
1.397985592484474182e-02
1.397166866809129715e-02
1.396809611469507217e-02
1.396274752914905548e-02
1.396726258099079132e-02
1.397017017006874084e-02
1.398294419050216675e-02
1.398587133735418320e-02
1.398758962750434875e-02
1.399265695363283157e-02
1.397916115820407867e-02
1.396797969937324524e-02
1.396903488785028458e-02
1.396607235074043274e-02
1.396004483103752136e-02
1.394479349255561829e-02
1.393983513116836548e-02
1.393553242087364197e-02
1.391160022467374802e-02
1.387896481901407242e-02
1.384705118834972382e-02
1.382202003151178360e-02
1.380412932485342026e-02
1.378212310373783112e-02
1.376818958669900894e-02
1.376730855554342270e-02
1.375991478562355042e-02
1.376749202609062195e-02
1.374864112585783005e-02
1.373919751495122910e-02
1.373725663870573044e-02
1.371908560395240784e-02
1.371381618082523346e-02
1.371050532907247543e-02
1.371175050735473633e-02
1.371608581393957138e-02
1.371954195201396942e-02
1.371919456869363785e-02
1.372349448502063751e-02
1.372539531439542770e-02
1.373748201876878738e-02
1.374647114425897598e-02
1.376031618565320969e-02
1.377125550061464310e-02
1.378138642758131027e-02
1.379404962062835693e-02
1.380439475178718567e-02
1.383454073220491409e-02
1.385557092726230621e-02
1.386573910713195801e-02
1.387066673487424850e-02
1.386797334998846054e-02
1.387048978358507156e-02
1.387555338442325592e-02
1.388198323547840118e-02
1.388333551585674286e-02
1.389306504279375076e-02
1.391042303293943405e-02
1.391681935638189316e-02
1.392342988401651382e-02
1.392078772187232971e-02
1.391327846795320511e-02
1.388875953853130341e-02
1.386340428143739700e-02
1.382955256849527359e-02
1.380091626197099686e-02
1.377275492995977402e-02
1.374835334718227386e-02
1.372816041111946106e-02
1.368813216686248779e-02
1.364840846508741379e-02
1.361447293311357498e-02
1.358579192310571671e-02
1.355636771768331528e-02
1.353046391159296036e-02
1.351058762520551682e-02
1.349624805152416229e-02
1.348456274718046188e-02
1.346786133944988251e-02
1.346437819302082062e-02
1.346335466951131821e-02
1.342889387160539627e-02
1.339554321020841599e-02
1.337377168238162994e-02
1.334926765412092209e-02
1.332565397024154663e-02
1.331110484898090363e-02
1.329937484115362167e-02
1.328882761299610138e-02
1.329160109162330627e-02
1.331376098096370697e-02
1.334163360297679901e-02
1.336836162954568863e-02
1.339427102357149124e-02
1.342734321951866150e-02
1.344254985451698303e-02
1.345647778362035751e-02
1.348129380494356155e-02
1.351071801036596298e-02
1.353520527482032776e-02
1.355429273098707199e-02
1.357515808194875717e-02
1.359851378947496414e-02
1.361173111945390701e-02
1.362750120460987091e-02
1.364346314221620560e-02
1.365140732377767563e-02
1.365442201495170593e-02
1.365011744201183319e-02
1.364324893802404404e-02
1.363412756472826004e-02
1.362391747534275055e-02
1.361384149640798569e-02
1.360719837248325348e-02
1.359065715223550797e-02
1.356663182377815247e-02
1.354542747139930725e-02
1.353376451879739761e-02
1.353407651185989380e-02
1.353915315121412277e-02
1.354961190372705460e-02
1.356738712638616562e-02
1.358000375330448151e-02
1.358605548739433289e-02
1.359511259943246841e-02
1.361432392150163651e-02
1.363519113510847092e-02
1.365786045789718628e-02
1.366965193301439285e-02
1.367698237299919128e-02
1.368018239736557007e-02
1.368303876370191574e-02
1.368471048772335052e-02
1.368235424160957336e-02
1.368718780577182770e-02
1.368203479796648026e-02
1.367272995412349701e-02
1.363951619714498520e-02
1.359671074897050858e-02
1.354979816824197769e-02
1.350871380418539047e-02
1.346649602055549622e-02
1.342835649847984314e-02
1.339304726570844650e-02
1.336521934717893600e-02
1.334099378436803818e-02
1.330971717834472656e-02
1.328041311353445053e-02
1.326073333621025085e-02
1.324617303907871246e-02
1.323895249515771866e-02
1.323381252586841583e-02
1.322569232434034348e-02
1.322124153375625610e-02
1.321198232471942902e-02
1.320921629667282104e-02
1.320045627653598785e-02
1.319212373346090317e-02
1.318800449371337891e-02
1.317514386028051376e-02
1.316338591277599335e-02
1.315811928361654282e-02
1.315955538302659988e-02
1.316767837852239609e-02
1.317743677645921707e-02
1.318768039345741272e-02
1.319134980440139771e-02
1.318416465073823929e-02
1.317064743489027023e-02
1.314659696072340012e-02
1.312709320336580276e-02
1.311564631760120392e-02
1.310435961931943893e-02
1.309831067919731140e-02
1.309191621840000153e-02
1.310454029589891434e-02
1.312397327274084091e-02
1.315015181899070740e-02
1.318436861038208008e-02
1.321873068809509277e-02
1.324841659516096115e-02
1.328926067799329758e-02
1.332712452858686447e-02
1.331674121320247650e-02
1.331030949950218201e-02
1.331206317991018295e-02
1.331699173897504807e-02
1.331687811762094498e-02
1.331808976829051971e-02
1.339491829276084900e-02
1.345763448625802994e-02
1.351064350455999374e-02
1.355454139411449432e-02
1.359375473111867905e-02
1.361680589616298676e-02
1.363451033830642700e-02
1.364845130592584610e-02
1.364113483577966690e-02
1.363148819655179977e-02
1.362260896712541580e-02
1.360683701932430267e-02
1.359243225306272507e-02
1.357091125100851059e-02
1.355150435119867325e-02
1.353745907545089722e-02
1.351857557892799377e-02
1.350327860563993454e-02
1.349442265927791595e-02
1.348251570016145706e-02
1.347493752837181091e-02
1.346899475902318954e-02
1.346653699874877930e-02
1.345604192465543747e-02
1.344569958746433258e-02
1.344178244471549988e-02
1.344724837690591812e-02
1.345174759626388550e-02
1.345538906753063202e-02
1.345238555222749710e-02
1.344498153775930405e-02
1.326756551861763000e-02
1.309465523809194565e-02
1.295243762433528900e-02
1.283200830221176147e-02
1.272439677268266678e-02
1.262744143605232239e-02
1.253409869968891144e-02
1.245874166488647461e-02
1.240597665309906006e-02
1.237041968852281570e-02
1.234862674027681351e-02
1.234921440482139587e-02
1.234282832592725754e-02
1.236035116016864777e-02
1.237964723259210587e-02
1.240869890898466110e-02
1.243620552122592926e-02
1.246930193156003952e-02
1.250885520130395889e-02
1.255909446626901627e-02
1.261183433234691620e-02
1.265781745314598083e-02
1.271949242800474167e-02
1.278605870902538300e-02
1.285224687308073044e-02
1.291902642697095871e-02
1.298895571380853653e-02
1.305988710373640060e-02
1.312470156699419022e-02
1.318848319351673126e-02
1.324380561709403992e-02
1.330132968723773956e-02
1.335798110812902451e-02
1.340419612824916840e-02
1.344933919608592987e-02
1.349919661879539490e-02
1.354178786277770996e-02
1.358041726052761078e-02
1.361763011664152145e-02
1.365034095942974091e-02
1.367584057152271271e-02
1.370025798678398132e-02
1.371950190514326096e-02
1.373351644724607468e-02
1.374298054724931717e-02
1.375775877386331558e-02
1.376183517277240753e-02
1.375725213438272476e-02
1.375825144350528717e-02
1.376252155750989914e-02
1.376822963356971741e-02
1.377136260271072388e-02
1.376853138208389282e-02
1.376356743276119232e-02
1.375556178390979767e-02
1.374269276857376099e-02
1.374240312725305557e-02
1.374029461294412613e-02
1.373740565031766891e-02
1.373534742742776871e-02
1.372892502695322037e-02
1.372130960226058960e-02
1.372074056416749954e-02
1.372881233692169189e-02
1.373311877250671387e-02
1.373377721756696701e-02
1.373888831585645676e-02
1.374846138060092926e-02
1.375536154955625534e-02
1.375202927738428116e-02
1.375424396246671677e-02
1.376149058341979980e-02
1.376949157565832138e-02
1.377979479730129242e-02
1.379493344575166702e-02
1.380886789411306381e-02
1.381463278084993362e-02
1.382396370172500610e-02
1.384101994335651398e-02
1.386374514549970627e-02
1.388400606811046600e-02
1.389714796096086502e-02
1.390667911618947983e-02
1.388155762106180191e-02
1.386130694299936295e-02
1.384768076241016388e-02
1.383787114173173904e-02
1.382607314735651016e-02
1.380849443376064301e-02
1.378970406949520111e-02
1.377906184643507004e-02
1.377808116376399994e-02
1.377732027322053909e-02
1.377526018768548965e-02
1.376953907310962677e-02
1.378489378839731216e-02
1.380729675292968750e-02
1.383816543966531754e-02
1.386116258800029755e-02
1.387936249375343323e-02
1.390261203050613403e-02
1.392499078065156937e-02
1.395048573613166809e-02
1.397935021668672562e-02
1.399698015302419662e-02
1.402026228606700897e-02
1.404426340013742447e-02
1.405822020024061203e-02
1.406702678650617599e-02
1.407703943550586700e-02
1.408508606255054474e-02
1.408780086785554886e-02
1.408961787819862366e-02
1.409543678164482117e-02
1.409763377159833908e-02
1.409385818988084793e-02
1.408630423247814178e-02
1.407715212553739548e-02
1.406484376639127731e-02
1.405143272131681442e-02
1.403348892927169800e-02
1.400691084563732147e-02
1.398179773241281509e-02
1.395689044147729874e-02
1.393315382301807404e-02
1.391917467117309570e-02
1.391481980681419373e-02
1.390743069350719452e-02
1.391014177352190018e-02
1.391591411083936691e-02
1.391743682324886322e-02
1.390309911221265793e-02
1.388985570520162582e-02
1.388693507760763168e-02
1.387661788612604141e-02
1.387371774762868881e-02
1.387231796979904175e-02
1.386435143649578094e-02
1.384991686791181564e-02
1.384188234806060791e-02
1.383578218519687653e-02
1.382773742079734802e-02
1.382372342050075531e-02
1.381771266460418701e-02
1.381175685673952103e-02
1.379794720560312271e-02
1.378907822072505951e-02
1.378466654568910599e-02
1.378784421831369400e-02
1.379579119384288788e-02
1.379977818578481674e-02
1.382846292108297348e-02
1.385160721838474274e-02
1.386935915797948837e-02
1.387793943285942078e-02
1.388483028858900070e-02
1.388538070023059845e-02
1.388712786138057709e-02
1.388644985854625702e-02
1.388239394873380661e-02
1.387455128133296967e-02
1.386724133044481277e-02
1.386431790888309479e-02
1.386009436100721359e-02
1.385715138167142868e-02
1.385250501334667206e-02
1.385098230093717575e-02
1.384680625051259995e-02
1.383988000452518463e-02
1.383031252771615982e-02
1.382199395447969437e-02
1.380898989737033844e-02
1.379672158509492874e-02
1.378770824521780014e-02
1.378097292035818100e-02
1.377489231526851654e-02
1.377690117806196213e-02
1.378135848790407181e-02
1.378800254315137863e-02
1.380433887243270874e-02
1.381806656718254089e-02
1.383405923843383789e-02
1.384242158383131027e-02
1.384608354419469833e-02
1.384877040982246399e-02
1.384930033236742020e-02
1.385256275534629822e-02
1.385161932557821274e-02
1.384617853909730911e-02
1.384081598371267319e-02
1.383440289646387100e-02
1.383455283939838409e-02
1.383753679692745209e-02
1.384625118225812912e-02
1.385140605270862579e-02
1.385919190943241119e-02
1.386586762964725494e-02
1.387051958590745926e-02
1.387674640864133835e-02
1.388157624751329422e-02
1.387678086757659912e-02
1.387435197830200195e-02
1.387458667159080505e-02
1.387655362486839294e-02
1.387476734817028046e-02
1.387746632099151611e-02
1.387829892337322235e-02
1.387612614780664444e-02
1.387436036020517349e-02
1.388132199645042419e-02
1.388434506952762604e-02
1.388836558908224106e-02
1.389577239751815796e-02
1.389660313725471497e-02
1.389980502426624298e-02
1.390475779771804810e-02
1.391321979463100433e-02
1.392079703509807587e-02
1.392671279609203339e-02
1.392930280417203903e-02
1.392869278788566589e-02
1.393178012222051620e-02
1.393700204789638519e-02
1.393557060509920120e-02
1.393005531281232834e-02
1.392358541488647461e-02
1.391921192407608032e-02
1.392383035272359848e-02
1.392195094376802444e-02
1.392471510916948318e-02
1.392291579395532608e-02
1.392545830458402634e-02
1.392721384763717651e-02
1.393561903387308121e-02
1.394474040716886520e-02
1.396180596202611923e-02
1.397314667701721191e-02
1.398965157568454742e-02
1.399865932762622833e-02
1.400375925004482269e-02
1.400711294263601303e-02
1.401247922331094742e-02
1.401071902364492416e-02
1.400654576718807220e-02
1.400684937834739685e-02
1.400207728147506714e-02
1.400738488882780075e-02
1.403119135648012161e-02
1.405683346092700958e-02
1.408370584249496460e-02
1.410708390176296234e-02
1.412164419889450073e-02
1.413657329976558685e-02
1.415077969431877136e-02
1.416621543467044830e-02
1.418530847877264023e-02
1.421867031604051590e-02
1.424809079617261887e-02
1.427519693970680237e-02
1.429707184433937073e-02
1.430706121027469635e-02
1.431225705891847610e-02
1.431764010339975357e-02
1.431250572204589844e-02
1.430596131831407547e-02
1.429252326488494873e-02
1.428545266389846802e-02
1.432157494127750397e-02
1.436060201376676559e-02
1.439336221665143967e-02
1.442098896950483322e-02
1.444939523935317993e-02
1.447227131575345993e-02
1.449203211814165115e-02
1.450455095618963242e-02
1.451699342578649521e-02
1.453928276896476746e-02
1.455613784492015839e-02
1.456711441278457642e-02
1.458027027547359467e-02
1.459485758095979691e-02
1.460474543273448944e-02
1.461717672646045685e-02
1.462875399738550186e-02
1.464192476123571396e-02
1.466332934796810150e-02
1.467728056013584137e-02
1.468256395310163498e-02
1.468470972031354904e-02
1.469373609870672226e-02
1.470308564603328705e-02
1.470943354070186615e-02
1.471140701323747635e-02
1.471067219972610474e-02
1.470633782446384430e-02
1.470289658755064011e-02
1.470451336354017258e-02
1.470655202865600586e-02
1.470245327800512314e-02
1.469974499195814133e-02
1.470298226922750473e-02
1.470578275620937347e-02
1.471419818699359894e-02
1.471881754696369171e-02
1.472424902021884918e-02
1.473441906273365021e-02
1.474275719374418259e-02
1.474521402269601822e-02
1.474808435887098312e-02
1.474630553275346756e-02
1.475173793733119965e-02
1.475980319082736969e-02
1.477011851966381073e-02
1.478269696235656738e-02
1.478205807507038116e-02
1.478127948939800262e-02
1.477669458836317062e-02
1.478024199604988098e-02
1.478568091988563538e-02
1.477953512221574783e-02
1.477346196770668030e-02
1.476646214723587036e-02
1.476235687732696533e-02
1.475829444825649261e-02
1.475880946964025497e-02
1.475532818585634232e-02
1.475881878286600113e-02
1.475834101438522339e-02
1.476258784532546997e-02
1.477205939590930939e-02
1.477939169853925705e-02
1.478842087090015411e-02
1.479335408657789230e-02
1.479488890618085861e-02
1.479830686002969742e-02
1.480028126388788223e-02
1.480408851057291031e-02
1.480911485850811005e-02
1.482249051332473755e-02
1.483125984668731689e-02
1.483907084912061691e-02
1.484336517751216888e-02
1.484516263008117676e-02
1.485023740679025650e-02
1.485168002545833588e-02
1.485691126435995102e-02
1.485569588840007782e-02
1.485542953014373779e-02
1.484761852771043777e-02
1.484415307641029358e-02
1.483912300318479538e-02
1.483519840985536575e-02
1.483421027660369873e-02
1.482432242482900620e-02
1.481253001838922501e-02
1.479886844754219055e-02
1.478411257266998291e-02
1.477018650621175766e-02
1.474883779883384705e-02
1.472714170813560486e-02
1.471013575792312622e-02
1.470024511218070984e-02
1.469074841588735580e-02
1.468653045594692230e-02
1.468265056610107422e-02
1.467206701636314392e-02
1.465550530701875687e-02
1.463746745139360428e-02
1.462322007864713669e-02
1.460888981819152832e-02
1.459504663944244385e-02
1.458495389670133591e-02
1.457279641181230545e-02
1.456372905522584915e-02
1.448349654674530029e-02
1.441058330237865448e-02
1.434511691331863403e-02
1.429080031812191010e-02
1.425029337406158447e-02
1.421289704740047455e-02
1.418338809162378311e-02
1.415815390646457672e-02
1.413762196898460388e-02
1.411953102797269821e-02
1.411167159676551819e-02
1.411196682602167130e-02
1.412435062229633331e-02
1.413033064454793930e-02
1.414355915039777756e-02
1.416028384119272232e-02
1.416876446455717087e-02
1.417710352689027786e-02
1.419022120535373688e-02
1.420815195888280869e-02
1.422571390867233276e-02
1.424512267112731934e-02
1.427525933831930161e-02
1.430774852633476257e-02
1.433961838483810425e-02
1.436938159167766571e-02
1.439390890300273895e-02
1.441445015370845795e-02
1.442401576787233353e-02
1.443143282085657120e-02
1.443867571651935577e-02
1.444022357463836670e-02
1.443308219313621521e-02
1.444721501320600510e-02
1.446236949414014816e-02
1.447301544249057770e-02
1.448326464742422104e-02
1.448676828294992447e-02
1.448960229754447937e-02
1.449701003730297089e-02
1.450033020228147507e-02
1.450017374008893967e-02
1.449873577803373337e-02
1.448796037584543228e-02
1.448042877018451691e-02
1.447337679564952850e-02
1.447229180485010147e-02
1.447064429521560669e-02
1.446715276688337326e-02
1.446125283837318420e-02
1.445938646793365479e-02
1.445354055613279343e-02
1.444357074797153473e-02
1.443134061992168427e-02
1.442157384008169174e-02
1.441280450671911240e-02
1.440556347370147705e-02
1.439503300935029984e-02
1.438631955534219742e-02
1.437448617070913315e-02
1.437059510499238968e-02
1.436401437968015671e-02
1.436816807836294174e-02
1.437080837786197662e-02
1.438179332762956619e-02
1.438831444829702377e-02
1.439826283603906631e-02
1.441446878015995026e-02
1.442626956850290298e-02
1.444786693900823593e-02
1.446690969169139862e-02
1.448229420930147171e-02
1.449714228510856628e-02
1.450258679687976837e-02
1.450798753648996353e-02
1.451185438781976700e-02
1.451892219483852386e-02
1.452696509659290314e-02
1.453484408557415009e-02
1.454206276684999466e-02
1.454696338623762131e-02
1.454022992402315140e-02
1.453933585435152054e-02
1.453771721571683884e-02
1.452619489282369614e-02
1.451671402901411057e-02
1.451135426759719849e-02
1.450379937887191772e-02
1.449363678693771362e-02
1.448814850300550461e-02
1.448428072035312653e-02
1.448423508554697037e-02
1.448370423167943954e-02
1.448043063282966614e-02
1.448482275009155273e-02
1.448073145002126694e-02
1.447958592325448990e-02
1.448163110762834549e-02
1.447771210223436356e-02
1.447637937963008881e-02
1.447266153991222382e-02
1.446550898253917694e-02
1.445765048265457153e-02
1.445205602794885635e-02
1.445064414292573929e-02
1.446104235947132111e-02
1.446849852800369263e-02
1.447694655507802963e-02
1.448428258299827576e-02
1.448917947709560394e-02
1.449284888803958893e-02
1.449833530932664871e-02
1.450706459581851959e-02
1.446745544672012329e-02
1.444052066653966904e-02
1.441551372408866882e-02
1.439020503312349319e-02
1.437064260244369507e-02
1.435143500566482544e-02
1.433314103633165359e-02
1.431562565267086029e-02
1.430235523730516434e-02
1.429032720625400543e-02
1.427943073213100433e-02
1.426775660365819931e-02
1.425478886812925339e-02
1.424717344343662262e-02
1.423993334174156189e-02
1.423754356801509857e-02
1.423694659024477005e-02
1.423675753176212311e-02
1.423557661473751068e-02
1.423738151788711548e-02
1.424119062721729279e-02
1.423780247569084167e-02
1.423448137938976288e-02
1.423126831650733948e-02
1.423599943518638611e-02
1.423972472548484802e-02
1.423840969800949097e-02
1.423557661473751068e-02
1.423901692032814026e-02
1.424324233084917068e-02
1.424976624548435211e-02
1.425191573798656464e-02
1.426137052476406097e-02
1.426221057772636414e-02
1.426046621054410934e-02
1.425812114030122757e-02
1.425706595182418823e-02
1.425363402813673019e-02
1.425047777593135834e-02
1.424340531229972839e-02
1.424102485179901123e-02
1.423480454832315445e-02
1.423592492938041687e-02
1.423414796590805054e-02
1.423473563045263290e-02
1.423563901335000992e-02
1.423534378409385681e-02
1.423956267535686493e-02
1.424371544271707535e-02
1.425158884376287460e-02
1.424215734004974365e-02
1.424042601138353348e-02
1.423905510455369949e-02
1.423023734241724014e-02
1.422492694109678268e-02
1.421276293694972992e-02
1.420012488961219788e-02
1.418715249747037888e-02
1.417378708720207214e-02
1.416266337037086487e-02
1.414593495428562164e-02
1.412597019225358963e-02
1.411108206957578659e-02
1.409711129963397980e-02
1.408642716705799103e-02
1.407756749540567398e-02
1.406814903020858765e-02
1.405927911400794983e-02
1.405002642422914505e-02
1.404472719877958298e-02
1.404043380171060562e-02
1.403831318020820618e-02
1.403972227126359940e-02
1.404042728245258331e-02
1.404980011284351349e-02
1.405533589422702789e-02
1.405962463468313217e-02
1.406321488320827484e-02
1.406361535191535950e-02
1.406669802963733673e-02
1.407035905867815018e-02
1.407774258404970169e-02
1.408280897885560989e-02
1.408852078020572662e-02
1.409380044788122177e-02
1.409642212092876434e-02
1.410172134637832642e-02
1.411084644496440887e-02
1.411858294159173965e-02
1.412753574550151825e-02
1.413122937083244324e-02
1.413737237453460693e-02
1.414038240909576416e-02
1.414447464048862457e-02
1.414304040372371674e-02
1.414510235190391541e-02
1.414546370506286621e-02
1.414283830672502518e-02
1.414663158357143402e-02
1.415063720196485519e-02
1.414949540048837662e-02
1.414209883660078049e-02
1.413957588374614716e-02
1.413422450423240662e-02
1.412748545408248901e-02
1.412185002118349075e-02
1.412862911820411682e-02
1.413988973945379257e-02
1.415293291211128235e-02
1.416920498013496399e-02
1.418555341660976410e-02
1.419451832771301270e-02
1.419822778552770615e-02
1.420571561902761459e-02
1.421956252306699753e-02
1.423372607678174973e-02
1.424888521432876587e-02
1.426421757787466049e-02
1.427631732076406479e-02
1.428594253957271576e-02
1.429091487079858780e-02
1.429217960685491562e-02
1.429486088454723358e-02
1.429696846753358841e-02
1.429718174040317535e-02
1.430305931717157364e-02
1.431141141802072525e-02
1.431955862790346146e-02
1.432843226939439774e-02
1.433479506522417068e-02
1.433720346540212631e-02
1.433607190847396851e-02
1.433570496737957001e-02
1.433737110346555710e-02
1.434156298637390137e-02
1.434700563549995422e-02
1.434917841106653214e-02
1.434838771820068359e-02
1.434667035937309265e-02
1.434156205505132675e-02
1.434290967881679535e-02
1.433953363448381424e-02
1.433989964425563812e-02
1.433956157416105270e-02
1.433648727834224701e-02
1.433133520185947418e-02
1.435002312064170837e-02
1.436595246195793152e-02
1.438216492533683777e-02
1.439298130571842194e-02
1.440265029668807983e-02
1.441206131130456924e-02
1.442245207726955414e-02
1.442910172045230865e-02
1.442904118448495865e-02
1.443352270871400833e-02
1.443972438573837280e-02
1.444855891168117523e-02
1.445442717522382736e-02
1.445982325822114944e-02
1.449979469180107117e-02
1.453324686735868454e-02
1.456317491829395294e-02
1.459096465259790421e-02
1.461464446038007736e-02
1.464514527469873428e-02
1.467380486428737640e-02
1.469636708498001099e-02
1.471882592886686325e-02
1.473726797848939896e-02
1.476083882153034210e-02
1.477652601897716522e-02
1.479281671345233917e-02
1.480691414326429367e-02
1.481981668621301651e-02
1.482989359647035599e-02
1.483898703008890152e-02
1.484428439289331436e-02
1.484742853790521622e-02
1.484752539545297623e-02
1.484257914125919342e-02
1.484413910657167435e-02
1.484507508575916290e-02
1.484805066138505936e-02
1.484709046781063080e-02
1.484608184546232224e-02
1.484056469053030014e-02
1.483438163995742798e-02
1.483883336186408997e-02
1.484085246920585632e-02
1.480391807854175568e-02
1.475644297897815704e-02
1.471251528710126877e-02
1.467619277536869049e-02
1.464347634464502335e-02
1.461554318666458130e-02
1.459255721420049667e-02
1.457138080149888992e-02
1.455389987677335739e-02
1.453605480492115021e-02
1.452064234763383865e-02
1.451028976589441299e-02
1.449856813997030258e-02
1.449620164930820465e-02
1.449729036539793015e-02
1.450126618146896362e-02
1.450468786060810089e-02
1.451279688626527786e-02
1.452438812702894211e-02
1.453689020127058029e-02
1.454952731728553772e-02
1.456262636929750443e-02
1.458818465471267700e-02
1.460980530828237534e-02
1.462948974221944809e-02
1.464665215462446213e-02
1.466129813343286514e-02
1.467167027294635773e-02
1.468763314187526703e-02
1.470732409507036209e-02
1.472950540482997894e-02
1.474699657410383224e-02
1.476533617824316025e-02
1.478069741278886795e-02
1.479871198534965515e-02
1.481733378022909164e-02
1.483090873807668686e-02
1.484111510217189789e-02
1.485419645905494690e-02
1.486449688673019409e-02
1.487017702311277390e-02
1.487819384783506393e-02
1.489159930497407913e-02
1.490547321736812592e-02
1.491509564220905304e-02
1.492193713784217834e-02
1.492989063262939453e-02
1.493651606142520905e-02
1.493810396641492844e-02
1.494106650352478027e-02
1.493229717016220093e-02
1.492292713373899460e-02
1.490921247750520706e-02
1.489959564059972763e-02
1.489194948226213455e-02
1.488074567168951035e-02
1.486960984766483307e-02
1.486101280897855759e-02
1.485247164964675903e-02
1.484141126275062561e-02
1.482402253895998001e-02
1.481036841869354248e-02
1.479397155344486237e-02
1.477817818522453308e-02
1.476295664906501770e-02
1.476112939417362213e-02
1.476389728486537933e-02
1.476857345551252365e-02
1.477749552577733994e-02
1.478813309222459793e-02
1.479770801961421967e-02
1.481208391487598419e-02
1.482501346617937088e-02
1.484377775341272354e-02
1.486227009445428848e-02
1.488194148987531662e-02
1.490039099007844925e-02
1.491411775350570679e-02
1.492390315979719162e-02
1.492877211421728134e-02
1.493636146187782288e-02
1.493805833160877228e-02
1.494492590427398682e-02
1.494863815605640411e-02
1.495212037116289139e-02
1.495710201561450958e-02
1.496206503361463547e-02
1.496130786836147308e-02
1.496292091906070709e-02
1.496537774801254272e-02
1.496789138764142990e-02
1.497234590351581573e-02
1.497715432196855545e-02
1.497905515134334564e-02
1.498119160532951355e-02
1.498201955109834671e-02
1.498197205364704132e-02
1.497783139348030090e-02
1.496571395546197891e-02
1.495174411684274673e-02
1.493735145777463913e-02
1.492566242814064026e-02
1.491900812834501266e-02
1.490802504122257233e-02
1.489203423261642456e-02
1.487655937671661377e-02
1.486340630799531937e-02
1.485087815672159195e-02
1.483922451734542847e-02
1.483193878084421158e-02
1.482702046632766724e-02
1.482378039509057999e-02
1.482200901955366135e-02
1.482463162392377853e-02
1.482928637415170670e-02
1.483061723411083221e-02
1.483844779431819916e-02
1.484464015811681747e-02
1.485060527920722961e-02
1.485235989093780518e-02
1.485775411128997803e-02
1.485955808311700821e-02
1.486516464501619339e-02
1.487097516655921936e-02
1.488095987588167191e-02
1.489570830017328262e-02
1.490812841802835464e-02
1.491108350455760956e-02
1.491256896406412125e-02
1.490933727473020554e-02
1.490405853837728500e-02
1.489902567118406296e-02
1.489306055009365082e-02
1.488786563277244568e-02
1.488652452826499939e-02
1.488769054412841797e-02
1.489112153649330139e-02
1.490495726466178894e-02
1.492123771458864212e-02
1.493573095649480820e-02
1.495110057294368744e-02
1.496291533112525940e-02
1.497728470712900162e-02
1.498682610690593719e-02
1.499141380190849304e-02
1.499461848288774490e-02
1.499771419912576675e-02
1.499844714999198914e-02
1.499648112803697586e-02
1.499432139098644257e-02
1.499459054321050644e-02
1.499694958329200745e-02
1.500205509364604950e-02
1.500744372606277466e-02
1.501103211194276810e-02
1.501264143735170364e-02
1.501282211393117905e-02
1.501273550093173981e-02
1.501272618770599365e-02
1.501112990081310272e-02
1.502311322838068008e-02
1.503196172416210175e-02
1.504062581807374954e-02
1.504450384527444839e-02
1.504627522081136703e-02
1.504437625408172607e-02
1.504058297723531723e-02
1.503551006317138672e-02
1.502955984324216843e-02
1.502278726547956467e-02
1.504505239427089691e-02
1.506276242434978485e-02
1.507962681353092194e-02
1.509391888976097107e-02
1.510356925427913666e-02
1.511221565306186676e-02
1.512055192142724991e-02
1.512467488646507263e-02
1.512937434017658234e-02
1.513509079813957214e-02
1.513772457838058472e-02
1.513358671218156815e-02
1.512884162366390228e-02
1.512878760695457458e-02
1.512586604803800583e-02
1.512159127742052078e-02
1.511701662093400955e-02
1.511334627866744995e-02
1.510789524763822556e-02
1.510463375598192215e-02
1.509695779532194138e-02
1.508792955428361893e-02
1.507740374654531479e-02
1.506657339632511139e-02
1.505601685494184494e-02
1.504184119403362274e-02
1.502727624028921127e-02
1.501190103590488434e-02
1.499854959547519684e-02
1.498355437070131302e-02
1.497129350900650024e-02
1.495867688208818436e-02
1.494783069938421249e-02
1.493988558650016785e-02
1.493200473487377167e-02
1.492442004382610321e-02
1.491661369800567627e-02
1.491262484341859818e-02
1.490602456033229828e-02
1.490177679806947708e-02
1.489516720175743103e-02
1.488880719989538193e-02
1.487811654806137085e-02
1.486641913652420044e-02
1.485907658934593201e-02
1.485440507531166077e-02
1.484954077750444412e-02
1.484356261789798737e-02
1.483351923525333405e-02
1.482196990400552750e-02
1.481222454458475113e-02
1.480512879788875580e-02
1.479932107031345367e-02
1.479333546012639999e-02
1.478648837655782700e-02
1.477874349802732468e-02
1.477001514285802841e-02
1.476031728088855743e-02
1.475825347006320953e-02
1.475749537348747253e-02
1.475531421601772308e-02
1.475442480295896530e-02
1.475399266928434372e-02
1.475183013826608658e-02
1.475044339895248413e-02
1.474951021373271942e-02
1.475055888295173645e-02
1.475083921104669571e-02
1.475101616233587265e-02
1.474886480718851089e-02
1.474868413060903549e-02
1.475117169320583344e-02
1.475737802684307098e-02
1.476087793707847595e-02
1.476651802659034729e-02
1.477020140737295151e-02
1.477439515292644501e-02
1.477884408086538315e-02
1.478289440274238586e-02
1.478674635291099548e-02
1.478893030434846878e-02
1.478976011276245117e-02
1.478873100131750107e-02
1.478644832968711853e-02
1.477902196347713470e-02
1.477656979113817215e-02
1.477308571338653564e-02
1.477174088358879089e-02
1.477041002362966537e-02
1.476920023560523987e-02
1.477040816098451614e-02
1.477304007858037949e-02
1.477497816085815430e-02
1.477803569287061691e-02
1.477758772671222687e-02
1.477368827909231186e-02
1.477346755564212799e-02
1.477342937141656876e-02
1.477339211851358414e-02
1.476502139121294022e-02
1.475676614791154861e-02
1.475813426077365875e-02
1.476285047829151154e-02
1.476966217160224915e-02
1.477574184536933899e-02
1.477879751473665237e-02
1.478386577218770981e-02
1.479482837021350861e-02
1.488875504583120346e-02
1.497187186032533646e-02
1.504654623568058014e-02
1.511156279593706131e-02
1.517097558826208115e-02
1.522196177393198013e-02
1.526947040110826492e-02
1.530871167778968811e-02
1.534229423850774765e-02
1.537145767360925674e-02
1.539502106606960297e-02
1.541012059897184372e-02
1.542108133435249329e-02
1.542711909860372543e-02
1.543164532631635666e-02
1.543792057782411575e-02
1.544373296201229095e-02
1.544331759214401245e-02
1.544171012938022614e-02
1.543774828314781189e-02
1.543368957936763763e-02
1.542441360652446747e-02
1.541109569370746613e-02
1.539767533540725708e-02
1.538426242768764496e-02
1.537063345313072205e-02
1.535252761095762253e-02
1.533479988574981689e-02
1.531864609569311142e-02
1.530564390122890472e-02
1.529398094862699509e-02
1.528126746416091919e-02
1.526564173400402069e-02
1.525233965367078781e-02
1.523788552731275558e-02
1.522208936512470245e-02
1.520569901913404465e-02
1.519204489886760712e-02
1.517628226429224014e-02
1.512804254889488220e-02
1.508517656475305557e-02
1.504630874842405319e-02
1.501134596765041351e-02
1.498041674494743347e-02
1.495349686592817307e-02
1.493184920400381088e-02
1.491468027234077454e-02
1.489713788032531738e-02
1.488317176699638367e-02
1.487226784229278564e-02
1.486151479184627533e-02
1.485256757587194443e-02
1.484574936330318451e-02
1.483859401196241379e-02
1.483130361884832382e-02
1.482524536550045013e-02
1.482173148542642593e-02
1.481913775205612183e-02
1.480982080101966858e-02
1.479959581047296524e-02
1.478877570480108261e-02
1.477886084467172623e-02
1.476857066154479980e-02
1.476197130978107452e-02
1.475101150572299957e-02
1.474247407168149948e-02
1.473804004490375519e-02
1.473513245582580566e-02
1.473111100494861603e-02
1.472672354429960251e-02
1.472052931785583496e-02
1.471452880650758743e-02
1.470905914902687073e-02
1.470515970140695572e-02
1.470025721937417984e-02
1.469640713185071945e-02
1.469191350042819977e-02
1.468993909657001495e-02
1.468884758651256561e-02
1.468924712389707565e-02
1.469000335782766342e-02
1.469365134835243225e-02
1.469606906175613403e-02
1.470592431724071503e-02
1.471712999045848846e-02
1.472400594502687454e-02
1.473040506243705750e-02
1.473668776452541351e-02
1.474087964743375778e-02
1.474521402269601822e-02
1.475026551634073257e-02
1.475479453802108765e-02
1.475911401212215424e-02
1.476260367780923843e-02
1.476516854017972946e-02
1.476665306836366653e-02
1.476667914539575577e-02
1.476353034377098083e-02
1.475984696298837662e-02
1.475582458078861237e-02
1.475162059068679810e-02
1.474819704890251160e-02
1.474506780505180359e-02
1.474237721413373947e-02
1.473823189735412598e-02
1.473032403737306595e-02
1.472450420260429382e-02
1.471905875951051712e-02
1.471249200403690338e-02
1.471314858645200729e-02
1.471508480608463287e-02
1.471542380750179291e-02
1.471692230552434921e-02
1.471795607358217239e-02
1.471713837236166000e-02
1.471808273345232010e-02
1.471819914877414703e-02
1.471887435764074326e-02
1.471962966024875641e-02
1.472135633230209351e-02
1.472116634249687195e-02
1.471908297389745712e-02
1.471889205276966095e-02
1.471948157995939255e-02
1.472167205065488815e-02
1.472496520727872849e-02
1.472769584506750107e-02
1.472995243966579437e-02
1.472980901598930359e-02
1.472826022654771805e-02
1.472712401300668716e-02
1.472558919340372086e-02
1.472054235637187958e-02
1.471574325114488602e-02
1.471199560910463333e-02
1.470931060612201691e-02
1.470615621656179428e-02
1.470110937952995300e-02
1.469478942453861237e-02
1.469205599278211594e-02
1.468865480273962021e-02
1.468362938612699509e-02
1.467875111848115921e-02
1.467424165457487106e-02
1.467167772352695465e-02
1.467358041554689407e-02
1.467482093721628189e-02
1.467755995690822601e-02
1.468154508620500565e-02
1.468327175825834274e-02
1.468219701200723648e-02
1.468222495168447495e-02
1.468001119792461395e-02
1.467691734433174133e-02
1.467489264905452728e-02
1.467139367014169693e-02
1.467169169336557388e-02
1.467207819223403931e-02
1.467264164239168167e-02
1.467416621744632721e-02
1.467856205999851227e-02
1.468498352915048599e-02
1.469507254660129547e-02
1.470411196351051331e-02
1.471016462892293930e-02
1.471488177776336670e-02
1.471588667482137680e-02
1.471398398280143738e-02
1.470953132957220078e-02
1.470467355102300644e-02
1.470050495117902756e-02
1.469692680984735489e-02
1.469689607620239258e-02
1.469836011528968811e-02
1.469564624130725861e-02
1.469550654292106628e-02
1.469602622091770172e-02
1.469184271991252899e-02
1.468621287494897842e-02
1.467750966548919678e-02
1.467009540647268295e-02
1.466069277375936508e-02
1.465175114572048187e-02
1.464235503226518631e-02
1.463253889232873917e-02
1.462089829146862030e-02
1.460888981819152832e-02
1.460046321153640747e-02
1.459534000605344772e-02
1.459226384758949280e-02
1.459146849811077118e-02
1.459467317909002304e-02
1.459967531263828278e-02
1.460485160350799561e-02
1.461153943091630936e-02
1.461440883576869965e-02
1.461741421371698380e-02
1.462172809988260269e-02
1.462832372635602951e-02
1.463424134999513626e-02
1.464016456156969070e-02
1.464603003114461899e-02
1.465104240924119949e-02
1.465680729597806931e-02
1.466099172830581665e-02
1.466508489102125168e-02
1.466950494796037674e-02
1.467399392277002335e-02
1.467947009950876236e-02
1.468504127115011215e-02
1.468844898045063019e-02
1.469090301543474197e-02
1.469139475375413895e-02
1.468903012573719025e-02
1.468472741544246674e-02
1.468008663505315781e-02
1.467432919889688492e-02
1.466821227222681046e-02
1.466102246195077896e-02
1.465751137584447861e-02
1.465264707803726196e-02
1.465204171836376190e-02
1.465086266398429871e-02
1.464708149433135986e-02
1.464485935866832733e-02
1.464430801570415497e-02
1.464691851288080215e-02
1.465915609151124954e-02
1.467020437121391296e-02
1.468073576688766479e-02
1.468933094292879105e-02
1.469804905354976654e-02
1.470587030053138733e-02
1.471321284770965576e-02
1.472126878798007965e-02
1.472992263734340668e-02
1.473761256784200668e-02
1.474373042583465576e-02
1.474761497229337692e-02
1.474889926612377167e-02
1.475352421402931213e-02
1.475396659225225449e-02
1.475456077605485916e-02
1.475136633962392807e-02
1.474739797413349152e-02
1.474210806190967560e-02
1.473609358072280884e-02
1.472945418208837509e-02
1.472457498311996460e-02
1.472068671137094498e-02
1.471730135381221771e-02
1.471329201012849808e-02
1.471014041453599930e-02
1.470657065510749817e-02
1.470509357750415802e-02
1.470224652439355850e-02
1.469982042908668518e-02
1.469753775745630264e-02
1.469542179256677628e-02
