5.116462707519531250e-04,-4.907542467117309570e-02,2.310514450073242188e-02
5.116462707519531250e-04,-4.907542467117309570e-02,2.310514450073242188e-02
-4.882812500000000000e-04,-5.007541179656982422e-02,2.410519123077392578e-02
-3.576278686523437500e-04,-5.096173286437988281e-02,2.395915985107421875e-02
1.411437988281250000e-04,-5.189061164855957031e-02,2.447170019149780273e-02
7.939338684082031250e-04,-5.135381221771240234e-02,2.397572994232177734e-02
1.395225524902343750e-03,-5.090644955635070801e-02,2.362382411956787109e-02
1.853466033935546875e-03,-5.055239796638488770e-02,2.354580163955688477e-02
2.493381500244140625e-03,-5.024746060371398926e-02,2.356690168380737305e-02
3.241062164306640625e-03,-4.997447133064270020e-02,2.388787269592285156e-02
3.714561462402343750e-03,-4.973813891410827637e-02,2.418309450149536133e-02
4.243373870849609375e-03,-4.960861802101135254e-02,2.442157268524169922e-02
4.728317260742187500e-03,-4.948449134826660156e-02,2.475976943969726562e-02
5.158424377441406250e-03,-4.938533902168273926e-02,2.490228414535522461e-02
5.528450012207031250e-03,-4.919996857643127441e-02,2.504146099090576172e-02
5.972862243652343750e-03,-4.908600449562072754e-02,2.521216869354248047e-02
6.459236145019531250e-03,-4.866984486579895020e-02,2.543908357620239258e-02
6.920814514160156250e-03,-4.830843210220336914e-02,2.563220262527465820e-02
7.346630096435546875e-03,-4.796734452247619629e-02,2.587914466857910156e-02
7.708072662353515625e-03,-4.765722155570983887e-02,2.599960565567016602e-02
8.004665374755859375e-03,-4.738500714302062988e-02,2.608138322830200195e-02
8.355140686035156250e-03,-4.717621207237243652e-02,2.595043182373046875e-02
8.613109588623046875e-03,-4.700353741645812988e-02,2.578645944595336914e-02
8.805274963378906250e-03,-4.682430624961853027e-02,2.552652359008789062e-02
8.998870849609375000e-03,-4.665413498878479004e-02,2.528434991836547852e-02
9.096145629882812500e-03,-4.655921459197998047e-02,2.513200044631958008e-02
9.146690368652343750e-03,-4.644718766212463379e-02,2.490288019180297852e-02
9.345531463623046875e-03,-4.635843634605407715e-02,2.475458383560180664e-02
9.456634521484375000e-03,-4.634410142898559570e-02,2.465361356735229492e-02
9.573459625244140625e-03,-4.637122154235839844e-02,2.456110715866088867e-02
9.726047515869140625e-03,-4.640927910804748535e-02,2.451580762863159180e-02
9.732723236083984375e-03,-4.638242721557617188e-02,2.451246976852416992e-02
9.698867797851562500e-03,-4.636973142623901367e-02,2.451974153518676758e-02
9.660243988037109375e-03,-4.641202092170715332e-02,2.450919151306152344e-02
9.676933288574218750e-03,-4.647532105445861816e-02,2.425599098205566406e-02
9.719371795654296875e-03,-4.658788442611694336e-02,2.381610870361328125e-02
9.706974029541015625e-03,-4.675772786140441895e-02,2.354884147644042969e-02
9.688854217529296875e-03,-4.690182209014892578e-02,2.329903841018676758e-02
9.684562683105468750e-03,-4.705390334129333496e-02,2.300965785980224609e-02
9.582996368408203125e-03,-4.719156026840209961e-02,2.263194322586059570e-02
9.572982788085937500e-03,-4.730319976806640625e-02,2.216726541519165039e-02
9.534835815429687500e-03,-4.737091064453125000e-02,2.170348167419433594e-02
9.447097778320312500e-03,-4.737901687622070312e-02,2.122366428375244141e-02
9.428501129150390625e-03,-4.736933112144470215e-02,2.080833911895751953e-02
9.344577789306640625e-03,-4.734551906585693359e-02,2.038145065307617188e-02
9.207725524902343750e-03,-4.735681414604187012e-02,2.002435922622680664e-02
9.127140045166015625e-03,-4.737877845764160156e-02,1.982718706130981445e-02
9.066581726074218750e-03,-4.737812280654907227e-02,1.966667175292968750e-02
8.980751037597656250e-03,-4.744693636894226074e-02,1.955282688140869141e-02
8.974552154541015625e-03,-4.751226305961608887e-02,1.958608627319335938e-02
8.997917175292968750e-03,-4.756745696067810059e-02,1.966190338134765625e-02
9.067058563232421875e-03,-4.764139652252197266e-02,1.989477872848510742e-02
9.140968322753906250e-03,-4.767915606498718262e-02,2.017176151275634766e-02
9.149074554443359375e-03,-4.771700501441955566e-02,2.048528194427490234e-02
9.061336517333984375e-03,-4.765027761459350586e-02,2.086704969406127930e-02
9.075641632080078125e-03,-4.758223891258239746e-02,2.124500274658203125e-02
9.017944335937500000e-03,-4.753121733665466309e-02,2.166450023651123047e-02
8.992671966552734375e-03,-4.754132032394409180e-02,2.203345298767089844e-02
8.962631225585937500e-03,-4.752752184867858887e-02,2.238523960113525391e-02
8.858680725097656250e-03,-4.747450351715087891e-02,2.255642414093017578e-02
8.837699890136718750e-03,-4.736548662185668945e-02,2.263772487640380859e-02
8.819580078125000000e-03,-4.724636673927307129e-02,2.270245552062988281e-02
8.735179901123046875e-03,-4.714402556419372559e-02,2.260220050811767578e-02
8.421897888183593750e-03,-4.698613286018371582e-02,2.223849296569824219e-02
8.023738861083984375e-03,-4.679948091506958008e-02,2.182459831237792969e-02
7.593631744384765625e-03,-4.665228724479675293e-02,2.140861749649047852e-02
7.192611694335937500e-03,-4.652401804924011230e-02,2.112960815429687500e-02
6.895542144775390625e-03,-4.643347859382629395e-02,2.100223302841186523e-02
6.663322448730468750e-03,-4.637697339057922363e-02,2.087229490280151367e-02
6.441116333007812500e-03,-4.634109139442443848e-02,2.081197500228881836e-02
6.141662597656250000e-03,-4.624414443969726562e-02,2.096140384674072266e-02
5.929946899414062500e-03,-4.615285992622375488e-02,2.121537923812866211e-02
5.839347839355468750e-03,-4.613265395164489746e-02,2.147138118743896484e-02
5.808353424072265625e-03,-4.609438776969909668e-02,2.173554897308349609e-02
5.764961242675781250e-03,-4.605180025100708008e-02,2.184748649597167969e-02
5.676746368408203125e-03,-4.596537351608276367e-02,2.186256647109985352e-02
5.545616149902343750e-03,-4.590430855751037598e-02,2.170675992965698242e-02
5.381584167480468750e-03,-4.574245214462280273e-02,2.154475450515747070e-02
5.093097686767578125e-03,-4.555019736289978027e-02,2.135330438613891602e-02
4.852294921875000000e-03,-4.532662034034729004e-02,2.115368843078613281e-02
4.571437835693359375e-03,-4.513922333717346191e-02,2.073323726654052734e-02
4.358768463134765625e-03,-4.490643739700317383e-02,2.023363113403320312e-02
4.169940948486328125e-03,-4.457896947860717773e-02,1.969385147094726562e-02
4.065990447998046875e-03,-4.434391856193542480e-02,1.919698715209960938e-02
4.053592681884765625e-03,-4.415497183799743652e-02,1.877057552337646484e-02
4.081249237060546875e-03,-4.400330781936645508e-02,1.843833923339843750e-02
3.969192504882812500e-03,-4.387268424034118652e-02,1.819169521331787109e-02
3.771305084228515625e-03,-4.376596212387084961e-02,1.802647113800048828e-02
3.626346588134765625e-03,-4.368638992309570312e-02,1.796430349349975586e-02
3.635406494140625000e-03,-4.355689883232116699e-02,1.810073852539062500e-02
3.689765930175781250e-03,-4.346829652786254883e-02,1.828473806381225586e-02
3.723621368408203125e-03,-4.338040947914123535e-02,1.841413974761962891e-02
3.617286682128906250e-03,-4.330915212631225586e-02,1.859569549560546875e-02
3.561496734619140625e-03,-4.329094290733337402e-02,1.881527900695800781e-02
3.521919250488281250e-03,-4.335650801658630371e-02,1.902157068252563477e-02
3.327369689941406250e-03,-4.340738058090209961e-02,1.910346746444702148e-02
3.075599670410156250e-03,-4.343274235725402832e-02,1.918321847915649414e-02
2.966403961181640625e-03,-4.347559809684753418e-02,1.916646957397460938e-02
2.814292907714843750e-03,-4.349908232688903809e-02,1.905596256256103516e-02
2.689838409423828125e-03,-4.352927207946777344e-02,1.896178722381591797e-02
2.571582794189453125e-03,-4.360404610633850098e-02,1.889288425445556641e-02
2.474308013916015625e-03,-4.368132352828979492e-02,1.875710487365722656e-02
2.357006072998046875e-03,-4.382133483886718750e-02,1.857984066009521484e-02
2.233505249023437500e-03,-4.392582178115844727e-02,1.843929290771484375e-02
2.123355865478515625e-03,-4.405617713928222656e-02,1.834481954574584961e-02
2.083778381347656250e-03,-4.413235187530517578e-02,1.843822002410888672e-02
2.020835876464843750e-03,-4.424992203712463379e-02,1.854360103607177734e-02
1.924514770507812500e-03,-4.433381557464599609e-02,1.867103576660156250e-02
1.818180084228515625e-03,-4.441595077514648438e-02,1.877307891845703125e-02
1.689910888671875000e-03,-4.441025853157043457e-02,1.881927251815795898e-02
1.495838165283203125e-03,-4.437017440795898438e-02,1.885503530502319336e-02
1.352310180664062500e-03,-4.429385066032409668e-02,1.888757944107055664e-02
1.251220703125000000e-03,-4.424861073493957520e-02,1.890164613723754883e-02
1.227855682373046875e-03,-4.418355226516723633e-02,1.895713806152343750e-02
1.251220703125000000e-03,-4.415035247802734375e-02,1.896178722381591797e-02
1.354217529296875000e-03,-4.407063126564025879e-02,1.899337768554687500e-02
1.455783843994140625e-03,-4.396077990531921387e-02,1.912736892700195312e-02
1.649379730224609375e-03,-4.379180073738098145e-02,1.929301023483276367e-02
1.941680908203125000e-03,-4.359883069992065430e-02,1.931649446487426758e-02
2.302169799804687500e-03,-4.343861341476440430e-02,1.935738325119018555e-02
2.637863159179687500e-03,-4.331746697425842285e-02,1.933091878890991211e-02
3.005504608154296875e-03,-4.319110512733459473e-02,1.929849386215209961e-02
3.381729125976562500e-03,-4.305630922317504883e-02,1.916003227233886719e-02
3.691196441650390625e-03,-4.301708936691284180e-02,1.902186870574951172e-02
3.953933715820312500e-03,-4.292380809783935547e-02,1.884979009628295898e-02
4.099369049072265625e-03,-4.283756017684936523e-02,1.872909069061279297e-02
4.285812377929687500e-03,-4.277598857879638672e-02,1.864844560623168945e-02
4.441738128662109375e-03,-4.272267222404479980e-02,1.844483613967895508e-02
4.542350769042968750e-03,-4.262834787368774414e-02,1.828730106353759766e-02
4.658222198486328125e-03,-4.256081581115722656e-02,1.817834377288818359e-02
4.874706268310546875e-03,-4.246237874031066895e-02,1.812148094177246094e-02
5.130767822265625000e-03,-4.246899485588073730e-02,1.803910732269287109e-02
5.407333374023437500e-03,-4.247120022773742676e-02,1.796323060989379883e-02
5.676269531250000000e-03,-4.267889261245727539e-02,1.776343584060668945e-02
5.821704864501953125e-03,-4.292619228363037109e-02,1.752942800521850586e-02
5.872249603271484375e-03,-4.315683245658874512e-02,1.726675033569335938e-02
5.919456481933593750e-03,-4.342538118362426758e-02,1.697796583175659180e-02
5.966663360595703125e-03,-4.371622204780578613e-02,1.663291454315185547e-02
6.019115447998046875e-03,-4.403343796730041504e-02,1.636737585067749023e-02
5.959033966064453125e-03,-4.422160983085632324e-02,1.605820655822753906e-02
5.908489227294921875e-03,-4.437205195426940918e-02,1.588159799575805664e-02
5.755424499511718750e-03,-4.444751143455505371e-02,1.571923494338989258e-02
5.657196044921875000e-03,-4.455670714378356934e-02,1.568013429641723633e-02
5.524635314941406250e-03,-4.469451308250427246e-02,1.571649312973022461e-02
5.456447601318359375e-03,-4.485246539115905762e-02,1.577305793762207031e-02
5.417823791503906250e-03,-4.508808255195617676e-02,1.597088575363159180e-02
5.434513092041015625e-03,-4.529461264610290527e-02,1.615244150161743164e-02
5.369186401367187500e-03,-4.555422067642211914e-02,1.634454727172851562e-02
5.276679992675781250e-03,-4.570403695106506348e-02,1.655149459838867188e-02
5.086421966552734375e-03,-4.583442211151123047e-02,1.664435863494873047e-02
4.924297332763671875e-03,-4.600316286087036133e-02,1.673054695129394531e-02
4.713535308837890625e-03,-4.613831639289855957e-02,1.668637990951538086e-02
4.460334777832031250e-03,-4.622912406921386719e-02,1.657915115356445312e-02
4.164218902587890625e-03,-4.626473784446716309e-02,1.638102531433105469e-02
3.947257995605468750e-03,-4.627004265785217285e-02,1.614487171173095703e-02
3.781795501708984375e-03,-4.633417725563049316e-02,1.589030027389526367e-02
3.651618957519531250e-03,-4.628416895866394043e-02,1.554441452026367188e-02
3.480434417724609375e-03,-4.619848728179931641e-02,1.520669460296630859e-02
3.361701965332031250e-03,-4.607534408569335938e-02,1.493400335311889648e-02
3.268718719482421875e-03,-4.593968391418457031e-02,1.475948095321655273e-02
3.091812133789062500e-03,-4.578173160552978516e-02,1.460337638854980469e-02
2.918720245361328125e-03,-4.566404223442077637e-02,1.457917690277099609e-02
2.719402313232421875e-03,-4.550051689147949219e-02,1.480430364608764648e-02
2.503871917724609375e-03,-4.542896151542663574e-02,1.501864194869995117e-02
2.217769622802734375e-03,-4.538723826408386230e-02,1.519286632537841797e-02
1.955509185791015625e-03,-4.536211490631103516e-02,1.532417535781860352e-02
1.743793487548828125e-03,-4.533305764198303223e-02,1.541703939437866211e-02
1.527309417724609375e-03,-4.534906148910522461e-02,1.539158821105957031e-02
1.341819763183593750e-03,-4.541659355163574219e-02,1.526349782943725586e-02
1.075744628906250000e-03,-4.589882493019104004e-02,1.489281654357910156e-02
8.311271667480468750e-04,-4.637965559959411621e-02,1.445305347442626953e-02
-1.716613769531250000e-05,-4.646894335746765137e-02,1.403033733367919922e-02
-8.115768432617187500e-04,-4.649806022644042969e-02,1.355171203613281250e-02
-1.584529876708984375e-03,-4.649040102958679199e-02,1.298886537551879883e-02
-2.348423004150390625e-03,-4.647162556648254395e-02,1.245224475860595703e-02
-3.019332885742187500e-03,-4.638171195983886719e-02,1.196235418319702148e-02
-3.586769104003906250e-03,-4.631355404853820801e-02,1.147222518920898438e-02
-4.109859466552734375e-03,-4.622092843055725098e-02,1.103532314300537109e-02
-4.655838012695312500e-03,-4.609408974647521973e-02,1.059812307357788086e-02
-5.332946777343750000e-03,-4.603293538093566895e-02,1.021146774291992188e-02
-5.832195281982421875e-03,-4.611364006996154785e-02,9.769618511199951172e-03
-6.242752075195312500e-03,-4.619932174682617188e-02,9.368300437927246094e-03
-6.454944610595703125e-03,-4.620325565338134766e-02,9.003877639770507812e-03
-6.722927093505859375e-03,-4.618382453918457031e-02,8.649706840515136719e-03
-7.049083709716796875e-03,-4.617407917976379395e-02,8.349180221557617188e-03
-7.369518280029296875e-03,-4.610931873321533203e-02,8.002400398254394531e-03
-7.700920104980468750e-03,-4.602864384651184082e-02,7.762253284454345703e-03
-7.948398590087890625e-03,-4.600232839584350586e-02,7.538557052612304688e-03
-8.181095123291015625e-03,-4.598122835159301758e-02,7.307469844818115234e-03
-8.409976959228515625e-03,-4.600816965103149414e-02,7.008135318756103516e-03
-8.504390716552734375e-03,-4.607525467872619629e-02,6.690680980682373047e-03
-8.510589599609375000e-03,-4.623192548751831055e-02,6.445944309234619141e-03
-8.470058441162109375e-03,-4.633530974388122559e-02,6.413996219635009766e-03
-8.363246917724609375e-03,-4.641738533973693848e-02,6.415545940399169922e-03
-8.240699768066406250e-03,-4.656809568405151367e-02,6.388068199157714844e-03
-8.233547210693359375e-03,-4.674404859542846680e-02,6.403982639312744141e-03
-8.291244506835937500e-03,-4.699367284774780273e-02,6.379246711730957031e-03
-8.363723754882812500e-03,-4.722350835800170898e-02,6.386518478393554688e-03
-8.407592773437500000e-03,-4.744932055473327637e-02,6.447792053222656250e-03
-8.545875549316406250e-03,-4.760870337486267090e-02,6.520748138427734375e-03
-8.682727813720703125e-03,-4.770845174789428711e-02,6.477534770965576172e-03
-8.803844451904296875e-03,-4.779091477394104004e-02,6.386339664459228516e-03
-8.924961090087890625e-03,-4.776212573051452637e-02,6.296575069427490234e-03
-9.008407592773437500e-03,-4.778373241424560547e-02,6.162643432617187500e-03
-9.054660797119140625e-03,-4.775103926658630371e-02,6.078422069549560547e-03
-9.168624877929687500e-03,-4.778340458869934082e-02,5.901515483856201172e-03
-9.247779846191406250e-03,-4.781851172447204590e-02,5.726873874664306641e-03
-9.251594543457031250e-03,-4.783686995506286621e-02,5.619525909423828125e-03
-9.076118469238281250e-03,-4.784247279167175293e-02,5.433320999145507812e-03
-9.029388427734375000e-03,-4.777529835700988770e-02,5.210936069488525391e-03
-8.986949920654296875e-03,-4.766935110092163086e-02,4.946172237396240234e-03
-8.852958679199218750e-03,-4.761901497840881348e-02,4.693508148193359375e-03
-8.736133575439453125e-03,-4.764795303344726562e-02,4.603862762451171875e-03
-8.624553680419921875e-03,-4.772195219993591309e-02,4.478514194488525391e-03
-8.590221405029296875e-03,-4.774188995361328125e-02,4.467964172363281250e-03
-8.503913879394531250e-03,-4.776176810264587402e-02,4.496514797210693359e-03
-8.495807647705078125e-03,-4.776015877723693848e-02,4.592776298522949219e-03
-8.442878723144531250e-03,-4.778116941452026367e-02,4.676818847656250000e-03
-8.292198181152343750e-03,-4.773893952369689941e-02,4.737615585327148438e-03
-8.118629455566406250e-03,-4.778310656547546387e-02,4.802227020263671875e-03
-8.101940155029296875e-03,-4.787683486938476562e-02,4.824876785278320312e-03
-8.156776428222656250e-03,-4.801282286643981934e-02,4.779338836669921875e-03
-8.179187774658203125e-03,-4.846554994583129883e-02,5.841553211212158203e-03
-8.236885070800781250e-03,-4.890781641006469727e-02,6.795763969421386719e-03
-8.203983306884765625e-03,-4.935353994369506836e-02,7.685184478759765625e-03
-8.190155029296875000e-03,-4.972651600837707520e-02,8.484721183776855469e-03
-8.215427398681640625e-03,-5.009770393371582031e-02,9.173393249511718750e-03
-8.148193359375000000e-03,-5.054673552513122559e-02,9.782314300537109375e-03
-8.121013641357421875e-03,-5.104550719261169434e-02,1.034122705459594727e-02
-8.003234863281250000e-03,-5.140480399131774902e-02,1.083433628082275391e-02
-7.878303527832031250e-03,-5.179241299629211426e-02,1.124608516693115234e-02
-7.715225219726562500e-03,-5.221742391586303711e-02,1.166826486587524414e-02
-7.434368133544921875e-03,-5.268582701683044434e-02,1.207929849624633789e-02
-7.188796997070312500e-03,-5.318698287010192871e-02,1.245099306106567383e-02
-6.984710693359375000e-03,-5.368497967720031738e-02,1.280701160430908203e-02
-6.804466247558593750e-03,-5.417206883430480957e-02,1.315337419509887695e-02
-6.692886352539062500e-03,-5.457893013954162598e-02,1.348394155502319336e-02
-6.514072418212890625e-03,-5.491650104522705078e-02,1.382339000701904297e-02
-6.532192230224609375e-03,-5.524277687072753906e-02,1.410019397735595703e-02
-6.532669067382812500e-03,-5.554130673408508301e-02,1.433354616165161133e-02
-6.569385528564453125e-03,-5.594861507415771484e-02,1.452994346618652344e-02
-6.630897521972656250e-03,-5.626535415649414062e-02,1.468098163604736328e-02
-6.771564483642578125e-03,-5.651953816413879395e-02,1.483547687530517578e-02
-6.940841674804687500e-03,-5.670532584190368652e-02,1.495701074600219727e-02
-7.081031799316406250e-03,-5.682301521301269531e-02,1.505303382873535156e-02
-7.243633270263671875e-03,-5.696299672126770020e-02,1.509898900985717773e-02
-7.454872131347656250e-03,-5.708727240562438965e-02,1.515299081802368164e-02
-7.618427276611328125e-03,-5.720824003219604492e-02,1.520305871963500977e-02
-7.773399353027343750e-03,-5.728670954704284668e-02,1.523572206497192383e-02
-7.898807525634765625e-03,-5.733874440193176270e-02,1.525443792343139648e-02
-8.066177368164062500e-03,-5.730459094047546387e-02,1.525068283081054688e-02
-8.391380310058593750e-03,-5.727735161781311035e-02,1.513147354125976562e-02
-8.774280548095703125e-03,-5.719903111457824707e-02,1.501697301864624023e-02
-9.136676788330078125e-03,-5.704486370086669922e-02,1.493126153945922852e-02
-9.468555450439453125e-03,-5.684885382652282715e-02,1.486796140670776367e-02
-9.959220886230468750e-03,-5.674058198928833008e-02,1.477187871932983398e-02
-1.028776168823242188e-02,-5.661624670028686523e-02,1.473718881607055664e-02
-1.047277450561523438e-02,-5.653822422027587891e-02,1.470011472702026367e-02
-1.062822341918945312e-02,-5.645686388015747070e-02,1.466780900955200195e-02
-1.070833206176757812e-02,-5.636048316955566406e-02,1.463401317596435547e-02
-1.082754135131835938e-02,-5.640017986297607422e-02,1.458787918090820312e-02
-1.092147827148437500e-02,-5.641946196556091309e-02,1.457071304321289062e-02
-1.090288162231445312e-02,-5.653843283653259277e-02,1.455318927764892578e-02
-1.091670989990234375e-02,-5.661049485206604004e-02,1.452904939651489258e-02
-1.093530654907226562e-02,-5.670109391212463379e-02,1.451963186264038086e-02
-1.091003417968750000e-02,-5.681231617927551270e-02,1.452028751373291016e-02
-1.089048385620117188e-02,-5.694535374641418457e-02,1.454240083694458008e-02
-1.085090637207031250e-02,-5.707526206970214844e-02,1.457619667053222656e-02
-1.082324981689453125e-02,-5.727609992027282715e-02,1.458781957626342773e-02
-1.080942153930664062e-02,-5.742093920707702637e-02,1.461374759674072266e-02
-1.087617874145507812e-02,-5.762514472007751465e-02,1.461738348007202148e-02
-1.087188720703125000e-02,-5.786848068237304688e-02,1.462382078170776367e-02
-1.082754135131835938e-02,-5.805715918540954590e-02,1.462036371231079102e-02
-1.085996627807617188e-02,-5.824723839759826660e-02,1.460826396942138672e-02
-1.094961166381835938e-02,-5.843695998191833496e-02,1.459896564483642578e-02
-1.100444793701171875e-02,-5.865347385406494141e-02,1.459354162216186523e-02
-1.113128662109375000e-02,-5.885267257690429688e-02,1.457417011260986328e-02
-1.128864288330078125e-02,-5.901089310646057129e-02,1.450443267822265625e-02
-1.140356063842773438e-02,-5.917006731033325195e-02,1.443129777908325195e-02
-1.160478591918945312e-02,-5.932354927062988281e-02,1.433694362640380859e-02
-1.170063018798828125e-02,-5.953526496887207031e-02,1.426863670349121094e-02
-1.175785064697265625e-02,-5.969899892807006836e-02,1.422172784805297852e-02
-1.182460784912109375e-02,-5.987527966499328613e-02,1.418060064315795898e-02
-1.193952560424804688e-02,-6.009072065353393555e-02,1.416164636611938477e-02
-1.208209991455078125e-02,-6.022369861602783203e-02,1.416856050491333008e-02
-1.224136352539062500e-02,-6.035074591636657715e-02,1.418381929397583008e-02
-1.240015029907226562e-02,-6.045892834663391113e-02,1.415032148361206055e-02
-1.261520385742187500e-02,-6.051823496818542480e-02,1.409667730331420898e-02
-1.260423660278320312e-02,-6.053909659385681152e-02,1.405459642410278320e-02
-1.262378692626953125e-02,-6.052026152610778809e-02,1.400065422058105469e-02
-1.261854171752929688e-02,-6.044280529022216797e-02,1.394212245941162109e-02
-1.257371902465820312e-02,-6.033042073249816895e-02,1.387172937393188477e-02
-1.250886917114257812e-02,-6.020122766494750977e-02,1.379245519638061523e-02
-1.249170303344726562e-02,-6.004342436790466309e-02,1.373410224914550781e-02
-1.244401931762695312e-02,-5.993014574050903320e-02,1.370084285736083984e-02
-1.244211196899414062e-02,-5.979925394058227539e-02,1.365607976913452148e-02
-1.234340667724609375e-02,-5.969548225402832031e-02,1.364499330520629883e-02
-1.227235794067382812e-02,-5.958041548728942871e-02,1.363909244537353516e-02
-1.215887069702148438e-02,-5.942380428314208984e-02,1.363062858581542969e-02
-1.209688186645507812e-02,-5.942359566688537598e-02,1.361948251724243164e-02
-1.199054718017578125e-02,-5.932855606079101562e-02,1.360237598419189453e-02
-1.177120208740234375e-02,-5.931687355041503906e-02,1.357001066207885742e-02
-1.151466369628906250e-02,-5.933663249015808105e-02,1.353567838668823242e-02
-1.114797592163085938e-02,-5.936160683631896973e-02,1.349663734436035156e-02
-1.068878173828125000e-02,-5.937221646308898926e-02,1.346457004547119141e-02
-1.022291183471679688e-02,-5.941596627235412598e-02,1.343995332717895508e-02
-1.000118255615234375e-02,-5.946385860443115234e-02,1.341634988784790039e-02
-9.790897369384765625e-03,-5.944654345512390137e-02,1.339960098266601562e-02
-9.625911712646484375e-03,-5.939105153083801270e-02,1.337498426437377930e-02
-9.441375732421875000e-03,-5.933213233947753906e-02,1.336586475372314453e-02
-9.302139282226562500e-03,-5.931937694549560547e-02,1.336091756820678711e-02
-9.214401245117187500e-03,-5.930864810943603516e-02,1.333904266357421875e-02
-9.161949157714843750e-03,-5.923056602478027344e-02,1.329368352890014648e-02
-9.118556976318359375e-03,-5.918717384338378906e-02,1.323467493057250977e-02
-9.070396423339843750e-03,-5.909237265586853027e-02,1.317924261093139648e-02
-9.016990661621093750e-03,-5.895674228668212891e-02,1.311439275741577148e-02
-8.979320526123046875e-03,-5.889821052551269531e-02,1.305896043777465820e-02
-8.965015411376953125e-03,-5.880126357078552246e-02,1.301348209381103516e-02
-8.928298950195312500e-03,-5.871760845184326172e-02,1.296478509902954102e-02
-8.865833282470703125e-03,-5.865889787673950195e-02,1.295334100723266602e-02
-8.826255798339843750e-03,-5.856519937515258789e-02,1.295387744903564453e-02
-8.741855621337890625e-03,-5.847376585006713867e-02,1.296257972717285156e-02
-8.673667907714843750e-03,-5.834203958511352539e-02,1.297914981842041016e-02
-8.640289306640625000e-03,-5.817562341690063477e-02,1.301205158233642578e-02
-8.753299713134765625e-03,-5.803048610687255859e-02,1.306229829788208008e-02
-8.878231048583984375e-03,-5.794802308082580566e-02,1.308047771453857422e-02
-9.076595306396484375e-03,-5.778270959854125977e-02,1.306688785552978516e-02
-9.229660034179687500e-03,-5.770263075828552246e-02,1.304835081100463867e-02
-9.391307830810546875e-03,-5.762714147567749023e-02,1.305824518203735352e-02
-9.572505950927734375e-03,-5.761805176734924316e-02,1.305687427520751953e-02
-9.737491607666015625e-03,-5.765816569328308105e-02,1.302319765090942383e-02
-9.965896606445312500e-03,-5.767148733139038086e-02,1.296108961105346680e-02
-1.019716262817382812e-02,-5.766788125038146973e-02,1.290607452392578125e-02
-1.038455963134765625e-02,-5.763292312622070312e-02,1.283711194992065430e-02
-1.056337356567382812e-02,-5.753478407859802246e-02,1.278102397918701172e-02
-1.068258285522460938e-02,-5.743625760078430176e-02,1.271569728851318359e-02
-1.075935363769531250e-02,-5.729481577873229980e-02,1.265746355056762695e-02
-1.085042953491210938e-02,-5.709829926490783691e-02,1.259440183639526367e-02
-1.091766357421875000e-02,-5.687105655670166016e-02,1.253139972686767578e-02
-1.098299026489257812e-02,-5.665233731269836426e-02,1.249921321868896484e-02
-1.107358932495117188e-02,-5.635285377502441406e-02,1.247161626815795898e-02
-1.112604141235351562e-02,-5.607905983924865723e-02,1.245433092117309570e-02
-1.116466522216796875e-02,-5.582514405250549316e-02,1.242661476135253906e-02
-1.121425628662109375e-02,-5.559340119361877441e-02,1.240223646163940430e-02
-1.122045516967773438e-02,-5.542561411857604980e-02,1.235765218734741211e-02
-1.126050949096679688e-02,-5.530825257301330566e-02,1.230132579803466797e-02
-1.131343841552734375e-02,-5.519872903823852539e-02,1.227128505706787109e-02
-1.140594482421875000e-02,-5.509677529335021973e-02,1.226359605789184570e-02
-1.155614852905273438e-02,-5.500155687332153320e-02,1.229816675186157227e-02
-1.166534423828125000e-02,-5.490350723266601562e-02,1.233536005020141602e-02
-1.162147521972656250e-02,-5.475792288780212402e-02,1.238870620727539062e-02
-1.155090332031250000e-02,-5.464249849319458008e-02,1.243615150451660156e-02
-1.143932342529296875e-02,-5.450403690338134766e-02,1.246297359466552734e-02
-1.128005981445312500e-02,-5.444300174713134766e-02,1.245689392089843750e-02
-1.115036010742187500e-02,-5.441942811012268066e-02,1.242089271545410156e-02
-1.102399826049804688e-02,-5.442082881927490234e-02,1.239359378814697266e-02
-1.091575622558593750e-02,-5.443999171257019043e-02,1.239848136901855469e-02
-1.080751419067382812e-02,-5.450874567031860352e-02,1.239854097366333008e-02
-1.084470748901367188e-02,-5.449894070625305176e-02,1.238697767257690430e-02
-1.079368591308593750e-02,-5.449011921882629395e-02,1.237851381301879883e-02
-1.086854934692382812e-02,-5.454143881797790527e-02,1.234352588653564453e-02
-1.098060607910156250e-02,-5.463662743568420410e-02,1.229858398437500000e-02
-1.102733612060546875e-02,-5.462238192558288574e-02,1.227730512619018555e-02
-1.112604141235351562e-02,-5.461937189102172852e-02,1.226389408111572266e-02
-1.131772994995117188e-02,-5.464002490043640137e-02,1.223838329315185547e-02
-1.149797439575195312e-02,-5.467939376831054688e-02,1.222610473632812500e-02
-1.154375076293945312e-02,-5.448576807975769043e-02,1.227664947509765625e-02
-1.161289215087890625e-02,-5.433934926986694336e-02,1.233029365539550781e-02
-1.162910461425781250e-02,-5.415251851081848145e-02,1.235044002532958984e-02
-1.162910461425781250e-02,-5.396920442581176758e-02,1.237118244171142578e-02
-1.161146163940429688e-02,-5.372735857963562012e-02,1.241523027420043945e-02
-1.155996322631835938e-02,-5.354091525077819824e-02,1.244074106216430664e-02
-1.151418685913085938e-02,-5.339634418487548828e-02,1.245671510696411133e-02
-1.140022277832031250e-02,-5.329212546348571777e-02,1.246267557144165039e-02
-1.130151748657226562e-02,-5.314317345619201660e-02,1.248985528945922852e-02
-1.122951507568359375e-02,-5.304938554763793945e-02,1.251477003097534180e-02
-1.116132736206054688e-02,-5.292657017707824707e-02,1.253068447113037109e-02
-1.113128662109375000e-02,-5.279034376144409180e-02,1.253283023834228516e-02
-1.114892959594726562e-02,-5.268436670303344727e-02,1.252394914627075195e-02
-1.115131378173828125e-02,-5.260986089706420898e-02,1.251482963562011719e-02
-1.112794876098632812e-02,-5.255183577537536621e-02,1.252418756484985352e-02
-1.108980178833007812e-02,-5.243828892707824707e-02,1.254218816757202148e-02
-1.111698150634765625e-02,-5.228617787361145020e-02,1.253944635391235352e-02
-1.116132736206054688e-02,-5.213928222656250000e-02,1.250374317169189453e-02
-1.124477386474609375e-02,-5.207365751266479492e-02,1.245808601379394531e-02
-1.130294799804687500e-02,-5.203688144683837891e-02,1.242321729660034180e-02
-1.145935058593750000e-02,-5.202180147171020508e-02,1.240366697311401367e-02
-1.155424118041992188e-02,-5.204752087593078613e-02,1.238960027694702148e-02
-1.160240173339843750e-02,-5.207026004791259766e-02,1.236939430236816406e-02
-1.169633865356445312e-02,-5.206426978111267090e-02,1.237314939498901367e-02
-1.179265975952148438e-02,-5.205127596855163574e-02,1.237165927886962891e-02
-1.186943054199218750e-02,-5.223610997200012207e-02,1.234722137451171875e-02
-1.183938980102539062e-02,-5.246362090110778809e-02,1.235735416412353516e-02
-1.180696487426757812e-02,-5.261373519897460938e-02,1.235514879226684570e-02
-1.170825958251953125e-02,-5.282145738601684570e-02,1.234906911849975586e-02
-1.161527633666992188e-02,-5.303493142127990723e-02,1.234167814254760742e-02
-1.146221160888671875e-02,-5.331048369407653809e-02,1.233202219009399414e-02
-1.138019561767578125e-02,-5.359959602355957031e-02,1.228159666061401367e-02
-1.133918762207031250e-02,-5.388367176055908203e-02,1.224625110626220703e-02
-1.128959655761718750e-02,-5.412060022354125977e-02,1.222169399261474609e-02
-1.120567321777343750e-02,-5.432465672492980957e-02,1.220768690109252930e-02
-1.103830337524414062e-02,-5.451717972755432129e-02,1.218438148498535156e-02
-1.077604293823242188e-02,-5.474629998207092285e-02,1.214689016342163086e-02
-1.058006286621093750e-02,-5.495107173919677734e-02,1.211553812026977539e-02
-1.053190231323242188e-02,-5.509182810783386230e-02,1.207453012466430664e-02
-1.047229766845703125e-02,-5.523779988288879395e-02,1.203244924545288086e-02
-1.036453247070312500e-02,-5.542632937431335449e-02,1.200163364410400391e-02
-1.021051406860351562e-02,-5.567193031311035156e-02,1.197254657745361328e-02
-1.008367538452148438e-02,-5.589458346366882324e-02,1.196533441543579102e-02
-9.920120239257812500e-03,-5.611160397529602051e-02,1.200813055038452148e-02
-9.705066680908203125e-03,-5.637654662132263184e-02,1.205223798751831055e-02
-9.399890899658203125e-03,-5.654501914978027344e-02,1.213467121124267578e-02
-9.089469909667968750e-03,-5.665311217308044434e-02,1.222395896911621094e-02
-8.832454681396484375e-03,-5.677729845046997070e-02,1.234358549118041992e-02
-8.596420288085937500e-03,-5.692189931869506836e-02,1.246196031570434570e-02
-8.411884307861328125e-03,-5.707827210426330566e-02,1.253998279571533203e-02
-8.131504058837890625e-03,-5.715632438659667969e-02,1.266437768936157227e-02
-7.845878601074218750e-03,-5.718460679054260254e-02,1.278382539749145508e-02
-7.678508758544921875e-03,-5.721247196197509766e-02,1.288443803787231445e-02
-7.532596588134765625e-03,-5.724376440048217773e-02,1.299643516540527344e-02
-7.469654083251953125e-03,-5.725914239883422852e-02,1.307898759841918945e-02
-7.381916046142578125e-03,-5.716264247894287109e-02,1.318109035491943359e-02
-7.379531860351562500e-03,-5.703890323638916016e-02,1.325935125350952148e-02
-7.339000701904296875e-03,-5.694642663002014160e-02,1.332801580429077148e-02
-7.280826568603515625e-03,-5.688673257827758789e-02,1.339370012283325195e-02
-7.285118103027343750e-03,-5.673637986183166504e-02,1.344251632690429688e-02
-7.218360900878906250e-03,-5.661031603813171387e-02,1.351535320281982422e-02
-7.164955139160156250e-03,-5.644163489341735840e-02,1.354843378067016602e-02
-7.099151611328125000e-03,-5.627390742301940918e-02,1.356840133666992188e-02
-7.047653198242187500e-03,-5.609536170959472656e-02,1.355785131454467773e-02
-7.011413574218750000e-03,-5.596920847892761230e-02,1.359331607818603516e-02
-7.013320922851562500e-03,-5.613180994987487793e-02,1.365125179290771484e-02
-6.974220275878906250e-03,-5.629611015319824219e-02,1.370686292648315430e-02
-6.870269775390625000e-03,-5.652502179145812988e-02,1.376056671142578125e-02
-6.737232208251953125e-03,-5.676555633544921875e-02,1.385760307312011719e-02
-7.038116455078125000e-03,-5.684906244277954102e-02,1.389437913894653320e-02
-7.271766662597656250e-03,-5.695959925651550293e-02,1.393675804138183594e-02
-7.460594177246093750e-03,-5.714386701583862305e-02,1.398110389709472656e-02
-7.628917694091796875e-03,-5.729326605796813965e-02,1.399791240692138672e-02
-7.704257965087890625e-03,-5.740040540695190430e-02,1.402902603149414062e-02
-7.727146148681640625e-03,-5.752402544021606445e-02,1.405161619186401367e-02
-7.794857025146484375e-03,-5.766266584396362305e-02,1.407593488693237305e-02
-7.886886596679687500e-03,-5.778634548187255859e-02,1.409429311752319336e-02
-7.995605468750000000e-03,-5.777990818023681641e-02,1.411789655685424805e-02
-7.984638214111328125e-03,-5.773931741714477539e-02,1.415324211120605469e-02
-7.975101470947265625e-03,-5.764979124069213867e-02,1.419150829315185547e-02
-7.880210876464843750e-03,-5.761995911598205566e-02,1.422291994094848633e-02
-7.802963256835937500e-03,-5.762779712677001953e-02,1.422870159149169922e-02
-7.822513580322265625e-03,-5.758556723594665527e-02,1.422476768493652344e-02
-7.870674133300781250e-03,-5.747118592262268066e-02,1.423460245132446289e-02
-7.981300354003906250e-03,-5.735641717910766602e-02,1.423031091690063477e-02
-8.018493652343750000e-03,-5.717647075653076172e-02,1.425266265869140625e-02
-8.065223693847656250e-03,-5.697423219680786133e-02,1.429164409637451172e-02
-8.093357086181640625e-03,-5.685123801231384277e-02,1.429539918899536133e-02
-8.126735687255859375e-03,-5.674117803573608398e-02,1.430863142013549805e-02
-8.142471313476562500e-03,-5.652382969856262207e-02,1.430052518844604492e-02
-8.089542388916015625e-03,-5.635076761245727539e-02,1.429957151412963867e-02
-8.032798767089843750e-03,-5.620449781417846680e-02,1.429635286331176758e-02
-7.987976074218750000e-03,-5.604323744773864746e-02,1.428163051605224609e-02
-7.946968078613281250e-03,-5.589070916175842285e-02,1.426863670349121094e-02
-7.930755615234375000e-03,-5.581921339035034180e-02,1.424318552017211914e-02
-7.853507995605468750e-03,-5.577051639556884766e-02,1.423633098602294922e-02
-7.799148559570312500e-03,-5.573293566703796387e-02,1.422667503356933594e-02
-7.806777954101562500e-03,-5.556747317314147949e-02,1.420867443084716797e-02
-7.875442504882812500e-03,-5.541950464248657227e-02,1.417052745819091797e-02
-7.935047149658203125e-03,-5.523782968521118164e-02,1.414442062377929688e-02
-7.964611053466796875e-03,-5.507296323776245117e-02,1.410645246505737305e-02
-7.956981658935546875e-03,-5.487293004989624023e-02,1.405876874923706055e-02
-7.903099060058593750e-03,-5.468511581420898438e-02,1.400858163833618164e-02
-7.851600646972656250e-03,-5.447658896446228027e-02,1.391631364822387695e-02
-7.784366607666015625e-03,-5.424156785011291504e-02,1.382750272750854492e-02
-7.745742797851562500e-03,-5.403664708137512207e-02,1.373529434204101562e-02
-7.688522338867187500e-03,-5.381780862808227539e-02,1.366645097732543945e-02
-7.683277130126953125e-03,-5.362021923065185547e-02,1.359748840332031250e-02
-7.702827453613281250e-03,-5.339688062667846680e-02,1.354271173477172852e-02
-7.738113403320312500e-03,-5.316564440727233887e-02,1.351523399353027344e-02
-7.756233215332031250e-03,-5.297234654426574707e-02,1.347553730010986328e-02
-7.776737213134765625e-03,-5.284184217453002930e-02,1.344919204711914062e-02
-7.823467254638671875e-03,-5.266717076301574707e-02,1.344782114028930664e-02
-7.937908172607421875e-03,-5.251976847648620605e-02,1.343470811843872070e-02
-8.107662200927734375e-03,-5.242729187011718750e-02,1.341760158538818359e-02
-8.190631866455078125e-03,-5.235940217971801758e-02,1.338821649551391602e-02
-8.288860321044921875e-03,-5.242422223091125488e-02,1.335167884826660156e-02
-8.383274078369140625e-03,-5.251476168632507324e-02,1.331543922424316406e-02
-8.418083190917968750e-03,-5.258738994598388672e-02,1.327896118164062500e-02
-8.424282073974609375e-03,-5.270081758499145508e-02,1.326084136962890625e-02
-8.509635925292968750e-03,-5.283215641975402832e-02,1.323693990707397461e-02
-8.505344390869140625e-03,-5.303385853767395020e-02,1.322138309478759766e-02
-8.470058441162109375e-03,-5.321082472801208496e-02,1.318550109863281250e-02
-8.423805236816406250e-03,-5.340775847434997559e-02,1.315736770629882812e-02
-8.423805236816406250e-03,-5.340775847434997559e-02,1.315736770629882812e-02
-8.353710174560546875e-03,-5.361184477806091309e-02,1.313620805740356445e-02
-8.249282836914062500e-03,-5.385571718215942383e-02,1.312547922134399414e-02
-8.109569549560546875e-03,-5.397969484329223633e-02,1.313304901123046875e-02
-7.950782775878906250e-03,-5.404102802276611328e-02,1.312422752380371094e-02
-7.807254791259765625e-03,-5.403444170951843262e-02,1.310783624649047852e-02
-7.636070251464843750e-03,-5.402174592018127441e-02,1.308244466781616211e-02
-7.467269897460937500e-03,-5.393058061599731445e-02,1.308643817901611328e-02
-7.232189178466796875e-03,-5.384755134582519531e-02,1.310956478118896484e-02
-7.059574127197265625e-03,-5.381664633750915527e-02,1.311290264129638672e-02
-7.025718688964843750e-03,-5.372184514999389648e-02,1.310968399047851562e-02
-6.990909576416015625e-03,-5.360877513885498047e-02,1.306802034378051758e-02
-6.998538970947265625e-03,-5.346721410751342773e-02,1.302683353424072266e-02
-7.050514221191406250e-03,-5.338308215141296387e-02,1.296573877334594727e-02
-7.103919982910156250e-03,-5.324938893318176270e-02,1.290833950042724609e-02
-7.122039794921875000e-03,-5.317336320877075195e-02,1.284277439117431641e-02
-7.062911987304687500e-03,-5.315363407135009766e-02,1.277160644531250000e-02
-7.026195526123046875e-03,-5.309283733367919922e-02,1.269710063934326172e-02
-6.936550140380859375e-03,-5.294924974441528320e-02,1.260209083557128906e-02
-6.865978240966796875e-03,-5.282160639762878418e-02,1.251596212387084961e-02
-6.798744201660156250e-03,-5.273291468620300293e-02,1.244860887527465820e-02
-6.735801696777343750e-03,-5.268365144729614258e-02,1.239597797393798828e-02
-6.646633148193359375e-03,-5.259329080581665039e-02,1.236146688461303711e-02
-6.481647491455078125e-03,-5.254453420639038086e-02,1.232218742370605469e-02
-6.346702575683593750e-03,-5.249843001365661621e-02,1.229226589202880859e-02
-6.190299987792968750e-03,-5.242800712585449219e-02,1.227325201034545898e-02
-5.996704101562500000e-03,-5.233743786811828613e-02,1.224619150161743164e-02
-5.825042724609375000e-03,-5.222770571708679199e-02,1.220983266830444336e-02
-5.689144134521484375e-03,-5.224892497062683105e-02,1.218307018280029297e-02
-5.610942840576171875e-03,-5.222022533416748047e-02,1.216095685958862305e-02
-5.547046661376953125e-03,-5.218979716300964355e-02,1.210767030715942383e-02
-5.428791046142578125e-03,-5.214148759841918945e-02,1.207017898559570312e-02
-5.382061004638671875e-03,-5.208173394203186035e-02,1.201492547988891602e-02
-5.372524261474609375e-03,-5.195423960685729980e-02,1.195019483566284180e-02
-5.415916442871093750e-03,-5.187615752220153809e-02,1.187449693679809570e-02
-5.432605743408203125e-03,-5.176383256912231445e-02,1.179397106170654297e-02
-5.477428436279296875e-03,-5.169588327407836914e-02,1.172029972076416016e-02
-5.508899688720703125e-03,-5.154544115066528320e-02,1.163226366043090820e-02
-5.443096160888671875e-03,-5.135348439216613770e-02,1.155942678451538086e-02
-5.401134490966796875e-03,-5.111780762672424316e-02,1.148635149002075195e-02
-5.291461944580078125e-03,-5.086737871170043945e-02,1.143765449523925781e-02
-5.164146423339843750e-03,-5.067989230155944824e-02,1.137685775756835938e-02
-5.024909973144531250e-03,-5.051633715629577637e-02,1.133656501770019531e-02
-4.976749420166015625e-03,-5.042231082916259766e-02,1.129370927810668945e-02
-4.945278167724609375e-03,-5.044621229171752930e-02,1.122182607650756836e-02
-4.946708679199218750e-03,-5.042999982833862305e-02,1.114147901535034180e-02
-4.961490631103515625e-03,-5.033054947853088379e-02,1.108312606811523438e-02
-4.949569702148437500e-03,-5.019614100456237793e-02,1.104581356048583984e-02
-4.890441894531250000e-03,-5.004495382308959961e-02,1.098930835723876953e-02
-4.860401153564453125e-03,-4.990065097808837891e-02,1.094168424606323242e-02
-4.801273345947265625e-03,-4.983076453208923340e-02,1.088899374008178711e-02
-4.710197448730468750e-03,-4.975247383117675781e-02,1.083397865295410156e-02
-4.652500152587890625e-03,-4.971566796302795410e-02,1.081681251525878906e-02
-4.633426666259765625e-03,-4.968971014022827148e-02,1.080697774887084961e-02
-4.669189453125000000e-03,-4.978239536285400391e-02,1.075339317321777344e-02
-4.795551300048828125e-03,-4.979476332664489746e-02,1.069182157516479492e-02
-4.811763763427734375e-03,-4.986956715583801270e-02,1.063579320907592773e-02
-4.868507385253906250e-03,-4.989162087440490723e-02,1.060771942138671875e-02
-5.015850067138671875e-03,-4.981961846351623535e-02,1.057821512222290039e-02
-5.220413208007812500e-03,-4.975703358650207520e-02,1.055401563644409180e-02
-5.454063415527343750e-03,-4.967153072357177734e-02,1.054602861404418945e-02
-5.702972412109375000e-03,-4.966345429420471191e-02,1.052922010421752930e-02
-5.926609039306640625e-03,-4.964861273765563965e-02,1.051241159439086914e-02
-6.088733673095703125e-03,-4.962083697319030762e-02,1.049977540969848633e-02
-6.246566772460937500e-03,-4.958462715148925781e-02,1.052510738372802734e-02
-6.393909454345703125e-03,-4.949173331260681152e-02,1.059049367904663086e-02
-6.512641906738281250e-03,-4.938724637031555176e-02,1.063483953475952148e-02
-6.761550903320312500e-03,-4.927805066108703613e-02,1.073771715164184570e-02
-6.998538970947265625e-03,-4.912367463111877441e-02,1.083898544311523438e-02
-7.290363311767578125e-03,-4.887992143630981445e-02,1.093602180480957031e-02
-7.547855377197265625e-03,-4.863592982292175293e-02,1.104003190994262695e-02
-7.809638977050781250e-03,-4.842719435691833496e-02,1.107627153396606445e-02
-8.090496063232421875e-03,-4.820004105567932129e-02,1.110672950744628906e-02
-8.369922637939453125e-03,-4.800683259963989258e-02,1.110905408859252930e-02
-8.700847625732421875e-03,-4.774147272109985352e-02,1.108855009078979492e-02
-8.964061737060546875e-03,-4.745170474052429199e-02,1.107716560363769531e-02
-9.199619293212890625e-03,-4.717001318931579590e-02,1.107621192932128906e-02
-9.571075439453125000e-03,-4.680246114730834961e-02,1.100707054138183594e-02
-1.004171371459960938e-02,-4.640075564384460449e-02,1.089251041412353516e-02
-1.049137115478515625e-02,-4.605376720428466797e-02,1.078599691390991211e-02
-1.085186004638671875e-02,-4.574418067932128906e-02,1.063400506973266602e-02
-1.113891601562500000e-02,-4.537725448608398438e-02,1.050519943237304688e-02
-1.138353347778320312e-02,-4.507306218147277832e-02,1.040369272232055664e-02
-1.160097122192382812e-02,-4.472643136978149414e-02,1.026791334152221680e-02
-1.182937622070312500e-02,-4.442715644836425781e-02,1.013749837875366211e-02
-1.207780838012695312e-02,-4.411169886589050293e-02,1.000362634658813477e-02
-1.227283477783203125e-02,-4.383876919746398926e-02,9.877085685729980469e-03
-1.242589950561523438e-02,-4.357454180717468262e-02,9.773373603820800781e-03
-1.250934600830078125e-02,-4.332149028778076172e-02,9.693622589111328125e-03
-1.262044906616210938e-02,-4.313573241233825684e-02,9.617269039154052734e-03
-1.267623901367187500e-02,-4.297795891761779785e-02,9.585320949554443359e-03
-1.273965835571289062e-02,-4.283219575881958008e-02,9.556829929351806641e-03
-1.282644271850585938e-02,-4.271292686462402344e-02,9.518444538116455078e-03
-1.295709609985351562e-02,-4.260653257369995117e-02,9.474635124206542969e-03
-1.306104660034179688e-02,-4.259938001632690430e-02,9.421706199645996094e-03
-1.297903060913085938e-02,-4.259711503982543945e-02,9.374201297760009766e-03
-1.292562484741210938e-02,-4.261064529418945312e-02,9.338319301605224609e-03
-1.294279098510742188e-02,-4.271057248115539551e-02,9.309589862823486328e-03
-1.298379898071289062e-02,-4.277279973030090332e-02,9.264945983886718750e-03
-1.312780380249023438e-02,-4.290929436683654785e-02,9.189069271087646484e-03
-1.328611373901367188e-02,-4.309874773025512695e-02,9.134650230407714844e-03
-1.342248916625976562e-02,-4.328492283821105957e-02,9.098589420318603516e-03
-1.349735260009765625e-02,-4.344362020492553711e-02,9.057462215423583984e-03
-1.359176635742187500e-02,-4.354524612426757812e-02,8.995711803436279297e-03
-1.363706588745117188e-02,-4.359880089759826660e-02,8.919894695281982422e-03
-1.358175277709960938e-02,-4.368248581886291504e-02,8.870303630828857422e-03
-1.355791091918945312e-02,-4.369869828224182129e-02,8.779764175415039062e-03
-1.355981826782226562e-02,-4.372230172157287598e-02,8.680343627929687500e-03
-1.352500915527343750e-02,-4.372692108154296875e-02,8.578777313232421875e-03
-1.343679428100585938e-02,-4.380878806114196777e-02,8.478879928588867188e-03
-1.332616806030273438e-02,-4.388669133186340332e-02,8.375644683837890625e-03
-1.311969757080078125e-02,-4.395931959152221680e-02,8.277833461761474609e-03
-1.287317276000976562e-02,-4.398760199546813965e-02,8.179903030395507812e-03
-1.262331008911132812e-02,-4.403498768806457520e-02,8.082091808319091797e-03
-1.242589950561523438e-02,-4.407054185867309570e-02,7.992565631866455078e-03
-1.223993301391601562e-02,-4.409936070442199707e-02,7.904589176177978516e-03
-1.200056076049804688e-02,-4.418396949768066406e-02,7.814109325408935547e-03
-1.175594329833984375e-02,-4.422277212142944336e-02,7.733881473541259766e-03
-1.157474517822265625e-02,-4.425737261772155762e-02,7.670044898986816406e-03
-1.137018203735351562e-02,-4.431483149528503418e-02,7.634401321411132812e-03
-1.121664047241210938e-02,-4.430955648422241211e-02,7.586300373077392578e-03
-1.223659515380859375e-02,-4.334247112274169922e-02,7.541298866271972656e-03
-1.314115524291992188e-02,-4.247134923934936523e-02,7.512092590332031250e-03
-1.394605636596679688e-02,-4.172602295875549316e-02,7.487237453460693359e-03
-1.467800140380859375e-02,-4.110467433929443359e-02,7.488548755645751953e-03
-1.534557342529296875e-02,-4.057136178016662598e-02,7.524132728576660156e-03
-1.592636108398437500e-02,-4.012998938560485840e-02,7.534742355346679688e-03
-1.643753051757812500e-02,-3.973945975303649902e-02,7.562100887298583984e-03
-1.690101623535156250e-02,-3.944772481918334961e-02,7.584750652313232422e-03
-1.733350753784179688e-02,-3.920349478721618652e-02,7.597148418426513672e-03
-1.772975921630859375e-02,-3.898987174034118652e-02,7.581293582916259766e-03
-1.808214187622070312e-02,-3.882727026939392090e-02,7.569193840026855469e-03
-1.839208602905273438e-02,-3.871390223503112793e-02,7.541596889495849609e-03
-1.867198944091796875e-02,-3.863137960433959961e-02,7.528662681579589844e-03
-1.892232894897460938e-02,-3.857186436653137207e-02,7.521152496337890625e-03
-1.912498474121093750e-02,-3.856682777404785156e-02,7.517039775848388672e-03
-1.930093765258789062e-02,-3.859812021255493164e-02,7.516920566558837891e-03
-1.946449279785156250e-02,-3.865724802017211914e-02,7.496833801269531250e-03
-1.960039138793945312e-02,-3.871920704841613770e-02,7.465660572052001953e-03
-1.970911026000976562e-02,-3.876569867134094238e-02,7.410168647766113281e-03
-1.981115341186523438e-02,-3.881093859672546387e-02,7.327854633331298828e-03
-1.988887786865234375e-02,-3.890898823738098145e-02,7.267296314239501953e-03
-1.994800567626953125e-02,-3.900340199470520020e-02,7.181823253631591797e-03
-1.999521255493164062e-02,-3.912022709846496582e-02,7.122814655303955078e-03
-2.003669738769531250e-02,-3.922855854034423828e-02,7.050931453704833984e-03
-2.006721496582031250e-02,-3.933516144752502441e-02,6.961882114410400391e-03
-2.007961273193359375e-02,-3.948366641998291016e-02,6.866216659545898438e-03
-2.010059356689453125e-02,-3.962248563766479492e-02,6.808102130889892578e-03
-2.021026611328125000e-02,-3.960764408111572266e-02,6.703019142150878906e-03
-2.030563354492187500e-02,-3.962337970733642578e-02,6.591498851776123047e-03
-2.039432525634765625e-02,-3.965327143669128418e-02,6.449043750762939453e-03
-2.044153213500976562e-02,-3.968194127082824707e-02,6.321370601654052734e-03
-2.048826217651367188e-02,-3.972461819648742676e-02,6.208539009094238281e-03
-2.052116394042968750e-02,-3.977042436599731445e-02,6.138741970062255859e-03
-2.058887481689453125e-02,-3.980126976966857910e-02,6.058752536773681641e-03
-2.065229415893554688e-02,-3.989812731742858887e-02,6.011545658111572266e-03
-2.069997787475585938e-02,-4.002207517623901367e-02,5.995452404022216797e-03
-2.072429656982421875e-02,-4.011040925979614258e-02,5.986392498016357422e-03
-2.072191238403320312e-02,-4.023760557174682617e-02,6.034672260284423828e-03
-2.071332931518554688e-02,-4.034489393234252930e-02,6.117403507232666016e-03
-2.069759368896484375e-02,-4.046562314033508301e-02,6.223320960998535156e-03
-2.066469192504882812e-02,-4.058337211608886719e-02,6.311953067779541016e-03
-2.064990997314453125e-02,-4.070475697517395020e-02,6.357848644256591797e-03
-2.066564559936523438e-02,-4.086089134216308594e-02,6.363093852996826172e-03
-2.068233489990234375e-02,-4.101842641830444336e-02,6.326436996459960938e-03
-2.070331573486328125e-02,-4.115647077560424805e-02,6.298661231994628906e-03
-2.070522308349609375e-02,-4.130941629409790039e-02,6.277322769165039062e-03
-2.069330215454101562e-02,-4.146406054496765137e-02,6.232559680938720703e-03
-2.066946029663085938e-02,-4.161673784255981445e-02,6.193041801452636719e-03
-2.064037322998046875e-02,-4.176276922225952148e-02,6.155550479888916016e-03
-2.057695388793945312e-02,-4.189863801002502441e-02,6.127953529357910156e-03
-2.050399780273437500e-02,-4.201713204383850098e-02,6.080210208892822266e-03
-2.042865753173828125e-02,-4.211252927780151367e-02,6.055414676666259766e-03
-2.034902572631835938e-02,-4.219290614128112793e-02,6.018698215484619141e-03
-2.025747299194335938e-02,-4.222977161407470703e-02,6.023526191711425781e-03
-2.016258239746093750e-02,-4.225462675094604492e-02,6.023526191711425781e-03
-2.004289627075195312e-02,-4.226681590080261230e-02,6.019711494445800781e-03
-1.993370056152343750e-02,-4.230737686157226562e-02,6.022214889526367188e-03
-1.982307434082031250e-02,-4.236271977424621582e-02,6.054937839508056641e-03
-1.972198486328125000e-02,-4.241654276847839355e-02,6.076097488403320312e-03
-1.960849761962890625e-02,-4.242131114006042480e-02,6.072640419006347656e-03
-1.950454711914062500e-02,-4.244431853294372559e-02,6.063044071197509766e-03
-1.941108703613281250e-02,-4.245293140411376953e-02,6.036818027496337891e-03
-1.933288574218750000e-02,-4.250019788742065430e-02,5.992949008941650391e-03
-1.924896240234375000e-02,-4.252788424491882324e-02,5.979895591735839844e-03
-1.916646957397460938e-02,-4.258176684379577637e-02,5.939722061157226562e-03
-1.907014846801757812e-02,-4.265290498733520508e-02,5.932152271270751953e-03
-1.898050308227539062e-02,-4.265561699867248535e-02,5.884170532226562500e-03
-1.889991760253906250e-02,-4.266098141670227051e-02,5.798518657684326172e-03
-1.879405975341796875e-02,-4.271948337554931641e-02,5.690693855285644531e-03
-1.869440078735351562e-02,-4.278856515884399414e-02,5.600631237030029297e-03
-1.859903335571289062e-02,-4.285639524459838867e-02,5.502045154571533203e-03
-1.848268508911132812e-02,-4.290914535522460938e-02,5.455732345581054688e-03
-1.838016510009765625e-02,-4.293450713157653809e-02,5.410194396972656250e-03
-1.829195022583007812e-02,-4.297906160354614258e-02,5.362033843994140625e-03
-1.820468902587890625e-02,-4.304501414299011230e-02,5.342543125152587891e-03
-1.809787750244140625e-02,-4.307064414024353027e-02,5.346775054931640625e-03
-1.799058914184570312e-02,-4.308956861495971680e-02,5.333900451660156250e-03
-1.789808273315429688e-02,-4.314255714416503906e-02,5.332469940185546875e-03
-1.782226562500000000e-02,-4.317057132720947266e-02,5.342662334442138672e-03
-1.774740219116210938e-02,-4.318118095397949219e-02,5.385935306549072266e-03
-1.768255233764648438e-02,-4.321214556694030762e-02,5.372226238250732422e-03
-1.763677597045898438e-02,-4.326361417770385742e-02,5.358815193176269531e-03
-1.759958267211914062e-02,-4.330781102180480957e-02,5.308747291564941406e-03
-1.755380630493164062e-02,-4.330539703369140625e-02,5.267560482025146484e-03
-1.750850677490234375e-02,-4.329207539558410645e-02,5.210518836975097656e-03
-1.747703552246093750e-02,-4.328307509422302246e-02,5.078077316284179688e-03
-1.751899719238281250e-02,-4.326707124710083008e-02,4.954695701599121094e-03
-1.753664016723632812e-02,-4.322332143783569336e-02,4.837155342102050781e-03
-1.757669448852539062e-02,-4.317620396614074707e-02,4.689276218414306641e-03
-1.761198043823242188e-02,-4.311445355415344238e-02,4.526376724243164062e-03
-1.762485504150390625e-02,-4.306346178054809570e-02,4.388988018035888672e-03
-1.764106750488281250e-02,-4.303810000419616699e-02,4.236400127410888672e-03
-1.762580871582031250e-02,-4.303294420242309570e-02,4.111051559448242188e-03
-1.759481430053710938e-02,-4.299157857894897461e-02,3.992736339569091797e-03
-1.755523681640625000e-02,-4.293304681777954102e-02,3.854691982269287109e-03
-1.749324798583984375e-02,-4.292854666709899902e-02,3.712236881256103516e-03
-1.740121841430664062e-02,-4.287844896316528320e-02,3.587126731872558594e-03
-1.731109619140625000e-02,-4.282578825950622559e-02,3.514647483825683594e-03
-1.721286773681640625e-02,-4.279929399490356445e-02,3.464698791503906250e-03
-1.711368560791015625e-02,-4.279533028602600098e-02,3.443956375122070312e-03
-1.700878143310546875e-02,-4.280549287796020508e-02,3.428936004638671875e-03
-1.690769195556640625e-02,-4.280123114585876465e-02,3.426492214202880859e-03
-1.679372787475585938e-02,-4.281654953956604004e-02,3.436326980590820312e-03
-1.666975021362304688e-02,-4.282617568969726562e-02,3.440260887145996094e-03
-1.654577255249023438e-02,-4.276806116104125977e-02,3.438949584960937500e-03
-1.642274856567382812e-02,-4.271447658538818359e-02,3.459572792053222656e-03
-1.629638671875000000e-02,-4.265120625495910645e-02,3.457367420196533203e-03
-1.619100570678710938e-02,-4.258805513381958008e-02,3.451526165008544922e-03
-1.611280441284179688e-02,-4.250898957252502441e-02,3.376066684722900391e-03
-1.602268218994140625e-02,-4.241788387298583984e-02,3.298342227935791016e-03
-1.602268218994140625e-02,-4.241788387298583984e-02,3.298342227935791016e-03
-1.591491699218750000e-02,-4.234865307807922363e-02,3.224909305572509766e-03
-1.582193374633789062e-02,-4.229393601417541504e-02,3.156781196594238281e-03
-1.572561264038085938e-02,-4.225271940231323242e-02,3.101170063018798828e-03
-1.561641693115234375e-02,-4.224649071693420410e-02,3.060162067413330078e-03
-1.550483703613281250e-02,-4.224461317062377930e-02,3.000497817993164062e-03
-1.539707183837890625e-02,-4.224562644958496094e-02,2.946436405181884766e-03
-1.527738571166992188e-02,-4.227790236473083496e-02,2.896189689636230469e-03
-1.512956619262695312e-02,-4.230982065200805664e-02,2.877831459045410156e-03
-1.497554779052734375e-02,-4.233196377754211426e-02,2.889811992645263672e-03
-1.483774185180664062e-02,-4.235714673995971680e-02,2.915918827056884766e-03
-1.470088958740234375e-02,-4.238015413284301758e-02,2.919018268585205078e-03
-1.457166671752929688e-02,-4.241484403610229492e-02,2.921223640441894531e-03
-1.445484161376953125e-02,-4.243266582489013672e-02,2.884685993194580078e-03
-1.433515548706054688e-02,-4.248416423797607422e-02,2.859413623809814453e-03
-1.420354843139648438e-02,-4.255655407905578613e-02,2.820074558258056641e-03
-1.405429840087890625e-02,-4.265156388282775879e-02,2.770483493804931641e-03
-1.392078399658203125e-02,-4.270410537719726562e-02,2.728521823883056641e-03
-1.377916336059570312e-02,-4.270428419113159180e-02,2.691447734832763672e-03
-1.363611221313476562e-02,-4.270356893539428711e-02,2.653241157531738281e-03
-1.347303390502929688e-02,-4.271051287651062012e-02,2.594530582427978516e-03
-1.333904266357421875e-02,-4.268750548362731934e-02,2.486586570739746094e-03
-1.319932937622070312e-02,-4.262205958366394043e-02,2.395510673522949219e-03
-1.307153701782226562e-02,-4.254060983657836914e-02,2.298235893249511719e-03
-1.294994354248046875e-02,-4.245164990425109863e-02,2.169251441955566406e-03
-1.283502578735351562e-02,-4.237788915634155273e-02,2.093732357025146484e-03
-1.274871826171875000e-02,-4.230445623397827148e-02,2.026259899139404297e-03
-1.268148422241210938e-02,-4.223403334617614746e-02,1.974940299987792969e-03
-1.260948181152343750e-02,-4.219895601272583008e-02,1.891791820526123047e-03
-1.252508163452148438e-02,-4.219490289688110352e-02,1.821935176849365234e-03
-1.241731643676757812e-02,-4.221907258033752441e-02,1.775741577148437500e-03
-1.231670379638671875e-02,-4.225808382034301758e-02,1.749396324157714844e-03
-1.220369338989257812e-02,-4.228153824806213379e-02,1.738905906677246094e-03
-1.208305358886718750e-02,-4.230421781539916992e-02,1.729726791381835938e-03
-1.195049285888671875e-02,-4.228901863098144531e-02,1.726031303405761719e-03
-1.181507110595703125e-02,-4.225912690162658691e-02,1.740634441375732422e-03
-1.168441772460937500e-02,-4.220318794250488281e-02,1.736402511596679688e-03
-1.155281066894531250e-02,-4.217243194580078125e-02,1.719355583190917969e-03
-1.144456863403320312e-02,-4.212132096290588379e-02,1.691341400146484375e-03
-1.132869720458984375e-02,-4.209327697753906250e-02,1.665830612182617188e-03
-1.120471954345703125e-02,-4.210025072097778320e-02,1.654982566833496094e-03
-1.106405258178710938e-02,-4.266533255577087402e-02,1.763582229614257812e-03
-1.093196868896484375e-02,-4.318022727966308594e-02,1.829504966735839844e-03
-1.078891754150390625e-02,-4.364180564880371094e-02,1.884281635284423828e-03
-1.064729690551757812e-02,-4.405534267425537109e-02,1.954197883605957031e-03
-1.052379608154296875e-02,-4.443478584289550781e-02,2.052128314971923828e-03
-1.039314270019531250e-02,-4.478079080581665039e-02,2.190470695495605469e-03
-1.026391983032226562e-02,-4.510655999183654785e-02,2.362728118896484375e-03
-1.010322570800781250e-02,-4.541820287704467773e-02,2.535164356231689453e-03
-9.943962097167968750e-03,-4.571512341499328613e-02,2.718865871429443359e-03
-9.790420532226562500e-03,-4.599449038505554199e-02,2.894341945648193359e-03
-9.650230407714843750e-03,-4.625636339187622070e-02,3.064393997192382812e-03
-9.515285491943359375e-03,-4.648196697235107422e-02,3.225386142730712891e-03
-9.392261505126953125e-03,-4.669943451881408691e-02,3.386616706848144531e-03
-9.282588958740234375e-03,-4.690897464752197266e-02,3.547191619873046875e-03
-9.160995483398437500e-03,-4.711049795150756836e-02,3.708839416503906250e-03
-9.031295776367187500e-03,-4.730921983718872070e-02,3.845453262329101562e-03
-8.886337280273437500e-03,-4.748684167861938477e-02,3.994107246398925781e-03
-8.733749389648437500e-03,-4.764100909233093262e-02,4.130542278289794922e-03
-8.589267730712890625e-03,-4.782202839851379395e-02,4.255294799804687500e-03
-8.463859558105468750e-03,-4.799035191535949707e-02,4.394412040710449219e-03
-8.315086364746093750e-03,-4.816177487373352051e-02,4.533529281616210938e-03
-8.161067962646484375e-03,-4.832667112350463867e-02,4.660546779632568359e-03
-8.024692535400390625e-03,-4.848584532737731934e-02,4.787862300872802734e-03
-7.918357849121093750e-03,-4.861789941787719727e-02,4.925847053527832031e-03
-7.809638977050781250e-03,-4.869985580444335938e-02,5.050539970397949219e-03
-7.682323455810546875e-03,-4.881903529167175293e-02,5.148530006408691406e-03
-7.561206817626953125e-03,-4.890355467796325684e-02,5.254983901977539062e-03
-7.441997528076171875e-03,-4.898643493652343750e-02,5.369067192077636719e-03
-7.330417633056640625e-03,-4.907393455505371094e-02,5.481719970703125000e-03
-7.231712341308593750e-03,-4.914671182632446289e-02,5.613923072814941406e-03
-7.114410400390625000e-03,-4.919281601905822754e-02,5.760252475738525391e-03
-7.005691528320312500e-03,-4.922068119049072266e-02,5.898356437683105469e-03
-6.902217864990234375e-03,-4.924505949020385742e-02,6.045460700988769531e-03
-6.821155548095703125e-03,-4.924270510673522949e-02,6.194472312927246094e-03
-6.762027740478515625e-03,-4.922273755073547363e-02,6.316065788269042969e-03
-6.686210632324218750e-03,-4.921221733093261719e-02,6.418049335479736328e-03
-6.593704223632812500e-03,-4.921531677246093750e-02,6.512820720672607422e-03
-6.517410278320312500e-03,-4.918608069419860840e-02,6.604194641113281250e-03
-6.433486938476562500e-03,-4.916101694107055664e-02,6.667375564575195312e-03
-6.345272064208984375e-03,-4.916265606880187988e-02,6.721377372741699219e-03
-6.294250488281250000e-03,-4.917532205581665039e-02,6.754457950592041016e-03
-6.247520446777343750e-03,-4.919630289077758789e-02,6.787002086639404297e-03
-6.451129913330078125e-03,-4.901334643363952637e-02,6.688892841339111328e-03
-6.627559661865234375e-03,-4.884153604507446289e-02,6.586015224456787109e-03
-6.778240203857421875e-03,-4.871925711631774902e-02,6.465613842010498047e-03
-6.923198699951171875e-03,-4.858389496803283691e-02,6.319880485534667969e-03
-7.047176361083984375e-03,-4.843169450759887695e-02,6.178259849548339844e-03
-7.134437561035156250e-03,-4.829868674278259277e-02,6.071865558624267578e-03
-7.198810577392578125e-03,-4.817581176757812500e-02,5.991160869598388672e-03
-7.259845733642578125e-03,-4.808783531188964844e-02,5.896329879760742188e-03
-7.318973541259765625e-03,-4.800805449485778809e-02,5.798101425170898438e-03
-7.335186004638671875e-03,-4.792714118957519531e-02,5.720496177673339844e-03
-7.339477539062500000e-03,-4.787060618400573730e-02,5.639314651489257812e-03
-7.311344146728515625e-03,-4.782718420028686523e-02,5.584478378295898438e-03
-7.277488708496093750e-03,-4.779997467994689941e-02,5.558907985687255859e-03
-7.232189178466796875e-03,-4.778006672859191895e-02,5.535006523132324219e-03
-7.178306579589843750e-03,-4.776933789253234863e-02,5.514562129974365234e-03
-7.108211517333984375e-03,-4.776638746261596680e-02,5.500257015228271484e-03
-7.025718688964843750e-03,-4.778036475181579590e-02,5.510807037353515625e-03
-6.915092468261718750e-03,-4.777896404266357422e-02,5.544245243072509766e-03
-6.796360015869140625e-03,-4.779905080795288086e-02,5.596876144409179688e-03
-6.687164306640625000e-03,-4.779782891273498535e-02,5.650997161865234375e-03
-6.577491760253906250e-03,-4.781094193458557129e-02,5.702972412109375000e-03
-6.577491760253906250e-03,-4.781094193458557129e-02,5.702972412109375000e-03
-6.464958190917968750e-03,-4.780748486518859863e-02,5.754172801971435547e-03
-6.348133087158203125e-03,-4.783502221107482910e-02,5.810379981994628906e-03
-6.348133087158203125e-03,-4.783502221107482910e-02,5.810379981994628906e-03
-6.230831146240234375e-03,-4.787006974220275879e-02,5.845427513122558594e-03
-6.230831146240234375e-03,-4.787006974220275879e-02,5.845427513122558594e-03
-6.230831146240234375e-03,-4.787006974220275879e-02,5.845427513122558594e-03
-6.230831146240234375e-03,-4.787006974220275879e-02,5.845427513122558594e-03
-6.108760833740234375e-03,-4.788756370544433594e-02,5.898118019104003906e-03
-5.990028381347656250e-03,-4.789206385612487793e-02,5.929827690124511719e-03
-5.897998809814453125e-03,-4.789158701896667480e-02,5.948662757873535156e-03
-5.795001983642578125e-03,-4.789587855339050293e-02,5.965590476989746094e-03
-5.693435668945312500e-03,-4.787054657936096191e-02,5.977511405944824219e-03
-5.580425262451171875e-03,-4.783722758293151855e-02,5.994379520416259766e-03
-5.469322204589843750e-03,-4.781159758567810059e-02,6.007075309753417969e-03
-5.357742309570312500e-03,-4.776573181152343750e-02,6.017863750457763672e-03
-5.250930786132812500e-03,-4.771044850349426270e-02,6.014704704284667969e-03
-5.141258239746093750e-03,-4.764690995216369629e-02,5.982458591461181641e-03
-5.141258239746093750e-03,-4.764690995216369629e-02,5.982458591461181641e-03
-5.141258239746093750e-03,-4.764690995216369629e-02,5.982458591461181641e-03
-5.141258239746093750e-03,-4.764690995216369629e-02,5.982458591461181641e-03
-5.044937133789062500e-03,-4.757463932037353516e-02,5.925953388214111328e-03
-4.950046539306640625e-03,-4.751259088516235352e-02,5.859315395355224609e-03
-4.858970642089843750e-03,-4.744294285774230957e-02,5.784869194030761719e-03
-4.765510559082031250e-03,-4.737237095832824707e-02,5.713164806365966797e-03
-4.668235778808593750e-03,-4.729315638542175293e-02,5.630552768707275391e-03
-4.567146301269531250e-03,-4.722008109092712402e-02,5.533695220947265625e-03
-4.473209381103515625e-03,-4.714486002922058105e-02,5.427777767181396484e-03
-4.415512084960937500e-03,-4.707992076873779297e-02,5.314290523529052734e-03
-4.356861114501953125e-03,-4.701074957847595215e-02,5.207896232604980469e-03
-4.261970520019531250e-03,-4.696717858314514160e-02,5.131304264068603516e-03
-4.177093505859375000e-03,-4.690816998481750488e-02,5.060434341430664062e-03
-4.078388214111328125e-03,-4.686582088470458984e-02,4.994213581085205078e-03
-3.999233245849609375e-03,-4.684606194496154785e-02,4.959583282470703125e-03
-3.937244415283203125e-03,-4.683431982994079590e-02,4.928886890411376953e-03
-3.880500793457031250e-03,-4.681327939033508301e-02,4.874110221862792969e-03
-3.824710845947265625e-03,-4.681742191314697266e-02,4.784524440765380859e-03
-3.752231597900390625e-03,-4.682749509811401367e-02,4.707396030426025391e-03
-3.668308258056640625e-03,-4.686376452445983887e-02,4.620254039764404297e-03
-3.576278686523437500e-03,-4.691997170448303223e-02,4.557073116302490234e-03
-3.467082977294921875e-03,-4.698652029037475586e-02,4.519820213317871094e-03
-3.362178802490234375e-03,-4.705616831779479980e-02,4.500389099121093750e-03
-3.251552581787109375e-03,-4.713392257690429688e-02,4.493236541748046875e-03
-3.147125244140625000e-03,-4.718205332756042480e-02,4.486858844757080078e-03
-3.057003021240234375e-03,-4.717448353767395020e-02,4.424691200256347656e-03
-2.974033355712890625e-03,-4.717251658439636230e-02,4.381299018859863281e-03
-2.856254577636718750e-03,-4.717597365379333496e-02,4.350364208221435547e-03
-2.745628356933593750e-03,-4.718697071075439453e-02,4.328906536102294922e-03
-2.610206604003906250e-03,-4.718807339668273926e-02,4.310786724090576172e-03
-2.469062805175781250e-03,-4.723998904228210449e-02,4.296243190765380859e-03
-2.337455749511718750e-03,-4.728063941001892090e-02,4.262983798980712891e-03
-2.213478088378906250e-03,-4.729712009429931641e-02,4.233777523040771484e-03
-2.070426940917968750e-03,-4.728913307189941406e-02,4.203855991363525391e-03
-1.936435699462890625e-03,-4.727375507354736328e-02,4.160344600677490234e-03
-1.820087432861328125e-03,-4.726231098175048828e-02,4.107236862182617188e-03
-1.713752746582031250e-03,-4.725474119186401367e-02,4.034817218780517578e-03
-1.615047454833984375e-03,-4.727131128311157227e-02,3.947615623474121094e-03
-1.529693603515625000e-03,-4.731038212776184082e-02,3.840863704681396484e-03
-1.426696777343750000e-03,-4.734247922897338867e-02,3.740489482879638672e-03
-1.325607299804687500e-03,-4.735398292541503906e-02,3.660380840301513672e-03
-1.206874847412109375e-03,-4.734665155410766602e-02,3.582954406738281250e-03
-1.092433929443359375e-03,-4.734230041503906250e-02,3.513872623443603516e-03
-9.784698486328125000e-04,-4.735347628593444824e-02,3.437459468841552734e-03
-8.654594421386718750e-04,-4.735755920410156250e-02,3.364264965057373047e-03
-7.414817810058593750e-04,-4.734477400779724121e-02,3.293871879577636719e-03
-6.284713745117187500e-04,-4.731416702270507812e-02,3.208160400390625000e-03
-5.211830139160156250e-04,-4.727593064308166504e-02,3.100931644439697266e-03
-4.343986511230468750e-04,-4.721322655677795410e-02,3.009140491485595703e-03
-3.280639648437500000e-04,-4.713150858879089355e-02,2.941071987152099609e-03
-2.408027648925781250e-04,-4.704672098159790039e-02,2.865970134735107422e-03
-1.678466796875000000e-04,-4.697456955909729004e-02,2.784013748168945312e-03
-9.393692016601562500e-05,-4.689553380012512207e-02,2.697944641113281250e-03
-2.956390380859375000e-05,-4.680430889129638672e-02,2.611637115478515625e-03
3.194808959960937500e-05,-4.669901728630065918e-02,2.530932426452636719e-03
9.155273437500000000e-05,-4.659467935562133789e-02,2.466857433319091797e-03
1.559257507324218750e-04,-4.647409915924072266e-02,2.397477626800537109e-03
2.346038818359375000e-04,-4.643198847770690918e-02,2.320587635040283203e-03
3.185272216796875000e-04,-4.638907313346862793e-02,2.230525016784667969e-03
4.014968872070312500e-04,-4.637169837951660156e-02,2.137243747711181641e-03
4.882812500000000000e-04,-4.636323451995849609e-02,2.067565917968750000e-03
5.598068237304687500e-04,-4.635113477706909180e-02,2.037882804870605469e-03
6.399154663085937500e-04,-4.635235667228698730e-02,1.987695693969726562e-03
7.143020629882812500e-04,-4.636234045028686523e-02,1.913070678710937500e-03
7.886886596679687500e-04,-4.636418819427490234e-02,1.843929290771484375e-03
8.788108825683593750e-04,-4.638153314590454102e-02,1.762211322784423828e-03
9.741783142089843750e-04,-4.641264677047729492e-02,1.673460006713867188e-03
1.061916351318359375e-03,-4.645970463752746582e-02,1.583218574523925781e-03
1.144409179687500000e-03,-4.651248455047607422e-02,1.505017280578613281e-03
1.235008239746093750e-03,-4.655870795249938965e-02,1.464128494262695312e-03
1.331329345703125000e-03,-4.662120342254638672e-02,1.421093940734863281e-03
1.419067382812500000e-03,-4.666700959205627441e-02,1.396059989929199219e-03
1.501560211181640625e-03,-4.669719934463500977e-02,1.393795013427734375e-03
1.569747924804687500e-03,-4.670181870460510254e-02,1.410245895385742188e-03
1.659870147705078125e-03,-4.672646522521972656e-02,1.461803913116455078e-03
1.766204833984375000e-03,-4.674813151359558105e-02,1.473546028137207031e-03
1.852989196777343750e-03,-4.676830768585205078e-02,1.471638679504394531e-03
1.950740814208984375e-03,-4.679656028747558594e-02,1.437962055206298828e-03
2.037525177001953125e-03,-4.680761694908142090e-02,1.379668712615966797e-03
2.132892608642578125e-03,-4.683673381805419922e-02,1.350164413452148438e-03
2.286434173583984375e-03,-4.687461256980895996e-02,1.353740692138671875e-03
2.446651458740234375e-03,-4.693502187728881836e-02,1.328468322753906250e-03
2.592563629150390625e-03,-4.699665307998657227e-02,1.302063465118408203e-03
2.717971801757812500e-03,-4.706946015357971191e-02,1.259386539459228516e-03
2.835750579833984375e-03,-4.715746641159057617e-02,1.250684261322021484e-03
2.956390380859375000e-03,-4.723751544952392578e-02,1.245141029357910156e-03
3.074645996093750000e-03,-4.729065299034118652e-02,1.235842704772949219e-03
3.172397613525390625e-03,-4.737919569015502930e-02,1.196622848510742188e-03
3.262996673583984375e-03,-4.746615886688232422e-02,1.168251037597656250e-03
3.346443176269531250e-03,-4.755720496177673340e-02,1.141369342803955078e-03
3.423213958740234375e-03,-4.764741659164428711e-02,1.084983348846435547e-03
3.501892089843750000e-03,-4.773527383804321289e-02,1.033961772918701172e-03
3.577709197998046875e-03,-4.783502221107482910e-02,9.949803352355957031e-04
3.636837005615234375e-03,-4.793849587440490723e-02,9.272694587707519531e-04
3.680229187011718750e-03,-4.803735017776489258e-02,8.328557014465332031e-04
3.741741180419921875e-03,-4.811978340148925781e-02,7.660388946533203125e-04
3.797531127929687500e-03,-4.818215966224670410e-02,6.873607635498046875e-04
3.851890563964843750e-03,-4.824453592300415039e-02,6.169080734252929688e-04
3.911972045898437500e-03,-4.828765988349914551e-02,5.358457565307617188e-04
3.975868225097656250e-03,-4.832735657691955566e-02,4.596710205078125000e-04
4.041671752929687500e-03,-4.836031794548034668e-02,4.061460494995117188e-04
4.102230072021484375e-03,-4.841390252113342285e-02,3.485083580017089844e-04
4.172801971435546875e-03,-4.847064614295959473e-02,3.050565719604492188e-04
4.225730895996093750e-03,-4.850986599922180176e-02,2.446770668029785156e-04
4.333972930908203125e-03,-4.853913187980651855e-02,2.089738845825195312e-04
4.443168640136718750e-03,-4.855501651763916016e-02,1.965165138244628906e-04
4.554271697998046875e-03,-4.855912923812866211e-02,1.711845397949218750e-04
4.677295684814453125e-03,-4.855495691299438477e-02,1.429915428161621094e-04
4.799365997314453125e-03,-4.854556918144226074e-02,1.066327095031738281e-04
4.939079284667968750e-03,-4.853111505508422852e-02,8.702278137207031250e-05
5.064487457275390625e-03,-4.851910471916198730e-02,7.182359695434570312e-05
5.193710327148437500e-03,-4.852914810180664062e-02,4.541873931884765625e-05
5.307674407958984375e-03,-4.855984449386596680e-02,1.186132431030273438e-05
5.411148071289062500e-03,-4.860472679138183594e-02,-2.652406692504882812e-05
5.485057830810546875e-03,-4.861593246459960938e-02,-5.400180816650390625e-05
5.613327026367187500e-03,-4.862397909164428711e-02,-6.502866744995117188e-05
5.726337432861328125e-03,-4.862719774246215820e-02,-7.754564285278320312e-05
5.859375000000000000e-03,-4.861342906951904297e-02,-1.062154769897460938e-04
5.984783172607421875e-03,-4.860660433769226074e-02,-1.379251480102539062e-04
6.097793579101562500e-03,-4.859545826911926270e-02,-1.589059829711914062e-04
6.209850311279296875e-03,-4.858332872390747070e-02,-1.698732376098632812e-04
6.308555603027343750e-03,-4.857239127159118652e-02,-1.752376556396484375e-04
6.392478942871093750e-03,-4.853478074073791504e-02,-1.825690269470214844e-04
6.462097167968750000e-03,-4.849380254745483398e-02,-1.856088638305664062e-04
6.524085998535156250e-03,-4.844409227371215820e-02,-1.844763755798339844e-04
6.588935852050781250e-03,-4.834169149398803711e-02,-2.049803733825683594e-04
6.622791290283203125e-03,-4.823336005210876465e-02,-1.968145370483398438e-04
6.671428680419921875e-03,-4.810920357704162598e-02,-1.958012580871582031e-04
6.707668304443359375e-03,-4.796490073204040527e-02,-2.051591873168945312e-04
6.736755371093750000e-03,-4.780700802803039551e-02,-2.326369285583496094e-04
6.778240203857421875e-03,-4.765340685844421387e-02,-2.605319023132324219e-04
6.750583648681640625e-03,-4.746946692466735840e-02,-2.993345260620117188e-04
6.736755371093750000e-03,-4.730919003486633301e-02,-3.045797348022460938e-04
6.741523742675781250e-03,-4.714325070381164551e-02,-3.257989883422851562e-04
6.767272949218750000e-03,-4.698458313941955566e-02,-3.225803375244140625e-04
6.784915924072265625e-03,-4.683068394660949707e-02,-3.026723861694335938e-04
6.794929504394531250e-03,-4.670533537864685059e-02,-2.662539482116699219e-04
6.806373596191406250e-03,-4.657247662544250488e-02,-2.220869064331054688e-04
6.800651550292968750e-03,-4.639446735382080078e-02,-1.438856124877929688e-04
6.779193878173828125e-03,-4.625838994979858398e-02,-7.194280624389648438e-05
6.758213043212890625e-03,-4.615887999534606934e-02,3.933906555175781250e-06
6.759166717529296875e-03,-4.609134793281555176e-02,6.902217864990234375e-05
6.768226623535156250e-03,-4.605373740196228027e-02,9.459257125854492188e-05
6.776332855224609375e-03,-4.605704545974731445e-02,6.932020187377929688e-05
6.790637969970703125e-03,-4.607626795768737793e-02,5.060434341430664062e-05
6.806850433349609375e-03,-4.610317945480346680e-02,2.729892730712890625e-05
6.816387176513671875e-03,-4.612079262733459473e-02,1.835823059082031250e-05
6.814479827880859375e-03,-4.613628983497619629e-02,-2.264976501464843750e-06
6.809711456298828125e-03,-4.613310098648071289e-02,-2.694129943847656250e-05
6.808757781982421875e-03,-4.613265395164489746e-02,-7.313489913940429688e-05
6.806850433349609375e-03,-4.615104198455810547e-02,-1.180171966552734375e-04
6.777286529541015625e-03,-4.614400863647460938e-02,-1.654624938964843750e-04
6.759166717529296875e-03,-4.612335562705993652e-02,-1.937747001647949219e-04
6.731986999511718750e-03,-4.607027769088745117e-02,-2.277493476867675781e-04
6.715297698974609375e-03,-4.600933194160461426e-02,-2.617835998535156250e-04
6.690502166748046875e-03,-4.596340656280517578e-02,-3.165602684020996094e-04
