9.843111038208007812e-03,3.692333400249481201e-02,8.568406105041503906e-03
1.084303855895996094e-02,3.592333197593688965e-02,7.568418979644775391e-03
1.152563095092773438e-02,3.660525381565093994e-02,6.744712591171264648e-03
1.213860511779785156e-02,3.735068440437316895e-02,6.217032670974731445e-03
1.270532608032226562e-02,3.815673291683197021e-02,5.843222141265869141e-03
1.325035095214843750e-02,3.898061811923980713e-02,5.419939756393432617e-03
1.379227638244628906e-02,3.981731832027435303e-02,5.065172910690307617e-03
1.416707038879394531e-02,4.066269099712371826e-02,4.783779382705688477e-03
1.436090469360351562e-02,4.103742539882659912e-02,4.607975482940673828e-03
1.446866989135742188e-02,4.134152829647064209e-02,4.482865333557128906e-03
1.457118988037109375e-02,4.161018133163452148e-02,4.327803850173950195e-03
1.460099220275878906e-02,4.176585376262664795e-02,4.145860671997070312e-03
1.454114913940429688e-02,4.201635718345642090e-02,4.086047410964965820e-03
1.446175575256347656e-02,4.228521883487701416e-02,4.027783870697021484e-03
1.436042785644531250e-02,4.250596463680267334e-02,4.062950611114501953e-03
1.426291465759277344e-02,4.262748360633850098e-02,4.053801298141479492e-03
1.411700248718261719e-02,4.268608987331390381e-02,4.057288169860839844e-03
1.393961906433105469e-02,4.274375736713409424e-02,4.027426242828369141e-03
1.377892494201660156e-02,4.291623830795288086e-02,4.003137350082397461e-03
1.363277435302734375e-02,4.299780726432800293e-02,4.068255424499511719e-03
1.353263854980468750e-02,4.308250546455383301e-02,4.116505384445190430e-03
1.339673995971679688e-02,4.318201541900634766e-02,4.141092300415039062e-03
1.332807540893554688e-02,4.337422549724578857e-02,4.147827625274658203e-03
1.314640045166015625e-02,4.382053017616271973e-02,3.956705331802368164e-03
1.303553581237792969e-02,4.423555731773376465e-02,3.703773021697998047e-03
1.297688484191894531e-02,4.467780888080596924e-02,3.472447395324707031e-03
1.288890838623046875e-02,4.500624537467956543e-02,3.191471099853515625e-03
1.266098022460937500e-02,4.533457756042480469e-02,2.800375223159790039e-03
1.242876052856445312e-02,4.568329453468322754e-02,2.417713403701782227e-03
1.220202445983886719e-02,4.597795009613037109e-02,1.989424228668212891e-03
1.192927360534667969e-02,4.642458260059356689e-02,1.573115587234497070e-03
1.165604591369628906e-02,4.687669873237609863e-02,1.235246658325195312e-03
1.148104667663574219e-02,4.737748205661773682e-02,9.075701236724853516e-04
1.132488250732421875e-02,4.780767858028411865e-02,7.062554359436035156e-04
1.110410690307617188e-02,4.846009612083435059e-02,3.810524940490722656e-04
1.091575622558593750e-02,4.882110655307769775e-02,2.538263797760009766e-04
1.059103012084960938e-02,4.908083379268646240e-02,1.450181007385253906e-04
1.032495498657226562e-02,4.926234483718872070e-02,8.982419967651367188e-05
1.000404357910156250e-02,4.929323494434356689e-02,6.332993507385253906e-05
9.537220001220703125e-03,4.914706945419311523e-02,9.939074516296386719e-05
9.039640426635742188e-03,4.905343055725097656e-02,-1.728534698486328125e-06
8.519649505615234375e-03,4.903432726860046387e-02,-1.426339149475097656e-04
8.058071136474609375e-03,4.901126027107238770e-02,-3.282725811004638672e-04
7.430315017700195312e-03,4.908134043216705322e-02,-4.773139953613281250e-04
6.723880767822265625e-03,4.916311800479888916e-02,-6.588697433471679688e-04
5.956649780273437500e-03,4.924786090850830078e-02,-8.147954940795898438e-04
5.293130874633789062e-03,4.924854636192321777e-02,-9.715557098388671875e-04
4.608631134033203125e-03,4.918822646141052246e-02,-1.200228929519653320e-03
3.952980041503906250e-03,4.911930859088897705e-02,-1.375973224639892578e-03
3.473281860351562500e-03,4.918731749057769775e-02,-1.520872116088867188e-03
2.967357635498046875e-03,4.932729899883270264e-02,-1.604467630386352539e-03
2.407312393188476562e-03,4.944808781147003174e-02,-1.622855663299560547e-03
1.742124557495117188e-03,4.945777356624603271e-02,-1.822352409362792969e-03
1.147270202636718750e-03,4.932405054569244385e-02,-2.117663621902465820e-03
6.198883056640625000e-04,4.926978051662445068e-02,-2.500027418136596680e-03
1.354217529296875000e-04,4.933172464370727539e-02,-2.854466438293457031e-03
-4.184246063232421875e-04,4.935291409492492676e-02,-3.182232379913330078e-03
-1.013278961181640625e-03,4.921941459178924561e-02,-3.497928380966186523e-03
-1.668930053710937500e-03,4.894873499870300293e-02,-3.824949264526367188e-03
-2.286195755004882812e-03,4.860235750675201416e-02,-4.105925559997558594e-03
-2.883911132812500000e-03,4.817299544811248779e-02,-4.471302032470703125e-03
-3.416299819946289062e-03,4.763869941234588623e-02,-4.853725433349609375e-03
-3.915548324584960938e-03,4.717586934566497803e-02,-5.268096923828125000e-03
-4.327774047851562500e-03,4.693549871444702148e-02,-5.531609058380126953e-03
-4.715204238891601562e-03,4.668371379375457764e-02,-5.754470825195312500e-03
-5.005598068237304688e-03,4.631534218788146973e-02,-6.058931350708007812e-03
-5.306243896484375000e-03,4.592509567737579346e-02,-6.236761808395385742e-03
-5.669593811035156250e-03,4.555009305477142334e-02,-6.261527538299560547e-03
-6.042957305908203125e-03,4.523177444934844971e-02,-6.099790334701538086e-03
-6.401062011718750000e-03,4.495254158973693848e-02,-5.951017141342163086e-03
-6.851196289062500000e-03,4.461340606212615967e-02,-5.822032690048217773e-03
-7.271528244018554688e-03,4.437306523323059082e-02,-5.650341510772705078e-03
-7.693767547607421875e-03,4.416355490684509277e-02,-5.423724651336669922e-03
-8.083820343017578125e-03,4.388913512229919434e-02,-5.317211151123046875e-03
-8.532047271728515625e-03,4.356901347637176514e-02,-5.110651254653930664e-03
-9.021997451782226562e-03,4.323221743106842041e-02,-4.752367734909057617e-03
-9.482383728027343750e-03,4.294069111347198486e-02,-4.419118165969848633e-03
-9.954929351806640625e-03,4.244743287563323975e-02,-4.062503576278686523e-03
-1.030302047729492188e-02,4.190339148044586182e-02,-3.770321607589721680e-03
-1.061582565307617188e-02,4.145359992980957031e-02,-3.420531749725341797e-03
-1.097035408020019531e-02,4.103428125381469727e-02,-3.102958202362060547e-03
-1.123571395874023438e-02,4.059684276580810547e-02,-2.851009368896484375e-03
-1.144099235534667969e-02,4.017244279384613037e-02,-2.437144517898559570e-03
-1.159644126892089844e-02,3.989987075328826904e-02,-2.032637596130371094e-03
-1.176571846008300781e-02,3.961247205734252930e-02,-1.561045646667480469e-03
-1.178431510925292969e-02,3.953762352466583252e-02,-1.108944416046142578e-03
-1.179957389831542969e-02,3.962284326553344727e-02,-5.500614643096923828e-04
-1.177430152893066406e-02,3.976330161094665527e-02,6.812810897827148438e-05
-1.185131072998046875e-02,3.992575407028198242e-02,6.334483623504638672e-04
-1.191186904907226562e-02,4.008787870407104492e-02,1.166343688964843750e-03
-1.198005676269531250e-02,4.029510915279388428e-02,1.705080270767211914e-03
-1.200294494628906250e-02,4.044871032238006592e-02,2.278774976730346680e-03
-1.213145256042480469e-02,4.055817425251007080e-02,2.582848072052001953e-03
-1.222348213195800781e-02,4.074023663997650146e-02,2.867937088012695312e-03
-1.230764389038085938e-02,4.081813991069793701e-02,3.021746873855590820e-03
-1.238393783569335938e-02,4.082837700843811035e-02,3.012478351593017578e-03
-1.255559921264648438e-02,4.084606468677520752e-02,2.974867820739746094e-03
-1.269769668579101562e-02,4.085732996463775635e-02,2.930670976638793945e-03
-1.278924942016601562e-02,4.078285396099090576e-02,2.958059310913085938e-03
-1.277160644531250000e-02,4.078575968742370605e-02,2.925753593444824219e-03
-1.282072067260742188e-02,4.068537056446075439e-02,3.012686967849731445e-03
-1.291942596435546875e-02,4.065218567848205566e-02,3.076374530792236328e-03
-1.312494277954101562e-02,4.054710268974304199e-02,3.087460994720458984e-03
-1.330828666687011719e-02,4.051147401332855225e-02,2.928256988525390625e-03
-1.346540451049804688e-02,4.050730168819427490e-02,2.827733755111694336e-03
-1.362395286560058594e-02,4.049947857856750488e-02,2.704650163650512695e-03
-1.378655433654785156e-02,4.051777720451354980e-02,2.608031034469604492e-03
-1.379585266113281250e-02,4.058822989463806152e-02,2.552568912506103516e-03
-1.367163658142089844e-02,4.069514572620391846e-02,2.455860376358032227e-03
-1.357722282409667969e-02,4.076354205608367920e-02,2.437442541122436523e-03
-1.343941688537597656e-02,4.064683616161346436e-02,2.461165189743041992e-03
-1.335597038269042969e-02,4.051604866981506348e-02,2.507567405700683594e-03
-1.327395439147949219e-02,4.045525193214416504e-02,2.657055854797363281e-03
-1.313376426696777344e-02,4.052375257015228271e-02,2.854168415069580078e-03
-1.297688484191894531e-02,4.062710702419281006e-02,3.033816814422607422e-03
-1.284360885620117188e-02,4.067350924015045166e-02,3.251522779464721680e-03
-1.274895668029785156e-02,4.074694216251373291e-02,3.529787063598632812e-03
-1.273488998413085938e-02,4.072956740856170654e-02,3.669142723083496094e-03
-1.273107528686523438e-02,4.072608053684234619e-02,3.765940666198730469e-03
-1.276588439941406250e-02,4.084366559982299805e-02,3.798037767410278320e-03
-1.278162002563476562e-02,4.095552861690521240e-02,3.825366497039794922e-03
-1.278495788574218750e-02,4.107065498828887939e-02,3.720223903656005859e-03
-1.287770271301269531e-02,4.096804559230804443e-02,3.582984209060668945e-03
-1.298546791076660156e-02,4.092150926589965820e-02,3.566056489944458008e-03
-1.321458816528320312e-02,4.085542261600494385e-02,3.571271896362304688e-03
-1.346540451049804688e-02,4.085026681423187256e-02,3.615468740463256836e-03
-1.362586021423339844e-02,4.085895419120788574e-02,3.755599260330200195e-03
-1.389241218566894531e-02,4.083901643753051758e-02,3.839969635009765625e-03
-1.406812667846679688e-02,4.086354374885559082e-02,3.900200128555297852e-03
-1.430869102478027344e-02,4.098024964332580566e-02,3.914415836334228516e-03
-1.448440551757812500e-02,4.100699722766876221e-02,3.912448883056640625e-03
-1.454591751098632812e-02,4.106897115707397461e-02,3.745645284652709961e-03
-1.455998420715332031e-02,4.091201722621917725e-02,3.694951534271240234e-03
-1.434540748596191406e-02,4.083131253719329834e-02,3.650158643722534180e-03
-1.411104202270507812e-02,4.061470925807952881e-02,3.638923168182373047e-03
-1.376962661743164062e-02,4.039917886257171631e-02,3.537505865097045898e-03
-1.340436935424804688e-02,4.013431072235107422e-02,3.565788269042968750e-03
-1.318335533142089844e-02,3.968022763729095459e-02,3.852546215057373047e-03
-1.297330856323242188e-02,3.924115002155303955e-02,4.220306873321533203e-03
-1.259827613830566406e-02,3.874602913856506348e-02,4.493445158004760742e-03
-1.233577728271484375e-02,3.822942078113555908e-02,4.852682352066040039e-03
-1.213502883911132812e-02,3.760404884815216064e-02,5.353361368179321289e-03
-1.179432868957519531e-02,3.701379895210266113e-02,5.805939435958862305e-03
-1.157617568969726562e-02,3.650642931461334229e-02,6.339609622955322266e-03
-1.138472557067871094e-02,3.607051074504852295e-02,6.927460432052612305e-03
-1.132130622863769531e-02,3.579631447792053223e-02,7.468730211257934570e-03
-1.128840446472167969e-02,3.553241491317749023e-02,7.821232080459594727e-03
-1.126551628112792969e-02,3.519505262374877930e-02,8.139520883560180664e-03
-1.113986968994140625e-02,3.497198224067687988e-02,8.382946252822875977e-03
-1.115012168884277344e-02,3.463934361934661865e-02,8.547037839889526367e-03
-1.116967201232910156e-02,3.445668518543243408e-02,8.763045072555541992e-03
-1.116347312927246094e-02,3.428575396537780762e-02,8.975833654403686523e-03
-1.121902465820312500e-02,3.400814533233642578e-02,9.226232767105102539e-03
-1.139760017395019531e-02,3.380647301673889160e-02,9.221702814102172852e-03
-1.156568527221679688e-02,3.374540805816650391e-02,9.297549724578857422e-03
-1.183414459228515625e-02,3.371624648571014404e-02,9.371787309646606445e-03
-1.209497451782226562e-02,3.365494310855865479e-02,9.439110755920410156e-03
-1.236939430236816406e-02,3.359606862068176270e-02,9.450823068618774414e-03
-1.266455650329589844e-02,3.388701379299163818e-02,9.524166584014892578e-03
-1.298999786376953125e-02,3.415167331695556641e-02,9.524673223495483398e-03
-1.328706741333007812e-02,3.432159125804901123e-02,9.471565485000610352e-03
-1.356410980224609375e-02,3.449574112892150879e-02,9.453475475311279297e-03
-1.383996009826660156e-02,3.471638262271881104e-02,9.398400783538818359e-03
-1.380062103271484375e-02,3.498582541942596436e-02,9.740620851516723633e-03
-1.372051239013671875e-02,3.522998094558715820e-02,1.006478071212768555e-02
-1.350688934326171875e-02,3.543265163898468018e-02,1.033860445022583008e-02
-1.358914375305175781e-02,3.529414534568786621e-02,1.041242480278015137e-02
-1.373481750488281250e-02,3.512884676456451416e-02,1.041594147682189941e-02
-1.395463943481445312e-02,3.504125773906707764e-02,1.045063138008117676e-02
-1.421332359313964844e-02,3.498195111751556396e-02,1.045209169387817383e-02
-1.451921463012695312e-02,3.487344086170196533e-02,1.035183668136596680e-02
-1.478385925292968750e-02,3.485801815986633301e-02,1.022657752037048340e-02
-1.499509811401367188e-02,3.483282029628753662e-02,1.016315817832946777e-02
-1.525640487670898438e-02,3.481976687908172607e-02,1.007211208343505859e-02
-1.558208465576171875e-02,3.471413254737854004e-02,9.960800409317016602e-03
-1.585865020751953125e-02,3.464616835117340088e-02,9.921997785568237305e-03
-1.612639427185058594e-02,3.460247814655303955e-02,9.851723909378051758e-03
-1.636242866516113281e-02,3.460362553596496582e-02,9.892880916595458984e-03
-1.656270027160644531e-02,3.453877568244934082e-02,9.779989719390869141e-03
-1.671004295349121094e-02,3.449127078056335449e-02,9.673446416854858398e-03
-1.688432693481445312e-02,3.435929119586944580e-02,9.540617465972900391e-03
-1.699328422546386719e-02,3.426592051982879639e-02,9.428232908248901367e-03
-1.708984375000000000e-02,3.406172990798950195e-02,9.290665388107299805e-03
-1.710963249206542969e-02,3.395397961139678955e-02,9.267568588256835938e-03
-1.713609695434570312e-02,3.383627533912658691e-02,9.200096130371093750e-03
-1.716136932373046875e-02,3.374895453453063965e-02,9.097188711166381836e-03
-1.798963546752929688e-02,3.338485956192016602e-02,8.263587951660156250e-03
-1.867389678955078125e-02,3.318549692630767822e-02,7.496207952499389648e-03
-1.928901672363281250e-02,3.293853998184204102e-02,6.805986166000366211e-03
-1.983904838562011719e-02,3.262388706207275391e-02,6.151944398880004883e-03
-2.036285400390625000e-02,3.227584064006805420e-02,5.602717399597167969e-03
-2.081871032714843750e-02,3.200097382068634033e-02,5.087494850158691406e-03
-2.120351791381835938e-02,3.176675736904144287e-02,4.680424928665161133e-03
-2.155613899230957031e-02,3.155961632728576660e-02,4.332423210144042969e-03
-2.186751365661621094e-02,3.144124150276184082e-02,4.027992486953735352e-03
-2.220916748046875000e-02,3.119628131389617920e-02,3.671854734420776367e-03
-2.250862121582031250e-02,3.105559945106506348e-02,3.371775150299072266e-03
-2.270722389221191406e-02,3.102360665798187256e-02,3.145724534988403320e-03
-2.285480499267578125e-02,3.102655708789825439e-02,2.972722053527832031e-03
-2.294158935546875000e-02,3.111423552036285400e-02,2.786755561828613281e-03
-2.299690246582031250e-02,3.125019371509552002e-02,2.560228109359741211e-03
-2.302789688110351562e-02,3.136067092418670654e-02,2.354115247726440430e-03
-2.298164367675781250e-02,3.150081634521484375e-02,2.032607793807983398e-03
-2.293300628662109375e-02,3.172241151332855225e-02,1.778572797775268555e-03
-2.289080619812011719e-02,3.199012577533721924e-02,1.500815153121948242e-03
-2.281188964843750000e-02,3.221049904823303223e-02,1.351058483123779297e-03
-2.266502380371093750e-02,3.256979584693908691e-02,1.280784606933593750e-03
-2.248477935791015625e-02,3.289866447448730469e-02,1.171171665191650391e-03
-2.239441871643066406e-02,3.330010175704956055e-02,1.007258892059326172e-03
-2.231597900390625000e-02,3.371451795101165771e-02,8.573234081268310547e-04
-2.226066589355468750e-02,3.405673801898956299e-02,7.558166980743408203e-04
-2.222919464111328125e-02,3.424522280693054199e-02,7.401406764984130859e-04
-2.217745780944824219e-02,3.444221615791320801e-02,7.124543190002441406e-04
-2.216124534606933594e-02,3.463543951511383057e-02,5.858540534973144531e-04
-2.214431762695312500e-02,3.471828997135162354e-02,4.330277442932128906e-04
-2.209782600402832031e-02,3.472220897674560547e-02,2.921819686889648438e-04
-2.197480201721191406e-02,3.473833203315734863e-02,1.885592937469482422e-04
-2.196788787841796875e-02,3.474989533424377441e-02,7.182359695434570312e-05
-2.187275886535644531e-02,3.481136262416839600e-02,-3.072619438171386719e-05
-2.176618576049804688e-02,3.485950827598571777e-02,-1.326799392700195312e-04
-2.162289619445800781e-02,3.490571677684783936e-02,-2.217888832092285156e-04
-2.152109146118164062e-02,3.474347293376922607e-02,-3.658831119537353516e-04
-2.140140533447265625e-02,3.453524410724639893e-02,-5.198121070861816406e-04
-2.117729187011718750e-02,3.448131680488586426e-02,-7.607936859130859375e-04
-2.094864845275878906e-02,3.444178402423858643e-02,-1.055419445037841797e-03
-2.059197425842285156e-02,3.433829545974731445e-02,-1.329272985458374023e-03
-2.018976211547851562e-02,3.424124419689178467e-02,-1.637220382690429688e-03
-1.980328559875488281e-02,3.417837619781494141e-02,-1.945883035659790039e-03
-1.947212219238281250e-02,3.410275280475616455e-02,-2.138465642929077148e-03
-1.923155784606933594e-02,3.411841392517089844e-02,-2.287000417709350586e-03
-1.901316642761230469e-02,3.410749137401580811e-02,-2.326279878616333008e-03
-1.877069473266601562e-02,3.404323756694793701e-02,-2.376198768615722656e-03
-1.855516433715820312e-02,3.388577699661254883e-02,-2.435177564620971680e-03
-1.836013793945312500e-02,3.377743065357208252e-02,-2.473026514053344727e-03
-1.815843582153320312e-02,3.372344374656677246e-02,-2.433776855468750000e-03
-1.801967620849609375e-02,3.357870876789093018e-02,-2.415388822555541992e-03
-1.788830757141113281e-02,3.330892324447631836e-02,-2.343088388442993164e-03
-1.779294013977050781e-02,3.298482298851013184e-02,-2.236098051071166992e-03
-1.767945289611816406e-02,3.263802826404571533e-02,-2.020090818405151367e-03
-1.757669448852539062e-02,3.232388198375701904e-02,-1.729786396026611328e-03
-1.744747161865234375e-02,3.206059336662292480e-02,-1.526236534118652344e-03
-1.734972000122070312e-02,3.177304565906524658e-02,-1.507282257080078125e-03
-1.728844642639160156e-02,3.151786327362060547e-02,-1.495331525802612305e-03
-1.714968681335449219e-02,3.148469328880310059e-02,-1.482397317886352539e-03
-1.707053184509277344e-02,3.131271898746490479e-02,-1.400649547576904297e-03
-1.703906059265136719e-02,3.113935887813568115e-02,-1.460313796997070312e-03
-1.698398590087890625e-02,3.105418384075164795e-02,-1.537024974822998047e-03
-1.691913604736328125e-02,3.096459805965423584e-02,-1.732915639877319336e-03
-1.683282852172851562e-02,3.072376549243927002e-02,-1.884251832962036133e-03
-1.680803298950195312e-02,3.042548894882202148e-02,-2.051234245300292969e-03
-1.676273345947265625e-02,3.006616234779357910e-02,-2.216875553131103516e-03
-1.675248146057128906e-02,2.970974147319793701e-02,-2.352267503738403320e-03
-1.672554016113281250e-02,2.927525341510772705e-02,-2.379179000854492188e-03
-1.680278778076171875e-02,2.873347699642181396e-02,-2.523660659790039062e-03
-1.683998107910156250e-02,2.813686430454254150e-02,-2.657115459442138672e-03
-1.684474945068359375e-02,2.770681679248809814e-02,-2.793490886688232422e-03
-1.681709289550781250e-02,2.734354138374328613e-02,-2.938538789749145508e-03
-1.684141159057617188e-02,2.698479592800140381e-02,-3.041863441467285156e-03
-1.690983772277832031e-02,2.666994929313659668e-02,-3.193348646163940430e-03
-1.693320274353027344e-02,2.636705338954925537e-02,-3.298252820968627930e-03
-1.684212684631347656e-02,2.616013586521148682e-02,-3.324538469314575195e-03
-1.679396629333496094e-02,2.600039541721343994e-02,-3.391087055206298828e-03
-1.669311523437500000e-02,2.579505741596221924e-02,-3.495305776596069336e-03
-1.660871505737304688e-02,2.554950118064880371e-02,-3.552585840225219727e-03
-1.654839515686035156e-02,2.532985806465148926e-02,-3.589868545532226562e-03
-1.651883125305175781e-02,2.512603998184204102e-02,-3.809213638305664062e-03
-1.640486717224121094e-02,2.503244578838348389e-02,-4.000097513198852539e-03
-1.629757881164550781e-02,2.481850981712341309e-02,-4.216194152832031250e-03
-1.611518859863281250e-02,2.459225058555603027e-02,-4.392176866531372070e-03
-1.596522331237792969e-02,2.439416944980621338e-02,-4.622876644134521484e-03
-1.583456993103027344e-02,2.427838742733001709e-02,-4.867911338806152344e-03
-1.561975479125976562e-02,2.420283854007720947e-02,-5.068391561508178711e-03
-1.536273956298828125e-02,2.417880296707153320e-02,-5.203574895858764648e-03
-1.502680778503417969e-02,2.433896064758300781e-02,-5.325376987457275391e-03
-1.471400260925292969e-02,2.456532418727874756e-02,-5.539476871490478516e-03
-1.443338394165039062e-02,2.483282983303070068e-02,-5.635231733322143555e-03
-1.417493820190429688e-02,2.507337927818298340e-02,-5.760997533798217773e-03
-1.389241218566894531e-02,2.536524832248687744e-02,-5.765914916992187500e-03
-1.366877555847167969e-02,2.565345168113708496e-02,-5.732387304306030273e-03
-1.349806785583496094e-02,2.604824304580688477e-02,-5.663037300109863281e-03
-1.340818405151367188e-02,2.639287710189819336e-02,-5.638986825942993164e-03
-1.331186294555664062e-02,2.667655050754547119e-02,-5.626827478408813477e-03
-1.319861412048339844e-02,2.686402201652526855e-02,-5.617290735244750977e-03
-1.311326026916503906e-02,2.701589465141296387e-02,-5.605965852737426758e-03
-1.304221153259277344e-02,2.699223160743713379e-02,-5.555093288421630859e-03
-1.282763481140136719e-02,2.712427079677581787e-02,-5.481392145156860352e-03
-1.256346702575683594e-02,2.726073563098907471e-02,-5.321145057678222656e-03
-1.236581802368164062e-02,2.737201750278472900e-02,-5.234599113464355469e-03
-1.220965385437011719e-02,2.762241661548614502e-02,-5.242019891738891602e-03
-1.203322410583496094e-02,2.781739830970764160e-02,-5.328267812728881836e-03
-1.186227798461914062e-02,2.796418964862823486e-02,-5.356371402740478516e-03
-1.173233985900878906e-02,2.807904779911041260e-02,-5.462586879730224609e-03
-1.160740852355957031e-02,2.805131673812866211e-02,-5.534738302230834961e-03
-1.156687736511230469e-02,2.781902253627777100e-02,-5.608648061752319336e-03
-1.149463653564453125e-02,2.754458785057067871e-02,-5.694210529327392578e-03
-1.139664649963378906e-02,2.731350064277648926e-02,-5.840033292770385742e-03
-1.119780540466308594e-02,2.716970443725585938e-02,-6.038010120391845703e-03
-1.100540161132812500e-02,2.705042064189910889e-02,-6.225705146789550781e-03
-1.082634925842285156e-02,2.691300213336944580e-02,-6.384402513504028320e-03
-1.061511039733886719e-02,2.673916518688201904e-02,-6.543159484863281250e-03
-1.043891906738281250e-02,2.648057043552398682e-02,-6.643652915954589844e-03
-1.027011871337890625e-02,2.620500326156616211e-02,-6.604433059692382812e-03
-1.005125045776367188e-02,2.601224184036254883e-02,-6.552368402481079102e-03
-9.903192520141601562e-03,2.581103146076202393e-02,-6.437629461288452148e-03
-9.840011596679687500e-03,2.547566592693328857e-02,-6.360203027725219727e-03
-9.751319885253906250e-03,2.518257498741149902e-02,-6.033033132553100586e-03
-9.496927261352539062e-03,2.490003407001495361e-02,-5.718976259231567383e-03
-9.312152862548828125e-03,2.447375655174255371e-02,-5.355894565582275391e-03
-9.343147277832031250e-03,2.405942976474761963e-02,-4.758149385452270508e-03
-9.335517883300781250e-03,2.374511957168579102e-02,-4.242032766342163086e-03
-9.364366531372070312e-03,2.345256507396697998e-02,-3.820806741714477539e-03
-9.288072586059570312e-03,2.329079806804656982e-02,-3.470420837402343750e-03
-9.216547012329101562e-03,2.314525842666625977e-02,-3.196448087692260742e-03
-9.135484695434570312e-03,2.302262187004089355e-02,-2.966940402984619141e-03
-9.087800979614257812e-03,2.273932099342346191e-02,-2.751976251602172852e-03
-9.007930755615234375e-03,2.261564135551452637e-02,-2.554327249526977539e-03
-8.850574493408203125e-03,2.253627777099609375e-02,-2.384275197982788086e-03
-8.715391159057617188e-03,2.252976596355438232e-02,-2.268403768539428711e-03
-8.506536483764648438e-03,2.253693342208862305e-02,-2.102613449096679688e-03
-8.255958557128906250e-03,2.256684005260467529e-02,-2.074480056762695312e-03
-8.026361465454101562e-03,2.265262603759765625e-02,-2.058476209640502930e-03
-7.673025131225585938e-03,2.277396619319915771e-02,-1.992344856262207031e-03
-7.353067398071289062e-03,2.296473085880279541e-02,-1.927584409713745117e-03
-7.093667984008789062e-03,2.307012677192687988e-02,-1.848012208938598633e-03
-6.850957870483398438e-03,2.313676476478576660e-02,-1.724064350128173828e-03
-6.641387939453125000e-03,2.311316132545471191e-02,-1.725494861602783203e-03
-6.400823593139648438e-03,2.302823960781097412e-02,-1.790791749954223633e-03
-6.230354309082031250e-03,2.294954657554626465e-02,-1.854896545410156250e-03
-6.034135818481445312e-03,2.284523844718933105e-02,-1.996904611587524414e-03
-5.864858627319335938e-03,2.276104688644409180e-02,-2.167284488677978516e-03
-5.732059478759765625e-03,2.260540425777435303e-02,-2.296298742294311523e-03
-5.542516708374023438e-03,2.251641452312469482e-02,-2.350956201553344727e-03
-5.368232727050781250e-03,2.238421142101287842e-02,-2.384662628173828125e-03
-5.298852920532226562e-03,2.221648395061492920e-02,-2.456068992614746094e-03
-5.259037017822265625e-03,2.200508117675781250e-02,-2.576857805252075195e-03
-5.142688751220703125e-03,2.176403999328613281e-02,-2.726256847381591797e-03
-5.034208297729492188e-03,2.154384553432464600e-02,-2.901613712310791016e-03
-4.990816116333007812e-03,2.137856185436248779e-02,-3.091692924499511719e-03
-4.954338073730468750e-03,2.122095227241516113e-02,-3.365784883499145508e-03
-4.869461059570312500e-03,2.095647156238555908e-02,-3.572553396224975586e-03
-4.610538482666015625e-03,2.089060842990875244e-02,-3.853619098663330078e-03
-4.371166229248046875e-03,2.078805863857269287e-02,-4.172205924987792969e-03
-4.190683364868164062e-03,2.066554129123687744e-02,-4.446506500244140625e-03
-4.040956497192382812e-03,2.051088213920593262e-02,-4.752397537231445312e-03
-3.915786743164062500e-03,2.038255333900451660e-02,-5.002439022064208984e-03
-3.787040710449218750e-03,2.019082009792327881e-02,-5.312472581863403320e-03
-3.654718399047851562e-03,2.007491886615753174e-02,-5.578428506851196289e-03
-3.590822219848632812e-03,1.990678906440734863e-02,-6.007462739944458008e-03
-3.544569015502929688e-03,1.972918212413787842e-02,-6.426215171813964844e-03
-3.511428833007812500e-03,1.947663724422454834e-02,-6.715685129165649414e-03
-3.548860549926757812e-03,1.935145258903503418e-02,-6.933957338333129883e-03
-3.564119338989257812e-03,1.927906274795532227e-02,-6.962627172470092773e-03
-3.679275512695312500e-03,1.909217238426208496e-02,-6.943315267562866211e-03
-3.787755966186523438e-03,1.894900202751159668e-02,-6.958305835723876953e-03
-3.972291946411132812e-03,1.889087259769439697e-02,-6.963312625885009766e-03
-4.132270812988281250e-03,1.882287859916687012e-02,-6.981760263442993164e-03
-4.281997680664062500e-03,1.872150599956512451e-02,-7.011055946350097656e-03
-4.519224166870117188e-03,1.858150959014892578e-02,-7.056534290313720703e-03
-4.697561264038085938e-03,1.845844089984893799e-02,-7.171362638473510742e-03
-4.858255386352539062e-03,1.834279298782348633e-02,-7.246285676956176758e-03
-5.046606063842773438e-03,1.806341111660003662e-02,-7.378697395324707031e-03
-5.219221115112304688e-03,1.779337227344512939e-02,-7.413417100906372070e-03
-5.341053009033203125e-03,1.753824949264526367e-02,-7.476657629013061523e-03
-5.467176437377929688e-03,1.721924543380737305e-02,-7.514983415603637695e-03
-5.586624145507812500e-03,1.687735319137573242e-02,-7.434606552124023438e-03
-5.697727203369140625e-03,1.662261784076690674e-02,-7.435858249664306641e-03
-5.818605422973632812e-03,1.645326614379882812e-02,-7.513105869293212891e-03
-5.923032760620117188e-03,1.629719138145446777e-02,-7.623851299285888672e-03
-5.899190902709960938e-03,1.614466309547424316e-02,-7.847219705581665039e-03
-5.935668945312500000e-03,1.596210896968841553e-02,-8.034944534301757812e-03
-6.007194519042968750e-03,1.576997339725494385e-02,-8.196026086807250977e-03
-6.177425384521484375e-03,1.549652218818664551e-02,-8.297383785247802734e-03
-6.335973739624023438e-03,1.520146429538726807e-02,-8.320987224578857422e-03
-6.574392318725585938e-03,1.472805440425872803e-02,-8.266746997833251953e-03
-6.762266159057617188e-03,1.421312987804412842e-02,-8.311778306961059570e-03
-6.854534149169921875e-03,1.383666694164276123e-02,-8.325934410095214844e-03
-6.790876388549804688e-03,1.354311406612396240e-02,-8.355826139450073242e-03
-6.660699844360351562e-03,1.325000822544097900e-02,-8.388429880142211914e-03
-6.539583206176757812e-03,1.310639083385467529e-02,-8.475303649902343750e-03
-6.499290466308593750e-03,1.294453442096710205e-02,-8.436381816864013672e-03
-6.382465362548828125e-03,1.287138462066650391e-02,-8.363157510757446289e-03
-6.314992904663085938e-03,1.276721060276031494e-02,-8.329331874847412109e-03
-6.296634674072265625e-03,1.260213553905487061e-02,-8.192181587219238281e-03
-6.253480911254882812e-03,1.240801811218261719e-02,-8.023500442504882812e-03
-6.190299987792968750e-03,1.215523481369018555e-02,-7.782310247421264648e-03
-5.969524383544921875e-03,1.200960576534271240e-02,-7.541477680206298828e-03
-5.737543106079101562e-03,1.186355948448181152e-02,-7.292360067367553711e-03
-5.451440811157226562e-03,1.175427436828613281e-02,-7.096379995346069336e-03
-5.131483078002929688e-03,1.167967915534973145e-02,-6.804704666137695312e-03
-4.805803298950195312e-03,1.160848140716552734e-02,-6.485790014266967773e-03
-4.534244537353515625e-03,1.146809756755828857e-02,-6.167352199554443359e-03
-4.318714141845703125e-03,1.135750114917755127e-02,-5.785971879959106445e-03
-4.031896591186523438e-03,1.123838126659393311e-02,-5.381584167480468750e-03
-3.757953643798828125e-03,1.106698811054229736e-02,-4.977583885192871094e-03
-3.533124923706054688e-03,1.077668368816375732e-02,-4.598528146743774414e-03
-3.354787826538085938e-03,1.049670577049255371e-02,-4.313707351684570312e-03
-3.262281417846679688e-03,1.016741991043090820e-02,-4.112362861633300781e-03
-3.257751464843750000e-03,9.853318333625793457e-03,-3.991514444351196289e-03
-3.228425979614257812e-03,9.574174880981445312e-03,-3.973484039306640625e-03
-3.196477890014648438e-03,9.279221296310424805e-03,-3.904610872268676758e-03
-3.170728683471679688e-03,8.971542119979858398e-03,-3.831952810287475586e-03
-3.136873245239257812e-03,8.697852492332458496e-03,-3.798276185989379883e-03
-3.138542175292968750e-03,8.400574326515197754e-03,-3.768712282180786133e-03
-3.018140792846679688e-03,8.126452565193176270e-03,-3.708302974700927734e-03
-2.918958663940429688e-03,7.911756634712219238e-03,-3.746509552001953125e-03
-2.868413925170898438e-03,7.779538631439208984e-03,-3.879874944686889648e-03
-2.834558486938476562e-03,7.830798625946044922e-03,-4.102259874343872070e-03
-2.634286880493164062e-03,7.893219590187072754e-03,-4.316776990890502930e-03
-2.483606338500976562e-03,7.955476641654968262e-03,-4.469901323318481445e-03
-2.328395843505859375e-03,8.003666996955871582e-03,-4.711061716079711914e-03
-2.200126647949218750e-03,8.025079965591430664e-03,-5.006372928619384766e-03
-2.068281173706054688e-03,8.062541484832763672e-03,-5.315810441970825195e-03
-1.863241195678710938e-03,8.101001381874084473e-03,-5.643814802169799805e-03
-1.667976379394531250e-03,8.138611912727355957e-03,-5.883514881134033203e-03
-1.476287841796875000e-03,8.162990212440490723e-03,-6.083279848098754883e-03
-1.305818557739257812e-03,8.173152804374694824e-03,-6.319820880889892578e-03
-1.231908798217773438e-03,8.136928081512451172e-03,-6.493389606475830078e-03
-1.258611679077148438e-03,8.064955472946166992e-03,-6.589859724044799805e-03
-1.253366470336914062e-03,7.927998900413513184e-03,-6.635040044784545898e-03
-1.326560974121093750e-03,7.846266031265258789e-03,-6.667703390121459961e-03
-1.445293426513671875e-03,7.529228925704956055e-03,-6.667196750640869141e-03
-1.388072967529296875e-03,7.169738411903381348e-03,-6.531774997711181641e-03
-1.305580139160156250e-03,6.850555539131164551e-03,-6.335824728012084961e-03
-1.262903213500976562e-03,6.542712450027465820e-03,-6.051391363143920898e-03
-1.292467117309570312e-03,6.225571036338806152e-03,-5.650162696838378906e-03
-1.313924789428710938e-03,5.938142538070678711e-03,-5.252718925476074219e-03
-1.340150833129882812e-03,5.612388253211975098e-03,-4.840254783630371094e-03
-1.361846923828125000e-03,5.291804671287536621e-03,-4.432737827301025391e-03
-1.476049423217773438e-03,4.958152770996093750e-03,-4.057794809341430664e-03
-1.613616943359375000e-03,4.416376352310180664e-03,-3.562450408935546875e-03
-1.794338226318359375e-03,3.912061452865600586e-03,-3.130704164505004883e-03
-1.981258392333984375e-03,3.469988703727722168e-03,-2.780854701995849609e-03
-2.057075500488281250e-03,3.106608986854553223e-03,-2.296835184097290039e-03
-2.013444900512695312e-03,2.884879708290100098e-03,-1.944333314895629883e-03
-1.865625381469726562e-03,2.677768468856811523e-03,-1.597970724105834961e-03
-1.689195632934570312e-03,2.505540847778320312e-03,-1.335024833679199219e-03
-1.499176025390625000e-03,2.265810966491699219e-03,-1.044601202011108398e-03
-1.332759857177734375e-03,2.015724778175354004e-03,-8.631050586700439453e-04
-1.145839691162109375e-03,1.887604594230651855e-03,-7.360279560089111328e-04
-9.922981262207031250e-04,1.768097281455993652e-03,-5.753338336944580078e-04
-7.474422454833984375e-04,1.629561185836791992e-03,-5.601346492767333984e-04
-3.619194030761718750e-04,1.529484987258911133e-03,-5.879700183868408203e-04
-1.668930053710937500e-06,1.462787389755249023e-03,-7.367134094238281250e-04
2.987384796142578125e-04,1.471832394599914551e-03,-9.107589721679687500e-04
5.259513854980468750e-04,1.452460885047912598e-03,-1.015007495880126953e-03
6.949901580810546875e-04,1.459315419197082520e-03,-1.112282276153564453e-03
8.213520050048828125e-04,1.519680023193359375e-03,-1.218587160110473633e-03
9.188652038574218750e-04,1.573994755744934082e-03,-1.285970211029052734e-03
1.042366027832031250e-03,1.604974269866943359e-03,-1.518458127975463867e-03
1.099824905395507812e-03,1.550599932670593262e-03,-1.757562160491943359e-03
1.106500625610351562e-03,1.544415950775146484e-03,-1.997888088226318359e-03
1.289367675781250000e-03,1.408100128173828125e-03,-2.364307641983032227e-03
1.460313796997070312e-03,1.259192824363708496e-03,-2.691566944122314453e-03
1.561641693115234375e-03,1.089125871658325195e-03,-3.011971712112426758e-03
1.595735549926757812e-03,7.783025503158569336e-04,-3.225475549697875977e-03
1.584768295288085938e-03,4.028826951980590820e-04,-3.458648920059204102e-03
1.542091369628906250e-03,1.482516527175903320e-04,-3.681451082229614258e-03
1.568794250488281250e-03,-1.339167356491088867e-04,-3.820002079010009766e-03
1.391649246215820312e-03,-4.620701074600219727e-04,-3.992795944213867188e-03
1.214265823364257812e-03,-7.735639810562133789e-04,-4.107028245925903320e-03
1.002073287963867188e-03,-1.023694872856140137e-03,-4.194974899291992188e-03
7.364749908447265625e-04,-1.321017742156982422e-03,-4.253655672073364258e-03
4.842281341552734375e-04,-1.530021429061889648e-03,-4.315674304962158203e-03
3.015995025634765625e-04,-1.687094569206237793e-03,-4.438191652297973633e-03
1.988410949707031250e-04,-1.792773604393005371e-03,-4.558682441711425781e-03
1.308917999267578125e-04,-1.941472291946411133e-03,-4.688054323196411133e-03
1.289844512939453125e-04,-2.026155591011047363e-03,-4.821836948394775391e-03
2.222061157226562500e-04,-2.021059393882751465e-03,-4.965901374816894531e-03
3.261566162109375000e-04,-2.051949501037597656e-03,-5.054891109466552734e-03
4.603862762451171875e-04,-2.029985189437866211e-03,-5.179822444915771484e-03
5.912780761718750000e-04,-1.962229609489440918e-03,-5.278527736663818359e-03
7.102489471435546875e-04,-1.907065510749816895e-03,-5.375385284423828125e-03
8.008480072021484375e-04,-1.859977841377258301e-03,-5.489140748977661133e-03
8.783340454101562500e-04,-1.891776919364929199e-03,-5.585938692092895508e-03
1.029491424560546875e-03,-2.276778221130371094e-03,-5.818217992782592773e-03
1.137495040893554688e-03,-2.793326973915100098e-03,-5.990147590637207031e-03
1.188516616821289062e-03,-3.294005990028381348e-03,-5.982935428619384766e-03
1.211404800415039062e-03,-3.729745745658874512e-03,-5.900561809539794922e-03
1.198053359985351562e-03,-4.112556576728820801e-03,-5.844235420227050781e-03
1.248359680175781250e-03,-4.480555653572082520e-03,-5.796194076538085938e-03
1.300096511840820312e-03,-4.806935787200927734e-03,-5.786418914794921875e-03
1.344203948974609375e-03,-5.070492625236511230e-03,-5.772978067398071289e-03
1.411199569702148438e-03,-5.321472883224487305e-03,-5.719214677810668945e-03
1.506805419921875000e-03,-5.551829934120178223e-03,-5.601614713668823242e-03
1.658439636230468750e-03,-5.698800086975097656e-03,-5.457907915115356445e-03
1.840829849243164062e-03,-5.873903632164001465e-03,-5.218297243118286133e-03
2.056360244750976562e-03,-5.941361188888549805e-03,-4.985481500625610352e-03
2.323627471923828125e-03,-6.024196743965148926e-03,-4.813313484191894531e-03
2.574205398559570312e-03,-5.990788340568542480e-03,-4.699528217315673828e-03
2.809524536132812500e-03,-5.933284759521484375e-03,-4.613816738128662109e-03
3.179311752319335938e-03,-5.954802036285400391e-03,-4.529714584350585938e-03
3.527164459228515625e-03,-5.981191992759704590e-03,-4.378587007522583008e-03
3.764629364013671875e-03,-6.138727068901062012e-03,-4.231572151184082031e-03
3.979206085205078125e-03,-6.239339709281921387e-03,-4.079759120941162109e-03
4.118204116821289062e-03,-6.374523043632507324e-03,-3.933370113372802734e-03
4.236459732055664062e-03,-6.505757570266723633e-03,-3.820061683654785156e-03
4.362583160400390625e-03,-6.648153066635131836e-03,-3.655046224594116211e-03
4.525423049926757812e-03,-6.754547357559204102e-03,-3.614187240600585938e-03
4.609346389770507812e-03,-6.942778825759887695e-03,-3.630489110946655273e-03
4.655122756958007812e-03,-7.133871316909790039e-03,-3.687590360641479492e-03
4.655122756958007812e-03,-7.133871316909790039e-03,-3.687590360641479492e-03
4.739999771118164062e-03,-7.277265191078186035e-03,-3.715544939041137695e-03
4.804849624633789062e-03,-7.389426231384277344e-03,-3.801375627517700195e-03
4.784584045410156250e-03,-7.505387067794799805e-03,-3.894984722137451172e-03
4.771947860717773438e-03,-7.641613483428955078e-03,-3.949731588363647461e-03
4.748582839965820312e-03,-7.782801985740661621e-03,-3.989338874816894531e-03
4.692077636718750000e-03,-7.914796471595764160e-03,-4.011750221252441406e-03
4.595756530761718750e-03,-8.033648133277893066e-03,-4.038065671920776367e-03
4.520416259765625000e-03,-8.173927664756774902e-03,-4.063248634338378906e-03
4.404783248901367188e-03,-8.327394723892211914e-03,-4.110157489776611328e-03
4.286766052246093750e-03,-8.443608880043029785e-03,-4.140228033065795898e-03
4.173755645751953125e-03,-8.550927042961120605e-03,-4.129230976104736328e-03
4.105091094970703125e-03,-8.625358343124389648e-03,-4.093140363693237305e-03
4.081487655639648438e-03,-8.662909269332885742e-03,-4.026889801025390625e-03
4.077672958374023438e-03,-8.655875921249389648e-03,-3.911465406417846680e-03
4.118680953979492188e-03,-8.624002337455749512e-03,-3.822475671768188477e-03
4.052639007568359375e-03,-8.622586727142333984e-03,-3.733247518539428711e-03
3.938913345336914062e-03,-8.646711707115173340e-03,-3.660380840301513672e-03
3.817319869995117188e-03,-8.692517876625061035e-03,-3.617018461227416992e-03
3.685235977172851562e-03,-8.728653192520141602e-03,-3.594368696212768555e-03
3.548622131347656250e-03,-8.735254406929016113e-03,-3.603190183639526367e-03
3.450155258178710938e-03,-8.758991956710815430e-03,-3.614127635955810547e-03
3.373384475708007812e-03,-8.748814463615417480e-03,-3.607332706451416016e-03
3.309726715087890625e-03,-8.722826838493347168e-03,-3.630310297012329102e-03
3.228187561035156250e-03,-8.712708950042724609e-03,-3.643691539764404297e-03
3.139019012451171875e-03,-8.771777153015136719e-03,-3.658264875411987305e-03
3.082275390625000000e-03,-8.878976106643676758e-03,-3.705739974975585938e-03
3.052473068237304688e-03,-9.034425020217895508e-03,-3.715664148330688477e-03
3.066062927246093750e-03,-9.179741144180297852e-03,-3.686755895614624023e-03
3.103733062744140625e-03,-9.302377700805664062e-03,-3.657937049865722656e-03
3.143548965454101562e-03,-9.328573942184448242e-03,-3.604948520660400391e-03
3.184080123901367188e-03,-9.349375963211059570e-03,-3.514379262924194336e-03
3.310918807983398438e-03,-9.266078472137451172e-03,-3.498196601867675781e-03
3.469705581665039062e-03,-9.182289242744445801e-03,-3.520041704177856445e-03
3.617525100708007812e-03,-9.096637368202209473e-03,-3.508746623992919922e-03
3.730535507202148438e-03,-9.010523557662963867e-03,-3.495931625366210938e-03
3.790616989135742188e-03,-8.947685360908508301e-03,-3.437161445617675781e-03
3.790616989135742188e-03,-8.947685360908508301e-03,-3.437161445617675781e-03
3.764152526855468750e-03,-8.907526731491088867e-03,-3.324061632156372070e-03
3.666400909423828125e-03,-8.873835206031799316e-03,-3.146052360534667969e-03
3.598451614379882812e-03,-8.834466338157653809e-03,-2.880603075027465820e-03
3.508567810058593750e-03,-8.875519037246704102e-03,-2.622991800308227539e-03
3.384590148925781250e-03,-8.925035595893859863e-03,-2.384811639785766602e-03
3.275394439697265625e-03,-8.982285857200622559e-03,-2.204149961471557617e-03
3.180742263793945312e-03,-9.030088782310485840e-03,-2.068877220153808594e-03
3.108263015747070312e-03,-9.079590439796447754e-03,-1.997917890548706055e-03
3.077030181884765625e-03,-9.097337722778320312e-03,-2.038270235061645508e-03
3.102540969848632812e-03,-9.129241108894348145e-03,-2.120852470397949219e-03
3.132581710815429688e-03,-9.195223450660705566e-03,-2.232611179351806641e-03
3.173112869262695312e-03,-9.258568286895751953e-03,-2.368479967117309570e-03
3.257274627685546875e-03,-9.327903389930725098e-03,-2.565979957580566406e-03
3.428936004638671875e-03,-9.454444050788879395e-03,-2.949595451354980469e-03
3.638982772827148438e-03,-9.486734867095947266e-03,-3.312796354293823242e-03
3.854751586914062500e-03,-9.471639990806579590e-03,-3.631234169006347656e-03
4.057645797729492188e-03,-9.378209710121154785e-03,-3.862380981445312500e-03
4.260778427124023438e-03,-9.223297238349914551e-03,-4.045784473419189453e-03
4.470348358154296875e-03,-9.101361036300659180e-03,-4.065603017807006836e-03
4.589557647705078125e-03,-8.970931172370910645e-03,-3.994137048721313477e-03
4.645347595214843750e-03,-8.880764245986938477e-03,-3.801196813583374023e-03
4.641294479370117188e-03,-8.877485990524291992e-03,-3.526777029037475586e-03
4.557609558105468750e-03,-8.892953395843505859e-03,-3.288120031356811523e-03
4.468441009521484375e-03,-8.938133716583251953e-03,-3.008484840393066406e-03
4.403114318847656250e-03,-8.972808718681335449e-03,-2.775311470031738281e-03
4.333734512329101562e-03,-9.115457534790039062e-03,-2.512544393539428711e-03
4.230022430419921875e-03,-9.181186556816101074e-03,-2.250730991363525391e-03
4.120111465454101562e-03,-9.255096316337585449e-03,-2.001166343688964844e-03
4.082441329956054688e-03,-9.393960237503051758e-03,-1.909375190734863281e-03
4.041433334350585938e-03,-9.555041790008544922e-03,-1.890003681182861328e-03
4.025459289550781250e-03,-9.680598974227905273e-03,-1.892119646072387695e-03
3.936529159545898438e-03,-9.803831577301025391e-03,-1.932203769683837891e-03
3.867387771606445312e-03,-9.908363223075866699e-03,-1.909047365188598633e-03
3.827810287475585938e-03,-1.005452871322631836e-02,-1.869022846221923828e-03
3.797769546508789062e-03,-1.015537977218627930e-02,-1.805633306503295898e-03
3.809452056884765625e-03,-1.028990745544433594e-02,-1.744419336318969727e-03
3.843545913696289062e-03,-1.040415465831756592e-02,-1.698046922683715820e-03
3.846883773803710938e-03,-1.046705245971679688e-02,-1.657068729400634766e-03
3.904342651367187500e-03,-1.048721373081207275e-02,-1.659303903579711914e-03
3.996610641479492188e-03,-1.046168804168701172e-02,-1.700282096862792969e-03
4.117488861083984375e-03,-1.041784882545471191e-02,-1.738399267196655273e-03
4.213094711303710938e-03,-1.036246120929718018e-02,-1.748353242874145508e-03
4.321813583374023438e-03,-1.031950116157531738e-02,-1.788586378097534180e-03
4.479646682739257812e-03,-1.017282903194427490e-02,-1.834541559219360352e-03
4.662752151489257812e-03,-9.957641363143920898e-03,-1.814186573028564453e-03
4.777669906616210938e-03,-9.758487343788146973e-03,-1.790851354598999023e-03
4.899263381958007812e-03,-9.583413600921630859e-03,-1.743018627166748047e-03
4.961252212524414062e-03,-9.439736604690551758e-03,-1.703768968582153320e-03
5.010843276977539062e-03,-9.328082203865051270e-03,-1.623779535293579102e-03
4.987955093383789062e-03,-9.279593825340270996e-03,-1.551717519760131836e-03
4.899740219116210938e-03,-9.303390979766845703e-03,-1.460641622543334961e-03
4.829406738281250000e-03,-9.360745549201965332e-03,-1.359313726425170898e-03
4.733800888061523438e-03,-9.438425302505493164e-03,-1.283913850784301758e-03
4.606008529663085938e-03,-9.529545903205871582e-03,-1.211255788803100586e-03
4.476547241210937500e-03,-9.590566158294677734e-03,-1.164048910140991211e-03
4.369974136352539062e-03,-9.674489498138427734e-03,-1.148521900177001953e-03
4.238843917846679688e-03,-9.704768657684326172e-03,-1.162230968475341797e-03
4.118919372558593750e-03,-9.722262620925903320e-03,-1.178681850433349609e-03
3.968715667724609375e-03,-9.715855121612548828e-03,-1.210600137710571289e-03
3.745079040527343750e-03,-9.808093309402465820e-03,-1.236081123352050781e-03
3.562927246093750000e-03,-9.903997182846069336e-03,-1.282751560211181641e-03
3.436088562011718750e-03,-9.963855147361755371e-03,-1.327365636825561523e-03
3.357410430908203125e-03,-9.955704212188720703e-03,-1.379817724227905273e-03
3.361463546752929688e-03,-9.885430335998535156e-03,-1.432776451110839844e-03
3.369092941284179688e-03,-9.803265333175659180e-03,-1.424521207809448242e-03
3.395318984985351562e-03,-9.687662124633789062e-03,-1.424968242645263672e-03
3.423690795898437500e-03,-9.572923183441162109e-03,-1.439332962036132812e-03
3.412961959838867188e-03,-9.538352489471435547e-03,-1.451849937438964844e-03
3.452062606811523438e-03,-9.527429938316345215e-03,-1.464545726776123047e-03
3.538608551025390625e-03,-9.548947215080261230e-03,-1.423925161361694336e-03
3.566026687622070312e-03,-9.647905826568603516e-03,-1.425504684448242188e-03
3.627777099609375000e-03,-9.785979986190795898e-03,-1.428425312042236328e-03
3.725767135620117188e-03,-9.944021701812744141e-03,-1.431226730346679688e-03
3.758430480957031250e-03,-1.009681820869445801e-02,-1.421093940734863281e-03
3.785610198974609375e-03,-1.021710038185119629e-02,-1.420587301254272461e-03
3.817081451416015625e-03,-1.031927764415740967e-02,-1.416653394699096680e-03
3.827571868896484375e-03,-1.042497158050537109e-02,-1.422047615051269531e-03
3.876924514770507812e-03,-1.053443551063537598e-02,-1.384526491165161133e-03
3.940820693969726562e-03,-1.063100993633270264e-02,-1.302331686019897461e-03
3.984689712524414062e-03,-1.073648035526275635e-02,-1.243531703948974609e-03
3.995895385742187500e-03,-1.081478595733642578e-02,-1.158624887466430664e-03
3.997087478637695312e-03,-1.090179383754730225e-02,-1.088798046112060547e-03
3.969907760620117188e-03,-1.098671555519104004e-02,-9.754896163940429688e-04
3.966569900512695312e-03,-1.102580130100250244e-02,-8.658170700073242188e-04
3.989934921264648438e-03,-1.104602217674255371e-02,-8.059740066528320312e-04
4.061460494995117188e-03,-1.099987328052520752e-02,-7.828474044799804688e-04
4.121780395507812500e-03,-1.092317700386047363e-02,-7.351636886596679688e-04
4.192590713500976562e-03,-1.085014641284942627e-02,-7.323920726776123047e-04
4.255771636962890625e-03,-1.077629625797271729e-02,-7.714033126831054688e-04
4.320383071899414062e-03,-1.069748401641845703e-02,-8.048713207244873047e-04
4.391908645629882812e-03,-1.061347126960754395e-02,-8.448362350463867188e-04
4.453897476196289062e-03,-1.053519546985626221e-02,-8.784532546997070312e-04
4.493951797485351562e-03,-1.047383248805999756e-02,-9.039938449859619141e-04
4.533529281616210938e-03,-1.045086979866027832e-02,-9.455978870391845703e-04
4.563808441162109375e-03,-1.047797501087188721e-02,-9.793043136596679688e-04
4.647016525268554688e-03,-1.050439476966857910e-02,-1.017779111862182617e-03
4.818916320800781250e-03,-1.046399772167205811e-02,-1.168549060821533203e-03
4.957675933837890625e-03,-1.038064062595367432e-02,-1.290917396545410156e-03
5.086660385131835938e-03,-1.025024056434631348e-02,-1.374542713165283203e-03
5.161523818969726562e-03,-1.016764342784881592e-02,-1.418769359588623047e-03
5.213737487792968750e-03,-1.010176539421081543e-02,-1.370400190353393555e-03
5.190610885620117188e-03,-1.004698872566223145e-02,-1.270711421966552734e-03
5.143642425537109375e-03,-1.000347733497619629e-02,-1.126021146774291992e-03
5.003690719604492188e-03,-9.935542941093444824e-03,-9.505152702331542969e-04
4.868030548095703125e-03,-9.855821728706359863e-03,-7.571876049041748047e-04
4.737615585327148438e-03,-9.773537516593933105e-03,-5.840659141540527344e-04
4.542589187622070312e-03,-9.693041443824768066e-03,-4.879534244537353516e-04
4.299163818359375000e-03,-9.666740894317626953e-03,-3.891885280609130859e-04
4.065990447998046875e-03,-9.638115763664245605e-03,-3.509223461151123047e-04
3.900051116943359375e-03,-9.536117315292358398e-03,-3.671646118164062500e-04
3.627300262451171875e-03,-9.436890482902526855e-03,-5.093514919281005859e-04
3.402948379516601562e-03,-9.334295988082885742e-03,-6.501674652099609375e-04
3.186702728271484375e-03,-9.224817156791687012e-03,-7.955729961395263672e-04
3.008127212524414062e-03,-9.158983826637268066e-03,-9.663701057434082031e-04
2.842187881469726562e-03,-9.123221039772033691e-03,-1.080214977264404297e-03
2.715587615966796875e-03,-9.095162153244018555e-03,-1.177132129669189453e-03
2.605676651000976562e-03,-9.105101227760314941e-03,-1.264214515686035156e-03
2.540588378906250000e-03,-9.118273854255676270e-03,-1.322567462921142578e-03
2.456903457641601562e-03,-9.156718850135803223e-03,-1.380920410156250000e-03
2.430438995361328125e-03,-9.190186858177185059e-03,-1.440346240997314453e-03
2.423763275146484375e-03,-9.232088923454284668e-03,-1.503884792327880859e-03
2.455472946166992188e-03,-9.189352393150329590e-03,-1.521915197372436523e-03
2.549648284912109375e-03,-9.127721190452575684e-03,-1.516580581665039062e-03
2.660274505615234375e-03,-9.031787514686584473e-03,-1.486063003540039062e-03
2.686500549316406250e-03,-8.999004960060119629e-03,-1.455783843994140625e-03
2.707958221435546875e-03,-8.941113948822021484e-03,-1.408368349075317383e-03
2.738952636718750000e-03,-8.876338601112365723e-03,-1.363813877105712891e-03
2.789735794067382812e-03,-8.810594677925109863e-03,-1.300722360610961914e-03
2.866268157958984375e-03,-8.750796318054199219e-03,-1.204699277877807617e-03
2.949237823486328125e-03,-8.696421980857849121e-03,-1.111030578613281250e-03
3.061294555664062500e-03,-8.630812168121337891e-03,-1.017123460769653320e-03
3.167152404785156250e-03,-8.549034595489501953e-03,-9.638667106628417969e-04
3.259897232055664062e-03,-8.443132042884826660e-03,-9.492635726928710938e-04
3.373146057128906250e-03,-8.353367447853088379e-03,-9.518265724182128906e-04
3.478288650512695312e-03,-8.268892765045166016e-03,-9.764432907104492188e-04
3.567457199096679688e-03,-8.180558681488037109e-03,-1.011580228805541992e-03
3.576993942260742188e-03,-8.148387074470520020e-03,-1.037597656250000000e-03
3.581762313842773438e-03,-8.113235235214233398e-03,-1.031696796417236328e-03
3.607273101806640625e-03,-8.110016584396362305e-03,-1.032888889312744141e-03
3.625392913818359375e-03,-8.083969354629516602e-03,-1.022517681121826172e-03
3.665924072265625000e-03,-8.036702871322631836e-03,-9.945333003997802734e-04
3.733634948730468750e-03,-8.013799786567687988e-03,-1.011490821838378906e-03
3.803491592407226562e-03,-8.014619350433349609e-03,-1.057654619216918945e-03
3.811120986938476562e-03,-8.019343018531799316e-03,-1.046746969223022461e-03
3.818511962890625000e-03,-8.095026016235351562e-03,-1.029491424560546875e-03
3.823995590209960938e-03,-8.165642619132995605e-03,-1.032114028930664062e-03
3.808736801147460938e-03,-8.229181170463562012e-03,-1.018375158309936523e-03
3.793716430664062500e-03,-8.290141820907592773e-03,-9.931623935699462891e-04
3.745794296264648438e-03,-8.318677544593811035e-03,-1.019537448883056641e-03
3.671407699584960938e-03,-8.324101567268371582e-03,-1.088738441467285156e-03
3.612756729125976562e-03,-8.324742317199707031e-03,-1.139014959335327148e-03
3.592729568481445312e-03,-8.319199085235595703e-03,-1.123487949371337891e-03
3.577947616577148438e-03,-8.302643895149230957e-03,-1.109629869461059570e-03
3.598690032958984375e-03,-8.228689432144165039e-03,-1.103788614273071289e-03
3.562211990356445312e-03,-8.214563131332397461e-03,-1.071721315383911133e-03
3.562211990356445312e-03,-8.214563131332397461e-03,-1.071721315383911133e-03
3.562211990356445312e-03,-8.214563131332397461e-03,-1.071721315383911133e-03
3.543615341186523438e-03,-8.142128586769104004e-03,-1.041322946548461914e-03
3.526687622070312500e-03,-8.087977766990661621e-03,-1.022189855575561523e-03
3.479957580566406250e-03,-8.049845695495605469e-03,-9.971857070922851562e-04
3.433227539062500000e-03,-8.010417222976684570e-03,-9.994506835937500000e-04
3.387212753295898438e-03,-8.012592792510986328e-03,-1.026302576065063477e-03
3.320217132568359375e-03,-8.022204041481018066e-03,-1.085042953491210938e-03
3.222465515136718750e-03,-8.072912693023681641e-03,-1.086533069610595703e-03
3.132820129394531250e-03,-8.100241422653198242e-03,-1.112401485443115234e-03
3.077507019042968750e-03,-8.121147751808166504e-03,-1.169651746749877930e-03
3.028631210327148438e-03,-8.115515112876892090e-03,-1.204341650009155273e-03
2.977848052978515625e-03,-8.060306310653686523e-03,-1.244544982910156250e-03
2.887725830078125000e-03,-7.964223623275756836e-03,-1.268774271011352539e-03
2.828598022460937500e-03,-7.848531007766723633e-03,-1.281619071960449219e-03
2.849102020263671875e-03,-7.668718695640563965e-03,-1.266598701477050781e-03
2.907037734985351562e-03,-7.471591234207153320e-03,-1.232981681823730469e-03
3.015756607055664062e-03,-7.275938987731933594e-03,-1.192629337310791016e-03
3.130435943603515625e-03,-7.071450352668762207e-03,-1.139998435974121094e-03
3.224372863769531250e-03,-6.925374269485473633e-03,-1.072078943252563477e-03
3.289222717285156250e-03,-6.875947117805480957e-03,-9.985566139221191406e-04
3.308057785034179688e-03,-6.860673427581787109e-03,-9.247362613677978516e-04
3.340005874633789062e-03,-6.900072097778320312e-03,-7.869005203247070312e-04
3.338575363159179688e-03,-7.006540894508361816e-03,-6.656944751739501953e-04
3.326177597045898438e-03,-7.160276174545288086e-03,-5.718469619750976562e-04
3.294944763183593750e-03,-7.364526391029357910e-03,-5.380511283874511719e-04
3.208398818969726562e-03,-7.647246122360229492e-03,-5.458295345306396484e-04
3.103971481323242188e-03,-7.925033569335937500e-03,-5.941987037658691406e-04
3.036975860595703125e-03,-8.190795779228210449e-03,-6.662011146545410156e-04
2.951622009277343750e-03,-8.445858955383300781e-03,-7.481575012207031250e-04
2.913951873779296875e-03,-8.664488792419433594e-03,-8.629858493804931641e-04
2.895593643188476562e-03,-8.850097656250000000e-03,-9.824633598327636719e-04
2.909898757934570312e-03,-8.886158466339111328e-03,-1.080691814422607422e-03
2.964496612548828125e-03,-8.821144700050354004e-03,-1.151502132415771484e-03
3.048181533813476562e-03,-8.703246712684631348e-03,-1.238942146301269531e-03
3.166198730468750000e-03,-8.557587862014770508e-03,-1.311302185058593750e-03
3.268957138061523438e-03,-8.401378989219665527e-03,-1.331299543380737305e-03
3.355979919433593750e-03,-8.228331804275512695e-03,-1.319676637649536133e-03
3.420829772949218750e-03,-8.120983839035034180e-03,-1.251935958862304688e-03
3.486394882202148438e-03,-8.048743009567260742e-03,-1.178950071334838867e-03
3.468036651611328125e-03,-8.107945322990417480e-03,-1.055687665939331055e-03
3.389358520507812500e-03,-8.253723382949829102e-03,-8.988976478576660156e-04
3.280639648437500000e-03,-8.426427841186523438e-03,-7.314383983612060547e-04
3.170013427734375000e-03,-8.599027991294860840e-03,-5.886554718017578125e-04
3.086805343627929688e-03,-8.842438459396362305e-03,-4.784166812896728516e-04
2.968311309814453125e-03,-9.094640612602233887e-03,-3.708899021148681641e-04
2.902269363403320312e-03,-9.295791387557983398e-03,-2.859234809875488281e-04
2.830028533935546875e-03,-9.456098079681396484e-03,-2.461969852447509766e-04
2.722501754760742188e-03,-9.571164846420288086e-03,-2.170801162719726562e-04
2.674341201782226562e-03,-9.607151150703430176e-03,-2.035498619079589844e-04
2.727508544921875000e-03,-9.534895420074462891e-03,-2.046525478363037109e-04
2.825498580932617188e-03,-9.402081370353698730e-03,-2.273917198181152344e-04
2.924680709838867188e-03,-9.268581867218017578e-03,-2.502202987670898438e-04
3.091335296630859375e-03,-9.092777967453002930e-03,-2.656877040863037109e-04
3.272533416748046875e-03,-8.913874626159667969e-03,-2.799034118652343750e-04
3.415822982788085938e-03,-8.765980601310729980e-03,-2.762675285339355469e-04
3.514766693115234375e-03,-8.646100759506225586e-03,-2.959370613098144531e-04
3.621578216552734375e-03,-8.571505546569824219e-03,-3.068149089813232422e-04
3.682851791381835938e-03,-8.588746190071105957e-03,-2.787709236145019531e-04
3.707170486450195312e-03,-8.626788854598999023e-03,-2.525448799133300781e-04
3.720521926879882812e-03,-8.676663041114807129e-03,-2.249181270599365234e-04
3.740787506103515625e-03,-8.747190237045288086e-03,-1.650750637054443359e-04
3.716468811035156250e-03,-8.923515677452087402e-03,-1.166760921478271484e-04
3.673553466796875000e-03,-9.135827422142028809e-03,-6.803870201110839844e-05
3.560066223144531250e-03,-9.317889809608459473e-03,-3.615021705627441406e-05
3.393888473510742188e-03,-9.519815444946289062e-03,3.516674041748046875e-06
3.245830535888671875e-03,-9.647920727729797363e-03,1.367926597595214844e-05
3.153800964355468750e-03,-9.723588824272155762e-03,8.136034011840820312e-06
3.115177154541015625e-03,-9.783804416656494141e-03,-7.510185241699218750e-06
3.100633621215820312e-03,-9.806647896766662598e-03,-6.195902824401855469e-05
3.131628036499023438e-03,-9.755834937095642090e-03,-6.994605064392089844e-05
3.208160400390625000e-03,-9.688213467597961426e-03,-3.856420516967773438e-05
3.314018249511718750e-03,-9.584099054336547852e-03,1.928210258483886719e-05
3.438234329223632812e-03,-9.478926658630371094e-03,5.388259887695312500e-05
3.560304641723632812e-03,-9.387537837028503418e-03,6.335973739624023438e-05
3.673791885375976562e-03,-9.346693754196166992e-03,3.501772880554199219e-05
3.752708435058593750e-03,-9.378224611282348633e-03,-9.983777999877929688e-06
3.774166107177734375e-03,-9.440720081329345703e-03,-5.808472633361816406e-05
3.782272338867187500e-03,-9.525835514068603516e-03,-9.739398956298828125e-05
3.785371780395507812e-03,-9.617209434509277344e-03,-9.298324584960937500e-05
3.695487976074218750e-03,-9.715765714645385742e-03,-7.435679435729980469e-05
3.547430038452148438e-03,-9.794786572456359863e-03,-4.997849464416503906e-05
3.421068191528320312e-03,-9.858757257461547852e-03,-4.121661186218261719e-05
3.276109695434570312e-03,-9.960427880287170410e-03,1.186132431030273438e-05
3.121376037597656250e-03,-1.005640625953674316e-02,3.623962402343750000e-05
3.031492233276367188e-03,-1.013566553592681885e-02,5.969405174255371094e-05
2.965450286865234375e-03,-1.016823947429656982e-02,4.121661186218261719e-05
2.910375595092773438e-03,-1.018759608268737793e-02,3.740191459655761719e-05
2.916574478149414062e-03,-1.019166409969329834e-02,6.860494613647460938e-05
2.923727035522460938e-03,-1.019340753555297852e-02,9.784102439880371094e-05
2.917051315307617188e-03,-1.017501950263977051e-02,9.775161743164062500e-05
2.971649169921875000e-03,-1.015935838222503662e-02,1.201331615447998047e-04
3.047227859497070312e-03,-1.012107729911804199e-02,1.516044139862060547e-04
3.139734268188476562e-03,-1.006604731082916260e-02,1.705884933471679688e-04
3.221273422241210938e-03,-1.003403961658477783e-02,1.830160617828369141e-04
3.296613693237304688e-03,-1.003143191337585449e-02,2.147853374481201172e-04
3.360986709594726562e-03,-1.003175973892211914e-02,2.034008502960205078e-04
3.435373306274414062e-03,-9.984761476516723633e-03,1.862347126007080078e-04
3.556728363037109375e-03,-9.945362806320190430e-03,1.923441886901855469e-04
3.653764724731445312e-03,-9.941965341567993164e-03,1.867115497589111328e-04
3.749132156372070312e-03,-9.965240955352783203e-03,1.193583011627197266e-04
3.802061080932617188e-03,-9.905382990837097168e-03,3.769993782043457031e-05
3.880262374877929688e-03,-9.789764881134033203e-03,-8.383393287658691406e-05
3.976821899414062500e-03,-9.617596864700317383e-03,-2.346634864807128906e-04
4.117488861083984375e-03,-9.442016482353210449e-03,-3.713369369506835938e-04
4.269599914550781250e-03,-9.237915277481079102e-03,-5.419552326202392578e-04
4.415035247802734375e-03,-9.018734097480773926e-03,-7.530450820922851562e-04
4.589080810546875000e-03,-8.747637271881103516e-03,-9.243488311767578125e-04
4.794359207153320312e-03,-8.463174104690551758e-03,-1.166880130767822266e-03
5.017518997192382812e-03,-8.138313889503479004e-03,-1.438915729522705078e-03
5.229949951171875000e-03,-7.810100913047790527e-03,-1.667141914367675781e-03
5.467653274536132812e-03,-7.435306906700134277e-03,-1.910865306854248047e-03
5.701303482055664062e-03,-7.002189755439758301e-03,-2.142578363418579102e-03
5.906343460083007812e-03,-6.581187248229980469e-03,-2.335280179977416992e-03
6.074666976928710938e-03,-6.206333637237548828e-03,-2.480745315551757812e-03
6.208658218383789062e-03,-5.912363529205322266e-03,-2.525418996810913086e-03
6.307840347290039062e-03,-5.651101469993591309e-03,-2.542108297348022461e-03
6.303310394287109375e-03,-5.461245775222778320e-03,-2.525717020034790039e-03
6.243705749511718750e-03,-5.271658301353454590e-03,-2.473860979080200195e-03
6.175518035888671875e-03,-5.201950669288635254e-03,-2.381265163421630859e-03
6.105184555053710938e-03,-5.158126354217529297e-03,-2.315044403076171875e-03
5.955934524536132812e-03,-5.152568221092224121e-03,-2.239942550659179688e-03
5.756855010986328125e-03,-5.223810672760009766e-03,-2.134919166564941406e-03
5.540609359741210938e-03,-5.327433347702026367e-03,-2.015292644500732422e-03
5.314588546752929688e-03,-5.453407764434814453e-03,-1.943707466125488281e-03
5.125761032104492188e-03,-5.562081933021545410e-03,-1.841068267822265625e-03
4.965782165527343750e-03,-5.618557333946228027e-03,-1.729279756546020508e-03
4.831314086914062500e-03,-5.620077252388000488e-03,-1.652002334594726562e-03
4.706859588623046875e-03,-5.592703819274902344e-03,-1.593708992004394531e-03
4.659175872802734375e-03,-5.497798323631286621e-03,-1.484394073486328125e-03
4.608869552612304688e-03,-5.422845482826232910e-03,-1.403480768203735352e-03
4.583835601806640625e-03,-5.271926522254943848e-03,-1.317769289016723633e-03
4.547834396362304688e-03,-5.095466971397399902e-03,-1.255810260772705078e-03
4.502534866333007812e-03,-4.896327853202819824e-03,-1.235693693161010742e-03
4.483938217163085938e-03,-4.684239625930786133e-03,-1.179188489913940430e-03
4.451751708984375000e-03,-4.519209265708923340e-03,-1.081407070159912109e-03
4.379272460937500000e-03,-4.425019025802612305e-03,-9.431242942810058594e-04
4.269123077392578125e-03,-4.411265254020690918e-03,-8.653998374938964844e-04
4.148721694946289062e-03,-4.455789923667907715e-03,-8.486211299896240234e-04
4.031896591186523438e-03,-4.517287015914916992e-03,-8.414983749389648438e-04
3.846406936645507812e-03,-4.632592201232910156e-03,-7.983446121215820312e-04
3.608465194702148438e-03,-4.815846681594848633e-03,-7.156133651733398438e-04
3.322362899780273438e-03,-5.044132471084594727e-03,-6.363987922668457031e-04
3.075361251831054688e-03,-5.260184407234191895e-03,-5.524754524230957031e-04
2.838134765625000000e-03,-5.464240908622741699e-03,-4.863440990447998047e-04
2.626657485961914062e-03,-5.614086985588073730e-03,-4.465878009796142578e-04
2.430677413940429688e-03,-5.704939365386962891e-03,-4.740059375762939453e-04
2.243995666503906250e-03,-5.795717239379882812e-03,-4.613995552062988281e-04
2.102613449096679688e-03,-5.857378244400024414e-03,-4.532337188720703125e-04
2.050161361694335938e-03,-5.812987685203552246e-03,-3.870427608489990234e-04
2.008438110351562500e-03,-5.756318569183349609e-03,-3.100037574768066406e-04
1.973152160644531250e-03,-5.679026246070861816e-03,-2.190470695495605469e-04
1.949787139892578125e-03,-5.557060241699218750e-03,-1.412630081176757812e-04
1.953125000000000000e-03,-5.472719669342041016e-03,-5.197525024414062500e-05
1.948833465576171875e-03,-5.405500531196594238e-03,3.296136856079101562e-05
1.915454864501953125e-03,-5.412548780441284180e-03,1.073479652404785156e-04
1.836299896240234375e-03,-5.449876189231872559e-03,1.468956470489501953e-04
1.756906509399414062e-03,-5.509495735168457031e-03,1.880228519439697266e-04
1.668214797973632812e-03,-5.656361579895019531e-03,2.199113368988037109e-04
1.624584197998046875e-03,-5.799725651741027832e-03,2.306997776031494141e-04
1.615047454833984375e-03,-5.917653441429138184e-03,2.557039260864257812e-04
1.636028289794921875e-03,-6.039991974830627441e-03,3.093779087066650391e-04
1.709222793579101562e-03,-6.150305271148681641e-03,3.767311573028564453e-04
1.837253570556640625e-03,-6.239444017410278320e-03,4.389584064483642578e-04
1.950502395629882812e-03,-6.337627768516540527e-03,4.818737506866455078e-04
2.072572708129882812e-03,-6.404161453247070312e-03,5.297958850860595703e-04
2.206325531005859375e-03,-6.446704268455505371e-03,5.614459514617919922e-04
2.373933792114257812e-03,-6.478816270828247070e-03,5.758702754974365234e-04
2.561092376708984375e-03,-6.464749574661254883e-03,5.500316619873046875e-04
2.720594406127929688e-03,-6.438851356506347656e-03,5.129277706146240234e-04
2.896070480346679688e-03,-6.378695368766784668e-03,4.756152629852294922e-04
3.039836883544921875e-03,-6.279170513153076172e-03,4.102885723114013672e-04
3.167152404785156250e-03,-6.158322095870971680e-03,2.939403057098388672e-04
3.241300582885742188e-03,-6.054133176803588867e-03,2.554059028625488281e-04
3.288984298706054688e-03,-6.019592285156250000e-03,2.403259277343750000e-04
3.316402435302734375e-03,-6.024926900863647461e-03,2.238750457763671875e-04
3.318548202514648438e-03,-6.071373820304870605e-03,2.351999282836914062e-04
3.318786621093750000e-03,-6.122425198554992676e-03,2.487301826477050781e-04
3.289461135864257812e-03,-6.194353103637695312e-03,2.903640270233154297e-04
3.241777420043945312e-03,-6.254419684410095215e-03,3.405809402465820312e-04
3.167152404785156250e-03,-6.268829107284545898e-03,3.787577152252197266e-04
3.086805343627929688e-03,-6.285935640335083008e-03,4.461109638214111328e-04
2.996444702148437500e-03,-6.278648972511291504e-03,5.094110965728759766e-04
2.976179122924804688e-03,-6.288439035415649414e-03,5.702376365661621094e-04
2.927303314208984375e-03,-6.302207708358764648e-03,6.492435932159423828e-04
2.888202667236328125e-03,-6.328865885734558105e-03,7.598996162414550781e-04
2.869606018066406250e-03,-6.351336836814880371e-03,8.781254291534423828e-04
2.847671508789062500e-03,-6.393119692802429199e-03,9.791553020477294922e-04
2.857923507690429688e-03,-6.407693028450012207e-03,1.057684421539306641e-03
2.886295318603515625e-03,-6.417304277420043945e-03,1.091927289962768555e-03
2.909183502197265625e-03,-6.420731544494628906e-03,1.112252473831176758e-03
2.957105636596679688e-03,-6.423816084861755371e-03,1.125216484069824219e-03
2.968549728393554688e-03,-6.417408585548400879e-03,1.136720180511474609e-03
2.989292144775390625e-03,-6.411045789718627930e-03,1.123696565628051758e-03
3.004074096679687500e-03,-6.446301937103271484e-03,1.117706298828125000e-03
3.027200698852539062e-03,-6.459638476371765137e-03,1.082152128219604492e-03
3.026008605957031250e-03,-6.482616066932678223e-03,1.045346260070800781e-03
3.054618835449218750e-03,-6.496638059616088867e-03,1.005619764328002930e-03
3.067970275878906250e-03,-6.541803479194641113e-03,9.895265102386474609e-04
3.074645996093750000e-03,-6.653189659118652344e-03,9.597241878509521484e-04
3.071069717407226562e-03,-6.798863410949707031e-03,9.711682796478271484e-04
3.105640411376953125e-03,-6.943121552467346191e-03,9.796321392059326172e-04
3.149032592773437500e-03,-7.051721215248107910e-03,9.871423244476318359e-04
3.167867660522460938e-03,-7.167771458625793457e-03,9.905099868774414062e-04
3.182888031005859375e-03,-7.306054234504699707e-03,9.736716747283935547e-04
3.216266632080078125e-03,-7.373347878456115723e-03,9.571909904479980469e-04
3.239393234252929688e-03,-7.412299513816833496e-03,9.008646011352539062e-04
3.301143646240234375e-03,-7.440507411956787109e-03,8.646547794342041016e-04
3.343343734741210938e-03,-7.479608058929443359e-03,8.513629436492919922e-04
3.327131271362304688e-03,-7.528841495513916016e-03,8.256137371063232422e-04
3.316879272460937500e-03,-7.591962814331054688e-03,8.150041103363037109e-04
3.311157226562500000e-03,-7.705524563789367676e-03,8.083879947662353516e-04
3.260135650634765625e-03,-7.826223969459533691e-03,7.877349853515625000e-04
3.208160400390625000e-03,-7.964327931404113770e-03,8.114576339721679688e-04
3.169298171997070312e-03,-8.035778999328613281e-03,8.351504802703857422e-04
3.118038177490234375e-03,-8.082032203674316406e-03,8.793473243713378906e-04
3.057718276977539062e-03,-8.146315813064575195e-03,9.020566940307617188e-04
2.926349639892578125e-03,-8.216679096221923828e-03,9.346902370452880859e-04
2.813339233398437500e-03,-8.278682827949523926e-03,9.985566139221191406e-04
2.748012542724609375e-03,-8.316934108734130859e-03,1.026451587677001953e-03
2.693653106689453125e-03,-8.350178599357604980e-03,1.039534807205200195e-03
2.633571624755859375e-03,-8.348912000656127930e-03,1.053929328918457031e-03
2.552986145019531250e-03,-8.346229791641235352e-03,1.038402318954467773e-03
2.429246902465820312e-03,-8.357927203178405762e-03,1.002401113510131836e-03
2.348423004150390625e-03,-8.336141705513000488e-03,9.472072124481201172e-04
2.284526824951171875e-03,-8.314371109008789062e-03,8.984804153442382812e-04
2.255916595458984375e-03,-8.281320333480834961e-03,8.471608161926269531e-04
2.218008041381835938e-03,-8.260533213615417480e-03,8.260905742645263672e-04
2.243280410766601562e-03,-8.226484060287475586e-03,8.204579353332519531e-04
2.269983291625976562e-03,-8.200719952583312988e-03,8.544325828552246094e-04
2.267599105834960938e-03,-8.170127868652343750e-03,8.905231952667236328e-04
2.231359481811523438e-03,-8.139446377754211426e-03,9.370148181915283203e-04
2.203226089477539062e-03,-8.121207356452941895e-03,9.929239749908447266e-04
2.203702926635742188e-03,-8.110672235488891602e-03,1.053750514984130859e-03
2.193450927734375000e-03,-8.122935891151428223e-03,1.072347164154052734e-03
2.187013626098632812e-03,-8.127897977828979492e-03,1.094818115234375000e-03
2.207756042480468750e-03,-8.180245757102966309e-03,1.084923744201660156e-03
2.267122268676757812e-03,-8.280634880065917969e-03,1.039862632751464844e-03
2.290487289428710938e-03,-8.410796523094177246e-03,9.673237800598144531e-04
2.358436584472656250e-03,-8.492529392242431641e-03,8.513629436492919922e-04
2.432107925415039062e-03,-8.578479290008544922e-03,7.498264312744140625e-04
2.567529678344726562e-03,-8.637383580207824707e-03,6.398856639862060547e-04
2.721309661865234375e-03,-8.659750223159790039e-03,5.686283111572265625e-04
2.882480621337890625e-03,-8.690074086189270020e-03,5.069971084594726562e-04
3.016233444213867188e-03,-8.681923151016235352e-03,4.929602146148681641e-04
3.147363662719726562e-03,-8.653283119201660156e-03,4.961788654327392578e-04
3.207683563232421875e-03,-8.626461029052734375e-03,5.230307579040527344e-04
3.264427185058593750e-03,-8.611246943473815918e-03,5.283951759338378906e-04
3.264427185058593750e-03,-8.611246943473815918e-03,5.283951759338378906e-04
3.319263458251953125e-03,-8.576110005378723145e-03,5.561113357543945312e-04
3.380060195922851562e-03,-8.567973971366882324e-03,6.062686443328857422e-04
3.441095352172851562e-03,-8.552968502044677734e-03,6.901621818542480469e-04
3.471136093139648438e-03,-8.564725518226623535e-03,7.650554180145263672e-04
3.496646881103515625e-03,-8.619830012321472168e-03,7.785260677337646484e-04
3.477811813354492188e-03,-8.703336119651794434e-03,7.823705673217773438e-04
3.464698791503906250e-03,-8.774697780609130859e-03,7.843077182769775391e-04
3.436565399169921875e-03,-8.850976824760437012e-03,7.872879505157470703e-04
3.423690795898437500e-03,-8.907809853553771973e-03,7.572174072265625000e-04
3.445625305175781250e-03,-8.951872587203979492e-03,7.501840591430664062e-04
3.451108932495117188e-03,-8.989050984382629395e-03,7.408559322357177734e-04
3.501176834106445312e-03,-8.958309888839721680e-03,7.391571998596191406e-04
3.562927246093750000e-03,-8.915111422538757324e-03,6.931126117706298828e-04
3.620862960815429688e-03,-8.880704641342163086e-03,6.324052810668945312e-04
3.669023513793945312e-03,-8.857399225234985352e-03,5.865395069122314453e-04
3.665685653686523438e-03,-8.803412318229675293e-03,5.564391613006591797e-04
3.619432449340820312e-03,-8.748725056648254395e-03,5.643665790557861328e-04
3.603219985961914062e-03,-8.671611547470092773e-03,5.572438240051269531e-04
3.587961196899414062e-03,-8.627697825431823730e-03,4.879832267761230469e-04
3.594160079956054688e-03,-8.581981062889099121e-03,4.034936428070068359e-04
3.545522689819335938e-03,-8.553847670555114746e-03,3.522634506225585938e-04
3.513097763061523438e-03,-8.548676967620849609e-03,3.427863121032714844e-04
3.475189208984375000e-03,-8.560016751289367676e-03,3.449916839599609375e-04
3.459453582763671875e-03,-8.586049079895019531e-03,3.718733787536621094e-04
3.409385681152343750e-03,-8.601516485214233398e-03,4.060566425323486328e-04
3.339767456054687500e-03,-8.643388748168945312e-03,4.264414310455322266e-04
3.292083740234375000e-03,-8.697882294654846191e-03,4.098117351531982422e-04
3.256082534790039062e-03,-8.743926882743835449e-03,3.831088542938232422e-04
3.217458724975585938e-03,-8.824631571769714355e-03,3.735721111297607422e-04
3.215074539184570312e-03,-8.929774165153503418e-03,3.547370433807373047e-04
3.174543380737304688e-03,-9.073242545127868652e-03,3.219246864318847656e-04
3.094196319580078125e-03,-9.202748537063598633e-03,2.608001232147216797e-04
3.027677536010742188e-03,-9.314969182014465332e-03,1.831948757171630859e-04
2.937793731689453125e-03,-9.434148669242858887e-03,1.104176044464111328e-04
2.859592437744140625e-03,-9.575977921485900879e-03,4.854798316955566406e-05
2.791881561279296875e-03,-9.675636887550354004e-03,-1.916289329528808594e-05
2.780437469482421875e-03,-9.755000472068786621e-03,-7.936358451843261719e-05
2.783775329589843750e-03,-9.839862585067749023e-03,-1.085400581359863281e-04
2.772569656372070312e-03,-9.931415319442749023e-03,-1.038908958435058594e-04
2.767324447631835938e-03,-1.000766456127166748e-02,-1.013576984405517578e-04
2.776861190795898438e-03,-1.003846526145935059e-02,-6.476044654846191406e-05
2.799987792968750000e-03,-1.002466678619384766e-02,-2.533197402954101562e-06
2.821445465087890625e-03,-9.984463453292846680e-03,9.167194366455078125e-05
2.876520156860351562e-03,-9.899124503135681152e-03,1.759231090545654297e-04
2.951145172119140625e-03,-9.798362851142883301e-03,2.554953098297119141e-04
3.040552139282226562e-03,-9.711772203445434570e-03,3.388524055480957031e-04
3.123521804809570312e-03,-9.643331170082092285e-03,4.093945026397705078e-04
3.200292587280273438e-03,-9.597092866897583008e-03,4.761219024658203125e-04
3.237724304199218750e-03,-9.646058082580566406e-03,5.254149436950683594e-04
3.215551376342773438e-03,-9.724855422973632812e-03,5.220770835876464844e-04
3.216028213500976562e-03,-9.817272424697875977e-03,5.140900611877441406e-04
3.226041793823242188e-03,-9.918272495269775391e-03,5.005300045013427734e-04
3.214359283447265625e-03,-1.000922918319702148e-02,4.677474498748779297e-04
3.209352493286132812e-03,-1.012618839740753174e-02,4.223883152008056641e-04
3.187894821166992188e-03,-1.025693118572235107e-02,3.727674484252929688e-04
3.122568130493164062e-03,-1.035757362842559814e-02,3.266036510467529297e-04
3.099441528320312500e-03,-1.038967072963714600e-02,2.973079681396484375e-04
3.076553344726562500e-03,-1.041044294834136963e-02,2.541244029998779297e-04
