2.985680289566516876e-02
2.985680289566516876e-02
2.834712341427803040e-02
2.798091061413288116e-02
2.748594991862773895e-02
2.700868435204029083e-02
2.654793299734592438e-02
2.600400522351264954e-02
2.549526840448379517e-02
2.499034069478511810e-02
2.449467405676841736e-02
2.410325407981872559e-02
2.362605929374694824e-02
2.308641187846660614e-02
2.254370599985122681e-02
2.194591052830219269e-02
2.129606902599334717e-02
2.065781503915786743e-02
2.004612609744071960e-02
1.927301473915576935e-02
1.838430389761924744e-02
1.748850755393505096e-02
1.664408296346664429e-02
1.594483479857444763e-02
1.544467452913522720e-02
1.489620562642812729e-02
1.448864769190549850e-02
1.406881585717201233e-02
1.346213277429342270e-02
1.291019096970558167e-02
1.240371167659759521e-02
1.210172101855278015e-02
1.183794252574443817e-02
1.166770979762077332e-02
1.137616485357284546e-02
1.118305977433919907e-02
1.124131772667169571e-02
1.126134954392910004e-02
1.114321313798427582e-02
1.103222742676734924e-02
1.086180098354816437e-02
1.069870963692665100e-02
1.069920696318149567e-02
1.103056780993938446e-02
1.132053975015878677e-02
1.150484196841716766e-02
1.141860056668519974e-02
1.104267500340938568e-02
1.055568456649780273e-02
1.009255927056074142e-02
1.003747619688510895e-02
1.000949554145336151e-02
9.931520558893680573e-03
9.936856105923652649e-03
1.007173024117946625e-02
1.022077165544033051e-02
1.039046887308359146e-02
1.054387073963880539e-02
1.075635850429534912e-02
1.097871549427509308e-02
1.117692887783050537e-02
1.135028619319200516e-02
1.154140755534172058e-02
1.174942962825298309e-02
1.196891348809003830e-02
1.226798258721828461e-02
1.250925473868846893e-02
1.273509766906499863e-02
1.180583052337169647e-02
1.092893444001674652e-02
1.026607677340507507e-02
9.745057672262191772e-03
9.317438118159770966e-03
9.001526050269603729e-03
8.688593283295631409e-03
8.434458635747432709e-03
8.225179277360439301e-03
8.042003959417343140e-03
7.857476361095905304e-03
7.738817483186721802e-03
7.611459121108055115e-03
7.487225811928510666e-03
7.380674127489328384e-03
7.275366690009832382e-03
7.210819050669670105e-03
7.240434642881155014e-03
7.307961583137512207e-03
7.398996036499738693e-03
7.435515988618135452e-03
7.472331635653972626e-03
7.635041140019893646e-03
7.815039716660976410e-03
8.098959922790527344e-03
8.351305499672889709e-03
8.601376786828041077e-03
8.815229870378971100e-03
9.001614525914192200e-03
9.163831360638141632e-03
9.277754463255405426e-03
9.359563700854778290e-03
9.504362009465694427e-03
9.687462821602821350e-03
9.859314188361167908e-03
1.006186567246913910e-02
1.023517083376646042e-02
1.038258150219917297e-02
1.053063385188579559e-02
1.063664723187685013e-02
1.071573141962289810e-02
1.074505597352981567e-02
1.074383500963449478e-02
1.066268421709537506e-02
1.056715007871389389e-02
1.042956020683050156e-02
1.027419883757829666e-02
1.016892120242118835e-02
1.008557341992855072e-02
9.969527833163738251e-03
9.894032031297683716e-03
9.784396737813949585e-03
9.655768983066082001e-03
9.609498083591461182e-03
9.551510214805603027e-03
9.486655704677104950e-03
9.136352688074111938e-03
8.806759491562843323e-03
8.479981683194637299e-03
8.162675425410270691e-03
7.920545525848865509e-03
7.663249038159847260e-03
7.335973903536796570e-03
7.107020821422338486e-03
6.877092644572257996e-03
6.673501804471015930e-03
6.482205353677272797e-03
6.368090864270925522e-03
6.346571724861860275e-03
6.302312947809696198e-03
6.278375629335641861e-03
6.317904219031333923e-03
6.399041041731834412e-03
6.514195352792739868e-03
6.644290406256914139e-03
6.742720492184162140e-03
6.830262485891580582e-03
6.910850293934345245e-03
6.995620671659708023e-03
7.040706928819417953e-03
7.087816949933767319e-03
7.114301901310682297e-03
7.116543594747781754e-03
7.149451412260532379e-03
7.165253162384033203e-03
7.170193362981081009e-03
7.160236593335866928e-03
7.153072394430637360e-03
7.113005034625530243e-03
7.104342803359031677e-03
6.931544747203588486e-03
6.734526250511407852e-03
6.715953815728425980e-03
6.685354281216859818e-03
6.632225122302770615e-03
6.548849400132894516e-03
6.477306131273508072e-03
6.373154930770397186e-03
6.284575909376144409e-03
6.211634725332260132e-03
6.132426671683788300e-03
6.032037548720836639e-03
5.915806628763675690e-03
5.787493195384740829e-03
5.652058869600296021e-03
5.548539571464061737e-03
4.999685101211071014e-03
4.590413533151149750e-03
4.347710870206356049e-03
4.171547014266252518e-03
4.058919847011566162e-03
4.008219111710786819e-03
4.014085978269577026e-03
3.916919697076082230e-03
3.839673474431037903e-03
3.753067459911108017e-03
3.668845165520906448e-03
3.636627923697233200e-03
3.607013961300253868e-03
3.551033791154623032e-03
3.516930853947997093e-03
3.520048689097166061e-03
3.514087526127696037e-03
3.483491018414497375e-03
3.479157574474811554e-03
3.523953724652528763e-03
3.604017430916428566e-03
3.744873916730284691e-03
3.889121348038315773e-03
4.059188067913055420e-03
4.238946363329887390e-03
4.403547383844852448e-03
4.509512335062026978e-03
4.556617233902215958e-03
4.553241189569234848e-03
4.502008669078350067e-03
4.433811642229557037e-03
4.346495028585195541e-03
4.195328336209058762e-03
3.999667242169380188e-03
3.763540182262659073e-03
3.509816247969865799e-03
3.314787056297063828e-03
3.141884692013263702e-03
3.010943066328763962e-03
2.944094128906726837e-03
2.954574069008231163e-03
3.004846628755331039e-03
3.286833642050623894e-03
3.558640833944082260e-03
3.879299852997064590e-03
4.172392189502716064e-03
4.292455501854419708e-03
4.304423462599515915e-03
4.247419070452451706e-03
4.162900615483522415e-03
4.065671004354953766e-03
3.923369571566581726e-03
3.887785365805029869e-03
3.805702785030007362e-03
3.670619800686836243e-03
3.508386202156543732e-03
3.382724942639470100e-03
3.365667536854743958e-03
3.427884774282574654e-03
3.509657457470893860e-03
3.521453123539686203e-03
3.498922102153301239e-03
3.571053501218557358e-03
3.696747822687029839e-03
3.550865687429904938e-03
3.412882797420024872e-03
3.275423776358366013e-03
3.144179005175828934e-03
3.097760258242487907e-03
3.020635806024074554e-03
3.028763458132743835e-03
3.057419788092374802e-03
3.073801286518573761e-03
3.074776614084839821e-03
3.058213274925947189e-03
3.049634629860520363e-03
2.975540468469262123e-03
2.945087617263197899e-03
2.904164837673306465e-03
2.785091754049062729e-03
2.747284714132547379e-03
2.778895664960145950e-03
2.851032884791493416e-03
2.927605761215090752e-03
3.103822004050016403e-03
3.181761130690574646e-03
3.204468404874205589e-03
3.292708192020654678e-03
3.332871710881590843e-03
3.406494390219449997e-03
3.448731964454054832e-03
3.543045837432146072e-03
3.572647459805011749e-03
3.589408705011010170e-03
3.551055211573839188e-03
3.527754452079534531e-03
3.583885496482253075e-03
3.651391016319394112e-03
3.673216560855507851e-03
3.728307783603668213e-03
3.745127469301223755e-03
3.793842392042279243e-03
3.840181976556777954e-03
3.901249030604958534e-03
3.950693178921937943e-03
4.029370844364166260e-03
4.125822801142930984e-03
4.185002762824296951e-03
4.244941752403974533e-03
4.293548874557018280e-03
4.325061105191707611e-03
4.443247336894273758e-03
4.525678232312202454e-03
4.571367520838975906e-03
4.629140719771385193e-03
4.674219526350498199e-03
4.753735847771167755e-03
4.814592655748128891e-03
4.881708882749080658e-03
4.932482261210680008e-03
4.948010202497243881e-03
4.947906360030174255e-03
4.968845751136541367e-03
4.982097540050745010e-03
5.012711975723505020e-03
5.100232083350419998e-03
5.201257299631834030e-03
5.267775617539882660e-03
5.369429942220449448e-03
5.619440227746963501e-03
5.808852612972259521e-03
5.947731435298919678e-03
6.093263160437345505e-03
6.209535989910364151e-03
6.226144265383481979e-03
6.170658394694328308e-03
6.118328310549259186e-03
6.170396227389574051e-03
6.190719082951545715e-03
6.159904412925243378e-03
6.102271378040313721e-03
6.034534890204668045e-03
6.008016411215066910e-03
5.955863744020462036e-03
5.986272357404232025e-03
6.091629620641469955e-03
6.204435601830482483e-03
6.343360524624586105e-03
6.492428481578826904e-03
6.604178808629512787e-03
6.517823319882154465e-03
6.407785695046186447e-03
6.418806035071611404e-03
6.485187914222478867e-03
6.563681177794933319e-03
6.657207850366830826e-03
6.685640197247266769e-03
6.786775309592485428e-03
6.873789709061384201e-03
7.008729036897420883e-03
7.118202280253171921e-03
7.209844887256622314e-03
7.225153036415576935e-03
7.243893109261989594e-03
7.231247611343860626e-03
7.127596065402030945e-03
7.774776313453912735e-03
8.356055244803428650e-03
8.817311376333236694e-03
9.192909114062786102e-03
9.462196379899978638e-03
9.687221609055995941e-03
9.846440516412258148e-03
1.039580814540386200e-02
1.094161625951528549e-02
1.141319889575242996e-02
1.177975721657276154e-02
1.211516465991735458e-02
1.248363684862852097e-02
1.272787991911172867e-02
1.293555181473493576e-02
1.310238242149353027e-02
1.322238612920045853e-02
1.334705017507076263e-02
1.347280386835336685e-02
1.360260136425495148e-02
1.367667131125926971e-02
1.369665563106536865e-02
1.369226817041635513e-02
1.369758974760770798e-02
1.367682032287120819e-02
1.365631166845560074e-02
1.364141050726175308e-02
1.360442303121089935e-02
1.357377879321575165e-02
1.356855593621730804e-02
1.352116838097572327e-02
1.346126478165388107e-02
1.344539318233728409e-02
1.345182396471500397e-02
1.342744566500186920e-02
1.341399829834699631e-02
1.339446566998958588e-02
1.338345836848020554e-02
1.337175257503986359e-02
1.336885709315538406e-02
1.334128435701131821e-02
1.330631785094738007e-02
1.325291953980922699e-02
1.316066272556781769e-02
1.303607132285833359e-02
1.290246006101369858e-02
1.274077408015727997e-02
1.253837160766124725e-02
1.229329779744148254e-02
1.207419391721487045e-02
1.183761935681104660e-02
1.160268113017082214e-02
1.142974849790334702e-02
1.127484813332557678e-02
1.109632849693298340e-02
1.097031496465206146e-02
1.087913475930690765e-02
1.078944187611341476e-02
1.067948434501886368e-02
1.062007155269384384e-02
1.054581534117460251e-02
1.048852037638425827e-02
1.040303707122802734e-02
1.035396289080381393e-02
1.034367550164461136e-02
1.036804262548685074e-02
1.038737688213586807e-02
1.041406951844692230e-02
1.045047305524349213e-02
1.047158334404230118e-02
1.046156231313943863e-02
1.041448395699262619e-02
1.038733869791030884e-02
1.039895508438348770e-02
1.043327990919351578e-02
1.048793923109769821e-02
1.056320033967494965e-02
1.065639313310384750e-02
1.076848991215229034e-02
1.091699581593275070e-02
1.106665376573801041e-02
1.119453459978103638e-02
1.135779079049825668e-02
1.162087451666593552e-02
1.185058429837226868e-02
1.208147685974836349e-02
1.234273333102464676e-02
1.252929959446191788e-02
1.267725974321365356e-02
1.279274746775627136e-02
1.284882053732872009e-02
1.291146222501993179e-02
1.295559015125036240e-02
1.293211337178945541e-02
1.294773723930120468e-02
1.298593822866678238e-02
1.305417343974113464e-02
1.309051271528005600e-02
1.318051852285861969e-02
1.325779873877763748e-02
1.333832740783691406e-02
1.342200674116611481e-02
1.350705605000257492e-02
1.363908220082521439e-02
1.379744894802570343e-02
1.391276810318231583e-02
1.404571160674095154e-02
1.417251117527484894e-02
1.427385304123163223e-02
1.441254094243049622e-02
1.459863968193531036e-02
1.474052947014570236e-02
1.484969723969697952e-02
1.490867976099252701e-02
1.495462190359830856e-02
1.493391674011945724e-02
1.488940417766571045e-02
1.484151836484670639e-02
1.475421339273452759e-02
1.465632673352956772e-02
1.457332726567983627e-02
1.454177033156156540e-02
1.454645302146673203e-02
1.459021214395761490e-02
1.466196682304143906e-02
1.474005822092294693e-02
1.489584241062402725e-02
1.505720615386962891e-02
1.516904868185520172e-02
1.529466919600963593e-02
1.543588563799858093e-02
1.553311850875616074e-02
1.555058360099792480e-02
1.550590153783559799e-02
1.544506475329399109e-02
1.533969771116971970e-02
1.526906061917543411e-02
1.520745549350976944e-02
1.514065265655517578e-02
1.503137499094009399e-02
1.494948286563158035e-02
1.477395743131637573e-02
1.461849547922611237e-02
1.449626497924327850e-02
1.437719631940126419e-02
1.427212357521057129e-02
1.432070322334766388e-02
1.438776124268770218e-02
1.443800423294305801e-02
1.450104173272848129e-02
1.451603230088949203e-02
1.447402220219373703e-02
1.445056218653917313e-02
1.445058919489383698e-02
1.443208474665880203e-02
1.445567049086093903e-02
1.448317430913448334e-02
1.450713444501161575e-02
1.450483500957489014e-02
1.448247209191322327e-02
1.446683611720800400e-02
1.442321576178073883e-02
1.442437525838613510e-02
1.439771614968776703e-02
1.446894463151693344e-02
1.455601025372743607e-02
1.465077605098485947e-02
1.476363372057676315e-02
1.472186576575040817e-02
1.464340928941965103e-02
1.453678123652935028e-02
1.437339186668395996e-02
1.425334904342889786e-02
1.403921749442815781e-02
1.386402919888496399e-02
1.378608308732509613e-02
1.377095188945531845e-02
1.381192542612552643e-02
1.386051811277866364e-02
1.388238742947578430e-02
1.396650448441505432e-02
1.409007515758275986e-02
1.425370108336210251e-02
1.438474934548139572e-02
1.447179634124040604e-02
1.452497486025094986e-02
1.456181798130273819e-02
1.459176372736692429e-02
1.459752209484577179e-02
1.460355799645185471e-02
1.452411152422428131e-02
1.446214038878679276e-02
1.441324502229690552e-02
1.438580267131328583e-02
1.433652173727750778e-02
1.435139868408441544e-02
1.434424985200166702e-02
1.425756979733705521e-02
1.422328036278486252e-02
1.423542574048042297e-02
1.428277976810932159e-02
1.431023050099611282e-02
1.439151074737310410e-02
1.448873057961463928e-02
1.458622515201568604e-02
1.467557530850172043e-02
1.475961599498987198e-02
1.487901527434587479e-02
1.492907106876373291e-02
1.491381973028182983e-02
1.485272590070962906e-02
1.476886868476867676e-02
1.472792029380798340e-02
1.470000948756933212e-02
1.475410908460617065e-02
1.478716265410184860e-02
1.483031641691923141e-02
1.488950941711664200e-02
1.492080837488174438e-02
1.494832523167133331e-02
1.500820368528366089e-02
1.506092678755521774e-02
1.504342630505561829e-02
1.503661926835775375e-02
1.505054160952568054e-02
1.512202806770801544e-02
1.517809834331274033e-02
1.525831036269664764e-02
1.530572772026062012e-02
1.531527563929557800e-02
1.536028925329446793e-02
1.536696683615446091e-02
1.536554750055074692e-02
1.537994015961885452e-02
1.536316424608230591e-02
1.530820783227682114e-02
1.527871657162904739e-02
1.526538841426372528e-02
1.525566726922988892e-02
1.517696026712656021e-02
1.514082029461860657e-02
1.505764108151197433e-02
1.493591070175170898e-02
1.484581176191568375e-02
1.478261966258287430e-02
1.478096563369035721e-02
1.480729226022958755e-02
1.481224969029426575e-02
1.478510722517967224e-02
1.474781613796949387e-02
1.471626199781894684e-02
1.470854692161083221e-02
1.464516855776309967e-02
1.458441372960805893e-02
1.450935658067464828e-02
1.449274271726608276e-02
1.448660064488649368e-02
1.449712179601192474e-02
1.457590609788894653e-02
1.464005280286073685e-02
1.468431670218706131e-02
1.476416457444429398e-02
1.479961350560188293e-02
1.478030439466238022e-02
1.473934669047594070e-02
1.462146267294883728e-02
1.450005266815423965e-02
1.439295150339603424e-02
1.429185923188924789e-02
1.421363092958927155e-02
1.418779604136943817e-02
1.418685819953680038e-02
1.417551282793283463e-02
1.417084410786628723e-02
1.414557080715894699e-02
1.413324102759361267e-02
1.416881382465362549e-02
1.409254595637321472e-02
1.405068859457969666e-02
1.404669508337974548e-02
1.405216287821531296e-02
1.408388372510671616e-02
1.408572401851415634e-02
1.411471795290708542e-02
1.415135711431503296e-02
1.419574022293090820e-02
1.429366320371627808e-02
1.438254769891500473e-02
1.446895953267812729e-02
1.452955976128578186e-02
1.459475327283143997e-02
1.467666774988174438e-02
1.470442395657300949e-02
1.487962808459997177e-02
1.505589392036199570e-02
1.518872566521167755e-02
1.527284644544124603e-02
1.534024626016616821e-02
1.543212775141000748e-02
1.546382252126932144e-02
1.543287094682455063e-02
1.535470224916934967e-02
1.526966039091348648e-02
1.518220454454421997e-02
1.495528873056173325e-02
1.475749909877777100e-02
1.467465888708829880e-02
1.461620535701513290e-02
1.457940414547920227e-02
1.459952816367149353e-02
1.461981423199176788e-02
1.462063472718000412e-02
1.456551719456911087e-02
1.450680568814277649e-02
1.448993757367134094e-02
1.448178943246603012e-02
1.444453466683626175e-02
1.439278293401002884e-02
1.436957344412803650e-02
1.432881597429513931e-02
1.429747138172388077e-02
1.422651205211877823e-02
1.418504957109689713e-02
1.417087763547897339e-02
1.415471918880939484e-02
1.415699347853660583e-02
1.414580177515745163e-02
1.414501667022705078e-02
1.420446857810020447e-02
1.424903795123100281e-02
1.424097549170255661e-02
1.427117455750703812e-02
1.427581254392862320e-02
1.428231503814458847e-02
1.431230641901493073e-02
1.432669255882501602e-02
1.435259450227022171e-02
1.438447833061218262e-02
1.437957491725683212e-02
1.437346171587705612e-02
1.435737125575542450e-02
1.433621067553758621e-02
1.438363268971443176e-02
1.440703030675649643e-02
1.442538481205701828e-02
1.445992849767208099e-02
1.451503299176692963e-02
1.458659023046493530e-02
1.467994600534439087e-02
1.481051184237003326e-02
1.486731506884098053e-02
1.495272014290094376e-02
1.503872312605381012e-02
1.514274720102548599e-02
1.524809375405311584e-02
1.530475076287984848e-02
1.536182779818773270e-02
1.540872268378734589e-02
1.547817513346672058e-02
1.557468809187412262e-02
1.570948958396911621e-02
1.581050269305706024e-02
1.592958532273769379e-02
1.605991274118423462e-02
1.618993282318115234e-02
1.627997308969497681e-02
1.635662093758583069e-02
1.640857756137847900e-02
1.645687222480773926e-02
1.648176275193691254e-02
1.649541594088077545e-02
1.653861254453659058e-02
1.658553257584571838e-02
1.664558611810207367e-02
1.669042557477951050e-02
1.677346602082252502e-02
1.682425662875175476e-02
1.685552112758159637e-02
1.691886037588119507e-02
1.693891920149326324e-02
1.696788892149925232e-02
1.700717955827713013e-02
1.703334227204322815e-02
1.707118377089500427e-02
1.710077561438083649e-02
1.717483997344970703e-02
1.724443770945072174e-02
1.732355728745460510e-02
1.739728264510631561e-02
1.747897081077098846e-02
1.756982877850532532e-02
1.762782037258148193e-02
1.771527156233787537e-02
1.777316257357597351e-02
1.781377010047435760e-02
1.785401813685894012e-02
1.789461821317672729e-02
1.793712377548217773e-02
1.795228198170661926e-02
1.789969950914382935e-02
1.789312064647674561e-02
1.785208843648433685e-02
1.784380152821540833e-02
1.785445958375930786e-02
1.779583469033241272e-02
1.775779388844966888e-02
1.772893406450748444e-02
1.774127967655658722e-02
1.769104599952697754e-02
1.765976659953594208e-02
1.765248924493789673e-02
1.768168807029724121e-02
1.770793832838535309e-02
1.775679364800453186e-02
1.784340478479862213e-02
1.789979636669158936e-02
1.794314384460449219e-02
1.797169074416160583e-02
1.803527772426605225e-02
1.809876412153244019e-02
1.810139976441860199e-02
1.810682192444801331e-02
1.813567802309989929e-02
1.829358190298080444e-02
1.843361184000968933e-02
1.855405792593955994e-02
1.863022707402706146e-02
1.865824684500694275e-02
1.866278052330017090e-02
1.864562928676605225e-02
1.856378465890884399e-02
1.843550242483615875e-02
1.828932948410511017e-02
1.816594228148460388e-02
1.800713129341602325e-02
1.785022020339965820e-02
1.768958568572998047e-02
1.758375763893127441e-02
1.753192208707332611e-02
1.756240986287593842e-02
1.750755682587623596e-02
1.747665926814079285e-02
1.742886565625667572e-02
1.739088818430900574e-02
1.739479787647724152e-02
1.736436039209365845e-02
1.734909974038600922e-02
1.731673255562782288e-02
1.722805015742778778e-02
1.713856868445873260e-02
1.708835549652576447e-02
1.707125455141067505e-02
1.709762588143348694e-02
1.716586574912071228e-02
1.719774492084980011e-02
1.724795065820217133e-02
1.728503406047821045e-02
1.735822856426239014e-02
1.739457808434963226e-02
1.736348867416381836e-02
1.731289923191070557e-02
1.724055781960487366e-02
1.716932468116283417e-02
1.712483912706375122e-02
1.702388003468513489e-02
1.691855676472187042e-02
1.685747876763343811e-02
1.697905361652374268e-02
1.713147945702075958e-02
1.728841662406921387e-02
1.742745377123355865e-02
1.752420142292976379e-02
1.759819313883781433e-02
1.759745553135871887e-02
1.757494360208511353e-02
1.752332411706447601e-02
1.743279770016670227e-02
1.732700876891613007e-02
1.723648421466350555e-02
1.712462119758129120e-02
1.704568602144718170e-02
1.699725165963172913e-02
1.689857058227062225e-02
1.682647317647933960e-02
1.674496568739414215e-02
1.668368093669414520e-02
1.659877598285675049e-02
1.658984646201133728e-02
1.660735718905925751e-02
1.658756472170352936e-02
1.659504882991313934e-02
1.655979640781879425e-02
1.655698567628860474e-02
1.655301079154014587e-02
1.656791009008884430e-02
1.661314815282821655e-02
1.667893491685390472e-02
1.674664579331874847e-02
1.681796833872795105e-02
1.690040901303291321e-02
1.699855178594589233e-02
1.708379015326499939e-02
1.714679598808288574e-02
1.702873595058917999e-02
1.690927520394325256e-02
1.682064682245254517e-02
1.676161028444766998e-02
1.667562685906887054e-02
1.659224741160869598e-02
1.656352914869785309e-02
1.656391471624374390e-02
1.658814214169979095e-02
1.659080199897289276e-02
1.657425425946712494e-02
1.654682494699954987e-02
1.653608307242393494e-02
1.654447242617607117e-02
1.655741222202777863e-02
1.661336980760097504e-02
1.665821857750415802e-02
1.676759868860244751e-02
1.685029082000255585e-02
1.687368191778659821e-02
1.685218513011932373e-02
1.679713651537895203e-02
1.671216264367103577e-02
1.660890504717826843e-02
1.651844196021556854e-02
1.647426560521125793e-02
1.642607338726520538e-02
1.642446406185626984e-02
1.642043888568878174e-02
1.646675914525985718e-02
1.653152890503406525e-02
1.657831855118274689e-02
1.661199517548084259e-02
1.665657758712768555e-02
1.669224351644515991e-02
1.669133454561233521e-02
1.666247844696044922e-02
1.662183366715908051e-02
1.660157553851604462e-02
1.660068333148956299e-02
1.657854393124580383e-02
1.656032539904117584e-02
1.652384363114833832e-02
1.650448516011238098e-02
1.647857390344142914e-02
1.646618545055389404e-02
1.643316820263862610e-02
1.639691926538944244e-02
1.634823530912399292e-02
1.631105132400989532e-02
1.629223674535751343e-02
1.629535667598247528e-02
1.628077775239944458e-02
1.628599315881729126e-02
1.628609187901020050e-02
1.630733907222747803e-02
1.632103323936462402e-02
1.637130230665206909e-02
1.639537885785102844e-02
1.640243269503116608e-02
1.639960706233978271e-02
1.640007831156253815e-02
1.641159132122993469e-02
1.641521044075489044e-02
1.622630283236503601e-02
1.605113968253135681e-02
1.590494066476821899e-02
1.581277698278427124e-02
1.578428596258163452e-02
1.582526788115501404e-02
1.585747487843036652e-02
1.588711515069007874e-02
1.589823327958583832e-02
1.591770164668560028e-02
1.594992168247699738e-02
1.599038578569889069e-02
1.604238152503967285e-02
1.602687686681747437e-02
1.604263298213481903e-02
1.601884886622428894e-02
1.601126231253147125e-02
1.601043716073036194e-02
1.600634865462779999e-02
1.600155793130397797e-02
1.601002924144268036e-02
1.602775417268276215e-02
1.602758280932903290e-02
1.604068465530872345e-02
1.544639840722084045e-02
1.491738948971033096e-02
1.443610433489084244e-02
1.406828872859477997e-02
1.374069042503833771e-02
1.349758263677358627e-02
1.328806951642036438e-02
1.317320484668016434e-02
1.310635823756456375e-02
1.308153569698333740e-02
1.308627426624298096e-02
1.312351506203413010e-02
1.319474540650844574e-02
1.329225488007068634e-02
1.339959912002086639e-02
1.354685425758361816e-02
1.370113715529441833e-02
1.385187450796365738e-02
1.401350181549787521e-02
1.415611058473587036e-02
1.425327733159065247e-02
1.435503549873828888e-02
1.444407738745212555e-02
1.449018996208906174e-02
1.453314814716577530e-02
1.456516329199075699e-02
1.457883510738611221e-02
1.455619186162948608e-02
1.452773902565240860e-02
1.449767034500837326e-02
1.446346379816532135e-02
1.442424021661281586e-02
1.438189670443534851e-02
1.434176228940486908e-02
1.427321974188089371e-02
1.418914832174777985e-02
1.410594955086708069e-02
1.401553396135568619e-02
1.394163165241479874e-02
1.386018656194210052e-02
1.379862800240516663e-02
1.372470613569021225e-02
1.363624352961778641e-02
1.353889890015125275e-02
1.345438230782747269e-02
1.342412643134593964e-02
1.342920958995819092e-02
1.347109209746122360e-02
1.353780739009380341e-02
1.359415147453546524e-02
1.365538313984870911e-02
1.371613517403602600e-02
1.375434733927249908e-02
1.377888582646846771e-02
1.378059387207031250e-02
1.379467174410820007e-02
1.381911989301443100e-02
1.383069530129432678e-02
1.383976917713880539e-02
1.392815727740526199e-02
1.398244593292474747e-02
1.403563469648361206e-02
1.407401543110609055e-02
1.409661304205656052e-02
1.408435683697462082e-02
1.408561784774065018e-02
1.407274510711431503e-02
1.404781173914670944e-02
1.401568669825792313e-02
1.399537082761526108e-02
1.398019306361675262e-02
1.398718450218439102e-02
1.404392905533313751e-02
1.409567333757877350e-02
1.417904254049062729e-02
1.427321787923574448e-02
1.437653228640556335e-02
1.446883659809827805e-02
1.455861423164606094e-02
1.465166080743074417e-02
1.471337210386991501e-02
1.476485375314950943e-02
1.481650397181510925e-02
1.482842769473791122e-02
1.482119690626859665e-02
1.480059977620840073e-02
1.477891206741333008e-02
1.474423054605722427e-02
1.469702180474996567e-02
1.467251405119895935e-02
1.463393401354551315e-02
1.461325772106647491e-02
1.461095642298460007e-02
1.459960173815488815e-02
1.458528172224760056e-02
1.476426143199205399e-02
1.493178773671388626e-02
1.506990939378738403e-02
1.517829950898885727e-02
1.527102570980787277e-02
1.535664405673742294e-02
1.544240675866603851e-02
1.550298463553190231e-02
1.554509811103343964e-02
1.559067424386739731e-02
1.563734747469425201e-02
1.570086739957332611e-02
1.574825681746006012e-02
1.578563638031482697e-02
1.579286716878414154e-02
1.580308564007282257e-02
1.580385118722915649e-02
1.579459197819232941e-02
1.576750166714191437e-02
1.575596816837787628e-02
1.573333702981472015e-02
1.571326702833175659e-02
1.573426462709903717e-02
1.575990766286849976e-02
1.582073420286178589e-02
1.588999666273593903e-02
1.594685018062591553e-02
1.600137911736965179e-02
1.599920727312564850e-02
1.598051749169826508e-02
1.595453545451164246e-02
1.594019681215286255e-02
1.592438109219074249e-02
1.590421237051486969e-02
1.589937321841716766e-02
1.592740975320339203e-02
1.595714688301086426e-02
1.598066277801990509e-02
1.601855829358100891e-02
1.605247892439365387e-02
1.608587428927421570e-02
1.611229777336120605e-02
1.611378602683544159e-02
1.611788384616374969e-02
1.617322117090225220e-02
1.622125320136547089e-02
1.626283861696720123e-02
1.629995182156562805e-02
1.633161120116710663e-02
1.634620688855648041e-02
1.635347492992877960e-02
1.635432243347167969e-02
1.635275036096572876e-02
1.633298955857753754e-02
1.629658043384552002e-02
1.621679775416851044e-02
1.615492440760135651e-02
1.610608771443367004e-02
1.605640165507793427e-02
1.600395701825618744e-02
1.593612134456634521e-02
1.588974148035049438e-02
1.584113016724586487e-02
1.578792929649353027e-02
1.576064527034759521e-02
1.577421091496944427e-02
1.578161679208278656e-02
1.578417979180812836e-02
1.577076502144336700e-02
1.576864905655384064e-02
1.576725021004676819e-02
1.579198613762855530e-02
1.585875079035758972e-02
1.595731079578399658e-02
1.606192439794540405e-02
1.619149744510650635e-02
1.632376573979854584e-02
1.644266210496425629e-02
1.654044538736343384e-02
1.662402972579002380e-02
1.667361892759799957e-02
1.671791449189186096e-02
1.674287952482700348e-02
1.677943579852581024e-02
1.682235859334468842e-02
1.682195067405700684e-02
1.685200817883014679e-02
1.687816530466079712e-02
1.687522232532501221e-02
1.685823127627372742e-02
1.684540882706642151e-02
1.682000793516635895e-02
1.677972264587879181e-02
1.673964783549308777e-02
1.669270731508731842e-02
1.665698364377021790e-02
1.661154627799987793e-02
1.651491411030292511e-02
1.640654169023036957e-02
1.633486151695251465e-02
1.628154516220092773e-02
1.623288542032241821e-02
1.619344018399715424e-02
1.614918000996112823e-02
1.610751822590827942e-02
1.608930341899394989e-02
1.608702912926673889e-02
1.608595252037048340e-02
1.608389243483543396e-02
1.609059236943721771e-02
1.611251384019851685e-02
1.616194099187850952e-02
1.623725891113281250e-02
1.633182913064956665e-02
1.639559306204319000e-02
1.644581556320190430e-02
1.647186093032360077e-02
1.649987511336803436e-02
1.650873944163322449e-02
1.652242802083492279e-02
1.655710861086845398e-02
1.657646149396896362e-02
1.659148372709751129e-02
1.659970171749591827e-02
1.659368723630905151e-02
1.658729091286659241e-02
1.659686304628849030e-02
1.662390492856502533e-02
1.665262132883071899e-02
1.669562421739101410e-02
1.674342900514602661e-02
1.677427254617214203e-02
1.680019125342369080e-02
1.683117449283599854e-02
1.683746092021465302e-02
1.685049384832382202e-02
1.684786379337310791e-02
1.683894544839859009e-02
1.682738587260246277e-02
1.682008430361747742e-02
1.681774295866489410e-02
1.682743988931179047e-02
1.682290062308311462e-02
1.681758277118206024e-02
1.681084930896759033e-02
1.682433672249317169e-02
1.681191846728324890e-02
1.680532097816467285e-02
1.678194105625152588e-02
1.674893125891685486e-02
1.673928089439868927e-02
1.675185374915599823e-02
1.677068695425987244e-02
1.694116368889808655e-02
1.708710566163063049e-02
1.721573062241077423e-02
1.731102168560028076e-02
1.734445802867412567e-02
1.729321852326393127e-02
1.719912141561508179e-02
1.707812771201133728e-02
1.694317720830440521e-02
1.680078729987144470e-02
1.664946228265762329e-02
1.649601012468338013e-02
1.634531095623970032e-02
1.619164273142814636e-02
1.606611721217632294e-02
1.597476005554199219e-02
1.587133109569549561e-02
1.579150184988975525e-02
1.571539416909217834e-02
1.564518734812736511e-02
1.559514645487070084e-02
1.556336972862482071e-02
1.554203033447265625e-02
1.554274838417768478e-02
1.554944831877946854e-02
1.556925196200609207e-02
1.559872087091207504e-02
1.561737339943647385e-02
1.564356312155723572e-02
1.566511951386928558e-02
1.571771875023841858e-02
1.573940180242061615e-02
1.576980762183666229e-02
1.581306010484695435e-02
1.586258970201015472e-02
1.592154428362846375e-02
1.597525924444198608e-02
1.600611209869384766e-02
1.606021448969841003e-02
1.611026190221309662e-02
1.615755446255207062e-02
1.618409529328346252e-02
1.620033197104930878e-02
1.620387099683284760e-02
1.619239337742328644e-02
1.618600077927112579e-02
1.616939529776573181e-02
1.612957194447517395e-02
1.607693359255790710e-02
1.603488624095916748e-02
1.599336974322795868e-02
1.595327630639076233e-02
1.589988730847835541e-02
1.584601216018199921e-02
1.579243503510951996e-02
1.574141718447208405e-02
1.571274548768997192e-02
1.568236947059631348e-02
1.566411554813385010e-02
1.558634173125028610e-02
1.552956830710172653e-02
1.548618730157613754e-02
1.545785181224346161e-02
1.543725002557039261e-02
1.539403293281793594e-02
1.536628231406211853e-02
1.536621153354644775e-02
1.539970282465219498e-02
1.542707439512014389e-02
1.544983778148889542e-02
1.545506529510021210e-02
1.545812562108039856e-02
1.547630876302719116e-02
1.551666669547557831e-02
1.555483322590589523e-02
1.558938343077898026e-02
1.561793498694896698e-02
1.566711813211441040e-02
1.570310071110725403e-02
1.573492214083671570e-02
1.577037014067173004e-02
1.581455394625663757e-02
1.585329510271549225e-02
1.588786393404006958e-02
1.588547788560390472e-02
1.586160063743591309e-02
1.583739928901195526e-02
1.579708606004714966e-02
1.575448550283908844e-02
1.570208556950092316e-02
1.565867476165294647e-02
1.563171483576297760e-02
1.561629585921764374e-02
1.560443919152021408e-02
1.561530306935310364e-02
1.563447341322898865e-02
1.564189977943897247e-02
1.566342636942863464e-02
1.569775491952896118e-02
1.574038900434970856e-02
1.578107103705406189e-02
1.583157107234001160e-02
1.584890484809875488e-02
1.588273793458938599e-02
1.592240296304225922e-02
1.595097407698631287e-02
1.598775945603847504e-02
1.603644900023937225e-02
1.607605628669261932e-02
1.611330918967723846e-02
1.614305190742015839e-02
1.617188565433025360e-02
1.618706248700618744e-02
1.620189659297466278e-02
1.620468497276306152e-02
1.619900949299335480e-02
1.618548855185508728e-02
1.619976386427879333e-02
1.620785519480705261e-02
1.621053740382194519e-02
1.621100865304470062e-02
1.620909385383129120e-02
1.619500480592250824e-02
1.616632565855979919e-02
1.615499146282672882e-02
1.613707281649112701e-02
1.610914058983325958e-02
1.609627902507781982e-02
1.608857326209545135e-02
1.608669199049472809e-02
1.608780212700366974e-02
1.610189862549304962e-02
1.610135100781917572e-02
1.610761508345603943e-02
1.610191725194454193e-02
1.611466147005558014e-02
1.613330654799938202e-02
1.615336164832115173e-02
1.616321876645088196e-02
1.616559550166130066e-02
1.616041362285614014e-02
1.616795361042022705e-02
1.617201231420040131e-02
1.618392392992973328e-02
1.618272066116333008e-02
1.619226112961769104e-02
1.621143706142902374e-02
1.623882167041301727e-02
1.626924425363540649e-02
1.631161943078041077e-02
1.632939465343952179e-02
1.633318886160850525e-02
1.635646447539329529e-02
1.637208089232444763e-02
1.638930104672908783e-02
1.640728674829006195e-02
1.644689589738845825e-02
1.646549813449382782e-02
1.647328585386276245e-02
1.648774184286594391e-02
1.649434491991996765e-02
1.650372147560119629e-02
1.652691513299942017e-02
1.654456928372383118e-02
1.655417121946811676e-02
1.657068170607089996e-02
1.666294224560260773e-02
1.674270443618297577e-02
1.681496016681194305e-02
1.689072698354721069e-02
1.694968342781066895e-02
1.701941154897212982e-02
1.712788455188274384e-02
1.721858978271484375e-02
1.729888468980789185e-02
1.735955104231834412e-02
1.738802343606948853e-02
1.739998534321784973e-02
1.740802265703678131e-02
1.742786914110183716e-02
1.744949445128440857e-02
1.745133288204669952e-02
1.744416728615760803e-02
1.742627471685409546e-02
1.740739308297634125e-02
1.737197302281856537e-02
1.735716499388217926e-02
1.732641085982322693e-02
1.731446012854576111e-02
1.730544678866863251e-02
1.729899458587169647e-02
1.729065366089344025e-02
1.727522723376750946e-02
1.727718301117420197e-02
1.729680225253105164e-02
1.730876415967941284e-02
1.731476932764053345e-02
1.732381992042064667e-02
1.731008104979991913e-02
1.729874499142169952e-02
1.728946715593338013e-02
1.728497259318828583e-02
1.729106158018112183e-02
1.732221432030200958e-02
1.740358956158161163e-02
1.748707145452499390e-02
1.755276881158351898e-02
1.760064810514450073e-02
1.762964762747287750e-02
1.765963993966579437e-02
1.767620630562305450e-02
1.768404059112071991e-02
1.768617518246173859e-02
1.769163273274898529e-02
1.769915409386157990e-02
1.769916899502277374e-02
1.768163405358791351e-02
1.765068247914314270e-02
1.760545559227466583e-02
1.756569184362888336e-02
1.752807199954986572e-02
1.749854348599910736e-02
1.745082251727581024e-02
1.740673743188381195e-02
1.737149618566036224e-02
1.735795475542545319e-02
1.734815537929534912e-02
1.733330078423023224e-02
1.731797680258750916e-02
1.730005256831645966e-02
1.729600131511688232e-02
1.730173826217651367e-02
1.732770726084709167e-02
1.734630391001701355e-02
1.736262068152427673e-02
1.739411614835262299e-02
1.743513718247413635e-02
1.745948195457458496e-02
1.747724227607250214e-02
1.749172806739807129e-02
1.750998012721538544e-02
1.752441376447677612e-02
1.755235157907009125e-02
1.758208684623241425e-02
1.762252673506736755e-02
1.765191368758678436e-02
1.767724752426147461e-02
1.764648780226707458e-02
1.762713305652141571e-02
1.759445667266845703e-02
1.756271347403526306e-02
1.753598265349864960e-02
1.749203540384769440e-02
1.744646020233631134e-02
1.742131821811199188e-02
1.769197359681129456e-02
1.795569248497486115e-02
1.818920485675334930e-02
1.839893870055675507e-02
1.856792159378528595e-02
1.871537230908870697e-02
1.886831223964691162e-02
1.898931525647640228e-02
1.907842978835105896e-02
1.913674734532833099e-02
1.917797699570655823e-02
1.920914277434349060e-02
1.921984553337097168e-02
1.921522058546543121e-02
1.917317695915699005e-02
1.913321763277053833e-02
1.912842504680156708e-02
1.913206279277801514e-02
1.913256198167800903e-02
1.911722309887409210e-02
1.908687874674797058e-02
1.905721426010131836e-02
1.903306879103183746e-02
1.899183541536331177e-02
1.894607394933700562e-02
1.889136061072349548e-02
1.882005296647548676e-02
1.873686537146568298e-02
1.865380629897117615e-02
1.858158782124519348e-02
1.850758679211139679e-02
1.843326911330223083e-02
1.836016215384006500e-02
1.826910488307476044e-02
1.816619560122489929e-02
1.804900169372558594e-02
1.792482845485210419e-02
1.779974065721035004e-02
1.767553016543388367e-02
1.754929311573505402e-02
1.742026582360267639e-02
1.730073243379592896e-02
1.720284484326839447e-02
1.711649820208549500e-02
1.702754944562911987e-02
1.694342121481895447e-02
1.686750911176204681e-02
1.680235005915164948e-02
1.676245406270027161e-02
1.671854406595230103e-02
1.666274480521678925e-02
1.664157956838607788e-02
1.663365028798580170e-02
1.663477346301078796e-02
1.665961928665637970e-02
1.669725216925144196e-02
1.674512214958667755e-02
1.678883656859397888e-02
1.684135757386684418e-02
1.690553501248359680e-02
1.698361150920391083e-02
1.705548726022243500e-02
1.711211539804935455e-02
1.715400815010070801e-02
1.718902029097080231e-02
1.722279936075210571e-02
1.726018078625202179e-02
1.728871092200279236e-02
1.732596755027770996e-02
1.734564267098903656e-02
1.738110929727554321e-02
1.743814535439014435e-02
1.748160645365715027e-02
1.752501726150512695e-02
1.754456199705600739e-02
1.754774339497089386e-02
1.755900494754314423e-02
1.757682487368583679e-02
1.758441887795925140e-02
1.758492924273014069e-02
1.757691614329814911e-02
1.753915287554264069e-02
1.750470884144306183e-02
1.745944283902645111e-02
1.741607300937175751e-02
1.737537980079650879e-02
1.733736880123615265e-02
1.731074601411819458e-02
1.730201952159404755e-02
1.729306578636169434e-02
1.727824658155441284e-02
1.728283613920211792e-02
1.728842221200466156e-02
1.728414744138717651e-02
1.728236488997936249e-02
1.727261207997798920e-02
1.726283878087997437e-02
1.725501939654350281e-02
1.725468225777149200e-02
1.725097000598907471e-02
1.730831898748874664e-02
1.733522675931453705e-02
1.738448441028594971e-02
1.744369417428970337e-02
1.749737933278083801e-02
1.755209825932979584e-02
1.757452264428138733e-02
1.758380420506000519e-02
1.758122630417346954e-02
1.757354661822319031e-02
1.755059510469436646e-02
1.752470433712005615e-02
1.750657148659229279e-02
1.749907433986663818e-02
1.749139651656150818e-02
1.748775877058506012e-02
1.746992953121662140e-02
1.745113730430603027e-02
1.743392646312713623e-02
1.742251403629779816e-02
1.741185598075389862e-02
1.741673983633518219e-02
1.743247359991073608e-02
1.744521781802177429e-02
1.747423596680164337e-02
1.750419475138187408e-02
1.754068955779075623e-02
1.756338961422443390e-02
1.757968962192535400e-02
1.760726422071456909e-02
1.762452349066734314e-02
1.762833632528781891e-02
1.762051694095134735e-02
1.761698164045810699e-02
1.760972663760185242e-02
1.758175715804100037e-02
1.756476610898971558e-02
1.754891127347946167e-02
1.752288453280925751e-02
1.750382967293262482e-02
1.747251674532890320e-02
1.745655573904514313e-02
1.746506616473197937e-02
1.746219024062156677e-02
1.745800673961639404e-02
1.745231449604034424e-02
1.745534688234329224e-02
1.744397170841693878e-02
1.743747107684612274e-02
1.743653975427150726e-02
1.742582768201828003e-02
1.740785501897335052e-02
1.738731935620307922e-02
1.737541705369949341e-02
1.735492609441280365e-02
1.731917820870876312e-02
1.729026436805725098e-02
1.727383583784103394e-02
1.728629879653453827e-02
1.725236698985099792e-02
1.722808368504047394e-02
1.719792932271957397e-02
1.717455126345157623e-02
1.716241426765918732e-02
1.716193743050098419e-02
1.716736704111099243e-02
1.718809641897678375e-02
1.720609515905380249e-02
1.720658503472805023e-02
1.714978553354740143e-02
1.711206696927547455e-02
1.706325262784957886e-02
1.701653562486171722e-02
1.697190292179584503e-02
1.694124378263950348e-02
1.692704856395721436e-02
1.689981482923030853e-02
1.689383387565612793e-02
1.689851470291614532e-02
1.691125705838203430e-02
1.691178791224956512e-02
1.692388020455837250e-02
1.694186031818389893e-02
1.691533811390399933e-02
1.688078790903091431e-02
1.685117930173873901e-02
1.683593168854713440e-02
1.681485399603843689e-02
1.677848584949970245e-02
1.673750579357147217e-02
1.668974198400974274e-02
1.664984785020351410e-02
1.662304438650608063e-02
1.659302227199077606e-02
1.656950078904628754e-02
1.655426993966102600e-02
1.655165106058120728e-02
1.656485907733440399e-02
1.657921075820922852e-02
1.658926345407962799e-02
1.658538728952407837e-02
1.657869666814804077e-02
1.657271385192871094e-02
1.657616160809993744e-02
1.658509671688079834e-02
1.658721454441547394e-02
1.658501289784908295e-02
1.656464487314224243e-02
1.655230298638343811e-02
1.653344742953777313e-02
1.652688905596733093e-02
1.651836186647415161e-02
1.651970110833644867e-02
1.652219146490097046e-02
1.651979610323905945e-02
1.651863567531108856e-02
1.651447638869285583e-02
1.651323027908802032e-02
1.652189344167709351e-02
1.653694361448287964e-02
1.655067503452301025e-02
1.655016653239727020e-02
1.654596999287605286e-02
1.654197461903095245e-02
1.654709689319133759e-02
1.653443835675716400e-02
1.653512939810752869e-02
1.653941906988620758e-02
1.652491092681884766e-02
1.650608330965042114e-02
1.649770513176918030e-02
1.650247164070606232e-02
1.651368290185928345e-02
1.652017794549465179e-02
1.653578504920005798e-02
1.652393117547035217e-02
1.652320660650730133e-02
1.653076894581317902e-02
1.655511185526847839e-02
1.658923178911209106e-02
1.662767119705677032e-02
1.665996201336383820e-02
1.668171770870685577e-02
1.670403033494949341e-02
1.672571524977684021e-02
1.675280556082725525e-02
1.678507775068283081e-02
1.679144240915775299e-02
1.680045202374458313e-02
1.681105419993400574e-02
1.682889461517333984e-02
1.683731935918331146e-02
1.683621108531951904e-02
1.682366430759429932e-02
1.681131683290004730e-02
1.678909733891487122e-02
1.676432602107524872e-02
1.673117280006408691e-02
1.669871620833873749e-02
1.667581498622894287e-02
1.664690487086772919e-02
1.662362925708293915e-02
1.659393496811389923e-02
1.656574569642543793e-02
1.653103902935981750e-02
1.649134978652000427e-02
1.645698212087154388e-02
1.642753928899765015e-02
1.640064083039760590e-02
1.637252606451511383e-02
1.634455472230911255e-02
1.632386632263660431e-02
1.630374230444431305e-02
1.628876663744449615e-02
1.628335192799568176e-02
1.628551445901393890e-02
1.630148105323314667e-02
1.630550622940063477e-02
1.632148027420043945e-02
1.634057797491550446e-02
1.635370030999183655e-02
1.636376045644283295e-02
1.637461967766284943e-02
1.637845486402511597e-02
1.638719253242015839e-02
1.639264263212680817e-02
1.634020358324050903e-02
1.629301719367504120e-02
1.626717671751976013e-02
1.624919474124908447e-02
1.623794808983802795e-02
1.623054407536983490e-02
1.622511819005012512e-02
1.621682941913604736e-02
1.620420441031455994e-02
1.619426533579826355e-02
1.619309559464454651e-02
1.619041711091995239e-02
1.619431562721729279e-02
1.619431562721729279e-02
1.619431562721729279e-02
1.620060950517654419e-02
1.619994454085826874e-02
1.621044613420963287e-02
1.622173190116882324e-02
1.621842011809349060e-02
1.621180959045886993e-02
1.619685068726539612e-02
1.618749834597110748e-02
1.618825457990169525e-02
1.619854196906089783e-02
1.620032824575901031e-02
1.621330529451370239e-02
1.622105389833450317e-02
1.621650159358978271e-02
1.621040515601634979e-02
1.619648933410644531e-02
1.620023138821125031e-02
1.620816811919212341e-02
1.620711199939250946e-02
1.623211428523063660e-02
1.624372974038124084e-02
1.625979505479335785e-02
1.626871898770332336e-02
1.628091931343078613e-02
1.628791727125644684e-02
1.630526781082153320e-02
1.631394214928150177e-02
1.631878502666950226e-02
1.641034148633480072e-02
1.650249026715755463e-02
1.659443974494934082e-02
1.667986996471881866e-02
1.674558408558368683e-02
1.680461689829826355e-02
1.683909818530082703e-02
1.687535271048545837e-02
1.690537482500076294e-02
1.696085557341575623e-02
1.699738949537277222e-02
1.702026650309562683e-02
1.704324781894683838e-02
1.705316826701164246e-02
1.706781052052974701e-02
1.707994751632213593e-02
1.708538644015789032e-02
1.709108240902423859e-02
1.710047200322151184e-02
1.710245758295059204e-02
1.711053960025310516e-02
1.709775999188423157e-02
1.707923971116542816e-02
1.705286093056201935e-02
1.702268607914447784e-02
1.701121032238006592e-02
1.699684932827949524e-02
1.697982661426067352e-02
1.696291565895080566e-02
1.693850755691528320e-02
1.696681603789329529e-02
1.699996553361415863e-02
1.703880541026592255e-02
1.706613041460514069e-02
1.709229312837123871e-02
1.712533831596374512e-02
1.715122908353805542e-02
1.718272082507610321e-02
1.719865202903747559e-02
1.721658743917942047e-02
1.723800599575042725e-02
1.725208945572376251e-02
1.725849509239196777e-02
1.726953126490116119e-02
1.728071086108684540e-02
1.727547124028205872e-02
1.728243567049503326e-02
1.729114539921283722e-02
1.729846000671386719e-02
1.729746907949447632e-02
1.729607023298740387e-02
1.729062944650650024e-02
1.727665029466152191e-02
1.726410537958145142e-02
1.724533364176750183e-02
1.722577214241027832e-02
1.719950325787067413e-02
1.718955487012863159e-02
1.718736998736858368e-02
1.719003170728683472e-02
1.719891279935836792e-02
1.720124296844005585e-02
1.720321364700794220e-02
1.720518246293067932e-02
1.720342785120010376e-02
1.718955300748348236e-02
1.718189381062984467e-02
1.718323305249214172e-02
1.718124002218246460e-02
1.717439293861389160e-02
1.715089008212089539e-02
1.712593249976634979e-02
1.710275374352931976e-02
1.709116809070110321e-02
1.708494685590267181e-02
1.706859469413757324e-02
1.705105043947696686e-02
1.703342795372009277e-02
1.700969040393829346e-02
1.699206791818141937e-02
1.698645949363708496e-02
1.698386669158935547e-02
1.699405908584594727e-02
1.700253598392009735e-02
1.701065711677074432e-02
1.702026650309562683e-02
1.703646592795848846e-02
1.704392582178115845e-02
1.705787889659404755e-02
1.706688106060028076e-02
1.707235723733901978e-02
1.707617379724979401e-02
1.707276143133640289e-02
1.708302274346351624e-02
1.709529012441635132e-02
1.710152067244052887e-02
1.709849759936332703e-02
1.708931289613246918e-02
1.707009412348270416e-02
1.705268397927284241e-02
1.704329252243041992e-02
1.703144051134586334e-02
1.703226938843727112e-02
1.705181039869785309e-02
1.707102544605731964e-02
1.708273775875568390e-02
1.708833314478397369e-02
1.709865964949131012e-02
1.711175590753555298e-02
1.712496764957904816e-02
1.713495142757892609e-02
1.714612171053886414e-02
1.714245416224002838e-02
1.712860912084579468e-02
1.711296476423740387e-02
1.711220294237136841e-02
1.713103242218494415e-02
1.714090071618556976e-02
1.715089753270149231e-02
1.715769432485103607e-02
1.716213114559650421e-02
1.717643439769744873e-02
1.718914695084095001e-02
1.720123738050460815e-02
1.721453852951526642e-02
1.722499914467334747e-02
1.723431050777435303e-02
1.724094152450561523e-02
1.725735887885093689e-02
1.726212725043296814e-02
1.725555397570133209e-02
1.726001128554344177e-02
1.725557632744312286e-02
1.724488660693168640e-02
1.723443530499935150e-02
1.722090877592563629e-02
1.722072064876556396e-02
1.721804589033126831e-02
1.720837317407131195e-02
1.719637960195541382e-02
1.718598045408725739e-02
1.719616539776325226e-02
1.719765178859233856e-02
1.720899902284145355e-02
1.721794158220291138e-02
1.722508668899536133e-02
1.723211258649826050e-02
1.723939552903175354e-02
1.724300533533096313e-02
1.725375466048717499e-02
1.726924069225788116e-02
1.729806512594223022e-02
1.730257458984851837e-02
1.731151901185512543e-02
1.734806224703788757e-02
1.738177612423896790e-02
1.740222983062267303e-02
1.742171868681907654e-02
1.743484847247600555e-02
1.744879782199859619e-02
1.745676994323730469e-02
1.747824624180793762e-02
1.749615557491779327e-02
1.749663800001144409e-02
1.749331876635551453e-02
1.748839579522609711e-02
1.748255640268325806e-02
1.746000908315181732e-02
1.743485219776630402e-02
1.740511320531368256e-02
1.737988553941249847e-02
1.735438965260982513e-02
1.733198575675487518e-02
1.732622459530830383e-02
1.733258366584777832e-02
1.733494177460670471e-02
1.733830198645591736e-02
1.734625175595283508e-02
1.735561341047286987e-02
1.737360469996929169e-02
1.740261167287826538e-02
1.742237620055675507e-02
1.743011549115180969e-02
1.743017137050628662e-02
1.743042282760143280e-02
1.743185147643089294e-02
1.742528378963470459e-02
1.741647906601428986e-02
1.740709133446216583e-02
1.739739440381526947e-02
1.738579012453556061e-02
1.737499050796031952e-02
1.736931502819061279e-02
1.736345142126083374e-02
1.735949702560901642e-02
1.734751462936401367e-02
1.732945814728736877e-02
1.732115261256694794e-02
1.730614155530929565e-02
1.728837378323078156e-02
1.726936548948287964e-02
1.725526154041290283e-02
1.723323948681354523e-02
1.720478944480419159e-02
1.718590222299098969e-02
1.716861501336097717e-02
1.715094037353992462e-02
1.713398471474647522e-02
1.712490618228912354e-02
1.711043529212474823e-02
1.709359884262084961e-02
1.707865484058856964e-02
1.707493141293525696e-02
1.707431860268115997e-02
1.707881130278110504e-02
1.709640026092529297e-02
1.710692606866359711e-02
1.713323220610618591e-02
1.714675128459930420e-02
1.716248504817485809e-02
1.717052794992923737e-02
1.716994866728782654e-02
1.718325167894363403e-02
1.719299331307411194e-02
1.719788275659084320e-02
1.719562895596027374e-02
1.712501049041748047e-02
1.705111935734748840e-02
1.698609255254268646e-02
1.692197844386100769e-02
1.688422448933124542e-02
1.685425825417041779e-02
1.681809313595294952e-02
1.679746434092521667e-02
1.677964814007282257e-02
1.665780693292617798e-02
1.656019501388072968e-02
1.646615751087665558e-02
1.638500206172466278e-02
1.631828956305980682e-02
1.625728979706764221e-02
1.620681583881378174e-02
1.616801321506500244e-02
1.612898707389831543e-02
1.608912274241447449e-02
1.606287993490695953e-02
1.603172346949577332e-02
1.601400785148143768e-02
1.600878313183784485e-02
1.600986905395984650e-02
1.601948961615562439e-02
1.603411696851253510e-02
1.605415716767311096e-02
1.608064398169517517e-02
1.612410508096218109e-02
1.617660932242870331e-02
1.621743850409984589e-02
1.625943370163440704e-02
1.629896834492683411e-02
1.636149547994136810e-02
1.642058417201042175e-02
1.648134179413318634e-02
1.653957366943359375e-02
1.659891754388809204e-02
1.665424555540084839e-02
1.669697649776935577e-02
1.672347448766231537e-02
1.675993949174880981e-02
1.678369566798210144e-02
1.680639386177062988e-02
1.682774163782596588e-02
1.684119179844856262e-02
1.685133017599582672e-02
1.685955561697483063e-02
1.686107553541660309e-02
1.685851067304611206e-02
1.685196906328201294e-02
1.683683507144451141e-02
1.682412810623645782e-02
1.681791990995407104e-02
1.680576801300048828e-02
1.678829826414585114e-02
1.676985621452331543e-02
1.675052940845489502e-02
1.673375070095062256e-02
1.672773808240890503e-02
1.672257855534553528e-02
1.671642437577247620e-02
1.671668142080307007e-02
1.670858822762966156e-02
1.669382676482200623e-02
1.668005436658859253e-02
1.666494831442832947e-02
1.665612682700157166e-02
1.661267876625061035e-02
1.657288521528244019e-02
1.653194800019264221e-02
1.645038463175296783e-02
1.637900061905384064e-02
1.631663739681243896e-02
1.626387238502502441e-02
1.621613837778568268e-02
1.617999561131000519e-02
1.614677533507347107e-02
1.612314209342002869e-02
1.610641553997993469e-02
1.609090715646743774e-02
1.607253961265087128e-02
1.605661772191524506e-02
1.604474708437919617e-02
1.603752002120018005e-02
1.604489237070083618e-02
1.607397012412548065e-02
1.612247526645660400e-02
1.617109030485153198e-02
1.621403545141220093e-02
1.625911146402359009e-02
1.629183068871498108e-02
1.632525213062763214e-02
1.634626463055610657e-02
1.636278256773948669e-02
1.637216284871101379e-02
1.638545468449592590e-02
1.639347337186336517e-02
1.639757119119167328e-02
1.640159823000431061e-02
1.640135236084461212e-02
1.640318147838115692e-02
1.640753820538520813e-02
1.640187017619609833e-02
1.639705710113048553e-02
1.638658903539180756e-02
1.638393476605415344e-02
1.638241298496723175e-02
1.637910865247249603e-02
1.637842506170272827e-02
1.638416759669780731e-02
1.638962328433990479e-02
1.638742908835411072e-02
1.640152931213378906e-02
1.640834845602512360e-02
1.641064323484897614e-02
1.639880426228046417e-02
1.638319343328475952e-02
1.638253219425678253e-02
1.639846153557300568e-02
1.641326770186424255e-02
1.642589271068572998e-02
1.644415967166423798e-02
1.645716466009616852e-02
1.646569184958934784e-02
1.646322384476661682e-02
1.645947434008121490e-02
1.644853316247463226e-02
1.642509549856185913e-02
1.641362160444259644e-02
1.640245318412780762e-02
1.638146862387657166e-02
1.636637933552265167e-02
1.635232754051685333e-02
1.633385941386222839e-02
1.633385941386222839e-02
1.633385941386222839e-02
1.632259413599967957e-02
1.630537770688533783e-02
1.629157736897468567e-02
1.628400944173336029e-02
1.627916656434535980e-02
1.627665385603904724e-02
1.628566719591617584e-02
1.629678346216678619e-02
1.630838774144649506e-02
1.632074452936649323e-02
1.632938906550407410e-02
1.634660549461841583e-02
1.636172831058502197e-02
1.637203432619571686e-02
1.640132442116737366e-02
1.642450690269470215e-02
1.644419506192207336e-02
1.644419506192207336e-02
1.644889079034328461e-02
1.645341888070106506e-02
1.646787859499454498e-02
1.647710800170898438e-02
1.648049429059028625e-02
1.648249663412570953e-02
1.648510433733463287e-02
1.649181731045246124e-02
1.649608276784420013e-02
1.650304161012172699e-02
1.651336997747421265e-02
1.653105579316616058e-02
1.653639040887355804e-02
1.653726212680339813e-02
1.653335802257061005e-02
1.653498597443103790e-02
1.655269227921962738e-02
1.656921766698360443e-02
1.659368351101875305e-02
1.662240736186504364e-02
1.664986833930015564e-02
1.667583547532558441e-02
1.669930294156074524e-02
1.671485416591167450e-02
1.672295853495597839e-02
1.671813055872917175e-02
1.671824790537357330e-02
1.670763082802295685e-02
1.669879071414470673e-02
1.667919754981994629e-02
1.666066236793994904e-02
1.663895510137081146e-02
1.659522019326686859e-02
1.655018888413906097e-02
1.650599204003810883e-02
1.646285131573677063e-02
1.642872020602226257e-02
1.639421284198760986e-02
1.636127009987831116e-02
1.632416248321533203e-02
1.628466136753559113e-02
1.624647341668605804e-02
1.621411554515361786e-02
1.618863083422183990e-02
1.616901345551013947e-02
1.616461761295795441e-02
1.618226990103721619e-02
1.619905419647693634e-02
1.622002013027667999e-02
1.625072956085205078e-02
1.628435030579566956e-02
1.632035151124000549e-02
1.635569334030151367e-02
1.639073714613914490e-02
1.642158068716526031e-02
1.644804701209068298e-02
1.647873036563396454e-02
1.650181040167808533e-02
1.652828231453895569e-02
1.654932089149951935e-02
1.657034642994403839e-02
1.659061759710311890e-02
1.660576462745666504e-02
1.661496981978416443e-02
1.663380488753318787e-02
1.665003225207328796e-02
1.665656641125679016e-02
1.666062884032726288e-02
1.665910519659519196e-02
1.664996333420276642e-02
1.663448475301265717e-02
1.661665551364421844e-02
1.660161837935447693e-02
1.658235676586627960e-02
1.655607856810092926e-02
1.653843186795711517e-02
1.652120426297187805e-02
1.650696620345115662e-02
1.649354770779609680e-02
1.647847518324851990e-02
1.646313630044460297e-02
1.639908365905284882e-02
1.633538678288459778e-02
1.627769134938716888e-02
1.622435823082923889e-02
1.617732830345630646e-02
1.613480597734451294e-02
1.615029387176036835e-02
1.616140641272068024e-02
1.619193702936172485e-02
1.622915454208850861e-02
1.625685393810272217e-02
1.628226228058338165e-02
1.631405204534530640e-02
1.634359732270240784e-02
1.638411916792392731e-02
1.642618142068386078e-02
1.646671630442142487e-02
1.650624908506870270e-02
1.653777994215488434e-02
1.656603068113327026e-02
1.658619008958339691e-02
1.660600490868091583e-02
1.662043854594230652e-02
1.663303561508655548e-02
1.663584448397159576e-02
1.664059050381183624e-02
1.663071662187576294e-02
1.661804877221584320e-02
1.659976132214069366e-02
1.658726856112480164e-02
1.657092571258544922e-02
1.655915193259716034e-02
1.654102653264999390e-02
1.651927642524242401e-02
1.649951003491878510e-02
1.648060232400894165e-02
1.645549945533275604e-02
1.643398962914943695e-02
1.640455983579158783e-02
1.637861691415309906e-02
1.635773852467536926e-02
1.633561030030250549e-02
1.631820388138294220e-02
1.629788801074028015e-02
1.627782545983791351e-02
1.626683585345745087e-02
1.625168323516845703e-02
1.623408496379852295e-02
1.622400432825088501e-02
1.621428132057189941e-02
1.619870029389858246e-02
1.617855206131935120e-02
1.616734452545642853e-02
1.614341884851455688e-02
1.611994393169879913e-02
1.609333232045173645e-02
1.607740111649036407e-02
1.606958545744419098e-02
1.607366651296615601e-02
1.607675664126873016e-02
1.607422903180122375e-02
1.607423648238182068e-02
1.608379185199737549e-02
1.609271764755249023e-02
1.610698550939559937e-02
1.612720638513565063e-02
1.615534350275993347e-02
1.618251763284206390e-02
1.620906405150890350e-02
1.623635366559028625e-02
1.626581698656082153e-02
1.629051379859447479e-02
1.631391979753971100e-02
1.633538864552974701e-02
1.635641604661941528e-02
1.637790910899639130e-02
1.639791205525398254e-02
1.640984788537025452e-02
1.642314158380031586e-02
1.643805019557476044e-02
1.644171215593814850e-02
1.643729209899902344e-02
1.642486825585365295e-02
1.646642014384269714e-02
1.650060899555683136e-02
1.653418876230716705e-02
1.656631194055080414e-02
1.659664511680603027e-02
1.661918126046657562e-02
1.663061603903770447e-02
1.664710976183414459e-02
1.666431315243244171e-02
1.668312959372997284e-02
1.671495661139488220e-02
1.674721762537956238e-02
1.677347533404827118e-02
1.679526641964912415e-02
1.681014709174633026e-02
1.681346632540225983e-02
1.681816205382347107e-02
1.682848110795021057e-02
1.683152094483375549e-02
1.683165132999420166e-02
1.682927086949348450e-02
1.682623103260993958e-02
1.682138815522193909e-02
1.681148633360862732e-02
1.679601334035396576e-02
1.677941158413887024e-02
1.675751246511936188e-02
1.673322916030883789e-02
1.671207509934902191e-02
1.669963821768760681e-02
1.668658852577209473e-02
1.669051498174667358e-02
1.668227277696132660e-02
1.667456328868865967e-02
1.666990667581558228e-02
1.666173152625560760e-02
1.666292361915111542e-02
1.666137017309665680e-02
1.666507869958877563e-02
1.667284406721591949e-02
1.668446324765682220e-02
1.669652760028839111e-02
1.670363731682300568e-02
1.670866087079048157e-02
1.670830883085727692e-02
1.670447178184986115e-02
1.669967360794544220e-02
1.670932397246360779e-02
1.671779714524745941e-02
1.672076992690563202e-02
1.672756671905517578e-02
1.673209108412265778e-02
1.673653349280357361e-02
1.674162037670612335e-02
1.675571314990520477e-02
1.676728203892707825e-02
1.677883416414260864e-02
1.678965613245964050e-02
1.679721288383007050e-02
1.681371778249740601e-02
1.682849042117595673e-02
1.684754900634288788e-02
1.686558499932289124e-02
1.687986217439174652e-02
1.689117215573787689e-02
1.689552515745162964e-02
1.689934544265270233e-02
1.690270937979221344e-02
1.691420562565326691e-02
1.691759191453456879e-02
1.691931113600730896e-02
1.691204495728015900e-02
1.691141724586486816e-02
1.691336371004581451e-02
1.691194996237754822e-02
1.691546477377414703e-02
1.692210324108600616e-02
1.692927256226539612e-02
1.693085767328739166e-02
1.692720688879489899e-02
1.692889444530010223e-02
1.691901683807373047e-02
1.691882312297821045e-02
1.691931299865245819e-02
1.692357659339904785e-02
1.692648231983184814e-02
1.692705042660236359e-02
1.692663691937923431e-02
1.692860201001167297e-02
1.692990027368068695e-02
1.692987605929374695e-02
1.692950539290904999e-02
1.690913736820220947e-02
1.688995957374572754e-02
1.687437109649181366e-02
1.686074212193489075e-02
1.684369891881942749e-02
1.682728901505470276e-02
1.680829189717769623e-02
1.679090037941932678e-02
1.678963564336299896e-02
1.678640022873878479e-02
1.677933521568775177e-02
1.677406392991542816e-02
1.677150465548038483e-02
1.677469164133071899e-02
1.677498035132884979e-02
1.678126491606235504e-02
1.678886078298091888e-02
1.679807715117931366e-02
1.681109890341758728e-02
1.682425290346145630e-02
1.683630421757698059e-02
1.684259623289108276e-02
1.684467867016792297e-02
1.685179397463798523e-02
1.685832999646663666e-02
1.683676987886428833e-02
1.682058721780776978e-02
1.680604740977287292e-02
1.679372601211071014e-02
1.678885333240032196e-02
1.678383350372314453e-02
1.678218878805637360e-02
1.677252911031246185e-02
1.677459292113780975e-02
1.677906699478626251e-02
1.678287424147129059e-02
1.678154617547988892e-02
1.678446866571903229e-02
1.678876206278800964e-02
1.680963486433029175e-02
1.683249510824680328e-02
1.686296612024307251e-02
1.689274050295352936e-02
1.691901125013828278e-02
1.693617179989814758e-02
1.695602014660835266e-02
1.697063446044921875e-02
1.697410270571708679e-02
1.697431318461894989e-02
1.697048358619213104e-02
1.696539670228958130e-02
1.696323417127132416e-02
1.695983856916427612e-02
1.695218123495578766e-02
1.694059185683727264e-02
1.693054102361202240e-02
1.692746207118034363e-02
1.691870577633380890e-02
1.691076159477233887e-02
1.690322905778884888e-02
1.689679361879825592e-02
1.688878238201141357e-02
1.688982918858528137e-02
1.689581945538520813e-02
1.690578088164329529e-02
1.691744290292263031e-02
1.692585088312625885e-02
1.693355105817317963e-02
1.694398187100887299e-02
1.695289090275764465e-02
1.696234010159969330e-02
1.697741076350212097e-02
1.698906719684600830e-02
1.699938625097274780e-02
1.699952036142349243e-02
1.699781976640224457e-02
1.700015552341938019e-02
1.700262352824211121e-02
1.700754463672637939e-02
1.701604574918746948e-02
1.700862869620323181e-02
1.699903421103954315e-02
1.699358038604259491e-02
1.698448881506919861e-02
1.698103360831737518e-02
1.698196306824684143e-02
1.698120497167110443e-02
1.698125153779983521e-02
1.698386855423450470e-02
1.698490604758262634e-02
1.699311099946498871e-02
1.699696108698844910e-02
1.700150407850742340e-02
1.700698770582675934e-02
1.701775193214416504e-02
1.702018454670906067e-02
1.701664365828037262e-02
1.701039075851440430e-02
1.700432971119880676e-02
1.699633896350860596e-02
1.698745973408222198e-02
1.709252037107944489e-02
1.718566752970218658e-02
1.726771704852581024e-02
1.734150759875774384e-02
1.740599609911441803e-02
1.746087148785591125e-02
1.751216500997543335e-02
1.755492761731147766e-02
1.758503913879394531e-02
1.761179976165294647e-02
1.763403601944446564e-02
1.765407808125019073e-02
1.768034137785434723e-02
1.769841462373733521e-02
1.770418882369995117e-02
1.770443283021450043e-02
1.770767569541931152e-02
1.770440489053726196e-02
1.770483888685703278e-02
1.771616563200950623e-02
1.772721111774444580e-02
1.773425936698913574e-02
1.774136163294315338e-02
1.774547994136810303e-02
1.774543710052967072e-02
1.773838698863983154e-02
1.773111522197723389e-02
1.772089488804340363e-02
1.771054044365882874e-02
1.769593171775341034e-02
1.767337508499622345e-02
1.765104755759239197e-02
1.762881875038146973e-02
1.761019043624401093e-02
1.759107224643230438e-02
1.757243089377880096e-02
1.755684614181518555e-02
1.754267700016498566e-02
1.752940379083156586e-02
1.752128265798091888e-02
1.751539669930934906e-02
1.750958338379859924e-02
1.750397309660911560e-02
1.749799214303493500e-02
1.749864779412746429e-02
1.749362051486968994e-02
1.748815737664699554e-02
1.748700812458992004e-02
1.748734153807163239e-02
1.748629473149776459e-02
1.749210245907306671e-02
1.750033162534236908e-02
1.750650443136692047e-02
1.751167885959148407e-02
1.751798018813133240e-02
1.752452924847602844e-02
1.753076352179050446e-02
1.753404177725315094e-02
1.753886230289936066e-02
1.754075661301612854e-02
1.754135452210903168e-02
1.754501834511756897e-02
1.755131222307682037e-02
1.755336485803127289e-02
1.755457930266857147e-02
1.755576394498348236e-02
1.755353435873985291e-02
1.753557100892066956e-02
1.751763746142387390e-02
1.749808341264724731e-02
1.747533865272998810e-02
1.745544187724590302e-02
1.744236797094345093e-02
1.742999628186225891e-02
1.741832494735717773e-02
1.741049066185951233e-02
1.741600781679153442e-02
1.742435432970523834e-02
1.742676459252834320e-02
1.742839440703392029e-02
1.742950454354286194e-02
1.743255741894245148e-02
1.743498817086219788e-02
1.743762940168380737e-02
1.743883267045021057e-02
1.744022406637668610e-02
1.744178310036659241e-02
1.743992604315280914e-02
1.744480244815349579e-02
1.744928210973739624e-02
1.745307259261608124e-02
1.746341586112976074e-02
1.746880263090133667e-02
1.746958307921886444e-02
1.746932603418827057e-02
1.747133024036884308e-02
1.747162081301212311e-02
1.746764220297336578e-02
1.746627874672412872e-02
1.746577396988868713e-02
1.746349036693572998e-02
1.745892874896526337e-02
1.745296828448772430e-02
1.745013333857059479e-02
1.744428277015686035e-02
1.743949390947818756e-02
1.743019744753837585e-02
1.742373034358024597e-02
1.742152310907840729e-02
1.742373593151569366e-02
1.742463931441307068e-02
1.742475852370262146e-02
1.742761954665184021e-02
1.743453182280063629e-02
1.744039729237556458e-02
1.744679547846317291e-02
1.738796569406986237e-02
1.733894646167755127e-02
1.729875616729259491e-02
1.726740598678588867e-02
1.723537035286426544e-02
1.721380092203617096e-02
1.719831675291061401e-02
1.718240603804588318e-02
1.717023365199565887e-02
1.716098934412002563e-02
1.715234480798244476e-02
1.714769564568996429e-02
1.715413108468055725e-02
1.716046966612339020e-02
1.716805994510650635e-02
1.717798225581645966e-02
1.718754880130290985e-02
1.719881221652030945e-02
1.721178926527500153e-02
1.721972227096557617e-02
1.722662150859832764e-02
1.723010651767253876e-02
1.723046228289604187e-02
1.723591610789299011e-02
1.724437996745109558e-02
1.725327782332897186e-02
1.726123876869678497e-02
1.727205514907836914e-02
1.727929711341857910e-02
1.728943362832069397e-02
1.729616336524486542e-02
1.730221509933471680e-02
1.730486936867237091e-02
1.730898953974246979e-02
1.730622909963130951e-02
1.730309799313545227e-02
1.729778945446014404e-02
1.728903502225875854e-02
1.728003472089767456e-02
1.727272011339664459e-02
1.726268231868743896e-02
1.726063154637813568e-02
1.725632324814796448e-02
1.724817790091037750e-02
1.723945327103137970e-02
1.722279377281665802e-02
1.720586419105529785e-02
1.719334349036216736e-02
1.717899739742279053e-02
1.716645434498786926e-02
1.715376228094100952e-02
1.714064553380012512e-02
1.712047308683395386e-02
1.710662432014942169e-02
1.709564775228500366e-02
1.708673685789108276e-02
1.707761175930500031e-02
1.707002706825733185e-02
1.706503704190254211e-02
1.705633476376533508e-02
1.704896427690982819e-02
1.705303788185119629e-02
1.705080084502696991e-02
1.704776473343372345e-02
1.705296523869037628e-02
1.705303229391574860e-02
1.705539412796497345e-02
1.705724559724330902e-02
1.706073805689811707e-02
1.706525869667530060e-02
1.706750877201557159e-02
1.707300543785095215e-02
1.707688160240650177e-02
1.708211377263069153e-02
1.708666607737541199e-02
1.709424518048763275e-02
1.710358820855617523e-02
1.711509935557842255e-02
1.712504401803016663e-02
1.713482290506362915e-02
1.714856177568435669e-02
1.717634871602058411e-02
1.720161736011505127e-02
1.722275093197822571e-02
1.724277064204216003e-02
1.726437732577323914e-02
1.728189177811145782e-02
1.729524135589599609e-02
1.730737090110778809e-02
1.731885224580764771e-02
1.732785627245903015e-02
1.733545958995819092e-02
1.733510755002498627e-02
1.733404025435447693e-02
1.733577437698841095e-02
1.733750291168689728e-02
1.733866892755031586e-02
1.734151318669319153e-02
1.734384335577487946e-02
1.735179871320724487e-02
1.736281812191009521e-02
1.737234741449356079e-02
1.737591810524463654e-02
1.737373135983943939e-02
1.737646758556365967e-02
1.737735979259014130e-02
1.737553067505359650e-02
1.737148128449916840e-02
1.736667007207870483e-02
1.736247725784778595e-02
1.735901273787021637e-02
1.735640130937099457e-02
1.735520921647548676e-02
1.735740713775157928e-02
1.735885255038738251e-02
1.736314781010150909e-02
1.736867427825927734e-02
1.735948398709297180e-02
1.735431328415870667e-02
1.734963431954383850e-02
1.734472997486591339e-02
1.734288409352302551e-02
1.734335720539093018e-02
1.734724268317222595e-02
1.734587736427783966e-02
1.734782196581363678e-02
1.734693162143230438e-02
1.734209619462490082e-02
1.734148152172565460e-02
1.733721792697906494e-02
1.733634993433952332e-02
1.733198389410972595e-02
1.732639595866203308e-02
1.731863804161548615e-02
1.731096021831035614e-02
1.730518601834774017e-02
1.730021275579929352e-02
1.729910261929035187e-02
1.730150543153285980e-02
1.730097271502017975e-02
1.729201525449752808e-02
1.728749834001064301e-02
1.728613674640655518e-02
1.728323101997375488e-02
1.728245802223682404e-02
1.728278212249279022e-02
1.728525944054126740e-02
1.728381402790546417e-02
1.728173717856407166e-02
1.728350482881069183e-02
1.728560775518417358e-02
1.732920110225677490e-02
1.736530102789402008e-02
1.740123890340328217e-02
1.743301749229431152e-02
1.745831035077571869e-02
1.747938618063926697e-02
1.749819889664649963e-02
1.751253567636013031e-02
1.752355508506298065e-02
1.753230206668376923e-02
1.753573119640350342e-02
1.753637939691543579e-02
1.753619499504566193e-02
1.753645390272140503e-02
1.753518357872962952e-02
1.753225363790988922e-02
1.752948574721813202e-02
1.752388849854469299e-02
1.751683279871940613e-02
1.750706136226654053e-02
1.750035583972930908e-02
1.749415136873722076e-02
1.747589372098445892e-02
1.745564863085746765e-02
1.743596047163009644e-02
1.741036213934421539e-02
1.738747023046016693e-02
1.736355759203433990e-02
1.733953319489955902e-02
1.731978729367256165e-02
1.730089075863361359e-02
1.728167757391929626e-02
1.726605929434299469e-02
1.724830083549022675e-02
1.723296381533145905e-02
1.722111925482749939e-02
1.721158996224403381e-02
1.720632053911685944e-02
1.720643788576126099e-02
1.720899902284145355e-02
1.721433363854885101e-02
1.722236908972263336e-02
1.722585409879684448e-02
1.723732054233551025e-02
1.725556328892707825e-02
1.727230660617351532e-02
1.728979870676994324e-02
1.730336062610149384e-02
1.731533370912075043e-02
1.732280664145946503e-02
1.732612960040569305e-02
1.732828654348850250e-02
1.733087934553623199e-02
1.733374223113059998e-02
1.733740046620368958e-02
1.734146848320960999e-02
1.734384149312973022e-02
1.734524220228195190e-02
1.734629832208156586e-02
1.734568923711776733e-02
1.743904501199722290e-02
1.752525568008422852e-02
1.760233752429485321e-02
1.767216995358467102e-02
1.773179695010185242e-02
1.778481528162956238e-02
1.782925054430961609e-02
1.786871626973152161e-02
1.789908669888973236e-02
1.792580448091030121e-02
1.794870384037494659e-02
1.797226257622241974e-02
1.799448020756244659e-02
1.801360398530960083e-02
1.802788488566875458e-02
1.804045774042606354e-02
1.805104129016399384e-02
1.806086860597133636e-02
1.806658506393432617e-02
1.806824468076229095e-02
1.806530542671680450e-02
1.806227862834930420e-02
1.805442571640014648e-02
1.804519444704055786e-02
1.803505979478359222e-02
1.802366226911544800e-02
1.801310852169990540e-02
1.799898408353328705e-02
1.798310317099094391e-02
1.796422339975833893e-02
1.794615201652050018e-02
1.792645268142223358e-02
1.791090890765190125e-02
1.789605058729648590e-02
1.787067763507366180e-02
1.784447021782398224e-02
1.782156154513359070e-02
1.780231669545173645e-02
1.778491772711277008e-02
1.776716858148574829e-02
1.774861291050910950e-02
1.773271709680557251e-02
1.772034354507923126e-02
1.770775765180587769e-02
1.769659854471683502e-02
1.768655702471733093e-02
1.767605170607566833e-02
1.766638457775115967e-02
1.766004785895347595e-02
1.765225082635879517e-02
1.764738559722900391e-02
1.764462888240814209e-02
1.764287613332271576e-02
1.764102838933467865e-02
1.763907074928283691e-02
1.763779297471046448e-02
1.763580553233623505e-02
1.763468235731124878e-02
1.763513870537281036e-02
1.763556152582168579e-02
1.763691194355487823e-02
1.763473637402057648e-02
1.763501577079296112e-02
1.763736270368099213e-02
1.764121092855930328e-02
1.764487475156784058e-02
1.764592900872230530e-02
1.764407195150852203e-02
1.764428988099098206e-02
1.764410361647605896e-02
1.764410175383090973e-02
1.764238812029361725e-02
1.764191128313541412e-02
1.764084398746490479e-02
1.764004118740558624e-02
1.764062047004699707e-02
1.764004863798618317e-02
1.764063350856304169e-02
1.764126680791378021e-02
1.764227636158466339e-02
1.764399558305740356e-02
1.764441095292568207e-02
1.764423027634620667e-02
1.764535158872604370e-02
1.764638163149356842e-02
1.764889061450958252e-02
1.765139959752559662e-02
1.765476353466510773e-02
1.765739358961582184e-02
1.766004227101802826e-02
1.766337640583515167e-02
1.766619086265563965e-02
1.767135597765445709e-02
1.767658814787864685e-02
1.767842099070549011e-02
1.768069714307785034e-02
1.768197864294052124e-02
1.767992787063121796e-02
1.767880469560623169e-02
1.767624914646148682e-02
1.767157204449176788e-02
1.766818575561046600e-02
1.766542531549930573e-02
1.766106486320495605e-02
1.765751838684082031e-02
1.765628159046173096e-02
1.765363849699497223e-02
1.765158027410507202e-02
1.764698885381221771e-02
1.764240674674510956e-02
1.763747073709964752e-02
1.763371750712394714e-02
1.763277128338813782e-02
1.763276942074298859e-02
1.762745715677738190e-02
1.762357167899608612e-02
1.762278750538825989e-02
1.762373000383377075e-02
1.761900447309017181e-02
1.761386729776859283e-02
1.760841533541679382e-02
1.760936342179775238e-02
1.760948076844215393e-02
1.760895550251007080e-02
1.760817691683769226e-02
1.761067099869251251e-02
1.761474460363388062e-02
1.762020774185657501e-02
1.762329787015914917e-02
1.762735284864902496e-02
1.763193681836128235e-02
1.763610914349555969e-02
1.764047332108020782e-02
1.764391921460628510e-02
1.764535903930664062e-02
1.764599047601222992e-02
1.764678210020065308e-02
1.764840073883533478e-02
1.765080913901329041e-02
1.765185780823230743e-02
1.765117049217224121e-02
1.764774508774280548e-02
1.764387078583240509e-02
1.764125190675258636e-02
1.763690449297428131e-02
1.763191260397434235e-02
1.762661151587963104e-02
1.762277446687221527e-02
1.762036792933940887e-02
1.761800236999988556e-02
1.761588826775550842e-02
1.761333830654621124e-02
1.761163212358951569e-02
1.761228963732719421e-02
1.761247217655181885e-02
1.761349663138389587e-02
1.761497557163238525e-02
1.761598326265811920e-02
1.761674135923385620e-02
1.761453598737716675e-02
1.761259511113166809e-02
1.761127822101116180e-02
1.760976202785968781e-02
1.760699786245822906e-02
1.760131493210792542e-02
1.759641431272029877e-02
1.759205386042594910e-02
1.758717745542526245e-02
1.757930219173431396e-02
1.757049374282360077e-02
1.756349205970764160e-02
1.755852624773979187e-02
