5.174758285284042358e-02
5.174758285284042358e-02
5.044763907790184021e-02
4.962318390607833862e-02
4.884886369109153748e-02
4.823096096515655518e-02
4.764560982584953308e-02
4.761481285095214844e-02
4.769792407751083374e-02
4.780166596174240112e-02
4.791404306888580322e-02
4.802946001291275024e-02
4.813637211918830872e-02
4.806639626622200012e-02
4.770026355981826782e-02
4.737740755081176758e-02
4.719753563404083252e-02
4.703554138541221619e-02
4.688111692667007446e-02
4.674923419952392578e-02
4.667589068412780762e-02
4.638694226741790771e-02
4.613181576132774353e-02
4.588322713971138000e-02
4.565552249550819397e-02
4.541337862610816956e-02
4.518209770321846008e-02
4.496981948614120483e-02
4.477179422974586487e-02
4.463503137230873108e-02
4.450250789523124695e-02
4.424495249986648560e-02
4.401073604822158813e-02
4.380017518997192383e-02
4.355363920331001282e-02
4.332870990037918091e-02
4.311277344822883606e-02
4.291489720344543457e-02
4.271929711103439331e-02
4.252398759126663208e-02
4.234934970736503601e-02
4.218902438879013062e-02
4.203601554036140442e-02
4.284762218594551086e-02
4.358282685279846191e-02
4.424672573804855347e-02
4.484218358993530273e-02
4.538244754076004028e-02
4.580823332071304321e-02
4.620159044861793518e-02
4.657730832695960999e-02
4.691685736179351807e-02
4.719331860542297363e-02
4.748765751719474792e-02
4.774860665202140808e-02
4.783211648464202881e-02
4.787272587418556213e-02
4.791233688592910767e-02
4.794694855809211731e-02
4.798320308327674866e-02
4.805678129196166992e-02
4.813318327069282532e-02
4.820144549012184143e-02
4.826632514595985413e-02
4.832311719655990601e-02
4.827357083559036255e-02
4.822668805718421936e-02
4.818070679903030396e-02
4.813614487648010254e-02
4.810460656881332397e-02
4.806618019938468933e-02
4.803326725959777832e-02
4.800127074122428894e-02
4.802656546235084534e-02
4.804769530892372131e-02
4.806552082300186157e-02
4.807012155652046204e-02
4.806948825716972351e-02
4.805679991841316223e-02
4.803672432899475098e-02
4.806328564882278442e-02
4.812227189540863037e-02
4.817420616745948792e-02
4.820971563458442688e-02
4.824109748005867004e-02
4.826731234788894653e-02
4.828851297497749329e-02
4.831419140100479126e-02
4.832203686237335205e-02
4.825668781995773315e-02
4.819425940513610840e-02
4.812205582857131958e-02
4.801890999078750610e-02
4.792468994855880737e-02
4.781606420874595642e-02
4.769759625196456909e-02
4.758255928754806519e-02
4.747817665338516235e-02
4.738510772585868835e-02
4.730212315917015076e-02
4.722914472222328186e-02
4.715085029602050781e-02
4.707618802785873413e-02
4.700844734907150269e-02
4.698821902275085449e-02
4.687398299574851990e-02
4.677084460854530334e-02
4.667884856462478638e-02
4.659686237573623657e-02
4.651816561818122864e-02
4.644134268164634705e-02
4.636456817388534546e-02
4.629459232091903687e-02
4.621671885251998901e-02
4.613687470555305481e-02
4.606324061751365662e-02
4.597724229097366333e-02
4.589948058128356934e-02
4.587952047586441040e-02
4.586509615182876587e-02
4.584104940295219421e-02
4.581422358751296997e-02
4.579846188426017761e-02
4.582215100526809692e-02
4.590636864304542542e-02
4.597657173871994019e-02
4.603320360183715820e-02
4.605839401483535767e-02
4.607070237398147583e-02
4.602314904332160950e-02
4.597475752234458923e-02
4.595928266644477844e-02
4.594164341688156128e-02
4.592466354370117188e-02
4.590015485882759094e-02
4.588192701339721680e-02
4.588900133967399597e-02
4.583805799484252930e-02
4.578133299946784973e-02
4.572351276874542236e-02
4.557906463742256165e-02
4.503745585680007935e-02
4.456806555390357971e-02
4.414660483598709106e-02
4.382812604308128357e-02
4.354070872068405151e-02
4.327930882573127747e-02
4.304010793566703796e-02
4.274752736091613770e-02
4.243303835391998291e-02
4.202198609709739685e-02
4.165254533290863037e-02
4.132687672972679138e-02
4.100132361054420471e-02
4.071138054132461548e-02
4.046614468097686768e-02
4.023880884051322937e-02
4.003218933939933777e-02
3.983322530984878540e-02
3.965320438146591187e-02
3.949254378676414490e-02
3.934586048126220703e-02
3.920871391892433167e-02
3.907287865877151489e-02
3.895179927349090576e-02
3.883224353194236755e-02
3.872098401188850403e-02
3.912950307130813599e-02
3.945121541619300842e-02
3.974768519401550293e-02
4.001739993691444397e-02
4.025697708129882812e-02
4.044909775257110596e-02
4.062252491712570190e-02
4.076527804136276245e-02
4.095007479190826416e-02
4.113061726093292236e-02
4.129692912101745605e-02
4.142894223332405090e-02
4.154235869646072388e-02
4.171472787857055664e-02
4.187210276722908020e-02
4.200508818030357361e-02
4.204365983605384827e-02
4.207763448357582092e-02
4.210777580738067627e-02
4.213439300656318665e-02
4.195310547947883606e-02
4.174327850341796875e-02
4.155573993921279907e-02
4.131552204489707947e-02
4.108716174960136414e-02
4.087382555007934570e-02
4.057678952813148499e-02
4.031820595264434814e-02
4.008485004305839539e-02
3.988278284668922424e-02
3.969762101769447327e-02
3.952417895197868347e-02
3.936358541250228882e-02
3.921404108405113220e-02
3.905434906482696533e-02
3.890188783407211304e-02
3.876204416155815125e-02
3.862474858760833740e-02
3.849438577890396118e-02
3.837247937917709351e-02
3.826294839382171631e-02
3.815716132521629333e-02
3.805795684456825256e-02
3.796270489692687988e-02
3.782320767641067505e-02
3.769264370203018188e-02
3.746974095702171326e-02
3.726063668727874756e-02
3.706729412078857422e-02
3.688953816890716553e-02
3.672291710972785950e-02
3.656903654336929321e-02
3.642318770289421082e-02
3.629125654697418213e-02
3.601568192243576050e-02
3.576387465000152588e-02
3.553296998143196106e-02
3.491223976016044617e-02
3.436852619051933289e-02
3.385434672236442566e-02
3.332423418760299683e-02
3.285894542932510376e-02
3.245753422379493713e-02
3.211195021867752075e-02
3.181878849864006042e-02
3.156131505966186523e-02
3.133419901132583618e-02
3.114029578864574432e-02
3.109556622803211212e-02
3.104433231055736542e-02
3.096447512507438660e-02
3.089241497218608856e-02
3.081003390252590179e-02
3.072101064026355743e-02
3.064176253974437714e-02
3.051905706524848938e-02
3.041102364659309387e-02
3.053756617009639740e-02
3.064759448170661926e-02
3.074554726481437683e-02
3.083508834242820740e-02
3.091034479439258575e-02
3.096247836947441101e-02
3.102105855941772461e-02
3.107882849872112274e-02
3.108590841293334961e-02
3.109001368284225464e-02
3.109865076839923859e-02
3.110729716718196869e-02
3.109144419431686401e-02
3.107913956046104431e-02
3.106552921235561371e-02
3.104712627828121185e-02
3.102817572653293610e-02
3.100998885929584503e-02
3.099913150072097778e-02
3.098603710532188416e-02
3.097164072096347809e-02
3.095218725502490997e-02
3.118790499866008759e-02
3.140140324831008911e-02
3.159644827246665955e-02
3.177691251039505005e-02
3.193826228380203247e-02
3.221156820654869080e-02
3.245682641863822937e-02
3.267618641257286072e-02
3.282704576849937439e-02
3.295971080660820007e-02
3.304678201675415039e-02
3.312312811613082886e-02
3.319336846470832825e-02
3.326011449098587036e-02
3.331587463617324829e-02
3.337246552109718323e-02
3.342214599251747131e-02
3.346518054604530334e-02
3.350014239549636841e-02
3.353306651115417480e-02
3.355635330080986023e-02
3.359904140233993530e-02
3.363640606403350830e-02
3.368855640292167664e-02
3.373659402132034302e-02
3.380405902862548828e-02
3.385930508375167847e-02
3.390864655375480652e-02
3.395629301667213440e-02
3.400161489844322205e-02
3.404228389263153076e-02
3.407339006662368774e-02
3.410553932189941406e-02
3.412866592407226562e-02
3.415004536509513855e-02
3.417219966650009155e-02
3.419786691665649414e-02
3.419663757085800171e-02
3.419307619333267212e-02
3.419192135334014893e-02
3.418228030204772949e-02
3.417120873928070068e-02
3.416195139288902283e-02
3.414942696690559387e-02
3.413291648030281067e-02
3.410468995571136475e-02
3.407615050673484802e-02
3.405162692070007324e-02
3.403088077902793884e-02
3.402093425393104553e-02
3.400411829352378845e-02
3.398320451378822327e-02
3.395858407020568848e-02
3.396128118038177490e-02
3.395350649952888489e-02
3.394431620836257935e-02
3.393836691975593567e-02
3.392773866653442383e-02
3.391470760107040405e-02
3.387445583939552307e-02
3.384055942296981812e-02
3.381069749593734741e-02
3.378222137689590454e-02
3.382013365626335144e-02
3.385234996676445007e-02
3.387022390961647034e-02
3.389775380492210388e-02
3.392738103866577148e-02
3.395415097475051880e-02
3.397987037897109985e-02
3.400978073477745056e-02
3.403798118233680725e-02
3.406016528606414795e-02
3.408364579081535339e-02
3.410498425364494324e-02
3.412449732422828674e-02
3.412590548396110535e-02
3.412698581814765930e-02
3.412558138370513916e-02
3.412223607301712036e-02
3.412292152643203735e-02
3.413061425089836121e-02
3.413978219032287598e-02
3.414669632911682129e-02
3.414327651262283325e-02
3.413977101445198059e-02
3.413207456469535828e-02
3.411661460995674133e-02
3.409883752465248108e-02
3.408688306808471680e-02
3.406999632716178894e-02
3.405765444040298462e-02
3.404671326279640198e-02
3.403669595718383789e-02
3.405449911952018738e-02
3.406661003828048706e-02
3.407388553023338318e-02
3.404072299599647522e-02
3.400739654898643494e-02
3.399667143821716309e-02
3.398638218641281128e-02
3.398525714874267578e-02
3.399221226572990417e-02
3.399698808789253235e-02
3.400444984436035156e-02
3.399671986699104309e-02
3.398866578936576843e-02
3.398280590772628784e-02
3.397895395755767822e-02
3.396943211555480957e-02
3.396082296967506409e-02
3.395525738596916199e-02
3.394348546862602234e-02
3.391224890947341919e-02
3.388283029198646545e-02
3.385479748249053955e-02
3.388853371143341064e-02
3.391264379024505615e-02
3.392965719103813171e-02
3.394655510783195496e-02
3.396197408437728882e-02
3.397455438971519470e-02
3.398300334811210632e-02
3.398779779672622681e-02
3.398910537362098694e-02
3.398776054382324219e-02
3.398552164435386658e-02
3.398161381483078003e-02
3.397510200738906860e-02
3.396775946021080017e-02
3.396100923418998718e-02
3.393409773707389832e-02
3.391062468290328979e-02
3.388448432087898254e-02
3.386093676090240479e-02
3.382804989814758301e-02
3.379433602094650269e-02
3.376502171158790588e-02
3.373685106635093689e-02
3.372357040643692017e-02
3.370982035994529724e-02
3.369611874222755432e-02
3.370235487818717957e-02
3.371033445000648499e-02
3.371486440300941467e-02
3.371470794081687927e-02
3.371557220816612244e-02
3.371571376919746399e-02
3.371199965476989746e-02
3.370503336191177368e-02
3.370540216565132141e-02
3.370716422796249390e-02
3.370866924524307251e-02
3.370054066181182861e-02
3.369085863232612610e-02
3.369518369436264038e-02
3.369880467653274536e-02
3.369729593396186829e-02
3.369540721178054810e-02
3.369027376174926758e-02
3.368837758898735046e-02
3.366883471608161926e-02
3.365256637334823608e-02
3.365042060613632202e-02
3.363933786749839783e-02
3.361035883426666260e-02
3.357068449258804321e-02
3.353064134716987610e-02
3.348873183131217957e-02
3.344652056694030762e-02
3.341286629438400269e-02
3.338052704930305481e-02
3.334599360823631287e-02
3.331016376614570618e-02
3.327764570713043213e-02
3.324612230062484741e-02
3.321217745542526245e-02
3.318385779857635498e-02
3.315668925642967224e-02
3.312629833817481995e-02
3.308852389454841614e-02
3.305263444781303406e-02
3.301465511322021484e-02
3.298052772879600525e-02
3.294786065816879272e-02
3.291701152920722961e-02
3.289296850562095642e-02
3.282650932669639587e-02
3.274979069828987122e-02
3.262198343873023987e-02
3.250398486852645874e-02
3.240080922842025757e-02
3.230945020914077759e-02
3.221859782934188843e-02
3.213390707969665527e-02
3.205315768718719482e-02
3.198627755045890808e-02
3.191980347037315369e-02
3.186289966106414795e-02
3.181009367108345032e-02
3.176302090287208557e-02
3.161251917481422424e-02
3.147495910525321960e-02
3.135023266077041626e-02
3.123200312256813049e-02
3.113308735191822052e-02
3.104512207210063934e-02
3.096359409391880035e-02
3.089050389826297760e-02
3.080471232533454895e-02
3.072400577366352081e-02
3.064105845987796783e-02
3.056891635060310364e-02
3.050820156931877136e-02
3.045276552438735962e-02
3.039993345737457275e-02
3.035116195678710938e-02
3.030657209455966949e-02
3.026438504457473755e-02
3.022813796997070312e-02
3.015231899917125702e-02
3.008344024419784546e-02
3.001700714230537415e-02
2.995857223868370056e-02
2.990446984767913818e-02
2.997130714356899261e-02
3.002741187810897827e-02
3.007426112890243530e-02
3.011729381978511810e-02
3.015629015862941742e-02
3.020042926073074341e-02
3.024225868284702301e-02
3.027902357280254364e-02
3.030367568135261536e-02
3.032588772475719452e-02
3.034264594316482544e-02
3.035664930939674377e-02
3.037013672292232513e-02
3.038335032761096954e-02
3.038843162357807159e-02
3.039426729083061218e-02
3.039219975471496582e-02
3.038996830582618713e-02
3.039845265448093414e-02
3.039846569299697876e-02
3.039380162954330444e-02
3.038344718515872955e-02
3.037900477647781372e-02
3.037124499678611755e-02
3.035982511937618256e-02
3.033485822379589081e-02
3.031233511865139008e-02
3.028650023043155670e-02
3.026502206921577454e-02
3.024502843618392944e-02
3.021270222961902618e-02
3.018495067954063416e-02
3.015881031751632690e-02
3.013332374393939972e-02
3.010958991944789886e-02
3.009047359228134155e-02
3.007165715098381042e-02
3.005542233586311340e-02
3.003987856209278107e-02
3.002146258950233459e-02
3.000271879136562347e-02
2.998764440417289734e-02
2.997419796884059906e-02
2.996403537690639496e-02
2.996452525258064270e-02
2.996329404413700104e-02
2.996301092207431793e-02
2.996494993567466736e-02
2.996513433754444122e-02
2.994450740516185760e-02
2.992566302418708801e-02
2.989525906741619110e-02
2.986950241029262543e-02
2.984485588967800140e-02
2.982407063245773315e-02
2.981229685246944427e-02
2.980074286460876465e-02
2.978905290365219116e-02
2.977654151618480682e-02
2.975934930145740509e-02
2.974485419690608978e-02
2.972712181508541107e-02
2.969955839216709137e-02
2.967162989079952240e-02
2.964254654943943024e-02
2.961452677845954895e-02
2.958932891488075256e-02
2.956468425691127777e-02
2.953839302062988281e-02
2.951586432754993439e-02
2.948441728949546814e-02
2.944715134799480438e-02
2.941636182367801666e-02
2.938666008412837982e-02
2.935868315398693085e-02
2.933376654982566833e-02
2.933720871806144714e-02
2.933789603412151337e-02
2.933519892394542694e-02
2.933258190751075745e-02
2.933239564299583435e-02
2.933413162827491760e-02
2.932589128613471985e-02
2.931931242346763611e-02
2.930822223424911499e-02
2.929756976664066315e-02
2.928233705461025238e-02
2.927138842642307281e-02
2.926207147538661957e-02
2.925105579197406769e-02
2.924532070755958557e-02
2.923037111759185791e-02
2.920975908637046814e-02
2.919249981641769409e-02
2.917984686791896820e-02
2.915884368121623993e-02
2.913298644125461578e-02
2.910803444683551788e-02
2.908744476735591888e-02
2.906775847077369690e-02
2.904848195612430573e-02
2.902995981276035309e-02
2.901151962578296661e-02
2.898720279335975647e-02
2.896483056247234344e-02
2.894834987819194794e-02
2.892929688096046448e-02
2.891154587268829346e-02
2.889269776642322540e-02
2.887038327753543854e-02
2.884973958134651184e-02
2.882529422640800476e-02
2.880468219518661499e-02
2.878843992948532104e-02
2.877159975469112396e-02
2.875276654958724976e-02
2.873428165912628174e-02
2.870973199605941772e-02
2.868258021771907806e-02
2.866036631166934967e-02
2.864153124392032623e-02
2.861835993826389313e-02
2.859002910554409027e-02
2.856313437223434448e-02
2.853702567517757416e-02
2.851136028766632080e-02
2.850603498518466949e-02
2.849764376878738403e-02
2.848977409303188324e-02
2.848100103437900543e-02
2.845929749310016632e-02
2.843661233782768250e-02
2.841115929186344147e-02
2.838156186044216156e-02
2.835437282919883728e-02
2.833014354109764099e-02
2.830852754414081573e-02
2.828609570860862732e-02
2.826768346130847931e-02
2.824476361274719238e-02
2.822873182594776154e-02
2.821317687630653381e-02
2.819744683802127838e-02
2.818415127694606781e-02
2.816770784556865692e-02
2.815042063593864441e-02
2.812657877802848816e-02
2.810416184365749359e-02
2.807164750993251801e-02
2.804628387093544006e-02
2.803071960806846619e-02
2.801452390849590302e-02
2.799998782575130463e-02
2.798562496900558472e-02
2.796655148267745972e-02
2.794959209859371185e-02
2.793360315263271332e-02
2.792028896510601044e-02
2.790728397667407990e-02
2.789672277867794037e-02
2.788864634931087494e-02
2.787641994655132294e-02
2.786309830844402313e-02
2.784760855138301849e-02
2.783701196312904358e-02
2.782518416643142700e-02
2.781374379992485046e-02
2.780260145664215088e-02
2.778942696750164032e-02
2.777816541492938995e-02
2.776827663183212280e-02
2.776280231773853302e-02
2.775952406227588654e-02
2.775935642421245575e-02
2.773987129330635071e-02
2.772272191941738129e-02
2.770584821701049805e-02
2.769004553556442261e-02
2.756549976766109467e-02
2.744241990149021149e-02
2.733245305716991425e-02
2.723108232021331787e-02
2.714391611516475677e-02
2.706831879913806915e-02
2.699951268732547760e-02
2.694303356111049652e-02
2.688253112137317657e-02
2.682458050549030304e-02
2.677407115697860718e-02
2.673405967652797699e-02
2.669827453792095184e-02
2.666593715548515320e-02
2.663302607834339142e-02
2.660759352147579193e-02
2.655215747654438019e-02
2.651110850274562836e-02
2.647968754172325134e-02
2.646085061132907867e-02
2.643862180411815643e-02
2.644135989248752594e-02
2.644811570644378662e-02
2.645480260252952576e-02
2.645730599761009216e-02
2.646511048078536987e-02
2.646860480308532715e-02
2.649314887821674347e-02
2.650675922632217407e-02
2.651536837220191956e-02
2.651941776275634766e-02
2.651483193039894104e-02
2.651336230337619781e-02
2.651503123342990875e-02
2.651274204254150391e-02
2.651269733905792236e-02
2.651008032262325287e-02
2.650599740445613861e-02
2.650001831352710724e-02
2.649742551147937775e-02
2.648567967116832733e-02
2.647950686514377594e-02
2.646979503333568573e-02
2.645967341959476471e-02
2.644992619752883911e-02
2.644059248268604279e-02
2.642689459025859833e-02
2.640932984650135040e-02
2.639359422028064728e-02
2.637815475463867188e-02
2.636331878602504730e-02
2.634633891284465790e-02
2.633287012577056885e-02
2.633134834468364716e-02
2.632582560181617737e-02
2.634600736200809479e-02
2.635055221617221832e-02
2.635411545634269714e-02
2.635762467980384827e-02
2.636035345494747162e-02
2.636467292904853821e-02
2.637709118425846100e-02
2.638644538819789886e-02
2.639653533697128296e-02
2.640347555279731750e-02
2.641290985047817230e-02
2.642929181456565857e-02
2.644466049969196320e-02
2.645572833716869354e-02
2.646675892174243927e-02
2.647022716701030731e-02
2.647362835705280304e-02
2.647305093705654144e-02
2.647306025028228760e-02
2.647863887250423431e-02
2.647889032959938049e-02
2.646826021373271942e-02
2.645486593246459961e-02
2.645030431449413300e-02
2.644180320203304291e-02
2.643712610006332397e-02
2.642863802611827850e-02
2.642317116260528564e-02
2.642632834613323212e-02
2.643018029630184174e-02
2.643573284149169922e-02
2.643756009638309479e-02
2.644121088087558746e-02
2.645768038928508759e-02
2.647501975297927856e-02
2.647550217807292938e-02
2.647521905601024628e-02
2.647474035620689392e-02
2.647639811038970947e-02
2.647994644939899445e-02
2.646796032786369324e-02
2.645126171410083771e-02
2.643729932606220245e-02
2.642629668116569519e-02
2.654692158102989197e-02
2.664017118513584137e-02
2.672828547656536102e-02
2.680521272122859955e-02
2.687314897775650024e-02
2.693302743136882782e-02
2.697785384953022003e-02
2.702054381370544434e-02
2.704691886901855469e-02
2.707117050886154175e-02
2.709204144775867462e-02
2.711051143705844879e-02
2.712571248412132263e-02
2.713641896843910217e-02
2.713956870138645172e-02
2.713558450341224670e-02
2.712872438132762909e-02
2.712232433259487152e-02
2.711113728582859039e-02
2.710212022066116333e-02
2.709021419286727905e-02
2.708206139504909515e-02
2.707893773913383484e-02
2.707094699144363403e-02
2.706214785575866699e-02
2.704907022416591644e-02
2.703520469367504120e-02
2.701332606375217438e-02
2.699488773941993713e-02
2.698514983057975769e-02
2.699135988950729370e-02
2.699697203934192657e-02
2.699606306850910187e-02
2.699309587478637695e-02
2.699152752757072449e-02
2.699066512286663055e-02
2.691817469894886017e-02
2.684880234301090240e-02
2.679076045751571655e-02
2.674279734492301941e-02
2.669938653707504272e-02
2.665302529931068420e-02
2.661498263478279114e-02
2.658391930162906647e-02
2.655648998916149139e-02
2.653583325445652008e-02
2.650844864547252655e-02
2.648251503705978394e-02
2.648924477398395538e-02
2.649581991136074066e-02
2.650311961770057678e-02
2.650471217930316925e-02
2.650788053870201111e-02
2.650845982134342194e-02
2.651598677039146423e-02
2.652178891003131866e-02
2.652633935213088989e-02
2.652860805392265320e-02
2.652844600379467010e-02
2.654033526778221130e-02
2.655504830181598663e-02
2.653551660478115082e-02
2.651374414563179016e-02
2.649491094052791595e-02
2.646943554282188416e-02
2.644692920148372650e-02
2.644213661551475525e-02
2.643865160644054413e-02
2.643049135804176331e-02
2.642796374857425690e-02
2.642994001507759094e-02
2.643089182674884796e-02
2.641158737242221832e-02
2.639600262045860291e-02
2.637854963541030884e-02
2.636502683162689209e-02
2.635326981544494629e-02
2.637916617095470428e-02
2.639913186430931091e-02
2.641149610280990601e-02
2.643036283552646637e-02
2.645080350339412689e-02
2.646550536155700684e-02
2.647758089005947113e-02
2.648777514696121216e-02
2.649537101387977600e-02
2.650174684822559357e-02
2.653354033827781677e-02
2.655384130775928497e-02
2.656396478414535522e-02
2.657148614525794983e-02
2.657726593315601349e-02
2.658144384622573853e-02
2.657777629792690277e-02
2.657088823616504669e-02
2.656587772071361542e-02
2.656300552189350128e-02
2.656102925539016724e-02
2.655971422791481018e-02
2.656594291329383850e-02
2.657197415828704834e-02
2.655769325792789459e-02
2.654760889708995819e-02
2.653517574071884155e-02
2.651657722890377045e-02
2.650257013738155365e-02
2.648872137069702148e-02
2.647699974477291107e-02
2.646243944764137268e-02
2.644992806017398834e-02
2.643732912838459015e-02
2.636378444731235504e-02
2.629530057311058044e-02
2.622743695974349976e-02
2.615116909146308899e-02
2.607661299407482147e-02
2.600537985563278198e-02
2.594142220914363861e-02
2.587619237601757050e-02
2.581938542425632477e-02
2.576896920800209045e-02
2.572009153664112091e-02
2.567870914936065674e-02
2.564208023250102997e-02
2.560985647141933441e-02
2.558526583015918732e-02
2.555496804416179657e-02
2.552229166030883789e-02
2.549645490944385529e-02
2.546534128487110138e-02
2.543614432215690613e-02
2.539568394422531128e-02
2.535906806588172913e-02
2.532182447612285614e-02
2.527698315680027008e-02
2.523189783096313477e-02
2.518572658300399780e-02
2.514386922121047974e-02
2.510113082826137543e-02
2.505831792950630188e-02
2.501816675066947937e-02
2.496592700481414795e-02
2.492759376764297485e-02
2.489016391336917877e-02
2.485351078212261200e-02
2.481760084629058838e-02
2.478376962244510651e-02
2.475130185484886169e-02
2.471385337412357330e-02
2.468086034059524536e-02
2.464796602725982666e-02
2.461754158139228821e-02
2.458988502621650696e-02
2.456070296466350555e-02
2.453549206256866455e-02
2.452162280678749084e-02
2.451252192258834839e-02
2.449817769229412079e-02
2.448319457471370697e-02
2.447234280407428741e-02
2.446337044239044189e-02
2.446482330560684204e-02
2.446325309574604034e-02
2.446708828210830688e-02
2.446948550641536713e-02
2.447173185646533966e-02
2.449061535298824310e-02
2.457215450704097748e-02
2.464172244071960449e-02
2.470414154231548309e-02
2.475616708397865295e-02
2.481782436370849609e-02
2.488102577626705170e-02
2.493952587246894836e-02
2.499266900122165680e-02
2.503705397248268127e-02
2.507453970611095428e-02
2.511744573712348938e-02
2.515302225947380066e-02
2.519448101520538330e-02
2.522732876241207123e-02
2.525692433118820190e-02
2.528094127774238586e-02
2.530833706259727478e-02
2.533033303916454315e-02
2.534377947449684143e-02
2.535124681890010834e-02
2.536314167082309723e-02
2.537350356578826904e-02
2.538486197590827942e-02
2.539501152932643890e-02
2.540338039398193359e-02
2.539961412549018860e-02
2.539633959531784058e-02
2.539626881480216980e-02
2.539112977683544159e-02
2.538975887000560760e-02
2.539304830133914948e-02
2.539594098925590515e-02
2.539927326142787933e-02
2.540687844157218933e-02
2.541453018784523010e-02
2.542310394346714020e-02
2.542439475655555725e-02
2.542248368263244629e-02
2.540809102356433868e-02
2.539809979498386383e-02
2.538938634097576141e-02
2.538300491869449615e-02
2.537645958364009857e-02
2.537107467651367188e-02
2.535932511091232300e-02
2.534559927880764008e-02
2.533204853534698486e-02
2.534651383757591248e-02
2.536459639668464661e-02
2.537576854228973389e-02
2.538317441940307617e-02
2.539337426424026489e-02
2.540284581482410431e-02
2.541445754468441010e-02
2.542298287153244019e-02
2.543620392680168152e-02
2.544900774955749512e-02
2.546726725995540619e-02
2.548142336308956146e-02
2.548861503601074219e-02
2.548726648092269897e-02
2.548410929739475250e-02
2.547982521355152130e-02
2.547639235854148865e-02
2.547164447605609894e-02
2.547123096883296967e-02
2.546876482665538788e-02
2.546645142138004303e-02
2.546793222427368164e-02
2.546802721917629242e-02
2.546756714582443237e-02
2.546805143356323242e-02
2.546687982976436615e-02
2.546752057969570160e-02
2.546866610646247864e-02
2.547118999063968658e-02
2.547169104218482971e-02
2.547045238316059113e-02
2.546872943639755249e-02
2.546223998069763184e-02
2.545459568500518799e-02
2.545040473341941833e-02
2.542208693921566010e-02
2.539793588221073151e-02
2.535866014659404755e-02
2.531948126852512360e-02
2.528196759521961212e-02
2.524856291711330414e-02
2.521683089435100555e-02
2.518340013921260834e-02
2.515426650643348694e-02
2.512630820274353027e-02
2.509792335331439972e-02
2.507093176245689392e-02
2.502988837659358978e-02
2.499426715075969696e-02
2.496084570884704590e-02
2.492965757846832275e-02
2.490166760981082916e-02
2.487741038203239441e-02
2.485690265893936157e-02
2.484121359884738922e-02
2.482751384377479553e-02
2.481993474066257477e-02
2.481050975620746613e-02
2.479676902294158936e-02
2.478205971419811249e-02
2.476166747510433197e-02
2.474174648523330688e-02
2.472393959760665894e-02
2.469323761761188507e-02
2.466343156993389130e-02
2.463861927390098572e-02
2.461623959243297577e-02
2.459622360765933990e-02
2.458392828702926636e-02
2.455903403460979462e-02
2.453813143074512482e-02
2.451768144965171814e-02
2.450326457619667053e-02
2.449979446828365326e-02
2.450246922671794891e-02
2.450385130941867828e-02
2.449017763137817383e-02
2.447600476443767548e-02
2.446167171001434326e-02
2.444436028599739075e-02
2.441858686506748199e-02
2.437815070152282715e-02
2.434754744172096252e-02
2.432108670473098755e-02
2.429770864546298981e-02
2.427800558507442474e-02
2.426209487020969391e-02
2.425366640090942383e-02
2.424527518451213837e-02
2.423821948468685150e-02
2.421518601477146149e-02
2.424991875886917114e-02
2.428120747208595276e-02
2.430662699043750763e-02
2.433236874639987946e-02
2.435118146240711212e-02
2.437074482440948486e-02
2.439165860414505005e-02
2.440748922526836395e-02
2.442089654505252838e-02
2.442912384867668152e-02
2.442823909223079681e-02
2.443443052470684052e-02
2.443883381783962250e-02
2.443308569490909576e-02
2.441648580133914948e-02
2.439457736909389496e-02
2.437612600624561310e-02
2.435695379972457886e-02
2.434138022363185883e-02
2.432859316468238831e-02
2.431627362966537476e-02
2.430514432489871979e-02
2.428585663437843323e-02
2.426609769463539124e-02
2.424894087016582489e-02
2.423205040395259857e-02
2.421437390148639679e-02
2.419562265276908875e-02
2.417756244540214539e-02
2.415871247649192810e-02
2.414198964834213257e-02
2.412693202495574951e-02
2.411268092691898346e-02
2.410414628684520721e-02
2.409844286739826202e-02
2.408761158585548401e-02
2.407771907746791840e-02
2.406806126236915588e-02
2.406134456396102905e-02
2.405111491680145264e-02
2.403432130813598633e-02
2.402051724493503571e-02
2.400561049580574036e-02
2.398941665887832642e-02
2.397945150732994080e-02
2.397245168685913086e-02
2.396374195814132690e-02
2.394753135740756989e-02
2.392756193876266479e-02
2.391066960990428925e-02
2.389639988541603088e-02
2.388201467692852020e-02
2.387128397822380066e-02
2.386934496462345123e-02
2.384843677282333374e-02
2.382709830999374390e-02
2.380869537591934204e-02
2.378965169191360474e-02
2.374628931283950806e-02
2.371228300034999847e-02
2.367985062301158905e-02
2.363822981715202332e-02
2.359690703451633453e-02
2.355897985398769379e-02
2.352512441575527191e-02
2.349087968468666077e-02
2.346168085932731628e-02
2.343156374990940094e-02
2.340221777558326721e-02
2.337300591170787811e-02
2.334612421691417694e-02
2.332620695233345032e-02
2.330335415899753571e-02
2.326970919966697693e-02
2.323400042951107025e-02
2.320699766278266907e-02
2.318234555423259735e-02
2.315897494554519653e-02
2.313606813549995422e-02
2.311688475310802460e-02
2.310307882726192474e-02
2.309032529592514038e-02
2.307666093111038208e-02
2.305724471807479858e-02
2.304643020033836365e-02
2.303729951381683350e-02
2.302147820591926575e-02
2.300660684704780579e-02
2.299883030354976654e-02
2.298940159380435944e-02
2.297875471413135529e-02
2.297101914882659912e-02
2.296695671975612640e-02
2.296562306582927704e-02
2.296300604939460754e-02
2.296217903494834900e-02
2.297189459204673767e-02
2.297808043658733368e-02
2.298687212169170380e-02
2.299558185040950775e-02
2.300057560205459595e-02
2.300557680428028107e-02
2.300874143838882446e-02
2.301436848938465118e-02
2.303243428468704224e-02
2.304670400917530060e-02
2.305576577782630920e-02
2.306800894439220428e-02
2.307177707552909851e-02
2.307478897273540497e-02
2.307665161788463593e-02
2.307174354791641235e-02
2.306770719587802887e-02
2.306546270847320557e-02
2.305862307548522949e-02
2.305323444306850433e-02
2.304690517485141754e-02
2.303585223853588104e-02
2.301629818975925446e-02
2.299575135111808777e-02
2.298101224005222321e-02
2.297410741448402405e-02
2.296145260334014893e-02
2.293203026056289673e-02
2.292244322597980499e-02
2.291176654398441315e-02
2.289847284555435181e-02
2.288311347365379333e-02
2.287216298282146454e-02
2.286436408758163452e-02
2.285551838576793671e-02
2.284909039735794067e-02
2.284279093146324158e-02
2.283567376434803009e-02
2.282863855361938477e-02
2.282299287617206573e-02
2.281876467168331146e-02
2.281334064900875092e-02
2.280084043741226196e-02
2.278636768460273743e-02
2.275840379297733307e-02
2.273310720920562744e-02
2.269573137164115906e-02
2.265980467200279236e-02
2.261949889361858368e-02
2.257633768022060394e-02
2.253777347505092621e-02
2.248836308717727661e-02
2.243007719516754150e-02
2.237806841731071472e-02
2.233773842453956604e-02
2.229730598628520966e-02
2.226565778255462646e-02
2.223809063434600830e-02
2.221399731934070587e-02
2.218976430594921112e-02
2.216569334268569946e-02
2.214304171502590179e-02
2.212104946374893188e-02
2.209971100091934204e-02
2.208150178194046021e-02
2.205273509025573730e-02
2.202592417597770691e-02
2.199961431324481964e-02
2.197081409394741058e-02
2.194274216890335083e-02
2.191587910056114197e-02
2.188229560852050781e-02
2.187338098883628845e-02
2.186145819723606110e-02
2.185770682990550995e-02
2.185323648154735565e-02
2.184746600687503815e-02
2.183866128325462341e-02
2.183265611529350281e-02
2.182848565280437469e-02
2.182557247579097748e-02
2.182443253695964813e-02
2.182033471763134003e-02
2.176834456622600555e-02
2.172029577195644379e-02
2.167841233313083649e-02
2.164056338369846344e-02
2.160594239830970764e-02
2.157596126198768616e-02
2.154693566262722015e-02
2.151339501142501831e-02
2.148111909627914429e-02
2.145053632557392120e-02
2.142391726374626160e-02
2.140987291932106018e-02
2.139410004019737244e-02
2.138183824717998505e-02
2.137056551873683929e-02
2.136058360338211060e-02
2.135438844561576843e-02
2.134597115218639374e-02
2.134270966053009033e-02
2.134447731077671051e-02
2.134759351611137390e-02
2.135081216692924500e-02
2.135297097265720367e-02
2.135093323886394501e-02
2.134732715785503387e-02
2.133989334106445312e-02
2.133134193718433380e-02
2.135418727993965149e-02
2.137456089258193970e-02
2.138807997107505798e-02
2.140210382640361786e-02
2.141681499779224396e-02
2.143024280667304993e-02
2.144032716751098633e-02
2.144883386790752411e-02
2.145885303616523743e-02
2.146899886429309845e-02
2.147579751908779144e-02
2.148113772273063660e-02
2.147595211863517761e-02
2.149295061826705933e-02
2.150762267410755157e-02
2.151833288371562958e-02
2.152707800269126892e-02
2.153153158724308014e-02
2.158047258853912354e-02
2.162483520805835724e-02
2.164975926280021667e-02
2.167390473186969757e-02
2.169045433402061462e-02
2.170538716018199921e-02
2.171819470822811127e-02
2.172945253551006317e-02
2.173278294503688812e-02
2.174394018948078156e-02
2.175046689808368683e-02
2.175663039088249207e-02
2.176698856055736542e-02
2.177804708480834961e-02
2.178625576198101044e-02
2.179609052836894989e-02
2.180398441851139069e-02
2.181530743837356567e-02
2.182196453213691711e-02
2.186694554984569550e-02
2.190557681024074554e-02
2.194066159427165985e-02
2.196856029331684113e-02
2.199147082865238190e-02
2.200934290885925293e-02
2.201824262738227844e-02
2.202214300632476807e-02
2.202448621392250061e-02
2.202503569424152374e-02
2.202626131474971771e-02
2.202214859426021576e-02
2.201839722692966461e-02
2.201316691935062408e-02
2.202554233372211456e-02
2.203282527625560760e-02
2.203861251473426819e-02
2.203552797436714172e-02
2.203338965773582458e-02
2.203064970672130585e-02
2.202427014708518982e-02
2.201990596950054169e-02
2.201555669307708740e-02
2.201050519943237305e-02
2.194831334054470062e-02
2.188999764621257782e-02
2.183121815323829651e-02
2.177355810999870300e-02
2.173212915658950806e-02
2.169504389166831970e-02
2.165860868990421295e-02
2.162350900471210480e-02
2.159010060131549835e-02
2.153984084725379944e-02
2.149369753897190094e-02
2.145509049296379089e-02
2.142440900206565857e-02
2.139374613761901855e-02
2.136539854109287262e-02
2.134401164948940277e-02
2.132174931466579437e-02
2.129076607525348663e-02
2.125349268317222595e-02
2.122330106794834137e-02
2.119828946888446808e-02
2.118076011538505554e-02
2.116204053163528442e-02
2.115376852452754974e-02
2.114410325884819031e-02
2.113463170826435089e-02
2.112730778753757477e-02
2.112257666885852814e-02
2.112145349383354187e-02
2.110483869910240173e-02
2.109591662883758545e-02
2.108354121446609497e-02
2.106942236423492432e-02
2.105874754488468170e-02
2.104925364255905151e-02
2.103868499398231506e-02
2.102024853229522705e-02
2.094263024628162384e-02
2.086886763572692871e-02
2.080251649022102356e-02
2.074353210628032684e-02
2.067713625729084015e-02
2.062037773430347443e-02
2.056790888309478760e-02
2.051962353289127350e-02
2.047041431069374084e-02
2.042467892169952393e-02
2.038370631635189056e-02
2.035719715058803558e-02
2.033415623009204865e-02
2.031176351010799408e-02
2.029255591332912445e-02
2.027582377195358276e-02
2.026017196476459503e-02
2.026321366429328918e-02
2.026660926640033722e-02
2.026923559606075287e-02
2.027158252894878387e-02
2.027104981243610382e-02
2.026190795004367828e-02
2.025520056486129761e-02
2.024777233600616455e-02
2.023478224873542786e-02
2.024087123572826385e-02
2.024423703551292419e-02
2.026378549635410309e-02
2.028533443808555603e-02
2.030570618808269501e-02
2.032026648521423340e-02
2.033434435725212097e-02
2.035428769886493683e-02
2.037069573998451233e-02
2.040346153080463409e-02
2.042351104319095612e-02
2.043809927999973297e-02
2.045428566634654999e-02
2.044868469238281250e-02
2.044316381216049194e-02
2.044940553605556488e-02
2.045537158846855164e-02
2.046045660972595215e-02
2.043811418116092682e-02
2.042230963706970215e-02
2.040755003690719604e-02
2.039414085447788239e-02
2.037936449050903320e-02
2.036670036613941193e-02
2.034774795174598694e-02
2.033008448779582977e-02
2.026664279401302338e-02
2.020827680826187134e-02
2.015513181686401367e-02
2.010652422904968262e-02
2.005607448518276215e-02
2.000728622078895569e-02
1.995262131094932556e-02
1.990061439573764801e-02
1.985422149300575256e-02
1.981115527451038361e-02
1.977139897644519806e-02
1.973947510123252869e-02
1.971177943050861359e-02
1.967386901378631592e-02
1.963924802839756012e-02
1.960750296711921692e-02
1.957693323493003845e-02
1.952730305492877960e-02
1.948427408933639526e-02
1.943957246840000153e-02
1.940111257135868073e-02
1.935961842536926270e-02
1.932078227400779724e-02
1.925567351281642914e-02
1.919312030076980591e-02
1.912670210003852844e-02
1.906157471239566803e-02
1.899980008602142334e-02
1.895018853247165680e-02
1.890570484101772308e-02
1.886465027928352356e-02
1.882381923496723175e-02
1.878467947244644165e-02
1.874553225934505463e-02
1.870884187519550323e-02
1.867446489632129669e-02
1.864093169569969177e-02
1.861305534839630127e-02
1.858786866068840027e-02
1.859980262815952301e-02
1.860781945288181305e-02
1.861900277435779572e-02
1.862733066082000732e-02
1.863514445722103119e-02
1.864163763821125031e-02
1.864858157932758331e-02
1.865389570593833923e-02
1.866856776177883148e-02
1.868304982781410217e-02
1.869674399495124817e-02
1.870951801538467407e-02
1.872234232723712921e-02
1.873206906020641327e-02
1.874052733182907104e-02
1.874580793082714081e-02
1.875593326985836029e-02
1.876340806484222412e-02
1.876941695809364319e-02
1.878509297966957092e-02
1.880121044814586639e-02
1.881959289312362671e-02
1.883305609226226807e-02
1.884309574961662292e-02
1.885106600821018219e-02
1.885958947241306305e-02
1.886431500315666199e-02
1.888023875653743744e-02
1.889385282993316650e-02
1.890809834003448486e-02
1.891058683395385742e-02
1.890808902680873871e-02
1.890554465353488922e-02
1.892256177961826324e-02
1.893518306314945221e-02
1.893724128603935242e-02
1.893959380686283112e-02
1.894098892807960510e-02
1.893143914639949799e-02
1.891488768160343170e-02
1.890470087528228760e-02
1.889330521225929260e-02
1.888682134449481964e-02
1.888520270586013794e-02
1.888217777013778687e-02
1.887812465429306030e-02
1.887034252285957336e-02
1.886135898530483246e-02
1.884932070970535278e-02
1.886293664574623108e-02
1.886004395782947540e-02
1.885869540274143219e-02
1.886056922376155853e-02
1.886202953755855560e-02
1.885856874287128448e-02
1.885396242141723633e-02
1.884536817669868469e-02
1.883917115628719330e-02
1.882898993790149689e-02
1.882514916360378265e-02
1.882104575634002686e-02
1.880397461354732513e-02
1.878593489527702332e-02
1.877393014729022980e-02
1.875044591724872589e-02
1.873032003641128540e-02
1.871274039149284363e-02
1.869781687855720520e-02
1.868816278874874115e-02
1.867807656526565552e-02
1.866709254682064056e-02
1.865965500473976135e-02
1.864566095173358917e-02
1.863142289221286774e-02
1.862216740846633911e-02
1.860979758203029633e-02
1.859517954289913177e-02
1.864776387810707092e-02
1.869580708444118500e-02
1.873972080647945404e-02
1.878506503999233246e-02
1.882003247737884521e-02
1.885337196290493011e-02
1.887382380664348602e-02
1.889269612729549408e-02
1.890859752893447876e-02
1.886465214192867279e-02
1.881133578717708588e-02
1.876103132963180542e-02
1.871249452233314514e-02
1.866943016648292542e-02
1.862900704145431519e-02
1.859121024608612061e-02
1.855347864329814911e-02
1.852166093885898590e-02
1.849063299596309662e-02
1.846072264015674591e-02
1.843789778649806976e-02
1.841940172016620636e-02
1.840038038790225983e-02
1.837704703211784363e-02
1.835287734866142273e-02
1.832303777337074280e-02
1.827449537813663483e-02
1.822862401604652405e-02
1.818478293716907501e-02
1.814848743379116058e-02
1.811874657869338989e-02
1.809055730700492859e-02
1.805924251675605774e-02
1.803150027990341187e-02
1.800618506968021393e-02
1.798379048705101013e-02
1.796719804406166077e-02
1.796632260084152222e-02
1.796538755297660828e-02
1.795655861496925354e-02
1.795202121138572693e-02
1.795443147420883179e-02
1.795635931193828583e-02
1.795838400721549988e-02
1.796134188771247864e-02
1.796422712504863739e-02
1.796502992510795593e-02
1.794721372425556183e-02
1.792179979383945465e-02
1.790726371109485626e-02
1.787957176566123962e-02
1.783968694508075714e-02
1.782032661139965057e-02
1.780379563570022583e-02
1.778950542211532593e-02
1.777613535523414612e-02
1.776555553078651428e-02
1.775608025491237640e-02
1.774731464684009552e-02
1.774032413959503174e-02
1.773829571902751923e-02
1.773723773658275604e-02
1.773993298411369324e-02
1.773774251341819763e-02
1.773703843355178833e-02
1.773944683372974396e-02
1.774250157177448273e-02
1.774918474256992340e-02
1.775365322828292847e-02
1.775522530078887939e-02
1.775589212775230408e-02
1.772671751677989960e-02
1.769742369651794434e-02
1.766982488334178925e-02
1.764558628201484680e-02
1.762343943119049072e-02
1.759774237871170044e-02
1.757078245282173157e-02
1.754194311797618866e-02
1.751569844782352448e-02
1.749441586434841156e-02
1.747501082718372345e-02
1.745344884693622589e-02
1.743292622268199921e-02
1.741855964064598083e-02
1.737217232584953308e-02
1.730652898550033569e-02
1.725616119801998138e-02
1.720886863768100739e-02
1.716865226626396179e-02
1.713205315172672272e-02
1.708401180803775787e-02
1.704194210469722748e-02
1.700419746339321136e-02
1.696798950433731079e-02
1.692901365458965302e-02
1.688377559185028076e-02
1.684385724365711212e-02
1.680943369865417480e-02
1.677450723946094513e-02
1.674662530422210693e-02
1.672218367457389832e-02
1.669982634484767914e-02
1.669248193502426147e-02
1.668335683643817902e-02
1.667721010744571686e-02
1.667160168290138245e-02
1.666827127337455750e-02
1.666286028921604156e-02
1.665394753217697144e-02
1.665016263723373413e-02
1.664693653583526611e-02
1.664242520928382874e-02
1.663631387054920197e-02
1.663182489573955536e-02
1.662469469010829926e-02
1.661400310695171356e-02
1.664963178336620331e-02
1.668744720518589020e-02
1.671209372580051422e-02
1.673697307705879211e-02
1.675045676529407501e-02
1.676509529352188110e-02
1.678095385432243347e-02
1.680746302008628845e-02
1.682976074516773224e-02
1.684867776930332184e-02
1.686855033040046692e-02
1.688542775809764862e-02
1.689789630472660065e-02
1.690658740699291229e-02
1.690176315605640411e-02
1.689488813281059265e-02
1.688827015459537506e-02
1.688070036470890045e-02
1.687406748533248901e-02
1.687364839017391205e-02
1.687905937433242798e-02
1.688469015061855316e-02
1.689282618463039398e-02
1.690473593771457672e-02
1.691550761461257935e-02
1.692435517907142639e-02
1.692787185311317444e-02
1.692369952797889709e-02
1.692350953817367554e-02
1.692094095051288605e-02
1.692121289670467377e-02
1.692365854978561401e-02
1.692209206521511078e-02
1.691829413175582886e-02
1.691359840333461761e-02
1.690420508384704590e-02
1.689453795552253723e-02
1.688469387590885162e-02
1.687817089259624481e-02
1.687856577336788177e-02
1.687548682093620300e-02
1.687906868755817413e-02
1.687982678413391113e-02
1.687754876911640167e-02
1.687486469745635986e-02
1.687804795801639557e-02
1.686318591237068176e-02
1.684987172484397888e-02
1.683534868061542511e-02
1.681870222091674805e-02
1.680443063378334045e-02
1.679054275155067444e-02
1.677703112363815308e-02
1.676469855010509491e-02
1.675222255289554596e-02
1.673509553074836731e-02
1.672056876122951508e-02
1.670125685632228851e-02
1.668215729296207428e-02
1.666467450559139252e-02
1.664415188133716583e-02
1.662810891866683960e-02
1.658432185649871826e-02
1.654670760035514832e-02
1.651187054812908173e-02
1.647885516285896301e-02
1.644716784358024597e-02
1.642159745097160339e-02
1.639886759221553802e-02
1.637951470911502838e-02
1.635994948446750641e-02
1.632805913686752319e-02
1.630436256527900696e-02
1.628115214407444000e-02
1.625829376280307770e-02
1.623837649822235107e-02
1.622162386775016785e-02
1.620646007359027863e-02
1.619317196309566498e-02
1.618216373026371002e-02
1.614368893206119537e-02
1.610934734344482422e-02
1.607962697744369507e-02
1.604816317558288574e-02
1.602099649608135223e-02
1.599285192787647247e-02
1.596384122967720032e-02
1.593845523893833160e-02
1.589275710284709930e-02
1.583924330770969391e-02
1.579147204756736755e-02
1.574849709868431091e-02
1.571197807788848877e-02
1.567613892257213593e-02
1.564474590122699738e-02
1.561365928500890732e-02
1.558295171707868576e-02
1.555531751364469528e-02
1.552898064255714417e-02
1.550995372235774994e-02
1.549051515758037567e-02
1.548296585679054260e-02
1.547773275524377823e-02
1.547388639301061630e-02
1.546823140233755112e-02
1.546164881438016891e-02
1.545582339167594910e-02
1.542941574007272720e-02
1.540855318307876587e-02
1.539066527038812637e-02
1.538414414972066879e-02
1.538089662790298462e-02
1.537884864956140518e-02
1.537695806473493576e-02
1.537276525050401688e-02
1.536860596388578415e-02
1.536424644291400909e-02
1.537452265620231628e-02
1.537906564772129059e-02
1.538609992712736130e-02
1.539163757115602493e-02
1.539132278412580490e-02
1.539652422070503235e-02
1.540273521095514297e-02
1.540780253708362579e-02
1.541262678802013397e-02
1.541716232895851135e-02
1.542011834681034088e-02
1.542437076568603516e-02
1.542769372463226318e-02
1.543030515313148499e-02
1.543302182108163834e-02
1.543547678738832474e-02
1.542703155428171158e-02
1.541679166257381439e-02
1.540661882609128952e-02
1.539615914225578308e-02
1.539269555360078812e-02
1.538122165948152542e-02
1.536982879042625427e-02
1.535948831588029861e-02
1.534845400601625443e-02
1.533890329301357269e-02
1.533019263297319412e-02
1.532375346869230270e-02
1.531915646046400070e-02
1.529543008655309677e-02
1.527544017881155014e-02
1.525925286114215851e-02
1.524468883872032166e-02
1.523372810333967209e-02
1.522573642432689667e-02
1.522081997245550156e-02
1.521647069603204727e-02
1.521201897412538528e-02
1.520845573395490646e-02
1.520529668778181076e-02
1.520176231861114502e-02
1.520943921059370041e-02
1.521550398319959641e-02
1.522258389741182327e-02
1.522397901862859726e-02
1.522357668727636337e-02
1.521921250969171524e-02
1.521361619234085083e-02
1.519949268549680710e-02
1.518774311989545822e-02
1.517748367041349411e-02
1.516918931156396866e-02
1.514545734971761703e-02
1.512604951858520508e-02
1.510733831673860550e-02
1.509133446961641312e-02
1.507889386266469955e-02
1.508051250129938126e-02
1.508249249309301376e-02
1.508398354053497314e-02
1.508271321654319763e-02
1.508137863129377365e-02
1.507871877402067184e-02
1.508645992726087570e-02
1.509183924645185471e-02
1.509666815400123596e-02
1.509014889597892761e-02
1.508798170834779739e-02
1.508559565991163254e-02
1.508407387882471085e-02
1.508717145770788193e-02
1.508931443095207214e-02
1.509245578199625015e-02
1.509957294911146164e-02
1.511407084763050079e-02
1.512450631707906723e-02
1.513019576668739319e-02
1.513480301946401596e-02
1.508531719446182251e-02
1.504144538193941116e-02
1.501217670738697052e-02
1.498646941035985947e-02
1.496414840221405029e-02
1.494027301669120789e-02
1.491959113627672195e-02
1.491234265267848969e-02
1.490328833460807800e-02
1.489537768065929413e-02
1.489264424890279770e-02
1.489005424082279205e-02
1.488352753221988678e-02
1.487884577363729477e-02
1.489426661282777786e-02
1.490750256925821304e-02
1.491644140332937241e-02
1.492877956479787827e-02
1.493969373404979706e-02
1.494940463453531265e-02
1.495753228664398193e-02
1.496305782347917557e-02
1.496789231896400452e-02
1.497266441583633423e-02
1.497228443622589111e-02
1.497135683894157410e-02
1.496676821261644363e-02
1.495994906872510910e-02
1.495257206261157990e-02
1.494500134140253067e-02
1.494094450026750565e-02
1.493420545011758804e-02
1.492889132350683212e-02
1.492405962198972702e-02
1.491920463740825653e-02
1.488476339727640152e-02
1.485432777553796768e-02
1.482599508017301559e-02
1.479908265173435211e-02
1.478008925914764404e-02
1.476047281175851822e-02
1.474138814955949783e-02
1.470107492059469223e-02
1.463837455958127975e-02
1.458242628723382950e-02
1.454432308673858643e-02
1.451002340763807297e-02
1.447609066963195801e-02
1.445847097784280777e-02
1.443518511950969696e-02
1.441547740250825882e-02
1.439681742340326309e-02
1.437641866505146027e-02
1.435735914856195450e-02
1.434568129479885101e-02
1.433433312922716141e-02
1.432515773922204971e-02
1.431757584214210510e-02
1.430298853665590286e-02
1.428710762411355972e-02
1.427483931183815002e-02
1.426366250962018967e-02
1.425251457840204239e-02
1.419591624289751053e-02
1.413565129041671753e-02
1.409169193357229233e-02
1.404630206525325775e-02
1.400771550834178925e-02
1.397619303315877914e-02
1.394968107342720032e-02
1.392733212560415268e-02
1.390886399894952774e-02
1.389497611671686172e-02
1.388577464967966080e-02
1.387780532240867615e-02
1.385893672704696655e-02
1.385106984525918961e-02
1.384142134338617325e-02
1.383241266012191772e-02
1.381780486553907394e-02
1.379087939858436584e-02
1.376850344240665436e-02
1.374930143356323242e-02
1.373796258121728897e-02
1.372832991182804108e-02
1.374232675880193710e-02
1.377774681895971298e-02
1.381142903119325638e-02
1.384139247238636017e-02
1.384725328534841537e-02
1.385431829839944839e-02
1.385823637247085571e-02
1.386131625622510910e-02
1.386237144470214844e-02
1.383567880839109421e-02
1.381011586636304855e-02
1.378497108817100525e-02
1.375078037381172180e-02
1.370895002037286758e-02
1.367088686674833298e-02
1.363724190741777420e-02
1.359961926937103271e-02
1.357098668813705444e-02
1.354718487709760666e-02
1.352819334715604782e-02
1.351208891719579697e-02
1.349477469921112061e-02
1.347945909947156906e-02
1.346880104392766953e-02
1.345841679722070694e-02
1.344977878034114838e-02
1.344166882336139679e-02
1.343858987092971802e-02
1.343658287078142166e-02
1.343644224107265472e-02
1.344648376107215881e-02
1.345562841743230820e-02
1.346611790359020233e-02
1.347486861050128937e-02
1.348355971276760101e-02
1.349112950265407562e-02
1.345816813409328461e-02
1.343144010752439499e-02
1.341268327087163925e-02
1.339446101337671280e-02
1.337871234863996506e-02
1.336517464369535446e-02
1.336923707276582718e-02
1.337009947746992111e-02
1.336487941443920135e-02
1.335802022367715836e-02
1.335474476218223572e-02
1.334866788238286972e-02
1.334434840828180313e-02
1.334142219275236130e-02
1.333791483193635941e-02
1.333395391702651978e-02
1.333074178546667099e-02
1.332575548440217972e-02
1.330384239554405212e-02
1.328474842011928558e-02
1.327000185847282410e-02
1.323423814028501511e-02
