3.178394958376884460e-02
3.178394958376884460e-02
3.277144953608512878e-02
3.375365212559700012e-02
3.429903090000152588e-02
3.414208441972732544e-02
3.353004157543182373e-02
3.296141326427459717e-02
3.237194940447807312e-02
3.168380260467529297e-02
3.091642260551452637e-02
3.000218793749809265e-02
2.917210385203361511e-02
2.845954336225986481e-02
2.766169421374797821e-02
2.702694572508335114e-02
2.628056891262531281e-02
2.573206461966037750e-02
2.525975741446018219e-02
2.518320642411708832e-02
2.505553141236305237e-02
2.488067932426929474e-02
2.478630654513835907e-02
2.458443120121955872e-02
2.439825981855392456e-02
2.431310527026653290e-02
2.428627014160156250e-02
2.430994994938373566e-02
2.450624108314514160e-02
2.464396879076957703e-02
2.487851306796073914e-02
2.480681985616683960e-02
2.470115572214126587e-02
2.471153624355792999e-02
2.453430555760860443e-02
2.428760752081871033e-02
2.408903092145919800e-02
2.389728091657161713e-02
2.369664795696735382e-02
2.351788058876991272e-02
2.346024662256240845e-02
2.349031902849674225e-02
2.350038476288318634e-02
2.346515096724033356e-02
2.334934659302234650e-02
2.322405576705932617e-02
2.317279949784278870e-02
2.290519885718822479e-02
2.275298535823822021e-02
2.280388027429580688e-02
2.298467047512531281e-02
2.322137355804443359e-02
2.351342141628265381e-02
2.371034584939479828e-02
2.385775558650493622e-02
2.395825646817684174e-02
2.409471757709980011e-02
2.426789328455924988e-02
2.440027892589569092e-02
2.457201853394508362e-02
2.457246184349060059e-02
2.456075325608253479e-02
2.452396415174007416e-02
2.460208907723426819e-02
2.466519735753536224e-02
2.475755661725997925e-02
2.495303004980087280e-02
2.512551471590995789e-02
2.533766999840736389e-02
2.548079378902912140e-02
2.579227276146411896e-02
2.589051984250545502e-02
2.587817981839179993e-02
2.575505524873733521e-02
2.562489360570907593e-02
2.551234886050224304e-02
2.519973926246166229e-02
2.476588264107704163e-02
2.444252185523509979e-02
2.396236918866634369e-02
2.351216040551662445e-02
2.292634733021259308e-02
2.261143550276756287e-02
2.236553654074668884e-02
2.219519577920436859e-02
2.203809469938278198e-02
2.174545265734195709e-02
2.156236208975315094e-02
2.149898372590541840e-02
2.149927988648414612e-02
2.139106579124927521e-02
2.119915746152400970e-02
2.127603814005851746e-02
2.129344269633293152e-02
2.114771306514739990e-02
2.114771306514739990e-02
2.114771306514739990e-02
2.114771306514739990e-02
2.077643014490604401e-02
2.056549303233623505e-02
2.039168030023574829e-02
2.016196772456169128e-02
1.987747102975845337e-02
1.966672204434871674e-02
1.949659362435340881e-02
1.930200867354869843e-02
1.923137344419956207e-02
1.924975775182247162e-02
1.908456347882747650e-02
1.896591112017631531e-02
1.864372938871383667e-02
1.836853660643100739e-02
1.795492507517337799e-02
1.750679500401020050e-02
1.762126386165618896e-02
1.774013973772525787e-02
1.798946224153041840e-02
1.799077726900577545e-02
1.797556132078170776e-02
1.794337294995784760e-02
1.785410754382610321e-02
1.767084002494812012e-02
1.746341027319431305e-02
1.730901561677455902e-02
1.737012714147567749e-02
1.729940809309482574e-02
1.725084148347377777e-02
1.719761639833450317e-02
1.694426499307155609e-02
1.673279702663421631e-02
1.655293628573417664e-02
1.650939136743545532e-02
1.644677296280860901e-02
1.645975373685359955e-02
1.630228012800216675e-02
1.602410338819026947e-02
1.584978960454463959e-02
1.569881848990917206e-02
1.555469539016485214e-02
1.530840341001749039e-02
1.494637317955493927e-02
1.459299586713314056e-02
1.437301654368638992e-02
1.439123880118131638e-02
1.439508143812417984e-02
1.428354158997535706e-02
1.429796498268842697e-02
1.427947543561458588e-02
1.431009452790021896e-02
1.424170285463333130e-02
1.416228059679269791e-02
1.407041121274232864e-02
1.401736307889223099e-02
1.402747165411710739e-02
1.409270707517862320e-02
1.425530016422271729e-02
1.450307108461856842e-02
1.461575273424386978e-02
1.476574596017599106e-02
1.481887325644493103e-02
1.459466293454170227e-02
1.444739382714033127e-02
1.434664055705070496e-02
1.428985875099897385e-02
1.432351116091012955e-02
1.439317502081394196e-02
1.442205440253019333e-02
1.450331881642341614e-02
1.470754388719797134e-02
1.480807643383741379e-02
1.494830567389726639e-02
1.505952328443527222e-02
1.514117047190666199e-02
1.508011203259229660e-02
1.493492070585489273e-02
1.474365592002868652e-02
1.448256429284811020e-02
1.428733579814434052e-02
1.412885542958974838e-02
1.405419409275054932e-02
1.411440595984458923e-02
1.436666958034038544e-02
1.458353176712989807e-02
1.477597281336784363e-02
1.493129599839448929e-02
1.507505029439926147e-02
1.524248998612165451e-02
1.537197548896074295e-02
1.530446391552686691e-02
1.517872326076030731e-02
1.501854695379734039e-02
1.482976879924535751e-02
1.476598251610994339e-02
1.471288502216339111e-02
1.488835085183382034e-02
1.510834414511919022e-02
1.533880643546581268e-02
1.560409087687730789e-02
1.586178131401538849e-02
1.617363840341567993e-02
1.631630770862102509e-02
1.636481098830699921e-02
1.656833663582801819e-02
1.667835563421249390e-02
1.669304631650447845e-02
1.666024699807167053e-02
1.668964698910713196e-02
1.683762483298778534e-02
1.708223856985569000e-02
1.725089736282825470e-02
1.737412810325622559e-02
1.736766472458839417e-02
1.728592813014984131e-02
1.721006631851196289e-02
1.696022972464561462e-02
1.686595752835273743e-02
1.672535203397274017e-02
1.662320829927921295e-02
1.661645434796810150e-02
1.666022092103958130e-02
1.678842492401599884e-02
1.690917089581489563e-02
1.693305745720863342e-02
1.684254221618175507e-02
1.676047220826148987e-02
1.661355979740619659e-02
1.635495759546756744e-02
1.598719879984855652e-02
1.558848563581705093e-02
1.534628029912710190e-02
1.519271731376647949e-02
1.503859832882881165e-02
1.506133470684289932e-02
1.512269210070371628e-02
1.523789763450622559e-02
1.532426662743091583e-02
1.542815100401639938e-02
1.537095848470926285e-02
1.529503893107175827e-02
1.516133546829223633e-02
1.510245166718959808e-02
1.506992150098085403e-02
1.503550726920366287e-02
1.495655998587608337e-02
1.484103780239820480e-02
1.473233848810195923e-02
1.468707248568534851e-02
1.464231126010417938e-02
1.470985542982816696e-02
1.472563203424215317e-02
1.479225140064954758e-02
1.480004377663135529e-02
1.499569695442914963e-02
1.530474610626697540e-02
1.544659025967121124e-02
1.544659025967121124e-02
1.544659025967121124e-02
1.549618318676948547e-02
1.556595973670482635e-02
1.577837206423282623e-02
1.580873690545558929e-02
1.578200981020927429e-02
1.563856564462184906e-02
1.555774360895156860e-02
1.553243491798639297e-02
1.557009015232324600e-02
1.553479023277759552e-02
1.540379226207733154e-02
1.528177503496408463e-02
1.509054563939571381e-02
1.492491457611322403e-02
1.481877919286489487e-02
1.472151558846235275e-02
1.463634893298149109e-02
1.453233975917100906e-02
1.450876425951719284e-02
1.457329094409942627e-02
1.470321789383888245e-02
1.492287032306194305e-02
1.514417026191949844e-02
1.522797159850597382e-02
1.528314035385847092e-02
1.529997028410434723e-02
1.511566806584596634e-02
1.490442268550395966e-02
1.468861475586891174e-02
1.456055883318185806e-02
1.461848150938749313e-02
1.477516815066337585e-02
1.500440854579210281e-02
1.515177730470895767e-02
1.513239368796348572e-02
1.510203164070844650e-02
1.495227497071027756e-02
1.464602258056402206e-02
1.442443951964378357e-02
1.423782389611005783e-02
1.412347424775362015e-02
1.400519069284200668e-02
1.397891249507665634e-02
1.392478868365287781e-02
1.402405742555856705e-02
1.410003658384084702e-02
1.422563847154378891e-02
1.428823918104171753e-02
1.435688138008117676e-02
1.449913531541824341e-02
1.459275279194116592e-02
1.454691682010889053e-02
1.449132896959781647e-02
1.439726166427135468e-02
1.428592484444379807e-02
1.420893426984548569e-02
1.411010883748531342e-02
1.401532068848609924e-02
1.404396723955869675e-02
1.421162951737642288e-02
1.450041402131319046e-02
1.468350924551486969e-02
1.478082314133644104e-02
1.496089994907379150e-02
1.508471276611089706e-02
1.510323397815227509e-02
1.509012375026941299e-02
1.500953827053308487e-02
1.484750490635633469e-02
1.476030889898538589e-02
1.474099885672330856e-02
1.480660773813724518e-02
1.481301989406347275e-02
1.475559175014495850e-02
1.456095743924379349e-02
1.440094411373138428e-02
1.434158999472856522e-02
1.435391511768102646e-02
1.448844186961650848e-02
1.450512930750846863e-02
1.453646365553140640e-02
1.457219757139682770e-02
1.459282170981168747e-02
1.462375186383724213e-02
1.455806754529476166e-02
1.452529709786176682e-02
1.453957427293062210e-02
1.451624277979135513e-02
1.454431656748056412e-02
1.459734793752431870e-02
1.474016252905130386e-02
1.493346411734819412e-02
1.506740320473909378e-02
1.509795710444450378e-02
1.511530112475156784e-02
1.503231190145015717e-02
1.494952570647001266e-02
1.488615386188030243e-02
1.498060673475265503e-02
1.516906544566154480e-02
1.536571979522705078e-02
1.542470511049032211e-02
1.547802053391933441e-02
1.550447102636098862e-02
1.535575743764638901e-02
1.513819023966789246e-02
1.501308288425207138e-02
1.500471867620944977e-02
1.508089154958724976e-02
1.517541799694299698e-02
1.529500819742679596e-02
1.521273702383041382e-02
1.510404516011476517e-02
1.502472069114446640e-02
1.498771831393241882e-02
1.507135294377803802e-02
1.521830167621374130e-02
1.528945751488208771e-02
1.516868267208337784e-02
1.497447770088911057e-02
1.478622294962406158e-02
1.454276312142610550e-02
1.435845531523227692e-02
1.405297406017780304e-02
1.386077981442213058e-02
1.373233553022146225e-02
1.368178334087133408e-02
1.371738221496343613e-02
1.386146899312734604e-02
1.409098319709300995e-02
1.432285923510789871e-02
1.465972233563661575e-02
1.497757341712713242e-02
1.507969573140144348e-02
1.510414667427539825e-02
1.491678040474653244e-02
1.466433424502611160e-02
1.444827206432819366e-02
1.424729451537132263e-02
1.424729451537132263e-02
1.413037721067667007e-02
1.414340455085039139e-02
1.424476597458124161e-02
1.435572095215320587e-02
1.448452379554510117e-02
1.471093855798244476e-02
1.491841766983270645e-02
1.519030332565307617e-02
1.536528114229440689e-02
1.553038228303194046e-02
1.566667109727859497e-02
1.569217257201671600e-02
1.554702781140804291e-02
1.533252466470003128e-02
1.513133011758327484e-02
1.493995543569326401e-02
1.478773076087236404e-02
1.461760140955448151e-02
1.448317617177963257e-02
1.429930981248617172e-02
1.420337799936532974e-02
1.432132814079523087e-02
1.456687971949577332e-02
1.490856241434812546e-02
1.527447160333395004e-02
1.558890193700790405e-02
1.571736857295036316e-02
1.576225832104682922e-02
1.574965566396713257e-02
1.565365307033061981e-02
1.542872376739978790e-02
1.503096148371696472e-02
1.460597570985555649e-02
1.434236019849777222e-02
1.411715056747198105e-02
1.393419504165649414e-02
1.380958594381809235e-02
1.359391491860151291e-02
1.341425161808729172e-02
1.322539057582616806e-02
1.297293882817029953e-02
1.283521577715873718e-02
1.263677980750799179e-02
1.244317460805177689e-02
1.219795458018779755e-02
1.179738435894250870e-02
1.124651543796062469e-02
1.087277941405773163e-02
1.064185611903667450e-02
1.049597375094890594e-02
1.040443032979965210e-02
1.041735056787729263e-02
1.052436884492635727e-02
1.068300940096378326e-02
1.094788219779729843e-02
1.109105162322521210e-02
1.096108742058277130e-02
1.080465968698263168e-02
1.064401119947433472e-02
1.057354453951120377e-02
1.052768994122743607e-02
1.041882485151290894e-02
1.025602594017982483e-02
1.004667300730943680e-02
9.815411642193794250e-03
9.589792229235172272e-03
9.391453117132186890e-03
9.196709841489791870e-03
9.033347479999065399e-03
8.906985633075237274e-03
8.727676235139369965e-03
8.579084649682044983e-03
8.453112095594406128e-03
8.333753794431686401e-03
8.278261870145797729e-03
8.275598287582397461e-03
8.319574408233165741e-03
8.413214236497879028e-03
8.627913892269134521e-03
8.838614448904991150e-03
9.039353579282760620e-03
9.242433123290538788e-03
9.464257396757602692e-03
9.608340449631214142e-03
9.561142884194850922e-03
9.490186348557472229e-03
9.374631568789482117e-03
9.257637895643711090e-03
9.221313521265983582e-03
9.245414286851882935e-03
9.293926879763603210e-03
9.366249665617942810e-03
9.440088644623756409e-03
9.499005973339080811e-03
9.558518417179584503e-03
9.642608463764190674e-03
9.786503389477729797e-03
9.919941425323486328e-03
1.000642776489257812e-02
1.011731382459402084e-02
1.019706763327121735e-02
1.008712127804756165e-02
9.961440227925777435e-03
9.850570932030677795e-03
9.745594114065170288e-03
9.719048626720905304e-03
9.726136922836303711e-03
9.703449904918670654e-03
9.616180323064327240e-03
9.576180018484592438e-03
9.538467042148113251e-03
9.518077597022056580e-03
9.506890550255775452e-03
9.445963427424430847e-03
9.338355623185634613e-03
9.337435476481914520e-03
9.417975321412086487e-03
9.471303783357143402e-03
9.496904909610748291e-03
9.411250241100788116e-03
9.322019293904304504e-03
9.197644889354705811e-03
9.003119543194770813e-03
8.781692013144493103e-03
8.552289567887783051e-03
8.390001021325588226e-03
8.233399130403995514e-03
8.190744556486606598e-03
8.190786466002464294e-03
8.303898386657238007e-03
8.408186957240104675e-03
8.482984267175197601e-03
8.557634428143501282e-03
8.544166572391986847e-03
8.503119461238384247e-03
8.557395078241825104e-03
8.666196838021278381e-03
8.728335611522197723e-03
8.751380257308483124e-03
8.642272092401981354e-03
8.503394201397895813e-03
8.389556780457496643e-03
8.351206779479980469e-03
8.376630023121833801e-03
8.328459225594997406e-03
8.358538150787353516e-03
8.309175260365009308e-03
8.306708186864852905e-03
8.294424973428249359e-03
8.338511921465396881e-03
8.411373011767864227e-03
8.591594174504280090e-03
8.657890371978282928e-03
8.696711622178554535e-03
8.689364418387413025e-03
8.594769053161144257e-03
8.488008752465248108e-03
8.359247818589210510e-03
8.231784217059612274e-03
8.168374188244342804e-03
8.008616045117378235e-03
7.911536842584609985e-03
7.859052158892154694e-03
7.869775407016277313e-03
7.865336723625659943e-03
7.922178134322166443e-03
7.922396063804626465e-03
7.883586920797824860e-03
7.887853309512138367e-03
7.808495312929153442e-03
7.791059091687202454e-03
7.826792076230049133e-03
7.898703217506408691e-03
8.029143325984477997e-03
8.300929330289363861e-03
8.614452555775642395e-03
9.029367938637733459e-03
9.381013922393321991e-03
9.560551494359970093e-03
9.658794850111007690e-03
9.655575267970561981e-03
9.509393945336341858e-03
9.274749085307121277e-03
8.968524634838104248e-03
8.706289343535900116e-03
8.508373983204364777e-03
8.365496061742305756e-03
8.176707662642002106e-03
8.069779723882675171e-03
8.090383373200893402e-03
8.115553297102451324e-03
8.333613164722919464e-03
8.570794947445392609e-03
8.925217203795909882e-03
9.164465591311454773e-03
9.474339894950389862e-03
9.756775572896003723e-03
9.908970445394515991e-03
9.899375028908252716e-03
9.864727966487407684e-03
9.804405272006988525e-03
9.703213348984718323e-03
9.505918249487876892e-03
9.331837296485900879e-03
9.182526730000972748e-03
9.069469757378101349e-03
8.930219337344169617e-03
8.908638730645179749e-03
8.996028453111648560e-03
9.105788543820381165e-03
9.236497804522514343e-03
9.409826248884201050e-03
9.547538124024868011e-03
9.680646471679210663e-03
9.791878983378410339e-03
9.903663769364356995e-03
1.000782754272222519e-02
1.001593656837940216e-02
9.954877197742462158e-03
9.686334058642387390e-03
9.319208562374114990e-03
8.949821814894676208e-03
8.688293397426605225e-03
8.399938233196735382e-03
8.203767240047454834e-03
8.147452026605606079e-03
8.113530464470386505e-03
8.135681971907615662e-03
8.223035372793674469e-03
8.323776535689830780e-03
8.468331769108772278e-03
8.607036434113979340e-03
8.695015683770179749e-03
8.696250617504119873e-03
8.581352420151233673e-03
8.295179344713687897e-03
7.983398623764514923e-03
7.657854817807674408e-03
7.445079740136861801e-03
7.293550297617912292e-03
7.252675481140613556e-03
7.309548556804656982e-03
7.418573368340730667e-03
7.504543289542198181e-03
7.570875808596611023e-03
7.691956125199794769e-03
7.808947935700416565e-03
7.889825850725173950e-03
7.956798188388347626e-03
7.961164228618144989e-03
8.004462346434593201e-03
7.930310443043708801e-03
7.827410474419593811e-03
7.717526517808437347e-03
7.612925488501787186e-03
7.562644314020872116e-03
7.525970693677663803e-03
7.533668540418148041e-03
7.504843175411224365e-03
7.545518688857555389e-03
7.648275233805179596e-03
7.676040753722190857e-03
7.655548397451639175e-03
7.699197158217430115e-03
7.695284206420183182e-03
7.773202378302812576e-03
7.979716174304485321e-03
8.319904096424579620e-03
8.683150634169578552e-03
9.002164006233215332e-03
9.161986410617828369e-03
9.172036312520503998e-03
9.165053255856037140e-03
9.049846790730953217e-03
8.937126956880092621e-03
8.814978413283824921e-03
8.709711022675037384e-03
8.544462732970714569e-03
8.559053763747215271e-03
8.558960631489753723e-03
8.601835928857326508e-03
8.733935654163360596e-03
8.917343802750110626e-03
9.140916168689727783e-03
9.437064640223979950e-03
9.683059528470039368e-03
9.884771890938282013e-03
9.985831566154956818e-03
1.004216820001602173e-02
1.003847457468509674e-02
9.942640550434589386e-03
9.797364473342895508e-03
9.641353040933609009e-03
9.440242312848567963e-03
9.184598922729492188e-03
8.953860029578208923e-03
8.735370822250843048e-03
8.598407730460166931e-03
8.623689413070678711e-03
8.679208345711231232e-03
8.751768618822097778e-03
8.835738524794578552e-03
8.985508233308792114e-03
9.147284552454948425e-03
9.282653219997882843e-03
9.347071871161460876e-03
9.325070306658744812e-03
9.299121797084808350e-03
9.212285280227661133e-03
9.097677655518054962e-03
8.953035809099674225e-03
8.801546879112720490e-03
8.728154934942722321e-03
8.644280023872852325e-03
8.520145900547504425e-03
8.442390710115432739e-03
8.427729830145835876e-03
8.456090465188026428e-03
8.608487434685230255e-03
8.782064542174339294e-03
9.005567058920860291e-03
9.254525415599346161e-03
9.442248381674289703e-03
9.589221328496932983e-03
9.678718633949756622e-03
9.690250270068645477e-03
9.557207114994525909e-03
9.413543157279491425e-03
9.250277653336524963e-03
9.103050455451011658e-03
8.920876309275627136e-03
8.776591159403324127e-03
8.691654540598392487e-03
8.700978942215442657e-03
8.760814554989337921e-03
8.806711994111537933e-03
8.829888887703418732e-03
8.858200162649154663e-03
8.863213472068309784e-03
8.922100998461246490e-03
8.903902024030685425e-03
8.890781551599502563e-03
8.881690911948680878e-03
8.900715969502925873e-03
8.932372555136680603e-03
8.928741328418254852e-03
8.868670091032981873e-03
8.830218575894832611e-03
8.727467618882656097e-03
8.636144921183586121e-03
8.607445284724235535e-03
8.618839085102081299e-03
8.662375621497631073e-03
8.730612695217132568e-03
8.828543126583099365e-03
8.936521597206592560e-03
9.040808305144309998e-03
9.119947440922260284e-03
9.184932336211204529e-03
9.327473118901252747e-03
9.491708129644393921e-03
9.642524644732475281e-03
9.800080209970474243e-03
9.873214177787303925e-03
9.956070221960544586e-03
9.977843612432479858e-03
9.965334087610244751e-03
9.971531108021736145e-03
9.921977296471595764e-03
9.856034070253372192e-03
9.797508828341960907e-03
9.765522554516792297e-03
9.759492240846157074e-03
9.734179824590682983e-03
9.632649831473827362e-03
9.479260072112083435e-03
9.358124807476997375e-03
9.297046810388565063e-03
9.267372079193592072e-03
9.294025599956512451e-03
9.317283518612384796e-03
9.287070482969284058e-03
9.289661422371864319e-03
9.279856458306312561e-03
9.217216633260250092e-03
9.109803475439548492e-03
8.957480080425739288e-03
8.860395289957523346e-03
8.688590489327907562e-03
8.538545109331607819e-03
8.454139344394207001e-03
8.388618938624858856e-03
8.319948799908161163e-03
8.315313607454299927e-03
8.392888121306896210e-03
8.450292982161045074e-03
8.469740860164165497e-03
8.488941006362438202e-03
8.525761775672435760e-03
8.467799983918666840e-03
8.458804339170455933e-03
8.488069288432598114e-03
8.521248586475849152e-03
8.517936803400516510e-03
8.494444191455841064e-03
8.477326482534408569e-03
8.452598936855792999e-03
8.360084146261215210e-03
8.318060077726840973e-03
8.270038291811943054e-03
8.187126368284225464e-03
8.106454275548458099e-03
8.029908873140811920e-03
7.780037354677915573e-03
7.538384292274713516e-03
7.395377382636070251e-03
7.286794949322938919e-03
7.232580799609422684e-03
7.171052508056163788e-03
7.189298048615455627e-03
7.231040392071008682e-03
7.321746088564395905e-03
7.469281088560819626e-03
7.672423031181097031e-03
7.900503464043140411e-03
8.117904886603355408e-03
8.334713988006114960e-03
8.527984842658042908e-03
8.686133660376071930e-03
8.732113055884838104e-03
8.684012107551097870e-03
8.644683286547660828e-03
8.472659625113010406e-03
8.264873176813125610e-03
8.094652555882930756e-03
7.960272952914237976e-03
7.858725264668464661e-03
7.786249741911888123e-03
7.733021397143602371e-03
7.743914145976305008e-03
7.759187836199998856e-03
7.810066454112529755e-03
7.889504544436931610e-03
8.035578764975070953e-03
8.204594254493713379e-03
8.325757458806037903e-03
8.460204117000102997e-03
8.618785999715328217e-03
8.785987272858619690e-03
8.841931819915771484e-03
8.836165070533752441e-03
8.811837062239646912e-03
8.826901204884052277e-03
8.854906074702739716e-03
8.865763433277606964e-03
8.926335722208023071e-03
8.998135104775428772e-03
9.056735783815383911e-03
9.018469601869583130e-03
9.005263447761535645e-03
9.000129997730255127e-03
9.008873254060745239e-03
9.008860215544700623e-03
9.052217006683349609e-03
9.084738790988922119e-03
9.133783169090747833e-03
9.108263999223709106e-03
9.028689935803413391e-03
8.897652849555015564e-03
8.779970929026603699e-03
8.679104968905448914e-03
8.581310510635375977e-03
8.565015159547328949e-03
8.448457345366477966e-03
8.361015468835830688e-03
8.334635756909847260e-03
8.399214595556259155e-03
8.489953354001045227e-03
8.607930503785610199e-03
8.769690990447998047e-03
8.935243822634220123e-03
9.093277156352996826e-03
9.220908395946025848e-03
9.269548580050468445e-03
9.327106177806854248e-03
9.332358837127685547e-03
9.335336275398731232e-03
9.309790097177028656e-03
9.255009703338146210e-03
9.161005727946758270e-03
9.010022506117820740e-03
8.810282684862613678e-03
8.655714802443981171e-03
8.553995750844478607e-03
8.534469641745090485e-03
8.641277439892292023e-03
8.807797916233539581e-03
9.004930034279823303e-03
9.206019341945648193e-03
9.424196556210517883e-03
9.642433375120162964e-03
9.856239892542362213e-03
1.005381625145673752e-02
1.015789713710546494e-02
1.020903140306472778e-02
1.020990312099456787e-02
1.013736054301261902e-02
1.004824973642826080e-02
9.954337030649185181e-03
9.826081804931163788e-03
9.648564271628856659e-03
9.488413110375404358e-03
9.316654875874519348e-03
9.192254394292831421e-03
9.071595966815948486e-03
8.984208106994628906e-03
8.912532590329647064e-03
8.884390816092491150e-03
8.899934589862823486e-03
8.905248716473579407e-03
8.907319046556949615e-03
8.869681507349014282e-03
8.850036188960075378e-03
8.899236097931861877e-03
8.983875624835491180e-03
9.092924185097217560e-03
9.055580012500286102e-03
9.027000516653060913e-03
8.991478942334651947e-03
8.958733640611171722e-03
8.922386914491653442e-03
8.908271789550781250e-03
8.878320455551147461e-03
8.788629435002803802e-03
8.725557476282119751e-03
8.745591156184673309e-03
8.774857968091964722e-03
8.826628327369689941e-03
8.896711282432079315e-03
8.964433334767818451e-03
9.057585150003433228e-03
9.163941256701946259e-03
9.273368865251541138e-03
9.386787191033363342e-03
9.483480826020240784e-03
9.620246477425098419e-03
9.666242636740207672e-03
9.722720831632614136e-03
9.684883058071136475e-03
9.589345194399356842e-03
9.484413079917430878e-03
9.361814707517623901e-03
9.292582049965858459e-03
9.195334278047084808e-03
9.111555293202400208e-03
9.015914052724838257e-03
8.970987983047962189e-03
8.932294324040412903e-03
8.910366334021091461e-03
8.840030990540981293e-03
8.785364218056201935e-03
8.738857693970203400e-03
8.671948686242103577e-03
8.612726815044879913e-03
8.521025069057941437e-03
8.448791690170764923e-03
8.796521462500095367e-03
9.121363051235675812e-03
9.393681772053241730e-03
9.596604853868484497e-03
9.754462167620658875e-03
9.823768399655818939e-03
9.835205040872097015e-03
9.755426086485385895e-03
9.669517166912555695e-03
9.563853964209556580e-03
9.476265870034694672e-03
9.384224191308021545e-03
9.339620359241962433e-03
9.206235408782958984e-03
9.138274006545543671e-03
9.040082804858684540e-03
8.917155675590038300e-03
8.829762227833271027e-03
8.769669570028781891e-03
8.715074509382247925e-03
8.697483688592910767e-03
8.628010749816894531e-03
8.608500473201274872e-03
8.600363507866859436e-03
8.567904122173786163e-03
8.556160144507884979e-03
8.556056767702102661e-03
8.581021800637245178e-03
8.567417971789836884e-03
8.565547876060009003e-03
8.610119111835956573e-03
8.652292191982269287e-03
8.713973686099052429e-03
8.723240345716476440e-03
8.750429376959800720e-03
8.730498142540454865e-03
8.656434714794158936e-03
