1.885648444294929504e-02
1.885648444294929504e-02
1.888228766620159149e-02
1.864978671073913574e-02
1.828793063759803772e-02
1.768739335238933563e-02
1.714971847832202911e-02
1.665248721837997437e-02
1.609755866229534149e-02
1.563537679612636566e-02
1.540495734661817551e-02
1.530743017792701721e-02
1.516889128834009171e-02
1.514264196157455444e-02
1.512716431170701981e-02
1.517566200345754623e-02
1.510285958647727966e-02
1.503024995326995850e-02
1.496442686766386032e-02
1.490176748484373093e-02
