2.573893219232559204e-02
2.573893219232559204e-02
2.480292320251464844e-02
2.493714168667793274e-02
2.609112113714218140e-02
2.605213411152362823e-02
2.556996047496795654e-02
2.548027969896793365e-02
2.585791610181331635e-02
2.595618553459644318e-02
2.595777250826358795e-02
2.592091821134090424e-02
2.597949281334877014e-02
2.620003186166286469e-02
2.616529352962970734e-02
2.635440044105052948e-02
2.634019590914249420e-02
2.641629613935947418e-02
2.599540539085865021e-02
2.553330734372138977e-02
2.487213723361492157e-02
2.411443367600440979e-02
2.341059595346450806e-02
2.269955165684223175e-02
2.222429774701595306e-02
2.166957780718803406e-02
2.098306454718112946e-02
2.047010324895381927e-02
2.009600214660167694e-02
1.990178972482681274e-02
1.971225626766681671e-02
1.964232139289379120e-02
1.943497359752655029e-02
1.926525868475437164e-02
1.891111768782138824e-02
1.856324262917041779e-02
1.816312782466411591e-02
1.777852326631546021e-02
1.742936857044696808e-02
1.711607910692691803e-02
1.676912419497966766e-02
1.662949100136756897e-02
1.631074212491512299e-02
1.602252200245857239e-02
1.599065773189067841e-02
1.606461592018604279e-02
1.578556373715400696e-02
1.539921853691339493e-02
1.513798814266920090e-02
1.477003749459981918e-02
1.441412884742021561e-02
1.402342412620782852e-02
1.366455666720867157e-02
1.327192783355712891e-02
1.294360216706991196e-02
1.265219412744045258e-02
1.231219526380300522e-02
1.188673637807369232e-02
1.159115321934223175e-02
1.134982146322727203e-02
1.099197007715702057e-02
1.054219249635934830e-02
1.029521878808736801e-02
9.919453412294387817e-03
9.647995233535766602e-03
9.300926700234413147e-03
8.977620862424373627e-03
8.635454811155796051e-03
8.369945921003818512e-03
8.187717758119106293e-03
8.226377889513969421e-03
8.387866429984569550e-03
8.392614312469959259e-03
8.450748398900032043e-03
8.473495021462440491e-03
8.470200002193450928e-03
8.454933762550354004e-03
8.441415615379810333e-03
8.343552239239215851e-03
8.321942761540412903e-03
8.370029740035533905e-03
8.300998248159885406e-03
8.274381048977375031e-03
8.193593472242355347e-03
8.173053152859210968e-03
8.194287307560443878e-03
8.160881698131561279e-03
8.587526157498359680e-03
8.920431137084960938e-03
9.211161173880100250e-03
9.362674318253993988e-03
9.462168440222740173e-03
9.571600705385208130e-03
9.701140224933624268e-03
9.868093766272068024e-03
1.006462052464485168e-02
1.022168621420860291e-02
1.034433115273714066e-02
1.049469597637653351e-02
1.065419707447290421e-02
1.082203350961208344e-02
1.088778115808963776e-02
1.095726899802684784e-02
1.101117581129074097e-02
1.105566322803497314e-02
1.107173599302768707e-02
1.112707983702421188e-02
1.117175817489624023e-02
1.116126962006092072e-02
1.110287755727767944e-02
1.123088132590055466e-02
1.140355877578258514e-02
1.157012023031711578e-02
1.174162514507770538e-02
1.165475230664014816e-02
1.155376527458429337e-02
1.127959415316581726e-02
1.113410573452711105e-02
1.120131928473711014e-02
1.135258376598358154e-02
1.153265498578548431e-02
1.178842131048440933e-02
1.205337699502706528e-02
1.233456376940011978e-02
1.267134770750999451e-02
1.299481280148029327e-02
1.372079271823167801e-02
1.444747578352689743e-02
1.519141439348459244e-02
1.582084223628044128e-02
1.642442308366298676e-02
1.696756482124328613e-02
1.751271262764930725e-02
1.800714246928691864e-02
1.803737506270408630e-02
1.809867843985557556e-02
1.824355870485305786e-02
1.834133639931678772e-02
1.841999962925910950e-02
1.858987659215927124e-02
1.870892941951751709e-02
1.884355582296848297e-02
1.899558678269386292e-02
1.901925168931484222e-02
1.896946690976619720e-02
1.877718418836593628e-02
1.869955472648143768e-02
1.884820871055126190e-02
1.899012364447116852e-02
1.914899423718452454e-02
1.938093267381191254e-02
1.970697566866874695e-02
2.000948600471019745e-02
2.036750130355358124e-02
2.068873122334480286e-02
2.081388607621192932e-02
2.104318886995315552e-02
2.133844979107379913e-02
2.174869552254676819e-02
2.211327850818634033e-02
2.241590619087219238e-02
2.261597476899623871e-02
2.286183834075927734e-02
2.320141717791557312e-02
2.358566597104072571e-02
2.391857653856277466e-02
2.425037324428558350e-02
2.451643720269203186e-02
2.474634535610675812e-02
2.494200691580772400e-02
2.513726800680160522e-02
2.527698129415512085e-02
2.532603032886981964e-02
2.540655992925167084e-02
2.540697902441024780e-02
2.538382634520530701e-02
2.538475580513477325e-02
2.541609667241573334e-02
2.543946541845798492e-02
2.537546120584011078e-02
2.537034824490547180e-02
2.535447850823402405e-02
2.551591582596302032e-02
2.560497261583805084e-02
2.569719962775707245e-02
2.552369609475135803e-02
2.536762692034244537e-02
2.536510489881038666e-02
2.540985867381095886e-02
2.552679367363452911e-02
2.567493729293346405e-02
2.575003914535045624e-02
2.583097480237483978e-02
2.589055523276329041e-02
2.584078535437583923e-02
2.576428838074207306e-02
2.570335939526557922e-02
2.569509111344814301e-02
2.568877302110195160e-02
2.570301294326782227e-02
2.573204040527343750e-02
2.574463747441768646e-02
2.565407194197177887e-02
2.559266239404678345e-02
2.553352527320384979e-02
2.542127668857574463e-02
2.533746697008609772e-02
2.516381815075874329e-02
2.501973137259483337e-02
2.497053891420364380e-02
2.500605583190917969e-02
2.507117763161659241e-02
2.521183900535106659e-02
2.533715963363647461e-02
2.545003779232501984e-02
2.553419023752212524e-02
2.554472722113132477e-02
2.557554095983505249e-02
2.573336288332939148e-02
2.585665509104728699e-02
2.589577250182628632e-02
2.598788775503635406e-02
2.609959989786148071e-02
2.622719109058380127e-02
2.643730118870735168e-02
2.654173783957958221e-02
2.683384530246257782e-02
2.710473909974098206e-02
2.731087058782577515e-02
2.758058719336986542e-02
2.782007865607738495e-02
2.797049470245838165e-02
2.810540609061717987e-02
2.823005802929401398e-02
2.822791412472724915e-02
2.808737568557262421e-02
2.800451591610908508e-02
2.804005332291126251e-02
2.799327112734317780e-02
2.793194912374019623e-02
2.774445526301860809e-02
2.750116586685180664e-02
2.727973274886608124e-02
2.696236781775951385e-02
2.671956643462181091e-02
2.645188383758068085e-02
2.613184787333011627e-02
2.566170692443847656e-02
2.526377700269222260e-02
2.478677406907081604e-02
2.430693060159683228e-02
2.389083988964557648e-02
2.346238121390342712e-02
2.309714630246162415e-02
2.278674952685832977e-02
2.253544144332408905e-02
2.237336710095405579e-02
2.205502055585384369e-02
2.182628028094768524e-02
2.165272645652294159e-02
2.154009789228439331e-02
2.138805016875267029e-02
2.124300971627235413e-02
2.102006226778030396e-02
2.080601267516613007e-02
2.055953256785869598e-02
2.037956379354000092e-02
2.019379660487174988e-02
2.013618685305118561e-02
2.012048289179801941e-02
2.018497139215469360e-02
2.029916271567344666e-02
2.050570584833621979e-02
2.074720896780490875e-02
2.093546837568283081e-02
2.115432173013687134e-02
2.133494243025779724e-02
2.153491601347923279e-02
2.169115841388702393e-02
2.194476500153541565e-02
2.214004844427108765e-02
2.250794507563114166e-02
2.279859595000743866e-02
2.313453331589698792e-02
2.343122102320194244e-02
2.365352213382720947e-02
2.393065020442008972e-02
2.414721995592117310e-02
2.441573143005371094e-02
2.464849315583705902e-02
2.458447217941284180e-02
2.454531751573085785e-02
2.452729269862174988e-02
2.447497658431529999e-02
2.442156895995140076e-02
2.440256811678409576e-02
2.441692538559436798e-02
2.441581524908542633e-02
2.437912859022617340e-02
2.430840581655502319e-02
2.427478879690170288e-02
2.428612671792507172e-02
2.426206693053245544e-02
2.419000118970870972e-02
2.423416264355182648e-02
2.437633834779262543e-02
2.444936893880367279e-02
2.448181994259357452e-02
2.451641112565994263e-02
2.453922852873802185e-02
2.450601570308208466e-02
2.448409236967563629e-02
2.455337531864643097e-02
2.461765706539154053e-02
2.468839474022388458e-02
2.478312887251377106e-02
2.484170906245708466e-02
2.488131076097488403e-02
2.493516542017459869e-02
2.495995350182056427e-02
2.494363486766815186e-02
2.496504224836826324e-02
2.493634819984436035e-02
2.497334778308868408e-02
2.505426481366157532e-02
2.512508630752563477e-02
2.518190070986747742e-02
2.528369240462779999e-02
2.532073110342025757e-02
2.533209696412086487e-02
2.534272521734237671e-02
2.530352212488651276e-02
2.532245218753814697e-02
2.534762211143970490e-02
2.540702186524868011e-02
2.557557821273803711e-02
2.568234503269195557e-02
2.579058147966861725e-02
2.598927915096282959e-02
2.625672891736030579e-02
2.656263299286365509e-02
2.677007205784320831e-02
2.700591832399368286e-02
2.721440605819225311e-02
2.741907536983489990e-02
2.754684165120124817e-02
2.769024856388568878e-02
2.783715352416038513e-02
2.806052193045616150e-02
2.823594957590103149e-02
2.847014553844928741e-02
2.864702418446540833e-02
2.876271121203899384e-02
2.893653325736522675e-02
2.914137579500675201e-02
2.922319062054157257e-02
2.928496710956096649e-02
2.934278361499309540e-02
2.937757596373558044e-02
2.940315194427967072e-02
2.950940281152725220e-02
2.961342968046665192e-02
2.972627431154251099e-02
2.987213991582393646e-02
3.012854792177677155e-02
3.013402596116065979e-02
3.019701503217220306e-02
3.027412481606006622e-02
3.033540956676006317e-02
3.036634624004364014e-02
3.037779219448566437e-02
3.045889921486377716e-02
3.058219701051712036e-02
3.065270930528640747e-02
3.077743202447891235e-02
3.087745234370231628e-02
3.104998916387557983e-02
3.115327283740043640e-02
3.120679780840873718e-02
3.122778236865997314e-02
3.124262392520904541e-02
3.124752454459667206e-02
3.118962980806827545e-02
3.120341710746288300e-02
3.117697685956954956e-02
3.121836483478546143e-02
3.125647455453872681e-02
3.136226534843444824e-02
3.145807981491088867e-02
3.153798356652259827e-02
3.163062036037445068e-02
3.172801807522773743e-02
3.178830817341804504e-02
3.181771188974380493e-02
3.193368762731552124e-02
3.210536390542984009e-02
3.216948360204696655e-02
3.233960643410682678e-02
3.247007355093955994e-02
3.262937441468238831e-02
3.273291513323783875e-02
3.278636187314987183e-02
3.282907977700233459e-02
3.279199823737144470e-02
3.275790810585021973e-02
3.275556117296218872e-02
3.268690779805183411e-02
3.254142403602600098e-02
3.234384208917617798e-02
3.214628994464874268e-02
3.191800788044929504e-02
3.174229338765144348e-02
3.157759085297584534e-02
3.133109211921691895e-02
3.117634542286396027e-02
3.095962479710578918e-02
3.078373707830905914e-02
3.060133755207061768e-02
3.047075308859348297e-02
3.030880726873874664e-02
3.022870607674121857e-02
3.013192117214202881e-02
3.004832565784454346e-02
3.007038682699203491e-02
3.008423186838626862e-02
3.012356534600257874e-02
3.015917539596557617e-02
3.018086776137351990e-02
3.020285628736019135e-02
3.025750070810317993e-02
3.028164990246295929e-02
3.035070747137069702e-02
3.045835532248020172e-02
3.059216961264610291e-02
3.071871958673000336e-02
3.083389252424240112e-02
3.088894113898277283e-02
3.096548095345497131e-02
3.109375759959220886e-02
3.126615658402442932e-02
3.144704550504684448e-02
3.164951503276824951e-02
3.181137144565582275e-02
3.195799142122268677e-02
3.206920251250267029e-02
3.218035772442817688e-02
3.230260312557220459e-02
3.232708945870399475e-02
3.239584714174270630e-02
3.251165524125099182e-02
3.255999088287353516e-02
3.256238996982574463e-02
3.255483508110046387e-02
3.249565884470939636e-02
3.248643502593040466e-02
3.243377432227134705e-02
3.236094489693641663e-02
3.228592500090599060e-02
3.222461044788360596e-02
3.215574473142623901e-02
3.210433572530746460e-02
3.203563019633293152e-02
3.202876448631286621e-02
3.196745738387107849e-02
3.185428678989410400e-02
3.172606602311134338e-02
3.161779046058654785e-02
3.145961090922355652e-02
3.131386637687683105e-02
3.117196075618267059e-02
3.108960762619972229e-02
3.102688677608966827e-02
3.102844953536987305e-02
3.110103309154510498e-02
3.121830895543098450e-02
3.133497387170791626e-02
3.137775138020515442e-02
3.144541755318641663e-02
3.148380294442176819e-02
3.153628855943679810e-02
3.155306354165077209e-02
3.158297762274742126e-02
3.165566921234130859e-02
3.179176524281501770e-02
3.192607685923576355e-02
3.206179291009902954e-02
3.223633021116256714e-02
3.241987526416778564e-02
3.257888182997703552e-02
3.272826597094535828e-02
3.281291946768760681e-02
3.288597613573074341e-02
3.299813717603683472e-02
3.314356878399848938e-02
3.330598399043083191e-02
3.344815596938133240e-02
3.356955945491790771e-02
3.379371389746665955e-02
3.399875760078430176e-02
3.413325920701026917e-02
3.425684198737144470e-02
3.437551483511924744e-02
3.448934480547904968e-02
3.455585241317749023e-02
3.462298586964607239e-02
3.471409156918525696e-02
3.476672247052192688e-02
3.483141213655471802e-02
3.485740348696708679e-02
3.491157665848731995e-02
3.498241305351257324e-02
3.497271239757537842e-02
3.491210192441940308e-02
3.489732369780540466e-02
3.489050641655921936e-02
3.488636016845703125e-02
3.491795808076858521e-02
3.501166775822639465e-02
3.519583866000175476e-02
3.534096479415893555e-02
3.548667579889297485e-02
3.568816184997558594e-02
3.589275106787681580e-02
3.606257587671279907e-02
3.627212345600128174e-02
3.644297271966934204e-02
3.664048016071319580e-02
3.675496578216552734e-02
3.683836758136749268e-02
3.697131946682929993e-02
3.709822520613670349e-02
3.720853105187416077e-02
3.727314248681068420e-02
3.729686513543128967e-02
3.727462142705917358e-02
3.718166053295135498e-02
3.707627952098846436e-02
3.696332499384880066e-02
3.687334060668945312e-02
3.679169714450836182e-02
3.673191368579864502e-02
3.664238378405570984e-02
3.658048063516616821e-02
3.648953139781951904e-02
3.637487068772315979e-02
3.626803681254386902e-02
3.611144423484802246e-02
3.600783646106719971e-02
3.590546920895576477e-02
3.585162013769149780e-02
3.581570461392402649e-02
3.578893840312957764e-02
3.581253811717033386e-02
3.590785339474678040e-02
3.605378046631813049e-02
3.618562966585159302e-02
3.627015277743339539e-02
3.629961609840393066e-02
3.635494038462638855e-02
3.637496381998062134e-02
3.635948523879051208e-02
3.639286011457443237e-02
3.657122328877449036e-02
3.674027696251869202e-02
3.687270358204841614e-02
3.703121095895767212e-02
3.713602945208549500e-02
3.717621043324470520e-02
3.721058368682861328e-02
3.723438456654548645e-02
3.722150996327400208e-02
3.718950599431991577e-02
3.710290417075157166e-02
3.702281787991523743e-02
3.690383583307266235e-02
3.686228767037391663e-02
3.682938218116760254e-02
3.680319711565971375e-02
3.677401319146156311e-02
3.673443570733070374e-02
3.670758008956909180e-02
3.664374351501464844e-02
3.658569976687431335e-02
3.650568053126335144e-02
3.636229783296585083e-02
3.618010506033897400e-02
3.600246831774711609e-02
3.581843525171279907e-02
3.560390323400497437e-02
3.551135584712028503e-02
3.543594852089881897e-02
3.534576296806335449e-02
3.521770611405372620e-02
3.511226549744606018e-02
3.499136120080947876e-02
3.485153988003730774e-02
3.475846350193023682e-02
3.466910496354103088e-02
3.459371998906135559e-02
3.452017530798912048e-02
3.451449424028396606e-02
3.451935946941375732e-02
3.455500304698944092e-02
3.460202738642692566e-02
3.462604805827140808e-02
3.458975628018379211e-02
3.456031903624534607e-02
3.456448763608932495e-02
3.460277616977691650e-02
3.465297818183898926e-02
3.474840894341468811e-02
3.478877246379852295e-02
3.479650244116783142e-02
3.477523103356361389e-02
3.474145382642745972e-02
3.474507480859756470e-02
3.470219671726226807e-02
3.463097289204597473e-02
3.452795371413230896e-02
3.442542627453804016e-02
3.444272279739379883e-02
3.450241684913635254e-02
3.455635532736778259e-02
3.460839390754699707e-02
3.465052321553230286e-02
3.461318090558052063e-02
3.453013300895690918e-02
3.447712212800979614e-02
3.439075499773025513e-02
3.434893861413002014e-02
3.434162959456443787e-02
3.434577584266662598e-02
3.433800116181373596e-02
3.430032357573509216e-02
3.426566347479820251e-02
3.421547636389732361e-02
3.410186618566513062e-02
3.397248685359954834e-02
3.388129547238349915e-02
3.411806002259254456e-02
3.431583568453788757e-02
3.445771709084510803e-02
3.453847765922546387e-02
3.458567336201667786e-02
3.465973213315010071e-02
3.472312539815902710e-02
3.477439284324645996e-02
3.484596312046051025e-02
3.487177938222885132e-02
3.485661000013351440e-02
3.469572961330413818e-02
3.455401211977005005e-02
3.441489115357398987e-02
3.421899676322937012e-02
3.402762860059738159e-02
3.386787325143814087e-02
3.378403559327125549e-02
3.377845138311386108e-02
3.376280888915061951e-02
3.375456482172012329e-02
3.369968757033348083e-02
3.365249559283256531e-02
3.348008915781974792e-02
3.333567455410957336e-02
3.317753970623016357e-02
3.296774998307228088e-02
3.280711174011230469e-02
3.255807980895042419e-02
3.228691592812538147e-02
3.205147013068199158e-02
3.188573196530342102e-02
3.171649575233459473e-02
3.161166980862617493e-02
3.147253394126892090e-02
3.139806538820266724e-02
3.133143857121467590e-02
3.125205636024475098e-02
3.120838850736618042e-02
3.118771128356456757e-02
3.116075322031974792e-02
3.119084239006042480e-02
3.128620982170104980e-02
3.136511147022247314e-02
3.151407465338706970e-02
3.168168663978576660e-02
3.181698173284530640e-02
3.189153224229812622e-02
3.193142265081405640e-02
3.201493620872497559e-02
3.206682577729225159e-02
3.213624283671379089e-02
3.220811486244201660e-02
3.229712694883346558e-02
3.244158998131752014e-02
3.255884721875190735e-02
3.262228146195411682e-02
3.272509947419166565e-02
3.281258419156074524e-02
3.286915645003318787e-02
3.294071927666664124e-02
3.304898738861083984e-02
3.310918807983398438e-02
3.318565711379051208e-02
3.321039676666259766e-02
3.324219956994056702e-02
3.324560448527336121e-02
3.324816375970840454e-02
3.328919783234596252e-02
3.337398916482925415e-02
3.352259472012519836e-02
3.367573767900466919e-02
3.380138799548149109e-02
3.390835970640182495e-02
3.396735340356826782e-02
3.397940099239349365e-02
3.393308073282241821e-02
3.391056135296821594e-02
3.385679796338081360e-02
3.377719596028327942e-02
3.369523212313652039e-02
3.360191732645034790e-02
3.348040953278541565e-02
3.331122174859046936e-02
3.310042247176170349e-02
3.294274210929870605e-02
3.277773037552833557e-02
3.266384080052375793e-02
3.253822401165962219e-02
3.241779282689094543e-02
3.233097493648529053e-02
3.219868987798690796e-02
3.207940235733985901e-02
3.194363042712211609e-02
3.177865967154502869e-02
3.159703686833381653e-02
3.142695501446723938e-02
3.124787099659442902e-02
3.097369335591793060e-02
3.074898943305015564e-02
3.053152561187744141e-02
3.039117529988288879e-02
3.026718273758888245e-02
3.018624149262905121e-02
3.013360872864723206e-02
3.009815700352191925e-02
3.020436130464076996e-02
3.030867315828800201e-02
3.043183684349060059e-02
3.042514435946941376e-02
3.029517456889152527e-02
3.017759136855602264e-02
3.009293042123317719e-02
3.017145022749900818e-02
3.026709519326686859e-02
3.038332238793373108e-02
3.052033856511116028e-02
3.067767061293125153e-02
3.078936412930488586e-02
3.086505830287933350e-02
3.092041239142417908e-02
3.096889518201351166e-02
3.098271042108535767e-02
3.103619627654552460e-02
3.111082874238491058e-02
3.118818253278732300e-02
3.126296773552894592e-02
3.135740011930465698e-02
3.144535049796104431e-02
3.157563880085945129e-02
3.161535412073135376e-02
3.172625973820686340e-02
3.185815736651420593e-02
3.198491781949996948e-02
3.215015307068824768e-02
3.235125541687011719e-02
3.253285214304924011e-02
3.263347595930099487e-02
3.265343606472015381e-02
3.271880745887756348e-02
3.276649862527847290e-02
3.277058526873588562e-02
3.280772641301155090e-02
3.279993310570716858e-02
3.278316184878349304e-02
3.269563615322113037e-02
3.259357810020446777e-02
3.252791240811347961e-02
3.244003280997276306e-02
3.232399374246597290e-02
3.219301626086235046e-02
3.204249590635299683e-02
3.192325681447982788e-02
3.181312233209609985e-02
3.168034553527832031e-02
3.156455606222152710e-02
3.145125135779380798e-02
3.130896016955375671e-02
3.122224472463130951e-02
3.118985891342163086e-02
3.119060210883617401e-02
3.118775598704814911e-02
3.118517436087131500e-02
3.102317824959754944e-02
3.092258237302303314e-02
3.072582744061946869e-02
3.057372942566871643e-02
3.043826483190059662e-02
3.026966564357280731e-02
3.012924082577228546e-02
2.994210645556449890e-02
2.976777218282222748e-02
2.958581037819385529e-02
2.940661087632179260e-02
2.916660159826278687e-02
2.893074229359626770e-02
2.872629277408123016e-02
2.854111976921558380e-02
2.834560349583625793e-02
2.814698778092861176e-02
2.797399275004863739e-02
2.777046151459217072e-02
2.760038524866104126e-02
2.746368758380413055e-02
2.741093374788761139e-02
2.739670127630233765e-02
2.741415239870548248e-02
2.746268548071384430e-02
2.752600051462650299e-02
2.758111059665679932e-02
2.759767882525920868e-02
2.762469649314880371e-02
2.765631675720214844e-02
2.767340093851089478e-02
2.768018469214439392e-02
2.778531797230243683e-02
2.791135199368000031e-02
2.804891020059585571e-02
2.818862721323966980e-02
2.830797620117664337e-02
2.843335457146167755e-02
2.860042080283164978e-02
2.878099866211414337e-02
2.889547124505043030e-02
2.901401370763778687e-02
2.916221506893634796e-02
2.922858856618404388e-02
2.924497239291667938e-02
2.929701283574104309e-02
2.933650277554988861e-02
2.940365299582481384e-02
2.952929586172103882e-02
2.965241298079490662e-02
2.975702472031116486e-02
2.977294847369194031e-02
2.977294847369194031e-02
2.977294847369194031e-02
2.977865934371948242e-02
2.981214039027690887e-02
2.983951754868030548e-02
2.987608686089515686e-02
2.989408187568187714e-02
2.998565509915351868e-02
3.007605299353599548e-02
3.011524304747581482e-02
3.010923974215984344e-02
3.014519251883029938e-02
3.021774441003799438e-02
3.026134893298149109e-02
3.032595477998256683e-02
3.036857768893241882e-02
3.037886321544647217e-02
3.036012873053550720e-02
3.030482493340969086e-02
3.026040829718112946e-02
3.019254095852375031e-02
3.006247058510780334e-02
2.994684129953384399e-02
2.984200790524482727e-02
2.972852066159248352e-02
2.962385676801204681e-02
2.952988073229789734e-02
2.950143441557884216e-02
2.940062433481216431e-02
2.925813011825084686e-02
2.912356704473495483e-02
2.899465896189212799e-02
2.887801453471183777e-02
2.869619987905025482e-02
2.850496955215930939e-02
2.836129814386367798e-02
2.824328094720840454e-02
2.819664776325225830e-02
2.823621965944766998e-02
2.830992825329303741e-02
2.838297747075557709e-02
2.843446843326091766e-02
2.854096144437789917e-02
2.864861860871315002e-02
2.877247519791126251e-02
2.890568971633911133e-02
2.900506369769573212e-02
2.908329851925373077e-02
2.915686741471290588e-02
2.920992486178874969e-02
2.927755936980247498e-02
2.932064421474933624e-02
2.933685109019279480e-02
2.930394373834133148e-02
2.934386767446994781e-02
2.938522957265377045e-02
2.945264242589473724e-02
2.951342985033988953e-02
2.953995205461978912e-02
2.958666346967220306e-02
2.962407469749450684e-02
2.969341538846492767e-02
2.974914200603961945e-02
2.980663999915122986e-02
2.986814267933368683e-02
2.991406805813312531e-02
2.995620481669902802e-02
2.987186424434185028e-02
2.975368127226829529e-02
2.966200374066829681e-02
2.959579043090343475e-02
2.957431599497795105e-02
2.961269393563270569e-02
2.965920418500900269e-02
2.972120977938175201e-02
2.974635548889636993e-02
2.973795123398303986e-02
2.976274862885475159e-02
2.979037351906299591e-02
2.980295196175575256e-02
2.978421747684478760e-02
2.970870584249496460e-02
2.955939434468746185e-02
2.942549809813499451e-02
2.929371595382690430e-02
2.920803986489772797e-02
2.913415059447288513e-02
2.907953597605228424e-02
2.905598469078540802e-02
2.904022671282291412e-02
2.898988500237464905e-02
2.892347238957881927e-02
2.888898551464080811e-02
2.886509709060192108e-02
2.886133268475532532e-02
2.885112352669239044e-02
2.884129621088504791e-02
2.882852219045162201e-02
2.879088185727596283e-02
2.871586382389068604e-02
2.864397317171096802e-02
2.860597707331180573e-02
2.857044711709022522e-02
2.853222005069255829e-02
2.848817966878414154e-02
2.838212251663208008e-02
2.829541638493537903e-02
2.816880494356155396e-02
2.808832190930843353e-02
2.801085449755191803e-02
2.788994088768959045e-02
2.777676843106746674e-02
2.769411168992519379e-02
2.761746197938919067e-02
2.754582278430461884e-02
2.744708769023418427e-02
2.736353874206542969e-02
2.728612348437309265e-02
2.720401808619499207e-02
2.712317556142807007e-02
2.704638987779617310e-02
2.694900520145893097e-02
2.690625376999378204e-02
2.690204419195652008e-02
2.694416604936122894e-02
2.699323371052742004e-02
2.706365473568439484e-02
2.709927782416343689e-02
2.717343531548976898e-02
2.729291096329689026e-02
2.746877074241638184e-02
2.760818041861057281e-02
2.770029939711093903e-02
2.779309079051017761e-02
2.784069068729877472e-02
2.785862423479557037e-02
2.779161371290683746e-02
2.770033106207847595e-02
2.768424153327941895e-02
2.764785476028919220e-02
2.761797979474067688e-02
2.758509851992130280e-02
2.756178937852382660e-02
2.753282338380813599e-02
2.749742753803730011e-02
2.742812968790531158e-02
