3.026590682566165924e-02
3.026590682566165924e-02
2.919704653322696686e-02
2.834053151309490204e-02
2.738749235868453979e-02
2.666899561882019043e-02
2.641236782073974609e-02
2.604176104068756104e-02
2.578029409050941467e-02
2.564376033842563629e-02
2.539743296802043915e-02
2.488984167575836182e-02
2.430566959083080292e-02
2.405080012977123260e-02
2.375117130577564240e-02
2.338106930255889893e-02
2.301881648600101471e-02
2.258149534463882446e-02
2.223891392350196838e-02
2.188145555555820465e-02
2.162082307040691376e-02
2.150409482419490814e-02
2.130020037293434143e-02
2.107940986752510071e-02
2.078125812113285065e-02
2.043059468269348145e-02
2.010513283312320709e-02
2.004873566329479218e-02
1.989553682506084442e-02
1.986810006201267242e-02
1.965403743088245392e-02
1.941115036606788635e-02
1.913475431501865387e-02
1.890361681580543518e-02
1.876946166157722473e-02
1.863547973334789276e-02
1.847396232187747955e-02
1.829205080866813660e-02
1.809608191251754761e-02
1.788440719246864319e-02
1.763851195573806763e-02
1.746329478919506073e-02
1.709242723882198334e-02
1.670911721885204315e-02
1.611138135194778442e-02
1.620456576347351074e-02
1.617313735187053680e-02
1.631336286664009094e-02
1.647517271339893341e-02
1.656288094818592072e-02
1.670315675437450409e-02
1.688299141824245453e-02
1.693497411906719208e-02
1.694856025278568268e-02
1.681940630078315735e-02
1.671963557600975037e-02
1.670637726783752441e-02
1.666501536965370178e-02
1.660590246319770813e-02
1.654314249753952026e-02
1.654613390564918518e-02
1.640276797115802765e-02
1.641319133341312408e-02
1.652034372091293335e-02
1.680388115346431732e-02
1.697432622313499451e-02
1.730320602655410767e-02
1.747160963714122772e-02
1.775344461202621460e-02
1.797631010413169861e-02
1.803299039602279663e-02
1.795791648328304291e-02
1.768074370920658112e-02
1.693779788911342621e-02
1.633850485086441040e-02
1.571851782500743866e-02
1.535877492278814316e-02
1.500571239739656448e-02
1.461838558316230774e-02
1.419402472674846649e-02
1.376295834779739380e-02
1.333545334637165070e-02
1.299118995666503906e-02
1.264803856611251831e-02
1.231958623975515366e-02
1.207080483436584473e-02
1.207321137189865112e-02
1.206335332244634628e-02
1.209580339491367340e-02
1.217753533273935318e-02
1.230555679649114609e-02
1.252056751400232315e-02
1.282805576920509338e-02
1.307559106498956680e-02
1.331818941980600357e-02
1.357000414282083511e-02
1.383057050406932831e-02
1.408973056823015213e-02
1.441171765327453613e-02
1.476446818560361862e-02
1.507383026182651520e-02
1.528334058821201324e-02
1.561653241515159607e-02
1.588510535657405853e-02
1.611194014549255371e-02
1.639885082840919495e-02
1.650000177323818207e-02
1.648500934243202209e-02
1.637758500874042511e-02
1.616174727678298950e-02
1.593608036637306213e-02
1.574365049600601196e-02
1.574410311877727509e-02
1.559548545628786087e-02
1.545437425374984741e-02
1.523951720446348190e-02
1.502218376845121384e-02
1.480984874069690704e-02
1.460094098001718521e-02
1.463176589459180832e-02
1.462938915938138962e-02
1.461028400808572769e-02
1.461091451346874237e-02
1.480705104768276215e-02
1.486889366060495377e-02
1.499353814870119095e-02
1.552249211817979813e-02
1.590740494430065155e-02
1.631746813654899597e-02
1.674684509634971619e-02
1.690779253840446472e-02
1.696102507412433624e-02
1.687409728765487671e-02
1.678889803588390350e-02
1.667479611933231354e-02
1.647715456783771515e-02
1.617402955889701843e-02
1.577773690223693848e-02
1.548828277736902237e-02
1.527977827936410904e-02
1.502982992678880692e-02
1.478367298841476440e-02
1.451755035668611526e-02
1.421153731644153595e-02
1.410132367163896561e-02
1.397667452692985535e-02
1.380028668791055679e-02
1.360719464719295502e-02
1.424071379005908966e-02
1.495091430842876434e-02
1.557844504714012146e-02
1.606154814362525940e-02
1.649058610200881958e-02
1.774832420051097870e-02
1.883227005600929260e-02
1.973046921193599701e-02
2.057911828160285950e-02
2.132116630673408508e-02
2.193111181259155273e-02
2.245915308594703674e-02
2.289771474897861481e-02
2.322513051331043243e-02
2.348507009446620941e-02
2.368629537522792816e-02
2.388417534530162811e-02
2.399795129895210266e-02
2.406584843993186951e-02
2.413680590689182281e-02
2.417739666998386383e-02
2.420151419937610626e-02
2.413287572562694550e-02
2.401491440832614899e-02
2.386132441461086273e-02
2.369346842169761658e-02
2.363642677664756775e-02
2.350529097020626068e-02
2.334657311439514160e-02
2.322259917855262756e-02
2.301841787993907928e-02
2.282779850065708160e-02
2.264957875013351440e-02
2.245488762855529785e-02
2.224117703735828400e-02
2.202789857983589172e-02
2.188343927264213562e-02
2.169796824455261230e-02
2.149808034300804138e-02
2.128402516245841980e-02
2.108707837760448456e-02
2.079594694077968597e-02
2.046230249106884003e-02
2.008010447025299072e-02
1.978608593344688416e-02
1.949737966060638428e-02
1.919753290712833405e-02
1.891562156379222870e-02
1.863687857985496521e-02
1.835829950869083405e-02
1.812900044023990631e-02
1.786049269139766693e-02
1.763686351478099823e-02
1.741174794733524323e-02
1.719220168888568878e-02
1.705930009484291077e-02
1.693780347704887390e-02
1.684543304145336151e-02
1.679869927465915680e-02
1.673355698585510254e-02
1.666587404906749725e-02
1.662681438028812408e-02
1.656200177967548370e-02
1.648956537246704102e-02
1.641957648098468781e-02
1.636446826159954071e-02
1.630454324185848236e-02
1.623982936143875122e-02
1.616908051073551178e-02
1.609263755381107330e-02
1.605574041604995728e-02
1.609822176396846771e-02
1.618158444762229919e-02
1.631233282387256622e-02
1.646470092236995697e-02
1.647459715604782104e-02
1.651611365377902985e-02
1.657115668058395386e-02
1.648252271115779877e-02
1.638992875814437866e-02
1.630735024809837341e-02
1.625514402985572815e-02
1.624760776758193970e-02
1.627917774021625519e-02
1.631501689553260803e-02
1.636677980422973633e-02
1.638519205152988434e-02
1.643326878547668457e-02
1.646847091615200043e-02
1.650638878345489502e-02
1.656156964600086212e-02
1.659024134278297424e-02
1.663678325712680817e-02
1.672065258026123047e-02
1.681231521070003510e-02
1.684739068150520325e-02
1.691835373640060425e-02
1.700082607567310333e-02
1.708369329571723938e-02
1.710011251270771027e-02
1.708488352596759796e-02
1.705493777990341187e-02
1.702534221112728119e-02
1.697587966918945312e-02
1.686424575746059418e-02
1.676115393638610840e-02
1.672386750578880310e-02
1.673174835741519928e-02
1.674909889698028564e-02
1.678954623639583588e-02
1.678522862493991852e-02
1.675182580947875977e-02
1.672796346247196198e-02
1.673574931919574738e-02
1.672361418604850769e-02
1.671867445111274719e-02
1.670427992939949036e-02
1.665091700851917267e-02
1.654953882098197937e-02
1.641590893268585205e-02
1.631015725433826447e-02
1.615180447697639465e-02
1.601983048021793365e-02
1.590102538466453552e-02
1.580737717449665070e-02
1.572226360440254211e-02
1.562289707362651825e-02
1.558621414005756378e-02
1.554785016924142838e-02
1.552410703152418137e-02
1.550320629030466080e-02
1.552592776715755463e-02
1.556086726486682892e-02
1.558724511414766312e-02
1.562437787652015686e-02
1.569754630327224731e-02
1.576365903019905090e-02
1.580793038010597229e-02
1.584986597299575806e-02
1.587782800197601318e-02
1.588751375675201416e-02
1.591461151838302612e-02
1.599232852458953857e-02
1.603940501809120178e-02
1.604831218719482422e-02
1.604688353836536407e-02
1.603304781019687653e-02
1.599795557558536530e-02
1.592732779681682587e-02
1.583945006132125854e-02
1.573190465569496155e-02
1.564088277518749237e-02
1.550454460084438324e-02
1.538920309394598007e-02
1.526158675551414490e-02
1.526941172778606415e-02
1.526524033397436142e-02
1.526774093508720398e-02
1.527565345168113708e-02
1.529952045530080795e-02
1.531782001256942749e-02
1.533330697566270828e-02
1.534649264067411423e-02
1.536986790597438812e-02
1.536204107105731964e-02
1.531354244798421860e-02
1.527032069861888885e-02
1.528150588274002075e-02
1.528593897819519043e-02
1.528074219822883606e-02
1.526531577110290527e-02
1.519441977143287659e-02
1.512899342924356461e-02
1.508415397256612778e-02
1.498258858919143677e-02
1.491285394877195358e-02
1.485149096697568893e-02
1.478646043688058853e-02
1.474323589354753494e-02
1.470507960766553879e-02
1.466306950896978378e-02
1.464021112769842148e-02
1.455922797322273254e-02
1.445659901946783066e-02
1.438207272440195084e-02
1.433970779180526733e-02
1.428665500134229660e-02
1.425481028854846954e-02
1.422570552676916122e-02
1.420389022678136826e-02
1.404447201639413834e-02
1.392509136348962784e-02
1.384365838021039963e-02
1.372383069247007370e-02
1.363675016909837723e-02
1.355106011033058167e-02
1.348834577947854996e-02
1.342316158115863800e-02
1.337382756173610687e-02
1.335737202316522598e-02
1.337628159672021866e-02
1.339666079729795456e-02
1.340821012854576111e-02
1.343004405498504639e-02
1.342075038701295853e-02
1.341380272060632706e-02
1.342712994664907455e-02
1.344535592943429947e-02
1.348205842077732086e-02
1.352601777762174606e-02
1.359613612294197083e-02
1.365600060671567917e-02
1.368678454309701920e-02
1.373425498604774475e-02
1.377359032630920410e-02
1.387210097163915634e-02
1.395476888865232468e-02
1.399540342390537262e-02
1.401502825319766998e-02
1.403484866023063660e-02
1.404812559485435486e-02
1.404853537678718567e-02
1.404016185551881790e-02
1.404843665659427643e-02
1.402260456234216690e-02
1.395886577665805817e-02
1.392732281237840652e-02
1.386635284870862961e-02
1.376745849847793579e-02
1.363526750355958939e-02
1.344365440309047699e-02
1.322049647569656372e-02
1.299928314983844757e-02
1.279746927320957184e-02
1.260076928883790970e-02
1.240698620676994324e-02
1.223842334002256393e-02
1.205818541347980499e-02
1.191805209964513779e-02
1.182748470455408096e-02
1.174406055361032486e-02
1.171000115573406219e-02
1.172601524740457535e-02
1.171478535979986191e-02
1.170021388679742813e-02
1.170145533978939056e-02
1.169204339385032654e-02
1.168616022914648056e-02
1.168476231396198273e-02
1.166241709142923355e-02
1.162006240338087082e-02
1.161875016987323761e-02
1.163754612207412720e-02
1.162383053451776505e-02
1.163330022245645523e-02
1.164453104138374329e-02
1.164123695343732834e-02
1.160119194537401199e-02
1.160911004990339279e-02
1.158145442605018616e-02
1.152555737644433975e-02
1.147827785462141037e-02
1.140794344246387482e-02
1.132222916930913925e-02
1.123960129916667938e-02
1.116606686264276505e-02
1.109945029020309448e-02
1.107347570359706879e-02
1.113229896873235703e-02
1.120544597506523132e-02
1.131577696651220322e-02
1.145595684647560120e-02
1.160685252398252487e-02
1.173246745020151138e-02
1.186850666999816895e-02
1.193300541490316391e-02
1.196130551397800446e-02
1.195581816136837006e-02
1.194476615637540817e-02
1.191806048154830933e-02
1.187069155275821686e-02
1.180177181959152222e-02
1.175930816680192947e-02
1.177043188363313675e-02
1.180131826549768448e-02
1.178998220711946487e-02
1.176245883107185364e-02
1.167242322117090225e-02
1.159611903131008148e-02
1.152104325592517853e-02
1.140969060361385345e-02
1.132436003535985947e-02
1.123197004199028015e-02
1.113673672080039978e-02
1.108554843813180923e-02
1.102992706000804901e-02
1.103243324905633926e-02
1.104903034865856171e-02
1.111139636486768723e-02
1.119744684547185898e-02
1.127749960869550705e-02
1.125684380531311035e-02
1.126966997981071472e-02
1.128159277141094208e-02
1.128584891557693481e-02
1.133132446557283401e-02
1.135543733835220337e-02
1.135611534118652344e-02
1.141318213194608688e-02
1.144083216786384583e-02
1.146121416240930557e-02
1.148563902825117111e-02
1.148346345871686935e-02
1.147409249097108841e-02
1.144567597657442093e-02
1.141234952956438065e-02
1.140255201607942581e-02
1.137452945113182068e-02
1.134014409035444260e-02
1.131367217749357224e-02
1.127404440194368362e-02
1.122937723994255066e-02
1.119371410459280014e-02
1.117519754916429520e-02
1.120135188102722168e-02
1.125510316342115402e-02
1.132648903876543045e-02
1.142982859164476395e-02
1.155313476920127869e-02
1.166488509625196457e-02
1.176249887794256210e-02
1.184675935655832291e-02
1.193680055439472198e-02
1.198166795074939728e-02
1.203010138124227524e-02
1.208445802330970764e-02
1.205569040030241013e-02
1.200990285724401474e-02
1.194045599550008774e-02
1.189849246293306351e-02
1.190135721117258072e-02
1.198970433324575424e-02
1.202707551419734955e-02
1.207214128226041794e-02
1.211273577064275742e-02
1.214538514614105225e-02
1.219130959361791611e-02
1.221490651369094849e-02
1.225908566266298294e-02
1.232338044792413712e-02
1.241848617792129517e-02
1.249116845428943634e-02
1.246328745037317276e-02
1.241619884967803955e-02
1.235199719667434692e-02
1.223475765436887741e-02
1.197139266878366470e-02
1.171488594263792038e-02
1.148410607129335403e-02
1.134560070931911469e-02
1.122718583792448044e-02
1.108180172741413116e-02
1.098105404525995255e-02
1.094725541770458221e-02
1.095520239323377609e-02
1.101963501423597336e-02
1.109310612082481384e-02
1.121153961867094040e-02
1.135400217026472092e-02
1.148148253560066223e-02
1.158137712627649307e-02
1.167851965874433517e-02
1.175292581319808960e-02
1.178231742233037949e-02
1.179513707756996155e-02
1.174659933894872665e-02
1.169364340603351593e-02
1.159428060054779053e-02
1.150089688599109650e-02
1.135285664349794388e-02
1.120048854500055313e-02
1.104769576340913773e-02
1.096013560891151428e-02
1.084422226995229721e-02
1.078754663467407227e-02
1.072912290692329407e-02
1.068657822906970978e-02
1.066470053046941757e-02
1.065470650792121887e-02
1.066623907536268234e-02
1.083189714699983597e-02
1.093494612723588943e-02
1.099354121834039688e-02
1.096762903034687042e-02
1.095027476549148560e-02
1.094643026590347290e-02
1.090516336262226105e-02
1.085708849132061005e-02
1.080199424177408218e-02
1.071296818554401398e-02
1.063468772917985916e-02
1.053756568580865860e-02
1.047433167695999146e-02
1.044895127415657043e-02
1.044270861893892288e-02
1.041531655937433243e-02
1.041098032146692276e-02
1.044029649347066879e-02
1.045453920960426331e-02
1.047032140195369720e-02
1.048022508621215820e-02
1.049788296222686768e-02
1.052112132310867310e-02
1.051773224025964737e-02
1.048076618462800980e-02
1.049171388149261475e-02
1.051153708249330521e-02
1.057122834026813507e-02
1.052983850240707397e-02
1.049240306019783020e-02
1.047150790691375732e-02
1.046034414321184158e-02
1.045552734285593033e-02
1.046362612396478653e-02
1.050605997443199158e-02
1.050957199186086655e-02
1.050946768373250961e-02
1.049022283405065536e-02
1.050133910030126572e-02
1.051309332251548767e-02
1.051030959933996201e-02
1.046491228044033051e-02
1.043401006609201431e-02
1.040020771324634552e-02
1.036903075873851776e-02
1.036432851105928421e-02
1.033363677561283112e-02
1.028703805059194565e-02
1.020901277661323547e-02
1.011384464800357819e-02
1.004424784332513809e-02
9.939994663000106812e-03
9.887312538921833038e-03
9.851088747382164001e-03
9.841398335993289948e-03
9.863326326012611389e-03
9.923871606588363647e-03
9.996712207794189453e-03
1.011112891137599945e-02
1.021750085055828094e-02
1.030732039362192154e-02
1.035345066338777542e-02
1.038358360528945923e-02
1.038768235594034195e-02
1.032316219061613083e-02
1.025798823684453964e-02
1.019575539976358414e-02
1.012392248958349228e-02
1.008393149822950363e-02
1.005874201655387878e-02
1.005144324153661728e-02
1.005250401794910431e-02
1.001377869397401810e-02
9.971903637051582336e-03
9.935333393514156342e-03
9.886035695672035217e-03
9.843666106462478638e-03
9.779723361134529114e-03
9.767616167664527893e-03
9.845936670899391174e-03
9.902741760015487671e-03
9.936374612152576447e-03
9.947475977241992950e-03
9.936776012182235718e-03
9.913074783980846405e-03
9.888181462883949280e-03
9.883389808237552643e-03
9.874626062810420990e-03
9.833230637013912201e-03
9.788853116333484650e-03
9.767168201506137848e-03
9.771147742867469788e-03
9.748524054884910583e-03
9.758033789694309235e-03
9.756761603057384491e-03
9.743714705109596252e-03
9.733550250530242920e-03
9.744399227201938629e-03
9.752594865858554840e-03
9.768540039658546448e-03
9.775766171514987946e-03
9.753460995852947235e-03
9.769381955265998840e-03
9.778311476111412048e-03
9.759027510881423950e-03
9.769166819751262665e-03
9.771688841283321381e-03
9.755671955645084381e-03
9.758622385561466217e-03
9.812800213694572449e-03
9.865561500191688538e-03
9.926142171025276184e-03
9.966987185180187225e-03
1.003607362508773804e-02
1.006161142140626907e-02
1.003469992429018021e-02
9.997331537306308746e-03
9.943140670657157898e-03
9.868562221527099609e-03
9.759247303009033203e-03
9.594960138201713562e-03
9.466073475778102875e-03
9.385760873556137085e-03
9.319578297436237335e-03
9.272876195609569550e-03
9.251461364328861237e-03
9.331359528005123138e-03
9.382712654769420624e-03
9.428801946341991425e-03
9.401002898812294006e-03
9.398597292602062225e-03
9.401661343872547150e-03
9.382390417158603668e-03
9.396539069712162018e-03
9.322242811322212219e-03
9.261809289455413818e-03
9.190329350531101227e-03
9.135000407695770264e-03
9.068301878869533539e-03
8.998167701065540314e-03
8.980682119727134705e-03
8.957870304584503174e-03
8.945100940763950348e-03
8.946490474045276642e-03
8.935593999922275543e-03
8.991044946014881134e-03
9.026833809912204742e-03
9.039483964443206787e-03
9.040708653628826141e-03
9.015145711600780487e-03
9.008525870740413666e-03
9.011518210172653198e-03
9.010844863951206207e-03
9.042648598551750183e-03
9.081314317882061005e-03
9.131280705332756042e-03
9.172483347356319427e-03
9.224938228726387024e-03
9.300334379076957703e-03
9.389820508658885956e-03
9.528197348117828369e-03
9.647292084991931915e-03
9.725422598421573639e-03
9.852703660726547241e-03
9.915307164192199707e-03
9.897715412080287933e-03
9.834197349846363068e-03
9.467016905546188354e-03
9.127214550971984863e-03
8.808912709355354309e-03
8.498261682689189911e-03
8.234146982431411743e-03
8.014106191694736481e-03
7.868174463510513306e-03
7.786374073475599289e-03
7.782721426337957382e-03
7.837130688130855560e-03
7.931801490485668182e-03
8.069952949881553650e-03
8.220193907618522644e-03
8.367702364921569824e-03
8.516913279891014099e-03
8.652630262076854706e-03
8.796920068562030792e-03
8.927395567297935486e-03
8.965265005826950073e-03
8.996843360364437103e-03
8.996381424367427826e-03
8.956408128142356873e-03
8.893228136003017426e-03
8.836849592626094818e-03
8.236961439251899719e-03
7.725649978965520859e-03
7.265463937073945999e-03
6.896608974784612656e-03
6.610376294702291489e-03
6.329165771603584290e-03
6.099243648350238800e-03
5.969401448965072632e-03
5.963891744613647461e-03
6.008781958371400833e-03
6.132108625024557114e-03
6.294236052781343460e-03
6.470770109444856644e-03
6.641916930675506592e-03
6.817303597927093506e-03
6.964776199311017990e-03
7.076737936586141586e-03
7.153115700930356979e-03
7.188262417912483215e-03
7.211694028228521347e-03
7.190492469817399979e-03
7.122377399355173111e-03
7.039700169116258621e-03
6.930366624146699905e-03
6.824774201959371567e-03
6.696858908981084824e-03
6.482470314949750900e-03
6.254900246858596802e-03
6.073219235986471176e-03
5.907932296395301819e-03
5.829240661114454269e-03
5.760496947914361954e-03
5.703606642782688141e-03
5.631230305880308151e-03
5.630223546177148819e-03
5.662380252033472061e-03
5.719696637243032455e-03
5.825268104672431946e-03
5.959548056125640869e-03
6.129448302090167999e-03
6.274631246924400330e-03
6.431654095649719238e-03
6.568255368620157242e-03
6.723837461322546005e-03
6.869343109428882599e-03
7.015684153884649277e-03
7.101102732121944427e-03
7.149775046855211258e-03
7.177027873694896698e-03
7.099101319909095764e-03
7.045348174870014191e-03
7.026631385087966919e-03
7.036700844764709473e-03
7.023398298770189285e-03
7.003181148320436478e-03
7.017944939434528351e-03
6.990496534854173660e-03
6.944155320525169373e-03
6.881642155349254608e-03
6.813745014369487762e-03
6.766868289560079575e-03
6.740841548889875412e-03
6.724898703396320343e-03
6.732817273586988449e-03
6.783984135836362839e-03
6.850407924503087997e-03
6.913311779499053955e-03
6.962969899177551270e-03
7.013538386672735214e-03
7.022138684988021851e-03
7.043598685413599014e-03
7.060279138386249542e-03
7.092737592756748199e-03
7.128977682441473007e-03
7.314688991755247116e-03
7.451390847563743591e-03
7.569880690425634384e-03
7.664395496249198914e-03
7.720926776528358459e-03
7.760120090097188950e-03
7.775822654366493225e-03
7.721964735537767410e-03
7.629586383700370789e-03
7.541026920080184937e-03
7.485363632440567017e-03
7.400762755423784256e-03
7.294443901628255844e-03
7.237226236611604691e-03
7.137901615351438522e-03
7.068690843880176544e-03
6.796121597290039062e-03
6.606815382838249207e-03
6.445151753723621368e-03
6.317728199064731598e-03
6.173644214868545532e-03
6.076274905353784561e-03
6.002353504300117493e-03
5.896445363759994507e-03
5.803817883133888245e-03
5.712302867323160172e-03
5.605623591691255569e-03
5.506607238203287125e-03
5.395320709794759750e-03
5.310054868459701538e-03
5.229928065091371536e-03
5.155053921043872833e-03
5.047642625868320465e-03
4.952976480126380920e-03
4.894361831247806549e-03
4.853954538702964783e-03
4.822508431971073151e-03
4.805169999599456787e-03
4.809180740267038345e-03
4.829318728297948837e-03
4.837620072066783905e-03
4.847582895308732986e-03
4.893555771559476852e-03
4.981962498277425766e-03
5.095480009913444519e-03
5.206978414207696915e-03
5.305137950927019119e-03
5.399327259510755539e-03
5.476039368659257889e-03
5.517415236681699753e-03
5.579206626862287521e-03
5.630006082355976105e-03
5.697695072740316391e-03
5.746432580053806305e-03
5.735009908676147461e-03
5.669040139764547348e-03
5.622406955808401108e-03
5.598008632659912109e-03
5.552595946937799454e-03
5.521238315850496292e-03
5.507423076778650284e-03
5.462785717099905014e-03
5.435904953628778458e-03
5.415275692939758301e-03
5.375640932470560074e-03
5.320908036082983017e-03
5.271571222692728043e-03
5.224532913416624069e-03
4.264631308615207672e-03
3.466803114861249924e-03
2.844189060851931572e-03
2.404953353106975555e-03
2.156995702534914017e-03
2.082864753901958466e-03
2.124904422089457512e-03
2.239713910967111588e-03
2.397939562797546387e-03
2.563980873674154282e-03
2.743507968261837959e-03
2.908732509240508080e-03
3.027369035407900810e-03
3.134865779429674149e-03
3.217864548787474632e-03
3.279889235273003578e-03
3.271430032327771187e-03
3.238297300413250923e-03
3.178477287292480469e-03
3.113393438979983330e-03
3.072698134928941727e-03
3.030516905710101128e-03
3.007141407579183578e-03
3.006575396284461021e-03
2.973305527120828629e-03
2.948128851130604744e-03
2.926578279584646225e-03
2.929207868874073029e-03
2.936773467808961868e-03
2.939335536211729050e-03
2.933237235993146896e-03
2.921723760664463043e-03
2.875415608286857605e-03
2.869279822334647179e-03
2.871481468901038170e-03
2.881207969039678574e-03
2.918658312410116196e-03
2.957146614789962769e-03
2.995799528434872627e-03
3.027126193046569824e-03
3.055960871279239655e-03
3.055320354178547859e-03
3.049824154004454613e-03
3.050911007449030876e-03
3.064849646762013435e-03
3.079865593463182449e-03
3.087548306211829185e-03
3.085863310843706131e-03
3.090686164796352386e-03
3.088224679231643677e-03
3.073245752602815628e-03
3.058506641536951065e-03
3.041788004338741302e-03
3.030378138646483421e-03
3.019883995875716209e-03
3.009114647284150124e-03
3.030821215361356735e-03
3.052603220567107201e-03
3.093135077506303787e-03
3.144471673294901848e-03
3.203050699084997177e-03
3.277227049693465233e-03
3.342411713674664497e-03
3.422486362978816032e-03
3.509751753881573677e-03
3.623834811151027679e-03
3.726478666067123413e-03
3.837570082396268845e-03
3.961074165999889374e-03
4.090311471372842789e-03
4.212008323520421982e-03
4.322864580899477005e-03
4.391398746520280838e-03
4.445258993655443192e-03
4.491806961596012115e-03
4.549749195575714111e-03
4.608512390404939651e-03
4.659698810428380966e-03
4.685655701905488968e-03
4.698411561548709869e-03
4.751078784465789795e-03
4.825356416404247284e-03
4.887111950665712357e-03
4.970348440110683441e-03
5.048162769526243210e-03
5.116076674312353134e-03
5.182170774787664413e-03
5.252337548881769180e-03
5.291369743645191193e-03
5.316457711160182953e-03
5.347601138055324554e-03
5.356208421289920807e-03
5.392194725573062897e-03
5.424490664154291153e-03
5.441274028271436691e-03
5.445985589176416397e-03
5.446573719382286072e-03
5.450194235891103745e-03
5.452279001474380493e-03
5.448110867291688919e-03
5.461482331156730652e-03
5.468553397804498672e-03
5.412987899035215378e-03
5.381205119192600250e-03
5.333925597369670868e-03
5.277134012430906296e-03
5.217609461396932602e-03
5.180278792977333069e-03
5.154257174581289291e-03
5.118676926940679550e-03
5.081116687506437302e-03
5.055527202785015106e-03
5.025028716772794724e-03
4.993251524865627289e-03
4.979572724550962448e-03
4.962867125868797302e-03
4.967255052179098129e-03
4.964152816683053970e-03
4.971641581505537033e-03
4.947656299918889999e-03
4.918269813060760498e-03
4.903626628220081329e-03
4.901433829218149185e-03
4.886717535555362701e-03
4.870451521128416061e-03
4.852876998484134674e-03
4.836739040911197662e-03
4.831324331462383270e-03
4.816752392798662186e-03
4.799114540219306946e-03
4.780177492648363113e-03
4.774564411491155624e-03
4.772076848894357681e-03
4.773528315126895905e-03
4.776300862431526184e-03
4.785091150552034378e-03
4.792339634150266647e-03
4.806417506188154221e-03
4.824189003556966782e-03
4.860420711338520050e-03
4.914509598165750504e-03
4.975114017724990845e-03
5.063299089670181274e-03
5.151916760951280594e-03
5.210720468312501907e-03
5.221755243837833405e-03
5.246958229690790176e-03
5.268078763037919998e-03
5.274944473057985306e-03
5.297211930155754089e-03
5.297534633427858353e-03
5.277505610138177872e-03
5.276150535792112350e-03
5.275827366858720779e-03
5.284353159368038177e-03
5.301485769450664520e-03
5.312126129865646362e-03
5.349373444914817810e-03
5.388837773352861404e-03
5.429475102573633194e-03
5.469535943120718002e-03
5.509639158844947815e-03
5.555227398872375488e-03
5.614502355456352234e-03
5.657303147017955780e-03
5.688566248863935471e-03
5.741304252296686172e-03
5.772188771516084671e-03
5.817793775349855423e-03
5.856910720467567444e-03
5.884895101189613342e-03
5.886992905288934708e-03
5.865651648491621017e-03
5.846590735018253326e-03
5.818665958940982819e-03
5.780161358416080475e-03
5.778429098427295685e-03
5.770266521722078323e-03
5.761096253991127014e-03
5.764007102698087692e-03
5.739035084843635559e-03
5.721410736441612244e-03
5.723027512431144714e-03
5.684778559952974319e-03
5.662611685693264008e-03
5.649450235068798065e-03
5.662257783114910126e-03
5.699331406503915787e-03
5.764374509453773499e-03
5.839166697114706039e-03
5.911105778068304062e-03
5.986372474581003189e-03
6.051407195627689362e-03
6.126147229224443436e-03
6.193947978317737579e-03
6.259061396121978760e-03
6.316195242106914520e-03
6.341148167848587036e-03
6.366548128426074982e-03
6.356098223477602005e-03
6.353322416543960571e-03
6.345613859593868256e-03
6.336636375635862350e-03
6.326144561171531677e-03
6.320693530142307281e-03
6.298609543591737747e-03
6.260272115468978882e-03
6.220134440809488297e-03
6.157957483083009720e-03
6.122019607573747635e-03
6.086181849241256714e-03
6.050842814147472382e-03
6.044360809028148651e-03
6.025771144777536392e-03
6.005202885717153549e-03
5.974594037979841232e-03
5.925830919295549393e-03
5.863920319825410843e-03
5.812997929751873016e-03
5.762751679867506027e-03
5.715003237128257751e-03
5.663475953042507172e-03
5.620024167001247406e-03
5.578636191785335541e-03
5.540609825402498245e-03
5.504596512764692307e-03
5.484229885041713715e-03
5.477617960423231125e-03
5.482251755893230438e-03
5.493251606822013855e-03
5.496196448802947998e-03
5.535972304642200470e-03
5.564812570810317993e-03
5.600098520517349243e-03
5.740983877331018448e-03
5.887449719011783600e-03
5.980164743959903717e-03
6.071746814996004105e-03
6.153470836579799652e-03
6.209538318216800690e-03
6.254188716411590576e-03
6.278493907302618027e-03
6.305707152932882309e-03
6.321409717202186584e-03
6.272261962294578552e-03
6.217231508344411850e-03
6.179335992783308029e-03
6.137963384389877319e-03
6.099738646298646927e-03
6.071830168366432190e-03
6.086039822548627853e-03
6.119040306657552719e-03
6.143002305179834366e-03
6.160582415759563446e-03
6.173320580273866653e-03
6.190546788275241852e-03
6.199512165039777756e-03
6.202711723744869232e-03
6.233173888176679611e-03
6.262747105211019516e-03
6.309397518634796143e-03
6.330116186290979385e-03
6.344486493617296219e-03
6.352199707180261612e-03
6.345451809465885162e-03
6.341482512652873993e-03
6.337687373161315918e-03
6.344174034893512726e-03
6.344308145344257355e-03
6.326991133391857147e-03
6.284209433943033218e-03
6.253888364881277084e-03
6.215800531208515167e-03
6.167124491184949875e-03
6.125387270003557205e-03
6.084156222641468048e-03
6.041391286998987198e-03
6.012438796460628510e-03
5.989497993141412735e-03
5.944369826465845108e-03
5.905864760279655457e-03
5.876299459487199783e-03
5.875278264284133911e-03
5.891040433198213577e-03
5.969297140836715698e-03
6.066592410206794739e-03
6.157149560749530792e-03
6.249770056456327438e-03
6.333096418529748917e-03
6.425327155739068985e-03
6.486441008746623993e-03
6.545615382492542267e-03
6.587744690477848053e-03
6.636517588049173355e-03
6.632703822106122971e-03
6.630521733313798904e-03
6.625015288591384888e-03
6.621417589485645294e-03
6.607757415622472763e-03
6.561355665326118469e-03
6.510680541396141052e-03
6.474233698099851608e-03
6.463357713073492050e-03
6.453844718635082245e-03
6.448436994105577469e-03
6.519504822790622711e-03
6.595529150217771530e-03
6.654646247625350952e-03
6.692832335829734802e-03
6.736449431627988815e-03
6.769012659788131714e-03
6.783267483115196228e-03
6.797513458877801895e-03
6.832991726696491241e-03
6.851707119494676590e-03
6.865276955068111420e-03
6.851327605545520782e-03
6.830136291682720184e-03
6.795361172407865524e-03
6.768552120774984360e-03
6.730537395924329758e-03
6.703476421535015106e-03
6.665398366749286652e-03
6.623011548072099686e-03
6.591932382434606552e-03
6.569239310920238495e-03
6.538080051541328430e-03
6.514761596918106079e-03
6.486027501523494720e-03
6.472471170127391815e-03
6.475586444139480591e-03
6.418683100491762161e-03
6.389861926436424255e-03
6.378446239978075027e-03
6.382728461176156998e-03
6.418515928089618683e-03
6.468003615736961365e-03
6.521377246826887131e-03
6.580757442861795425e-03
6.620166823267936707e-03
6.662774831056594849e-03
6.692426744848489761e-03
6.712211761623620987e-03
6.705308333039283752e-03
6.702157668769359589e-03
6.704570259898900986e-03
6.700816564261913300e-03
6.713457405567169189e-03
6.712176837027072906e-03
6.706204265356063843e-03
6.707348860800266266e-03
6.724457256495952606e-03
6.726458668708801270e-03
6.729839835315942764e-03
6.728664040565490723e-03
6.739660631865262985e-03
6.749668624252080917e-03
6.750608328729867935e-03
6.758833304047584534e-03
6.788223050534725189e-03
6.813365034759044647e-03
6.833638530224561691e-03
6.860938854515552521e-03
6.890861783176660538e-03
6.911296863108873367e-03
6.946713197976350784e-03
6.988709326833486557e-03
7.015594281256198883e-03
7.039222866296768188e-03
7.066247984766960144e-03
7.101125083863735199e-03
7.155851926654577255e-03
7.190105039626359940e-03
7.214026991277933121e-03
7.235928904265165329e-03
7.253023330122232437e-03
7.268705405294895172e-03
7.289068773388862610e-03
7.335241418331861496e-03
7.316428236663341522e-03
7.289185654371976852e-03
7.257889956235885620e-03
7.220254279673099518e-03
7.216741330921649933e-03
7.176762912422418594e-03
7.145407609641551971e-03
7.126148324459791183e-03
7.105492986738681793e-03
7.091588340699672699e-03
7.069171871989965439e-03
7.031126413494348526e-03
6.969475653022527695e-03
6.909316405653953552e-03
6.846863310784101486e-03
6.816803943365812302e-03
6.775679532438516617e-03
6.769900210201740265e-03
6.771777756512165070e-03
6.793175823986530304e-03
6.801788229495286942e-03
6.859047804027795792e-03
6.901079323142766953e-03
6.954553537070751190e-03
6.991054862737655640e-03
7.033848669379949570e-03
7.088740356266498566e-03
7.128758821636438370e-03
7.153816986829042435e-03
7.176973391324281693e-03
7.199221290647983551e-03
7.207874208688735962e-03
7.225472945719957352e-03
7.228060159832239151e-03
7.196836173534393311e-03
7.154020480811595917e-03
7.094404194504022598e-03
7.033044006675481796e-03
6.984747014939785004e-03
6.939631421118974686e-03
6.912466604262590408e-03
6.906982045620679855e-03
6.894566118717193604e-03
6.903697270900011063e-03
6.907751783728599548e-03
6.907192524522542953e-03
6.922838278114795685e-03
6.935488432645797729e-03
6.951177027076482773e-03
6.973742041736841202e-03
6.989378947764635086e-03
7.009232882410287857e-03
7.014627568423748016e-03
7.022256962954998016e-03
7.024495396763086319e-03
7.032896392047405243e-03
7.007369305938482285e-03
6.980819627642631531e-03
6.965242791920900345e-03
6.952682975679636002e-03
6.959652528166770935e-03
6.975012831389904022e-03
6.981643382459878922e-03
6.991642992943525314e-03
6.990921217948198318e-03
6.987548898905515671e-03
6.971503607928752899e-03
6.962240207940340042e-03
6.960019469261169434e-03
6.964741740375757217e-03
6.983020808547735214e-03
7.008668035268783569e-03
7.040678057819604874e-03
7.078867405652999878e-03
7.101767230778932571e-03
7.116651162505149841e-03
7.125457283109426498e-03
7.127255667001008987e-03
7.134073879569768906e-03
7.136241067200899124e-03
7.146178744733333588e-03
7.146431598812341690e-03
7.148281671106815338e-03
7.160327862948179245e-03
7.181596476584672928e-03
7.202575448900461197e-03
7.232914213091135025e-03
7.235385943204164505e-03
7.233357988297939301e-03
7.244726642966270447e-03
7.251773960888385773e-03
7.255639415234327316e-03
7.263077422976493835e-03
7.267293985933065414e-03
7.280659396201372147e-03
7.305817212909460068e-03
7.313367910683155060e-03
7.318201474845409393e-03
7.309979759156703949e-03
7.293102331459522247e-03
7.276165299117565155e-03
7.274493575096130371e-03
7.290692534297704697e-03
7.311045657843351364e-03
7.316166069358587265e-03
7.314886897802352905e-03
7.326174527406692505e-03
7.358417846262454987e-03
7.400516886264085770e-03
7.456432562321424484e-03
7.515614386647939682e-03
7.548602763563394547e-03
7.598248776048421860e-03
7.641861215233802795e-03
7.687475997954607010e-03
7.716611959040164948e-03
7.744149304926395416e-03
7.773631252348423004e-03
7.810194510966539383e-03
7.853621616959571838e-03
7.895270362496376038e-03
7.915289141237735748e-03
7.932851091027259827e-03
7.941622287034988403e-03
8.086886256933212280e-03
8.225445635616779327e-03
8.267843164503574371e-03
8.292474783957004547e-03
8.312718942761421204e-03
8.298110216856002808e-03
8.280392736196517944e-03
8.261383511126041412e-03
8.256332948803901672e-03
8.241710253059864044e-03
8.232939057052135468e-03
8.210714906454086304e-03
8.192463777959346771e-03
8.181177079677581787e-03
8.183538913726806641e-03
8.167744614183902740e-03
8.141656406223773956e-03
8.116782642900943756e-03
7.934203371405601501e-03
7.772231940180063248e-03
7.628005929291248322e-03
7.523102220147848129e-03
7.445071358233690262e-03
7.417442277073860168e-03
7.410369347780942917e-03
7.403911091387271881e-03
7.394423242658376694e-03
7.377770263701677322e-03
7.367400918155908585e-03
7.357832975685596466e-03
7.350347936153411865e-03
7.351498119533061981e-03
7.337543647736310959e-03
7.330637425184249878e-03
7.296954747289419174e-03
7.267594337463378906e-03
7.231383584439754486e-03
7.204224821180105209e-03
7.181069348007440567e-03
7.147579453885555267e-03
7.110645994544029236e-03
7.063716184347867966e-03
7.018468808382749557e-03
6.967045832425355911e-03
6.931134965270757675e-03
6.896948907524347305e-03
6.881347391754388809e-03
6.871034856885671616e-03
6.879482418298721313e-03
6.885708309710025787e-03
6.851579528301954269e-03
6.820941809564828873e-03
6.797101814299821854e-03
6.808113306760787964e-03
6.826709955930709839e-03
6.834048777818679810e-03
7.150150835514068604e-03
7.448239717632532120e-03
7.723669055849313736e-03
7.962398231029510498e-03
8.143216371536254883e-03
8.283747360110282898e-03
8.403297513723373413e-03
8.501512929797172546e-03
8.562256582081317902e-03
8.601498790085315704e-03
8.623362518846988678e-03
8.619491942226886749e-03
8.601191453635692596e-03
8.570341393351554871e-03
8.528106845915317535e-03
8.486090227961540222e-03
8.444556966423988342e-03
8.415414020419120789e-03
8.396919816732406616e-03
8.383381180465221405e-03
8.367202244699001312e-03
8.350130170583724976e-03
8.330203592777252197e-03
8.316152729094028473e-03
8.307427167892456055e-03
8.303180336952209473e-03
8.295010775327682495e-03
8.291522040963172913e-03
8.279973641037940979e-03
8.273663930594921112e-03
8.269474841654300690e-03
8.265612646937370300e-03
8.265060372650623322e-03
8.273163810372352600e-03
8.284582756459712982e-03
8.315843529999256134e-03
8.350075222551822662e-03
8.387195877730846405e-03
8.414757438004016876e-03
8.440001867711544037e-03
8.460453711450099945e-03
8.475332520902156830e-03
8.489174768328666687e-03
8.490153588354587555e-03
8.480933494865894318e-03
8.459995500743389130e-03
8.436365053057670593e-03
8.420079015195369720e-03
8.392796851694583893e-03
8.370937779545783997e-03
8.363603614270687103e-03
8.356696926057338715e-03
8.349819108843803406e-03
8.349251933395862579e-03
8.353346958756446838e-03
8.362651802599430084e-03
8.380606770515441895e-03
8.395210839807987213e-03
8.399540558457374573e-03
8.396209217607975006e-03
8.398606441915035248e-03
8.392642252147197723e-03
8.392557501792907715e-03
8.389970287680625916e-03
8.370676077902317047e-03
8.351028896868228912e-03
8.340857923030853271e-03
8.348663337528705597e-03
8.379225619137287140e-03
8.403046056628227234e-03
8.431242778897285461e-03
8.472686633467674255e-03
8.508816361427307129e-03
8.581450209021568298e-03
8.610349148511886597e-03
8.629604242742061615e-03
8.645640686154365540e-03
8.659509941935539246e-03
8.661845698952674866e-03
8.657441474497318268e-03
8.632168173789978027e-03
8.614947088062763214e-03
8.596258237957954407e-03
8.584797382354736328e-03
8.573844097554683685e-03
8.573992177844047546e-03
8.571595884859561920e-03
8.581292815506458282e-03
8.594292216002941132e-03
8.599473163485527039e-03
8.593946695327758789e-03
8.584534749388694763e-03
8.571675978600978851e-03
8.538777939975261688e-03
8.490197360515594482e-03
8.433295413851737976e-03
8.384989574551582336e-03
8.339607156813144684e-03
8.299805223941802979e-03
8.265191689133644104e-03
8.217578753829002380e-03
8.171432651579380035e-03
8.124846033751964569e-03
8.074881508946418762e-03
8.011222817003726959e-03
7.947923615574836731e-03
7.902550511062145233e-03
7.853937335312366486e-03
7.810533978044986725e-03
7.772555574774742126e-03
7.735644932836294174e-03
7.713526021689176559e-03
7.705569732934236526e-03
7.701708935201168060e-03
7.704387418925762177e-03
7.708906661719083786e-03
7.715768646448850632e-03
7.741391658782958984e-03
7.719983812421560287e-03
7.705922704190015793e-03
7.686627563089132309e-03
7.664647419005632401e-03
7.652094587683677673e-03
7.641647942364215851e-03
7.639283314347267151e-03
7.647177670150995255e-03
7.663189433515071869e-03
7.679073605686426163e-03
7.689030840992927551e-03
7.694208063185214996e-03
7.697565015405416489e-03
7.704848889261484146e-03
7.703390903770923615e-03
7.702893577516078949e-03
7.699753623455762863e-03
7.696228101849555969e-03
7.705247495323419571e-03
7.714611012488603592e-03
7.767849601805210114e-03
7.826690562069416046e-03
7.886901497840881348e-03
7.942679338157176971e-03
7.994979619979858398e-03
8.025137707591056824e-03
8.054986596107482910e-03
8.075294084846973419e-03
8.088125847280025482e-03
8.089900016784667969e-03
8.088891394436359406e-03
8.326981216669082642e-03
8.547307923436164856e-03
8.757868781685829163e-03
8.943648077547550201e-03
9.104659780859947205e-03
9.227218106389045715e-03
9.314405731856822968e-03
9.375497698783874512e-03
9.402593597769737244e-03
9.408095851540565491e-03
9.406153112649917603e-03
9.389723651111125946e-03
9.367535822093486786e-03
9.327868930995464325e-03
9.312273003160953522e-03
9.329902008175849915e-03
9.352236054837703705e-03
9.349510073661804199e-03
9.332585148513317108e-03
9.299163706600666046e-03
9.251573123037815094e-03
9.200136177241802216e-03
9.147020056843757629e-03
9.077250957489013672e-03
8.994627743959426880e-03
8.910614065825939178e-03
8.817700669169425964e-03
8.744075894355773926e-03
8.664757944643497467e-03
8.569354191422462463e-03
8.476300165057182312e-03
8.393285796046257019e-03
8.314422331750392914e-03
8.235689252614974976e-03
8.174810558557510376e-03
8.123128674924373627e-03
8.085712790489196777e-03
8.070704527199268341e-03
8.052291348576545715e-03
8.028115145862102509e-03
8.017946034669876099e-03
8.016212843358516693e-03
8.015754632651805878e-03
8.022341877222061157e-03
8.027142845094203949e-03
8.033585734665393829e-03
8.032974787056446075e-03
8.026638068258762360e-03
8.028969168663024902e-03
8.021913468837738037e-03
8.006442338228225708e-03
7.998702116310596466e-03
7.990227080881595612e-03
7.994195446372032166e-03
7.994393818080425262e-03
7.997991517186164856e-03
7.983390241861343384e-03
8.010007441043853760e-03
8.040303364396095276e-03
8.067058399319648743e-03
8.074020966887474060e-03
8.078574202954769135e-03
8.060510270297527313e-03
8.028266020119190216e-03
7.989958859980106354e-03
7.959811016917228699e-03
7.926961407065391541e-03
7.887289859354496002e-03
7.845175452530384064e-03
7.807465735822916031e-03
7.775400765240192413e-03
7.745579350739717484e-03
7.707901298999786377e-03
7.668648846447467804e-03
7.641615811735391617e-03
7.600610610097646713e-03
7.551419548690319061e-03
7.505265530198812485e-03
7.468552328646183014e-03
7.440476678311824799e-03
7.426027674227952957e-03
7.412665057927370071e-03
7.390077225863933563e-03
7.362699601799249649e-03
7.357148453593254089e-03
7.349648512899875641e-03
7.337939459830522537e-03
7.324573583900928497e-03
7.318113464862108231e-03
7.318974938243627548e-03
7.334254216402769089e-03
7.347238250076770782e-03
7.361650001257658005e-03
7.366699632257223129e-03
7.374804932624101639e-03
7.381342351436614990e-03
7.386067882180213928e-03
7.386146113276481628e-03
7.389658130705356598e-03
7.398541085422039032e-03
7.405463140457868576e-03
7.406682241708040237e-03
7.419911213219165802e-03
7.428028155118227005e-03
7.443575188517570496e-03
7.459024433046579361e-03
7.470555137842893600e-03
7.495848461985588074e-03
7.518950384110212326e-03
7.538690231740474701e-03
7.547811605036258698e-03
7.549920585006475449e-03
7.551313377916812897e-03
7.552763447165489197e-03
7.550547365099191666e-03
7.549231871962547302e-03
7.537028286606073380e-03
7.532280869781970978e-03
7.528531830757856369e-03
7.525231689214706421e-03
7.530033588409423828e-03
7.531255017966032028e-03
7.528907153755426407e-03
7.531992625445127487e-03
7.529770489782094955e-03
7.523305248469114304e-03
7.518056780099868774e-03
7.514119148254394531e-03
7.495898287743330002e-03
7.491151802241802216e-03
7.493872661143541336e-03
7.487853989005088806e-03
7.471166551113128662e-03
7.454023696482181549e-03
7.435287814587354660e-03
7.410468999296426773e-03
7.388277910649776459e-03
7.375348359346389771e-03
7.376149296760559082e-03
7.379554677754640579e-03
7.372783496975898743e-03
7.371836807578802109e-03
7.372714579105377197e-03
7.374202366918325424e-03
7.366843987256288528e-03
7.351872511208057404e-03
7.341337390244007111e-03
7.338047027587890625e-03
7.342860102653503418e-03
7.350371219217777252e-03
7.360211107879877090e-03
7.368825376033782959e-03
7.364667020738124847e-03
7.361161522567272186e-03
7.355343550443649292e-03
7.344325073063373566e-03
7.328324485570192337e-03
7.324261125177145004e-03
7.328349165618419647e-03
7.334542460739612579e-03
7.332073524594306946e-03
7.329821120947599411e-03
7.327085360884666443e-03
7.328901905566453934e-03
7.331319618970155716e-03
7.329477928578853607e-03
7.326666731387376785e-03
7.327536586672067642e-03
7.330429740250110626e-03
7.324114441871643066e-03
7.323433179408311844e-03
7.315780036151409149e-03
7.305757142603397369e-03
7.289544213563203812e-03
7.268201559782028198e-03
7.262003142386674881e-03
7.243776228278875351e-03
7.236395031213760376e-03
7.239396683871746063e-03
7.246764842420816422e-03
7.246836088597774506e-03
7.239343132823705673e-03
7.239891681820154190e-03
7.238293066620826721e-03
7.236016914248466492e-03
7.240113336592912674e-03
7.251245900988578796e-03
7.254035677760839462e-03
7.251780014485120773e-03
7.253136020153760910e-03
7.257442921400070190e-03
7.263625971972942352e-03
7.273991126567125320e-03
7.278372533619403839e-03
7.285327184945344925e-03
7.296315394341945648e-03
7.308145519345998764e-03
7.318433839827775955e-03
7.325322367250919342e-03
7.322005927562713623e-03
7.321561221033334732e-03
7.309952750802040100e-03
7.290252950042486191e-03
7.278308272361755371e-03
7.271725218743085861e-03
7.276904769241809845e-03
7.278000470250844955e-03
7.276639807969331741e-03
7.270992733538150787e-03
7.271318230777978897e-03
7.277639582753181458e-03
7.282604929059743881e-03
7.286292035132646561e-03
7.299499586224555969e-03
7.309831213206052780e-03
7.324884645640850067e-03
7.339129690080881119e-03
7.351066451519727707e-03
7.362414617091417313e-03
7.382520008832216263e-03
7.397482171654701233e-03
7.403823547065258026e-03
7.409979123622179031e-03
7.407808210700750351e-03
7.398420479148626328e-03
7.388780359178781509e-03
7.374241482466459274e-03
7.360520306974649429e-03
7.350001018494367599e-03
7.334608118981122971e-03
7.315395399928092957e-03
7.298307027667760849e-03
7.277464028447866440e-03
7.262363564223051071e-03
7.256291806697845459e-03
7.251558825373649597e-03
7.248573470860719681e-03
7.244158536195755005e-03
7.234666030853986740e-03
7.234577555209398270e-03
7.233508396893739700e-03
7.230235729366540909e-03
7.235837634652853012e-03
7.255206350237131119e-03
7.264137733727693558e-03
7.271850947290658951e-03
7.280455902218818665e-03
7.287676911801099777e-03
7.296113297343254089e-03
7.306643296033143997e-03
7.309641223400831223e-03
7.315864786505699158e-03
7.317434530705213547e-03
7.315810304135084152e-03
7.315142545849084854e-03
7.315764203667640686e-03
7.316900882869958878e-03
7.328307721763849258e-03
7.339354604482650757e-03
7.348353508859872818e-03
7.342720404267311096e-03
7.335309404879808426e-03
7.333683781325817108e-03
7.340849842876195908e-03
7.343793753534555435e-03
7.346448022872209549e-03
7.343138102442026138e-03
7.337852846831083298e-03
7.330203428864479065e-03
7.316530682146549225e-03
7.290742825716733932e-03
7.264763582497835159e-03
7.239507976919412613e-03
7.220750674605369568e-03
7.204773370176553726e-03
7.187381852418184280e-03
7.164354901760816574e-03
7.142643444240093231e-03
7.120365742594003677e-03
7.098208647221326828e-03
7.082577329128980637e-03
7.069088984280824661e-03
7.057969924062490463e-03
7.039181422442197800e-03
7.021225057542324066e-03
7.011756300926208496e-03
7.006962317973375320e-03
7.006019353866577148e-03
7.007914595305919647e-03
7.002774160355329514e-03
7.007933687418699265e-03
7.008309941738843918e-03
7.013482507318258286e-03
7.017923984676599503e-03
7.022044155746698380e-03
7.029181346297264099e-03
7.045263424515724182e-03
7.055801339447498322e-03
7.066130172461271286e-03
7.076929323375225067e-03
7.082522381097078323e-03
7.089154794812202454e-03
7.092417683452367783e-03
7.101918105036020279e-03
7.114747539162635803e-03
7.121193222701549530e-03
7.125609088689088821e-03
7.129363249987363815e-03
7.124470546841621399e-03
7.116252556443214417e-03
7.104829419404268265e-03
7.098206318914890289e-03
7.083933334797620773e-03
7.069325540214776993e-03
7.055899593979120255e-03
7.042666897177696228e-03
7.034651003777980804e-03
7.030915934592485428e-03
7.035872433334589005e-03
7.038764655590057373e-03
7.037485018372535706e-03
7.034762296825647354e-03
7.036013063043355942e-03
7.038970012217760086e-03
7.036474533379077911e-03
7.028939202427864075e-03
7.018129341304302216e-03
7.010998670011758804e-03
7.006868720054626465e-03
6.999751552939414978e-03
6.972095463424921036e-03
6.949315778911113739e-03
6.952190771698951721e-03
6.959163583815097809e-03
6.970888935029506683e-03
6.978572346270084381e-03
6.980352569371461868e-03
7.012414280325174332e-03
7.040621712803840637e-03
7.069765590131282806e-03
7.120968308299779892e-03
7.161551620811223984e-03
7.203345187008380890e-03
7.233995944261550903e-03
7.255907170474529266e-03
7.275803945958614349e-03
7.295094896107912064e-03
7.317519746720790863e-03
7.328842300921678543e-03
7.351975422352552414e-03
7.372110150754451752e-03
7.402627728879451752e-03
7.438434753566980362e-03
7.468986790627241135e-03
7.489371579140424728e-03
7.499658036977052689e-03
7.504024077206850052e-03
7.493078708648681641e-03
7.484801579266786575e-03
7.475036196410655975e-03
7.458854932337999344e-03
7.444567512720823288e-03
7.433883845806121826e-03
7.440159097313880920e-03
7.448526099324226379e-03
7.447563577443361282e-03
7.453218102455139160e-03
7.468673866242170334e-03
7.484837900847196579e-03
7.492402568459510803e-03
7.498661987483501434e-03
7.501818705350160599e-03
7.501433603465557098e-03
7.500476669520139694e-03
7.488081697374582291e-03
7.482058834284543991e-03
7.473090663552284241e-03
7.467089686542749405e-03
7.469200529158115387e-03
7.478922139853239059e-03
7.479323539882898331e-03
7.483454886823892593e-03
7.484461180865764618e-03
7.482264190912246704e-03
7.480795029550790787e-03
7.480759639292955399e-03
7.480768486857414246e-03
7.475534453988075256e-03
7.469811942428350449e-03
7.469838950783014297e-03
7.461164612323045731e-03
7.454541977494955063e-03
7.448385469615459442e-03
7.440262939780950546e-03
7.431714329868555069e-03
7.422943599522113800e-03
7.415082771331071854e-03
7.407585158944129944e-03
7.396813482046127319e-03
7.386708632111549377e-03
7.375296205282211304e-03
7.358663715422153473e-03
7.350858300924301147e-03
7.353094406425952911e-03
7.357086986303329468e-03
7.369221188127994537e-03
7.387959863990545273e-03
7.403298281133174896e-03
7.414301391690969467e-03
7.427835371345281601e-03
7.438996341079473495e-03
7.443289272487163544e-03
7.447437383234500885e-03
7.444160524755716324e-03
7.441656198352575302e-03
7.440071087330579758e-03
7.439875509589910507e-03
7.444696500897407532e-03
7.441784720867872238e-03
7.433914113789796829e-03
7.414430379867553711e-03
7.398265879601240158e-03
7.381948642432689667e-03
7.371517829596996307e-03
7.366850972175598145e-03
7.364618591964244843e-03
7.357276976108551025e-03
7.339445408433675766e-03
7.318507414311170578e-03
7.295579649507999420e-03
7.270110305398702621e-03
7.244668900966644287e-03
7.222805637866258621e-03
7.200871594250202179e-03
7.183064240962266922e-03
7.174140308052301407e-03
7.167014759033918381e-03
7.163374219089746475e-03
7.156057283282279968e-03
7.152400445193052292e-03
7.148847449570894241e-03
7.155352737754583359e-03
7.153891492635011673e-03
7.157207466661930084e-03
7.159997243434190750e-03
7.158339023590087891e-03
7.297717034816741943e-03
7.429041434079408646e-03
7.546537555754184723e-03
7.657106500118970871e-03
7.757264189422130585e-03
7.859860546886920929e-03
7.949852384626865387e-03
8.024501614272594452e-03
8.091964758932590485e-03
8.148009888827800751e-03
8.187451399862766266e-03
8.212198503315448761e-03
8.232105523347854614e-03
8.243413642048835754e-03
8.250419050455093384e-03
8.257691748440265656e-03
8.249510079622268677e-03
8.243346586823463440e-03
8.236593566834926605e-03
8.228432387113571167e-03
8.225677534937858582e-03
8.216444402933120728e-03
8.209682069718837738e-03
8.209682069718837738e-03
8.200713433325290680e-03
8.189256303012371063e-03
8.183868601918220520e-03
8.182454854249954224e-03
8.176438510417938232e-03
8.165437728166580200e-03
8.151374757289886475e-03
8.146782405674457550e-03
8.144988678395748138e-03
8.129552006721496582e-03
8.120250888168811798e-03
8.109997957944869995e-03
8.092459291219711304e-03
8.078749291598796844e-03
8.068401366472244263e-03
8.065804839134216309e-03
8.060310967266559601e-03
8.056529797613620758e-03
8.047922514379024506e-03
8.033444173634052277e-03
8.026720955967903137e-03
8.020574226975440979e-03
8.011690340936183929e-03
8.007575757801532745e-03
8.004449307918548584e-03
7.999771274626255035e-03
7.991898804903030396e-03
7.973485626280307770e-03
7.964876480400562286e-03
7.966830395162105560e-03
7.970750331878662109e-03
7.974364794790744781e-03
7.968982681632041931e-03
7.952556945383548737e-03
7.926348596811294556e-03
7.899770513176918030e-03
7.865770719945430756e-03
7.835669443011283875e-03
7.813174277544021606e-03
7.792877499014139175e-03
7.773470133543014526e-03
7.757131941616535187e-03
7.744692265987396240e-03
7.733861450105905533e-03
7.724037393927574158e-03
7.727242540568113327e-03
7.731712423264980316e-03
7.734840270131826401e-03
7.734687533229589462e-03
7.742569316178560257e-03
7.758633699268102646e-03
7.773152552545070648e-03
7.791975513100624084e-03
7.805102504789829254e-03
7.814180105924606323e-03
7.833350449800491333e-03
7.833350449800491333e-03
7.833350449800491333e-03
7.833350449800491333e-03
7.852997630834579468e-03
7.869642227888107300e-03
7.872774265706539154e-03
7.875673472881317139e-03
7.885893806815147400e-03
7.887105457484722137e-03
7.886218838393688202e-03
7.885943166911602020e-03
7.885345257818698883e-03
7.872783578932285309e-03
7.860329933464527130e-03
7.860329933464527130e-03
7.860329933464527130e-03
7.860329933464527130e-03
7.847594097256660461e-03
7.837363518774509430e-03
7.823663763701915741e-03
7.809796370565891266e-03
7.794616278260946274e-03
7.773606106638908386e-03
7.747553288936614990e-03
7.725092582404613495e-03
7.704891730099916458e-03
7.694269064813852310e-03
7.692810613662004471e-03
7.698581553995609283e-03
7.713027764111757278e-03
7.725482340902090073e-03
7.742626126855611801e-03
7.767775095999240875e-03
7.784591522067785263e-03
7.804679218679666519e-03
7.824423722922801971e-03
7.845551706850528717e-03
7.869387045502662659e-03
7.890262641012668610e-03
7.909158244729042053e-03
7.921030744910240173e-03
8.006899617612361908e-03
8.078444749116897583e-03
8.140629157423973083e-03
8.210434578359127045e-03
8.270644582808017731e-03
8.326843380928039551e-03
8.379623293876647949e-03
8.416095748543739319e-03
8.440922014415264130e-03
8.464144542813301086e-03
8.482158184051513672e-03
8.494326844811439514e-03
8.496548049151897430e-03
8.495878428220748901e-03
8.492813445627689362e-03
8.486364036798477173e-03
8.474421687424182892e-03
8.463126607239246368e-03
8.456791751086711884e-03
8.445498533546924591e-03
8.445498533546924591e-03
8.445498533546924591e-03
8.432660251855850220e-03
8.427028544247150421e-03
8.419049903750419617e-03
8.414276875555515289e-03
8.406288921833038330e-03
8.401386439800262451e-03
8.398274891078472137e-03
8.393454365432262421e-03
8.381220512092113495e-03
8.367736823856830597e-03
8.353098295629024506e-03
8.336620405316352844e-03
8.320054970681667328e-03
8.305477909743785858e-03
8.298986591398715973e-03
8.295068517327308655e-03
8.294623345136642456e-03
8.290393278002738953e-03
8.280621841549873352e-03
8.273177780210971832e-03
8.259912021458148956e-03
8.253006264567375183e-03
8.247082121670246124e-03
8.241472765803337097e-03
8.233685046434402466e-03
8.221366442739963531e-03
8.206252939999103546e-03
8.196104317903518677e-03
8.188601583242416382e-03
8.180717937648296356e-03
8.169327862560749054e-03
8.159856311976909637e-03
8.150210604071617126e-03
8.147080428898334503e-03
8.142631500959396362e-03
8.138596080243587494e-03
8.136609569191932678e-03
8.132166229188442230e-03
8.133420720696449280e-03
8.134652860462665558e-03
8.136455900967121124e-03
8.139906451106071472e-03
8.146121166646480560e-03
8.145083673298358917e-03
8.146425709128379822e-03
8.140484802424907684e-03
8.136083371937274933e-03
8.132372051477432251e-03
8.124674670398235321e-03
8.117410354316234589e-03
8.115656673908233643e-03
8.117521181702613831e-03
8.120902813971042633e-03
8.123193867504596710e-03
8.128993213176727295e-03
8.137612603604793549e-03
8.150627836585044861e-03
8.162145502865314484e-03
8.173558861017227173e-03
8.182368241250514984e-03
8.187679573893547058e-03
8.193112909793853760e-03
8.203198201954364777e-03
8.214608766138553619e-03
8.229753002524375916e-03
8.244697935879230499e-03
8.257019333541393280e-03
8.269240148365497589e-03
8.277884684503078461e-03
8.283051662147045135e-03
8.284589275717735291e-03
8.281877264380455017e-03
8.288298733532428741e-03
8.294308558106422424e-03
8.299069479107856750e-03
8.301828056573867798e-03
8.302154950797557831e-03
8.301097899675369263e-03
8.298306725919246674e-03
8.296648971736431122e-03
8.297329768538475037e-03
8.299085311591625214e-03
8.278150111436843872e-03
8.251907303929328918e-03
8.224506862461566925e-03
8.195922710001468658e-03
8.170600980520248413e-03
8.144798688590526581e-03
8.121788501739501953e-03
8.102888241410255432e-03
8.088957518339157104e-03
8.076040074229240417e-03
8.064031600952148438e-03
8.069184608757495880e-03
8.075112476944923401e-03
8.082176558673381805e-03
8.090203627943992615e-03
8.106702007353305817e-03
8.123202249407768250e-03
8.137758821249008179e-03
8.148489519953727722e-03
8.158285170793533325e-03
8.166181854903697968e-03
8.167338557541370392e-03
8.164238184690475464e-03
8.165342733263969421e-03
8.172114379703998566e-03
8.185605518519878387e-03
8.197495713829994202e-03
8.206572383642196655e-03
8.225629106163978577e-03
8.247344754636287689e-03
8.236491121351718903e-03
8.226516656577587128e-03
8.213046938180923462e-03
8.203455246984958649e-03
8.191886357963085175e-03
8.180354721844196320e-03
8.169845677912235260e-03
8.157875388860702515e-03
8.154460228979587555e-03
8.149550296366214752e-03
8.142141625285148621e-03
8.128892630338668823e-03
8.111941628158092499e-03
8.099240250885486603e-03
8.084303699433803558e-03
8.066212758421897888e-03
8.047787472605705261e-03
8.039752021431922913e-03
8.029136806726455688e-03
8.020307868719100952e-03
8.011736907064914703e-03
8.002093061804771423e-03
7.997274398803710938e-03
7.990446873009204865e-03
7.977028377354145050e-03
7.963148877024650574e-03
7.952519692480564117e-03
7.942792028188705444e-03
7.933560758829116821e-03
7.924506440758705139e-03
7.917498238384723663e-03
7.918323390185832977e-03
7.916220463812351227e-03
7.908209227025508881e-03
7.905014790594577789e-03
7.915119640529155731e-03
7.921090349555015564e-03
7.926903665065765381e-03
7.937313057482242584e-03
7.951764389872550964e-03
7.963850162923336029e-03
7.970971986651420593e-03
7.979284040629863739e-03
7.987499237060546875e-03
8.003070019185543060e-03
8.018516935408115387e-03
8.025988936424255371e-03
8.031565696001052856e-03
8.038111962378025055e-03
8.041357621550559998e-03
8.040693588554859161e-03
8.043673820793628693e-03
8.046300150454044342e-03
8.039847947657108307e-03
8.025628514587879181e-03
8.013785816729068756e-03
8.000560104846954346e-03
7.983990944921970367e-03
7.972048595547676086e-03
7.955097593367099762e-03
7.947449572384357452e-03
7.941691204905509949e-03
7.934832014143466949e-03
7.929251529276371002e-03
7.918360643088817596e-03
7.908929139375686646e-03
7.903288118541240692e-03
7.893641479313373566e-03
7.880376651883125305e-03
7.869576103985309601e-03
7.837684825062751770e-03
7.813821546733379364e-03
7.793627213686704636e-03
7.776230573654174805e-03
7.758366875350475311e-03
7.743359077721834183e-03
7.726080715656280518e-03
7.701756432652473450e-03
7.680390030145645142e-03
7.658155634999275208e-03
7.638032082468271255e-03
7.620485965162515640e-03
7.604626473039388657e-03
7.589071523398160934e-03
7.577172014862298965e-03
7.562427315860986710e-03
7.550731301307678223e-03
7.537831552326679230e-03
7.519303355365991592e-03
7.520434446632862091e-03
7.524458691477775574e-03
7.532505784183740616e-03
7.540987338870763779e-03
7.556905969977378845e-03
7.578336633741855621e-03
7.601444143801927567e-03
7.614907808601856232e-03
7.624901831150054932e-03
7.628551684319972992e-03
7.629232946783304214e-03
7.629732135683298111e-03
7.632474880665540695e-03
7.640834432095289230e-03
7.645594887435436249e-03
7.653476670384407043e-03
7.656387519091367722e-03
7.661277893930673599e-03
7.667644880712032318e-03
7.677161134779453278e-03
7.685235701501369476e-03
7.695849519222974777e-03
7.706255186349153519e-03
7.712865248322486877e-03
7.715946529060602188e-03
7.718478795140981674e-03
7.726278621703386307e-03
7.730128709226846695e-03
7.727819029241800308e-03
7.728746160864830017e-03
7.732835598289966583e-03
7.735537830740213394e-03
7.740553934127092361e-03
7.741956505924463272e-03
7.744934875518083572e-03
7.812241092324256897e-03
7.871559821069240570e-03
7.920313626527786255e-03
7.962710224092006683e-03
7.999798282980918884e-03
8.028429932892322540e-03
8.055556565523147583e-03
8.081883192062377930e-03
8.100025355815887451e-03
8.115843869745731354e-03
8.128163404762744904e-03
8.134857751429080963e-03
8.137753233313560486e-03
8.138590492308139801e-03
8.134305477142333984e-03
8.129161782562732697e-03
8.127062581479549408e-03
8.122933097183704376e-03
8.122672326862812042e-03
8.121790364384651184e-03
8.113742806017398834e-03
8.101643994450569153e-03
8.088052272796630859e-03
8.079991675913333893e-03
8.076540194451808929e-03
8.070955984294414520e-03
8.068543858826160431e-03
8.056605234742164612e-03
8.044843561947345734e-03
8.044114336371421814e-03
8.043228648602962494e-03
8.038271218538284302e-03
8.033456280827522278e-03
8.026260882616043091e-03
8.014866150915622711e-03
8.008695207536220551e-03
8.002033457159996033e-03
7.997512817382812500e-03
7.993583567440509796e-03
7.991304621100425720e-03
7.993364706635475159e-03
7.995610125362873077e-03
8.000928908586502075e-03
8.067424409091472626e-03
8.126637898385524750e-03
8.183250203728675842e-03
8.232779800891876221e-03
8.279887028038501740e-03
8.312393911182880402e-03
8.345108479261398315e-03
8.372035808861255646e-03
8.391674607992172241e-03
8.400548249483108521e-03
8.402206934988498688e-03
8.405894041061401367e-03
8.406654000282287598e-03
8.402331732213497162e-03
8.401870727539062500e-03
8.404224179685115814e-03
8.403146639466285706e-03
8.403802290558815002e-03
8.401738479733467102e-03
8.383728563785552979e-03
8.364468812942504883e-03
8.351136930286884308e-03
8.340399712324142456e-03
8.328114636242389679e-03
8.314965292811393738e-03
8.303464390337467194e-03
8.291766978800296783e-03
8.279515430331230164e-03
8.273733779788017273e-03
8.271306753158569336e-03
8.268770761787891388e-03
8.265634067356586456e-03
8.267363533377647400e-03
8.269775658845901489e-03
8.276451379060745239e-03
8.279495872557163239e-03
8.282844908535480499e-03
8.284552954137325287e-03
8.290825411677360535e-03
8.297360502183437347e-03
8.302475325763225555e-03
8.311952464282512665e-03
8.321350440382957458e-03
8.331474848091602325e-03
8.341452106833457947e-03
8.357376791536808014e-03
8.372422307729721069e-03
8.385892026126384735e-03
8.400049060583114624e-03
8.414834737777709961e-03
8.432202041149139404e-03
8.449701592326164246e-03
8.471595123410224915e-03
8.488224819302558899e-03
8.501714095473289490e-03
8.509857580065727234e-03
8.516472764313220978e-03
8.520682342350482941e-03
8.522401563823223114e-03
8.523639291524887085e-03
8.523941971361637115e-03
8.524429984390735626e-03
8.521662093698978424e-03
8.522639982402324677e-03
8.524506352841854095e-03
8.524951525032520294e-03
8.528092876076698303e-03
8.529356680810451508e-03
8.533275686204433441e-03
8.533889427781105042e-03
8.536723442375659943e-03
8.536410517990589142e-03
8.535252884030342102e-03
8.534484542906284332e-03
8.528351783752441406e-03
8.520407602190971375e-03
8.511264808475971222e-03
8.507292717695236206e-03
8.504483848810195923e-03
8.499137125909328461e-03
8.489652536809444427e-03
8.481794968247413635e-03
8.477766998112201691e-03
8.479828946292400360e-03
8.482639677822589874e-03
8.481909520924091339e-03
8.480645716190338135e-03
8.479391224682331085e-03
8.474492467939853668e-03
8.470109663903713226e-03
8.459272794425487518e-03
8.454578928649425507e-03
8.445700630545616150e-03
8.434916846454143524e-03
8.418642915785312653e-03
8.400992490351200104e-03
8.379747159779071808e-03
8.367514237761497498e-03
8.360504172742366791e-03
8.358051069080829620e-03
8.355180732905864716e-03
8.349532261490821838e-03
8.345042355358600616e-03
8.344213478267192841e-03
8.345033042132854462e-03
8.344328030943870544e-03
8.347124792635440826e-03
8.347968570888042450e-03
8.352830074727535248e-03
8.365289308130741119e-03
8.374243974685668945e-03
8.363058790564537048e-03
8.353198878467082977e-03
8.348815143108367920e-03
8.346283808350563049e-03
8.341033011674880981e-03
8.336645551025867462e-03
8.336227387189865112e-03
8.337982930243015289e-03
8.335908874869346619e-03
8.336188271641731262e-03
8.335785008966922760e-03
8.331236429512500763e-03
8.329022675752639771e-03
8.331037126481533051e-03
8.335626684129238129e-03
8.340051397681236267e-03
8.338779211044311523e-03
8.340532891452312469e-03
8.338280022144317627e-03
8.332160301506519318e-03
8.326326496899127960e-03
8.319463580846786499e-03
8.316532708704471588e-03
8.313884958624839783e-03
8.315316401422023773e-03
8.316226303577423096e-03
8.315441198647022247e-03
8.320190943777561188e-03
8.331715129315853119e-03
8.341323584318161011e-03
8.353497833013534546e-03
8.357603102922439575e-03
8.357661776244640350e-03
8.355695754289627075e-03
8.355726487934589386e-03
8.355438709259033203e-03
8.350351825356483459e-03
8.342968299984931946e-03
8.343602530658245087e-03
8.344518020749092102e-03
8.342013694345951080e-03
8.336753584444522858e-03
8.333503268659114838e-03
8.326400071382522583e-03
8.322454988956451416e-03
8.320339024066925049e-03
8.316223509609699249e-03
8.312149904668331146e-03
8.311905898153781891e-03
8.306338451802730560e-03
8.298562839627265930e-03
8.292729966342449188e-03
8.286982774734497070e-03
8.284586481750011444e-03
8.281747810542583466e-03
8.275061845779418945e-03
8.271443657577037811e-03
8.270237594842910767e-03
8.265342563390731812e-03
8.254623971879482269e-03
8.241646923124790192e-03
8.225735276937484741e-03
8.222199045121669769e-03
8.215735666453838348e-03
8.201068267226219177e-03
8.185919374227523804e-03
8.176201023161411285e-03
8.169749751687049866e-03
8.166109211742877960e-03
8.161428384482860565e-03
8.158265613019466400e-03
8.160009048879146576e-03
8.162702433764934540e-03
8.168509230017662048e-03
8.176526054739952087e-03
8.183746598660945892e-03
8.192375302314758301e-03
8.200286887586116791e-03
8.203486911952495575e-03
8.204609155654907227e-03
8.205110207200050354e-03
8.202098309993743896e-03
8.200908079743385315e-03
8.194770663976669312e-03
8.184812963008880615e-03
8.174546062946319580e-03
8.169312961399555206e-03
8.161654695868492126e-03
8.155375719070434570e-03
8.149181492626667023e-03
8.142422884702682495e-03
8.136814460158348083e-03
8.130265399813652039e-03
8.126247674226760864e-03
8.124927990138530731e-03
8.123594336211681366e-03
8.121599443256855011e-03
8.118055760860443115e-03
8.109835907816886902e-03
8.096843957901000977e-03
8.086713962256908417e-03
8.081014268100261688e-03
8.076458238065242767e-03
8.075837045907974243e-03
8.073347620666027069e-03
8.070894517004489899e-03
8.073362521827220917e-03
8.077912963926792145e-03
8.085012435913085938e-03
8.092630654573440552e-03
8.097918704152107239e-03
8.105601184070110321e-03
8.122741244733333588e-03
8.125333115458488464e-03
8.127835579216480255e-03
8.129106834530830383e-03
8.129439316689968109e-03
8.127280510962009430e-03
8.123801089823246002e-03
8.123910985887050629e-03
8.121198974549770355e-03
8.117396384477615356e-03
8.114666678011417389e-03
8.108646608889102936e-03
8.100205101072788239e-03
8.087074384093284607e-03
8.074369281530380249e-03
8.062823675572872162e-03
8.057828061282634735e-03
8.051175624132156372e-03
8.039209991693496704e-03
8.029471151530742645e-03
8.020893670618534088e-03
8.014786988496780396e-03
8.009549230337142944e-03
8.006008341908454895e-03
7.999634370207786560e-03
7.991679012775421143e-03
7.985499687492847443e-03
7.983156479895114899e-03
7.978502660989761353e-03
7.984396070241928101e-03
7.988252677023410797e-03
7.999761030077934265e-03
8.009060285985469818e-03
8.010568097233772278e-03
8.011268451809883118e-03
8.012225851416587830e-03
8.015262894332408905e-03
8.021489717066287994e-03
8.026758208870887756e-03
8.032930083572864532e-03
8.040154352784156799e-03
8.047649636864662170e-03
8.051458746194839478e-03
8.033967576920986176e-03
8.015345782041549683e-03
7.996574044227600098e-03
7.977172732353210449e-03
7.960043847560882568e-03
7.943846285343170166e-03
7.932148873805999756e-03
7.927506230771541595e-03
7.924541831016540527e-03
7.923179306089878082e-03
7.921145297586917877e-03
7.916009984910488129e-03
7.906877435743808746e-03
7.903971709311008453e-03
7.901933975517749786e-03
7.896136492490768433e-03
7.889146916568279266e-03
7.883680984377861023e-03
7.881817407906055450e-03
7.880444638431072235e-03
7.881726138293743134e-03
7.888120599091053009e-03
7.895236834883689880e-03
7.907076738774776459e-03
7.914643734693527222e-03
7.921757176518440247e-03
7.927148602902889252e-03
7.929797284305095673e-03
7.931412197649478912e-03
8.127045817673206329e-03
8.306190371513366699e-03
8.468524552881717682e-03
8.616289123892784119e-03
8.748064748942852020e-03
8.866677992045879364e-03
8.971144445240497589e-03
9.064753539860248566e-03
9.147594682872295380e-03
9.219058789312839508e-03
9.280044585466384888e-03
9.331878274679183960e-03
9.376068599522113800e-03
9.412813931703567505e-03
9.443953633308410645e-03
9.466845542192459106e-03
9.484384208917617798e-03
9.499218314886093140e-03
9.511579759418964386e-03
9.520079940557479858e-03
9.523930028080940247e-03
9.522907435894012451e-03
9.520344436168670654e-03
9.515730664134025574e-03
9.507304988801479340e-03
9.494802914559841156e-03
9.481258690357208252e-03
9.468343108892440796e-03
9.453898295760154724e-03
9.440036490559577942e-03
9.425700642168521881e-03
9.409755468368530273e-03
9.392773732542991638e-03
9.375212714076042175e-03
9.357544593513011932e-03
9.339327923953533173e-03
9.318839758634567261e-03
9.298344142735004425e-03
9.277899749577045441e-03
9.256609715521335602e-03
9.236676618456840515e-03
9.217801503837108612e-03
9.210512973368167877e-03
9.202673099935054779e-03
9.194845333695411682e-03
9.186648763716220856e-03
9.177505038678646088e-03
9.169290773570537567e-03
9.159710258245468140e-03
9.151049889624118805e-03
9.142944589257240295e-03
9.134979918599128723e-03
9.126243181526660919e-03
9.119612164795398712e-03
9.114161133766174316e-03
9.109608829021453857e-03
9.105726145207881927e-03
9.102588519454002380e-03
9.098051115870475769e-03
9.092597290873527527e-03
9.087365120649337769e-03
9.082634933292865753e-03
9.078974835574626923e-03
9.075819514691829681e-03
9.071288630366325378e-03
9.067104198038578033e-03
9.063120000064373016e-03
9.056221693754196167e-03
9.049559012055397034e-03
9.044491685926914215e-03
9.043672122061252594e-03
9.042406454682350159e-03
9.040552191436290741e-03
9.037772193551063538e-03
9.035840630531311035e-03
9.032826870679855347e-03
9.030672721564769745e-03
9.028317406773567200e-03
9.027614258229732513e-03
9.032371453940868378e-03
9.034913033246994019e-03
9.038190357387065887e-03
9.033068083226680756e-03
9.028847329318523407e-03
9.023836813867092133e-03
9.019481018185615540e-03
9.013996459543704987e-03
9.008506312966346741e-03
9.006791748106479645e-03
9.005109779536724091e-03
9.004291146993637085e-03
9.003628045320510864e-03
9.003253653645515442e-03
9.001295082271099091e-03
8.999776095151901245e-03
8.998261764645576477e-03
8.996138349175453186e-03
8.994210511445999146e-03
8.990897797048091888e-03
8.987209759652614594e-03
8.985094726085662842e-03
8.983220905065536499e-03
8.980460464954376221e-03
8.976994082331657410e-03
8.973809890449047089e-03
8.972215466201305389e-03
8.970067836344242096e-03
8.965750224888324738e-03
8.961971849203109741e-03
8.959589526057243347e-03
8.959206752479076385e-03
8.958665654063224792e-03
8.957614190876483917e-03
8.955724537372589111e-03
8.951261639595031738e-03
8.947221562266349792e-03
8.943849243223667145e-03
8.941632695496082306e-03
8.939278312027454376e-03
8.936918340623378754e-03
8.933524601161479950e-03
8.931818418204784393e-03
8.927688002586364746e-03
8.925625123083591461e-03
8.922623470425605774e-03
8.919335901737213135e-03
8.916526101529598236e-03
8.914693258702754974e-03
8.913467638194561005e-03
8.913116529583930969e-03
8.911379612982273102e-03
8.910121396183967590e-03
8.911198936402797699e-03
8.911250159144401550e-03
8.912224322557449341e-03
8.913173340260982513e-03
8.913582190871238708e-03
8.913618512451648712e-03
8.914156816899776459e-03
8.914489299058914185e-03
8.913798257708549500e-03
8.917928673326969147e-03
8.921356871724128723e-03
8.924393914639949799e-03
8.926856331527233124e-03
8.928483352065086365e-03
8.930741809308528900e-03
8.933498524129390717e-03
8.934049867093563080e-03
8.934858255088329315e-03
8.936467580497264862e-03
8.937276899814605713e-03
8.933193981647491455e-03
8.928295224905014038e-03
8.920832537114620209e-03
8.915240876376628876e-03
8.909972384572029114e-03
8.905346505343914032e-03
8.903301320970058441e-03
8.901219815015792847e-03
8.898956701159477234e-03
8.895742706954479218e-03
8.891567587852478027e-03
8.887152187526226044e-03
8.884000591933727264e-03
8.880377747118473053e-03
8.874187245965003967e-03
8.865491487085819244e-03
8.855132386088371277e-03
8.845486678183078766e-03
8.840704336762428284e-03
8.835987187922000885e-03
8.830782026052474976e-03
8.824435062706470490e-03
8.817410096526145935e-03
8.809927850961685181e-03
8.802606724202632904e-03
8.795836009085178375e-03
8.790187537670135498e-03
8.781843818724155426e-03
8.774002082645893097e-03
8.764522150158882141e-03
8.755590766668319702e-03
8.747437037527561188e-03
8.739637210965156555e-03
8.731934241950511932e-03
8.724418468773365021e-03
8.717643097043037415e-03
8.711885660886764526e-03
8.706909604370594025e-03
8.703895844519138336e-03
8.700747042894363403e-03
8.695190772414207458e-03
8.689409121870994568e-03
8.683752268552780151e-03
8.677024394273757935e-03
8.669982664287090302e-03
8.662178181111812592e-03
8.655315265059471130e-03
8.646886795759201050e-03
8.640633895993232727e-03
8.632981218397617340e-03
8.626122027635574341e-03
8.619269356131553650e-03
8.612312376499176025e-03
8.606422692537307739e-03
8.600799366831779480e-03
8.597690612077713013e-03
8.590664714574813843e-03
8.584407158195972443e-03
8.579801768064498901e-03
8.576057851314544678e-03
8.571738377213478088e-03
8.567599579691886902e-03
8.563905954360961914e-03
8.561292663216590881e-03
8.560433052480220795e-03
8.561500348150730133e-03
8.563758805394172668e-03
8.565823547542095184e-03
8.567475713789463043e-03
8.568269200623035431e-03
8.567943237721920013e-03
8.566640317440032959e-03
8.566644042730331421e-03
8.566513657569885254e-03
8.566265925765037537e-03
8.568109013140201569e-03
8.569184690713882446e-03
8.569269441068172455e-03
8.568574674427509308e-03
8.568791672587394714e-03
8.571542799472808838e-03
8.575338870286941528e-03
8.579554036259651184e-03
8.581757545471191406e-03
8.583520539104938507e-03
8.584753610193729401e-03
8.586524985730648041e-03
8.588022552430629730e-03
8.587832562625408173e-03
8.589502424001693726e-03
8.590225130319595337e-03
8.590323850512504578e-03
8.590976707637310028e-03
8.591889403760433197e-03
8.591124787926673889e-03
8.590593002736568451e-03
8.588438853621482849e-03
8.586284704506397247e-03
8.584154769778251648e-03
8.583281189203262329e-03
8.581263013184070587e-03
8.579313755035400391e-03
8.579825982451438904e-03
8.579657413065433502e-03
8.580924011766910553e-03
8.582823909819126129e-03
